0 False 0 0.0 0
100 False 0 0.0 0
200 False 0 0.0 0
300 True 1 0.0037453174591064453 0
400 True 1 0.0035774707794189453 0
500 False 0 0.0 0
600 False 0 0.0 0
700 False 0 0.0 0
800 True 1 0.0033082962036132812 0
900 False 0 0.0 0
1000 True 1 0.0032989978790283203 0
1100 False 0 0.0 0
1200 False 0 0.0 0
1300 True 1 0.003529071807861328 0
1400 True 1 0.003481149673461914 0
1500 False 0 0.0 0
1600 False 0 0.0 0
1700 False 0 0.0 0
1800 False 0 0.0 0
1900 True 1 0.003351926803588867 0
2000 False 0 0.0 0
2100 False 0 0.0 0
2200 True 1 0.0035293102264404297 0
2300 False 0 0.0 0
2400 True 1 0.003525972366333008 0
2500 False 0 0.0 0
2600 True 1 0.0032417774200439453 0
2700 False 0 0.0 0
2800 False 0 0.0 0
2900 False 0 0.0 0
3000 True 1 0.003469705581665039 0
3100 True 1 0.0033020973205566406 0
3200 False 0 0.0 0
3300 True 0 0.0034203529357910156 0
3400 True 1 0.003537893295288086 0
3500 True 0 0.0033707618713378906 0
3600 False 0 0.0 0
3700 False 0 0.0 0
3800 True 1 0.0033721923828125 0
3900 False 0 0.0 0
4000 False 0 0.0 0
4100 True 1 0.003498554229736328 0
4200 False 0 0.0 0
4300 True 1 0.0034437179565429688 0
4400 False 0 0.0 0
4500 False 0 0.0 0
4600 True 0 0.0033571720123291016 0
4700 True 0 0.003414154052734375 0
4800 True 1 0.003358125686645508 0
4900 False 0 0.0 0
5000 True 1 0.003397226333618164 0
5100 False 0 0.0 0
5200 False 0 0.0 0
5300 False 0 0.0 0
5400 False 0 0.0 0
5500 True 1 0.0034019947052001953 0
5600 True 0 0.003381013870239258 0
5700 True 0 0.0033495426177978516 0
5800 False 0 0.0 0
5900 False 0 0.0 0
6000 True 1 0.003543853759765625 0
6100 True 1 0.003575563430786133 0
6200 False 0 0.0 0
6300 False 0 0.0 0
6400 False 0 0.0 0
6500 False 0 0.0 0
6600 True 1 0.003342866897583008 0
6700 True 0 0.0034894943237304688 0
6800 True 1 0.0033452510833740234 0
6900 False 0 0.0 0
7000 False 0 0.0 0
7100 True 1 0.0034813880920410156 0
7200 False 0 0.0 0
7300 False 0 0.0 0
7400 False 0 0.0 0
7500 False 0 0.0 0
7600 False 0 0.0 0
7700 True 1 0.0034046173095703125 0
7800 True 1 0.003383636474609375 0
7900 False 0 0.0 0
8000 True 1 0.0034096240997314453 0
8100 False 0 0.0 0
8200 False 0 0.0 0
8300 False 0 0.0 0
8400 False 0 0.0 0
8500 True 1 0.0034296512603759766 0
8600 False 0 0.0 0
8700 False 0 0.0 0
8800 True 1 0.00341033935546875 0
8900 False 0 0.0 0
9000 False 0 0.0 0
9100 False 0 0.0 0
9200 True 1 0.0034465789794921875 0
9300 False 0 0.0 0
9400 True 1 0.0034170150756835938 0
9500 False 0 0.0 0
9600 True 1 0.0034415721893310547 0
9700 True 1 0.003261089324951172 0
9800 False 0 0.0 0
9900 False 0 0.0 0
