0 False 0 0.0 0
100 True 1 0.0055921077728271484 0
200 False 0 0.0 0
300 True 1 0.0036525726318359375 0
400 True 1 0.0035619735717773438 0
500 False 0 0.0 0
600 False 0 0.0 0
700 True 1 0.0035979747772216797 0
800 True 1 0.003448009490966797 0
900 False 0 0.0 0
1000 True 1 0.004633426666259766 0
1100 False 0 0.0 0
1200 False 0 0.0 0
1300 False 0 0.0 0
1400 False 0 0.0 0
1500 False 0 0.0 0
1600 False 0 0.0 0
1700 False 0 0.0 0
1800 False 0 0.0 0
1900 True 1 0.003603696823120117 0
2000 False 0 0.0 0
2100 False 0 0.0 0
2200 True 1 0.003509521484375 0
2300 False 0 0.0 0
2400 True 1 0.0034661293029785156 0
2500 False 0 0.0 0
2600 True 1 0.0035445690155029297 0
2700 False 0 0.0 0
2800 False 0 0.0 0
2900 False 0 0.0 0
3000 True 1 0.003466367721557617 0
3100 True 1 0.0035142898559570312 0
3200 False 0 0.0 0
3300 False 0 0.0 0
3400 False 0 0.0 0
3500 True 1 0.003503561019897461 0
3600 False 0 0.0 0
3700 False 0 0.0 0
3800 False 0 0.0 0
3900 False 0 0.0 0
4000 False 0 0.0 0
4100 True 1 0.0036895275115966797 0
4200 False 0 0.0 0
4300 True 1 0.0034461021423339844 0
4400 False 0 0.0 0
4500 False 0 0.0 0
4600 True 1 0.003516674041748047 0
4700 False 0 0.0 0
4800 True 1 0.0036988258361816406 0
4900 True 1 0.003565073013305664 0
5000 True 1 0.003765106201171875 0
5100 True 1 0.003518342971801758 0
5200 True 1 0.003498554229736328 0
5300 False 0 0.0 0
5400 False 0 0.0 0
5500 False 0 0.0 0
5600 False 0 0.0 0
5700 True 1 0.003580808639526367 0
5800 False 0 0.0 0
5900 False 0 0.0 0
6000 False 0 0.0 0
6100 True 1 0.0034105777740478516 0
6200 False 0 0.0 0
6300 False 0 0.0 0
6400 False 0 0.0 0
6500 False 0 0.0 0
6600 True 1 0.003543376922607422 0
6700 True 1 0.0036127567291259766 0
6800 True 1 0.004195451736450195 0
6900 False 0 0.0 0
7000 False 0 0.0 0
7100 True 1 0.004259347915649414 0
7200 False 0 0.0 0
7300 True 1 0.0037529468536376953 0
7400 False 0 0.0 0
7500 False 0 0.0 0
7600 True 1 0.003461599349975586 0
7700 True 1 0.0036101341247558594 0
7800 True 0 0.003566265106201172 0
7900 False 0 0.0 0
8000 True 1 0.003469228744506836 0
8100 False 0 0.0 0
8200 False 0 0.0 0
8300 False 0 0.0 0
8400 False 0 0.0 0
8500 True 1 0.0035440921783447266 0
8600 False 0 0.0 0
8700 True 1 0.003445148468017578 0
8800 True 1 0.003571748733520508 0
8900 False 0 0.0 0
9000 True 1 0.0035674571990966797 0
9100 False 0 0.0 0
9200 True 1 0.0034651756286621094 0
9300 False 0 0.0 0
9400 True 1 0.003464221954345703 0
9500 False 0 0.0 0
9600 True 1 0.003633737564086914 0
9700 True 1 0.0035812854766845703 0
9800 True 1 0.003589153289794922 0
9900 False 0 0.0 0
