0 True 0.0 0.02382969856262207 0
100 False 0.0 0.0 0
200 False 0.0 0.0 0
300 True 0.0 0.02400350570678711 0
400 True 0.0 0.02420353889465332 0
500 False 0.0 0.0 0
600 True 0.0 0.02334284782409668 0
700 True 0.0 0.02445530891418457 0
800 True 0.0 0.024762630462646484 0
900 False 0.0 0.0 0
1000 True 0.0 0.024448156356811523 0
1100 False 0.0 0.0 0
1200 True 0.0 0.024219036102294922 0
1300 False 0.0 0.0 0
1400 True 0.0 0.02942061424255371 0
1500 True 0.0 0.028765439987182617 0
1600 False 0.0 0.0 0
1700 False 0.0 0.0 0
1800 False 0.0 0.0 0
1900 True 0.0 0.023938417434692383 0
2000 False 0.0 0.0 0
2100 False 0.0 0.0 0
2200 True 0.0 0.023762226104736328 0
2300 True 0.0 0.023420333862304688 0
2400 True 0.0 0.023412704467773438 0
2500 False 0.0 0.0 0
2600 True 0.0 0.02390003204345703 0
2700 False 0.0 0.0 0
2800 False 0.0 0.0 0
2900 False 0.0 0.0 0
3000 True 0.0 0.023209095001220703 0
3100 True 0.0 0.024820804595947266 0
3200 False 0.0 0.0 0
3300 False 0.0 0.0 0
3400 False 0.0 0.0 0
3500 True 0.0 0.023270606994628906 0
3600 False 0.0 0.0 0
3700 False 0.0 0.0 0
3800 True 0.0 0.024258136749267578 0
3900 False 0.0 0.0 0
4000 False 0.0 0.0 0
4100 True 0.0 0.02548670768737793 0
4200 True 0.0 0.03135848045349121 0
4300 True 0.0 0.027764081954956055 0
4400 False 0.0 0.0 0
4500 False 0.0 0.0 0
4600 False 0.0 0.0 0
4700 False 0.0 0.0 0
4800 True 0.0 0.025331974029541016 0
4900 True 0.0 0.023455142974853516 0
5000 True 0.0 0.023217201232910156 0
5100 True 0.0 0.02397751808166504 0
5200 True 0.0 0.02472853660583496 0
5300 False 0.0 0.0 0
5400 True 0.0 0.023222923278808594 0
5500 False 0.0 0.0 0
5600 False 0.0 0.0 0
5700 True 0.0 0.02368450164794922 0
5800 False 0.0 0.0 0
5900 False 0.0 0.0 0
6000 True 0.0 0.023106098175048828 0
6100 True 0.0 0.02443695068359375 0
6200 True 0.0 0.023408889770507812 0
6300 False 0.0 0.0 0
6400 False 0.0 0.0 0
6500 False 0.0 0.0 0
6600 True 0.0 0.02319645881652832 0
6700 True 0.0 0.02399301528930664 0
6800 True 0.0 0.024121999740600586 0
6900 False 0.0 0.0 0
7000 False 0.0 0.0 0
7100 True 0.0 0.023296594619750977 0
7200 False 0.0 0.0 0
7300 False 0.0 0.0 0
7400 True 0.0 0.023182153701782227 0
7500 True 0.0 0.02325725555419922 0
7600 False 0.0 0.0 0
7700 True 0.0 0.025096416473388672 0
7800 True 0.0 0.02314138412475586 0
7900 False 0.0 0.0 0
8000 True 0.0 0.02391982078552246 0
8100 False 0.0 0.0 0
8200 False 0.0 0.0 0
8300 False 0.0 0.0 0
8400 False 0.0 0.0 0
8500 True 0.0 0.023148298263549805 0
8600 False 0.0 0.0 0
8700 True 0.0 0.02441239356994629 0
8800 True 0.0 0.023556232452392578 0
8900 False 0.0 0.0 0
9000 True 0.0 0.023157358169555664 0
9100 False 0.0 0.0 0
9200 True 0.0 0.0233914852142334 0
9300 False 0.0 0.0 0
9400 False 0.0 0.0 0
9500 False 0.0 0.0 0
9600 True 0.0 0.025269269943237305 0
9700 True 0.0 0.023357391357421875 0
9800 False 0.0 0.0 0
9900 False 0.0 0.0 0
