0 True 0 0.005010128021240234 0
100 False 0 0.0 0
200 False 0 0.0 0
300 True 0 0.004357337951660156 0
400 True 0 0.004336833953857422 0
500 False 0 0.0 0
600 True 0 0.004268169403076172 0
700 True 0 0.004456996917724609 0
800 True 0 0.004411458969116211 0
900 False 0 0.0 0
1000 True 0 0.004320621490478516 0
1100 False 0 0.0 0
1200 True 0 0.004408597946166992 0
1300 False 0 0.0 0
1400 True 0 0.004628658294677734 0
1500 True 0 0.00469970703125 0
1600 False 0 0.0 0
1700 False 0 0.0 0
1800 False 0 0.0 0
1900 True 0 0.00525212287902832 0
2000 False 0 0.0 0
2100 False 0 0.0 0
2200 True 0 0.004338979721069336 0
2300 True 0 0.004477500915527344 0
2400 True 0 0.004419088363647461 0
2500 False 0 0.0 0
2600 True 0 0.004426717758178711 0
2700 False 0 0.0 0
2800 False 0 0.0 0
2900 False 0 0.0 0
3000 True 0 0.0042912960052490234 0
3100 True 0 0.00445556640625 0
3200 False 0 0.0 0
3300 False 0 0.0 0
3400 False 0 0.0 0
3500 True 0 0.004469394683837891 0
3600 False 0 0.0 0
3700 False 0 0.0 0
3800 True 0 0.0047130584716796875 0
3900 False 0 0.0 0
4000 False 0 0.0 0
4100 True 0 0.0053365230560302734 0
4200 True 0 0.005393505096435547 0
4300 True 0 0.005238771438598633 0
4400 False 0 0.0 0
4500 False 0 0.0 0
4600 False 0 0.0 0
4700 False 0 0.0 0
4800 True 0 0.004340410232543945 0
4900 True 0 0.004363298416137695 0
5000 True 0 0.0045375823974609375 0
5100 True 0 0.004521846771240234 0
5200 True 0 0.004439592361450195 0
5300 False 0 0.0 0
5400 True 0 0.004281520843505859 0
5500 False 0 0.0 0
5600 False 0 0.0 0
5700 True 0 0.004631757736206055 0
5800 False 0 0.0 0
5900 False 0 0.0 0
6000 True 0 0.004402875900268555 0
6100 True 0 0.004464864730834961 0
6200 True 0 0.004331827163696289 0
6300 False 0 0.0 0
6400 False 0 0.0 0
6500 False 0 0.0 0
6600 True 0 0.004449367523193359 0
6700 True 0 0.0043659210205078125 0
6800 True 0 0.0044786930084228516 0
6900 False 0 0.0 0
7000 False 0 0.0 0
7100 True 0 0.004327058792114258 0
7200 False 0 0.0 0
7300 False 0 0.0 0
7400 True 0 0.00442194938659668 0
7500 True 0 0.004367828369140625 0
7600 False 0 0.0 0
7700 True 0 0.0043947696685791016 0
7800 True 0 0.004670143127441406 0
7900 False 0 0.0 0
8000 True 0 0.004503011703491211 0
8100 False 0 0.0 0
8200 False 0 0.0 0
8300 False 0 0.0 0
8400 False 0 0.0 0
8500 True 0 0.004279136657714844 0
8600 False 0 0.0 0
8700 True 0 0.0043370723724365234 0
8800 True 0 0.004419565200805664 0
8900 False 0 0.0 0
9000 True 0 0.004441022872924805 0
9100 False 0 0.0 0
9200 True 0 0.0043718814849853516 0
9300 False 0 0.0 0
9400 False 0 0.0 0
9500 False 0 0.0 0
9600 True 0 0.004314899444580078 0
9700 True 0 0.004433155059814453 0
9800 False 0 0.0 0
9900 False 0 0.0 0
