0 False 0.0 0.0 0
100 False 0.0 0.0 0
200 False 0.0 0.0 0
300 True 0.0654296875 0.03502392768859863 0
400 True 0.166015625 0.03421592712402344 0
500 False 0.0 0.0 0
600 False 0.0 0.0 0
700 True 0.021484375 0.034804582595825195 0
800 True 0.0185546875 0.035169124603271484 0
900 False 0.0 0.0 0
1000 True 0.025390625 0.034195661544799805 0
1100 False 0.0 0.0 0
1200 False 0.0 0.0 0
1300 False 0.0 0.0 0
1400 True 0.0224609375 0.03437471389770508 0
1500 False 0.0 0.0 0
1600 False 0.0 0.0 0
1700 False 0.0 0.0 0
1800 False 0.0 0.0 0
1900 False 0.0 0.0 0
2000 False 0.0 0.0 0
2100 False 0.0 0.0 0
2200 True 0.08203125 0.03467917442321777 0
2300 False 0.0 0.0 0
2400 True 0.2265625 0.034090518951416016 0
2500 False 0.0 0.0 0
2600 True 0.0830078125 0.03494691848754883 0
2700 True 0.0029296875 0.03487753868103027 0
2800 False 0.0 0.0 0
2900 False 0.0 0.0 0
3000 True 0.0673828125 0.03465557098388672 0
3100 True 0.0595703125 0.034006357192993164 0
3200 False 0.0 0.0 0
3300 False 0.0 0.0 0
3400 True 0.115234375 0.03447604179382324 0
3500 False 0.0 0.0 0
3600 False 0.0 0.0 0
3700 False 0.0 0.0 0
3800 False 0.0 0.0 0
3900 False 0.0 0.0 0
4000 False 0.0 0.0 0
4100 True 0.10546875 0.03487348556518555 0
4200 False 0.0 0.0 0
4300 False 0.0 0.0 0
4400 False 0.0 0.0 0
4500 False 0.0 0.0 0
4600 False 0.0 0.0 0
4700 False 0.0 0.0 0
4800 True 0.1357421875 0.034069061279296875 0
4900 False 0.0 0.0 0
5000 False 0.0 0.0 0
5100 False 0.0 0.0 0
5200 False 0.0 0.0 0
5300 False 0.0 0.0 0
5400 False 0.0 0.0 0
5500 False 0.0 0.0 0
5600 False 0.0 0.0 0
5700 False 0.0 0.0 0
5800 False 0.0 0.0 0
5900 False 0.0 0.0 0
6000 False 0.0 0.0 0
6100 True 0.0205078125 0.03542661666870117 0
6200 False 0.0 0.0 0
6300 False 0.0 0.0 0
6400 False 0.0 0.0 0
6500 False 0.0 0.0 0
6600 True 0.044921875 0.03429293632507324 0
6700 True 0.04296875 0.03414273262023926 0
6800 True 0.107421875 0.03449416160583496 0
6900 False 0.0 0.0 0
7000 False 0.0 0.0 0
7100 True 0.1416015625 0.03419756889343262 0
7200 False 0.0 0.0 0
7300 True 0.013671875 0.03528308868408203 0
7400 False 0.0 0.0 0
7500 False 0.0 0.0 0
7600 False 0.0 0.0 0
7700 True 0.068359375 0.03419637680053711 0
7800 True 0.0703125 0.03425192832946777 0
7900 False 0.0 0.0 0
8000 True 0.0107421875 0.03406333923339844 0
8100 True 0.0439453125 0.034241437911987305 0
8200 False 0.0 0.0 0
8300 False 0.0 0.0 0
8400 False 0.0 0.0 0
8500 False 0.0 0.0 0
8600 False 0.0 0.0 0
8700 False 0.0 0.0 0
8800 True 0.2216796875 0.0345463752746582 0
8900 False 0.0 0.0 0
9000 False 0.0 0.0 0
9100 False 0.0 0.0 0
9200 True 0.123046875 0.034227848052978516 0
9300 False 0.0 0.0 0
9400 True 0.0546875 0.03427529335021973 0
9500 False 0.0 0.0 0
9600 True 0.1435546875 0.03432941436767578 0
9700 True 0.119140625 0.034378767013549805 0
9800 False 0.0 0.0 0
9900 False 0.0 0.0 0
