0 True 0.0 0.027700424194335938 0
100 False 0.0 0.0 0
200 False 0.0 0.0 0
300 True 0.0 0.026836395263671875 0
400 True 0.0078125 0.026906728744506836 0
500 False 0.0 0.0 0
600 True 0.0 0.027776002883911133 0
700 True 0.0 0.026987552642822266 0
800 True 0.0 0.03288459777832031 0
900 False 0.0 0.0 0
1000 True 0.0 0.026828527450561523 0
1100 False 0.0 0.0 0
1200 False 0.0 0.0 0
1300 False 0.0 0.0 0
1400 True 0.0 0.02677750587463379 0
1500 False 0.0 0.0 0
1600 False 0.0 0.0 0
1700 False 0.0 0.0 0
1800 False 0.0 0.0 0
1900 True 0.0078125 0.027470111846923828 0
2000 False 0.0 0.0 0
2100 False 0.0 0.0 0
2200 True 0.0078125 0.027165651321411133 0
2300 False 0.0 0.0 0
2400 True 0.015625 0.02861642837524414 0
2500 False 0.0 0.0 0
2600 True 0.0 0.027991056442260742 0
2700 False 0.0 0.0 0
2800 False 0.0 0.0 0
2900 False 0.0 0.0 0
3000 True 0.0078125 0.029033899307250977 0
3100 True 0.0 0.029588937759399414 0
3200 False 0.0 0.0 0
3300 False 0.0 0.0 0
3400 False 0.0 0.0 0
3500 True 0.0 0.02723217010498047 0
3600 False 0.0 0.0 0
3700 False 0.0 0.0 0
3800 True 0.0 0.029112815856933594 0
3900 False 0.0 0.0 0
4000 False 0.0 0.0 0
4100 True 0.0078125 0.02687549591064453 0
4200 True 0.0 0.02763509750366211 0
4300 True 0.0 0.027710676193237305 0
4400 False 0.0 0.0 0
4500 False 0.0 0.0 0
4600 False 0.0 0.0 0
4700 False 0.0 0.0 0
4800 True 0.0078125 0.028454065322875977 0
4900 False 0.0 0.0 0
5000 True 0.0 0.026865720748901367 0
5100 True 0.0 0.029541492462158203 0
5200 False 0.0 0.0 0
5300 False 0.0 0.0 0
5400 False 0.0 0.0 0
5500 True 0.0 0.027051210403442383 0
5600 False 0.0 0.0 0
5700 True 0.0 0.02707219123840332 0
5800 False 0.0 0.0 0
5900 False 0.0 0.0 0
6000 True 0.0 0.027164459228515625 0
6100 True 0.0 0.027926206588745117 0
6200 False 0.0 0.0 0
6300 False 0.0 0.0 0
6400 False 0.0 0.0 0
6500 False 0.0 0.0 0
6600 True 0.0078125 0.026956558227539062 0
6700 True 0.0 0.027213335037231445 0
6800 True 0.0 0.028895139694213867 0
6900 False 0.0 0.0 0
7000 False 0.0 0.0 0
7100 True 0.0078125 0.02785468101501465 0
7200 False 0.0 0.0 0
7300 False 0.0 0.0 0
7400 True 0.0 0.028563976287841797 0
7500 True 0.0 0.030771493911743164 0
7600 False 0.0 0.0 0
7700 True 0.0 0.03314805030822754 0
7800 True 0.0 0.03375434875488281 0
7900 False 0.0 0.0 0
8000 True 0.0 0.02694535255432129 0
8100 False 0.0 0.0 0
8200 False 0.0 0.0 0
8300 False 0.0 0.0 0
8400 False 0.0 0.0 0
8500 False 0.0 0.0 0
8600 False 0.0 0.0 0
8700 False 0.0 0.0 0
8800 True 0.0078125 0.02750873565673828 0
8900 False 0.0 0.0 0
9000 True 0.0 0.028255462646484375 0
9100 False 0.0 0.0 0
9200 True 0.0078125 0.0269167423248291 0
9300 True 0.0 0.036548614501953125 0
9400 True 0.0 0.027091264724731445 0
9500 True 0.0 0.027393341064453125 0
9600 True 0.0078125 0.0279843807220459 0
9700 True 0.0 0.030050039291381836 0
9800 True 0.0 0.028527021408081055 0
9900 False 0.0 0.0 0
