0 True 0.0078125 0.042304277420043945 0
100 False 0.0 0.0 0
200 False 0.0 0.0 0
300 True 0.009765625 0.04038286209106445 0
400 True 0.02734375 0.04181170463562012 0
500 False 0.0 0.0 0
600 True 0.0244140625 0.0395960807800293 0
700 True 0.0234375 0.041803836822509766 0
800 True 0.0244140625 0.039447784423828125 0
900 False 0.0 0.0 0
1000 True 0.048828125 0.04193425178527832 0
1100 False 0.0 0.0 0
1200 True 0.0068359375 0.03934049606323242 0
1300 False 0.0 0.0 0
1400 False 0.0 0.0 0
1500 False 0.0 0.0 0
1600 True 0.001953125 0.041796207427978516 0
1700 False 0.0 0.0 0
1800 False 0.0 0.0 0
1900 True 0.0302734375 0.03936648368835449 0
2000 False 0.0 0.0 0
2100 False 0.0 0.0 0
2200 True 0.0029296875 0.041811227798461914 0
2300 False 0.0 0.0 0
2400 True 0.056640625 0.04047536849975586 0
2500 False 0.0 0.0 0
2600 True 0.0302734375 0.04201173782348633 0
2700 True 0.0009765625 0.03949928283691406 0
2800 False 0.0 0.0 0
2900 True 0.0078125 0.041909217834472656 0
3000 True 0.0302734375 0.03955554962158203 0
3100 True 0.0283203125 0.04212617874145508 0
3200 False 0.0 0.0 0
3300 True 0.0048828125 0.039613962173461914 0
3400 False 0.0 0.0 0
3500 True 0.015625 0.041908979415893555 0
3600 False 0.0 0.0 0
3700 True 0.017578125 0.039517879486083984 0
3800 True 0.0263671875 0.041959524154663086 0
3900 False 0.0 0.0 0
4000 False 0.0 0.0 0
4100 True 0.0498046875 0.040705204010009766 0
4200 False 0.0 0.0 0
4300 True 0.025390625 0.04165983200073242 0
4400 False 0.0 0.0 0
4500 True 0.01171875 0.03958320617675781 0
4600 False 0.0 0.0 0
4700 False 0.0 0.0 0
4800 True 0.0322265625 0.04175734519958496 0
4900 False 0.0 0.0 0
5000 True 0.0244140625 0.03932952880859375 0
5100 True 0.0146484375 0.04202723503112793 0
5200 True 0.0224609375 0.04037332534790039 0
5300 False 0.0 0.0 0
5400 True 0.0107421875 0.041834115982055664 0
5500 False 0.0 0.0 0
5600 False 0.0 0.0 0
5700 True 0.0244140625 0.03933525085449219 0
5800 False 0.0 0.0 0
5900 False 0.0 0.0 0
6000 True 0.0107421875 0.04208230972290039 0
6100 True 0.0234375 0.03993988037109375 0
6200 True 0.0146484375 0.04169726371765137 0
6300 False 0.0 0.0 0
6400 False 0.0 0.0 0
6500 False 0.0 0.0 0
6600 True 0.0224609375 0.041159629821777344 0
6700 True 0.0126953125 0.04180479049682617 0
6800 False 0.0 0.0 0
6900 False 0.0 0.0 0
7000 False 0.0 0.0 0
7100 True 0.0244140625 0.03923392295837402 0
7200 False 0.0 0.0 0
7300 True 0.001953125 0.04409384727478027 0
7400 True 0.0166015625 0.039522647857666016 0
7500 True 0.0244140625 0.041867971420288086 0
7600 False 0.0 0.0 0
7700 True 0.03515625 0.03931140899658203 0
7800 True 0.0029296875 0.041736602783203125 0
7900 False 0.0 0.0 0
8000 True 0.0009765625 0.0419466495513916 0
8100 False 0.0 0.0 0
8200 False 0.0 0.0 0
8300 False 0.0 0.0 0
8400 True 0.009765625 0.041506052017211914 0
8500 True 0.0078125 0.04007101058959961 0
8600 True 0.0078125 0.041857242584228516 0
8700 True 0.025390625 0.039281368255615234 0
8800 True 0.0751953125 0.04171562194824219 0
8900 True 0.01171875 0.0390932559967041 0
9000 True 0.041015625 0.04201650619506836 0
9100 False 0.0 0.0 0
9200 True 0.0322265625 0.03945660591125488 0
9300 False 0.0 0.0 0
9400 True 0.0205078125 0.04155540466308594 0
9500 True 0.00390625 0.04032254219055176 0
9600 True 0.0283203125 0.041570425033569336 0
9700 True 0.0224609375 0.040273427963256836 0
9800 True 0.048828125 0.04155421257019043 0
9900 False 0.0 0.0 0
