0 False 0.0 0.0 0
100 False 0.0 0.0 0
200 False 0.0 0.0 0
300 True 0.08203125 0.09457826614379883 0
400 True 0.0859375 0.10127949714660645 0
500 False 0.0 0.0 0
600 True 0.0478515625 0.09880495071411133 0
700 True 0.021484375 0.09370636940002441 0
800 True 0.013671875 0.09974980354309082 0
900 False 0.0 0.0 0
1000 True 0.0712890625 0.0894019603729248 0
1100 False 0.0 0.0 0
1200 True 0.017578125 0.09619283676147461 0
1300 True 0.109375 0.08465385437011719 0
1400 True 0.0419921875 0.08616018295288086 0
1500 False 0.0 0.0 0
1600 False 0.0 0.0 0
1700 False 0.0 0.0 0
1800 False 0.0 0.0 0
1900 True 0.037109375 0.08899879455566406 0
2000 False 0.0 0.0 0
2100 False 0.0 0.0 0
2200 True 0.07421875 0.09276652336120605 0
2300 False 0.0 0.0 0
2400 True 0.130859375 0.09559369087219238 0
2500 False 0.0 0.0 0
2600 True 0.06640625 0.09269833564758301 0
2700 True 0.001953125 0.09776043891906738 0
2800 False 0.0 0.0 0
2900 False 0.0 0.0 0
3000 True 0.060546875 0.09081411361694336 0
3100 True 0.0458984375 0.09279775619506836 0
3200 False 0.0 0.0 0
3300 True 0.0205078125 0.09942746162414551 0
3400 True 0.0224609375 0.08765506744384766 0
3500 True 0.0185546875 0.09183979034423828 0
3600 False 0.0 0.0 0
3700 False 0.0 0.0 0
3800 True 0.046875 0.08761191368103027 0
3900 False 0.0 0.0 0
4000 False 0.0 0.0 0
4100 True 0.0927734375 0.08649277687072754 0
4200 False 0.0 0.0 0
4300 True 0.0673828125 0.10012054443359375 0
4400 False 0.0 0.0 0
4500 True 0.0126953125 0.09528422355651855 0
4600 False 0.0 0.0 0
4700 False 0.0 0.0 0
4800 True 0.09765625 0.09134101867675781 0
4900 False 0.0 0.0 0
5000 True 0.0263671875 0.08400344848632812 0
5100 True 0.0419921875 0.08620309829711914 0
5200 False 0.0 0.0 0
5300 False 0.0 0.0 0
5400 True 0.0302734375 0.0899350643157959 0
5500 False 0.0 0.0 0
5600 False 0.0 0.0 0
5700 False 0.0 0.0 0
5800 False 0.0 0.0 0
5900 False 0.0 0.0 0
6000 False 0.0 0.0 0
6100 True 0.0693359375 0.0921013355255127 0
6200 False 0.0 0.0 0
6300 False 0.0 0.0 0
6400 False 0.0 0.0 0
6500 False 0.0 0.0 0
6600 True 0.0537109375 0.09423971176147461 0
6700 True 0.0205078125 0.08811306953430176 0
6800 True 0.080078125 0.08510088920593262 0
6900 True 0.0234375 0.09148359298706055 0
7000 False 0.0 0.0 0
7100 True 0.0947265625 0.09815549850463867 0
7200 True 0.015625 0.0924077033996582 0
7300 False 0.0 0.0 0
7400 False 0.0 0.0 0
7500 True 0.076171875 0.09314131736755371 0
7600 False 0.0 0.0 0
7700 True 0.0927734375 0.09157371520996094 0
7800 True 0.0556640625 0.08667230606079102 0
7900 False 0.0 0.0 0
8000 True 0.005859375 0.09363365173339844 0
8100 False 0.0 0.0 0
8200 False 0.0 0.0 0
8300 False 0.0 0.0 0
8400 False 0.0 0.0 0
8500 False 0.0 0.0 0
8600 True 0.013671875 0.0936272144317627 0
8700 True 0.01171875 0.0899205207824707 0
8800 True 0.2373046875 0.08983969688415527 0
8900 False 0.0 0.0 0
9000 True 0.0224609375 0.08794450759887695 0
9100 False 0.0 0.0 0
9200 True 0.068359375 0.09328770637512207 0
9300 True 0.044921875 0.08379054069519043 0
9400 True 0.0869140625 0.08771705627441406 0
9500 False 0.0 0.0 0
9600 True 0.083984375 0.08867383003234863 0
9700 True 0.06640625 0.08540987968444824 0
9800 True 0.1396484375 0.08687281608581543 0
9900 False 0.0 0.0 0
