0 True 0 0.008867263793945312 0
100 False 0 0.0 0
200 True 0 0.007093191146850586 0
300 True 0 0.007242441177368164 0
400 True 0 0.007146358489990234 0
500 False 0 0.0 0
600 True 0 0.007314443588256836 0
700 True 0 0.007068157196044922 0
800 True 0 0.007410526275634766 0
900 True 0 0.00715327262878418 0
1000 True 0 0.007152557373046875 0
1100 False 0 0.0 0
1200 True 0 0.007653713226318359 0
1300 True 0 0.007315158843994141 0
1400 False 0 0.0 0
1500 True 0 0.007483720779418945 0
1600 False 0 0.0 0
1700 False 0 0.0 0
1800 True 0 0.007013082504272461 0
1900 True 0 0.007211446762084961 0
2000 True 0 0.007333993911743164 0
2100 False 0 0.0 0
2200 True 0 0.0071718692779541016 0
2300 False 0 0.0 0
2400 True 0 0.0077037811279296875 0
2500 True 0 0.007170677185058594 0
2600 True 0 0.00741124153137207 0
2700 True 0 0.007277011871337891 0
2800 True 0 0.007224559783935547 0
2900 False 0 0.0 0
3000 True 0 0.007750511169433594 0
3100 True 0 0.0073740482330322266 0
3200 True 0 0.0072345733642578125 0
3300 True 0 0.007446765899658203 0
3400 False 0 0.0 0
3500 True 0 0.00714111328125 0
3600 False 0 0.0 0
3700 True 0 0.007368564605712891 0
3800 True 0 0.007233381271362305 0
3900 False 0 0.0 0
4000 False 0 0.0 0
4100 True 0 0.007248640060424805 0
4200 False 0 0.0 0
4300 True 0 0.0072460174560546875 0
4400 False 0 0.0 0
4500 False 0 0.0 0
4600 True 0 0.007208585739135742 0
4700 False 0 0.0 0
4800 True 0 0.007341861724853516 0
4900 True 0 0.007353782653808594 0
5000 True 0 0.007169485092163086 0
5100 True 0 0.00739741325378418 0
5200 True 0 0.0070705413818359375 0
5300 True 0 0.00755000114440918 0
5400 True 0 0.00901937484741211 0
5500 False 0 0.0 0
5600 True 0 0.0075800418853759766 0
5700 True 0 0.009256362915039062 0
5800 False 0 0.0 0
5900 False 0 0.0 0
6000 True 0 0.008808374404907227 0
6100 True 0 0.008740901947021484 0
6200 False 0 0.0 0
6300 True 0 0.0076122283935546875 0
6400 False 0 0.0 0
6500 False 0 0.0 0
6600 True 0 0.007066249847412109 0
6700 True 0 0.00759434700012207 0
6800 True 0 0.007083415985107422 0
6900 True 0 0.007299184799194336 0
7000 False 0 0.0 0
7100 False 0 0.0 0
7200 True 0 0.007229804992675781 0
7300 False 0 0.0 0
7400 True 0 0.00717473030090332 0
7500 True 0 0.007350921630859375 0
7600 False 0 0.0 0
7700 True 0 0.007111787796020508 0
7800 True 0 0.007283926010131836 0
7900 True 0 0.007395744323730469 0
8000 True 0 0.007136344909667969 0
8100 False 0 0.0 0
8200 False 0 0.0 0
8300 False 0 0.0 0
8400 True 0 0.0073354244232177734 0
8500 True 0 0.007187843322753906 0
8600 False 0 0.0 0
8700 True 0 0.007226228713989258 0
8800 True 0 0.007375240325927734 0
8900 True 0 0.007202625274658203 0
9000 True 0 0.00725102424621582 0
9100 True 0 0.007261037826538086 0
9200 True 0 0.007221221923828125 0
9300 False 0 0.0 0
9400 True 0 0.0074121952056884766 0
9500 True 0 0.0071413516998291016 0
9600 True 0 0.007528066635131836 0
9700 True 0 0.0072329044342041016 0
9800 True 0 0.007535219192504883 0
9900 True 0 0.008002281188964844 0
