0 False 0.0 0.0 0
100 False 0.0 0.0 0
200 False 0.0 0.0 0
300 True 0.0 0.04825258255004883 0
400 True 0.0 0.04432058334350586 0
500 False 0.0 0.0 0
600 True 0.0 0.04703569412231445 0
700 True 0.0 0.04599142074584961 0
800 True 0.0 0.04445528984069824 0
900 False 0.0 0.0 0
1000 True 0.0 0.050177574157714844 0
1100 False 0.0 0.0 0
1200 True 0.0 0.044342994689941406 0
1300 False 0.0 0.0 0
1400 False 0.0 0.0 0
1500 True 0.0 0.04543280601501465 0
1600 False 0.0 0.0 0
1700 True 0.0 0.04597878456115723 0
1800 True 0.0 0.04444479942321777 0
1900 True 0.0 0.04472041130065918 0
2000 False 0.0 0.0 0
2100 False 0.0 0.0 0
2200 True 0.0 0.04518556594848633 0
2300 False 0.0 0.0 0
2400 True 0.0 0.04619932174682617 0
2500 True 0.0 0.046651601791381836 0
2600 True 0.0 0.04629850387573242 0
2700 True 0.0 0.04731106758117676 0
2800 False 0.0 0.0 0
2900 False 0.0 0.0 0
3000 True 0.0 0.05415630340576172 0
3100 True 0.0 0.045893192291259766 0
3200 False 0.0 0.0 0
3300 True 0.0 0.04538750648498535 0
3400 False 0.0 0.0 0
3500 True 0.0 0.04524993896484375 0
3600 False 0.0 0.0 0
3700 True 0.0 0.04505777359008789 0
3800 True 0.0 0.045169830322265625 0
3900 False 0.0 0.0 0
4000 False 0.0 0.0 0
4100 True 0.0 0.04516434669494629 0
4200 False 0.0 0.0 0
4300 True 0.0 0.04510164260864258 0
4400 False 0.0 0.0 0
4500 False 0.0 0.0 0
4600 False 0.0 0.0 0
4700 False 0.0 0.0 0
4800 True 0.0 0.04540443420410156 0
4900 False 0.0 0.0 0
5000 True 0.0 0.04563164710998535 0
5100 True 0.0 0.04475522041320801 0
5200 True 0.0 0.04449343681335449 0
5300 True 0.0 0.04492759704589844 0
5400 False 0.0 0.0 0
5500 True 0.0 0.04613685607910156 0
5600 True 0.0 0.04608345031738281 0
5700 True 0.0 0.046582937240600586 0
5800 True 0.0 0.04531598091125488 0
5900 False 0.0 0.0 0
6000 True 0.0 0.04499983787536621 0
6100 True 0.0 0.04712677001953125 0
6200 True 0.0 0.04463005065917969 0
6300 True 0.0 0.044763803482055664 0
6400 False 0.0 0.0 0
6500 False 0.0 0.0 0
6600 True 0.0 0.044707298278808594 0
6700 True 0.0 0.04488945007324219 0
6800 True 0.0 0.046113014221191406 0
6900 False 0.0 0.0 0
7000 False 0.0 0.0 0
7100 False 0.0 0.0 0
7200 False 0.0 0.0 0
7300 False 0.0 0.0 0
7400 True 0.0 0.04498767852783203 0
7500 True 0.0 0.0470881462097168 0
7600 False 0.0 0.0 0
7700 True 0.0 0.045476675033569336 0
7800 True 0.0 0.04469752311706543 0
7900 False 0.0 0.0 0
8000 True 0.0 0.04546356201171875 0
8100 False 0.0 0.0 0
8200 False 0.0 0.0 0
8300 True 0.0 0.04474139213562012 0
8400 False 0.0 0.0 0
8500 True 0.0 0.0455167293548584 0
8600 False 0.0 0.0 0
8700 True 0.0 0.04471755027770996 0
8800 True 0.0 0.04571199417114258 0
8900 True 0.0 0.0452876091003418 0
9000 True 0.0 0.04483652114868164 0
9100 False 0.0 0.0 0
9200 True 0.0 0.049031972885131836 0
9300 True 0.0 0.04665780067443848 0
9400 True 0.0 0.04504990577697754 0
9500 True 0.0 0.046738624572753906 0
9600 True 0.0 0.04489779472351074 0
9700 True 0.0 0.04747605323791504 0
9800 True 0.0 0.04453086853027344 0
9900 True 0.0 0.047487497329711914 0
