0 False 0.0 0.0 0
100 False 0.0 0.0 0
200 True 0.0 0.05383038520812988 0
300 True 0.0 0.04304385185241699 0
400 False 0.0 0.0 0
500 False 0.0 0.0 0
600 False 0.0 0.0 0
700 False 0.0 0.0 0
800 True 0.0 0.04386591911315918 0
900 False 0.0 0.0 0
1000 True 0.0 0.04369854927062988 0
1100 False 0.0 0.0 0
1200 False 0.0 0.0 0
1300 False 0.0 0.0 0
1400 True 0.0 0.04278898239135742 0
1500 True 0.0 0.044243812561035156 0
1600 False 0.0 0.0 0
1700 False 0.0 0.0 0
1800 False 0.0 0.0 0
1900 True 0.0 0.042978763580322266 0
2000 False 0.0 0.0 0
2100 False 0.0 0.0 0
2200 True 0.0 0.04408550262451172 0
2300 False 0.0 0.0 0
2400 True 0.0 0.04519534111022949 0
2500 True 0.0 0.04292798042297363 0
2600 True 0.0 0.043091773986816406 0
2700 False 0.0 0.0 0
2800 False 0.0 0.0 0
2900 False 0.0 0.0 0
3000 True 0.0 0.04363822937011719 0
3100 True 0.0 0.04341602325439453 0
3200 False 0.0 0.0 0
3300 False 0.0 0.0 0
3400 False 0.0 0.0 0
3500 True 0.0 0.044187068939208984 0
3600 False 0.0 0.0 0
3700 False 0.0 0.0 0
3800 False 0.0 0.0 0
3900 False 0.0 0.0 0
4000 False 0.0 0.0 0
4100 True 0.0 0.04358363151550293 0
4200 True 0.0 0.04294157028198242 0
4300 True 0.0 0.04372811317443848 0
4400 False 0.0 0.0 0
4500 False 0.0 0.0 0
4600 False 0.0 0.0 0
4700 True 0.0 0.0433042049407959 0
4800 False 0.0 0.0 0
4900 True 0.0 0.04409480094909668 0
5000 False 0.0 0.0 0
5100 False 0.0 0.0 0
5200 False 0.0 0.0 0
5300 False 0.0 0.0 0
5400 True 0.0 0.043909549713134766 0
5500 False 0.0 0.0 0
5600 False 0.0 0.0 0
5700 False 0.0 0.0 0
5800 False 0.0 0.0 0
5900 False 0.0 0.0 0
6000 True 0.0 0.04291677474975586 0
6100 True 0.0 0.0466313362121582 0
6200 False 0.0 0.0 0
6300 False 0.0 0.0 0
6400 False 0.0 0.0 0
6500 False 0.0 0.0 0
6600 True 0.0 0.04520392417907715 0
6700 True 0.0 0.04442954063415527 0
6800 True 0.0 0.054239749908447266 0
6900 False 0.0 0.0 0
7000 False 0.0 0.0 0
7100 False 0.0 0.0 0
7200 False 0.0 0.0 0
7300 False 0.0 0.0 0
7400 True 0.0 0.04434633255004883 0
7500 False 0.0 0.0 0
7600 False 0.0 0.0 0
7700 True 0.0 0.04763531684875488 0
7800 True 0.0 0.05268096923828125 0
7900 False 0.0 0.0 0
8000 False 0.0 0.0 0
8100 False 0.0 0.0 0
8200 False 0.0 0.0 0
8300 False 0.0 0.0 0
8400 False 0.0 0.0 0
8500 True 0.0 0.053518056869506836 0
8600 False 0.0 0.0 0
8700 False 0.0 0.0 0
8800 True 0.0 0.04347419738769531 0
8900 False 0.0 0.0 0
9000 False 0.0 0.0 0
9100 False 0.0 0.0 0
9200 True 0.0 0.04634833335876465 0
9300 True 0.0 0.04289984703063965 0
9400 False 0.0 0.0 0
9500 False 0.0 0.0 0
9600 True 0.0 0.04448843002319336 0
9700 True 0.0 0.04286336898803711 0
9800 True 0.0 0.04351544380187988 0
9900 False 0.0 0.0 0
