0 False 0 0.0 0
100 True 0 0.01720714569091797 0
200 False 0 0.0 0
300 True 0 0.007805347442626953 0
400 True 0 0.0077135562896728516 0
500 False 0 0.0 0
600 False 0 0.0 0
700 False 0 0.0 0
800 False 0 0.0 0
900 False 0 0.0 0
1000 False 0 0.0 0
1100 False 0 0.0 0
1200 False 0 0.0 0
1300 False 0 0.0 0
1400 False 0 0.0 0
1500 False 0 0.0 0
1600 False 0 0.0 0
1700 False 0 0.0 0
1800 False 0 0.0 0
1900 True 0 0.007771730422973633 0
2000 False 0 0.0 0
2100 False 0 0.0 0
2200 True 0 0.0078008174896240234 0
2300 False 0 0.0 0
2400 True 0 0.0075871944427490234 0
2500 False 0 0.0 0
2600 True 0 0.0077741146087646484 0
2700 False 0 0.0 0
2800 False 0 0.0 0
2900 False 0 0.0 0
3000 False 0 0.0 0
3100 True 0 0.007626771926879883 0
3200 False 0 0.0 0
3300 False 0 0.0 0
3400 True 0 0.008206605911254883 0
3500 False 0 0.0 0
3600 True 0 0.007788658142089844 0
3700 False 0 0.0 0
3800 False 0 0.0 0
3900 False 0 0.0 0
4000 False 0 0.0 0
4100 False 0 0.0 0
4200 False 0 0.0 0
4300 True 0 0.007696866989135742 0
4400 False 0 0.0 0
4500 False 0 0.0 0
4600 False 0 0.0 0
4700 True 0 0.007723569869995117 0
4800 True 0 0.00771641731262207 0
4900 False 0 0.0 0
5000 False 0 0.0 0
5100 False 0 0.0 0
5200 False 0 0.0 0
5300 False 0 0.0 0
5400 True 0 0.007738828659057617 0
5500 False 0 0.0 0
5600 False 0 0.0 0
5700 False 0 0.0 0
5800 False 0 0.0 0
5900 False 0 0.0 0
6000 False 0 0.0 0
6100 True 0 0.0077991485595703125 0
6200 False 0 0.0 0
6300 False 0 0.0 0
6400 False 0 0.0 0
6500 False 0 0.0 0
6600 False 0 0.0 0
6700 True 0 0.007776021957397461 0
6800 True 0 0.007917642593383789 0
6900 False 0 0.0 0
7000 False 0 0.0 0
7100 True 0 0.0077555179595947266 0
7200 False 0 0.0 0
7300 False 0 0.0 0
7400 False 0 0.0 0
7500 False 0 0.0 0
7600 False 0 0.0 0
7700 True 0 0.008155107498168945 0
7800 True 0 0.008092403411865234 0
7900 False 0 0.0 0
8000 False 0 0.0 0
8100 True 0 0.007680654525756836 0
8200 False 0 0.0 0
8300 False 0 0.0 0
8400 False 0 0.0 0
8500 False 0 0.0 0
8600 False 0 0.0 0
8700 False 0 0.0 0
8800 True 0 0.011003255844116211 0
8900 False 0 0.0 0
9000 False 0 0.0 0
9100 False 0 0.0 0
9200 True 0 0.00761723518371582 0
9300 False 0 0.0 0
9400 True 0 0.009800434112548828 0
9500 False 0 0.0 0
9600 True 0 0.008069515228271484 0
9700 True 0 0.007728099822998047 0
9800 False 0 0.0 0
9900 False 0 0.0 0
