0 True 0 0.01752471923828125 0
100 False 0 0.0 0
200 False 0 0.0 0
300 True 0 0.007870674133300781 0
400 True 0 0.007779836654663086 0
500 False 0 0.0 0
600 True 0 0.007770538330078125 0
700 True 0 0.007765293121337891 0
800 True 0 0.007787942886352539 0
900 False 0 0.0 0
1000 True 0 0.007719993591308594 0
1100 False 0 0.0 0
1200 True 0 0.007767200469970703 0
1300 False 0 0.0 0
1400 False 0 0.0 0
1500 True 0 0.007707357406616211 0
1600 False 0 0.0 0
1700 False 0 0.0 0
1800 False 0 0.0 0
1900 True 0 0.007659196853637695 0
2000 False 0 0.0 0
2100 False 0 0.0 0
2200 False 0 0.0 0
2300 True 0 0.007736682891845703 0
2400 True 0 0.008069276809692383 0
2500 True 0 0.00766754150390625 0
2600 True 0 0.0077931880950927734 0
2700 True 0 0.007712602615356445 0
2800 False 0 0.0 0
2900 False 0 0.0 0
3000 True 0 0.007781028747558594 0
3100 True 0 0.007678508758544922 0
3200 False 0 0.0 0
3300 False 0 0.0 0
3400 False 0 0.0 0
3500 True 0 0.0076427459716796875 0
3600 False 0 0.0 0
3700 True 0 0.0077359676361083984 0
3800 True 0 0.007725238800048828 0
3900 False 0 0.0 0
4000 False 0 0.0 0
4100 True 0 0.008318662643432617 0
4200 True 0 0.007848501205444336 0
4300 True 0 0.007737398147583008 0
4400 False 0 0.0 0
4500 True 0 0.007730245590209961 0
4600 False 0 0.0 0
4700 True 0 0.0077059268951416016 0
4800 True 0 0.00787806510925293 0
4900 True 0 0.007896661758422852 0
5000 True 0 0.008120298385620117 0
5100 True 0 0.009709358215332031 0
5200 True 0 0.007930278778076172 0
5300 True 0 0.009278535842895508 0
5400 True 0 0.007771015167236328 0
5500 True 0 0.007830142974853516 0
5600 True 0 0.007902145385742188 0
5700 True 0 0.007865667343139648 0
5800 False 0 0.0 0
5900 False 0 0.0 0
6000 True 0 0.01037740707397461 0
6100 True 0 0.007731437683105469 0
6200 False 0 0.0 0
6300 False 0 0.0 0
6400 False 0 0.0 0
6500 False 0 0.0 0
6600 True 0 0.007650613784790039 0
6700 True 0 0.007741451263427734 0
6800 True 0 0.008362770080566406 0
6900 False 0 0.0 0
7000 False 0 0.0 0
7100 False 0 0.0 0
7200 False 0 0.0 0
7300 True 0 0.007729768753051758 0
7400 True 0 0.007704734802246094 0
7500 True 0 0.0077724456787109375 0
7600 False 0 0.0 0
7700 False 0 0.0 0
7800 True 0 0.007925271987915039 0
7900 False 0 0.0 0
8000 True 0 0.0077517032623291016 0
8100 False 0 0.0 0
8200 False 0 0.0 0
8300 False 0 0.0 0
8400 False 0 0.0 0
8500 True 0 0.007688045501708984 0
8600 False 0 0.0 0
8700 True 0 0.007663249969482422 0
8800 True 0 0.007767677307128906 0
8900 False 0 0.0 0
9000 True 0 0.0077054500579833984 0
9100 False 0 0.0 0
9200 True 0 0.007749080657958984 0
9300 False 0 0.0 0
9400 False 0 0.0 0
9500 True 0 0.007833719253540039 0
9600 True 0 0.0077915191650390625 0
9700 True 0 0.007748126983642578 0
9800 True 0 0.007805824279785156 0
9900 False 0 0.0 0
