0 True 0.01171875 0.06864762306213379 0
100 False 0.0 0.0 0
200 False 0.0 0.0 0
300 True 0.0244140625 0.0549013614654541 0
400 True 0.0166015625 0.04193830490112305 0
500 False 0.0 0.0 0
600 True 0.00390625 0.0421144962310791 0
700 True 0.0029296875 0.0419163703918457 0
800 True 0.0048828125 0.04161810874938965 0
900 False 0.0 0.0 0
1000 True 0.0244140625 0.05532050132751465 0
1100 False 0.0 0.0 0
1200 True 0.01171875 0.04172325134277344 0
1300 False 0.0 0.0 0
1400 True 0.005859375 0.04209589958190918 0
1500 True 0.0107421875 0.042520999908447266 0
1600 False 0.0 0.0 0
1700 False 0.0 0.0 0
1800 False 0.0 0.0 0
1900 True 0.01171875 0.055001020431518555 0
2000 False 0.0 0.0 0
2100 False 0.0 0.0 0
2200 True 0.046875 0.04233241081237793 0
2300 False 0.0 0.0 0
2400 True 0.03515625 0.05498003959655762 0
2500 False 0.0 0.0 0
2600 True 0.02734375 0.054903507232666016 0
2700 False 0.0 0.0 0
2800 False 0.0 0.0 0
2900 False 0.0 0.0 0
3000 True 0.05078125 0.04186868667602539 0
3100 True 0.03515625 0.04156780242919922 0
3200 False 0.0 0.0 0
3300 False 0.0 0.0 0
3400 False 0.0 0.0 0
3500 True 0.0126953125 0.041776418685913086 0
3600 False 0.0 0.0 0
3700 False 0.0 0.0 0
3800 False 0.0 0.0 0
3900 False 0.0 0.0 0
4000 False 0.0 0.0 0
4100 True 0.0390625 0.0417323112487793 0
4200 True 0.0029296875 0.054583072662353516 0
4300 True 0.0244140625 0.04247784614562988 0
4400 False 0.0 0.0 0
4500 False 0.0 0.0 0
4600 False 0.0 0.0 0
4700 False 0.0 0.0 0
4800 True 0.01171875 0.04236435890197754 0
4900 False 0.0 0.0 0
5000 True 0.0224609375 0.041376590728759766 0
5100 True 0.0087890625 0.05440354347229004 0
5200 True 0.0224609375 0.05487537384033203 0
5300 False 0.0 0.0 0
5400 True 0.0087890625 0.05513763427734375 0
5500 False 0.0 0.0 0
5600 False 0.0 0.0 0
5700 True 0.0029296875 0.04175615310668945 0
5800 False 0.0 0.0 0
5900 False 0.0 0.0 0
6000 True 0.0087890625 0.055423736572265625 0
6100 True 0.013671875 0.05507040023803711 0
6200 False 0.0 0.0 0
6300 False 0.0 0.0 0
6400 False 0.0 0.0 0
6500 False 0.0 0.0 0
6600 True 0.0234375 0.054125308990478516 0
6700 False 0.0 0.0 0
6800 True 0.0078125 0.05513143539428711 0
6900 False 0.0 0.0 0
7000 False 0.0 0.0 0
7100 False 0.0 0.0 0
7200 False 0.0 0.0 0
7300 True 0.0009765625 0.04221749305725098 0
7400 True 0.0166015625 0.04213976860046387 0
7500 False 0.0 0.0 0
7600 True 0.0 0.041704416275024414 0
7700 True 0.0146484375 0.04202699661254883 0
7800 True 0.0283203125 0.04167747497558594 0
7900 False 0.0 0.0 0
8000 True 0.0322265625 0.04202389717102051 0
8100 False 0.0 0.0 0
8200 False 0.0 0.0 0
8300 False 0.0 0.0 0
8400 False 0.0 0.0 0
8500 True 0.0107421875 0.04281187057495117 0
8600 False 0.0 0.0 0
8700 True 0.0126953125 0.042530059814453125 0
8800 True 0.0556640625 0.055814266204833984 0
8900 False 0.0 0.0 0
9000 True 0.013671875 0.05514097213745117 0
9100 False 0.0 0.0 0
9200 True 0.033203125 0.04217982292175293 0
9300 False 0.0 0.0 0
9400 False 0.0 0.0 0
9500 False 0.0 0.0 0
9600 True 0.033203125 0.05494832992553711 0
9700 True 0.0224609375 0.04153299331665039 0
9800 True 0.0048828125 0.05436229705810547 0
9900 False 0.0 0.0 0
