0 False 0.0 0.0 0
100 True 0.001953125 0.08206343650817871 0
200 False 0.0 0.0 0
300 True 0.0185546875 0.05511641502380371 0
400 True 0.0302734375 0.04220247268676758 0
500 False 0.0 0.0 0
600 False 0.0 0.0 0
700 True 0.0234375 0.05075836181640625 0
800 True 0.0078125 0.05523514747619629 0
900 False 0.0 0.0 0
1000 True 0.0126953125 0.05533194541931152 0
1100 False 0.0 0.0 0
1200 False 0.0 0.0 0
1300 False 0.0 0.0 0
1400 False 0.0 0.0 0
1500 False 0.0 0.0 0
1600 False 0.0 0.0 0
1700 False 0.0 0.0 0
1800 False 0.0 0.0 0
1900 True 0.0078125 0.04187417030334473 0
2000 False 0.0 0.0 0
2100 False 0.0 0.0 0
2200 True 0.033203125 0.05492424964904785 0
2300 False 0.0 0.0 0
2400 True 0.01953125 0.055060625076293945 0
2500 False 0.0 0.0 0
2600 True 0.017578125 0.055173397064208984 0
2700 False 0.0 0.0 0
2800 False 0.0 0.0 0
2900 False 0.0 0.0 0
3000 True 0.02734375 0.05436444282531738 0
3100 True 0.0205078125 0.054495811462402344 0
3200 False 0.0 0.0 0
3300 False 0.0 0.0 0
3400 False 0.0 0.0 0
3500 True 0.0107421875 0.0548398494720459 0
3600 False 0.0 0.0 0
3700 False 0.0 0.0 0
3800 False 0.0 0.0 0
3900 False 0.0 0.0 0
4000 False 0.0 0.0 0
4100 True 0.025390625 0.05493903160095215 0
4200 False 0.0 0.0 0
4300 True 0.01171875 0.05533123016357422 0
4400 False 0.0 0.0 0
4500 False 0.0 0.0 0
4600 True 0.001953125 0.055283546447753906 0
4700 False 0.0 0.0 0
4800 True 0.01171875 0.054451942443847656 0
4900 True 0.0126953125 0.054238080978393555 0
5000 True 0.0068359375 0.05428910255432129 0
5100 True 0.0166015625 0.05474519729614258 0
5200 True 0.02734375 0.054650068283081055 0
5300 False 0.0 0.0 0
5400 False 0.0 0.0 0
5500 False 0.0 0.0 0
5600 False 0.0 0.0 0
5700 True 0.0068359375 0.05526399612426758 0
5800 False 0.0 0.0 0
5900 False 0.0 0.0 0
6000 False 0.0 0.0 0
6100 True 0.0078125 0.05477261543273926 0
6200 False 0.0 0.0 0
6300 False 0.0 0.0 0
6400 False 0.0 0.0 0
6500 False 0.0 0.0 0
6600 True 0.0126953125 0.0544428825378418 0
6700 True 0.0068359375 0.054107666015625 0
6800 True 0.0068359375 0.05428481101989746 0
6900 False 0.0 0.0 0
7000 False 0.0 0.0 0
7100 True 0.0087890625 0.05443859100341797 0
7200 False 0.0 0.0 0
7300 True 0.005859375 0.05530357360839844 0
7400 False 0.0 0.0 0
7500 False 0.0 0.0 0
7600 True 0.005859375 0.0556638240814209 0
7700 True 0.009765625 0.04278230667114258 0
7800 True 0.0 0.04267692565917969 0
7900 False 0.0 0.0 0
8000 True 0.0234375 0.0427248477935791 0
8100 False 0.0 0.0 0
8200 False 0.0 0.0 0
8300 False 0.0 0.0 0
8400 False 0.0 0.0 0
8500 True 0.01953125 0.0422825813293457 0
8600 False 0.0 0.0 0
8700 True 0.015625 0.05075383186340332 0
8800 True 0.0380859375 0.04166102409362793 0
8900 False 0.0 0.0 0
9000 True 0.005859375 0.04187273979187012 0
9100 False 0.0 0.0 0
9200 True 0.0263671875 0.04186511039733887 0
9300 False 0.0 0.0 0
9400 True 0.0068359375 0.054791927337646484 0
9500 False 0.0 0.0 0
9600 True 0.0224609375 0.04246234893798828 0
9700 True 0.0068359375 0.04283642768859863 0
9800 True 0.0166015625 0.042294979095458984 0
9900 False 0.0 0.0 0
