0 True 1 0.05633282661437988 0
100 False 0 0.0 0
200 False 0 0.0 0
300 True 1 0.01940155029296875 0
400 True 1 0.02001214027404785 0
500 False 0 0.0 0
600 True 0 0.020023822784423828 0
700 True 1 0.020213842391967773 0
800 True 0 0.026523828506469727 0
900 False 0 0.0 0
1000 True 1 0.019426822662353516 0
1100 False 0 0.0 0
1200 True 0 0.025931596755981445 0
1300 False 0 0.0 0
1400 True 1 0.026000022888183594 0
1500 True 0 0.019907474517822266 0
1600 False 0 0.0 0
1700 False 0 0.0 0
1800 False 0 0.0 0
1900 True 1 0.02629876136779785 0
2000 False 0 0.0 0
2100 False 0 0.0 0
2200 True 1 0.01969122886657715 0
2300 True 0 0.01947760581970215 0
2400 True 1 0.019870519638061523 0
2500 False 0 0.0 0
2600 True 1 0.020013809204101562 0
2700 False 0 0.0 0
2800 False 0 0.0 0
2900 False 0 0.0 0
3000 True 1 0.020047426223754883 0
3100 True 1 0.026479482650756836 0
3200 False 0 0.0 0
3300 False 0 0.0 0
3400 False 0 0.0 0
3500 True 1 0.020486116409301758 0
3600 False 0 0.0 0
3700 False 0 0.0 0
3800 True 1 0.020090341567993164 0
3900 False 0 0.0 0
4000 False 0 0.0 0
4100 True 1 0.02653813362121582 0
4200 True 0 0.026759624481201172 0
4300 True 1 0.02020096778869629 0
4400 False 0 0.0 0
4500 False 0 0.0 0
4600 False 0 0.0 0
4700 False 0 0.0 0
4800 True 1 0.01906275749206543 0
4900 True 1 0.019371986389160156 0
5000 True 1 0.019122838973999023 0
5100 True 1 0.026260852813720703 0
5200 True 1 0.02622842788696289 0
5300 False 0 0.0 0
5400 True 0 0.02646183967590332 0
5500 False 0 0.0 0
5600 False 0 0.0 0
5700 True 0 0.01981210708618164 0
5800 False 0 0.0 0
5900 False 0 0.0 0
6000 True 1 0.01970672607421875 0
6100 True 1 0.01996612548828125 0
6200 True 0 0.026454687118530273 0
6300 False 0 0.0 0
6400 False 0 0.0 0
6500 False 0 0.0 0
6600 True 1 0.026611804962158203 0
6700 True 0 0.01952958106994629 0
6800 True 1 0.02022576332092285 0
6900 False 0 0.0 0
7000 False 0 0.0 0
7100 True 1 0.01981639862060547 0
7200 False 0 0.0 0
7300 False 0 0.0 0
7400 True 0 0.020005226135253906 0
7500 True 0 0.0199277400970459 0
7600 False 0 0.0 0
7700 True 0 0.020255327224731445 0
7800 True 1 0.019649505615234375 0
7900 False 0 0.0 0
8000 True 1 0.01954960823059082 0
8100 False 0 0.0 0
8200 False 0 0.0 0
8300 False 0 0.0 0
8400 False 0 0.0 0
8500 True 1 0.019571304321289062 0
8600 False 0 0.0 0
8700 True 1 0.019753217697143555 0
8800 True 1 0.019639015197753906 0
8900 False 0 0.0 0
9000 True 1 0.019786357879638672 0
9100 False 0 0.0 0
9200 True 1 0.019816875457763672 0
9300 False 0 0.0 0
9400 False 0 0.0 0
9500 False 0 0.0 0
9600 True 1 0.019689321517944336 0
9700 True 1 0.01972818374633789 0
9800 False 0 0.0 0
9900 False 0 0.0 0
