0 False 0 0.0 0
100 False 0 0.0 0
200 False 0 0.0 0
300 True 0 0.049446821212768555 0
400 True 0 0.02570056915283203 0
500 False 0 0.0 0
600 False 0 0.0 0
700 True 0 0.02597212791442871 0
800 False 0 0.0 0
900 False 0 0.0 0
1000 True 0 0.02582693099975586 0
1100 False 0 0.0 0
1200 False 0 0.0 0
1300 False 0 0.0 0
1400 True 0 0.026604890823364258 0
1500 False 0 0.0 0
1600 False 0 0.0 0
1700 False 0 0.0 0
1800 False 0 0.0 0
1900 True 0 0.026393890380859375 0
2000 False 0 0.0 0
2100 False 0 0.0 0
2200 True 0 0.025477170944213867 0
2300 False 0 0.0 0
2400 True 1 0.02631235122680664 0
2500 False 0 0.0 0
2600 True 0 0.026581525802612305 0
2700 False 0 0.0 0
2800 False 0 0.0 0
2900 False 0 0.0 0
3000 True 1 0.02649998664855957 0
3100 True 0 0.02608346939086914 0
3200 False 0 0.0 0
3300 False 0 0.0 0
3400 True 0 0.02693796157836914 0
3500 True 0 0.02635359764099121 0
3600 False 0 0.0 0
3700 False 0 0.0 0
3800 True 0 0.026559114456176758 0
3900 False 0 0.0 0
4000 False 0 0.0 0
4100 True 0 0.026707887649536133 0
4200 True 0 0.026424884796142578 0
4300 True 0 0.025650978088378906 0
4400 False 0 0.0 0
4500 False 0 0.0 0
4600 False 0 0.0 0
4700 True 0 0.026345491409301758 0
4800 True 0 0.025976896286010742 0
4900 True 0 0.02652120590209961 0
5000 True 0 0.026256799697875977 0
5100 False 0 0.0 0
5200 True 0 0.026517391204833984 0
5300 False 0 0.0 0
5400 True 0 0.025820016860961914 0
5500 False 0 0.0 0
5600 False 0 0.0 0
5700 False 0 0.0 0
5800 False 0 0.0 0
5900 False 0 0.0 0
6000 False 0 0.0 0
6100 True 0 0.026471376419067383 0
6200 False 0 0.0 0
6300 False 0 0.0 0
6400 False 0 0.0 0
6500 False 0 0.0 0
6600 True 0 0.025937318801879883 0
6700 True 0 0.0202181339263916 0
6800 True 0 0.026656627655029297 0
6900 False 0 0.0 0
7000 False 0 0.0 0
7100 True 0 0.026624679565429688 0
7200 False 0 0.0 0
7300 False 0 0.0 0
7400 False 0 0.0 0
7500 False 0 0.0 0
7600 False 0 0.0 0
7700 True 0 0.027096033096313477 0
7800 True 0 0.02002096176147461 0
7900 False 0 0.0 0
8000 True 0 0.026761770248413086 0
8100 False 0 0.0 0
8200 False 0 0.0 0
8300 False 0 0.0 0
8400 False 0 0.0 0
8500 False 0 0.0 0
8600 False 0 0.0 0
8700 False 0 0.0 0
8800 True 1 0.026573896408081055 0
8900 False 0 0.0 0
9000 True 0 0.026249408721923828 0
9100 False 0 0.0 0
9200 True 0 0.026641130447387695 0
9300 True 0 0.026678085327148438 0
9400 False 0 0.0 0
9500 False 0 0.0 0
9600 True 0 0.026389360427856445 0
9700 True 1 0.02631545066833496 0
9800 False 0 0.0 0
9900 False 0 0.0 0
