0 False 0 0.0 0
100 False 0 0.0 0
200 False 0 0.0 0
300 True 1 0.05258584022521973 0
400 True 1 0.02001023292541504 0
500 False 0 0.0 0
600 False 0 0.0 0
700 True 0 0.01897573471069336 0
800 True 0 0.01909184455871582 0
900 False 0 0.0 0
1000 True 1 0.030474185943603516 0
1100 False 0 0.0 0
1200 False 0 0.0 0
1300 False 0 0.0 0
1400 True 0 0.031085729598999023 0
1500 False 0 0.0 0
1600 False 0 0.0 0
1700 False 0 0.0 0
1800 False 0 0.0 0
1900 False 0 0.0 0
2000 False 0 0.0 0
2100 False 0 0.0 0
2200 True 1 0.030771970748901367 0
2300 False 0 0.0 0
2400 True 1 0.030297279357910156 0
2500 False 0 0.0 0
2600 True 1 0.018812179565429688 0
2700 True 0 0.01949906349182129 0
2800 False 0 0.0 0
2900 False 0 0.0 0
3000 True 1 0.019095659255981445 0
3100 True 0 0.018729448318481445 0
3200 False 0 0.0 0
3300 False 0 0.0 0
3400 True 0 0.019184112548828125 0
3500 False 0 0.0 0
3600 False 0 0.0 0
3700 False 0 0.0 0
3800 False 0 0.0 0
3900 False 0 0.0 0
4000 False 0 0.0 0
4100 True 1 0.018680810928344727 0
4200 False 0 0.0 0
4300 False 0 0.0 0
4400 False 0 0.0 0
4500 False 0 0.0 0
4600 False 0 0.0 0
4700 False 0 0.0 0
4800 True 1 0.018596887588500977 0
4900 False 0 0.0 0
5000 False 0 0.0 0
5100 False 0 0.0 0
5200 False 0 0.0 0
5300 False 0 0.0 0
5400 False 0 0.0 0
5500 False 0 0.0 0
5600 False 0 0.0 0
5700 False 0 0.0 0
5800 False 0 0.0 0
5900 False 0 0.0 0
6000 False 0 0.0 0
6100 True 0 0.019232511520385742 0
6200 False 0 0.0 0
6300 False 0 0.0 0
6400 False 0 0.0 0
6500 False 0 0.0 0
6600 True 1 0.018436193466186523 0
6700 True 0 0.018706321716308594 0
6800 True 1 0.019213438034057617 0
6900 False 0 0.0 0
7000 False 0 0.0 0
7100 True 1 0.029980182647705078 0
7200 False 0 0.0 0
7300 True 0 0.030210018157958984 0
7400 False 0 0.0 0
7500 False 0 0.0 0
7600 False 0 0.0 0
7700 True 0 0.01878046989440918 0
7800 True 1 0.01926589012145996 0
7900 False 0 0.0 0
8000 True 0 0.018572568893432617 0
8100 True 1 0.018624067306518555 0
8200 False 0 0.0 0
8300 False 0 0.0 0
8400 False 0 0.0 0
8500 False 0 0.0 0
8600 False 0 0.0 0
8700 False 0 0.0 0
8800 True 1 0.019002914428710938 0
8900 False 0 0.0 0
9000 False 0 0.0 0
9100 False 0 0.0 0
9200 True 0 0.01840519905090332 0
9300 False 0 0.0 0
9400 True 1 0.019057512283325195 0
9500 False 0 0.0 0
9600 True 1 0.01909780502319336 0
9700 True 1 0.01809549331665039 0
9800 False 0 0.0 0
9900 False 0 0.0 0
