0 True 0.001953125 13.63595962524414 0
100 False 0.0 0.0 0
200 False 0.0 0.0 0
300 True 0.0029296875 12.936338186264038 0
400 True 0.0341796875 12.953015089035034 0
500 False 0.0 0.0 0
600 True 0.001953125 13.33638048171997 0
700 True 0.0185546875 12.78527307510376 0
800 True 0.015625 13.095320463180542 0
900 False 0.0 0.0 0
1000 True 0.0205078125 12.988104581832886 0
1100 False 0.0 0.0 0
1200 False 0.0 0.0 0
1300 False 0.0 0.0 0
1400 True 0.0126953125 12.968825817108154 0
1500 False 0.0 0.0 0
1600 False 0.0 0.0 0
1700 False 0.0 0.0 0
1800 False 0.0 0.0 0
1900 True 0.0244140625 13.461453199386597 0
2000 False 0.0 0.0 0
2100 False 0.0 0.0 0
2200 True 0.0224609375 12.808551549911499 0
2300 False 0.0 0.0 0
2400 True 0.0390625 12.908098220825195 0
2500 False 0.0 0.0 0
2600 True 0.0205078125 12.78722095489502 0
2700 False 0.0 0.0 0
2800 False 0.0 0.0 0
2900 False 0.0 0.0 0
3000 True 0.029296875 12.985000610351562 0
3100 True 0.017578125 12.91454792022705 0
3200 False 0.0 0.0 0
3300 False 0.0 0.0 0
3400 False 0.0 0.0 0
3500 True 0.017578125 12.926520109176636 0
3600 False 0.0 0.0 0
3700 False 0.0 0.0 0
3800 True 0.01171875 13.129475355148315 0
3900 False 0.0 0.0 0
4000 False 0.0 0.0 0
4100 True 0.0302734375 12.740063190460205 0
4200 True 0.0048828125 13.075553178787231 0
4300 True 0.01953125 13.274125814437866 0
4400 False 0.0 0.0 0
4500 False 0.0 0.0 0
4600 False 0.0 0.0 0
4700 False 0.0 0.0 0
4800 True 0.0283203125 12.816169738769531 0
4900 False 0.0 0.0 0
5000 True 0.025390625 12.944087982177734 0
5100 True 0.005859375 12.8191659450531 0
5200 False 0.0 0.0 0
5300 False 0.0 0.0 0
5400 False 0.0 0.0 0
5500 True 0.005859375 13.187453985214233 0
5600 False 0.0 0.0 0
5700 True 0.013671875 12.783804178237915 0
5800 False 0.0 0.0 0
5900 False 0.0 0.0 0
6000 True 0.00390625 12.789913177490234 0
6100 True 0.013671875 12.713614225387573 0
6200 False 0.0 0.0 0
6300 False 0.0 0.0 0
6400 False 0.0 0.0 0
6500 False 0.0 0.0 0
6600 True 0.0283203125 12.864140510559082 0
6700 True 0.0048828125 12.723881483078003 0
6800 True 0.01171875 13.068313360214233 0
6900 False 0.0 0.0 0
7000 False 0.0 0.0 0
7100 True 0.0234375 13.00855016708374 0
7200 False 0.0 0.0 0
7300 False 0.0 0.0 0
7400 True 0.0126953125 13.117318153381348 0
7500 True 0.0107421875 13.107578992843628 0
7600 False 0.0 0.0 0
7700 True 0.017578125 12.9694504737854 0
7800 True 0.01953125 12.696034908294678 0
7900 False 0.0 0.0 0
8000 True 0.0166015625 12.79257607460022 0
8100 False 0.0 0.0 0
8200 False 0.0 0.0 0
8300 False 0.0 0.0 0
8400 False 0.0 0.0 0
8500 False 0.0 0.0 0
8600 False 0.0 0.0 0
8700 False 0.0 0.0 0
8800 True 0.0419921875 12.945953607559204 0
8900 False 0.0 0.0 0
9000 True 0.0205078125 12.766605138778687 0
9100 False 0.0 0.0 0
9200 True 0.02734375 12.806893587112427 0
9300 True 0.017578125 12.858860492706299 0
9400 True 0.0107421875 13.289683103561401 0
9500 True 0.0009765625 12.905653238296509 0
9600 True 0.0234375 12.969432830810547 0
9700 True 0.0185546875 13.27721118927002 0
9800 True 0.0224609375 12.545317649841309 0
9900 False 0.0 0.0 0
