0 False 0 0.0 0
100 False 0 0.0 0
200 False 0 0.0 0
300 True 0 1.434366226196289 0
400 True 1 1.3981378078460693 0
500 False 0 0.0 0
600 True 0 1.6012208461761475 0
700 True 1 1.5677721500396729 0
800 True 1 1.4279286861419678 0
900 False 0 0.0 0
1000 True 1 1.4702870845794678 0
1100 False 0 0.0 0
1200 True 0 1.4152510166168213 0
1300 False 0 0.0 0
1400 False 0 0.0 0
1500 True 1 1.431006908416748 0
1600 False 0 0.0 0
1700 True 0 1.4059085845947266 0
1800 True 0 1.5218372344970703 0
1900 True 1 1.5462193489074707 0
2000 False 0 0.0 0
2100 False 0 0.0 0
2200 True 0 1.5527942180633545 0
2300 False 0 0.0 0
2400 True 1 1.4529149532318115 0
2500 True 0 1.422724962234497 0
2600 True 1 1.6046743392944336 0
2700 True 1 1.4474542140960693 0
2800 False 0 0.0 0
2900 False 0 0.0 0
3000 True 1 1.4186615943908691 0
3100 True 1 1.5267565250396729 0
3200 False 0 0.0 0
3300 True 0 1.4868879318237305 0
3400 False 0 0.0 0
3500 True 0 1.4191648960113525 0
3600 False 0 0.0 0
3700 False 0 0.0 0
3800 True 1 1.3908960819244385 0
3900 False 0 0.0 0
4000 False 0 0.0 0
4100 True 1 1.4759812355041504 0
4200 False 0 0.0 0
4300 True 1 1.5648975372314453 0
4400 False 0 0.0 0
4500 True 0 1.411668062210083 0
4600 False 0 0.0 0
4700 False 0 0.0 0
4800 True 1 1.4400548934936523 0
4900 False 0 0.0 0
5000 True 1 1.3702044486999512 0
5100 True 1 1.4202022552490234 0
5200 True 1 1.4471614360809326 0
5300 False 0 0.0 0
5400 True 0 1.462252140045166 0
5500 True 0 1.6383743286132812 0
5600 True 0 1.3993849754333496 0
5700 True 0 1.400743007659912 0
5800 False 0 0.0 0
5900 False 0 0.0 0
6000 True 0 1.425231695175171 0
6100 True 1 1.5075111389160156 0
6200 False 0 0.0 0
6300 True 0 1.5332674980163574 0
6400 False 0 0.0 0
6500 False 0 0.0 0
6600 True 1 1.529071569442749 0
6700 True 0 1.4512958526611328 0
6800 True 0 1.5160653591156006 0
6900 False 0 0.0 0
7000 False 0 0.0 0
7100 False 0 0.0 0
7200 False 0 0.0 0
7300 False 0 0.0 0
7400 True 1 1.481691837310791 0
7500 True 1 1.5267562866210938 0
7600 False 0 0.0 0
7700 True 1 1.4148824214935303 0
7800 True 1 1.4412171840667725 0
7900 False 0 0.0 0
8000 True 0 1.428072214126587 0
8100 False 0 0.0 0
8200 False 0 0.0 0
8300 False 0 0.0 0
8400 False 0 0.0 0
8500 True 1 1.4131758213043213 0
8600 False 0 0.0 0
8700 True 0 1.5185182094573975 0
8800 True 1 1.5537536144256592 0
8900 False 0 0.0 0
9000 True 1 1.5847432613372803 0
9100 False 0 0.0 0
9200 True 1 1.4010684490203857 0
9300 True 0 1.5214312076568604 0
9400 True 1 1.516639232635498 0
9500 True 1 1.5132238864898682 0
9600 True 1 1.465531587600708 0
9700 True 1 1.451545000076294 0
9800 True 1 1.5817995071411133 0
9900 False 0 0.0 0
