0 True 0.0 12.819766759872437 0
100 False 0.0 0.0 0
200 False 0.0 0.0 0
300 True 0.033203125 12.765040874481201 0
400 True 0.04296875 12.556545734405518 0
500 True 0.0126953125 12.46084189414978 0
600 False 0.0 0.0 0
700 True 0.0146484375 12.649437665939331 0
800 True 0.0322265625 12.667291641235352 0
900 False 0.0 0.0 0
1000 True 0.0380859375 12.665294408798218 0
1100 False 0.0 0.0 0
1200 True 0.0400390625 12.59430456161499 0
1300 False 0.0 0.0 0
1400 True 0.029296875 12.53564453125 0
1500 False 0.0 0.0 0
1600 False 0.0 0.0 0
1700 False 0.0 0.0 0
1800 False 0.0 0.0 0
1900 True 0.0283203125 12.353928089141846 0
2000 False 0.0 0.0 0
2100 False 0.0 0.0 0
2200 True 0.0859375 12.793805837631226 0
2300 False 0.0 0.0 0
2400 True 0.0703125 12.41395616531372 0
2500 False 0.0 0.0 0
2600 True 0.05078125 12.729764699935913 0
2700 False 0.0 0.0 0
2800 False 0.0 0.0 0
2900 True 0.0400390625 14.10459280014038 0
3000 True 0.037109375 13.025657415390015 0
3100 True 0.02734375 13.05220651626587 0
3200 False 0.0 0.0 0
3300 False 0.0 0.0 0
3400 True 0.046875 13.291207790374756 0
3500 False 0.0 0.0 0
3600 False 0.0 0.0 0
3700 False 0.0 0.0 0
3800 True 0.0029296875 13.676055431365967 0
3900 False 0.0 0.0 0
4000 False 0.0 0.0 0
4100 True 0.068359375 13.612926483154297 0
4200 False 0.0 0.0 0
4300 True 0.0400390625 13.089962482452393 0
4400 False 0.0 0.0 0
4500 False 0.0 0.0 0
4600 False 0.0 0.0 0
4700 False 0.0 0.0 0
4800 True 0.05078125 12.816514015197754 0
4900 False 0.0 0.0 0
5000 True 0.005859375 13.871302604675293 0
5100 True 0.0205078125 12.900509595870972 0
5200 True 0.01171875 12.65488862991333 0
5300 False 0.0 0.0 0
5400 False 0.0 0.0 0
5500 False 0.0 0.0 0
5600 False 0.0 0.0 0
5700 True 0.021484375 13.204928398132324 0
5800 False 0.0 0.0 0
5900 False 0.0 0.0 0
6000 True 0.017578125 13.232730150222778 0
6100 True 0.015625 13.031639575958252 0
6200 False 0.0 0.0 0
6300 False 0.0 0.0 0
6400 True 0.005859375 13.119536638259888 0
6500 False 0.0 0.0 0
6600 True 0.029296875 13.433777570724487 0
6700 False 0.0 0.0 0
6800 True 0.048828125 12.96895980834961 0
6900 True 0.0126953125 12.848745584487915 0
7000 False 0.0 0.0 0
7100 True 0.0595703125 12.785960674285889 0
7200 False 0.0 0.0 0
7300 False 0.0 0.0 0
7400 False 0.0 0.0 0
7500 True 0.0322265625 12.989950895309448 0
7600 True 0.005859375 13.030988454818726 0
7700 True 0.0458984375 13.036848306655884 0
7800 True 0.0712890625 12.928655624389648 0
7900 False 0.0 0.0 0
8000 True 0.017578125 12.94243597984314 0
8100 False 0.0 0.0 0
8200 False 0.0 0.0 0
8300 False 0.0 0.0 0
8400 False 0.0 0.0 0
8500 False 0.0 0.0 0
8600 True 0.029296875 13.310964345932007 0
8700 True 0.041015625 13.199247598648071 0
8800 True 0.0859375 13.049357414245605 0
8900 False 0.0 0.0 0
9000 True 0.0283203125 13.928087949752808 0
9100 False 0.0 0.0 0
9200 True 0.0439453125 14.130622625350952 0
9300 True 0.052734375 13.13322138786316 0
9400 True 0.03515625 13.406155824661255 0
9500 False 0.0 0.0 0
9600 True 0.0341796875 13.388229131698608 0
9700 True 0.08984375 13.22289776802063 0
9800 False 0.0 0.0 0
9900 False 0.0 0.0 0
