0 True 1 2.399152994155884 0
100 False 0 0.0 0
200 False 0 0.0 0
300 True 1 1.3494751453399658 0
400 True 1 1.5123755931854248 0
500 False 0 0.0 0
600 True 1 1.4952397346496582 0
700 True 1 1.5214347839355469 0
800 True 1 1.4864139556884766 0
900 False 0 0.0 0
1000 True 1 1.4697327613830566 0
1100 False 0 0.0 0
1200 True 0 1.466524600982666 0
1300 False 0 0.0 0
1400 False 0 0.0 0
1500 False 0 0.0 0
1600 True 0 1.3681049346923828 0
1700 False 0 0.0 0
1800 False 0 0.0 0
1900 True 1 1.5279169082641602 0
2000 False 0 0.0 0
2100 False 0 0.0 0
2200 True 0 1.3450689315795898 0
2300 False 0 0.0 0
2400 True 1 1.489776372909546 0
2500 False 0 0.0 0
2600 True 1 1.396726131439209 0
2700 True 0 1.514495611190796 0
2800 False 0 0.0 0
2900 True 0 1.3522388935089111 0
3000 True 1 1.3265979290008545 0
3100 True 1 1.472609519958496 0
3200 False 0 0.0 0
3300 True 0 1.4447519779205322 0
3400 False 0 0.0 0
3500 True 1 1.495997667312622 0
3600 False 0 0.0 0
3700 True 1 1.4614970684051514 0
3800 True 1 1.356849193572998 0
3900 False 0 0.0 0
4000 False 0 0.0 0
4100 True 1 1.3494434356689453 0
4200 False 0 0.0 0
4300 True 1 1.3814959526062012 0
4400 False 0 0.0 0
4500 True 1 1.4437739849090576 0
4600 False 0 0.0 0
4700 False 0 0.0 0
4800 True 1 1.3469786643981934 0
4900 False 0 0.0 0
5000 True 1 1.471407175064087 0
5100 True 1 1.496363878250122 0
5200 True 1 1.3451178073883057 0
5300 False 0 0.0 0
5400 True 1 1.3639068603515625 0
5500 False 0 0.0 0
5600 False 0 0.0 0
5700 True 1 1.337533712387085 0
5800 False 0 0.0 0
5900 False 0 0.0 0
6000 True 1 1.4678642749786377 0
6100 True 1 1.4746935367584229 0
6200 True 1 1.4819402694702148 0
6300 False 0 0.0 0
6400 False 0 0.0 0
6500 False 0 0.0 0
6600 True 1 1.3554201126098633 0
6700 True 1 1.3362407684326172 0
6800 False 0 0.0 0
6900 False 0 0.0 0
7000 False 0 0.0 0
7100 True 1 1.4648423194885254 0
7200 False 0 0.0 0
7300 True 0 1.4751780033111572 0
7400 True 1 1.4154694080352783 0
7500 True 1 1.4659676551818848 0
7600 False 0 0.0 0
7700 True 1 1.3510406017303467 0
7800 True 0 1.3612325191497803 0
7900 False 0 0.0 0
8000 True 0 1.3522720336914062 0
8100 False 0 0.0 0
8200 False 0 0.0 0
8300 False 0 0.0 0
8400 True 1 1.491748332977295 0
8500 True 1 1.4852581024169922 0
8600 True 1 1.4966375827789307 0
8700 True 1 1.4746217727661133 0
8800 True 1 1.4880008697509766 0
8900 True 1 1.4827449321746826 0
9000 True 1 1.3722519874572754 0
9100 False 0 0.0 0
9200 True 1 1.502504825592041 0
9300 False 0 0.0 0
9400 True 1 1.505190134048462 0
9500 True 0 1.4807167053222656 0
9600 True 1 1.44712233543396 0
9700 True 1 1.364112138748169 0
9800 True 1 1.4721806049346924 0
9900 False 0 0.0 0
