0 False 0 0.0 0
100 False 0 0.0 0
200 False 0 0.0 0
300 True 1 11.689875602722168 0
400 True 1 10.416930913925171 0
500 False 0 0.0 0
600 True 0 10.312266826629639 0
700 True 0 10.09376573562622 0
800 True 0 10.115437984466553 0
900 False 0 0.0 0
1000 True 0 10.360775709152222 0
1100 False 0 0.0 0
1200 True 0 10.21275806427002 0
1300 True 1 10.192499876022339 0
1400 True 0 10.22602915763855 0
1500 False 0 0.0 0
1600 False 0 0.0 0
1700 False 0 0.0 0
1800 False 0 0.0 0
1900 True 0 10.066210508346558 0
2000 False 0 0.0 0
2100 False 0 0.0 0
2200 True 1 10.165241718292236 0
2300 False 0 0.0 0
2400 True 1 10.394091606140137 0
2500 False 0 0.0 0
2600 True 1 10.050335168838501 0
2700 True 0 10.149779081344604 0
2800 False 0 0.0 0
2900 False 0 0.0 0
3000 True 1 10.04040813446045 0
3100 True 0 10.136877059936523 0
3200 False 0 0.0 0
3300 True 0 10.11933422088623 0
3400 True 0 10.035048246383667 0
3500 True 0 10.036518573760986 0
3600 False 0 0.0 0
3700 False 0 0.0 0
3800 True 0 9.933550119400024 0
3900 False 0 0.0 0
4000 False 0 0.0 0
4100 True 1 10.007843732833862 0
4200 False 0 0.0 0
4300 True 0 10.212295770645142 0
4400 False 0 0.0 0
4500 True 0 10.1032874584198 0
4600 False 0 0.0 0
4700 False 0 0.0 0
4800 True 0 10.141913414001465 0
4900 False 0 0.0 0
5000 True 0 10.128823518753052 0
5100 True 0 10.030493021011353 0
5200 False 0 0.0 0
5300 False 0 0.0 0
5400 True 0 10.022653341293335 0
5500 False 0 0.0 0
5600 False 0 0.0 0
5700 False 0 0.0 0
5800 False 0 0.0 0
5900 False 0 0.0 0
6000 False 0 0.0 0
6100 True 0 10.081266641616821 0
6200 False 0 0.0 0
6300 False 0 0.0 0
6400 False 0 0.0 0
6500 False 0 0.0 0
6600 True 1 10.107076644897461 0
6700 True 0 10.145219087600708 0
6800 True 0 10.09997844696045 0
6900 True 0 10.138741254806519 0
7000 False 0 0.0 0
7100 True 1 10.054003715515137 0
7200 True 0 10.211266040802002 0
7300 False 0 0.0 0
7400 False 0 0.0 0
7500 True 1 10.03137493133545 0
7600 False 0 0.0 0
7700 True 1 10.010940313339233 0
7800 True 1 10.054574728012085 0
7900 False 0 0.0 0
8000 True 0 10.15630030632019 0
8100 False 0 0.0 0
8200 False 0 0.0 0
8300 False 0 0.0 0
8400 False 0 0.0 0
8500 False 0 0.0 0
8600 True 0 10.074049949645996 0
8700 True 0 10.04576563835144 0
8800 True 1 9.910181283950806 0
8900 False 0 0.0 0
9000 True 0 10.161018133163452 0
9100 False 0 0.0 0
9200 True 0 9.849793910980225 0
9300 True 0 9.721167802810669 0
9400 True 0 10.12739872932434 0
9500 False 0 0.0 0
9600 True 0 10.1408109664917 0
9700 True 0 10.015418291091919 0
9800 True 1 10.000460147857666 0
9900 False 0 0.0 0
