0 True 0 12.468883037567139 0
100 False 0 0.0 0
200 False 0 0.0 0
300 True 0 11.011629581451416 0
400 True 1 10.676907300949097 0
500 False 0 0.0 0
600 True 1 10.904579401016235 0
700 True 1 10.768254041671753 0
800 True 1 11.065682172775269 0
900 False 0 0.0 0
1000 True 1 11.069686889648438 0
1100 False 0 0.0 0
1200 True 1 10.75505256652832 0
1300 True 1 10.893548965454102 0
1400 True 1 10.940869092941284 0
1500 True 0 10.985501766204834 0
1600 False 0 0.0 0
1700 False 0 0.0 0
1800 False 0 0.0 0
1900 True 1 10.925364017486572 0
2000 False 0 0.0 0
2100 False 0 0.0 0
2200 True 1 10.980856895446777 0
2300 False 0 0.0 0
2400 True 1 10.582355737686157 0
2500 False 0 0.0 0
2600 True 1 10.872377395629883 0
2700 True 1 10.734403371810913 0
2800 True 0 10.975319147109985 0
2900 False 0 0.0 0
3000 True 1 10.636384963989258 0
3100 True 1 10.671127796173096 0
3200 False 0 0.0 0
3300 False 0 0.0 0
3400 False 0 0.0 0
3500 True 1 10.761457681655884 0
3600 False 0 0.0 0
3700 False 0 0.0 0
3800 True 1 10.737903594970703 0
3900 False 0 0.0 0
4000 False 0 0.0 0
4100 True 1 10.877156019210815 0
4200 False 0 0.0 0
4300 True 1 11.062622785568237 0
4400 False 0 0.0 0
4500 True 0 11.049858331680298 0
4600 False 0 0.0 0
4700 False 0 0.0 0
4800 True 1 10.879231214523315 0
4900 False 0 0.0 0
5000 True 1 11.194960832595825 0
5100 True 1 10.956936120986938 0
5200 True 1 10.867534399032593 0
5300 True 0 11.068225383758545 0
5400 True 1 10.817554235458374 0
5500 True 0 10.95964765548706 0
5600 True 0 10.783618450164795 0
5700 True 1 11.369054079055786 0
5800 False 0 0.0 0
5900 False 0 0.0 0
6000 True 0 11.18012285232544 0
6100 True 1 11.0142662525177 0
6200 True 1 11.298640966415405 0
6300 False 0 0.0 0
6400 True 1 11.152486324310303 0
6500 False 0 0.0 0
6600 True 1 10.918514013290405 0
6700 False 0 0.0 0
6800 True 0 10.83373212814331 0
6900 False 0 0.0 0
7000 False 0 0.0 0
7100 True 0 10.83230209350586 0
7200 True 0 10.604273319244385 0
7300 False 0 0.0 0
7400 True 1 10.456273555755615 0
7500 True 1 11.434998035430908 0
7600 False 0 0.0 0
7700 True 1 10.81885290145874 0
7800 True 0 10.847122192382812 0
7900 False 0 0.0 0
8000 True 0 10.661277770996094 0
8100 False 0 0.0 0
8200 False 0 0.0 0
8300 False 0 0.0 0
8400 True 1 10.848918914794922 0
8500 True 0 10.638534307479858 0
8600 True 0 10.724963665008545 0
8700 True 0 10.885493993759155 0
8800 True 1 10.719252109527588 0
8900 True 1 10.901944637298584 0
9000 True 1 10.656282901763916 0
9100 False 0 0.0 0
9200 True 1 10.989023685455322 0
9300 True 1 11.048196077346802 0
9400 True 1 11.190940618515015 0
9500 False 0 0.0 0
9600 True 1 10.747718572616577 0
9700 True 1 11.01087236404419 0
9800 True 1 10.883002042770386 0
9900 True 1 10.864402532577515 0
