0 True 0 11.15347671508789 0
100 False 0 0.0 0
200 True 0 10.936712741851807 0
300 True 1 11.35674524307251 0
400 True 1 11.161698341369629 0
500 False 0 0.0 0
600 True 1 11.089929580688477 0
700 True 1 11.19528865814209 0
800 True 1 11.074355602264404 0
900 True 0 11.213144063949585 0
1000 True 1 10.910483837127686 0
1100 False 0 0.0 0
1200 True 1 10.943450212478638 0
1300 True 0 10.780783891677856 0
1400 False 0 0.0 0
1500 True 1 11.028940439224243 0
1600 False 0 0.0 0
1700 False 0 0.0 0
1800 True 0 10.850050926208496 0
1900 True 1 10.915755987167358 0
2000 True 0 10.94383192062378 0
2100 False 0 0.0 0
2200 True 1 10.813922643661499 0
2300 False 0 0.0 0
2400 True 1 11.089776039123535 0
2500 True 0 11.074455499649048 0
2600 True 1 11.267919063568115 0
2700 True 1 10.966381072998047 0
2800 True 0 11.094536781311035 0
2900 False 0 0.0 0
3000 True 1 11.019667625427246 0
3100 True 1 11.136364459991455 0
3200 True 1 11.090287446975708 0
3300 True 1 11.163330554962158 0
3400 False 0 0.0 0
3500 True 1 10.961023807525635 0
3600 False 0 0.0 0
3700 True 0 11.06567668914795 0
3800 True 1 11.103583335876465 0
3900 False 0 0.0 0
4000 False 0 0.0 0
4100 True 1 11.449580430984497 0
4200 False 0 0.0 0
4300 True 1 10.746214151382446 0
4400 False 0 0.0 0
4500 False 0 0.0 0
4600 True 0 11.064924240112305 0
4700 False 0 0.0 0
4800 True 1 11.148331642150879 0
4900 True 0 11.170905590057373 0
5000 True 1 11.221269130706787 0
5100 True 1 11.154659748077393 0
5200 True 1 11.093040466308594 0
5300 True 0 11.134727478027344 0
5400 True 0 11.163253545761108 0
5500 False 0 0.0 0
5600 True 1 11.099271059036255 0
5700 True 1 11.185345649719238 0
5800 False 0 0.0 0
5900 False 0 0.0 0
6000 True 1 11.17921757698059 0
6100 True 1 11.272823333740234 0
6200 False 0 0.0 0
6300 True 0 11.200623035430908 0
6400 False 0 0.0 0
6500 False 0 0.0 0
6600 True 1 11.054812908172607 0
6700 True 1 11.076557159423828 0
6800 True 0 10.771904230117798 0
6900 True 0 11.135131359100342 0
7000 False 0 0.0 0
7100 False 0 0.0 0
7200 True 0 11.272993803024292 0
7300 False 0 0.0 0
7400 True 1 11.130223512649536 0
7500 True 1 10.91286015510559 0
7600 False 0 0.0 0
7700 True 1 10.915121078491211 0
7800 True 1 11.597080945968628 0
7900 True 1 11.234571695327759 0
8000 True 1 11.044241428375244 0
8100 False 0 0.0 0
8200 False 0 0.0 0
8300 False 0 0.0 0
8400 True 0 10.990079879760742 0
8500 True 1 10.867756366729736 0
8600 False 0 0.0 0
8700 True 1 10.750521183013916 0
8800 True 1 10.505357503890991 0
8900 True 1 11.400062084197998 0
9000 True 1 11.04825234413147 0
9100 True 0 11.325708627700806 0
9200 True 1 11.04441213607788 0
9300 False 0 0.0 0
9400 True 1 10.941803693771362 0
9500 True 1 10.90077543258667 0
9600 True 1 11.051098346710205 0
9700 True 1 11.031441688537598 0
9800 True 1 10.907167673110962 0
9900 True 1 11.166994571685791 0
