0 False 0 0.0 0
100 False 0 0.0 0
200 False 0 0.0 0
300 True 0 39.82850670814514 0
400 True 0 36.65539574623108 0
500 False 0 0.0 0
600 True 0 38.45946216583252 0
700 True 0 36.7895610332489 0
800 True 0 38.57783031463623 0
900 False 0 0.0 0
1000 True 0 38.34045648574829 0
1100 False 0 0.0 0
1200 True 0 37.14307188987732 0
1300 False 0 0.0 0
1400 True 0 38.84760046005249 0
1500 True 0 37.64797377586365 0
1600 False 0 0.0 0
1700 False 0 0.0 0
1800 False 0 0.0 0
1900 True 0 37.53229522705078 0
2000 False 0 0.0 0
2100 False 0 0.0 0
2200 True 0 38.99601650238037 0
2300 False 0 0.0 0
2400 True 0 37.377344608306885 0
2500 False 0 0.0 0
2600 True 0 37.852163791656494 0
2700 True 0 38.02728199958801 0
2800 False 0 0.0 0
2900 False 0 0.0 0
3000 True 0 38.65772557258606 0
3100 True 0 39.152952671051025 0
3200 False 0 0.0 0
3300 False 0 0.0 0
3400 False 0 0.0 0
3500 True 0 38.01148247718811 0
3600 False 0 0.0 0
3700 False 0 0.0 0
3800 True 0 37.59720039367676 0
3900 False 0 0.0 0
4000 False 0 0.0 0
4100 True 0 37.42576861381531 0
4200 False 0 0.0 0
4300 True 0 38.75409293174744 0
4400 False 0 0.0 0
4500 False 0 0.0 0
4600 False 0 0.0 0
4700 False 0 0.0 0
4800 True 0 37.8614604473114 0
4900 False 0 0.0 0
5000 True 0 38.17049694061279 0
5100 True 0 39.62006211280823 0
5200 True 0 37.31832981109619 0
5300 False 0 0.0 0
5400 True 0 38.400580406188965 0
5500 True 0 38.55253624916077 0
5600 False 0 0.0 0
5700 True 0 38.517240047454834 0
5800 False 0 0.0 0
5900 False 0 0.0 0
6000 True 0 39.40440917015076 0
6100 True 0 38.80603623390198 0
6200 False 0 0.0 0
6300 True 0 38.9323296546936 0
6400 False 0 0.0 0
6500 False 0 0.0 0
6600 True 0 37.168190002441406 0
6700 True 0 38.86645793914795 0
6800 True 0 40.69598650932312 0
6900 False 0 0.0 0
7000 False 0 0.0 0
7100 True 0 37.55142664909363 0
7200 False 0 0.0 0
7300 False 0 0.0 0
7400 True 0 37.72583031654358 0
7500 True 0 38.36092281341553 0
7600 False 0 0.0 0
7700 True 0 40.48972725868225 0
7800 True 0 38.099695920944214 0
7900 False 0 0.0 0
8000 True 0 37.73003387451172 0
8100 False 0 0.0 0
8200 False 0 0.0 0
8300 False 0 0.0 0
8400 True 0 39.11000728607178 0
8500 True 0 38.98552703857422 0
8600 True 0 38.60093426704407 0
8700 True 0 38.292704343795776 0
8800 True 0 36.45280432701111 0
8900 False 0 0.0 0
9000 True 0 38.83492422103882 0
9100 False 0 0.0 0
9200 True 0 37.45380711555481 0
9300 True 0 38.08567786216736 0
9400 True 0 37.99383568763733 0
9500 True 0 39.50319719314575 0
9600 True 0 38.12628412246704 0
9700 True 0 37.32281041145325 0
9800 True 0 37.24593949317932 0
9900 False 0 0.0 0
