0 True 0 36.70904874801636 0
100 False 0 0.0 0
200 False 0 0.0 0
300 True 1 34.752121448516846 0
400 True 1 35.0107057094574 0
500 False 0 0.0 0
600 True 1 35.067134857177734 0
700 True 1 35.161892890930176 0
800 True 1 34.702367544174194 0
900 False 0 0.0 0
1000 True 1 34.826679944992065 0
1100 False 0 0.0 0
1200 True 1 34.545955181121826 0
1300 False 0 0.0 0
1400 True 1 35.00680923461914 0
1500 False 0 0.0 0
1600 False 0 0.0 0
1700 False 0 0.0 0
1800 True 0 34.59720206260681 0
1900 True 1 34.41115856170654 0
2000 False 0 0.0 0
2100 False 0 0.0 0
2200 False 0 0.0 0
2300 False 0 0.0 0
2400 True 1 34.18588662147522 0
2500 False 0 0.0 0
2600 True 1 34.91402006149292 0
2700 True 1 34.163684368133545 0
2800 False 0 0.0 0
2900 False 0 0.0 0
3000 True 1 34.85127401351929 0
3100 True 1 34.82103157043457 0
3200 True 0 34.68318748474121 0
3300 True 0 34.41608548164368 0
3400 True 0 34.443119764328 0
3500 True 1 34.89693093299866 0
3600 False 0 0.0 0
3700 False 0 0.0 0
3800 True 1 34.480294704437256 0
3900 False 0 0.0 0
4000 False 0 0.0 0
4100 True 1 34.70378065109253 0
4200 True 0 34.57029104232788 0
4300 True 1 34.931684255599976 0
4400 False 0 0.0 0
4500 True 0 34.22539281845093 0
4600 False 0 0.0 0
4700 False 0 0.0 0
4800 True 1 34.09108352661133 0
4900 True 0 34.858834743499756 0
5000 True 1 34.33961749076843 0
5100 True 1 34.33964443206787 0
5200 True 1 34.81688976287842 0
5300 False 0 0.0 0
5400 True 1 35.16138434410095 0
5500 False 0 0.0 0
5600 True 1 34.97952604293823 0
5700 True 1 35.282923221588135 0
5800 False 0 0.0 0
5900 False 0 0.0 0
6000 True 0 34.628241300582886 0
6100 True 1 34.79431462287903 0
6200 True 1 34.696560859680176 0
6300 False 0 0.0 0
6400 True 1 33.84443020820618 0
6500 False 0 0.0 0
6600 True 1 35.188562631607056 0
6700 True 0 35.56051063537598 0
6800 True 1 35.07146167755127 0
6900 True 1 35.266361236572266 0
7000 False 0 0.0 0
7100 False 0 0.0 0
7200 True 0 35.274181604385376 0
7300 False 0 0.0 0
7400 True 0 34.70088982582092 0
7500 True 1 34.74864745140076 0
7600 False 0 0.0 0
7700 True 1 34.66316246986389 0
7800 True 0 34.69208908081055 0
7900 False 0 0.0 0
8000 True 0 34.68756723403931 0
8100 True 1 35.007986068725586 0
8200 False 0 0.0 0
8300 False 0 0.0 0
8400 True 0 34.82614874839783 0
8500 True 0 34.591463565826416 0
8600 True 1 34.24952054023743 0
8700 True 1 34.61398649215698 0
8800 True 1 34.589006185531616 0
8900 True 1 34.39029836654663 0
9000 True 1 34.487815618515015 0
9100 False 0 0.0 0
9200 True 1 34.22436451911926 0
9300 True 0 34.38286781311035 0
9400 True 1 34.92200708389282 0
9500 True 1 34.685434103012085 0
9600 True 1 34.5814106464386 0
9700 True 1 34.63763499259949 0
9800 True 1 34.46779227256775 0
9900 True 1 34.32906913757324 0
