0 False 0 0.0 0
100 False 0 0.0 0
200 False 0 0.0 0
300 True 0 1.5202090740203857 0
400 True 1 1.6354403495788574 0
500 False 0 0.0 0
600 True 1 1.6994166374206543 0
700 True 0 1.6035335063934326 0
800 True 0 1.4741888046264648 0
900 False 0 0.0 0
1000 True 1 1.5254898071289062 0
1100 False 0 0.0 0
1200 False 0 0.0 0
1300 False 0 0.0 0
1400 True 0 1.520700216293335 0
1500 False 0 0.0 0
1600 False 0 0.0 0
1700 False 0 0.0 0
1800 False 0 0.0 0
1900 True 0 1.5650019645690918 0
2000 False 0 0.0 0
2100 False 0 0.0 0
2200 True 1 1.6770751476287842 0
2300 False 0 0.0 0
2400 True 1 1.5822746753692627 0
2500 False 0 0.0 0
2600 True 1 1.4422998428344727 0
2700 False 0 0.0 0
2800 False 0 0.0 0
2900 False 0 0.0 0
3000 True 1 1.561875820159912 0
3100 True 1 1.521519422531128 0
3200 False 0 0.0 0
3300 False 0 0.0 0
3400 True 1 1.427274227142334 0
3500 False 0 0.0 0
3600 False 0 0.0 0
3700 False 0 0.0 0
3800 False 0 0.0 0
3900 False 0 0.0 0
4000 False 0 0.0 0
4100 True 1 1.3616142272949219 0
4200 False 0 0.0 0
4300 True 1 1.469379186630249 0
4400 True 0 1.7516882419586182 0
4500 True 1 1.5473713874816895 0
4600 False 0 0.0 0
4700 True 0 1.6661195755004883 0
4800 True 1 1.5630087852478027 0
4900 True 0 1.5912489891052246 0
5000 False 0 0.0 0
5100 False 0 0.0 0
5200 False 0 0.0 0
5300 True 0 1.6201999187469482 0
5400 False 0 0.0 0
5500 False 0 0.0 0
5600 False 0 0.0 0
5700 False 0 0.0 0
5800 False 0 0.0 0
5900 False 0 0.0 0
6000 True 0 1.7832963466644287 0
6100 False 0 0.0 0
6200 False 0 0.0 0
6300 False 0 0.0 0
6400 False 0 0.0 0
6500 True 0 1.5991952419281006 0
6600 True 1 1.4920823574066162 0
6700 True 0 1.618732213973999 0
6800 True 1 1.4262137413024902 0
6900 False 0 0.0 0
7000 False 0 0.0 0
7100 True 1 1.5291001796722412 0
7200 False 0 0.0 0
7300 False 0 0.0 0
7400 False 0 0.0 0
7500 False 0 0.0 0
7600 False 0 0.0 0
7700 True 0 1.893359661102295 0
7800 True 1 1.4322824478149414 0
7900 False 0 0.0 0
8000 True 0 1.4362750053405762 0
8100 True 0 1.7826452255249023 0
8200 False 0 0.0 0
8300 False 0 0.0 0
8400 False 0 0.0 0
8500 False 0 0.0 0
8600 False 0 0.0 0
8700 False 0 0.0 0
8800 True 1 1.5160560607910156 0
8900 False 0 0.0 0
9000 False 0 0.0 0
9100 False 0 0.0 0
9200 True 0 1.5471477508544922 0
9300 False 0 0.0 0
9400 True 0 1.9154047966003418 0
9500 True 0 1.515836238861084 0
9600 True 0 1.6008610725402832 0
9700 True 1 1.5879864692687988 0
9800 False 0 0.0 0
9900 True 0 1.5520174503326416 0
