0 False 0.0 0.0 0
100 False 0.0 0.0 0
200 False 0.0 0.0 0
300 False 0.0 0.0 0
400 False 0.0 0.0 0
500 True 0.28125 0.016703128814697266 0
600 True 0.296875 0.01665353775024414 0
700 True 0.3046875 0.017548322677612305 0
800 False 0.0 0.0 0
900 False 0.0 0.0 0
1000 False 0.0 0.0 0
1100 True 0.296875 0.01660776138305664 0
1200 False 0.0 0.0 0
1300 False 0.0 0.0 0
1400 True 0.1953125 0.01706528663635254 0
1500 False 0.0 0.0 0
1600 False 0.0 0.0 0
1700 False 0.0 0.0 0
1800 True 0.296875 0.016165733337402344 0
1900 False 0.0 0.0 0
2000 True 0.296875 0.016788721084594727 0
2100 False 0.0 0.0 0
2200 True 0.3046875 0.0154876708984375 0
2300 False 0.0 0.0 0
2400 False 0.0 0.0 0
2500 False 0.0 0.0 0
2600 False 0.0 0.0 0
2700 True 0.3203125 0.016266584396362305 0
2800 False 0.0 0.0 0
2900 False 0.0 0.0 0
3000 True 0.140625 0.016641616821289062 0
3100 False 0.0 0.0 0
3200 False 0.0 0.0 0
3300 False 0.0 0.0 0
3400 False 0.0 0.0 0
3500 False 0.0 0.0 0
3600 False 0.0 0.0 0
3700 False 0.0 0.0 0
3800 False 0.0 0.0 0
3900 True 0.3125 0.018274545669555664 0
4000 False 0.0 0.0 0
4100 False 0.0 0.0 0
4200 True 0.3203125 0.016091108322143555 0
4300 False 0.0 0.0 0
4400 True 0.328125 0.016086339950561523 0
4500 False 0.0 0.0 0
4600 True 0.3046875 0.030166149139404297 0
4700 False 0.0 0.0 0
4800 False 0.0 0.0 0
4900 False 0.0 0.0 0
5000 True 0.0546875 0.016490459442138672 0
5100 False 0.0 0.0 0
5200 False 0.0 0.0 0
5300 False 0.0 0.0 0
5400 False 0.0 0.0 0
5500 False 0.0 0.0 0
5600 True 0.328125 0.01673150062561035 0
5700 True 0.2265625 0.016223430633544922 0
5800 False 0.0 0.0 0
5900 False 0.0 0.0 0
6000 False 0.0 0.0 0
6100 False 0.0 0.0 0
6200 False 0.0 0.0 0
6300 False 0.0 0.0 0
6400 True 0.1796875 0.016634225845336914 0
6500 False 0.0 0.0 0
6600 False 0.0 0.0 0
6700 False 0.0 0.0 0
6800 True 0.3046875 0.01701498031616211 0
6900 False 0.0 0.0 0
7000 True 0.3125 0.017760753631591797 0
7100 True 0.3046875 0.016591310501098633 0
7200 True 0.1171875 0.01660752296447754 0
7300 True 0.328125 0.016644001007080078 0
7400 False 0.0 0.0 0
7500 True 0.0859375 0.017364978790283203 0
7600 True 0.3046875 0.016973018646240234 0
7700 False 0.0 0.0 0
7800 False 0.0 0.0 0
7900 False 0.0 0.0 0
8000 False 0.0 0.0 0
8100 True 0.3125 0.017453432083129883 0
8200 True 0.328125 0.017358779907226562 0
8300 False 0.0 0.0 0
8400 False 0.0 0.0 0
8500 False 0.0 0.0 0
8600 True 0.3125 0.0169069766998291 0
8700 False 0.0 0.0 0
8800 True 0.3125 0.01673269271850586 0
8900 False 0.0 0.0 0
9000 True 0.125 0.045723676681518555 0
9100 False 0.0 0.0 0
9200 False 0.0 0.0 0
9300 True 0.328125 0.016066551208496094 0
9400 True 0.0625 0.01653885841369629 0
9500 True 0.3125 0.016796350479125977 0
9600 True 0.296875 0.016481637954711914 0
9700 True 0.0390625 0.016375303268432617 0
9800 True 0.3359375 0.017167329788208008 0
9900 True 0.1484375 0.01601099967956543 0
