0 True 1 0.003167390823364258 0
100 True 1 0.0036520957946777344 0
200 False 0 0.0 0
300 False 0 0.0 0
400 True 0 0.0032567977905273438 0
500 True 1 0.00366973876953125 0
600 True 1 0.0031697750091552734 0
700 True 1 0.003508329391479492 0
800 True 1 0.003217458724975586 0
900 True 0 0.003234386444091797 0
1000 True 0 0.004664182662963867 0
1100 True 1 0.003018617630004883 0
1200 False 0 0.0 0
1300 True 1 0.0031571388244628906 0
1400 True 1 0.0032300949096679688 0
1500 False 0 0.0 0
1600 False 0 0.0 0
1700 True 1 0.003180980682373047 0
1800 True 0 0.0030939579010009766 0
1900 True 0 0.0030710697174072266 0
2000 True 1 0.0034058094024658203 0
2100 True 1 0.0031576156616210938 0
2200 True 0 0.00357818603515625 0
2300 False 0 0.0 0
2400 True 0 0.002955913543701172 0
2500 True 1 0.00482177734375 0
2600 True 1 0.0051801204681396484 0
2700 True 1 0.003334522247314453 0
2800 True 1 0.003240823745727539 0
2900 True 0 0.0030870437622070312 0
3000 True 1 0.0035555362701416016 0
3100 True 1 0.0034911632537841797 0
3200 True 1 0.0031719207763671875 0
3300 True 1 0.0030112266540527344 0
3400 True 1 0.003402233123779297 0
3500 True 1 0.0032896995544433594 0
3600 False 0 0.0 0
3700 True 1 0.0031006336212158203 0
3800 True 0 0.0031435489654541016 0
3900 True 1 0.0031697750091552734 0
4000 True 1 0.0035636425018310547 0
4100 True 1 0.0030336380004882812 0
4200 True 1 0.0033211708068847656 0
4300 True 0 0.00468134880065918 0
4400 True 0 0.003095865249633789 0
4500 True 0 0.003286600112915039 0
4600 True 1 0.003716707229614258 0
4700 True 1 0.0032155513763427734 0
4800 True 1 0.003098726272583008 0
4900 True 0 0.003833293914794922 0
5000 True 1 0.004763364791870117 0
5100 False 0 0.0 0
5200 True 1 0.003450155258178711 0
5300 True 1 0.0035223960876464844 0
5400 True 1 0.0033118724822998047 0
5500 True 1 0.0032875537872314453 0
5600 False 0 0.0 0
5700 True 1 0.0032744407653808594 0
5800 True 1 0.003558635711669922 0
5900 True 0 0.003106832504272461 0
6000 True 0 0.0035843849182128906 0
6100 True 1 0.0033614635467529297 0
6200 True 1 0.0032129287719726562 0
6300 True 1 0.00313568115234375 0
6400 True 1 0.0035669803619384766 0
6500 True 1 0.0037293434143066406 0
6600 True 1 0.0029134750366210938 0
6700 True 0 0.0029718875885009766 0
6800 True 0 0.0031232833862304688 0
6900 True 1 0.0036487579345703125 0
7000 True 1 0.003098726272583008 0
7100 True 1 0.0031375885009765625 0
7200 False 0 0.0 0
7300 True 1 0.0031304359436035156 0
7400 True 0 0.0034241676330566406 0
7500 True 1 0.004782438278198242 0
7600 True 1 0.003161907196044922 0
7700 True 1 0.0035071372985839844 0
7800 False 0 0.0 0
7900 True 0 0.003276824951171875 0
8000 True 1 0.003125905990600586 0
8100 True 1 0.0037751197814941406 0
8200 True 1 0.0031812191009521484 0
8300 True 1 0.0037374496459960938 0
8400 True 1 0.003145456314086914 0
8500 True 1 0.0032494068145751953 0
8600 True 1 0.003580331802368164 0
8700 True 1 0.003136873245239258 0
8800 True 1 0.003535032272338867 0
8900 True 1 0.0034945011138916016 0
9000 True 1 0.003030061721801758 0
9100 True 1 0.0036787986755371094 0
9200 True 1 0.0032227039337158203 0
9300 True 1 0.003361225128173828 0
9400 True 1 0.0032014846801757812 0
9500 True 1 0.003828287124633789 0
9600 False 0 0.0 0
9700 True 0 0.0029616355895996094 0
9800 True 1 0.0032682418823242188 0
9900 True 1 0.0032854080200195312 0
