0 True 0.0078125 0.016919851303100586 0
100 True 0.0078125 0.03180050849914551 0
200 True 0.0078125 0.016549110412597656 0
300 False 0.0 0.0 0
400 True 0.0 0.017098188400268555 0
500 True 0.015625 0.015430212020874023 0
600 True 0.0078125 0.015377044677734375 0
700 True 0.0078125 0.016602277755737305 0
800 True 0.0 0.01609039306640625 0
900 True 0.0 0.016642093658447266 0
1000 True 0.0 0.01590728759765625 0
1100 True 0.0078125 0.01706075668334961 0
1200 False 0.0 0.0 0
1300 True 0.0 0.0166778564453125 0
1400 True 0.0078125 0.01950812339782715 0
1500 False 0.0 0.0 0
1600 True 0.0 0.01874566078186035 0
1700 True 0.0078125 0.016921281814575195 0
1800 False 0.0 0.0 0
1900 True 0.0 0.016981840133666992 0
2000 True 0.0078125 0.016277074813842773 0
2100 True 0.0 0.018198490142822266 0
2200 True 0.0078125 0.016976118087768555 0
2300 True 0.0 0.01735973358154297 0
2400 True 0.0 0.017737150192260742 0
2500 True 0.0 0.016467809677124023 0
2600 True 0.0078125 0.016642093658447266 0
2700 True 0.0078125 0.023938417434692383 0
2800 True 0.0078125 0.01660776138305664 0
2900 True 0.0078125 0.016543865203857422 0
3000 True 0.0078125 0.015352964401245117 0
3100 True 0.0 0.01654195785522461 0
3200 True 0.0078125 0.016666650772094727 0
3300 True 0.0078125 0.01718926429748535 0
3400 True 0.0078125 0.01619720458984375 0
3500 True 0.015625 0.020069122314453125 0
3600 True 0.0 0.016637325286865234 0
3700 True 0.0078125 0.016376733779907227 0
3800 True 0.0 0.016993999481201172 0
3900 True 0.0078125 0.01760077476501465 0
4000 False 0.0 0.0 0
4100 True 0.0 0.01616501808166504 0
4200 True 0.0 0.0164492130279541 0
4300 False 0.0 0.0 0
4400 True 0.0 0.02640080451965332 0
4500 False 0.0 0.0 0
4600 True 0.0078125 0.016392946243286133 0
4700 True 0.0078125 0.01603865623474121 0
4800 True 0.0078125 0.01662158966064453 0
4900 True 0.0078125 0.01696920394897461 0
5000 True 0.0 0.016982078552246094 0
5100 True 0.0 0.01700448989868164 0
5200 True 0.0 0.016948699951171875 0
5300 True 0.0078125 0.016344547271728516 0
5400 True 0.0078125 0.016603946685791016 0
5500 True 0.015625 0.01719212532043457 0
5600 False 0.0 0.0 0
5700 True 0.0078125 0.016709089279174805 0
5800 True 0.0 0.018598318099975586 0
5900 True 0.015625 0.0162355899810791 0
6000 True 0.0 0.01630425453186035 0
6100 True 0.0234375 0.016315937042236328 0
6200 True 0.0078125 0.017094850540161133 0
6300 True 0.0078125 0.018018245697021484 0
6400 False 0.0 0.0 0
6500 True 0.0078125 0.01652836799621582 0
6600 True 0.0 0.016252994537353516 0
6700 True 0.0 0.016766786575317383 0
6800 True 0.0078125 0.016775846481323242 0
6900 True 0.0078125 0.02255988121032715 0
7000 True 0.0078125 0.016009092330932617 0
7100 True 0.0078125 0.017008304595947266 0
7200 True 0.0 0.02205181121826172 0
7300 True 0.0078125 0.019339323043823242 0
7400 True 0.0078125 0.016461610794067383 0
7500 True 0.0078125 0.01880812644958496 0
7600 True 0.0078125 0.01956486701965332 0
7700 True 0.0 0.016749858856201172 0
7800 False 0.0 0.0 0
7900 True 0.0 0.017276525497436523 0
8000 True 0.015625 0.01652669906616211 0
8100 True 0.0078125 0.017703771591186523 0
8200 True 0.015625 0.015871763229370117 0
8300 True 0.0 0.016434907913208008 0
8400 True 0.015625 0.015735864639282227 0
8500 True 0.015625 0.0171048641204834 0
8600 True 0.0078125 0.016918420791625977 0
8700 True 0.0078125 0.022468090057373047 0
8800 True 0.0078125 0.016816139221191406 0
8900 True 0.0078125 0.016329288482666016 0
9000 True 0.0078125 0.017091989517211914 0
9100 True 0.0078125 0.016728639602661133 0
9200 True 0.0078125 0.01786661148071289 0
9300 True 0.0078125 0.0161745548248291 0
9400 True 0.0078125 0.016879796981811523 0
9500 True 0.0 0.01668715476989746 0
9600 True 0.0078125 0.0174252986907959 0
9700 False 0.0 0.0 0
9800 True 0.0 0.01805853843688965 0
9900 True 0.0078125 0.017009735107421875 0
