0 True 0.0 0.021180152893066406 0
100 True 0.0 0.021072864532470703 0
200 True 0.0 0.02058267593383789 0
300 True 0.0 0.020605802536010742 0
400 True 0.0 0.020673751831054688 0
500 True 0.0 0.02587437629699707 0
600 True 0.0 0.020246028900146484 0
700 True 0.0 0.021044492721557617 0
800 True 0.0 0.021099090576171875 0
900 True 0.0 0.023596763610839844 0
1000 True 0.0 0.02084970474243164 0
1100 True 0.0 0.020599842071533203 0
1200 True 0.0 0.019971609115600586 0
1300 True 0.0 0.020446062088012695 0
1400 True 0.0 0.02048182487487793 0
1500 False 0.0 0.0 0
1600 True 0.0 0.02080845832824707 0
1700 True 0.0 0.02058577537536621 0
1800 True 0.0 0.02198338508605957 0
1900 True 0.0 0.022263526916503906 0
2000 True 0.0 0.021541118621826172 0
2100 True 0.0 0.019973039627075195 0
2200 True 0.0 0.02130866050720215 0
2300 True 0.0 0.0217435359954834 0
2400 True 0.0 0.020090818405151367 0
2500 True 0.0 0.03570199012756348 0
2600 True 0.0 0.021266460418701172 0
2700 True 0.0 0.021102190017700195 0
2800 True 0.0 0.020291566848754883 0
2900 True 0.0 0.020983219146728516 0
3000 True 0.0 0.021105527877807617 0
3100 True 0.0 0.02000260353088379 0
3200 True 0.0 0.025211095809936523 0
3300 True 0.0 0.021824121475219727 0
3400 True 0.0 0.019698619842529297 0
3500 True 0.0 0.022367238998413086 0
3600 True 0.0 0.020984172821044922 0
3700 True 0.0 0.019742965698242188 0
3800 True 0.0 0.02077937126159668 0
3900 True 0.0 0.020709753036499023 0
4000 True 0.0 0.01947641372680664 0
4100 True 0.0 0.020049333572387695 0
4200 True 0.0 0.020641565322875977 0
4300 False 0.0 0.0 0
4400 True 0.0 0.02194499969482422 0
4500 False 0.0 0.0 0
4600 True 0.0 0.02051568031311035 0
4700 True 0.0 0.022280216217041016 0
4800 True 0.0 0.020478487014770508 0
4900 True 0.0 0.0342714786529541 0
5000 True 0.0 0.02035665512084961 0
5100 True 0.0 0.020666837692260742 0
5200 True 0.0 0.021266460418701172 0
5300 True 0.0 0.021379947662353516 0
5400 True 0.0 0.02172255516052246 0
5500 True 0.0 0.02100992202758789 0
5600 True 0.0 0.021309614181518555 0
5700 True 0.0 0.021149873733520508 0
5800 True 0.0 0.021445274353027344 0
5900 True 0.0 0.019938230514526367 0
6000 True 0.0 0.019881248474121094 0
6100 True 0.0 0.020345687866210938 0
6200 True 0.0 0.02193927764892578 0
6300 True 0.0 0.025853633880615234 0
6400 True 0.0 0.02087712287902832 0
6500 True 0.0 0.019603490829467773 0
6600 True 0.0 0.01967144012451172 0
6700 True 0.0 0.020628690719604492 0
6800 True 0.0 0.021992921829223633 0
6900 True 0.0 0.02029705047607422 0
7000 True 0.0 0.019446611404418945 0
7100 True 0.0 0.019869327545166016 0
7200 True 0.0 0.020262956619262695 0
7300 True 0.0 0.020142316818237305 0
7400 True 0.0 0.02122330665588379 0
7500 True 0.0 0.02026224136352539 0
7600 True 0.0 0.020671367645263672 0
7700 True 0.0 0.020683765411376953 0
7800 True 0.0 0.021507978439331055 0
7900 True 0.0 0.0284423828125 0
8000 True 0.0 0.02208709716796875 0
8100 True 0.0 0.020404577255249023 0
8200 True 0.0 0.020964622497558594 0
8300 True 0.0 0.02065300941467285 0
8400 True 0.0 0.020113468170166016 0
8500 True 0.0 0.020485639572143555 0
8600 True 0.0 0.03175616264343262 0
8700 True 0.0 0.02103281021118164 0
8800 True 0.0 0.020036697387695312 0
8900 True 0.0 0.023076534271240234 0
9000 True 0.0 0.02010798454284668 0
9100 True 0.0 0.020762205123901367 0
9200 True 0.0 0.02084803581237793 0
9300 True 0.0 0.020389318466186523 0
9400 True 0.0 0.02025771141052246 0
9500 True 0.0 0.020554780960083008 0
9600 True 0.0 0.020668983459472656 0
9700 True 0.0 0.021061182022094727 0
9800 True 0.0 0.02132558822631836 0
9900 True 0.0 0.02025604248046875 0
