0 True 0 0.0041196346282958984 0
100 True 0 0.004289388656616211 0
200 True 0 0.003896474838256836 0
300 True 0 0.004027605056762695 0
400 True 0 0.003983497619628906 0
500 True 0 0.003931522369384766 0
600 True 0 0.004678010940551758 0
700 True 0 0.0036211013793945312 0
800 True 0 0.0041501522064208984 0
900 True 0 0.0036258697509765625 0
1000 True 0 0.0041577816009521484 0
1100 True 0 0.003862142562866211 0
1200 True 0 0.003843069076538086 0
1300 True 0 0.004150867462158203 0
1400 True 0 0.004002094268798828 0
1500 False 0 0.0 0
1600 True 0 0.003879070281982422 0
1700 True 0 0.004101276397705078 0
1800 True 0 0.00403141975402832 0
1900 True 0 0.003968954086303711 0
2000 True 0 0.003992319107055664 0
2100 True 0 0.0039327144622802734 0
2200 True 0 0.003931999206542969 0
2300 True 0 0.0037963390350341797 0
2400 True 0 0.004365205764770508 0
2500 True 0 0.00437617301940918 0
2600 True 0 0.0037212371826171875 0
2700 True 0 0.004445791244506836 0
2800 True 0 0.004240751266479492 0
2900 True 0 0.004388093948364258 0
3000 True 0 0.003938913345336914 0
3100 True 0 0.0038917064666748047 0
3200 True 0 0.004242897033691406 0
3300 True 0 0.0050296783447265625 0
3400 True 0 0.0037724971771240234 0
3500 True 0 0.005326271057128906 0
3600 True 0 0.004060983657836914 0
3700 True 0 0.004132509231567383 0
3800 True 0 0.0038995742797851562 0
3900 True 0 0.003813505172729492 0
4000 True 0 0.004563331604003906 0
4100 True 0 0.004421234130859375 0
4200 True 0 0.0042192935943603516 0
4300 False 0 0.0 0
4400 True 0 0.003558635711669922 0
4500 False 0 0.0 0
4600 True 0 0.003872394561767578 0
4700 True 0 0.0038535594940185547 0
4800 True 0 0.0039217472076416016 0
4900 True 0 0.003774881362915039 0
5000 True 0 0.004270792007446289 0
5100 True 0 0.0041201114654541016 0
5200 True 0 0.0038466453552246094 0
5300 True 0 0.003973960876464844 0
5400 True 0 0.0038878917694091797 0
5500 True 0 0.0042591094970703125 0
5600 True 0 0.004373788833618164 0
5700 True 0 0.004363059997558594 0
5800 True 0 0.004117727279663086 0
5900 True 0 0.0038003921508789062 0
6000 True 0 0.003844022750854492 0
6100 True 0 0.0038695335388183594 0
6200 True 0 0.0037882328033447266 0
6300 True 0 0.003610372543334961 0
6400 True 0 0.003984689712524414 0
6500 True 0 0.003791332244873047 0
6600 True 0 0.004189729690551758 0
6700 True 0 0.0038995742797851562 0
6800 True 0 0.00408935546875 0
6900 True 0 0.004018068313598633 0
7000 True 0 0.003749370574951172 0
7100 True 0 0.004199028015136719 0
7200 True 0 0.0042781829833984375 0
7300 True 0 0.003720998764038086 0
7400 True 0 0.003792285919189453 0
7500 True 0 0.004024028778076172 0
7600 True 0 0.004002571105957031 0
7700 True 0 0.004087209701538086 0
7800 True 0 0.003813028335571289 0
7900 True 0 0.0039014816284179688 0
8000 True 0 0.0037577152252197266 0
8100 True 0 0.00359344482421875 0
8200 True 0 0.005406618118286133 0
8300 True 0 0.003991365432739258 0
8400 True 0 0.0042307376861572266 0
8500 True 0 0.006435871124267578 0
8600 True 0 0.004186391830444336 0
8700 True 0 0.0037200450897216797 0
8800 True 0 0.0036487579345703125 0
8900 True 0 0.003614664077758789 0
9000 True 0 0.0038602352142333984 0
9100 True 0 0.004056215286254883 0
9200 True 0 0.0039560794830322266 0
9300 True 0 0.003618955612182617 0
9400 True 0 0.0038366317749023438 0
9500 True 0 0.0042078495025634766 0
9600 True 0 0.0038285255432128906 0
9700 True 0 0.0038940906524658203 0
9800 True 0 0.0039632320404052734 0
9900 True 0 0.0035431385040283203 0
