0 True 0 0.003990650177001953 0
100 True 0 0.003822803497314453 0
200 True 0 0.003945112228393555 0
300 False 0 0.0 0
400 True 0 0.0038754940032958984 0
500 True 0 0.004221439361572266 0
600 True 0 0.0036580562591552734 0
700 True 0 0.0041506290435791016 0
800 False 0 0.0 0
900 True 0 0.0042073726654052734 0
1000 True 0 0.0042879581451416016 0
1100 True 0 0.0042819976806640625 0
1200 False 0 0.0 0
1300 True 0 0.017220735549926758 0
1400 True 0 0.003556489944458008 0
1500 False 0 0.0 0
1600 True 0 0.0042572021484375 0
1700 True 0 0.004141330718994141 0
1800 True 0 0.0042476654052734375 0
1900 True 0 0.003833770751953125 0
2000 True 0 0.0038836002349853516 0
2100 True 0 0.005330562591552734 0
2200 True 0 0.00389862060546875 0
2300 True 0 0.003944873809814453 0
2400 False 0 0.0 0
2500 False 0 0.0 0
2600 True 0 0.0036051273345947266 0
2700 True 0 0.0041484832763671875 0
2800 True 0 0.0063877105712890625 0
2900 True 0 0.004173755645751953 0
3000 True 0 0.0041351318359375 0
3100 True 0 0.0041234493255615234 0
3200 True 0 0.00401616096496582 0
3300 True 0 0.004179239273071289 0
3400 True 0 0.004025697708129883 0
3500 True 0 0.0037202835083007812 0
3600 True 0 0.004189491271972656 0
3700 True 0 0.0038118362426757812 0
3800 True 0 0.003738880157470703 0
3900 True 0 0.0038292407989501953 0
4000 False 0 0.0 0
4100 True 0 0.004421234130859375 0
4200 True 0 0.0042994022369384766 0
4300 False 0 0.0 0
4400 True 0 0.004410982131958008 0
4500 False 0 0.0 0
4600 True 0 0.003738880157470703 0
4700 True 0 0.004365682601928711 0
4800 True 0 0.0037431716918945312 0
4900 True 0 0.007109642028808594 0
5000 True 0 0.004216432571411133 0
5100 False 0 0.0 0
5200 True 0 0.0051422119140625 0
5300 True 0 0.003933429718017578 0
5400 True 0 0.00467228889465332 0
5500 True 0 0.00425410270690918 0
5600 True 0 0.004011392593383789 0
5700 True 0 0.0038805007934570312 0
5800 True 0 0.003784656524658203 0
5900 True 0 0.0038144588470458984 0
6000 True 0 0.0037844181060791016 0
6100 True 0 0.003888845443725586 0
6200 True 0 0.004039764404296875 0
6300 True 0 0.003876209259033203 0
6400 True 0 0.003794431686401367 0
6500 True 0 0.007669210433959961 0
6600 True 0 0.0042531490325927734 0
6700 True 0 0.003900766372680664 0
6800 True 0 0.003939390182495117 0
6900 True 0 0.0041391849517822266 0
7000 True 0 0.0050656795501708984 0
7100 True 0 0.003911256790161133 0
7200 True 0 0.004700422286987305 0
7300 True 0 0.00412297248840332 0
7400 True 0 0.004026651382446289 0
7500 True 0 0.003903627395629883 0
7600 True 0 0.004216432571411133 0
7700 True 0 0.0037763118743896484 0
7800 False 0 0.0 0
7900 True 0 0.003546476364135742 0
8000 True 0 0.0036215782165527344 0
8100 True 0 0.004312753677368164 0
8200 True 0 0.003753662109375 0
8300 True 0 0.004338502883911133 0
8400 True 0 0.0038204193115234375 0
8500 True 0 0.003977298736572266 0
8600 True 0 0.00455164909362793 0
8700 True 0 0.003916263580322266 0
8800 True 0 0.00410914421081543 0
8900 True 0 0.004033565521240234 0
9000 True 0 0.003862142562866211 0
9100 True 0 0.003963947296142578 0
9200 True 0 0.004086494445800781 0
9300 True 0 0.003853321075439453 0
9400 True 0 0.004120588302612305 0
9500 True 0 0.0039157867431640625 0
9600 True 0 0.0058324337005615234 0
9700 False 0 0.0 0
9800 True 0 0.00441431999206543 0
9900 True 0 0.0041675567626953125 0
