0 True 0.0 0.020579814910888672 0
100 True 0.0 0.020950794219970703 0
200 True 0.0 0.035114288330078125 0
300 False 0.0 0.0 0
400 True 0.0 0.021458148956298828 0
500 True 0.0 0.020069122314453125 0
600 True 0.0 0.02050924301147461 0
700 True 0.0 0.020566701889038086 0
800 False 0.0 0.0 0
900 True 0.0 0.020923137664794922 0
1000 True 0.0 0.021473407745361328 0
1100 True 0.0 0.021075725555419922 0
1200 False 0.0 0.0 0
1300 True 0.0 0.021125078201293945 0
1400 True 0.0 0.022400617599487305 0
1500 False 0.0 0.0 0
1600 True 0.0 0.02120041847229004 0
1700 True 0.0 0.030091524124145508 0
1800 True 0.0 0.022205352783203125 0
1900 True 0.0 0.020704984664916992 0
2000 True 0.0 0.02114725112915039 0
2100 True 0.0 0.019890308380126953 0
2200 True 0.0 0.02157735824584961 0
2300 True 0.0 0.020105838775634766 0
2400 False 0.0 0.0 0
2500 False 0.0 0.0 0
2600 True 0.0 0.023065805435180664 0
2700 True 0.0 0.02054738998413086 0
2800 True 0.0 0.022100210189819336 0
2900 True 0.0 0.020803213119506836 0
3000 True 0.0 0.020546436309814453 0
3100 True 0.0 0.019315004348754883 0
3200 True 0.0 0.02024388313293457 0
3300 True 0.0 0.021317481994628906 0
3400 True 0.0 0.021032094955444336 0
3500 True 0.0 0.02182769775390625 0
3600 True 0.0 0.02191329002380371 0
3700 True 0.0 0.022995710372924805 0
3800 True 0.0 0.02496623992919922 0
3900 True 0.0 0.022511959075927734 0
4000 False 0.0 0.0 0
4100 True 0.0 0.02064967155456543 0
4200 True 0.0 0.020425081253051758 0
4300 False 0.0 0.0 0
4400 True 0.0 0.021753549575805664 0
4500 False 0.0 0.0 0
4600 True 0.0 0.021363496780395508 0
4700 True 0.0 0.02114725112915039 0
4800 True 0.0 0.02091693878173828 0
4900 True 0.0 0.0207979679107666 0
5000 True 0.0 0.020949125289916992 0
5100 False 0.0 0.0 0
5200 True 0.0 0.020926475524902344 0
5300 True 0.0 0.021288156509399414 0
5400 True 0.0 0.02116560935974121 0
5500 True 0.0 0.02489757537841797 0
5600 True 0.0 0.020621299743652344 0
5700 True 0.0 0.03994011878967285 0
5800 True 0.0 0.02899456024169922 0
5900 True 0.0 0.021149635314941406 0
6000 True 0.0 0.021011829376220703 0
6100 True 0.0 0.02097487449645996 0
6200 True 0.0 0.043265342712402344 0
6300 True 0.0 0.020218849182128906 0
6400 True 0.0 0.02680802345275879 0
6500 True 0.0 0.02116227149963379 0
6600 True 0.0 0.02133011817932129 0
6700 True 0.0 0.0209505558013916 0
6800 True 0.0 0.019262313842773438 0
6900 True 0.0 0.020445585250854492 0
7000 True 0.0 0.02057671546936035 0
7100 True 0.0 0.020345449447631836 0
7200 True 0.0 0.02845001220703125 0
7300 True 0.0 0.019698619842529297 0
7400 True 0.0 0.020283222198486328 0
7500 True 0.0 0.021041154861450195 0
7600 True 0.0 0.019345998764038086 0
7700 True 0.0 0.022238492965698242 0
7800 False 0.0 0.0 0
7900 True 0.0 0.01972794532775879 0
8000 True 0.0 0.02398061752319336 0
8100 True 0.0 0.020964622497558594 0
8200 True 0.0 0.020495891571044922 0
8300 True 0.0 0.019654512405395508 0
8400 True 0.0 0.01934981346130371 0
8500 True 0.0 0.019680261611938477 0
8600 True 0.0 0.020871400833129883 0
8700 True 0.0 0.02074575424194336 0
8800 True 0.0 0.020308971405029297 0
8900 True 0.0 0.02094411849975586 0
9000 True 0.0 0.02194833755493164 0
9100 True 0.0 0.022652626037597656 0
9200 True 0.0 0.019829988479614258 0
9300 True 0.0 0.020520448684692383 0
9400 True 0.0 0.02172088623046875 0
9500 True 0.0 0.02101612091064453 0
9600 True 0.0 0.021195173263549805 0
9700 False 0.0 0.0 0
9800 True 0.0 0.02234172821044922 0
9900 True 0.0 0.020051956176757812 0
