0 True 1 0.003925323486328125 0
100 True 0 0.003570079803466797 0
200 True 0 0.004506587982177734 0
300 False 0 0.0 0
400 True 0 0.003838777542114258 0
500 True 1 0.004007101058959961 0
600 True 1 0.003591775894165039 0
700 False 0 0.0 0
800 True 1 0.003603219985961914 0
900 True 0 0.0036432743072509766 0
1000 False 0 0.0 0
1100 True 1 0.0040209293365478516 0
1200 False 0 0.0 0
1300 True 1 0.003991365432739258 0
1400 True 1 0.00379180908203125 0
1500 False 0 0.0 0
1600 False 0 0.0 0
1700 True 1 0.003866434097290039 0
1800 False 0 0.0 0
1900 False 0 0.0 0
2000 True 1 0.0038194656372070312 0
2100 True 1 0.003993988037109375 0
2200 True 1 0.004281282424926758 0
2300 False 0 0.0 0
2400 False 0 0.0 0
2500 False 0 0.0 0
2600 True 0 0.004351615905761719 0
2700 True 1 0.0040166378021240234 0
2800 False 0 0.0 0
2900 False 0 0.0 0
3000 True 0 0.003879070281982422 0
3100 True 0 0.0037276744842529297 0
3200 True 1 0.0036725997924804688 0
3300 True 1 0.003758668899536133 0
3400 True 1 0.003776073455810547 0
3500 True 1 0.0038323402404785156 0
3600 False 0 0.0 0
3700 True 1 0.004312276840209961 0
3800 True 0 0.0044100284576416016 0
3900 True 1 0.004518032073974609 0
4000 False 0 0.0 0
4100 False 0 0.0 0
4200 True 1 0.0037679672241210938 0
4300 False 0 0.0 0
4400 True 1 0.0038139820098876953 0
4500 True 0 0.004021406173706055 0
4600 True 1 0.003762960433959961 0
4700 True 0 0.004571676254272461 0
4800 True 1 0.004607677459716797 0
4900 True 0 0.00575566291809082 0
5000 True 1 0.005263566970825195 0
5100 True 0 0.004071474075317383 0
5200 True 1 0.004734039306640625 0
5300 True 0 0.0038652420043945312 0
5400 False 0 0.0 0
5500 True 1 0.006453514099121094 0
5600 True 1 0.0037794113159179688 0
5700 True 1 0.003903627395629883 0
5800 True 1 0.004030466079711914 0
5900 True 1 0.004400491714477539 0
6000 True 1 0.0039055347442626953 0
6100 True 1 0.0038230419158935547 0
6200 True 1 0.003879070281982422 0
6300 True 1 0.004019498825073242 0
6400 False 0 0.0 0
6500 True 0 0.00403904914855957 0
6600 False 0 0.0 0
6700 True 1 0.004059553146362305 0
6800 True 0 0.003751516342163086 0
6900 True 1 0.0038857460021972656 0
7000 True 1 0.004114866256713867 0
7100 False 0 0.0 0
7200 True 1 0.0038080215454101562 0
7300 True 1 0.004004716873168945 0
7400 True 1 0.004197120666503906 0
7500 True 1 0.00401759147644043 0
7600 True 1 0.003628253936767578 0
7700 True 0 0.003991127014160156 0
7800 False 0 0.0 0
7900 False 0 0.0 0
8000 True 1 0.004530429840087891 0
8100 True 1 0.0038824081420898438 0
8200 True 1 0.004393100738525391 0
8300 False 0 0.0 0
8400 True 1 0.003833293914794922 0
8500 True 1 0.004381895065307617 0
8600 True 1 0.004361629486083984 0
8700 True 1 0.0038955211639404297 0
8800 True 1 0.0039217472076416016 0
8900 True 1 0.0038847923278808594 0
9000 True 1 0.004584789276123047 0
9100 True 1 0.0038597583770751953 0
9200 True 0 0.003966808319091797 0
9300 True 1 0.0036649703979492188 0
9400 True 0 0.004404544830322266 0
9500 True 1 0.0038576126098632812 0
9600 True 0 0.0038292407989501953 0
9700 True 0 0.003596782684326172 0
9800 True 0 0.003968954086303711 0
9900 True 0 0.005362749099731445 0
