0 True 0.3125 0.021283388137817383 0
100 True 0.109375 0.021116971969604492 0
200 True 0.2265625 0.0209503173828125 0
300 False 0.0 0.0 0
400 True 0.0078125 0.020386457443237305 0
500 True 0.3046875 0.02106451988220215 0
600 True 0.3125 0.021679162979125977 0
700 False 0.0 0.0 0
800 True 0.4453125 0.020238876342773438 0
900 True 0.0234375 0.022513628005981445 0
1000 False 0.0 0.0 0
1100 True 0.3046875 0.020294189453125 0
1200 False 0.0 0.0 0
1300 True 0.3046875 0.020680904388427734 0
1400 True 0.3203125 0.020793437957763672 0
1500 False 0.0 0.0 0
1600 False 0.0 0.0 0
1700 True 0.3046875 0.02073383331298828 0
1800 False 0.0 0.0 0
1900 False 0.0 0.0 0
2000 True 0.296875 0.02306842803955078 0
2100 True 0.3125 0.020984172821044922 0
2200 True 0.3125 0.023705482482910156 0
2300 False 0.0 0.0 0
2400 False 0.0 0.0 0
2500 False 0.0 0.0 0
2600 True 0.203125 0.02150726318359375 0
2700 True 0.3125 0.034275054931640625 0
2800 False 0.0 0.0 0
2900 False 0.0 0.0 0
3000 True 0.140625 0.021042346954345703 0
3100 True 0.21875 0.020107507705688477 0
3200 True 0.3046875 0.020410776138305664 0
3300 True 0.3359375 0.02126145362854004 0
3400 True 0.3125 0.027171611785888672 0
3500 True 0.328125 0.02001667022705078 0
3600 False 0.0 0.0 0
3700 True 0.3359375 0.02057361602783203 0
3800 True 0.2109375 0.020720958709716797 0
3900 True 0.3125 0.022360563278198242 0
4000 False 0.0 0.0 0
4100 False 0.0 0.0 0
4200 True 0.3125 0.030590534210205078 0
4300 False 0.0 0.0 0
4400 True 0.3046875 0.020335912704467773 0
4500 True 0.015625 0.021349191665649414 0
4600 True 0.328125 0.02106618881225586 0
4700 True 0.109375 0.020609617233276367 0
4800 True 0.3125 0.02094745635986328 0
4900 True 0.234375 0.020679950714111328 0
5000 True 0.34375 0.027820587158203125 0
5100 True 0.2265625 0.020601749420166016 0
5200 True 0.3125 0.020029544830322266 0
5300 True 0.234375 0.021367788314819336 0
5400 False 0.0 0.0 0
5500 True 0.328125 0.020360231399536133 0
5600 True 0.3125 0.020006418228149414 0
5700 True 0.34375 0.022098302841186523 0
5800 True 0.3046875 0.03361773490905762 0
5900 True 0.3359375 0.020003318786621094 0
6000 True 0.3125 0.02055978775024414 0
6100 True 0.328125 0.0226898193359375 0
6200 True 0.3046875 0.028324127197265625 0
6300 True 0.3359375 0.021546125411987305 0
6400 False 0.0 0.0 0
6500 True 0.1328125 0.020604610443115234 0
6600 False 0.0 0.0 0
6700 True 0.3046875 0.021074533462524414 0
6800 True 0.2890625 0.020873069763183594 0
6900 True 0.3125 0.020863771438598633 0
7000 True 0.3125 0.019946813583374023 0
7100 False 0.0 0.0 0
7200 True 0.4921875 0.019369125366210938 0
7300 True 0.3203125 0.020857810974121094 0
7400 True 0.3203125 0.020737886428833008 0
7500 True 0.3203125 0.0222017765045166 0
7600 True 0.3203125 0.019846677780151367 0
7700 True 0.0859375 0.02032303810119629 0
7800 False 0.0 0.0 0
7900 False 0.0 0.0 0
8000 True 0.3046875 0.019945859909057617 0
8100 True 0.3125 0.02094554901123047 0
8200 True 0.3125 0.019374370574951172 0
8300 False 0.0 0.0 0
8400 True 0.3359375 0.021325111389160156 0
8500 True 0.3359375 0.020801305770874023 0
8600 True 0.3125 0.020355701446533203 0
8700 True 0.3125 0.0213015079498291 0
8800 True 0.3359375 0.025439977645874023 0
8900 True 0.3046875 0.026103973388671875 0
9000 True 0.3125 0.0205690860748291 0
9100 True 0.328125 0.020397663116455078 0
9200 True 0.0 0.020598888397216797 0
9300 True 0.3046875 0.019299030303955078 0
9400 True 0.1875 0.020363330841064453 0
9500 True 0.3359375 0.02028512954711914 0
9600 True 0.15625 0.02105402946472168 0
9700 True 0.2421875 0.02095198631286621 0
9800 True 0.28125 0.020276308059692383 0
9900 True 0.1484375 0.020592689514160156 0
