0 True 0.0234375 0.024211883544921875 0
100 True 0.0234375 0.022960901260375977 0
200 True 0.0078125 0.022791147232055664 0
300 True 0.0078125 0.02269721031188965 0
400 True 0.0078125 0.025998353958129883 0
500 True 0.03125 0.023202180862426758 0
600 True 0.0234375 0.02242732048034668 0
700 True 0.0234375 0.023346900939941406 0
800 True 0.0078125 0.023125410079956055 0
900 True 0.0 0.023278236389160156 0
1000 True 0.0078125 0.02396225929260254 0
1100 True 0.0234375 0.022909879684448242 0
1200 True 0.0078125 0.02321934700012207 0
1300 True 0.0234375 0.052275896072387695 0
1400 True 0.0234375 0.022382259368896484 0
1500 False 0.0 0.0 0
1600 True 0.0 0.024250507354736328 0
1700 True 0.0234375 0.022420167922973633 0
1800 True 0.0078125 0.023218631744384766 0
1900 True 0.015625 0.02105426788330078 0
2000 True 0.015625 0.02249908447265625 0
2100 True 0.015625 0.028800010681152344 0
2200 True 0.0078125 0.02195906639099121 0
2300 True 0.0234375 0.02257537841796875 0
2400 True 0.015625 0.022649526596069336 0
2500 True 0.015625 0.024134159088134766 0
2600 True 0.0234375 0.02249884605407715 0
2700 True 0.015625 0.02555561065673828 0
2800 True 0.015625 0.02309441566467285 0
2900 True 0.0078125 0.02490377426147461 0
3000 True 0.015625 0.022854328155517578 0
3100 True 0.0078125 0.023699522018432617 0
3200 True 0.0234375 0.02237391471862793 0
3300 True 0.015625 0.02167487144470215 0
3400 True 0.03125 0.02303290367126465 0
3500 True 0.03125 0.024870634078979492 0
3600 True 0.0234375 0.023252010345458984 0
3700 True 0.0234375 0.028517961502075195 0
3800 True 0.0078125 0.02436351776123047 0
3900 True 0.015625 0.023314952850341797 0
4000 True 0.0078125 0.022524118423461914 0
4100 True 0.015625 0.028218507766723633 0
4200 True 0.0234375 0.023588180541992188 0
4300 True 0.0 0.02182745933532715 0
4400 True 0.0078125 0.02827763557434082 0
4500 False 0.0 0.0 0
4600 True 0.03125 0.023681640625 0
4700 True 0.0234375 0.023279666900634766 0
4800 True 0.0234375 0.023597002029418945 0
4900 True 0.015625 0.02342367172241211 0
5000 True 0.0234375 0.023293733596801758 0
5100 True 0.0078125 0.02265310287475586 0
5200 True 0.015625 0.02318096160888672 0
5300 True 0.015625 0.02259683609008789 0
5400 True 0.0234375 0.025019407272338867 0
5500 True 0.03125 0.02183222770690918 0
5600 False 0.0 0.0 0
5700 True 0.0234375 0.02295684814453125 0
5800 True 0.015625 0.022638320922851562 0
5900 True 0.0234375 0.021961450576782227 0
6000 True 0.015625 0.023851871490478516 0
6100 True 0.0234375 0.028391122817993164 0
6200 True 0.0234375 0.024077653884887695 0
6300 True 0.015625 0.02289581298828125 0
6400 True 0.0078125 0.031215667724609375 0
6500 True 0.0234375 0.022948265075683594 0
6600 True 0.015625 0.025190114974975586 0
6700 True 0.015625 0.024303674697875977 0
6800 True 0.0234375 0.023882150650024414 0
6900 True 0.0234375 0.02337193489074707 0
7000 True 0.0234375 0.02238297462463379 0
7100 True 0.015625 0.023017168045043945 0
7200 True 0.015625 0.02268242835998535 0
7300 True 0.015625 0.02212977409362793 0
7400 True 0.0234375 0.022732973098754883 0
7500 True 0.015625 0.022788047790527344 0
7600 True 0.0234375 0.024380922317504883 0
7700 True 0.015625 0.022696256637573242 0
7800 True 0.0078125 0.02286672592163086 0
7900 True 0.0078125 0.02364969253540039 0
8000 True 0.0234375 0.02346515655517578 0
8100 True 0.015625 0.026506662368774414 0
8200 True 0.0234375 0.02340245246887207 0
8300 True 0.03125 0.022464513778686523 0
8400 True 0.03125 0.02158188819885254 0
8500 True 0.03125 0.023450613021850586 0
8600 True 0.0234375 0.022712230682373047 0
8700 True 0.015625 0.0236358642578125 0
8800 True 0.0390625 0.02474355697631836 0
8900 True 0.015625 0.023235559463500977 0
9000 True 0.0234375 0.025834321975708008 0
9100 True 0.03125 0.035230159759521484 0
9200 True 0.0234375 0.02342963218688965 0
9300 True 0.03125 0.038702964782714844 0
9400 True 0.0078125 0.026685237884521484 0
9500 True 0.015625 0.022861957550048828 0
9600 True 0.0234375 0.023051023483276367 0
9700 True 0.0 0.022670269012451172 0
9800 True 0.015625 0.022571563720703125 0
9900 True 0.015625 0.022348642349243164 0
