0 True 1 0.005181074142456055 0
100 True 1 0.004858970642089844 0
200 True 1 0.0042667388916015625 0
300 True 1 0.004396677017211914 0
400 True 1 0.0042150020599365234 0
500 True 1 0.0058977603912353516 0
600 True 1 0.004616975784301758 0
700 True 1 0.0043487548828125 0
800 True 1 0.004008293151855469 0
900 False 0 0.0 0
1000 True 1 0.004003286361694336 0
1100 True 1 0.0039904117584228516 0
1200 True 1 0.017779111862182617 0
1300 True 1 0.004607677459716797 0
1400 True 1 0.0040874481201171875 0
1500 True 0 0.004638195037841797 0
1600 True 1 0.004277229309082031 0
1700 True 1 0.004479408264160156 0
1800 True 1 0.0042188167572021484 0
1900 True 1 0.0041387081146240234 0
2000 True 1 0.0047185420989990234 0
2100 True 1 0.004674434661865234 0
2200 True 1 0.00444483757019043 0
2300 True 1 0.004280805587768555 0
2400 True 1 0.0045053958892822266 0
2500 True 1 0.00788426399230957 0
2600 True 1 0.003958940505981445 0
2700 True 1 0.0040280818939208984 0
2800 True 1 0.004075050354003906 0
2900 True 1 0.004723072052001953 0
3000 True 1 0.004279613494873047 0
3100 True 1 0.004670619964599609 0
3200 True 1 0.0041887760162353516 0
3300 True 1 0.004245758056640625 0
3400 True 1 0.004024028778076172 0
3500 True 1 0.005190134048461914 0
3600 True 1 0.007528066635131836 0
3700 True 1 0.0044956207275390625 0
3800 True 1 0.004649162292480469 0
3900 True 1 0.0040531158447265625 0
4000 True 1 0.00430750846862793 0
4100 True 1 0.005050182342529297 0
4200 True 1 0.004180192947387695 0
4300 True 0 0.00414586067199707 0
4400 True 1 0.004062652587890625 0
4500 True 0 0.003989219665527344 0
4600 True 1 0.004149436950683594 0
4700 True 1 0.003937244415283203 0
4800 True 1 0.005740165710449219 0
4900 True 1 0.00446009635925293 0
5000 True 1 0.004242658615112305 0
5100 True 1 0.004851818084716797 0
5200 True 1 0.005110502243041992 0
5300 True 1 0.0050966739654541016 0
5400 True 1 0.004277706146240234 0
5500 True 1 0.003974437713623047 0
5600 True 1 0.003949403762817383 0
5700 True 1 0.00484919548034668 0
5800 True 1 0.004569292068481445 0
5900 True 1 0.004152774810791016 0
6000 True 1 0.0041425228118896484 0
6100 True 1 0.00421452522277832 0
6200 True 1 0.004304409027099609 0
6300 True 1 0.006819248199462891 0
6400 True 1 0.004336357116699219 0
6500 True 1 0.005665779113769531 0
6600 True 1 0.004413604736328125 0
6700 True 1 0.004257917404174805 0
6800 True 1 0.004441499710083008 0
6900 True 1 0.004115581512451172 0
7000 True 1 0.0049152374267578125 0
7100 True 1 0.004636287689208984 0
7200 True 1 0.0042285919189453125 0
7300 True 1 0.0043468475341796875 0
7400 True 1 0.00429224967956543 0
7500 True 1 0.004525184631347656 0
7600 True 1 0.004729747772216797 0
7700 True 1 0.00431513786315918 0
7800 True 0 0.004163265228271484 0
7900 True 1 0.0043485164642333984 0
8000 True 1 0.004327535629272461 0
8100 True 1 0.0053713321685791016 0
8200 True 1 0.00571131706237793 0
8300 True 1 0.00431370735168457 0
8400 True 1 0.003983259201049805 0
8500 True 1 0.004641532897949219 0
8600 True 1 0.004145145416259766 0
8700 True 1 0.004087686538696289 0
8800 True 1 0.004431724548339844 0
8900 True 1 0.0046539306640625 0
9000 True 1 0.004095792770385742 0
9100 True 1 0.004517555236816406 0
9200 True 1 0.004076242446899414 0
9300 True 1 0.00421905517578125 0
9400 True 1 0.004616975784301758 0
9500 True 1 0.004298686981201172 0
9600 True 1 0.00468897819519043 0
9700 True 1 0.0066225528717041016 0
9800 True 1 0.0047419071197509766 0
9900 True 1 0.004983663558959961 0
