0 True 1 0.0044825077056884766 0
100 True 1 0.004292011260986328 0
200 True 0 0.004109382629394531 0
300 True 1 0.004417896270751953 0
400 True 1 0.0041539669036865234 0
500 True 1 0.004258632659912109 0
600 True 1 0.005158662796020508 0
700 True 1 0.0046994686126708984 0
800 True 0 0.0049588680267333984 0
900 True 1 0.004225254058837891 0
1000 True 1 0.004715681076049805 0
1100 True 1 0.004291534423828125 0
1200 True 1 0.00475311279296875 0
1300 True 1 0.004774332046508789 0
1400 True 1 0.004185676574707031 0
1500 False 0 0.0 0
1600 True 0 0.004152536392211914 0
1700 True 1 0.0039789676666259766 0
1800 True 1 0.008869171142578125 0
1900 True 0 0.004191160202026367 0
2000 True 1 0.00442194938659668 0
2100 True 1 0.004216432571411133 0
2200 True 0 0.0044062137603759766 0
2300 True 1 0.004759311676025391 0
2400 True 1 0.004584312438964844 0
2500 True 1 0.0048449039459228516 0
2600 True 1 0.005724668502807617 0
2700 True 1 0.0045070648193359375 0
2800 True 1 0.0039408206939697266 0
2900 True 1 0.0039310455322265625 0
3000 True 1 0.003973245620727539 0
3100 True 1 0.0042438507080078125 0
3200 True 1 0.0045125484466552734 0
3300 True 1 0.004294633865356445 0
3400 True 1 0.004213094711303711 0
3500 True 1 0.0042591094970703125 0
3600 True 1 0.004234790802001953 0
3700 True 1 0.0043487548828125 0
3800 True 1 0.004817485809326172 0
3900 True 1 0.004258632659912109 0
4000 True 1 0.005448102951049805 0
4100 True 1 0.004256248474121094 0
4200 True 1 0.008816003799438477 0
4300 False 0 0.0 0
4400 True 1 0.004225015640258789 0
4500 False 0 0.0 0
4600 True 1 0.004240989685058594 0
4700 True 1 0.004414558410644531 0
4800 True 1 0.0042226314544677734 0
4900 True 1 0.0046825408935546875 0
5000 True 1 0.00400233268737793 0
5100 True 1 0.0040547847747802734 0
5200 True 1 0.005022287368774414 0
5300 True 1 0.004809856414794922 0
5400 True 1 0.0065381526947021484 0
5500 True 1 0.004876613616943359 0
5600 False 0 0.0 0
5700 True 1 0.004052877426147461 0
5800 True 1 0.004335165023803711 0
5900 True 1 0.0046198368072509766 0
6000 True 1 0.004403352737426758 0
6100 True 1 0.004316568374633789 0
6200 True 1 0.004968404769897461 0
6300 True 1 0.0048065185546875 0
6400 True 1 0.004306793212890625 0
6500 True 1 0.004290342330932617 0
6600 True 1 0.004445075988769531 0
6700 True 1 0.0045244693756103516 0
6800 True 1 0.004321098327636719 0
6900 True 1 0.004501819610595703 0
7000 True 1 0.0042972564697265625 0
7100 True 1 0.004321575164794922 0
7200 True 1 0.004621028900146484 0
7300 True 1 0.00433802604675293 0
7400 True 1 0.01947307586669922 0
7500 True 1 0.004234790802001953 0
7600 True 1 0.004704952239990234 0
7700 True 1 0.004895687103271484 0
7800 True 0 0.004267454147338867 0
7900 True 0 0.004207134246826172 0
8000 True 1 0.004389762878417969 0
8100 True 1 0.004636526107788086 0
8200 True 1 0.004212141036987305 0
8300 True 1 0.004643440246582031 0
8400 True 1 0.004660606384277344 0
8500 True 1 0.0049817562103271484 0
8600 True 1 0.0045320987701416016 0
8700 True 1 0.004923820495605469 0
8800 True 1 0.0044248104095458984 0
8900 True 1 0.004912614822387695 0
9000 True 1 0.004374265670776367 0
9100 True 1 0.004014730453491211 0
9200 True 1 0.004126071929931641 0
9300 True 1 0.004058837890625 0
9400 True 1 0.0046079158782958984 0
9500 True 1 0.00422358512878418 0
9600 True 1 0.004494190216064453 0
9700 False 0 0.0 0
9800 True 1 0.004149436950683594 0
9900 True 1 0.004060029983520508 0
