0 True 0.0 0.02276158332824707 0
100 True 0.0 0.022928476333618164 0
200 True 0.0 0.02383708953857422 0
300 True 0.0 0.02391505241394043 0
400 True 0.0 0.0237581729888916 0
500 True 0.0078125 0.022637128829956055 0
600 True 0.0 0.030582904815673828 0
700 True 0.0 0.02618718147277832 0
800 True 0.0 0.023457765579223633 0
900 True 0.0 0.027894973754882812 0
1000 True 0.0 0.028255224227905273 0
1100 True 0.0 0.021452665328979492 0
1200 True 0.0 0.021557092666625977 0
1300 True 0.0 0.02355480194091797 0
1400 True 0.0 0.022296667098999023 0
1500 True 0.0 0.021389484405517578 0
1600 True 0.0 0.02600693702697754 0
1700 True 0.0 0.022671222686767578 0
1800 True 0.0 0.0220792293548584 0
1900 True 0.0 0.025294065475463867 0
2000 True 0.0 0.023046255111694336 0
2100 True 0.0 0.027152538299560547 0
2200 True 0.0 0.023425817489624023 0
2300 True 0.0 0.02145242691040039 0
2400 True 0.0 0.022316455841064453 0
2500 True 0.0 0.022389888763427734 0
2600 True 0.0 0.023552656173706055 0
2700 True 0.0 0.0228421688079834 0
2800 True 0.0 0.022678852081298828 0
2900 True 0.0 0.02266240119934082 0
3000 True 0.0 0.02318120002746582 0
3100 True 0.0 0.023368120193481445 0
3200 True 0.0 0.02364349365234375 0
3300 True 0.0 0.023594379425048828 0
3400 True 0.0 0.02354717254638672 0
3500 True 0.0 0.024322986602783203 0
3600 True 0.0 0.023662328720092773 0
3700 True 0.0 0.024102210998535156 0
3800 True 0.0 0.023062467575073242 0
3900 True 0.0 0.023163557052612305 0
4000 True 0.0 0.023075580596923828 0
4100 True 0.0 0.028224706649780273 0
4200 True 0.0 0.023482084274291992 0
4300 True 0.0 0.025859594345092773 0
4400 True 0.0 0.022744417190551758 0
4500 True 0.0 0.02420520782470703 0
4600 True 0.0 0.023564815521240234 0
4700 True 0.0 0.023171663284301758 0
4800 True 0.0 0.022292613983154297 0
4900 True 0.0 0.022551298141479492 0
5000 True 0.0 0.022769927978515625 0
5100 True 0.0 0.02274036407470703 0
5200 True 0.0 0.03339695930480957 0
5300 True 0.0 0.022770404815673828 0
5400 True 0.0 0.027737855911254883 0
5500 True 0.0 0.023089170455932617 0
5600 False 0.0 0.0 0
5700 True 0.0 0.02230525016784668 0
5800 True 0.0 0.026140928268432617 0
5900 True 0.0 0.022242307662963867 0
6000 True 0.0 0.023256778717041016 0
6100 True 0.0 0.024179458618164062 0
6200 True 0.0 0.022783994674682617 0
6300 True 0.0 0.023220062255859375 0
6400 True 0.0 0.02217578887939453 0
6500 True 0.0 0.022557973861694336 0
6600 True 0.0 0.024801969528198242 0
6700 True 0.0 0.023005008697509766 0
6800 True 0.0 0.0245513916015625 0
6900 True 0.0 0.02293252944946289 0
7000 True 0.0 0.022838115692138672 0
7100 True 0.0 0.022693872451782227 0
7200 True 0.0 0.022909164428710938 0
7300 True 0.0 0.026196002960205078 0
7400 True 0.0 0.02504277229309082 0
7500 True 0.0 0.023848295211791992 0
7600 True 0.0 0.022316455841064453 0
7700 True 0.0 0.02337050437927246 0
7800 True 0.0 0.02182602882385254 0
7900 True 0.0 0.024687767028808594 0
8000 True 0.0078125 0.022280454635620117 0
8100 True 0.0 0.02284836769104004 0
8200 True 0.0078125 0.023892641067504883 0
8300 True 0.0 0.023424863815307617 0
8400 True 0.0 0.02316737174987793 0
8500 True 0.0 0.022341489791870117 0
8600 True 0.0 0.022492170333862305 0
8700 True 0.0 0.023699283599853516 0
8800 True 0.0078125 0.02855205535888672 0
8900 True 0.0 0.022443771362304688 0
9000 True 0.0 0.02238917350769043 0
9100 True 0.0078125 0.02228093147277832 0
9200 True 0.0 0.02884840965270996 0
9300 True 0.0 0.022028207778930664 0
9400 True 0.0 0.02645111083984375 0
9500 True 0.0 0.023379087448120117 0
9600 True 0.0 0.023894786834716797 0
9700 True 0.0 0.022275924682617188 0
9800 True 0.0 0.02899909019470215 0
9900 True 0.0 0.031241416931152344 0
