0 True 0.0 0.03502702713012695 0
100 True 0.0 0.03872346878051758 0
200 True 0.0 0.033675193786621094 0
300 True 0.0 0.035587310791015625 0
400 True 0.0 0.036375999450683594 0
500 True 0.0 0.033681392669677734 0
600 True 0.0 0.0346529483795166 0
700 True 0.0 0.04331684112548828 0
800 True 0.0 0.038619041442871094 0
900 True 0.0 0.03319239616394043 0
1000 True 0.0 0.033298492431640625 0
1100 True 0.0 0.036041975021362305 0
1200 True 0.0 0.03184151649475098 0
1300 True 0.0 0.04335331916809082 0
1400 True 0.0 0.035530805587768555 0
1500 True 0.0 0.03377366065979004 0
1600 True 0.0 0.033334970474243164 0
1700 True 0.0 0.03306722640991211 0
1800 True 0.0 0.033602237701416016 0
1900 True 0.0 0.0372772216796875 0
2000 True 0.0 0.034056663513183594 0
2100 True 0.0 0.03304553031921387 0
2200 True 0.0 0.03381967544555664 0
2300 True 0.0 0.03224658966064453 0
2400 True 0.0 0.032241106033325195 0
2500 True 0.0 0.034809112548828125 0
2600 True 0.0 0.03554868698120117 0
2700 True 0.0 0.03396034240722656 0
2800 True 0.0 0.04005026817321777 0
2900 True 0.0 0.034139156341552734 0
3000 True 0.0 0.0353541374206543 0
3100 True 0.0 0.032636165618896484 0
3200 True 0.0 0.03550577163696289 0
3300 True 0.0 0.031969547271728516 0
3400 True 0.0 0.04163622856140137 0
3500 True 0.0 0.03404378890991211 0
3600 True 0.0 0.03935956954956055 0
3700 True 0.0 0.030648231506347656 0
3800 True 0.0 0.032052040100097656 0
3900 True 0.0 0.03412652015686035 0
4000 True 0.0 0.0336456298828125 0
4100 True 0.0 0.032655954360961914 0
4200 True 0.0 0.03495645523071289 0
4300 True 0.0 0.03400993347167969 0
4400 True 0.0 0.05526876449584961 0
4500 True 0.0 0.03592109680175781 0
4600 True 0.0 0.03454732894897461 0
4700 True 0.0 0.03263974189758301 0
4800 True 0.0 0.033854007720947266 0
4900 True 0.0 0.03432583808898926 0
5000 True 0.0 0.04967093467712402 0
5100 True 0.0 0.033683061599731445 0
5200 True 0.0 0.03268551826477051 0
5300 True 0.0 0.03595757484436035 0
5400 True 0.0 0.03298759460449219 0
5500 True 0.0 0.03487396240234375 0
5600 True 0.0 0.03279829025268555 0
5700 True 0.0 0.03621053695678711 0
5800 True 0.0 0.033417701721191406 0
5900 True 0.0 0.03423762321472168 0
6000 True 0.0 0.04481697082519531 0
6100 True 0.0 0.03327488899230957 0
6200 True 0.0 0.03412890434265137 0
6300 True 0.0 0.038305044174194336 0
6400 True 0.0 0.032189369201660156 0
6500 True 0.0 0.03461885452270508 0
6600 True 0.0 0.03383278846740723 0
6700 True 0.0 0.0330357551574707 0
6800 True 0.0 0.03210282325744629 0
6900 True 0.0 0.032346487045288086 0
7000 True 0.0 0.03309440612792969 0
7100 True 0.0 0.034410953521728516 0
7200 True 0.0 0.03380298614501953 0
7300 True 0.0 0.03322005271911621 0
7400 True 0.0 0.03381943702697754 0
7500 True 0.0 0.033487796783447266 0
7600 True 0.0 0.034261465072631836 0
7700 True 0.0 0.03299260139465332 0
7800 True 0.0 0.03246045112609863 0
7900 True 0.0 0.03334450721740723 0
8000 True 0.0 0.034424543380737305 0
8100 True 0.0 0.033132314682006836 0
8200 True 0.0 0.03279423713684082 0
8300 True 0.0 0.03472900390625 0
8400 True 0.0 0.03441882133483887 0
8500 True 0.0 0.033394575119018555 0
8600 True 0.0 0.0341799259185791 0
8700 True 0.0 0.04896187782287598 0
8800 True 0.0 0.034356117248535156 0
8900 True 0.0 0.034082651138305664 0
9000 True 0.0 0.033095359802246094 0
9100 True 0.0 0.03295469284057617 0
9200 True 0.0 0.0329587459564209 0
9300 True 0.0 0.033652544021606445 0
9400 True 0.0 0.03488445281982422 0
9500 True 0.0 0.03483748435974121 0
9600 True 0.0 0.03403592109680176 0
9700 True 0.0 0.03485107421875 0
9800 True 0.0 0.03235340118408203 0
9900 True 0.0 0.03352642059326172 0
