0 True 1 0.007889032363891602 0
100 True 1 0.006526947021484375 0
200 True 0 0.006691694259643555 0
300 True 1 0.0067138671875 0
400 True 1 0.006197452545166016 0
500 True 1 0.007653951644897461 0
600 True 1 0.006251335144042969 0
700 True 1 0.006180286407470703 0
800 True 1 0.0075795650482177734 0
900 False 0 0.0 0
1000 True 1 0.007703065872192383 0
1100 True 1 0.006285190582275391 0
1200 True 0 0.0061609745025634766 0
1300 True 1 0.0057184696197509766 0
1400 True 1 0.005938291549682617 0
1500 True 0 0.0070497989654541016 0
1600 True 0 0.005982160568237305 0
1700 True 1 0.00646209716796875 0
1800 True 1 0.005970478057861328 0
1900 True 0 0.010793447494506836 0
2000 True 1 0.005900382995605469 0
2100 True 1 0.006345987319946289 0
2200 True 0 0.006520748138427734 0
2300 True 1 0.00578761100769043 0
2400 True 1 0.006552457809448242 0
2500 True 1 0.006371259689331055 0
2600 True 1 0.0062885284423828125 0
2700 True 1 0.006513833999633789 0
2800 True 1 0.007528781890869141 0
2900 True 1 0.00637507438659668 0
3000 True 1 0.006051540374755859 0
3100 True 1 0.006723165512084961 0
3200 True 1 0.006231069564819336 0
3300 True 1 0.006317853927612305 0
3400 True 1 0.00673365592956543 0
3500 True 1 0.007051706314086914 0
3600 True 1 0.006504535675048828 0
3700 True 1 0.00859832763671875 0
3800 True 1 0.00623774528503418 0
3900 True 1 0.006568431854248047 0
4000 True 1 0.006150960922241211 0
4100 True 1 0.0061991214752197266 0
4200 True 1 0.006934642791748047 0
4300 True 0 0.0059435367584228516 0
4400 True 0 0.0057392120361328125 0
4500 False 0 0.0 0
4600 True 1 0.006159543991088867 0
4700 True 1 0.006200551986694336 0
4800 True 1 0.006521940231323242 0
4900 True 1 0.0061681270599365234 0
5000 True 1 0.00645899772644043 0
5100 True 1 0.006003379821777344 0
5200 True 1 0.006278514862060547 0
5300 True 1 0.006143331527709961 0
5400 True 1 0.006743192672729492 0
5500 True 1 0.005476951599121094 0
5600 True 1 0.006108999252319336 0
5700 True 1 0.006148338317871094 0
5800 True 1 0.0064241886138916016 0
5900 True 1 0.006490468978881836 0
6000 True 1 0.0061910152435302734 0
6100 True 1 0.0059049129486083984 0
6200 True 1 0.007130861282348633 0
6300 True 1 0.006834506988525391 0
6400 True 0 0.006803274154663086 0
6500 True 1 0.006994009017944336 0
6600 True 1 0.00683903694152832 0
6700 True 0 0.005903959274291992 0
6800 True 1 0.00771021842956543 0
6900 True 1 0.007552385330200195 0
7000 True 1 0.0060956478118896484 0
7100 True 1 0.006601572036743164 0
7200 True 1 0.007247447967529297 0
7300 True 1 0.008685588836669922 0
7400 True 1 0.006463050842285156 0
7500 True 1 0.0062830448150634766 0
7600 True 1 0.007609128952026367 0
7700 True 1 0.0062944889068603516 0
7800 True 1 0.0061376094818115234 0
7900 True 1 0.006165981292724609 0
8000 True 0 0.008188724517822266 0
8100 True 1 0.006429195404052734 0
8200 True 1 0.006083965301513672 0
8300 True 1 0.007178783416748047 0
8400 True 1 0.006505012512207031 0
8500 True 1 0.006136655807495117 0
8600 True 1 0.0062923431396484375 0
8700 True 1 0.00652313232421875 0
8800 True 1 0.006760120391845703 0
8900 True 1 0.0071299076080322266 0
9000 True 1 0.0067098140716552734 0
9100 True 1 0.008163690567016602 0
9200 True 1 0.006558895111083984 0
9300 True 1 0.006230592727661133 0
9400 True 0 0.00631260871887207 0
9500 True 1 0.011757850646972656 0
9600 True 1 0.006236076354980469 0
9700 True 0 0.007073640823364258 0
9800 True 1 0.006500720977783203 0
9900 True 1 0.006284952163696289 0
