0 True 0 0.008794307708740234 0
100 True 0 0.007414340972900391 0
200 True 0 0.006760358810424805 0
300 True 0 0.0068395137786865234 0
400 True 0 0.007867574691772461 0
500 True 0 0.007405281066894531 0
600 True 0 0.0073621273040771484 0
700 True 0 0.006853342056274414 0
800 True 0 0.0074884891510009766 0
900 True 0 0.027672767639160156 0
1000 True 0 0.006848573684692383 0
1100 True 0 0.006810903549194336 0
1200 True 0 0.007528066635131836 0
1300 True 0 0.007753133773803711 0
1400 True 0 0.006457328796386719 0
1500 True 0 0.006696462631225586 0
1600 True 0 0.007210731506347656 0
1700 True 0 0.013153314590454102 0
1800 True 0 0.007418394088745117 0
1900 True 0 0.007054805755615234 0
2000 True 0 0.007276058197021484 0
2100 True 0 0.006812095642089844 0
2200 True 0 0.0073184967041015625 0
2300 True 0 0.00754547119140625 0
2400 True 0 0.007156848907470703 0
2500 True 0 0.006697416305541992 0
2600 True 0 0.007649898529052734 0
2700 True 0 0.007966041564941406 0
2800 True 0 0.007045745849609375 0
2900 True 0 0.0074808597564697266 0
3000 True 0 0.0072324275970458984 0
3100 True 0 0.0066568851470947266 0
3200 True 0 0.006941080093383789 0
3300 True 0 0.0071163177490234375 0
3400 True 0 0.006870746612548828 0
3500 True 0 0.00833272933959961 0
3600 True 0 0.007058143615722656 0
3700 True 0 0.007981300354003906 0
3800 True 0 0.007863998413085938 0
3900 True 0 0.007139444351196289 0
4000 True 0 0.006934165954589844 0
4100 True 0 0.007040262222290039 0
4200 True 0 0.008674144744873047 0
4300 True 0 0.00669097900390625 0
4400 True 0 0.0071163177490234375 0
4500 False 0 0.0 0
4600 True 0 0.007464885711669922 0
4700 True 0 0.007418632507324219 0
4800 True 0 0.006730556488037109 0
4900 True 0 0.0061109066009521484 0
5000 True 0 0.00700831413269043 0
5100 True 0 0.006770610809326172 0
5200 True 0 0.00750422477722168 0
5300 True 0 0.007718801498413086 0
5400 True 0 0.007438182830810547 0
5500 True 0 0.006954193115234375 0
5600 True 0 0.006209373474121094 0
5700 True 0 0.006276369094848633 0
5800 True 0 0.006750345230102539 0
5900 True 0 0.008249282836914062 0
6000 True 0 0.007282733917236328 0
6100 True 0 0.01042318344116211 0
6200 True 0 0.006887912750244141 0
6300 True 0 0.007218599319458008 0
6400 True 0 0.009403467178344727 0
6500 True 0 0.007555484771728516 0
6600 True 0 0.007136821746826172 0
6700 True 0 0.00670170783996582 0
6800 True 0 0.006814479827880859 0
6900 True 0 0.006784200668334961 0
7000 True 0 0.006544351577758789 0
7100 True 0 0.007125139236450195 0
7200 True 0 0.007368564605712891 0
7300 True 0 0.009292364120483398 0
7400 True 0 0.006989002227783203 0
7500 True 0 0.0069196224212646484 0
7600 True 0 0.02496170997619629 0
7700 True 0 0.006743669509887695 0
7800 True 0 0.006999492645263672 0
7900 True 0 0.007008790969848633 0
8000 True 0 0.0074350833892822266 0
8100 True 0 0.006650447845458984 0
8200 True 0 0.006313323974609375 0
8300 True 0 0.007590293884277344 0
8400 True 0 0.022364139556884766 0
8500 True 0 0.006829500198364258 0
8600 True 0 0.0066335201263427734 0
8700 True 0 0.006821155548095703 0
8800 True 0 0.006838798522949219 0
8900 True 0 0.006846427917480469 0
9000 True 0 0.006671905517578125 0
9100 True 0 0.00687861442565918 0
9200 True 0 0.007152080535888672 0
9300 True 0 0.006833553314208984 0
9400 True 0 0.00708460807800293 0
9500 True 0 0.00776982307434082 0
9600 True 0 0.007061958312988281 0
9700 True 0 0.008700847625732422 0
9800 True 0 0.007029533386230469 0
9900 True 0 0.007641792297363281 0
