0 True 0.0 0.040936946868896484 0
100 True 0.0 0.03882956504821777 0
200 True 0.0 0.06139683723449707 0
300 True 0.0 0.040337562561035156 0
400 True 0.0 0.03818631172180176 0
500 True 0.0 0.037314414978027344 0
600 True 0.0 0.03971719741821289 0
700 True 0.0 0.03846383094787598 0
800 True 0.0 0.03778529167175293 0
900 True 0.0 0.044538259506225586 0
1000 True 0.0 0.03663206100463867 0
1100 True 0.0 0.037444114685058594 0
1200 True 0.0 0.03722691535949707 0
1300 True 0.0 0.03728199005126953 0
1400 True 0.0 0.03597617149353027 0
1500 True 0.0 0.0404052734375 0
1600 True 0.0 0.03947162628173828 0
1700 True 0.0 0.03913140296936035 0
1800 True 0.0 0.036537885665893555 0
1900 True 0.0 0.038364410400390625 0
2000 True 0.0 0.03568744659423828 0
2100 True 0.0 0.03833484649658203 0
2200 True 0.0 0.03982210159301758 0
2300 True 0.0 0.04780006408691406 0
2400 True 0.0 0.03656315803527832 0
2500 True 0.0 0.038158416748046875 0
2600 True 0.0 0.04334664344787598 0
2700 True 0.0 0.039330244064331055 0
2800 True 0.0 0.03620100021362305 0
2900 True 0.0 0.03977179527282715 0
3000 True 0.0 0.041374921798706055 0
3100 True 0.0 0.040067434310913086 0
3200 True 0.0 0.03773236274719238 0
3300 True 0.0 0.03640866279602051 0
3400 True 0.0 0.036801815032958984 0
3500 True 0.0 0.0381464958190918 0
3600 True 0.0 0.037416696548461914 0
3700 True 0.0 0.039232492446899414 0
3800 True 0.0 0.03661012649536133 0
3900 True 0.0 0.046309471130371094 0
4000 True 0.0 0.03920173645019531 0
4100 True 0.0 0.03618907928466797 0
4200 True 0.0 0.03542447090148926 0
4300 True 0.0 0.03733110427856445 0
4400 True 0.0 0.03915834426879883 0
4500 False 0.0 0.0 0
4600 True 0.0 0.03669857978820801 0
4700 True 0.0 0.03669905662536621 0
4800 True 0.0 0.046158790588378906 0
4900 True 0.0 0.039545536041259766 0
5000 True 0.0 0.048185110092163086 0
5100 True 0.0 0.04011869430541992 0
5200 True 0.0 0.06301379203796387 0
5300 True 0.0 0.03848767280578613 0
5400 True 0.0 0.038486480712890625 0
5500 True 0.0 0.03889155387878418 0
5600 True 0.0 0.03861093521118164 0
5700 True 0.0 0.04762744903564453 0
5800 True 0.0 0.04274606704711914 0
5900 True 0.0 0.04437136650085449 0
6000 True 0.0 0.046851396560668945 0
6100 True 0.0 0.03680300712585449 0
6200 True 0.0 0.04028820991516113 0
6300 True 0.0 0.03784680366516113 0
6400 True 0.0 0.038056135177612305 0
6500 True 0.0 0.039124488830566406 0
6600 True 0.0 0.037240028381347656 0
6700 True 0.0 0.03723716735839844 0
6800 True 0.0 0.03843975067138672 0
6900 True 0.0 0.04480433464050293 0
7000 True 0.0 0.03956127166748047 0
7100 True 0.0 0.037863731384277344 0
7200 True 0.0 0.03921985626220703 0
7300 True 0.0 0.05486702919006348 0
7400 True 0.0 0.038147687911987305 0
7500 True 0.0 0.03868675231933594 0
7600 True 0.0 0.03823995590209961 0
7700 True 0.0 0.03825116157531738 0
7800 True 0.0 0.03611469268798828 0
7900 True 0.0 0.03725886344909668 0
8000 True 0.0 0.03647875785827637 0
8100 True 0.0 0.03950905799865723 0
8200 True 0.0 0.04300498962402344 0
8300 True 0.0 0.062258243560791016 0
8400 True 0.0 0.038995981216430664 0
8500 True 0.0 0.037624359130859375 0
8600 True 0.0 0.03754377365112305 0
8700 True 0.0 0.05696415901184082 0
8800 True 0.0 0.039864301681518555 0
8900 True 0.0 0.039189815521240234 0
9000 True 0.0 0.03765702247619629 0
9100 True 0.0 0.035542964935302734 0
9200 True 0.0 0.05011796951293945 0
9300 True 0.0 0.03891801834106445 0
9400 True 0.0 0.03714394569396973 0
9500 True 0.0 0.03612852096557617 0
9600 True 0.0 0.0386655330657959 0
9700 True 0.0 0.037163496017456055 0
9800 True 0.0 0.038651466369628906 0
9900 True 0.0 0.03736114501953125 0
