0 True 0 0.00915217399597168 0
100 True 0 0.007671356201171875 0
200 True 0 0.007765769958496094 0
300 True 0 0.006663322448730469 0
400 True 0 0.00717473030090332 0
500 True 0 0.007292985916137695 0
600 True 0 0.006901979446411133 0
700 True 0 0.007044553756713867 0
800 True 0 0.007149696350097656 0
900 True 0 0.0066068172454833984 0
1000 True 0 0.0065860748291015625 0
1100 True 0 0.0069408416748046875 0
1200 True 0 0.00676727294921875 0
1300 True 0 0.006758689880371094 0
1400 True 0 0.009264945983886719 0
1500 True 0 0.006517171859741211 0
1600 True 0 0.0069408416748046875 0
1700 True 0 0.010269403457641602 0
1800 True 0 0.007147789001464844 0
1900 True 0 0.007304191589355469 0
2000 True 0 0.007831573486328125 0
2100 True 0 0.0070323944091796875 0
2200 True 0 0.007937908172607422 0
2300 True 0 0.007608890533447266 0
2400 True 0 0.0071752071380615234 0
2500 True 0 0.007105827331542969 0
2600 True 0 0.007409811019897461 0
2700 True 0 0.007109403610229492 0
2800 True 0 0.007148265838623047 0
2900 True 0 0.007017374038696289 0
3000 True 0 0.007060050964355469 0
3100 True 0 0.010919809341430664 0
3200 True 0 0.006955623626708984 0
3300 True 0 0.008230924606323242 0
3400 True 0 0.0069582462310791016 0
3500 True 0 0.0076105594635009766 0
3600 True 0 0.007181406021118164 0
3700 True 0 0.00696253776550293 0
3800 True 0 0.007314443588256836 0
3900 True 0 0.0065402984619140625 0
4000 True 0 0.006749391555786133 0
4100 True 0 0.007906198501586914 0
4200 True 0 0.006696462631225586 0
4300 True 0 0.007105112075805664 0
4400 True 0 0.007229804992675781 0
4500 True 0 0.008649110794067383 0
4600 True 0 0.007143974304199219 0
4700 True 0 0.0065271854400634766 0
4800 True 0 0.00654149055480957 0
4900 True 0 0.006438493728637695 0
5000 True 0 0.0071604251861572266 0
5100 True 0 0.006829977035522461 0
5200 True 0 0.006525516510009766 0
5300 True 0 0.006837606430053711 0
5400 True 0 0.00682377815246582 0
5500 True 0 0.006811857223510742 0
5600 True 0 0.00702667236328125 0
5700 True 0 0.00677180290222168 0
5800 True 0 0.007429361343383789 0
5900 True 0 0.006872415542602539 0
6000 True 0 0.006371021270751953 0
6100 True 0 0.007038593292236328 0
6200 True 0 0.008412599563598633 0
6300 True 0 0.007701396942138672 0
6400 True 0 0.007567882537841797 0
6500 True 0 0.007593393325805664 0
6600 True 0 0.007963418960571289 0
6700 True 0 0.0066242218017578125 0
6800 True 0 0.007542133331298828 0
6900 True 0 0.0066030025482177734 0
7000 True 0 0.010780572891235352 0
7100 True 0 0.007222414016723633 0
7200 True 0 0.007250070571899414 0
7300 True 0 0.006850004196166992 0
7400 True 0 0.006823062896728516 0
7500 True 0 0.0070993900299072266 0
7600 True 0 0.0064928531646728516 0
7700 True 0 0.007059812545776367 0
7800 True 0 0.0069561004638671875 0
7900 True 0 0.006972789764404297 0
8000 True 0 0.0071027278900146484 0
8100 True 0 0.006632328033447266 0
8200 True 0 0.007782697677612305 0
8300 True 0 0.00732874870300293 0
8400 True 0 0.006656169891357422 0
8500 True 0 0.006749868392944336 0
8600 True 0 0.007756948471069336 0
8700 True 0 0.007333040237426758 0
8800 True 0 0.010527849197387695 0
8900 True 0 0.0074236392974853516 0
9000 True 0 0.0071909427642822266 0
9100 True 0 0.0070972442626953125 0
9200 True 0 0.00666046142578125 0
9300 True 0 0.007090568542480469 0
9400 True 0 0.0075490474700927734 0
9500 True 0 0.007269144058227539 0
9600 True 0 0.0075490474700927734 0
9700 True 0 0.006909608840942383 0
9800 True 0 0.008989810943603516 0
9900 True 0 0.006560802459716797 0
