0 True 0.203125 0.0419003963470459 0
100 True 0.1875 0.04542040824890137 0
200 True 0.1953125 0.03702211380004883 0
300 True 0.1171875 0.0393986701965332 0
400 True 0.2109375 0.0388031005859375 0
500 True 0.21875 0.04289960861206055 0
600 True 0.2109375 0.04199981689453125 0
700 True 0.2109375 0.03933000564575195 0
800 True 0.1484375 0.04376983642578125 0
900 True 0.0625 0.03811287879943848 0
1000 True 0.203125 0.03775167465209961 0
1100 True 0.1953125 0.037377357482910156 0
1200 True 0.125 0.03896760940551758 0
1300 True 0.1796875 0.03871417045593262 0
1400 True 0.2109375 0.05025434494018555 0
1500 True 0.03125 0.039331912994384766 0
1600 True 0.0546875 0.03956151008605957 0
1700 True 0.2109375 0.03748798370361328 0
1800 True 0.0625 0.0369410514831543 0
1900 True 0.0546875 0.03769040107727051 0
2000 True 0.171875 0.0375516414642334 0
2100 True 0.2109375 0.037529706954956055 0
2200 True 0.1953125 0.046163082122802734 0
2300 True 0.1953125 0.05408120155334473 0
2400 True 0.1484375 0.03921079635620117 0
2500 True 0.171875 0.04091000556945801 0
2600 True 0.1953125 0.039824724197387695 0
2700 True 0.203125 0.04174542427062988 0
2800 True 0.1953125 0.043064117431640625 0
2900 True 0.1640625 0.03901958465576172 0
3000 True 0.203125 0.038346052169799805 0
3100 True 0.078125 0.039067745208740234 0
3200 True 0.1953125 0.044229984283447266 0
3300 True 0.171875 0.03807401657104492 0
3400 True 0.2109375 0.037505388259887695 0
3500 True 0.2109375 0.03783416748046875 0
3600 True 0.1796875 0.05304670333862305 0
3700 True 0.2109375 0.03713226318359375 0
3800 True 0.1875 0.04022955894470215 0
3900 True 0.203125 0.03820371627807617 0
4000 True 0.109375 0.03700613975524902 0
4100 True 0.0625 0.03729891777038574 0
4200 True 0.2109375 0.045966386795043945 0
4300 True 0.0390625 0.038416147232055664 0
4400 True 0.109375 0.03723406791687012 0
4500 True 0.0078125 0.03716897964477539 0
4600 True 0.21875 0.03812050819396973 0
4700 True 0.2109375 0.05298328399658203 0
4800 True 0.2109375 0.05910515785217285 0
4900 True 0.2109375 0.04008293151855469 0
5000 True 0.2109375 0.0486912727355957 0
5100 True 0.203125 0.03902411460876465 0
5200 True 0.203125 0.03816533088684082 0
5300 True 0.2109375 0.03927445411682129 0
5400 True 0.203125 0.039592742919921875 0
5500 True 0.2109375 0.03615832328796387 0
5600 True 0.2109375 0.0383915901184082 0
5700 True 0.203125 0.03864908218383789 0
5800 True 0.2109375 0.056696414947509766 0
5900 True 0.21875 0.04044175148010254 0
6000 True 0.203125 0.03784346580505371 0
6100 True 0.1640625 0.03971290588378906 0
6200 True 0.2109375 0.03573346138000488 0
6300 True 0.2109375 0.03818058967590332 0
6400 True 0.0390625 0.03846335411071777 0
6500 True 0.21875 0.03606247901916504 0
6600 True 0.1328125 0.045678138732910156 0
6700 True 0.1484375 0.0378725528717041 0
6800 True 0.203125 0.03731656074523926 0
6900 True 0.203125 0.0388948917388916 0
7000 True 0.2109375 0.04938173294067383 0
7100 True 0.1015625 0.04936099052429199 0
7200 True 0.1640625 0.04318523406982422 0
7300 True 0.2109375 0.0632932186126709 0
7400 True 0.171875 0.03614687919616699 0
7500 True 0.2109375 0.03623199462890625 0
7600 True 0.2109375 0.0378415584564209 0
7700 True 0.203125 0.038114070892333984 0
7800 True 0.1171875 0.04894447326660156 0
7900 True 0.1875 0.045777320861816406 0
8000 True 0.140625 0.0381464958190918 0
8100 True 0.2109375 0.05318284034729004 0
8200 True 0.21875 0.03601980209350586 0
8300 True 0.2109375 0.05289888381958008 0
8400 True 0.1953125 0.03985238075256348 0
8500 True 0.21875 0.03977251052856445 0
8600 True 0.2109375 0.03809022903442383 0
8700 True 0.2109375 0.03951454162597656 0
8800 True 0.21875 0.04482746124267578 0
8900 True 0.2109375 0.03707480430603027 0
9000 True 0.2109375 0.037523746490478516 0
9100 True 0.21875 0.03883695602416992 0
9200 True 0.2109375 0.03978276252746582 0
9300 True 0.21875 0.0463414192199707 0
9400 True 0.109375 0.04128527641296387 0
9500 True 0.09375 0.03872823715209961 0
9600 True 0.2109375 0.03777265548706055 0
9700 True 0.0234375 0.035989999771118164 0
9800 True 0.1875 0.03686809539794922 0
9900 True 0.1796875 0.037722110748291016 0
