0 True 1 0.007790565490722656 0
100 True 1 0.006584644317626953 0
200 True 1 0.008296012878417969 0
300 True 1 0.0070514678955078125 0
400 True 1 0.00899815559387207 0
500 True 1 0.007583141326904297 0
600 True 1 0.007373332977294922 0
700 True 1 0.006663799285888672 0
800 True 1 0.007857561111450195 0
900 True 0 0.007194042205810547 0
1000 True 1 0.006694316864013672 0
1100 True 1 0.008515596389770508 0
1200 True 1 0.0070421695709228516 0
1300 True 1 0.006794452667236328 0
1400 True 1 0.006788969039916992 0
1500 True 0 0.006913185119628906 0
1600 True 0 0.00772547721862793 0
1700 True 1 0.0068318843841552734 0
1800 True 0 0.006841421127319336 0
1900 True 0 0.007263898849487305 0
2000 True 1 0.00687408447265625 0
2100 True 1 0.006924629211425781 0
2200 True 1 0.0076029300689697266 0
2300 True 1 0.006944179534912109 0
2400 True 1 0.00712275505065918 0
2500 True 1 0.007245302200317383 0
2600 True 1 0.007180929183959961 0
2700 True 1 0.007688283920288086 0
2800 True 1 0.006777763366699219 0
2900 True 1 0.00796055793762207 0
3000 True 1 0.006866931915283203 0
3100 True 0 0.0071163177490234375 0
3200 True 1 0.0072078704833984375 0
3300 True 1 0.006551980972290039 0
3400 True 1 0.0072476863861083984 0
3500 True 1 0.0069463253021240234 0
3600 True 1 0.0071294307708740234 0
3700 True 1 0.006661415100097656 0
3800 True 1 0.006766557693481445 0
3900 True 1 0.007749319076538086 0
4000 True 1 0.006770610809326172 0
4100 True 0 0.0075304508209228516 0
4200 True 1 0.006819248199462891 0
4300 True 0 0.006768941879272461 0
4400 True 1 0.007360219955444336 0
4500 True 0 0.0065419673919677734 0
4600 True 1 0.007342100143432617 0
4700 True 1 0.006980419158935547 0
4800 True 1 0.010380029678344727 0
4900 True 1 0.006918191909790039 0
5000 True 1 0.00775909423828125 0
5100 True 1 0.007312774658203125 0
5200 True 1 0.010287046432495117 0
5300 True 1 0.0070188045501708984 0
5400 True 1 0.008547067642211914 0
5500 True 1 0.0070953369140625 0
5600 True 1 0.006959199905395508 0
5700 True 1 0.007069110870361328 0
5800 True 1 0.006902933120727539 0
5900 True 1 0.006917715072631836 0
6000 True 1 0.00667262077331543 0
6100 True 1 0.00990915298461914 0
6200 True 1 0.007053375244140625 0
6300 True 1 0.0071718692779541016 0
6400 True 0 0.0067789554595947266 0
6500 True 1 0.008541584014892578 0
6600 True 1 0.007658958435058594 0
6700 True 1 0.006712913513183594 0
6800 True 1 0.006809711456298828 0
6900 True 1 0.007435321807861328 0
7000 True 1 0.006650686264038086 0
7100 True 1 0.007007122039794922 0
7200 True 1 0.00722956657409668 0
7300 True 1 0.00727534294128418 0
7400 True 1 0.0070569515228271484 0
7500 True 1 0.007837772369384766 0
7600 True 1 0.00713801383972168 0
7700 True 1 0.010929107666015625 0
7800 True 1 0.007142782211303711 0
7900 True 1 0.006753206253051758 0
8000 True 1 0.006774187088012695 0
8100 True 1 0.006724357604980469 0
8200 True 1 0.006749391555786133 0
8300 True 1 0.007024526596069336 0
8400 True 1 0.0066699981689453125 0
8500 True 1 0.0069391727447509766 0
8600 True 1 0.007431745529174805 0
8700 True 1 0.007349729537963867 0
8800 True 1 0.008562564849853516 0
8900 True 1 0.007819890975952148 0
9000 True 1 0.006955623626708984 0
9100 True 1 0.008613348007202148 0
9200 True 1 0.007044792175292969 0
9300 True 1 0.006867885589599609 0
9400 True 1 0.0069391727447509766 0
9500 True 1 0.007020235061645508 0
9600 True 1 0.007333040237426758 0
9700 True 0 0.007839679718017578 0
9800 True 1 0.007325410842895508 0
9900 True 1 0.006952047348022461 0
