0 True 0.3046875 0.03897404670715332 0
100 True 0.3125 0.039110422134399414 0
200 True 0.28125 0.038121938705444336 0
300 True 0.3046875 0.03870511054992676 0
400 True 0.3046875 0.03849530220031738 0
500 True 0.3125 0.03866839408874512 0
600 True 0.3125 0.03956961631774902 0
700 True 0.3046875 0.037322282791137695 0
800 True 0.296875 0.045587778091430664 0
900 False 0.0 0.0 0
1000 True 0.3046875 0.04073596000671387 0
1100 True 0.3046875 0.04677987098693848 0
1200 True 0.046875 0.03782200813293457 0
1300 True 0.3125 0.041606903076171875 0
1400 True 0.3046875 0.038913726806640625 0
1500 True 0.2265625 0.036940574645996094 0
1600 True 0.2734375 0.03935885429382324 0
1700 True 0.3125 0.040297746658325195 0
1800 True 0.3046875 0.03753256797790527 0
1900 True 0.21875 0.03991961479187012 0
2000 True 0.3046875 0.039157867431640625 0
2100 True 0.3046875 0.043961524963378906 0
2200 True 0.3046875 0.03703165054321289 0
2300 True 0.3046875 0.03868913650512695 0
2400 True 0.3046875 0.03977012634277344 0
2500 True 0.3046875 0.05232667922973633 0
2600 True 0.3125 0.03653979301452637 0
2700 True 0.3046875 0.0368802547454834 0
2800 True 0.3046875 0.03723478317260742 0
2900 True 0.3046875 0.03829479217529297 0
3000 True 0.3046875 0.038199424743652344 0
3100 True 0.296875 0.03642773628234863 0
3200 True 0.3046875 0.038105010986328125 0
3300 True 0.3125 0.03727149963378906 0
3400 True 0.3046875 0.03862929344177246 0
3500 True 0.3125 0.05387473106384277 0
3600 True 0.3046875 0.038271188735961914 0
3700 True 0.3046875 0.03794384002685547 0
3800 True 0.3046875 0.0380403995513916 0
3900 True 0.3046875 0.047673702239990234 0
4000 True 0.3046875 0.03885984420776367 0
4100 True 0.1796875 0.03804326057434082 0
4200 True 0.3046875 0.053899288177490234 0
4300 True 0.0390625 0.0500035285949707 0
4400 True 0.2890625 0.03916430473327637 0
4500 False 0.0 0.0 0
4600 True 0.3125 0.038126468658447266 0
4700 True 0.3046875 0.04617881774902344 0
4800 True 0.3046875 0.03734469413757324 0
4900 True 0.3046875 0.03832530975341797 0
5000 True 0.3046875 0.03874564170837402 0
5100 True 0.3046875 0.04884457588195801 0
5200 True 0.3046875 0.041390419006347656 0
5300 True 0.3046875 0.03869366645812988 0
5400 True 0.3125 0.036408185958862305 0
5500 True 0.3125 0.04230546951293945 0
5600 True 0.3046875 0.03791189193725586 0
5700 True 0.3046875 0.036775827407836914 0
5800 True 0.3046875 0.06683015823364258 0
5900 True 0.3046875 0.03727245330810547 0
6000 True 0.3046875 0.03951072692871094 0
6100 True 0.3046875 0.038043975830078125 0
6200 True 0.3046875 0.038305044174194336 0
6300 True 0.3125 0.03771638870239258 0
6400 True 0.0703125 0.03661632537841797 0
6500 True 0.3046875 0.043558597564697266 0
6600 True 0.3046875 0.036681175231933594 0
6700 True 0.296875 0.03850531578063965 0
6800 True 0.3046875 0.05204057693481445 0
6900 True 0.3125 0.04347515106201172 0
7000 True 0.3046875 0.03842425346374512 0
7100 True 0.296875 0.0399327278137207 0
7200 True 0.296875 0.03519582748413086 0
7300 True 0.3125 0.03618025779724121 0
7400 True 0.3046875 0.04098916053771973 0
7500 True 0.3046875 0.03745007514953613 0
7600 True 0.3046875 0.03950905799865723 0
7700 True 0.3046875 0.036698102951049805 0
7800 True 0.3046875 0.03659629821777344 0
7900 True 0.3046875 0.03618621826171875 0
8000 True 0.28125 0.03841090202331543 0
8100 True 0.3046875 0.03684091567993164 0
8200 True 0.3125 0.059885501861572266 0
8300 True 0.3125 0.03722262382507324 0
8400 True 0.3046875 0.04695010185241699 0
8500 True 0.3125 0.03786754608154297 0
8600 True 0.3046875 0.036514997482299805 0
8700 True 0.3046875 0.03984808921813965 0
8800 True 0.3125 0.03906583786010742 0
8900 True 0.3046875 0.059957027435302734 0
9000 True 0.3046875 0.048235177993774414 0
9100 True 0.3125 0.03830695152282715 0
9200 True 0.3046875 0.039764404296875 0
9300 True 0.3125 0.03765249252319336 0
9400 True 0.3046875 0.03713703155517578 0
9500 True 0.296875 0.03708839416503906 0
9600 True 0.3046875 0.05887436866760254 0
9700 True 0.1015625 0.03951549530029297 0
9800 True 0.3046875 0.03712749481201172 0
9900 True 0.3046875 0.046361684799194336 0
