0 True 1 0.009239435195922852 0
100 True 1 0.00677943229675293 0
200 True 0 0.007397174835205078 0
300 True 1 0.006926059722900391 0
400 True 1 0.008167743682861328 0
500 True 1 0.007939815521240234 0
600 True 1 0.00777745246887207 0
700 True 1 0.007285594940185547 0
800 True 1 0.00982809066772461 0
900 False 0 0.0 0
1000 True 1 0.0065724849700927734 0
1100 True 1 0.00843667984008789 0
1200 True 0 0.006628990173339844 0
1300 True 1 0.007060527801513672 0
1400 True 1 0.006817817687988281 0
1500 True 0 0.006734609603881836 0
1600 True 0 0.006613969802856445 0
1700 True 1 0.007117033004760742 0
1800 True 1 0.006642580032348633 0
1900 True 0 0.0074727535247802734 0
2000 True 1 0.006943464279174805 0
2100 True 1 0.007138967514038086 0
2200 True 1 0.006931781768798828 0
2300 True 1 0.006815433502197266 0
2400 True 1 0.0067865848541259766 0
2500 True 1 0.0075893402099609375 0
2600 True 1 0.0073089599609375 0
2700 True 1 0.006891012191772461 0
2800 True 1 0.007110595703125 0
2900 True 1 0.010103702545166016 0
3000 True 1 0.006927013397216797 0
3100 True 1 0.006783962249755859 0
3200 True 1 0.006988048553466797 0
3300 True 1 0.006860494613647461 0
3400 True 1 0.007645368576049805 0
3500 True 1 0.0072901248931884766 0
3600 True 1 0.006755828857421875 0
3700 True 1 0.00716710090637207 0
3800 True 1 0.0075304508209228516 0
3900 True 1 0.006918430328369141 0
4000 True 1 0.007390260696411133 0
4100 True 0 0.00726008415222168 0
4200 True 1 0.007262468338012695 0
4300 True 0 0.006858348846435547 0
4400 True 0 0.00680088996887207 0
4500 False 0 0.0 0
4600 True 1 0.007530689239501953 0
4700 True 1 0.007213115692138672 0
4800 True 1 0.006554126739501953 0
4900 True 1 0.006755828857421875 0
5000 True 1 0.0067291259765625 0
5100 True 1 0.007042407989501953 0
5200 True 1 0.0077342987060546875 0
5300 True 1 0.008887529373168945 0
5400 True 1 0.007252216339111328 0
5500 True 1 0.007390737533569336 0
5600 True 1 0.007965326309204102 0
5700 True 1 0.006728649139404297 0
5800 True 1 0.010600090026855469 0
5900 True 1 0.006993532180786133 0
6000 True 1 0.007784843444824219 0
6100 True 1 0.0072591304779052734 0
6200 True 1 0.00705718994140625 0
6300 True 1 0.006634235382080078 0
6400 True 0 0.00696110725402832 0
6500 True 1 0.007399797439575195 0
6600 True 1 0.006729841232299805 0
6700 True 1 0.007572174072265625 0
6800 True 1 0.006957530975341797 0
6900 True 1 0.007075309753417969 0
7000 True 1 0.007025003433227539 0
7100 True 1 0.0075037479400634766 0
7200 True 1 0.006917476654052734 0
7300 True 1 0.007117033004760742 0
7400 True 1 0.006525993347167969 0
7500 True 1 0.007109880447387695 0
7600 True 1 0.006676912307739258 0
7700 True 1 0.009127140045166016 0
7800 True 1 0.007015228271484375 0
7900 True 1 0.00771331787109375 0
8000 True 0 0.007575511932373047 0
8100 True 1 0.007097005844116211 0
8200 True 1 0.007086515426635742 0
8300 True 1 0.007340908050537109 0
8400 True 1 0.007622957229614258 0
8500 True 1 0.007242679595947266 0
8600 True 1 0.006593465805053711 0
8700 True 1 0.006764411926269531 0
8800 True 1 0.007376432418823242 0
8900 True 1 0.010949850082397461 0
9000 True 1 0.0070154666900634766 0
9100 True 1 0.006967782974243164 0
9200 True 1 0.007653951644897461 0
9300 True 1 0.006754636764526367 0
9400 True 1 0.008168458938598633 0
9500 True 1 0.006951570510864258 0
9600 True 1 0.007300138473510742 0
9700 True 0 0.011359691619873047 0
9800 True 1 0.00936126708984375 0
9900 True 1 0.006932735443115234 0
