0 True 0.0 0.04349470138549805 0
100 True 0.0 0.0496673583984375 0
200 True 0.0 0.037752389907836914 0
300 True 0.0 0.038373470306396484 0
400 True 0.0 0.03680586814880371 0
500 True 0.0 0.037311553955078125 0
600 True 0.0 0.03677487373352051 0
700 True 0.0 0.03931283950805664 0
800 True 0.0 0.05744314193725586 0
900 True 0.0 0.04244518280029297 0
1000 True 0.0 0.038582801818847656 0
1100 True 0.0 0.03793025016784668 0
1200 True 0.0 0.04322957992553711 0
1300 True 0.0 0.049124956130981445 0
1400 True 0.0 0.03768444061279297 0
1500 True 0.0 0.03798246383666992 0
1600 True 0.0 0.037516117095947266 0
1700 True 0.0 0.03777885437011719 0
1800 True 0.0 0.054421186447143555 0
1900 True 0.0 0.04402661323547363 0
2000 True 0.0 0.0373530387878418 0
2100 True 0.0 0.0465548038482666 0
2200 True 0.0 0.045662641525268555 0
2300 True 0.0 0.037195444107055664 0
2400 True 0.0 0.038275718688964844 0
2500 True 0.0 0.0412755012512207 0
2600 True 0.0 0.03727245330810547 0
2700 True 0.0 0.05809783935546875 0
2800 True 0.0 0.04535794258117676 0
2900 True 0.0 0.037171363830566406 0
3000 True 0.0 0.03887033462524414 0
3100 True 0.0 0.04819488525390625 0
3200 True 0.0 0.03943467140197754 0
3300 True 0.0 0.03713417053222656 0
3400 True 0.0 0.04856586456298828 0
3500 True 0.0 0.04304099082946777 0
3600 True 0.0 0.039251089096069336 0
3700 True 0.0 0.03722500801086426 0
3800 True 0.0 0.038977622985839844 0
3900 True 0.0 0.03917741775512695 0
4000 True 0.0 0.03772282600402832 0
4100 True 0.0 0.038399457931518555 0
4200 True 0.0 0.045343875885009766 0
4300 True 0.0 0.03734755516052246 0
4400 True 0.0 0.050081491470336914 0
4500 True 0.0 0.05128121376037598 0
4600 True 0.0 0.03656005859375 0
4700 True 0.0 0.0379946231842041 0
4800 True 0.0 0.04594564437866211 0
4900 True 0.0 0.037375450134277344 0
5000 True 0.0 0.03593087196350098 0
5100 True 0.0 0.03794074058532715 0
5200 True 0.0 0.03830432891845703 0
5300 True 0.0 0.03631091117858887 0
5400 True 0.0 0.035871028900146484 0
5500 True 0.0 0.038532257080078125 0
5600 True 0.0 0.036714792251586914 0
5700 True 0.0 0.03797769546508789 0
5800 True 0.0 0.040169715881347656 0
5900 True 0.0 0.03944993019104004 0
6000 True 0.0 0.038665771484375 0
6100 True 0.0 0.05505824089050293 0
6200 True 0.0 0.03793907165527344 0
6300 True 0.0 0.037743330001831055 0
6400 True 0.0 0.03882336616516113 0
6500 True 0.0 0.0360875129699707 0
6600 True 0.0 0.04638361930847168 0
6700 True 0.0 0.038301944732666016 0
6800 True 0.0 0.040952205657958984 0
6900 True 0.0 0.037474870681762695 0
7000 True 0.0 0.03991079330444336 0
7100 True 0.0 0.06808662414550781 0
7200 True 0.0 0.05492901802062988 0
7300 True 0.0 0.037862300872802734 0
7400 True 0.0 0.06097221374511719 0
7500 True 0.0 0.03833770751953125 0
7600 True 0.0 0.03879666328430176 0
7700 True 0.0 0.039298295974731445 0
7800 True 0.0 0.035735130310058594 0
7900 True 0.0 0.03934073448181152 0
8000 True 0.0 0.03906869888305664 0
8100 True 0.0 0.03692173957824707 0
8200 True 0.0 0.036911725997924805 0
8300 True 0.0 0.03907012939453125 0
8400 True 0.0 0.041620492935180664 0
8500 True 0.0 0.03840804100036621 0
8600 True 0.0 0.054556846618652344 0
8700 True 0.0 0.0396878719329834 0
8800 True 0.0 0.036414384841918945 0
8900 True 0.0 0.03793191909790039 0
9000 True 0.0 0.036401987075805664 0
9100 True 0.0 0.03750300407409668 0
9200 True 0.0 0.04443645477294922 0
9300 True 0.0 0.057497501373291016 0
9400 True 0.0 0.038529396057128906 0
9500 True 0.0 0.0390470027923584 0
9600 True 0.0 0.03844451904296875 0
9700 True 0.0 0.04028511047363281 0
9800 True 0.0 0.03887367248535156 0
9900 True 0.0 0.03969740867614746 0
