0 True 0.0 0.06474041938781738 0
100 True 0.0 0.03880119323730469 0
200 True 0.0 0.03911590576171875 0
300 True 0.0 0.04092264175415039 0
400 True 0.0 0.043535709381103516 0
500 True 0.0 0.041513919830322266 0
600 True 0.0 0.04098939895629883 0
700 True 0.0 0.03890061378479004 0
800 True 0.0 0.04011178016662598 0
900 True 0.0 0.04124712944030762 0
1000 True 0.0 0.04190778732299805 0
1100 True 0.0 0.037267208099365234 0
1200 True 0.0 0.04193615913391113 0
1300 True 0.0 0.05161142349243164 0
1400 True 0.0 0.039954423904418945 0
1500 True 0.0 0.042299509048461914 0
1600 True 0.0 0.04666900634765625 0
1700 True 0.0 0.04079246520996094 0
1800 True 0.0 0.04116225242614746 0
1900 True 0.0 0.037482500076293945 0
2000 True 0.0 0.04083585739135742 0
2100 True 0.0 0.04699277877807617 0
2200 True 0.0 0.03778576850891113 0
2300 True 0.0 0.039137840270996094 0
2400 True 0.0 0.051715850830078125 0
2500 True 0.0 0.043236732482910156 0
2600 True 0.0 0.0389246940612793 0
2700 True 0.0 0.03919339179992676 0
2800 True 0.0 0.046053171157836914 0
2900 True 0.0 0.04441404342651367 0
3000 True 0.0 0.03888368606567383 0
3100 True 0.0 0.03883981704711914 0
3200 True 0.0 0.04025530815124512 0
3300 True 0.0 0.04172539710998535 0
3400 True 0.0 0.0434575080871582 0
3500 True 0.0 0.04489731788635254 0
3600 True 0.0 0.04966259002685547 0
3700 True 0.0 0.03879213333129883 0
3800 True 0.0 0.0418553352355957 0
3900 True 0.0 0.038820505142211914 0
4000 True 0.0 0.038797616958618164 0
4100 True 0.0 0.039679765701293945 0
4200 True 0.0 0.05236005783081055 0
4300 True 0.0 0.03871488571166992 0
4400 True 0.0 0.040114641189575195 0
4500 True 0.0 0.04053902626037598 0
4600 True 0.0 0.04257345199584961 0
4700 True 0.0 0.06177496910095215 0
4800 True 0.0 0.041213035583496094 0
4900 True 0.0 0.040555715560913086 0
5000 True 0.0 0.039853572845458984 0
5100 True 0.0 0.04173898696899414 0
5200 True 0.0 0.039458274841308594 0
5300 True 0.0 0.040354013442993164 0
5400 True 0.0 0.03858184814453125 0
5500 True 0.0 0.040712833404541016 0
5600 True 0.0 0.04274129867553711 0
5700 True 0.0 0.044634342193603516 0
5800 True 0.0 0.03947257995605469 0
5900 True 0.0 0.040357351303100586 0
6000 True 0.0 0.040991783142089844 0
6100 True 0.0 0.05180501937866211 0
6200 True 0.0 0.03923916816711426 0
6300 True 0.0 0.04005074501037598 0
6400 True 0.0 0.04471230506896973 0
6500 True 0.0 0.04463815689086914 0
6600 True 0.0 0.04022097587585449 0
6700 True 0.0 0.04520058631896973 0
6800 True 0.0 0.03762555122375488 0
6900 True 0.0 0.03971695899963379 0
7000 True 0.0 0.038199663162231445 0
7100 True 0.0 0.03801131248474121 0
7200 True 0.0 0.03887462615966797 0
7300 True 0.0 0.03685808181762695 0
7400 True 0.0 0.03770709037780762 0
7500 True 0.0 0.04672527313232422 0
7600 True 0.0 0.040963172912597656 0
7700 True 0.0 0.03825235366821289 0
7800 True 0.0 0.039124488830566406 0
7900 True 0.0 0.0520474910736084 0
8000 True 0.0 0.0478518009185791 0
8100 True 0.0 0.040372371673583984 0
8200 True 0.0 0.047760963439941406 0
8300 True 0.0 0.03917574882507324 0
8400 True 0.0 0.041022300720214844 0
8500 True 0.0 0.03893136978149414 0
8600 True 0.0 0.03809213638305664 0
8700 True 0.0 0.043387413024902344 0
8800 True 0.0 0.04049372673034668 0
8900 True 0.0 0.03707456588745117 0
9000 True 0.0 0.050714731216430664 0
9100 True 0.0 0.040164947509765625 0
9200 True 0.0 0.04422307014465332 0
9300 True 0.0 0.03807520866394043 0
9400 True 0.0 0.044518470764160156 0
9500 True 0.0 0.03766322135925293 0
9600 True 0.0 0.03921198844909668 0
9700 True 0.0 0.038332462310791016 0
9800 True 0.0 0.03935122489929199 0
9900 True 0.0 0.03763699531555176 0
