0 True 0 0.02441859245300293 0
100 True 0 0.03547859191894531 0
200 True 0 0.007514238357543945 0
300 True 0 0.009403228759765625 0
400 True 0 0.009183883666992188 0
500 True 0 0.007653474807739258 0
600 True 0 0.006925821304321289 0
700 True 0 0.0074481964111328125 0
800 True 0 0.0068569183349609375 0
900 True 0 0.007143497467041016 0
1000 True 0 0.007536411285400391 0
1100 True 0 0.007949352264404297 0
1200 True 0 0.007134675979614258 0
1300 True 0 0.007115602493286133 0
1400 True 0 0.009331941604614258 0
1500 True 0 0.006690263748168945 0
1600 True 0 0.007587432861328125 0
1700 True 0 0.006743192672729492 0
1800 True 0 0.006619453430175781 0
1900 True 0 0.0069391727447509766 0
2000 True 0 0.007448673248291016 0
2100 True 0 0.007017612457275391 0
2200 True 0 0.006656169891357422 0
2300 True 0 0.007169961929321289 0
2400 True 0 0.007027149200439453 0
2500 True 0 0.006970882415771484 0
2600 True 0 0.007173061370849609 0
2700 True 0 0.006920337677001953 0
2800 True 0 0.0076367855072021484 0
2900 True 0 0.009711265563964844 0
3000 True 0 0.0067882537841796875 0
3100 True 0 0.0070765018463134766 0
3200 True 0 0.009401321411132812 0
3300 True 0 0.0071146488189697266 0
3400 True 0 0.006890296936035156 0
3500 True 0 0.006970405578613281 0
3600 True 0 0.0068509578704833984 0
3700 True 0 0.007004976272583008 0
3800 True 0 0.006942272186279297 0
3900 True 0 0.010012149810791016 0
4000 True 0 0.006894588470458984 0
4100 True 0 0.007228374481201172 0
4200 True 0 0.007093191146850586 0
4300 True 0 0.007004737854003906 0
4400 True 0 0.0072247982025146484 0
4500 True 0 0.007976055145263672 0
4600 True 0 0.008304119110107422 0
4700 True 0 0.007053852081298828 0
4800 True 0 0.00719451904296875 0
4900 True 0 0.007916927337646484 0
5000 True 0 0.006957292556762695 0
5100 True 0 0.007046937942504883 0
5200 True 0 0.007123470306396484 0
5300 True 0 0.006745100021362305 0
5400 True 0 0.007933378219604492 0
5500 True 0 0.007712364196777344 0
5600 True 0 0.007320404052734375 0
5700 True 0 0.0072443485260009766 0
5800 True 0 0.009532451629638672 0
5900 True 0 0.007734775543212891 0
6000 True 0 0.007071256637573242 0
6100 True 0 0.01306772232055664 0
6200 True 0 0.007409572601318359 0
6300 True 0 0.01397562026977539 0
6400 True 0 0.00851130485534668 0
6500 True 0 0.007837533950805664 0
6600 True 0 0.0073032379150390625 0
6700 True 0 0.007031917572021484 0
6800 True 0 0.007376670837402344 0
6900 True 0 0.007765769958496094 0
7000 True 0 0.007158041000366211 0
7100 True 0 0.007734775543212891 0
7200 True 0 0.010843992233276367 0
7300 True 0 0.007288217544555664 0
7400 True 0 0.0073320865631103516 0
7500 True 0 0.0070514678955078125 0
7600 True 0 0.006707668304443359 0
7700 True 0 0.007153987884521484 0
7800 True 0 0.0070037841796875 0
7900 True 0 0.007821321487426758 0
8000 True 0 0.007100343704223633 0
8100 True 0 0.007010459899902344 0
8200 True 0 0.007704973220825195 0
8300 True 0 0.006476402282714844 0
8400 True 0 0.007034778594970703 0
8500 True 0 0.0075643062591552734 0
8600 True 0 0.007346153259277344 0
8700 True 0 0.011668682098388672 0
8800 True 0 0.007543325424194336 0
8900 True 0 0.007795572280883789 0
9000 True 0 0.008898496627807617 0
9100 True 0 0.007953166961669922 0
9200 True 0 0.007119655609130859 0
9300 True 0 0.006526947021484375 0
9400 True 0 0.006923198699951172 0
9500 True 0 0.0072324275970458984 0
9600 True 0 0.0079803466796875 0
9700 True 0 0.0070953369140625 0
9800 True 0 0.0072193145751953125 0
9900 True 0 0.007741689682006836 0
