0 True 0 0.021007537841796875 0
100 True 0 0.007260799407958984 0
200 True 0 0.007205963134765625 0
300 True 0 0.007334470748901367 0
400 True 0 0.007065534591674805 0
500 True 0 0.006902456283569336 0
600 True 0 0.00822901725769043 0
700 True 0 0.007602691650390625 0
800 True 0 0.02911686897277832 0
900 True 0 0.007284879684448242 0
1000 True 0 0.0075757503509521484 0
1100 True 0 0.007578849792480469 0
1200 True 0 0.0077822208404541016 0
1300 True 0 0.008005380630493164 0
1400 True 0 0.00675654411315918 0
1500 True 0 0.006939411163330078 0
1600 True 0 0.008085012435913086 0
1700 True 0 0.008053064346313477 0
1800 True 0 0.007587909698486328 0
1900 True 0 0.007169485092163086 0
2000 True 0 0.006894588470458984 0
2100 True 0 0.007684230804443359 0
2200 True 0 0.007108211517333984 0
2300 True 0 0.007053375244140625 0
2400 True 0 0.010364055633544922 0
2500 True 0 0.007682323455810547 0
2600 True 0 0.007348775863647461 0
2700 True 0 0.007193326950073242 0
2800 True 0 0.0070650577545166016 0
2900 True 0 0.0078089237213134766 0
3000 True 0 0.006848573684692383 0
3100 True 0 0.0068204402923583984 0
3200 True 0 0.006926774978637695 0
3300 True 0 0.006858110427856445 0
3400 True 0 0.0073184967041015625 0
3500 True 0 0.007769346237182617 0
3600 True 0 0.00795292854309082 0
3700 True 0 0.007071018218994141 0
3800 True 0 0.006806373596191406 0
3900 True 0 0.0069293975830078125 0
4000 True 0 0.007714271545410156 0
4100 True 0 0.007735252380371094 0
4200 True 0 0.007114887237548828 0
4300 True 0 0.006757974624633789 0
4400 True 0 0.009521961212158203 0
4500 True 0 0.007120370864868164 0
4600 True 0 0.006937742233276367 0
4700 True 0 0.006518125534057617 0
4800 True 0 0.008436441421508789 0
4900 True 0 0.006886005401611328 0
5000 True 0 0.0067937374114990234 0
5100 True 0 0.006852865219116211 0
5200 True 0 0.00721287727355957 0
5300 True 0 0.007677555084228516 0
5400 True 0 0.007822751998901367 0
5500 True 0 0.007657289505004883 0
5600 True 0 0.007459878921508789 0
5700 True 0 0.012168407440185547 0
5800 True 0 0.007709503173828125 0
5900 True 0 0.007447004318237305 0
6000 True 0 0.006850004196166992 0
6100 True 0 0.012235403060913086 0
6200 True 0 0.0075833797454833984 0
6300 True 0 0.006898641586303711 0
6400 True 0 0.007409811019897461 0
6500 True 0 0.006875514984130859 0
6600 True 0 0.006858348846435547 0
6700 True 0 0.009690046310424805 0
6800 True 0 0.007028341293334961 0
6900 True 0 0.007066488265991211 0
7000 True 0 0.007245540618896484 0
7100 True 0 0.009026288986206055 0
7200 True 0 0.007741689682006836 0
7300 True 0 0.007584571838378906 0
7400 True 0 0.007180929183959961 0
7500 True 0 0.007395744323730469 0
7600 True 0 0.008980989456176758 0
7700 True 0 0.007209062576293945 0
7800 True 0 0.00736236572265625 0
7900 True 0 0.007594108581542969 0
8000 True 0 0.007611989974975586 0
8100 True 0 0.00714564323425293 0
8200 True 0 0.007413625717163086 0
8300 True 0 0.007966756820678711 0
8400 True 0 0.007273674011230469 0
8500 True 0 0.009929895401000977 0
8600 True 0 0.00936269760131836 0
8700 True 0 0.012663841247558594 0
8800 True 0 0.009905338287353516 0
8900 True 0 0.00722193717956543 0
9000 True 0 0.007905721664428711 0
9100 True 0 0.0077779293060302734 0
9200 True 0 0.007639884948730469 0
9300 True 0 0.007522106170654297 0
9400 True 0 0.007100582122802734 0
9500 True 0 0.007238626480102539 0
9600 True 0 0.007015228271484375 0
9700 True 0 0.008455991744995117 0
9800 True 0 0.00701904296875 0
9900 True 0 0.006973743438720703 0
