0 True 0.203125 0.05095267295837402 0
100 True 0.1796875 0.037331581115722656 0
200 True 0.1875 0.037509918212890625 0
300 True 0.1328125 0.05842852592468262 0
400 True 0.1796875 0.040493011474609375 0
500 True 0.203125 0.037387847900390625 0
600 True 0.1953125 0.03969717025756836 0
700 True 0.1953125 0.038533687591552734 0
800 True 0.1640625 0.038369178771972656 0
900 True 0.0625 0.040274620056152344 0
1000 True 0.1328125 0.05970311164855957 0
1100 True 0.1953125 0.03661322593688965 0
1200 True 0.1171875 0.03961825370788574 0
1300 True 0.1953125 0.04024386405944824 0
1400 True 0.203125 0.040070295333862305 0
1500 True 0.078125 0.04014849662780762 0
1600 True 0.0703125 0.03964090347290039 0
1700 True 0.203125 0.057952880859375 0
1800 True 0.140625 0.0389866828918457 0
1900 True 0.078125 0.04174375534057617 0
2000 True 0.15625 0.03840184211730957 0
2100 True 0.203125 0.03998255729675293 0
2200 True 0.1640625 0.04039812088012695 0
2300 True 0.1640625 0.04045748710632324 0
2400 True 0.15625 0.038579463958740234 0
2500 True 0.1875 0.03905534744262695 0
2600 True 0.1953125 0.04099845886230469 0
2700 True 0.15625 0.04056715965270996 0
2800 True 0.1640625 0.04118490219116211 0
2900 True 0.1640625 0.03941011428833008 0
3000 True 0.1875 0.04148983955383301 0
3100 True 0.1328125 0.0394136905670166 0
3200 True 0.1953125 0.04042196273803711 0
3300 True 0.1953125 0.04459118843078613 0
3400 True 0.203125 0.040555715560913086 0
3500 True 0.1953125 0.040627241134643555 0
3600 True 0.1328125 0.04049086570739746 0
3700 True 0.1953125 0.04547548294067383 0
3800 True 0.1875 0.04853010177612305 0
3900 True 0.1953125 0.040064334869384766 0
4000 True 0.1171875 0.03899240493774414 0
4100 True 0.0546875 0.039794206619262695 0
4200 True 0.203125 0.04103899002075195 0
4300 True 0.109375 0.040729522705078125 0
4400 True 0.0390625 0.04999732971191406 0
4500 True 0.015625 0.03881978988647461 0
4600 True 0.203125 0.04025125503540039 0
4700 True 0.1953125 0.039701223373413086 0
4800 True 0.203125 0.0400235652923584 0
4900 True 0.1875 0.038141489028930664 0
5000 True 0.1875 0.0391385555267334 0
5100 True 0.15625 0.040102243423461914 0
5200 True 0.203125 0.04045271873474121 0
5300 True 0.203125 0.04069232940673828 0
5400 True 0.203125 0.03805255889892578 0
5500 True 0.203125 0.04849100112915039 0
5600 True 0.171875 0.0576472282409668 0
5700 True 0.1953125 0.04036211967468262 0
5800 True 0.203125 0.03985166549682617 0
5900 True 0.203125 0.04055619239807129 0
6000 True 0.171875 0.03833627700805664 0
6100 True 0.1796875 0.0396275520324707 0
6200 True 0.1953125 0.04121685028076172 0
6300 True 0.203125 0.039960622787475586 0
6400 True 0.09375 0.03811979293823242 0
6500 True 0.203125 0.03948378562927246 0
6600 True 0.0859375 0.04129600524902344 0
6700 True 0.125 0.03769373893737793 0
6800 True 0.1796875 0.03889179229736328 0
6900 True 0.1953125 0.039845943450927734 0
7000 True 0.203125 0.04157280921936035 0
7100 True 0.09375 0.04052567481994629 0
7200 True 0.125 0.0392153263092041 0
7300 True 0.203125 0.046842098236083984 0
7400 True 0.140625 0.06080293655395508 0
7500 True 0.1953125 0.0461878776550293 0
7600 True 0.1953125 0.03857922554016113 0
7700 True 0.1953125 0.040784597396850586 0
7800 True 0.171875 0.03745102882385254 0
7900 True 0.15625 0.04022645950317383 0
8000 True 0.125 0.037766218185424805 0
8100 True 0.203125 0.04186749458312988 0
8200 True 0.203125 0.03752946853637695 0
8300 True 0.203125 0.03752398490905762 0
8400 True 0.1953125 0.03931307792663574 0
8500 True 0.203125 0.03906822204589844 0
8600 True 0.203125 0.037267208099365234 0
8700 True 0.203125 0.03749799728393555 0
8800 True 0.2109375 0.03784751892089844 0
8900 True 0.203125 0.0426945686340332 0
9000 True 0.1953125 0.03873467445373535 0
9100 True 0.203125 0.04001259803771973 0
9200 True 0.1953125 0.04011178016662598 0
9300 True 0.2109375 0.044225215911865234 0
9400 True 0.109375 0.03881716728210449 0
9500 True 0.109375 0.0413060188293457 0
9600 True 0.1875 0.040030717849731445 0
9700 True 0.078125 0.04119515419006348 0
9800 True 0.15625 0.037915706634521484 0
9900 True 0.171875 0.04150581359863281 0
