0 True 0 0.01535797119140625 0
100 True 0 0.006891965866088867 0
200 True 0 0.006835460662841797 0
300 True 0 0.007784843444824219 0
400 True 0 0.006815671920776367 0
500 True 0 0.0068171024322509766 0
600 True 0 0.006649494171142578 0
700 True 0 0.006649971008300781 0
800 True 0 0.006494760513305664 0
900 True 0 0.007173061370849609 0
1000 True 0 0.006739616394042969 0
1100 True 0 0.006659984588623047 0
1200 True 0 0.006664752960205078 0
1300 True 0 0.0075490474700927734 0
1400 True 0 0.006517648696899414 0
1500 False 0 0.0 0
1600 True 0 0.007403373718261719 0
1700 True 0 0.0063822269439697266 0
1800 True 0 0.0071256160736083984 0
1900 True 0 0.006615877151489258 0
2000 True 0 0.009899377822875977 0
2100 True 0 0.006858110427856445 0
2200 True 0 0.007399559020996094 0
2300 True 0 0.006903409957885742 0
2400 True 0 0.010912656784057617 0
2500 True 0 0.006695747375488281 0
2600 True 0 0.006760358810424805 0
2700 True 0 0.0066394805908203125 0
2800 True 0 0.00686192512512207 0
2900 True 0 0.007029533386230469 0
3000 True 0 0.007257938385009766 0
3100 True 0 0.007059574127197266 0
3200 True 0 0.006804466247558594 0
3300 True 0 0.007599592208862305 0
3400 True 0 0.007803916931152344 0
3500 True 0 0.00681304931640625 0
3600 True 0 0.007425069808959961 0
3700 True 0 0.0067594051361083984 0
3800 True 0 0.0064373016357421875 0
3900 True 0 0.00666356086730957 0
4000 True 0 0.006903886795043945 0
4100 True 0 0.0066204071044921875 0
4200 True 0 0.00684666633605957 0
4300 True 0 0.007629871368408203 0
4400 True 0 0.006777286529541016 0
4500 False 0 0.0 0
4600 True 0 0.006608009338378906 0
4700 True 0 0.0071544647216796875 0
4800 True 0 0.007448911666870117 0
4900 True 0 0.006920576095581055 0
5000 True 0 0.007157802581787109 0
5100 True 0 0.0072078704833984375 0
5200 True 0 0.008488655090332031 0
5300 True 0 0.007757663726806641 0
5400 True 0 0.006711483001708984 0
5500 True 0 0.007147073745727539 0
5600 True 0 0.0069048404693603516 0
5700 True 0 0.0071680545806884766 0
5800 True 0 0.007222175598144531 0
5900 True 0 0.006820201873779297 0
6000 True 0 0.007583141326904297 0
6100 True 0 0.006852626800537109 0
6200 True 0 0.006893634796142578 0
6300 True 0 0.006803989410400391 0
6400 True 0 0.0065305233001708984 0
6500 True 0 0.0067784786224365234 0
6600 True 0 0.006859302520751953 0
6700 True 0 0.007302284240722656 0
6800 True 0 0.007142782211303711 0
6900 True 0 0.006621122360229492 0
7000 True 0 0.008052825927734375 0
7100 True 0 0.013125181198120117 0
7200 True 0 0.006595611572265625 0
7300 True 0 0.006769657135009766 0
7400 True 0 0.006909847259521484 0
7500 True 0 0.009566307067871094 0
7600 True 0 0.0073223114013671875 0
7700 True 0 0.006734371185302734 0
7800 True 0 0.006635904312133789 0
7900 True 0 0.007166385650634766 0
8000 True 0 0.006779670715332031 0
8100 True 0 0.006894111633300781 0
8200 True 0 0.008851051330566406 0
8300 True 0 0.006726741790771484 0
8400 True 0 0.006762504577636719 0
8500 True 0 0.008748054504394531 0
8600 True 0 0.007178068161010742 0
8700 True 0 0.009453296661376953 0
8800 True 0 0.0070803165435791016 0
8900 True 0 0.00896763801574707 0
9000 True 0 0.007001399993896484 0
9100 True 0 0.007315397262573242 0
9200 True 0 0.007010698318481445 0
9300 True 0 0.007650613784790039 0
9400 True 0 0.0070536136627197266 0
9500 True 0 0.00924992561340332 0
9600 True 0 0.006707906723022461 0
9700 True 0 0.0067937374114990234 0
9800 True 0 0.0071086883544921875 0
9900 True 0 0.006669282913208008 0
