0 True 0 0.013927936553955078 0
100 True 0 0.0072460174560546875 0
200 True 0 0.008319377899169922 0
300 False 0 0.0 0
400 True 0 0.006372690200805664 0
500 True 0 0.006386756896972656 0
600 True 0 0.0063970088958740234 0
700 True 0 0.006521701812744141 0
800 False 0 0.0 0
900 True 0 0.006240367889404297 0
1000 False 0 0.0 0
1100 True 0 0.0065326690673828125 0
1200 False 0 0.0 0
1300 True 0 0.006799459457397461 0
1400 True 0 0.006946563720703125 0
1500 False 0 0.0 0
1600 True 0 0.007119417190551758 0
1700 True 0 0.006687641143798828 0
1800 True 0 0.0071070194244384766 0
1900 True 0 0.006713390350341797 0
2000 True 0 0.008545160293579102 0
2100 True 0 0.0068359375 0
2200 False 0 0.0 0
2300 True 0 0.006823062896728516 0
2400 False 0 0.0 0
2500 False 0 0.0 0
2600 True 0 0.010531902313232422 0
2700 True 0 0.008978128433227539 0
2800 True 0 0.006533145904541016 0
2900 True 0 0.006859779357910156 0
3000 True 0 0.007308006286621094 0
3100 True 0 0.008510589599609375 0
3200 False 0 0.0 0
3300 True 0 0.006540536880493164 0
3400 True 0 0.007111072540283203 0
3500 True 0 0.007180213928222656 0
3600 True 0 0.0066678524017333984 0
3700 True 0 0.0068356990814208984 0
3800 True 0 0.006888389587402344 0
3900 True 0 0.009539604187011719 0
4000 False 0 0.0 0
4100 True 0 0.006844282150268555 0
4200 True 0 0.006785154342651367 0
4300 True 0 0.006723165512084961 0
4400 True 0 0.006695985794067383 0
4500 False 0 0.0 0
4600 True 0 0.006868839263916016 0
4700 False 0 0.0 0
4800 True 0 0.006530046463012695 0
4900 True 0 0.006539821624755859 0
5000 True 0 0.006392240524291992 0
5100 False 0 0.0 0
5200 True 0 0.006668806076049805 0
5300 True 0 0.006887912750244141 0
5400 True 0 0.006575584411621094 0
5500 True 0 0.006733894348144531 0
5600 True 0 0.01045536994934082 0
5700 True 0 0.006686687469482422 0
5800 False 0 0.0 0
5900 True 0 0.006880521774291992 0
6000 False 0 0.0 0
6100 True 0 0.006822347640991211 0
6200 False 0 0.0 0
6300 True 0 0.010030746459960938 0
6400 True 0 0.0070247650146484375 0
6500 True 0 0.0067980289459228516 0
6600 True 0 0.007308244705200195 0
6700 True 0 0.007263660430908203 0
6800 True 0 0.007967948913574219 0
6900 True 0 0.00695490837097168 0
7000 True 0 0.006589651107788086 0
7100 True 0 0.0066683292388916016 0
7200 False 0 0.0 0
7300 True 0 0.006821632385253906 0
7400 True 0 0.0072209835052490234 0
7500 True 0 0.007191658020019531 0
7600 True 0 0.006485939025878906 0
7700 True 0 0.0070896148681640625 0
7800 False 0 0.0 0
7900 True 0 0.00674748420715332 0
8000 True 0 0.006733417510986328 0
8100 True 0 0.006717681884765625 0
8200 True 0 0.006607770919799805 0
8300 True 0 0.006888866424560547 0
8400 True 0 0.007760763168334961 0
8500 True 0 0.006949663162231445 0
8600 True 0 0.007390260696411133 0
8700 False 0 0.0 0
8800 True 0 0.0068395137786865234 0
8900 False 0 0.0 0
9000 True 0 0.006642818450927734 0
9100 True 0 0.007127046585083008 0
9200 True 0 0.0069103240966796875 0
9300 True 0 0.007460355758666992 0
9400 False 0 0.0 0
9500 True 0 0.007195472717285156 0
9600 True 0 0.006766796112060547 0
9700 False 0 0.0 0
9800 True 0 0.009612321853637695 0
9900 True 0 0.007318258285522461 0
