0 True 0.0 0.046144962310791016 0
100 True 0.0 0.03970646858215332 0
200 True 0.0 0.03758358955383301 0
300 False 0.0 0.0 0
400 True 0.0 0.042761802673339844 0
500 True 0.0 0.038762569427490234 0
600 True 0.0 0.035962581634521484 0
700 True 0.0 0.0387263298034668 0
800 False 0.0 0.0 0
900 True 0.0 0.035901546478271484 0
1000 False 0.0 0.0 0
1100 True 0.0 0.03748202323913574 0
1200 False 0.0 0.0 0
1300 True 0.0 0.03825092315673828 0
1400 True 0.0 0.04306507110595703 0
1500 False 0.0 0.0 0
1600 True 0.0 0.036618709564208984 0
1700 True 0.0 0.04156756401062012 0
1800 True 0.0 0.033674001693725586 0
1900 True 0.0 0.034581899642944336 0
2000 True 0.0 0.03798842430114746 0
2100 True 0.0 0.03780770301818848 0
2200 False 0.0 0.0 0
2300 True 0.0 0.046021461486816406 0
2400 False 0.0 0.0 0
2500 False 0.0 0.0 0
2600 True 0.0 0.036287546157836914 0
2700 True 0.0 0.03725790977478027 0
2800 True 0.0 0.03577828407287598 0
2900 True 0.0 0.0364990234375 0
3000 True 0.0 0.037578582763671875 0
3100 True 0.0 0.037087440490722656 0
3200 False 0.0 0.0 0
3300 True 0.0 0.034739017486572266 0
3400 True 0.0 0.03804731369018555 0
3500 True 0.0 0.05270814895629883 0
3600 True 0.0 0.03667569160461426 0
3700 True 0.0 0.037592172622680664 0
3800 True 0.0 0.04781460762023926 0
3900 True 0.0 0.03670549392700195 0
4000 False 0.0 0.0 0
4100 True 0.0 0.039823293685913086 0
4200 True 0.0 0.03824973106384277 0
4300 True 0.0 0.03753995895385742 0
4400 True 0.0 0.03593015670776367 0
4500 False 0.0 0.0 0
4600 True 0.0 0.03987836837768555 0
4700 False 0.0 0.0 0
4800 True 0.0 0.05536365509033203 0
4900 True 0.0 0.038060903549194336 0
5000 True 0.0 0.0365300178527832 0
5100 False 0.0 0.0 0
5200 True 0.0 0.0367131233215332 0
5300 True 0.0 0.03814435005187988 0
5400 True 0.0 0.03799867630004883 0
5500 True 0.0 0.039421796798706055 0
5600 True 0.0 0.035893917083740234 0
5700 True 0.0 0.0388796329498291 0
5800 False 0.0 0.0 0
5900 True 0.0 0.036147117614746094 0
6000 False 0.0 0.0 0
6100 True 0.0 0.04571390151977539 0
6200 False 0.0 0.0 0
6300 True 0.0 0.03757524490356445 0
6400 True 0.0 0.03862404823303223 0
6500 True 0.0 0.04165053367614746 0
6600 True 0.0 0.03707408905029297 0
6700 True 0.0 0.04999351501464844 0
6800 True 0.0 0.0424041748046875 0
6900 True 0.0 0.040853023529052734 0
7000 True 0.0 0.03641390800476074 0
7100 True 0.0 0.03605008125305176 0
7200 False 0.0 0.0 0
7300 True 0.0 0.037497520446777344 0
7400 True 0.0 0.03729987144470215 0
7500 True 0.0 0.05186271667480469 0
7600 True 0.0 0.037866830825805664 0
7700 True 0.0 0.03671073913574219 0
7800 False 0.0 0.0 0
7900 True 0.0 0.03949594497680664 0
8000 True 0.0 0.05537247657775879 0
8100 True 0.0 0.03695511817932129 0
8200 True 0.0 0.03777503967285156 0
8300 True 0.0 0.03497910499572754 0
8400 True 0.0 0.055342674255371094 0
8500 True 0.0 0.042667388916015625 0
8600 True 0.0 0.03873634338378906 0
8700 False 0.0 0.0 0
8800 True 0.0 0.03654599189758301 0
8900 False 0.0 0.0 0
9000 True 0.0 0.03512692451477051 0
9100 True 0.0 0.037091970443725586 0
9200 True 0.0 0.03473520278930664 0
9300 True 0.0 0.03634500503540039 0
9400 False 0.0 0.0 0
9500 True 0.0 0.03608202934265137 0
9600 True 0.0 0.036275625228881836 0
9700 False 0.0 0.0 0
9800 True 0.0 0.03632473945617676 0
9900 True 0.0 0.039133548736572266 0
