0 True 1 0.015299320220947266 0
100 True 0 0.0067484378814697266 0
200 False 0 0.0 0
300 False 0 0.0 0
400 False 0 0.0 0
500 False 0 0.0 0
600 False 0 0.0 0
700 True 1 0.007004499435424805 0
800 True 1 0.007042884826660156 0
900 True 1 0.00646662712097168 0
1000 False 0 0.0 0
1100 True 1 0.006192445755004883 0
1200 True 0 0.007512092590332031 0
1300 False 0 0.0 0
1400 False 0 0.0 0
1500 False 0 0.0 0
1600 False 0 0.0 0
1700 True 1 0.00674128532409668 0
1800 False 0 0.0 0
1900 False 0 0.0 0
2000 False 0 0.0 0
2100 False 0 0.0 0
2200 False 0 0.0 0
2300 False 0 0.0 0
2400 False 0 0.0 0
2500 False 0 0.0 0
2600 True 1 0.007195949554443359 0
2700 True 1 0.00696563720703125 0
2800 False 0 0.0 0
2900 False 0 0.0 0
3000 True 0 0.007319927215576172 0
3100 False 0 0.0 0
3200 False 0 0.0 0
3300 False 0 0.0 0
3400 True 1 0.007596731185913086 0
3500 False 0 0.0 0
3600 False 0 0.0 0
3700 False 0 0.0 0
3800 False 0 0.0 0
3900 True 1 0.007005214691162109 0
4000 False 0 0.0 0
4100 False 0 0.0 0
4200 True 1 0.006261587142944336 0
4300 False 0 0.0 0
4400 False 0 0.0 0
4500 False 0 0.0 0
4600 False 0 0.0 0
4700 False 0 0.0 0
4800 True 1 0.0065386295318603516 0
4900 False 0 0.0 0
5000 False 0 0.0 0
5100 False 0 0.0 0
5200 False 0 0.0 0
5300 False 0 0.0 0
5400 False 0 0.0 0
5500 False 0 0.0 0
5600 True 1 0.006800651550292969 0
5700 False 0 0.0 0
5800 False 0 0.0 0
5900 False 0 0.0 0
6000 False 0 0.0 0
6100 False 0 0.0 0
6200 False 0 0.0 0
6300 False 0 0.0 0
6400 True 1 0.006609916687011719 0
6500 False 0 0.0 0
6600 False 0 0.0 0
6700 False 0 0.0 0
6800 False 0 0.0 0
6900 True 0 0.007649660110473633 0
7000 True 1 0.006604909896850586 0
7100 False 0 0.0 0
7200 False 0 0.0 0
7300 True 1 0.0072231292724609375 0
7400 False 0 0.0 0
7500 False 0 0.0 0
7600 True 1 0.007359743118286133 0
7700 False 0 0.0 0
7800 False 0 0.0 0
7900 False 0 0.0 0
8000 False 0 0.0 0
8100 True 1 0.006771564483642578 0
8200 True 1 0.0064105987548828125 0
8300 False 0 0.0 0
8400 False 0 0.0 0
8500 False 0 0.0 0
8600 True 1 0.008974552154541016 0
8700 False 0 0.0 0
8800 False 0 0.0 0
8900 False 0 0.0 0
9000 True 1 0.0065538883209228516 0
9100 False 0 0.0 0
9200 True 1 0.0066792964935302734 0
9300 False 0 0.0 0
9400 False 0 0.0 0
9500 False 0 0.0 0
9600 False 0 0.0 0
9700 False 0 0.0 0
9800 True 0 0.006844997406005859 0
9900 True 0 0.006745576858520508 0
