0 True 0.15625 0.04277825355529785 0
100 True 0.125 0.04169011116027832 0
200 True 0.2109375 0.03777575492858887 0
300 True 0.0546875 0.03594231605529785 0
400 True 0.1328125 0.03567171096801758 0
500 True 0.21875 0.04047727584838867 0
600 True 0.1484375 0.037647247314453125 0
700 True 0.140625 0.03578591346740723 0
800 True 0.203125 0.04864358901977539 0
900 False 0.0 0.0 0
1000 True 0.125 0.03657841682434082 0
1100 True 0.1796875 0.038405418395996094 0
1200 True 0.0859375 0.03881263732910156 0
1300 True 0.140625 0.0354158878326416 0
1400 True 0.1640625 0.03685903549194336 0
1500 False 0.0 0.0 0
1600 True 0.0859375 0.03501176834106445 0
1700 True 0.1484375 0.040544986724853516 0
1800 True 0.015625 0.03403806686401367 0
1900 True 0.03125 0.03381705284118652 0
2000 True 0.1171875 0.03661918640136719 0
2100 True 0.1328125 0.03376507759094238 0
2200 True 0.1328125 0.03500175476074219 0
2300 True 0.078125 0.03631019592285156 0
2400 True 0.109375 0.034296274185180664 0
2500 True 0.125 0.03634142875671387 0
2600 True 0.2265625 0.03853249549865723 0
2700 True 0.125 0.04484081268310547 0
2800 True 0.0859375 0.040622711181640625 0
2900 True 0.125 0.03806638717651367 0
3000 True 0.1328125 0.038500308990478516 0
3100 True 0.1015625 0.05550694465637207 0
3200 True 0.1953125 0.03519749641418457 0
3300 True 0.1328125 0.04351472854614258 0
3400 True 0.171875 0.03995108604431152 0
3500 True 0.1875 0.03607583045959473 0
3600 True 0.125 0.03786492347717285 0
3700 True 0.1640625 0.0376279354095459 0
3800 True 0.1328125 0.03853249549865723 0
3900 True 0.140625 0.03556680679321289 0
4000 True 0.0546875 0.03718829154968262 0
4100 True 0.1328125 0.042798519134521484 0
4200 True 0.125 0.03941988945007324 0
4300 True 0.015625 0.037491798400878906 0
4400 True 0.046875 0.035894155502319336 0
4500 False 0.0 0.0 0
4600 True 0.234375 0.039633750915527344 0
4700 True 0.1796875 0.03537440299987793 0
4800 True 0.171875 0.03645944595336914 0
4900 True 0.125 0.04006338119506836 0
5000 True 0.1640625 0.0346529483795166 0
5100 True 0.1640625 0.035463809967041016 0
5200 True 0.140625 0.03587675094604492 0
5300 True 0.2265625 0.03696632385253906 0
5400 True 0.125 0.044461727142333984 0
5500 True 0.1796875 0.03807520866394043 0
5600 True 0.1015625 0.037474870681762695 0
5700 True 0.1796875 0.0382077693939209 0
5800 True 0.1640625 0.03810834884643555 0
5900 True 0.1796875 0.03561902046203613 0
6000 True 0.140625 0.036271095275878906 0
6100 True 0.1640625 0.03884387016296387 0
6200 True 0.1875 0.03856062889099121 0
6300 True 0.140625 0.03665804862976074 0
6400 True 0.0859375 0.037255048751831055 0
6500 True 0.1796875 0.037317752838134766 0
6600 True 0.0859375 0.03822135925292969 0
6700 True 0.0859375 0.03746819496154785 0
6800 True 0.125 0.036658287048339844 0
6900 True 0.1328125 0.03726673126220703 0
7000 True 0.140625 0.03834700584411621 0
7100 True 0.1953125 0.037709712982177734 0
7200 True 0.0546875 0.036216020584106445 0
7300 True 0.1796875 0.06204390525817871 0
7400 True 0.1171875 0.03680872917175293 0
7500 True 0.2109375 0.03779768943786621 0
7600 True 0.1484375 0.03688931465148926 0
7700 True 0.1015625 0.03663301467895508 0
7800 False 0.0 0.0 0
7900 True 0.125 0.03547835350036621 0
8000 True 0.1796875 0.03375983238220215 0
8100 True 0.1640625 0.0364995002746582 0
8200 True 0.1640625 0.03642439842224121 0
8300 True 0.2578125 0.03583264350891113 0
8400 True 0.15625 0.0355372428894043 0
8500 True 0.1953125 0.035359859466552734 0
8600 True 0.1640625 0.050699710845947266 0
8700 True 0.1796875 0.04367518424987793 0
8800 True 0.25 0.034323930740356445 0
8900 True 0.1640625 0.03656411170959473 0
9000 True 0.1640625 0.03751254081726074 0
9100 True 0.2265625 0.03507351875305176 0
9200 True 0.1328125 0.03892922401428223 0
9300 True 0.1796875 0.03970599174499512 0
9400 True 0.0234375 0.03524422645568848 0
9500 True 0.1796875 0.037512779235839844 0
9600 True 0.1640625 0.0361933708190918 0
9700 True 0.046875 0.04609179496765137 0
9800 True 0.140625 0.037267208099365234 0
9900 True 0.1640625 0.04030776023864746 0
