0 True 1 0.012937784194946289 0
100 True 1 0.0072057247161865234 0
200 True 1 0.006943225860595703 0
300 True 0 0.0066525936126708984 0
400 True 1 0.009448528289794922 0
500 True 1 0.006400346755981445 0
600 True 1 0.006473541259765625 0
700 True 1 0.0075032711029052734 0
800 True 1 0.006873607635498047 0
900 False 0 0.0 0
1000 True 1 0.008853673934936523 0
1100 True 1 0.006844758987426758 0
1200 True 0 0.007146358489990234 0
1300 True 1 0.0064983367919921875 0
1400 True 1 0.007392406463623047 0
1500 False 0 0.0 0
1600 True 0 0.0065155029296875 0
1700 True 1 0.010463714599609375 0
1800 True 0 0.006988048553466797 0
1900 True 0 0.006842374801635742 0
2000 True 1 0.006360769271850586 0
2100 True 1 0.0069200992584228516 0
2200 True 1 0.007625102996826172 0
2300 True 0 0.0066661834716796875 0
2400 True 1 0.01040339469909668 0
2500 True 1 0.006644010543823242 0
2600 True 1 0.006697654724121094 0
2700 True 1 0.007198333740234375 0
2800 True 0 0.006563663482666016 0
2900 True 1 0.006590127944946289 0
3000 True 1 0.006838321685791016 0
3100 True 1 0.006946086883544922 0
3200 True 1 0.006468772888183594 0
3300 True 1 0.0065631866455078125 0
3400 True 1 0.009327173233032227 0
3500 True 1 0.006735801696777344 0
3600 True 1 0.006520271301269531 0
3700 True 1 0.0066986083984375 0
3800 True 1 0.006815671920776367 0
3900 True 1 0.006736278533935547 0
4000 True 0 0.006976127624511719 0
4100 True 1 0.012550830841064453 0
4200 True 1 0.0065534114837646484 0
4300 True 0 0.0072438716888427734 0
4400 True 0 0.0065500736236572266 0
4500 False 0 0.0 0
4600 True 1 0.007193803787231445 0
4700 True 1 0.007073402404785156 0
4800 True 1 0.0069806575775146484 0
4900 True 1 0.006283760070800781 0
5000 True 1 0.006642580032348633 0
5100 True 1 0.006818532943725586 0
5200 True 1 0.006516695022583008 0
5300 True 1 0.0066454410552978516 0
5400 True 1 0.006852149963378906 0
5500 True 1 0.006919384002685547 0
5600 True 1 0.007810354232788086 0
5700 True 1 0.006606578826904297 0
5800 True 1 0.007112979888916016 0
5900 True 1 0.007002830505371094 0
6000 True 1 0.00684809684753418 0
6100 True 1 0.0067920684814453125 0
6200 True 1 0.007076740264892578 0
6300 True 1 0.007050991058349609 0
6400 True 0 0.006887674331665039 0
6500 True 1 0.007153749465942383 0
6600 True 0 0.0066640377044677734 0
6700 True 0 0.006395816802978516 0
6800 True 1 0.006735801696777344 0
6900 True 1 0.00741267204284668 0
7000 True 1 0.006840944290161133 0
7100 True 1 0.006860971450805664 0
7200 True 0 0.0072286128997802734 0
7300 True 1 0.0128173828125 0
7400 True 1 0.006943702697753906 0
7500 True 1 0.009349346160888672 0
7600 True 1 0.00653076171875 0
7700 True 1 0.007010221481323242 0
7800 False 0 0.0 0
7900 True 1 0.007291316986083984 0
8000 True 1 0.006502628326416016 0
8100 True 1 0.007221698760986328 0
8200 True 1 0.007154941558837891 0
8300 True 1 0.0064771175384521484 0
8400 True 1 0.0064525604248046875 0
8500 True 1 0.008321523666381836 0
8600 True 1 0.006806135177612305 0
8700 True 1 0.0070362091064453125 0
8800 True 1 0.007330894470214844 0
8900 True 1 0.0067577362060546875 0
9000 True 1 0.006959438323974609 0
9100 True 1 0.008991479873657227 0
9200 True 1 0.007829904556274414 0
9300 True 1 0.009103536605834961 0
9400 True 0 0.006460905075073242 0
9500 True 1 0.009792804718017578 0
9600 True 1 0.007096052169799805 0
9700 True 0 0.007137775421142578 0
9800 True 1 0.010480403900146484 0
9900 True 1 0.0067179203033447266 0
