0 True 0.0 0.0429232120513916 0
100 True 0.0 0.037749290466308594 0
200 True 0.0 0.03935718536376953 0
300 True 0.0 0.03924083709716797 0
400 True 0.0 0.035954952239990234 0
500 True 0.0 0.04970431327819824 0
600 True 0.0 0.05029129981994629 0
700 True 0.0 0.03808403015136719 0
800 True 0.0 0.04019021987915039 0
900 True 0.0 0.03826498985290527 0
1000 True 0.0 0.03601884841918945 0
1100 True 0.0 0.04456472396850586 0
1200 False 0.0 0.0 0
1300 True 0.0 0.03565502166748047 0
1400 True 0.0 0.0414426326751709 0
1500 False 0.0 0.0 0
1600 True 0.0 0.03520798683166504 0
1700 True 0.0 0.040795326232910156 0
1800 True 0.0 0.03741598129272461 0
1900 True 0.0 0.034642934799194336 0
2000 True 0.0 0.03452920913696289 0
2100 True 0.0 0.03722977638244629 0
2200 True 0.0 0.037612199783325195 0
2300 True 0.0 0.03569436073303223 0
2400 True 0.0 0.03644156455993652 0
2500 True 0.0 0.036339759826660156 0
2600 True 0.0 0.03946375846862793 0
2700 True 0.0 0.037323713302612305 0
2800 True 0.0 0.036920785903930664 0
2900 True 0.0 0.03823375701904297 0
3000 True 0.0 0.04512333869934082 0
3100 True 0.0 0.03733372688293457 0
3200 True 0.0 0.037992238998413086 0
3300 True 0.0 0.03753948211669922 0
3400 True 0.0 0.039278268814086914 0
3500 True 0.0 0.03804802894592285 0
3600 True 0.0 0.0394134521484375 0
3700 True 0.0 0.03653097152709961 0
3800 True 0.0 0.038848876953125 0
3900 True 0.0 0.03689098358154297 0
4000 True 0.0 0.038689374923706055 0
4100 True 0.0 0.03703641891479492 0
4200 True 0.0 0.037424564361572266 0
4300 True 0.0 0.037406206130981445 0
4400 True 0.0 0.03641819953918457 0
4500 False 0.0 0.0 0
4600 True 0.0 0.03769063949584961 0
4700 True 0.0 0.03682351112365723 0
4800 True 0.0 0.044832468032836914 0
4900 True 0.0 0.03891181945800781 0
5000 True 0.0 0.03733253479003906 0
5100 True 0.0 0.03553414344787598 0
5200 True 0.0 0.051003456115722656 0
5300 True 0.0 0.0358428955078125 0
5400 True 0.0 0.05273866653442383 0
5500 True 0.0 0.037744760513305664 0
5600 False 0.0 0.0 0
5700 True 0.0 0.03721809387207031 0
5800 True 0.0 0.036634206771850586 0
5900 True 0.0 0.03792977333068848 0
6000 True 0.0 0.04122734069824219 0
6100 True 0.0 0.03862714767456055 0
6200 True 0.0 0.038558006286621094 0
6300 True 0.0 0.03713536262512207 0
6400 True 0.0 0.03839302062988281 0
6500 True 0.0 0.03798866271972656 0
6600 True 0.0 0.0347895622253418 0
6700 True 0.0 0.03760886192321777 0
6800 True 0.0 0.03926849365234375 0
6900 True 0.0 0.034806013107299805 0
7000 True 0.0 0.03790140151977539 0
7100 True 0.0 0.03752446174621582 0
7200 True 0.0 0.0373079776763916 0
7300 True 0.0 0.03531599044799805 0
7400 True 0.0 0.03734636306762695 0
7500 True 0.0 0.03773212432861328 0
7600 True 0.0 0.03729891777038574 0
7700 True 0.0 0.03824782371520996 0
7800 False 0.0 0.0 0
7900 True 0.0 0.06034255027770996 0
8000 True 0.0 0.034467220306396484 0
8100 True 0.0 0.035767316818237305 0
8200 True 0.0 0.035623788833618164 0
8300 True 0.0 0.03635668754577637 0
8400 True 0.0 0.03738546371459961 0
8500 True 0.0 0.03914356231689453 0
8600 True 0.0 0.03688526153564453 0
8700 True 0.0 0.03447866439819336 0
8800 True 0.0 0.04610133171081543 0
8900 True 0.0 0.04065990447998047 0
9000 True 0.0 0.03741312026977539 0
9100 True 0.0 0.03715682029724121 0
9200 True 0.0 0.0362696647644043 0
9300 True 0.0 0.03954577445983887 0
9400 True 0.0 0.0386812686920166 0
9500 True 0.0 0.037994384765625 0
9600 True 0.0 0.037552595138549805 0
9700 True 0.0 0.03693580627441406 0
9800 True 0.0 0.03652048110961914 0
9900 True 0.0 0.03808331489562988 0
