0 True 0.0 0.2254040241241455 0
100 False 0.0 0.0 0
200 False 0.0 0.0 0
300 True 0.0 0.30103182792663574 0
400 True 0.0 0.2242722511291504 0
500 False 0.0 0.0 0
600 True 0.0 0.14528584480285645 0
700 True 0.0 0.2598299980163574 0
800 True 0.0 0.17178726196289062 0
900 False 0.0 0.0 0
1000 True 0.0 0.27315187454223633 0
1100 False 0.0 0.0 0
1200 True 0.0 0.20189261436462402 0
1300 False 0.0 0.0 0
1400 True 0.0 0.14475154876708984 0
1500 True 0.0 0.11466622352600098 0
1600 False 0.0 0.0 0
1700 False 0.0 0.0 0
1800 False 0.0 0.0 0
1900 True 0.0 0.13204431533813477 0
2000 False 0.0 0.0 0
2100 False 0.0 0.0 0
2200 True 0.0 0.27161550521850586 0
2300 False 0.0 0.0 0
2400 True 0.056640625 20.96990418434143 0
2500 False 0.0 0.0 0
2600 True 0.0 0.1250460147857666 0
2700 False 0.0 0.0 0
2800 False 0.0 0.0 0
2900 False 0.0 0.0 0
3000 True 0.0 0.15205001831054688 0
3100 True 0.0 0.16615509986877441 0
3200 False 0.0 0.0 0
3300 False 0.0 0.0 0
3400 False 0.0 0.0 0
3500 True 0.0 0.16312742233276367 0
3600 False 0.0 0.0 0
3700 False 0.0 0.0 0
3800 False 0.0 0.0 0
3900 False 0.0 0.0 0
4000 False 0.0 0.0 0
4100 True 0.0 0.25537109375 0
4200 True 0.0 0.258927583694458 0
4300 True 0.0 0.1325242519378662 0
4400 False 0.0 0.0 0
4500 False 0.0 0.0 0
4600 False 0.0 0.0 0
4700 False 0.0 0.0 0
4800 True 0.0 0.1578841209411621 0
4900 False 0.0 0.0 0
5000 True 0.0 0.16408205032348633 0
5100 True 0.0 0.17187190055847168 0
5200 True 0.0 0.30805349349975586 0
5300 False 0.0 0.0 0
5400 True 0.0 0.2712879180908203 0
5500 False 0.0 0.0 0
5600 False 0.0 0.0 0
5700 True 0.0 0.16681671142578125 0
5800 False 0.0 0.0 0
5900 False 0.0 0.0 0
6000 True 0.0 0.1216578483581543 0
6100 True 0.0 7.749094247817993 0
6200 False 0.0 0.0 0
6300 False 0.0 0.0 0
6400 False 0.0 0.0 0
6500 False 0.0 0.0 0
6600 True 0.0 0.12467694282531738 0
6700 False 0.0 0.0 0
6800 True 0.0 0.2012028694152832 0
6900 False 0.0 0.0 0
7000 False 0.0 0.0 0
7100 False 0.0 0.0 0
7200 False 0.0 0.0 0
7300 True 0.0 0.1424388885498047 0
7400 True 0.0 0.2571849822998047 0
7500 False 0.0 0.0 0
7600 True 0.0 0.17473816871643066 0
7700 True 0.0 0.30816102027893066 0
7800 True 0.0146484375 16.89186668395996 0
7900 False 0.0 0.0 0
8000 True 0.0 0.1415846347808838 0
8100 False 0.0 0.0 0
8200 False 0.0 0.0 0
8300 False 0.0 0.0 0
8400 False 0.0 0.0 0
8500 True 0.0 0.29900097846984863 0
8600 False 0.0 0.0 0
8700 True 0.0 0.13989949226379395 0
8800 True 0.021484375 19.05251932144165 0
8900 False 0.0 0.0 0
9000 True 0.0 0.18221735954284668 0
9100 False 0.0 0.0 0
9200 True 0.0 0.12553787231445312 0
9300 False 0.0 0.0 0
9400 False 0.0 0.0 0
9500 False 0.0 0.0 0
9600 True 0.0 0.12134337425231934 0
9700 True 0.017578125 24.893472909927368 0
9800 True 0.0 0.1423945426940918 0
9900 False 0.0 0.0 0
