0 True 0 0.02146124839782715 0
100 False 0 0.0 0
200 False 0 0.0 0
300 True 0 0.03542900085449219 0
400 True 0 0.025432348251342773 0
500 False 0 0.0 0
600 True 0 0.01784682273864746 0
700 True 0 0.029387474060058594 0
800 True 0 0.020173311233520508 0
900 False 0 0.0 0
1000 True 0 0.03128242492675781 0
1100 False 0 0.0 0
1200 True 0 0.02142930030822754 0
1300 False 0 0.0 0
1400 True 0 0.016722679138183594 0
1500 True 0 0.01183629035949707 0
1600 False 0 0.0 0
1700 False 0 0.0 0
1800 False 0 0.0 0
1900 True 0 0.013885736465454102 0
2000 False 0 0.0 0
2100 False 0 0.0 0
2200 True 0 0.029590129852294922 0
2300 False 0 0.0 0
2400 True 1 0.03333091735839844 0
2500 False 0 0.0 0
2600 True 0 0.014543771743774414 0
2700 False 0 0.0 0
2800 False 0 0.0 0
2900 False 0 0.0 0
3000 True 0 0.01753973960876465 0
3100 True 0 0.017631053924560547 0
3200 False 0 0.0 0
3300 False 0 0.0 0
3400 False 0 0.0 0
3500 True 0 0.019414663314819336 0
3600 False 0 0.0 0
3700 False 0 0.0 0
3800 False 0 0.0 0
3900 False 0 0.0 0
4000 False 0 0.0 0
4100 True 0 0.029413700103759766 0
4200 True 0 0.02952289581298828 0
4300 True 0 0.014966011047363281 0
4400 False 0 0.0 0
4500 False 0 0.0 0
4600 False 0 0.0 0
4700 False 0 0.0 0
4800 True 0 0.01324009895324707 0
4900 False 0 0.0 0
5000 True 0 0.01837444305419922 0
5100 True 0 0.02043771743774414 0
5200 True 0 0.033164262771606445 0
5300 False 0 0.0 0
5400 True 0 0.029852867126464844 0
5500 False 0 0.0 0
5600 False 0 0.0 0
5700 True 0 0.0173337459564209 0
5800 False 0 0.0 0
5900 False 0 0.0 0
6000 True 0 0.01301884651184082 0
6100 True 0 0.4444284439086914 0
6200 False 0 0.0 0
6300 False 0 0.0 0
6400 False 0 0.0 0
6500 False 0 0.0 0
6600 True 0 0.013442277908325195 0
6700 False 0 0.0 0
6800 True 0 0.022568702697753906 0
6900 False 0 0.0 0
7000 False 0 0.0 0
7100 False 0 0.0 0
7200 False 0 0.0 0
7300 True 0 0.017281055450439453 0
7400 True 0 0.028722047805786133 0
7500 False 0 0.0 0
7600 True 0 0.01894688606262207 0
7700 True 0 0.035027265548706055 0
7800 True 1 0.03164815902709961 0
7900 False 0 0.0 0
8000 True 0 0.016227245330810547 0
8100 False 0 0.0 0
8200 False 0 0.0 0
8300 False 0 0.0 0
8400 False 0 0.0 0
8500 True 0 0.03398418426513672 0
8600 False 0 0.0 0
8700 True 0 0.01638960838317871 0
8800 True 1 0.030431270599365234 0
8900 False 0 0.0 0
9000 True 0 0.018695592880249023 0
9100 False 0 0.0 0
9200 True 0 0.014145374298095703 0
9300 False 0 0.0 0
9400 False 0 0.0 0
9500 False 0 0.0 0
9600 True 0 0.014384269714355469 0
9700 True 1 0.03411459922790527 0
9800 True 0 0.014656305313110352 0
9900 False 0 0.0 0
