0 False 0 0.0 0
100 True 0 0.023195743560791016 0
200 False 0 0.0 0
300 True 0 0.026472091674804688 0
400 True 0 0.02833700180053711 0
500 False 0 0.0 0
600 False 0 0.0 0
700 True 0 0.026261329650878906 0
800 True 0 0.014631509780883789 0
900 False 0 0.0 0
1000 True 0 0.01635599136352539 0
1100 False 0 0.0 0
1200 False 0 0.0 0
1300 False 0 0.0 0
1400 False 0 0.0 0
1500 False 0 0.0 0
1600 False 0 0.0 0
1700 False 0 0.0 0
1800 False 0 0.0 0
1900 True 0 0.0146942138671875 0
2000 False 0 0.0 0
2100 False 0 0.0 0
2200 True 0 0.022376060485839844 0
2300 False 0 0.0 0
2400 True 1 0.025426626205444336 0
2500 False 0 0.0 0
2600 True 0 0.01465916633605957 0
2700 False 0 0.0 0
2800 False 0 0.0 0
2900 False 0 0.0 0
3000 True 0 0.017908096313476562 0
3100 True 0 0.016059398651123047 0
3200 False 0 0.0 0
3300 False 0 0.0 0
3400 False 0 0.0 0
3500 True 0 0.016696453094482422 0
3600 False 0 0.0 0
3700 False 0 0.0 0
3800 False 0 0.0 0
3900 False 0 0.0 0
4000 False 0 0.0 0
4100 True 0 0.026488780975341797 0
4200 False 0 0.0 0
4300 True 0 0.015833616256713867 0
4400 False 0 0.0 0
4500 False 0 0.0 0
4600 True 0 0.016945362091064453 0
4700 False 0 0.0 0
4800 True 0 0.014499902725219727 0
4900 True 0 0.01703476905822754 0
5000 True 0 0.018527507781982422 0
5100 True 0 0.0162355899810791 0
5200 True 0 0.03349566459655762 0
5300 False 0 0.0 0
5400 False 0 0.0 0
5500 False 0 0.0 0
5600 False 0 0.0 0
5700 True 0 0.013608932495117188 0
5800 False 0 0.0 0
5900 False 0 0.0 0
6000 False 0 0.0 0
6100 True 0 0.018505334854125977 0
6200 False 0 0.0 0
6300 False 0 0.0 0
6400 False 0 0.0 0
6500 False 0 0.0 0
6600 True 0 0.014641284942626953 0
6700 True 0 0.017075777053833008 0
6800 True 0 0.019469738006591797 0
6900 False 0 0.0 0
7000 False 0 0.0 0
7100 True 0 0.015250444412231445 0
7200 False 0 0.0 0
7300 True 0 0.01605081558227539 0
7400 False 0 0.0 0
7500 False 0 0.0 0
7600 True 0 0.02442145347595215 0
7700 True 0 0.03298544883728027 0
7800 True 1 0.027375221252441406 0
7900 False 0 0.0 0
8000 True 0 0.026827096939086914 0
8100 False 0 0.0 0
8200 False 0 0.0 0
8300 False 0 0.0 0
8400 False 0 0.0 0
8500 True 0 0.01269388198852539 0
8600 False 0 0.0 0
8700 True 0 0.015917539596557617 0
8800 True 0 0.014725446701049805 0
8900 False 0 0.0 0
9000 True 0 0.017403602600097656 0
9100 False 0 0.0 0
9200 True 0 0.020524978637695312 0
9300 False 0 0.0 0
9400 True 0 0.030605554580688477 0
9500 False 0 0.0 0
9600 True 0 0.016747474670410156 0
9700 True 0 0.013547420501708984 0
9800 True 0 0.017453670501708984 0
9900 False 0 0.0 0
