0 False 0 0.0 0
100 False 0 0.0 0
200 False 0 0.0 0
300 True 0 0.28958654403686523 0
400 True 0 0.24842429161071777 0
500 False 0 0.0 0
600 False 0 0.0 0
700 True 0 0.2625305652618408 0
800 False 0 0.0 0
900 False 0 0.0 0
1000 True 0 0.18920063972473145 0
1100 False 0 0.0 0
1200 False 0 0.0 0
1300 False 0 0.0 0
1400 True 0 0.19411110877990723 0
1500 False 0 0.0 0
1600 False 0 0.0 0
1700 False 0 0.0 0
1800 False 0 0.0 0
1900 True 0 0.18398785591125488 0
2000 False 0 0.0 0
2100 False 0 0.0 0
2200 True 0 0.2077646255493164 0
2300 False 0 0.0 0
2400 True 1 0.38762879371643066 0
2500 False 0 0.0 0
2600 True 0 0.1881554126739502 0
2700 False 0 0.0 0
2800 False 0 0.0 0
2900 False 0 0.0 0
3000 True 0 0.2657647132873535 0
3100 True 0 0.22630715370178223 0
3200 False 0 0.0 0
3300 False 0 0.0 0
3400 True 0 70.95179653167725 1
3500 True 0 0.21568584442138672 0
3600 False 0 0.0 0
3700 False 0 0.0 0
3800 True 0 0.19608759880065918 0
3900 False 0 0.0 0
4000 False 0 0.0 0
4100 True 0 0.20209789276123047 0
4200 True 0 0.2540102005004883 0
4300 True 0 0.23293066024780273 0
4400 False 0 0.0 0
4500 False 0 0.0 0
4600 False 0 0.0 0
4700 True 0 0.23209643363952637 0
4800 True 0 0.22682929039001465 0
4900 True 0 0.2012019157409668 0
5000 True 0 0.215285062789917 0
5100 False 0 0.0 0
5200 True 0 0.29058337211608887 0
5300 False 0 0.0 0
5400 True 0 0.2490522861480713 0
5500 False 0 0.0 0
5600 False 0 0.0 0
5700 False 0 0.0 0
5800 False 0 0.0 0
5900 False 0 0.0 0
6000 False 0 0.0 0
6100 True 0 0.20300555229187012 0
6200 False 0 0.0 0
6300 False 0 0.0 0
6400 False 0 0.0 0
6500 False 0 0.0 0
6600 True 0 0.2018108367919922 0
6700 True 0 0.22966337203979492 0
6800 True 0 70.89834141731262 1
6900 False 0 0.0 0
7000 False 0 0.0 0
7100 True 0 70.94975113868713 1
7200 False 0 0.0 0
7300 False 0 0.0 0
7400 False 0 0.0 0
7500 False 0 0.0 0
7600 False 0 0.0 0
7700 True 0 0.29966068267822266 0
7800 True 0 87.78973412513733 1
7900 False 0 0.0 0
8000 True 0 0.1973564624786377 0
8100 False 0 0.0 0
8200 False 0 0.0 0
8300 False 0 0.0 0
8400 False 0 0.0 0
8500 False 0 0.0 0
8600 False 0 0.0 0
8700 False 0 0.0 0
8800 True 1 55.963183879852295 0
8900 False 0 0.0 0
9000 True 0 0.21603846549987793 0
9100 False 0 0.0 0
9200 True 0 0.21954560279846191 0
9300 True 0 0.21025443077087402 0
9400 False 0 0.0 0
9500 False 0 0.0 0
9600 True 0 0.19225215911865234 0
9700 True 0 70.81896209716797 1
9800 False 0 0.0 0
9900 False 0 0.0 0
