0 True 0.0 2.0722815990448 0
100 False 0.0 0.0 0
200 False 0.0 0.0 0
300 True 0.0 2.677358627319336 0
400 True 0.0 2.451042413711548 0
500 False 0.0 0.0 0
600 True 0.0 1.9879565238952637 0
700 True 0.0 2.3628246784210205 0
800 True 0.0 1.891770839691162 0
900 False 0.0 0.0 0
1000 True 0.0 1.8644449710845947 0
1100 False 0.0 0.0 0
1200 True 0.0 2.48081374168396 0
1300 False 0.0 0.0 0
1400 True 0.0 1.948976993560791 0
1500 True 0.0 1.981269121170044 0
1600 False 0.0 0.0 0
1700 False 0.0 0.0 0
1800 False 0.0 0.0 0
1900 True 0.0 1.930032730102539 0
2000 False 0.0 0.0 0
2100 False 0.0 0.0 0
2200 True 0.0 2.2506890296936035 0
2300 True 0.0 2.6866776943206787 0
2400 True 0.0 140.91154313087463 1
2500 False 0.0 0.0 0
2600 True 0.0 2.082477331161499 0
2700 False 0.0 0.0 0
2800 False 0.0 0.0 0
2900 False 0.0 0.0 0
3000 True 0.0 1.7751400470733643 0
3100 True 0.0 2.338094472885132 0
3200 False 0.0 0.0 0
3300 False 0.0 0.0 0
3400 False 0.0 0.0 0
3500 True 0.0 2.2065584659576416 0
3600 False 0.0 0.0 0
3700 False 0.0 0.0 0
3800 True 0.0 2.0407114028930664 0
3900 False 0.0 0.0 0
4000 False 0.0 0.0 0
4100 True 0.0 2.572526454925537 0
4200 True 0.0 2.471952438354492 0
4300 True 0.0 2.136228084564209 0
4400 False 0.0 0.0 0
4500 False 0.0 0.0 0
4600 False 0.0 0.0 0
4700 False 0.0 0.0 0
4800 True 0.0 2.1065866947174072 0
4900 True 0.0 1.9630117416381836 0
5000 True 0.0 2.0607948303222656 0
5100 True 0.0 2.6343274116516113 0
5200 True 0.0 2.5069971084594727 0
5300 False 0.0 0.0 0
5400 True 0.0 2.856009006500244 0
5500 False 0.0 0.0 0
5600 False 0.0 0.0 0
5700 True 0.0 1.9818923473358154 0
5800 False 0.0 0.0 0
5900 False 0.0 0.0 0
6000 True 0.0 1.9738483428955078 0
6100 True 0.0 2.0355472564697266 0
6200 True 0.0 2.0232768058776855 0
6300 False 0.0 0.0 0
6400 False 0.0 0.0 0
6500 False 0.0 0.0 0
6600 True 0.0 2.063298225402832 0
6700 True 0.0 2.099072217941284 0
6800 True 0.0 140.9939534664154 1
6900 False 0.0 0.0 0
7000 False 0.0 0.0 0
7100 True 0.0 1.995344638824463 0
7200 False 0.0 0.0 0
7300 False 0.0 0.0 0
7400 True 0.0 2.3729448318481445 0
7500 True 0.0 1.9401600360870361 0
7600 False 0.0 0.0 0
7700 True 0.0 2.4108545780181885 0
7800 True 0.0 140.9092538356781 1
7900 False 0.0 0.0 0
8000 True 0.0 2.5084564685821533 0
8100 False 0.0 0.0 0
8200 False 0.0 0.0 0
8300 False 0.0 0.0 0
8400 False 0.0 0.0 0
8500 True 0.0 2.4881739616394043 0
8600 False 0.0 0.0 0
8700 True 0.0 1.9785866737365723 0
8800 True 0.0 141.03127789497375 1
8900 False 0.0 0.0 0
9000 True 0.0 1.9601023197174072 0
9100 False 0.0 0.0 0
9200 True 0.0 2.6715614795684814 0
9300 False 0.0 0.0 0
9400 False 0.0 0.0 0
9500 False 0.0 0.0 0
9600 True 0.0 2.038546085357666 0
9700 True 0.0 140.8696048259735 1
9800 False 0.0 0.0 0
9900 False 0.0 0.0 0
