0 True 1 0.03365278244018555 0
100 False 0 0.0 0
200 False 0 0.0 0
300 True 1 0.00580286979675293 0
400 True 1 0.005690813064575195 0
500 False 0 0.0 0
600 True 0 0.006807804107666016 0
700 True 0 0.005836009979248047 0
800 True 0 0.006855487823486328 0
900 False 0 0.0 0
1000 True 1 0.006727457046508789 0
1100 False 0 0.0 0
1200 True 1 0.006517648696899414 0
1300 False 0 0.0 0
1400 True 0 0.006389141082763672 0
1500 True 1 0.006557941436767578 0
1600 False 0 0.0 0
1700 False 0 0.0 0
1800 False 0 0.0 0
1900 True 1 0.006502628326416016 0
2000 False 0 0.0 0
2100 False 0 0.0 0
2200 True 1 0.0068171024322509766 0
2300 False 0 0.0 0
2400 True 1 0.006502389907836914 0
2500 False 0 0.0 0
2600 True 1 0.006354570388793945 0
2700 False 0 0.0 0
2800 False 0 0.0 0
2900 False 0 0.0 0
3000 True 1 0.006380319595336914 0
3100 True 1 0.00660252571105957 0
3200 False 0 0.0 0
3300 False 0 0.0 0
3400 False 0 0.0 0
3500 True 1 0.005566596984863281 0
3600 False 0 0.0 0
3700 False 0 0.0 0
3800 False 0 0.0 0
3900 False 0 0.0 0
4000 False 0 0.0 0
4100 True 1 0.006648063659667969 0
4200 True 0 0.007033109664916992 0
4300 True 1 0.006590366363525391 0
4400 False 0 0.0 0
4500 False 0 0.0 0
4600 False 0 0.0 0
4700 False 0 0.0 0
4800 True 1 0.005803108215332031 0
4900 False 0 0.0 0
5000 True 1 0.005736827850341797 0
5100 True 1 0.006812572479248047 0
5200 True 1 0.006762504577636719 0
5300 False 0 0.0 0
5400 True 1 0.0067882537841796875 0
5500 False 0 0.0 0
5600 False 0 0.0 0
5700 True 0 0.0067691802978515625 0
5800 False 0 0.0 0
5900 False 0 0.0 0
6000 True 1 0.005719900131225586 0
6100 True 1 0.006731986999511719 0
6200 False 0 0.0 0
6300 False 0 0.0 0
6400 False 0 0.0 0
6500 False 0 0.0 0
6600 True 1 0.00688481330871582 0
6700 False 0 0.0 0
6800 True 1 0.007112026214599609 0
6900 False 0 0.0 0
7000 False 0 0.0 0
7100 False 0 0.0 0
7200 False 0 0.0 0
7300 True 0 0.006898164749145508 0
7400 True 1 0.00688934326171875 0
7500 False 0 0.0 0
7600 True 0 0.006827831268310547 0
7700 True 1 0.0056819915771484375 0
7800 True 1 0.006760358810424805 0
7900 False 0 0.0 0
8000 True 1 0.005603313446044922 0
8100 False 0 0.0 0
8200 False 0 0.0 0
8300 False 0 0.0 0
8400 False 0 0.0 0
8500 True 1 0.005498409271240234 0
8600 False 0 0.0 0
8700 True 1 0.005614042282104492 0
8800 True 1 0.006678104400634766 0
8900 False 0 0.0 0
9000 True 1 0.006832122802734375 0
9100 False 0 0.0 0
9200 True 1 0.005852699279785156 0
9300 False 0 0.0 0
9400 False 0 0.0 0
9500 False 0 0.0 0
9600 True 1 0.005967378616333008 0
9700 True 1 0.005983829498291016 0
9800 True 0 0.005853176116943359 0
9900 False 0 0.0 0
