0 False 0.0 0.0 0
100 True 0.0048828125 0.08191537857055664 0
200 False 0.0 0.0 0
300 True 0.033203125 0.05436420440673828 0
400 True 0.046875 0.054407596588134766 0
500 False 0.0 0.0 0
600 False 0.0 0.0 0
700 True 0.0146484375 0.05382585525512695 0
800 False 0.0 0.0 0
900 False 0.0 0.0 0
1000 True 0.015625 0.05435514450073242 0
1100 False 0.0 0.0 0
1200 False 0.0 0.0 0
1300 False 0.0 0.0 0
1400 True 0.0224609375 0.05384683609008789 0
1500 False 0.0 0.0 0
1600 False 0.0 0.0 0
1700 False 0.0 0.0 0
1800 False 0.0 0.0 0
1900 True 0.0205078125 0.04251456260681152 0
2000 False 0.0 0.0 0
2100 False 0.0 0.0 0
2200 True 0.044921875 0.05516529083251953 0
2300 False 0.0 0.0 0
2400 True 0.072265625 0.05430030822753906 0
2500 False 0.0 0.0 0
2600 True 0.0283203125 0.054875850677490234 0
2700 False 0.0 0.0 0
2800 False 0.0 0.0 0
2900 False 0.0 0.0 0
3000 True 0.0673828125 0.05536794662475586 0
3100 True 0.0390625 0.05536627769470215 0
3200 False 0.0 0.0 0
3300 False 0.0 0.0 0
3400 True 0.0107421875 0.055057525634765625 0
3500 True 0.021484375 0.054525136947631836 0
3600 False 0.0 0.0 0
3700 False 0.0 0.0 0
3800 False 0.0 0.0 0
3900 False 0.0 0.0 0
4000 False 0.0 0.0 0
4100 True 0.0341796875 0.05534529685974121 0
4200 True 0.0078125 0.05556988716125488 0
4300 False 0.0 0.0 0
4400 False 0.0 0.0 0
4500 False 0.0 0.0 0
4600 False 0.0 0.0 0
4700 False 0.0 0.0 0
4800 True 0.0400390625 0.054964542388916016 0
4900 False 0.0 0.0 0
5000 True 0.021484375 0.05496621131896973 0
5100 False 0.0 0.0 0
5200 True 0.0244140625 0.054645538330078125 0
5300 False 0.0 0.0 0
5400 True 0.0224609375 0.041939496994018555 0
5500 False 0.0 0.0 0
5600 False 0.0 0.0 0
5700 False 0.0 0.0 0
5800 False 0.0 0.0 0
5900 False 0.0 0.0 0
6000 False 0.0 0.0 0
6100 True 0.0068359375 0.05437016487121582 0
6200 False 0.0 0.0 0
6300 False 0.0 0.0 0
6400 False 0.0 0.0 0
6500 False 0.0 0.0 0
6600 False 0.0 0.0 0
6700 True 0.005859375 0.05546903610229492 0
6800 True 0.0166015625 0.04760885238647461 0
6900 False 0.0 0.0 0
7000 False 0.0 0.0 0
7100 True 0.044921875 0.04220390319824219 0
7200 False 0.0 0.0 0
7300 False 0.0 0.0 0
7400 False 0.0 0.0 0
7500 False 0.0 0.0 0
7600 False 0.0 0.0 0
7700 True 0.03125 0.04255485534667969 0
7800 True 0.0400390625 0.04178571701049805 0
7900 False 0.0 0.0 0
8000 True 0.0400390625 0.05416417121887207 0
8100 False 0.0 0.0 0
8200 False 0.0 0.0 0
8300 False 0.0 0.0 0
8400 False 0.0 0.0 0
8500 True 0.015625 0.042229413986206055 0
8600 False 0.0 0.0 0
8700 False 0.0 0.0 0
8800 True 0.087890625 0.054378509521484375 0
8900 False 0.0 0.0 0
9000 False 0.0 0.0 0
9100 False 0.0 0.0 0
9200 True 0.0283203125 0.0428013801574707 0
9300 True 0.0126953125 0.04272818565368652 0
9400 False 0.0 0.0 0
9500 False 0.0 0.0 0
9600 True 0.0390625 0.042311668395996094 0
9700 True 0.05078125 0.041814565658569336 0
9800 False 0.0 0.0 0
9900 False 0.0 0.0 0
