0 False 0 0.0 0
100 False 0 0.0 0
200 False 0 0.0 0
300 True 1 1.068537950515747 0
400 True 1 0.0060656070709228516 0
500 False 0 0.0 0
600 False 0 0.0 0
700 False 0 0.0 0
800 True 1 0.005832672119140625 0
900 False 0 0.0 0
1000 True 1 0.005843639373779297 0
1100 False 0 0.0 0
1200 False 0 0.0 0
1300 True 1 0.005839347839355469 0
1400 True 1 0.005785465240478516 0
1500 False 0 0.0 0
1600 False 0 0.0 0
1700 False 0 0.0 0
1800 False 0 0.0 0
1900 True 1 0.007685184478759766 0
2000 False 0 0.0 0
2100 False 0 0.0 0
2200 True 1 0.005802631378173828 0
2300 False 0 0.0 0
2400 True 1 0.005957603454589844 0
2500 False 0 0.0 0
2600 True 1 0.005807638168334961 0
2700 False 0 0.0 0
2800 False 0 0.0 0
2900 False 0 0.0 0
3000 True 1 0.005913734436035156 0
3100 True 1 0.00729060173034668 0
3200 False 0 0.0 0
3300 True 0 0.0077114105224609375 0
3400 True 1 0.00776362419128418 0
3500 True 0 0.00552678108215332 0
3600 False 0 0.0 0
3700 False 0 0.0 0
3800 True 1 0.0059735774993896484 0
3900 False 0 0.0 0
4000 False 0 0.0 0
4100 True 1 0.00590968132019043 0
4200 False 0 0.0 0
4300 True 1 0.005644083023071289 0
4400 False 0 0.0 0
4500 False 0 0.0 0
4600 True 0 0.005785226821899414 0
4700 True 0 0.0059146881103515625 0
4800 True 1 0.007863283157348633 0
4900 False 0 0.0 0
5000 True 1 0.005504131317138672 0
5100 False 0 0.0 0
5200 False 0 0.0 0
5300 False 0 0.0 0
5400 False 0 0.0 0
5500 True 1 0.005973100662231445 0
5600 True 0 0.005774259567260742 0
5700 True 0 0.0076482295989990234 0
5800 False 0 0.0 0
5900 False 0 0.0 0
6000 True 1 0.007958173751831055 0
6100 True 1 0.005748748779296875 0
6200 False 0 0.0 0
6300 False 0 0.0 0
6400 False 0 0.0 0
6500 False 0 0.0 0
6600 True 1 0.0055615901947021484 0
6700 True 0 0.005945920944213867 0
6800 True 1 0.007710456848144531 0
6900 False 0 0.0 0
7000 False 0 0.0 0
7100 True 1 0.005701780319213867 0
7200 False 0 0.0 0
7300 False 0 0.0 0
7400 False 0 0.0 0
7500 False 0 0.0 0
7600 False 0 0.0 0
7700 True 1 0.005728483200073242 0
7800 True 1 0.005734920501708984 0
7900 False 0 0.0 0
8000 True 1 0.007233858108520508 0
8100 False 0 0.0 0
8200 False 0 0.0 0
8300 False 0 0.0 0
8400 False 0 0.0 0
8500 True 1 0.0057773590087890625 0
8600 False 0 0.0 0
8700 False 0 0.0 0
8800 True 1 0.0077550411224365234 0
8900 False 0 0.0 0
9000 False 0 0.0 0
9100 False 0 0.0 0
9200 True 1 0.005659818649291992 0
9300 False 0 0.0 0
9400 True 1 0.006102561950683594 0
9500 False 0 0.0 0
9600 True 1 0.005830287933349609 0
9700 True 1 0.005769014358520508 0
9800 False 0 0.0 0
9900 False 0 0.0 0
