0 False 0.0 0.0 0
100 False 0.0 0.0 0
200 False 0.0 0.0 0
300 True 0.0361328125 0.22013163566589355 0
400 True 0.0849609375 0.04565072059631348 0
500 False 0.0 0.0 0
600 True 0.05078125 0.0446009635925293 0
700 False 0.0 0.0 0
800 False 0.0 0.0 0
900 False 0.0 0.0 0
1000 True 0.0546875 0.07342410087585449 0
1100 False 0.0 0.0 0
1200 False 0.0 0.0 0
1300 True 0.0732421875 0.04439520835876465 0
1400 True 0.0322265625 0.07347655296325684 0
1500 False 0.0 0.0 0
1600 False 0.0 0.0 0
1700 False 0.0 0.0 0
1800 False 0.0 0.0 0
1900 True 0.06640625 0.04445528984069824 0
2000 False 0.0 0.0 0
2100 False 0.0 0.0 0
2200 True 0.1015625 0.07386565208435059 0
2300 False 0.0 0.0 0
2400 True 0.166015625 0.07175850868225098 0
2500 False 0.0 0.0 0
2600 True 0.0673828125 0.07243204116821289 0
2700 False 0.0 0.0 0
2800 False 0.0 0.0 0
2900 False 0.0 0.0 0
3000 True 0.115234375 0.0719292163848877 0
3100 True 0.0888671875 0.04575371742248535 0
3200 False 0.0 0.0 0
3300 False 0.0 0.0 0
3400 True 0.0703125 0.04443788528442383 0
3500 False 0.0 0.0 0
3600 True 0.0244140625 0.04866218566894531 0
3700 False 0.0 0.0 0
3800 True 0.0419921875 0.07157015800476074 0
3900 False 0.0 0.0 0
4000 True 0.0146484375 0.07271909713745117 0
4100 True 0.0771484375 0.044820547103881836 0
4200 False 0.0 0.0 0
4300 False 0.0 0.0 0
4400 False 0.0 0.0 0
4500 False 0.0 0.0 0
4600 False 0.0 0.0 0
4700 False 0.0 0.0 0
4800 True 0.1044921875 0.07262086868286133 0
4900 False 0.0 0.0 0
5000 False 0.0 0.0 0
5100 False 0.0 0.0 0
5200 False 0.0 0.0 0
5300 False 0.0 0.0 0
5400 False 0.0 0.0 0
5500 False 0.0 0.0 0
5600 False 0.0 0.0 0
5700 False 0.0 0.0 0
5800 False 0.0 0.0 0
5900 False 0.0 0.0 0
6000 True 0.0009765625 0.044152021408081055 0
6100 True 0.03125 0.07014584541320801 0
6200 False 0.0 0.0 0
6300 False 0.0 0.0 0
6400 False 0.0 0.0 0
6500 False 0.0 0.0 0
6600 False 0.0 0.0 0
6700 True 0.0166015625 0.07134556770324707 0
6800 True 0.09765625 0.07368254661560059 0
6900 False 0.0 0.0 0
7000 False 0.0 0.0 0
7100 True 0.0859375 0.044716596603393555 0
7200 False 0.0 0.0 0
7300 False 0.0 0.0 0
7400 False 0.0 0.0 0
7500 False 0.0 0.0 0
7600 False 0.0 0.0 0
7700 True 0.0634765625 0.07393717765808105 0
7800 True 0.1435546875 0.044345855712890625 0
7900 False 0.0 0.0 0
8000 False 0.0 0.0 0
8100 False 0.0 0.0 0
8200 False 0.0 0.0 0
8300 False 0.0 0.0 0
8400 False 0.0 0.0 0
8500 False 0.0 0.0 0
8600 False 0.0 0.0 0
8700 False 0.0 0.0 0
8800 True 0.212890625 0.04537844657897949 0
8900 False 0.0 0.0 0
9000 False 0.0 0.0 0
9100 False 0.0 0.0 0
9200 True 0.02734375 0.07081389427185059 0
9300 False 0.0 0.0 0
9400 True 0.05078125 0.045647382736206055 0
9500 False 0.0 0.0 0
9600 True 0.0400390625 0.04459404945373535 0
9700 True 0.1005859375 0.06793212890625 0
9800 False 0.0 0.0 0
9900 True 0.0400390625 0.07259154319763184 0
