0 False 0.0 0.0 0
100 False 0.0 0.0 0
200 False 0.0 0.0 0
300 True 0.0302734375 1.0926218032836914 0
400 True 0.0576171875 0.04863262176513672 0
500 False 0.0 0.0 0
600 False 0.0 0.0 0
700 False 0.0 0.0 0
800 True 0.01953125 0.07524490356445312 0
900 False 0.0 0.0 0
1000 True 0.0390625 0.07229232788085938 0
1100 False 0.0 0.0 0
1200 False 0.0 0.0 0
1300 True 0.01953125 0.04567861557006836 0
1400 True 0.0185546875 0.04543876647949219 0
1500 False 0.0 0.0 0
1600 False 0.0 0.0 0
1700 False 0.0 0.0 0
1800 False 0.0 0.0 0
1900 True 0.033203125 0.0449063777923584 0
2000 False 0.0 0.0 0
2100 False 0.0 0.0 0
2200 True 0.0673828125 0.0445551872253418 0
2300 False 0.0 0.0 0
2400 True 0.0341796875 0.04614377021789551 0
2500 False 0.0 0.0 0
2600 True 0.0302734375 0.04519987106323242 0
2700 False 0.0 0.0 0
2800 False 0.0 0.0 0
2900 False 0.0 0.0 0
3000 True 0.044921875 0.05198335647583008 0
3100 True 0.0263671875 0.04785299301147461 0
3200 False 0.0 0.0 0
3300 True 0.005859375 0.04594111442565918 0
3400 True 0.0380859375 0.04538083076477051 0
3500 True 0.0048828125 0.04611325263977051 0
3600 False 0.0 0.0 0
3700 False 0.0 0.0 0
3800 True 0.0107421875 0.07004261016845703 0
3900 False 0.0 0.0 0
4000 False 0.0 0.0 0
4100 True 0.06640625 0.04568624496459961 0
4200 False 0.0 0.0 0
4300 True 0.0400390625 0.07063460350036621 0
4400 False 0.0 0.0 0
4500 False 0.0 0.0 0
4600 True 0.005859375 0.044721364974975586 0
4700 True 0.001953125 0.04508829116821289 0
4800 True 0.0712890625 0.04591965675354004 0
4900 False 0.0 0.0 0
5000 True 0.0263671875 0.04480338096618652 0
5100 False 0.0 0.0 0
5200 False 0.0 0.0 0
5300 False 0.0 0.0 0
5400 False 0.0 0.0 0
5500 True 0.0078125 0.044673919677734375 0
5600 True 0.0068359375 0.07183289527893066 0
5700 True 0.0 0.046439409255981445 0
5800 False 0.0 0.0 0
5900 False 0.0 0.0 0
6000 True 0.0078125 0.045479774475097656 0
6100 True 0.0126953125 0.0722501277923584 0
6200 False 0.0 0.0 0
6300 False 0.0 0.0 0
6400 False 0.0 0.0 0
6500 False 0.0 0.0 0
6600 True 0.0263671875 0.07175230979919434 0
6700 True 0.0048828125 0.07345390319824219 0
6800 True 0.0400390625 0.07300209999084473 0
6900 False 0.0 0.0 0
7000 False 0.0 0.0 0
7100 True 0.0263671875 0.07348871231079102 0
7200 False 0.0 0.0 0
7300 False 0.0 0.0 0
7400 False 0.0 0.0 0
7500 False 0.0 0.0 0
7600 False 0.0 0.0 0
7700 True 0.03125 0.044261932373046875 0
7800 True 0.0400390625 0.04575181007385254 0
7900 False 0.0 0.0 0
8000 True 0.0302734375 0.04436326026916504 0
8100 False 0.0 0.0 0
8200 False 0.0 0.0 0
8300 False 0.0 0.0 0
8400 False 0.0 0.0 0
8500 True 0.01171875 0.04611635208129883 0
8600 False 0.0 0.0 0
8700 False 0.0 0.0 0
8800 True 0.0654296875 0.04456019401550293 0
8900 False 0.0 0.0 0
9000 False 0.0 0.0 0
9100 False 0.0 0.0 0
9200 True 0.04296875 0.07327532768249512 0
9300 False 0.0 0.0 0
9400 True 0.009765625 0.04460000991821289 0
9500 False 0.0 0.0 0
9600 True 0.033203125 0.06131100654602051 0
9700 True 0.0244140625 0.07244491577148438 0
9800 False 0.0 0.0 0
9900 False 0.0 0.0 0
