0 True 0.005859375 1.3493318557739258 0
100 False 0.0 0.0 0
200 False 0.0 0.0 0
300 True 0.0048828125 0.21297216415405273 0
400 True 0.0341796875 0.25470805168151855 0
500 False 0.0 0.0 0
600 True 0.0087890625 0.24838685989379883 0
700 True 0.00390625 0.16463470458984375 0
800 True 0.013671875 0.1669461727142334 0
900 False 0.0 0.0 0
1000 True 0.021484375 0.22639036178588867 0
1100 False 0.0 0.0 0
1200 False 0.0 0.0 0
1300 True 0.01171875 0.28870224952697754 0
1400 True 0.0146484375 0.29288196563720703 0
1500 False 0.0 0.0 0
1600 False 0.0 0.0 0
1700 False 0.0 0.0 0
1800 False 0.0 0.0 0
1900 True 0.021484375 0.28936123847961426 0
2000 False 0.0 0.0 0
2100 False 0.0 0.0 0
2200 False 0.0 0.0 0
2300 True 0.0048828125 0.29135680198669434 0
2400 True 0.0234375 0.2648775577545166 0
2500 False 0.0 0.0 0
2600 True 0.01953125 0.2472515106201172 0
2700 True 0.017578125 0.16327857971191406 0
2800 False 0.0 0.0 0
2900 False 0.0 0.0 0
3000 True 0.0322265625 0.29058265686035156 0
3100 True 0.0107421875 0.2897758483886719 0
3200 False 0.0 0.0 0
3300 False 0.0 0.0 0
3400 False 0.0 0.0 0
3500 True 0.001953125 0.29242610931396484 0
3600 False 0.0 0.0 0
3700 False 0.0 0.0 0
3800 True 0.005859375 0.2930111885070801 0
3900 False 0.0 0.0 0
4000 False 0.0 0.0 0
4100 True 0.0322265625 0.2919645309448242 0
4200 False 0.0 0.0 0
4300 True 0.021484375 0.2909846305847168 0
4400 False 0.0 0.0 0
4500 False 0.0 0.0 0
4600 False 0.0 0.0 0
4700 False 0.0 0.0 0
4800 True 0.0234375 0.2899503707885742 0
4900 False 0.0 0.0 0
5000 True 0.0078125 0.28458666801452637 0
5100 True 0.01953125 0.2595973014831543 0
5200 True 0.021484375 0.2906455993652344 0
5300 False 0.0 0.0 0
5400 True 0.0126953125 0.2138662338256836 0
5500 False 0.0 0.0 0
5600 False 0.0 0.0 0
5700 False 0.0 0.0 0
5800 False 0.0 0.0 0
5900 False 0.0 0.0 0
6000 True 0.0078125 0.25588417053222656 0
6100 True 0.0146484375 0.16343283653259277 0
6200 False 0.0 0.0 0
6300 False 0.0 0.0 0
6400 False 0.0 0.0 0
6500 False 0.0 0.0 0
6600 True 0.0361328125 0.2921328544616699 0
6700 False 0.0 0.0 0
6800 True 0.01171875 0.2295076847076416 0
6900 False 0.0 0.0 0
7000 False 0.0 0.0 0
7100 True 0.01171875 0.29059553146362305 0
7200 False 0.0 0.0 0
7300 True 0.0 0.2924189567565918 0
7400 True 0.001953125 0.18702316284179688 0
7500 True 0.01171875 0.16191697120666504 0
7600 False 0.0 0.0 0
7700 True 0.0146484375 0.2520122528076172 0
7800 True 0.013671875 0.18963980674743652 0
7900 False 0.0 0.0 0
8000 True 0.0234375 0.29015302658081055 0
8100 False 0.0 0.0 0
8200 False 0.0 0.0 0
8300 False 0.0 0.0 0
8400 False 0.0 0.0 0
8500 False 0.0 0.0 0
8600 True 0.001953125 0.19105291366577148 0
8700 True 0.009765625 0.23127269744873047 0
8800 True 0.03515625 0.16272354125976562 0
8900 False 0.0 0.0 0
9000 True 0.025390625 0.1634678840637207 0
9100 False 0.0 0.0 0
9200 True 0.0244140625 0.16474103927612305 0
9300 False 0.0 0.0 0
9400 False 0.0 0.0 0
9500 False 0.0 0.0 0
9600 True 0.0205078125 0.25664448738098145 0
9700 True 0.0205078125 0.19017767906188965 0
9800 False 0.0 0.0 0
9900 False 0.0 0.0 0
