0 True 0 1.0227644443511963 0
100 False 0 0.0 0
200 False 0 0.0 0
300 True 0 0.030998945236206055 0
400 True 1 0.030946969985961914 0
500 False 0 0.0 0
600 True 1 0.018300533294677734 0
700 True 0 0.030542612075805664 0
800 True 1 0.018822431564331055 0
900 False 0 0.0 0
1000 True 1 0.018657445907592773 0
1100 False 0 0.0 0
1200 False 0 0.0 0
1300 True 1 0.03055572509765625 0
1400 True 1 0.030167102813720703 0
1500 False 0 0.0 0
1600 False 0 0.0 0
1700 False 0 0.0 0
1800 False 0 0.0 0
1900 True 1 0.029995203018188477 0
2000 False 0 0.0 0
2100 False 0 0.0 0
2200 False 0 0.0 0
2300 True 0 0.018262863159179688 0
2400 True 1 0.018736600875854492 0
2500 False 0 0.0 0
2600 True 1 0.03023838996887207 0
2700 True 1 0.01836419105529785 0
2800 False 0 0.0 0
2900 False 0 0.0 0
3000 True 1 0.03072977066040039 0
3100 True 1 0.030492782592773438 0
3200 False 0 0.0 0
3300 False 0 0.0 0
3400 False 0 0.0 0
3500 True 0 0.0182037353515625 0
3600 False 0 0.0 0
3700 False 0 0.0 0
3800 True 0 0.03053903579711914 0
3900 False 0 0.0 0
4000 False 0 0.0 0
4100 True 1 0.018019437789916992 0
4200 False 0 0.0 0
4300 True 1 0.03036189079284668 0
4400 False 0 0.0 0
4500 False 0 0.0 0
4600 False 0 0.0 0
4700 False 0 0.0 0
4800 True 1 0.018400192260742188 0
4900 False 0 0.0 0
5000 True 1 0.018179893493652344 0
5100 True 1 0.01874542236328125 0
5200 True 1 0.01873040199279785 0
5300 False 0 0.0 0
5400 True 1 0.018111467361450195 0
5500 False 0 0.0 0
5600 False 0 0.0 0
5700 False 0 0.0 0
5800 False 0 0.0 0
5900 False 0 0.0 0
6000 True 1 0.018833398818969727 0
6100 True 1 0.01838517189025879 0
6200 False 0 0.0 0
6300 False 0 0.0 0
6400 False 0 0.0 0
6500 False 0 0.0 0
6600 True 1 0.01883077621459961 0
6700 False 0 0.0 0
6800 True 1 0.030205488204956055 0
6900 False 0 0.0 0
7000 False 0 0.0 0
7100 True 1 0.031551361083984375 0
7200 False 0 0.0 0
7300 True 0 0.030664920806884766 0
7400 True 0 0.03138995170593262 0
7500 True 1 0.019004106521606445 0
7600 False 0 0.0 0
7700 True 1 0.03177142143249512 0
7800 True 1 0.030634403228759766 0
7900 False 0 0.0 0
8000 True 1 0.031729698181152344 0
8100 False 0 0.0 0
8200 False 0 0.0 0
8300 False 0 0.0 0
8400 False 0 0.0 0
8500 False 0 0.0 0
8600 True 0 0.02983236312866211 0
8700 True 1 0.031076908111572266 0
8800 True 1 0.03052997589111328 0
8900 False 0 0.0 0
9000 True 1 0.0308229923248291 0
9100 False 0 0.0 0
9200 True 1 0.018410205841064453 0
9300 False 0 0.0 0
9400 False 0 0.0 0
9500 False 0 0.0 0
9600 True 1 0.030862808227539062 0
9700 True 1 0.030349016189575195 0
9800 False 0 0.0 0
9900 False 0 0.0 0
