0 True 0.0 108.35350584983826 0
100 False 0.0 0.0 0
200 True 0.0 108.11645984649658 0
300 True 0.001953125 109.27882599830627 0
400 True 0.005859375 107.0373523235321 0
500 False 0.0 0.0 0
600 True 0.0029296875 107.72158408164978 0
700 True 0.001953125 106.40210318565369 0
800 True 0.0048828125 107.47786235809326 0
900 True 0.0009765625 112.82013082504272 0
1000 True 0.00390625 110.6733467578888 0
1100 False 0.0 0.0 0
1200 True 0.00390625 112.0377779006958 0
1300 True 0.0009765625 118.55123805999756 0
1400 False 0.0 0.0 0
1500 True 0.00390625 112.39769911766052 0
1600 False 0.0 0.0 0
1700 False 0.0 0.0 0
1800 True 0.0009765625 111.96724796295166 0
1900 True 0.00390625 111.01510620117188 0
2000 True 0.0009765625 115.50835061073303 0
2100 False 0.0 0.0 0
2200 True 0.001953125 113.08176684379578 0
2300 False 0.0 0.0 0
2400 True 0.005859375 111.56893467903137 0
2500 True 0.0 114.1531240940094 0
2600 True 0.00390625 115.06684446334839 0
2700 True 0.0029296875 114.10522556304932 0
2800 True 0.0 117.29128003120422 0
2900 False 0.0 0.0 0
3000 True 0.00390625 115.18539834022522 0
3100 True 0.001953125 113.35813498497009 0
3200 True 0.001953125 116.60557246208191 0
3300 True 0.001953125 114.24376463890076 0
3400 False 0.0 0.0 0
3500 True 0.001953125 115.606769323349 0
3600 False 0.0 0.0 0
3700 True 0.0009765625 113.73810815811157 0
3800 True 0.001953125 114.13925623893738 0
3900 False 0.0 0.0 0
4000 False 0.0 0.0 0
4100 True 0.00390625 115.47745561599731 0
4200 False 0.0 0.0 0
4300 True 0.00390625 115.42170548439026 0
4400 False 0.0 0.0 0
4500 False 0.0 0.0 0
4600 True 0.0009765625 118.96725058555603 0
4700 False 0.0 0.0 0
4800 True 0.00390625 115.90509533882141 0
4900 True 0.0009765625 116.12460112571716 0
5000 True 0.00390625 116.53670883178711 0
5100 True 0.001953125 115.41220951080322 0
5200 True 0.00390625 114.31150770187378 0
5300 True 0.0009765625 115.47971034049988 0
5400 True 0.0009765625 112.59696769714355 0
5500 False 0.0 0.0 0
5600 True 0.001953125 114.07590675354004 0
5700 True 0.001953125 113.21104764938354 0
5800 False 0.0 0.0 0
5900 False 0.0 0.0 0
6000 True 0.0029296875 113.38573288917542 0
6100 True 0.001953125 114.26549768447876 0
6200 False 0.0 0.0 0
6300 True 0.0009765625 113.63216209411621 0
6400 False 0.0 0.0 0
6500 False 0.0 0.0 0
6600 True 0.0048828125 111.13909459114075 0
6700 True 0.001953125 112.80868935585022 0
6800 True 0.0009765625 113.89756751060486 0
6900 True 0.0009765625 111.17080807685852 0
7000 False 0.0 0.0 0
7100 False 0.0 0.0 0
7200 True 0.0009765625 110.32512879371643 0
7300 False 0.0 0.0 0
7400 True 0.0029296875 109.55845499038696 0
7500 True 0.00390625 110.38419818878174 0
7600 False 0.0 0.0 0
7700 True 0.001953125 111.94301915168762 0
7800 True 0.0029296875 106.5168764591217 0
7900 True 0.001953125 107.72831559181213 0
8000 True 0.0029296875 107.86067318916321 0
8100 False 0.0 0.0 0
8200 False 0.0 0.0 0
8300 False 0.0 0.0 0
8400 True 0.0009765625 109.09139561653137 0
8500 True 0.00390625 108.02036428451538 0
8600 False 0.0 0.0 0
8700 True 0.001953125 109.07463073730469 0
8800 True 0.005859375 105.65080881118774 0
8900 True 0.001953125 109.15740156173706 0
9000 True 0.005859375 109.3437328338623 0
9100 True 0.0 113.46182036399841 0
9200 True 0.0048828125 110.61499238014221 0
9300 False 0.0 0.0 0
9400 True 0.001953125 110.81601452827454 0
9500 True 0.0029296875 113.27648711204529 0
9600 True 0.001953125 110.03467082977295 0
9700 True 0.0029296875 108.92896032333374 0
9800 True 0.0048828125 110.41425848007202 0
9900 True 0.001953125 110.06385016441345 0
