0 False 0 0.0 0
100 True 0 1.5053081512451172 0
200 False 0 0.0 0
300 True 0 1.4341115951538086 0
400 True 0 1.3638451099395752 0
500 False 0 0.0 0
600 False 0 0.0 0
700 False 0 0.0 0
800 False 0 0.0 0
900 False 0 0.0 0
1000 False 0 0.0 0
1100 False 0 0.0 0
1200 False 0 0.0 0
1300 False 0 0.0 0
1400 False 0 0.0 0
1500 False 0 0.0 0
1600 False 0 0.0 0
1700 False 0 0.0 0
1800 False 0 0.0 0
1900 True 0 1.3603637218475342 0
2000 False 0 0.0 0
2100 False 0 0.0 0
2200 True 0 1.3807885646820068 0
2300 False 0 0.0 0
2400 True 0 1.418067216873169 0
2500 False 0 0.0 0
2600 True 0 1.4596881866455078 0
2700 False 0 0.0 0
2800 False 0 0.0 0
2900 False 0 0.0 0
3000 False 0 0.0 0
3100 True 0 1.5203092098236084 0
3200 False 0 0.0 0
3300 False 0 0.0 0
3400 True 0 1.430448055267334 0
3500 False 0 0.0 0
3600 True 0 1.754455327987671 0
3700 False 0 0.0 0
3800 False 0 0.0 0
3900 False 0 0.0 0
4000 False 0 0.0 0
4100 False 0 0.0 0
4200 False 0 0.0 0
4300 True 0 1.4180755615234375 0
4400 False 0 0.0 0
4500 False 0 0.0 0
4600 False 0 0.0 0
4700 True 0 1.4372267723083496 0
4800 True 0 1.3557462692260742 0
4900 False 0 0.0 0
5000 False 0 0.0 0
5100 False 0 0.0 0
5200 False 0 0.0 0
5300 False 0 0.0 0
5400 True 0 1.3951079845428467 0
5500 False 0 0.0 0
5600 False 0 0.0 0
5700 False 0 0.0 0
5800 False 0 0.0 0
5900 False 0 0.0 0
6000 False 0 0.0 0
6100 True 0 1.3912162780761719 0
6200 False 0 0.0 0
6300 False 0 0.0 0
6400 False 0 0.0 0
6500 False 0 0.0 0
6600 False 0 0.0 0
6700 True 0 1.408611536026001 0
6800 True 0 1.3942739963531494 0
6900 False 0 0.0 0
7000 False 0 0.0 0
7100 True 0 1.5387840270996094 0
7200 False 0 0.0 0
7300 False 0 0.0 0
7400 False 0 0.0 0
7500 False 0 0.0 0
7600 False 0 0.0 0
7700 True 0 1.4319798946380615 0
7800 True 0 1.3687961101531982 0
7900 False 0 0.0 0
8000 False 0 0.0 0
8100 True 0 1.421013593673706 0
8200 False 0 0.0 0
8300 False 0 0.0 0
8400 False 0 0.0 0
8500 False 0 0.0 0
8600 False 0 0.0 0
8700 False 0 0.0 0
8800 True 0 1.6779582500457764 0
8900 False 0 0.0 0
9000 False 0 0.0 0
9100 False 0 0.0 0
9200 True 0 1.3875102996826172 0
9300 False 0 0.0 0
9400 True 0 1.4080748558044434 0
9500 False 0 0.0 0
9600 True 0 1.3685154914855957 0
9700 True 0 1.3597404956817627 0
9800 False 0 0.0 0
9900 False 0 0.0 0
