0 True 0 2.4218902587890625 0
100 False 0 0.0 0
200 False 0 0.0 0
300 True 1 0.9188227653503418 0
400 True 1 0.8887772560119629 0
500 False 0 0.0 0
600 True 1 0.9008510112762451 0
700 True 1 0.8976559638977051 0
800 True 1 0.9579305648803711 0
900 False 0 0.0 0
1000 True 1 0.9055776596069336 0
1100 False 0 0.0 0
1200 True 1 0.8804371356964111 0
1300 False 0 0.0 0
1400 False 0 0.0 0
1500 True 1 0.9589211940765381 0
1600 False 0 0.0 0
1700 False 0 0.0 0
1800 False 0 0.0 0
1900 True 1 0.9677407741546631 0
2000 False 0 0.0 0
2100 False 0 0.0 0
2200 False 0 0.0 0
2300 True 1 0.9318428039550781 0
2400 True 1 0.894622802734375 0
2500 True 0 1.0813889503479004 0
2600 True 1 0.894589900970459 0
2700 True 1 1.1709284782409668 0
2800 False 0 0.0 0
2900 False 0 0.0 0
3000 True 1 1.0460829734802246 0
3100 True 1 1.2207832336425781 0
3200 False 0 0.0 0
3300 False 0 0.0 0
3400 False 0 0.0 0
3500 True 1 1.1602253913879395 0
3600 False 0 0.0 0
3700 True 1 1.14119553565979 0
3800 True 1 0.9404213428497314 0
3900 False 0 0.0 0
4000 False 0 0.0 0
4100 True 1 1.200045108795166 0
4200 True 1 1.1902329921722412 0
4300 True 1 1.1837177276611328 0
4400 False 0 0.0 0
4500 True 1 1.05535888671875 0
4600 False 0 0.0 0
4700 True 1 0.9318203926086426 0
4800 True 1 0.8940677642822266 0
4900 True 1 0.9075496196746826 0
5000 True 1 1.102787971496582 0
5100 True 1 0.8970444202423096 0
5200 True 1 0.9528388977050781 0
5300 True 1 0.91983962059021 0
5400 True 0 0.9794192314147949 0
5500 True 1 1.083193063735962 0
5600 True 1 0.9118623733520508 0
5700 True 1 0.9186222553253174 0
5800 False 0 0.0 0
5900 False 0 0.0 0
6000 True 1 0.9293966293334961 0
6100 True 1 1.3365037441253662 0
6200 False 0 0.0 0
6300 False 0 0.0 0
6400 False 0 0.0 0
6500 False 0 0.0 0
6600 True 1 1.1886610984802246 0
6700 True 1 1.27543306350708 0
6800 True 1 1.05788254737854 0
6900 False 0 0.0 0
7000 False 0 0.0 0
7100 False 0 0.0 0
7200 False 0 0.0 0
7300 True 0 0.9323961734771729 0
7400 True 1 0.8915929794311523 0
7500 True 1 0.8916807174682617 0
7600 False 0 0.0 0
7700 False 0 0.0 0
7800 True 0 0.8884596824645996 0
7900 False 0 0.0 0
8000 True 1 0.8829669952392578 0
8100 False 0 0.0 0
8200 False 0 0.0 0
8300 False 0 0.0 0
8400 False 0 0.0 0
8500 True 1 0.8780727386474609 0
8600 False 0 0.0 0
8700 True 1 1.065657377243042 0
8800 True 1 0.8777360916137695 0
8900 False 0 0.0 0
9000 True 1 0.9364686012268066 0
9100 False 0 0.0 0
9200 True 1 1.1776609420776367 0
9300 False 0 0.0 0
9400 False 0 0.0 0
9500 True 1 1.1126642227172852 0
9600 True 1 0.8834502696990967 0
9700 True 1 1.219529390335083 0
9800 True 1 0.8626103401184082 0
9900 False 0 0.0 0
