0 False 0.0 0.0 0
100 True 0.0 0.017703533172607422 0
200 False 0.0 0.0 0
300 True 0.0048828125 0.017524003982543945 0
400 True 0.0068359375 0.01758432388305664 0
500 False 0.0 0.0 0
600 False 0.0 0.0 0
700 True 0.0087890625 0.017406702041625977 0
800 True 0.0029296875 0.017299890518188477 0
900 False 0.0 0.0 0
1000 True 0.0029296875 0.01734161376953125 0
1100 False 0.0 0.0 0
1200 False 0.0 0.0 0
1300 False 0.0 0.0 0
1400 False 0.0 0.0 0
1500 False 0.0 0.0 0
1600 False 0.0 0.0 0
1700 False 0.0 0.0 0
1800 False 0.0 0.0 0
1900 True 0.0009765625 0.017708778381347656 0
2000 False 0.0 0.0 0
2100 False 0.0 0.0 0
2200 True 0.01171875 0.017238616943359375 0
2300 False 0.0 0.0 0
2400 True 0.005859375 0.01736760139465332 0
2500 False 0.0 0.0 0
2600 True 0.005859375 0.017625808715820312 0
2700 False 0.0 0.0 0
2800 False 0.0 0.0 0
2900 False 0.0 0.0 0
3000 True 0.0078125 0.017426490783691406 0
3100 True 0.0068359375 0.01731395721435547 0
3200 False 0.0 0.0 0
3300 False 0.0 0.0 0
3400 False 0.0 0.0 0
3500 True 0.001953125 0.017512798309326172 0
3600 False 0.0 0.0 0
3700 False 0.0 0.0 0
3800 False 0.0 0.0 0
3900 False 0.0 0.0 0
4000 False 0.0 0.0 0
4100 True 0.0078125 0.017322063446044922 0
4200 False 0.0 0.0 0
4300 True 0.0029296875 0.017545700073242188 0
4400 False 0.0 0.0 0
4500 False 0.0 0.0 0
4600 True 0.0 0.017344951629638672 0
4700 False 0.0 0.0 0
4800 True 0.0029296875 0.017661571502685547 0
4900 True 0.0029296875 0.01742243766784668 0
5000 True 0.001953125 0.017666101455688477 0
5100 True 0.00390625 0.017564058303833008 0
5200 True 0.0107421875 0.01753854751586914 0
5300 False 0.0 0.0 0
5400 False 0.0 0.0 0
5500 False 0.0 0.0 0
5600 False 0.0 0.0 0
5700 True 0.0009765625 0.017470359802246094 0
5800 False 0.0 0.0 0
5900 False 0.0 0.0 0
6000 False 0.0 0.0 0
6100 True 0.001953125 0.01755690574645996 0
6200 False 0.0 0.0 0
6300 False 0.0 0.0 0
6400 False 0.0 0.0 0
6500 False 0.0 0.0 0
6600 True 0.001953125 0.017508983612060547 0
6700 True 0.0009765625 0.01754593849182129 0
6800 True 0.0009765625 0.01755547523498535 0
6900 False 0.0 0.0 0
7000 False 0.0 0.0 0
7100 True 0.001953125 0.017511606216430664 0
7200 False 0.0 0.0 0
7300 True 0.0009765625 0.017572641372680664 0
7400 False 0.0 0.0 0
7500 False 0.0 0.0 0
7600 True 0.0009765625 0.01752638816833496 0
7700 True 0.001953125 0.017534732818603516 0
7800 True 0.0 0.017960071563720703 0
7900 False 0.0 0.0 0
8000 True 0.0048828125 0.017412185668945312 0
8100 False 0.0 0.0 0
8200 False 0.0 0.0 0
8300 False 0.0 0.0 0
8400 False 0.0 0.0 0
8500 True 0.00390625 0.01751112937927246 0
8600 False 0.0 0.0 0
8700 True 0.0029296875 0.017641305923461914 0
8800 True 0.013671875 0.017512798309326172 0
8900 False 0.0 0.0 0
9000 True 0.0009765625 0.017447710037231445 0
9100 False 0.0 0.0 0
9200 True 0.0087890625 0.01770806312561035 0
9300 False 0.0 0.0 0
9400 True 0.0009765625 0.017400026321411133 0
9500 False 0.0 0.0 0
9600 True 0.009765625 0.01763439178466797 0
9700 True 0.0009765625 0.017436742782592773 0
9800 True 0.0048828125 0.017562150955200195 0
9900 False 0.0 0.0 0
