0 False 0 0.0 0
100 True 0 0.003643035888671875 0
200 False 0 0.0 0
300 True 1 0.0024137496948242188 0
400 True 1 0.0023756027221679688 0
500 False 0 0.0 0
600 False 0 0.0 0
700 True 1 0.0022668838500976562 0
800 True 1 0.002370119094848633 0
900 False 0 0.0 0
1000 True 1 0.002356290817260742 0
1100 False 0 0.0 0
1200 False 0 0.0 0
1300 False 0 0.0 0
1400 False 0 0.0 0
1500 False 0 0.0 0
1600 False 0 0.0 0
1700 False 0 0.0 0
1800 False 0 0.0 0
1900 True 0 0.002337217330932617 0
2000 False 0 0.0 0
2100 False 0 0.0 0
2200 True 1 0.0023870468139648438 0
2300 False 0 0.0 0
2400 True 1 0.0023508071899414062 0
2500 False 0 0.0 0
2600 True 1 0.0022711753845214844 0
2700 False 0 0.0 0
2800 False 0 0.0 0
2900 False 0 0.0 0
3000 True 1 0.0022644996643066406 0
3100 True 1 0.002366304397583008 0
3200 False 0 0.0 0
3300 False 0 0.0 0
3400 False 0 0.0 0
3500 True 1 0.0023238658905029297 0
3600 False 0 0.0 0
3700 False 0 0.0 0
3800 False 0 0.0 0
3900 False 0 0.0 0
4000 False 0 0.0 0
4100 True 1 0.0023071765899658203 0
4200 False 0 0.0 0
4300 True 1 0.002298593521118164 0
4400 False 0 0.0 0
4500 False 0 0.0 0
4600 True 0 0.0024254322052001953 0
4700 False 0 0.0 0
4800 True 1 0.0022864341735839844 0
4900 True 1 0.0022962093353271484 0
5000 True 1 0.00225830078125 0
5100 True 1 0.0023250579833984375 0
5200 True 1 0.00238800048828125 0
5300 False 0 0.0 0
5400 False 0 0.0 0
5500 False 0 0.0 0
5600 False 0 0.0 0
5700 True 0 0.0023119449615478516 0
5800 False 0 0.0 0
5900 False 0 0.0 0
6000 False 0 0.0 0
6100 True 1 0.0023589134216308594 0
6200 False 0 0.0 0
6300 False 0 0.0 0
6400 False 0 0.0 0
6500 False 0 0.0 0
6600 True 1 0.0024003982543945312 0
6700 True 0 0.0023708343505859375 0
6800 True 0 0.002353668212890625 0
6900 False 0 0.0 0
7000 False 0 0.0 0
7100 True 1 0.0022766590118408203 0
7200 False 0 0.0 0
7300 True 0 0.002320528030395508 0
7400 False 0 0.0 0
7500 False 0 0.0 0
7600 True 0 0.0023958683013916016 0
7700 True 1 0.0023963451385498047 0
7800 True 0 0.0024089813232421875 0
7900 False 0 0.0 0
8000 True 1 0.002364635467529297 0
8100 False 0 0.0 0
8200 False 0 0.0 0
8300 False 0 0.0 0
8400 False 0 0.0 0
8500 True 1 0.002445697784423828 0
8600 False 0 0.0 0
8700 True 1 0.002264261245727539 0
8800 True 1 0.0023059844970703125 0
8900 False 0 0.0 0
9000 True 0 0.0022895336151123047 0
9100 False 0 0.0 0
9200 True 1 0.0023355484008789062 0
9300 False 0 0.0 0
9400 True 0 0.0023834705352783203 0
9500 False 0 0.0 0
9600 True 1 0.002351522445678711 0
9700 True 0 0.0023643970489501953 0
9800 True 1 0.002418041229248047 0
9900 False 0 0.0 0
