0 False 0 0.0 0
100 False 0 0.0 0
200 False 0 0.0 0
300 True 1 0.0032799243927001953 0
400 True 1 0.0025014877319335938 0
500 False 0 0.0 0
600 False 0 0.0 0
700 True 1 0.0028238296508789062 0
800 True 0 0.0029566287994384766 0
900 False 0 0.0 0
1000 True 1 0.0027594566345214844 0
1100 False 0 0.0 0
1200 False 0 0.0 0
1300 False 0 0.0 0
1400 True 1 0.0024712085723876953 0
1500 False 0 0.0 0
1600 False 0 0.0 0
1700 False 0 0.0 0
1800 False 0 0.0 0
1900 False 0 0.0 0
2000 False 0 0.0 0
2100 False 0 0.0 0
2200 True 1 0.0030024051666259766 0
2300 False 0 0.0 0
2400 True 1 0.0028476715087890625 0
2500 False 0 0.0 0
2600 True 1 0.0025403499603271484 0
2700 True 0 0.002836942672729492 0
2800 False 0 0.0 0
2900 False 0 0.0 0
3000 True 1 0.0030090808868408203 0
3100 True 1 0.0027844905853271484 0
3200 False 0 0.0 0
3300 False 0 0.0 0
3400 True 1 0.0027191638946533203 0
3500 False 0 0.0 0
3600 False 0 0.0 0
3700 False 0 0.0 0
3800 False 0 0.0 0
3900 False 0 0.0 0
4000 False 0 0.0 0
4100 True 1 0.002506256103515625 0
4200 False 0 0.0 0
4300 False 0 0.0 0
4400 False 0 0.0 0
4500 False 0 0.0 0
4600 False 0 0.0 0
4700 False 0 0.0 0
4800 True 1 0.0030181407928466797 0
4900 False 0 0.0 0
5000 False 0 0.0 0
5100 False 0 0.0 0
5200 False 0 0.0 0
5300 False 0 0.0 0
5400 False 0 0.0 0
5500 False 0 0.0 0
5600 False 0 0.0 0
5700 False 0 0.0 0
5800 False 0 0.0 0
5900 False 0 0.0 0
6000 False 0 0.0 0
6100 True 0 0.002916097640991211 0
6200 False 0 0.0 0
6300 False 0 0.0 0
6400 False 0 0.0 0
6500 False 0 0.0 0
6600 True 1 0.002553701400756836 0
6700 True 1 0.0025091171264648438 0
6800 True 1 0.0029587745666503906 0
6900 False 0 0.0 0
7000 False 0 0.0 0
7100 True 1 0.002881765365600586 0
7200 False 0 0.0 0
7300 True 0 0.002942800521850586 0
7400 False 0 0.0 0
7500 False 0 0.0 0
7600 False 0 0.0 0
7700 True 1 0.002691507339477539 0
7800 True 1 0.0029375553131103516 0
7900 False 0 0.0 0
8000 True 0 0.0026624202728271484 0
8100 True 1 0.0029964447021484375 0
8200 False 0 0.0 0
8300 False 0 0.0 0
8400 False 0 0.0 0
8500 False 0 0.0 0
8600 False 0 0.0 0
8700 False 0 0.0 0
8800 True 1 0.0027768611907958984 0
8900 False 0 0.0 0
9000 False 0 0.0 0
9100 False 0 0.0 0
9200 True 1 0.0029850006103515625 0
9300 False 0 0.0 0
9400 True 1 0.002850055694580078 0
9500 False 0 0.0 0
9600 True 1 0.002959728240966797 0
9700 True 1 0.002866983413696289 0
9800 False 0 0.0 0
9900 False 0 0.0 0
