0 False 0 0.0 0
100 False 0 0.0 0
200 False 0 0.0 0
300 True 0 0.012842893600463867 0
400 True 0 0.011752605438232422 0
500 False 0 0.0 0
600 True 0 0.011960268020629883 0
700 True 0 0.012732267379760742 0
800 True 0 0.011403083801269531 0
900 False 0 0.0 0
1000 True 0 0.011903762817382812 0
1100 False 0 0.0 0
1200 True 0 0.010159492492675781 0
1300 False 0 0.0 0
1400 False 0 0.0 0
1500 True 0 0.01206207275390625 0
1600 False 0 0.0 0
1700 True 0 0.010407209396362305 0
1800 True 0 0.01179957389831543 0
1900 True 0 0.011803388595581055 0
2000 False 0 0.0 0
2100 False 0 0.0 0
2200 True 0 0.011612176895141602 0
2300 False 0 0.0 0
2400 True 0 0.012189149856567383 0
2500 True 0 0.012946367263793945 0
2600 True 0 0.011840343475341797 0
2700 True 0 0.012395143508911133 0
2800 False 0 0.0 0
2900 False 0 0.0 0
3000 True 0 0.007409095764160156 0
3100 True 0 0.010613203048706055 0
3200 False 0 0.0 0
3300 True 0 0.013359308242797852 0
3400 False 0 0.0 0
3500 True 0 0.011599063873291016 0
3600 False 0 0.0 0
3700 False 0 0.0 0
3800 True 0 0.011192560195922852 0
3900 False 0 0.0 0
4000 False 0 0.0 0
4100 True 0 0.010057926177978516 0
4200 False 0 0.0 0
4300 True 0 0.010332107543945312 0
4400 False 0 0.0 0
4500 True 0 0.01239466667175293 0
4600 False 0 0.0 0
4700 False 0 0.0 0
4800 True 0 0.011142730712890625 0
4900 False 0 0.0 0
5000 True 0 0.010512828826904297 0
5100 True 0 0.011851072311401367 0
5200 True 0 0.010302305221557617 0
5300 False 0 0.0 0
5400 True 0 0.010887622833251953 0
5500 True 0 0.011766672134399414 0
5600 True 0 0.01282191276550293 0
5700 True 0 0.012559890747070312 0
5800 False 0 0.0 0
5900 False 0 0.0 0
6000 True 0 0.012347698211669922 0
6100 True 0 0.012172698974609375 0
6200 False 0 0.0 0
6300 True 0 0.01119375228881836 0
6400 False 0 0.0 0
6500 False 0 0.0 0
6600 True 0 0.013347387313842773 0
6700 True 0 0.012201309204101562 0
6800 True 0 0.012244939804077148 0
6900 False 0 0.0 0
7000 False 0 0.0 0
7100 False 0 0.0 0
7200 False 0 0.0 0
7300 False 0 0.0 0
7400 True 0 0.011839866638183594 0
7500 True 0 0.011495351791381836 0
7600 False 0 0.0 0
7700 True 0 0.0068454742431640625 0
7800 True 0 0.007561683654785156 0
7900 False 0 0.0 0
8000 True 0 0.006111621856689453 0
8100 False 0 0.0 0
8200 False 0 0.0 0
8300 False 0 0.0 0
8400 False 0 0.0 0
8500 True 0 0.008063316345214844 0
8600 False 0 0.0 0
8700 True 0 0.011898279190063477 0
8800 True 0 0.006391763687133789 0
8900 False 0 0.0 0
9000 True 0 0.011760473251342773 0
9100 False 0 0.0 0
9200 True 0 0.011716842651367188 0
9300 True 0 0.011301040649414062 0
9400 True 0 0.011823177337646484 0
9500 True 0 0.011459589004516602 0
9600 True 0 0.010273456573486328 0
9700 True 0 0.01029062271118164 0
9800 True 0 0.011899709701538086 0
9900 False 0 0.0 0
