0 True 1 0.0038955211639404297 0
100 False 0 0.0 0
200 False 0 0.0 0
300 True 1 0.003269195556640625 0
400 True 1 0.0033469200134277344 0
500 False 0 0.0 0
600 True 1 0.003151416778564453 0
700 True 1 0.0030171871185302734 0
800 True 1 0.0029845237731933594 0
900 False 0 0.0 0
1000 True 1 0.0033943653106689453 0
1100 False 0 0.0 0
1200 True 0 0.0030095577239990234 0
1300 False 0 0.0 0
1400 False 0 0.0 0
1500 False 0 0.0 0
1600 True 0 0.003123760223388672 0
1700 False 0 0.0 0
1800 False 0 0.0 0
1900 True 1 0.0030317306518554688 0
2000 False 0 0.0 0
2100 False 0 0.0 0
2200 True 0 0.0033707618713378906 0
2300 False 0 0.0 0
2400 True 1 0.0032188892364501953 0
2500 False 0 0.0 0
2600 True 1 0.0030393600463867188 0
2700 True 0 0.0029027462005615234 0
2800 False 0 0.0 0
2900 True 0 0.003362894058227539 0
3000 True 1 0.003268718719482422 0
3100 True 1 0.0031173229217529297 0
3200 False 0 0.0 0
3300 True 0 0.002935171127319336 0
3400 False 0 0.0 0
3500 True 1 0.0033845901489257812 0
3600 False 0 0.0 0
3700 True 1 0.0030922889709472656 0
3800 True 1 0.0034160614013671875 0
3900 False 0 0.0 0
4000 False 0 0.0 0
4100 True 1 0.003412961959838867 0
4200 False 0 0.0 0
4300 True 1 0.003323793411254883 0
4400 False 0 0.0 0
4500 True 1 0.003092050552368164 0
4600 False 0 0.0 0
4700 False 0 0.0 0
4800 True 1 0.0033550262451171875 0
4900 False 0 0.0 0
5000 True 1 0.0032584667205810547 0
5100 True 1 0.0033957958221435547 0
5200 True 1 0.0032117366790771484 0
5300 False 0 0.0 0
5400 True 1 0.0034821033477783203 0
5500 False 0 0.0 0
5600 False 0 0.0 0
5700 True 1 0.0030257701873779297 0
5800 False 0 0.0 0
5900 False 0 0.0 0
6000 True 1 0.003252744674682617 0
6100 True 1 0.0032279491424560547 0
6200 True 1 0.0033578872680664062 0
6300 False 0 0.0 0
6400 False 0 0.0 0
6500 False 0 0.0 0
6600 True 1 0.003237485885620117 0
6700 True 1 0.0036928653717041016 0
6800 False 0 0.0 0
6900 False 0 0.0 0
7000 False 0 0.0 0
7100 True 1 0.003079652786254883 0
7200 False 0 0.0 0
7300 True 0 0.003345489501953125 0
7400 True 1 0.0029921531677246094 0
7500 True 1 0.003495931625366211 0
7600 False 0 0.0 0
7700 True 1 0.0032644271850585938 0
7800 True 0 0.0032486915588378906 0
7900 False 0 0.0 0
8000 True 0 0.0031244754791259766 0
8100 False 0 0.0 0
8200 False 0 0.0 0
8300 False 0 0.0 0
8400 True 1 0.003343343734741211 0
8500 True 1 0.003327608108520508 0
8600 True 1 0.003435850143432617 0
8700 True 1 0.0031092166900634766 0
8800 True 1 0.0034236907958984375 0
8900 True 1 0.0029740333557128906 0
9000 True 1 0.0035393238067626953 0
9100 False 0 0.0 0
9200 True 1 0.003248453140258789 0
9300 False 0 0.0 0
9400 True 1 0.0032927989959716797 0
9500 True 0 0.0030202865600585938 0
9600 True 1 0.0034661293029785156 0
9700 True 1 0.003208160400390625 0
9800 True 1 0.003401517868041992 0
9900 False 0 0.0 0
