0 False 0.0 0.0 0
100 False 0.0 0.0 0
200 False 0.0 0.0 0
300 True 0.0 0.18715143203735352 0
400 True 0.0 0.17719650268554688 0
500 False 0.0 0.0 0
600 True 0.0 0.17584013938903809 0
700 True 0.0 0.16985273361206055 0
800 True 0.0 0.17212438583374023 0
900 False 0.0 0.0 0
1000 True 0.0 0.16743016242980957 0
1100 False 0.0 0.0 0
1200 True 0.0 0.1693868637084961 0
1300 False 0.0 0.0 0
1400 True 0.0 0.1705942153930664 0
1500 True 0.0 0.1734762191772461 0
1600 False 0.0 0.0 0
1700 False 0.0 0.0 0
1800 False 0.0 0.0 0
1900 True 0.0 0.16269803047180176 0
2000 False 0.0 0.0 0
2100 False 0.0 0.0 0
2200 True 0.0 0.16953253746032715 0
2300 False 0.0 0.0 0
2400 True 0.0 0.17223501205444336 0
2500 False 0.0 0.0 0
2600 True 0.0 0.1699995994567871 0
2700 True 0.0 0.17285990715026855 0
2800 False 0.0 0.0 0
2900 False 0.0 0.0 0
3000 True 0.0 0.17311310768127441 0
3100 True 0.0 0.16835546493530273 0
3200 False 0.0 0.0 0
3300 True 0.0 0.1680309772491455 0
3400 False 0.0 0.0 0
3500 True 0.0 0.16981887817382812 0
3600 False 0.0 0.0 0
3700 False 0.0 0.0 0
3800 True 0.0 0.172804594039917 0
3900 False 0.0 0.0 0
4000 False 0.0 0.0 0
4100 True 0.0 0.16312217712402344 0
4200 False 0.0 0.0 0
4300 True 0.0 0.16895008087158203 0
4400 False 0.0 0.0 0
4500 False 0.0 0.0 0
4600 False 0.0 0.0 0
4700 False 0.0 0.0 0
4800 True 0.0 0.16909337043762207 0
4900 False 0.0 0.0 0
5000 True 0.0 0.16751956939697266 0
5100 True 0.0 0.16946792602539062 0
5200 True 0.0 0.17152690887451172 0
5300 False 0.0 0.0 0
5400 True 0.0 0.16965723037719727 0
5500 True 0.0 0.16904973983764648 0
5600 False 0.0 0.0 0
5700 True 0.0 0.16937541961669922 0
5800 False 0.0 0.0 0
5900 True 0.0 0.1695871353149414 0
6000 True 0.0 0.16881918907165527 0
6100 True 0.0 0.1649947166442871 0
6200 False 0.0 0.0 0
6300 True 0.0 0.16893887519836426 0
6400 False 0.0 0.0 0
6500 False 0.0 0.0 0
6600 True 0.0 0.17226791381835938 0
6700 True 0.0 0.1726083755493164 0
6800 True 0.0 0.1692812442779541 0
6900 False 0.0 0.0 0
7000 False 0.0 0.0 0
7100 True 0.0 0.16933655738830566 0
7200 False 0.0 0.0 0
7300 False 0.0 0.0 0
7400 True 0.0 0.170684814453125 0
7500 True 0.0 0.1682131290435791 0
7600 False 0.0 0.0 0
7700 True 0.0 0.16663289070129395 0
7800 True 0.0 0.15596723556518555 0
7900 False 0.0 0.0 0
8000 True 0.0 0.1581270694732666 0
8100 True 0.0 0.15745925903320312 0
8200 False 0.0 0.0 0
8300 False 0.0 0.0 0
8400 False 0.0 0.0 0
8500 True 0.0 0.15754413604736328 0
8600 True 0.0 0.15891408920288086 0
8700 False 0.0 0.0 0
8800 True 0.0 0.15804624557495117 0
8900 False 0.0 0.0 0
9000 True 0.0 0.15038061141967773 0
9100 False 0.0 0.0 0
9200 True 0.0 0.15726709365844727 0
9300 True 0.0 0.16163396835327148 0
9400 True 0.0 0.15691900253295898 0
9500 True 0.0 0.14789533615112305 0
9600 True 0.0 0.14787673950195312 0
9700 True 0.0 0.15224146842956543 0
9800 True 0.0 0.15230679512023926 0
9900 False 0.0 0.0 0
