0 True 0.0048828125 0.060416460037231445 0
100 False 0.0 0.0 0
200 False 0.0 0.0 0
300 True 0.0048828125 0.05420660972595215 0
400 True 0.0263671875 0.05559897422790527 0
500 False 0.0 0.0 0
600 True 0.015625 0.04963278770446777 0
700 True 0.0126953125 0.05411648750305176 0
800 True 0.01953125 0.05745744705200195 0
900 False 0.0 0.0 0
1000 True 0.029296875 0.04862260818481445 0
1100 False 0.0 0.0 0
1200 True 0.0234375 0.04842996597290039 0
1300 True 0.01171875 0.05384206771850586 0
1400 True 0.021484375 0.05341219902038574 0
1500 True 0.0087890625 0.05298018455505371 0
1600 False 0.0 0.0 0
1700 False 0.0 0.0 0
1800 False 0.0 0.0 0
1900 True 0.0234375 0.04797625541687012 0
2000 False 0.0 0.0 0
2100 False 0.0 0.0 0
2200 True 0.0205078125 0.05338931083679199 0
2300 False 0.0 0.0 0
2400 True 0.052734375 0.051412105560302734 0
2500 False 0.0 0.0 0
2600 True 0.0185546875 0.05008053779602051 0
2700 True 0.017578125 0.05438947677612305 0
2800 True 0.00390625 0.05532717704772949 0
2900 False 0.0 0.0 0
3000 True 0.025390625 0.04873943328857422 0
3100 True 0.0146484375 0.05703616142272949 0
3200 False 0.0 0.0 0
3300 False 0.0 0.0 0
3400 False 0.0 0.0 0
3500 True 0.0185546875 0.04965376853942871 0
3600 False 0.0 0.0 0
3700 False 0.0 0.0 0
3800 True 0.0185546875 0.04953336715698242 0
3900 False 0.0 0.0 0
4000 False 0.0 0.0 0
4100 True 0.04296875 0.05492520332336426 0
4200 False 0.0 0.0 0
4300 True 0.0244140625 0.04613494873046875 0
4400 False 0.0 0.0 0
4500 True 0.00390625 0.04958844184875488 0
4600 False 0.0 0.0 0
4700 False 0.0 0.0 0
4800 True 0.021484375 0.04797244071960449 0
4900 False 0.0 0.0 0
5000 True 0.021484375 0.049280643463134766 0
5100 True 0.025390625 0.05415844917297363 0
5200 True 0.0263671875 0.04601550102233887 0
5300 True 0.0029296875 0.04966545104980469 0
5400 True 0.017578125 0.05508232116699219 0
5500 True 0.00390625 0.053653717041015625 0
5600 True 0.009765625 0.05528998374938965 0
5700 True 0.021484375 0.04977130889892578 0
5800 False 0.0 0.0 0
5900 False 0.0 0.0 0
6000 True 0.0 0.06083798408508301 0
6100 True 0.015625 0.055136919021606445 0
6200 True 0.01171875 0.04691576957702637 0
6300 False 0.0 0.0 0
6400 True 0.0126953125 0.05024838447570801 0
6500 False 0.0 0.0 0
6600 True 0.0390625 0.055390357971191406 0
6700 False 0.0 0.0 0
6800 True 0.0009765625 0.0553133487701416 0
6900 False 0.0 0.0 0
7000 False 0.0 0.0 0
7100 True 0.00390625 0.0516047477722168 0
7200 True 0.00390625 0.05515122413635254 0
7300 False 0.0 0.0 0
7400 True 0.0166015625 0.054538726806640625 0
7500 True 0.029296875 0.05454301834106445 0
7600 False 0.0 0.0 0
7700 True 0.033203125 0.05168652534484863 0
7800 True 0.00390625 0.051593780517578125 0
7900 False 0.0 0.0 0
8000 True 0.0146484375 0.05516171455383301 0
8100 False 0.0 0.0 0
8200 False 0.0 0.0 0
8300 False 0.0 0.0 0
8400 True 0.0166015625 0.05163168907165527 0
8500 True 0.0087890625 0.05659341812133789 0
8600 True 0.009765625 0.058716535568237305 0
8700 True 0.01171875 0.05358004570007324 0
8800 True 0.046875 0.045180320739746094 0
8900 True 0.0166015625 0.04243826866149902 0
9000 True 0.0244140625 0.03589797019958496 0
9100 False 0.0 0.0 0
9200 True 0.0322265625 0.03520655632019043 0
9300 True 0.0185546875 0.03599238395690918 0
9400 True 0.0205078125 0.03569817543029785 0
9500 False 0.0 0.0 0
9600 True 0.0234375 0.04577183723449707 0
9700 True 0.0244140625 0.060031890869140625 0
9800 True 0.009765625 0.05010390281677246 0
9900 True 0.021484375 0.05169844627380371 0
