0 True 0.0 0.1468803882598877 0
100 False 0.0 0.0 0
200 True 0.0 0.13469362258911133 0
300 True 0.0 0.13045835494995117 0
400 True 0.0 0.131209135055542 0
500 False 0.0 0.0 0
600 True 0.0 0.1292738914489746 0
700 True 0.0 0.12652182579040527 0
800 True 0.0 0.1305851936340332 0
900 True 0.0 0.12763714790344238 0
1000 True 0.0 0.12955355644226074 0
1100 False 0.0 0.0 0
1200 True 0.0 0.12642407417297363 0
1300 True 0.0 0.12913727760314941 0
1400 False 0.0 0.0 0
1500 True 0.0 0.12703704833984375 0
1600 False 0.0 0.0 0
1700 False 0.0 0.0 0
1800 True 0.0 0.1293785572052002 0
1900 True 0.0 0.12645506858825684 0
2000 True 0.0 0.127716064453125 0
2100 False 0.0 0.0 0
2200 True 0.0 0.12684416770935059 0
2300 False 0.0 0.0 0
2400 True 0.0 0.12957239151000977 0
2500 True 0.0 0.06524515151977539 0
2600 True 0.0 0.12737393379211426 0
2700 True 0.0 0.12689805030822754 0
2800 True 0.0 0.1262514591217041 0
2900 False 0.0 0.0 0
3000 True 0.0 0.1265878677368164 0
3100 True 0.0 0.1257925033569336 0
3200 True 0.0 0.1266322135925293 0
3300 True 0.0 0.13997960090637207 0
3400 False 0.0 0.0 0
3500 True 0.0 0.1363687515258789 0
3600 False 0.0 0.0 0
3700 True 0.0 0.1349039077758789 0
3800 True 0.0 0.12887883186340332 0
3900 False 0.0 0.0 0
4000 False 0.0 0.0 0
4100 True 0.0 0.1282045841217041 0
4200 False 0.0 0.0 0
4300 True 0.0 0.1250932216644287 0
4400 False 0.0 0.0 0
4500 False 0.0 0.0 0
4600 True 0.0 0.1277472972869873 0
4700 False 0.0 0.0 0
4800 True 0.0 0.12923049926757812 0
4900 True 0.0 0.12702655792236328 0
5000 True 0.0 0.12617993354797363 0
5100 True 0.0 0.12709426879882812 0
5200 True 0.0 0.12522339820861816 0
5300 True 0.0 0.12931537628173828 0
5400 True 0.0 0.1263267993927002 0
5500 False 0.0 0.0 0
5600 True 0.0 0.12770390510559082 0
5700 True 0.0 0.12604379653930664 0
5800 False 0.0 0.0 0
5900 False 0.0 0.0 0
6000 True 0.0 0.12701845169067383 0
6100 True 0.0 0.12603449821472168 0
6200 False 0.0 0.0 0
6300 True 0.0 0.12766170501708984 0
6400 False 0.0 0.0 0
6500 False 0.0 0.0 0
6600 True 0.0 0.12711119651794434 0
6700 True 0.0 0.12861943244934082 0
6800 True 0.0 0.12333059310913086 0
6900 True 0.0 0.12976288795471191 0
7000 False 0.0 0.0 0
7100 False 0.0 0.0 0
7200 True 0.0 0.1291062831878662 0
7300 False 0.0 0.0 0
7400 True 0.0 0.1278822422027588 0
7500 True 0.0 0.12857675552368164 0
7600 False 0.0 0.0 0
7700 True 0.0 0.1301863193511963 0
7800 True 0.0 0.1280374526977539 0
7900 True 0.0 0.1297156810760498 0
8000 True 0.0 0.1297004222869873 0
8100 False 0.0 0.0 0
8200 False 0.0 0.0 0
8300 False 0.0 0.0 0
8400 True 0.0 0.12882304191589355 0
8500 True 0.0 0.12545490264892578 0
8600 False 0.0 0.0 0
8700 True 0.0 0.12787628173828125 0
8800 True 0.0 0.12859606742858887 0
8900 True 0.0 0.12697863578796387 0
9000 True 0.0 0.1255958080291748 0
9100 True 0.0 0.13071775436401367 0
9200 True 0.0 0.1279613971710205 0
9300 False 0.0 0.0 0
9400 True 0.0 0.1286330223083496 0
9500 True 0.0 0.12929391860961914 0
9600 True 0.0 0.1280362606048584 0
9700 True 0.0 0.12882566452026367 0
9800 True 0.0 0.1286168098449707 0
9900 True 0.0 0.12873601913452148 0
