0 False 0.0 0.0 0
100 True 0.0 0.053076982498168945 0
200 False 0.0 0.0 0
300 True 0.0 0.07543540000915527 0
400 True 0.0 0.08076715469360352 0
500 False 0.0 0.0 0
600 False 0.0 0.0 0
700 False 0.0 0.0 0
800 False 0.0 0.0 0
900 False 0.0 0.0 0
1000 False 0.0 0.0 0
1100 False 0.0 0.0 0
1200 False 0.0 0.0 0
1300 False 0.0 0.0 0
1400 False 0.0 0.0 0
1500 False 0.0 0.0 0
1600 False 0.0 0.0 0
1700 False 0.0 0.0 0
1800 False 0.0 0.0 0
1900 True 0.0 0.0400848388671875 0
2000 False 0.0 0.0 0
2100 False 0.0 0.0 0
2200 True 0.0 0.0409698486328125 0
2300 False 0.0 0.0 0
2400 True 0.0 0.03901195526123047 0
2500 False 0.0 0.0 0
2600 True 0.0 0.05835866928100586 0
2700 False 0.0 0.0 0
2800 False 0.0 0.0 0
2900 False 0.0 0.0 0
3000 False 0.0 0.0 0
3100 True 0.0 0.04021120071411133 0
3200 False 0.0 0.0 0
3300 False 0.0 0.0 0
3400 True 0.0 0.04000973701477051 0
3500 False 0.0 0.0 0
3600 True 0.0 0.05226731300354004 0
3700 False 0.0 0.0 0
3800 False 0.0 0.0 0
3900 False 0.0 0.0 0
4000 False 0.0 0.0 0
4100 False 0.0 0.0 0
4200 False 0.0 0.0 0
4300 True 0.0 0.04073667526245117 0
4400 False 0.0 0.0 0
4500 False 0.0 0.0 0
4600 False 0.0 0.0 0
4700 True 0.0 0.052002668380737305 0
4800 True 0.0 0.03987526893615723 0
4900 False 0.0 0.0 0
5000 False 0.0 0.0 0
5100 False 0.0 0.0 0
5200 False 0.0 0.0 0
5300 False 0.0 0.0 0
5400 True 0.0 0.0671536922454834 0
5500 False 0.0 0.0 0
5600 False 0.0 0.0 0
5700 False 0.0 0.0 0
5800 False 0.0 0.0 0
5900 False 0.0 0.0 0
6000 False 0.0 0.0 0
6100 True 0.0 0.040055274963378906 0
6200 False 0.0 0.0 0
6300 False 0.0 0.0 0
6400 False 0.0 0.0 0
6500 False 0.0 0.0 0
6600 False 0.0 0.0 0
6700 True 0.0 0.0403897762298584 0
6800 True 0.0 0.041097402572631836 0
6900 False 0.0 0.0 0
7000 False 0.0 0.0 0
7100 True 0.0 0.03922867774963379 0
7200 False 0.0 0.0 0
7300 False 0.0 0.0 0
7400 False 0.0 0.0 0
7500 False 0.0 0.0 0
7600 False 0.0 0.0 0
7700 True 0.0 0.04045367240905762 0
7800 True 0.0 0.07210326194763184 0
7900 False 0.0 0.0 0
8000 False 0.0 0.0 0
8100 True 0.0 0.04574704170227051 0
8200 False 0.0 0.0 0
8300 False 0.0 0.0 0
8400 False 0.0 0.0 0
8500 False 0.0 0.0 0
8600 False 0.0 0.0 0
8700 False 0.0 0.0 0
8800 True 0.0 0.03963279724121094 0
8900 False 0.0 0.0 0
9000 False 0.0 0.0 0
9100 False 0.0 0.0 0
9200 True 0.0 0.0722513198852539 0
9300 False 0.0 0.0 0
9400 True 0.0 0.06619811058044434 0
9500 False 0.0 0.0 0
9600 True 0.0 0.05309319496154785 0
9700 True 0.0 0.040059804916381836 0
9800 False 0.0 0.0 0
9900 False 0.0 0.0 0
