0 False 0 0.0 0
100 True 0 0.3611476421356201 0
200 False 0 0.0 0
300 True 1 0.18863940238952637 0
400 True 1 0.19301414489746094 0
500 False 0 0.0 0
600 False 0 0.0 0
700 True 1 0.1920452117919922 0
800 False 0 0.0 0
900 False 0 0.0 0
1000 True 0 0.18835139274597168 0
1100 False 0 0.0 0
1200 False 0 0.0 0
1300 False 0 0.0 0
1400 True 0 0.3085486888885498 0
1500 False 0 0.0 0
1600 False 0 0.0 0
1700 False 0 0.0 0
1800 False 0 0.0 0
1900 True 0 0.19134831428527832 0
2000 False 0 0.0 0
2100 False 0 0.0 0
2200 True 1 0.19340968132019043 0
2300 False 0 0.0 0
2400 True 1 0.19204235076904297 0
2500 False 0 0.0 0
2600 True 1 0.18942904472351074 0
2700 False 0 0.0 0
2800 False 0 0.0 0
2900 False 0 0.0 0
3000 True 1 0.2794363498687744 0
3100 True 1 0.18971490859985352 0
3200 False 0 0.0 0
3300 False 0 0.0 0
3400 True 0 0.20263147354125977 0
3500 True 0 0.19281792640686035 0
3600 False 0 0.0 0
3700 False 0 0.0 0
3800 False 0 0.0 0
3900 False 0 0.0 0
4000 False 0 0.0 0
4100 True 1 0.19034290313720703 0
4200 True 0 0.2796475887298584 0
4300 False 0 0.0 0
4400 False 0 0.0 0
4500 False 0 0.0 0
4600 False 0 0.0 0
4700 False 0 0.0 0
4800 True 1 0.19423365592956543 0
4900 False 0 0.0 0
5000 True 1 0.1971588134765625 0
5100 False 0 0.0 0
5200 True 1 0.19950294494628906 0
5300 False 0 0.0 0
5400 True 0 0.1973104476928711 0
5500 False 0 0.0 0
5600 False 0 0.0 0
5700 False 0 0.0 0
5800 False 0 0.0 0
5900 False 0 0.0 0
6000 False 0 0.0 0
6100 True 0 0.2579972743988037 0
6200 False 0 0.0 0
6300 False 0 0.0 0
6400 False 0 0.0 0
6500 False 0 0.0 0
6600 False 0 0.0 0
6700 True 0 0.19736409187316895 0
6800 True 1 0.31519556045532227 0
6900 False 0 0.0 0
7000 False 0 0.0 0
7100 True 1 0.20810604095458984 0
7200 False 0 0.0 0
7300 False 0 0.0 0
7400 False 0 0.0 0
7500 False 0 0.0 0
7600 False 0 0.0 0
7700 True 1 0.19516348838806152 0
7800 True 1 0.26186108589172363 0
7900 False 0 0.0 0
8000 True 1 0.20176291465759277 0
8100 False 0 0.0 0
8200 False 0 0.0 0
8300 False 0 0.0 0
8400 False 0 0.0 0
8500 True 0 0.34598302841186523 0
8600 False 0 0.0 0
8700 False 0 0.0 0
8800 True 1 0.19210577011108398 0
8900 False 0 0.0 0
9000 False 0 0.0 0
9100 False 0 0.0 0
9200 True 1 0.20243191719055176 0
9300 True 1 0.25502514839172363 0
9400 False 0 0.0 0
9500 False 0 0.0 0
9600 True 1 0.20557618141174316 0
9700 True 1 0.32419347763061523 0
9800 False 0 0.0 0
9900 False 0 0.0 0
