0 False 0.0 0.0 0
100 False 0.0 0.0 0
200 False 0.0 0.0 0
300 True 0.0419921875 4.249898672103882 0
400 True 0.1494140625 4.0939717292785645 0
500 False 0.0 0.0 0
600 False 0.0 0.0 0
700 False 0.0 0.0 0
800 True 0.0205078125 4.048847675323486 0
900 False 0.0 0.0 0
1000 True 0.0693359375 4.554330110549927 0
1100 False 0.0 0.0 0
1200 False 0.0 0.0 0
1300 True 0.0283203125 3.4299142360687256 0
1400 True 0.0185546875 3.0136871337890625 0
1500 False 0.0 0.0 0
1600 False 0.0 0.0 0
1700 False 0.0 0.0 0
1800 False 0.0 0.0 0
1900 True 0.060546875 4.481077671051025 0
2000 False 0.0 0.0 0
2100 False 0.0 0.0 0
2200 True 0.0888671875 3.994656562805176 0
2300 False 0.0 0.0 0
2400 True 0.080078125 3.7913413047790527 0
2500 False 0.0 0.0 0
2600 True 0.06640625 2.8648078441619873 0
2700 False 0.0 0.0 0
2800 False 0.0 0.0 0
2900 False 0.0 0.0 0
3000 True 0.1015625 4.915487766265869 0
3100 True 0.0751953125 4.057433605194092 0
3200 False 0.0 0.0 0
3300 True 0.0068359375 4.686795949935913 0
3400 True 0.048828125 4.154819011688232 0
3500 True 0.0048828125 3.015158176422119 0
3600 False 0.0 0.0 0
3700 False 0.0 0.0 0
3800 True 0.013671875 4.217424392700195 0
3900 False 0.0 0.0 0
4000 False 0.0 0.0 0
4100 True 0.1201171875 5.08854603767395 0
4200 False 0.0 0.0 0
4300 True 0.087890625 2.3166918754577637 0
4400 False 0.0 0.0 0
4500 False 0.0 0.0 0
4600 True 0.0087890625 3.836803913116455 0
4700 True 0.0029296875 3.9028944969177246 0
4800 True 0.125 5.363986253738403 0
4900 False 0.0 0.0 0
5000 True 0.0576171875 3.9012513160705566 0
5100 False 0.0 0.0 0
5200 False 0.0 0.0 0
5300 False 0.0 0.0 0
5400 False 0.0 0.0 0
5500 True 0.0107421875 3.2960426807403564 0
5600 True 0.0185546875 2.358366012573242 0
5700 True 0.0 3.1713345050811768 0
5800 False 0.0 0.0 0
5900 False 0.0 0.0 0
6000 True 0.0107421875 2.16021990776062 0
6100 True 0.015625 2.933138608932495 0
6200 False 0.0 0.0 0
6300 False 0.0 0.0 0
6400 False 0.0 0.0 0
6500 False 0.0 0.0 0
6600 True 0.0439453125 4.109267711639404 0
6700 True 0.0048828125 2.3761279582977295 0
6800 True 0.0791015625 3.082531452178955 0
6900 False 0.0 0.0 0
7000 False 0.0 0.0 0
7100 True 0.0732421875 4.000128507614136 0
7200 False 0.0 0.0 0
7300 False 0.0 0.0 0
7400 False 0.0 0.0 0
7500 False 0.0 0.0 0
7600 False 0.0 0.0 0
7700 True 0.04296875 2.3319735527038574 0
7800 True 0.07421875 2.450531005859375 0
7900 False 0.0 0.0 0
8000 True 0.0595703125 3.049062967300415 0
8100 False 0.0 0.0 0
8200 False 0.0 0.0 0
8300 False 0.0 0.0 0
8400 False 0.0 0.0 0
8500 True 0.013671875 2.2634313106536865 0
8600 False 0.0 0.0 0
8700 False 0.0 0.0 0
8800 True 0.1123046875 5.224945068359375 0
8900 False 0.0 0.0 0
9000 False 0.0 0.0 0
9100 False 0.0 0.0 0
9200 True 0.154296875 3.9543087482452393 0
9300 False 0.0 0.0 0
9400 True 0.0107421875 2.3318395614624023 0
9500 False 0.0 0.0 0
9600 True 0.0771484375 3.256798505783081 0
9700 True 0.0361328125 5.118293762207031 0
9800 False 0.0 0.0 0
9900 False 0.0 0.0 0
