0 False 0 0.0 0
100 True 1 1.0206358432769775 0
200 False 0 0.0 0
300 True 1 0.20153546333312988 0
400 True 1 0.19316911697387695 0
500 False 0 0.0 0
600 False 0 0.0 0
700 True 1 0.3196570873260498 0
800 True 1 0.19919991493225098 0
900 False 0 0.0 0
1000 True 1 0.18358802795410156 0
1100 False 0 0.0 0
1200 False 0 0.0 0
1300 False 0 0.0 0
1400 False 0 0.0 0
1500 False 0 0.0 0
1600 False 0 0.0 0
1700 False 0 0.0 0
1800 False 0 0.0 0
1900 True 1 0.18993306159973145 0
2000 False 0 0.0 0
2100 False 0 0.0 0
2200 True 1 0.1845695972442627 0
2300 False 0 0.0 0
2400 True 1 0.32506847381591797 0
2500 False 0 0.0 0
2600 True 1 0.1822643280029297 0
2700 False 0 0.0 0
2800 False 0 0.0 0
2900 False 0 0.0 0
3000 True 1 0.18174195289611816 0
3100 True 1 0.18657517433166504 0
3200 False 0 0.0 0
3300 False 0 0.0 0
3400 False 0 0.0 0
3500 True 1 0.18546295166015625 0
3600 False 0 0.0 0
3700 False 0 0.0 0
3800 False 0 0.0 0
3900 False 0 0.0 0
4000 False 0 0.0 0
4100 True 1 0.30226659774780273 0
4200 False 0 0.0 0
4300 True 1 0.18775010108947754 0
4400 False 0 0.0 0
4500 False 0 0.0 0
4600 True 1 0.19074702262878418 0
4700 False 0 0.0 0
4800 True 1 0.18770051002502441 0
4900 True 1 0.18105340003967285 0
5000 True 1 0.29520201683044434 0
5100 True 1 0.19721293449401855 0
5200 True 1 0.19208335876464844 0
5300 False 0 0.0 0
5400 False 0 0.0 0
5500 False 0 0.0 0
5600 False 0 0.0 0
5700 True 1 0.19072699546813965 0
5800 False 0 0.0 0
5900 False 0 0.0 0
6000 False 0 0.0 0
6100 True 1 0.18096327781677246 0
6200 False 0 0.0 0
6300 False 0 0.0 0
6400 False 0 0.0 0
6500 False 0 0.0 0
6600 True 1 0.2641029357910156 0
6700 True 1 0.18047857284545898 0
6800 True 1 0.1890707015991211 0
6900 False 0 0.0 0
7000 False 0 0.0 0
7100 True 1 0.18336749076843262 0
7200 False 0 0.0 0
7300 True 1 0.1887068748474121 0
7400 False 0 0.0 0
7500 False 0 0.0 0
7600 True 1 0.2731590270996094 0
7700 True 1 0.190765380859375 0
7800 True 0 0.192460298538208 0
7900 False 0 0.0 0
8000 True 1 0.19377350807189941 0
8100 False 0 0.0 0
8200 False 0 0.0 0
8300 False 0 0.0 0
8400 False 0 0.0 0
8500 True 1 0.19103002548217773 0
8600 False 0 0.0 0
8700 True 1 0.24306297302246094 0
8800 True 1 0.17803955078125 0
8900 False 0 0.0 0
9000 True 1 0.31042981147766113 0
9100 False 0 0.0 0
9200 True 1 0.18762731552124023 0
9300 False 0 0.0 0
9400 True 1 0.17957043647766113 0
9500 False 0 0.0 0
9600 True 1 0.2501404285430908 0
9700 True 1 0.1869800090789795 0
9800 True 1 0.2671487331390381 0
9900 False 0 0.0 0
