0 True 0.0224609375 4.310165882110596 0
100 False 0.0 0.0 0
200 False 0.0 0.0 0
300 True 0.0419921875 3.5024728775024414 0
400 True 0.056640625 3.4805521965026855 0
500 False 0.0 0.0 0
600 True 0.0087890625 3.732548475265503 0
700 True 0.013671875 3.0287327766418457 0
800 True 0.005859375 3.387998104095459 0
900 False 0.0 0.0 0
1000 True 0.048828125 3.4247608184814453 0
1100 False 0.0 0.0 0
1200 True 0.0029296875 3.052701711654663 0
1300 False 0.0 0.0 0
1400 True 0.0146484375 2.3274130821228027 0
1500 True 0.0009765625 2.713249444961548 0
1600 False 0.0 0.0 0
1700 False 0.0 0.0 0
1800 False 0.0 0.0 0
1900 True 0.048828125 2.282467842102051 0
2000 False 0.0 0.0 0
2100 False 0.0 0.0 0
2200 True 0.08984375 4.880450010299683 0
2300 True 0.009765625 2.461513042449951 0
2400 True 0.109375 4.659491777420044 0
2500 False 0.0 0.0 0
2600 True 0.033203125 3.7587201595306396 0
2700 False 0.0 0.0 0
2800 False 0.0 0.0 0
2900 False 0.0 0.0 0
3000 True 0.0595703125 3.535198926925659 0
3100 True 0.0634765625 4.527970314025879 0
3200 False 0.0 0.0 0
3300 False 0.0 0.0 0
3400 False 0.0 0.0 0
3500 True 0.0205078125 2.994191884994507 0
3600 False 0.0 0.0 0
3700 False 0.0 0.0 0
3800 True 0.0341796875 2.361449956893921 0
3900 False 0.0 0.0 0
4000 False 0.0 0.0 0
4100 True 0.0673828125 3.663250207901001 0
4200 True 0.001953125 2.329434394836426 0
4300 True 0.037109375 3.495581865310669 0
4400 False 0.0 0.0 0
4500 False 0.0 0.0 0
4600 False 0.0 0.0 0
4700 False 0.0 0.0 0
4800 True 0.048828125 2.3983395099639893 0
4900 True 0.021484375 2.3861796855926514 0
5000 True 0.0146484375 2.3257670402526855 0
5100 True 0.0341796875 2.2679741382598877 0
5200 True 0.0791015625 4.15939474105835 0
5300 False 0.0 0.0 0
5400 True 0.0029296875 2.3703830242156982 0
5500 False 0.0 0.0 0
5600 False 0.0 0.0 0
5700 True 0.001953125 2.361377239227295 0
5800 False 0.0 0.0 0
5900 False 0.0 0.0 0
6000 True 0.013671875 2.401258707046509 0
6100 True 0.0234375 4.486878156661987 0
6200 True 0.0029296875 2.419934034347534 0
6300 False 0.0 0.0 0
6400 False 0.0 0.0 0
6500 False 0.0 0.0 0
6600 True 0.03515625 3.0074830055236816 0
6700 True 0.0166015625 3.7244040966033936 0
6800 True 0.0205078125 2.267253875732422 0
6900 False 0.0 0.0 0
7000 False 0.0 0.0 0
7100 True 0.0341796875 2.2707269191741943 0
7200 False 0.0 0.0 0
7300 False 0.0 0.0 0
7400 True 0.0107421875 2.3863916397094727 0
7500 True 0.009765625 2.4128623008728027 0
7600 False 0.0 0.0 0
7700 True 0.0146484375 2.4030885696411133 0
7800 True 0.02734375 3.700544595718384 0
7900 False 0.0 0.0 0
8000 True 0.0361328125 2.2945547103881836 0
8100 False 0.0 0.0 0
8200 False 0.0 0.0 0
8300 False 0.0 0.0 0
8400 False 0.0 0.0 0
8500 True 0.0224609375 2.352224349975586 0
8600 False 0.0 0.0 0
8700 True 0.0556640625 3.0464823246002197 0
8800 True 0.123046875 4.568881988525391 0
8900 False 0.0 0.0 0
9000 True 0.0341796875 2.257868766784668 0
9100 False 0.0 0.0 0
9200 True 0.05859375 2.413020133972168 0
9300 False 0.0 0.0 0
9400 False 0.0 0.0 0
9500 False 0.0 0.0 0
9600 True 0.048828125 2.3953683376312256 0
9700 True 0.0322265625 3.0133931636810303 0
9800 False 0.0 0.0 0
9900 False 0.0 0.0 0
