0 False 0 0.0 0
100 False 0 0.0 0
200 False 0 0.0 0
300 True 0 0.4326350688934326 0
400 True 1 0.2697458267211914 0
500 False 0 0.0 0
600 True 0 0.39202332496643066 0
700 True 1 0.25524163246154785 0
800 True 1 0.36334729194641113 0
900 False 0 0.0 0
1000 True 1 0.26463770866394043 0
1100 False 0 0.0 0
1200 True 1 0.2760345935821533 0
1300 False 0 0.0 0
1400 False 0 0.0 0
1500 True 1 0.38376307487487793 0
1600 False 0 0.0 0
1700 True 0 0.2788658142089844 0
1800 True 0 0.391704797744751 0
1900 True 1 0.2711615562438965 0
2000 False 0 0.0 0
2100 False 0 0.0 0
2200 True 1 0.2652125358581543 0
2300 False 0 0.0 0
2400 True 1 0.3660917282104492 0
2500 True 0 0.2576568126678467 0
2600 True 1 0.3983578681945801 0
2700 True 1 0.2694723606109619 0
2800 False 0 0.0 0
2900 False 0 0.0 0
3000 True 1 0.2738533020019531 0
3100 True 1 0.35785746574401855 0
3200 False 0 0.0 0
3300 True 1 0.26874566078186035 0
3400 False 0 0.0 0
3500 True 1 0.36942529678344727 0
3600 False 0 0.0 0
3700 False 0 0.0 0
3800 True 1 0.25306272506713867 0
3900 False 0 0.0 0
4000 False 0 0.0 0
4100 True 1 0.25609421730041504 0
4200 False 0 0.0 0
4300 True 1 0.33690857887268066 0
4400 False 0 0.0 0
4500 True 0 0.2571582794189453 0
4600 False 0 0.0 0
4700 False 0 0.0 0
4800 True 1 0.3859868049621582 0
4900 False 0 0.0 0
5000 True 1 0.2595036029815674 0
5100 True 1 0.2655515670776367 0
5200 True 1 0.32670044898986816 0
5300 False 0 0.0 0
5400 True 0 0.2559053897857666 0
5500 True 0 0.36954665184020996 0
5600 True 1 0.2566201686859131 0
5700 True 1 0.25665736198425293 0
5800 False 0 0.0 0
5900 False 0 0.0 0
6000 True 0 0.3141024112701416 0
6100 True 1 0.25617051124572754 0
6200 False 0 0.0 0
6300 True 1 0.37945556640625 0
6400 False 0 0.0 0
6500 False 0 0.0 0
6600 True 1 0.2554192543029785 0
6700 True 1 0.2529919147491455 0
6800 True 0 0.2985115051269531 0
6900 False 0 0.0 0
7000 False 0 0.0 0
7100 False 0 0.0 0
7200 False 0 0.0 0
7300 False 0 0.0 0
7400 True 1 0.25367045402526855 0
7500 True 1 0.38942480087280273 0
7600 False 0 0.0 0
7700 True 1 0.2752201557159424 0
7800 True 1 0.2753305435180664 0
7900 False 0 0.0 0
8000 True 1 0.30104494094848633 0
8100 False 0 0.0 0
8200 False 0 0.0 0
8300 False 0 0.0 0
8400 False 0 0.0 0
8500 True 1 0.2661304473876953 0
8600 False 0 0.0 0
8700 True 0 0.39513707160949707 0
8800 True 1 0.26812744140625 0
8900 False 0 0.0 0
9000 True 1 0.281238317489624 0
9100 False 0 0.0 0
9200 True 1 0.27840614318847656 0
9300 True 1 0.26666998863220215 0
9400 True 1 0.39153480529785156 0
9500 True 1 0.26363182067871094 0
9600 True 1 0.25968384742736816 0
9700 True 1 0.2761218547821045 0
9800 True 1 0.2596864700317383 0
9900 False 0 0.0 0
