0 True 0.015625 5.120405435562134 0
100 False 0.0 0.0 0
200 False 0.0 0.0 0
300 True 0.0126953125 4.249969244003296 0
400 True 0.1044921875 4.944194316864014 0
500 False 0.0 0.0 0
600 True 0.04296875 4.715518236160278 0
700 True 0.0498046875 4.520713806152344 0
800 True 0.048828125 3.2661964893341064 0
900 False 0.0 0.0 0
1000 True 0.1044921875 3.255643129348755 0
1100 False 0.0 0.0 0
1200 True 0.0078125 3.9428513050079346 0
1300 False 0.0 0.0 0
1400 False 0.0 0.0 0
1500 False 0.0 0.0 0
1600 True 0.001953125 4.576678514480591 0
1700 False 0.0 0.0 0
1800 False 0.0 0.0 0
1900 True 0.044921875 3.5425095558166504 0
2000 False 0.0 0.0 0
2100 False 0.0 0.0 0
2200 True 0.0029296875 3.2892236709594727 0
2300 False 0.0 0.0 0
2400 True 0.142578125 6.098216533660889 0
2500 False 0.0 0.0 0
2600 True 0.1005859375 4.637304782867432 0
2700 True 0.0048828125 4.21510648727417 0
2800 False 0.0 0.0 0
2900 True 0.0087890625 3.2423479557037354 0
3000 True 0.056640625 4.767371654510498 0
3100 True 0.0361328125 4.956690788269043 0
3200 False 0.0 0.0 0
3300 True 0.0166015625 3.181472063064575 0
3400 False 0.0 0.0 0
3500 True 0.0439453125 3.1201493740081787 0
3600 False 0.0 0.0 0
3700 True 0.0419921875 4.444688558578491 0
3800 True 0.080078125 6.225829839706421 0
3900 False 0.0 0.0 0
4000 False 0.0 0.0 0
4100 True 0.12109375 5.967560052871704 0
4200 False 0.0 0.0 0
4300 True 0.048828125 3.2733678817749023 0
4400 False 0.0 0.0 0
4500 True 0.015625 3.095743417739868 0
4600 False 0.0 0.0 0
4700 False 0.0 0.0 0
4800 True 0.05078125 4.42179799079895 0
4900 False 0.0 0.0 0
5000 True 0.046875 3.9162731170654297 0
5100 True 0.0244140625 5.376925945281982 0
5200 True 0.0517578125 3.2184717655181885 0
5300 False 0.0 0.0 0
5400 True 0.0146484375 3.979560375213623 0
5500 False 0.0 0.0 0
5600 False 0.0 0.0 0
5700 True 0.0615234375 4.879010915756226 0
5800 False 0.0 0.0 0
5900 False 0.0 0.0 0
6000 True 0.013671875 3.139096260070801 0
6100 True 0.03515625 3.144740581512451 0
6200 True 0.017578125 4.093374252319336 0
6300 False 0.0 0.0 0
6400 False 0.0 0.0 0
6500 False 0.0 0.0 0
6600 True 0.048828125 3.2603938579559326 0
6700 True 0.0166015625 3.1638591289520264 0
6800 False 0.0 0.0 0
6900 False 0.0 0.0 0
7000 False 0.0 0.0 0
7100 True 0.0400390625 3.964632034301758 0
7200 False 0.0 0.0 0
7300 True 0.0029296875 3.2050838470458984 0
7400 True 0.0322265625 4.909189462661743 0
7500 True 0.052734375 3.948930501937866 0
7600 False 0.0 0.0 0
7700 True 0.107421875 4.914525985717773 0
7800 True 0.0029296875 3.090358018875122 0
7900 False 0.0 0.0 0
8000 True 0.0009765625 3.905259132385254 0
8100 False 0.0 0.0 0
8200 False 0.0 0.0 0
8300 False 0.0 0.0 0
8400 True 0.013671875 3.1446783542633057 0
8500 True 0.0078125 3.172991991043091 0
8600 True 0.0166015625 3.240790605545044 0
8700 True 0.1123046875 5.639098405838013 0
8800 True 0.0986328125 3.9349637031555176 0
8900 True 0.0419921875 3.2366349697113037 0
9000 True 0.0888671875 5.884126901626587 0
9100 False 0.0 0.0 0
9200 True 0.119140625 5.164882183074951 0
9300 False 0.0 0.0 0
9400 True 0.0361328125 3.238454580307007 0
9500 True 0.01171875 3.1857564449310303 0
9600 True 0.0380859375 4.079496383666992 0
9700 True 0.037109375 3.10298490524292 0
9800 True 0.068359375 6.752918004989624 0
9900 False 0.0 0.0 0
