0 True 1 0.6010961532592773 0
100 False 0 0.0 0
200 False 0 0.0 0
300 True 1 0.32821083068847656 0
400 True 1 0.31327199935913086 0
500 False 0 0.0 0
600 True 1 0.30907511711120605 0
700 True 1 0.435225248336792 0
800 True 1 0.30103182792663574 0
900 False 0 0.0 0
1000 True 1 0.3295705318450928 0
1100 False 0 0.0 0
1200 True 1 0.3288862705230713 0
1300 False 0 0.0 0
1400 False 0 0.0 0
1500 False 0 0.0 0
1600 True 0 0.33402013778686523 0
1700 False 0 0.0 0
1800 False 0 0.0 0
1900 True 1 0.44541239738464355 0
2000 False 0 0.0 0
2100 False 0 0.0 0
2200 True 0 0.3225719928741455 0
2300 False 0 0.0 0
2400 True 1 0.4525914192199707 0
2500 False 0 0.0 0
2600 True 1 0.32636189460754395 0
2700 True 0 0.3263416290283203 0
2800 False 0 0.0 0
2900 True 1 0.44910717010498047 0
3000 True 1 0.3345186710357666 0
3100 True 1 0.45868492126464844 0
3200 False 0 0.0 0
3300 True 1 0.33121562004089355 0
3400 False 0 0.0 0
3500 True 1 0.3157815933227539 0
3600 False 0 0.0 0
3700 True 1 0.43035197257995605 0
3800 True 1 0.3072338104248047 0
3900 False 0 0.0 0
4000 False 0 0.0 0
4100 True 1 0.4521481990814209 0
4200 False 0 0.0 0
4300 True 1 0.31514620780944824 0
4400 False 0 0.0 0
4500 True 1 0.31404852867126465 0
4600 False 0 0.0 0
4700 False 0 0.0 0
4800 True 1 0.455949068069458 0
4900 False 0 0.0 0
5000 True 1 0.33047938346862793 0
5100 True 1 0.44763851165771484 0
5200 True 1 0.3228323459625244 0
5300 False 0 0.0 0
5400 True 1 0.30851149559020996 0
5500 False 0 0.0 0
5600 False 0 0.0 0
5700 True 1 0.451857328414917 0
5800 False 0 0.0 0
5900 False 0 0.0 0
6000 True 1 0.32923150062561035 0
6100 True 1 0.46004295349121094 0
6200 True 1 0.3240690231323242 0
6300 False 0 0.0 0
6400 False 0 0.0 0
6500 False 0 0.0 0
6600 True 1 0.32834291458129883 0
6700 True 1 0.4515972137451172 0
6800 False 0 0.0 0
6900 False 0 0.0 0
7000 False 0 0.0 0
7100 True 1 0.3197476863861084 0
7200 False 0 0.0 0
7300 True 0 0.44116711616516113 0
7400 True 1 0.3138606548309326 0
7500 True 1 0.31543684005737305 0
7600 False 0 0.0 0
7700 True 1 0.44188904762268066 0
7800 True 0 0.3234100341796875 0
7900 False 0 0.0 0
8000 True 0 0.4569222927093506 0
8100 False 0 0.0 0
8200 False 0 0.0 0
8300 False 0 0.0 0
8400 True 1 0.31503868103027344 0
8500 True 1 0.31724095344543457 0
8600 True 1 0.43317103385925293 0
8700 True 1 0.32001757621765137 0
8800 True 1 0.45120906829833984 0
8900 True 1 0.32261157035827637 0
9000 True 1 0.32784414291381836 0
9100 False 0 0.0 0
9200 True 1 0.44423532485961914 0
9300 False 0 0.0 0
9400 True 1 0.3310263156890869 0
9500 True 1 0.4496426582336426 0
9600 True 1 0.319141149520874 0
9700 True 1 0.3254261016845703 0
9800 True 1 0.4401059150695801 0
9900 False 0 0.0 0
