0 False 0.0 0.0 0
100 False 0.0 0.0 0
200 False 0.0 0.0 0
300 True 0.0009765625 5.093242168426514 0
400 True 0.1357421875 5.443010091781616 0
500 False 0.0 0.0 0
600 True 0.03125 4.797214984893799 0
700 True 0.0380859375 3.978618621826172 0
800 True 0.0458984375 4.402542591094971 0
900 False 0.0 0.0 0
1000 True 0.0673828125 5.315755367279053 0
1100 False 0.0 0.0 0
1200 True 0.0166015625 4.797553062438965 0
1300 False 0.0 0.0 0
1400 True 0.0244140625 4.531487941741943 0
1500 True 0.0146484375 4.8224592208862305 0
1600 False 0.0 0.0 0
1700 False 0.0 0.0 0
1800 False 0.0 0.0 0
1900 True 0.048828125 5.266238451004028 0
2000 False 0.0 0.0 0
2100 False 0.0 0.0 0
2200 True 0.0458984375 3.1457180976867676 0
2300 False 0.0 0.0 0
2400 True 0.1650390625 5.828166484832764 0
2500 False 0.0 0.0 0
2600 True 0.072265625 5.087172985076904 0
2700 True 0.00390625 4.30433988571167 0
2800 False 0.0 0.0 0
2900 False 0.0 0.0 0
3000 True 0.1064453125 6.292511224746704 0
3100 True 0.0927734375 6.060000419616699 0
3200 False 0.0 0.0 0
3300 True 0.0048828125 3.2070021629333496 0
3400 False 0.0 0.0 0
3500 True 0.0537109375 4.477526664733887 0
3600 False 0.0 0.0 0
3700 False 0.0 0.0 0
3800 True 0.0458984375 3.2519688606262207 0
3900 False 0.0 0.0 0
4000 False 0.0 0.0 0
4100 True 0.0927734375 3.1093826293945312 0
4200 False 0.0 0.0 0
4300 True 0.0654296875 4.623820066452026 0
4400 False 0.0 0.0 0
4500 False 0.0 0.0 0
4600 False 0.0 0.0 0
4700 False 0.0 0.0 0
4800 True 0.099609375 5.246408224105835 0
4900 False 0.0 0.0 0
5000 True 0.078125 5.8158488273620605 0
5100 True 0.02734375 4.985234260559082 0
5200 True 0.1083984375 3.8962011337280273 0
5300 False 0.0 0.0 0
5400 True 0.021484375 4.789510488510132 0
5500 True 0.009765625 4.93458366394043 0
5600 False 0.0 0.0 0
5700 True 0.056640625 5.876897096633911 0
5800 False 0.0 0.0 0
5900 True 0.0 3.3797190189361572 0
6000 True 0.001953125 3.9773967266082764 0
6100 True 0.0419921875 4.931102514266968 0
6200 False 0.0 0.0 0
6300 True 0.0146484375 3.3801796436309814 0
6400 False 0.0 0.0 0
6500 False 0.0 0.0 0
6600 True 0.1142578125 6.77514123916626 0
6700 True 0.0048828125 3.363734245300293 0
6800 True 0.0244140625 3.2347047328948975 0
6900 False 0.0 0.0 0
7000 False 0.0 0.0 0
7100 True 0.0263671875 4.108840227127075 0
7200 False 0.0 0.0 0
7300 False 0.0 0.0 0
7400 True 0.0283203125 3.176913022994995 0
7500 True 0.0615234375 5.102593183517456 0
7600 False 0.0 0.0 0
7700 True 0.0654296875 3.2466280460357666 0
7800 True 0.0419921875 3.2198052406311035 0
7900 False 0.0 0.0 0
8000 True 0.05078125 4.332730054855347 0
8100 True 0.0107421875 3.3229706287384033 0
8200 False 0.0 0.0 0
8300 False 0.0 0.0 0
8400 False 0.0 0.0 0
8500 True 0.0224609375 3.160787582397461 0
8600 True 0.0205078125 4.156543731689453 0
8700 False 0.0 0.0 0
8800 True 0.1748046875 7.426699161529541 0
8900 False 0.0 0.0 0
9000 True 0.0810546875 4.441997289657593 0
9100 False 0.0 0.0 0
9200 True 0.10546875 3.257430076599121 0
9300 True 0.0361328125 4.211864471435547 0
9400 True 0.048828125 3.2472589015960693 0
9500 True 0.0068359375 4.333903074264526 0
9600 True 0.0400390625 4.277858018875122 0
9700 True 0.0341796875 4.500340223312378 0
9800 True 0.0966796875 5.451504468917847 0
9900 False 0.0 0.0 0
