0 False 0.0 0.0 0
100 False 0.0 0.0 0
200 False 0.0 0.0 0
300 True 0.1328125 5.584826707839966 0
400 True 0.3359375 6.449815273284912 0
500 False 0.0 0.0 0
600 True 0.1044921875 6.174755811691284 0
700 True 0.0361328125 5.828969478607178 0
800 True 0.017578125 5.906226634979248 0
900 False 0.0 0.0 0
1000 True 0.140625 5.722849130630493 0
1100 False 0.0 0.0 0
1200 True 0.029296875 5.3002166748046875 0
1300 True 0.26953125 7.004555702209473 0
1400 True 0.1689453125 6.39679741859436 0
1500 False 0.0 0.0 0
1600 False 0.0 0.0 0
1700 False 0.0 0.0 0
1800 False 0.0 0.0 0
1900 True 0.09765625 5.578504323959351 0
2000 False 0.0 0.0 0
2100 False 0.0 0.0 0
2200 True 0.099609375 4.611205101013184 0
2300 False 0.0 0.0 0
2400 True 0.4462890625 8.429113864898682 0
2500 False 0.0 0.0 0
2600 True 0.125 6.05671238899231 0
2700 True 0.001953125 7.113657474517822 0
2800 False 0.0 0.0 0
2900 False 0.0 0.0 0
3000 True 0.12109375 7.1894354820251465 0
3100 True 0.1240234375 4.678614139556885 0
3200 False 0.0 0.0 0
3300 True 0.1103515625 6.2324066162109375 0
3400 True 0.044921875 6.194471120834351 0
3500 True 0.01953125 5.3921098709106445 0
3600 False 0.0 0.0 0
3700 False 0.0 0.0 0
3800 True 0.08203125 8.05184030532837 0
3900 False 0.0 0.0 0
4000 False 0.0 0.0 0
4100 True 0.169921875 4.5220863819122314 0
4200 False 0.0 0.0 0
4300 True 0.3671875 8.24903416633606 0
4400 False 0.0 0.0 0
4500 True 0.015625 4.651539325714111 0
4600 False 0.0 0.0 0
4700 False 0.0 0.0 0
4800 True 0.294921875 8.872387170791626 0
4900 False 0.0 0.0 0
5000 True 0.0654296875 7.974292278289795 0
5100 True 0.0595703125 8.40202784538269 0
5200 False 0.0 0.0 0
5300 False 0.0 0.0 0
5400 True 0.0322265625 6.067664623260498 0
5500 False 0.0 0.0 0
5600 False 0.0 0.0 0
5700 False 0.0 0.0 0
5800 False 0.0 0.0 0
5900 False 0.0 0.0 0
6000 False 0.0 0.0 0
6100 True 0.109375 3.671947956085205 0
6200 False 0.0 0.0 0
6300 False 0.0 0.0 0
6400 False 0.0 0.0 0
6500 False 0.0 0.0 0
6600 True 0.0830078125 3.6263320446014404 0
6700 True 0.0244140625 6.071377754211426 0
6800 True 0.107421875 6.15423059463501 0
6900 True 0.0302734375 3.7704005241394043 0
7000 False 0.0 0.0 0
7100 True 0.1904296875 11.086791753768921 0
7200 True 0.0810546875 6.332759857177734 0
7300 False 0.0 0.0 0
7400 False 0.0 0.0 0
7500 True 0.17578125 9.000404357910156 0
7600 False 0.0 0.0 0
7700 True 0.1171875 6.34048867225647 0
7800 True 0.2490234375 10.558354139328003 0
7900 False 0.0 0.0 0
8000 True 0.0087890625 7.917673826217651 0
8100 False 0.0 0.0 0
8200 False 0.0 0.0 0
8300 False 0.0 0.0 0
8400 False 0.0 0.0 0
8500 False 0.0 0.0 0
8600 True 0.0146484375 6.818995475769043 0
8700 True 0.140625 3.870208263397217 0
8800 True 0.3720703125 6.760734558105469 0
8900 False 0.0 0.0 0
9000 True 0.048828125 8.22313404083252 0
9100 False 0.0 0.0 0
9200 True 0.3232421875 9.772926330566406 0
9300 True 0.0576171875 6.969624996185303 0
9400 True 0.119140625 5.53120756149292 0
9500 False 0.0 0.0 0
9600 True 0.421875 13.803165197372437 0
9700 True 0.1220703125 3.8000829219818115 0
9800 True 0.2197265625 10.279388427734375 0
9900 False 0.0 0.0 0
