0 True 1 0.6193294525146484 0
100 False 0 0.0 0
200 False 0 0.0 0
300 True 0 0.5151305198669434 0
400 True 1 0.3815126419067383 0
500 False 0 0.0 0
600 True 1 0.48853063583374023 0
700 True 1 0.38345861434936523 0
800 True 1 0.5078690052032471 0
900 False 0 0.0 0
1000 True 1 0.4131200313568115 0
1100 False 0 0.0 0
1200 True 1 0.5165367126464844 0
1300 True 1 0.518634557723999 0
1400 True 1 0.3961455821990967 0
1500 True 1 0.5105636119842529 0
1600 False 0 0.0 0
1700 False 0 0.0 0
1800 False 0 0.0 0
1900 True 1 0.5484700202941895 0
2000 False 0 0.0 0
2100 False 0 0.0 0
2200 True 1 0.410233736038208 0
2300 False 0 0.0 0
2400 True 1 0.5150637626647949 0
2500 False 0 0.0 0
2600 True 1 0.5094606876373291 0
2700 True 1 0.38284969329833984 0
2800 True 0 0.501678466796875 0
2900 False 0 0.0 0
3000 True 1 0.5176200866699219 0
3100 True 1 0.4126853942871094 0
3200 False 0 0.0 0
3300 False 0 0.0 0
3400 False 0 0.0 0
3500 True 1 0.4995880126953125 0
3600 False 0 0.0 0
3700 False 0 0.0 0
3800 True 1 0.39228367805480957 0
3900 False 0 0.0 0
4000 False 0 0.0 0
4100 True 1 0.4994010925292969 0
4200 False 0 0.0 0
4300 True 1 0.38668251037597656 0
4400 False 0 0.0 0
4500 True 0 0.3814396858215332 0
4600 False 0 0.0 0
4700 False 0 0.0 0
4800 True 1 0.49074602127075195 0
4900 False 0 0.0 0
5000 True 1 0.3818678855895996 0
5100 True 1 0.5106887817382812 0
5200 True 1 0.39576029777526855 0
5300 True 0 0.49651169776916504 0
5400 True 1 0.39301013946533203 0
5500 True 0 0.5075845718383789 0
5600 True 1 0.38207435607910156 0
5700 True 1 0.47208523750305176 0
5800 False 0 0.0 0
5900 False 0 0.0 0
6000 True 0 0.38980746269226074 0
6100 True 1 0.5130469799041748 0
6200 True 1 0.41864895820617676 0
6300 False 0 0.0 0
6400 True 1 0.4838097095489502 0
6500 False 0 0.0 0
6600 True 1 0.39005422592163086 0
6700 False 0 0.0 0
6800 True 0 0.4956629276275635 0
6900 False 0 0.0 0
7000 False 0 0.0 0
7100 True 0 0.39031195640563965 0
7200 True 0 0.3849217891693115 0
7300 False 0 0.0 0
7400 True 1 0.4434173107147217 0
7500 True 1 0.37725400924682617 0
7600 False 0 0.0 0
7700 True 1 0.518996000289917 0
7800 True 0 0.38753652572631836 0
7900 False 0 0.0 0
8000 True 1 0.4299507141113281 0
8100 False 0 0.0 0
8200 False 0 0.0 0
8300 False 0 0.0 0
8400 True 1 0.391573429107666 0
8500 True 1 0.5010039806365967 0
8600 True 1 0.3864576816558838 0
8700 True 1 0.419269323348999 0
8800 True 1 0.37955331802368164 0
8900 True 1 0.4995729923248291 0
9000 True 1 0.36774253845214844 0
9100 False 0 0.0 0
9200 True 1 0.3809390068054199 0
9300 True 1 0.41609716415405273 0
9400 True 1 0.37720704078674316 0
9500 False 0 0.0 0
9600 True 1 0.5216231346130371 0
9700 True 1 0.40337705612182617 0
9800 True 1 0.4293942451477051 0
9900 True 1 0.3700859546661377 0
