0 True 0.0009765625 5.555692195892334 0
100 False 0.0 0.0 0
200 False 0.0 0.0 0
300 True 0.0185546875 5.034120798110962 0
400 True 0.0888671875 5.719404458999634 0
500 False 0.0 0.0 0
600 True 0.021484375 4.568963050842285 0
700 True 0.052734375 6.084015130996704 0
800 True 0.0400390625 5.622864484786987 0
900 False 0.0 0.0 0
1000 True 0.087890625 3.9591615200042725 0
1100 False 0.0 0.0 0
1200 True 0.03125 5.225178241729736 0
1300 False 0.0 0.0 0
1400 True 0.041015625 4.270813703536987 0
1500 False 0.0 0.0 0
1600 False 0.0 0.0 0
1700 False 0.0 0.0 0
1800 True 0.0048828125 4.83191990852356 0
1900 True 0.046875 4.829381465911865 0
2000 False 0.0 0.0 0
2100 False 0.0 0.0 0
2200 False 0.0 0.0 0
2300 False 0.0 0.0 0
2400 True 0.076171875 5.811038970947266 0
2500 False 0.0 0.0 0
2600 True 0.0654296875 5.480177402496338 0
2700 True 0.0322265625 3.9752726554870605 0
2800 False 0.0 0.0 0
2900 False 0.0 0.0 0
3000 True 0.052734375 3.965867042541504 0
3100 True 0.0302734375 5.4600396156311035 0
3200 True 0.0068359375 4.54592490196228 0
3300 True 0.0029296875 4.552836656570435 0
3400 True 0.005859375 3.9514458179473877 0
3500 True 0.0341796875 4.505521297454834 0
3600 False 0.0 0.0 0
3700 False 0.0 0.0 0
3800 True 0.0263671875 5.441577196121216 0
3900 False 0.0 0.0 0
4000 False 0.0 0.0 0
4100 True 0.095703125 7.166536092758179 0
4200 True 0.001953125 3.9747629165649414 0
4300 True 0.076171875 3.942220449447632 0
4400 False 0.0 0.0 0
4500 True 0.001953125 3.9118666648864746 0
4600 False 0.0 0.0 0
4700 False 0.0 0.0 0
4800 True 0.0556640625 5.825766563415527 0
4900 True 0.0009765625 3.97550892829895 0
5000 True 0.05859375 5.427509307861328 0
5100 True 0.048828125 4.691864013671875 0
5200 True 0.1044921875 6.1555047035217285 0
5300 False 0.0 0.0 0
5400 True 0.0146484375 6.0876617431640625 0
5500 False 0.0 0.0 0
5600 True 0.0263671875 3.8028061389923096 0
5700 True 0.0263671875 3.972764730453491 0
5800 False 0.0 0.0 0
5900 False 0.0 0.0 0
6000 True 0.0048828125 3.9321322441101074 0
6100 True 0.0224609375 3.913536310195923 0
6200 True 0.0205078125 4.719050407409668 0
6300 False 0.0 0.0 0
6400 True 0.0234375 4.687422275543213 0
6500 False 0.0 0.0 0
6600 True 0.078125 6.23764181137085 0
6700 True 0.0087890625 5.608442306518555 0
6800 True 0.0224609375 3.8511459827423096 0
6900 True 0.0224609375 3.8002195358276367 0
7000 False 0.0 0.0 0
7100 False 0.0 0.0 0
7200 True 0.0126953125 4.496158123016357 0
7300 False 0.0 0.0 0
7400 True 0.0478515625 3.794802188873291 0
7500 True 0.064453125 3.914031505584717 0
7600 False 0.0 0.0 0
7700 True 0.0751953125 4.68658447265625 0
7800 True 0.0048828125 3.9240078926086426 0
7900 False 0.0 0.0 0
8000 True 0.01171875 3.8815085887908936 0
8100 True 0.015625 4.825899839401245 0
8200 False 0.0 0.0 0
8300 False 0.0 0.0 0
8400 True 0.0087890625 3.906876802444458 0
8500 True 0.0078125 3.9338724613189697 0
8600 True 0.0283203125 4.734217643737793 0
8700 True 0.05078125 4.717389822006226 0
8800 True 0.076171875 3.8167357444763184 0
8900 True 0.037109375 5.731436252593994 0
9000 True 0.078125 3.74293851852417 0
9100 False 0.0 0.0 0
9200 True 0.08203125 5.415487289428711 0
9300 True 0.0087890625 3.7907207012176514 0
9400 True 0.03515625 4.623128175735474 0
9500 True 0.025390625 3.9879019260406494 0
9600 True 0.0341796875 4.048258543014526 0
9700 True 0.06640625 5.910926580429077 0
9800 True 0.0693359375 5.177415370941162 0
9900 True 0.04296875 5.993689298629761 0
