0 True 0 0.6090619564056396 0
100 False 0 0.0 0
200 False 0 0.0 0
300 True 1 0.34963345527648926 0
400 True 1 0.3506331443786621 0
500 True 1 0.3473384380340576 0
600 True 1 0.4513366222381592 0
700 True 1 0.3490638732910156 0
800 True 1 0.3676116466522217 0
900 False 0 0.0 0
1000 True 1 0.3529479503631592 0
1100 False 0 0.0 0
1200 True 1 0.3602025508880615 0
1300 True 0 0.4691317081451416 0
1400 True 1 0.3474602699279785 0
1500 True 1 0.422426700592041 0
1600 False 0 0.0 0
1700 False 0 0.0 0
1800 True 1 0.3575775623321533 0
1900 True 1 0.34769439697265625 0
2000 False 0 0.0 0
2100 False 0 0.0 0
2200 True 1 0.4832885265350342 0
2300 False 0 0.0 0
2400 True 1 0.3413834571838379 0
2500 True 1 0.35631799697875977 0
2600 True 1 0.3472106456756592 0
2700 False 0 0.0 0
2800 False 0 0.0 0
2900 False 0 0.0 0
3000 True 1 0.349041223526001 0
3100 True 1 0.4674077033996582 0
3200 False 0 0.0 0
3300 True 1 0.34809398651123047 0
3400 False 0 0.0 0
3500 True 0 0.3794252872467041 0
3600 False 0 0.0 0
3700 False 0 0.0 0
3800 True 1 0.35135316848754883 0
3900 False 0 0.0 0
4000 False 0 0.0 0
4100 True 1 0.345473051071167 0
4200 False 0 0.0 0
4300 True 1 0.4735691547393799 0
4400 False 0 0.0 0
4500 True 1 0.33862733840942383 0
4600 False 0 0.0 0
4700 False 0 0.0 0
4800 True 1 0.4082651138305664 0
4900 True 0 0.3510265350341797 0
5000 True 1 0.3473193645477295 0
5100 True 1 0.4628727436065674 0
5200 True 1 0.34305691719055176 0
5300 False 0 0.0 0
5400 False 0 0.0 0
5500 False 0 0.0 0
5600 True 1 0.4727187156677246 0
5700 False 0 0.0 0
5800 False 0 0.0 0
5900 False 0 0.0 0
6000 True 1 0.3501548767089844 0
6100 True 1 0.34323644638061523 0
6200 False 0 0.0 0
6300 True 1 0.4647552967071533 0
6400 False 0 0.0 0
6500 False 0 0.0 0
6600 True 1 0.3485078811645508 0
6700 True 1 0.47482991218566895 0
6800 True 1 0.34554505348205566 0
6900 False 0 0.0 0
7000 False 0 0.0 0
7100 False 0 0.0 0
7200 False 0 0.0 0
7300 False 0 0.0 0
7400 False 0 0.0 0
7500 True 1 0.3408348560333252 0
7600 False 0 0.0 0
7700 True 1 0.45626330375671387 0
7800 True 1 0.34554576873779297 0
7900 False 0 0.0 0
8000 True 1 0.45247411727905273 0
8100 False 0 0.0 0
8200 False 0 0.0 0
8300 False 0 0.0 0
8400 True 1 0.3387446403503418 0
8500 True 1 0.34165477752685547 0
8600 False 0 0.0 0
8700 True 1 0.4667935371398926 0
8800 True 1 0.34546327590942383 0
8900 False 0 0.0 0
9000 True 1 0.46400904655456543 0
9100 False 0 0.0 0
9200 True 1 0.3445701599121094 0
9300 True 1 0.34276890754699707 0
9400 True 0 0.449230432510376 0
9500 True 1 0.33556199073791504 0
9600 True 1 0.4702768325805664 0
9700 True 1 0.34308910369873047 0
9800 True 1 0.3423027992248535 0
9900 False 0 0.0 0
