0 True 1 0.7674427032470703 0
100 False 0 0.0 0
200 True 0 0.602217435836792 0
300 True 1 0.4907190799713135 0
400 True 1 0.6030585765838623 0
500 False 0 0.0 0
600 True 1 0.5945756435394287 0
700 True 1 0.49515843391418457 0
800 True 1 0.522212028503418 0
900 False 0 0.0 0
1000 True 1 0.5826206207275391 0
1100 False 0 0.0 0
1200 True 1 0.49059534072875977 0
1300 False 0 0.0 0
1400 True 0 0.5931963920593262 0
1500 True 0 0.6003537178039551 0
1600 False 0 0.0 0
1700 True 0 0.49607300758361816 0
1800 True 0 0.5911831855773926 0
1900 True 1 0.5495586395263672 0
2000 True 0 0.49806880950927734 0
2100 True 0 0.5620477199554443 0
2200 True 0 0.5916533470153809 0
2300 True 0 0.49472880363464355 0
2400 True 1 0.5641140937805176 0
2500 False 0 0.0 0
2600 True 1 0.5966601371765137 0
2700 False 0 0.0 0
2800 False 0 0.0 0
2900 False 0 0.0 0
3000 True 1 0.4857349395751953 0
3100 True 1 0.6045830249786377 0
3200 False 0 0.0 0
3300 True 0 0.5295131206512451 0
3400 False 0 0.0 0
3500 True 0 0.49841761589050293 0
3600 False 0 0.0 0
3700 True 0 0.5752763748168945 0
3800 True 1 0.5599062442779541 0
3900 False 0 0.0 0
4000 False 0 0.0 0
4100 True 1 0.4897124767303467 0
4200 False 0 0.0 0
4300 True 1 0.5713770389556885 0
4400 False 0 0.0 0
4500 True 0 0.5598571300506592 0
4600 False 0 0.0 0
4700 True 0 0.49126243591308594 0
4800 True 1 0.5007672309875488 0
4900 False 0 0.0 0
5000 True 1 0.5777366161346436 0
5100 True 1 0.49231815338134766 0
5200 True 1 0.5413134098052979 0
5300 True 1 0.5760247707366943 0
5400 True 1 0.493884801864624 0
5500 True 0 0.5815649032592773 0
5600 True 0 0.5967023372650146 0
5700 False 0 0.0 0
5800 True 0 0.4985768795013428 0
5900 False 0 0.0 0
6000 True 0 0.5627140998840332 0
6100 True 1 0.5707576274871826 0
6200 True 0 0.4972059726715088 0
6300 True 1 0.588972806930542 0
6400 True 0 0.56819748878479 0
6500 False 0 0.0 0
6600 True 1 0.4883451461791992 0
6700 True 1 0.5560128688812256 0
6800 True 0 0.5461764335632324 0
6900 True 1 0.4930851459503174 0
7000 False 0 0.0 0
7100 False 0 0.0 0
7200 False 0 0.0 0
7300 False 0 0.0 0
7400 True 1 0.588385820388794 0
7500 True 1 0.6032559871673584 0
7600 False 0 0.0 0
7700 True 1 0.49597620964050293 0
7800 True 1 0.5992610454559326 0
7900 False 0 0.0 0
8000 True 1 0.602025032043457 0
8100 False 0 0.0 0
8200 False 0 0.0 0
8300 False 0 0.0 0
8400 True 0 0.4877800941467285 0
8500 True 1 0.5373272895812988 0
8600 True 0 0.5388092994689941 0
8700 False 0 0.0 0
8800 True 1 0.4900362491607666 0
8900 False 0 0.0 0
9000 True 1 0.5940704345703125 0
9100 False 0 0.0 0
9200 True 1 0.5611143112182617 0
9300 True 0 0.4979825019836426 0
9400 True 1 0.5526902675628662 0
9500 True 0 0.6029791831970215 0
9600 True 1 0.490678071975708 0
9700 True 1 0.6132245063781738 0
9800 True 1 0.5906891822814941 0
9900 True 1 0.4939079284667969 0
