0 True 0.0380859375 6.468080043792725 0
100 False 0.0 0.0 0
200 True 0.0224609375 5.9467551708221436 0
300 True 0.052734375 5.8474767208099365 0
400 True 0.0791015625 6.62797737121582 0
500 False 0.0 0.0 0
600 True 0.0478515625 5.358417510986328 0
700 True 0.0615234375 5.7328941822052 0
800 True 0.0751953125 6.3784568309783936 0
900 False 0.0 0.0 0
1000 True 0.103515625 7.1501545906066895 0
1100 False 0.0 0.0 0
1200 True 0.0400390625 6.108118772506714 0
1300 False 0.0 0.0 0
1400 True 0.0029296875 6.562716960906982 0
1500 True 0.0283203125 6.030771493911743 0
1600 False 0.0 0.0 0
1700 True 0.017578125 5.752339601516724 0
1800 True 0.0029296875 4.744488477706909 0
1900 True 0.0693359375 6.506405591964722 0
2000 True 0.0146484375 6.480072975158691 0
2100 True 0.0068359375 5.9259233474731445 0
2200 True 0.0234375 5.774738550186157 0
2300 True 0.0068359375 4.756619215011597 0
2400 True 0.146484375 9.419301271438599 0
2500 False 0.0 0.0 0
2600 True 0.0751953125 4.6398255825042725 0
2700 False 0.0 0.0 0
2800 False 0.0 0.0 0
2900 False 0.0 0.0 0
3000 True 0.083984375 6.097879886627197 0
3100 True 0.0654296875 6.263890266418457 0
3200 False 0.0 0.0 0
3300 True 0.0166015625 5.510413885116577 0
3400 False 0.0 0.0 0
3500 True 0.0048828125 5.463317394256592 0
3600 False 0.0 0.0 0
3700 True 0.0048828125 4.566734075546265 0
3800 True 0.03125 6.37191915512085 0
3900 False 0.0 0.0 0
4000 False 0.0 0.0 0
4100 True 0.107421875 6.323992013931274 0
4200 False 0.0 0.0 0
4300 True 0.048828125 5.381464004516602 0
4400 False 0.0 0.0 0
4500 True 0.01953125 5.542643308639526 0
4600 False 0.0 0.0 0
4700 True 0.001953125 4.794931411743164 0
4800 True 0.0810546875 5.5458598136901855 0
4900 False 0.0 0.0 0
5000 True 0.111328125 7.824163198471069 0
5100 True 0.0400390625 4.707934141159058 0
5200 True 0.07421875 4.68110203742981 0
5300 True 0.0390625 4.674586057662964 0
5400 True 0.044921875 6.3906567096710205 0
5500 True 0.013671875 4.751750707626343 0
5600 True 0.021484375 4.817286014556885 0
5700 False 0.0 0.0 0
5800 True 0.001953125 4.81830906867981 0
5900 False 0.0 0.0 0
6000 True 0.0205078125 4.796386241912842 0
6100 True 0.0654296875 4.600253582000732 0
6200 True 0.015625 4.765893459320068 0
6300 True 0.0517578125 5.507649660110474 0
6400 True 0.0107421875 6.465195655822754 0
6500 False 0.0 0.0 0
6600 True 0.1337890625 8.394950151443481 0
6700 True 0.056640625 6.628375768661499 0
6800 True 0.025390625 5.746495485305786 0
6900 True 0.03125 4.717207193374634 0
7000 False 0.0 0.0 0
7100 False 0.0 0.0 0
7200 False 0.0 0.0 0
7300 False 0.0 0.0 0
7400 True 0.0595703125 5.767202615737915 0
7500 True 0.0986328125 7.733991861343384 0
7600 False 0.0 0.0 0
7700 True 0.0673828125 5.65102219581604 0
7800 True 0.05078125 4.8169379234313965 0
7900 False 0.0 0.0 0
8000 True 0.05859375 4.849689960479736 0
8100 False 0.0 0.0 0
8200 False 0.0 0.0 0
8300 False 0.0 0.0 0
8400 True 0.00390625 4.740699768066406 0
8500 True 0.0390625 4.787728786468506 0
8600 True 0.0185546875 4.745423078536987 0
8700 False 0.0 0.0 0
8800 True 0.103515625 4.733188629150391 0
8900 False 0.0 0.0 0
9000 True 0.0908203125 7.979546308517456 0
9100 False 0.0 0.0 0
9200 True 0.05078125 4.76709771156311 0
9300 True 0.02734375 4.5813233852386475 0
9400 True 0.052734375 4.762180328369141 0
9500 True 0.0185546875 4.72750997543335 0
9600 True 0.037109375 4.722578763961792 0
9700 True 0.048828125 4.7306740283966064 0
9800 True 0.109375 5.694031715393066 0
9900 True 0.0419921875 5.7687153816223145 0
