0 True 0.0107421875 6.909953594207764 0
100 True 0.0048828125 5.492552995681763 0
200 True 0.0009765625 5.340801954269409 0
300 True 0.041015625 6.225125312805176 0
400 True 0.041015625 4.747362852096558 0
500 True 0.00390625 4.660294771194458 0
600 True 0.0224609375 6.069771766662598 0
700 True 0.048828125 6.148043394088745 0
800 True 0.0478515625 5.116161346435547 0
900 False 0.0 0.0 0
1000 True 0.029296875 5.681407451629639 0
1100 True 0.005859375 4.975861549377441 0
1200 True 0.013671875 5.722176790237427 0
1300 False 0.0 0.0 0
1400 False 0.0 0.0 0
1500 True 0.0234375 5.56250524520874 0
1600 True 0.0078125 5.129343748092651 0
1700 True 0.00390625 4.764025449752808 0
1800 True 0.0146484375 4.729017496109009 0
1900 True 0.04296875 5.615450143814087 0
2000 True 0.017578125 5.58033013343811 0
2100 True 0.0205078125 5.068137884140015 0
2200 True 0.0 4.678469657897949 0
2300 False 0.0 0.0 0
2400 True 0.0927734375 7.859930038452148 0
2500 False 0.0 0.0 0
2600 True 0.029296875 4.566650152206421 0
2700 True 0.0048828125 4.638883352279663 0
2800 True 0.009765625 4.713863134384155 0
2900 False 0.0 0.0 0
3000 True 0.033203125 6.118528842926025 0
3100 True 0.025390625 5.11103892326355 0
3200 True 0.0146484375 4.609875440597534 0
3300 True 0.0166015625 5.241023063659668 0
3400 False 0.0 0.0 0
3500 True 0.0029296875 5.264565706253052 0
3600 False 0.0 0.0 0
3700 True 0.0244140625 4.734679698944092 0
3800 True 0.0263671875 4.6949849128723145 0
3900 False 0.0 0.0 0
4000 False 0.0 0.0 0
4100 True 0.0537109375 5.905147075653076 0
4200 True 0.015625 4.679571628570557 0
4300 True 0.0166015625 4.807971715927124 0
4400 True 0.0 4.649445533752441 0
4500 True 0.01171875 5.250286817550659 0
4600 True 0.009765625 4.703408479690552 0
4700 True 0.005859375 4.6850950717926025 0
4800 True 0.044921875 5.34811544418335 0
4900 True 0.0224609375 4.790787220001221 0
5000 True 0.0673828125 7.597820043563843 0
5100 True 0.017578125 4.802401781082153 0
5200 True 0.025390625 4.740547180175781 0
5300 True 0.0322265625 5.449910640716553 0
5400 True 0.025390625 4.7386085987091064 0
5500 True 0.0068359375 4.703048467636108 0
5600 True 0.0146484375 4.693673849105835 0
5700 False 0.0 0.0 0
5800 True 0.0029296875 4.657694339752197 0
5900 False 0.0 0.0 0
6000 True 0.0126953125 4.859300851821899 0
6100 True 0.0263671875 4.740906000137329 0
6200 True 0.009765625 4.744189977645874 0
6300 True 0.0283203125 5.301344633102417 0
6400 True 0.0087890625 4.67293381690979 0
6500 True 0.0068359375 4.738222599029541 0
6600 True 0.0283203125 4.80163311958313 0
6700 True 0.0244140625 4.719675302505493 0
6800 True 0.001953125 4.62993311882019 0
6900 True 0.005859375 4.829827547073364 0
7000 False 0.0 0.0 0
7100 False 0.0 0.0 0
7200 True 0.017578125 4.731496810913086 0
7300 False 0.0 0.0 0
7400 True 0.0009765625 4.768497705459595 0
7500 True 0.044921875 4.65335750579834 0
7600 False 0.0 0.0 0
7700 True 0.0322265625 4.771789789199829 0
7800 True 0.017578125 4.776877403259277 0
7900 True 0.015625 4.80402946472168 0
8000 True 0.0322265625 4.757973670959473 0
8100 True 0.01953125 4.710381031036377 0
8200 False 0.0 0.0 0
8300 False 0.0 0.0 0
8400 True 0.0078125 4.691403865814209 0
8500 True 0.041015625 4.606886863708496 0
8600 True 0.0107421875 4.509056806564331 0
8700 True 0.0029296875 4.598369598388672 0
8800 True 0.0341796875 4.571437358856201 0
8900 True 0.0009765625 4.5797388553619385 0
9000 True 0.041015625 4.547483682632446 0
9100 True 0.00390625 4.584045648574829 0
9200 True 0.0185546875 4.604166507720947 0
9300 False 0.0 0.0 0
9400 True 0.033203125 4.653214693069458 0
9500 True 0.0244140625 4.668698072433472 0
9600 True 0.0166015625 4.665965795516968 0
9700 True 0.0224609375 4.654442071914673 0
9800 True 0.0517578125 5.544279336929321 0
9900 True 0.0400390625 5.40934419631958 0
