0 False 0 0.0 0
100 True 0 0.5990028381347656 0
200 False 0 0.0 0
300 True 1 0.4485361576080322 0
400 True 1 0.3399925231933594 0
500 False 0 0.0 0
600 False 0 0.0 0
700 False 0 0.0 0
800 False 0 0.0 0
900 False 0 0.0 0
1000 False 0 0.0 0
1100 False 0 0.0 0
1200 False 0 0.0 0
1300 False 0 0.0 0
1400 False 0 0.0 0
1500 False 0 0.0 0
1600 False 0 0.0 0
1700 False 0 0.0 0
1800 False 0 0.0 0
1900 True 1 0.34480905532836914 0
2000 False 0 0.0 0
2100 False 0 0.0 0
2200 True 1 0.4596130847930908 0
2300 False 0 0.0 0
2400 True 1 0.3402681350708008 0
2500 False 0 0.0 0
2600 True 1 0.38897180557250977 0
2700 False 0 0.0 0
2800 False 0 0.0 0
2900 False 0 0.0 0
3000 False 0 0.0 0
3100 True 1 0.3316967487335205 0
3200 False 0 0.0 0
3300 False 0 0.0 0
3400 True 1 0.332744836807251 0
3500 False 0 0.0 0
3600 True 1 0.461336612701416 0
3700 False 0 0.0 0
3800 False 0 0.0 0
3900 False 0 0.0 0
4000 False 0 0.0 0
4100 False 0 0.0 0
4200 False 0 0.0 0
4300 True 0 0.3405306339263916 0
4400 False 0 0.0 0
4500 False 0 0.0 0
4600 False 0 0.0 0
4700 True 0 0.46204590797424316 0
4800 True 0 0.33893680572509766 0
4900 False 0 0.0 0
5000 False 0 0.0 0
5100 False 0 0.0 0
5200 False 0 0.0 0
5300 False 0 0.0 0
5400 True 0 0.33154726028442383 0
5500 False 0 0.0 0
5600 False 0 0.0 0
5700 False 0 0.0 0
5800 False 0 0.0 0
5900 False 0 0.0 0
6000 False 0 0.0 0
6100 True 0 0.4314444065093994 0
6200 False 0 0.0 0
6300 False 0 0.0 0
6400 False 0 0.0 0
6500 False 0 0.0 0
6600 False 0 0.0 0
6700 True 0 0.32173967361450195 0
6800 True 1 0.42922258377075195 0
6900 False 0 0.0 0
7000 False 0 0.0 0
7100 True 1 0.3385000228881836 0
7200 False 0 0.0 0
7300 False 0 0.0 0
7400 False 0 0.0 0
7500 False 0 0.0 0
7600 False 0 0.0 0
7700 True 1 0.3405141830444336 0
7800 True 1 0.42656588554382324 0
7900 False 0 0.0 0
8000 False 0 0.0 0
8100 True 1 0.3405113220214844 0
8200 False 0 0.0 0
8300 False 0 0.0 0
8400 False 0 0.0 0
8500 False 0 0.0 0
8600 False 0 0.0 0
8700 False 0 0.0 0
8800 True 1 0.438112735748291 0
8900 False 0 0.0 0
9000 False 0 0.0 0
9100 False 0 0.0 0
9200 True 1 0.3409409523010254 0
9300 False 0 0.0 0
9400 True 1 0.3252434730529785 0
9500 False 0 0.0 0
9600 True 1 0.3951718807220459 0
9700 True 1 0.33879995346069336 0
9800 False 0 0.0 0
9900 False 0 0.0 0
