0 False 0 0.0 0
100 False 0 0.0 0
200 True 1 0.5730948448181152 0
300 True 1 0.33556389808654785 0
400 False 0 0.0 0
500 False 0 0.0 0
600 False 0 0.0 0
700 False 0 0.0 0
800 True 0 0.43910861015319824 0
900 False 0 0.0 0
1000 True 1 0.3287625312805176 0
1100 False 0 0.0 0
1200 False 0 0.0 0
1300 False 0 0.0 0
1400 True 0 0.4416823387145996 0
1500 True 1 0.33493471145629883 0
1600 False 0 0.0 0
1700 False 0 0.0 0
1800 False 0 0.0 0
1900 True 1 0.32787346839904785 0
2000 False 0 0.0 0
2100 False 0 0.0 0
2200 True 1 0.4498569965362549 0
2300 False 0 0.0 0
2400 True 1 0.3294243812561035 0
2500 True 0 0.445115327835083 0
2600 True 1 0.3282465934753418 0
2700 False 0 0.0 0
2800 False 0 0.0 0
2900 False 0 0.0 0
3000 True 1 0.3331003189086914 0
3100 True 1 0.39186739921569824 0
3200 False 0 0.0 0
3300 False 0 0.0 0
3400 False 0 0.0 0
3500 True 0 0.32514452934265137 0
3600 False 0 0.0 0
3700 False 0 0.0 0
3800 False 0 0.0 0
3900 False 0 0.0 0
4000 False 0 0.0 0
4100 True 1 0.441953182220459 0
4200 True 1 0.32486724853515625 0
4300 True 1 0.3285713195800781 0
4400 False 0 0.0 0
4500 False 0 0.0 0
4600 False 0 0.0 0
4700 True 1 0.3868873119354248 0
4800 False 0 0.0 0
4900 True 1 0.3216099739074707 0
5000 False 0 0.0 0
5100 False 0 0.0 0
5200 False 0 0.0 0
5300 False 0 0.0 0
5400 True 0 0.4380629062652588 0
5500 False 0 0.0 0
5600 False 0 0.0 0
5700 False 0 0.0 0
5800 False 0 0.0 0
5900 False 0 0.0 0
6000 True 0 0.3410186767578125 0
6100 True 0 0.33515286445617676 0
6200 False 0 0.0 0
6300 False 0 0.0 0
6400 False 0 0.0 0
6500 False 0 0.0 0
6600 True 1 0.40032005310058594 0
6700 True 0 0.3319365978240967 0
6800 True 1 0.43900108337402344 0
6900 False 0 0.0 0
7000 False 0 0.0 0
7100 False 0 0.0 0
7200 False 0 0.0 0
7300 False 0 0.0 0
7400 True 1 0.3291442394256592 0
7500 False 0 0.0 0
7600 False 0 0.0 0
7700 True 1 0.3301420211791992 0
7800 True 1 0.37243175506591797 0
7900 False 0 0.0 0
8000 False 0 0.0 0
8100 False 0 0.0 0
8200 False 0 0.0 0
8300 False 0 0.0 0
8400 False 0 0.0 0
8500 True 1 0.336409330368042 0
8600 False 0 0.0 0
8700 False 0 0.0 0
8800 True 1 0.4561483860015869 0
8900 False 0 0.0 0
9000 False 0 0.0 0
9100 False 0 0.0 0
9200 True 1 0.3364279270172119 0
9300 True 1 0.3426194190979004 0
9400 False 0 0.0 0
9500 False 0 0.0 0
9600 True 1 0.3345017433166504 0
9700 True 0 0.3394300937652588 0
9800 True 1 0.3623948097229004 0
9900 False 0 0.0 0
