0 True 0.03125 0.6864914894104004 0
100 True 0.0078125 0.8599796295166016 0
200 True 0.0078125 1.089674472808838 0
300 False 0.0 0.0 0
400 False 0.0 0.0 0
500 True 0.0390625 0.50404953956604 0
600 True 0.0234375 0.9250342845916748 0
700 True 0.0390625 0.9557182788848877 0
800 False 0.0 0.0 0
900 True 0.015625 0.8474001884460449 0
1000 True 0.0 0.8422732353210449 0
1100 True 0.046875 0.6805830001831055 0
1200 False 0.0 0.0 0
1300 True 0.0078125 0.6986606121063232 0
1400 True 0.0234375 1.0845015048980713 0
1500 False 0.0 0.0 0
1600 True 0.0234375 0.9528298377990723 0
1700 True 0.0234375 0.7713465690612793 0
1800 True 0.0 0.6585450172424316 0
1900 True 0.03125 0.7806508541107178 0
2000 True 0.015625 0.674257755279541 0
2100 False 0.0 0.0 0
2200 False 0.0 0.0 0
2300 True 0.0 1.0060834884643555 0
2400 False 0.0 0.0 0
2500 False 0.0 0.0 0
2600 True 0.0078125 0.7685012817382812 0
2700 True 0.0234375 0.5196034908294678 0
2800 False 0.0 0.0 0
2900 True 0.0 0.6915507316589355 0
3000 True 0.015625 0.49709582328796387 0
3100 False 0.0 0.0 0
3200 True 0.0234375 0.9592189788818359 0
3300 True 0.0078125 0.7841324806213379 0
3400 True 0.03125 0.334932804107666 0
3500 True 0.0390625 0.5304975509643555 0
3600 False 0.0 0.0 0
3700 True 0.03125 0.6161484718322754 0
3800 True 0.0078125 0.745100736618042 0
3900 True 0.046875 0.41793203353881836 0
4000 False 0.0 0.0 0
4100 True 0.0078125 0.48056983947753906 0
4200 True 0.03125 0.45864105224609375 0
4300 False 0.0 0.0 0
4400 True 0.03125 0.1409909725189209 0
4500 False 0.0 0.0 0
4600 True 0.03125 0.7722043991088867 0
4700 True 0.015625 0.33322691917419434 0
4800 True 0.0390625 1.0913805961608887 0
4900 False 0.0 0.0 0
5000 True 0.0234375 0.6857075691223145 0
5100 False 0.0 0.0 0
5200 True 0.015625 0.7681915760040283 0
5300 True 0.0078125 0.7379319667816162 0
5400 True 0.0078125 0.8859894275665283 0
5500 True 0.0234375 0.780376672744751 0
5600 True 0.015625 0.34775233268737793 0
5700 True 0.03125 0.6907110214233398 0
5800 True 0.015625 0.7762749195098877 0
5900 True 0.03125 0.14885258674621582 0
6000 False 0.0 0.0 0
6100 True 0.03125 0.3853645324707031 0
6200 True 0.0078125 0.7013382911682129 0
6300 True 0.0390625 0.6175873279571533 0
6400 True 0.0078125 0.5584180355072021 0
6500 True 0.0078125 0.5945074558258057 0
6600 True 0.0 0.8413894176483154 0
6700 False 0.0 0.0 0
6800 False 0.0 0.0 0
6900 True 0.0078125 0.6337745189666748 0
7000 True 0.046875 0.2795281410217285 0
7100 False 0.0 0.0 0
7200 True 0.015625 0.49123454093933105 0
7300 True 0.0390625 0.4610114097595215 0
7400 True 0.0 0.4636807441711426 0
7500 False 0.0 0.0 0
7600 True 0.0546875 0.5272243022918701 0
7700 True 0.0078125 0.6558456420898438 0
7800 False 0.0 0.0 0
7900 True 0.0390625 0.6194334030151367 0
8000 True 0.015625 0.2242884635925293 0
8100 True 0.046875 0.6690857410430908 0
8200 True 0.03125 0.589738130569458 0
8300 True 0.0078125 0.49060869216918945 0
8400 True 0.03125 0.5072216987609863 0
8500 True 0.03125 0.6720073223114014 0
8600 True 0.0546875 0.3652966022491455 0
8700 True 0.015625 0.6181244850158691 0
8800 True 0.046875 0.5694780349731445 0
8900 True 0.0234375 1.1364386081695557 0
9000 True 0.0390625 0.9771130084991455 0
9100 True 0.0078125 0.5823934078216553 0
9200 True 0.0390625 0.4620027542114258 0
9300 True 0.0234375 0.7211077213287354 0
9400 True 0.0 0.46547651290893555 0
9500 True 0.0078125 0.5387856960296631 0
9600 True 0.015625 0.9137141704559326 0
9700 False 0.0 0.0 0
9800 True 0.0078125 0.5894460678100586 0
9900 False 0.0 0.0 0
