0 True 0 0.31691789627075195 0
100 True 0 0.09600973129272461 0
200 True 0 0.23215746879577637 0
300 False 0 0.0 0
400 True 0 0.2525825500488281 0
500 True 0 0.12290191650390625 0
600 True 0 0.21933460235595703 0
700 True 0 0.15010786056518555 0
800 True 0 0.08070540428161621 0
900 True 0 0.07217621803283691 0
1000 True 0 0.14632868766784668 0
1100 True 0 0.14749622344970703 0
1200 False 0 0.0 0
1300 True 0 0.1628572940826416 0
1400 True 0 0.25714540481567383 0
1500 False 0 0.0 0
1600 True 0 0.3321213722229004 0
1700 True 0 0.08201313018798828 0
1800 False 0 0.0 0
1900 True 0 0.13608932495117188 0
2000 True 0 0.24647855758666992 0
2100 True 0 0.225905179977417 0
2200 True 0 0.20288872718811035 0
2300 True 0 0.2227933406829834 0
2400 True 0 0.17421340942382812 0
2500 True 0 0.23124909400939941 0
2600 True 0 0.19811463356018066 0
2700 True 0 0.21853280067443848 0
2800 True 0 0.2947866916656494 0
2900 True 0 0.24994325637817383 0
3000 True 0 0.22353744506835938 0
3100 True 0 0.12828373908996582 0
3200 True 0 0.15162444114685059 0
3300 True 0 0.27628064155578613 0
3400 True 0 0.1549062728881836 0
3500 True 0 0.10830020904541016 0
3600 True 0 0.17204928398132324 0
3700 True 0 0.18074750900268555 0
3800 True 0 0.3238193988800049 0
3900 True 0 0.1745743751525879 0
4000 False 0 0.0 0
4100 True 0 0.0603787899017334 0
4200 True 0 0.42093873023986816 0
4300 False 0 0.0 0
4400 True 0 0.17253470420837402 0
4500 False 0 0.0 0
4600 True 0 0.13836383819580078 0
4700 True 0 0.4133188724517822 0
4800 True 0 0.14511394500732422 0
4900 True 0 0.23447513580322266 0
5000 True 0 0.2014312744140625 0
5100 True 0 0.31189894676208496 0
5200 True 0 0.2376999855041504 0
5300 True 0 0.1574265956878662 0
5400 True 0 0.1817619800567627 0
5500 True 0 0.12287211418151855 0
5600 True 0 0.2534797191619873 0
5700 True 0 0.2299516201019287 0
5800 True 0 0.23793530464172363 0
5900 True 0 0.17758440971374512 0
6000 True 0 0.15279936790466309 0
6100 True 0 0.2422630786895752 0
6200 True 0 0.3415985107421875 0
6300 True 0 0.1670389175415039 0
6400 True 0 0.10840272903442383 0
6500 True 0 0.1777482032775879 0
6600 True 0 0.22464346885681152 0
6700 True 0 0.16072463989257812 0
6800 True 0 0.29708099365234375 0
6900 True 0 0.17741155624389648 0
7000 True 0 0.16916322708129883 0
7100 True 0 0.13257455825805664 0
7200 True 0 0.23421239852905273 0
7300 True 0 0.14827585220336914 0
7400 True 0 0.22345542907714844 0
7500 True 0 0.28862953186035156 0
7600 True 0 0.0785980224609375 0
7700 True 0 0.14472317695617676 0
7800 False 0 0.0 0
7900 True 0 0.08166766166687012 0
8000 True 0 0.12665605545043945 0
8100 True 0 0.03156900405883789 0
8200 True 0 0.11206603050231934 0
8300 True 0 0.22336459159851074 0
8400 True 0 0.11645340919494629 0
8500 True 0 0.1473846435546875 0
8600 True 0 0.3841853141784668 0
8700 True 0 0.09563875198364258 0
8800 True 0 0.19619369506835938 0
8900 True 0 0.1916675567626953 0
9000 True 0 0.1463155746459961 0
9100 True 0 0.20275282859802246 0
9200 True 0 0.20027923583984375 0
9300 True 0 0.22545433044433594 0
9400 True 0 0.03562474250793457 0
9500 True 0 0.16193914413452148 0
9600 True 0 0.0719301700592041 0
9700 True 0 0.22152256965637207 0
9800 True 0 0.09585189819335938 0
9900 True 0 0.10378456115722656 0
