0 True 0 0.20114946365356445 0
100 True 0 0.16431832313537598 0
200 True 0 0.2114698886871338 0
300 False 0 0.0 0
400 True 0 0.27380919456481934 0
500 True 1 0.12193131446838379 0
600 True 0 0.20079350471496582 0
700 True 0 0.2125225067138672 0
800 True 0 0.407665491104126 0
900 True 0 0.06278204917907715 0
1000 True 0 0.17894411087036133 0
1100 True 1 0.20446014404296875 0
1200 False 0 0.0 0
1300 True 0 0.20321321487426758 0
1400 True 1 0.18854808807373047 0
1500 False 0 0.0 0
1600 True 0 0.2183065414428711 0
1700 True 0 0.03254365921020508 0
1800 False 0 0.0 0
1900 True 0 0.1691286563873291 0
2000 True 0 0.09381604194641113 0
2100 True 0 0.2905745506286621 0
2200 True 0 0.24392414093017578 0
2300 True 0 0.11403465270996094 0
2400 True 0 0.1308307647705078 0
2500 True 0 0.02975916862487793 0
2600 True 1 0.14225149154663086 0
2700 True 0 0.20190906524658203 0
2800 True 0 0.17014813423156738 0
2900 True 0 0.23639583587646484 0
3000 True 0 0.181624174118042 0
3100 True 0 0.1497049331665039 0
3200 True 1 0.13195204734802246 0
3300 True 0 0.09981226921081543 0
3400 True 0 0.26902103424072266 0
3500 True 1 0.26558995246887207 0
3600 True 0 0.17306876182556152 0
3700 True 0 0.07782459259033203 0
3800 True 0 0.12247180938720703 0
3900 True 0 0.2870481014251709 0
4000 False 0 0.0 0
4100 True 0 0.19051194190979004 0
4200 True 0 0.13653159141540527 0
4300 False 0 0.0 0
4400 True 0 0.16324830055236816 0
4500 False 0 0.0 0
4600 True 1 0.19411730766296387 0
4700 True 0 0.33324670791625977 0
4800 True 1 0.13994979858398438 0
4900 True 0 0.24825811386108398 0
5000 True 0 0.3795053958892822 0
5100 True 0 0.14616036415100098 0
5200 True 0 0.11815905570983887 0
5300 True 0 0.18025779724121094 0
5400 True 1 0.07672262191772461 0
5500 True 1 0.16013336181640625 0
5600 False 0 0.0 0
5700 True 0 0.44464993476867676 0
5800 True 0 0.11216926574707031 0
5900 True 1 0.10350418090820312 0
6000 True 0 0.5328993797302246 0
6100 True 1 0.2743551731109619 0
6200 True 0 0.11330127716064453 0
6300 True 0 0.1410510540008545 0
6400 False 0 0.0 0
6500 True 0 0.3535807132720947 0
6600 True 0 0.18888449668884277 0
6700 True 0 0.0807046890258789 0
6800 True 0 0.13848567008972168 0
6900 True 0 0.10542702674865723 0
7000 True 0 0.14517998695373535 0
7100 True 0 0.2098066806793213 0
7200 True 0 0.07004070281982422 0
7300 True 0 0.0795443058013916 0
7400 True 0 0.1475996971130371 0
7500 True 0 0.1634502410888672 0
7600 True 0 0.22628068923950195 0
7700 True 0 0.2008054256439209 0
7800 False 0 0.0 0
7900 True 0 0.10214900970458984 0
8000 True 1 0.06906414031982422 0
8100 True 0 0.18349933624267578 0
8200 True 1 0.1406233310699463 0
8300 True 0 0.407041072845459 0
8400 True 1 0.061087608337402344 0
8500 True 1 0.24652862548828125 0
8600 True 1 0.25340723991394043 0
8700 True 0 0.18032193183898926 0
8800 True 1 0.3773665428161621 0
8900 True 1 0.2720816135406494 0
9000 True 1 0.22083568572998047 0
9100 True 1 0.20532727241516113 0
9200 True 0 0.11091399192810059 0
9300 True 1 0.20039844512939453 0
9400 True 0 0.06116199493408203 0
9500 True 0 0.12754559516906738 0
9600 True 1 0.1940295696258545 0
9700 False 0 0.0 0
9800 True 0 0.04606294631958008 0
9900 True 0 0.28940868377685547 0
