0 True 0.0078125 0.8462564945220947 0
100 True 0.0078125 1.2469305992126465 0
200 True 0.015625 0.6964015960693359 0
300 False 0.0 0.0 0
400 True 0.0078125 0.4445507526397705 0
500 True 0.0234375 0.3610875606536865 0
600 True 0.015625 0.2542452812194824 0
700 True 0.015625 1.2897281646728516 0
800 True 0.0 0.33609509468078613 0
900 True 0.0 0.38680505752563477 0
1000 True 0.0 0.5451915264129639 0
1100 True 0.015625 0.7809257507324219 0
1200 False 0.0 0.0 0
1300 True 0.0078125 0.390117883682251 0
1400 True 0.015625 0.1265110969543457 0
1500 False 0.0 0.0 0
1600 True 0.0 0.31883978843688965 0
1700 True 0.015625 0.5098481178283691 0
1800 False 0.0 0.0 0
1900 True 0.0 0.6559224128723145 0
2000 True 0.0078125 0.7672317028045654 0
2100 True 0.0078125 0.4734654426574707 0
2200 True 0.0078125 0.8534660339355469 0
2300 True 0.0 0.9020006656646729 0
2400 True 0.0078125 0.359874963760376 0
2500 True 0.0 0.1101372241973877 0
2600 True 0.015625 0.5315768718719482 0
2700 True 0.0078125 0.3932156562805176 0
2800 True 0.015625 0.7738420963287354 0
2900 True 0.0078125 0.3404502868652344 0
3000 True 0.0078125 0.5587239265441895 0
3100 True 0.0 0.6064794063568115 0
3200 True 0.0234375 0.418384313583374 0
3300 True 0.015625 0.7254188060760498 0
3400 True 0.015625 0.7027320861816406 0
3500 True 0.0234375 0.8604474067687988 0
3600 True 0.0 0.5526669025421143 0
3700 True 0.015625 0.7791855335235596 0
3800 True 0.0078125 0.5091710090637207 0
3900 True 0.0078125 0.6721963882446289 0
4000 False 0.0 0.0 0
4100 True 0.0 0.8899021148681641 0
4200 True 0.0078125 0.5004796981811523 0
4300 False 0.0 0.0 0
4400 True 0.0 0.5024328231811523 0
4500 False 0.0 0.0 0
4600 True 0.015625 0.6912131309509277 0
4700 True 0.0078125 0.4674365520477295 0
4800 True 0.015625 0.06747102737426758 0
4900 True 0.0078125 0.39162540435791016 0
5000 True 0.0078125 0.4273107051849365 0
5100 True 0.0 0.5668542385101318 0
5200 True 0.0078125 0.5519590377807617 0
5300 True 0.015625 0.45920252799987793 0
5400 True 0.015625 0.09451174736022949 0
5500 True 0.015625 0.6554605960845947 0
5600 False 0.0 0.0 0
5700 True 0.015625 0.7454910278320312 0
5800 True 0.0078125 0.7583932876586914 0
5900 True 0.0234375 0.6106069087982178 0
6000 True 0.0078125 0.804131269454956 0
6100 True 0.03125 0.5840997695922852 0
6200 True 0.0078125 0.4246797561645508 0
6300 True 0.0078125 0.1352992057800293 0
6400 False 0.0 0.0 0
6500 True 0.015625 0.8970277309417725 0
6600 True 0.0 0.34662890434265137 0
6700 True 0.0 0.9140386581420898 0
6800 True 0.015625 0.32332491874694824 0
6900 True 0.0078125 0.5843462944030762 0
7000 True 0.015625 0.7068147659301758 0
7100 True 0.015625 0.8254330158233643 0
7200 True 0.0078125 0.7871243953704834 0
7300 True 0.015625 0.44138431549072266 0
7400 True 0.0078125 0.9295358657836914 0
7500 True 0.015625 0.06743812561035156 0
7600 True 0.015625 0.7325167655944824 0
7700 True 0.0078125 0.6361923217773438 0
7800 False 0.0 0.0 0
7900 True 0.0 0.930901288986206 0
8000 True 0.03125 0.9390640258789062 0
8100 True 0.015625 0.6807782649993896 0
8200 True 0.0234375 0.7532105445861816 0
8300 True 0.0078125 0.7851898670196533 0
8400 True 0.0234375 0.26848483085632324 0
8500 True 0.0234375 0.7728292942047119 0
8600 True 0.015625 0.997746467590332 0
8700 True 0.0078125 0.8307652473449707 0
8800 True 0.015625 0.4615650177001953 0
8900 True 0.015625 0.46767139434814453 0
9000 True 0.0234375 0.12687349319458008 0
9100 True 0.0234375 1.0889012813568115 0
9200 True 0.015625 1.0502965450286865 0
9300 True 0.015625 1.183213472366333 0
9400 True 0.0078125 0.9423575401306152 0
9500 True 0.0078125 0.8408908843994141 0
9600 True 0.015625 0.8829026222229004 0
9700 False 0.0 0.0 0
9800 True 0.0078125 0.5803890228271484 0
9900 True 0.015625 0.6716644763946533 0
