0 True 0.0234375 4.339379072189331 0
100 True 0.015625 6.275321006774902 0
200 True 0.0234375 4.506986141204834 0
300 True 0.0 7.514194011688232 0
400 True 0.0234375 6.462324380874634 0
500 True 0.0390625 4.806763410568237 0
600 True 0.0234375 5.042490243911743 0
700 True 0.0234375 6.35733962059021 0
800 True 0.015625 5.04184889793396 0
900 True 0.0078125 6.0677666664123535 0
1000 True 0.015625 5.456545829772949 0
1100 True 0.03125 4.147291421890259 0
1200 True 0.0 5.574232578277588 0
1300 True 0.0234375 7.354760408401489 0
1400 True 0.0234375 5.643738031387329 0
1500 False 0.0 0.0 0
1600 True 0.0078125 5.9278669357299805 0
1700 True 0.0234375 3.9533607959747314 0
1800 True 0.015625 5.3150975704193115 0
1900 True 0.0234375 5.026536464691162 0
2000 True 0.0234375 5.064863920211792 0
2100 True 0.0234375 3.2033638954162598 0
2200 True 0.0 4.337820291519165 0
2300 True 0.0234375 3.515204668045044 0
2400 True 0.0078125 5.040359973907471 0
2500 True 0.015625 4.949328899383545 0
2600 True 0.03125 5.959669351577759 0
2700 True 0.015625 5.8356053829193115 0
2800 True 0.015625 2.7363102436065674 0
2900 True 0.0234375 3.7294647693634033 0
3000 True 0.015625 4.792430400848389 0
3100 True 0.0078125 4.298950910568237 0
3200 True 0.03125 6.355743169784546 0
3300 True 0.015625 3.0388388633728027 0
3400 True 0.0234375 3.580207586288452 0
3500 True 0.03125 5.041561841964722 0
3600 True 0.0234375 4.731914520263672 0
3700 True 0.03125 8.310864925384521 0
3800 True 0.015625 6.852507829666138 0
3900 True 0.0234375 5.707491397857666 0
4000 True 0.0078125 4.9008355140686035 0
4100 True 0.0234375 5.12646222114563 0
4200 True 0.0234375 6.437765836715698 0
4300 False 0.0 0.0 0
4400 True 0.0078125 6.294420957565308 0
4500 False 0.0 0.0 0
4600 True 0.03125 5.60090446472168 0
4700 True 0.0234375 4.389808177947998 0
4800 True 0.0234375 5.168742895126343 0
4900 True 0.015625 4.463101863861084 0
5000 True 0.0234375 5.97351336479187 0
5100 True 0.015625 4.510621547698975 0
5200 True 0.0234375 5.582092523574829 0
5300 True 0.0234375 4.9771034717559814 0
5400 True 0.0234375 5.553017616271973 0
5500 True 0.03125 5.994797229766846 0
5600 True 0.0 3.648137331008911 0
5700 True 0.03125 4.889106750488281 0
5800 True 0.015625 3.8448147773742676 0
5900 True 0.03125 5.456666707992554 0
6000 True 0.0078125 5.165684223175049 0
6100 True 0.0390625 4.694793939590454 0
6200 True 0.0234375 4.567061424255371 0
6300 True 0.03125 3.933464288711548 0
6400 True 0.0 4.305354595184326 0
6500 True 0.03125 6.835251569747925 0
6600 True 0.015625 4.679502487182617 0
6700 True 0.015625 3.0894854068756104 0
6800 True 0.0234375 4.328615427017212 0
6900 True 0.0234375 5.281193971633911 0
7000 True 0.0234375 4.950639486312866 0
7100 True 0.0234375 3.7152695655822754 0
7200 True 0.015625 4.8840413093566895 0
7300 True 0.0234375 5.55523419380188 0
7400 True 0.0234375 5.965941429138184 0
7500 True 0.015625 5.551225185394287 0
7600 True 0.0234375 4.913815498352051 0
7700 True 0.015625 5.33749532699585 0
7800 True 0.0078125 3.015280246734619 0
7900 True 0.0234375 2.087620973587036 0
8000 True 0.03125 6.1693432331085205 0
8100 True 0.0234375 5.081368923187256 0
8200 True 0.03125 6.382051706314087 0
8300 True 0.03125 3.9079582691192627 0
8400 True 0.0234375 5.19551944732666 0
8500 True 0.0390625 5.992341756820679 0
8600 True 0.0234375 7.074474096298218 0
8700 True 0.0234375 5.346600294113159 0
8800 True 0.0390625 5.06587028503418 0
8900 True 0.0234375 5.724013566970825 0
9000 True 0.03125 2.847851037979126 0
9100 True 0.03125 3.700733184814453 0
9200 True 0.0234375 5.501937627792358 0
9300 True 0.03125 2.8739240169525146 0
9400 True 0.0234375 3.6028127670288086 0
9500 True 0.015625 5.479272127151489 0
9600 True 0.0234375 3.987715005874634 0
9700 True 0.0078125 5.627915143966675 0
9800 True 0.015625 2.813829183578491 0
9900 True 0.015625 2.4391543865203857 0
