0 True 1 1.0822992324829102 0
100 True 1 0.45479249954223633 0
200 True 0 0.4905436038970947 0
300 True 0 1.0001862049102783 0
400 True 1 0.7451732158660889 0
500 True 1 0.8498992919921875 0
600 True 1 0.505241870880127 0
700 True 1 1.0311214923858643 0
800 True 1 0.7105858325958252 0
900 True 0 0.7328705787658691 0
1000 True 1 0.8723113536834717 0
1100 True 1 0.47903966903686523 0
1200 True 0 0.9446151256561279 0
1300 True 1 0.6544899940490723 0
1400 True 1 0.7283163070678711 0
1500 False 0 0.0 0
1600 True 1 1.0835456848144531 0
1700 True 1 1.1451244354248047 0
1800 True 0 1.1582679748535156 0
1900 True 0 1.0263211727142334 0
2000 True 1 0.8441567420959473 0
2100 True 1 0.11241936683654785 0
2200 True 0 0.5187547206878662 0
2300 True 0 0.8456056118011475 0
2400 True 1 0.9818155765533447 0
2500 True 1 0.9810032844543457 0
2600 True 1 0.10146641731262207 0
2700 True 1 0.5865466594696045 0
2800 True 1 0.2798309326171875 0
2900 True 1 1.0161309242248535 0
3000 True 1 0.9248137474060059 0
3100 True 0 0.8524229526519775 0
3200 True 1 0.746300458908081 0
3300 True 1 1.0504846572875977 0
3400 True 1 0.9127771854400635 0
3500 True 1 0.4324989318847656 0
3600 True 1 0.9725983142852783 0
3700 True 1 0.9639089107513428 0
3800 True 1 1.1147782802581787 0
3900 True 1 0.8617351055145264 0
4000 True 1 0.9120697975158691 0
4100 True 1 1.1057755947113037 0
4200 True 1 0.8133068084716797 0
4300 True 0 1.5899996757507324 0
4400 True 1 0.6584486961364746 0
4500 False 0 0.0 0
4600 True 1 0.4511902332305908 0
4700 True 1 0.46725010871887207 0
4800 True 1 0.28141093254089355 0
4900 True 1 0.46089768409729004 0
5000 True 1 0.6189873218536377 0
5100 True 1 0.839562177658081 0
5200 True 1 0.25797343254089355 0
5300 True 1 0.8989520072937012 0
5400 True 1 0.5928423404693604 0
5500 True 1 1.1062450408935547 0
5600 True 1 0.48386597633361816 0
5700 True 1 0.80853271484375 0
5800 True 1 1.0223064422607422 0
5900 True 1 0.9157795906066895 0
6000 True 1 0.4797694683074951 0
6100 True 1 0.6261186599731445 0
6200 True 1 0.7222707271575928 0
6300 True 1 0.24265527725219727 0
6400 True 1 0.1519467830657959 0
6500 True 1 0.7122931480407715 0
6600 True 1 0.8255915641784668 0
6700 True 1 0.8144865036010742 0
6800 True 1 0.5443487167358398 0
6900 True 1 0.9043974876403809 0
7000 True 1 1.207629919052124 0
7100 True 1 0.676522970199585 0
7200 True 0 0.7440085411071777 0
7300 True 1 0.7800042629241943 0
7400 True 1 0.28392624855041504 0
7500 True 1 0.9502444267272949 0
7600 True 1 0.41017770767211914 0
7700 True 1 0.24002647399902344 0
7800 False 0 0.0 0
7900 True 1 0.41475605964660645 0
8000 True 1 0.6111743450164795 0
8100 True 1 1.1581642627716064 0
8200 True 1 0.9986169338226318 0
8300 True 1 0.6633853912353516 0
8400 True 1 0.7104799747467041 0
8500 True 1 0.8299241065979004 0
8600 True 1 0.6143684387207031 0
8700 True 1 0.8773458003997803 0
8800 True 1 0.7018914222717285 0
8900 True 1 0.8182070255279541 0
9000 True 1 0.9164860248565674 0
9100 True 1 0.5232717990875244 0
9200 True 1 1.1702218055725098 0
9300 True 1 1.5383026599884033 0
9400 True 1 1.418196201324463 0
9500 True 1 0.3094933032989502 0
9600 True 1 1.0899205207824707 0
9700 True 0 1.2878520488739014 0
9800 True 1 1.1353468894958496 0
9900 True 1 1.0394833087921143 0
