0 True 1 1.184241771697998 0
100 True 0 0.541248083114624 0
200 True 0 0.9807753562927246 0
300 False 0 0.0 0
400 True 0 1.0557889938354492 0
500 True 1 0.7202565670013428 0
600 True 1 0.789924144744873 0
700 False 0 0.0 0
800 True 1 1.020958423614502 0
900 True 0 0.813720703125 0
1000 False 0 0.0 0
1100 True 1 1.1709198951721191 0
1200 False 0 0.0 0
1300 True 1 0.8123636245727539 0
1400 True 1 1.0110456943511963 0
1500 False 0 0.0 0
1600 False 0 0.0 0
1700 True 1 1.2427160739898682 0
1800 False 0 0.0 0
1900 False 0 0.0 0
2000 True 1 1.2412519454956055 0
2100 True 1 1.1237647533416748 0
2200 True 1 1.2843148708343506 0
2300 False 0 0.0 0
2400 False 0 0.0 0
2500 False 0 0.0 0
2600 True 0 1.4697630405426025 0
2700 True 1 1.0204877853393555 0
2800 False 0 0.0 0
2900 False 0 0.0 0
3000 True 0 0.9674022197723389 0
3100 True 0 1.0615451335906982 0
3200 True 1 0.9662175178527832 0
3300 True 1 1.0987460613250732 0
3400 True 1 0.9562525749206543 0
3500 True 1 0.7967629432678223 0
3600 False 0 0.0 0
3700 True 1 0.9301676750183105 0
3800 True 0 0.8331294059753418 0
3900 True 1 0.4545292854309082 0
4000 False 0 0.0 0
4100 False 0 0.0 0
4200 True 1 1.0052902698516846 0
4300 False 0 0.0 0
4400 True 1 0.9676327705383301 0
4500 True 0 1.0136539936065674 0
4600 True 1 0.9747316837310791 0
4700 True 0 0.42143702507019043 0
4800 True 1 0.9738428592681885 0
4900 True 0 1.3278477191925049 0
5000 True 1 1.28233003616333 0
5100 True 0 1.1801888942718506 0
5200 True 1 1.1135685443878174 0
5300 True 0 1.3295440673828125 0
5400 False 0 0.0 0
5500 True 1 0.6263198852539062 0
5600 True 1 0.48592090606689453 0
5700 True 1 0.8691461086273193 0
5800 True 1 1.0912935733795166 0
5900 True 1 0.9656505584716797 0
6000 True 1 1.0020723342895508 0
6100 True 1 0.5279886722564697 0
6200 True 1 0.6985964775085449 0
6300 True 1 0.435105562210083 0
6400 False 0 0.0 0
6500 True 0 1.492002010345459 0
6600 False 0 0.0 0
6700 True 1 1.6397666931152344 0
6800 True 0 1.2373499870300293 0
6900 True 1 1.0641005039215088 0
7000 True 1 1.7265129089355469 0
7100 False 0 0.0 0
7200 True 1 1.3625259399414062 0
7300 True 1 0.9663467407226562 0
7400 True 1 0.3835029602050781 0
7500 True 1 0.7811665534973145 0
7600 True 1 0.4352080821990967 0
7700 True 0 0.9112012386322021 0
7800 False 0 0.0 0
7900 False 0 0.0 0
8000 True 1 0.31774425506591797 0
8100 True 1 1.040156602859497 0
8200 True 1 0.7289423942565918 0
8300 False 0 0.0 0
8400 True 1 0.8956305980682373 0
8500 True 1 0.8675401210784912 0
8600 True 1 1.7280395030975342 0
8700 True 1 0.8293418884277344 0
8800 True 1 0.7416021823883057 0
8900 True 1 0.7467091083526611 0
9000 True 1 0.3132789134979248 0
9100 True 1 0.9741172790527344 0
9200 True 0 0.15185284614562988 0
9300 True 1 0.9055769443511963 0
9400 True 0 0.840111494064331 0
9500 True 1 1.13901948928833 0
9600 True 0 0.4438307285308838 0
9700 True 0 1.0673904418945312 0
9800 True 0 0.8822431564331055 0
9900 True 0 1.1408140659332275 0
