0 True 0.3125 5.465076446533203 0
100 True 0.109375 3.086372137069702 0
200 True 0.2265625 1.941831111907959 0
300 False 0.0 0.0 0
400 True 0.0078125 2.4191393852233887 0
500 True 0.3046875 3.676668405532837 0
600 True 0.3125 7.5347747802734375 0
700 False 0.0 0.0 0
800 True 0.4453125 5.28657865524292 0
900 True 0.0234375 3.892458200454712 0
1000 False 0.0 0.0 0
1100 True 0.3046875 4.154114246368408 0
1200 False 0.0 0.0 0
1300 True 0.3046875 7.774169683456421 0
1400 True 0.3203125 4.928792715072632 0
1500 False 0.0 0.0 0
1600 False 0.0 0.0 0
1700 True 0.3046875 4.000483274459839 0
1800 False 0.0 0.0 0
1900 False 0.0 0.0 0
2000 True 0.296875 5.505244493484497 0
2100 True 0.3125 2.9364798069000244 0
2200 True 0.3125 3.8701677322387695 0
2300 False 0.0 0.0 0
2400 False 0.0 0.0 0
2500 False 0.0 0.0 0
2600 True 0.203125 2.104971170425415 0
2700 True 0.3125 5.022345304489136 0
2800 False 0.0 0.0 0
2900 False 0.0 0.0 0
3000 True 0.140625 3.41766619682312 0
3100 True 0.21875 3.3935351371765137 0
3200 True 0.3046875 4.545938730239868 0
3300 True 0.3359375 3.2606921195983887 0
3400 True 0.3125 4.742135286331177 0
3500 True 0.328125 5.101971387863159 0
3600 False 0.0 0.0 0
3700 True 0.3359375 4.900929927825928 0
3800 True 0.2109375 4.6425769329071045 0
3900 True 0.3125 6.97307014465332 0
4000 False 0.0 0.0 0
4100 False 0.0 0.0 0
4200 True 0.3125 4.854601860046387 0
4300 False 0.0 0.0 0
4400 True 0.3046875 2.9085052013397217 0
4500 True 0.015625 3.7447292804718018 0
4600 True 0.328125 6.62861180305481 0
4700 True 0.109375 3.3731069564819336 0
4800 True 0.3125 5.346029281616211 0
4900 True 0.234375 4.457413196563721 0
5000 True 0.34375 3.840298652648926 0
5100 True 0.2265625 2.3324570655822754 0
5200 True 0.3125 5.162951469421387 0
5300 True 0.234375 4.42336106300354 0
5400 False 0.0 0.0 0
5500 True 0.328125 3.6825473308563232 0
5600 True 0.3125 4.960404396057129 0
5700 True 0.34375 6.383662939071655 0
5800 True 0.3046875 4.601277828216553 0
5900 True 0.3359375 5.733279228210449 0
6000 True 0.3125 4.823896646499634 0
6100 True 0.328125 5.3060057163238525 0
6200 True 0.3046875 3.6050240993499756 0
6300 True 0.3359375 4.627830505371094 0
6400 False 0.0 0.0 0
6500 True 0.1328125 1.2608952522277832 0
6600 False 0.0 0.0 0
6700 True 0.3046875 4.119464159011841 0
6800 True 0.2890625 5.146786212921143 0
6900 True 0.3125 4.2192418575286865 0
7000 True 0.3125 4.24640679359436 0
7100 False 0.0 0.0 0
7200 True 0.4921875 6.949355125427246 0
7300 True 0.3203125 5.812323093414307 0
7400 True 0.3203125 5.583325624465942 0
7500 True 0.3203125 4.93639874458313 0
7600 True 0.3203125 5.2117133140563965 0
7700 True 0.0859375 5.451819658279419 0
7800 False 0.0 0.0 0
7900 False 0.0 0.0 0
8000 True 0.3046875 3.6620166301727295 0
8100 True 0.3125 4.752149820327759 0
8200 True 0.3125 4.297189474105835 0
8300 False 0.0 0.0 0
8400 True 0.3359375 4.260821104049683 0
8500 True 0.3359375 5.271756172180176 0
8600 True 0.3125 4.851449012756348 0
8700 True 0.3125 4.558705568313599 0
8800 True 0.3359375 5.001728296279907 0
8900 True 0.3046875 5.486887693405151 0
9000 True 0.3125 3.8576817512512207 0
9100 True 0.328125 5.51944637298584 0
9200 True 0.0 3.8752634525299072 0
9300 True 0.3046875 4.8627636432647705 0
9400 True 0.1875 2.1497955322265625 0
9500 True 0.3359375 2.2631723880767822 0
9600 True 0.15625 5.056277751922607 0
9700 True 0.2421875 4.7544145584106445 0
9800 True 0.28125 4.794055938720703 0
9900 True 0.1484375 3.763864278793335 0
