0 True 0 0.6980025768280029 0
100 True 0 1.1653263568878174 0
200 True 1 0.8688361644744873 0
300 True 0 0.6683478355407715 0
400 True 0 0.5541908740997314 0
500 True 1 0.8425934314727783 0
600 True 0 1.4409034252166748 0
700 True 0 1.5258567333221436 0
800 True 0 1.285252571105957 0
900 True 0 1.3050706386566162 0
1000 True 0 1.270111322402954 0
1100 True 0 1.1670067310333252 0
1200 True 0 1.2550199031829834 0
1300 True 0 1.219057559967041 0
1400 True 0 1.1346254348754883 0
1500 False 0 0.0 0
1600 True 0 1.0547583103179932 0
1700 True 0 0.5729174613952637 0
1800 False 0 0.0 0
1900 True 0 1.0495803356170654 0
2000 True 0 0.5696558952331543 0
2100 True 0 0.5587725639343262 0
2200 True 0 0.7979531288146973 0
2300 True 0 1.0058619976043701 0
2400 True 0 0.9019138813018799 0
2500 True 0 1.135413646697998 0
2600 True 0 0.8602471351623535 0
2700 True 0 0.9092504978179932 0
2800 True 0 0.9142050743103027 0
2900 True 0 0.5094177722930908 0
3000 True 0 0.8828756809234619 0
3100 True 0 0.3688180446624756 0
3200 True 0 0.8853368759155273 0
3300 True 0 1.2562952041625977 0
3400 True 0 1.0691008567810059 0
3500 True 1 0.6427335739135742 0
3600 True 0 0.7024092674255371 0
3700 True 0 0.9125401973724365 0
3800 True 0 0.7523670196533203 0
3900 True 0 1.0958912372589111 0
4000 False 0 0.0 0
4100 True 0 0.39006757736206055 0
4200 True 0 0.9755783081054688 0
4300 False 0 0.0 0
4400 True 0 0.9931480884552002 0
4500 False 0 0.0 0
4600 True 1 1.1715879440307617 0
4700 True 0 1.6083955764770508 0
4800 True 0 0.38743162155151367 0
4900 True 0 0.7021484375 0
5000 True 0 1.0723216533660889 0
5100 True 0 1.106989860534668 0
5200 True 0 1.508882999420166 0
5300 True 0 0.6942775249481201 0
5400 True 1 1.2397394180297852 0
5500 True 0 1.4789130687713623 0
5600 False 0 0.0 0
5700 True 0 0.9736828804016113 0
5800 True 0 0.4985671043395996 0
5900 True 0 0.9617040157318115 0
6000 True 0 0.9503984451293945 0
6100 True 1 0.6415913105010986 0
6200 True 0 0.9208016395568848 0
6300 True 0 0.38576745986938477 0
6400 True 0 1.1656410694122314 0
6500 True 0 0.6632907390594482 0
6600 True 0 1.3763597011566162 0
6700 True 0 0.7776343822479248 0
6800 True 0 0.94976806640625 0
6900 True 0 0.7000861167907715 0
7000 True 0 0.9404408931732178 0
7100 True 0 0.6201515197753906 0
7200 True 0 0.27791881561279297 0
7300 True 0 0.5077941417694092 0
7400 True 0 1.339714527130127 0
7500 True 0 0.48058414459228516 0
7600 True 0 1.1437792778015137 0
7700 True 0 0.7576367855072021 0
7800 False 0 0.0 0
7900 True 0 0.2462172508239746 0
8000 True 1 0.5065402984619141 0
8100 True 0 1.1392700672149658 0
8200 True 1 0.658299446105957 0
8300 True 0 0.8133571147918701 0
8400 True 0 1.4562993049621582 0
8500 True 1 1.498657464981079 0
8600 True 0 1.7915475368499756 0
8700 True 0 0.4111347198486328 0
8800 True 1 0.5158698558807373 0
8900 True 0 0.7847912311553955 0
9000 True 0 1.0232934951782227 0
9100 True 0 0.8819591999053955 0
9200 True 0 0.8937361240386963 0
9300 True 0 0.901984691619873 0
9400 True 0 1.0074334144592285 0
9500 True 0 1.0116500854492188 0
9600 True 0 0.9224278926849365 0
9700 False 0 0.0 0
9800 True 0 0.5910241603851318 0
9900 True 0 0.3935258388519287 0
