0 True 0.046875 10.935025215148926 0
100 True 0.03125 10.629618644714355 0
200 True 0.0234375 9.42734408378601 0
300 True 0.0234375 10.701541900634766 0
400 True 0.0234375 9.251332998275757 0
500 True 0.0546875 9.988752365112305 0
600 True 0.0390625 10.656720876693726 0
700 True 0.046875 10.859700202941895 0
800 True 0.0234375 10.460619688034058 0
900 True 0.0078125 10.564913988113403 0
1000 True 0.015625 10.239384651184082 0
1100 True 0.046875 10.886391639709473 0
1200 True 0.015625 10.410969018936157 0
1300 True 0.0390625 10.767184257507324 0
1400 True 0.03125 10.164088726043701 0
1500 True 0.0 10.579901933670044 0
1600 True 0.0234375 10.66277551651001 0
1700 True 0.0390625 10.986384153366089 0
1800 True 0.015625 10.633225202560425 0
1900 True 0.03125 10.309167385101318 0
2000 True 0.03125 10.971147298812866 0
2100 True 0.0390625 10.699675559997559 0
2200 True 0.0234375 10.372735500335693 0
2300 True 0.03125 10.514255046844482 0
2400 True 0.03125 10.619758605957031 0
2500 True 0.0390625 11.058522462844849 0
2600 True 0.0390625 10.226943254470825 0
2700 True 0.0390625 10.777579069137573 0
2800 True 0.0234375 10.69170093536377 0
2900 True 0.0234375 11.170707702636719 0
3000 True 0.0234375 11.289077520370483 0
3100 True 0.0078125 10.605725288391113 0
3200 True 0.046875 10.433937072753906 0
3300 True 0.0234375 10.9357430934906 0
3400 True 0.0546875 11.11718201637268 0
3500 True 0.046875 10.84271240234375 0
3600 True 0.0390625 10.684303998947144 0
3700 True 0.0390625 10.63841986656189 0
3800 True 0.0234375 10.952562093734741 0
3900 True 0.0390625 12.292391300201416 0
4000 True 0.0234375 11.263363599777222 0
4100 True 0.0234375 10.531200170516968 0
4200 True 0.046875 10.903649806976318 0
4300 True 0.015625 10.50642442703247 0
4400 True 0.0078125 11.171631574630737 0
4500 True 0.0 11.396908044815063 0
4600 True 0.0546875 11.318794250488281 0
4700 True 0.0390625 11.482998132705688 0
4800 True 0.046875 11.440371990203857 0
4900 True 0.03125 10.885570526123047 0
5000 True 0.03125 11.835859298706055 0
5100 True 0.0234375 10.846232652664185 0
5200 True 0.03125 11.494492292404175 0
5300 True 0.0390625 10.588987350463867 0
5400 True 0.0390625 10.880929231643677 0
5500 True 0.046875 11.725995540618896 0
5600 True 0.0 11.13931393623352 0
5700 True 0.0390625 10.931771278381348 0
5800 True 0.03125 10.74846363067627 0
5900 True 0.046875 11.695791006088257 0
6000 True 0.0234375 11.115181684494019 0
6100 True 0.046875 11.281782388687134 0
6200 True 0.0390625 11.279566049575806 0
6300 True 0.0390625 11.584776401519775 0
6400 True 0.015625 10.684631109237671 0
6500 True 0.0390625 11.821976661682129 0
6600 True 0.03125 11.399286270141602 0
6700 True 0.0234375 11.572354078292847 0
6800 True 0.0390625 10.795772552490234 0
6900 True 0.03125 11.576723337173462 0
7000 True 0.0390625 11.609988689422607 0
7100 True 0.0234375 10.49016809463501 0
7200 True 0.0234375 10.262596607208252 0
7300 True 0.03125 10.583604335784912 0
7400 True 0.03125 10.601982116699219 0
7500 True 0.0390625 11.064833641052246 0
7600 True 0.0390625 10.633671998977661 0
7700 True 0.0390625 11.94948697090149 0
7800 True 0.015625 9.806373119354248 0
7900 True 0.015625 10.548767566680908 0
8000 True 0.03125 10.630292654037476 0
8100 True 0.03125 10.635253429412842 0
8200 True 0.0390625 10.663552522659302 0
8300 True 0.0546875 10.407623529434204 0
8400 True 0.0390625 10.878211498260498 0
8500 True 0.0546875 10.69322419166565 0
8600 True 0.0390625 10.937695264816284 0
8700 True 0.03125 10.50975775718689 0
8800 True 0.0546875 10.120074033737183 0
8900 True 0.0390625 10.793849468231201 0
9000 True 0.0390625 10.629258155822754 0
9100 True 0.046875 10.02129864692688 0
9200 True 0.046875 10.668303728103638 0
9300 True 0.0625 15.074430465698242 0
9400 True 0.0234375 9.987730026245117 0
9500 True 0.015625 9.40291953086853 0
9600 True 0.046875 10.760211706161499 0
9700 True 0.0078125 10.571415901184082 0
9800 True 0.0234375 10.071903944015503 0
9900 True 0.03125 10.794970035552979 0
