0 True 0 3.0711870193481445 0
100 True 0 3.0824427604675293 0
200 True 0 2.4769959449768066 0
300 True 0 3.202279567718506 0
400 True 0 2.840264320373535 0
500 True 0 2.6634931564331055 0
600 True 0 3.028963804244995 0
700 True 0 2.8396365642547607 0
800 True 0 2.8200864791870117 0
900 True 0 2.956433057785034 0
1000 True 0 2.76938533782959 0
1100 True 0 3.0631563663482666 0
1200 True 0 3.0159366130828857 0
1300 True 0 2.9282336235046387 0
1400 True 0 2.7811501026153564 0
1500 False 0 0.0 0
1600 True 0 2.779326915740967 0
1700 True 0 2.9293429851531982 0
1800 True 0 2.663879871368408 0
1900 True 0 2.7453384399414062 0
2000 True 0 3.017230272293091 0
2100 True 0 2.743288993835449 0
2200 True 0 2.929856538772583 0
2300 True 0 2.727984666824341 0
2400 True 0 2.965346336364746 0
2500 True 0 3.0111942291259766 0
2600 True 0 2.6723086833953857 0
2700 True 0 2.82662034034729 0
2800 True 0 2.755964994430542 0
2900 True 0 2.816500425338745 0
3000 True 0 2.91867733001709 0
3100 True 0 2.954629898071289 0
3200 True 0 2.6260416507720947 0
3300 True 0 2.8467483520507812 0
3400 True 0 2.8508999347686768 0
3500 True 0 2.7150535583496094 0
3600 True 0 2.484963893890381 0
3700 True 0 2.7914581298828125 0
3800 True 0 2.9691855907440186 0
3900 True 0 2.7741153240203857 0
4000 True 0 2.9675285816192627 0
4100 True 0 2.5719072818756104 0
4200 True 0 2.9639954566955566 0
4300 True 0 2.7954368591308594 0
4400 True 0 2.8079211711883545 0
4500 False 0 0.0 0
4600 True 0 2.953848361968994 0
4700 True 0 2.662093162536621 0
4800 True 0 2.9608261585235596 0
4900 True 0 2.666593313217163 0
5000 True 0 2.960418939590454 0
5100 True 0 2.661714792251587 0
5200 True 0 2.973722219467163 0
5300 True 0 2.7225656509399414 0
5400 True 0 2.9500839710235596 0
5500 True 0 2.729065418243408 0
5600 False 0 0.0 0
5700 True 0 2.9448401927948 0
5800 True 0 2.870750665664673 0
5900 True 0 2.876861333847046 0
6000 True 0 2.7438504695892334 0
6100 True 0 2.6003811359405518 0
6200 True 0 2.79792857170105 0
6300 True 0 2.7913036346435547 0
6400 True 0 2.7523112297058105 0
6500 True 0 2.761319398880005 0
6600 True 0 3.046260118484497 0
6700 True 0 3.0595791339874268 0
6800 True 0 2.909595251083374 0
6900 True 0 2.8679513931274414 0
7000 True 0 2.8974697589874268 0
7100 True 0 2.8038368225097656 0
7200 True 0 2.774237871170044 0
7300 True 0 2.8022055625915527 0
7400 True 0 2.8379156589508057 0
7500 True 0 2.7542054653167725 0
7600 True 0 2.799569606781006 0
7700 True 0 2.8685555458068848 0
7800 True 0 2.6895174980163574 0
7900 True 0 2.7850327491760254 0
8000 True 0 2.780543327331543 0
8100 True 0 2.8276267051696777 0
8200 True 0 2.5705113410949707 0
8300 True 0 2.819150924682617 0
8400 True 0 2.763092279434204 0
8500 True 0 2.656909227371216 0
8600 True 0 2.9440112113952637 0
8700 True 0 2.7266647815704346 0
8800 True 0 2.853527545928955 0
8900 True 0 2.9010753631591797 0
9000 True 0 2.7705507278442383 0
9100 True 0 2.7018697261810303 0
9200 True 0 2.6149532794952393 0
9300 True 0 2.824551582336426 0
9400 True 0 2.747854471206665 0
9500 True 0 2.781529188156128 0
9600 True 0 2.936793088912964 0
9700 True 0 2.927978277206421 0
9800 True 0 2.8538849353790283 0
9900 True 0 2.845209836959839 0
