0 True 0 57.35701274871826 0
100 True 0 41.811657190322876 0
200 True 0 47.40581750869751 0
300 True 0 59.435253381729126 0
400 True 0 47.458104610443115 0
500 True 0 50.395915031433105 0
600 True 0 54.738428354263306 0
700 True 0 53.78582954406738 0
800 True 0 46.320157527923584 0
900 True 0 58.52433514595032 0
1000 True 0 56.440093755722046 0
1100 True 0 56.219746351242065 0
1200 True 0 51.296194553375244 0
1300 True 0 46.06034588813782 0
1400 True 0 57.82866883277893 0
1500 True 0 60.84251618385315 1
1600 True 0 56.17382860183716 0
1700 True 0 49.93611931800842 0
1800 True 0 50.404744386672974 0
1900 True 0 52.31433939933777 0
2000 True 0 48.83995294570923 0
2100 True 0 50.83582663536072 0
2200 True 0 53.324599742889404 0
2300 True 0 46.04418444633484 0
2400 True 0 55.11482858657837 0
2500 True 0 38.06464457511902 0
2600 True 0 35.37735652923584 0
2700 True 0 43.99392604827881 0
2800 True 0 43.26842951774597 0
2900 True 0 54.391557931900024 0
3000 True 0 53.82512879371643 0
3100 True 0 49.729575872421265 0
3200 True 0 50.34522008895874 0
3300 True 0 44.772955894470215 0
3400 True 0 52.8236985206604 0
3500 True 0 50.86676526069641 0
3600 True 0 49.23330736160278 0
3700 True 0 56.2035973072052 0
3800 True 0 59.84080958366394 0
3900 True 0 48.20793843269348 0
4000 True 0 49.44249892234802 0
4100 True 0 53.51195430755615 0
4200 True 0 51.79594397544861 0
4300 True 0 52.291425943374634 0
4400 True 0 51.31448793411255 0
4500 True 0 49.068737268447876 0
4600 True 0 44.58420729637146 0
4700 True 0 53.69138216972351 0
4800 True 0 53.26391363143921 0
4900 True 0 57.671738147735596 0
5000 True 0 42.062870264053345 0
5100 True 0 51.08579421043396 0
5200 True 0 52.704243659973145 0
5300 True 0 52.72028946876526 0
5400 True 0 48.7663676738739 0
5500 True 0 49.46557259559631 0
5600 True 0 49.14686560630798 0
5700 True 0 55.37366533279419 0
5800 True 0 55.66105031967163 0
5900 True 0 55.10490942001343 0
6000 True 0 51.251115798950195 0
6100 True 0 45.65408539772034 0
6200 True 0 46.01481747627258 0
6300 True 0 50.10032391548157 0
6400 True 0 49.179078340530396 0
6500 True 0 50.63482046127319 0
6600 True 0 58.636637687683105 0
6700 True 0 44.578458309173584 0
6800 True 0 49.674872636795044 0
6900 True 0 55.58667826652527 0
7000 True 0 52.20277953147888 0
7100 True 0 47.92192578315735 0
7200 True 0 48.90001177787781 0
7300 True 0 52.276458978652954 0
7400 True 0 56.749666929244995 0
7500 True 0 50.11442279815674 0
7600 True 0 53.30093264579773 0
7700 True 0 51.144139528274536 0
7800 True 0 51.667531967163086 0
7900 True 0 52.33864688873291 0
8000 True 0 50.839930295944214 0
8100 True 0 50.84236550331116 0
8200 True 0 31.967360258102417 0
8300 True 0 48.638641119003296 0
8400 True 0 48.409714698791504 0
8500 True 0 54.9870080947876 0
8600 True 0 58.17561984062195 0
8700 True 0 54.37621092796326 0
8800 True 0 56.5217981338501 0
8900 True 0 53.52037525177002 0
9000 True 0 31.422446966171265 0
9100 True 0 2.8889613151550293 0
9200 True 0 2.943427324295044 0
9300 True 0 3.107966184616089 0
9400 True 0 2.927799701690674 0
9500 True 0 2.6319751739501953 0
9600 True 0 3.1514129638671875 0
9700 True 0 3.291471242904663 0
9800 True 0 2.826489210128784 0
9900 True 0 2.9846367835998535 0
