0 True 0.3046875 9.444357872009277 0
100 True 0.3046875 10.153505563735962 0
200 True 0.2578125 6.784514904022217 0
300 True 0.296875 8.512723445892334 0
400 True 0.296875 7.771800994873047 0
500 True 0.3046875 8.160151958465576 0
600 True 0.3046875 9.213655233383179 0
700 True 0.296875 9.416212558746338 0
800 True 0.2578125 7.741207122802734 0
900 True 0.296875 9.78031611442566 0
1000 True 0.3046875 9.546685695648193 0
1100 True 0.3046875 8.559236526489258 0
1200 True 0.296875 8.930485963821411 0
1300 True 0.3046875 9.879570484161377 0
1400 True 0.3046875 8.658656597137451 0
1500 False 0.0 0.0 0
1600 True 0.015625 3.0040595531463623 0
1700 True 0.3046875 8.814100503921509 0
1800 True 0.296875 8.66884469985962 0
1900 True 0.171875 3.0145633220672607 0
2000 True 0.296875 9.22256088256836 0
2100 True 0.3046875 8.685943603515625 0
2200 True 0.2578125 7.609654188156128 0
2300 True 0.296875 8.976642847061157 0
2400 True 0.3046875 9.469825744628906 0
2500 True 0.296875 9.083783388137817 0
2600 True 0.3046875 8.673715591430664 0
2700 True 0.3046875 9.543859720230103 0
2800 True 0.296875 8.34360384941101 0
2900 True 0.296875 8.032362937927246 0
3000 True 0.3046875 9.391093492507935 0
3100 True 0.296875 9.10772180557251 0
3200 True 0.3046875 7.856243133544922 0
3300 True 0.3046875 8.699567556381226 0
3400 True 0.3046875 9.2425537109375 0
3500 True 0.3046875 8.840482473373413 0
3600 True 0.3046875 8.137747287750244 0
3700 True 0.3046875 8.408883333206177 0
3800 True 0.296875 8.90485692024231 0
3900 True 0.3046875 8.857606410980225 0
4000 True 0.296875 8.41038179397583 0
4100 True 0.296875 8.127946138381958 0
4200 True 0.3046875 8.731817483901978 0
4300 False 0.0 0.0 0
4400 True 0.296875 9.415582418441772 0
4500 False 0.0 0.0 0
4600 True 0.3046875 9.00175404548645 0
4700 True 0.3046875 8.589741468429565 0
4800 True 0.3046875 8.190727949142456 0
4900 True 0.3046875 8.506587743759155 0
5000 True 0.296875 9.44803237915039 0
5100 True 0.296875 7.84436821937561 0
5200 True 0.3046875 8.780590534210205 0
5300 True 0.3046875 9.317864656448364 0
5400 True 0.3046875 9.21370005607605 0
5500 True 0.3046875 8.85909128189087 0
5600 False 0.0 0.0 0
5700 True 0.3046875 8.322942018508911 0
5800 True 0.3046875 8.87877368927002 0
5900 True 0.3046875 8.394616842269897 0
6000 True 0.296875 8.50844144821167 0
6100 True 0.3046875 7.769192457199097 0
6200 True 0.3046875 8.08098316192627 0
6300 True 0.3046875 7.966192960739136 0
6400 True 0.296875 8.492960214614868 0
6500 True 0.3046875 8.412698030471802 0
6600 True 0.3046875 9.525742769241333 0
6700 True 0.296875 9.156838417053223 0
6800 True 0.3046875 9.99204683303833 0
6900 True 0.3046875 8.824104070663452 0
7000 True 0.3046875 8.669680118560791 0
7100 True 0.3046875 9.000935554504395 0
7200 True 0.296875 8.415266036987305 0
7300 True 0.3046875 8.28850769996643 0
7400 True 0.3046875 8.87642240524292 0
7500 True 0.3046875 8.636539936065674 0
7600 True 0.3046875 8.270866394042969 0
7700 True 0.3046875 8.830259799957275 0
7800 True 0.0859375 2.969759702682495 0
7900 True 0.2734375 6.846236705780029 0
8000 True 0.296875 8.44170594215393 0
8100 True 0.296875 8.38169264793396 0
8200 True 0.3046875 7.978534936904907 0
8300 True 0.3046875 8.219049215316772 0
8400 True 0.3046875 9.330558776855469 0
8500 True 0.3046875 8.26570177078247 0
8600 True 0.3046875 9.452247381210327 0
8700 True 0.3046875 8.649045944213867 0
8800 True 0.3125 10.794899702072144 0
8900 True 0.296875 8.69193172454834 0
9000 True 0.3046875 9.218281745910645 0
9100 True 0.3046875 8.82143783569336 0
9200 True 0.296875 8.211695194244385 0
9300 True 0.3046875 8.470160007476807 0
9400 True 0.296875 8.570793390274048 0
9500 True 0.3046875 8.86742901802063 0
9600 True 0.3046875 9.226633548736572 0
9700 False 0.0 0.0 0
9800 True 0.3046875 9.276531219482422 0
9900 True 0.296875 9.536102056503296 0
