0 True 1 0.6408524513244629 0
100 True 1 0.6383273601531982 0
200 True 1 0.9025814533233643 0
300 True 1 0.5178244113922119 0
400 True 1 0.5357472896575928 0
500 True 1 0.5391910076141357 0
600 True 1 0.7073986530303955 0
700 True 1 0.6980795860290527 0
800 True 1 0.7611954212188721 0
900 False 0 0.0 0
1000 True 1 0.4796559810638428 0
1100 True 1 0.5505688190460205 0
1200 True 1 0.5263545513153076 0
1300 True 1 0.5073959827423096 0
1400 True 1 0.740816593170166 0
1500 True 0 0.5335218906402588 0
1600 True 1 0.7623493671417236 0
1700 True 1 0.7593750953674316 0
1800 True 1 0.5264391899108887 0
1900 True 1 0.6107704639434814 0
2000 True 1 0.605663537979126 0
2100 True 1 0.49116015434265137 0
2200 True 1 0.5403037071228027 0
2300 True 1 0.5493929386138916 0
2400 True 1 0.6262400150299072 0
2500 True 1 0.49825596809387207 0
2600 True 1 0.5286285877227783 0
2700 True 1 0.5087809562683105 0
2800 True 1 0.5689232349395752 0
2900 True 1 0.6200418472290039 0
3000 True 1 0.5343782901763916 0
3100 True 1 0.7419652938842773 0
3200 True 1 0.5693705081939697 0
3300 True 1 0.55204176902771 0
3400 True 1 0.7112319469451904 0
3500 True 1 0.7994349002838135 0
3600 True 1 0.5464868545532227 0
3700 True 1 0.6879973411560059 0
3800 True 1 0.7432718276977539 0
3900 True 1 0.7275185585021973 0
4000 True 1 0.613408088684082 0
4100 True 1 0.8053743839263916 0
4200 True 1 0.5343701839447021 0
4300 True 0 0.5310931205749512 0
4400 True 1 0.5309257507324219 0
4500 True 0 0.47861599922180176 0
4600 True 1 0.5374970436096191 0
4700 True 1 0.49138689041137695 0
4800 True 1 0.46270179748535156 0
4900 True 1 0.5545485019683838 0
5000 True 1 0.6086678504943848 0
5100 True 1 0.5117683410644531 0
5200 True 1 0.5381331443786621 0
5300 True 1 0.5447070598602295 0
5400 True 1 0.5640897750854492 0
5500 True 1 0.5595271587371826 0
5600 True 1 0.5577552318572998 0
5700 True 1 0.54740309715271 0
5800 True 1 0.5933208465576172 0
5900 True 1 0.5618479251861572 0
6000 True 1 0.5694930553436279 0
6100 True 1 0.8753020763397217 0
6200 True 1 0.7754027843475342 0
6300 True 1 0.6250512599945068 0
6400 True 1 0.49025440216064453 0
6500 True 1 0.5229513645172119 0
6600 True 1 0.5452847480773926 0
6700 True 1 0.5274264812469482 0
6800 True 1 0.5157272815704346 0
6900 True 1 0.5074672698974609 0
7000 True 1 0.45903491973876953 0
7100 True 1 0.5379409790039062 0
7200 True 1 0.5069568157196045 0
7300 True 1 0.497117280960083 0
7400 True 1 0.5324232578277588 0
7500 True 1 0.546593189239502 0
7600 True 1 0.46898961067199707 0
7700 True 1 0.5017006397247314 0
7800 True 0 0.568629264831543 0
7900 True 1 0.5180819034576416 0
8000 True 1 0.5370512008666992 0
8100 True 1 0.47251272201538086 0
8200 True 1 0.5422675609588623 0
8300 True 1 0.5525736808776855 0
8400 True 1 0.4867680072784424 0
8500 True 1 0.5152957439422607 0
8600 True 1 0.7237110137939453 0
8700 True 1 0.7914714813232422 0
8800 True 1 0.5905933380126953 0
8900 True 1 0.5353133678436279 0
9000 True 1 0.5143828392028809 0
9100 True 1 0.4924662113189697 0
9200 True 1 0.4734981060028076 0
9300 True 1 0.4704780578613281 0
9400 True 1 0.5269277095794678 0
9500 True 1 0.7911512851715088 0
9600 True 1 0.5068745613098145 0
9700 True 1 0.5227296352386475 0
9800 True 1 0.604102611541748 0
9900 True 1 0.5925915241241455 0
