0 True 0 45.14528036117554 0
100 True 0 29.532330751419067 0
200 True 0 32.01398038864136 0
300 True 0 32.42665910720825 0
400 True 0 38.322983264923096 0
500 True 1 30.1512234210968 0
600 True 0 35.500218868255615 0
700 True 0 33.25459694862366 0
800 True 0 32.95363450050354 0
900 True 0 33.21685290336609 0
1000 True 0 33.08820629119873 0
1100 True 0 32.443852186203 0
1200 True 0 27.954014539718628 0
1300 True 0 30.552068948745728 0
1400 True 0 32.82762670516968 0
1500 True 0 26.68807888031006 0
1600 True 0 26.34129762649536 0
1700 True 0 29.82654905319214 0
1800 True 0 30.052347660064697 0
1900 True 0 31.228508710861206 0
2000 True 0 36.770408153533936 0
2100 True 0 32.993003129959106 0
2200 True 0 27.85368585586548 0
2300 True 0 29.675715923309326 0
2400 True 0 27.17492365837097 0
2500 True 0 36.33647441864014 0
2600 True 0 34.85728669166565 0
2700 True 0 28.718461990356445 0
2800 True 0 31.56408977508545 0
2900 True 0 24.38810634613037 0
3000 True 0 33.14946174621582 0
3100 True 0 33.96341800689697 0
3200 True 0 33.34650254249573 0
3300 True 0 37.44606900215149 0
3400 True 0 39.22849082946777 0
3500 True 0 33.55873203277588 0
3600 True 0 28.24960970878601 0
3700 True 0 35.13472628593445 0
3800 True 0 29.32937788963318 0
3900 True 0 28.71972680091858 0
4000 True 0 31.77819037437439 0
4100 True 0 34.89326763153076 0
4200 True 0 30.373267889022827 0
4300 True 0 33.09677076339722 0
4400 True 0 28.04619073867798 0
4500 True 0 28.29710817337036 0
4600 True 0 29.655879020690918 0
4700 True 0 31.398366689682007 0
4800 True 0 36.47479581832886 0
4900 True 0 29.958341360092163 0
5000 True 0 31.079241514205933 0
5100 True 0 32.88715624809265 0
5200 True 0 33.70837712287903 0
5300 True 0 31.360806703567505 0
5400 True 0 32.180665016174316 0
5500 True 0 26.101236820220947 0
5600 False 0 0.0 0
5700 True 0 30.22748899459839 0
5800 True 0 31.77360510826111 0
5900 True 0 30.942766427993774 0
6000 True 0 30.60591745376587 0
6100 True 1 29.855069637298584 0
6200 True 0 30.25174045562744 0
6300 True 0 30.48400640487671 0
6400 True 0 17.174916744232178 0
6500 True 0 25.48366117477417 0
6600 True 0 29.46978783607483 0
6700 True 0 30.72139549255371 0
6800 True 0 32.79955244064331 0
6900 True 0 34.85254693031311 0
7000 True 0 39.29174494743347 0
7100 True 0 34.58588004112244 0
7200 True 0 30.474666595458984 0
7300 True 0 32.66889238357544 0
7400 True 0 28.872485637664795 0
7500 True 0 32.684080362319946 0
7600 True 0 32.113781213760376 0
7700 True 0 29.369258880615234 0
7800 True 0 26.768542766571045 0
7900 True 0 31.98822832107544 0
8000 True 1 32.42694711685181 0
8100 True 0 32.755226135253906 0
8200 True 1 29.567955017089844 0
8300 True 1 27.50574779510498 0
8400 True 0 32.17937684059143 0
8500 True 0 30.492955207824707 0
8600 True 0 29.531397819519043 0
8700 True 0 28.2850341796875 0
8800 True 1 29.54196834564209 0
8900 True 0 32.69049859046936 0
9000 True 0 28.997550010681152 0
9100 True 1 31.952468156814575 0
9200 True 0 30.46066188812256 0
9300 True 0 30.981072187423706 0
9400 True 0 31.680634260177612 0
9500 True 0 30.481250047683716 0
9600 True 0 34.72044038772583 0
9700 True 0 30.979472160339355 0
9800 True 0 32.580798625946045 0
9900 True 0 31.641486167907715 0
