0 True 0 23.7538743019104 0
100 True 0 21.955374717712402 0
200 True 0 19.8770592212677 0
300 True 0 22.08235788345337 0
400 True 0 19.38940691947937 0
500 True 0 20.195821523666382 0
600 True 0 20.79552435874939 0
700 True 0 22.133574724197388 0
800 True 0 21.467775344848633 0
900 True 0 22.202665328979492 0
1000 True 0 22.343061685562134 0
1100 True 0 21.691726446151733 0
1200 True 0 20.808459520339966 0
1300 True 0 21.563146352767944 0
1400 True 0 21.728596687316895 0
1500 True 0 22.818665504455566 0
1600 True 0 21.356155395507812 0
1700 True 0 20.612898111343384 0
1800 True 0 22.20781445503235 0
1900 True 0 22.29037308692932 0
2000 True 0 21.91740608215332 0
2100 True 0 21.099087953567505 0
2200 True 0 21.259268522262573 0
2300 True 0 21.139593362808228 0
2400 True 0 20.236891746520996 0
2500 True 0 21.56100058555603 0
2600 True 0 20.716408014297485 0
2700 True 0 22.090762615203857 0
2800 True 0 20.03105926513672 0
2900 True 0 20.316770553588867 0
3000 True 0 21.70613932609558 0
3100 True 0 19.225937843322754 0
3200 True 0 20.30719566345215 0
3300 True 0 20.17342185974121 0
3400 True 0 21.840285062789917 0
3500 True 0 21.10133194923401 0
3600 True 0 21.336355209350586 0
3700 True 0 22.4503276348114 0
3800 True 0 22.035916566848755 0
3900 True 0 20.283204793930054 0
4000 True 0 20.241674423217773 0
4100 True 0 18.961264848709106 0
4200 True 0 21.376794815063477 0
4300 True 0 21.56200122833252 0
4400 True 0 21.364283084869385 0
4500 True 0 22.238581895828247 0
4600 True 0 21.8037588596344 0
4700 True 0 22.443130254745483 0
4800 True 0 22.39029288291931 0
4900 True 0 22.250746488571167 0
5000 True 0 20.667607307434082 0
5100 True 0 21.34131956100464 0
5200 True 0 22.42773962020874 0
5300 True 0 22.552645683288574 0
5400 True 0 21.352893829345703 0
5500 True 0 22.43217158317566 0
5600 True 0 22.57309889793396 0
5700 True 0 21.31311297416687 0
5800 True 0 21.642179012298584 0
5900 True 0 20.239741325378418 0
6000 True 0 21.22113823890686 0
6100 True 0 21.00682044029236 0
6200 True 0 20.59012460708618 0
6300 True 0 21.50192093849182 0
6400 True 0 21.688706159591675 0
6500 True 0 21.62302875518799 0
6600 True 0 21.165751218795776 0
6700 True 0 20.660988807678223 0
6800 True 0 20.18222665786743 0
6900 True 0 21.56415891647339 0
7000 True 0 23.947168111801147 0
7100 True 0 19.919069528579712 0
7200 True 0 21.36716628074646 0
7300 True 0 22.184619188308716 0
7400 True 0 20.461933374404907 0
7500 True 0 21.918292999267578 0
7600 True 0 20.78026795387268 0
7700 True 0 21.74808979034424 0
7800 True 0 20.266618728637695 0
7900 True 0 22.187524795532227 0
8000 True 0 21.28691005706787 0
8100 True 0 22.994799852371216 0
8200 True 0 20.83480405807495 0
8300 True 0 21.18584132194519 0
8400 True 0 21.697043657302856 0
8500 True 0 20.982045650482178 0
8600 True 0 23.180813550949097 0
8700 True 0 22.944456577301025 0
8800 True 0 20.7185537815094 0
8900 True 0 21.162919521331787 0
9000 True 0 20.86982798576355 0
9100 True 0 21.432690143585205 0
9200 True 0 23.001542806625366 0
9300 True 0 22.701979637145996 0
9400 True 0 21.71636438369751 0
9500 True 0 21.823721647262573 0
9600 True 0 22.52118492126465 0
9700 True 0 22.351110219955444 0
9800 True 0 21.394520044326782 0
9900 True 0 22.912302017211914 0
