0 True 0 18.6053409576416 0
100 True 0 18.890835762023926 0
200 True 0 18.89021611213684 0
300 False 0 0.0 0
400 True 0 19.312629222869873 0
500 True 0 20.193785905838013 0
600 True 0 20.524067878723145 0
700 True 0 19.211583375930786 0
800 False 0 0.0 0
900 True 0 19.119824171066284 0
1000 False 0 0.0 0
1100 True 0 19.251746892929077 0
1200 False 0 0.0 0
1300 True 0 19.28528928756714 0
1400 True 0 19.51478409767151 0
1500 False 0 0.0 0
1600 True 0 19.959028244018555 0
1700 True 0 20.196693181991577 0
1800 True 0 20.404075145721436 0
1900 True 0 19.571024656295776 0
2000 True 0 20.124152660369873 0
2100 True 0 19.176270961761475 0
2200 False 0 0.0 0
2300 True 0 19.46222424507141 0
2400 False 0 0.0 0
2500 False 0 0.0 0
2600 True 0 19.987695455551147 0
2700 True 0 19.625306367874146 0
2800 True 0 19.37501835823059 0
2900 True 0 19.89603590965271 0
3000 True 0 19.853128910064697 0
3100 True 0 19.597089767456055 0
3200 False 0 0.0 0
3300 True 0 19.649818658828735 0
3400 True 0 19.664084434509277 0
3500 True 0 19.737839460372925 0
3600 True 0 20.296075582504272 0
3700 True 0 19.53228783607483 0
3800 True 0 19.939784049987793 0
3900 True 0 19.74078130722046 0
4000 False 0 0.0 0
4100 True 0 18.663350343704224 0
4200 True 0 19.64868664741516 0
4300 True 0 19.122360944747925 0
4400 True 0 19.7269287109375 0
4500 False 0 0.0 0
4600 True 0 19.646474838256836 0
4700 False 0 0.0 0
4800 True 0 21.25696587562561 0
4900 True 0 19.255407333374023 0
5000 True 0 20.10223150253296 0
5100 False 0 0.0 0
5200 True 0 20.05461549758911 0
5300 True 0 19.68947958946228 0
5400 True 0 19.555959463119507 0
5500 True 0 19.906301498413086 0
5600 True 0 20.60747528076172 0
5700 True 0 19.455594301223755 0
5800 False 0 0.0 0
5900 True 0 19.966310501098633 0
6000 False 0 0.0 0
6100 True 0 19.887157440185547 0
6200 False 0 0.0 0
6300 True 0 19.47220778465271 0
6400 True 0 19.81118106842041 0
6500 True 0 19.57032346725464 0
6600 True 0 19.915648937225342 0
6700 True 0 19.7020583152771 0
6800 True 0 19.157503366470337 0
6900 True 0 19.294541835784912 0
7000 True 0 19.428025722503662 0
7100 True 0 19.226187229156494 0
7200 False 0 0.0 0
7300 True 0 19.758332014083862 0
7400 True 0 19.73832368850708 0
7500 True 0 19.786337852478027 0
7600 True 0 19.61237096786499 0
7700 True 0 19.774043083190918 0
7800 False 0 0.0 0
7900 True 0 19.727718114852905 0
8000 True 0 19.34502387046814 0
8100 True 0 19.384217262268066 0
8200 True 0 19.466899156570435 0
8300 True 0 19.55023765563965 0
8400 True 0 19.1625075340271 0
8500 True 0 19.66731333732605 0
8600 True 0 19.218304872512817 0
8700 False 0 0.0 0
8800 True 0 20.046959400177002 0
8900 False 0 0.0 0
9000 True 0 19.544298887252808 0
9100 True 0 19.280810356140137 0
9200 True 0 19.44219970703125 0
9300 True 0 19.800098657608032 0
9400 False 0 0.0 0
9500 True 0 19.899173259735107 0
9600 True 0 19.609249591827393 0
9700 False 0 0.0 0
9800 True 0 19.287598371505737 0
9900 True 0 19.744821310043335 0
