0 True 0.0078125 96.68832445144653 0
100 True 0.0078125 96.83794689178467 0
200 True 0.0078125 80.11094069480896 0
300 False 0.0 0.0 0
400 True 0.0078125 81.4913432598114 0
500 True 0.0078125 84.01190519332886 0
600 True 0.0078125 90.39025139808655 0
700 True 0.0078125 90.20075750350952 0
800 False 0.0 0.0 0
900 True 0.0078125 95.68015313148499 0
1000 False 0.0 0.0 0
1100 True 0.0078125 84.0130820274353 0
1200 False 0.0 0.0 0
1300 True 0.0078125 95.05068969726562 0
1400 True 0.0078125 84.41617155075073 0
1500 False 0.0 0.0 0
1600 True 0.0078125 93.18855237960815 0
1700 True 0.0078125 90.74126267433167 0
1800 True 0.0078125 86.4079430103302 0
1900 True 0.0078125 83.27629661560059 0
2000 True 0.0078125 93.48833346366882 0
2100 True 0.0 89.38514161109924 0
2200 False 0.0 0.0 0
2300 True 0.0078125 89.15051293373108 0
2400 False 0.0 0.0 0
2500 False 0.0 0.0 0
2600 True 0.0 88.60080337524414 0
2700 True 0.0078125 96.56951904296875 0
2800 True 0.0 86.49572968482971 0
2900 True 0.0078125 86.56214928627014 0
3000 True 0.0078125 88.95710158348083 0
3100 True 0.0 93.49375343322754 0
3200 False 0.0 0.0 0
3300 True 0.0 93.48892951011658 0
3400 True 0.0078125 94.81923937797546 0
3500 True 0.0078125 86.19472599029541 0
3600 True 0.0078125 81.62214207649231 0
3700 True 0.0078125 87.14869928359985 0
3800 True 0.0078125 95.74180603027344 0
3900 True 0.0078125 89.77012848854065 0
4000 False 0.0 0.0 0
4100 True 0.0078125 82.10485935211182 0
4200 True 0.0078125 94.59384489059448 0
4300 True 0.0 92.84562063217163 0
4400 True 0.0 96.37025880813599 0
4500 False 0.0 0.0 0
4600 True 0.0078125 90.33214855194092 0
4700 False 0.0 0.0 0
4800 True 0.0078125 91.86711573600769 0
4900 True 0.0 90.92739295959473 0
5000 True 0.0078125 94.53241539001465 0
5100 False 0.0 0.0 0
5200 True 0.0078125 93.06946158409119 0
5300 True 0.0 89.53226613998413 0
5400 True 0.0 93.7413809299469 0
5500 True 0.0078125 86.09395909309387 0
5600 True 0.0078125 92.065744638443 0
5700 True 0.0078125 89.1150848865509 0
5800 False 0.0 0.0 0
5900 True 0.0078125 88.52911376953125 0
6000 False 0.0 0.0 0
6100 True 0.0078125 82.33184337615967 0
6200 False 0.0 0.0 0
6300 True 0.0078125 87.55723524093628 0
6400 True 0.0078125 81.92812752723694 0
6500 True 0.0078125 90.08062028884888 0
6600 True 0.0 98.77878475189209 0
6700 True 0.0 95.22120761871338 0
6800 True 0.0078125 90.08086204528809 0
6900 True 0.0078125 92.75219988822937 0
7000 True 0.0078125 95.00100111961365 0
7100 True 0.0078125 93.12651062011719 0
7200 False 0.0 0.0 0
7300 True 0.0078125 90.24392342567444 0
7400 True 0.0078125 88.73695254325867 0
7500 True 0.0 88.0973002910614 0
7600 True 0.0078125 87.22656631469727 0
7700 True 0.0 96.41469621658325 0
7800 False 0.0 0.0 0
7900 True 0.0078125 81.58775615692139 0
8000 True 0.0 82.56655645370483 0
8100 True 0.0078125 83.06049847602844 0
8200 True 0.0078125 83.68196535110474 0
8300 True 0.0078125 86.50794553756714 0
8400 True 0.0078125 88.85366821289062 0
8500 True 0.0078125 81.08857035636902 0
8600 True 0.0078125 88.12468028068542 0
8700 False 0.0 0.0 0
8800 True 0.0078125 81.54935216903687 0
8900 False 0.0 0.0 0
9000 True 0.0078125 90.06423020362854 0
9100 True 0.0078125 83.84863901138306 0
9200 True 0.0078125 84.35039639472961 0
9300 True 0.0078125 89.43124175071716 0
9400 False 0.0 0.0 0
9500 True 0.0078125 83.49056911468506 0
9600 True 0.0 91.25307607650757 0
9700 False 0.0 0.0 0
9800 True 0.0078125 88.7551805973053 0
9900 True 0.0 92.38907861709595 0
