0 True 0 17.60295057296753 0
100 True 0 18.664305686950684 0
200 True 0 16.147299766540527 0
300 True 0 18.45383930206299 0
400 True 0 17.568902254104614 0
500 True 0 17.123416662216187 0
600 True 0 17.134503841400146 0
700 True 0 18.301974773406982 0
800 True 0 17.031083345413208 0
900 True 0 17.84099268913269 0
1000 True 0 17.77060627937317 0
1100 True 0 17.60295557975769 0
1200 True 0 18.036876678466797 0
1300 True 0 17.92823076248169 0
1400 True 0 17.1597318649292 0
1500 False 0 0.0 0
1600 True 0 17.646101474761963 0
1700 True 0 18.44771122932434 0
1800 True 0 17.92123293876648 0
1900 True 0 17.20301914215088 0
2000 True 0 18.83352494239807 0
2100 True 0 17.86757802963257 0
2200 True 0 17.44110608100891 0
2300 True 0 18.03972840309143 0
2400 True 0 18.204723119735718 0
2500 True 0 17.955023765563965 0
2600 True 0 16.744250774383545 0
2700 True 0 17.807172060012817 0
2800 True 0 16.9485867023468 0
2900 True 0 17.230873107910156 0
3000 True 0 17.929325580596924 0
3100 True 0 18.79535746574402 0
3200 True 0 17.545878410339355 0
3300 True 0 18.501944541931152 0
3400 True 0 17.790048599243164 0
3500 True 0 17.621978282928467 0
3600 True 0 17.67508864402771 0
3700 True 0 17.84668517112732 0
3800 True 0 18.98062491416931 0
3900 True 0 17.887699127197266 0
4000 True 0 17.942097663879395 0
4100 True 0 17.196723699569702 0
4200 True 0 18.19575548171997 0
4300 True 0 17.99764585494995 0
4400 True 0 18.145809173583984 0
4500 False 0 0.0 0
4600 True 0 17.418854475021362 0
4700 True 0 17.696570873260498 0
4800 True 0 17.931309700012207 0
4900 True 0 17.599064350128174 0
5000 True 0 18.280201196670532 0
5100 True 0 17.38796043395996 0
5200 True 0 18.22518563270569 0
5300 True 0 17.337362051010132 0
5400 True 0 18.123906135559082 0
5500 True 0 17.58631658554077 0
5600 True 0 17.99681043624878 0
5700 True 0 17.76718521118164 0
5800 True 0 16.293945789337158 0
5900 True 0 16.60967993736267 0
6000 True 0 17.557802438735962 0
6100 True 0 17.0280339717865 0
6200 True 0 16.859841108322144 0
6300 True 0 17.881983041763306 0
6400 True 0 17.03274703025818 0
6500 True 0 16.604305505752563 0
6600 True 0 17.52908182144165 0
6700 True 0 17.191627025604248 0
6800 True 0 17.968868494033813 0
6900 True 0 17.69804811477661 0
7000 True 0 18.35611605644226 0
7100 True 0 17.91115403175354 0
7200 True 0 17.485052585601807 0
7300 True 0 17.358239889144897 0
7400 True 0 17.915555715560913 0
7500 True 0 17.6791410446167 0
7600 True 0 18.15651535987854 0
7700 True 0 18.482839345932007 0
7800 True 0 17.53657293319702 0
7900 True 0 16.827203512191772 0
8000 True 0 16.483047485351562 0
8100 True 0 16.36551022529602 0
8200 True 0 17.403949975967407 0
8300 True 0 17.854190826416016 0
8400 True 0 17.736076831817627 0
8500 True 0 17.167924642562866 0
8600 True 0 18.04160761833191 0
8700 True 0 17.52206778526306 0
8800 True 0 17.390851259231567 0
8900 True 0 17.662947416305542 0
9000 True 0 17.159446716308594 0
9100 True 0 17.161357879638672 0
9200 True 0 17.723865032196045 0
9300 True 0 18.44048285484314 0
9400 True 0 17.10507321357727 0
9500 True 0 17.298898696899414 0
9600 True 0 18.317310333251953 0
9700 True 0 18.458789825439453 0
9800 True 0 17.636663913726807 0
9900 True 0 18.14433240890503 0
