0 True 0.15625 106.55573344230652 0
100 True 0.125 109.20068192481995 0
200 True 0.2109375 73.78709888458252 0
300 True 0.0546875 58.0646493434906 0
400 True 0.1328125 85.42450976371765 0
500 True 0.21875 93.71282386779785 0
600 True 0.1484375 102.19963431358337 0
700 True 0.140625 102.19905352592468 0
800 True 0.203125 95.97778058052063 0
900 False 0.0 0.0 0
1000 True 0.125 98.65428614616394 0
1100 True 0.1796875 91.66494226455688 0
1200 True 0.0859375 77.20824480056763 0
1300 True 0.140625 98.60242509841919 0
1400 True 0.1640625 93.39145135879517 0
1500 False 0.0 0.0 0
1600 True 0.0859375 60.03494215011597 0
1700 True 0.1484375 98.85049557685852 0
1800 True 0.015625 44.86047697067261 0
1900 True 0.03125 54.11225128173828 0
2000 True 0.1171875 89.25893974304199 0
2100 True 0.1328125 93.00612497329712 0
2200 True 0.1328125 103.92309188842773 0
2300 True 0.078125 63.96455645561218 0
2400 True 0.109375 87.44054174423218 0
2500 True 0.125 106.18991684913635 0
2600 True 0.2265625 93.24281692504883 0
2700 True 0.125 104.77400422096252 0
2800 True 0.0859375 54.37217736244202 0
2900 True 0.125 83.01743984222412 0
3000 True 0.1328125 103.99986791610718 0
3100 True 0.1015625 68.31524109840393 0
3200 True 0.1953125 94.9728775024414 0
3300 True 0.1328125 101.83299946784973 0
3400 True 0.171875 106.08951711654663 0
3500 True 0.1875 98.93860650062561 0
3600 True 0.125 84.3411955833435 0
3700 True 0.1640625 101.63926339149475 0
3800 True 0.1328125 107.510737657547 0
3900 True 0.140625 105.3646593093872 0
4000 True 0.0546875 48.52077102661133 0
4100 True 0.1328125 72.07708311080933 0
4200 True 0.125 100.3587749004364 0
4300 True 0.015625 46.362268924713135 0
4400 True 0.046875 64.37395334243774 0
4500 False 0.0 0.0 0
4600 True 0.234375 99.11182856559753 0
4700 True 0.1796875 100.07939791679382 0
4800 True 0.171875 102.17036247253418 0
4900 True 0.125 104.28275752067566 0
5000 True 0.1640625 99.68724370002747 0
5100 True 0.1640625 91.93272852897644 0
5200 True 0.140625 105.57206964492798 0
5300 True 0.2265625 99.50592088699341 0
5400 True 0.125 98.75630569458008 0
5500 True 0.1796875 91.4720618724823 0
5600 True 0.1015625 76.83428645133972 0
5700 True 0.1796875 100.87789678573608 0
5800 True 0.1640625 93.04150676727295 0
5900 True 0.1796875 100.26062798500061 0
6000 True 0.140625 100.5198335647583 0
6100 True 0.1640625 80.73016738891602 0
6200 True 0.1875 97.90962100028992 0
6300 True 0.140625 96.42551016807556 0
6400 True 0.0859375 58.497673749923706 0
6500 True 0.1796875 96.67456269264221 0
6600 True 0.0859375 88.64300012588501 0
6700 True 0.0859375 85.15545463562012 0
6800 True 0.125 101.02676272392273 0
6900 True 0.1328125 100.59636807441711 0
7000 True 0.140625 110.19635534286499 0
7100 True 0.1953125 103.44596314430237 0
7200 True 0.0546875 46.66346192359924 0
7300 True 0.1796875 101.03504943847656 0
7400 True 0.1171875 77.41344952583313 0
7500 True 0.2109375 97.49130988121033 0
7600 True 0.1484375 106.85869455337524 0
7700 True 0.1015625 83.4072515964508 0
7800 False 0.0 0.0 0
7900 True 0.125 81.56466364860535 0
8000 True 0.1796875 84.99140667915344 0
8100 True 0.1640625 99.72717952728271 0
8200 True 0.1640625 75.1916024684906 0
8300 True 0.2578125 103.05664396286011 0
8400 True 0.15625 99.21065711975098 0
8500 True 0.1953125 93.68245100975037 0
8600 True 0.1640625 107.79008340835571 0
8700 True 0.1796875 99.26210474967957 0
8800 True 0.25 101.74854302406311 0
8900 True 0.1640625 99.74044823646545 0
9000 True 0.1640625 103.24818158149719 0
9100 True 0.2265625 93.3630428314209 0
9200 True 0.1328125 100.622807264328 0
9300 True 0.1796875 102.25981211662292 0
9400 True 0.0234375 36.2254753112793 0
9500 True 0.1796875 88.57852840423584 0
9600 True 0.1640625 106.89352011680603 0
9700 True 0.046875 71.81495094299316 0
9800 True 0.140625 95.61302518844604 0
9900 True 0.1640625 99.03185844421387 0
