0 True 0 18.53836441040039 0
100 True 0 17.701202392578125 0
200 True 0 16.70988655090332 0
300 True 0 18.72913360595703 0
400 True 0 17.704610347747803 0
500 True 0 17.28940510749817 0
600 True 0 18.10769248008728 0
700 True 0 18.073845624923706 0
800 True 0 18.208879470825195 0
900 True 0 18.49345564842224 0
1000 True 0 18.325658082962036 0
1100 True 0 17.747920751571655 0
1200 False 0 0.0 0
1300 True 0 18.281441688537598 0
1400 True 0 16.7363121509552 0
1500 False 0 0.0 0
1600 True 0 17.503631353378296 0
1700 True 0 17.568576335906982 0
1800 True 0 17.80193257331848 0
1900 True 0 17.694491147994995 0
2000 True 0 18.26294255256653 0
2100 True 0 18.13904619216919 0
2200 True 0 18.294206142425537 0
2300 True 0 17.24324607849121 0
2400 True 0 18.622763633728027 0
2500 True 0 18.54183602333069 0
2600 True 0 15.385061502456665 0
2700 True 0 16.731127738952637 0
2800 True 0 16.247292280197144 0
2900 True 0 17.015519380569458 0
3000 True 0 16.810136318206787 0
3100 True 0 16.72696018218994 0
3200 True 0 15.692734241485596 0
3300 True 0 17.38981318473816 0
3400 True 0 16.68923282623291 0
3500 True 0 16.12369155883789 0
3600 True 0 16.059946060180664 0
3700 True 0 16.847709894180298 0
3800 True 0 16.74126958847046 0
3900 True 0 17.166245460510254 0
4000 True 0 16.515244960784912 0
4100 True 0 15.49551510810852 0
4200 True 0 17.33107042312622 0
4300 True 0 17.66790771484375 0
4400 True 0 17.425495386123657 0
4500 False 0 0.0 0
4600 True 0 17.121853590011597 0
4700 True 0 17.636451244354248 0
4800 True 0 18.063836336135864 0
4900 True 0 15.927881479263306 0
5000 True 0 18.073129892349243 0
5100 True 0 17.723076343536377 0
5200 True 0 18.024735689163208 0
5300 True 0 17.832767963409424 0
5400 True 0 18.078815937042236 0
5500 True 0 16.68261957168579 0
5600 False 0 0.0 0
5700 True 0 17.725218534469604 0
5800 True 0 17.41685390472412 0
5900 True 0 17.994356632232666 0
6000 True 0 17.925631284713745 0
6100 True 0 17.279136896133423 0
6200 True 0 17.617347717285156 0
6300 True 0 17.75235414505005 0
6400 True 0 17.82494854927063 0
6500 True 0 17.93236231803894 0
6600 True 0 18.873442888259888 0
6700 True 0 18.19061255455017 0
6800 True 0 17.636239528656006 0
6900 True 0 18.531614542007446 0
7000 True 0 18.72754955291748 0
7100 True 0 17.65884494781494 0
7200 True 0 17.73653531074524 0
7300 True 0 17.79622459411621 0
7400 True 0 18.018802165985107 0
7500 True 0 17.953222274780273 0
7600 True 0 17.958779096603394 0
7700 True 0 18.60167145729065 0
7800 False 0 0.0 0
7900 True 0 17.451775312423706 0
8000 True 0 16.84715247154236 0
8100 True 0 17.558133602142334 0
8200 True 0 16.988370418548584 0
8300 True 0 17.196523189544678 0
8400 True 0 16.41645622253418 0
8500 True 0 16.467629432678223 0
8600 True 0 17.174516439437866 0
8700 True 0 16.86432957649231 0
8800 True 0 16.83667254447937 0
8900 True 0 17.246145009994507 0
9000 True 0 16.01480793952942 0
9100 True 0 16.193127870559692 0
9200 True 0 17.691582679748535 0
9300 True 0 18.20086097717285 0
9400 True 0 17.178473711013794 0
9500 True 0 16.598745107650757 0
9600 True 0 18.17228651046753 0
9700 True 0 17.75051760673523 0
9800 True 0 17.60829520225525 0
9900 True 0 17.390845775604248 0
