0 True 0.0 107.74415254592896 0
100 True 0.0 110.16053295135498 0
200 True 0.0 106.0186357498169 0
300 True 0.0 111.33698391914368 0
400 True 0.0 104.39880466461182 0
500 True 0.0 107.52206921577454 0
600 True 0.0 109.61257719993591 0
700 True 0.0 108.74615120887756 0
800 True 0.0 109.50709319114685 0
900 True 0.0 110.95239853858948 0
1000 True 0.0 110.70330047607422 0
1100 True 0.0 105.03090023994446 0
1200 False 0.0 0.0 0
1300 True 0.0 109.5333342552185 0
1400 True 0.0 106.91386890411377 0
1500 False 0.0 0.0 0
1600 True 0.0 109.07924556732178 0
1700 True 0.0 107.31312799453735 0
1800 True 0.0 103.81063842773438 0
1900 True 0.0 107.79475450515747 0
2000 True 0.0 110.3035204410553 0
2100 True 0.0 106.96324062347412 0
2200 True 0.0 108.95510458946228 0
2300 True 0.0 108.02586913108826 0
2400 True 0.0 107.51640176773071 0
2500 True 0.0 108.64453172683716 0
2600 True 0.0 107.57134699821472 0
2700 True 0.0 108.31317496299744 0
2800 True 0.0 108.34106945991516 0
2900 True 0.0 108.00347566604614 0
3000 True 0.0 110.08428168296814 0
3100 True 0.0 107.26365399360657 0
3200 True 0.0 106.52826309204102 0
3300 True 0.0 108.26480269432068 0
3400 True 0.0 106.85629677772522 0
3500 True 0.0 105.23720908164978 0
3600 True 0.0 100.84720277786255 0
3700 True 0.0 100.44664239883423 0
3800 True 0.0 108.3438172340393 0
3900 True 0.0 109.468590259552 0
4000 True 0.0 107.68221712112427 0
4100 True 0.0 102.75326633453369 0
4200 True 0.0 107.19874382019043 0
4300 True 0.0 109.64112663269043 0
4400 True 0.0 107.4704236984253 0
4500 False 0.0 0.0 0
4600 True 0.0 102.64287805557251 0
4700 True 0.0 106.73883986473083 0
4800 True 0.0 107.9584424495697 0
4900 True 0.0 108.7565803527832 0
5000 True 0.0 107.29480743408203 0
5100 True 0.0 106.8384838104248 0
5200 True 0.0 108.78071117401123 0
5300 True 0.0 108.75823998451233 0
5400 True 0.0 110.10122442245483 0
5500 True 0.0 106.22475004196167 0
5600 False 0.0 0.0 0
5700 True 0.0 108.74685740470886 0
5800 True 0.0 107.33215308189392 0
5900 True 0.0 106.84394907951355 0
6000 True 0.0 105.61443948745728 0
6100 True 0.0 105.38292956352234 0
6200 True 0.0 106.64595675468445 0
6300 True 0.0 107.0747971534729 0
6400 True 0.0 106.20092272758484 0
6500 True 0.0 107.85981702804565 0
6600 True 0.0 109.94135594367981 0
6700 True 0.0 110.28551387786865 0
6800 True 0.0 105.06137752532959 0
6900 True 0.0 109.11232709884644 0
7000 True 0.0 110.5776538848877 0
7100 True 0.0 108.47417163848877 0
7200 True 0.0 110.56155252456665 0
7300 True 0.0 107.9475507736206 0
7400 True 0.0 106.40601420402527 0
7500 True 0.0 106.51398825645447 0
7600 True 0.0 109.55093789100647 0
7700 True 0.0 108.72093677520752 0
7800 False 0.0 0.0 0
7900 True 0.0 105.07717061042786 0
8000 True 0.0 106.84413266181946 0
8100 True 0.0 107.55064940452576 0
8200 True 0.0 104.39521884918213 0
8300 True 0.0 102.11424970626831 0
8400 True 0.0 108.65483212471008 0
8500 True 0.0 108.92977952957153 0
8600 True 0.0 106.60005784034729 0
8700 True 0.0 106.68481755256653 0
8800 True 0.0 101.75199937820435 0
8900 True 0.0 107.09083104133606 0
9000 True 0.0 107.64156150817871 0
9100 True 0.0 102.25322318077087 0
9200 True 0.0 108.32488989830017 0
9300 True 0.0 105.61267709732056 0
9400 True 0.0 107.14831900596619 0
9500 True 0.0 102.94184064865112 0
9600 True 0.0 107.95775556564331 0
9700 True 0.0 109.5617926120758 0
9800 True 0.0 106.63606572151184 0
9900 True 0.0 108.47360610961914 0
