0 True 1 0.003275156021118164 0
100 False 0 0.0 0
200 False 0 0.0 0
300 True 1 0.0032753944396972656 0
400 True 1 0.0032529830932617188 0
500 False 0 0.0 0
600 True 0 0.003165721893310547 0
700 True 0 0.003348112106323242 0
800 True 0 0.003200531005859375 0
900 False 0 0.0 0
1000 True 1 0.0034971237182617188 0
1100 False 0 0.0 0
1200 True 1 0.0033369064331054688 0
1300 False 0 0.0 0
1400 True 0 0.0033140182495117188 0
1500 True 1 0.003421783447265625 0
1600 False 0 0.0 0
1700 False 0 0.0 0
1800 False 0 0.0 0
1900 True 1 0.0033342838287353516 0
2000 False 0 0.0 0
2100 False 0 0.0 0
2200 True 1 0.0033979415893554688 0
2300 False 0 0.0 0
2400 True 1 0.003549814224243164 0
2500 False 0 0.0 0
2600 True 1 0.003153562545776367 0
2700 False 0 0.0 0
2800 False 0 0.0 0
2900 False 0 0.0 0
3000 True 1 0.0033948421478271484 0
3100 True 1 0.0034575462341308594 0
3200 False 0 0.0 0
3300 False 0 0.0 0
3400 False 0 0.0 0
3500 True 1 0.0032677650451660156 0
3600 False 0 0.0 0
3700 False 0 0.0 0
3800 False 0 0.0 0
3900 False 0 0.0 0
4000 False 0 0.0 0
4100 True 1 0.003412961959838867 0
4200 True 0 0.0030400753021240234 0
4300 True 1 0.0031027793884277344 0
4400 False 0 0.0 0
4500 False 0 0.0 0
4600 False 0 0.0 0
4700 False 0 0.0 0
4800 True 1 0.003017902374267578 0
4900 False 0 0.0 0
5000 True 1 0.0030837059020996094 0
5100 True 1 0.003151416778564453 0
5200 True 1 0.003446340560913086 0
5300 False 0 0.0 0
5400 True 1 0.003297090530395508 0
5500 False 0 0.0 0
5600 False 0 0.0 0
5700 True 0 0.0032639503479003906 0
5800 False 0 0.0 0
5900 False 0 0.0 0
6000 True 1 0.0034477710723876953 0
6100 True 1 0.0035560131072998047 0
6200 False 0 0.0 0
6300 False 0 0.0 0
6400 False 0 0.0 0
6500 False 0 0.0 0
6600 True 1 0.003448009490966797 0
6700 False 0 0.0 0
6800 True 1 0.003377676010131836 0
6900 False 0 0.0 0
7000 False 0 0.0 0
7100 False 0 0.0 0
7200 False 0 0.0 0
7300 True 0 0.0034027099609375 0
7400 True 1 0.0033104419708251953 0
7500 False 0 0.0 0
7600 True 0 0.0034809112548828125 0
7700 True 1 0.0034835338592529297 0
7800 True 1 0.0033681392669677734 0
7900 False 0 0.0 0
8000 True 1 0.003167867660522461 0
8100 False 0 0.0 0
8200 False 0 0.0 0
8300 False 0 0.0 0
8400 False 0 0.0 0
8500 True 1 0.0033240318298339844 0
8600 False 0 0.0 0
8700 True 1 0.003256082534790039 0
8800 True 1 0.0030679702758789062 0
8900 False 0 0.0 0
9000 True 1 0.003058195114135742 0
9100 False 0 0.0 0
9200 True 1 0.003027677536010742 0
9300 False 0 0.0 0
9400 False 0 0.0 0
9500 False 0 0.0 0
9600 True 1 0.0031321048736572266 0
9700 True 1 0.0032224655151367188 0
9800 True 0 0.003270864486694336 0
9900 False 0 0.0 0
