0 False 0.0 0.0 0
100 False 0.0 0.0 0
200 False 0.0 0.0 0
300 True 0.2294921875 0.029447317123413086 0
400 True 0.16015625 0.01871514320373535 0
500 False 0.0 0.0 0
600 True 0.091796875 0.02771306037902832 0
700 False 0.0 0.0 0
800 False 0.0 0.0 0
900 False 0.0 0.0 0
1000 True 0.1259765625 0.02806997299194336 0
1100 False 0.0 0.0 0
1200 False 0.0 0.0 0
1300 True 0.330078125 0.019105911254882812 0
1400 True 0.0732421875 0.027512788772583008 0
1500 False 0.0 0.0 0
1600 False 0.0 0.0 0
1700 False 0.0 0.0 0
1800 False 0.0 0.0 0
1900 True 0.1943359375 0.02010965347290039 0
2000 False 0.0 0.0 0
2100 False 0.0 0.0 0
2200 True 0.1767578125 0.01938152313232422 0
2300 False 0.0 0.0 0
2400 True 0.3837890625 0.0224606990814209 0
2500 False 0.0 0.0 0
2600 True 0.119140625 0.027899503707885742 0
2700 False 0.0 0.0 0
2800 False 0.0 0.0 0
2900 False 0.0 0.0 0
3000 True 0.193359375 0.021182775497436523 0
3100 True 0.08984375 0.019884586334228516 0
3200 False 0.0 0.0 0
3300 False 0.0 0.0 0
3400 True 0.3466796875 0.01889657974243164 0
3500 False 0.0 0.0 0
3600 True 0.0 0.027758121490478516 0
3700 False 0.0 0.0 0
3800 True 0.0537109375 0.02528095245361328 0
3900 False 0.0 0.0 0
4000 True 0.0615234375 0.01882481575012207 0
4100 True 0.029296875 0.01899552345275879 0
4200 False 0.0 0.0 0
4300 False 0.0 0.0 0
4400 False 0.0 0.0 0
4500 False 0.0 0.0 0
4600 False 0.0 0.0 0
4700 False 0.0 0.0 0
4800 True 0.2177734375 0.024646997451782227 0
4900 False 0.0 0.0 0
5000 False 0.0 0.0 0
5100 False 0.0 0.0 0
5200 False 0.0 0.0 0
5300 False 0.0 0.0 0
5400 False 0.0 0.0 0
5500 False 0.0 0.0 0
5600 False 0.0 0.0 0
5700 False 0.0 0.0 0
5800 False 0.0 0.0 0
5900 False 0.0 0.0 0
6000 True 0.078125 0.027977705001831055 0
6100 True 0.0537109375 0.027058124542236328 0
6200 False 0.0 0.0 0
6300 False 0.0 0.0 0
6400 False 0.0 0.0 0
6500 False 0.0 0.0 0
6600 False 0.0 0.0 0
6700 True 0.14453125 0.01874685287475586 0
6800 True 0.158203125 0.019127845764160156 0
6900 False 0.0 0.0 0
7000 False 0.0 0.0 0
7100 True 0.3173828125 0.019633769989013672 0
7200 False 0.0 0.0 0
7300 False 0.0 0.0 0
7400 False 0.0 0.0 0
7500 False 0.0 0.0 0
7600 False 0.0 0.0 0
7700 True 0.2890625 0.02826213836669922 0
7800 True 0.154296875 0.019186019897460938 0
7900 False 0.0 0.0 0
8000 False 0.0 0.0 0
8100 False 0.0 0.0 0
8200 False 0.0 0.0 0
8300 False 0.0 0.0 0
8400 False 0.0 0.0 0
8500 False 0.0 0.0 0
8600 False 0.0 0.0 0
8700 False 0.0 0.0 0
8800 True 0.365234375 0.01841902732849121 0
8900 False 0.0 0.0 0
9000 False 0.0 0.0 0
9100 False 0.0 0.0 0
9200 True 0.056640625 0.028689146041870117 0
9300 False 0.0 0.0 0
9400 True 0.087890625 0.01963496208190918 0
9500 False 0.0 0.0 0
9600 True 0.0751953125 0.019141197204589844 0
9700 True 0.1669921875 0.028242111206054688 0
9800 False 0.0 0.0 0
9900 True 0.0947265625 0.027587890625 0
