0 False 0.0 0.0 0
100 False 0.0 0.0 0
200 False 0.0 0.0 0
300 True 0.015625 0.05030393600463867 0
400 True 0.0185546875 0.04643082618713379 0
500 False 0.0 0.0 0
600 False 0.0 0.0 0
700 True 0.0048828125 0.044348955154418945 0
800 False 0.0 0.0 0
900 False 0.0 0.0 0
1000 True 0.017578125 0.046138763427734375 0
1100 False 0.0 0.0 0
1200 False 0.0 0.0 0
1300 False 0.0 0.0 0
1400 True 0.0185546875 0.0462346076965332 0
1500 False 0.0 0.0 0
1600 False 0.0 0.0 0
1700 False 0.0 0.0 0
1800 False 0.0 0.0 0
1900 True 0.025390625 0.0379490852355957 0
2000 False 0.0 0.0 0
2100 False 0.0 0.0 0
2200 True 0.02734375 0.04686260223388672 0
2300 False 0.0 0.0 0
2400 True 0.0625 0.04527544975280762 0
2500 False 0.0 0.0 0
2600 True 0.0244140625 0.046175241470336914 0
2700 False 0.0 0.0 0
2800 False 0.0 0.0 0
2900 False 0.0 0.0 0
3000 True 0.0361328125 0.04670095443725586 0
3100 True 0.0234375 0.03702139854431152 0
3200 False 0.0 0.0 0
3300 False 0.0 0.0 0
3400 True 0.001953125 0.04499697685241699 0
3500 True 0.0166015625 0.03864860534667969 0
3600 False 0.0 0.0 0
3700 False 0.0 0.0 0
3800 True 0.0107421875 0.037450551986694336 0
3900 False 0.0 0.0 0
4000 False 0.0 0.0 0
4100 True 0.0263671875 0.047738075256347656 0
4200 True 0.0029296875 0.036905527114868164 0
4300 True 0.0048828125 0.03644275665283203 0
4400 False 0.0 0.0 0
4500 False 0.0 0.0 0
4600 False 0.0 0.0 0
4700 True 0.00390625 0.04376554489135742 0
4800 True 0.0244140625 0.046423912048339844 0
4900 True 0.0087890625 0.04343914985656738 0
5000 True 0.017578125 0.03790402412414551 0
5100 False 0.0 0.0 0
5200 True 0.00390625 0.03773236274719238 0
5300 False 0.0 0.0 0
5400 True 0.0087890625 0.03677988052368164 0
5500 False 0.0 0.0 0
5600 False 0.0 0.0 0
5700 False 0.0 0.0 0
5800 False 0.0 0.0 0
5900 False 0.0 0.0 0
6000 False 0.0 0.0 0
6100 True 0.0126953125 0.044396162033081055 0
6200 False 0.0 0.0 0
6300 False 0.0 0.0 0
6400 False 0.0 0.0 0
6500 False 0.0 0.0 0
6600 True 0.013671875 0.04446864128112793 0
6700 True 0.0068359375 0.04557013511657715 0
6800 True 0.0107421875 0.04468345642089844 0
6900 False 0.0 0.0 0
7000 False 0.0 0.0 0
7100 True 0.0263671875 0.04674077033996582 0
7200 False 0.0 0.0 0
7300 False 0.0 0.0 0
7400 False 0.0 0.0 0
7500 False 0.0 0.0 0
7600 False 0.0 0.0 0
7700 True 0.0146484375 0.044031381607055664 0
7800 True 0.0224609375 0.04697132110595703 0
7900 False 0.0 0.0 0
8000 True 0.0234375 0.045737504959106445 0
8100 False 0.0 0.0 0
8200 False 0.0 0.0 0
8300 False 0.0 0.0 0
8400 False 0.0 0.0 0
8500 False 0.0 0.0 0
8600 False 0.0 0.0 0
8700 False 0.0 0.0 0
8800 True 0.0458984375 0.039252281188964844 0
8900 False 0.0 0.0 0
9000 True 0.0146484375 0.03714895248413086 0
9100 False 0.0 0.0 0
9200 True 0.02734375 0.04622340202331543 0
9300 True 0.015625 0.04552888870239258 0
9400 False 0.0 0.0 0
9500 False 0.0 0.0 0
9600 True 0.025390625 0.043999671936035156 0
9700 True 0.0322265625 0.0472874641418457 0
9800 False 0.0 0.0 0
9900 False 0.0 0.0 0
