0 True 0.0048828125 0.049498796463012695 0
100 False 0.0 0.0 0
200 False 0.0 0.0 0
300 True 0.0107421875 0.038789987564086914 0
400 True 0.0224609375 0.03799557685852051 0
500 False 0.0 0.0 0
600 False 0.0 0.0 0
700 True 0.0146484375 0.04351234436035156 0
800 False 0.0 0.0 0
900 False 0.0 0.0 0
1000 True 0.0107421875 0.04613494873046875 0
1100 False 0.0 0.0 0
1200 True 0.00390625 0.03739809989929199 0
1300 False 0.0 0.0 0
1400 False 0.0 0.0 0
1500 True 0.00390625 0.036386966705322266 0
1600 False 0.0 0.0 0
1700 False 0.0 0.0 0
1800 False 0.0 0.0 0
1900 True 0.013671875 0.03649449348449707 0
2000 False 0.0 0.0 0
2100 False 0.0 0.0 0
2200 True 0.021484375 0.038004398345947266 0
2300 True 0.0029296875 0.037050485610961914 0
2400 True 0.0263671875 0.04337358474731445 0
2500 False 0.0 0.0 0
2600 True 0.01171875 0.037412166595458984 0
2700 False 0.0 0.0 0
2800 True 0.001953125 0.036496639251708984 0
2900 False 0.0 0.0 0
3000 True 0.0205078125 0.0371096134185791 0
3100 True 0.0166015625 0.03815340995788574 0
3200 False 0.0 0.0 0
3300 False 0.0 0.0 0
3400 False 0.0 0.0 0
3500 True 0.0126953125 0.03699898719787598 0
3600 False 0.0 0.0 0
3700 False 0.0 0.0 0
3800 True 0.005859375 0.03746366500854492 0
3900 True 0.0009765625 0.045617103576660156 0
4000 False 0.0 0.0 0
4100 True 0.01953125 0.04627799987792969 0
4200 False 0.0 0.0 0
4300 True 0.0126953125 0.03800368309020996 0
4400 False 0.0 0.0 0
4500 False 0.0 0.0 0
4600 True 0.0 0.03802490234375 0
4700 False 0.0 0.0 0
4800 True 0.0107421875 0.037738800048828125 0
4900 True 0.0029296875 0.03752732276916504 0
5000 True 0.009765625 0.040871620178222656 0
5100 True 0.0087890625 0.039467573165893555 0
5200 True 0.0205078125 0.03863930702209473 0
5300 False 0.0 0.0 0
5400 True 0.0009765625 0.042214393615722656 0
5500 False 0.0 0.0 0
5600 False 0.0 0.0 0
5700 True 0.0068359375 0.0376279354095459 0
5800 False 0.0 0.0 0
5900 False 0.0 0.0 0
6000 True 0.0078125 0.046730995178222656 0
6100 True 0.0078125 0.04621529579162598 0
6200 False 0.0 0.0 0
6300 False 0.0 0.0 0
6400 False 0.0 0.0 0
6500 False 0.0 0.0 0
6600 True 0.0078125 0.04486441612243652 0
6700 True 0.0048828125 0.0376744270324707 0
6800 True 0.005859375 0.042346954345703125 0
6900 False 0.0 0.0 0
7000 False 0.0 0.0 0
7100 False 0.0 0.0 0
7200 False 0.0 0.0 0
7300 True 0.0048828125 0.03747296333312988 0
7400 True 0.0126953125 0.03668951988220215 0
7500 False 0.0 0.0 0
7600 False 0.0 0.0 0
7700 True 0.0068359375 0.03734421730041504 0
7800 True 0.005859375 0.036993980407714844 0
7900 False 0.0 0.0 0
8000 True 0.0185546875 0.036457061767578125 0
8100 False 0.0 0.0 0
8200 False 0.0 0.0 0
8300 False 0.0 0.0 0
8400 False 0.0 0.0 0
8500 True 0.0107421875 0.04500746726989746 0
8600 False 0.0 0.0 0
8700 True 0.009765625 0.0458226203918457 0
8800 True 0.02734375 0.046439409255981445 0
8900 False 0.0 0.0 0
9000 True 0.013671875 0.04579615592956543 0
9100 False 0.0 0.0 0
9200 True 0.0185546875 0.04539990425109863 0
9300 False 0.0 0.0 0
9400 True 0.0 0.043609619140625 0
9500 False 0.0 0.0 0
9600 True 0.0166015625 0.04503202438354492 0
9700 True 0.0107421875 0.04529452323913574 0
9800 True 0.0 0.04459023475646973 0
9900 False 0.0 0.0 0
