0 False 0.0 0.0 0
100 False 0.0 0.0 0
200 False 0.0 0.0 0
300 True 0.0029296875 2.562394857406616 0
400 True 0.021484375 2.305727005004883 0
500 False 0.0 0.0 0
600 True 0.0029296875 2.406334638595581 0
700 True 0.0078125 2.30904221534729 0
800 True 0.009765625 2.3267829418182373 0
900 False 0.0 0.0 0
1000 True 0.013671875 2.3918466567993164 0
1100 False 0.0 0.0 0
1200 True 0.0048828125 2.3583176136016846 0
1300 False 0.0 0.0 0
1400 False 0.0 0.0 0
1500 True 0.0087890625 2.3029441833496094 0
1600 False 0.0 0.0 0
1700 True 0.0 2.38481068611145 0
1800 True 0.001953125 2.300720691680908 0
1900 True 0.013671875 2.3975415229797363 0
2000 False 0.0 0.0 0
2100 False 0.0 0.0 0
2200 True 0.0068359375 2.334981679916382 0
2300 False 0.0 0.0 0
2400 True 0.0322265625 2.3949954509735107 0
2500 True 0.001953125 2.3131041526794434 0
2600 True 0.01171875 2.38090181350708 0
2700 True 0.0078125 2.3319509029388428 0
2800 False 0.0 0.0 0
2900 False 0.0 0.0 0
3000 True 0.0126953125 2.383456230163574 0
3100 True 0.0087890625 2.3340182304382324 0
3200 False 0.0 0.0 0
3300 True 0.0048828125 2.425450086593628 0
3400 False 0.0 0.0 0
3500 True 0.0048828125 2.293938636779785 0
3600 False 0.0 0.0 0
3700 False 0.0 0.0 0
3800 True 0.0078125 2.385089159011841 0
3900 False 0.0 0.0 0
4000 False 0.0 0.0 0
4100 True 0.015625 2.3598272800445557 0
4200 False 0.0 0.0 0
4300 True 0.0126953125 2.362858295440674 0
4400 False 0.0 0.0 0
4500 True 0.0029296875 2.310854434967041 0
4600 False 0.0 0.0 0
4700 False 0.0 0.0 0
4800 True 0.013671875 2.377764940261841 0
4900 False 0.0 0.0 0
5000 True 0.0146484375 2.3127799034118652 0
5100 True 0.0078125 2.372981071472168 0
5200 True 0.01171875 2.3555381298065186 0
5300 False 0.0 0.0 0
5400 True 0.001953125 2.352240562438965 0
5500 True 0.0029296875 2.3294572830200195 0
5600 True 0.00390625 2.318868637084961 0
5700 True 0.0068359375 2.370441436767578 0
5800 False 0.0 0.0 0
5900 False 0.0 0.0 0
6000 True 0.0009765625 2.345132350921631 0
6100 True 0.0087890625 2.356783628463745 0
6200 False 0.0 0.0 0
6300 True 0.005859375 2.300011157989502 0
6400 False 0.0 0.0 0
6500 False 0.0 0.0 0
6600 True 0.0166015625 2.3065783977508545 0
6700 True 0.0068359375 2.408341646194458 0
6800 True 0.0029296875 2.5857770442962646 0
6900 False 0.0 0.0 0
7000 False 0.0 0.0 0
7100 False 0.0 0.0 0
7200 False 0.0 0.0 0
7300 False 0.0 0.0 0
7400 True 0.0087890625 2.422868251800537 0
7500 True 0.009765625 2.299509286880493 0
7600 False 0.0 0.0 0
7700 True 0.009765625 2.323995590209961 0
7800 True 0.01171875 2.3004684448242188 0
7900 False 0.0 0.0 0
8000 True 0.005859375 2.6521661281585693 0
8100 False 0.0 0.0 0
8200 False 0.0 0.0 0
8300 False 0.0 0.0 0
8400 False 0.0 0.0 0
8500 True 0.009765625 2.504275321960449 0
8600 False 0.0 0.0 0
8700 True 0.001953125 2.3683595657348633 0
8800 True 0.0224609375 2.332380533218384 0
8900 False 0.0 0.0 0
9000 True 0.0166015625 2.3633484840393066 0
9100 False 0.0 0.0 0
9200 True 0.015625 2.324065923690796 0
9300 True 0.0048828125 2.3186779022216797 0
9400 True 0.0087890625 2.357889175415039 0
9500 True 0.0078125 2.370342493057251 0
9600 True 0.01171875 2.333322048187256 0
9700 True 0.0087890625 2.2839367389678955 0
9800 True 0.0126953125 2.326462507247925 0
9900 False 0.0 0.0 0
