0 True 0.1279296875 2.4687132835388184 0
100 False 0.0 0.0 0
200 False 0.0 0.0 0
300 True 0.2763671875 2.3296589851379395 0
400 True 0.23046875 2.293565273284912 0
500 True 0.1865234375 2.25903058052063 0
600 False 0.0 0.0 0
700 True 0.146484375 2.3010780811309814 0
800 True 0.185546875 2.456620693206787 0
900 False 0.0 0.0 0
1000 True 0.1845703125 2.517177104949951 0
1100 False 0.0 0.0 0
1200 True 0.1630859375 2.5136899948120117 0
1300 False 0.0 0.0 0
1400 True 0.0751953125 2.499263286590576 0
1500 False 0.0 0.0 0
1600 False 0.0 0.0 0
1700 False 0.0 0.0 0
1800 False 0.0 0.0 0
1900 True 0.2001953125 2.4162814617156982 0
2000 False 0.0 0.0 0
2100 False 0.0 0.0 0
2200 True 0.1767578125 2.2922580242156982 0
2300 False 0.0 0.0 0
2400 True 0.271484375 2.4218533039093018 0
2500 False 0.0 0.0 0
2600 True 0.236328125 2.541205644607544 0
2700 False 0.0 0.0 0
2800 False 0.0 0.0 0
2900 True 0.1962890625 2.5680363178253174 0
3000 True 0.25 2.4331445693969727 0
3100 True 0.060546875 2.2546017169952393 0
3200 False 0.0 0.0 0
3300 False 0.0 0.0 0
3400 True 0.330078125 2.2129292488098145 0
3500 False 0.0 0.0 0
3600 False 0.0 0.0 0
3700 False 0.0 0.0 0
3800 True 0.0849609375 2.182943820953369 0
3900 False 0.0 0.0 0
4000 False 0.0 0.0 0
4100 True 0.234375 2.205648899078369 0
4200 False 0.0 0.0 0
4300 True 0.1953125 2.240990400314331 0
4400 False 0.0 0.0 0
4500 False 0.0 0.0 0
4600 False 0.0 0.0 0
4700 False 0.0 0.0 0
4800 True 0.2412109375 2.2058334350585938 0
4900 False 0.0 0.0 0
5000 True 0.2587890625 2.2061259746551514 0
5100 True 0.2548828125 2.2243990898132324 0
5200 True 0.2412109375 2.2229466438293457 0
5300 False 0.0 0.0 0
5400 False 0.0 0.0 0
5500 False 0.0 0.0 0
5600 False 0.0 0.0 0
5700 True 0.185546875 2.2221102714538574 0
5800 False 0.0 0.0 0
5900 False 0.0 0.0 0
6000 True 0.1904296875 2.264186382293701 0
6100 True 0.1416015625 2.2303993701934814 0
6200 False 0.0 0.0 0
6300 False 0.0 0.0 0
6400 True 0.240234375 2.3068156242370605 0
6500 False 0.0 0.0 0
6600 True 0.23046875 2.1958820819854736 0
6700 False 0.0 0.0 0
6800 True 0.255859375 2.2330551147460938 0
6900 True 0.2314453125 2.203303575515747 0
7000 False 0.0 0.0 0
7100 True 0.2861328125 2.3560256958007812 0
7200 False 0.0 0.0 0
7300 False 0.0 0.0 0
7400 False 0.0 0.0 0
7500 True 0.15625 2.2488720417022705 0
7600 True 0.1337890625 2.355071783065796 0
7700 True 0.3037109375 2.2316343784332275 0
7800 True 0.1318359375 2.2013466358184814 0
7900 False 0.0 0.0 0
8000 True 0.1396484375 2.455110549926758 0
8100 False 0.0 0.0 0
8200 False 0.0 0.0 0
8300 False 0.0 0.0 0
8400 False 0.0 0.0 0
8500 False 0.0 0.0 0
8600 True 0.1787109375 2.277920961380005 0
8700 True 0.169921875 2.1806769371032715 0
8800 True 0.26171875 2.198418140411377 0
8900 False 0.0 0.0 0
9000 True 0.0986328125 2.193274736404419 0
9100 False 0.0 0.0 0
9200 True 0.169921875 2.5384631156921387 0
9300 True 0.1787109375 2.5983057022094727 0
9400 True 0.1416015625 2.2184667587280273 0
9500 False 0.0 0.0 0
9600 True 0.123046875 2.177093505859375 0
9700 True 0.1357421875 2.2153282165527344 0
9800 False 0.0 0.0 0
9900 False 0.0 0.0 0
