0 False 0 0.0 0
100 False 0 0.0 0
200 False 0 0.0 0
300 True 0 4.187664031982422 0
400 True 0 4.153578042984009 0
500 False 0 0.0 0
600 True 0 4.074901103973389 0
700 True 0 4.154161691665649 0
800 True 0 4.196024417877197 0
900 False 0 0.0 0
1000 True 0 4.066823720932007 0
1100 False 0 0.0 0
1200 True 0 3.969054698944092 0
1300 False 0 0.0 0
1400 True 0 4.227186679840088 0
1500 True 0 4.0935797691345215 0
1600 False 0 0.0 0
1700 False 0 0.0 0
1800 False 0 0.0 0
1900 True 0 4.090461730957031 0
2000 False 0 0.0 0
2100 False 0 0.0 0
2200 True 0 4.003281593322754 0
2300 False 0 0.0 0
2400 True 1 3.9898645877838135 0
2500 False 0 0.0 0
2600 True 0 4.0804643630981445 0
2700 True 0 4.078350305557251 0
2800 False 0 0.0 0
2900 False 0 0.0 0
3000 True 0 4.135211229324341 0
3100 True 0 4.004942893981934 0
3200 False 0 0.0 0
3300 True 0 4.248634338378906 0
3400 False 0 0.0 0
3500 True 0 4.118822336196899 0
3600 False 0 0.0 0
3700 False 0 0.0 0
3800 True 0 4.0911219120025635 0
3900 False 0 0.0 0
4000 False 0 0.0 0
4100 True 0 4.182005882263184 0
4200 False 0 0.0 0
4300 True 0 4.051196813583374 0
4400 False 0 0.0 0
4500 False 0 0.0 0
4600 False 0 0.0 0
4700 False 0 0.0 0
4800 True 0 4.135873317718506 0
4900 False 0 0.0 0
5000 True 0 4.1984703540802 0
5100 True 0 4.125158309936523 0
5200 True 0 4.154545783996582 0
5300 False 0 0.0 0
5400 True 0 4.0524609088897705 0
5500 True 0 4.12566876411438 0
5600 False 0 0.0 0
5700 True 0 4.368727207183838 0
5800 False 0 0.0 0
5900 True 0 4.116957664489746 0
6000 True 0 4.126131534576416 0
6100 True 0 4.157126426696777 0
6200 False 0 0.0 0
6300 True 0 4.208389043807983 0
6400 False 0 0.0 0
6500 False 0 0.0 0
6600 True 0 4.075664758682251 0
6700 True 0 4.252700090408325 0
6800 True 0 4.2589802742004395 0
6900 False 0 0.0 0
7000 False 0 0.0 0
7100 True 0 4.186803340911865 0
7200 False 0 0.0 0
7300 False 0 0.0 0
7400 True 0 4.153830051422119 0
7500 True 0 4.128582954406738 0
7600 False 0 0.0 0
7700 True 0 4.151873588562012 0
7800 True 0 3.9790213108062744 0
7900 False 0 0.0 0
8000 True 0 4.1343605518341064 0
8100 True 0 4.133779048919678 0
8200 False 0 0.0 0
8300 False 0 0.0 0
8400 False 0 0.0 0
8500 True 0 4.196068525314331 0
8600 True 0 4.163703918457031 0
8700 False 0 0.0 0
8800 True 0 3.9574766159057617 0
8900 False 0 0.0 0
9000 True 0 4.008267164230347 0
9100 False 0 0.0 0
9200 True 0 4.020713567733765 0
9300 True 0 4.183919906616211 0
9400 True 0 4.161770582199097 0
9500 True 0 4.177947044372559 0
9600 True 0 4.0967395305633545 0
9700 True 0 4.0422282218933105 0
9800 True 0 4.04340386390686 0
9900 False 0 0.0 0
