0 True 0.0 123.59660649299622 1
100 False 0.0 0.0 0
200 False 0.0 0.0 0
300 True 0.0 121.13966274261475 1
400 True 0.0 120.9399642944336 1
500 True 0.0 124.46724915504456 1
600 True 0.0 126.36236667633057 1
700 True 0.0 123.96045446395874 1
800 True 0.0 126.67224955558777 1
900 False 0.0 0.0 0
1000 True 0.0 120.7881121635437 1
1100 False 0.0 0.0 0
1200 True 0.0 123.12790894508362 1
1300 True 0.0 121.55665373802185 1
1400 True 0.0 120.96353459358215 1
1500 True 0.0 120.5 1
1600 False 0.0 0.0 0
1700 False 0.0 0.0 0
1800 True 0.0 120.5 1
1900 True 0.0 120.5 1
2000 False 0.0 0.0 0
2100 False 0.0 0.0 0
2200 True 0.0 120.5 1
2300 False 0.0 0.0 0
2400 True 0.0 120.5 1
2500 True 0.0 120.5 1
2600 True 0.0 120.5 1
2700 False 0.0 0.0 0
2800 False 0.0 0.0 0
2900 False 0.0 0.0 0
3000 True 0.0 120.5 1
3100 True 0.0 120.5 1
3200 False 0.0 0.0 0
3300 True 0.0 120.5 1
3400 False 0.0 0.0 0
3500 True 0.0 120.5 1
3600 False 0.0 0.0 0
3700 False 0.0 0.0 0
3800 True 0.0 120.5 1
3900 False 0.0 0.0 0
4000 False 0.0 0.0 0
4100 True 0.0 120.5 1
4200 False 0.0 0.0 0
4300 True 0.0 120.5 1
4400 False 0.0 0.0 0
4500 True 0.0 120.5 1
4600 False 0.0 0.0 0
4700 False 0.0 0.0 0
4800 True 0.0 120.5 1
4900 True 0.0 120.5 1
5000 True 0.0 120.5 1
5100 True 0.0 120.5 1
5200 True 0.0 120.5 1
5300 False 0.0 0.0 0
5400 False 0.0 0.0 0
5500 False 0.0 0.0 0
5600 True 0.0 120.5 1
5700 False 0.0 0.0 0
5800 False 0.0 0.0 0
5900 False 0.0 0.0 0
6000 True 0.0 120.5 1
6100 True 0.0 120.5 1
6200 False 0.0 0.0 0
6300 True 0.0 120.5 1
6400 False 0.0 0.0 0
6500 False 0.0 0.0 0
6600 True 0.0 120.5 1
6700 True 0.0 120.5 1
6800 True 0.0 120.5 1
6900 False 0.0 0.0 0
7000 False 0.0 0.0 0
7100 False 0.0 0.0 0
7200 False 0.0 0.0 0
7300 False 0.0 0.0 0
7400 False 0.0 0.0 0
7500 True 0.0 120.5 1
7600 False 0.0 0.0 0
7700 True 0.0 120.5 1
7800 True 0.0 120.5 1
7900 False 0.0 0.0 0
8000 True 0.0 120.5 1
8100 False 0.0 0.0 0
8200 False 0.0 0.0 0
8300 False 0.0 0.0 0
8400 True 0.0 120.5 1
8500 True 0.0 120.5 1
8600 False 0.0 0.0 0
8700 True 0.0 120.5 1
8800 True 0.0 120.5 1
8900 False 0.0 0.0 0
9000 True 0.0 120.5 1
9100 False 0.0 0.0 0
9200 True 0.0 120.5 1
9300 True 0.0 120.5 1
9400 True 0.0 120.5 1
9500 True 0.0 120.5 1
9600 True 0.0 120.5 1
9700 True 0.0 120.5 1
9800 True 0.0 120.5 1
9900 False 0.0 0.0 0
