0 False 0 0.0 0
100 True 0 0.6317098140716553 0
200 False 0 0.0 0
300 True 0 0.6150927543640137 0
400 True 0 0.5225322246551514 0
500 False 0 0.0 0
600 False 0 0.0 0
700 False 0 0.0 0
800 False 0 0.0 0
900 False 0 0.0 0
1000 False 0 0.0 0
1100 False 0 0.0 0
1200 False 0 0.0 0
1300 False 0 0.0 0
1400 False 0 0.0 0
1500 False 0 0.0 0
1600 False 0 0.0 0
1700 False 0 0.0 0
1800 False 0 0.0 0
1900 True 0 0.5306639671325684 0
2000 False 0 0.0 0
2100 False 0 0.0 0
2200 True 0 0.5380187034606934 0
2300 False 0 0.0 0
2400 True 0 0.48139071464538574 0
2500 False 0 0.0 0
2600 True 0 0.5947515964508057 0
2700 False 0 0.0 0
2800 False 0 0.0 0
2900 False 0 0.0 0
3000 False 0 0.0 0
3100 True 0 0.5346097946166992 0
3200 False 0 0.0 0
3300 False 0 0.0 0
3400 True 0 0.5476424694061279 0
3500 False 0 0.0 0
3600 True 0 0.5318081378936768 0
3700 False 0 0.0 0
3800 False 0 0.0 0
3900 False 0 0.0 0
4000 False 0 0.0 0
4100 False 0 0.0 0
4200 False 0 0.0 0
4300 True 0 0.530031681060791 0
4400 False 0 0.0 0
4500 False 0 0.0 0
4600 False 0 0.0 0
4700 True 0 0.5474674701690674 0
4800 True 0 0.5612945556640625 0
4900 False 0 0.0 0
5000 False 0 0.0 0
5100 False 0 0.0 0
5200 False 0 0.0 0
5300 False 0 0.0 0
5400 True 0 0.523627519607544 0
5500 False 0 0.0 0
5600 False 0 0.0 0
5700 False 0 0.0 0
5800 False 0 0.0 0
5900 False 0 0.0 0
6000 False 0 0.0 0
6100 True 0 0.531970739364624 0
6200 False 0 0.0 0
6300 False 0 0.0 0
6400 False 0 0.0 0
6500 False 0 0.0 0
6600 False 0 0.0 0
6700 True 0 0.541806697845459 0
6800 True 0 0.597524881362915 0
6900 False 0 0.0 0
7000 False 0 0.0 0
7100 True 0 0.5220451354980469 0
7200 False 0 0.0 0
7300 False 0 0.0 0
7400 False 0 0.0 0
7500 False 0 0.0 0
7600 False 0 0.0 0
7700 True 0 0.5485825538635254 0
7800 True 0 0.5146934986114502 0
7900 False 0 0.0 0
8000 False 0 0.0 0
8100 True 0 0.5307543277740479 0
8200 False 0 0.0 0
8300 False 0 0.0 0
8400 False 0 0.0 0
8500 False 0 0.0 0
8600 False 0 0.0 0
8700 False 0 0.0 0
8800 True 0 0.5102076530456543 0
8900 False 0 0.0 0
9000 False 0 0.0 0
9100 False 0 0.0 0
9200 True 0 0.6700797080993652 0
9300 False 0 0.0 0
9400 True 0 0.658118486404419 0
9500 False 0 0.0 0
9600 True 0 0.5545415878295898 0
9700 True 0 0.6627717018127441 0
9800 False 0 0.0 0
9900 False 0 0.0 0
