0 True 0 19.39218497276306 0
100 False 0 0.0 0
200 False 0 0.0 0
300 True 1 0.27022337913513184 0
400 True 1 0.21737027168273926 0
500 False 0 0.0 0
600 True 1 0.23037338256835938 0
700 True 1 0.1847362518310547 0
800 True 1 0.18789935111999512 0
900 False 0 0.0 0
1000 True 1 0.23479413986206055 0
1100 False 0 0.0 0
1200 True 1 0.18951201438903809 0
1300 False 0 0.0 0
1400 False 0 0.0 0
1500 True 1 0.18374228477478027 0
1600 False 0 0.0 0
1700 False 0 0.0 0
1800 False 0 0.0 0
1900 True 1 0.2235274314880371 0
2000 False 0 0.0 0
2100 False 0 0.0 0
2200 False 0 0.0 0
2300 True 1 0.2096424102783203 0
2400 True 1 0.2147519588470459 0
2500 True 0 0.2665822505950928 0
2600 True 1 0.2068798542022705 0
2700 True 1 0.1887803077697754 0
2800 False 0 0.0 0
2900 False 0 0.0 0
3000 True 1 0.22027325630187988 0
3100 True 1 0.23049449920654297 0
3200 False 0 0.0 0
3300 False 0 0.0 0
3400 False 0 0.0 0
3500 True 1 0.26531982421875 0
3600 False 0 0.0 0
3700 True 1 0.2305769920349121 0
3800 True 1 0.265045166015625 0
3900 False 0 0.0 0
4000 False 0 0.0 0
4100 True 1 0.2225658893585205 0
4200 True 1 0.22817206382751465 0
4300 True 1 0.2207808494567871 0
4400 False 0 0.0 0
4500 True 1 0.23403286933898926 0
4600 False 0 0.0 0
4700 True 1 0.271669864654541 0
4800 True 1 0.2251574993133545 0
4900 True 1 0.22782611846923828 0
5000 True 1 0.1834120750427246 0
5100 True 1 0.25104546546936035 0
5200 True 1 0.1817173957824707 0
5300 True 1 0.2368297576904297 0
5400 True 0 0.18425917625427246 0
5500 True 1 0.2511897087097168 0
5600 True 1 0.24931907653808594 0
5700 True 1 0.23999667167663574 0
5800 False 0 0.0 0
5900 False 0 0.0 0
6000 True 1 0.2420811653137207 0
6100 True 1 0.25116968154907227 0
6200 False 0 0.0 0
6300 False 0 0.0 0
6400 False 0 0.0 0
6500 False 0 0.0 0
6600 True 1 0.17758607864379883 0
6700 True 1 0.24224352836608887 0
6800 True 1 0.27791571617126465 0
6900 False 0 0.0 0
7000 False 0 0.0 0
7100 False 0 0.0 0
7200 False 0 0.0 0
7300 True 0 0.23967790603637695 0
7400 True 1 0.22416973114013672 0
7500 True 1 0.224226713180542 0
7600 False 0 0.0 0
7700 False 0 0.0 0
7800 True 0 0.2242298126220703 0
7900 False 0 0.0 0
8000 True 1 0.2319495677947998 0
8100 False 0 0.0 0
8200 False 0 0.0 0
8300 False 0 0.0 0
8400 False 0 0.0 0
8500 True 1 0.17792153358459473 0
8600 False 0 0.0 0
8700 True 1 0.22881221771240234 0
8800 True 1 0.1706833839416504 0
8900 False 0 0.0 0
9000 True 1 0.2240617275238037 0
9100 False 0 0.0 0
9200 True 1 0.20956110954284668 0
9300 False 0 0.0 0
9400 False 0 0.0 0
9500 True 1 0.2698054313659668 0
9600 True 1 0.2202599048614502 0
9700 True 1 0.2465353012084961 0
9800 True 1 0.21493911743164062 0
9900 False 0 0.0 0
