0 True 0.017578125 40.927724838256836 0
100 False 0.0 0.0 0
200 False 0.0 0.0 0
300 True 0.0478515625 41.6909761428833 0
400 True 0.0185546875 42.64678978919983 0
500 False 0.0 0.0 0
600 True 0.0078125 44.78781723976135 0
700 True 0.00390625 45.844266414642334 0
800 True 0.005859375 46.45018219947815 0
900 False 0.0 0.0 0
1000 True 0.037109375 48.63198113441467 0
1100 False 0.0 0.0 0
1200 True 0.01171875 49.43117332458496 0
1300 False 0.0 0.0 0
1400 True 0.0068359375 51.16639947891235 0
1500 True 0.01171875 51.742311239242554 0
1600 False 0.0 0.0 0
1700 False 0.0 0.0 0
1800 False 0.0 0.0 0
1900 True 0.013671875 51.931824922561646 0
2000 False 0.0 0.0 0
2100 False 0.0 0.0 0
2200 True 0.1513671875 52.64038300514221 0
2300 False 0.0 0.0 0
2400 True 0.0625 55.601245164871216 0
2500 False 0.0 0.0 0
2600 True 0.0419921875 55.5766077041626 0
2700 False 0.0 0.0 0
2800 False 0.0 0.0 0
2900 False 0.0 0.0 0
3000 True 0.06640625 57.196205139160156 0
3100 True 0.09765625 59.246827125549316 0
3200 False 0.0 0.0 0
3300 False 0.0 0.0 0
3400 False 0.0 0.0 0
3500 True 0.017578125 59.52799677848816 0
3600 False 0.0 0.0 0
3700 False 0.0 0.0 0
3800 False 0.0 0.0 0
3900 False 0.0 0.0 0
4000 False 0.0 0.0 0
4100 True 0.05859375 59.343122720718384 0
4200 True 0.00390625 62.16366744041443 0
4300 True 0.0615234375 62.9857234954834 0
4400 False 0.0 0.0 0
4500 False 0.0 0.0 0
4600 False 0.0 0.0 0
4700 False 0.0 0.0 0
4800 True 0.013671875 65.84708738327026 0
4900 False 0.0 0.0 0
5000 True 0.0283203125 65.68384671211243 0
5100 True 0.0126953125 66.94402980804443 0
5200 True 0.03515625 70.30654644966125 0
5300 False 0.0 0.0 0
5400 True 0.0146484375 68.4675624370575 0
5500 False 0.0 0.0 0
5600 False 0.0 0.0 0
5700 True 0.00390625 69.72555637359619 0
5800 False 0.0 0.0 0
5900 False 0.0 0.0 0
6000 True 0.01171875 71.85386967658997 0
6100 True 0.0166015625 72.99838137626648 0
6200 False 0.0 0.0 0
6300 False 0.0 0.0 0
6400 False 0.0 0.0 0
6500 False 0.0 0.0 0
6600 True 0.0322265625 74.07471036911011 0
6700 False 0.0 0.0 0
6800 True 0.0107421875 74.11637663841248 0
6900 False 0.0 0.0 0
7000 False 0.0 0.0 0
7100 False 0.0 0.0 0
7200 False 0.0 0.0 0
7300 True 0.001953125 75.62598872184753 0
7400 True 0.0234375 76.87606310844421 0
7500 False 0.0 0.0 0
7600 True 0.0 78.23236656188965 0
7700 True 0.0244140625 79.44519305229187 0
7800 True 0.0390625 80.35929822921753 0
7900 False 0.0 0.0 0
8000 True 0.0390625 80.78923726081848 0
8100 False 0.0 0.0 0
8200 False 0.0 0.0 0
8300 False 0.0 0.0 0
8400 False 0.0 0.0 0
8500 True 0.0234375 82.13855171203613 0
8600 False 0.0 0.0 0
8700 True 0.0224609375 83.75675344467163 0
8800 True 0.1083984375 83.82152819633484 0
8900 False 0.0 0.0 0
9000 True 0.017578125 87.57094097137451 0
9100 False 0.0 0.0 0
9200 True 0.0390625 88.18888783454895 0
9300 False 0.0 0.0 0
9400 False 0.0 0.0 0
9500 False 0.0 0.0 0
9600 True 0.05859375 87.7442455291748 0
9700 True 0.0283203125 89.25837421417236 0
9800 True 0.005859375 91.19820761680603 0
9900 False 0.0 0.0 0
