0 False 0.0 0.0 0
100 False 0.0 0.0 0
200 False 0.0 0.0 0
300 True 0.0361328125 41.33638143539429 0
400 True 0.3583984375 42.60644340515137 0
500 False 0.0 0.0 0
600 True 0.0888671875 44.37260580062866 0
700 False 0.0 0.0 0
800 False 0.0 0.0 0
900 False 0.0 0.0 0
1000 True 0.0791015625 45.428162813186646 0
1100 False 0.0 0.0 0
1200 False 0.0 0.0 0
1300 True 0.109375 46.24736976623535 0
1400 True 0.072265625 47.567169427871704 0
1500 False 0.0 0.0 0
1600 False 0.0 0.0 0
1700 False 0.0 0.0 0
1800 False 0.0 0.0 0
1900 True 0.0673828125 48.07311177253723 0
2000 False 0.0 0.0 0
2100 False 0.0 0.0 0
2200 True 0.115234375 49.58244824409485 0
2300 False 0.0 0.0 0
2400 True 0.34765625 50.524619579315186 0
2500 False 0.0 0.0 0
2600 True 0.181640625 51.93407654762268 0
2700 False 0.0 0.0 0
2800 False 0.0 0.0 0
2900 False 0.0 0.0 0
3000 True 0.1533203125 53.288268089294434 0
3100 True 0.08984375 53.59935736656189 0
3200 False 0.0 0.0 0
3300 False 0.0 0.0 0
3400 True 0.072265625 51.310442209243774 0
3500 False 0.0 0.0 0
3600 True 0.03515625 52.1246395111084 0
3700 False 0.0 0.0 0
3800 True 0.189453125 52.931947469711304 0
3900 False 0.0 0.0 0
4000 True 0.0146484375 53.962465047836304 0
4100 True 0.1328125 54.7289776802063 0
4200 False 0.0 0.0 0
4300 False 0.0 0.0 0
4400 False 0.0 0.0 0
4500 False 0.0 0.0 0
4600 False 0.0 0.0 0
4700 False 0.0 0.0 0
4800 True 0.3291015625 55.94695234298706 0
4900 False 0.0 0.0 0
5000 False 0.0 0.0 0
5100 False 0.0 0.0 0
5200 False 0.0 0.0 0
5300 False 0.0 0.0 0
5400 False 0.0 0.0 0
5500 False 0.0 0.0 0
5600 False 0.0 0.0 0
5700 False 0.0 0.0 0
5800 False 0.0 0.0 0
5900 False 0.0 0.0 0
6000 True 0.0009765625 56.828043699264526 0
6100 True 0.0380859375 58.651718616485596 0
6200 False 0.0 0.0 0
6300 False 0.0 0.0 0
6400 False 0.0 0.0 0
6500 False 0.0 0.0 0
6600 False 0.0 0.0 0
6700 True 0.0166015625 59.159507751464844 0
6800 True 0.1474609375 60.22978734970093 0
6900 False 0.0 0.0 0
7000 False 0.0 0.0 0
7100 True 0.2529296875 61.90374231338501 0
7200 False 0.0 0.0 0
7300 False 0.0 0.0 0
7400 False 0.0 0.0 0
7500 False 0.0 0.0 0
7600 False 0.0 0.0 0
7700 True 0.0693359375 63.1611762046814 0
7800 True 0.1533203125 63.439860820770264 0
7900 False 0.0 0.0 0
8000 False 0.0 0.0 0
8100 False 0.0 0.0 0
8200 False 0.0 0.0 0
8300 False 0.0 0.0 0
8400 False 0.0 0.0 0
8500 False 0.0 0.0 0
8600 False 0.0 0.0 0
8700 False 0.0 0.0 0
8800 True 0.298828125 64.36951041221619 0
8900 False 0.0 0.0 0
9000 False 0.0 0.0 0
9100 False 0.0 0.0 0
9200 True 0.3076171875 65.67945861816406 0
9300 False 0.0 0.0 0
9400 True 0.076171875 67.03511261940002 0
9500 False 0.0 0.0 0
9600 True 0.2509765625 68.02846264839172 0
9700 True 0.1279296875 68.66699838638306 0
9800 False 0.0 0.0 0
9900 True 0.1298828125 69.87754368782043 0
