0 False 0.0 0.0 0
100 True 0.00390625 4.642156362533569 0
200 False 0.0 0.0 0
300 True 0.0302734375 4.365476131439209 0
400 True 0.0419921875 4.841624736785889 0
500 False 0.0 0.0 0
600 False 0.0 0.0 0
700 True 0.0341796875 6.58636212348938 0
800 True 0.0087890625 6.182925462722778 0
900 False 0.0 0.0 0
1000 True 0.013671875 7.708113193511963 0
1100 False 0.0 0.0 0
1200 False 0.0 0.0 0
1300 False 0.0 0.0 0
1400 False 0.0 0.0 0
1500 False 0.0 0.0 0
1600 False 0.0 0.0 0
1700 False 0.0 0.0 0
1800 False 0.0 0.0 0
1900 True 0.0087890625 7.8526647090911865 0
2000 False 0.0 0.0 0
2100 False 0.0 0.0 0
2200 True 0.05078125 9.34052038192749 0
2300 False 0.0 0.0 0
2400 True 0.033203125 9.80851936340332 0
2500 False 0.0 0.0 0
2600 True 0.02734375 10.736087560653687 0
2700 False 0.0 0.0 0
2800 False 0.0 0.0 0
2900 False 0.0 0.0 0
3000 True 0.0458984375 11.681621551513672 0
3100 True 0.03515625 12.412226438522339 0
3200 False 0.0 0.0 0
3300 False 0.0 0.0 0
3400 False 0.0 0.0 0
3500 True 0.0126953125 13.079020738601685 0
3600 False 0.0 0.0 0
3700 False 0.0 0.0 0
3800 False 0.0 0.0 0
3900 False 0.0 0.0 0
4000 False 0.0 0.0 0
4100 True 0.0322265625 14.474598169326782 0
4200 False 0.0 0.0 0
4300 True 0.0185546875 16.707638263702393 0
4400 False 0.0 0.0 0
4500 False 0.0 0.0 0
4600 True 0.0029296875 15.974854707717896 0
4700 False 0.0 0.0 0
4800 True 0.017578125 16.914437770843506 0
4900 True 0.015625 18.550271034240723 0
5000 True 0.0068359375 19.13442850112915 0
5100 True 0.02734375 20.883450508117676 0
5200 True 0.048828125 20.94312024116516 0
5300 False 0.0 0.0 0
5400 False 0.0 0.0 0
5500 False 0.0 0.0 0
5600 False 0.0 0.0 0
5700 True 0.013671875 22.329617738723755 0
5800 False 0.0 0.0 0
5900 False 0.0 0.0 0
6000 False 0.0 0.0 0
6100 True 0.0146484375 22.967042207717896 0
6200 False 0.0 0.0 0
6300 False 0.0 0.0 0
6400 False 0.0 0.0 0
6500 False 0.0 0.0 0
6600 True 0.015625 23.696972370147705 0
6700 True 0.015625 25.234423875808716 0
6800 True 0.0087890625 26.153088569641113 0
6900 False 0.0 0.0 0
7000 False 0.0 0.0 0
7100 True 0.009765625 26.825845956802368 0
7200 False 0.0 0.0 0
7300 True 0.0107421875 27.236132860183716 0
7400 False 0.0 0.0 0
7500 False 0.0 0.0 0
7600 True 0.0087890625 29.967649936676025 0
7700 True 0.0244140625 29.55534315109253 0
7800 True 0.0 31.587020874023438 0
7900 False 0.0 0.0 0
8000 True 0.0400390625 31.328069925308228 0
8100 False 0.0 0.0 0
8200 False 0.0 0.0 0
8300 False 0.0 0.0 0
8400 False 0.0 0.0 0
8500 True 0.0283203125 33.89632749557495 0
8600 False 0.0 0.0 0
8700 True 0.0234375 33.42772197723389 0
8800 True 0.0654296875 34.23298406600952 0
8900 False 0.0 0.0 0
9000 True 0.0068359375 36.00309133529663 0
9100 False 0.0 0.0 0
9200 True 0.03515625 36.29308295249939 0
9300 False 0.0 0.0 0
9400 True 0.0078125 40.58668255805969 0
9500 False 0.0 0.0 0
9600 True 0.037109375 39.696510553359985 0
9700 True 0.0078125 39.95366835594177 0
9800 True 0.0224609375 42.03011083602905 0
9900 False 0.0 0.0 0
