0 False 0 0.0 0
100 False 0 0.0 0
200 False 0 0.0 0
300 True 1 23.12844729423523 0
400 True 1 21.75772500038147 0
500 False 0 0.0 0
600 False 0 0.0 0
700 True 0 22.219238996505737 0
800 False 0 0.0 0
900 False 0 0.0 0
1000 True 0 21.899731874465942 0
1100 False 0 0.0 0
1200 False 0 0.0 0
1300 False 0 0.0 0
1400 True 1 22.36888599395752 0
1500 False 0 0.0 0
1600 False 0 0.0 0
1700 False 0 0.0 0
1800 False 0 0.0 0
1900 True 1 22.301764726638794 0
2000 False 0 0.0 0
2100 False 0 0.0 0
2200 True 1 22.478447198867798 0
2300 False 0 0.0 0
2400 True 1 22.44159984588623 0
2500 False 0 0.0 0
2600 True 1 22.694804906845093 0
2700 False 0 0.0 0
2800 False 0 0.0 0
2900 False 0 0.0 0
3000 True 1 22.647934198379517 0
3100 True 1 22.795899152755737 0
3200 False 0 0.0 0
3300 False 0 0.0 0
3400 True 0 22.711522817611694 0
3500 True 0 22.950911045074463 0
3600 False 0 0.0 0
3700 False 0 0.0 0
3800 True 0 22.83752942085266 0
3900 False 0 0.0 0
4000 False 0 0.0 0
4100 True 1 23.12486743927002 0
4200 True 0 22.99640679359436 0
4300 True 0 23.050255060195923 0
4400 False 0 0.0 0
4500 False 0 0.0 0
4600 False 0 0.0 0
4700 True 0 22.9947726726532 0
4800 True 1 23.130654096603394 0
4900 True 0 23.118699312210083 0
5000 True 1 23.35955548286438 0
5100 False 0 0.0 0
5200 True 0 23.28850221633911 0
5300 False 0 0.0 0
5400 True 0 23.421920776367188 0
5500 False 0 0.0 0
5600 False 0 0.0 0
5700 False 0 0.0 0
5800 False 0 0.0 0
5900 False 0 0.0 0
6000 False 0 0.0 0
6100 True 0 24.53588581085205 0
6200 False 0 0.0 0
6300 False 0 0.0 0
6400 False 0 0.0 0
6500 False 0 0.0 0
6600 True 0 23.535598754882812 0
6700 True 0 23.34096074104309 0
6800 True 1 23.28836989402771 0
6900 False 0 0.0 0
7000 False 0 0.0 0
7100 True 1 23.10954999923706 0
7200 False 0 0.0 0
7300 False 0 0.0 0
7400 False 0 0.0 0
7500 False 0 0.0 0
7600 False 0 0.0 0
7700 True 1 23.3094642162323 0
7800 True 1 23.20700693130493 0
7900 False 0 0.0 0
8000 True 1 23.399118423461914 0
8100 False 0 0.0 0
8200 False 0 0.0 0
8300 False 0 0.0 0
8400 False 0 0.0 0
8500 False 0 0.0 0
8600 False 0 0.0 0
8700 False 0 0.0 0
8800 True 1 23.23774528503418 0
8900 False 0 0.0 0
9000 True 1 23.447300672531128 0
9100 False 0 0.0 0
9200 True 1 23.19110131263733 0
9300 True 1 23.68714189529419 0
9400 False 0 0.0 0
9500 False 0 0.0 0
9600 True 1 23.637794494628906 0
9700 True 1 23.74650549888611 0
9800 False 0 0.0 0
9900 False 0 0.0 0
