0 False 0 0.0 0
100 False 0 0.0 0
200 False 0 0.0 0
300 True 1 0.8710446357727051 0
400 True 1 0.7416841983795166 0
500 False 0 0.0 0
600 False 0 0.0 0
700 True 1 0.7228877544403076 0
800 True 0 0.7404079437255859 0
900 False 0 0.0 0
1000 True 1 0.7971174716949463 0
1100 False 0 0.0 0
1200 False 0 0.0 0
1300 False 0 0.0 0
1400 True 1 0.9065403938293457 0
1500 False 0 0.0 0
1600 False 0 0.0 0
1700 False 0 0.0 0
1800 False 0 0.0 0
1900 False 0 0.0 0
2000 False 0 0.0 0
2100 False 0 0.0 0
2200 True 1 0.7658560276031494 0
2300 False 0 0.0 0
2400 True 1 0.7840111255645752 0
2500 False 0 0.0 0
2600 True 1 0.788745641708374 0
2700 True 0 0.7998371124267578 0
2800 False 0 0.0 0
2900 False 0 0.0 0
3000 True 1 0.925450325012207 0
3100 True 1 0.7876553535461426 0
3200 False 0 0.0 0
3300 False 0 0.0 0
3400 True 1 0.9492781162261963 0
3500 False 0 0.0 0
3600 False 0 0.0 0
3700 False 0 0.0 0
3800 False 0 0.0 0
3900 False 0 0.0 0
4000 False 0 0.0 0
4100 True 1 0.8151051998138428 0
4200 False 0 0.0 0
4300 False 0 0.0 0
4400 False 0 0.0 0
4500 False 0 0.0 0
4600 False 0 0.0 0
4700 False 0 0.0 0
4800 True 1 0.9469485282897949 0
4900 False 0 0.0 0
5000 False 0 0.0 0
5100 False 0 0.0 0
5200 False 0 0.0 0
5300 False 0 0.0 0
5400 False 0 0.0 0
5500 False 0 0.0 0
5600 False 0 0.0 0
5700 False 0 0.0 0
5800 False 0 0.0 0
5900 False 0 0.0 0
6000 False 0 0.0 0
6100 True 0 0.9621281623840332 0
6200 False 0 0.0 0
6300 False 0 0.0 0
6400 False 0 0.0 0
6500 False 0 0.0 0
6600 True 1 0.8490033149719238 0
6700 True 1 0.8558144569396973 0
6800 True 1 0.8736581802368164 0
6900 False 0 0.0 0
7000 False 0 0.0 0
7100 True 1 0.9583890438079834 0
7200 False 0 0.0 0
7300 True 0 0.9876298904418945 0
7400 False 0 0.0 0
7500 False 0 0.0 0
7600 False 0 0.0 0
7700 True 1 1.0380175113677979 0
7800 True 1 0.9782655239105225 0
7900 False 0 0.0 0
8000 True 1 1.0526740550994873 0
8100 True 1 0.9631679058074951 0
8200 False 0 0.0 0
8300 False 0 0.0 0
8400 False 0 0.0 0
8500 False 0 0.0 0
8600 False 0 0.0 0
8700 False 0 0.0 0
8800 True 1 1.0654313564300537 0
8900 False 0 0.0 0
9000 False 0 0.0 0
9100 False 0 0.0 0
9200 True 1 0.9644896984100342 0
9300 False 0 0.0 0
9400 True 1 1.1075787544250488 0
9500 False 0 0.0 0
9600 True 1 0.9895381927490234 0
9700 True 1 1.0950274467468262 0
9800 False 0 0.0 0
9900 False 0 0.0 0
