0 True 0 33.8066029548645 0
100 False 0 0.0 0
200 False 0 0.0 0
300 True 0 32.30790901184082 0
400 True 1 32.98929524421692 0
500 False 0 0.0 0
600 True 0 32.09711503982544 0
700 True 1 33.34441947937012 0
800 True 1 32.4060742855072 0
900 False 0 0.0 0
1000 True 1 32.873114824295044 0
1100 False 0 0.0 0
1200 False 0 0.0 0
1300 False 0 0.0 0
1400 True 0 32.74816656112671 0
1500 False 0 0.0 0
1600 False 0 0.0 0
1700 False 0 0.0 0
1800 False 0 0.0 0
1900 True 1 33.503018856048584 0
2000 False 0 0.0 0
2100 False 0 0.0 0
2200 True 1 32.58764100074768 0
2300 False 0 0.0 0
2400 True 1 32.987797260284424 0
2500 False 0 0.0 0
2600 True 1 32.73939824104309 0
2700 False 0 0.0 0
2800 False 0 0.0 0
2900 False 0 0.0 0
3000 True 1 33.094489336013794 0
3100 True 1 32.50752019882202 0
3200 False 0 0.0 0
3300 False 0 0.0 0
3400 False 0 0.0 0
3500 True 1 33.22255063056946 0
3600 False 0 0.0 0
3700 False 0 0.0 0
3800 True 1 32.69800543785095 0
3900 False 0 0.0 0
4000 False 0 0.0 0
4100 True 1 33.52898287773132 0
4200 True 1 32.67423415184021 0
4300 True 1 33.396787881851196 0
4400 False 0 0.0 0
4500 False 0 0.0 0
4600 False 0 0.0 0
4700 False 0 0.0 0
4800 True 1 32.78181791305542 0
4900 False 0 0.0 0
5000 True 1 33.434911251068115 0
5100 True 0 33.00199818611145 0
5200 False 0 0.0 0
5300 False 0 0.0 0
5400 False 0 0.0 0
5500 True 0 33.50298547744751 0
5600 False 0 0.0 0
5700 True 1 32.89689660072327 0
5800 False 0 0.0 0
5900 False 0 0.0 0
6000 True 0 33.85163402557373 0
6100 True 1 32.915292739868164 0
6200 False 0 0.0 0
6300 False 0 0.0 0
6400 False 0 0.0 0
6500 False 0 0.0 0
6600 True 1 33.70058083534241 0
6700 True 0 33.297688245773315 0
6800 True 1 34.06012725830078 0
6900 False 0 0.0 0
7000 False 0 0.0 0
7100 True 1 33.547746419906616 0
7200 False 0 0.0 0
7300 False 0 0.0 0
7400 True 1 34.00268244743347 0
7500 True 0 33.67967486381531 0
7600 False 0 0.0 0
7700 True 1 34.08235430717468 0
7800 True 1 33.423349142074585 0
7900 False 0 0.0 0
8000 True 1 33.988603830337524 0
8100 False 0 0.0 0
8200 False 0 0.0 0
8300 False 0 0.0 0
8400 False 0 0.0 0
8500 False 0 0.0 0
8600 False 0 0.0 0
8700 False 0 0.0 0
8800 True 1 33.7522451877594 0
8900 False 0 0.0 0
9000 True 1 34.21394753456116 0
9100 False 0 0.0 0
9200 True 1 33.90908241271973 0
9300 True 1 34.42203903198242 0
9400 True 1 34.045170068740845 0
9500 True 0 33.906405448913574 0
9600 True 1 33.975852251052856 0
9700 True 1 34.11166048049927 0
9800 True 1 34.085840463638306 0
9900 False 0 0.0 0
