0 True 1 39.65366172790527 0
100 True 0 28.13732600212097 0
200 False 0 0.0 0
300 True 1 28.619965076446533 0
400 True 1 28.297807931900024 0
500 False 0 0.0 0
600 False 0 0.0 0
700 True 1 28.88625741004944 0
800 True 1 28.145257711410522 0
900 False 0 0.0 0
1000 True 1 28.848453760147095 0
1100 False 0 0.0 0
1200 True 1 28.566486597061157 0
1300 False 0 0.0 0
1400 True 0 28.90245032310486 0
1500 True 1 28.698089838027954 0
1600 False 0 0.0 0
1700 False 0 0.0 0
1800 True 1 28.79740262031555 0
1900 True 1 28.737328052520752 0
2000 False 0 0.0 0
2100 True 0 28.783615827560425 0
2200 True 0 28.53992223739624 0
2300 False 0 0.0 0
2400 True 1 28.96150255203247 0
2500 True 1 28.627222776412964 0
2600 True 1 28.971678972244263 0
2700 True 1 28.796454906463623 0
2800 True 1 29.515012502670288 0
2900 False 0 0.0 0
3000 True 1 28.872468948364258 0
3100 True 1 29.447973012924194 0
3200 True 1 29.086438179016113 0
3300 True 1 29.346227407455444 0
3400 False 0 0.0 0
3500 True 0 29.130454301834106 0
3600 False 0 0.0 0
3700 False 0 0.0 0
3800 True 1 29.489665985107422 0
3900 False 0 0.0 0
4000 False 0 0.0 0
4100 True 1 28.973806858062744 0
4200 False 0 0.0 0
4300 True 1 29.79893207550049 0
4400 False 0 0.0 0
4500 True 1 29.417131185531616 0
4600 False 0 0.0 0
4700 False 0 0.0 0
4800 True 1 29.829530715942383 0
4900 True 1 29.484620571136475 0
5000 True 1 29.836772680282593 0
5100 False 0 0.0 0
5200 True 1 29.518146276474 0
5300 False 0 0.0 0
5400 False 0 0.0 0
5500 False 0 0.0 0
5600 True 1 30.021220445632935 0
5700 True 1 29.76228356361389 0
5800 False 0 0.0 0
5900 False 0 0.0 0
6000 True 1 29.92610001564026 0
6100 True 1 29.880675315856934 0
6200 False 0 0.0 0
6300 True 1 30.246219873428345 0
6400 False 0 0.0 0
6500 False 0 0.0 0
6600 True 1 29.70597815513611 0
6700 True 1 30.135206937789917 0
6800 True 1 29.654065370559692 0
6900 False 0 0.0 0
7000 False 0 0.0 0
7100 False 0 0.0 0
7200 False 0 0.0 0
7300 False 0 0.0 0
7400 True 1 30.16854214668274 0
7500 True 1 29.9933865070343 0
7600 False 0 0.0 0
7700 True 1 29.970168352127075 0
7800 True 1 29.96073079109192 0
7900 False 0 0.0 0
8000 True 1 30.338975191116333 0
8100 False 0 0.0 0
8200 False 0 0.0 0
8300 False 0 0.0 0
8400 False 0 0.0 0
8500 True 1 30.002443552017212 0
8600 False 0 0.0 0
8700 True 1 30.458167552947998 0
8800 True 1 30.055275917053223 0
8900 True 0 30.13074779510498 0
9000 True 1 30.096432209014893 0
9100 False 0 0.0 0
9200 True 1 30.4368314743042 0
9300 True 1 30.447770357131958 0
9400 True 1 30.605377197265625 0
9500 True 1 30.33119535446167 0
9600 True 1 30.80928325653076 0
9700 True 1 30.53582739830017 0
9800 True 1 32.06582021713257 0
9900 False 0 0.0 0
