0 False 0.0 0.0 0
100 True 0.0224609375 103.01136541366577 0
200 False 0.0 0.0 0
300 True 0.095703125 104.42130708694458 0
400 True 0.111328125 106.42232775688171 0
500 False 0.0 0.0 0
600 False 0.0 0.0 0
700 False 0.0 0.0 0
800 False 0.0 0.0 0
900 False 0.0 0.0 0
1000 False 0.0 0.0 0
1100 False 0.0 0.0 0
1200 False 0.0 0.0 0
1300 False 0.0 0.0 0
1400 False 0.0 0.0 0
1500 False 0.0 0.0 0
1600 False 0.0 0.0 0
1700 False 0.0 0.0 0
1800 False 0.0 0.0 0
1900 True 0.1435546875 107.05793404579163 0
2000 False 0.0 0.0 0
2100 False 0.0 0.0 0
2200 True 0.0673828125 111.14153552055359 0
2300 False 0.0 0.0 0
2400 True 0.1943359375 112.04279923439026 0
2500 False 0.0 0.0 0
2600 True 0.0654296875 113.43016171455383 0
2700 False 0.0 0.0 0
2800 False 0.0 0.0 0
2900 False 0.0 0.0 0
3000 False 0.0 0.0 0
3100 True 0.0771484375 115.27615547180176 0
3200 False 0.0 0.0 0
3300 False 0.0 0.0 0
3400 True 0.1083984375 115.26422047615051 0
3500 False 0.0 0.0 0
3600 True 0.03125 115.4469542503357 0
3700 False 0.0 0.0 0
3800 False 0.0 0.0 0
3900 False 0.0 0.0 0
4000 False 0.0 0.0 0
4100 False 0.0 0.0 0
4200 False 0.0 0.0 0
4300 True 0.0234375 117.41465711593628 0
4400 False 0.0 0.0 0
4500 False 0.0 0.0 0
4600 False 0.0 0.0 0
4700 True 0.021484375 119.23316407203674 0
4800 True 0.005859375 120.12933540344238 1
4900 False 0.0 0.0 0
5000 False 0.0 0.0 0
5100 False 0.0 0.0 0
5200 False 0.0 0.0 0
5300 False 0.0 0.0 0
5400 True 0.013671875 120.63956189155579 1
5500 False 0.0 0.0 0
5600 False 0.0 0.0 0
5700 False 0.0 0.0 0
5800 False 0.0 0.0 0
5900 False 0.0 0.0 0
6000 False 0.0 0.0 0
6100 True 0.0166015625 117.91892051696777 0
6200 False 0.0 0.0 0
6300 False 0.0 0.0 0
6400 False 0.0 0.0 0
6500 False 0.0 0.0 0
6600 False 0.0 0.0 0
6700 True 0.025390625 117.64377021789551 0
6800 True 0.0517578125 119.61575293540955 0
6900 False 0.0 0.0 0
7000 False 0.0 0.0 0
7100 True 0.072265625 120.6435182094574 1
7200 False 0.0 0.0 0
7300 False 0.0 0.0 0
7400 False 0.0 0.0 0
7500 False 0.0 0.0 0
7600 False 0.0 0.0 0
7700 True 0.08984375 120.64628410339355 1
7800 True 0.134765625 120.64662313461304 1
7900 False 0.0 0.0 0
8000 False 0.0 0.0 0
8100 True 0.05078125 120.64578151702881 1
8200 False 0.0 0.0 0
8300 False 0.0 0.0 0
8400 False 0.0 0.0 0
8500 False 0.0 0.0 0
8600 False 0.0 0.0 0
8700 False 0.0 0.0 0
8800 True 0.1953125 120.64453840255737 1
8900 False 0.0 0.0 0
9000 False 0.0 0.0 0
9100 False 0.0 0.0 0
9200 True 0.078125 120.64490818977356 1
9300 False 0.0 0.0 0
9400 True 0.0625 120.64315032958984 1
9500 False 0.0 0.0 0
9600 True 0.1484375 120.6427640914917 1
9700 True 0.078125 120.64183616638184 1
9800 False 0.0 0.0 0
9900 False 0.0 0.0 0
