0 False 0 0.0 0
100 True 0 10.802223682403564 0
200 False 0 0.0 0
300 True 1 10.312356233596802 0
400 True 1 10.514811515808105 0
500 False 0 0.0 0
600 False 0 0.0 0
700 False 0 0.0 0
800 False 0 0.0 0
900 False 0 0.0 0
1000 False 0 0.0 0
1100 False 0 0.0 0
1200 False 0 0.0 0
1300 False 0 0.0 0
1400 False 0 0.0 0
1500 False 0 0.0 0
1600 False 0 0.0 0
1700 False 0 0.0 0
1800 False 0 0.0 0
1900 True 1 10.432732105255127 0
2000 False 0 0.0 0
2100 False 0 0.0 0
2200 True 1 10.680159091949463 0
2300 False 0 0.0 0
2400 True 1 10.597727060317993 0
2500 False 0 0.0 0
2600 True 1 10.770997762680054 0
2700 False 0 0.0 0
2800 False 0 0.0 0
2900 False 0 0.0 0
3000 False 0 0.0 0
3100 True 1 10.711166620254517 0
3200 False 0 0.0 0
3300 False 0 0.0 0
3400 True 1 10.865214824676514 0
3500 False 0 0.0 0
3600 True 1 10.814188241958618 0
3700 False 0 0.0 0
3800 False 0 0.0 0
3900 False 0 0.0 0
4000 False 0 0.0 0
4100 False 0 0.0 0
4200 False 0 0.0 0
4300 True 0 10.957731008529663 0
4400 False 0 0.0 0
4500 False 0 0.0 0
4600 False 0 0.0 0
4700 True 0 10.948442459106445 0
4800 True 0 11.011885643005371 0
4900 False 0 0.0 0
5000 False 0 0.0 0
5100 False 0 0.0 0
5200 False 0 0.0 0
5300 False 0 0.0 0
5400 True 0 10.936209678649902 0
5500 False 0 0.0 0
5600 False 0 0.0 0
5700 False 0 0.0 0
5800 False 0 0.0 0
5900 False 0 0.0 0
6000 False 0 0.0 0
6100 True 0 10.969047784805298 0
6200 False 0 0.0 0
6300 False 0 0.0 0
6400 False 0 0.0 0
6500 False 0 0.0 0
6600 False 0 0.0 0
6700 True 0 11.016199827194214 0
6800 True 1 10.907012462615967 0
6900 False 0 0.0 0
7000 False 0 0.0 0
7100 True 1 11.007217407226562 0
7200 False 0 0.0 0
7300 False 0 0.0 0
7400 False 0 0.0 0
7500 False 0 0.0 0
7600 False 0 0.0 0
7700 True 1 11.126111030578613 0
7800 True 1 10.97715950012207 0
7900 False 0 0.0 0
8000 False 0 0.0 0
8100 True 1 11.085837602615356 0
8200 False 0 0.0 0
8300 False 0 0.0 0
8400 False 0 0.0 0
8500 False 0 0.0 0
8600 False 0 0.0 0
8700 False 0 0.0 0
8800 True 1 11.11665391921997 0
8900 False 0 0.0 0
9000 False 0 0.0 0
9100 False 0 0.0 0
9200 True 1 11.082878589630127 0
9300 False 0 0.0 0
9400 True 1 11.11059856414795 0
9500 False 0 0.0 0
9600 True 1 11.208741903305054 0
9700 True 1 11.167482137680054 0
9800 False 0 0.0 0
9900 False 0 0.0 0
