0 False 0.0 0.0 0
100 True 0.0048828125 8.44271731376648 0
200 False 0.0 0.0 0
300 True 0.03515625 10.411230087280273 0
400 True 0.048828125 10.508503198623657 0
500 False 0.0 0.0 0
600 False 0.0 0.0 0
700 True 0.0146484375 7.492854833602905 0
800 False 0.0 0.0 0
900 False 0.0 0.0 0
1000 True 0.015625 8.830692768096924 0
1100 False 0.0 0.0 0
1200 False 0.0 0.0 0
1300 False 0.0 0.0 0
1400 True 0.0234375 9.279743909835815 0
1500 False 0.0 0.0 0
1600 False 0.0 0.0 0
1700 False 0.0 0.0 0
1800 False 0.0 0.0 0
1900 True 0.021484375 8.56881308555603 0
2000 False 0.0 0.0 0
2100 False 0.0 0.0 0
2200 True 0.052734375 10.548004388809204 0
2300 False 0.0 0.0 0
2400 True 0.0888671875 10.217810869216919 0
2500 False 0.0 0.0 0
2600 True 0.029296875 9.834640264511108 0
2700 False 0.0 0.0 0
2800 False 0.0 0.0 0
2900 False 0.0 0.0 0
3000 True 0.0712890625 10.497138023376465 0
3100 True 0.044921875 10.513262271881104 0
3200 False 0.0 0.0 0
3300 False 0.0 0.0 0
3400 True 0.01171875 9.530860424041748 0
3500 True 0.0234375 9.584266424179077 0
3600 False 0.0 0.0 0
3700 False 0.0 0.0 0
3800 False 0.0 0.0 0
3900 False 0.0 0.0 0
4000 False 0.0 0.0 0
4100 True 0.0341796875 10.147579908370972 0
4200 True 0.0078125 8.214557409286499 0
4300 False 0.0 0.0 0
4400 False 0.0 0.0 0
4500 False 0.0 0.0 0
4600 False 0.0 0.0 0
4700 False 0.0 0.0 0
4800 True 0.0439453125 10.225513935089111 0
4900 False 0.0 0.0 0
5000 True 0.0234375 9.379991054534912 0
5100 False 0.0 0.0 0
5200 True 0.025390625 9.947577953338623 0
5300 False 0.0 0.0 0
5400 True 0.0234375 9.195736646652222 0
5500 False 0.0 0.0 0
5600 False 0.0 0.0 0
5700 False 0.0 0.0 0
5800 False 0.0 0.0 0
5900 False 0.0 0.0 0
6000 False 0.0 0.0 0
6100 True 0.0068359375 8.357099533081055 0
6200 False 0.0 0.0 0
6300 False 0.0 0.0 0
6400 False 0.0 0.0 0
6500 False 0.0 0.0 0
6600 False 0.0 0.0 0
6700 True 0.005859375 8.126278638839722 0
6800 True 0.017578125 9.76105284690857 0
6900 False 0.0 0.0 0
7000 False 0.0 0.0 0
7100 True 0.0517578125 10.229860782623291 0
7200 False 0.0 0.0 0
7300 False 0.0 0.0 0
7400 False 0.0 0.0 0
7500 False 0.0 0.0 0
7600 False 0.0 0.0 0
7700 True 0.033203125 10.681809425354004 0
7800 True 0.0439453125 9.940367937088013 0
7900 False 0.0 0.0 0
8000 True 0.0419921875 9.814842224121094 0
8100 False 0.0 0.0 0
8200 False 0.0 0.0 0
8300 False 0.0 0.0 0
8400 False 0.0 0.0 0
8500 True 0.015625 8.53358769416809 0
8600 False 0.0 0.0 0
8700 False 0.0 0.0 0
8800 True 0.09765625 10.653379440307617 0
8900 False 0.0 0.0 0
9000 False 0.0 0.0 0
9100 False 0.0 0.0 0
9200 True 0.029296875 9.327856540679932 0
9300 True 0.0146484375 8.044792175292969 0
9400 False 0.0 0.0 0
9500 False 0.0 0.0 0
9600 True 0.041015625 10.431768417358398 0
9700 True 0.0615234375 10.150336265563965 0
9800 False 0.0 0.0 0
9900 False 0.0 0.0 0
