0 True 1 0.8025949001312256 0
100 False 0 0.0 0
200 False 0 0.0 0
300 True 1 0.7059040069580078 0
400 True 1 0.642693281173706 0
500 False 0 0.0 0
600 True 0 0.6643221378326416 0
700 True 0 0.7671539783477783 0
800 True 0 0.7441482543945312 0
900 False 0 0.0 0
1000 True 1 0.7573444843292236 0
1100 False 0 0.0 0
1200 True 1 0.6362664699554443 0
1300 False 0 0.0 0
1400 True 0 0.7762739658355713 0
1500 True 1 0.8803062438964844 0
1600 False 0 0.0 0
1700 False 0 0.0 0
1800 False 0 0.0 0
1900 True 1 0.7923612594604492 0
2000 False 0 0.0 0
2100 False 0 0.0 0
2200 True 1 0.5607244968414307 0
2300 False 0 0.0 0
2400 True 1 0.6342623233795166 0
2500 False 0 0.0 0
2600 True 1 0.6995632648468018 0
2700 False 0 0.0 0
2800 False 0 0.0 0
2900 False 0 0.0 0
3000 True 1 0.8604881763458252 0
3100 True 1 0.7756023406982422 0
3200 False 0 0.0 0
3300 False 0 0.0 0
3400 False 0 0.0 0
3500 True 1 0.750967264175415 0
3600 False 0 0.0 0
3700 False 0 0.0 0
3800 False 0 0.0 0
3900 False 0 0.0 0
4000 False 0 0.0 0
4100 True 1 0.6668148040771484 0
4200 True 0 0.7558321952819824 0
4300 True 1 0.7822039127349854 0
4400 False 0 0.0 0
4500 False 0 0.0 0
4600 False 0 0.0 0
4700 False 0 0.0 0
4800 True 1 0.8346364498138428 0
4900 False 0 0.0 0
5000 True 1 0.7397081851959229 0
5100 True 1 0.7479040622711182 0
5200 True 1 0.6923301219940186 0
5300 False 0 0.0 0
5400 True 1 0.766200065612793 0
5500 False 0 0.0 0
5600 False 0 0.0 0
5700 True 0 0.6552469730377197 0
5800 False 0 0.0 0
5900 False 0 0.0 0
6000 True 1 0.7776517868041992 0
6100 True 1 0.8086032867431641 0
6200 False 0 0.0 0
6300 False 0 0.0 0
6400 False 0 0.0 0
6500 False 0 0.0 0
6600 True 1 0.6486642360687256 0
6700 False 0 0.0 0
6800 True 1 0.7366564273834229 0
6900 False 0 0.0 0
7000 False 0 0.0 0
7100 False 0 0.0 0
7200 False 0 0.0 0
7300 True 0 0.7710578441619873 0
7400 True 1 0.806917667388916 0
7500 False 0 0.0 0
7600 True 0 0.793729305267334 0
7700 True 1 0.7496118545532227 0
7800 True 1 0.7029104232788086 0
7900 False 0 0.0 0
8000 True 1 0.7603814601898193 0
8100 False 0 0.0 0
8200 False 0 0.0 0
8300 False 0 0.0 0
8400 False 0 0.0 0
8500 True 1 0.7830405235290527 0
8600 False 0 0.0 0
8700 True 1 0.8251316547393799 0
8800 True 1 0.6970007419586182 0
8900 False 0 0.0 0
9000 True 1 0.6577565670013428 0
9100 False 0 0.0 0
9200 True 1 0.6255011558532715 0
9300 False 0 0.0 0
9400 False 0 0.0 0
9500 False 0 0.0 0
9600 True 1 0.6564762592315674 0
9700 True 1 0.7664787769317627 0
9800 True 0 0.7959990501403809 0
9900 False 0 0.0 0
