0 False 0 0.0 0
100 False 0 0.0 0
200 False 0 0.0 0
300 True 1 2.3342108726501465 0
400 True 1 0.867424488067627 0
500 False 0 0.0 0
600 True 1 0.8021600246429443 0
700 False 0 0.0 0
800 False 0 0.0 0
900 False 0 0.0 0
1000 True 1 0.8228335380554199 0
1100 False 0 0.0 0
1200 False 0 0.0 0
1300 True 1 0.8592953681945801 0
1400 True 1 0.7500817775726318 0
1500 False 0 0.0 0
1600 False 0 0.0 0
1700 False 0 0.0 0
1800 False 0 0.0 0
1900 True 1 0.8365371227264404 0
2000 False 0 0.0 0
2100 False 0 0.0 0
2200 True 1 0.6998534202575684 0
2300 False 0 0.0 0
2400 True 1 0.6529972553253174 0
2500 False 0 0.0 0
2600 True 1 0.6910343170166016 0
2700 False 0 0.0 0
2800 False 0 0.0 0
2900 False 0 0.0 0
3000 True 1 0.7322309017181396 0
3100 True 1 0.6958274841308594 0
3200 False 0 0.0 0
3300 False 0 0.0 0
3400 True 1 0.6982676982879639 0
3500 False 0 0.0 0
3600 True 0 0.9787261486053467 0
3700 False 0 0.0 0
3800 True 1 0.7636842727661133 0
3900 False 0 0.0 0
4000 True 0 0.8819084167480469 0
4100 True 1 0.7040295600891113 0
4200 False 0 0.0 0
4300 False 0 0.0 0
4400 False 0 0.0 0
4500 False 0 0.0 0
4600 False 0 0.0 0
4700 False 0 0.0 0
4800 True 1 0.7585458755493164 0
4900 False 0 0.0 0
5000 False 0 0.0 0
5100 False 0 0.0 0
5200 False 0 0.0 0
5300 False 0 0.0 0
5400 False 0 0.0 0
5500 False 0 0.0 0
5600 False 0 0.0 0
5700 False 0 0.0 0
5800 False 0 0.0 0
5900 False 0 0.0 0
6000 True 0 0.8366937637329102 0
6100 True 1 0.7645094394683838 0
6200 False 0 0.0 0
6300 False 0 0.0 0
6400 False 0 0.0 0
6500 False 0 0.0 0
6600 False 0 0.0 0
6700 True 0 0.8495397567749023 0
6800 True 1 0.6887936592102051 0
6900 False 0 0.0 0
7000 False 0 0.0 0
7100 True 1 0.8131017684936523 0
7200 False 0 0.0 0
7300 False 0 0.0 0
7400 False 0 0.0 0
7500 False 0 0.0 0
7600 False 0 0.0 0
7700 True 1 0.7420015335083008 0
7800 True 1 0.6843609809875488 0
7900 False 0 0.0 0
8000 False 0 0.0 0
8100 False 0 0.0 0
8200 False 0 0.0 0
8300 False 0 0.0 0
8400 False 0 0.0 0
8500 False 0 0.0 0
8600 False 0 0.0 0
8700 False 0 0.0 0
8800 True 1 0.6716146469116211 0
8900 False 0 0.0 0
9000 False 0 0.0 0
9100 False 0 0.0 0
9200 True 1 0.8142886161804199 0
9300 False 0 0.0 0
9400 True 1 0.8694355487823486 0
9500 False 0 0.0 0
9600 True 1 0.7699851989746094 0
9700 True 1 0.6661961078643799 0
9800 False 0 0.0 0
9900 True 1 0.7065749168395996 0
