0 False 0 0.0 0
100 False 0 0.0 0
200 False 0 0.0 0
300 True 1 26.457088947296143 0
400 True 1 20.362366199493408 0
500 False 0 0.0 0
600 False 0 0.0 0
700 True 1 21.426425218582153 0
800 True 0 22.967037439346313 0
900 False 0 0.0 0
1000 True 1 18.36773371696472 0
1100 False 0 0.0 0
1200 False 0 0.0 0
1300 False 0 0.0 0
1400 True 1 22.89591407775879 0
1500 False 0 0.0 0
1600 False 0 0.0 0
1700 False 0 0.0 0
1800 False 0 0.0 0
1900 False 0 0.0 0
2000 False 0 0.0 0
2100 False 0 0.0 0
2200 True 1 20.38408064842224 0
2300 False 0 0.0 0
2400 True 1 20.0708270072937 0
2500 False 0 0.0 0
2600 True 1 18.7396719455719 0
2700 True 0 25.528627157211304 0
2800 False 0 0.0 0
2900 False 0 0.0 0
3000 True 1 14.96652865409851 0
3100 True 1 19.678739309310913 0
3200 False 0 0.0 0
3300 False 0 0.0 0
3400 True 1 15.833622694015503 0
3500 False 0 0.0 0
3600 False 0 0.0 0
3700 False 0 0.0 0
3800 False 0 0.0 0
3900 False 0 0.0 0
4000 False 0 0.0 0
4100 True 1 19.142203330993652 0
4200 False 0 0.0 0
4300 False 0 0.0 0
4400 False 0 0.0 0
4500 False 0 0.0 0
4600 False 0 0.0 0
4700 False 0 0.0 0
4800 True 1 18.280267238616943 0
4900 False 0 0.0 0
5000 False 0 0.0 0
5100 False 0 0.0 0
5200 False 0 0.0 0
5300 False 0 0.0 0
5400 False 0 0.0 0
5500 False 0 0.0 0
5600 False 0 0.0 0
5700 False 0 0.0 0
5800 False 0 0.0 0
5900 False 0 0.0 0
6000 False 0 0.0 0
6100 True 0 19.589096069335938 0
6200 False 0 0.0 0
6300 False 0 0.0 0
6400 False 0 0.0 0
6500 False 0 0.0 0
6600 True 1 19.815590620040894 0
6700 True 1 21.270153522491455 0
6800 True 1 15.079580783843994 0
6900 False 0 0.0 0
7000 False 0 0.0 0
7100 True 1 17.658280849456787 0
7200 False 0 0.0 0
7300 True 0 25.55703115463257 0
7400 False 0 0.0 0
7500 False 0 0.0 0
7600 False 0 0.0 0
7700 True 1 21.060590505599976 0
7800 True 1 21.515303134918213 0
7900 False 0 0.0 0
8000 True 0 23.395545959472656 0
8100 True 1 22.195337772369385 0
8200 False 0 0.0 0
8300 False 0 0.0 0
8400 False 0 0.0 0
8500 False 0 0.0 0
8600 False 0 0.0 0
8700 False 0 0.0 0
8800 True 1 22.48465847969055 0
8900 False 0 0.0 0
9000 False 0 0.0 0
9100 False 0 0.0 0
9200 True 1 20.70147156715393 0
9300 False 0 0.0 0
9400 True 1 27.506049156188965 0
9500 False 0 0.0 0
9600 True 1 21.293124198913574 0
9700 True 1 20.968220472335815 0
9800 False 0 0.0 0
9900 False 0 0.0 0
