0 True 1 29.8196439743042 0
100 False 0 0.0 0
200 False 0 0.0 0
300 True 1 32.972712993621826 0
400 True 1 31.824921131134033 0
500 False 0 0.0 0
600 False 0 0.0 0
700 True 1 34.88707995414734 0
800 False 0 0.0 0
900 False 0 0.0 0
1000 True 1 34.97365617752075 0
1100 False 0 0.0 0
1200 True 1 28.772051334381104 0
1300 False 0 0.0 0
1400 False 0 0.0 0
1500 True 1 33.23053789138794 0
1600 False 0 0.0 0
1700 False 0 0.0 0
1800 False 0 0.0 0
1900 True 1 33.11962604522705 0
2000 False 0 0.0 0
2100 False 0 0.0 0
2200 True 1 28.182809352874756 0
2300 True 1 37.53546595573425 0
2400 True 1 33.62906265258789 0
2500 False 0 0.0 0
2600 True 1 32.88779425621033 0
2700 False 0 0.0 0
2800 True 1 35.23644542694092 0
2900 False 0 0.0 0
3000 True 1 31.798110723495483 0
3100 True 1 33.63953971862793 0
3200 False 0 0.0 0
3300 False 0 0.0 0
3400 False 0 0.0 0
3500 True 1 34.2035346031189 0
3600 False 0 0.0 0
3700 False 0 0.0 0
3800 True 1 35.80768036842346 0
3900 True 0 33.601197719573975 0
4000 False 0 0.0 0
4100 True 1 33.47765231132507 0
4200 False 0 0.0 0
4300 True 1 30.857017993927002 0
4400 False 0 0.0 0
4500 False 0 0.0 0
4600 True 0 32.644696950912476 0
4700 False 0 0.0 0
4800 True 1 31.964073657989502 0
4900 True 1 31.406505823135376 0
5000 True 1 34.35470461845398 0
5100 True 1 35.58794903755188 0
5200 True 1 31.637941598892212 0
5300 False 0 0.0 0
5400 True 1 35.418720960617065 0
5500 False 0 0.0 0
5600 False 0 0.0 0
5700 True 1 34.85590362548828 0
5800 False 0 0.0 0
5900 False 0 0.0 0
6000 True 1 34.40984797477722 0
6100 True 1 36.87855768203735 0
6200 False 0 0.0 0
6300 False 0 0.0 0
6400 False 0 0.0 0
6500 False 0 0.0 0
6600 True 1 34.368398904800415 0
6700 True 1 35.91050148010254 0
6800 True 1 33.28535437583923 0
6900 False 0 0.0 0
7000 False 0 0.0 0
7100 False 0 0.0 0
7200 False 0 0.0 0
7300 True 1 34.78670930862427 0
7400 True 1 34.64721059799194 0
7500 False 0 0.0 0
7600 False 0 0.0 0
7700 True 1 37.08107924461365 0
7800 True 1 32.780059576034546 0
7900 False 0 0.0 0
8000 True 1 35.49957990646362 0
8100 False 0 0.0 0
8200 False 0 0.0 0
8300 False 0 0.0 0
8400 False 0 0.0 0
8500 True 1 33.98350238800049 0
8600 False 0 0.0 0
8700 True 1 36.96294927597046 0
8800 True 1 33.91121482849121 0
8900 False 0 0.0 0
9000 True 1 32.05282759666443 0
9100 False 0 0.0 0
9200 True 1 30.001582145690918 0
9300 False 0 0.0 0
9400 True 0 33.57404136657715 0
9500 False 0 0.0 0
9600 True 1 34.69818663597107 0
9700 True 1 36.86262845993042 0
9800 True 0 32.86739182472229 0
9900 False 0 0.0 0
