0 True 0.0048828125 0.03440451622009277 0
100 False 0.0 0.0 0
200 False 0.0 0.0 0
300 True 0.0126953125 0.03457021713256836 0
400 True 0.0048828125 0.043720245361328125 0
500 False 0.0 0.0 0
600 True 0.0009765625 0.03277778625488281 0
700 True 0.0009765625 0.044434547424316406 0
800 True 0.0029296875 0.033858537673950195 0
900 False 0.0 0.0 0
1000 True 0.01171875 0.03350067138671875 0
1100 False 0.0 0.0 0
1200 True 0.00390625 0.03261208534240723 0
1300 False 0.0 0.0 0
1400 True 0.001953125 0.03349709510803223 0
1500 True 0.00390625 0.03449654579162598 0
1600 False 0.0 0.0 0
1700 False 0.0 0.0 0
1800 False 0.0 0.0 0
1900 True 0.005859375 0.03405332565307617 0
2000 False 0.0 0.0 0
2100 False 0.0 0.0 0
2200 True 0.0244140625 0.034206390380859375 0
2300 False 0.0 0.0 0
2400 True 0.017578125 0.04367184638977051 0
2500 False 0.0 0.0 0
2600 True 0.0126953125 0.033776044845581055 0
2700 False 0.0 0.0 0
2800 False 0.0 0.0 0
2900 False 0.0 0.0 0
3000 True 0.0263671875 0.04530453681945801 0
3100 True 0.0146484375 0.04244518280029297 0
3200 False 0.0 0.0 0
3300 False 0.0 0.0 0
3400 False 0.0 0.0 0
3500 True 0.00390625 0.04324603080749512 0
3600 False 0.0 0.0 0
3700 False 0.0 0.0 0
3800 False 0.0 0.0 0
3900 False 0.0 0.0 0
4000 False 0.0 0.0 0
4100 True 0.0224609375 0.03439593315124512 0
4200 True 0.0 0.04391789436340332 0
4300 True 0.01171875 0.033211708068847656 0
4400 False 0.0 0.0 0
4500 False 0.0 0.0 0
4600 False 0.0 0.0 0
4700 False 0.0 0.0 0
4800 True 0.0029296875 0.04085826873779297 0
4900 False 0.0 0.0 0
5000 True 0.0087890625 0.033806800842285156 0
5100 True 0.0029296875 0.0338284969329834 0
5200 True 0.01171875 0.03362321853637695 0
5300 False 0.0 0.0 0
5400 True 0.0048828125 0.03353261947631836 0
5500 False 0.0 0.0 0
5600 False 0.0 0.0 0
5700 True 0.0009765625 0.03284907341003418 0
5800 False 0.0 0.0 0
5900 False 0.0 0.0 0
6000 True 0.00390625 0.03397512435913086 0
6100 True 0.0048828125 0.03425240516662598 0
6200 False 0.0 0.0 0
6300 False 0.0 0.0 0
6400 False 0.0 0.0 0
6500 False 0.0 0.0 0
6600 True 0.0126953125 0.033818721771240234 0
6700 False 0.0 0.0 0
6800 True 0.00390625 0.03334212303161621 0
6900 False 0.0 0.0 0
7000 False 0.0 0.0 0
7100 False 0.0 0.0 0
7200 False 0.0 0.0 0
7300 True 0.0 0.03295564651489258 0
7400 True 0.0068359375 0.03392219543457031 0
7500 False 0.0 0.0 0
7600 True 0.0 0.04053640365600586 0
7700 True 0.0048828125 0.03416872024536133 0
7800 True 0.009765625 0.03437161445617676 0
7900 False 0.0 0.0 0
8000 True 0.0205078125 0.033928871154785156 0
8100 False 0.0 0.0 0
8200 False 0.0 0.0 0
8300 False 0.0 0.0 0
8400 False 0.0 0.0 0
8500 True 0.00390625 0.03330540657043457 0
8600 False 0.0 0.0 0
8700 True 0.0068359375 0.03388261795043945 0
8800 True 0.02734375 0.03438377380371094 0
8900 False 0.0 0.0 0
9000 True 0.0048828125 0.03298830986022949 0
9100 False 0.0 0.0 0
9200 True 0.009765625 0.03311967849731445 0
9300 False 0.0 0.0 0
9400 False 0.0 0.0 0
9500 False 0.0 0.0 0
9600 True 0.0166015625 0.043782949447631836 0
9700 True 0.0078125 0.03289365768432617 0
9800 True 0.0009765625 0.0346074104309082 0
9900 False 0.0 0.0 0
