0 False 0 0.0 0
100 False 0 0.0 0
200 False 0 0.0 0
300 True 1 0.007318258285522461 0
400 True 1 0.003797292709350586 0
500 False 0 0.0 0
600 False 0 0.0 0
700 False 0 0.0 0
800 True 1 0.004735708236694336 0
900 False 0 0.0 0
1000 True 1 0.004941463470458984 0
1100 False 0 0.0 0
1200 False 0 0.0 0
1300 True 1 0.004843473434448242 0
1400 True 1 0.0049860477447509766 0
1500 False 0 0.0 0
1600 False 0 0.0 0
1700 False 0 0.0 0
1800 False 0 0.0 0
1900 True 1 0.004803895950317383 0
2000 False 0 0.0 0
2100 False 0 0.0 0
2200 True 1 0.004815340042114258 0
2300 False 0 0.0 0
2400 True 1 0.004067182540893555 0
2500 False 0 0.0 0
2600 True 1 0.004008293151855469 0
2700 False 0 0.0 0
2800 False 0 0.0 0
2900 False 0 0.0 0
3000 True 1 0.004261493682861328 0
3100 True 1 0.0040111541748046875 0
3200 False 0 0.0 0
3300 True 0 0.0036711692810058594 0
3400 True 1 0.003781557083129883 0
3500 True 0 0.003611326217651367 0
3600 False 0 0.0 0
3700 False 0 0.0 0
3800 True 1 0.0050754547119140625 0
3900 False 0 0.0 0
4000 False 0 0.0 0
4100 True 1 0.003754854202270508 0
4200 False 0 0.0 0
4300 True 1 0.00392603874206543 0
4400 False 0 0.0 0
4500 False 0 0.0 0
4600 True 0 0.0034754276275634766 0
4700 True 0 0.0035772323608398438 0
4800 True 1 0.005050182342529297 0
4900 False 0 0.0 0
5000 True 1 0.00392603874206543 0
5100 False 0 0.0 0
5200 False 0 0.0 0
5300 False 0 0.0 0
5400 False 0 0.0 0
5500 True 1 0.004036426544189453 0
5600 True 0 0.004286289215087891 0
5700 True 0 0.004049062728881836 0
5800 False 0 0.0 0
5900 False 0 0.0 0
6000 True 1 0.003923892974853516 0
6100 True 1 0.004007577896118164 0
6200 False 0 0.0 0
6300 False 0 0.0 0
6400 False 0 0.0 0
6500 False 0 0.0 0
6600 True 1 0.004240989685058594 0
6700 True 0 0.0036313533782958984 0
6800 True 1 0.004076719284057617 0
6900 False 0 0.0 0
7000 False 0 0.0 0
7100 True 1 0.004897117614746094 0
7200 False 0 0.0 0
7300 False 0 0.0 0
7400 False 0 0.0 0
7500 False 0 0.0 0
7600 False 0 0.0 0
7700 True 1 0.0041086673736572266 0
7800 True 1 0.004045724868774414 0
7900 False 0 0.0 0
8000 True 1 0.003995418548583984 0
8100 False 0 0.0 0
8200 False 0 0.0 0
8300 False 0 0.0 0
8400 False 0 0.0 0
8500 True 1 0.004683256149291992 0
8600 False 0 0.0 0
8700 False 0 0.0 0
8800 True 1 0.0039386749267578125 0
8900 False 0 0.0 0
9000 False 0 0.0 0
9100 False 0 0.0 0
9200 True 1 0.004000186920166016 0
9300 False 0 0.0 0
9400 True 1 0.0038099288940429688 0
9500 False 0 0.0 0
9600 True 1 0.0038347244262695312 0
9700 True 1 0.004007577896118164 0
9800 False 0 0.0 0
9900 False 0 0.0 0
