0 False 0.0 0.0 0
100 False 0.0 0.0 0
200 False 0.0 0.0 0
300 True 0.0322265625 0.03458881378173828 0
400 True 0.0751953125 0.03474617004394531 0
500 False 0.0 0.0 0
600 False 0.0 0.0 0
700 False 0.0 0.0 0
800 True 0.017578125 0.03463268280029297 0
900 False 0.0 0.0 0
1000 True 0.0458984375 0.033840179443359375 0
1100 False 0.0 0.0 0
1200 False 0.0 0.0 0
1300 True 0.0185546875 0.056375741958618164 0
1400 True 0.0185546875 0.05585217475891113 0
1500 False 0.0 0.0 0
1600 False 0.0 0.0 0
1700 False 0.0 0.0 0
1800 False 0.0 0.0 0
1900 True 0.0439453125 0.0578615665435791 0
2000 False 0.0 0.0 0
2100 False 0.0 0.0 0
2200 True 0.06640625 0.058278560638427734 0
2300 False 0.0 0.0 0
2400 True 0.0400390625 0.05688118934631348 0
2500 False 0.0 0.0 0
2600 True 0.033203125 0.057141780853271484 0
2700 False 0.0 0.0 0
2800 False 0.0 0.0 0
2900 False 0.0 0.0 0
3000 True 0.0546875 0.05492115020751953 0
3100 True 0.044921875 0.034149885177612305 0
3200 False 0.0 0.0 0
3300 True 0.005859375 0.054721832275390625 0
3400 True 0.0439453125 0.058113813400268555 0
3500 True 0.00390625 0.053969383239746094 0
3600 False 0.0 0.0 0
3700 False 0.0 0.0 0
3800 True 0.0087890625 0.03266739845275879 0
3900 False 0.0 0.0 0
4000 False 0.0 0.0 0
4100 True 0.0791015625 0.05735588073730469 0
4200 False 0.0 0.0 0
4300 True 0.05078125 0.059542179107666016 0
4400 False 0.0 0.0 0
4500 False 0.0 0.0 0
4600 True 0.005859375 0.032401323318481445 0
4700 True 0.001953125 0.0536189079284668 0
4800 True 0.0751953125 0.03495049476623535 0
4900 False 0.0 0.0 0
5000 True 0.041015625 0.05747032165527344 0
5100 False 0.0 0.0 0
5200 False 0.0 0.0 0
5300 False 0.0 0.0 0
5400 False 0.0 0.0 0
5500 True 0.0078125 0.055622100830078125 0
5600 True 0.0068359375 0.03315162658691406 0
5700 True 0.0 0.05526280403137207 0
5800 False 0.0 0.0 0
5900 False 0.0 0.0 0
6000 True 0.0087890625 0.056735992431640625 0
6100 True 0.013671875 0.05608630180358887 0
6200 False 0.0 0.0 0
6300 False 0.0 0.0 0
6400 False 0.0 0.0 0
6500 False 0.0 0.0 0
6600 True 0.0380859375 0.034311532974243164 0
6700 True 0.0048828125 0.03254866600036621 0
6800 True 0.05078125 0.058025360107421875 0
6900 False 0.0 0.0 0
7000 False 0.0 0.0 0
7100 True 0.03515625 0.058049917221069336 0
7200 False 0.0 0.0 0
7300 False 0.0 0.0 0
7400 False 0.0 0.0 0
7500 False 0.0 0.0 0
7600 False 0.0 0.0 0
7700 True 0.037109375 0.0570223331451416 0
7800 True 0.0390625 0.03452754020690918 0
7900 False 0.0 0.0 0
8000 True 0.037109375 0.05577492713928223 0
8100 False 0.0 0.0 0
8200 False 0.0 0.0 0
8300 False 0.0 0.0 0
8400 False 0.0 0.0 0
8500 True 0.0107421875 0.03378415107727051 0
8600 False 0.0 0.0 0
8700 False 0.0 0.0 0
8800 True 0.0712890625 0.03418421745300293 0
8900 False 0.0 0.0 0
9000 False 0.0 0.0 0
9100 False 0.0 0.0 0
9200 True 0.056640625 0.03415179252624512 0
9300 False 0.0 0.0 0
9400 True 0.009765625 0.033592939376831055 0
9500 False 0.0 0.0 0
9600 True 0.048828125 0.03458046913146973 0
9700 True 0.0283203125 0.03407144546508789 0
9800 False 0.0 0.0 0
9900 False 0.0 0.0 0
