0 True 0.0048828125 0.23390746116638184 0
100 False 0.0 0.0 0
200 False 0.0 0.0 0
300 True 0.015625 0.2150402069091797 0
400 True 0.046875 0.31487011909484863 0
500 False 0.0 0.0 0
600 True 0.0068359375 0.19899201393127441 0
700 True 0.0029296875 0.1955428123474121 0
800 True 0.0146484375 0.20923209190368652 0
900 False 0.0 0.0 0
1000 True 0.03125 0.21396207809448242 0
1100 False 0.0 0.0 0
1200 False 0.0 0.0 0
1300 True 0.017578125 0.40392136573791504 0
1400 True 0.013671875 0.21566247940063477 0
1500 False 0.0 0.0 0
1600 False 0.0 0.0 0
1700 False 0.0 0.0 0
1800 False 0.0 0.0 0
1900 True 0.021484375 0.20415878295898438 0
2000 False 0.0 0.0 0
2100 False 0.0 0.0 0
2200 False 0.0 0.0 0
2300 True 0.0078125 0.21216511726379395 0
2400 True 0.0498046875 0.205033540725708 0
2500 False 0.0 0.0 0
2600 True 0.0205078125 0.20307111740112305 0
2700 True 0.0224609375 0.2111365795135498 0
2800 False 0.0 0.0 0
2900 False 0.0 0.0 0
3000 True 0.0498046875 0.32236456871032715 0
3100 True 0.0107421875 0.2170882225036621 0
3200 False 0.0 0.0 0
3300 False 0.0 0.0 0
3400 False 0.0 0.0 0
3500 True 0.0029296875 0.20542025566101074 0
3600 False 0.0 0.0 0
3700 False 0.0 0.0 0
3800 True 0.0078125 0.2096080780029297 0
3900 False 0.0 0.0 0
4000 False 0.0 0.0 0
4100 True 0.0390625 0.21918463706970215 0
4200 False 0.0 0.0 0
4300 True 0.029296875 0.21302080154418945 0
4400 False 0.0 0.0 0
4500 False 0.0 0.0 0
4600 False 0.0 0.0 0
4700 False 0.0 0.0 0
4800 True 0.0244140625 0.20322275161743164 0
4900 False 0.0 0.0 0
5000 True 0.0078125 0.20283246040344238 0
5100 True 0.0244140625 0.21757197380065918 0
5200 True 0.0263671875 0.2037196159362793 0
5300 False 0.0 0.0 0
5400 True 0.0126953125 0.20526742935180664 0
5500 False 0.0 0.0 0
5600 False 0.0 0.0 0
5700 False 0.0 0.0 0
5800 False 0.0 0.0 0
5900 False 0.0 0.0 0
6000 True 0.009765625 0.3472006320953369 0
6100 True 0.0224609375 0.24299287796020508 0
6200 False 0.0 0.0 0
6300 False 0.0 0.0 0
6400 False 0.0 0.0 0
6500 False 0.0 0.0 0
6600 True 0.0458984375 0.20727753639221191 0
6700 False 0.0 0.0 0
6800 True 0.0234375 0.21445631980895996 0
6900 False 0.0 0.0 0
7000 False 0.0 0.0 0
7100 True 0.013671875 0.19565868377685547 0
7200 False 0.0 0.0 0
7300 True 0.0 0.3841404914855957 0
7400 True 0.001953125 0.19879555702209473 0
7500 True 0.0107421875 0.18498706817626953 0
7600 False 0.0 0.0 0
7700 True 0.0263671875 0.2220442295074463 0
7800 True 0.013671875 0.2014615535736084 0
7900 False 0.0 0.0 0
8000 True 0.02734375 0.3520479202270508 0
8100 False 0.0 0.0 0
8200 False 0.0 0.0 0
8300 False 0.0 0.0 0
8400 False 0.0 0.0 0
8500 False 0.0 0.0 0
8600 True 0.001953125 0.19541645050048828 0
8700 True 0.009765625 0.20665431022644043 0
8800 True 0.044921875 0.20977067947387695 0
8900 False 0.0 0.0 0
9000 True 0.021484375 0.1998584270477295 0
9100 False 0.0 0.0 0
9200 True 0.048828125 0.39965176582336426 0
9300 False 0.0 0.0 0
9400 False 0.0 0.0 0
9500 False 0.0 0.0 0
9600 True 0.02734375 0.21131420135498047 0
9700 True 0.0302734375 0.2091367244720459 0
9800 False 0.0 0.0 0
9900 False 0.0 0.0 0
