0 True 1 0.026929378509521484 0
100 False 0 0.0 0
200 False 0 0.0 0
300 True 1 0.028009653091430664 0
400 True 1 0.027714967727661133 0
500 False 0 0.0 0
600 False 0 0.0 0
700 True 1 0.02864217758178711 0
800 False 0 0.0 0
900 False 0 0.0 0
1000 True 1 0.028796911239624023 0
1100 False 0 0.0 0
1200 True 1 0.028405427932739258 0
1300 False 0 0.0 0
1400 False 0 0.0 0
1500 True 1 0.021724700927734375 0
1600 False 0 0.0 0
1700 False 0 0.0 0
1800 False 0 0.0 0
1900 True 1 0.02137589454650879 0
2000 False 0 0.0 0
2100 False 0 0.0 0
2200 True 1 0.02853846549987793 0
2300 True 0 0.02254462242126465 0
2400 True 1 0.02113628387451172 0
2500 False 0 0.0 0
2600 True 1 0.021337270736694336 0
2700 False 0 0.0 0
2800 True 0 0.022609710693359375 0
2900 False 0 0.0 0
3000 True 1 0.027927160263061523 0
3100 True 1 0.02209186553955078 0
3200 False 0 0.0 0
3300 False 0 0.0 0
3400 False 0 0.0 0
3500 True 1 0.02832341194152832 0
3600 False 0 0.0 0
3700 False 0 0.0 0
3800 True 1 0.028258323669433594 0
3900 True 0 0.027432918548583984 0
4000 False 0 0.0 0
4100 True 1 0.028319358825683594 0
4200 False 0 0.0 0
4300 True 1 0.02826070785522461 0
4400 False 0 0.0 0
4500 False 0 0.0 0
4600 True 0 0.0291287899017334 0
4700 False 0 0.0 0
4800 True 1 0.029004335403442383 0
4900 True 0 0.027924776077270508 0
5000 True 1 0.029593229293823242 0
5100 True 1 0.030040264129638672 0
5200 True 1 0.02177262306213379 0
5300 False 0 0.0 0
5400 True 0 0.021071910858154297 0
5500 False 0 0.0 0
5600 False 0 0.0 0
5700 True 1 0.021846294403076172 0
5800 False 0 0.0 0
5900 False 0 0.0 0
6000 True 1 0.02744913101196289 0
6100 True 1 0.029912948608398438 0
6200 False 0 0.0 0
6300 False 0 0.0 0
6400 False 0 0.0 0
6500 False 0 0.0 0
6600 True 1 0.0285341739654541 0
6700 True 1 0.029601573944091797 0
6800 True 1 0.028525590896606445 0
6900 False 0 0.0 0
7000 False 0 0.0 0
7100 False 0 0.0 0
7200 False 0 0.0 0
7300 True 0 0.020818710327148438 0
7400 True 1 0.021426677703857422 0
7500 False 0 0.0 0
7600 False 0 0.0 0
7700 True 1 0.022791385650634766 0
7800 True 1 0.021530628204345703 0
7900 False 0 0.0 0
8000 True 1 0.02790093421936035 0
8100 False 0 0.0 0
8200 False 0 0.0 0
8300 False 0 0.0 0
8400 False 0 0.0 0
8500 True 1 0.022277116775512695 0
8600 False 0 0.0 0
8700 True 1 0.02863001823425293 0
8800 True 1 0.02750420570373535 0
8900 False 0 0.0 0
9000 True 1 0.021799087524414062 0
9100 False 0 0.0 0
9200 True 1 0.027398347854614258 0
9300 False 0 0.0 0
9400 True 0 0.028173446655273438 0
9500 False 0 0.0 0
9600 True 1 0.022358417510986328 0
9700 True 1 0.028469324111938477 0
9800 True 0 0.0276031494140625 0
9900 False 0 0.0 0
