0 True 0 2.938697338104248 0
100 False 0 0.0 0
200 False 0 0.0 0
300 True 0 2.3103671073913574 0
400 True 0 1.926947832107544 0
500 False 0 0.0 0
600 True 0 2.178903341293335 0
700 True 0 2.166670560836792 0
800 True 0 2.2620139122009277 0
900 False 0 0.0 0
1000 True 0 2.185394048690796 0
1100 False 0 0.0 0
1200 False 0 0.0 0
1300 False 0 0.0 0
1400 True 0 3.4194283485412598 0
1500 False 0 0.0 0
1600 False 0 0.0 0
1700 False 0 0.0 0
1800 False 0 0.0 0
1900 True 0 2.5907065868377686 0
2000 False 0 0.0 0
2100 False 0 0.0 0
2200 True 0 4.286220073699951 0
2300 False 0 0.0 0
2400 True 0 1.7208759784698486 0
2500 False 0 0.0 0
2600 True 0 1.8692121505737305 0
2700 False 0 0.0 0
2800 False 0 0.0 0
2900 False 0 0.0 0
3000 True 0 3.4327242374420166 0
3100 True 0 3.258518695831299 0
3200 False 0 0.0 0
3300 False 0 0.0 0
3400 False 0 0.0 0
3500 True 0 1.9308297634124756 0
3600 False 0 0.0 0
3700 False 0 0.0 0
3800 True 0 2.228487968444824 0
3900 False 0 0.0 0
4000 False 0 0.0 0
4100 True 0 3.0766844749450684 0
4200 True 0 3.7500412464141846 0
4300 True 0 2.136780261993408 0
4400 False 0 0.0 0
4500 False 0 0.0 0
4600 False 0 0.0 0
4700 False 0 0.0 0
4800 True 0 3.6978418827056885 0
4900 False 0 0.0 0
5000 True 0 2.9719412326812744 0
5100 True 0 4.032991409301758 0
5200 False 0 0.0 0
5300 False 0 0.0 0
5400 False 0 0.0 0
5500 True 0 3.978767156600952 0
5600 False 0 0.0 0
5700 True 0 3.2870171070098877 0
5800 False 0 0.0 0
5900 False 0 0.0 0
6000 True 0 1.9609220027923584 0
6100 True 0 4.01215672492981 0
6200 False 0 0.0 0
6300 False 0 0.0 0
6400 False 0 0.0 0
6500 False 0 0.0 0
6600 True 0 2.1562299728393555 0
6700 True 0 3.6124942302703857 0
6800 True 0 2.239575147628784 0
6900 False 0 0.0 0
7000 False 0 0.0 0
7100 True 0 2.5890607833862305 0
7200 False 0 0.0 0
7300 False 0 0.0 0
7400 True 0 2.315690040588379 0
7500 True 0 1.9912865161895752 0
7600 False 0 0.0 0
7700 True 0 2.4768857955932617 0
7800 True 0 2.745748996734619 0
7900 False 0 0.0 0
8000 True 0 1.846383810043335 0
8100 False 0 0.0 0
8200 False 0 0.0 0
8300 False 0 0.0 0
8400 False 0 0.0 0
8500 False 0 0.0 0
8600 False 0 0.0 0
8700 False 0 0.0 0
8800 True 0 1.763512372970581 0
8900 False 0 0.0 0
9000 True 0 1.8871824741363525 0
9100 False 0 0.0 0
9200 True 0 2.386065721511841 0
9300 True 0 3.044217348098755 0
9400 True 0 2.473062038421631 0
9500 True 0 2.898725986480713 0
9600 True 0 3.7703135013580322 0
9700 True 0 2.141429901123047 0
9800 True 0 1.9619600772857666 0
9900 False 0 0.0 0
