0 False 0.0 0.0 0
100 False 0.0 0.0 0
200 False 0.0 0.0 0
300 True 0.0009765625 33.596617460250854 0
400 True 0.0107421875 27.433566331863403 0
500 False 0.0 0.0 0
600 True 0.0 29.430830001831055 0
700 True 0.00390625 26.026401042938232 0
800 True 0.0048828125 28.540793657302856 0
900 False 0.0 0.0 0
1000 True 0.0087890625 28.06178593635559 0
1100 False 0.0 0.0 0
1200 True 0.001953125 36.689611196517944 0
1300 False 0.0 0.0 0
1400 False 0.0 0.0 0
1500 True 0.0029296875 26.304190397262573 0
1600 False 0.0 0.0 0
1700 True 0.0 46.567246198654175 0
1800 True 0.0 27.322941303253174 0
1900 True 0.0078125 39.05836200714111 0
2000 False 0.0 0.0 0
2100 False 0.0 0.0 0
2200 True 0.001953125 24.95268440246582 0
2300 False 0.0 0.0 0
2400 True 0.013671875 24.994922876358032 0
2500 True 0.0 27.92438769340515 0
2600 True 0.005859375 29.32732367515564 0
2700 True 0.001953125 43.970773220062256 0
2800 False 0.0 0.0 0
2900 False 0.0 0.0 0
3000 True 0.0068359375 47.35552167892456 0
3100 True 0.0048828125 30.28837299346924 0
3200 False 0.0 0.0 0
3300 True 0.0009765625 51.65786790847778 0
3400 False 0.0 0.0 0
3500 True 0.0009765625 48.23946785926819 0
3600 False 0.0 0.0 0
3700 False 0.0 0.0 0
3800 True 0.0029296875 47.2396080493927 0
3900 False 0.0 0.0 0
4000 False 0.0 0.0 0
4100 True 0.009765625 29.78931999206543 0
4200 False 0.0 0.0 0
4300 True 0.0078125 52.100011348724365 0
4400 False 0.0 0.0 0
4500 True 0.0 29.163471698760986 0
4600 False 0.0 0.0 0
4700 False 0.0 0.0 0
4800 True 0.0068359375 31.244789123535156 0
4900 False 0.0 0.0 0
5000 True 0.0078125 39.33597540855408 0
5100 True 0.00390625 43.88110065460205 0
5200 True 0.005859375 52.38521122932434 0
5300 False 0.0 0.0 0
5400 True 0.0 26.57789897918701 0
5500 True 0.0 29.02437138557434 0
5600 True 0.0009765625 29.294007301330566 0
5700 True 0.001953125 28.803362369537354 0
5800 False 0.0 0.0 0
5900 False 0.0 0.0 0
6000 True 0.0 28.566468238830566 0
6100 True 0.0029296875 32.31651520729065 0
6200 False 0.0 0.0 0
6300 True 0.0029296875 34.35980486869812 0
6400 False 0.0 0.0 0
6500 False 0.0 0.0 0
6600 True 0.009765625 32.05183935165405 0
6700 True 0.001953125 28.952390909194946 0
6800 True 0.0009765625 31.572386264801025 0
6900 False 0.0 0.0 0
7000 False 0.0 0.0 0
7100 False 0.0 0.0 0
7200 False 0.0 0.0 0
7300 False 0.0 0.0 0
7400 True 0.00390625 27.04935121536255 0
7500 True 0.00390625 32.69397568702698 0
7600 False 0.0 0.0 0
7700 True 0.0048828125 31.046364307403564 0
7800 True 0.0048828125 27.22687339782715 0
7900 False 0.0 0.0 0
8000 True 0.001953125 25.151257276535034 0
8100 False 0.0 0.0 0
8200 False 0.0 0.0 0
8300 False 0.0 0.0 0
8400 False 0.0 0.0 0
8500 True 0.00390625 41.957101821899414 0
8600 False 0.0 0.0 0
8700 True 0.0 34.491233110427856 0
8800 True 0.0126953125 25.528712034225464 0
8900 False 0.0 0.0 0
9000 True 0.0087890625 30.19128441810608 0
9100 False 0.0 0.0 0
9200 True 0.0087890625 32.67097854614258 0
9300 True 0.0009765625 27.345956563949585 0
9400 True 0.00390625 41.858121395111084 0
9500 True 0.0029296875 31.26661443710327 0
9600 True 0.0068359375 39.76927828788757 0
9700 True 0.00390625 28.2510347366333 0
9800 True 0.005859375 40.6575870513916 0
9900 False 0.0 0.0 0
