0 True 0 2.2809295654296875 0
100 True 0 0.8715565204620361 0
200 False 0 0.0 0
300 True 0 0.7442226409912109 0
400 True 1 1.0398643016815186 0
500 False 0 0.0 0
600 False 0 0.0 0
700 True 1 1.051551103591919 0
800 True 1 0.7789890766143799 0
900 False 0 0.0 0
1000 True 1 0.7620017528533936 0
1100 False 0 0.0 0
1200 True 1 0.8799076080322266 0
1300 False 0 0.0 0
1400 True 0 1.0840392112731934 0
1500 True 1 0.7471835613250732 0
1600 False 0 0.0 0
1700 False 0 0.0 0
1800 True 0 0.868311882019043 0
1900 True 1 0.7664785385131836 0
2000 False 0 0.0 0
2100 True 0 0.9514751434326172 0
2200 True 0 0.8035507202148438 0
2300 False 0 0.0 0
2400 True 1 0.9136574268341064 0
2500 True 0 0.9644274711608887 0
2600 True 1 1.0271716117858887 0
2700 True 1 0.9083142280578613 0
2800 True 0 1.077453374862671 0
2900 False 0 0.0 0
3000 True 1 1.0005781650543213 0
3100 True 1 1.0546083450317383 0
3200 True 0 0.8027193546295166 0
3300 True 0 0.9559707641601562 0
3400 False 0 0.0 0
3500 True 0 0.955798864364624 0
3600 False 0 0.0 0
3700 False 0 0.0 0
3800 True 0 0.991694450378418 0
3900 False 0 0.0 0
4000 False 0 0.0 0
4100 True 1 0.9900736808776855 0
4200 False 0 0.0 0
4300 True 1 1.0016288757324219 0
4400 False 0 0.0 0
4500 True 0 1.0869567394256592 0
4600 False 0 0.0 0
4700 False 0 0.0 0
4800 True 1 0.7347664833068848 0
4900 True 0 0.973883867263794 0
5000 True 1 0.9863896369934082 0
5100 False 0 0.0 0
5200 True 1 1.0925564765930176 0
5300 False 0 0.0 0
5400 False 0 0.0 0
5500 False 0 0.0 0
5600 True 0 1.2294096946716309 0
5700 True 0 1.7748339176177979 0
5800 False 0 0.0 0
5900 False 0 0.0 0
6000 True 1 1.7730538845062256 0
6100 True 1 1.6161255836486816 0
6200 False 0 0.0 0
6300 True 0 1.8564448356628418 0
6400 False 0 0.0 0
6500 False 0 0.0 0
6600 True 1 1.6919195652008057 0
6700 True 0 0.9444851875305176 0
6800 True 0 0.8125333786010742 0
6900 False 0 0.0 0
7000 False 0 0.0 0
7100 False 0 0.0 0
7200 False 0 0.0 0
7300 False 0 0.0 0
7400 True 0 1.01436448097229 0
7500 True 0 1.1301753520965576 0
7600 False 0 0.0 0
7700 True 1 1.688326358795166 0
7800 True 1 1.7187719345092773 0
7900 False 0 0.0 0
8000 True 1 1.618121862411499 0
8100 False 0 0.0 0
8200 False 0 0.0 0
8300 False 0 0.0 0
8400 False 0 0.0 0
8500 True 1 1.6804161071777344 0
8600 False 0 0.0 0
8700 True 0 1.481905460357666 0
8800 True 1 1.4009525775909424 0
8900 True 0 1.148571491241455 0
9000 True 1 1.146524429321289 0
9100 False 0 0.0 0
9200 True 1 1.1690056324005127 0
9300 True 0 1.2421033382415771 0
9400 True 0 1.5745973587036133 0
9500 True 0 1.3393688201904297 0
9600 True 1 1.2055003643035889 0
9700 True 1 1.2187108993530273 0
9800 True 1 1.1183574199676514 0
9900 False 0 0.0 0
