0 False 0.0 0.0 0
100 False 0.0 0.0 0
200 True 0.0029296875 113.09643363952637 0
300 True 0.0 120.70790314674377 1
400 False 0.0 0.0 0
500 False 0.0 0.0 0
600 False 0.0 0.0 0
700 False 0.0 0.0 0
800 True 0.0009765625 118.25428318977356 0
900 False 0.0 0.0 0
1000 True 0.001953125 116.1182746887207 0
1100 False 0.0 0.0 0
1200 False 0.0 0.0 0
1300 False 0.0 0.0 0
1400 True 0.0009765625 117.66495490074158 0
1500 True 0.0029296875 115.77969622612 0
1600 False 0.0 0.0 0
1700 False 0.0 0.0 0
1800 False 0.0 0.0 0
1900 True 0.00390625 109.27248549461365 0
2000 False 0.0 0.0 0
2100 False 0.0 0.0 0
2200 True 0.00390625 116.04107809066772 0
2300 False 0.0 0.0 0
2400 True 0.00390625 111.26928782463074 0
2500 True 0.0 108.05601644515991 0
2600 True 0.00390625 103.78619694709778 0
2700 False 0.0 0.0 0
2800 False 0.0 0.0 0
2900 False 0.0 0.0 0
3000 True 0.0029296875 101.03063464164734 0
3100 True 0.0029296875 104.59328317642212 0
3200 False 0.0 0.0 0
3300 False 0.0 0.0 0
3400 False 0.0 0.0 0
3500 True 0.0 104.92834734916687 0
3600 False 0.0 0.0 0
3700 False 0.0 0.0 0
3800 False 0.0 0.0 0
3900 False 0.0 0.0 0
4000 False 0.0 0.0 0
4100 True 0.0009765625 104.26641011238098 0
4200 True 0.0009765625 103.99368953704834 0
4300 True 0.0029296875 106.26880240440369 0
4400 False 0.0 0.0 0
4500 False 0.0 0.0 0
4600 False 0.0 0.0 0
4700 True 0.0009765625 115.18483233451843 0
4800 False 0.0 0.0 0
4900 True 0.0 99.69345712661743 0
5000 False 0.0 0.0 0
5100 False 0.0 0.0 0
5200 False 0.0 0.0 0
5300 False 0.0 0.0 0
5400 True 0.0009765625 111.19931364059448 0
5500 False 0.0 0.0 0
5600 False 0.0 0.0 0
5700 False 0.0 0.0 0
5800 False 0.0 0.0 0
5900 False 0.0 0.0 0
6000 True 0.0 105.73015213012695 0
6100 True 0.0009765625 108.15391135215759 0
6200 False 0.0 0.0 0
6300 False 0.0 0.0 0
6400 False 0.0 0.0 0
6500 False 0.0 0.0 0
6600 True 0.001953125 106.54114747047424 0
6700 True 0.0 114.6283323764801 0
6800 True 0.0 120.76904106140137 1
6900 False 0.0 0.0 0
7000 False 0.0 0.0 0
7100 False 0.0 0.0 0
7200 False 0.0 0.0 0
7300 False 0.0 0.0 0
7400 True 0.0 107.80311512947083 0
7500 False 0.0 0.0 0
7600 False 0.0 0.0 0
7700 True 0.0 120.76994895935059 1
7800 True 0.0029296875 107.19543433189392 0
7900 False 0.0 0.0 0
8000 False 0.0 0.0 0
8100 False 0.0 0.0 0
8200 False 0.0 0.0 0
8300 False 0.0 0.0 0
8400 False 0.0 0.0 0
8500 True 0.001953125 113.63951826095581 0
8600 False 0.0 0.0 0
8700 False 0.0 0.0 0
8800 True 0.00390625 108.75071001052856 0
8900 False 0.0 0.0 0
9000 False 0.0 0.0 0
9100 False 0.0 0.0 0
9200 True 0.0029296875 102.82621765136719 0
9300 True 0.001953125 112.85495471954346 0
9400 False 0.0 0.0 0
9500 False 0.0 0.0 0
9600 True 0.001953125 109.61815571784973 0
9700 True 0.0009765625 111.910728931427 0
9800 True 0.00390625 115.68297386169434 0
9900 False 0.0 0.0 0
