0 True 0.0009765625 100.96942782402039 0
100 False 0.0 0.0 0
200 False 0.0 0.0 0
300 True 0.001953125 115.81958174705505 0
400 True 0.0048828125 101.40962481498718 0
500 False 0.0 0.0 0
600 True 0.0029296875 104.91558074951172 0
700 True 0.0029296875 104.1979193687439 0
800 True 0.0029296875 107.22161173820496 0
900 False 0.0 0.0 0
1000 True 0.001953125 105.4946460723877 0
1100 False 0.0 0.0 0
1200 True 0.00390625 103.77895474433899 0
1300 False 0.0 0.0 0
1400 False 0.0 0.0 0
1500 True 0.0029296875 102.503830909729 0
1600 False 0.0 0.0 0
1700 False 0.0 0.0 0
1800 False 0.0 0.0 0
1900 True 0.0048828125 100.99922752380371 0
2000 False 0.0 0.0 0
2100 False 0.0 0.0 0
2200 False 0.0 0.0 0
2300 True 0.0 116.17464089393616 0
2400 True 0.0029296875 96.55810189247131 0
2500 True 0.0009765625 110.0360906124115 0
2600 True 0.0048828125 104.9552755355835 0
2700 True 0.0009765625 99.91533088684082 0
2800 False 0.0 0.0 0
2900 False 0.0 0.0 0
3000 True 0.00390625 104.47039699554443 0
3100 True 0.001953125 101.37024569511414 0
3200 False 0.0 0.0 0
3300 False 0.0 0.0 0
3400 False 0.0 0.0 0
3500 True 0.0009765625 112.08286046981812 0
3600 False 0.0 0.0 0
3700 True 0.001953125 100.58215975761414 0
3800 True 0.001953125 114.05040216445923 0
3900 False 0.0 0.0 0
4000 False 0.0 0.0 0
4100 True 0.0048828125 107.24557828903198 0
4200 True 0.001953125 104.69320011138916 0
4300 True 0.00390625 107.25729250907898 0
4400 False 0.0 0.0 0
4500 True 0.0009765625 102.16219663619995 0
4600 False 0.0 0.0 0
4700 True 0.0009765625 112.80474305152893 0
4800 True 0.00390625 108.89514827728271 0
4900 True 0.001953125 101.77926659584045 0
5000 True 0.0029296875 102.3093192577362 0
5100 True 0.0009765625 107.7798388004303 0
5200 True 0.0029296875 98.88495063781738 0
5300 True 0.001953125 114.7276611328125 0
5400 True 0.0 101.54701256752014 0
5500 True 0.001953125 109.66299104690552 0
5600 True 0.0009765625 107.4330677986145 0
5700 True 0.001953125 105.96339106559753 0
5800 False 0.0 0.0 0
5900 False 0.0 0.0 0
6000 True 0.0029296875 107.688894033432 0
6100 True 0.001953125 109.31587481498718 0
6200 False 0.0 0.0 0
6300 False 0.0 0.0 0
6400 False 0.0 0.0 0
6500 False 0.0 0.0 0
6600 True 0.0048828125 105.70415711402893 0
6700 True 0.0009765625 117.90209984779358 0
6800 True 0.0009765625 117.15149021148682 0
6900 False 0.0 0.0 0
7000 False 0.0 0.0 0
7100 False 0.0 0.0 0
7200 False 0.0 0.0 0
7300 True 0.0009765625 107.14839053153992 0
7400 True 0.0029296875 102.26272797584534 0
7500 True 0.0029296875 101.10183835029602 0
7600 False 0.0 0.0 0
7700 False 0.0 0.0 0
7800 True 0.0009765625 101.12967920303345 0
7900 False 0.0 0.0 0
8000 True 0.0029296875 105.87043476104736 0
8100 False 0.0 0.0 0
8200 False 0.0 0.0 0
8300 False 0.0 0.0 0
8400 False 0.0 0.0 0
8500 True 0.0029296875 107.172443151474 0
8600 False 0.0 0.0 0
8700 True 0.001953125 107.15643644332886 0
8800 True 0.0048828125 102.84791922569275 0
8900 False 0.0 0.0 0
9000 True 0.0048828125 106.43391990661621 0
9100 False 0.0 0.0 0
9200 True 0.005859375 108.60299944877625 0
9300 False 0.0 0.0 0
9400 False 0.0 0.0 0
9500 True 0.0 120.75651621818542 1
9600 True 0.00390625 113.58878684043884 0
9700 True 0.0009765625 110.9284176826477 0
9800 True 0.00390625 105.11215162277222 0
9900 False 0.0 0.0 0
