0 True 0 12.326500415802002 0
100 True 0 11.753894090652466 0
200 True 0 11.351423501968384 0
300 False 0 0.0 0
400 False 0 0.0 0
500 True 0 11.543212413787842 0
600 True 0 12.238131761550903 0
700 True 0 11.519312858581543 0
800 False 0 0.0 0
900 True 0 12.351766347885132 0
1000 True 0 12.103103637695312 0
1100 True 0 12.516124486923218 0
1200 False 0 0.0 0
1300 True 0 12.28165316581726 0
1400 True 0 12.058072805404663 0
1500 False 0 0.0 0
1600 True 0 12.255094766616821 0
1700 True 0 12.494045495986938 0
1800 True 0 12.792894124984741 0
1900 True 0 11.53611135482788 0
2000 True 0 11.505223512649536 0
2100 False 0 0.0 0
2200 False 0 0.0 0
2300 True 0 11.40406608581543 0
2400 False 0 0.0 0
2500 False 0 0.0 0
2600 True 0 11.33660078048706 0
2700 True 0 11.75588870048523 0
2800 False 0 0.0 0
2900 True 0 12.256833553314209 0
3000 True 0 12.353229761123657 0
3100 False 0 0.0 0
3200 True 0 11.530115127563477 0
3300 True 0 11.503533124923706 0
3400 True 0 12.06122636795044 0
3500 True 0 12.126476287841797 0
3600 False 0 0.0 0
3700 True 0 12.689831733703613 0
3800 True 0 12.796813011169434 0
3900 True 0 11.615533113479614 0
4000 False 0 0.0 0
4100 True 0 11.926225662231445 0
4200 True 0 11.743633508682251 0
4300 False 0 0.0 0
4400 True 0 11.690562725067139 0
4500 False 0 0.0 0
4600 True 0 12.120426654815674 0
4700 True 0 11.98893427848816 0
4800 True 0 11.838001251220703 0
4900 False 0 0.0 0
5000 True 0 12.85694932937622 0
5100 False 0 0.0 0
5200 True 0 11.852099895477295 0
5300 True 0 12.420953512191772 0
5400 True 0 11.431033611297607 0
5500 True 0 11.35851526260376 0
5600 True 0 11.681132793426514 0
5700 True 0 11.602807521820068 0
5800 True 0 11.645535230636597 0
5900 True 0 11.870971918106079 0
6000 False 0 0.0 0
6100 True 0 12.633651971817017 0
6200 True 0 12.091200351715088 0
6300 True 0 12.825287342071533 0
6400 True 0 11.66631031036377 0
6500 True 0 11.806681156158447 0
6600 True 0 12.879763126373291 0
6700 False 0 0.0 0
6800 False 0 0.0 0
6900 True 0 11.884152173995972 0
7000 True 0 12.197293519973755 0
7100 False 0 0.0 0
7200 True 0 12.926913976669312 0
7300 True 0 11.746427297592163 0
7400 True 0 12.754955530166626 0
7500 False 0 0.0 0
7600 True 0 12.116849184036255 0
7700 True 0 13.641310214996338 0
7800 False 0 0.0 0
7900 True 0 12.204931020736694 0
8000 True 0 12.861488819122314 0
8100 True 0 13.08229660987854 0
8200 True 0 13.522012948989868 0
8300 True 0 13.190975189208984 0
8400 True 0 11.845521688461304 0
8500 True 0 12.190901279449463 0
8600 True 0 12.137473106384277 0
8700 True 0 11.876451969146729 0
8800 True 0 11.58167839050293 0
8900 True 0 11.58604097366333 0
9000 True 0 11.929925680160522 0
9100 True 0 12.043375253677368 0
9200 True 0 11.82583737373352 0
9300 True 0 11.691931009292603 0
9400 True 0 11.793919563293457 0
9500 True 0 12.120728492736816 0
9600 True 0 11.661410808563232 0
9700 False 0 0.0 0
9800 True 0 11.612259149551392 0
9900 False 0 0.0 0
