0 False 0 0.0 0
100 False 0 0.0 0
200 False 0 0.0 0
300 False 0 0.0 0
400 False 0 0.0 0
500 True 0 17.108243942260742 0
600 True 1 18.232608318328857 0
700 True 1 17.401435136795044 0
800 False 0 0.0 0
900 False 0 0.0 0
1000 False 0 0.0 0
1100 True 1 20.30953311920166 0
1200 False 0 0.0 0
1300 False 0 0.0 0
1400 True 0 17.11239981651306 0
1500 False 0 0.0 0
1600 False 0 0.0 0
1700 False 0 0.0 0
1800 True 0 17.694156169891357 0
1900 False 0 0.0 0
2000 True 0 21.172900915145874 0
2100 False 0 0.0 0
2200 True 1 18.187050819396973 0
2300 False 0 0.0 0
2400 False 0 0.0 0
2500 False 0 0.0 0
2600 False 0 0.0 0
2700 True 1 18.791606187820435 0
2800 False 0 0.0 0
2900 False 0 0.0 0
3000 True 0 19.724250316619873 0
3100 False 0 0.0 0
3200 False 0 0.0 0
3300 False 0 0.0 0
3400 False 0 0.0 0
3500 False 0 0.0 0
3600 False 0 0.0 0
3700 False 0 0.0 0
3800 False 0 0.0 0
3900 True 1 17.76074504852295 0
4000 False 0 0.0 0
4100 False 0 0.0 0
4200 True 1 17.380500555038452 0
4300 False 0 0.0 0
4400 True 1 20.752002000808716 0
4500 False 0 0.0 0
4600 True 1 17.163771152496338 0
4700 False 0 0.0 0
4800 False 0 0.0 0
4900 False 0 0.0 0
5000 True 0 17.272719860076904 0
5100 False 0 0.0 0
5200 False 0 0.0 0
5300 False 0 0.0 0
5400 False 0 0.0 0
5500 False 0 0.0 0
5600 True 1 17.931262731552124 0
5700 True 0 17.108973741531372 0
5800 False 0 0.0 0
5900 False 0 0.0 0
6000 False 0 0.0 0
6100 False 0 0.0 0
6200 False 0 0.0 0
6300 False 0 0.0 0
6400 True 0 17.45382285118103 0
6500 False 0 0.0 0
6600 False 0 0.0 0
6700 False 0 0.0 0
6800 True 1 18.015563249588013 0
6900 False 0 0.0 0
7000 True 1 19.10544729232788 0
7100 True 1 17.37897038459778 0
7200 True 0 17.745291471481323 0
7300 True 1 19.753029823303223 0
7400 False 0 0.0 0
7500 True 0 17.782026529312134 0
7600 True 0 17.95081377029419 0
7700 False 0 0.0 0
7800 False 0 0.0 0
7900 False 0 0.0 0
8000 False 0 0.0 0
8100 True 1 18.00410485267639 0
8200 True 1 17.79049277305603 0
8300 False 0 0.0 0
8400 False 0 0.0 0
8500 False 0 0.0 0
8600 True 1 20.356868982315063 0
8700 False 0 0.0 0
8800 True 1 20.535455465316772 0
8900 False 0 0.0 0
9000 True 0 17.959410667419434 0
9100 False 0 0.0 0
9200 False 0 0.0 0
9300 True 1 18.48179602622986 0
9400 True 0 19.258484363555908 0
9500 True 1 20.664897680282593 0
9600 True 0 19.35250210762024 0
9700 True 0 19.778159379959106 0
9800 True 1 17.85287833213806 0
9900 True 0 18.99076247215271 0
