0 True 1 3.4281625747680664 0
100 True 1 3.672743797302246 0
200 True 1 3.383507490158081 0
300 False 0 0.0 0
400 True 1 3.281156301498413 0
500 True 1 3.2509243488311768 0
600 True 1 3.7371363639831543 0
700 True 1 3.141050100326538 0
800 True 0 3.3812613487243652 0
900 True 0 3.194153070449829 0
1000 True 0 3.2559814453125 0
1100 True 1 3.153146982192993 0
1200 False 0 0.0 0
1300 True 1 3.4907355308532715 0
1400 True 1 3.3986685276031494 0
1500 False 0 0.0 0
1600 True 1 3.2606587409973145 0
1700 True 1 3.4351978302001953 0
1800 False 0 0.0 0
1900 True 0 3.182716131210327 0
2000 True 1 3.346611738204956 0
2100 True 1 2.960728883743286 0
2200 True 1 3.5248680114746094 0
2300 True 1 3.2716548442840576 0
2400 True 1 3.2714359760284424 0
2500 True 0 3.463805675506592 0
2600 True 1 3.060204029083252 0
2700 True 1 3.5870273113250732 0
2800 True 1 2.975039005279541 0
2900 True 1 3.3522651195526123 0
3000 True 1 3.517491579055786 0
3100 True 0 3.30364727973938 0
3200 True 1 2.876086473464966 0
3300 True 1 3.179279327392578 0
3400 True 1 3.516068696975708 0
3500 True 1 3.306002378463745 0
3600 True 1 3.3265302181243896 0
3700 True 1 3.632341146469116 0
3800 True 1 3.700288772583008 0
3900 True 1 3.4776992797851562 0
4000 False 0 0.0 0
4100 True 1 3.0344066619873047 0
4200 True 1 2.7188198566436768 0
4300 False 0 0.0 0
4400 True 0 3.441279649734497 0
4500 False 0 0.0 0
4600 True 1 3.572507381439209 0
4700 True 1 3.4391725063323975 0
4800 True 1 3.460066318511963 0
4900 True 1 3.397759437561035 0
5000 True 1 3.4139246940612793 0
5100 True 0 2.9148340225219727 0
5200 True 1 3.341378688812256 0
5300 True 1 3.327119827270508 0
5400 True 1 3.38392972946167 0
5500 True 1 3.4187755584716797 0
5600 False 0 0.0 0
5700 True 1 3.4831583499908447 0
5800 True 1 3.1632471084594727 0
5900 True 1 3.6679210662841797 0
6000 True 1 3.4316375255584717 0
6100 True 1 3.4469759464263916 0
6200 True 1 3.217395305633545 0
6300 True 1 3.503204345703125 0
6400 False 0 0.0 0
6500 True 1 3.3750929832458496 0
6600 True 1 3.3636958599090576 0
6700 True 0 3.4067275524139404 0
6800 True 1 3.341527223587036 0
6900 True 1 3.8174636363983154 0
7000 True 1 3.424901247024536 0
7100 True 1 3.628527879714966 0
7200 True 1 3.5971462726593018 0
7300 True 1 3.530461072921753 0
7400 True 1 3.593168258666992 0
7500 True 1 3.747720241546631 0
7600 True 1 3.7025794982910156 0
7700 True 1 3.6335322856903076 0
7800 False 0 0.0 0
7900 True 0 3.453623056411743 0
8000 True 1 3.4973766803741455 0
8100 True 1 3.290478467941284 0
8200 True 1 3.4313549995422363 0
8300 True 1 3.042569875717163 0
8400 True 1 3.891152858734131 0
8500 True 1 3.1850333213806152 0
8600 True 1 3.8721704483032227 0
8700 True 1 3.4294731616973877 0
8800 True 1 3.394166946411133 0
8900 True 1 3.5739810466766357 0
9000 True 1 3.2434072494506836 0
9100 True 1 3.6422226428985596 0
9200 True 1 3.5149126052856445 0
9300 True 1 3.1864020824432373 0
9400 True 1 3.432415008544922 0
9500 True 1 3.350207805633545 0
9600 True 1 3.4698569774627686 0
9700 False 0 0.0 0
9800 True 1 3.66664457321167 0
9900 True 1 3.4119813442230225 0
