0 False 0 0.0 0
100 True 0 0.00408935546875 0
200 False 0 0.0 0
300 True 0 0.0039517879486083984 0
400 True 0 0.0024023056030273438 0
500 False 0 0.0 0
600 False 0 0.0 0
700 True 0 0.0022351741790771484 0
800 False 0 0.0 0
900 False 0 0.0 0
1000 True 0 0.002223491668701172 0
1100 False 0 0.0 0
1200 False 0 0.0 0
1300 False 0 0.0 0
1400 True 0 0.0022230148315429688 0
1500 False 0 0.0 0
1600 False 0 0.0 0
1700 False 0 0.0 0
1800 False 0 0.0 0
1900 True 0 0.0017647743225097656 0
2000 False 0 0.0 0
2100 False 0 0.0 0
2200 True 0 0.002473592758178711 0
2300 False 0 0.0 0
2400 True 0 0.003522157669067383 0
2500 False 0 0.0 0
2600 True 0 0.0027532577514648438 0
2700 False 0 0.0 0
2800 False 0 0.0 0
2900 False 0 0.0 0
3000 True 0 0.002193927764892578 0
3100 True 0 0.0017857551574707031 0
3200 False 0 0.0 0
3300 False 0 0.0 0
3400 True 0 0.0018756389617919922 0
3500 True 0 0.0017766952514648438 0
3600 False 0 0.0 0
3700 False 0 0.0 0
3800 False 0 0.0 0
3900 False 0 0.0 0
4000 False 0 0.0 0
4100 True 0 0.001743316650390625 0
4200 True 0 0.001739501953125 0
4300 False 0 0.0 0
4400 False 0 0.0 0
4500 False 0 0.0 0
4600 False 0 0.0 0
4700 False 0 0.0 0
4800 True 0 0.001958131790161133 0
4900 False 0 0.0 0
5000 True 0 0.004011869430541992 0
5100 False 0 0.0 0
5200 True 0 0.002370119094848633 0
5300 False 0 0.0 0
5400 True 0 0.002257823944091797 0
5500 False 0 0.0 0
5600 False 0 0.0 0
5700 False 0 0.0 0
5800 False 0 0.0 0
5900 False 0 0.0 0
6000 False 0 0.0 0
6100 True 0 0.0024728775024414062 0
6200 False 0 0.0 0
6300 False 0 0.0 0
6400 False 0 0.0 0
6500 False 0 0.0 0
6600 False 0 0.0 0
6700 True 0 0.0024619102478027344 0
6800 True 0 0.004217863082885742 0
6900 False 0 0.0 0
7000 False 0 0.0 0
7100 True 0 0.0041081905364990234 0
7200 False 0 0.0 0
7300 False 0 0.0 0
7400 False 0 0.0 0
7500 False 0 0.0 0
7600 False 0 0.0 0
7700 True 0 0.002424001693725586 0
7800 True 0 0.0022945404052734375 0
7900 False 0 0.0 0
8000 True 0 0.0023322105407714844 0
8100 False 0 0.0 0
8200 False 0 0.0 0
8300 False 0 0.0 0
8400 False 0 0.0 0
8500 True 0 0.0022487640380859375 0
8600 False 0 0.0 0
8700 False 0 0.0 0
8800 True 0 0.004804849624633789 0
8900 False 0 0.0 0
9000 False 0 0.0 0
9100 False 0 0.0 0
9200 True 0 0.004118442535400391 0
9300 True 0 0.0024063587188720703 0
9400 False 0 0.0 0
9500 False 0 0.0 0
9600 True 0 0.0022437572479248047 0
9700 True 0 0.002362489700317383 0
9800 False 0 0.0 0
9900 False 0 0.0 0
