0 True 0.001953125 0.016443252563476562 0
100 False 0.0 0.0 0
200 False 0.0 0.0 0
300 True 0.005859375 0.018906831741333008 0
400 True 0.001953125 0.01717233657836914 0
500 False 0.0 0.0 0
600 True 0.0 0.014956951141357422 0
700 True 0.0 0.018603801727294922 0
800 True 0.0009765625 0.019925594329833984 0
900 False 0.0 0.0 0
1000 True 0.00390625 0.016505002975463867 0
1100 False 0.0 0.0 0
1200 True 0.0009765625 0.01606297492980957 0
1300 False 0.0 0.0 0
1400 True 0.0 0.016987085342407227 0
1500 True 0.0009765625 0.01981329917907715 0
1600 False 0.0 0.0 0
1700 False 0.0 0.0 0
1800 False 0.0 0.0 0
1900 True 0.001953125 0.01831984519958496 0
2000 False 0.0 0.0 0
2100 False 0.0 0.0 0
2200 True 0.0107421875 0.019663333892822266 0
2300 False 0.0 0.0 0
2400 True 0.009765625 0.018335580825805664 0
2500 False 0.0 0.0 0
2600 True 0.005859375 0.01815629005432129 0
2700 False 0.0 0.0 0
2800 False 0.0 0.0 0
2900 False 0.0 0.0 0
3000 True 0.009765625 0.018589496612548828 0
3100 True 0.0068359375 0.02114129066467285 0
3200 False 0.0 0.0 0
3300 False 0.0 0.0 0
3400 False 0.0 0.0 0
3500 True 0.0009765625 0.016465425491333008 0
3600 False 0.0 0.0 0
3700 False 0.0 0.0 0
3800 False 0.0 0.0 0
3900 False 0.0 0.0 0
4000 False 0.0 0.0 0
4100 True 0.0087890625 0.01871180534362793 0
4200 True 0.0 0.016250133514404297 0
4300 True 0.0048828125 0.018407344818115234 0
4400 False 0.0 0.0 0
4500 False 0.0 0.0 0
4600 False 0.0 0.0 0
4700 False 0.0 0.0 0
4800 True 0.0009765625 0.037404775619506836 0
4900 False 0.0 0.0 0
5000 True 0.0029296875 0.04236030578613281 0
5100 True 0.0009765625 0.03719210624694824 0
5200 True 0.0048828125 0.0409693717956543 0
5300 False 0.0 0.0 0
5400 True 0.001953125 0.03562784194946289 0
5500 False 0.0 0.0 0
5600 False 0.0 0.0 0
5700 True 0.0 0.033019065856933594 0
5800 False 0.0 0.0 0
5900 False 0.0 0.0 0
6000 True 0.0009765625 0.03961920738220215 0
6100 True 0.0009765625 0.040807247161865234 0
6200 False 0.0 0.0 0
6300 False 0.0 0.0 0
6400 False 0.0 0.0 0
6500 False 0.0 0.0 0
6600 True 0.0048828125 0.024272441864013672 0
6700 False 0.0 0.0 0
6800 True 0.0009765625 0.0236663818359375 0
6900 False 0.0 0.0 0
7000 False 0.0 0.0 0
7100 False 0.0 0.0 0
7200 False 0.0 0.0 0
7300 True 0.0 0.01946282386779785 0
7400 True 0.001953125 0.02572941780090332 0
7500 False 0.0 0.0 0
7600 True 0.0 0.015128374099731445 0
7700 True 0.001953125 0.018567323684692383 0
7800 True 0.0029296875 0.01975393295288086 0
7900 False 0.0 0.0 0
8000 True 0.0078125 0.017080307006835938 0
8100 False 0.0 0.0 0
8200 False 0.0 0.0 0
8300 False 0.0 0.0 0
8400 False 0.0 0.0 0
8500 True 0.001953125 0.01798868179321289 0
8600 False 0.0 0.0 0
8700 True 0.0029296875 0.018836259841918945 0
8800 True 0.013671875 0.020551681518554688 0
8900 False 0.0 0.0 0
9000 True 0.0009765625 0.0166933536529541 0
9100 False 0.0 0.0 0
9200 True 0.00390625 0.01662468910217285 0
9300 False 0.0 0.0 0
9400 False 0.0 0.0 0
9500 False 0.0 0.0 0
9600 True 0.005859375 0.04211235046386719 0
9700 True 0.0029296875 0.0422205924987793 0
9800 True 0.0 0.045723915100097656 0
9900 False 0.0 0.0 0
