0 False 0.0 0.0 0
100 False 0.0 0.0 0
200 False 0.0 0.0 0
300 True 0.0361328125 0.030104875564575195 0
400 True 0.1240234375 0.034301042556762695 0
500 False 0.0 0.0 0
600 True 0.07421875 0.02567458152770996 0
700 False 0.0 0.0 0
800 False 0.0 0.0 0
900 False 0.0 0.0 0
1000 True 0.078125 0.02631545066833496 0
1100 False 0.0 0.0 0
1200 False 0.0 0.0 0
1300 True 0.0732421875 0.02591848373413086 0
1400 True 0.0712890625 0.027389049530029297 0
1500 False 0.0 0.0 0
1600 False 0.0 0.0 0
1700 False 0.0 0.0 0
1800 False 0.0 0.0 0
1900 True 0.06640625 0.0227353572845459 0
2000 False 0.0 0.0 0
2100 False 0.0 0.0 0
2200 True 0.111328125 0.03161311149597168 0
2300 False 0.0 0.0 0
2400 True 0.20703125 0.02991485595703125 0
2500 False 0.0 0.0 0
2600 True 0.09765625 0.028858423233032227 0
2700 False 0.0 0.0 0
2800 False 0.0 0.0 0
2900 False 0.0 0.0 0
3000 True 0.1162109375 0.025748729705810547 0
3100 True 0.08984375 0.027203798294067383 0
3200 False 0.0 0.0 0
3300 False 0.0 0.0 0
3400 True 0.072265625 0.02555108070373535 0
3500 False 0.0 0.0 0
3600 True 0.0244140625 0.02335834503173828 0
3700 False 0.0 0.0 0
3800 True 0.0419921875 0.024042844772338867 0
3900 False 0.0 0.0 0
4000 True 0.0146484375 0.02494072914123535 0
4100 True 0.0810546875 0.02884364128112793 0
4200 False 0.0 0.0 0
4300 False 0.0 0.0 0
4400 False 0.0 0.0 0
4500 False 0.0 0.0 0
4600 False 0.0 0.0 0
4700 False 0.0 0.0 0
4800 True 0.15625 0.020334482192993164 0
4900 False 0.0 0.0 0
5000 False 0.0 0.0 0
5100 False 0.0 0.0 0
5200 False 0.0 0.0 0
5300 False 0.0 0.0 0
5400 False 0.0 0.0 0
5500 False 0.0 0.0 0
5600 False 0.0 0.0 0
5700 False 0.0 0.0 0
5800 False 0.0 0.0 0
5900 False 0.0 0.0 0
6000 True 0.0009765625 0.027785062789916992 0
6100 True 0.037109375 0.023676633834838867 0
6200 False 0.0 0.0 0
6300 False 0.0 0.0 0
6400 False 0.0 0.0 0
6500 False 0.0 0.0 0
6600 False 0.0 0.0 0
6700 True 0.0166015625 0.020237445831298828 0
6800 True 0.1083984375 0.027042627334594727 0
6900 False 0.0 0.0 0
7000 False 0.0 0.0 0
7100 True 0.1865234375 0.029608726501464844 0
7200 False 0.0 0.0 0
7300 False 0.0 0.0 0
7400 False 0.0 0.0 0
7500 False 0.0 0.0 0
7600 False 0.0 0.0 0
7700 True 0.064453125 0.020938873291015625 0
7800 True 0.1435546875 0.026340246200561523 0
7900 False 0.0 0.0 0
8000 False 0.0 0.0 0
8100 False 0.0 0.0 0
8200 False 0.0 0.0 0
8300 False 0.0 0.0 0
8400 False 0.0 0.0 0
8500 False 0.0 0.0 0
8600 False 0.0 0.0 0
8700 False 0.0 0.0 0
8800 True 0.25390625 0.02422642707824707 0
8900 False 0.0 0.0 0
9000 False 0.0 0.0 0
9100 False 0.0 0.0 0
9200 True 0.0439453125 0.022397279739379883 0
9300 False 0.0 0.0 0
9400 True 0.0751953125 0.02316761016845703 0
9500 False 0.0 0.0 0
9600 True 0.0986328125 0.02317047119140625 0
9700 True 0.1025390625 0.028394460678100586 0
9800 False 0.0 0.0 0
9900 True 0.0400390625 0.021225690841674805 0
