0 False 0.0 0.0 0
100 False 0.0 0.0 0
200 False 0.0 0.0 0
300 True 0.0 0.03171801567077637 0
400 True 0.0 0.044831037521362305 0
500 False 0.0 0.0 0
600 False 0.0 0.0 0
700 True 0.0 0.0444486141204834 0
800 False 0.0 0.0 0
900 False 0.0 0.0 0
1000 True 0.0 0.0434420108795166 0
1100 False 0.0 0.0 0
1200 False 0.0 0.0 0
1300 False 0.0 0.0 0
1400 True 0.0 0.043474435806274414 0
1500 False 0.0 0.0 0
1600 False 0.0 0.0 0
1700 False 0.0 0.0 0
1800 False 0.0 0.0 0
1900 True 0.0 0.0359344482421875 0
2000 False 0.0 0.0 0
2100 False 0.0 0.0 0
2200 True 0.0009765625 0.02933526039123535 0
2300 False 0.0 0.0 0
2400 True 0.001953125 0.027330636978149414 0
2500 False 0.0 0.0 0
2600 True 0.0 0.024851560592651367 0
2700 False 0.0 0.0 0
2800 False 0.0 0.0 0
2900 False 0.0 0.0 0
3000 True 0.0009765625 0.02360987663269043 0
3100 True 0.0 0.02162933349609375 0
3200 False 0.0 0.0 0
3300 False 0.0 0.0 0
3400 True 0.0 0.024780988693237305 0
3500 True 0.0 0.024413585662841797 0
3600 False 0.0 0.0 0
3700 False 0.0 0.0 0
3800 True 0.0 0.02454853057861328 0
3900 False 0.0 0.0 0
4000 False 0.0 0.0 0
4100 True 0.0009765625 0.02687215805053711 0
4200 True 0.0 0.019913673400878906 0
4300 True 0.0 0.04186654090881348 0
4400 False 0.0 0.0 0
4500 False 0.0 0.0 0
4600 False 0.0 0.0 0
4700 True 0.0 0.024591684341430664 0
4800 True 0.0 0.025480270385742188 0
4900 True 0.0 0.04253649711608887 0
5000 True 0.0 0.03816556930541992 0
5100 False 0.0 0.0 0
5200 True 0.0 0.0460355281829834 0
5300 False 0.0 0.0 0
5400 True 0.0 0.03329920768737793 0
5500 False 0.0 0.0 0
5600 False 0.0 0.0 0
5700 False 0.0 0.0 0
5800 False 0.0 0.0 0
5900 False 0.0 0.0 0
6000 False 0.0 0.0 0
6100 True 0.0 0.024506092071533203 0
6200 False 0.0 0.0 0
6300 False 0.0 0.0 0
6400 False 0.0 0.0 0
6500 False 0.0 0.0 0
6600 True 0.0 0.02444601058959961 0
6700 True 0.0 0.04966020584106445 0
6800 True 0.0 0.02854776382446289 0
6900 False 0.0 0.0 0
7000 False 0.0 0.0 0
7100 True 0.0009765625 0.027272462844848633 0
7200 False 0.0 0.0 0
7300 False 0.0 0.0 0
7400 False 0.0 0.0 0
7500 False 0.0 0.0 0
7600 False 0.0 0.0 0
7700 True 0.0 0.030153751373291016 0
7800 True 0.0 0.02692127227783203 0
7900 False 0.0 0.0 0
8000 True 0.0 0.02603769302368164 0
8100 False 0.0 0.0 0
8200 False 0.0 0.0 0
8300 False 0.0 0.0 0
8400 False 0.0 0.0 0
8500 False 0.0 0.0 0
8600 False 0.0 0.0 0
8700 False 0.0 0.0 0
8800 True 0.001953125 0.02803206443786621 0
8900 False 0.0 0.0 0
9000 True 0.0 0.04235029220581055 0
9100 False 0.0 0.0 0
9200 True 0.0009765625 0.027357816696166992 0
9300 True 0.0 0.03252267837524414 0
9400 False 0.0 0.0 0
9500 False 0.0 0.0 0
9600 True 0.0009765625 0.028883695602416992 0
9700 True 0.0009765625 0.027855873107910156 0
9800 False 0.0 0.0 0
9900 False 0.0 0.0 0
