0 False 0.0 0.0 0
100 False 0.0 0.0 0
200 False 0.0 0.0 0
300 True 0.0654296875 0.031091690063476562 0
400 True 0.1630859375 0.033555030822753906 0
500 False 0.0 0.0 0
600 False 0.0 0.0 0
700 True 0.044921875 0.03064560890197754 0
800 True 0.0166015625 0.03088855743408203 0
900 False 0.0 0.0 0
1000 True 0.056640625 0.02791738510131836 0
1100 False 0.0 0.0 0
1200 False 0.0 0.0 0
1300 False 0.0 0.0 0
1400 True 0.078125 0.026857376098632812 0
1500 False 0.0 0.0 0
1600 False 0.0 0.0 0
1700 False 0.0 0.0 0
1800 False 0.0 0.0 0
1900 False 0.0 0.0 0
2000 False 0.0 0.0 0
2100 False 0.0 0.0 0
2200 True 0.0830078125 0.031942129135131836 0
2300 False 0.0 0.0 0
2400 True 0.2265625 0.030873775482177734 0
2500 False 0.0 0.0 0
2600 True 0.0830078125 0.03469133377075195 0
2700 True 0.0029296875 0.056410789489746094 0
2800 False 0.0 0.0 0
2900 False 0.0 0.0 0
3000 True 0.072265625 0.041203975677490234 0
3100 True 0.05859375 0.04378557205200195 0
3200 False 0.0 0.0 0
3300 False 0.0 0.0 0
3400 True 0.1181640625 0.03997230529785156 0
3500 False 0.0 0.0 0
3600 False 0.0 0.0 0
3700 False 0.0 0.0 0
3800 False 0.0 0.0 0
3900 False 0.0 0.0 0
4000 False 0.0 0.0 0
4100 True 0.103515625 0.04417872428894043 0
4200 False 0.0 0.0 0
4300 False 0.0 0.0 0
4400 False 0.0 0.0 0
4500 False 0.0 0.0 0
4600 False 0.0 0.0 0
4700 False 0.0 0.0 0
4800 True 0.13671875 0.044298648834228516 0
4900 False 0.0 0.0 0
5000 False 0.0 0.0 0
5100 False 0.0 0.0 0
5200 False 0.0 0.0 0
5300 False 0.0 0.0 0
5400 False 0.0 0.0 0
5500 False 0.0 0.0 0
5600 False 0.0 0.0 0
5700 False 0.0 0.0 0
5800 False 0.0 0.0 0
5900 False 0.0 0.0 0
6000 False 0.0 0.0 0
6100 True 0.0234375 0.03716444969177246 0
6200 False 0.0 0.0 0
6300 False 0.0 0.0 0
6400 False 0.0 0.0 0
6500 False 0.0 0.0 0
6600 True 0.0478515625 0.04069185256958008 0
6700 True 0.04296875 0.02629852294921875 0
6800 True 0.109375 0.03052663803100586 0
6900 False 0.0 0.0 0
7000 False 0.0 0.0 0
7100 True 0.140625 0.03263068199157715 0
7200 False 0.0 0.0 0
7300 True 0.013671875 0.02832174301147461 0
7400 False 0.0 0.0 0
7500 False 0.0 0.0 0
7600 False 0.0 0.0 0
7700 True 0.0703125 0.024210214614868164 0
7800 True 0.0869140625 0.03212428092956543 0
7900 False 0.0 0.0 0
8000 True 0.0302734375 0.02837681770324707 0
8100 True 0.0439453125 0.0298612117767334 0
8200 False 0.0 0.0 0
8300 False 0.0 0.0 0
8400 False 0.0 0.0 0
8500 False 0.0 0.0 0
8600 False 0.0 0.0 0
8700 False 0.0 0.0 0
8800 True 0.228515625 0.029193878173828125 0
8900 False 0.0 0.0 0
9000 False 0.0 0.0 0
9100 False 0.0 0.0 0
9200 True 0.1279296875 0.024745941162109375 0
9300 False 0.0 0.0 0
9400 True 0.06640625 0.025915861129760742 0
9500 False 0.0 0.0 0
9600 True 0.1435546875 0.03193378448486328 0
9700 True 0.134765625 0.026822805404663086 0
9800 False 0.0 0.0 0
9900 False 0.0 0.0 0
