0 False 0 0.0 0
100 False 0 0.0 0
200 False 0 0.0 0
300 True 0 0.0027616024017333984 0
400 True 0 0.0027742385864257812 0
500 False 0 0.0 0
600 True 0 0.0028536319732666016 0
700 True 0 0.0028104782104492188 0
800 True 0 0.002757549285888672 0
900 False 0 0.0 0
1000 True 0 0.0027251243591308594 0
1100 False 0 0.0 0
1200 True 0 0.0027031898498535156 0
1300 False 0 0.0 0
1400 False 0 0.0 0
1500 True 0 0.0027234554290771484 0
1600 False 0 0.0 0
1700 True 0 0.0027551651000976562 0
1800 True 0 0.002715587615966797 0
1900 True 0 0.0027451515197753906 0
2000 False 0 0.0 0
2100 False 0 0.0 0
2200 True 0 0.002756834030151367 0
2300 False 0 0.0 0
2400 True 0 0.0026693344116210938 0
2500 True 0 0.0026845932006835938 0
2600 True 0 0.0025980472564697266 0
2700 True 0 0.0027229785919189453 0
2800 False 0 0.0 0
2900 False 0 0.0 0
3000 True 0 0.002706766128540039 0
3100 True 0 0.0027132034301757812 0
3200 False 0 0.0 0
3300 True 0 0.002743959426879883 0
3400 False 0 0.0 0
3500 True 0 0.002755403518676758 0
3600 False 0 0.0 0
3700 False 0 0.0 0
3800 True 0 0.0027773380279541016 0
3900 False 0 0.0 0
4000 False 0 0.0 0
4100 True 0 0.0027425289154052734 0
4200 False 0 0.0 0
4300 True 0 0.0027992725372314453 0
4400 False 0 0.0 0
4500 True 0 0.0027811527252197266 0
4600 False 0 0.0 0
4700 False 0 0.0 0
4800 True 0 0.002715587615966797 0
4900 False 0 0.0 0
5000 True 0 0.002732992172241211 0
5100 True 0 0.002720355987548828 0
5200 True 0 0.002750396728515625 0
5300 False 0 0.0 0
5400 True 0 0.0026884078979492188 0
5500 True 0 0.0026688575744628906 0
5600 True 0 0.002658367156982422 0
5700 True 0 0.002727508544921875 0
5800 False 0 0.0 0
5900 False 0 0.0 0
6000 True 0 0.002706289291381836 0
6100 True 0 0.0027103424072265625 0
6200 False 0 0.0 0
6300 True 0 0.003555774688720703 0
6400 False 0 0.0 0
6500 False 0 0.0 0
6600 True 0 0.003359556198120117 0
6700 True 0 0.003528118133544922 0
6800 True 0 0.003345489501953125 0
6900 False 0 0.0 0
7000 False 0 0.0 0
7100 False 0 0.0 0
7200 False 0 0.0 0
7300 False 0 0.0 0
7400 True 0 0.0027582645416259766 0
7500 True 0 0.002691030502319336 0
7600 False 0 0.0 0
7700 True 0 0.0025920867919921875 0
7800 True 0 0.002695322036743164 0
7900 False 0 0.0 0
8000 True 0 0.0027091503143310547 0
8100 False 0 0.0 0
8200 False 0 0.0 0
8300 False 0 0.0 0
8400 False 0 0.0 0
8500 True 0 0.0026617050170898438 0
8600 False 0 0.0 0
8700 True 0 0.0027494430541992188 0
8800 True 0 0.0027725696563720703 0
8900 False 0 0.0 0
9000 True 0 0.0027282238006591797 0
9100 False 0 0.0 0
9200 True 0 0.0027179718017578125 0
9300 True 0 0.002650022506713867 0
9400 True 0 0.002618074417114258 0
9500 True 0 0.0025932788848876953 0
9600 True 0 0.0026311874389648438 0
9700 True 0 0.003137826919555664 0
9800 True 0 0.0037381649017333984 0
9900 False 0 0.0 0
