0 True 0.009765625 0.028774499893188477 0
100 False 0.0 0.0 0
200 False 0.0 0.0 0
300 True 0.009765625 0.032363176345825195 0
400 True 0.0263671875 0.03210592269897461 0
500 False 0.0 0.0 0
600 True 0.02734375 0.03244352340698242 0
700 True 0.02734375 0.03135824203491211 0
800 True 0.025390625 0.07644343376159668 0
900 False 0.0 0.0 0
1000 True 0.048828125 0.03910946846008301 0
1100 False 0.0 0.0 0
1200 True 0.005859375 0.030429601669311523 0
1300 False 0.0 0.0 0
1400 False 0.0 0.0 0
1500 False 0.0 0.0 0
1600 True 0.0009765625 0.03136610984802246 0
1700 False 0.0 0.0 0
1800 False 0.0 0.0 0
1900 True 0.029296875 0.03570890426635742 0
2000 False 0.0 0.0 0
2100 False 0.0 0.0 0
2200 True 0.001953125 0.0300140380859375 0
2300 False 0.0 0.0 0
2400 True 0.0849609375 0.03816485404968262 0
2500 False 0.0 0.0 0
2600 True 0.0302734375 0.044873714447021484 0
2700 True 0.0029296875 0.037165164947509766 0
2800 False 0.0 0.0 0
2900 True 0.0068359375 0.04279494285583496 0
3000 True 0.0419921875 0.03263998031616211 0
3100 True 0.025390625 0.03318047523498535 0
3200 False 0.0 0.0 0
3300 True 0.0048828125 0.029584646224975586 0
3400 False 0.0 0.0 0
3500 True 0.0224609375 0.03243088722229004 0
3600 False 0.0 0.0 0
3700 True 0.01953125 0.03029918670654297 0
3800 True 0.0283203125 0.030776262283325195 0
3900 False 0.0 0.0 0
4000 False 0.0 0.0 0
4100 True 0.0546875 0.030852079391479492 0
4200 False 0.0 0.0 0
4300 True 0.0244140625 0.0335543155670166 0
4400 False 0.0 0.0 0
4500 True 0.0107421875 0.031234025955200195 0
4600 False 0.0 0.0 0
4700 False 0.0 0.0 0
4800 True 0.03125 0.03298616409301758 0
4900 False 0.0 0.0 0
5000 True 0.029296875 0.03170514106750488 0
5100 True 0.017578125 0.0298154354095459 0
5200 True 0.0224609375 0.03345847129821777 0
5300 False 0.0 0.0 0
5400 True 0.0107421875 0.030208826065063477 0
5500 False 0.0 0.0 0
5600 False 0.0 0.0 0
5700 True 0.0283203125 0.03479647636413574 0
5800 False 0.0 0.0 0
5900 False 0.0 0.0 0
6000 True 0.0107421875 0.036737918853759766 0
6100 True 0.025390625 0.03997325897216797 0
6200 True 0.0126953125 0.034628868103027344 0
6300 False 0.0 0.0 0
6400 False 0.0 0.0 0
6500 False 0.0 0.0 0
6600 True 0.033203125 0.03903365135192871 0
6700 True 0.0107421875 0.03532147407531738 0
6800 False 0.0 0.0 0
6900 False 0.0 0.0 0
7000 False 0.0 0.0 0
7100 True 0.0244140625 0.04054760932922363 0
7200 False 0.0 0.0 0
7300 True 0.001953125 0.0358426570892334 0
7400 True 0.0166015625 0.03696584701538086 0
7500 True 0.029296875 0.03591132164001465 0
7600 False 0.0 0.0 0
7700 True 0.0400390625 0.032340288162231445 0
7800 True 0.001953125 0.03449249267578125 0
7900 False 0.0 0.0 0
8000 True 0.0009765625 0.028450727462768555 0
8100 False 0.0 0.0 0
8200 False 0.0 0.0 0
8300 False 0.0 0.0 0
8400 True 0.0107421875 0.036733150482177734 0
8500 True 0.0078125 0.028494596481323242 0
8600 True 0.0126953125 0.03168058395385742 0
8700 True 0.0244140625 0.032327890396118164 0
8800 True 0.0771484375 0.04011392593383789 0
8900 True 0.0126953125 0.03922891616821289 0
9000 True 0.041015625 0.07427167892456055 0
9100 False 0.0 0.0 0
9200 True 0.0478515625 0.03574252128601074 0
9300 False 0.0 0.0 0
9400 True 0.021484375 0.04021096229553223 0
9500 True 0.0048828125 0.030864477157592773 0
9600 True 0.0302734375 0.035344839096069336 0
9700 True 0.0263671875 0.03466200828552246 0
9800 True 0.0498046875 0.03882193565368652 0
9900 False 0.0 0.0 0
