0 False 0 0.0 0
100 False 0 0.0 0
200 False 0 0.0 0
300 True 0 0.004210233688354492 0
400 True 0 0.0041768550872802734 0
500 False 0 0.0 0
600 True 0 0.004457712173461914 0
700 True 0 0.004521369934082031 0
800 True 0 0.004274606704711914 0
900 False 0 0.0 0
1000 True 0 0.004246711730957031 0
1100 False 0 0.0 0
1200 True 0 0.0042340755462646484 0
1300 False 0 0.0 0
1400 True 0 0.004106283187866211 0
1500 True 0 0.004133701324462891 0
1600 False 0 0.0 0
1700 False 0 0.0 0
1800 False 0 0.0 0
1900 True 0 0.004010915756225586 0
2000 False 0 0.0 0
2100 False 0 0.0 0
2200 True 0 0.004045248031616211 0
2300 False 0 0.0 0
2400 True 0 0.004037380218505859 0
2500 False 0 0.0 0
2600 True 0 0.00417327880859375 0
2700 True 0 0.004198551177978516 0
2800 False 0 0.0 0
2900 False 0 0.0 0
3000 True 0 0.003971099853515625 0
3100 True 0 0.004064321517944336 0
3200 False 0 0.0 0
3300 True 0 0.004140138626098633 0
3400 False 0 0.0 0
3500 True 0 0.004164695739746094 0
3600 False 0 0.0 0
3700 False 0 0.0 0
3800 True 0 0.004127979278564453 0
3900 False 0 0.0 0
4000 False 0 0.0 0
4100 True 0 0.0043451786041259766 0
4200 False 0 0.0 0
4300 True 0 0.004429817199707031 0
4400 False 0 0.0 0
4500 False 0 0.0 0
4600 False 0 0.0 0
4700 False 0 0.0 0
4800 True 0 0.0042345523834228516 0
4900 False 0 0.0 0
5000 True 0 0.009465217590332031 0
5100 True 0 0.004948854446411133 0
5200 True 0 0.004988908767700195 0
5300 False 0 0.0 0
5400 True 0 0.004838466644287109 0
5500 True 0 0.009199857711791992 0
5600 False 0 0.0 0
5700 True 0 0.0093231201171875 0
5800 False 0 0.0 0
5900 True 0 0.009017705917358398 0
6000 True 0 0.009064912796020508 0
6100 True 0 0.0054531097412109375 0
6200 False 0 0.0 0
6300 True 0 0.005160808563232422 0
6400 False 0 0.0 0
6500 False 0 0.0 0
6600 True 0 0.006200075149536133 0
6700 True 0 0.00820159912109375 0
6800 True 0 0.004146099090576172 0
6900 False 0 0.0 0
7000 False 0 0.0 0
7100 True 0 0.004192352294921875 0
7200 False 0 0.0 0
7300 False 0 0.0 0
7400 True 0 0.0042493343353271484 0
7500 True 0 0.009652376174926758 0
7600 False 0 0.0 0
7700 True 0 0.009595155715942383 0
7800 True 0 0.009154558181762695 0
7900 False 0 0.0 0
8000 True 0 0.009492874145507812 0
8100 True 0 0.009470939636230469 0
8200 False 0 0.0 0
8300 False 0 0.0 0
8400 False 0 0.0 0
8500 True 0 0.00555419921875 0
8600 True 0 0.005181074142456055 0
8700 False 0 0.0 0
8800 True 0 0.005103588104248047 0
8900 False 0 0.0 0
9000 True 0 0.0050928592681884766 0
9100 False 0 0.0 0
9200 True 0 0.004164934158325195 0
9300 True 0 0.0053861141204833984 0
9400 True 0 0.005186557769775391 0
9500 True 0 0.005205869674682617 0
9600 True 0 0.005212068557739258 0
9700 True 0 0.009474039077758789 0
9800 True 0 0.005400657653808594 0
9900 False 0 0.0 0
