0 False 0 0.0 0
100 False 0 0.0 0
200 False 0 0.0 0
300 True 1 0.014550447463989258 0
400 True 1 0.008491277694702148 0
500 False 0 0.0 0
600 True 1 0.008169412612915039 0
700 True 0 0.008064746856689453 0
800 True 0 0.016468286514282227 0
900 False 0 0.0 0
1000 True 1 0.00834965705871582 0
1100 False 0 0.0 0
1200 True 0 0.005319833755493164 0
1300 True 1 0.008276700973510742 0
1400 True 1 0.015367269515991211 0
1500 False 0 0.0 0
1600 False 0 0.0 0
1700 False 0 0.0 0
1800 False 0 0.0 0
1900 True 1 0.008572816848754883 0
2000 False 0 0.0 0
2100 False 0 0.0 0
2200 True 1 0.008418560028076172 0
2300 False 0 0.0 0
2400 True 1 0.00864100456237793 0
2500 False 0 0.0 0
2600 True 1 0.013423442840576172 0
2700 True 0 0.0069310665130615234 0
2800 False 0 0.0 0
2900 False 0 0.0 0
3000 True 1 0.008358001708984375 0
3100 True 1 0.008513450622558594 0
3200 False 0 0.0 0
3300 True 0 0.005871295928955078 0
3400 True 1 0.006437063217163086 0
3500 True 0 0.004866361618041992 0
3600 False 0 0.0 0
3700 False 0 0.0 0
3800 True 1 0.0082244873046875 0
3900 False 0 0.0 0
4000 False 0 0.0 0
4100 True 1 0.006008625030517578 0
4200 False 0 0.0 0
4300 True 1 0.0062236785888671875 0
4400 False 0 0.0 0
4500 True 0 0.005774021148681641 0
4600 False 0 0.0 0
4700 False 0 0.0 0
4800 True 1 0.005950927734375 0
4900 False 0 0.0 0
5000 True 1 0.0061533451080322266 0
5100 True 1 0.006381034851074219 0
5200 False 0 0.0 0
5300 False 0 0.0 0
5400 True 1 0.006081819534301758 0
5500 False 0 0.0 0
5600 False 0 0.0 0
5700 False 0 0.0 0
5800 False 0 0.0 0
5900 False 0 0.0 0
6000 False 0 0.0 0
6100 True 1 0.006289005279541016 0
6200 False 0 0.0 0
6300 False 0 0.0 0
6400 False 0 0.0 0
6500 False 0 0.0 0
6600 True 1 0.005929470062255859 0
6700 True 0 0.004495382308959961 0
6800 True 1 0.00596928596496582 0
6900 True 0 0.004437685012817383 0
7000 False 0 0.0 0
7100 True 1 0.005990743637084961 0
7200 True 0 0.005459308624267578 0
7300 False 0 0.0 0
7400 False 0 0.0 0
7500 True 1 0.00590062141418457 0
7600 False 0 0.0 0
7700 True 1 0.006072044372558594 0
7800 True 1 0.006137847900390625 0
7900 False 0 0.0 0
8000 True 0 0.004274606704711914 0
8100 False 0 0.0 0
8200 False 0 0.0 0
8300 False 0 0.0 0
8400 False 0 0.0 0
8500 False 0 0.0 0
8600 True 0 0.004904031753540039 0
8700 True 1 0.006122112274169922 0
8800 True 1 0.0060901641845703125 0
8900 False 0 0.0 0
9000 True 0 0.0047075748443603516 0
9100 False 0 0.0 0
9200 True 1 0.006182432174682617 0
9300 True 1 0.005876302719116211 0
9400 True 1 0.00627446174621582 0
9500 False 0 0.0 0
9600 True 1 0.0059926509857177734 0
9700 True 1 0.00624394416809082 0
9800 True 1 0.006194114685058594 0
9900 False 0 0.0 0
