0 True 0.0048828125 0.04272127151489258 0
100 False 0.0 0.0 0
200 False 0.0 0.0 0
300 True 0.0048828125 0.042963266372680664 0
400 True 0.0263671875 0.043881893157958984 0
500 False 0.0 0.0 0
600 True 0.015625 0.04100847244262695 0
700 True 0.0126953125 0.04201674461364746 0
800 True 0.01953125 0.04597592353820801 0
900 False 0.0 0.0 0
1000 True 0.029296875 0.046692609786987305 0
1100 False 0.0 0.0 0
1200 True 0.0234375 0.04057168960571289 0
1300 True 0.01171875 0.041994571685791016 0
1400 True 0.021484375 0.04326629638671875 0
1500 True 0.0087890625 0.0484156608581543 0
1600 False 0.0 0.0 0
1700 False 0.0 0.0 0
1800 False 0.0 0.0 0
1900 True 0.0234375 0.05683588981628418 0
2000 False 0.0 0.0 0
2100 False 0.0 0.0 0
2200 True 0.0205078125 0.05647873878479004 0
2300 False 0.0 0.0 0
2400 True 0.052734375 0.04740762710571289 0
2500 False 0.0 0.0 0
2600 True 0.0185546875 0.045151472091674805 0
2700 True 0.017578125 0.041675567626953125 0
2800 True 0.00390625 0.043778181076049805 0
2900 False 0.0 0.0 0
3000 True 0.025390625 0.045023202896118164 0
3100 True 0.0146484375 0.048377275466918945 0
3200 False 0.0 0.0 0
3300 False 0.0 0.0 0
3400 False 0.0 0.0 0
3500 True 0.0185546875 0.04349637031555176 0
3600 False 0.0 0.0 0
3700 False 0.0 0.0 0
3800 True 0.0185546875 0.04405093193054199 0
3900 False 0.0 0.0 0
4000 False 0.0 0.0 0
4100 True 0.04296875 0.08145499229431152 0
4200 False 0.0 0.0 0
4300 True 0.0244140625 0.052294254302978516 0
4400 False 0.0 0.0 0
4500 True 0.00390625 0.04563760757446289 0
4600 False 0.0 0.0 0
4700 False 0.0 0.0 0
4800 True 0.021484375 0.06125950813293457 0
4900 False 0.0 0.0 0
5000 True 0.021484375 0.05944371223449707 0
5100 True 0.025390625 0.0594940185546875 0
5200 True 0.0263671875 0.04451155662536621 0
5300 True 0.0029296875 0.041548728942871094 0
5400 True 0.017578125 0.04664444923400879 0
5500 True 0.00390625 0.04044151306152344 0
5600 True 0.009765625 0.04255533218383789 0
5700 True 0.021484375 0.042864322662353516 0
5800 False 0.0 0.0 0
5900 False 0.0 0.0 0
6000 True 0.0 0.04354500770568848 0
6100 True 0.015625 0.04128384590148926 0
6200 True 0.01171875 0.04458308219909668 0
6300 False 0.0 0.0 0
6400 True 0.0126953125 0.0430600643157959 0
6500 False 0.0 0.0 0
6600 True 0.0390625 0.04073476791381836 0
6700 False 0.0 0.0 0
6800 True 0.0009765625 0.042243242263793945 0
6900 False 0.0 0.0 0
7000 False 0.0 0.0 0
7100 True 0.00390625 0.04174160957336426 0
7200 True 0.00390625 0.042978525161743164 0
7300 False 0.0 0.0 0
7400 True 0.0166015625 0.04653215408325195 0
7500 True 0.029296875 0.06236124038696289 0
7600 False 0.0 0.0 0
7700 True 0.033203125 0.09581351280212402 0
7800 True 0.00390625 0.10122060775756836 0
7900 False 0.0 0.0 0
8000 True 0.0146484375 0.09724211692810059 0
8100 False 0.0 0.0 0
8200 False 0.0 0.0 0
8300 False 0.0 0.0 0
8400 True 0.0166015625 0.05967402458190918 0
8500 True 0.0087890625 0.06409478187561035 0
8600 True 0.009765625 0.044358015060424805 0
8700 True 0.01171875 0.04425668716430664 0
8800 True 0.046875 0.05828547477722168 0
8900 True 0.0166015625 0.10173845291137695 0
9000 True 0.0244140625 0.08907866477966309 0
9100 False 0.0 0.0 0
9200 True 0.0322265625 0.052513837814331055 0
9300 True 0.0185546875 0.05855131149291992 0
9400 True 0.0205078125 0.057074785232543945 0
9500 False 0.0 0.0 0
9600 True 0.0234375 0.052790164947509766 0
9700 True 0.0244140625 0.07656335830688477 0
9800 True 0.009765625 0.06447267532348633 0
9900 True 0.021484375 0.0935068130493164 0
