0 True 0.0 0.03569674491882324 0
100 False 0.0 0.0 0
200 True 0.0 0.03587079048156738 0
300 True 0.0 0.036106109619140625 0
400 True 0.0 0.036158084869384766 0
500 False 0.0 0.0 0
600 True 0.0 0.036321163177490234 0
700 True 0.0 0.03554248809814453 0
800 True 0.0 0.0355229377746582 0
900 True 0.0 0.035559654235839844 0
1000 True 0.0 0.03557848930358887 0
1100 False 0.0 0.0 0
1200 True 0.0 0.034835100173950195 0
1300 True 0.0 0.034989118576049805 0
1400 False 0.0 0.0 0
1500 True 0.0 0.035059452056884766 0
1600 False 0.0 0.0 0
1700 False 0.0 0.0 0
1800 True 0.0 0.03541684150695801 0
1900 True 0.0 0.03590893745422363 0
2000 True 0.0 0.03631949424743652 0
2100 False 0.0 0.0 0
2200 True 0.0 0.03606748580932617 0
2300 False 0.0 0.0 0
2400 True 0.0 0.040079355239868164 0
2500 True 0.0 0.04133915901184082 0
2600 True 0.0 0.041413068771362305 0
2700 True 0.0 0.041605234146118164 0
2800 True 0.0 0.04158902168273926 0
2900 False 0.0 0.0 0
3000 True 0.0 0.041445016860961914 0
3100 True 0.0 0.04165244102478027 0
3200 True 0.0 0.0401761531829834 0
3300 True 0.0 0.0402677059173584 0
3400 False 0.0 0.0 0
3500 True 0.0 0.03983354568481445 0
3600 False 0.0 0.0 0
3700 True 0.0 0.03757190704345703 0
3800 True 0.0 0.03755378723144531 0
3900 False 0.0 0.0 0
4000 False 0.0 0.0 0
4100 True 0.0 0.037637948989868164 0
4200 False 0.0 0.0 0
4300 True 0.0 0.036374807357788086 0
4400 False 0.0 0.0 0
4500 False 0.0 0.0 0
4600 True 0.0 0.0365147590637207 0
4700 False 0.0 0.0 0
4800 True 0.0 0.0363161563873291 0
4900 True 0.0 0.06779623031616211 0
5000 True 0.0 0.050646066665649414 0
5100 True 0.0 0.04252767562866211 0
5200 True 0.0 0.042571306228637695 0
5300 True 0.0 0.03956437110900879 0
5400 True 0.0 0.037564992904663086 0
5500 False 0.0 0.0 0
5600 True 0.0 0.03740262985229492 0
5700 True 0.0 0.03746485710144043 0
5800 False 0.0 0.0 0
5900 False 0.0 0.0 0
6000 True 0.0 0.03556513786315918 0
6100 True 0.0 0.03691363334655762 0
6200 False 0.0 0.0 0
6300 True 0.0 0.03794670104980469 0
6400 False 0.0 0.0 0
6500 False 0.0 0.0 0
6600 True 0.0 0.03788566589355469 0
6700 True 0.0 0.03782081604003906 0
6800 True 0.0 0.03800535202026367 0
6900 True 0.0 0.0416107177734375 0
7000 False 0.0 0.0 0
7100 False 0.0 0.0 0
7200 True 0.0 0.0381169319152832 0
7300 False 0.0 0.0 0
7400 True 0.0 0.0376741886138916 0
7500 True 0.0 0.03850436210632324 0
7600 False 0.0 0.0 0
7700 True 0.0 0.038268089294433594 0
7800 True 0.0 0.0418696403503418 0
7900 True 0.0 0.042173147201538086 0
8000 True 0.0 0.038117408752441406 0
8100 False 0.0 0.0 0
8200 False 0.0 0.0 0
8300 False 0.0 0.0 0
8400 True 0.0 0.03833293914794922 0
8500 True 0.0 0.0376431941986084 0
8600 False 0.0 0.0 0
8700 True 0.0 0.0394136905670166 0
8800 True 0.0 0.04635047912597656 0
8900 True 0.0 0.037920475006103516 0
9000 True 0.0 0.03864288330078125 0
9100 True 0.0 0.037505388259887695 0
9200 True 0.0 0.0390169620513916 0
9300 False 0.0 0.0 0
9400 True 0.0 0.04021263122558594 0
9500 True 0.0 0.03849625587463379 0
9600 True 0.0 0.03851056098937988 0
9700 True 0.0 0.04303431510925293 0
9800 True 0.0 0.03906726837158203 0
9900 True 0.0 0.042324066162109375 0
