0 True 0.017578125 0.06296610832214355 0
100 False 0.0 0.0 0
200 False 0.0 0.0 0
300 False 0.0 0.0 0
400 True 0.126953125 0.0636751651763916 0
500 False 0.0 0.0 0
600 True 0.0703125 0.05144524574279785 0
700 True 0.05859375 0.06036686897277832 0
800 True 0.03125 0.07309532165527344 0
900 False 0.0 0.0 0
1000 True 0.078125 0.06518912315368652 0
1100 False 0.0 0.0 0
1200 False 0.0 0.0 0
1300 True 0.130859375 0.05204153060913086 0
1400 True 0.046875 0.05360746383666992 0
1500 False 0.0 0.0 0
1600 False 0.0 0.0 0
1700 False 0.0 0.0 0
1800 False 0.0 0.0 0
1900 True 0.1044921875 0.07745361328125 0
2000 False 0.0 0.0 0
2100 False 0.0 0.0 0
2200 True 0.1220703125 0.07774639129638672 0
2300 False 0.0 0.0 0
2400 True 0.2109375 0.1283559799194336 0
2500 False 0.0 0.0 0
2600 True 0.0634765625 0.06148386001586914 0
2700 True 0.05078125 0.11040377616882324 0
2800 False 0.0 0.0 0
2900 True 0.056640625 0.07237362861633301 0
3000 True 0.083984375 0.06770110130310059 0
3100 True 0.0625 0.05988502502441406 0
3200 False 0.0 0.0 0
3300 False 0.0 0.0 0
3400 False 0.0 0.0 0
3500 True 0.0068359375 0.0900421142578125 0
3600 False 0.0 0.0 0
3700 False 0.0 0.0 0
3800 True 0.0537109375 0.08863353729248047 0
3900 False 0.0 0.0 0
4000 False 0.0 0.0 0
4100 True 0.1201171875 0.08144760131835938 0
4200 False 0.0 0.0 0
4300 True 0.087890625 0.08090710639953613 0
4400 False 0.0 0.0 0
4500 True 0.0478515625 0.07162833213806152 0
4600 False 0.0 0.0 0
4700 True 0.00390625 0.050763845443725586 0
4800 True 0.1103515625 0.05387282371520996 0
4900 False 0.0 0.0 0
5000 True 0.0634765625 0.05112648010253906 0
5100 True 0.029296875 0.056478023529052734 0
5200 False 0.0 0.0 0
5300 False 0.0 0.0 0
5400 False 0.0 0.0 0
5500 False 0.0 0.0 0
5600 False 0.0 0.0 0
5700 True 0.0439453125 0.05577397346496582 0
5800 False 0.0 0.0 0
5900 False 0.0 0.0 0
6000 False 0.0 0.0 0
6100 True 0.08203125 0.054173946380615234 0
6200 False 0.0 0.0 0
6300 False 0.0 0.0 0
6400 False 0.0 0.0 0
6500 False 0.0 0.0 0
6600 True 0.0556640625 0.058211565017700195 0
6700 False 0.0 0.0 0
6800 True 0.0546875 0.05565166473388672 0
6900 True 0.05078125 0.05622410774230957 0
7000 False 0.0 0.0 0
7100 True 0.1171875 0.05865669250488281 0
7200 False 0.0 0.0 0
7300 True 0.01171875 0.05451488494873047 0
7400 False 0.0 0.0 0
7500 True 0.07421875 0.05582237243652344 0
7600 False 0.0 0.0 0
7700 True 0.103515625 0.05441737174987793 0
7800 True 0.12890625 0.049010276794433594 0
7900 False 0.0 0.0 0
8000 True 0.0087890625 0.05470895767211914 0
8100 False 0.0 0.0 0
8200 False 0.0 0.0 0
8300 False 0.0 0.0 0
8400 False 0.0 0.0 0
8500 False 0.0 0.0 0
8600 True 0.052734375 0.054911136627197266 0
8700 True 0.099609375 0.05593395233154297 0
8800 True 0.232421875 0.05712604522705078 0
8900 False 0.0 0.0 0
9000 True 0.0166015625 0.05146217346191406 0
9100 False 0.0 0.0 0
9200 True 0.0888671875 0.05512809753417969 0
9300 True 0.015625 0.05194449424743652 0
9400 True 0.0654296875 0.052684783935546875 0
9500 False 0.0 0.0 0
9600 True 0.0908203125 0.054718732833862305 0
9700 True 0.08984375 0.054335832595825195 0
9800 True 0.0908203125 0.06118583679199219 0
9900 False 0.0 0.0 0
