0 True 0 0.005905866622924805 0
100 False 0 0.0 0
200 False 0 0.0 0
300 True 1 0.006850481033325195 0
400 True 1 0.015157938003540039 0
500 False 0 0.0 0
600 True 1 0.015259265899658203 0
700 True 1 0.015226602554321289 0
800 True 1 0.015346050262451172 0
900 False 0 0.0 0
1000 True 1 0.015244245529174805 0
1100 False 0 0.0 0
1200 True 1 0.009059667587280273 0
1300 False 0 0.0 0
1400 True 1 0.008919477462768555 0
1500 False 0 0.0 0
1600 False 0 0.0 0
1700 False 0 0.0 0
1800 True 0 0.0059740543365478516 0
1900 True 1 0.013557195663452148 0
2000 False 0 0.0 0
2100 False 0 0.0 0
2200 False 0 0.0 0
2300 False 0 0.0 0
2400 True 1 0.006892681121826172 0
2500 False 0 0.0 0
2600 True 1 0.009163618087768555 0
2700 True 1 0.008867979049682617 0
2800 False 0 0.0 0
2900 False 0 0.0 0
3000 True 1 0.008792400360107422 0
3100 True 1 0.008953332901000977 0
3200 True 0 0.0063152313232421875 0
3300 True 0 0.0064754486083984375 0
3400 True 0 0.005602121353149414 0
3500 True 1 0.00704503059387207 0
3600 False 0 0.0 0
3700 False 0 0.0 0
3800 True 1 0.006944417953491211 0
3900 False 0 0.0 0
4000 False 0 0.0 0
4100 True 1 0.007233381271362305 0
4200 True 0 0.006021738052368164 0
4300 True 1 0.015276670455932617 0
4400 False 0 0.0 0
4500 True 0 0.007848262786865234 0
4600 False 0 0.0 0
4700 False 0 0.0 0
4800 True 1 0.008945226669311523 0
4900 True 0 0.008426189422607422 0
5000 True 1 0.00922703742980957 0
5100 True 1 0.015633821487426758 0
5200 True 1 0.01607513427734375 0
5300 False 0 0.0 0
5400 True 1 0.009228229522705078 0
5500 False 0 0.0 0
5600 True 1 0.008910894393920898 0
5700 True 1 0.008908748626708984 0
5800 False 0 0.0 0
5900 False 0 0.0 0
6000 True 0 0.008987188339233398 0
6100 True 1 0.017559528350830078 0
6200 True 1 0.009161233901977539 0
6300 False 0 0.0 0
6400 True 1 0.008957386016845703 0
6500 False 0 0.0 0
6600 True 1 0.01018977165222168 0
6700 True 0 0.006687164306640625 0
6800 True 1 0.009219884872436523 0
6900 True 1 0.009192943572998047 0
7000 False 0 0.0 0
7100 False 0 0.0 0
7200 True 0 0.008333921432495117 0
7300 False 0 0.0 0
7400 True 1 0.009172916412353516 0
7500 True 1 0.009532451629638672 0
7600 False 0 0.0 0
7700 True 1 0.00937509536743164 0
7800 True 0 0.008848190307617188 0
7900 False 0 0.0 0
8000 True 1 0.009210586547851562 0
8100 True 1 0.00933527946472168 0
8200 False 0 0.0 0
8300 False 0 0.0 0
8400 True 1 0.021570444107055664 0
8500 True 1 0.018030643463134766 0
8600 True 1 0.017676115036010742 0
8700 True 1 0.008929729461669922 0
8800 True 1 0.009163141250610352 0
8900 True 1 0.007086515426635742 0
9000 True 1 0.007125377655029297 0
9100 False 0 0.0 0
9200 True 1 0.00710749626159668 0
9300 True 1 0.0071032047271728516 0
9400 True 1 0.007187843322753906 0
9500 True 1 0.006859779357910156 0
9600 True 1 0.006861448287963867 0
9700 True 1 0.006955623626708984 0
9800 True 1 0.00707554817199707 0
9900 True 1 0.006955146789550781 0
