0 True 0 0.0068721771240234375 0
100 False 0 0.0 0
200 False 0 0.0 0
300 False 0 0.0 0
400 True 1 0.0074307918548583984 0
500 False 0 0.0 0
600 True 1 0.007750988006591797 0
700 True 1 0.0077288150787353516 0
800 True 1 0.007535696029663086 0
900 False 0 0.0 0
1000 True 1 0.007412433624267578 0
1100 False 0 0.0 0
1200 False 0 0.0 0
1300 True 1 0.0071675777435302734 0
1400 True 1 0.0069844722747802734 0
1500 False 0 0.0 0
1600 False 0 0.0 0
1700 False 0 0.0 0
1800 False 0 0.0 0
1900 True 1 0.00683903694152832 0
2000 False 0 0.0 0
2100 False 0 0.0 0
2200 True 1 0.00704646110534668 0
2300 False 0 0.0 0
2400 True 1 0.006899118423461914 0
2500 False 0 0.0 0
2600 True 1 0.006890058517456055 0
2700 True 1 0.006955146789550781 0
2800 False 0 0.0 0
2900 True 1 0.007119178771972656 0
3000 True 1 0.006869316101074219 0
3100 True 1 0.006849527359008789 0
3200 False 0 0.0 0
3300 False 0 0.0 0
3400 False 0 0.0 0
3500 True 0 0.005419492721557617 0
3600 False 0 0.0 0
3700 False 0 0.0 0
3800 True 1 0.007018566131591797 0
3900 False 0 0.0 0
4000 False 0 0.0 0
4100 True 1 0.00699305534362793 0
4200 False 0 0.0 0
4300 True 1 0.007061481475830078 0
4400 False 0 0.0 0
4500 True 1 0.006957292556762695 0
4600 False 0 0.0 0
4700 True 0 0.0053670406341552734 0
4800 True 1 0.00667881965637207 0
4900 False 0 0.0 0
5000 True 1 0.00687098503112793 0
5100 True 0 0.0063953399658203125 0
5200 False 0 0.0 0
5300 False 0 0.0 0
5400 False 0 0.0 0
5500 False 0 0.0 0
5600 False 0 0.0 0
5700 True 1 0.007070064544677734 0
5800 False 0 0.0 0
5900 False 0 0.0 0
6000 False 0 0.0 0
6100 True 1 0.007227897644042969 0
6200 False 0 0.0 0
6300 False 0 0.0 0
6400 False 0 0.0 0
6500 False 0 0.0 0
6600 True 1 0.0071642398834228516 0
6700 False 0 0.0 0
6800 True 1 0.01010441780090332 0
6900 True 1 0.015025138854980469 0
7000 False 0 0.0 0
7100 True 1 0.015073299407958984 0
7200 False 0 0.0 0
7300 True 0 0.011901617050170898 0
7400 False 0 0.0 0
7500 True 1 0.01511526107788086 0
7600 False 0 0.0 0
7700 True 1 0.014986515045166016 0
7800 True 1 0.014679670333862305 0
7900 False 0 0.0 0
8000 True 0 0.010640382766723633 0
8100 False 0 0.0 0
8200 False 0 0.0 0
8300 False 0 0.0 0
8400 False 0 0.0 0
8500 False 0 0.0 0
8600 True 1 0.009070396423339844 0
8700 True 1 0.008910417556762695 0
8800 True 1 0.00895380973815918 0
8900 False 0 0.0 0
9000 True 0 0.006148815155029297 0
9100 False 0 0.0 0
9200 True 1 0.007201194763183594 0
9300 True 0 0.0060536861419677734 0
9400 True 1 0.007336854934692383 0
9500 False 0 0.0 0
9600 True 1 0.0071680545806884766 0
9700 True 1 0.008324861526489258 0
9800 True 1 0.008340835571289062 0
9900 False 0 0.0 0
