0 True 0 0.010336875915527344 0
100 False 0 0.0 0
200 True 0 0.01009821891784668 0
300 True 0 0.008916378021240234 0
400 True 0 0.010350465774536133 0
500 False 0 0.0 0
600 True 0 0.010132789611816406 0
700 True 0 0.01013040542602539 0
800 True 0 0.01009368896484375 0
900 False 0 0.0 0
1000 True 0 0.010167360305786133 0
1100 False 0 0.0 0
1200 True 0 0.013433456420898438 0
1300 False 0 0.0 0
1400 True 0 0.010332822799682617 0
1500 True 0 0.010448932647705078 0
1600 False 0 0.0 0
1700 True 0 0.01094675064086914 0
1800 True 0 0.015103578567504883 0
1900 True 0 0.01473689079284668 0
2000 True 0 0.01165151596069336 0
2100 True 0 0.013576745986938477 0
2200 True 0 0.01661396026611328 0
2300 True 0 0.01022481918334961 0
2400 True 0 0.01012873649597168 0
2500 False 0 0.0 0
2600 True 0 0.010201692581176758 0
2700 False 0 0.0 0
2800 False 0 0.0 0
2900 False 0 0.0 0
3000 True 0 0.01705479621887207 0
3100 True 0 0.010385990142822266 0
3200 False 0 0.0 0
3300 True 0 0.010317802429199219 0
3400 False 0 0.0 0
3500 True 0 0.010235786437988281 0
3600 False 0 0.0 0
3700 True 0 0.010434865951538086 0
3800 True 0 0.010437250137329102 0
3900 False 0 0.0 0
4000 False 0 0.0 0
4100 True 0 0.010557889938354492 0
4200 False 0 0.0 0
4300 True 0 0.014018535614013672 0
4400 False 0 0.0 0
4500 True 0 0.010337114334106445 0
4600 False 0 0.0 0
4700 True 0 0.010302066802978516 0
4800 True 0 0.010161399841308594 0
4900 False 0 0.0 0
5000 True 0 0.010170936584472656 0
5100 True 0 0.009425163269042969 0
5200 True 0 0.009361743927001953 0
5300 True 0 0.009491682052612305 0
5400 True 0 0.009431123733520508 0
5500 True 0 0.009406089782714844 0
5600 True 0 0.009408950805664062 0
5700 False 0 0.0 0
5800 True 0 0.009534597396850586 0
5900 False 0 0.0 0
6000 True 0 0.009574651718139648 0
6100 True 0 0.009434223175048828 0
6200 True 0 0.009499788284301758 0
6300 True 0 0.009671688079833984 0
6400 True 0 0.00972890853881836 0
6500 False 0 0.0 0
6600 True 0 0.009638309478759766 0
6700 True 0 0.009725332260131836 0
6800 True 0 0.009776830673217773 0
6900 True 0 0.009857416152954102 0
7000 False 0 0.0 0
7100 False 0 0.0 0
7200 False 0 0.0 0
7300 False 0 0.0 0
7400 True 0 0.009804964065551758 0
7500 True 0 0.009855031967163086 0
7600 False 0 0.0 0
7700 True 0 0.009774446487426758 0
7800 True 0 0.00991368293762207 0
7900 False 0 0.0 0
8000 True 0 0.00981903076171875 0
8100 False 0 0.0 0
8200 False 0 0.0 0
8300 False 0 0.0 0
8400 True 0 0.009751558303833008 0
8500 True 0 0.009956121444702148 0
8600 True 0 0.009966850280761719 0
8700 False 0 0.0 0
8800 True 0 0.009906768798828125 0
8900 False 0 0.0 0
9000 True 0 0.009897947311401367 0
9100 False 0 0.0 0
9200 True 0 0.009985208511352539 0
9300 True 0 0.009934425354003906 0
9400 True 0 0.009859085083007812 0
9500 True 0 0.00974583625793457 0
9600 True 0 0.009786367416381836 0
9700 True 0 0.009920597076416016 0
9800 True 0 0.009997367858886719 0
9900 True 0 0.009863853454589844 0
