0 True 0.0 0.08805108070373535 0
100 False 0.0 0.0 0
200 True 0.0 0.08294463157653809 0
300 True 0.0 0.08079123497009277 0
400 True 0.0 0.0792396068572998 0
500 False 0.0 0.0 0
600 True 0.0 0.07815098762512207 0
700 True 0.0 0.07926273345947266 0
800 True 0.0 0.07931160926818848 0
900 False 0.0 0.0 0
1000 True 0.0 0.0788414478302002 0
1100 False 0.0 0.0 0
1200 True 0.0 0.07927179336547852 0
1300 False 0.0 0.0 0
1400 True 0.0 0.07852053642272949 0
1500 True 0.0 0.07837367057800293 0
1600 False 0.0 0.0 0
1700 True 0.0 0.08150744438171387 0
1800 True 0.0 0.07984614372253418 0
1900 True 0.0 0.07924222946166992 0
2000 True 0.0 0.07834291458129883 0
2100 True 0.0 0.07840561866760254 0
2200 True 0.0 0.0782473087310791 0
2300 True 0.0 0.0786886215209961 0
2400 True 0.0 0.07912540435791016 0
2500 False 0.0 0.0 0
2600 True 0.0 0.0792074203491211 0
2700 False 0.0 0.0 0
2800 False 0.0 0.0 0
2900 False 0.0 0.0 0
3000 True 0.0 0.07817578315734863 0
3100 True 0.0 0.0842282772064209 0
3200 False 0.0 0.0 0
3300 True 0.0 0.0789186954498291 0
3400 False 0.0 0.0 0
3500 True 0.0 0.07875180244445801 0
3600 False 0.0 0.0 0
3700 True 0.0 0.07857108116149902 0
3800 True 0.0 0.0795285701751709 0
3900 False 0.0 0.0 0
4000 False 0.0 0.0 0
4100 True 0.0 0.0803682804107666 0
4200 False 0.0 0.0 0
4300 True 0.0 0.08027172088623047 0
4400 False 0.0 0.0 0
4500 True 0.0 0.07808637619018555 0
4600 False 0.0 0.0 0
4700 True 0.0 0.07866549491882324 0
4800 True 0.0 0.07944250106811523 0
4900 False 0.0 0.0 0
5000 True 0.0 0.07943844795227051 0
5100 True 0.0 0.07951831817626953 0
5200 True 0.0 0.07926416397094727 0
5300 True 0.0 0.07915949821472168 0
5400 True 0.0 0.08210992813110352 0
5500 True 0.0 0.0812997817993164 0
5600 True 0.0 0.08022069931030273 0
5700 False 0.0 0.0 0
5800 True 0.0 0.07996463775634766 0
5900 False 0.0 0.0 0
6000 True 0.0 0.07997250556945801 0
6100 True 0.0 0.08625078201293945 0
6200 True 0.0 0.08748841285705566 0
6300 True 0.0 0.08116316795349121 0
6400 True 0.0 0.08219218254089355 0
6500 False 0.0 0.0 0
6600 True 0.0 0.08112001419067383 0
6700 True 0.0 0.07969498634338379 0
6800 True 0.0 0.0784003734588623 0
6900 True 0.0 0.07860779762268066 0
7000 False 0.0 0.0 0
7100 False 0.0 0.0 0
7200 False 0.0 0.0 0
7300 False 0.0 0.0 0
7400 True 0.0 0.07861566543579102 0
7500 True 0.0 0.07842612266540527 0
7600 False 0.0 0.0 0
7700 True 0.0 0.07842445373535156 0
7800 True 0.0 0.08064484596252441 0
7900 False 0.0 0.0 0
8000 True 0.0 0.07973837852478027 0
8100 False 0.0 0.0 0
8200 False 0.0 0.0 0
8300 False 0.0 0.0 0
8400 True 0.0 0.08610320091247559 0
8500 True 0.0 0.12668228149414062 0
8600 True 0.0 0.08599281311035156 0
8700 False 0.0 0.0 0
8800 True 0.0 0.08472967147827148 0
8900 False 0.0 0.0 0
9000 True 0.0 0.10403800010681152 0
9100 False 0.0 0.0 0
9200 True 0.0 0.08544349670410156 0
9300 True 0.0 0.08060836791992188 0
9400 True 0.0 0.13290882110595703 0
9500 True 0.0 0.12122035026550293 0
9600 True 0.0 0.0895845890045166 0
9700 True 0.0 0.0833592414855957 0
9800 True 0.0 0.09037256240844727 0
9900 True 0.0 0.09009647369384766 0
