0 True 1 0.019567012786865234 0
100 False 0 0.0 0
200 False 0 0.0 0
300 True 1 0.019888877868652344 0
400 True 1 0.01781296730041504 0
500 False 0 0.0 0
600 True 1 0.014779329299926758 0
700 True 1 0.021364450454711914 0
800 True 1 0.016240596771240234 0
900 False 0 0.0 0
1000 True 1 0.013255834579467773 0
1100 False 0 0.0 0
1200 True 1 0.01331782341003418 0
1300 True 0 0.011618375778198242 0
1400 True 0 0.011528730392456055 0
1500 False 0 0.0 0
1600 False 0 0.0 0
1700 False 0 0.0 0
1800 False 0 0.0 0
1900 True 1 0.013534784317016602 0
2000 True 1 0.021396398544311523 0
2100 False 0 0.0 0
2200 True 1 0.013502836227416992 0
2300 False 0 0.0 0
2400 True 1 0.013346433639526367 0
2500 False 0 0.0 0
2600 True 1 0.01448965072631836 0
2700 True 1 0.013438701629638672 0
2800 True 0 0.012678146362304688 0
2900 False 0 0.0 0
3000 True 1 0.013048410415649414 0
3100 True 1 0.013067007064819336 0
3200 False 0 0.0 0
3300 True 1 0.013171195983886719 0
3400 False 0 0.0 0
3500 False 0 0.0 0
3600 False 0 0.0 0
3700 True 1 0.011098861694335938 0
3800 True 1 0.011064529418945312 0
3900 False 0 0.0 0
4000 False 0 0.0 0
4100 True 1 0.011024236679077148 0
4200 True 0 0.009601116180419922 0
4300 True 1 0.010958671569824219 0
4400 False 0 0.0 0
4500 True 1 0.010793924331665039 0
4600 False 0 0.0 0
4700 True 0 0.009638547897338867 0
4800 True 1 0.010899782180786133 0
4900 False 0 0.0 0
5000 True 1 0.011447668075561523 0
5100 True 1 0.010955333709716797 0
5200 True 1 0.011044502258300781 0
5300 False 0 0.0 0
5400 True 1 0.011212348937988281 0
5500 False 0 0.0 0
5600 True 1 0.011254549026489258 0
5700 True 1 0.011318445205688477 0
5800 False 0 0.0 0
5900 True 0 0.01015472412109375 0
6000 False 0 0.0 0
6100 True 1 0.011239767074584961 0
6200 True 0 0.01004648208618164 0
6300 True 0 0.00997161865234375 0
6400 True 1 0.01135110855102539 0
6500 False 0 0.0 0
6600 True 1 0.011345386505126953 0
6700 True 1 0.0114593505859375 0
6800 False 0 0.0 0
6900 True 1 0.011512994766235352 0
7000 False 0 0.0 0
7100 False 0 0.0 0
7200 True 1 0.011526107788085938 0
7300 False 0 0.0 0
7400 True 1 0.01160120964050293 0
7500 True 1 0.01183319091796875 0
7600 False 0 0.0 0
7700 True 1 0.011750459671020508 0
7800 True 0 0.011342048645019531 0
7900 False 0 0.0 0
8000 True 1 0.011970758438110352 0
8100 True 0 0.010470151901245117 0
8200 False 0 0.0 0
8300 False 0 0.0 0
8400 True 1 0.011959075927734375 0
8500 True 1 0.011934757232666016 0
8600 True 0 0.011175155639648438 0
8700 True 1 0.011769533157348633 0
8800 True 1 0.011772394180297852 0
8900 False 0 0.0 0
9000 True 1 0.011786937713623047 0
9100 False 0 0.0 0
9200 True 1 0.011896610260009766 0
9300 True 1 0.011993408203125 0
9400 True 1 0.011936426162719727 0
9500 False 0 0.0 0
9600 True 1 0.011840581893920898 0
9700 True 1 0.011811017990112305 0
9800 True 1 0.012115716934204102 0
9900 True 1 0.011757612228393555 0
