0 True 0.0 0.08826994895935059 0
100 False 0.0 0.0 0
200 True 0.0 0.09053945541381836 0
300 True 0.0 0.0828402042388916 0
400 True 0.0 0.08652591705322266 0
500 True 0.0 0.08668065071105957 0
600 True 0.0 0.08649611473083496 0
700 True 0.0 0.0858302116394043 0
800 True 0.0 0.08332228660583496 0
900 False 0.0 0.0 0
1000 True 0.0 0.08129549026489258 0
1100 True 0.0 0.08005785942077637 0
1200 True 0.0 0.08083772659301758 0
1300 True 0.0 0.08830142021179199 0
1400 False 0.0 0.0 0
1500 True 0.0 0.13093137741088867 0
1600 True 0.0 0.09306192398071289 0
1700 True 0.0 0.08952641487121582 0
1800 True 0.0 0.08242034912109375 0
1900 True 0.0 0.08976292610168457 0
2000 True 0.0 0.08649134635925293 0
2100 True 0.0 0.11471319198608398 0
2200 True 0.0 0.09214425086975098 0
2300 False 0.0 0.0 0
2400 True 0.0 0.13229131698608398 0
2500 True 0.0 0.0895240306854248 0
2600 True 0.0 0.12566161155700684 0
2700 True 0.0 0.09407973289489746 0
2800 True 0.0 0.09925293922424316 0
2900 True 0.0 0.11014461517333984 0
3000 True 0.0 0.10364174842834473 0
3100 True 0.0 0.10053348541259766 0
3200 True 0.0 0.08937501907348633 0
3300 True 0.0 0.07983231544494629 0
3400 False 0.0 0.0 0
3500 True 0.0 0.07917141914367676 0
3600 False 0.0 0.0 0
3700 True 0.0 0.0785369873046875 0
3800 True 0.0 0.0786745548248291 0
3900 False 0.0 0.0 0
4000 False 0.0 0.0 0
4100 True 0.0 0.07880473136901855 0
4200 True 0.0 0.07973527908325195 0
4300 True 0.0 0.07947659492492676 0
4400 True 0.0 0.07949948310852051 0
4500 False 0.0 0.0 0
4600 True 0.0 0.07911086082458496 0
4700 True 0.0 0.0787508487701416 0
4800 True 0.0 0.0787954330444336 0
4900 True 0.0 0.0789334774017334 0
5000 True 0.0 0.07857131958007812 0
5100 True 0.0 0.07883286476135254 0
5200 True 0.0 0.07877540588378906 0
5300 True 0.0 0.07878708839416504 0
5400 True 0.0 0.07857370376586914 0
5500 True 0.0 0.07925057411193848 0
5600 True 0.0 0.07946991920471191 0
5700 True 0.0 0.07936716079711914 0
5800 True 0.0 0.0792083740234375 0
5900 False 0.0 0.0 0
6000 True 0.0 0.07878351211547852 0
6100 True 0.0 0.07957863807678223 0
6200 True 0.0 0.07876753807067871 0
6300 True 0.0 0.07869601249694824 0
6400 True 0.0 0.07869815826416016 0
6500 True 0.0 0.07867765426635742 0
6600 True 0.0 0.07869887351989746 0
6700 True 0.0 0.0789794921875 0
6800 True 0.0 0.07934927940368652 0
6900 True 0.0 0.07912755012512207 0
7000 False 0.0 0.0 0
7100 True 0.0 0.07927155494689941 0
7200 True 0.0 0.07863903045654297 0
7300 False 0.0 0.0 0
7400 True 0.0 0.07893943786621094 0
7500 True 0.0 0.07860493659973145 0
7600 False 0.0 0.0 0
7700 True 0.0 0.07925772666931152 0
7800 True 0.0 0.07892489433288574 0
7900 True 0.0 0.07918429374694824 0
8000 True 0.0 0.0792088508605957 0
8100 True 0.0 0.07959342002868652 0
8200 True 0.0 0.07863116264343262 0
8300 False 0.0 0.0 0
8400 True 0.0 0.07896947860717773 0
8500 True 0.0 0.07952713966369629 0
8600 False 0.0 0.0 0
8700 True 0.0 0.07909584045410156 0
8800 True 0.0 0.0790097713470459 0
8900 True 0.0 0.08125638961791992 0
9000 True 0.0 0.08061695098876953 0
9100 True 0.0 0.07906508445739746 0
9200 True 0.0 0.07877230644226074 0
9300 True 0.0 0.07850193977355957 0
9400 True 0.0 0.0789484977722168 0
9500 True 0.0 0.07860684394836426 0
9600 True 0.0 0.07913613319396973 0
9700 True 0.0 0.0783698558807373 0
9800 True 0.0 0.08484530448913574 0
9900 True 0.0 0.08984518051147461 0
