0 True 0 0.010733842849731445 0
100 False 0 0.0 0
200 True 0 0.010127782821655273 0
300 True 0 0.009922981262207031 0
400 True 0 0.00995492935180664 0
500 True 0 0.009927988052368164 0
600 True 0 0.009885311126708984 0
700 True 0 0.009836673736572266 0
800 True 0 0.009901285171508789 0
900 False 0 0.0 0
1000 True 0 0.009857416152954102 0
1100 True 0 0.009902477264404297 0
1200 True 0 0.009896993637084961 0
1300 True 0 0.009936094284057617 0
1400 False 0 0.0 0
1500 True 0 0.009884834289550781 0
1600 True 0 0.009818792343139648 0
1700 True 0 0.009996891021728516 0
1800 True 0 0.010000944137573242 0
1900 True 0 0.01002192497253418 0
2000 True 0 0.009994983673095703 0
2100 True 0 0.009919166564941406 0
2200 True 0 0.009980201721191406 0
2300 False 0 0.0 0
2400 True 0 0.010109424591064453 0
2500 True 0 0.009917736053466797 0
2600 True 0 0.009823083877563477 0
2700 True 0 0.009798765182495117 0
2800 True 0 0.009790182113647461 0
2900 True 0 0.009846687316894531 0
3000 True 0 0.009892940521240234 0
3100 True 0 0.009912252426147461 0
3200 True 0 0.009961366653442383 0
3300 True 0 0.009928464889526367 0
3400 False 0 0.0 0
3500 True 0 0.00986337661743164 0
3600 False 0 0.0 0
3700 True 0 0.009987115859985352 0
3800 True 0 0.00992584228515625 0
3900 False 0 0.0 0
4000 False 0 0.0 0
4100 True 0 0.00989985466003418 0
4200 True 0 0.00991964340209961 0
4300 True 0 0.009868383407592773 0
4400 True 0 0.009884834289550781 0
4500 False 0 0.0 0
4600 True 0 0.010659217834472656 0
4700 True 0 0.010524749755859375 0
4800 True 0 0.010526657104492188 0
4900 True 0 0.010454654693603516 0
5000 True 0 0.00994729995727539 0
5100 True 0 0.009917736053466797 0
5200 True 0 0.009885072708129883 0
5300 True 0 0.009936094284057617 0
5400 True 0 0.009925603866577148 0
5500 True 0 0.009913921356201172 0
5600 True 0 0.009896039962768555 0
5700 True 0 0.009809017181396484 0
5800 True 0 0.009877443313598633 0
5900 False 0 0.0 0
6000 True 0 0.009737253189086914 0
6100 True 0 0.009706258773803711 0
6200 True 0 0.009755849838256836 0
6300 True 0 0.00988149642944336 0
6400 True 0 0.010094404220581055 0
6500 True 0 0.01019906997680664 0
6600 True 0 0.010930061340332031 0
6700 True 0 0.01054692268371582 0
6800 True 0 0.010510683059692383 0
6900 True 0 0.011695623397827148 0
7000 False 0 0.0 0
7100 True 0 0.009921789169311523 0
7200 True 0 0.00993800163269043 0
7300 False 0 0.0 0
7400 True 0 0.009898662567138672 0
7500 True 0 0.010003805160522461 0
7600 False 0 0.0 0
7700 True 0 0.009926319122314453 0
7800 True 0 0.009914875030517578 0
7900 True 0 0.009898185729980469 0
8000 True 0 0.01025700569152832 0
8100 True 0 0.010738849639892578 0
8200 True 0 0.010804891586303711 0
8300 False 0 0.0 0
8400 True 0 0.0101776123046875 0
8500 True 0 0.011824607849121094 0
8600 False 0 0.0 0
8700 True 0 0.009990930557250977 0
8800 True 0 0.011083602905273438 0
8900 True 0 0.009982824325561523 0
9000 True 0 0.009969234466552734 0
9100 True 0 0.009982824325561523 0
9200 True 0 0.009882450103759766 0
9300 True 0 0.009858369827270508 0
9400 True 0 0.009859085083007812 0
9500 True 0 0.009884357452392578 0
9600 True 0 0.009810686111450195 0
9700 True 0 0.009895563125610352 0
9800 True 0 0.009876012802124023 0
9900 True 0 0.009852886199951172 0
