0 False 0 0.0 0
100 True 0 0.0041272640228271484 0
200 False 0 0.0 0
300 True 0 0.004092216491699219 0
400 True 0 0.004045724868774414 0
500 False 0 0.0 0
600 False 0 0.0 0
700 False 0 0.0 0
800 False 0 0.0 0
900 False 0 0.0 0
1000 False 0 0.0 0
1100 False 0 0.0 0
1200 False 0 0.0 0
1300 False 0 0.0 0
1400 False 0 0.0 0
1500 False 0 0.0 0
1600 False 0 0.0 0
1700 False 0 0.0 0
1800 False 0 0.0 0
1900 True 0 0.004016876220703125 0
2000 False 0 0.0 0
2100 False 0 0.0 0
2200 True 0 0.004133701324462891 0
2300 False 0 0.0 0
2400 True 0 0.0041310787200927734 0
2500 False 0 0.0 0
2600 True 0 0.004065513610839844 0
2700 False 0 0.0 0
2800 False 0 0.0 0
2900 False 0 0.0 0
3000 False 0 0.0 0
3100 True 0 0.0039937496185302734 0
3200 False 0 0.0 0
3300 False 0 0.0 0
3400 True 0 0.004116535186767578 0
3500 False 0 0.0 0
3600 True 0 0.004130125045776367 0
3700 False 0 0.0 0
3800 False 0 0.0 0
3900 False 0 0.0 0
4000 False 0 0.0 0
4100 False 0 0.0 0
4200 False 0 0.0 0
4300 True 0 0.003991603851318359 0
4400 False 0 0.0 0
4500 False 0 0.0 0
4600 False 0 0.0 0
4700 True 0 0.004105806350708008 0
4800 True 0 0.004097461700439453 0
4900 False 0 0.0 0
5000 False 0 0.0 0
5100 False 0 0.0 0
5200 False 0 0.0 0
5300 False 0 0.0 0
5400 True 0 0.003998994827270508 0
5500 False 0 0.0 0
5600 False 0 0.0 0
5700 False 0 0.0 0
5800 False 0 0.0 0
5900 False 0 0.0 0
6000 False 0 0.0 0
6100 True 0 0.004113197326660156 0
6200 False 0 0.0 0
6300 False 0 0.0 0
6400 False 0 0.0 0
6500 False 0 0.0 0
6600 False 0 0.0 0
6700 True 0 0.009267568588256836 0
6800 True 0 0.009453058242797852 0
6900 False 0 0.0 0
7000 False 0 0.0 0
7100 True 0 0.005682706832885742 0
7200 False 0 0.0 0
7300 False 0 0.0 0
7400 False 0 0.0 0
7500 False 0 0.0 0
7600 False 0 0.0 0
7700 True 0 0.005154132843017578 0
7800 True 0 0.005114555358886719 0
7900 False 0 0.0 0
8000 False 0 0.0 0
8100 True 0 0.0053653717041015625 0
8200 False 0 0.0 0
8300 False 0 0.0 0
8400 False 0 0.0 0
8500 False 0 0.0 0
8600 False 0 0.0 0
8700 False 0 0.0 0
8800 True 0 0.00531458854675293 0
8900 False 0 0.0 0
9000 False 0 0.0 0
9100 False 0 0.0 0
9200 True 0 0.006175041198730469 0
9300 False 0 0.0 0
9400 True 0 0.005164623260498047 0
9500 False 0 0.0 0
9600 True 0 0.004064321517944336 0
9700 True 0 0.004034757614135742 0
9800 False 0 0.0 0
9900 False 0 0.0 0
