0 True 0.005859375 0.062101125717163086 0
100 False 0.0 0.0 0
200 True 0.005859375 0.0618135929107666 0
300 True 0.0078125 0.054589271545410156 0
400 True 0.017578125 0.06310033798217773 0
500 False 0.0 0.0 0
600 True 0.0166015625 0.07928013801574707 0
700 True 0.0009765625 0.08064079284667969 0
800 True 0.01171875 0.07066535949707031 0
900 False 0.0 0.0 0
1000 True 0.03125 0.05198979377746582 0
1100 False 0.0 0.0 0
1200 True 0.0029296875 0.04541635513305664 0
1300 True 0.00390625 0.04789257049560547 0
1400 False 0.0 0.0 0
1500 True 0.0224609375 0.053513288497924805 0
1600 False 0.0 0.0 0
1700 False 0.0 0.0 0
1800 False 0.0 0.0 0
1900 True 0.01953125 0.05504035949707031 0
2000 False 0.0 0.0 0
2100 False 0.0 0.0 0
2200 True 0.013671875 0.04634237289428711 0
2300 True 0.0078125 0.0446164608001709 0
2400 True 0.013671875 0.04892301559448242 0
2500 False 0.0 0.0 0
2600 True 0.021484375 0.04473400115966797 0
2700 False 0.0 0.0 0
2800 False 0.0 0.0 0
2900 False 0.0 0.0 0
3000 True 0.0341796875 0.04407858848571777 0
3100 True 0.0107421875 0.043987274169921875 0
3200 False 0.0 0.0 0
3300 False 0.0 0.0 0
3400 False 0.0 0.0 0
3500 True 0.0068359375 0.04540848731994629 0
3600 False 0.0 0.0 0
3700 False 0.0 0.0 0
3800 True 0.013671875 0.042337656021118164 0
3900 False 0.0 0.0 0
4000 False 0.0 0.0 0
4100 True 0.021484375 0.045093536376953125 0
4200 False 0.0 0.0 0
4300 True 0.0322265625 0.04008150100708008 0
4400 False 0.0 0.0 0
4500 True 0.0009765625 0.04315638542175293 0
4600 False 0.0 0.0 0
4700 False 0.0 0.0 0
4800 True 0.0263671875 0.043967247009277344 0
4900 False 0.0 0.0 0
5000 True 0.0166015625 0.04190349578857422 0
5100 True 0.021484375 0.043326377868652344 0
5200 False 0.0 0.0 0
5300 False 0.0 0.0 0
5400 True 0.0087890625 0.04006481170654297 0
5500 False 0.0 0.0 0
5600 False 0.0 0.0 0
5700 True 0.0029296875 0.04494976997375488 0
5800 False 0.0 0.0 0
5900 False 0.0 0.0 0
6000 False 0.0 0.0 0
6100 True 0.0107421875 0.04503989219665527 0
6200 False 0.0 0.0 0
6300 False 0.0 0.0 0
6400 False 0.0 0.0 0
6500 False 0.0 0.0 0
6600 True 0.0263671875 0.04491925239562988 0
6700 True 0.0048828125 0.040442466735839844 0
6800 True 0.0029296875 0.0426483154296875 0
6900 True 0.0048828125 0.04303908348083496 0
7000 False 0.0 0.0 0
7100 True 0.015625 0.044591665267944336 0
7200 False 0.0 0.0 0
7300 False 0.0 0.0 0
7400 False 0.0 0.0 0
7500 False 0.0 0.0 0
7600 False 0.0 0.0 0
7700 True 0.015625 0.04075217247009277 0
7800 True 0.0107421875 0.04270339012145996 0
7900 False 0.0 0.0 0
8000 True 0.01171875 0.04116344451904297 0
8100 False 0.0 0.0 0
8200 False 0.0 0.0 0
8300 False 0.0 0.0 0
8400 False 0.0 0.0 0
8500 False 0.0 0.0 0
8600 False 0.0 0.0 0
8700 True 0.0029296875 0.042402029037475586 0
8800 True 0.029296875 0.046222686767578125 0
8900 False 0.0 0.0 0
9000 True 0.0224609375 0.04444122314453125 0
9100 False 0.0 0.0 0
9200 True 0.02734375 0.041292428970336914 0
9300 False 0.0 0.0 0
9400 True 0.0078125 0.03861832618713379 0
9500 True 0.0 0.03667855262756348 0
9600 True 0.01953125 0.03987741470336914 0
9700 True 0.0185546875 0.04145240783691406 0
9800 True 0.001953125 0.04770350456237793 0
9900 False 0.0 0.0 0
