0 True 0 0.0093994140625 0
100 False 0 0.0 0
200 True 0 0.006855010986328125 0
300 True 1 0.008174419403076172 0
400 True 1 0.009339094161987305 0
500 False 0 0.0 0
600 True 1 0.00814676284790039 0
700 True 0 0.004429340362548828 0
800 True 1 0.00635981559753418 0
900 False 0 0.0 0
1000 True 1 0.006222248077392578 0
1100 False 0 0.0 0
1200 True 0 0.004218339920043945 0
1300 True 0 0.0053882598876953125 0
1400 False 0 0.0 0
1500 True 1 0.00606989860534668 0
1600 False 0 0.0 0
1700 False 0 0.0 0
1800 False 0 0.0 0
1900 True 1 0.006272315979003906 0
2000 False 0 0.0 0
2100 False 0 0.0 0
2200 True 1 0.006132602691650391 0
2300 True 1 0.0060617923736572266 0
2400 True 1 0.006056785583496094 0
2500 False 0 0.0 0
2600 True 1 0.014020442962646484 0
2700 False 0 0.0 0
2800 False 0 0.0 0
2900 False 0 0.0 0
3000 True 1 0.013688802719116211 0
3100 True 1 0.013947010040283203 0
3200 False 0 0.0 0
3300 False 0 0.0 0
3400 False 0 0.0 0
3500 True 0 0.0128173828125 0
3600 False 0 0.0 0
3700 False 0 0.0 0
3800 True 1 0.013940095901489258 0
3900 False 0 0.0 0
4000 False 0 0.0 0
4100 True 1 0.008461952209472656 0
4200 False 0 0.0 0
4300 True 1 0.00829935073852539 0
4400 False 0 0.0 0
4500 True 0 0.007120847702026367 0
4600 False 0 0.0 0
4700 False 0 0.0 0
4800 True 1 0.008179664611816406 0
4900 False 0 0.0 0
5000 True 1 0.0063440799713134766 0
5100 True 1 0.008389711380004883 0
5200 False 0 0.0 0
5300 False 0 0.0 0
5400 True 1 0.008204936981201172 0
5500 False 0 0.0 0
5600 False 0 0.0 0
5700 True 0 0.008239984512329102 0
5800 False 0 0.0 0
5900 False 0 0.0 0
6000 False 0 0.0 0
6100 True 1 0.008321762084960938 0
6200 False 0 0.0 0
6300 False 0 0.0 0
6400 False 0 0.0 0
6500 False 0 0.0 0
6600 True 1 0.006342172622680664 0
6700 True 0 0.004778146743774414 0
6800 True 0 0.0054171085357666016 0
6900 True 0 0.005883932113647461 0
7000 False 0 0.0 0
7100 True 1 0.006491422653198242 0
7200 False 0 0.0 0
7300 False 0 0.0 0
7400 False 0 0.0 0
7500 False 0 0.0 0
7600 False 0 0.0 0
7700 True 1 0.006298542022705078 0
7800 True 1 0.009059667587280273 0
7900 False 0 0.0 0
8000 True 1 0.011913061141967773 0
8100 False 0 0.0 0
8200 False 0 0.0 0
8300 False 0 0.0 0
8400 False 0 0.0 0
8500 False 0 0.0 0
8600 False 0 0.0 0
8700 True 0 0.0069561004638671875 0
8800 True 1 0.008472204208374023 0
8900 False 0 0.0 0
9000 True 1 0.008485078811645508 0
9100 False 0 0.0 0
9200 True 1 0.014715194702148438 0
9300 False 0 0.0 0
9400 True 1 0.014436960220336914 0
9500 True 0 0.007096052169799805 0
9600 True 1 0.009557485580444336 0
9700 True 1 0.008238792419433594 0
9800 True 0 0.008236169815063477 0
9900 False 0 0.0 0
