0 True 0.01953125 0.00087738037109375 0
100 False 0.0 0.0 0
200 False 0.0 0.0 0
300 True 0.01953125 0.0009605884552001953 0
400 True 0.01953125 0.0008776187896728516 0
500 False 0.0 0.0 0
600 True 0.01953125 0.0009284019470214844 0
700 True 0.01953125 0.0008971691131591797 0
800 True 0.01953125 0.0008645057678222656 0
900 False 0.0 0.0 0
1000 True 0.01953125 0.0008997917175292969 0
1100 False 0.0 0.0 0
1200 True 0.01953125 0.0008461475372314453 0
1300 False 0.0 0.0 0
1400 True 0.01953125 0.0008637905120849609 0
1500 True 0.01953125 0.0009217262268066406 0
1600 False 0.0 0.0 0
1700 False 0.0 0.0 0
1800 False 0.0 0.0 0
1900 True 0.01953125 0.0009083747863769531 0
2000 False 0.0 0.0 0
2100 False 0.0 0.0 0
2200 True 0.01953125 0.0009427070617675781 0
2300 False 0.0 0.0 0
2400 True 0.01953125 0.0008661746978759766 0
2500 False 0.0 0.0 0
2600 True 0.01953125 0.0008959770202636719 0
2700 False 0.0 0.0 0
2800 False 0.0 0.0 0
2900 False 0.0 0.0 0
3000 True 0.01953125 0.0008387565612792969 0
3100 True 0.01953125 0.0008873939514160156 0
3200 False 0.0 0.0 0
3300 False 0.0 0.0 0
3400 False 0.0 0.0 0
3500 True 0.01953125 0.0009255409240722656 0
3600 False 0.0 0.0 0
3700 False 0.0 0.0 0
3800 False 0.0 0.0 0
3900 False 0.0 0.0 0
4000 False 0.0 0.0 0
4100 True 0.01953125 0.0008649826049804688 0
4200 True 0.01953125 0.0008857250213623047 0
4300 True 0.01953125 0.0008685588836669922 0
4400 False 0.0 0.0 0
4500 False 0.0 0.0 0
4600 False 0.0 0.0 0
4700 False 0.0 0.0 0
4800 True 0.01953125 0.0008404254913330078 0
4900 False 0.0 0.0 0
5000 True 0.01953125 0.0009338855743408203 0
5100 True 0.01953125 0.0008401870727539062 0
5200 True 0.01953125 0.0008966922760009766 0
5300 False 0.0 0.0 0
5400 True 0.01953125 0.0008409023284912109 0
5500 False 0.0 0.0 0
5600 False 0.0 0.0 0
5700 True 0.01953125 0.0008440017700195312 0
5800 False 0.0 0.0 0
5900 False 0.0 0.0 0
6000 True 0.01953125 0.0008347034454345703 0
6100 True 0.01953125 0.0008919239044189453 0
6200 False 0.0 0.0 0
6300 False 0.0 0.0 0
6400 False 0.0 0.0 0
6500 False 0.0 0.0 0
6600 True 0.01953125 0.0008425712585449219 0
6700 False 0.0 0.0 0
6800 True 0.01953125 0.0008060932159423828 0
6900 False 0.0 0.0 0
7000 False 0.0 0.0 0
7100 False 0.0 0.0 0
7200 False 0.0 0.0 0
7300 True 0.01953125 0.000934600830078125 0
7400 True 0.01953125 0.0009012222290039062 0
7500 False 0.0 0.0 0
7600 True 0.01953125 0.0008203983306884766 0
7700 True 0.01953125 0.0008251667022705078 0
7800 True 0.01953125 0.0008256435394287109 0
7900 False 0.0 0.0 0
8000 True 0.01953125 0.0009090900421142578 0
8100 False 0.0 0.0 0
8200 False 0.0 0.0 0
8300 False 0.0 0.0 0
8400 False 0.0 0.0 0
8500 True 0.01953125 0.0008537769317626953 0
8600 False 0.0 0.0 0
8700 True 0.01953125 0.0012638568878173828 0
8800 True 0.01953125 0.0008678436279296875 0
8900 False 0.0 0.0 0
9000 True 0.01953125 0.0009469985961914062 0
9100 False 0.0 0.0 0
9200 True 0.01953125 0.0008223056793212891 0
9300 False 0.0 0.0 0
9400 False 0.0 0.0 0
9500 False 0.0 0.0 0
9600 True 0.01953125 0.0008370876312255859 0
9700 True 0.01953125 0.0008721351623535156 0
9800 True 0.01953125 0.0008690357208251953 0
9900 False 0.0 0.0 0
