0 False 0 0.0 0
100 True 1 0.0008032321929931641 0
200 False 0 0.0 0
300 True 1 0.00051116943359375 0
400 True 1 0.0005161762237548828 0
500 False 0 0.0 0
600 False 0 0.0 0
700 True 1 0.0005233287811279297 0
800 False 0 0.0 0
900 False 0 0.0 0
1000 True 1 0.0005285739898681641 0
1100 False 0 0.0 0
1200 False 0 0.0 0
1300 False 0 0.0 0
1400 True 1 0.0005793571472167969 0
1500 False 0 0.0 0
1600 False 0 0.0 0
1700 False 0 0.0 0
1800 False 0 0.0 0
1900 True 1 0.0007162094116210938 0
2000 False 0 0.0 0
2100 False 0 0.0 0
2200 True 1 0.0007750988006591797 0
2300 False 0 0.0 0
2400 True 1 0.0005598068237304688 0
2500 False 0 0.0 0
2600 True 1 0.0005519390106201172 0
2700 False 0 0.0 0
2800 False 0 0.0 0
2900 False 0 0.0 0
3000 True 1 0.00055694580078125 0
3100 True 1 0.0006716251373291016 0
3200 False 0 0.0 0
3300 False 0 0.0 0
3400 True 1 0.00048613548278808594 0
3500 True 1 0.0007555484771728516 0
3600 False 0 0.0 0
3700 False 0 0.0 0
3800 False 0 0.0 0
3900 False 0 0.0 0
4000 False 0 0.0 0
4100 True 1 0.0004734992980957031 0
4200 True 1 0.0004723072052001953 0
4300 False 0 0.0 0
4400 False 0 0.0 0
4500 False 0 0.0 0
4600 False 0 0.0 0
4700 False 0 0.0 0
4800 True 1 0.00048041343688964844 0
4900 False 0 0.0 0
5000 True 1 0.0004787445068359375 0
5100 False 0 0.0 0
5200 True 1 0.00047779083251953125 0
5300 False 0 0.0 0
5400 True 1 0.0005259513854980469 0
5500 False 0 0.0 0
5600 False 0 0.0 0
5700 False 0 0.0 0
5800 False 0 0.0 0
5900 False 0 0.0 0
6000 False 0 0.0 0
6100 True 1 0.00047779083251953125 0
6200 False 0 0.0 0
6300 False 0 0.0 0
6400 False 0 0.0 0
6500 False 0 0.0 0
6600 False 0 0.0 0
6700 True 1 0.0007572174072265625 0
6800 True 1 0.0004978179931640625 0
6900 False 0 0.0 0
7000 False 0 0.0 0
7100 True 1 0.0005013942718505859 0
7200 False 0 0.0 0
7300 False 0 0.0 0
7400 False 0 0.0 0
7500 False 0 0.0 0
7600 False 0 0.0 0
7700 True 1 0.0004856586456298828 0
7800 True 1 0.0005004405975341797 0
7900 False 0 0.0 0
8000 True 1 0.0005462169647216797 0
8100 False 0 0.0 0
8200 False 0 0.0 0
8300 False 0 0.0 0
8400 False 0 0.0 0
8500 True 1 0.0005238056182861328 0
8600 False 0 0.0 0
8700 False 0 0.0 0
8800 True 1 0.0007274150848388672 0
8900 False 0 0.0 0
9000 False 0 0.0 0
9100 False 0 0.0 0
9200 True 1 0.00054931640625 0
9300 True 1 0.0004875659942626953 0
9400 False 0 0.0 0
9500 False 0 0.0 0
9600 True 1 0.0004887580871582031 0
9700 True 1 0.0004761219024658203 0
9800 False 0 0.0 0
9900 False 0 0.0 0
