0 True 1 0.0009319782257080078 0
100 False 0 0.0 0
200 False 0 0.0 0
300 True 1 0.0005924701690673828 0
400 True 1 0.0005247592926025391 0
500 False 0 0.0 0
600 True 1 0.0006449222564697266 0
700 True 1 0.0006945133209228516 0
800 True 1 0.0006620883941650391 0
900 False 0 0.0 0
1000 True 1 0.0005314350128173828 0
1100 False 0 0.0 0
1200 True 1 0.0006575584411621094 0
1300 False 0 0.0 0
1400 True 1 0.0005838871002197266 0
1500 True 1 0.0005021095275878906 0
1600 False 0 0.0 0
1700 False 0 0.0 0
1800 False 0 0.0 0
1900 True 1 0.000499725341796875 0
2000 False 0 0.0 0
2100 False 0 0.0 0
2200 True 1 0.0004923343658447266 0
2300 False 0 0.0 0
2400 True 1 0.0004837512969970703 0
2500 False 0 0.0 0
2600 True 1 0.0004928112030029297 0
2700 False 0 0.0 0
2800 False 0 0.0 0
2900 False 0 0.0 0
3000 True 1 0.0004839897155761719 0
3100 True 1 0.0004954338073730469 0
3200 False 0 0.0 0
3300 False 0 0.0 0
3400 False 0 0.0 0
3500 True 1 0.000499725341796875 0
3600 False 0 0.0 0
3700 False 0 0.0 0
3800 False 0 0.0 0
3900 False 0 0.0 0
4000 False 0 0.0 0
4100 True 1 0.0004940032958984375 0
4200 True 1 0.0005033016204833984 0
4300 True 1 0.0004787445068359375 0
4400 False 0 0.0 0
4500 False 0 0.0 0
4600 False 0 0.0 0
4700 False 0 0.0 0
4800 True 1 0.0004980564117431641 0
4900 False 0 0.0 0
5000 True 1 0.00045990943908691406 0
5100 True 1 0.0004799365997314453 0
5200 True 1 0.0005099773406982422 0
5300 False 0 0.0 0
5400 True 1 0.0004608631134033203 0
5500 False 0 0.0 0
5600 False 0 0.0 0
5700 True 1 0.0004897117614746094 0
5800 False 0 0.0 0
5900 False 0 0.0 0
6000 True 1 0.0004956722259521484 0
6100 True 1 0.0004975795745849609 0
6200 False 0 0.0 0
6300 False 0 0.0 0
6400 False 0 0.0 0
6500 False 0 0.0 0
6600 True 1 0.0005590915679931641 0
6700 False 0 0.0 0
6800 True 1 0.00047659873962402344 0
6900 False 0 0.0 0
7000 False 0 0.0 0
7100 False 0 0.0 0
7200 False 0 0.0 0
7300 True 1 0.0005319118499755859 0
7400 True 1 0.00046634674072265625 0
7500 False 0 0.0 0
7600 True 1 0.0006661415100097656 0
7700 True 1 0.0005273818969726562 0
7800 True 1 0.0005183219909667969 0
7900 False 0 0.0 0
8000 True 1 0.0004925727844238281 0
8100 False 0 0.0 0
8200 False 0 0.0 0
8300 False 0 0.0 0
8400 False 0 0.0 0
8500 True 1 0.0004899501800537109 0
8600 False 0 0.0 0
8700 True 1 0.00047516822814941406 0
8800 True 1 0.0004756450653076172 0
8900 False 0 0.0 0
9000 True 1 0.0005018711090087891 0
9100 False 0 0.0 0
9200 True 1 0.00047469139099121094 0
9300 False 0 0.0 0
9400 False 0 0.0 0
9500 False 0 0.0 0
9600 True 1 0.0004734992980957031 0
9700 True 1 0.0004837512969970703 0
9800 True 1 0.0004994869232177734 0
9900 False 0 0.0 0
