0 False 0 0.0 0
100 False 0 0.0 0
200 False 0 0.0 0
300 True 1 0.0011191368103027344 0
400 True 1 0.0009021759033203125 0
500 False 0 0.0 0
600 False 0 0.0 0
700 False 0 0.0 0
800 True 1 0.0008306503295898438 0
900 False 0 0.0 0
1000 True 1 0.0007071495056152344 0
1100 False 0 0.0 0
1200 False 0 0.0 0
1300 True 1 0.0006926059722900391 0
1400 True 1 0.0007050037384033203 0
1500 False 0 0.0 0
1600 False 0 0.0 0
1700 False 0 0.0 0
1800 False 0 0.0 0
1900 True 1 0.0007243156433105469 0
2000 False 0 0.0 0
2100 False 0 0.0 0
2200 True 1 0.0007064342498779297 0
2300 False 0 0.0 0
2400 True 1 0.0008149147033691406 0
2500 False 0 0.0 0
2600 True 1 0.0007100105285644531 0
2700 False 0 0.0 0
2800 False 0 0.0 0
2900 False 0 0.0 0
3000 True 1 0.0006794929504394531 0
3100 True 1 0.0006842613220214844 0
3200 False 0 0.0 0
3300 True 1 0.0007219314575195312 0
3400 True 1 0.0006632804870605469 0
3500 True 1 0.0007288455963134766 0
3600 False 0 0.0 0
3700 False 0 0.0 0
3800 True 1 0.0007631778717041016 0
3900 False 0 0.0 0
4000 False 0 0.0 0
4100 True 1 0.0007138252258300781 0
4200 False 0 0.0 0
4300 True 1 0.0006594657897949219 0
4400 False 0 0.0 0
4500 False 0 0.0 0
4600 True 1 0.0006499290466308594 0
4700 True 1 0.0006570816040039062 0
4800 True 1 0.000652313232421875 0
4900 False 0 0.0 0
5000 True 1 0.0006556510925292969 0
5100 False 0 0.0 0
5200 False 0 0.0 0
5300 False 0 0.0 0
5400 False 0 0.0 0
5500 True 1 0.0006721019744873047 0
5600 True 1 0.0006594657897949219 0
5700 True 1 0.0007207393646240234 0
5800 False 0 0.0 0
5900 False 0 0.0 0
6000 True 1 0.0006482601165771484 0
6100 True 1 0.0006594657897949219 0
6200 False 0 0.0 0
6300 False 0 0.0 0
6400 False 0 0.0 0
6500 False 0 0.0 0
6600 True 1 0.0006632804870605469 0
6700 True 1 0.0006546974182128906 0
6800 True 1 0.0006654262542724609 0
6900 False 0 0.0 0
7000 False 0 0.0 0
7100 True 1 0.0006527900695800781 0
7200 False 0 0.0 0
7300 False 0 0.0 0
7400 False 0 0.0 0
7500 False 0 0.0 0
7600 False 0 0.0 0
7700 True 1 0.0006229877471923828 0
7800 True 1 0.0007107257843017578 0
7900 False 0 0.0 0
8000 True 1 0.0006296634674072266 0
8100 False 0 0.0 0
8200 False 0 0.0 0
8300 False 0 0.0 0
8400 False 0 0.0 0
8500 True 1 0.0006465911865234375 0
8600 False 0 0.0 0
8700 False 0 0.0 0
8800 True 1 0.0006740093231201172 0
8900 False 0 0.0 0
9000 False 0 0.0 0
9100 False 0 0.0 0
9200 True 1 0.0008628368377685547 0
9300 False 0 0.0 0
9400 True 1 0.0006880760192871094 0
9500 False 0 0.0 0
9600 True 1 0.0006644725799560547 0
9700 True 1 0.0006804466247558594 0
9800 False 0 0.0 0
9900 False 0 0.0 0
