0 False 0 0.0 0
100 False 0 0.0 0
200 False 0 0.0 0
300 True 1 0.0006756782531738281 0
400 True 1 0.0006561279296875 0
500 False 0 0.0 0
600 True 1 0.0006525516510009766 0
700 False 0 0.0 0
800 False 0 0.0 0
900 False 0 0.0 0
1000 True 1 0.0007233619689941406 0
1100 False 0 0.0 0
1200 False 0 0.0 0
1300 True 1 0.0006761550903320312 0
1400 True 1 0.0006532669067382812 0
1500 False 0 0.0 0
1600 False 0 0.0 0
1700 False 0 0.0 0
1800 False 0 0.0 0
1900 True 1 0.0006127357482910156 0
2000 False 0 0.0 0
2100 False 0 0.0 0
2200 True 1 0.0006170272827148438 0
2300 False 0 0.0 0
2400 True 1 0.0006198883056640625 0
2500 False 0 0.0 0
2600 True 1 0.0006988048553466797 0
2700 False 0 0.0 0
2800 False 0 0.0 0
2900 False 0 0.0 0
3000 True 1 0.0006227493286132812 0
3100 True 1 0.0006563663482666016 0
3200 False 0 0.0 0
3300 False 0 0.0 0
3400 True 1 0.0006682872772216797 0
3500 False 0 0.0 0
3600 True 1 0.0006411075592041016 0
3700 False 0 0.0 0
3800 True 1 0.0006594657897949219 0
3900 False 0 0.0 0
4000 True 1 0.000911712646484375 0
4100 True 1 0.0006747245788574219 0
4200 False 0 0.0 0
4300 False 0 0.0 0
4400 False 0 0.0 0
4500 False 0 0.0 0
4600 False 0 0.0 0
4700 False 0 0.0 0
4800 True 1 0.0006184577941894531 0
4900 False 0 0.0 0
5000 False 0 0.0 0
5100 False 0 0.0 0
5200 False 0 0.0 0
5300 False 0 0.0 0
5400 False 0 0.0 0
5500 False 0 0.0 0
5600 False 0 0.0 0
5700 False 0 0.0 0
5800 False 0 0.0 0
5900 False 0 0.0 0
6000 True 1 0.0006771087646484375 0
6100 True 1 0.0006489753723144531 0
6200 False 0 0.0 0
6300 False 0 0.0 0
6400 False 0 0.0 0
6500 False 0 0.0 0
6600 False 0 0.0 0
6700 True 1 0.0006196498870849609 0
6800 True 1 0.0006163120269775391 0
6900 False 0 0.0 0
7000 False 0 0.0 0
7100 True 1 0.0006203651428222656 0
7200 False 0 0.0 0
7300 False 0 0.0 0
7400 False 0 0.0 0
7500 False 0 0.0 0
7600 False 0 0.0 0
7700 True 1 0.0006172657012939453 0
7800 True 1 0.0006022453308105469 0
7900 False 0 0.0 0
8000 False 0 0.0 0
8100 False 0 0.0 0
8200 False 0 0.0 0
8300 False 0 0.0 0
8400 False 0 0.0 0
8500 False 0 0.0 0
8600 False 0 0.0 0
8700 False 0 0.0 0
8800 True 1 0.0006604194641113281 0
8900 False 0 0.0 0
9000 False 0 0.0 0
9100 False 0 0.0 0
9200 True 1 0.0006396770477294922 0
9300 False 0 0.0 0
9400 True 1 0.0008111000061035156 0
9500 False 0 0.0 0
9600 True 1 0.0009613037109375 0
9700 True 1 0.0006480216979980469 0
9800 False 0 0.0 0
9900 True 1 0.0006985664367675781 0
