0 False 0.0 0.0 0
100 False 0.0 0.0 0
200 False 0.0 0.0 0
300 True 0.01953125 0.0013682842254638672 0
400 True 0.01953125 0.0012881755828857422 0
500 False 0.0 0.0 0
600 True 0.01953125 0.0010945796966552734 0
700 False 0.0 0.0 0
800 False 0.0 0.0 0
900 False 0.0 0.0 0
1000 True 0.01953125 0.0015397071838378906 0
1100 False 0.0 0.0 0
1200 False 0.0 0.0 0
1300 True 0.01953125 0.0012934207916259766 0
1400 True 0.01953125 0.0011730194091796875 0
1500 False 0.0 0.0 0
1600 False 0.0 0.0 0
1700 False 0.0 0.0 0
1800 False 0.0 0.0 0
1900 True 0.01953125 0.0015532970428466797 0
2000 False 0.0 0.0 0
2100 False 0.0 0.0 0
2200 True 0.01953125 0.0014386177062988281 0
2300 False 0.0 0.0 0
2400 True 0.01953125 0.0011861324310302734 0
2500 False 0.0 0.0 0
2600 True 0.01953125 0.0011644363403320312 0
2700 False 0.0 0.0 0
2800 False 0.0 0.0 0
2900 False 0.0 0.0 0
3000 True 0.01953125 0.0013148784637451172 0
3100 True 0.01953125 0.0012810230255126953 0
3200 False 0.0 0.0 0
3300 False 0.0 0.0 0
3400 True 0.01953125 0.0012350082397460938 0
3500 False 0.0 0.0 0
3600 True 0.01953125 0.0013306140899658203 0
3700 False 0.0 0.0 0
3800 True 0.01953125 0.0012924671173095703 0
3900 False 0.0 0.0 0
4000 True 0.01953125 0.0012383460998535156 0
4100 True 0.01953125 0.001317739486694336 0
4200 False 0.0 0.0 0
4300 False 0.0 0.0 0
4400 False 0.0 0.0 0
4500 False 0.0 0.0 0
4600 False 0.0 0.0 0
4700 False 0.0 0.0 0
4800 True 0.01953125 0.0018208026885986328 0
4900 False 0.0 0.0 0
5000 False 0.0 0.0 0
5100 False 0.0 0.0 0
5200 False 0.0 0.0 0
5300 False 0.0 0.0 0
5400 False 0.0 0.0 0
5500 False 0.0 0.0 0
5600 False 0.0 0.0 0
5700 False 0.0 0.0 0
5800 False 0.0 0.0 0
5900 False 0.0 0.0 0
6000 True 0.01953125 0.0016396045684814453 0
6100 True 0.01953125 0.0012955665588378906 0
6200 False 0.0 0.0 0
6300 False 0.0 0.0 0
6400 False 0.0 0.0 0
6500 False 0.0 0.0 0
6600 False 0.0 0.0 0
6700 True 0.01953125 0.0012447834014892578 0
6800 True 0.01953125 0.0019164085388183594 0
6900 False 0.0 0.0 0
7000 False 0.0 0.0 0
7100 True 0.01953125 0.0014102458953857422 0
7200 False 0.0 0.0 0
7300 False 0.0 0.0 0
7400 False 0.0 0.0 0
7500 False 0.0 0.0 0
7600 False 0.0 0.0 0
7700 True 0.01953125 0.0012791156768798828 0
7800 True 0.01953125 0.0011510848999023438 0
7900 False 0.0 0.0 0
8000 False 0.0 0.0 0
8100 False 0.0 0.0 0
8200 False 0.0 0.0 0
8300 False 0.0 0.0 0
8400 False 0.0 0.0 0
8500 False 0.0 0.0 0
8600 False 0.0 0.0 0
8700 False 0.0 0.0 0
8800 True 0.01953125 0.0013074874877929688 0
8900 False 0.0 0.0 0
9000 False 0.0 0.0 0
9100 False 0.0 0.0 0
9200 True 0.01953125 0.001280069351196289 0
9300 False 0.0 0.0 0
9400 True 0.01953125 0.0012526512145996094 0
9500 False 0.0 0.0 0
9600 True 0.01953125 0.001238107681274414 0
9700 True 0.01953125 0.0013136863708496094 0
9800 False 0.0 0.0 0
9900 True 0.01953125 0.001252889633178711 0
