0 False 0.0 0.0 0
100 False 0.0 0.0 0
200 False 0.0 0.0 0
300 True 0.01953125 0.0011801719665527344 0
400 True 0.01953125 0.0011789798736572266 0
500 False 0.0 0.0 0
600 False 0.0 0.0 0
700 False 0.0 0.0 0
800 True 0.01953125 0.0011744499206542969 0
900 False 0.0 0.0 0
1000 True 0.01953125 0.0011811256408691406 0
1100 False 0.0 0.0 0
1200 False 0.0 0.0 0
1300 True 0.01953125 0.001233816146850586 0
1400 True 0.01953125 0.001154184341430664 0
1500 False 0.0 0.0 0
1600 False 0.0 0.0 0
1700 False 0.0 0.0 0
1800 False 0.0 0.0 0
1900 True 0.01953125 0.001210927963256836 0
2000 False 0.0 0.0 0
2100 False 0.0 0.0 0
2200 True 0.01953125 0.0012214183807373047 0
2300 False 0.0 0.0 0
2400 True 0.01953125 0.0013256072998046875 0
2500 False 0.0 0.0 0
2600 True 0.01953125 0.0012104511260986328 0
2700 False 0.0 0.0 0
2800 False 0.0 0.0 0
2900 False 0.0 0.0 0
3000 True 0.01953125 0.0012867450714111328 0
3100 True 0.01953125 0.0012459754943847656 0
3200 False 0.0 0.0 0
3300 True 0.01953125 0.001333475112915039 0
3400 True 0.01953125 0.0012750625610351562 0
3500 True 0.01953125 0.0012214183807373047 0
3600 False 0.0 0.0 0
3700 False 0.0 0.0 0
3800 True 0.01953125 0.0012209415435791016 0
3900 False 0.0 0.0 0
4000 False 0.0 0.0 0
4100 True 0.01953125 0.0011622905731201172 0
4200 False 0.0 0.0 0
4300 True 0.01953125 0.001262664794921875 0
4400 False 0.0 0.0 0
4500 False 0.0 0.0 0
4600 True 0.01953125 0.0012314319610595703 0
4700 True 0.01953125 0.0011615753173828125 0
4800 True 0.01953125 0.0012874603271484375 0
4900 False 0.0 0.0 0
5000 True 0.01953125 0.0011327266693115234 0
5100 False 0.0 0.0 0
5200 False 0.0 0.0 0
5300 False 0.0 0.0 0
5400 False 0.0 0.0 0
5500 True 0.01953125 0.0013496875762939453 0
5600 True 0.01953125 0.0011837482452392578 0
5700 True 0.01953125 0.0012600421905517578 0
5800 False 0.0 0.0 0
5900 False 0.0 0.0 0
6000 True 0.01953125 0.0012731552124023438 0
6100 True 0.01953125 0.0012140274047851562 0
6200 False 0.0 0.0 0
6300 False 0.0 0.0 0
6400 False 0.0 0.0 0
6500 False 0.0 0.0 0
6600 True 0.01953125 0.0011758804321289062 0
6700 True 0.01953125 0.0017762184143066406 0
6800 True 0.01953125 0.0012984275817871094 0
6900 False 0.0 0.0 0
7000 False 0.0 0.0 0
7100 True 0.01953125 0.0012199878692626953 0
7200 False 0.0 0.0 0
7300 False 0.0 0.0 0
7400 False 0.0 0.0 0
7500 False 0.0 0.0 0
7600 False 0.0 0.0 0
7700 True 0.01953125 0.0013227462768554688 0
7800 True 0.01953125 0.0012111663818359375 0
7900 False 0.0 0.0 0
8000 True 0.01953125 0.0011401176452636719 0
8100 False 0.0 0.0 0
8200 False 0.0 0.0 0
8300 False 0.0 0.0 0
8400 False 0.0 0.0 0
8500 True 0.01953125 0.001291036605834961 0
8600 False 0.0 0.0 0
8700 False 0.0 0.0 0
8800 True 0.01953125 0.0013098716735839844 0
8900 False 0.0 0.0 0
9000 False 0.0 0.0 0
9100 False 0.0 0.0 0
9200 True 0.01953125 0.001287221908569336 0
9300 False 0.0 0.0 0
9400 True 0.01953125 0.0011439323425292969 0
9500 False 0.0 0.0 0
9600 True 0.01953125 0.0011096000671386719 0
9700 True 0.01953125 0.0012722015380859375 0
9800 False 0.0 0.0 0
9900 False 0.0 0.0 0
