0 False 0 0.0 0
100 False 0 0.0 0
200 False 0 0.0 0
300 True 1 0.0008988380432128906 0
400 True 1 0.0006911754608154297 0
500 False 0 0.0 0
600 False 0 0.0 0
700 True 1 0.0006394386291503906 0
800 False 0 0.0 0
900 False 0 0.0 0
1000 True 1 0.0006186962127685547 0
1100 False 0 0.0 0
1200 False 0 0.0 0
1300 False 0 0.0 0
1400 True 1 0.0006272792816162109 0
1500 False 0 0.0 0
1600 False 0 0.0 0
1700 False 0 0.0 0
1800 False 0 0.0 0
1900 True 1 0.0006115436553955078 0
2000 False 0 0.0 0
2100 False 0 0.0 0
2200 True 1 0.0006732940673828125 0
2300 False 0 0.0 0
2400 True 1 0.0006144046783447266 0
2500 False 0 0.0 0
2600 True 1 0.0005931854248046875 0
2700 False 0 0.0 0
2800 False 0 0.0 0
2900 False 0 0.0 0
3000 True 1 0.0005872249603271484 0
3100 True 1 0.0006353855133056641 0
3200 False 0 0.0 0
3300 False 0 0.0 0
3400 True 1 0.0005731582641601562 0
3500 True 1 0.0006072521209716797 0
3600 False 0 0.0 0
3700 False 0 0.0 0
3800 True 1 0.0005671977996826172 0
3900 False 0 0.0 0
4000 False 0 0.0 0
4100 True 1 0.0005614757537841797 0
4200 True 1 0.0005733966827392578 0
4300 True 1 0.0005581378936767578 0
4400 False 0 0.0 0
4500 False 0 0.0 0
4600 False 0 0.0 0
4700 True 1 0.0005633831024169922 0
4800 True 1 0.0005586147308349609 0
4900 True 1 0.0005700588226318359 0
5000 True 1 0.0005614757537841797 0
5100 False 0 0.0 0
5200 True 1 0.0005664825439453125 0
5300 False 0 0.0 0
5400 True 1 0.0005574226379394531 0
5500 False 0 0.0 0
5600 False 0 0.0 0
5700 False 0 0.0 0
5800 False 0 0.0 0
5900 False 0 0.0 0
6000 False 0 0.0 0
6100 True 1 0.0005960464477539062 0
6200 False 0 0.0 0
6300 False 0 0.0 0
6400 False 0 0.0 0
6500 False 0 0.0 0
6600 True 1 0.0006711483001708984 0
6700 True 1 0.0005991458892822266 0
6800 True 1 0.0005593299865722656 0
6900 False 0 0.0 0
7000 False 0 0.0 0
7100 True 1 0.0006020069122314453 0
7200 False 0 0.0 0
7300 False 0 0.0 0
7400 False 0 0.0 0
7500 False 0 0.0 0
7600 False 0 0.0 0
7700 True 1 0.0005996227264404297 0
7800 True 1 0.0006315708160400391 0
7900 False 0 0.0 0
8000 True 1 0.0005712509155273438 0
8100 False 0 0.0 0
8200 False 0 0.0 0
8300 False 0 0.0 0
8400 False 0 0.0 0
8500 False 0 0.0 0
8600 False 0 0.0 0
8700 False 0 0.0 0
8800 True 1 0.0005891323089599609 0
8900 False 0 0.0 0
9000 True 1 0.0005908012390136719 0
9100 False 0 0.0 0
9200 True 1 0.0005977153778076172 0
9300 True 1 0.0005865097045898438 0
9400 False 0 0.0 0
9500 False 0 0.0 0
9600 True 1 0.0005562305450439453 0
9700 True 1 0.0006449222564697266 0
9800 False 0 0.0 0
9900 False 0 0.0 0
