0 True 0.01953125 0.0014622211456298828 0
100 False 0.0 0.0 0
200 False 0.0 0.0 0
300 True 0.01953125 0.0015072822570800781 0
400 True 0.01953125 0.0014357566833496094 0
500 False 0.0 0.0 0
600 True 0.01953125 0.0014941692352294922 0
700 True 0.01953125 0.0014164447784423828 0
800 True 0.01953125 0.0014917850494384766 0
900 False 0.0 0.0 0
1000 True 0.01953125 0.001417398452758789 0
1100 False 0.0 0.0 0
1200 False 0.0 0.0 0
1300 True 0.01953125 0.0014717578887939453 0
1400 True 0.01953125 0.0014128684997558594 0
1500 False 0.0 0.0 0
1600 False 0.0 0.0 0
1700 False 0.0 0.0 0
1800 False 0.0 0.0 0
1900 True 0.01953125 0.001505136489868164 0
2000 False 0.0 0.0 0
2100 False 0.0 0.0 0
2200 False 0.0 0.0 0
2300 True 0.01953125 0.0014891624450683594 0
2400 True 0.01953125 0.0014324188232421875 0
2500 False 0.0 0.0 0
2600 True 0.01953125 0.0013806819915771484 0
2700 True 0.01953125 0.0014193058013916016 0
2800 False 0.0 0.0 0
2900 False 0.0 0.0 0
3000 True 0.01953125 0.0014522075653076172 0
3100 True 0.01953125 0.0014719963073730469 0
3200 False 0.0 0.0 0
3300 False 0.0 0.0 0
3400 False 0.0 0.0 0
3500 True 0.01953125 0.0014193058013916016 0
3600 False 0.0 0.0 0
3700 False 0.0 0.0 0
3800 True 0.01953125 0.0014111995697021484 0
3900 False 0.0 0.0 0
4000 False 0.0 0.0 0
4100 True 0.01953125 0.0014295578002929688 0
4200 False 0.0 0.0 0
4300 True 0.01953125 0.0014727115631103516 0
4400 False 0.0 0.0 0
4500 False 0.0 0.0 0
4600 False 0.0 0.0 0
4700 False 0.0 0.0 0
4800 True 0.01953125 0.0020751953125 0
4900 False 0.0 0.0 0
5000 True 0.01953125 0.0013813972473144531 0
5100 True 0.01953125 0.0014736652374267578 0
5200 True 0.01953125 0.0014696121215820312 0
5300 False 0.0 0.0 0
5400 True 0.01953125 0.0015981197357177734 0
5500 False 0.0 0.0 0
5600 False 0.0 0.0 0
5700 False 0.0 0.0 0
5800 False 0.0 0.0 0
5900 False 0.0 0.0 0
6000 True 0.01953125 0.0014595985412597656 0
6100 True 0.01953125 0.001481771469116211 0
6200 False 0.0 0.0 0
6300 False 0.0 0.0 0
6400 False 0.0 0.0 0
6500 False 0.0 0.0 0
6600 True 0.01953125 0.0016231536865234375 0
6700 False 0.0 0.0 0
6800 True 0.01953125 0.00185394287109375 0
6900 False 0.0 0.0 0
7000 False 0.0 0.0 0
7100 True 0.01953125 0.0016224384307861328 0
7200 False 0.0 0.0 0
7300 True 0.01953125 0.0015077590942382812 0
7400 True 0.01953125 0.0013980865478515625 0
7500 True 0.01953125 0.0019283294677734375 0
7600 False 0.0 0.0 0
7700 True 0.01953125 0.0014929771423339844 0
7800 True 0.01953125 0.0013880729675292969 0
7900 False 0.0 0.0 0
8000 True 0.01953125 0.0014209747314453125 0
8100 False 0.0 0.0 0
8200 False 0.0 0.0 0
8300 False 0.0 0.0 0
8400 False 0.0 0.0 0
8500 False 0.0 0.0 0
8600 True 0.01953125 0.0014803409576416016 0
8700 True 0.01953125 0.0017313957214355469 0
8800 True 0.01953125 0.0013706684112548828 0
8900 False 0.0 0.0 0
9000 True 0.01953125 0.001451730728149414 0
9100 False 0.0 0.0 0
9200 True 0.01953125 0.0014314651489257812 0
9300 False 0.0 0.0 0
9400 False 0.0 0.0 0
9500 False 0.0 0.0 0
9600 True 0.01953125 0.0017824172973632812 0
9700 True 0.01953125 0.0015730857849121094 0
9800 False 0.0 0.0 0
9900 False 0.0 0.0 0
