0 False 0.0 0.0 0
100 False 0.0 0.0 0
200 False 0.0 0.0 0
300 True 0.01953125 0.0014891624450683594 0
400 True 0.01953125 0.0014042854309082031 0
500 False 0.0 0.0 0
600 False 0.0 0.0 0
700 True 0.01953125 0.0013980865478515625 0
800 True 0.01953125 0.0014505386352539062 0
900 False 0.0 0.0 0
1000 True 0.01953125 0.0015060901641845703 0
1100 False 0.0 0.0 0
1200 False 0.0 0.0 0
1300 False 0.0 0.0 0
1400 True 0.01953125 0.0014030933380126953 0
1500 False 0.0 0.0 0
1600 False 0.0 0.0 0
1700 False 0.0 0.0 0
1800 False 0.0 0.0 0
1900 False 0.0 0.0 0
2000 False 0.0 0.0 0
2100 False 0.0 0.0 0
2200 True 0.01953125 0.0014007091522216797 0
2300 False 0.0 0.0 0
2400 True 0.01953125 0.0014040470123291016 0
2500 False 0.0 0.0 0
2600 True 0.01953125 0.0014355182647705078 0
2700 True 0.01953125 0.0014002323150634766 0
2800 False 0.0 0.0 0
2900 False 0.0 0.0 0
3000 True 0.01953125 0.0013995170593261719 0
3100 True 0.01953125 0.0014412403106689453 0
3200 False 0.0 0.0 0
3300 False 0.0 0.0 0
3400 True 0.01953125 0.0014605522155761719 0
3500 False 0.0 0.0 0
3600 False 0.0 0.0 0
3700 False 0.0 0.0 0
3800 False 0.0 0.0 0
3900 False 0.0 0.0 0
4000 False 0.0 0.0 0
4100 True 0.01953125 0.0014553070068359375 0
4200 False 0.0 0.0 0
4300 False 0.0 0.0 0
4400 False 0.0 0.0 0
4500 False 0.0 0.0 0
4600 False 0.0 0.0 0
4700 False 0.0 0.0 0
4800 True 0.01953125 0.0014748573303222656 0
4900 False 0.0 0.0 0
5000 False 0.0 0.0 0
5100 False 0.0 0.0 0
5200 False 0.0 0.0 0
5300 False 0.0 0.0 0
5400 False 0.0 0.0 0
5500 False 0.0 0.0 0
5600 False 0.0 0.0 0
5700 False 0.0 0.0 0
5800 False 0.0 0.0 0
5900 False 0.0 0.0 0
6000 False 0.0 0.0 0
6100 True 0.01953125 0.001401662826538086 0
6200 False 0.0 0.0 0
6300 False 0.0 0.0 0
6400 False 0.0 0.0 0
6500 False 0.0 0.0 0
6600 True 0.01953125 0.0013990402221679688 0
6700 True 0.01953125 0.0014162063598632812 0
6800 True 0.01953125 0.0017178058624267578 0
6900 False 0.0 0.0 0
7000 False 0.0 0.0 0
7100 True 0.01953125 0.0014069080352783203 0
7200 False 0.0 0.0 0
7300 True 0.01953125 0.002368927001953125 0
7400 False 0.0 0.0 0
7500 False 0.0 0.0 0
7600 False 0.0 0.0 0
7700 True 0.01953125 0.0014007091522216797 0
7800 True 0.01953125 0.0014264583587646484 0
7900 False 0.0 0.0 0
8000 True 0.01953125 0.0013742446899414062 0
8100 True 0.01953125 0.0013697147369384766 0
8200 False 0.0 0.0 0
8300 False 0.0 0.0 0
8400 False 0.0 0.0 0
8500 False 0.0 0.0 0
8600 False 0.0 0.0 0
8700 False 0.0 0.0 0
8800 True 0.01953125 0.0014564990997314453 0
8900 False 0.0 0.0 0
9000 False 0.0 0.0 0
9100 False 0.0 0.0 0
9200 True 0.01953125 0.001394510269165039 0
9300 False 0.0 0.0 0
9400 True 0.01953125 0.0013833045959472656 0
9500 False 0.0 0.0 0
9600 True 0.01953125 0.0014829635620117188 0
9700 True 0.01953125 0.0013685226440429688 0
9800 False 0.0 0.0 0
9900 False 0.0 0.0 0
