0 True 1 0.0011873245239257812 0
100 False 0 0.0 0
200 False 0 0.0 0
300 True 1 0.0008993148803710938 0
400 True 1 0.0011463165283203125 0
500 False 0 0.0 0
600 True 1 0.0008437633514404297 0
700 True 1 0.0009393692016601562 0
800 True 1 0.0008685588836669922 0
900 False 0 0.0 0
1000 True 1 0.001247406005859375 0
1100 False 0 0.0 0
1200 False 0 0.0 0
1300 True 1 0.0011661052703857422 0
1400 True 1 0.0008444786071777344 0
1500 False 0 0.0 0
1600 False 0 0.0 0
1700 False 0 0.0 0
1800 False 0 0.0 0
1900 True 1 0.0008666515350341797 0
2000 False 0 0.0 0
2100 False 0 0.0 0
2200 False 0 0.0 0
2300 True 1 0.0008459091186523438 0
2400 True 1 0.0008618831634521484 0
2500 False 0 0.0 0
2600 True 1 0.0008540153503417969 0
2700 True 1 0.0007405281066894531 0
2800 False 0 0.0 0
2900 False 0 0.0 0
3000 True 1 0.0007150173187255859 0
3100 True 1 0.0007631778717041016 0
3200 False 0 0.0 0
3300 False 0 0.0 0
3400 False 0 0.0 0
3500 True 1 0.0011751651763916016 0
3600 False 0 0.0 0
3700 False 0 0.0 0
3800 True 1 0.0009357929229736328 0
3900 False 0 0.0 0
4000 False 0 0.0 0
4100 True 1 0.0007519721984863281 0
4200 False 0 0.0 0
4300 True 1 0.0007526874542236328 0
4400 False 0 0.0 0
4500 False 0 0.0 0
4600 False 0 0.0 0
4700 False 0 0.0 0
4800 True 1 0.0007040500640869141 0
4900 False 0 0.0 0
5000 True 1 0.000751495361328125 0
5100 True 1 0.0007572174072265625 0
5200 True 1 0.000705718994140625 0
5300 False 0 0.0 0
5400 True 1 0.0007295608520507812 0
5500 False 0 0.0 0
5600 False 0 0.0 0
5700 False 0 0.0 0
5800 False 0 0.0 0
5900 False 0 0.0 0
6000 True 1 0.0007140636444091797 0
6100 True 1 0.0007126331329345703 0
6200 False 0 0.0 0
6300 False 0 0.0 0
6400 False 0 0.0 0
6500 False 0 0.0 0
6600 True 1 0.000732421875 0
6700 False 0 0.0 0
6800 True 1 0.0007579326629638672 0
6900 False 0 0.0 0
7000 False 0 0.0 0
7100 True 1 0.0008144378662109375 0
7200 False 0 0.0 0
7300 True 1 0.0009136199951171875 0
7400 True 1 0.0007522106170654297 0
7500 True 1 0.0007848739624023438 0
7600 False 0 0.0 0
7700 True 1 0.0009431838989257812 0
7800 True 1 0.0007681846618652344 0
7900 False 0 0.0 0
8000 True 1 0.0007266998291015625 0
8100 False 0 0.0 0
8200 False 0 0.0 0
8300 False 0 0.0 0
8400 False 0 0.0 0
8500 False 0 0.0 0
8600 True 1 0.0007898807525634766 0
8700 True 1 0.0007636547088623047 0
8800 True 1 0.0007562637329101562 0
8900 False 0 0.0 0
9000 True 1 0.0007193088531494141 0
9100 False 0 0.0 0
9200 True 1 0.0006973743438720703 0
9300 False 0 0.0 0
9400 False 0 0.0 0
9500 False 0 0.0 0
9600 True 1 0.0011494159698486328 0
9700 True 1 0.0007419586181640625 0
9800 False 0 0.0 0
9900 False 0 0.0 0
