0 False 0 0.0 0
100 False 0 0.0 0
200 False 0 0.0 0
300 True 1 0.0007364749908447266 0
400 True 1 0.0007021427154541016 0
500 False 0 0.0 0
600 True 1 0.0006878376007080078 0
700 True 1 0.000728607177734375 0
800 True 1 0.0008280277252197266 0
900 False 0 0.0 0
1000 True 1 0.0008254051208496094 0
1100 False 0 0.0 0
1200 True 1 0.00070953369140625 0
1300 False 0 0.0 0
1400 False 0 0.0 0
1500 True 1 0.0006804466247558594 0
1600 False 0 0.0 0
1700 True 1 0.0008039474487304688 0
1800 True 1 0.0006937980651855469 0
1900 True 1 0.0007724761962890625 0
2000 False 0 0.0 0
2100 False 0 0.0 0
2200 True 1 0.0007505416870117188 0
2300 False 0 0.0 0
2400 True 1 0.0007369518280029297 0
2500 True 1 0.0007319450378417969 0
2600 True 1 0.0007483959197998047 0
2700 True 1 0.0007293224334716797 0
2800 False 0 0.0 0
2900 False 0 0.0 0
3000 True 1 0.0007939338684082031 0
3100 True 1 0.0008411407470703125 0
3200 False 0 0.0 0
3300 True 1 0.0007164478302001953 0
3400 False 0 0.0 0
3500 True 1 0.0007348060607910156 0
3600 False 0 0.0 0
3700 False 0 0.0 0
3800 True 1 0.0007064342498779297 0
3900 False 0 0.0 0
4000 False 0 0.0 0
4100 True 1 0.0007054805755615234 0
4200 False 0 0.0 0
4300 True 1 0.0007154941558837891 0
4400 False 0 0.0 0
4500 True 1 0.0007274150848388672 0
4600 False 0 0.0 0
4700 False 0 0.0 0
4800 True 1 0.0009119510650634766 0
4900 False 0 0.0 0
5000 True 1 0.0007381439208984375 0
5100 True 1 0.0007560253143310547 0
5200 True 1 0.0008106231689453125 0
5300 False 0 0.0 0
5400 True 1 0.0006687641143798828 0
5500 True 1 0.000701904296875 0
5600 True 1 0.0008819103240966797 0
5700 True 1 0.0007164478302001953 0
5800 False 0 0.0 0
5900 False 0 0.0 0
6000 True 1 0.0007381439208984375 0
6100 True 1 0.0006959438323974609 0
6200 False 0 0.0 0
6300 True 1 0.0007762908935546875 0
6400 False 0 0.0 0
6500 False 0 0.0 0
6600 True 1 0.0007038116455078125 0
6700 True 1 0.0007138252258300781 0
6800 True 1 0.0006785392761230469 0
6900 False 0 0.0 0
7000 False 0 0.0 0
7100 False 0 0.0 0
7200 False 0 0.0 0
7300 False 0 0.0 0
7400 True 1 0.0006732940673828125 0
7500 True 1 0.000667572021484375 0
7600 False 0 0.0 0
7700 True 1 0.0006773471832275391 0
7800 True 1 0.0006687641143798828 0
7900 False 0 0.0 0
8000 True 1 0.0006685256958007812 0
8100 False 0 0.0 0
8200 False 0 0.0 0
8300 False 0 0.0 0
8400 False 0 0.0 0
8500 True 1 0.0012085437774658203 0
8600 False 0 0.0 0
8700 True 1 0.0007338523864746094 0
8800 True 1 0.0008294582366943359 0
8900 False 0 0.0 0
9000 True 1 0.0006744861602783203 0
9100 False 0 0.0 0
9200 True 1 0.0007429122924804688 0
9300 True 1 0.0007309913635253906 0
9400 True 1 0.0007357597351074219 0
9500 True 1 0.0007817745208740234 0
9600 True 1 0.0006768703460693359 0
9700 True 1 0.0007529258728027344 0
9800 True 1 0.000728607177734375 0
9900 False 0 0.0 0
