0 True 1 0.0013813972473144531 0
100 False 0 0.0 0
200 False 0 0.0 0
300 True 1 0.0009591579437255859 0
400 True 1 0.0011096000671386719 0
500 False 0 0.0 0
600 True 1 0.0010573863983154297 0
700 True 1 0.0009441375732421875 0
800 True 1 0.0009634494781494141 0
900 False 0 0.0 0
1000 True 1 0.00103759765625 0
1100 False 0 0.0 0
1200 True 1 0.0011181831359863281 0
1300 False 0 0.0 0
1400 False 0 0.0 0
1500 False 0 0.0 0
1600 True 1 0.0009763240814208984 0
1700 False 0 0.0 0
1800 False 0 0.0 0
1900 True 1 0.0009522438049316406 0
2000 False 0 0.0 0
2100 False 0 0.0 0
2200 True 1 0.000988006591796875 0
2300 False 0 0.0 0
2400 True 1 0.0010042190551757812 0
2500 False 0 0.0 0
2600 True 1 0.0009324550628662109 0
2700 True 1 0.0013594627380371094 0
2800 False 0 0.0 0
2900 True 1 0.0010380744934082031 0
3000 True 1 0.0009810924530029297 0
3100 True 1 0.0012996196746826172 0
3200 False 0 0.0 0
3300 True 1 0.0011153221130371094 0
3400 False 0 0.0 0
3500 True 1 0.001115560531616211 0
3600 False 0 0.0 0
3700 True 1 0.0009212493896484375 0
3800 True 1 0.0009272098541259766 0
3900 False 0 0.0 0
4000 False 0 0.0 0
4100 True 1 0.0008935928344726562 0
4200 False 0 0.0 0
4300 True 1 0.0009126663208007812 0
4400 False 0 0.0 0
4500 True 1 0.001024007797241211 0
4600 False 0 0.0 0
4700 False 0 0.0 0
4800 True 1 0.001789093017578125 0
4900 False 0 0.0 0
5000 True 1 0.0009090900421142578 0
5100 True 1 0.0009033679962158203 0
5200 True 1 0.0009241104125976562 0
5300 False 0 0.0 0
5400 True 1 0.0009057521820068359 0
5500 False 0 0.0 0
5600 False 0 0.0 0
5700 True 1 0.0009007453918457031 0
5800 False 0 0.0 0
5900 False 0 0.0 0
6000 True 1 0.0009133815765380859 0
6100 True 1 0.0008976459503173828 0
6200 True 1 0.0008873939514160156 0
6300 False 0 0.0 0
6400 False 0 0.0 0
6500 False 0 0.0 0
6600 True 1 0.0009202957153320312 0
6700 True 1 0.0009005069732666016 0
6800 False 0 0.0 0
6900 False 0 0.0 0
7000 False 0 0.0 0
7100 True 1 0.0009107589721679688 0
7200 False 0 0.0 0
7300 True 1 0.0009067058563232422 0
7400 True 1 0.0009119510650634766 0
7500 True 1 0.0009496212005615234 0
7600 False 0 0.0 0
7700 True 1 0.0009081363677978516 0
7800 True 1 0.0008797645568847656 0
7900 False 0 0.0 0
8000 True 1 0.0008995532989501953 0
8100 False 0 0.0 0
8200 False 0 0.0 0
8300 False 0 0.0 0
8400 True 1 0.0014057159423828125 0
8500 True 1 0.0009026527404785156 0
8600 True 1 0.0010025501251220703 0
8700 True 1 0.000978708267211914 0
8800 True 1 0.0009686946868896484 0
8900 True 1 0.0012574195861816406 0
9000 True 1 0.000885009765625 0
9100 False 0 0.0 0
9200 True 1 0.0009052753448486328 0
9300 False 0 0.0 0
9400 True 1 0.000919342041015625 0
9500 True 1 0.0011749267578125 0
9600 True 1 0.0008957386016845703 0
9700 True 1 0.0012221336364746094 0
9800 True 1 0.0009179115295410156 0
9900 False 0 0.0 0
