0 True 1 0.0007255077362060547 0
100 True 1 0.0007669925689697266 0
200 False 0 0.0 0
300 True 1 0.0006685256958007812 0
400 True 1 0.0006730556488037109 0
500 False 0 0.0 0
600 False 0 0.0 0
700 True 1 0.0006783008575439453 0
800 True 1 0.0006768703460693359 0
900 False 0 0.0 0
1000 True 1 0.0006971359252929688 0
1100 False 0 0.0 0
1200 True 1 0.0006647109985351562 0
1300 False 0 0.0 0
1400 True 1 0.0009112358093261719 0
1500 True 1 0.0006799697875976562 0
1600 False 0 0.0 0
1700 False 0 0.0 0
1800 True 1 0.0006501674652099609 0
1900 True 1 0.00067138671875 0
2000 False 0 0.0 0
2100 True 1 0.00067901611328125 0
2200 True 1 0.0006773471832275391 0
2300 False 0 0.0 0
2400 True 1 0.0007641315460205078 0
2500 True 1 0.0007050037384033203 0
2600 True 1 0.0006651878356933594 0
2700 True 1 0.0006875991821289062 0
2800 True 1 0.0006721019744873047 0
2900 False 0 0.0 0
3000 True 1 0.0006682872772216797 0
3100 True 1 0.0006694793701171875 0
3200 True 1 0.0009059906005859375 0
3300 True 1 0.0006723403930664062 0
3400 False 0 0.0 0
3500 True 1 0.0006728172302246094 0
3600 False 0 0.0 0
3700 False 0 0.0 0
3800 True 1 0.0006711483001708984 0
3900 False 0 0.0 0
4000 False 0 0.0 0
4100 True 1 0.0006935596466064453 0
4200 False 0 0.0 0
4300 True 1 0.0007135868072509766 0
4400 False 0 0.0 0
4500 True 1 0.0007410049438476562 0
4600 False 0 0.0 0
4700 False 0 0.0 0
4800 True 1 0.000743865966796875 0
4900 True 1 0.0006732940673828125 0
5000 True 1 0.0006582736968994141 0
5100 False 0 0.0 0
5200 True 1 0.0007119178771972656 0
5300 False 0 0.0 0
5400 False 0 0.0 0
5500 False 0 0.0 0
5600 True 1 0.0006687641143798828 0
5700 True 1 0.0007035732269287109 0
5800 False 0 0.0 0
5900 False 0 0.0 0
6000 True 1 0.0006732940673828125 0
6100 True 1 0.0006849765777587891 0
6200 False 0 0.0 0
6300 True 1 0.0007312297821044922 0
6400 False 0 0.0 0
6500 False 0 0.0 0
6600 True 1 0.000759124755859375 0
6700 True 1 0.0006625652313232422 0
6800 True 1 0.0007910728454589844 0
6900 False 0 0.0 0
7000 False 0 0.0 0
7100 False 0 0.0 0
7200 False 0 0.0 0
7300 False 0 0.0 0
7400 True 1 0.0007174015045166016 0
7500 True 1 0.0006737709045410156 0
7600 False 0 0.0 0
7700 True 1 0.0007500648498535156 0
7800 True 1 0.0006268024444580078 0
7900 False 0 0.0 0
8000 True 1 0.0006852149963378906 0
8100 False 0 0.0 0
8200 False 0 0.0 0
8300 False 0 0.0 0
8400 False 0 0.0 0
8500 True 1 0.0006535053253173828 0
8600 False 0 0.0 0
8700 True 1 0.0006749629974365234 0
8800 True 1 0.0007688999176025391 0
8900 True 1 0.0007038116455078125 0
9000 True 1 0.0007433891296386719 0
9100 False 0 0.0 0
9200 True 1 0.0006873607635498047 0
9300 True 1 0.0006647109985351562 0
9400 True 1 0.0007560253143310547 0
9500 True 1 0.0006835460662841797 0
9600 True 1 0.000728607177734375 0
9700 True 1 0.0006642341613769531 0
9800 True 1 0.0006527900695800781 0
9900 False 0 0.0 0
