0 True 0.01953125 0.0016717910766601562 0
100 True 0.01953125 0.001680612564086914 0
200 False 0.0 0.0 0
300 True 0.01953125 0.0012240409851074219 0
400 True 0.01953125 0.001314401626586914 0
500 False 0.0 0.0 0
600 False 0.0 0.0 0
700 True 0.01953125 0.001233816146850586 0
800 True 0.01953125 0.0012745857238769531 0
900 False 0.0 0.0 0
1000 True 0.01953125 0.0011491775512695312 0
1100 False 0.0 0.0 0
1200 True 0.01953125 0.0012526512145996094 0
1300 False 0.0 0.0 0
1400 True 0.01953125 0.0018122196197509766 0
1500 True 0.01953125 0.002303600311279297 0
1600 False 0.0 0.0 0
1700 False 0.0 0.0 0
1800 True 0.01953125 0.0013549327850341797 0
1900 True 0.01953125 0.0011150836944580078 0
2000 False 0.0 0.0 0
2100 True 0.01953125 0.001215219497680664 0
2200 True 0.01953125 0.001165151596069336 0
2300 False 0.0 0.0 0
2400 True 0.01953125 0.0011794567108154297 0
2500 True 0.01953125 0.0012812614440917969 0
2600 True 0.01953125 0.0012362003326416016 0
2700 True 0.01953125 0.0012431144714355469 0
2800 True 0.01953125 0.0012149810791015625 0
2900 False 0.0 0.0 0
3000 True 0.01953125 0.0012176036834716797 0
3100 True 0.01953125 0.0013256072998046875 0
3200 True 0.01953125 0.0012176036834716797 0
3300 True 0.01953125 0.0018610954284667969 0
3400 False 0.0 0.0 0
3500 True 0.01953125 0.001257181167602539 0
3600 False 0.0 0.0 0
3700 False 0.0 0.0 0
3800 True 0.01953125 0.0011620521545410156 0
3900 False 0.0 0.0 0
4000 False 0.0 0.0 0
4100 True 0.01953125 0.0011653900146484375 0
4200 False 0.0 0.0 0
4300 True 0.01953125 0.0011436939239501953 0
4400 False 0.0 0.0 0
4500 True 0.01953125 0.0011925697326660156 0
4600 False 0.0 0.0 0
4700 False 0.0 0.0 0
4800 True 0.01953125 0.0012094974517822266 0
4900 True 0.01953125 0.0012366771697998047 0
5000 True 0.01953125 0.001215219497680664 0
5100 False 0.0 0.0 0
5200 True 0.01953125 0.001329660415649414 0
5300 False 0.0 0.0 0
5400 False 0.0 0.0 0
5500 False 0.0 0.0 0
5600 True 0.01953125 0.0012552738189697266 0
5700 True 0.01953125 0.0013086795806884766 0
5800 False 0.0 0.0 0
5900 False 0.0 0.0 0
6000 True 0.01953125 0.0012226104736328125 0
6100 True 0.01953125 0.0012247562408447266 0
6200 False 0.0 0.0 0
6300 True 0.01953125 0.0014605522155761719 0
6400 False 0.0 0.0 0
6500 False 0.0 0.0 0
6600 True 0.01953125 0.0013947486877441406 0
6700 True 0.01953125 0.0017216205596923828 0
6800 True 0.01953125 0.0014090538024902344 0
6900 False 0.0 0.0 0
7000 False 0.0 0.0 0
7100 False 0.0 0.0 0
7200 False 0.0 0.0 0
7300 False 0.0 0.0 0
7400 True 0.01953125 0.0014052391052246094 0
7500 True 0.01953125 0.0015168190002441406 0
7600 False 0.0 0.0 0
7700 True 0.01953125 0.0013203620910644531 0
7800 True 0.01953125 0.0013546943664550781 0
7900 False 0.0 0.0 0
8000 True 0.01953125 0.001285552978515625 0
8100 False 0.0 0.0 0
8200 False 0.0 0.0 0
8300 False 0.0 0.0 0
8400 False 0.0 0.0 0
8500 True 0.01953125 0.0013415813446044922 0
8600 False 0.0 0.0 0
8700 True 0.01953125 0.0013539791107177734 0
8800 True 0.01953125 0.0012848377227783203 0
8900 True 0.01953125 0.0014293193817138672 0
9000 True 0.01953125 0.0012819766998291016 0
9100 False 0.0 0.0 0
9200 True 0.01953125 0.0016956329345703125 0
9300 True 0.01953125 0.0013272762298583984 0
9400 True 0.01953125 0.0012655258178710938 0
9500 True 0.01953125 0.0012972354888916016 0
9600 True 0.01953125 0.0012989044189453125 0
9700 True 0.01953125 0.0012426376342773438 0
9800 True 0.01953125 0.0013766288757324219 0
9900 False 0.0 0.0 0
