0 False 0.0 0.0 0
100 False 0.0 0.0 0
200 True 0.01953125 0.0018901824951171875 0
300 True 0.01953125 0.0017943382263183594 0
400 True 0.01953125 0.0018968582153320312 0
500 False 0.0 0.0 0
600 True 0.01953125 0.0019311904907226562 0
700 True 0.01953125 0.0018434524536132812 0
800 True 0.01953125 0.0017642974853515625 0
900 False 0.0 0.0 0
1000 True 0.01953125 0.0016467571258544922 0
1100 False 0.0 0.0 0
1200 True 0.01953125 0.0017931461334228516 0
1300 False 0.0 0.0 0
1400 False 0.0 0.0 0
1500 True 0.01953125 0.0018079280853271484 0
1600 True 0.01953125 0.0017664432525634766 0
1700 False 0.0 0.0 0
1800 True 0.01953125 0.0018842220306396484 0
1900 True 0.01953125 0.0016772747039794922 0
2000 False 0.0 0.0 0
2100 True 0.01953125 0.0017006397247314453 0
2200 True 0.01953125 0.0018041133880615234 0
2300 False 0.0 0.0 0
2400 True 0.01953125 0.001848459243774414 0
2500 True 0.01953125 0.0017201900482177734 0
2600 True 0.01953125 0.0018601417541503906 0
2700 True 0.01953125 0.001672983169555664 0
2800 True 0.01953125 0.0018720626831054688 0
2900 False 0.0 0.0 0
3000 True 0.01953125 0.0018527507781982422 0
3100 True 0.01953125 0.0019054412841796875 0
3200 False 0.0 0.0 0
3300 True 0.01953125 0.0019075870513916016 0
3400 False 0.0 0.0 0
3500 True 0.01953125 0.0019068717956542969 0
3600 False 0.0 0.0 0
3700 True 0.01953125 0.001972198486328125 0
3800 True 0.01953125 0.0018100738525390625 0
3900 False 0.0 0.0 0
4000 False 0.0 0.0 0
4100 True 0.01953125 0.0018184185028076172 0
4200 True 0.01953125 0.0018651485443115234 0
4300 True 0.01953125 0.0017821788787841797 0
4400 False 0.0 0.0 0
4500 False 0.0 0.0 0
4600 False 0.0 0.0 0
4700 False 0.0 0.0 0
4800 True 0.01953125 0.0017344951629638672 0
4900 False 0.0 0.0 0
5000 True 0.01953125 0.0018029212951660156 0
5100 True 0.01953125 0.001857757568359375 0
5200 True 0.01953125 0.0018458366394042969 0
5300 True 0.01953125 0.001878499984741211 0
5400 True 0.01953125 0.0017561912536621094 0
5500 True 0.01953125 0.00177001953125 0
5600 True 0.01953125 0.0018782615661621094 0
5700 True 0.01953125 0.002155780792236328 0
5800 False 0.0 0.0 0
5900 False 0.0 0.0 0
6000 True 0.01953125 0.0018694400787353516 0
6100 True 0.01953125 0.0018317699432373047 0
6200 True 0.01953125 0.0018393993377685547 0
6300 True 0.01953125 0.0017960071563720703 0
6400 True 0.01953125 0.0018150806427001953 0
6500 False 0.0 0.0 0
6600 True 0.01953125 0.0017940998077392578 0
6700 True 0.01953125 0.001895904541015625 0
6800 True 0.01953125 0.0016818046569824219 0
6900 True 0.01953125 0.0018303394317626953 0
7000 False 0.0 0.0 0
7100 False 0.0 0.0 0
7200 False 0.0 0.0 0
7300 False 0.0 0.0 0
7400 True 0.01953125 0.0017859935760498047 0
7500 True 0.01953125 0.001791238784790039 0
7600 False 0.0 0.0 0
7700 True 0.01953125 0.0018765926361083984 0
7800 True 0.01953125 0.0017910003662109375 0
7900 False 0.0 0.0 0
8000 True 0.01953125 0.0017542839050292969 0
8100 False 0.0 0.0 0
8200 False 0.0 0.0 0
8300 False 0.0 0.0 0
8400 True 0.01953125 0.0016818046569824219 0
8500 True 0.01953125 0.0017850399017333984 0
8600 True 0.01953125 0.0017628669738769531 0
8700 True 0.01953125 0.0018303394317626953 0
8800 True 0.01953125 0.0017268657684326172 0
8900 True 0.01953125 0.0017578601837158203 0
9000 True 0.01953125 0.0018582344055175781 0
9100 False 0.0 0.0 0
9200 True 0.01953125 0.0018436908721923828 0
9300 True 0.01953125 0.0016045570373535156 0
9400 True 0.01953125 0.0016269683837890625 0
9500 True 0.01953125 0.0017764568328857422 0
9600 True 0.01953125 0.0018117427825927734 0
9700 True 0.01953125 0.001750946044921875 0
9800 True 0.01953125 0.0018548965454101562 0
9900 True 0.01953125 0.0019512176513671875 0
