0 False 0.0 0.0 0
100 False 0.0 0.0 0
200 False 0.0 0.0 0
300 True 0.01953125 0.0024192333221435547 0
400 True 0.01953125 0.0023910999298095703 0
500 False 0.0 0.0 0
600 True 0.01953125 0.0023546218872070312 0
700 True 0.01953125 0.0022487640380859375 0
800 True 0.01953125 0.00231170654296875 0
900 False 0.0 0.0 0
1000 True 0.01953125 0.002288818359375 0
1100 False 0.0 0.0 0
1200 True 0.01953125 0.0023818016052246094 0
1300 True 0.01953125 0.0023162364959716797 0
1400 True 0.01953125 0.002257108688354492 0
1500 False 0.0 0.0 0
1600 False 0.0 0.0 0
1700 False 0.0 0.0 0
1800 False 0.0 0.0 0
1900 True 0.01953125 0.00225830078125 0
2000 False 0.0 0.0 0
2100 False 0.0 0.0 0
2200 True 0.01953125 0.0023488998413085938 0
2300 False 0.0 0.0 0
2400 True 0.01953125 0.002700328826904297 0
2500 False 0.0 0.0 0
2600 True 0.01953125 0.0022668838500976562 0
2700 True 0.01953125 0.0022902488708496094 0
2800 False 0.0 0.0 0
2900 False 0.0 0.0 0
3000 True 0.01953125 0.0022284984588623047 0
3100 True 0.01953125 0.002962827682495117 0
3200 False 0.0 0.0 0
3300 True 0.01953125 0.0025665760040283203 0
3400 True 0.01953125 0.0024871826171875 0
3500 True 0.01953125 0.003242015838623047 0
3600 False 0.0 0.0 0
3700 False 0.0 0.0 0
3800 True 0.01953125 0.002616405487060547 0
3900 False 0.0 0.0 0
4000 False 0.0 0.0 0
4100 True 0.01953125 0.0026869773864746094 0
4200 False 0.0 0.0 0
4300 True 0.01953125 0.002988100051879883 0
4400 False 0.0 0.0 0
4500 True 0.01953125 0.002315521240234375 0
4600 False 0.0 0.0 0
4700 False 0.0 0.0 0
4800 True 0.01953125 0.002271890640258789 0
4900 False 0.0 0.0 0
5000 True 0.01953125 0.0025327205657958984 0
5100 True 0.01953125 0.0023040771484375 0
5200 False 0.0 0.0 0
5300 False 0.0 0.0 0
5400 True 0.01953125 0.00237274169921875 0
5500 False 0.0 0.0 0
5600 False 0.0 0.0 0
5700 False 0.0 0.0 0
5800 False 0.0 0.0 0
5900 False 0.0 0.0 0
6000 False 0.0 0.0 0
6100 True 0.01953125 0.002395153045654297 0
6200 False 0.0 0.0 0
6300 False 0.0 0.0 0
6400 False 0.0 0.0 0
6500 False 0.0 0.0 0
6600 True 0.01953125 0.002337932586669922 0
6700 True 0.01953125 0.0023195743560791016 0
6800 True 0.01953125 0.0022711753845214844 0
6900 True 0.01953125 0.002321481704711914 0
7000 False 0.0 0.0 0
7100 True 0.01953125 0.002337217330932617 0
7200 True 0.01953125 0.0022590160369873047 0
7300 False 0.0 0.0 0
7400 False 0.0 0.0 0
7500 True 0.01953125 0.002316713333129883 0
7600 False 0.0 0.0 0
7700 True 0.01953125 0.0022826194763183594 0
7800 True 0.01953125 0.002208709716796875 0
7900 False 0.0 0.0 0
8000 True 0.01953125 0.0022149085998535156 0
8100 False 0.0 0.0 0
8200 False 0.0 0.0 0
8300 False 0.0 0.0 0
8400 False 0.0 0.0 0
8500 False 0.0 0.0 0
8600 True 0.01953125 0.0024099349975585938 0
8700 True 0.01953125 0.002359151840209961 0
8800 True 0.01953125 0.0022101402282714844 0
8900 False 0.0 0.0 0
9000 True 0.01953125 0.0022726058959960938 0
9100 False 0.0 0.0 0
9200 True 0.01953125 0.0022177696228027344 0
9300 True 0.01953125 0.002378702163696289 0
9400 True 0.01953125 0.0023589134216308594 0
9500 False 0.0 0.0 0
9600 True 0.01953125 0.0023643970489501953 0
9700 True 0.01953125 0.0022423267364501953 0
9800 True 0.01953125 0.002266407012939453 0
9900 False 0.0 0.0 0
