0 False 0 0.0 0
100 False 0 0.0 0
200 False 0 0.0 0
300 True 1 0.002587556838989258 0
400 True 1 0.0012459754943847656 0
500 False 0 0.0 0
600 True 1 0.0013933181762695312 0
700 True 1 0.0013594627380371094 0
800 True 1 0.0013837814331054688 0
900 False 0 0.0 0
1000 True 1 0.0012989044189453125 0
1100 False 0 0.0 0
1200 True 1 0.0016760826110839844 0
1300 True 1 0.001188039779663086 0
1400 True 1 0.0014390945434570312 0
1500 False 0 0.0 0
1600 False 0 0.0 0
1700 False 0 0.0 0
1800 False 0 0.0 0
1900 True 1 0.0012705326080322266 0
2000 False 0 0.0 0
2100 False 0 0.0 0
2200 True 1 0.0011518001556396484 0
2300 False 0 0.0 0
2400 True 1 0.0012269020080566406 0
2500 False 0 0.0 0
2600 True 1 0.0011591911315917969 0
2700 True 1 0.0010972023010253906 0
2800 False 0 0.0 0
2900 False 0 0.0 0
3000 True 1 0.0011796951293945312 0
3100 True 1 0.0010991096496582031 0
3200 False 0 0.0 0
3300 True 1 0.0011663436889648438 0
3400 True 1 0.0011661052703857422 0
3500 True 1 0.0011780261993408203 0
3600 False 0 0.0 0
3700 False 0 0.0 0
3800 True 1 0.0011682510375976562 0
3900 False 0 0.0 0
4000 False 0 0.0 0
4100 True 1 0.001140594482421875 0
4200 False 0 0.0 0
4300 True 1 0.0016658306121826172 0
4400 False 0 0.0 0
4500 True 1 0.0012662410736083984 0
4600 False 0 0.0 0
4700 False 0 0.0 0
4800 True 1 0.0012843608856201172 0
4900 False 0 0.0 0
5000 True 1 0.001833200454711914 0
5100 True 1 0.001176595687866211 0
5200 False 0 0.0 0
5300 False 0 0.0 0
5400 True 1 0.0013935565948486328 0
5500 False 0 0.0 0
5600 False 0 0.0 0
5700 False 0 0.0 0
5800 False 0 0.0 0
5900 False 0 0.0 0
6000 False 0 0.0 0
6100 True 1 0.0012331008911132812 0
6200 False 0 0.0 0
6300 False 0 0.0 0
6400 False 0 0.0 0
6500 False 0 0.0 0
6600 True 1 0.0012309551239013672 0
6700 True 1 0.0012149810791015625 0
6800 True 1 0.001264333724975586 0
6900 True 1 0.0011954307556152344 0
7000 False 0 0.0 0
7100 True 1 0.0011768341064453125 0
7200 True 1 0.0011851787567138672 0
7300 False 0 0.0 0
7400 False 0 0.0 0
7500 True 1 0.0012049674987792969 0
7600 False 0 0.0 0
7700 True 1 0.0012047290802001953 0
7800 True 1 0.001188516616821289 0
7900 False 0 0.0 0
8000 True 1 0.0011909008026123047 0
8100 False 0 0.0 0
8200 False 0 0.0 0
8300 False 0 0.0 0
8400 False 0 0.0 0
8500 False 0 0.0 0
8600 True 1 0.0012481212615966797 0
8700 True 1 0.0012035369873046875 0
8800 True 1 0.001241922378540039 0
8900 False 0 0.0 0
9000 True 1 0.0011844635009765625 0
9100 False 0 0.0 0
9200 True 1 0.0012340545654296875 0
9300 True 1 0.0012269020080566406 0
9400 True 1 0.0011906623840332031 0
9500 False 0 0.0 0
9600 True 1 0.0016853809356689453 0
9700 True 1 0.0011906623840332031 0
9800 True 1 0.001260995864868164 0
9900 False 0 0.0 0
