0 True 0.01953125 0.0026984214782714844 0
100 False 0.0 0.0 0
200 False 0.0 0.0 0
300 True 0.01953125 0.0023641586303710938 0
400 True 0.01953125 0.0023756027221679688 0
500 False 0.0 0.0 0
600 True 0.01953125 0.002435445785522461 0
700 True 0.01953125 0.002454996109008789 0
800 True 0.01953125 0.0022706985473632812 0
900 False 0.0 0.0 0
1000 True 0.01953125 0.002406597137451172 0
1100 False 0.0 0.0 0
1200 True 0.01953125 0.0022428035736083984 0
1300 True 0.01953125 0.0023789405822753906 0
1400 True 0.01953125 0.0022895336151123047 0
1500 True 0.01953125 0.0022869110107421875 0
1600 False 0.0 0.0 0
1700 False 0.0 0.0 0
1800 False 0.0 0.0 0
1900 True 0.01953125 0.002457141876220703 0
2000 False 0.0 0.0 0
2100 False 0.0 0.0 0
2200 True 0.01953125 0.002390623092651367 0
2300 False 0.0 0.0 0
2400 True 0.01953125 0.0024259090423583984 0
2500 False 0.0 0.0 0
2600 True 0.01953125 0.0023691654205322266 0
2700 True 0.01953125 0.0030851364135742188 0
2800 True 0.01953125 0.002448558807373047 0
2900 False 0.0 0.0 0
3000 True 0.01953125 0.0023636817932128906 0
3100 True 0.01953125 0.0023136138916015625 0
3200 False 0.0 0.0 0
3300 False 0.0 0.0 0
3400 False 0.0 0.0 0
3500 True 0.01953125 0.0024576187133789062 0
3600 False 0.0 0.0 0
3700 False 0.0 0.0 0
3800 True 0.01953125 0.0023033618927001953 0
3900 False 0.0 0.0 0
4000 False 0.0 0.0 0
4100 True 0.01953125 0.002839326858520508 0
4200 False 0.0 0.0 0
4300 True 0.01953125 0.002333402633666992 0
4400 False 0.0 0.0 0
4500 True 0.01953125 0.0023584365844726562 0
4600 False 0.0 0.0 0
4700 False 0.0 0.0 0
4800 True 0.01953125 0.002355337142944336 0
4900 False 0.0 0.0 0
5000 True 0.01953125 0.0023224353790283203 0
5100 True 0.01953125 0.0023221969604492188 0
5200 True 0.01953125 0.0022606849670410156 0
5300 True 0.01953125 0.002574920654296875 0
5400 True 0.01953125 0.0023620128631591797 0
5500 True 0.01953125 0.002833843231201172 0
5600 True 0.01953125 0.002336263656616211 0
5700 True 0.01953125 0.0023131370544433594 0
5800 False 0.0 0.0 0
5900 False 0.0 0.0 0
6000 True 0.01953125 0.0023581981658935547 0
6100 True 0.01953125 0.002338886260986328 0
6200 True 0.01953125 0.0022835731506347656 0
6300 False 0.0 0.0 0
6400 True 0.01953125 0.0022788047790527344 0
6500 False 0.0 0.0 0
6600 True 0.01953125 0.002382993698120117 0
6700 False 0.0 0.0 0
6800 True 0.01953125 0.0023615360260009766 0
6900 False 0.0 0.0 0
7000 False 0.0 0.0 0
7100 True 0.01953125 0.002329111099243164 0
7200 True 0.01953125 0.002342700958251953 0
7300 False 0.0 0.0 0
7400 True 0.01953125 0.002323627471923828 0
7500 True 0.01953125 0.0022592544555664062 0
7600 False 0.0 0.0 0
7700 True 0.01953125 0.0022788047790527344 0
7800 True 0.01953125 0.002354860305786133 0
7900 False 0.0 0.0 0
8000 True 0.01953125 0.0023331642150878906 0
8100 False 0.0 0.0 0
8200 False 0.0 0.0 0
8300 False 0.0 0.0 0
8400 True 0.01953125 0.002350330352783203 0
8500 True 0.01953125 0.002309083938598633 0
8600 True 0.01953125 0.00232696533203125 0
8700 True 0.01953125 0.0024290084838867188 0
8800 True 0.01953125 0.0022966861724853516 0
8900 True 0.01953125 0.0023348331451416016 0
9000 True 0.01953125 0.002367734909057617 0
9100 False 0.0 0.0 0
9200 True 0.01953125 0.0023458003997802734 0
9300 True 0.01953125 0.0022821426391601562 0
9400 True 0.01953125 0.002271413803100586 0
9500 False 0.0 0.0 0
9600 True 0.01953125 0.0023605823516845703 0
9700 True 0.01953125 0.0023336410522460938 0
9800 True 0.01953125 0.002239704132080078 0
9900 True 0.01953125 0.002357006072998047 0
