0 True 1 0.0017321109771728516 0
100 False 0 0.0 0
200 True 1 0.0012478828430175781 0
300 True 1 0.0011246204376220703 0
400 True 1 0.0010061264038085938 0
500 False 0 0.0 0
600 True 1 0.0011241436004638672 0
700 True 1 0.0012590885162353516 0
800 True 1 0.0010979175567626953 0
900 True 1 0.00102996826171875 0
1000 True 1 0.0010101795196533203 0
1100 False 0 0.0 0
1200 True 1 0.0009791851043701172 0
1300 True 1 0.0009548664093017578 0
1400 False 0 0.0 0
1500 True 1 0.0012726783752441406 0
1600 False 0 0.0 0
1700 False 0 0.0 0
1800 True 1 0.0009636878967285156 0
1900 True 1 0.0009524822235107422 0
2000 True 1 0.001149892807006836 0
2100 False 0 0.0 0
2200 True 1 0.0012922286987304688 0
2300 False 0 0.0 0
2400 True 1 0.001399993896484375 0
2500 True 1 0.0010044574737548828 0
2600 True 1 0.0009617805480957031 0
2700 True 1 0.0013492107391357422 0
2800 True 1 0.0010006427764892578 0
2900 False 0 0.0 0
3000 True 1 0.0009737014770507812 0
3100 True 1 0.001049041748046875 0
3200 True 1 0.0009839534759521484 0
3300 True 1 0.0009853839874267578 0
3400 False 0 0.0 0
3500 True 1 0.0009665489196777344 0
3600 False 0 0.0 0
3700 True 1 0.0009512901306152344 0
3800 True 1 0.0009562969207763672 0
3900 False 0 0.0 0
4000 False 0 0.0 0
4100 True 1 0.001016855239868164 0
4200 False 0 0.0 0
4300 True 1 0.0015416145324707031 0
4400 False 0 0.0 0
4500 False 0 0.0 0
4600 True 1 0.0009682178497314453 0
4700 False 0 0.0 0
4800 True 1 0.0009884834289550781 0
4900 True 1 0.001058816909790039 0
5000 True 1 0.0009818077087402344 0
5100 True 1 0.0009865760803222656 0
5200 True 1 0.0009715557098388672 0
5300 True 1 0.0009555816650390625 0
5400 True 1 0.0010561943054199219 0
5500 False 0 0.0 0
5600 True 1 0.0010628700256347656 0
5700 True 1 0.0009620189666748047 0
5800 False 0 0.0 0
5900 False 0 0.0 0
6000 True 1 0.0011751651763916016 0
6100 True 1 0.0009315013885498047 0
6200 False 0 0.0 0
6300 True 1 0.001001119613647461 0
6400 False 0 0.0 0
6500 False 0 0.0 0
6600 True 1 0.0009884834289550781 0
6700 True 1 0.0011029243469238281 0
6800 True 1 0.0009300708770751953 0
6900 True 1 0.0009281635284423828 0
7000 False 0 0.0 0
7100 False 0 0.0 0
7200 True 1 0.0009202957153320312 0
7300 False 0 0.0 0
7400 True 1 0.0009241104125976562 0
7500 True 1 0.001093149185180664 0
7600 False 0 0.0 0
7700 True 1 0.0009274482727050781 0
7800 True 1 0.0009605884552001953 0
7900 True 1 0.0010323524475097656 0
8000 True 1 0.0009179115295410156 0
8100 False 0 0.0 0
8200 False 0 0.0 0
8300 False 0 0.0 0
8400 True 1 0.0010323524475097656 0
8500 True 1 0.0009310245513916016 0
8600 False 0 0.0 0
8700 True 1 0.0009682178497314453 0
8800 True 1 0.0009646415710449219 0
8900 True 1 0.0009539127349853516 0
9000 True 1 0.0009658336639404297 0
9100 True 1 0.0010342597961425781 0
9200 True 1 0.0009586811065673828 0
9300 False 0 0.0 0
9400 True 1 0.0010302066802978516 0
9500 True 1 0.0015099048614501953 0
9600 True 1 0.0009236335754394531 0
9700 True 1 0.000985860824584961 0
9800 True 1 0.0010540485382080078 0
9900 True 1 0.0010113716125488281 0
