0 False 0 0.0 0
100 False 0 0.0 0
200 False 0 0.0 0
300 True 1 0.0017120838165283203 0
400 True 1 0.001192331314086914 0
500 False 0 0.0 0
600 True 1 0.0011065006256103516 0
700 True 1 0.0010867118835449219 0
800 True 1 0.0014240741729736328 0
900 False 0 0.0 0
1000 True 1 0.0013012886047363281 0
1100 False 0 0.0 0
1200 True 1 0.0012059211730957031 0
1300 False 0 0.0 0
1400 False 0 0.0 0
1500 True 1 0.0012826919555664062 0
1600 False 0 0.0 0
1700 True 1 0.0012993812561035156 0
1800 True 1 0.0013370513916015625 0
1900 True 1 0.0010752677917480469 0
2000 False 0 0.0 0
2100 False 0 0.0 0
2200 True 1 0.0012526512145996094 0
2300 False 0 0.0 0
2400 True 1 0.0011105537414550781 0
2500 True 1 0.0010955333709716797 0
2600 True 1 0.0011692047119140625 0
2700 True 1 0.001043081283569336 0
2800 False 0 0.0 0
2900 False 0 0.0 0
3000 True 1 0.0011379718780517578 0
3100 True 1 0.0011754035949707031 0
3200 False 0 0.0 0
3300 True 1 0.0011219978332519531 0
3400 False 0 0.0 0
3500 True 1 0.0013515949249267578 0
3600 False 0 0.0 0
3700 True 1 0.0012912750244140625 0
3800 True 1 0.0011439323425292969 0
3900 False 0 0.0 0
4000 False 0 0.0 0
4100 True 1 0.0011324882507324219 0
4200 False 0 0.0 0
4300 True 1 0.0011515617370605469 0
4400 False 0 0.0 0
4500 False 0 0.0 0
4600 False 0 0.0 0
4700 False 0 0.0 0
4800 True 1 0.0012867450714111328 0
4900 False 0 0.0 0
5000 True 1 0.001157999038696289 0
5100 True 1 0.001169443130493164 0
5200 True 1 0.0010833740234375 0
5300 True 1 0.0011036396026611328 0
5400 False 0 0.0 0
5500 True 1 0.0010919570922851562 0
5600 True 1 0.0012149810791015625 0
5700 True 1 0.0010554790496826172 0
5800 True 1 0.0010764598846435547 0
5900 False 0 0.0 0
6000 True 1 0.001377105712890625 0
6100 True 1 0.0010106563568115234 0
6200 True 1 0.0010256767272949219 0
6300 True 1 0.001102447509765625 0
6400 False 0 0.0 0
6500 False 0 0.0 0
6600 True 1 0.0012903213500976562 0
6700 True 1 0.001100778579711914 0
6800 True 1 0.0010330677032470703 0
6900 False 0 0.0 0
7000 False 0 0.0 0
7100 False 0 0.0 0
7200 False 0 0.0 0
7300 False 0 0.0 0
7400 True 1 0.0010285377502441406 0
7500 True 1 0.0010862350463867188 0
7600 False 0 0.0 0
7700 True 1 0.0013980865478515625 0
7800 True 1 0.0016906261444091797 0
7900 False 0 0.0 0
8000 True 1 0.001058816909790039 0
8100 False 0 0.0 0
8200 False 0 0.0 0
8300 True 1 0.0013446807861328125 0
8400 False 0 0.0 0
8500 True 1 0.0012540817260742188 0
8600 False 0 0.0 0
8700 True 1 0.0011861324310302734 0
8800 True 1 0.0011005401611328125 0
8900 True 1 0.0011506080627441406 0
9000 True 1 0.0011320114135742188 0
9100 False 0 0.0 0
9200 True 1 0.0010542869567871094 0
9300 True 1 0.001207113265991211 0
9400 True 1 0.0011129379272460938 0
9500 True 1 0.0010564327239990234 0
9600 True 1 0.001306772232055664 0
9700 True 1 0.001294851303100586 0
9800 True 1 0.0012769699096679688 0
9900 True 1 0.0013458728790283203 0
