0 True 0.01953125 0.0031752586364746094 0
100 False 0.0 0.0 0
200 False 0.0 0.0 0
300 True 0.01953125 0.002735137939453125 0
400 True 0.01953125 0.0022478103637695312 0
500 False 0.0 0.0 0
600 True 0.01953125 0.002602815628051758 0
700 True 0.01953125 0.0026178359985351562 0
800 True 0.01953125 0.002791881561279297 0
900 False 0.0 0.0 0
1000 True 0.01953125 0.0026335716247558594 0
1100 False 0.0 0.0 0
1200 True 0.01953125 0.0024852752685546875 0
1300 False 0.0 0.0 0
1400 True 0.01953125 0.002534627914428711 0
1500 False 0.0 0.0 0
1600 False 0.0 0.0 0
1700 False 0.0 0.0 0
1800 True 0.01953125 0.00304412841796875 0
1900 True 0.01953125 0.002477884292602539 0
2000 False 0.0 0.0 0
2100 False 0.0 0.0 0
2200 False 0.0 0.0 0
2300 False 0.0 0.0 0
2400 True 0.01953125 0.002814054489135742 0
2500 False 0.0 0.0 0
2600 True 0.01953125 0.002626657485961914 0
2700 True 0.01953125 0.0023224353790283203 0
2800 False 0.0 0.0 0
2900 False 0.0 0.0 0
3000 True 0.01953125 0.0028104782104492188 0
3100 True 0.01953125 0.002321004867553711 0
3200 True 0.01953125 0.002639293670654297 0
3300 True 0.01953125 0.0025997161865234375 0
3400 True 0.01953125 0.0026068687438964844 0
3500 True 0.01953125 0.0024538040161132812 0
3600 False 0.0 0.0 0
3700 False 0.0 0.0 0
3800 True 0.01953125 0.003262042999267578 0
3900 False 0.0 0.0 0
4000 False 0.0 0.0 0
4100 True 0.01953125 0.002532482147216797 0
4200 True 0.01953125 0.0026078224182128906 0
4300 True 0.01953125 0.002602100372314453 0
4400 False 0.0 0.0 0
4500 True 0.01953125 0.0027647018432617188 0
4600 False 0.0 0.0 0
4700 False 0.0 0.0 0
4800 True 0.01953125 0.0026001930236816406 0
4900 True 0.01953125 0.0026407241821289062 0
5000 True 0.01953125 0.002532958984375 0
5100 True 0.01953125 0.0024161338806152344 0
5200 True 0.01953125 0.0027294158935546875 0
5300 False 0.0 0.0 0
5400 True 0.01953125 0.002619028091430664 0
5500 False 0.0 0.0 0
5600 True 0.01953125 0.0025179386138916016 0
5700 True 0.01953125 0.0028731822967529297 0
5800 False 0.0 0.0 0
5900 False 0.0 0.0 0
6000 True 0.01953125 0.0025162696838378906 0
6100 True 0.01953125 0.002664804458618164 0
6200 True 0.01953125 0.0026946067810058594 0
6300 False 0.0 0.0 0
6400 True 0.01953125 0.002591371536254883 0
6500 False 0.0 0.0 0
6600 True 0.01953125 0.0027201175689697266 0
6700 True 0.01953125 0.002748250961303711 0
6800 True 0.01953125 0.0026268959045410156 0
6900 True 0.01953125 0.0026624202728271484 0
7000 False 0.0 0.0 0
7100 False 0.0 0.0 0
7200 True 0.01953125 0.0024869441986083984 0
7300 False 0.0 0.0 0
7400 True 0.01953125 0.0025055408477783203 0
7500 True 0.01953125 0.0025603771209716797 0
7600 False 0.0 0.0 0
7700 True 0.01953125 0.0025670528411865234 0
7800 True 0.01953125 0.00260162353515625 0
7900 False 0.0 0.0 0
8000 True 0.01953125 0.0025429725646972656 0
8100 True 0.01953125 0.003024578094482422 0
8200 False 0.0 0.0 0
8300 False 0.0 0.0 0
8400 True 0.01953125 0.002860546112060547 0
8500 True 0.01953125 0.0031080245971679688 0
8600 True 0.01953125 0.002577066421508789 0
8700 True 0.01953125 0.002560853958129883 0
8800 True 0.01953125 0.002619028091430664 0
8900 True 0.01953125 0.0027382373809814453 0
9000 True 0.01953125 0.0024874210357666016 0
9100 False 0.0 0.0 0
9200 True 0.01953125 0.002599954605102539 0
9300 True 0.01953125 0.0025691986083984375 0
9400 True 0.01953125 0.0027053356170654297 0
9500 True 0.01953125 0.0025854110717773438 0
9600 True 0.01953125 0.0024483203887939453 0
9700 True 0.01953125 0.0028045177459716797 0
9800 True 0.01953125 0.002784252166748047 0
9900 True 0.01953125 0.0024476051330566406 0
