0 True 1 0.0018846988677978516 0
100 False 0 0.0 0
200 False 0 0.0 0
300 False 0 0.0 0
400 True 1 0.0014467239379882812 0
500 False 0 0.0 0
600 True 1 0.0013511180877685547 0
700 True 1 0.0013480186462402344 0
800 True 1 0.0014731884002685547 0
900 False 0 0.0 0
1000 True 1 0.0020585060119628906 0
1100 False 0 0.0 0
1200 False 0 0.0 0
1300 True 1 0.0013666152954101562 0
1400 True 1 0.0013988018035888672 0
1500 False 0 0.0 0
1600 False 0 0.0 0
1700 False 0 0.0 0
1800 False 0 0.0 0
1900 True 1 0.0014491081237792969 0
2000 False 0 0.0 0
2100 False 0 0.0 0
2200 True 1 0.0012781620025634766 0
2300 False 0 0.0 0
2400 True 1 0.00130462646484375 0
2500 False 0 0.0 0
2600 True 1 0.001341104507446289 0
2700 True 1 0.0013244152069091797 0
2800 False 0 0.0 0
2900 True 1 0.0012781620025634766 0
3000 True 1 0.0014452934265136719 0
3100 True 1 0.0013554096221923828 0
3200 False 0 0.0 0
3300 False 0 0.0 0
3400 False 0 0.0 0
3500 True 1 0.0014324188232421875 0
3600 False 0 0.0 0
3700 False 0 0.0 0
3800 True 1 0.0014286041259765625 0
3900 False 0 0.0 0
4000 False 0 0.0 0
4100 True 1 0.0013604164123535156 0
4200 False 0 0.0 0
4300 True 1 0.0013897418975830078 0
4400 False 0 0.0 0
4500 True 1 0.0013875961303710938 0
4600 False 0 0.0 0
4700 True 1 0.0013434886932373047 0
4800 True 1 0.0014252662658691406 0
4900 False 0 0.0 0
5000 True 1 0.0013191699981689453 0
5100 True 1 0.0014140605926513672 0
5200 False 0 0.0 0
5300 False 0 0.0 0
5400 False 0 0.0 0
5500 False 0 0.0 0
5600 False 0 0.0 0
5700 True 1 0.0013241767883300781 0
5800 False 0 0.0 0
5900 False 0 0.0 0
6000 False 0 0.0 0
6100 True 1 0.0013806819915771484 0
6200 False 0 0.0 0
6300 False 0 0.0 0
6400 False 0 0.0 0
6500 False 0 0.0 0
6600 True 1 0.0016524791717529297 0
6700 False 0 0.0 0
6800 True 1 0.0013272762298583984 0
6900 True 1 0.0014569759368896484 0
7000 False 0 0.0 0
7100 True 1 0.0013039112091064453 0
7200 False 0 0.0 0
7300 True 1 0.0012733936309814453 0
7400 False 0 0.0 0
7500 True 1 0.0013108253479003906 0
7600 False 0 0.0 0
7700 True 1 0.0012853145599365234 0
7800 True 1 0.0013310909271240234 0
7900 False 0 0.0 0
8000 True 1 0.001294851303100586 0
8100 False 0 0.0 0
8200 False 0 0.0 0
8300 False 0 0.0 0
8400 False 0 0.0 0
8500 False 0 0.0 0
8600 True 1 0.0014650821685791016 0
8700 True 1 0.0015039443969726562 0
8800 True 1 0.0012874603271484375 0
8900 False 0 0.0 0
9000 True 1 0.0013446807861328125 0
9100 False 0 0.0 0
9200 True 1 0.0013992786407470703 0
9300 True 1 0.0014750957489013672 0
9400 True 1 0.001405954360961914 0
9500 False 0 0.0 0
9600 True 1 0.0014798641204833984 0
9700 True 1 0.0013132095336914062 0
9800 True 1 0.0015063285827636719 0
9900 False 0 0.0 0
