0 True 1 0.0017633438110351562 0
100 False 0 0.0 0
200 False 0 0.0 0
300 True 1 0.0015039443969726562 0
400 True 1 0.0013265609741210938 0
500 False 0 0.0 0
600 True 1 0.0013537406921386719 0
700 True 1 0.0014057159423828125 0
800 True 1 0.0015151500701904297 0
900 False 0 0.0 0
1000 True 1 0.0014889240264892578 0
1100 False 0 0.0 0
1200 True 1 0.0014810562133789062 0
1300 False 0 0.0 0
1400 True 1 0.0021636486053466797 0
1500 False 0 0.0 0
1600 False 0 0.0 0
1700 False 0 0.0 0
1800 True 1 0.0015757083892822266 0
1900 True 1 0.0015115737915039062 0
2000 False 0 0.0 0
2100 False 0 0.0 0
2200 False 0 0.0 0
2300 False 0 0.0 0
2400 True 1 0.00164031982421875 0
2500 False 0 0.0 0
2600 True 1 0.001459360122680664 0
2700 True 1 0.001331329345703125 0
2800 False 0 0.0 0
2900 False 0 0.0 0
3000 True 1 0.0013535022735595703 0
3100 True 1 0.0013990402221679688 0
3200 True 1 0.0013158321380615234 0
3300 True 1 0.0013885498046875 0
3400 True 1 0.0013282299041748047 0
3500 True 1 0.001226663589477539 0
3600 False 0 0.0 0
3700 False 0 0.0 0
3800 True 1 0.0018069744110107422 0
3900 False 0 0.0 0
4000 False 0 0.0 0
4100 True 1 0.0012326240539550781 0
4200 True 1 0.0013093948364257812 0
4300 True 1 0.0017879009246826172 0
4400 False 0 0.0 0
4500 True 1 0.0013093948364257812 0
4600 False 0 0.0 0
4700 False 0 0.0 0
4800 True 1 0.0017974376678466797 0
4900 True 1 0.0014317035675048828 0
5000 True 1 0.0015721321105957031 0
5100 True 1 0.0013382434844970703 0
5200 True 1 0.0016570091247558594 0
5300 False 0 0.0 0
5400 True 1 0.0014755725860595703 0
5500 False 0 0.0 0
5600 True 1 0.0016679763793945312 0
5700 True 1 0.0015990734100341797 0
5800 False 0 0.0 0
5900 False 0 0.0 0
6000 True 1 0.0013136863708496094 0
6100 True 1 0.0013260841369628906 0
6200 True 1 0.0013053417205810547 0
6300 False 0 0.0 0
6400 True 1 0.001390695571899414 0
6500 False 0 0.0 0
6600 True 1 0.0013604164123535156 0
6700 True 1 0.0012965202331542969 0
6800 True 1 0.0012116432189941406 0
6900 True 1 0.0012576580047607422 0
7000 False 0 0.0 0
7100 False 0 0.0 0
7200 True 1 0.001230478286743164 0
7300 False 0 0.0 0
7400 True 1 0.0012934207916259766 0
7500 True 1 0.0012540817260742188 0
7600 False 0 0.0 0
7700 True 1 0.0012679100036621094 0
7800 True 1 0.0018029212951660156 0
7900 False 0 0.0 0
8000 True 1 0.0013816356658935547 0
8100 True 1 0.0012195110321044922 0
8200 False 0 0.0 0
8300 False 0 0.0 0
8400 True 1 0.0013244152069091797 0
8500 True 1 0.0012242794036865234 0
8600 True 1 0.001222848892211914 0
8700 True 1 0.0013246536254882812 0
8800 True 1 0.001195669174194336 0
8900 True 1 0.0013210773468017578 0
9000 True 1 0.0013375282287597656 0
9100 False 0 0.0 0
9200 True 1 0.0017902851104736328 0
9300 True 1 0.0012040138244628906 0
9400 True 1 0.001191854476928711 0
9500 True 1 0.0013346672058105469 0
9600 True 1 0.0012195110321044922 0
9700 True 1 0.0012197494506835938 0
9800 True 1 0.0013132095336914062 0
9900 True 1 0.0011966228485107422 0
