0 True 1 0.001598358154296875 0
100 False 0 0.0 0
200 False 0 0.0 0
300 True 1 0.0014986991882324219 0
400 True 1 0.001150369644165039 0
500 True 1 0.0011658668518066406 0
600 True 1 0.001165151596069336 0
700 True 1 0.0011532306671142578 0
800 True 1 0.0011610984802246094 0
900 False 0 0.0 0
1000 True 1 0.0010607242584228516 0
1100 False 0 0.0 0
1200 True 1 0.0011098384857177734 0
1300 True 1 0.0011341571807861328 0
1400 True 1 0.001119852066040039 0
1500 True 1 0.001031637191772461 0
1600 False 0 0.0 0
1700 False 0 0.0 0
1800 True 1 0.0010595321655273438 0
1900 True 1 0.0011055469512939453 0
2000 False 0 0.0 0
2100 False 0 0.0 0
2200 True 1 0.0010631084442138672 0
2300 False 0 0.0 0
2400 True 1 0.0010771751403808594 0
2500 True 1 0.0011022090911865234 0
2600 True 1 0.0011265277862548828 0
2700 False 0 0.0 0
2800 False 0 0.0 0
2900 False 0 0.0 0
3000 True 1 0.0011377334594726562 0
3100 True 1 0.0010447502136230469 0
3200 False 0 0.0 0
3300 True 1 0.0010762214660644531 0
3400 False 0 0.0 0
3500 True 1 0.0010614395141601562 0
3600 False 0 0.0 0
3700 False 0 0.0 0
3800 True 1 0.0011241436004638672 0
3900 False 0 0.0 0
4000 False 0 0.0 0
4100 True 1 0.0010631084442138672 0
4200 False 0 0.0 0
4300 True 1 0.0010881423950195312 0
4400 False 0 0.0 0
4500 True 1 0.0011501312255859375 0
4600 False 0 0.0 0
4700 False 0 0.0 0
4800 True 1 0.001070261001586914 0
4900 True 1 0.0011248588562011719 0
5000 True 1 0.0013778209686279297 0
5100 True 1 0.00104522705078125 0
5200 True 1 0.0011081695556640625 0
5300 False 0 0.0 0
5400 False 0 0.0 0
5500 False 0 0.0 0
5600 True 1 0.0010440349578857422 0
5700 False 0 0.0 0
5800 False 0 0.0 0
5900 False 0 0.0 0
6000 True 1 0.0010573863983154297 0
6100 True 1 0.0011162757873535156 0
6200 False 0 0.0 0
6300 True 1 0.0011081695556640625 0
6400 False 0 0.0 0
6500 False 0 0.0 0
6600 True 1 0.0010433197021484375 0
6700 True 1 0.0015442371368408203 0
6800 True 1 0.0010547637939453125 0
6900 False 0 0.0 0
7000 False 0 0.0 0
7100 False 0 0.0 0
7200 False 0 0.0 0
7300 False 0 0.0 0
7400 False 0 0.0 0
7500 True 1 0.001138448715209961 0
7600 False 0 0.0 0
7700 True 1 0.0011289119720458984 0
7800 True 1 0.001047372817993164 0
7900 False 0 0.0 0
8000 True 1 0.001043081283569336 0
8100 False 0 0.0 0
8200 False 0 0.0 0
8300 False 0 0.0 0
8400 True 1 0.0010457038879394531 0
8500 True 1 0.0010309219360351562 0
8600 False 0 0.0 0
8700 True 1 0.001068115234375 0
8800 True 1 0.001068115234375 0
8900 False 0 0.0 0
9000 True 1 0.0010669231414794922 0
9100 False 0 0.0 0
9200 True 1 0.0010600090026855469 0
9300 True 1 0.0013225078582763672 0
9400 True 1 0.001079559326171875 0
9500 True 1 0.0010759830474853516 0
9600 True 1 0.0011293888092041016 0
9700 True 1 0.0010936260223388672 0
9800 True 1 0.0010669231414794922 0
9900 False 0 0.0 0
