0 True 0.01953125 0.0027878284454345703 0
100 False 0.0 0.0 0
200 True 0.01953125 0.0024137496948242188 0
300 True 0.01953125 0.0025043487548828125 0
400 True 0.01953125 0.0027494430541992188 0
500 False 0.0 0.0 0
600 True 0.01953125 0.002345561981201172 0
700 True 0.01953125 0.0026764869689941406 0
800 True 0.01953125 0.0024399757385253906 0
900 False 0.0 0.0 0
1000 True 0.01953125 0.002432584762573242 0
1100 False 0.0 0.0 0
1200 True 0.01953125 0.002983570098876953 0
1300 False 0.0 0.0 0
1400 True 0.01953125 0.002381563186645508 0
1500 True 0.01953125 0.0023708343505859375 0
1600 False 0.0 0.0 0
1700 True 0.01953125 0.0024309158325195312 0
1800 True 0.01953125 0.002827167510986328 0
1900 True 0.01953125 0.0027284622192382812 0
2000 True 0.01953125 0.002400636672973633 0
2100 True 0.01953125 0.002740144729614258 0
2200 True 0.01953125 0.002473115921020508 0
2300 True 0.01953125 0.002699136734008789 0
2400 True 0.01953125 0.002344846725463867 0
2500 False 0.0 0.0 0
2600 True 0.01953125 0.00234222412109375 0
2700 False 0.0 0.0 0
2800 False 0.0 0.0 0
2900 False 0.0 0.0 0
3000 True 0.01953125 0.0027697086334228516 0
3100 True 0.01953125 0.0027589797973632812 0
3200 False 0.0 0.0 0
3300 True 0.01953125 0.0027260780334472656 0
3400 False 0.0 0.0 0
3500 True 0.01953125 0.0024716854095458984 0
3600 False 0.0 0.0 0
3700 True 0.01953125 0.002736330032348633 0
3800 True 0.01953125 0.002278566360473633 0
3900 False 0.0 0.0 0
4000 False 0.0 0.0 0
4100 True 0.01953125 0.0025031566619873047 0
4200 False 0.0 0.0 0
4300 True 0.01953125 0.002691507339477539 0
4400 False 0.0 0.0 0
4500 True 0.01953125 0.0023336410522460938 0
4600 False 0.0 0.0 0
4700 True 0.01953125 0.002441883087158203 0
4800 True 0.01953125 0.002221345901489258 0
4900 False 0.0 0.0 0
5000 True 0.01953125 0.002680063247680664 0
5100 True 0.01953125 0.003021717071533203 0
5200 True 0.01953125 0.002523183822631836 0
5300 True 0.01953125 0.002865314483642578 0
5400 True 0.01953125 0.0022869110107421875 0
5500 True 0.01953125 0.0027947425842285156 0
5600 True 0.01953125 0.0024251937866210938 0
5700 False 0.0 0.0 0
5800 True 0.01953125 0.002282857894897461 0
5900 False 0.0 0.0 0
6000 True 0.01953125 0.0024094581604003906 0
6100 True 0.01953125 0.0022728443145751953 0
6200 True 0.01953125 0.0023984909057617188 0
6300 True 0.01953125 0.002756834030151367 0
6400 True 0.01953125 0.0022742748260498047 0
6500 False 0.0 0.0 0
6600 True 0.01953125 0.002278566360473633 0
6700 True 0.01953125 0.002420663833618164 0
6800 True 0.01953125 0.002357959747314453 0
6900 True 0.01953125 0.0023157596588134766 0
7000 False 0.0 0.0 0
7100 False 0.0 0.0 0
7200 False 0.0 0.0 0
7300 False 0.0 0.0 0
7400 True 0.01953125 0.002305746078491211 0
7500 True 0.01953125 0.0024933815002441406 0
7600 False 0.0 0.0 0
7700 True 0.01953125 0.0024292469024658203 0
7800 True 0.01953125 0.002664804458618164 0
7900 False 0.0 0.0 0
8000 True 0.01953125 0.002328634262084961 0
8100 False 0.0 0.0 0
8200 False 0.0 0.0 0
8300 False 0.0 0.0 0
8400 True 0.01953125 0.0022356510162353516 0
8500 True 0.01953125 0.0023374557495117188 0
8600 True 0.01953125 0.002374410629272461 0
8700 False 0.0 0.0 0
8800 True 0.01953125 0.002464771270751953 0
8900 False 0.0 0.0 0
9000 True 0.01953125 0.0023474693298339844 0
9100 False 0.0 0.0 0
9200 True 0.01953125 0.002350330352783203 0
9300 True 0.01953125 0.0022039413452148438 0
9400 True 0.01953125 0.0022144317626953125 0
9500 True 0.01953125 0.0022945404052734375 0
9600 True 0.01953125 0.0021202564239501953 0
9700 True 0.01953125 0.0021822452545166016 0
9800 True 0.01953125 0.0022711753845214844 0
9900 True 0.01953125 0.002105712890625 0
