0 True 0.01953125 0.0027549266815185547 0
100 True 0.01953125 0.0021827220916748047 0
200 True 0.01953125 0.002321481704711914 0
300 True 0.01953125 0.002322673797607422 0
400 True 0.01953125 0.0023102760314941406 0
500 True 0.01953125 0.002243518829345703 0
600 True 0.01953125 0.002434253692626953 0
700 True 0.01953125 0.0022547245025634766 0
800 True 0.01953125 0.0023260116577148438 0
900 False 0.0 0.0 0
1000 True 0.01953125 0.0023593902587890625 0
1100 True 0.01953125 0.002384662628173828 0
1200 True 0.01953125 0.0024275779724121094 0
1300 False 0.0 0.0 0
1400 False 0.0 0.0 0
1500 True 0.01953125 0.002315521240234375 0
1600 True 0.01953125 0.0027315616607666016 0
1700 True 0.01953125 0.0022225379943847656 0
1800 True 0.01953125 0.002867460250854492 0
1900 True 0.01953125 0.0024077892303466797 0
2000 True 0.01953125 0.0023818016052246094 0
2100 True 0.01953125 0.0026197433471679688 0
2200 True 0.01953125 0.0024292469024658203 0
2300 False 0.0 0.0 0
2400 True 0.01953125 0.0023651123046875 0
2500 False 0.0 0.0 0
2600 True 0.01953125 0.002471446990966797 0
2700 True 0.01953125 0.002336263656616211 0
2800 True 0.01953125 0.0023522377014160156 0
2900 False 0.0 0.0 0
3000 True 0.01953125 0.0024116039276123047 0
3100 True 0.01953125 0.0022783279418945312 0
3200 True 0.01953125 0.0026946067810058594 0
3300 True 0.01953125 0.0022678375244140625 0
3400 False 0.0 0.0 0
3500 True 0.01953125 0.0022704601287841797 0
3600 False 0.0 0.0 0
3700 True 0.01953125 0.002285480499267578 0
3800 True 0.01953125 0.0023260116577148438 0
3900 False 0.0 0.0 0
4000 False 0.0 0.0 0
4100 True 0.01953125 0.002347707748413086 0
4200 True 0.01953125 0.0023441314697265625 0
4300 True 0.01953125 0.002307891845703125 0
4400 True 0.01953125 0.0022728443145751953 0
4500 True 0.01953125 0.0025420188903808594 0
4600 True 0.01953125 0.00214385986328125 0
4700 True 0.01953125 0.0021753311157226562 0
4800 True 0.01953125 0.0025603771209716797 0
4900 True 0.01953125 0.002233743667602539 0
5000 True 0.01953125 0.0022504329681396484 0
5100 True 0.01953125 0.0023076534271240234 0
5200 True 0.01953125 0.002208709716796875 0
5300 True 0.01953125 0.002183198928833008 0
5400 True 0.01953125 0.00328826904296875 0
5500 True 0.01953125 0.002318143844604492 0
5600 True 0.01953125 0.0027201175689697266 0
5700 False 0.0 0.0 0
5800 True 0.01953125 0.002638578414916992 0
5900 False 0.0 0.0 0
6000 True 0.01953125 0.0023076534271240234 0
6100 True 0.01953125 0.002378702163696289 0
6200 True 0.01953125 0.002355813980102539 0
6300 True 0.01953125 0.0022525787353515625 0
6400 True 0.01953125 0.0027086734771728516 0
6500 True 0.01953125 0.0022439956665039062 0
6600 True 0.01953125 0.0022666454315185547 0
6700 True 0.01953125 0.0026671886444091797 0
6800 True 0.01953125 0.0025386810302734375 0
6900 True 0.01953125 0.0031003952026367188 0
7000 False 0.0 0.0 0
7100 False 0.0 0.0 0
7200 True 0.01953125 0.00228118896484375 0
7300 False 0.0 0.0 0
7400 True 0.01953125 0.0023086071014404297 0
7500 True 0.01953125 0.002394437789916992 0
7600 False 0.0 0.0 0
7700 True 0.01953125 0.002431631088256836 0
7800 True 0.01953125 0.002295970916748047 0
7900 True 0.01953125 0.0023856163024902344 0
8000 True 0.01953125 0.0024919509887695312 0
8100 True 0.01953125 0.0024445056915283203 0
8200 False 0.0 0.0 0
8300 False 0.0 0.0 0
8400 True 0.01953125 0.0024309158325195312 0
8500 True 0.01953125 0.0024290084838867188 0
8600 True 0.01953125 0.002291440963745117 0
8700 True 0.01953125 0.002833843231201172 0
8800 True 0.01953125 0.0024209022521972656 0
8900 True 0.01953125 0.0022859573364257812 0
9000 True 0.01953125 0.0023927688598632812 0
9100 True 0.01953125 0.0024003982543945312 0
9200 True 0.01953125 0.0022742748260498047 0
9300 False 0.0 0.0 0
9400 True 0.01953125 0.002314329147338867 0
9500 True 0.01953125 0.0023360252380371094 0
9600 True 0.01953125 0.002393484115600586 0
9700 True 0.01953125 0.0021474361419677734 0
9800 True 0.01953125 0.0021572113037109375 0
9900 True 0.01953125 0.0022284984588623047 0
