0 True 0.01953125 0.004601716995239258 0
100 False 0.0 0.0 0
200 False 0.0 0.0 0
300 True 0.01953125 0.002858400344848633 0
400 True 0.01953125 0.0033872127532958984 0
500 False 0.0 0.0 0
600 True 0.01953125 0.0028989315032958984 0
700 True 0.01953125 0.0033631324768066406 0
800 True 0.01953125 0.0028553009033203125 0
900 False 0.0 0.0 0
1000 True 0.01953125 0.003401517868041992 0
1100 False 0.0 0.0 0
1200 True 0.01953125 0.002872943878173828 0
1300 True 0.01953125 0.002794981002807617 0
1400 True 0.01953125 0.0028123855590820312 0
1500 False 0.0 0.0 0
1600 False 0.0 0.0 0
1700 False 0.0 0.0 0
1800 False 0.0 0.0 0
1900 True 0.01953125 0.0033075809478759766 0
2000 True 0.01953125 0.0027408599853515625 0
2100 False 0.0 0.0 0
2200 True 0.01953125 0.003371715545654297 0
2300 False 0.0 0.0 0
2400 True 0.01953125 0.003344297409057617 0
2500 False 0.0 0.0 0
2600 True 0.01953125 0.003047943115234375 0
2700 True 0.01953125 0.002824544906616211 0
2800 True 0.01953125 0.0027854442596435547 0
2900 False 0.0 0.0 0
3000 True 0.01953125 0.0037505626678466797 0
3100 True 0.01953125 0.002699136734008789 0
3200 False 0.0 0.0 0
3300 True 0.01953125 0.004201412200927734 0
3400 False 0.0 0.0 0
3500 False 0.0 0.0 0
3600 False 0.0 0.0 0
3700 True 0.01953125 0.0036246776580810547 0
3800 True 0.01953125 0.002788066864013672 0
3900 False 0.0 0.0 0
4000 False 0.0 0.0 0
4100 True 0.01953125 0.0030879974365234375 0
4200 True 0.01953125 0.0026967525482177734 0
4300 True 0.01953125 0.0028781890869140625 0
4400 False 0.0 0.0 0
4500 True 0.01953125 0.0027582645416259766 0
4600 False 0.0 0.0 0
4700 True 0.01953125 0.0027005672454833984 0
4800 True 0.01953125 0.002862215042114258 0
4900 False 0.0 0.0 0
5000 True 0.01953125 0.0031173229217529297 0
5100 True 0.01953125 0.0028569698333740234 0
5200 True 0.01953125 0.0027837753295898438 0
5300 False 0.0 0.0 0
5400 True 0.01953125 0.002800464630126953 0
5500 False 0.0 0.0 0
5600 True 0.01953125 0.0027837753295898438 0
5700 True 0.01953125 0.0036606788635253906 0
5800 False 0.0 0.0 0
5900 True 0.01953125 0.0028047561645507812 0
6000 False 0.0 0.0 0
6100 True 0.01953125 0.0029528141021728516 0
6200 True 0.01953125 0.0036056041717529297 0
6300 True 0.01953125 0.0027379989624023438 0
6400 True 0.01953125 0.002698659896850586 0
6500 False 0.0 0.0 0
6600 True 0.01953125 0.002722501754760742 0
6700 True 0.01953125 0.0030641555786132812 0
6800 False 0.0 0.0 0
6900 True 0.01953125 0.0030133724212646484 0
7000 False 0.0 0.0 0
7100 False 0.0 0.0 0
7200 True 0.01953125 0.0028715133666992188 0
7300 False 0.0 0.0 0
7400 True 0.01953125 0.0028076171875 0
7500 True 0.01953125 0.0029304027557373047 0
7600 False 0.0 0.0 0
7700 True 0.01953125 0.002791881561279297 0
7800 True 0.01953125 0.00295257568359375 0
7900 False 0.0 0.0 0
8000 True 0.01953125 0.0028028488159179688 0
8100 True 0.01953125 0.002743244171142578 0
8200 False 0.0 0.0 0
8300 False 0.0 0.0 0
8400 True 0.01953125 0.0030853748321533203 0
8500 True 0.01953125 0.002723217010498047 0
8600 True 0.01953125 0.0028951168060302734 0
8700 True 0.01953125 0.003344297409057617 0
8800 True 0.01953125 0.0033745765686035156 0
8900 False 0.0 0.0 0
9000 True 0.01953125 0.002842426300048828 0
9100 False 0.0 0.0 0
9200 True 0.01953125 0.002790689468383789 0
9300 True 0.01953125 0.0027289390563964844 0
9400 True 0.01953125 0.0029473304748535156 0
9500 False 0.0 0.0 0
9600 True 0.01953125 0.002866506576538086 0
9700 True 0.01953125 0.0028922557830810547 0
9800 True 0.01953125 0.002924203872680664 0
9900 True 0.01953125 0.00264739990234375 0
