0 False 0 0.0 0
100 False 0 0.0 0
200 True 1 0.0013108253479003906 0
300 True 1 0.0010042190551757812 0
400 False 0 0.0 0
500 False 0 0.0 0
600 False 0 0.0 0
700 False 0 0.0 0
800 True 1 0.001209259033203125 0
900 False 0 0.0 0
1000 True 1 0.001050710678100586 0
1100 False 0 0.0 0
1200 False 0 0.0 0
1300 False 0 0.0 0
1400 True 1 0.0011107921600341797 0
1500 True 1 0.001035928726196289 0
1600 False 0 0.0 0
1700 False 0 0.0 0
1800 False 0 0.0 0
1900 True 1 0.0010042190551757812 0
2000 False 0 0.0 0
2100 False 0 0.0 0
2200 True 1 0.0010991096496582031 0
2300 False 0 0.0 0
2400 True 1 0.0010647773742675781 0
2500 True 1 0.00102996826171875 0
2600 True 1 0.0010275840759277344 0
2700 False 0 0.0 0
2800 False 0 0.0 0
2900 False 0 0.0 0
3000 True 1 0.0010538101196289062 0
3100 True 1 0.0010154247283935547 0
3200 False 0 0.0 0
3300 False 0 0.0 0
3400 False 0 0.0 0
3500 True 1 0.0009930133819580078 0
3600 False 0 0.0 0
3700 False 0 0.0 0
3800 False 0 0.0 0
3900 False 0 0.0 0
4000 False 0 0.0 0
4100 True 1 0.0010008811950683594 0
4200 True 1 0.00102996826171875 0
4300 True 1 0.0009908676147460938 0
4400 False 0 0.0 0
4500 False 0 0.0 0
4600 False 0 0.0 0
4700 True 1 0.0009925365447998047 0
4800 False 0 0.0 0
4900 True 1 0.0009746551513671875 0
5000 False 0 0.0 0
5100 False 0 0.0 0
5200 False 0 0.0 0
5300 False 0 0.0 0
5400 True 1 0.0010721683502197266 0
5500 False 0 0.0 0
5600 False 0 0.0 0
5700 False 0 0.0 0
5800 False 0 0.0 0
5900 False 0 0.0 0
6000 True 1 0.0010061264038085938 0
6100 True 1 0.0010039806365966797 0
6200 False 0 0.0 0
6300 False 0 0.0 0
6400 False 0 0.0 0
6500 False 0 0.0 0
6600 True 1 0.0010929107666015625 0
6700 True 1 0.0010349750518798828 0
6800 True 1 0.0009691715240478516 0
6900 False 0 0.0 0
7000 False 0 0.0 0
7100 False 0 0.0 0
7200 False 0 0.0 0
7300 False 0 0.0 0
7400 True 1 0.0009984970092773438 0
7500 False 0 0.0 0
7600 False 0 0.0 0
7700 True 1 0.0014622211456298828 0
7800 True 1 0.001027822494506836 0
7900 False 0 0.0 0
8000 False 0 0.0 0
8100 False 0 0.0 0
8200 False 0 0.0 0
8300 False 0 0.0 0
8400 False 0 0.0 0
8500 True 1 0.0009839534759521484 0
8600 False 0 0.0 0
8700 False 0 0.0 0
8800 True 1 0.0012180805206298828 0
8900 False 0 0.0 0
9000 False 0 0.0 0
9100 False 0 0.0 0
9200 True 1 0.0010211467742919922 0
9300 True 1 0.0010838508605957031 0
9400 False 0 0.0 0
9500 False 0 0.0 0
9600 True 1 0.0009872913360595703 0
9700 True 1 0.0009877681732177734 0
9800 True 1 0.0010025501251220703 0
9900 False 0 0.0 0
