0 False 0.0 0.0 0
100 False 0.0 0.0 0
200 False 0.0 0.0 0
300 True 0.01953125 0.002612590789794922 0
400 True 0.01953125 0.0021512508392333984 0
500 False 0.0 0.0 0
600 True 0.01953125 0.0022249221801757812 0
700 True 0.01953125 0.0021860599517822266 0
800 True 0.01953125 0.002361297607421875 0
900 False 0.0 0.0 0
1000 True 0.01953125 0.002551555633544922 0
1100 False 0.0 0.0 0
1200 False 0.0 0.0 0
1300 False 0.0 0.0 0
1400 True 0.01953125 0.002271413803100586 0
1500 False 0.0 0.0 0
1600 False 0.0 0.0 0
1700 False 0.0 0.0 0
1800 False 0.0 0.0 0
1900 True 0.01953125 0.002232789993286133 0
2000 False 0.0 0.0 0
2100 False 0.0 0.0 0
2200 True 0.01953125 0.002312183380126953 0
2300 False 0.0 0.0 0
2400 True 0.01953125 0.002877950668334961 0
2500 False 0.0 0.0 0
2600 True 0.01953125 0.002290010452270508 0
2700 False 0.0 0.0 0
2800 False 0.0 0.0 0
2900 False 0.0 0.0 0
3000 True 0.01953125 0.002286195755004883 0
3100 True 0.01953125 0.0023589134216308594 0
3200 False 0.0 0.0 0
3300 False 0.0 0.0 0
3400 True 0.01953125 0.0022401809692382812 0
3500 False 0.0 0.0 0
3600 False 0.0 0.0 0
3700 False 0.0 0.0 0
3800 False 0.0 0.0 0
3900 False 0.0 0.0 0
4000 False 0.0 0.0 0
4100 True 0.01953125 0.0023114681243896484 0
4200 False 0.0 0.0 0
4300 True 0.01953125 0.002695322036743164 0
4400 True 0.01953125 0.002269744873046875 0
4500 True 0.01953125 0.0022268295288085938 0
4600 False 0.0 0.0 0
4700 True 0.01953125 0.0028333663940429688 0
4800 True 0.01953125 0.0028412342071533203 0
4900 True 0.01953125 0.002777099609375 0
5000 False 0.0 0.0 0
5100 False 0.0 0.0 0
5200 False 0.0 0.0 0
5300 True 0.01953125 0.002134084701538086 0
5400 False 0.0 0.0 0
5500 False 0.0 0.0 0
5600 False 0.0 0.0 0
5700 False 0.0 0.0 0
5800 False 0.0 0.0 0
5900 False 0.0 0.0 0
6000 True 0.01953125 0.0023326873779296875 0
6100 False 0.0 0.0 0
6200 False 0.0 0.0 0
6300 False 0.0 0.0 0
6400 False 0.0 0.0 0
6500 True 0.01953125 0.0023529529571533203 0
6600 True 0.01953125 0.002240896224975586 0
6700 True 0.01953125 0.0023877620697021484 0
6800 True 0.01953125 0.002317190170288086 0
6900 False 0.0 0.0 0
7000 False 0.0 0.0 0
7100 True 0.01953125 0.0024051666259765625 0
7200 False 0.0 0.0 0
7300 False 0.0 0.0 0
7400 False 0.0 0.0 0
7500 False 0.0 0.0 0
7600 False 0.0 0.0 0
7700 True 0.01953125 0.002117156982421875 0
7800 True 0.01953125 0.0022735595703125 0
7900 False 0.0 0.0 0
8000 True 0.01953125 0.002441883087158203 0
8100 True 0.01953125 0.002290964126586914 0
8200 False 0.0 0.0 0
8300 False 0.0 0.0 0
8400 False 0.0 0.0 0
8500 False 0.0 0.0 0
8600 False 0.0 0.0 0
8700 False 0.0 0.0 0
8800 True 0.01953125 0.0024781227111816406 0
8900 False 0.0 0.0 0
9000 False 0.0 0.0 0
9100 False 0.0 0.0 0
9200 True 0.01953125 0.002945423126220703 0
9300 False 0.0 0.0 0
9400 True 0.01953125 0.0022804737091064453 0
9500 True 0.01953125 0.002254486083984375 0
9600 True 0.01953125 0.0022101402282714844 0
9700 True 0.01953125 0.002260446548461914 0
9800 False 0.0 0.0 0
9900 True 0.01953125 0.0023865699768066406 0
