0 True 0.01953125 0.002658843994140625 0
100 False 0.0 0.0 0
200 True 0.01953125 0.0021860599517822266 0
300 True 0.01953125 0.0021619796752929688 0
400 True 0.01953125 0.0021088123321533203 0
500 False 0.0 0.0 0
600 True 0.01953125 0.0021996498107910156 0
700 True 0.01953125 0.0023148059844970703 0
800 True 0.01953125 0.0021479129791259766 0
900 False 0.0 0.0 0
1000 True 0.01953125 0.002261638641357422 0
1100 False 0.0 0.0 0
1200 True 0.01953125 0.002237081527709961 0
1300 True 0.01953125 0.0020461082458496094 0
1400 False 0.0 0.0 0
1500 True 0.01953125 0.0020732879638671875 0
1600 False 0.0 0.0 0
1700 False 0.0 0.0 0
1800 False 0.0 0.0 0
1900 True 0.01953125 0.0022156238555908203 0
2000 False 0.0 0.0 0
2100 False 0.0 0.0 0
2200 True 0.01953125 0.0022275447845458984 0
2300 True 0.01953125 0.002199411392211914 0
2400 True 0.01953125 0.0021724700927734375 0
2500 False 0.0 0.0 0
2600 True 0.01953125 0.002043008804321289 0
2700 False 0.0 0.0 0
2800 False 0.0 0.0 0
2900 False 0.0 0.0 0
3000 True 0.01953125 0.0022344589233398438 0
3100 True 0.01953125 0.0022118091583251953 0
3200 False 0.0 0.0 0
3300 False 0.0 0.0 0
3400 False 0.0 0.0 0
3500 True 0.01953125 0.002072572708129883 0
3600 False 0.0 0.0 0
3700 False 0.0 0.0 0
3800 True 0.01953125 0.0028755664825439453 0
3900 False 0.0 0.0 0
4000 False 0.0 0.0 0
4100 True 0.01953125 0.0025358200073242188 0
4200 False 0.0 0.0 0
4300 True 0.01953125 0.0025289058685302734 0
4400 False 0.0 0.0 0
4500 True 0.01953125 0.0020360946655273438 0
4600 False 0.0 0.0 0
4700 False 0.0 0.0 0
4800 True 0.01953125 0.002251148223876953 0
4900 False 0.0 0.0 0
5000 True 0.01953125 0.0021533966064453125 0
5100 True 0.01953125 0.002202749252319336 0
5200 False 0.0 0.0 0
5300 False 0.0 0.0 0
5400 True 0.01953125 0.0021703243255615234 0
5500 False 0.0 0.0 0
5600 False 0.0 0.0 0
5700 True 0.01953125 0.002350330352783203 0
5800 False 0.0 0.0 0
5900 False 0.0 0.0 0
6000 False 0.0 0.0 0
6100 True 0.01953125 0.002105712890625 0
6200 False 0.0 0.0 0
6300 False 0.0 0.0 0
6400 False 0.0 0.0 0
6500 False 0.0 0.0 0
6600 True 0.01953125 0.0020914077758789062 0
6700 True 0.01953125 0.002195596694946289 0
6800 True 0.01953125 0.0021932125091552734 0
6900 True 0.01953125 0.002059459686279297 0
7000 False 0.0 0.0 0
7100 True 0.01953125 0.0020875930786132812 0
7200 False 0.0 0.0 0
7300 False 0.0 0.0 0
7400 False 0.0 0.0 0
7500 False 0.0 0.0 0
7600 False 0.0 0.0 0
7700 True 0.01953125 0.0026204586029052734 0
7800 True 0.01953125 0.002220630645751953 0
7900 False 0.0 0.0 0
8000 True 0.01953125 0.002227306365966797 0
8100 False 0.0 0.0 0
8200 False 0.0 0.0 0
8300 False 0.0 0.0 0
8400 False 0.0 0.0 0
8500 False 0.0 0.0 0
8600 False 0.0 0.0 0
8700 True 0.01953125 0.002871990203857422 0
8800 True 0.01953125 0.003208160400390625 0
8900 False 0.0 0.0 0
9000 True 0.01953125 0.002407073974609375 0
9100 False 0.0 0.0 0
9200 True 0.01953125 0.002197742462158203 0
9300 False 0.0 0.0 0
9400 True 0.01953125 0.0022733211517333984 0
9500 True 0.01953125 0.002094268798828125 0
9600 True 0.01953125 0.002727508544921875 0
9700 True 0.01953125 0.0022308826446533203 0
9800 True 0.01953125 0.0021185874938964844 0
9900 False 0.0 0.0 0
