0 True 0.01953125 0.0022385120391845703 0
100 False 0.0 0.0 0
200 False 0.0 0.0 0
300 True 0.01953125 0.001958608627319336 0
400 True 0.01953125 0.002044200897216797 0
500 False 0.0 0.0 0
600 True 0.01953125 0.0021393299102783203 0
700 True 0.01953125 0.0021669864654541016 0
800 True 0.01953125 0.0018482208251953125 0
900 False 0.0 0.0 0
1000 True 0.01953125 0.0020275115966796875 0
1100 False 0.0 0.0 0
1200 True 0.01953125 0.001829385757446289 0
1300 False 0.0 0.0 0
1400 False 0.0 0.0 0
1500 True 0.01953125 0.0018961429595947266 0
1600 False 0.0 0.0 0
1700 False 0.0 0.0 0
1800 False 0.0 0.0 0
1900 True 0.01953125 0.001985788345336914 0
2000 False 0.0 0.0 0
2100 False 0.0 0.0 0
2200 False 0.0 0.0 0
2300 True 0.01953125 0.0025129318237304688 0
2400 True 0.01953125 0.0019533634185791016 0
2500 True 0.01953125 0.002180337905883789 0
2600 True 0.01953125 0.0018763542175292969 0
2700 True 0.01953125 0.0018110275268554688 0
2800 False 0.0 0.0 0
2900 False 0.0 0.0 0
3000 True 0.01953125 0.001950979232788086 0
3100 True 0.01953125 0.001970052719116211 0
3200 False 0.0 0.0 0
3300 False 0.0 0.0 0
3400 False 0.0 0.0 0
3500 True 0.01953125 0.0019338130950927734 0
3600 False 0.0 0.0 0
3700 True 0.01953125 0.0018699169158935547 0
3800 True 0.01953125 0.0017924308776855469 0
3900 False 0.0 0.0 0
4000 False 0.0 0.0 0
4100 True 0.01953125 0.0018496513366699219 0
4200 True 0.01953125 0.0017998218536376953 0
4300 True 0.01953125 0.001953601837158203 0
4400 False 0.0 0.0 0
4500 True 0.01953125 0.0018982887268066406 0
4600 False 0.0 0.0 0
4700 True 0.01953125 0.0018749237060546875 0
4800 True 0.01953125 0.0019850730895996094 0
4900 True 0.01953125 0.0022482872009277344 0
5000 True 0.01953125 0.0018503665924072266 0
5100 True 0.01953125 0.0023391246795654297 0
5200 True 0.01953125 0.0019829273223876953 0
5300 True 0.01953125 0.001994609832763672 0
5400 True 0.01953125 0.0024368762969970703 0
5500 True 0.01953125 0.001882791519165039 0
5600 True 0.01953125 0.002340078353881836 0
5700 True 0.01953125 0.0027313232421875 0
5800 False 0.0 0.0 0
5900 False 0.0 0.0 0
6000 True 0.01953125 0.00185394287109375 0
6100 True 0.01953125 0.001987457275390625 0
6200 False 0.0 0.0 0
6300 False 0.0 0.0 0
6400 False 0.0 0.0 0
6500 False 0.0 0.0 0
6600 True 0.01953125 0.002383708953857422 0
6700 True 0.01953125 0.0018930435180664062 0
6800 True 0.01953125 0.002024412155151367 0
6900 False 0.0 0.0 0
7000 False 0.0 0.0 0
7100 False 0.0 0.0 0
7200 False 0.0 0.0 0
7300 True 0.01953125 0.0019025802612304688 0
7400 True 0.01953125 0.0023529529571533203 0
7500 True 0.01953125 0.0019245147705078125 0
7600 False 0.0 0.0 0
7700 False 0.0 0.0 0
7800 True 0.01953125 0.001867532730102539 0
7900 False 0.0 0.0 0
8000 True 0.01953125 0.0019316673278808594 0
8100 False 0.0 0.0 0
8200 False 0.0 0.0 0
8300 False 0.0 0.0 0
8400 False 0.0 0.0 0
8500 True 0.01953125 0.002508878707885742 0
8600 False 0.0 0.0 0
8700 True 0.01953125 0.0020492076873779297 0
8800 True 0.01953125 0.0018503665924072266 0
8900 False 0.0 0.0 0
9000 True 0.01953125 0.0020294189453125 0
9100 False 0.0 0.0 0
9200 True 0.01953125 0.001863718032836914 0
9300 False 0.0 0.0 0
9400 False 0.0 0.0 0
9500 True 0.01953125 0.0018420219421386719 0
9600 True 0.01953125 0.0035483837127685547 0
9700 True 0.01953125 0.0018923282623291016 0
9800 True 0.01953125 0.0020139217376708984 0
9900 False 0.0 0.0 0
