0 True 1 0.03687644004821777 0
100 True 0 0.02347874641418457 0
200 True 1 0.024982690811157227 0
300 False 0 0.0 0
400 True 0 0.023149728775024414 0
500 True 1 0.023508071899414062 0
600 True 1 0.026602506637573242 0
700 True 1 0.018566131591796875 0
800 True 0 0.026615381240844727 0
900 True 0 0.02408313751220703 0
1000 True 0 0.0360870361328125 0
1100 True 1 0.028803586959838867 0
1200 False 0 0.0 0
1300 True 0 0.021602869033813477 0
1400 True 1 0.03224945068359375 0
1500 False 0 0.0 0
1600 True 0 0.02215719223022461 0
1700 True 0 0.01857757568359375 0
1800 False 0 0.0 0
1900 True 0 0.020914316177368164 0
2000 True 0 0.02815413475036621 0
2100 True 1 0.02681875228881836 0
2200 True 0 0.017819881439208984 0
2300 True 0 0.03214621543884277 0
2400 True 0 0.023894548416137695 0
2500 True 0 0.0223233699798584 0
2600 True 1 0.038359642028808594 0
2700 True 0 0.028830766677856445 0
2800 True 0 0.0370481014251709 0
2900 True 0 0.02211761474609375 0
3000 True 0 0.0307919979095459 0
3100 True 0 0.024015426635742188 0
3200 True 1 0.0398256778717041 0
3300 True 0 0.022953510284423828 0
3400 True 1 0.04522514343261719 0
3500 True 1 0.021452665328979492 0
3600 True 0 0.021599531173706055 0
3700 True 1 0.023822784423828125 0
3800 True 0 0.026226043701171875 0
3900 True 1 0.020328760147094727 0
4000 False 0 0.0 0
4100 True 1 0.019293785095214844 0
4200 True 1 0.028690099716186523 0
4300 False 0 0.0 0
4400 True 0 0.029000520706176758 0
4500 False 0 0.0 0
4600 True 1 0.024266958236694336 0
4700 True 1 0.03980660438537598 0
4800 True 1 0.03136849403381348 0
4900 True 0 0.027769088745117188 0
5000 True 1 0.019998788833618164 0
5100 True 0 0.038726806640625 0
5200 True 0 0.027060270309448242 0
5300 True 1 0.03579092025756836 0
5400 True 1 0.02429342269897461 0
5500 True 1 0.022165298461914062 0
5600 True 0 0.03883957862854004 0
5700 True 1 0.020980119705200195 0
5800 True 0 0.038033246994018555 0
5900 True 1 0.023192405700683594 0
6000 True 0 0.05193138122558594 0
6100 True 1 0.021479368209838867 0
6200 True 0 0.03481340408325195 0
6300 True 1 0.02235555648803711 0
6400 True 0 0.019081830978393555 0
6500 True 1 0.023981094360351562 0
6600 True 0 0.028839826583862305 0
6700 True 0 0.02102351188659668 0
6800 True 0 0.024517059326171875 0
6900 True 0 0.03017449378967285 0
7000 True 1 0.01780843734741211 0
7100 True 1 0.022703170776367188 0
7200 True 0 0.03393983840942383 0
7300 True 1 0.029062747955322266 0
7400 True 0 0.023751497268676758 0
7500 True 0 0.02815842628479004 0
7600 True 1 0.017981529235839844 0
7700 True 0 0.038724422454833984 0
7800 False 0 0.0 0
7900 True 0 0.0239412784576416 0
8000 True 1 0.018683433532714844 0
8100 True 1 0.020194292068481445 0
8200 True 1 0.025604963302612305 0
8300 True 1 0.03176522254943848 0
8400 True 1 0.023140668869018555 0
8500 True 1 0.024639129638671875 0
8600 True 1 0.019658565521240234 0
8700 True 1 0.04703044891357422 0
8800 True 1 0.02027130126953125 0
8900 True 1 0.04211878776550293 0
9000 True 1 0.026967287063598633 0
9100 True 1 0.0235903263092041 0
9200 True 1 0.016257524490356445 0
9300 True 1 0.029883623123168945 0
9400 True 0 0.023788928985595703 0
9500 True 1 0.022435903549194336 0
9600 True 0 0.02178478240966797 0
9700 True 0 0.014460086822509766 0
9800 True 0 0.018006324768066406 0
9900 True 0 0.0346379280090332 0
