0 True 0.1328125 0.19343328475952148 0
100 True 0.0625 0.14419150352478027 0
200 True 0.1171875 0.14629650115966797 0
300 False 0.0 0.0 0
400 True 0.078125 0.15349245071411133 0
500 True 0.140625 0.1413264274597168 0
600 True 0.09375 0.15494036674499512 0
700 True 0.1015625 0.11568069458007812 0
800 True 0.015625 0.18993926048278809 0
900 True 0.0390625 0.12426066398620605 0
1000 True 0.09375 0.22889494895935059 0
1100 True 0.1484375 0.19658756256103516 0
1200 False 0.0 0.0 0
1300 True 0.078125 0.14046716690063477 0
1400 True 0.1328125 0.1814882755279541 0
1500 False 0.0 0.0 0
1600 True 0.0625 0.16828536987304688 0
1700 True 0.09375 0.11957240104675293 0
1800 False 0.0 0.0 0
1900 True 0.0859375 0.10622501373291016 0
2000 True 0.078125 0.20538854598999023 0
2100 True 0.1171875 0.16801881790161133 0
2200 True 0.0390625 0.10304141044616699 0
2300 True 0.015625 0.13954758644104004 0
2400 True 0.0546875 0.16290283203125 0
2500 True 0.0078125 0.1303260326385498 0
2600 True 0.1171875 0.23266005516052246 0
2700 True 0.0859375 0.17403459548950195 0
2800 True 0.0859375 0.20869064331054688 0
2900 True 0.0625 0.13730502128601074 0
3000 True 0.0703125 0.1947011947631836 0
3100 True 0.0703125 0.1522970199584961 0
3200 True 0.140625 0.1989002227783203 0
3300 True 0.0859375 0.13285374641418457 0
3400 True 0.1328125 0.20043039321899414 0
3500 True 0.125 0.12524676322937012 0
3600 True 0.0859375 0.11860513687133789 0
3700 True 0.1171875 0.1425034999847412 0
3800 True 0.0625 0.15190982818603516 0
3900 True 0.125 0.13732385635375977 0
4000 False 0.0 0.0 0
4100 True 0.1015625 0.12706232070922852 0
4200 True 0.109375 0.1864604949951172 0
4300 False 0.0 0.0 0
4400 True 0.0703125 0.17520737648010254 0
4500 False 0.0 0.0 0
4600 True 0.15625 0.1432039737701416 0
4700 True 0.1015625 0.224198579788208 0
4800 True 0.1484375 0.18287062644958496 0
4900 True 0.0859375 0.19608592987060547 0
5000 True 0.109375 0.12125635147094727 0
5100 True 0.0078125 0.285982608795166 0
5200 True 0.078125 0.1628861427307129 0
5300 True 0.125 0.19904470443725586 0
5400 True 0.1328125 0.14149212837219238 0
5500 True 0.125 0.14834237098693848 0
5600 True 0.0 0.2653319835662842 0
5700 True 0.109375 0.13151788711547852 0
5800 True 0.0859375 0.22414565086364746 0
5900 True 0.109375 0.13747620582580566 0
6000 True 0.0234375 0.23023319244384766 0
6100 True 0.140625 0.12976479530334473 0
6200 True 0.09375 0.22976899147033691 0
6300 True 0.1171875 0.12984538078308105 0
6400 True 0.0078125 0.11632943153381348 0
6500 True 0.1328125 0.13481426239013672 0
6600 True 0.0625 0.16755080223083496 0
6700 True 0.0625 0.12469244003295898 0
6800 True 0.0703125 0.12037515640258789 0
6900 True 0.0859375 0.16300463676452637 0
7000 True 0.1015625 0.11164093017578125 0
7100 True 0.1171875 0.11049461364746094 0
7200 True 0.09375 0.1988232135772705 0
7300 True 0.1328125 0.17476511001586914 0
7400 True 0.078125 0.13950061798095703 0
7500 True 0.0703125 0.18532371520996094 0
7600 True 0.1171875 0.10741758346557617 0
7700 True 0.078125 0.23990416526794434 0
7800 False 0.0 0.0 0
7900 True 0.09375 0.12272024154663086 0
8000 True 0.1484375 0.11340141296386719 0
8100 True 0.1015625 0.14247727394104004 0
8200 True 0.1328125 0.13415312767028809 0
8300 True 0.125 0.19953680038452148 0
8400 True 0.1328125 0.14202165603637695 0
8500 True 0.15625 0.13572168350219727 0
8600 True 0.1171875 0.13860011100769043 0
8700 True 0.140625 0.2296144962310791 0
8800 True 0.1875 0.12532639503479004 0
8900 True 0.140625 0.24282217025756836 0
9000 True 0.125 0.1511063575744629 0
9100 True 0.1328125 0.13747167587280273 0
9200 True 0.1015625 0.12486028671264648 0
9300 True 0.109375 0.14854049682617188 0
9400 True 0.0625 0.15618371963500977 0
9500 True 0.1171875 0.12846112251281738 0
9600 True 0.09375 0.1383066177368164 0
9700 True 0.0 0.10503125190734863 0
9800 True 0.0234375 0.13124489784240723 0
9900 True 0.078125 0.23207306861877441 0
