0 True 0.171875 0.1986093521118164 0
100 True 0.0546875 0.17479372024536133 0
200 True 0.0703125 0.13837194442749023 0
300 False 0.0 0.0 0
400 False 0.0 0.0 0
500 True 0.1640625 0.12311267852783203 0
600 True 0.125 0.16559100151062012 0
700 True 0.15625 0.10708117485046387 0
800 False 0.0 0.0 0
900 True 0.1015625 0.1038661003112793 0
1000 True 0.0390625 0.24253320693969727 0
1100 True 0.203125 0.1659553050994873 0
1200 False 0.0 0.0 0
1300 True 0.0703125 0.14789319038391113 0
1400 True 0.15625 0.21081328392028809 0
1500 False 0.0 0.0 0
1600 True 0.1328125 0.1255958080291748 0
1700 True 0.125 0.1153252124786377 0
1800 True 0.0 0.18599534034729004 0
1900 True 0.1328125 0.11936426162719727 0
2000 True 0.0859375 0.17452502250671387 0
2100 False 0.0 0.0 0
2200 False 0.0 0.0 0
2300 True 0.0 0.17214250564575195 0
2400 False 0.0 0.0 0
2500 False 0.0 0.0 0
2600 True 0.046875 0.190779447555542 0
2700 True 0.1328125 0.17137885093688965 0
2800 False 0.0 0.0 0
2900 True 0.03125 0.15401339530944824 0
3000 True 0.1015625 0.2024838924407959 0
3100 False 0.0 0.0 0
3200 True 0.15625 0.2358255386352539 0
3300 True 0.046875 0.11503767967224121 0
3400 True 0.1875 0.1712028980255127 0
3500 True 0.203125 0.1443190574645996 0
3600 False 0.0 0.0 0
3700 True 0.171875 0.15167546272277832 0
3800 True 0.046875 0.15769648551940918 0
3900 True 0.203125 0.13869619369506836 0
4000 False 0.0 0.0 0
4100 True 0.0546875 0.11279439926147461 0
4200 True 0.171875 0.16814041137695312 0
4300 False 0.0 0.0 0
4400 True 0.1015625 0.14073634147644043 0
4500 False 0.0 0.0 0
4600 True 0.140625 0.12726974487304688 0
4700 True 0.125 0.19883322715759277 0
4800 True 0.1953125 0.21684622764587402 0
4900 False 0.0 0.0 0
5000 True 0.125 0.11930465698242188 0
5100 False 0.0 0.0 0
5200 True 0.078125 0.16620898246765137 0
5300 True 0.046875 0.19392776489257812 0
5400 True 0.046875 0.18259525299072266 0
5500 True 0.171875 0.14345645904541016 0
5600 True 0.1015625 0.1975548267364502 0
5700 True 0.1328125 0.11842846870422363 0
5800 True 0.1171875 0.21713709831237793 0
5900 True 0.1875 0.16154241561889648 0
6000 False 0.0 0.0 0
6100 True 0.203125 0.1501293182373047 0
6200 True 0.0859375 0.24467945098876953 0
6300 True 0.1953125 0.12505602836608887 0
6400 True 0.078125 0.11242985725402832 0
6500 True 0.078125 0.1881852149963379 0
6600 True 0.0234375 0.17078304290771484 0
6700 False 0.0 0.0 0
6800 False 0.0 0.0 0
6900 True 0.0703125 0.16475582122802734 0
7000 True 0.1796875 0.12432456016540527 0
7100 False 0.0 0.0 0
7200 True 0.078125 0.19937539100646973 0
7300 True 0.1953125 0.17060375213623047 0
7400 True 0.0 0.16064667701721191 0
7500 False 0.0 0.0 0
7600 True 0.1953125 0.1048743724822998 0
7700 True 0.0625 0.25069308280944824 0
7800 False 0.0 0.0 0
7900 True 0.1484375 0.15705490112304688 0
8000 True 0.078125 0.1320362091064453 0
8100 True 0.203125 0.1259007453918457 0
8200 True 0.1484375 0.1352543830871582 0
8300 True 0.078125 0.20315837860107422 0
8400 True 0.1875 0.1393733024597168 0
8500 True 0.203125 0.13949918746948242 0
8600 True 0.2109375 0.11605596542358398 0
8700 True 0.1484375 0.21461725234985352 0
8800 True 0.2109375 0.1186220645904541 0
8900 True 0.1953125 0.22719478607177734 0
9000 True 0.203125 0.18618559837341309 0
9100 True 0.0546875 0.13643765449523926 0
9200 True 0.1640625 0.10126543045043945 0
9300 True 0.1171875 0.1410064697265625 0
9400 True 0.015625 0.14422845840454102 0
9500 True 0.0546875 0.12970924377441406 0
9600 True 0.078125 0.13223743438720703 0
9700 False 0.0 0.0 0
9800 True 0.0859375 0.10621237754821777 0
9900 False 0.0 0.0 0
