0 True 0 0.04804253578186035 0
100 True 0 0.024394512176513672 0
200 True 0 0.020181655883789062 0
300 False 0 0.0 0
400 False 0 0.0 0
500 True 0 0.02075791358947754 0
600 True 0 0.02846074104309082 0
700 True 0 0.0187380313873291 0
800 False 0 0.0 0
900 True 0 0.017555713653564453 0
1000 True 0 0.0399625301361084 0
1100 True 0 0.03496837615966797 0
1200 False 0 0.0 0
1300 True 0 0.02139568328857422 0
1400 True 0 0.025536537170410156 0
1500 False 0 0.0 0
1600 True 0 0.020179033279418945 0
1700 True 0 0.02039647102355957 0
1800 True 0 0.026317119598388672 0
1900 True 0 0.019704580307006836 0
2000 True 0 0.02581930160522461 0
2100 False 0 0.0 0
2200 False 0 0.0 0
2300 True 0 0.018202781677246094 0
2400 False 0 0.0 0
2500 False 0 0.0 0
2600 True 0 0.026928186416625977 0
2700 True 0 0.02782893180847168 0
2800 False 0 0.0 0
2900 True 0 0.020029306411743164 0
3000 True 0 0.026688098907470703 0
3100 False 0 0.0 0
3200 True 0 0.03158903121948242 0
3300 True 0 0.018925189971923828 0
3400 True 0 0.02809906005859375 0
3500 True 0 0.021652698516845703 0
3600 False 0 0.0 0
3700 True 0 0.023319721221923828 0
3800 True 0 0.025077104568481445 0
3900 True 0 0.018160104751586914 0
4000 False 0 0.0 0
4100 True 0 0.019629478454589844 0
4200 True 0 0.02573561668395996 0
4300 False 0 0.0 0
4400 True 0 0.0253753662109375 0
4500 False 0 0.0 0
4600 True 0 0.02071356773376465 0
4700 True 0 0.02875661849975586 0
4800 True 0 0.02794194221496582 0
4900 False 0 0.0 0
5000 True 0 0.01907825469970703 0
5100 False 0 0.0 0
5200 True 0 0.022418498992919922 0
5300 True 0 0.0284268856048584 0
5400 True 0 0.025922775268554688 0
5500 True 0 0.022353410720825195 0
5600 True 0 0.027996301651000977 0
5700 True 0 0.018657922744750977 0
5800 True 0 0.04302692413330078 0
5900 True 0 0.028972148895263672 0
6000 False 0 0.0 0
6100 True 0 0.021494150161743164 0
6200 True 0 0.03304409980773926 0
6300 True 0 0.02158212661743164 0
6400 True 0 0.018153667449951172 0
6500 True 0 0.02403092384338379 0
6600 True 0 0.02583169937133789 0
6700 False 0 0.0 0
6800 False 0 0.0 0
6900 True 0 0.02474665641784668 0
7000 True 0 0.021390914916992188 0
7100 False 0 0.0 0
7200 True 0 0.029087543487548828 0
7300 True 0 0.0252683162689209 0
7400 True 0 0.021770954132080078 0
7500 False 0 0.0 0
7600 True 0 0.01758551597595215 0
7700 True 0 0.03668999671936035 0
7800 False 0 0.0 0
7900 True 0 0.01809525489807129 0
8000 True 0 0.019455909729003906 0
8100 True 0 0.019095897674560547 0
8200 True 0 0.0213315486907959 0
8300 True 0 0.030298233032226562 0
8400 True 0 0.021476268768310547 0
8500 True 0 0.020717859268188477 0
8600 True 0 0.01888132095336914 0
8700 True 0 0.03283834457397461 0
8800 True 0 0.019392967224121094 0
8900 True 0 0.034969329833984375 0
9000 True 0 0.02659749984741211 0
9100 True 0 0.020156145095825195 0
9200 True 0 0.017366647720336914 0
9300 True 0 0.020840883255004883 0
9400 True 0 0.022936105728149414 0
9500 True 0 0.018569469451904297 0
9600 True 0 0.023944854736328125 0
9700 False 0 0.0 0
9800 True 0 0.018189430236816406 0
9900 False 0 0.0 0
