0 True 0.140625 0.20722532272338867 0
100 True 0.1171875 0.11582064628601074 0
200 False 0.0 0.0 0
300 False 0.0 0.0 0
400 True 0.0703125 0.08381938934326172 0
500 True 0.1953125 0.09568285942077637 0
600 True 0.1796875 0.15578222274780273 0
700 True 0.078125 0.09113144874572754 0
800 True 0.15625 0.10370373725891113 0
900 True 0.046875 0.10056352615356445 0
1000 True 0.0546875 0.15450215339660645 0
1100 True 0.15625 0.1300208568572998 0
1200 False 0.0 0.0 0
1300 True 0.1328125 0.085357666015625 0
1400 True 0.1640625 0.11471986770629883 0
1500 False 0.0 0.0 0
1600 False 0.0 0.0 0
1700 True 0.1171875 0.08214282989501953 0
1800 True 0.046875 0.12233400344848633 0
1900 True 0.0625 0.1117544174194336 0
2000 True 0.125 0.11492490768432617 0
2100 True 0.1171875 0.11426949501037598 0
2200 True 0.0390625 0.08093047142028809 0
2300 False 0.0 0.0 0
2400 True 0.0703125 0.13727188110351562 0
2500 True 0.09375 0.08294415473937988 0
2600 True 0.171875 0.12554621696472168 0
2700 True 0.109375 0.11132073402404785 0
2800 True 0.1171875 0.1352522373199463 0
2900 True 0.0 0.11730003356933594 0
3000 True 0.1328125 0.1200869083404541 0
3100 True 0.1015625 0.10466146469116211 0
3200 True 0.203125 0.12398505210876465 0
3300 True 0.125 0.10847640037536621 0
3400 True 0.1484375 0.1273643970489502 0
3500 True 0.1796875 0.09771275520324707 0
3600 False 0.0 0.0 0
3700 True 0.1640625 0.10827827453613281 0
3800 True 0.03125 0.10906839370727539 0
3900 True 0.1171875 0.08672833442687988 0
4000 True 0.109375 0.17583870887756348 0
4100 True 0.140625 0.10054516792297363 0
4200 True 0.125 0.13379502296447754 0
4300 True 0.0390625 0.1179506778717041 0
4400 True 0.0546875 0.14223742485046387 0
4500 True 0.03125 0.14551877975463867 0
4600 True 0.15625 0.11619043350219727 0
4700 True 0.171875 0.1383671760559082 0
4800 True 0.15625 0.12246918678283691 0
4900 True 0.0546875 0.14208030700683594 0
5000 True 0.1015625 0.1172332763671875 0
5100 False 0.0 0.0 0
5200 True 0.1328125 0.10649609565734863 0
5300 True 0.1015625 0.1432509422302246 0
5400 True 0.109375 0.11697173118591309 0
5500 True 0.171875 0.10457324981689453 0
5600 False 0.0 0.0 0
5700 True 0.1328125 0.10242557525634766 0
5800 True 0.1484375 0.13016605377197266 0
5900 True 0.046875 0.10107541084289551 0
6000 True 0.0078125 0.16155529022216797 0
6100 True 0.1796875 0.12284684181213379 0
6200 True 0.203125 0.14267396926879883 0
6300 True 0.1484375 0.09099340438842773 0
6400 True 0.1015625 0.07329273223876953 0
6500 True 0.125 0.12083172798156738 0
6600 True 0.09375 0.14221906661987305 0
6700 True 0.03125 0.1217195987701416 0
6800 True 0.0546875 0.08849596977233887 0
6900 True 0.1171875 0.12612128257751465 0
7000 True 0.140625 0.09246110916137695 0
7100 True 0.109375 0.08699440956115723 0
7200 False 0.0 0.0 0
7300 True 0.1328125 0.12668776512145996 0
7400 True 0.09375 0.1053316593170166 0
7500 True 0.1640625 0.18642282485961914 0
7600 True 0.109375 0.10263347625732422 0
7700 True 0.1484375 0.17509746551513672 0
7800 False 0.0 0.0 0
7900 True 0.0625 0.10180830955505371 0
8000 True 0.1640625 0.09154438972473145 0
8100 True 0.1171875 0.08082079887390137 0
8200 True 0.1875 0.1061716079711914 0
8300 True 0.1796875 0.1360793113708496 0
8400 True 0.140625 0.1271674633026123 0
8500 True 0.171875 0.12451434135437012 0
8600 True 0.1640625 0.10187149047851562 0
8700 True 0.1484375 0.15841078758239746 0
8800 True 0.15625 0.08605194091796875 0
8900 True 0.1484375 0.1725916862487793 0
9000 True 0.171875 0.1242825984954834 0
9100 True 0.15625 0.09929299354553223 0
9200 True 0.1171875 0.08901810646057129 0
9300 True 0.1328125 0.11387753486633301 0
9400 True 0.1015625 0.12468433380126953 0
9500 True 0.1484375 0.08806824684143066 0
9600 False 0.0 0.0 0
9700 True 0.078125 0.08531904220581055 0
9800 True 0.1015625 0.07378172874450684 0
9900 True 0.1640625 0.13013124465942383 0
