0 True 1 0.04217076301574707 0
100 True 1 0.0379023551940918 0
200 True 1 0.02340984344482422 0
300 False 0 0.0 0
400 True 1 0.024494171142578125 0
500 True 1 0.023293733596801758 0
600 True 1 0.030251502990722656 0
700 True 1 0.018743276596069336 0
800 True 0 0.038578033447265625 0
900 True 0 0.024657011032104492 0
1000 True 0 0.04084324836730957 0
1100 True 1 0.035909175872802734 0
1200 False 0 0.0 0
1300 True 1 0.025334835052490234 0
1400 True 1 0.03534054756164551 0
1500 False 0 0.0 0
1600 True 1 0.022206783294677734 0
1700 True 1 0.01692676544189453 0
1800 False 0 0.0 0
1900 True 0 0.035178184509277344 0
2000 True 1 0.03304004669189453 0
2100 True 1 0.027760744094848633 0
2200 True 1 0.019702911376953125 0
2300 True 1 0.02593541145324707 0
2400 True 1 0.028171300888061523 0
2500 True 0 0.023090362548828125 0
2600 True 1 0.038906097412109375 0
2700 True 1 0.03529810905456543 0
2800 True 1 0.04184842109680176 0
2900 True 1 0.0218503475189209 0
3000 True 1 0.03571724891662598 0
3100 True 0 0.03138113021850586 0
3200 True 1 0.045903921127319336 0
3300 True 1 0.02153301239013672 0
3400 True 1 0.03596019744873047 0
3500 True 1 0.02384781837463379 0
3600 True 1 0.021867752075195312 0
3700 True 1 0.028140544891357422 0
3800 True 1 0.030879974365234375 0
3900 True 1 0.018829345703125 0
4000 False 0 0.0 0
4100 True 1 0.022576093673706055 0
4200 True 1 0.03730416297912598 0
4300 False 0 0.0 0
4400 True 0 0.03326129913330078 0
4500 False 0 0.0 0
4600 True 1 0.03095698356628418 0
4700 True 1 0.04633760452270508 0
4800 True 1 0.03794693946838379 0
4900 True 1 0.03398871421813965 0
5000 True 1 0.02324080467224121 0
5100 True 0 0.045314788818359375 0
5200 True 1 0.028603553771972656 0
5300 True 1 0.0387423038482666 0
5400 True 1 0.025097131729125977 0
5500 True 1 0.026522159576416016 0
5600 False 0 0.0 0
5700 True 1 0.02747511863708496 0
5800 True 1 0.04836678504943848 0
5900 True 1 0.02222132682800293 0
6000 True 1 0.04873967170715332 0
6100 True 1 0.022087574005126953 0
6200 True 1 0.04585981369018555 0
6300 True 1 0.025588035583496094 0
6400 False 0 0.0 0
6500 True 1 0.028022289276123047 0
6600 True 1 0.028337478637695312 0
6700 True 0 0.029181241989135742 0
6800 True 1 0.01641559600830078 0
6900 True 1 0.031162261962890625 0
7000 True 1 0.01677703857421875 0
7100 True 1 0.030349016189575195 0
7200 True 1 0.037621259689331055 0
7300 True 1 0.03552985191345215 0
7400 True 1 0.019440412521362305 0
7500 True 1 0.03269529342651367 0
7600 True 1 0.018799543380737305 0
7700 True 1 0.05147981643676758 0
7800 False 0 0.0 0
7900 True 0 0.022863149642944336 0
8000 True 1 0.02301168441772461 0
8100 True 1 0.017885684967041016 0
8200 True 1 0.02516794204711914 0
8300 True 1 0.03589320182800293 0
8400 True 1 0.023536205291748047 0
8500 True 1 0.025881052017211914 0
8600 True 1 0.019058704376220703 0
8700 True 1 0.057144880294799805 0
8800 True 1 0.019658327102661133 0
8900 True 1 0.050978899002075195 0
9000 True 1 0.03322625160217285 0
9100 True 1 0.025540590286254883 0
9200 True 1 0.017668724060058594 0
9300 True 1 0.03522849082946777 0
9400 True 1 0.02805614471435547 0
9500 True 1 0.019386768341064453 0
9600 True 1 0.023931264877319336 0
9700 False 0 0.0 0
9800 True 1 0.016718626022338867 0
9900 True 1 0.038424015045166016 0
