0 True 0.0703125 1.6277263164520264 0
100 True 0.046875 1.3594727516174316 0
200 True 0.0703125 1.4624788761138916 0
300 True 0.0234375 1.3270504474639893 0
400 True 0.0625 1.139883279800415 0
500 True 0.1015625 1.3207082748413086 0
600 True 0.0625 1.484344244003296 0
700 True 0.0625 1.235440969467163 0
800 True 0.0546875 1.501295566558838 0
900 True 0.03125 1.254197359085083 0
1000 True 0.046875 1.7993097305297852 0
1100 True 0.09375 1.5629234313964844 0
1200 True 0.0078125 1.4684655666351318 0
1300 True 0.0546875 1.3322808742523193 0
1400 True 0.078125 1.5606229305267334 0
1500 False 0.0 0.0 0
1600 True 0.03125 1.335988998413086 0
1700 True 0.0625 1.22357177734375 0
1800 True 0.0546875 1.3622620105743408 0
1900 True 0.0703125 1.2325434684753418 0
2000 True 0.0546875 1.4758405685424805 0
2100 True 0.0703125 1.4400620460510254 0
2200 True 0.015625 1.1618232727050781 0
2300 True 0.0703125 1.265594244003296 0
2400 True 0.0390625 1.3405232429504395 0
2500 True 0.046875 1.2047228813171387 0
2600 True 0.0859375 1.6050736904144287 0
2700 True 0.0546875 1.6233937740325928 0
2800 True 0.0546875 1.6772229671478271 0
2900 True 0.0546875 1.237483024597168 0
3000 True 0.0546875 1.4663922786712646 0
3100 True 0.0390625 1.461857557296753 0
3200 True 0.09375 1.5735487937927246 0
3300 True 0.0625 1.2837097644805908 0
3400 True 0.078125 1.567955732345581 0
3500 True 0.09375 1.39760160446167 0
3600 True 0.0703125 1.2667794227600098 0
3700 True 0.0859375 1.4740557670593262 0
3800 True 0.046875 1.4570987224578857 0
3900 True 0.0703125 1.3175151348114014 0
4000 True 0.0234375 1.9231154918670654 0
4100 True 0.078125 1.1721742153167725 0
4200 True 0.0703125 1.5429604053497314 0
4300 False 0.0 0.0 0
4400 True 0.0390625 1.4404802322387695 0
4500 False 0.0 0.0 0
4600 True 0.0859375 1.3184950351715088 0
4700 True 0.0703125 1.7935984134674072 0
4800 True 0.078125 1.6318233013153076 0
4900 True 0.046875 1.5516245365142822 0
5000 True 0.0703125 1.2716562747955322 0
5100 True 0.0546875 1.7967984676361084 0
5200 True 0.0625 1.4540174007415771 0
5300 True 0.0703125 1.641780138015747 0
5400 True 0.0703125 1.4992070198059082 0
5500 True 0.0859375 1.5590996742248535 0
5600 True 0.0 1.7508211135864258 0
5700 True 0.078125 1.482006549835205 0
5800 True 0.0546875 1.9071898460388184 0
5900 True 0.078125 1.448333740234375 0
6000 True 0.0390625 1.8483643531799316 0
6100 True 0.09375 1.5522594451904297 0
6200 True 0.078125 2.0640532970428467 0
6300 True 0.078125 1.6881184577941895 0
6400 True 0.015625 1.3227849006652832 0
6500 True 0.078125 1.5573170185089111 0
6600 True 0.046875 1.7216334342956543 0
6700 True 0.0546875 1.396045207977295 0
6800 True 0.0625 1.352254867553711 0
6900 True 0.0625 1.7098724842071533 0
7000 True 0.0625 1.2893085479736328 0
7100 True 0.0703125 1.450333833694458 0
7200 True 0.046875 1.723327398300171 0
7300 True 0.078125 1.8168768882751465 0
7400 True 0.0703125 1.4248533248901367 0
7500 True 0.0625 1.7667272090911865 0
7600 True 0.0703125 1.269582748413086 0
7700 True 0.0546875 2.1869454383850098 0
7800 True 0.03125 1.3214936256408691 0
7900 True 0.0625 1.3600449562072754 0
8000 True 0.0859375 1.2428038120269775 0
8100 True 0.0859375 1.369307041168213 0
8200 True 0.0703125 1.549729585647583 0
8300 True 0.0859375 1.794783353805542 0
8400 True 0.078125 1.44425630569458 0
8500 True 0.1015625 1.4657208919525146 0
8600 True 0.078125 1.3833940029144287 0
8700 True 0.0703125 1.8277225494384766 0
8800 True 0.1171875 1.2732758522033691 0
8900 True 0.078125 2.1406309604644775 0
9000 True 0.078125 1.661012887954712 0
9100 True 0.0859375 1.4966135025024414 0
9200 True 0.078125 1.3293838500976562 0
9300 True 0.078125 1.4612834453582764 0
9400 True 0.0625 1.5536677837371826 0
9500 True 0.0625 1.5854885578155518 0
9600 True 0.0703125 1.493359088897705 0
9700 True 0.0390625 1.2323338985443115 0
9800 True 0.0546875 1.0996413230895996 0
9900 True 0.0546875 1.8412256240844727 0
