0 True 0 0.34828805923461914 0
100 True 0 0.27721071243286133 0
200 True 0 0.29518866539001465 0
300 False 0 0.0 0
400 True 0 0.27085280418395996 0
500 True 0 0.2614476680755615 0
600 True 0 0.27353549003601074 0
700 True 0 0.2503538131713867 0
800 False 0 0.0 0
900 True 0 0.2557220458984375 0
1000 True 0 0.3382275104522705 0
1100 True 0 0.34448838233947754 0
1200 False 0 0.0 0
1300 True 0 0.24069905281066895 0
1400 True 0 0.2974283695220947 0
1500 False 0 0.0 0
1600 True 0 0.22756171226501465 0
1700 True 0 0.24777626991271973 0
1800 True 0 0.29872846603393555 0
1900 True 0 0.2634463310241699 0
2000 True 0 0.28441715240478516 0
2100 True 0 0.2672920227050781 0
2200 True 0 0.23726963996887207 0
2300 True 0 0.2242426872253418 0
2400 False 0 0.0 0
2500 False 0 0.0 0
2600 True 0 0.3086724281311035 0
2700 True 0 0.3373403549194336 0
2800 True 0 0.3187835216522217 0
2900 True 0 0.23768401145935059 0
3000 True 0 0.3015451431274414 0
3100 True 0 0.2606825828552246 0
3200 True 0 0.3248159885406494 0
3300 True 0 0.23419880867004395 0
3400 True 0 0.2799077033996582 0
3500 True 0 0.2658956050872803 0
3600 True 0 0.24996066093444824 0
3700 True 0 0.2910587787628174 0
3800 True 0 0.3050057888031006 0
3900 True 0 0.2565796375274658 0
4000 False 0 0.0 0
4100 True 0 0.23859333992004395 0
4200 True 0 0.29543089866638184 0
4300 False 0 0.0 0
4400 True 0 0.29460763931274414 0
4500 False 0 0.0 0
4600 True 0 0.2720932960510254 0
4700 True 0 0.3603975772857666 0
4800 True 0 0.26717638969421387 0
4900 True 0 0.283266544342041 0
5000 True 0 0.25670409202575684 0
5100 False 0 0.0 0
5200 True 0 0.26837706565856934 0
5300 True 0 0.35367918014526367 0
5400 True 0 0.3243904113769531 0
5500 True 0 0.26266050338745117 0
5600 True 0 0.34198617935180664 0
5700 True 0 0.2874159812927246 0
5800 True 0 0.3251349925994873 0
5900 True 0 0.3065948486328125 0
6000 True 0 0.3429872989654541 0
6100 True 0 0.28092408180236816 0
6200 True 0 0.3707706928253174 0
6300 True 0 0.2633054256439209 0
6400 True 0 0.24176669120788574 0
6500 True 0 0.3108360767364502 0
6600 True 0 0.24543070793151855 0
6700 True 0 0.27326464653015137 0
6800 True 0 0.23488545417785645 0
6900 True 0 0.29052066802978516 0
7000 True 0 0.28081703186035156 0
7100 True 0 0.28232884407043457 0
7200 True 0 0.3191945552825928 0
7300 True 0 0.3176000118255615 0
7400 True 0 0.26203203201293945 0
7500 True 0 0.31621336936950684 0
7600 True 0 0.2523374557495117 0
7700 True 0 0.322406530380249 0
7800 False 0 0.0 0
7900 True 0 0.29457831382751465 0
8000 True 0 0.2665548324584961 0
8100 True 0 0.27391576766967773 0
8200 True 0 0.2751600742340088 0
8300 True 0 0.34859538078308105 0
8400 True 0 0.23757648468017578 0
8500 True 0 0.30393552780151367 0
8600 True 0 0.27553820610046387 0
8700 True 0 0.340228796005249 0
8800 True 0 0.2539355754852295 0
8900 True 0 0.3474733829498291 0
9000 True 0 0.27284741401672363 0
9100 True 0 0.3104119300842285 0
9200 True 0 0.2659575939178467 0
9300 True 0 0.27863478660583496 0
9400 True 0 0.30738353729248047 0
9500 True 0 0.2584264278411865 0
9600 True 0 0.3204176425933838 0
9700 False 0 0.0 0
9800 True 0 0.2534914016723633 0
9900 True 0 0.3085763454437256 0
