0 True 0 0.2760193347930908 0
100 True 0 0.2324390411376953 0
200 True 0 0.2559361457824707 0
300 True 0 0.21248602867126465 0
400 True 0 0.18447566032409668 0
500 True 1 0.21315360069274902 0
600 True 0 0.22945785522460938 0
700 True 0 0.2035512924194336 0
800 True 0 0.24897980690002441 0
900 True 0 0.2147519588470459 0
1000 True 0 0.2779357433319092 0
1100 True 0 0.25363993644714355 0
1200 True 0 0.24184322357177734 0
1300 True 0 0.25493931770324707 0
1400 True 0 0.26137351989746094 0
1500 False 0 0.0 0
1600 True 0 0.21257734298706055 0
1700 True 0 0.18314790725708008 0
1800 True 0 0.21412897109985352 0
1900 True 0 0.19829106330871582 0
2000 True 0 0.23204445838928223 0
2100 True 0 0.22638154029846191 0
2200 True 0 0.22223782539367676 0
2300 True 0 0.20546245574951172 0
2400 True 0 0.2105998992919922 0
2500 True 0 0.2139430046081543 0
2600 True 0 0.2552917003631592 0
2700 True 0 0.2432544231414795 0
2800 True 0 0.27164530754089355 0
2900 True 0 0.2050464153289795 0
3000 True 0 0.24322104454040527 0
3100 True 0 0.22319984436035156 0
3200 True 0 0.272977352142334 0
3300 True 0 0.2300417423248291 0
3400 True 0 0.274106502532959 0
3500 True 0 0.24489831924438477 0
3600 True 0 0.2164473533630371 0
3700 True 0 0.2244737148284912 0
3800 True 0 0.25641632080078125 0
3900 True 0 0.21428537368774414 0
4000 True 0 0.27993226051330566 0
4100 True 0 0.20874667167663574 0
4200 True 0 0.2516469955444336 0
4300 False 0 0.0 0
4400 True 0 0.22188448905944824 0
4500 False 0 0.0 0
4600 True 0 0.21357369422912598 0
4700 True 0 0.30134153366088867 0
4800 True 0 0.25920629501342773 0
4900 True 0 0.2341296672821045 0
5000 True 0 0.19782686233520508 0
5100 True 0 0.2714507579803467 0
5200 True 0 0.23352909088134766 0
5300 True 0 0.256335973739624 0
5400 True 0 0.2243647575378418 0
5500 True 0 0.21711349487304688 0
5600 True 0 0.2589080333709717 0
5700 True 0 0.21208572387695312 0
5800 True 0 0.2557544708251953 0
5900 True 0 0.2339475154876709 0
6000 True 0 0.2790091037750244 0
6100 True 1 0.22327613830566406 0
6200 True 0 0.31412506103515625 0
6300 True 0 0.2388155460357666 0
6400 True 0 0.22761011123657227 0
6500 True 0 0.21668028831481934 0
6600 True 0 0.2517578601837158 0
6700 True 0 0.22354912757873535 0
6800 True 0 0.2090010643005371 0
6900 True 0 0.24596428871154785 0
7000 True 0 0.18781709671020508 0
7100 True 0 0.21248579025268555 0
7200 True 0 0.25742340087890625 0
7300 True 0 0.26212286949157715 0
7400 True 0 0.22154712677001953 0
7500 True 0 0.25475311279296875 0
7600 True 0 0.21427440643310547 0
7700 True 0 0.31918883323669434 0
7800 True 0 0.1865248680114746 0
7900 True 0 0.20975279808044434 0
8000 True 0 0.18029522895812988 0
8100 True 0 0.2394111156463623 0
8200 True 0 0.23154211044311523 0
8300 True 0 0.287642240524292 0
8400 True 0 0.23901915550231934 0
8500 True 1 0.2262592315673828 0
8600 True 0 0.20616912841796875 0
8700 True 0 0.2837061882019043 0
8800 True 1 0.2249763011932373 0
8900 True 0 0.29912447929382324 0
9000 True 0 0.2313370704650879 0
9100 True 0 0.21710658073425293 0
9200 True 0 0.1964702606201172 0
9300 True 0 0.20868253707885742 0
9400 True 0 0.23117685317993164 0
9500 True 0 0.24688100814819336 0
9600 True 0 0.2265465259552002 0
9700 True 0 0.20060253143310547 0
9800 True 0 0.1929335594177246 0
9900 True 0 0.2827413082122803 0
