0 True 1 0.1918957233428955 0
100 True 0 0.12018871307373047 0
200 True 0 0.13781237602233887 0
300 False 0 0.0 0
400 True 0 0.11437439918518066 0
500 True 0 0.17859911918640137 0
600 True 0 0.1742691993713379 0
700 False 0 0.0 0
800 True 0 0.15643930435180664 0
900 True 0 0.12868046760559082 0
1000 False 0 0.0 0
1100 True 0 0.14344120025634766 0
1200 False 0 0.0 0
1300 True 0 0.11948561668395996 0
1400 True 0 0.157623291015625 0
1500 False 0 0.0 0
1600 False 0 0.0 0
1700 True 1 0.11374568939208984 0
1800 False 0 0.0 0
1900 False 0 0.0 0
2000 True 0 0.12839293479919434 0
2100 True 1 0.14603090286254883 0
2200 True 0 0.1380469799041748 0
2300 False 0 0.0 0
2400 False 0 0.0 0
2500 False 0 0.0 0
2600 True 0 0.14793848991394043 0
2700 True 1 0.13889026641845703 0
2800 False 0 0.0 0
2900 False 0 0.0 0
3000 True 0 0.1295642852783203 0
3100 True 0 0.1431126594543457 0
3200 True 0 0.18091368675231934 0
3300 True 0 0.1270136833190918 0
3400 True 1 0.14073610305786133 0
3500 True 1 0.1104586124420166 0
3600 False 0 0.0 0
3700 True 1 0.1321871280670166 0
3800 True 0 0.1423954963684082 0
3900 True 0 0.13810348510742188 0
4000 False 0 0.0 0
4100 False 0 0.0 0
4200 True 1 0.18439650535583496 0
4300 False 0 0.0 0
4400 True 0 0.14966130256652832 0
4500 True 0 0.17356562614440918 0
4600 True 0 0.1555626392364502 0
4700 True 0 0.1534438133239746 0
4800 True 1 0.17586064338684082 0
4900 True 0 0.139298677444458 0
5000 True 0 0.13840436935424805 0
5100 True 0 0.19901704788208008 0
5200 True 0 0.13569164276123047 0
5300 True 0 0.18050670623779297 0
5400 False 0 0.0 0
5500 True 1 0.12736272811889648 0
5600 True 0 0.18596363067626953 0
5700 True 0 0.14449119567871094 0
5800 True 0 0.1644458770751953 0
5900 True 1 0.15781736373901367 0
6000 True 1 0.22149157524108887 0
6100 True 1 0.1575484275817871 0
6200 True 1 0.1793689727783203 0
6300 True 1 0.12035727500915527 0
6400 False 0 0.0 0
6500 True 0 0.13392424583435059 0
6600 False 0 0.0 0
6700 True 0 0.17724823951721191 0
6800 True 0 0.14661622047424316 0
6900 True 0 0.14342379570007324 0
7000 True 0 0.12724828720092773 0
7100 False 0 0.0 0
7200 True 0 0.14891266822814941 0
7300 True 1 0.17592573165893555 0
7400 True 1 0.13611865043640137 0
7500 True 0 0.2117290496826172 0
7600 True 1 0.14996623992919922 0
7700 True 0 0.16907978057861328 0
7800 False 0 0.0 0
7900 False 0 0.0 0
8000 True 0 0.1335468292236328 0
8100 True 1 0.11186408996582031 0
8200 True 1 0.173112154006958 0
8300 False 0 0.0 0
8400 True 1 0.1709287166595459 0
8500 True 1 0.1708991527557373 0
8600 True 1 0.13246607780456543 0
8700 True 1 0.20970654487609863 0
8800 True 1 0.1252765655517578 0
8900 True 1 0.23704147338867188 0
9000 True 0 0.17859506607055664 0
9100 True 0 0.17231273651123047 0
9200 True 0 0.13622570037841797 0
9300 True 1 0.12387871742248535 0
9400 True 0 0.14467453956604004 0
9500 True 0 0.1279919147491455 0
9600 True 0 0.14898967742919922 0
9700 True 0 0.1534874439239502 0
9800 True 0 0.15333318710327148 0
9900 True 0 0.17764973640441895 0
