0 True 0.3125 1.0068550109863281 0
100 True 0.109375 0.8675553798675537 0
200 True 0.21875 0.8882095813751221 0
300 False 0.0 0.0 0
400 True 0.0078125 0.8178105354309082 0
500 True 0.2265625 0.9647243022918701 0
600 True 0.1875 0.9815354347229004 0
700 False 0.0 0.0 0
800 True 0.1640625 0.9566590785980225 0
900 True 0.0234375 0.8753576278686523 0
1000 False 0.0 0.0 0
1100 True 0.1796875 0.9948081970214844 0
1200 False 0.0 0.0 0
1300 True 0.1875 0.8427801132202148 0
1400 True 0.28125 1.0437641143798828 0
1500 False 0.0 0.0 0
1600 False 0.0 0.0 0
1700 True 0.3046875 0.6942002773284912 0
1800 False 0.0 0.0 0
1900 False 0.0 0.0 0
2000 True 0.171875 0.9340708255767822 0
2100 True 0.296875 0.9269721508026123 0
2200 True 0.1484375 0.8530294895172119 0
2300 False 0.0 0.0 0
2400 False 0.0 0.0 0
2500 False 0.0 0.0 0
2600 True 0.1484375 1.0261237621307373 0
2700 True 0.3125 0.909146785736084 0
2800 False 0.0 0.0 0
2900 False 0.0 0.0 0
3000 True 0.0703125 0.9404201507568359 0
3100 True 0.21875 0.9810397624969482 0
3200 True 0.21875 1.1004917621612549 0
3300 True 0.265625 0.8485021591186523 0
3400 True 0.3125 0.9469950199127197 0
3500 True 0.3125 0.8139727115631104 0
3600 False 0.0 0.0 0
3700 True 0.328125 0.8481955528259277 0
3800 True 0.109375 0.9819619655609131 0
3900 True 0.234375 0.8249540328979492 0
4000 False 0.0 0.0 0
4100 False 0.0 0.0 0
4200 True 0.3125 0.9452633857727051 0
4300 False 0.0 0.0 0
4400 True 0.234375 0.9853527545928955 0
4500 True 0.015625 1.0921308994293213 0
4600 True 0.2109375 0.9516587257385254 0
4700 True 0.109375 1.0761675834655762 0
4800 True 0.3125 1.0170783996582031 0
4900 True 0.234375 0.8655762672424316 0
5000 True 0.2109375 0.8952443599700928 0
5100 True 0.046875 1.2340295314788818 0
5200 True 0.1953125 0.8294761180877686 0
5300 True 0.21875 1.0089409351348877 0
5400 False 0.0 0.0 0
5500 True 0.3203125 0.8084125518798828 0
5600 True 0.1015625 1.226731300354004 0
5700 True 0.2578125 0.9339556694030762 0
5800 True 0.21875 1.0921826362609863 0
5900 True 0.3359375 0.8610148429870605 0
6000 True 0.3046875 1.1851301193237305 0
6100 True 0.3125 0.8877909183502197 0
6200 True 0.3046875 1.1109261512756348 0
6300 True 0.328125 0.8550252914428711 0
6400 False 0.0 0.0 0
6500 True 0.1328125 0.9892885684967041 0
6600 False 0.0 0.0 0
6700 True 0.2421875 0.797330379486084 0
6800 True 0.1796875 0.8792545795440674 0
6900 True 0.25 0.9747848510742188 0
7000 True 0.28125 0.7926318645477295 0
7100 False 0.0 0.0 0
7200 True 0.1171875 1.0065562725067139 0
7300 True 0.3203125 1.0336079597473145 0
7400 True 0.3125 0.7865006923675537 0
7500 True 0.171875 1.0558662414550781 0
7600 True 0.3125 0.6724259853363037 0
7700 True 0.078125 1.0111243724822998 0
7800 False 0.0 0.0 0
7900 False 0.0 0.0 0
8000 True 0.2890625 0.8697719573974609 0
8100 True 0.3046875 0.8024601936340332 0
8200 True 0.3125 1.046755313873291 0
8300 False 0.0 0.0 0
8400 True 0.328125 0.8069260120391846 0
8500 True 0.3359375 0.865020751953125 0
8600 True 0.3125 0.8822376728057861 0
8700 True 0.3125 1.1906931400299072 0
8800 True 0.3359375 0.8334975242614746 0
8900 True 0.3046875 1.2324230670928955 0
9000 True 0.265625 1.0406692028045654 0
9100 True 0.1875 0.8254144191741943 0
9200 True 0.0 0.8050713539123535 0
9300 True 0.3125 0.8968935012817383 0
9400 True 0.1875 0.874657392501831 0
9500 True 0.2265625 0.7763957977294922 0
9600 True 0.15625 0.9184689521789551 0
9700 True 0.203125 0.8521645069122314 0
9800 True 0.234375 0.7802231311798096 0
9900 True 0.109375 1.1182541847229004 0
