0 True 0.125 0.9952521324157715 0
100 True 0.078125 0.9471404552459717 0
200 True 0.0546875 0.9049882888793945 0
300 True 0.0234375 0.9607617855072021 0
400 True 0.078125 0.8549418449401855 0
500 True 0.1328125 0.9487905502319336 0
600 True 0.125 1.0285816192626953 0
700 True 0.1328125 0.863196849822998 0
800 True 0.140625 0.9443116188049316 0
900 True 0.0625 0.8642053604125977 0
1000 True 0.1171875 1.2544455528259277 0
1100 True 0.109375 0.976149320602417 0
1200 True 0.03125 1.0959477424621582 0
1300 True 0.1640625 0.9076137542724609 0
1400 True 0.1328125 0.956364631652832 0
1500 False 0.0 0.0 0
1600 True 0.1015625 0.9844753742218018 0
1700 True 0.1171875 0.9185783863067627 0
1800 True 0.0625 1.0779759883880615 0
1900 True 0.0390625 0.8804659843444824 0
2000 True 0.09375 1.0100460052490234 0
2100 True 0.140625 1.113961935043335 0
2200 True 0.0703125 0.8543941974639893 0
2300 True 0.0703125 1.1122767925262451 0
2400 True 0.1015625 1.1232597827911377 0
2500 True 0.0625 0.8945736885070801 0
2600 True 0.2109375 1.0341084003448486 0
2700 True 0.1015625 1.1077632904052734 0
2800 True 0.125 0.9240999221801758 0
2900 True 0.09375 0.836824893951416 0
3000 True 0.1328125 0.9526705741882324 0
3100 True 0.0390625 1.0738561153411865 0
3200 True 0.171875 1.2180204391479492 0
3300 True 0.0859375 0.9907689094543457 0
3400 True 0.140625 0.9500641822814941 0
3500 True 0.1640625 0.9375619888305664 0
3600 True 0.1015625 0.9411087036132812 0
3700 True 0.1640625 0.8650093078613281 0
3800 True 0.09375 1.0162863731384277 0
3900 True 0.1015625 0.7635924816131592 0
4000 True 0.1015625 1.1498816013336182 0
4100 True 0.1171875 0.9755654335021973 0
4200 True 0.109375 0.9781630039215088 0
4300 True 0.0078125 1.0463764667510986 0
4400 True 0.09375 0.9734508991241455 0
4500 False 0.0 0.0 0
4600 True 0.125 0.9343123435974121 0
4700 True 0.171875 1.1180505752563477 0
4800 True 0.140625 0.9443080425262451 0
4900 True 0.109375 1.0213673114776611 0
5000 True 0.1171875 1.0037157535552979 0
5100 True 0.1171875 1.3444492816925049 0
5200 True 0.1640625 0.9269976615905762 0
5300 True 0.15625 0.9438915252685547 0
5400 True 0.140625 1.0191359519958496 0
5500 True 0.1953125 0.8206601142883301 0
5600 True 0.125 1.0933012962341309 0
5700 True 0.140625 0.9754562377929688 0
5800 True 0.1640625 1.139930009841919 0
5900 True 0.15625 0.9282033443450928 0
6000 True 0.171875 1.1092238426208496 0
6100 True 0.2109375 0.9408056735992432 0
6200 True 0.171875 1.3773343563079834 0
6300 True 0.15625 0.9583351612091064 0
6400 True 0.0859375 0.751436710357666 0
6500 True 0.1171875 1.1019997596740723 0
6600 True 0.0703125 0.9995639324188232 0
6700 True 0.15625 0.8839020729064941 0
6800 True 0.109375 0.822148323059082 0
6900 True 0.140625 1.038154125213623 0
7000 True 0.1015625 0.9262349605560303 0
7100 True 0.125 0.8439533710479736 0
7200 True 0.03125 1.0859358310699463 0
7300 True 0.15625 1.0368311405181885 0
7400 True 0.0546875 0.9351921081542969 0
7500 True 0.1171875 0.9976022243499756 0
7600 True 0.125 0.7974653244018555 0
7700 True 0.15625 1.2713737487792969 0
7800 False 0.0 0.0 0
7900 True 0.125 0.9015870094299316 0
8000 True 0.125 0.8499855995178223 0
8100 True 0.0625 0.8555846214294434 0
8200 True 0.1171875 1.0531611442565918 0
8300 True 0.15625 1.2620699405670166 0
8400 True 0.171875 0.9143307209014893 0
8500 True 0.1640625 0.9403176307678223 0
8600 True 0.1328125 0.8852972984313965 0
8700 True 0.1484375 1.334815502166748 0
8800 True 0.1171875 0.8840770721435547 0
8900 True 0.1484375 1.199427843093872 0
9000 True 0.1484375 0.962587833404541 0
9100 True 0.15625 0.9476187229156494 0
9200 True 0.1171875 0.8306303024291992 0
9300 True 0.15625 0.9252891540527344 0
9400 True 0.1171875 1.1113617420196533 0
9500 True 0.140625 0.796323299407959 0
9600 True 0.15625 1.0109138488769531 0
9700 True 0.0 0.9612116813659668 0
9800 True 0.1015625 0.7472529411315918 0
9900 True 0.09375 1.03281569480896 0
