0 True 1 0.30344605445861816 0
100 True 1 0.2381289005279541 0
200 True 1 0.23638606071472168 0
300 True 0 0.25224924087524414 0
400 True 1 0.20384001731872559 0
500 True 1 0.21762537956237793 0
600 True 1 0.22227883338928223 0
700 True 1 0.19008159637451172 0
800 True 0 0.2806227207183838 0
900 True 0 0.23662757873535156 0
1000 True 0 0.341339111328125 0
1100 True 1 0.28548336029052734 0
1200 True 0 0.2859663963317871 0
1300 True 1 0.22047996520996094 0
1400 True 1 0.29514241218566895 0
1500 False 0 0.0 0
1600 True 1 0.2613039016723633 0
1700 True 1 0.18664312362670898 0
1800 False 0 0.0 0
1900 True 1 0.1946098804473877 0
2000 True 1 0.27406787872314453 0
2100 True 1 0.2295520305633545 0
2200 True 1 0.22803568840026855 0
2300 True 1 0.26627635955810547 0
2400 True 1 0.21176600456237793 0
2500 True 1 0.21059775352478027 0
2600 True 1 0.29920196533203125 0
2700 True 1 0.3166840076446533 0
2800 True 1 0.35932111740112305 0
2900 True 1 0.21345067024230957 0
3000 True 1 0.2860245704650879 0
3100 True 1 0.2576100826263428 0
3200 True 1 0.3384685516357422 0
3300 True 1 0.22092723846435547 0
3400 True 1 0.29431939125061035 0
3500 True 1 0.22926115989685059 0
3600 True 1 0.21756410598754883 0
3700 True 1 0.22688937187194824 0
3800 True 1 0.2908146381378174 0
3900 True 1 0.21794700622558594 0
4000 False 0 0.0 0
4100 True 1 0.2294619083404541 0
4200 True 1 0.27382445335388184 0
4300 False 0 0.0 0
4400 True 1 0.23920440673828125 0
4500 False 0 0.0 0
4600 True 1 0.22758817672729492 0
4700 True 1 0.3136568069458008 0
4800 True 1 0.2701418399810791 0
4900 True 1 0.2714848518371582 0
5000 True 1 0.2275388240814209 0
5100 True 1 0.3383524417877197 0
5200 True 1 0.25730395317077637 0
5300 True 1 0.29242753982543945 0
5400 True 1 0.24895644187927246 0
5500 True 1 0.23046040534973145 0
5600 False 0 0.0 0
5700 True 1 0.2131962776184082 0
5800 True 1 0.3237175941467285 0
5900 True 1 0.20131444931030273 0
6000 True 1 0.30469679832458496 0
6100 True 1 0.2199709415435791 0
6200 True 1 0.32952070236206055 0
6300 True 1 0.20571517944335938 0
6400 True 0 0.1957862377166748 0
6500 True 1 0.24595952033996582 0
6600 True 1 0.28093600273132324 0
6700 True 1 0.21573615074157715 0
6800 True 1 0.18622493743896484 0
6900 True 1 0.23241257667541504 0
7000 True 1 0.24393796920776367 0
7100 True 1 0.2079486846923828 0
7200 True 1 0.2922964096069336 0
7300 True 1 0.2531723976135254 0
7400 True 1 0.19552183151245117 0
7500 True 1 0.28754448890686035 0
7600 True 1 0.19470882415771484 0
7700 True 1 0.33969879150390625 0
7800 False 0 0.0 0
7900 True 0 0.23882722854614258 0
8000 True 1 0.19060635566711426 0
8100 True 1 0.2476363182067871 0
8200 True 1 0.22224140167236328 0
8300 True 1 0.2842707633972168 0
8400 True 1 0.2409665584564209 0
8500 True 1 0.23270034790039062 0
8600 True 1 0.21787667274475098 0
8700 True 1 0.32495927810668945 0
8800 True 1 0.24118590354919434 0
8900 True 1 0.3481893539428711 0
9000 True 1 0.2341759204864502 0
9100 True 1 0.27132248878479004 0
9200 True 1 0.1934065818786621 0
9300 True 1 0.2277841567993164 0
9400 True 1 0.25333476066589355 0
9500 True 1 0.22282147407531738 0
9600 True 1 0.2784156799316406 0
9700 False 0 0.0 0
9800 True 1 0.17900967597961426 0
9900 True 1 0.32706689834594727 0
