0 True 0.03125 1.6373445987701416 0
100 True 0.0234375 1.4813899993896484 0
200 True 0.0546875 1.4357109069824219 0
300 True 0.0 1.4853663444519043 0
400 True 0.03125 1.2450854778289795 0
500 True 0.0625 1.4768033027648926 0
600 True 0.03125 1.38557767868042 0
700 True 0.03125 1.3289353847503662 0
800 True 0.0078125 1.7011909484863281 0
900 True 0.0078125 1.2812845706939697 0
1000 True 0.015625 1.9702630043029785 0
1100 True 0.046875 1.5950708389282227 0
1200 True 0.0078125 1.6766860485076904 0
1300 True 0.03125 1.3368446826934814 0
1400 True 0.046875 1.6066172122955322 0
1500 False 0.0 0.0 0
1600 True 0.0234375 1.4022605419158936 0
1700 True 0.03125 1.1962001323699951 0
1800 False 0.0 0.0 0
1900 True 0.03125 1.3751811981201172 0
2000 True 0.0234375 1.5647172927856445 0
2100 True 0.0390625 1.3824493885040283 0
2200 True 0.0234375 1.2454767227172852 0
2300 True 0.0234375 1.4361708164215088 0
2400 True 0.0234375 1.3755552768707275 0
2500 True 0.015625 1.3317813873291016 0
2600 True 0.046875 1.7825665473937988 0
2700 True 0.03125 1.6017274856567383 0
2800 True 0.0390625 1.7942564487457275 0
2900 True 0.0234375 1.4058196544647217 0
3000 True 0.03125 1.6701381206512451 0
3100 True 0.0234375 1.4595017433166504 0
3200 True 0.0546875 1.7546536922454834 0
3300 True 0.0390625 1.283306360244751 0
3400 True 0.0390625 1.7038846015930176 0
3500 True 0.046875 1.27532958984375 0
3600 True 0.0390625 1.4138178825378418 0
3700 True 0.0390625 1.4290320873260498 0
3800 True 0.0234375 1.5658605098724365 0
3900 True 0.0390625 1.323415756225586 0
4000 False 0.0 0.0 0
4100 True 0.0234375 1.3509418964385986 0
4200 True 0.03125 1.5788531303405762 0
4300 False 0.0 0.0 0
4400 True 0.015625 1.4645020961761475 0
4500 False 0.0 0.0 0
4600 True 0.0546875 1.4517292976379395 0
4700 True 0.0390625 1.8346381187438965 0
4800 True 0.046875 1.6546010971069336 0
4900 True 0.03125 1.6279222965240479 0
5000 True 0.03125 1.396181583404541 0
5100 True 0.015625 1.9556481838226318 0
5200 True 0.03125 1.4843840599060059 0
5300 True 0.0390625 1.7291109561920166 0
5400 True 0.046875 1.5550048351287842 0
5500 True 0.046875 1.459944725036621 0
5600 False 0.0 0.0 0
5700 True 0.0390625 1.3961634635925293 0
5800 True 0.03125 1.7083888053894043 0
5900 True 0.046875 1.3528642654418945 0
6000 True 0.0234375 1.8536670207977295 0
6100 True 0.0625 1.3178210258483887 0
6200 True 0.0390625 1.808284044265747 0
6300 True 0.03125 1.341282844543457 0
6400 True 0.0 1.22507905960083 0
6500 True 0.0546875 1.5478394031524658 0
6600 True 0.03125 1.582768440246582 0
6700 True 0.0234375 1.3886470794677734 0
6800 True 0.0390625 1.2378973960876465 0
6900 True 0.0234375 1.4889578819274902 0
7000 True 0.03125 1.3314807415008545 0
7100 True 0.03125 1.3565590381622314 0
7200 True 0.0234375 1.7836952209472656 0
7300 True 0.046875 1.5725231170654297 0
7400 True 0.046875 1.4335517883300781 0
7500 True 0.0390625 1.7235584259033203 0
7600 True 0.0390625 1.3437957763671875 0
7700 True 0.03125 1.8288192749023438 0
7800 False 0.0 0.0 0
7900 True 0.0078125 1.3812041282653809 0
8000 True 0.0703125 1.242570161819458 0
8100 True 0.03125 1.4512708187103271 0
8200 True 0.0546875 1.4270198345184326 0
8300 True 0.0546875 1.6429181098937988 0
8400 True 0.0390625 1.3438754081726074 0
8500 True 0.0625 1.3717710971832275 0
8600 True 0.0390625 1.4384448528289795 0
8700 True 0.0390625 1.9206078052520752 0
8800 True 0.0546875 1.372166395187378 0
8900 True 0.0390625 1.955777883529663 0
9000 True 0.046875 1.5694589614868164 0
9100 True 0.0546875 1.407170295715332 0
9200 True 0.046875 1.231008529663086 0
9300 True 0.046875 1.2949244976043701 0
9400 True 0.0390625 1.5198540687561035 0
9500 True 0.015625 1.429072380065918 0
9600 True 0.046875 1.4350733757019043 0
9700 False 0.0 0.0 0
9800 True 0.03125 1.1748325824737549 0
9900 True 0.03125 1.8277597427368164 0
