0 True 0.09375 9.793750524520874 0
100 True 0.078125 9.238960027694702 0
200 True 0.078125 9.231947422027588 0
300 True 0.078125 8.419188499450684 0
400 True 0.09375 8.569199562072754 0
500 True 0.109375 9.047792434692383 0
600 True 0.09375 9.725461721420288 0
700 True 0.1015625 7.958194255828857 0
800 True 0.0625 10.012601852416992 0
900 True 0.0390625 7.639638662338257 0
1000 True 0.0703125 10.837655544281006 0
1100 True 0.1015625 10.02592945098877 0
1200 True 0.0546875 9.614303588867188 0
1300 True 0.09375 8.752185106277466 0
1400 True 0.09375 10.005083560943604 0
1500 True 0.0234375 9.234114170074463 0
1600 True 0.0703125 8.955008268356323 0
1700 True 0.09375 8.438832998275757 0
1800 True 0.0859375 9.830596685409546 0
1900 True 0.0859375 8.220997095108032 0
2000 True 0.0703125 9.947602033615112 0
2100 True 0.09375 10.090785026550293 0
2200 True 0.09375 8.415085792541504 0
2300 True 0.09375 8.985670804977417 0
2400 True 0.0859375 9.683289289474487 0
2500 True 0.0859375 8.236064910888672 0
2600 True 0.09375 10.550019264221191 0
2700 True 0.0859375 9.243894338607788 0
2800 True 0.078125 11.991811275482178 0
2900 True 0.0859375 9.276814699172974 0
3000 True 0.078125 10.460331201553345 0
3100 True 0.046875 9.51646900177002 0
3200 True 0.1015625 11.58710503578186 0
3300 True 0.0859375 9.263637781143188 0
3400 True 0.1015625 9.99018669128418 0
3500 True 0.109375 9.430948734283447 0
3600 True 0.09375 8.704554080963135 0
3700 True 0.09375 9.187628269195557 0
3800 True 0.0859375 9.118769645690918 0
3900 True 0.09375 8.300469160079956 0
4000 True 0.078125 12.507433891296387 0
4100 True 0.0859375 8.767735242843628 0
4200 True 0.1015625 9.870344400405884 0
4300 True 0.0546875 9.064201593399048 0
4400 True 0.0546875 9.664406299591064 0
4500 True 0.0 9.630276679992676 0
4600 True 0.109375 9.070165395736694 0
4700 True 0.09375 11.609402656555176 0
4800 True 0.1015625 9.8228759765625 0
4900 True 0.0859375 9.550985336303711 0
5000 True 0.09375 9.098740816116333 0
5100 True 0.078125 11.40990161895752 0
5200 True 0.0859375 8.715133428573608 0
5300 True 0.09375 9.827102422714233 0
5400 True 0.09375 9.711865663528442 0
5500 True 0.1015625 9.390077590942383 0
5600 True 0.015625 9.860031843185425 0
5700 True 0.09375 8.951053857803345 0
5800 True 0.0859375 11.322924852371216 0
5900 True 0.1015625 9.064746856689453 0
6000 True 0.078125 11.733081340789795 0
6100 True 0.109375 9.398032188415527 0
6200 True 0.09375 11.945510387420654 0
6300 True 0.09375 9.389178276062012 0
6400 True 0.0703125 8.0298912525177 0
6500 True 0.1015625 10.251608610153198 0
6600 True 0.0859375 9.943953514099121 0
6700 True 0.0703125 8.998430728912354 0
6800 True 0.109375 8.82640266418457 0
6900 True 0.09375 10.336202621459961 0
7000 True 0.09375 8.006342649459839 0
7100 True 0.09375 8.798768758773804 0
7200 True 0.0703125 9.766509532928467 0
7300 True 0.09375 9.86573314666748 0
7400 True 0.09375 8.68332576751709 0
7500 True 0.09375 9.76681137084961 0
7600 True 0.1015625 8.036617040634155 0
7700 True 0.0859375 11.854627847671509 0
7800 True 0.0625 8.97080397605896 0
7900 True 0.0703125 7.823140859603882 0
8000 True 0.09375 8.90604043006897 0
8100 True 0.09375 8.221858501434326 0
8200 True 0.09375 10.255407094955444 0
8300 True 0.109375 10.823801279067993 0
8400 True 0.09375 9.453418016433716 0
8500 True 0.1171875 9.578516006469727 0
8600 True 0.1015625 8.285180568695068 0
8700 True 0.0859375 11.889475107192993 0
8800 True 0.1171875 8.831724405288696 0
8900 True 0.09375 12.104023456573486 0
9000 True 0.1015625 10.451731443405151 0
9100 True 0.1015625 9.460996866226196 0
9200 True 0.1015625 8.136905670166016 0
9300 True 0.109375 10.187514781951904 0
9400 True 0.078125 10.177727937698364 0
9500 True 0.0625 9.069746971130371 0
9600 True 0.09375 9.888725996017456 0
9700 True 0.0390625 8.053900241851807 0
9800 True 0.0859375 8.062546253204346 0
9900 True 0.0703125 10.652282953262329 0
