0 True 1 1.709892749786377 0
100 True 0 1.4858365058898926 0
200 True 0 1.4444892406463623 0
300 True 0 1.4267818927764893 0
400 True 0 1.3700225353240967 0
500 True 1 1.494171380996704 0
600 True 0 1.7022266387939453 0
700 True 1 1.2915539741516113 0
800 True 0 1.6412467956542969 0
900 True 0 1.3932318687438965 0
1000 True 0 1.729682445526123 0
1100 True 1 1.7155046463012695 0
1200 True 0 1.5952918529510498 0
1300 True 0 1.4605786800384521 0
1400 True 1 1.6970736980438232 0
1500 True 0 1.6904702186584473 0
1600 True 0 1.6007835865020752 0
1700 True 1 1.3867273330688477 0
1800 True 0 1.585254430770874 0
1900 True 0 1.3566622734069824 0
2000 True 0 1.64186429977417 0
2100 True 0 1.945483684539795 0
2200 True 0 1.491044521331787 0
2300 True 0 1.5307061672210693 0
2400 True 0 1.6850576400756836 0
2500 True 0 1.3646748065948486 0
2600 True 0 1.744333267211914 0
2700 True 0 1.6340038776397705 0
2800 True 0 2.149757146835327 0
2900 True 0 1.5488245487213135 0
3000 True 0 1.5665802955627441 0
3100 True 0 1.5124273300170898 0
3200 True 1 1.9723293781280518 0
3300 True 0 1.5566046237945557 0
3400 True 1 1.6914286613464355 0
3500 True 1 1.567544937133789 0
3600 True 1 1.4391672611236572 0
3700 True 1 1.4603872299194336 0
3800 True 0 1.5061933994293213 0
3900 True 0 1.488417148590088 0
4000 True 0 2.1924922466278076 0
4100 True 0 1.5402603149414062 0
4200 True 1 1.6769227981567383 0
4300 True 0 1.5275907516479492 0
4400 True 0 1.6738674640655518 0
4500 True 0 1.6216704845428467 0
4600 True 1 1.4990148544311523 0
4700 True 0 2.0162291526794434 0
4800 True 1 1.6635451316833496 0
4900 True 0 1.6306307315826416 0
5000 True 0 1.4994564056396484 0
5100 True 0 1.8113422393798828 0
5200 True 0 1.627626657485962 0
5300 True 0 1.6045258045196533 0
5400 True 1 1.6809253692626953 0
5500 True 1 1.5036239624023438 0
5600 True 0 1.5836994647979736 0
5700 True 0 1.5564603805541992 0
5800 True 0 1.8916785717010498 0
5900 True 1 1.5310173034667969 0
6000 True 0 2.017673969268799 0
6100 True 1 1.6187293529510498 0
6200 True 0 1.996978521347046 0
6300 True 1 1.5554139614105225 0
6400 True 0 1.341782808303833 0
6500 True 1 1.7061402797698975 0
6600 True 0 1.647392749786377 0
6700 True 0 1.5202991962432861 0
6800 True 1 1.4103174209594727 0
6900 True 0 1.6395678520202637 0
7000 True 0 1.4131944179534912 0
7100 True 0 1.5336744785308838 0
7200 True 0 1.6213197708129883 0
7300 True 0 1.687743902206421 0
7400 True 0 1.5190660953521729 0
7500 True 0 1.6559679508209229 0
7600 True 1 1.4026896953582764 0
7700 True 0 1.9325354099273682 0
7800 True 0 1.5770275592803955 0
7900 True 0 1.3003895282745361 0
8000 True 0 1.4267449378967285 0
8100 True 0 1.4978740215301514 0
8200 True 1 1.6831855773925781 0
8300 True 1 1.8717191219329834 0
8400 True 0 1.7729108333587646 0
8500 True 1 1.5467801094055176 0
8600 True 1 1.369265079498291 0
8700 True 0 1.9369239807128906 0
8800 True 1 1.4369351863861084 0
8900 True 0 1.9846901893615723 0
9000 True 1 1.7738521099090576 0
9100 True 1 1.5507025718688965 0
9200 True 1 1.3293085098266602 0
9300 True 1 1.7029261589050293 0
9400 True 0 1.633270025253296 0
9500 True 0 1.4687004089355469 0
9600 True 1 1.6153690814971924 0
9700 True 0 1.355736255645752 0
9800 True 0 1.3374462127685547 0
9900 True 0 1.764078140258789 0
