0 True 1 1.3598558902740479 0
100 True 0 1.2866380214691162 0
200 True 0 1.155548095703125 0
300 True 0 1.1656064987182617 0
400 True 0 1.1546142101287842 0
500 True 0 1.1964125633239746 0
600 True 0 1.3704257011413574 0
700 True 0 1.1213366985321045 0
800 True 0 1.2157928943634033 0
900 True 0 1.0578815937042236 0
1000 True 1 1.6060421466827393 0
1100 True 0 1.2953622341156006 0
1200 True 0 1.168238878250122 0
1300 True 1 1.243354082107544 0
1400 True 0 1.4096791744232178 0
1500 False 0 0.0 0
1600 True 0 1.3269176483154297 0
1700 True 1 1.0215051174163818 0
1800 True 0 1.4953758716583252 0
1900 True 0 1.2507305145263672 0
2000 True 0 1.3792800903320312 0
2100 True 1 1.309889316558838 0
2200 True 0 1.0685827732086182 0
2300 True 0 1.2190229892730713 0
2400 True 1 1.263916254043579 0
2500 True 0 1.1372568607330322 0
2600 True 0 1.4232988357543945 0
2700 True 1 1.431668996810913 0
2800 True 0 1.4414706230163574 0
2900 True 0 1.1800150871276855 0
3000 True 1 1.2888133525848389 0
3100 True 0 1.2912538051605225 0
3200 True 0 1.5819315910339355 0
3300 True 1 1.1430816650390625 0
3400 True 1 1.3629951477050781 0
3500 True 1 1.1548326015472412 0
3600 True 1 1.1041877269744873 0
3700 True 0 1.2893931865692139 0
3800 True 0 1.251283884048462 0
3900 True 0 1.1783246994018555 0
4000 True 0 1.5532314777374268 0
4100 True 0 1.1932291984558105 0
4200 True 1 1.359865665435791 0
4300 False 0 0.0 0
4400 True 0 1.2267391681671143 0
4500 False 0 0.0 0
4600 True 1 1.1416001319885254 0
4700 True 1 1.7272136211395264 0
4800 True 1 1.4328725337982178 0
4900 True 1 1.2902355194091797 0
5000 True 0 1.1617259979248047 0
5100 True 0 1.4808530807495117 0
5200 True 0 1.1703317165374756 0
5300 True 0 1.3575186729431152 0
5400 True 0 1.2732887268066406 0
5500 True 1 1.2085719108581543 0
5600 False 0 0.0 0
5700 True 1 1.2068417072296143 0
5800 True 1 1.7159929275512695 0
5900 True 1 1.1694483757019043 0
6000 True 0 2.010094404220581 0
6100 True 0 1.2626898288726807 0
6200 True 1 1.7434275150299072 0
6300 True 1 1.2379591464996338 0
6400 True 0 1.026564598083496 0
6500 True 1 1.2555668354034424 0
6600 True 0 1.2897789478302002 0
6700 True 0 1.1527366638183594 0
6800 True 0 1.0949006080627441 0
6900 True 0 1.277237892150879 0
7000 True 1 1.0254220962524414 0
7100 True 0 1.1317784786224365 0
7200 True 0 1.3402974605560303 0
7300 True 1 1.3994581699371338 0
7400 True 0 1.11224365234375 0
7500 True 0 1.304413080215454 0
7600 True 1 1.0418200492858887 0
7700 True 0 1.591710090637207 0
7800 True 0 1.1555719375610352 0
7900 True 0 1.1280219554901123 0
8000 True 1 1.1950643062591553 0
8100 True 1 1.0487496852874756 0
8200 True 1 1.375908374786377 0
8300 True 1 1.6199071407318115 0
8400 True 1 1.148860216140747 0
8500 True 1 1.242013692855835 0
8600 True 1 1.0423827171325684 0
8700 True 1 1.6414480209350586 0
8800 True 1 1.0778625011444092 0
8900 True 0 1.7315750122070312 0
9000 True 1 1.595294713973999 0
9100 True 1 1.1407999992370605 0
9200 True 1 1.0516011714935303 0
9300 True 1 1.4414470195770264 0
9400 True 0 1.3435819149017334 0
9500 True 0 1.1268208026885986 0
9600 True 0 1.1397778987884521 0
9700 False 0 0.0 0
9800 True 0 1.0694222450256348 0
9900 True 0 1.3528683185577393 0
