0 True 1 1.6451983451843262 0
100 True 1 1.3459951877593994 0
200 True 0 1.308561086654663 0
300 True 1 1.277374267578125 0
400 True 1 1.1082699298858643 0
500 True 1 1.2201557159423828 0
600 True 1 1.4357733726501465 0
700 True 1 1.0651676654815674 0
800 True 1 1.3460891246795654 0
900 False 0 0.0 0
1000 True 1 1.6673057079315186 0
1100 True 1 1.449793815612793 0
1200 True 0 1.4157369136810303 0
1300 True 1 1.1860637664794922 0
1400 True 1 1.4274694919586182 0
1500 True 0 1.333604335784912 0
1600 True 1 1.2243726253509521 0
1700 True 1 1.0831427574157715 0
1800 True 1 1.4281799793243408 0
1900 True 1 1.0510385036468506 0
2000 True 1 1.4698200225830078 0
2100 True 1 1.3894646167755127 0
2200 True 1 1.1021108627319336 0
2300 True 1 1.1663329601287842 0
2400 True 1 1.3481130599975586 0
2500 True 1 1.0602340698242188 0
2600 True 1 1.6904432773590088 0
2700 True 1 1.5140931606292725 0
2800 True 1 1.510514259338379 0
2900 True 1 1.2820935249328613 0
3000 True 1 1.482558250427246 0
3100 True 1 1.3719160556793213 0
3200 True 1 1.7826240062713623 0
3300 True 1 1.1326212882995605 0
3400 True 1 1.4481217861175537 0
3500 True 1 1.2819750308990479 0
3600 True 1 1.1685028076171875 0
3700 True 1 1.2704730033874512 0
3800 True 1 1.333055019378662 0
3900 True 1 1.0734353065490723 0
4000 True 1 1.7610182762145996 0
4100 True 1 1.3053240776062012 0
4200 True 1 1.5089819431304932 0
4300 True 0 1.3252642154693604 0
4400 True 1 1.384728193283081 0
4500 True 0 1.4280753135681152 0
4600 True 1 1.1738131046295166 0
4700 True 1 1.7998738288879395 0
4800 True 1 1.4152817726135254 0
4900 True 1 1.3618412017822266 0
5000 True 1 1.180342435836792 0
5100 True 1 1.7111876010894775 0
5200 True 1 1.216639518737793 0
5300 True 1 1.361436367034912 0
5400 True 1 1.286052942276001 0
5500 True 1 1.306234359741211 0
5600 True 1 1.433314561843872 0
5700 True 1 1.1947283744812012 0
5800 True 1 1.7168512344360352 0
5900 True 1 1.2522680759429932 0
6000 True 1 1.775928020477295 0
6100 True 1 1.2569653987884521 0
6200 True 1 1.89412522315979 0
6300 True 1 1.2918057441711426 0
6400 True 1 1.0322184562683105 0
6500 True 1 1.381155252456665 0
6600 True 1 1.4479482173919678 0
6700 True 1 1.2400519847869873 0
6800 True 1 1.0895397663116455 0
6900 True 1 1.4827806949615479 0
7000 True 1 1.0313148498535156 0
7100 True 1 1.1095356941223145 0
7200 True 1 1.4595403671264648 0
7300 True 1 1.447718620300293 0
7400 True 1 1.1501634120941162 0
7500 True 1 1.4375333786010742 0
7600 True 1 1.0227482318878174 0
7700 True 1 1.868154764175415 0
7800 True 0 1.1762738227844238 0
7900 True 1 1.0293431282043457 0
8000 True 1 1.3074305057525635 0
8100 True 1 1.052835464477539 0
8200 True 1 1.4791717529296875 0
8300 True 1 1.669508934020996 0
8400 True 1 1.2569241523742676 0
8500 True 1 1.2656080722808838 0
8600 True 1 1.0524201393127441 0
8700 True 1 1.7357382774353027 0
8800 True 1 1.1853370666503906 0
8900 True 1 1.8107800483703613 0
9000 True 1 1.5098187923431396 0
9100 True 1 1.197763442993164 0
9200 True 1 1.0435831546783447 0
9300 True 1 1.454073429107666 0
9400 True 1 1.3568861484527588 0
9500 True 1 1.1516644954681396 0
9600 True 1 1.3164267539978027 0
9700 True 1 1.0992262363433838 0
9800 True 1 0.9843916893005371 0
9900 True 1 1.503049612045288 0
