0 True 0.296875 8.392108917236328 0
100 True 0.265625 7.8628013134002686 0
200 True 0.203125 7.26077938079834 0
300 True 0.203125 7.071090936660767 0
400 True 0.2578125 7.145151376724243 0
500 True 0.25 7.388794183731079 0
600 True 0.2890625 8.399826049804688 0
700 True 0.2578125 6.671501398086548 0
800 True 0.171875 7.5548388957977295 0
900 True 0.265625 6.622909307479858 0
1000 True 0.296875 9.787701606750488 0
1100 True 0.25 8.810689210891724 0
1200 True 0.21875 7.824750900268555 0
1300 True 0.296875 7.493416786193848 0
1400 True 0.203125 8.443562984466553 0
1500 False 0.0 0.0 0
1600 True 0.015625 7.849148511886597 0
1700 True 0.296875 6.643222332000732 0
1800 True 0.21875 8.796208381652832 0
1900 True 0.1484375 6.423070907592773 0
2000 True 0.203125 8.1317617893219 0
2100 True 0.296875 8.677680492401123 0
2200 True 0.1328125 6.617925405502319 0
2300 True 0.28125 7.411766052246094 0
2400 True 0.296875 8.07870602607727 0
2500 True 0.2265625 6.792654991149902 0
2600 True 0.2734375 9.105557918548584 0
2700 True 0.296875 8.629843711853027 0
2800 True 0.125 8.752759218215942 0
2900 True 0.21875 7.567290544509888 0
3000 True 0.296875 8.55345892906189 0
3100 True 0.2578125 8.178723096847534 0
3200 True 0.2734375 10.1268949508667 0
3300 True 0.296875 7.626353740692139 0
3400 True 0.3046875 8.920130252838135 0
3500 True 0.3046875 7.623728036880493 0
3600 True 0.296875 7.1212477684021 0
3700 True 0.25 7.490200519561768 0
3800 True 0.265625 7.902456045150757 0
3900 True 0.2265625 6.6463518142700195 0
4000 True 0.21875 10.017253160476685 0
4100 True 0.171875 7.044169902801514 0
4200 True 0.296875 8.730838060379028 0
4300 False 0.0 0.0 0
4400 True 0.21875 8.376875877380371 0
4500 False 0.0 0.0 0
4600 True 0.296875 7.467067718505859 0
4700 True 0.296875 10.226594686508179 0
4800 True 0.296875 8.767197608947754 0
4900 True 0.296875 8.57418155670166 0
5000 True 0.2734375 7.7438178062438965 0
5100 True 0.1875 10.230609655380249 0
5200 True 0.265625 7.646045684814453 0
5300 True 0.28125 8.585029125213623 0
5400 True 0.2734375 8.052077054977417 0
5500 True 0.296875 8.204212665557861 0
5600 False 0.0 0.0 0
5700 True 0.3046875 7.569174528121948 0
5800 True 0.3046875 10.65257453918457 0
5900 True 0.3046875 7.6952064037323 0
6000 True 0.1953125 11.352531671524048 0
6100 True 0.25 7.979340076446533 0
6200 True 0.3046875 10.528974771499634 0
6300 True 0.3046875 7.753074407577515 0
6400 True 0.1953125 6.3332438468933105 0
6500 True 0.296875 8.055919647216797 0
6600 True 0.140625 7.795100212097168 0
6700 True 0.203125 7.678218364715576 0
6800 True 0.2890625 7.057883024215698 0
6900 True 0.2890625 8.202404975891113 0
7000 True 0.3046875 7.106410503387451 0
7100 True 0.203125 6.812897205352783 0
7200 True 0.2578125 8.887101650238037 0
7300 True 0.3046875 8.96047306060791 0
7400 True 0.28125 7.186682939529419 0
7500 True 0.234375 8.570162296295166 0
7600 True 0.296875 6.958582401275635 0
7700 True 0.25 10.379499197006226 0
7800 True 0.0859375 7.380296945571899 0
7900 True 0.0859375 6.727336645126343 0
8000 True 0.296875 7.99161434173584 0
8100 True 0.296875 7.112599849700928 0
8200 True 0.3046875 8.64713168144226 0
8300 True 0.3046875 9.80657958984375 0
8400 True 0.3046875 7.8473920822143555 0
8500 True 0.3046875 8.03818416595459 0
8600 True 0.296875 7.057739019393921 0
8700 True 0.296875 10.584478855133057 0
8800 True 0.3125 7.538983106613159 0
8900 True 0.296875 10.935473203659058 0
9000 True 0.3046875 9.104119300842285 0
9100 True 0.3046875 7.7404749393463135 0
9200 True 0.296875 7.096884489059448 0
9300 True 0.3046875 9.23008918762207 0
9400 True 0.1171875 8.047851085662842 0
9500 True 0.140625 7.040064096450806 0
9600 True 0.2109375 7.6644768714904785 0
9700 False 0.0 0.0 0
9800 True 0.25 6.89202618598938 0
9900 True 0.25 8.89409875869751 0
