0 True 0 42.2846941947937 0
100 True 0 41.95753788948059 0
200 True 0 41.6502628326416 0
300 True 0 41.693257331848145 0
400 True 0 40.52827763557434 0
500 True 1 40.70781922340393 0
600 True 0 42.07207179069519 0
700 True 0 39.05524444580078 0
800 True 0 42.76193404197693 0
900 True 0 39.81118202209473 0
1000 True 0 44.50823974609375 0
1100 True 0 42.71572542190552 0
1200 True 0 43.49518609046936 0
1300 True 0 41.62144756317139 0
1400 True 0 42.697370767593384 0
1500 True 0 43.223068952560425 0
1600 True 0 40.438297271728516 0
1700 True 0 40.280681848526 0
1800 True 0 40.765281438827515 0
1900 True 0 41.034832239151 0
2000 True 0 42.890708446502686 0
2100 True 0 41.62589645385742 0
2200 True 0 40.67141079902649 0
2300 True 0 40.75723576545715 0
2400 True 0 41.427956104278564 0
2500 True 0 38.765105962753296 0
2600 True 0 43.14315485954285 0
2700 True 0 41.55675530433655 0
2800 True 0 43.04028105735779 0
2900 True 0 41.94974708557129 0
3000 True 0 41.754533767700195 0
3100 True 0 41.13844060897827 0
3200 True 0 44.230896949768066 0
3300 True 0 39.40019750595093 0
3400 True 0 41.281811237335205 0
3500 True 0 40.584187030792236 0
3600 True 0 39.950894355773926 0
3700 True 0 40.39996290206909 0
3800 True 0 41.35297679901123 0
3900 True 0 39.001304149627686 0
4000 True 0 44.19507813453674 0
4100 True 0 39.06455731391907 0
4200 True 0 40.94658136367798 0
4300 True 0 41.18929052352905 0
4400 True 0 43.222869634628296 0
4500 True 0 43.11019849777222 0
4600 True 0 41.07937788963318 0
4700 True 0 45.32743573188782 0
4800 True 0 42.15291881561279 0
4900 True 0 41.53542351722717 0
5000 True 0 39.828495264053345 0
5100 True 0 44.368492603302 0
5200 True 0 40.975141525268555 0
5300 True 0 42.34695529937744 0
5400 True 0 41.337892055511475 0
5500 True 0 42.106327533721924 0
5600 True 0 41.927560567855835 0
5700 True 0 40.83282661437988 0
5800 True 0 44.276238441467285 0
5900 True 0 41.037269115448 0
6000 True 0 45.25907492637634 0
6100 True 0 40.9913535118103 0
6200 True 0 43.54034471511841 0
6300 True 0 40.52057242393494 0
6400 True 0 39.577407121658325 0
6500 True 0 41.152703046798706 0
6600 True 0 40.892961740493774 0
6700 True 0 41.3933379650116 0
6800 True 0 41.32756280899048 0
6900 True 0 41.933165550231934 0
7000 True 0 39.464048624038696 0
7100 True 0 40.21284770965576 0
7200 True 0 41.708571434020996 0
7300 True 0 41.424283027648926 0
7400 True 0 39.422343015670776 0
7500 True 0 42.82222557067871 0
7600 True 0 39.89932036399841 0
7700 True 0 43.69224572181702 0
7800 True 0 40.066113233566284 0
7900 True 0 40.542765617370605 0
8000 True 0 41.296839475631714 0
8100 True 0 40.48400402069092 0
8200 True 0 42.34663009643555 0
8300 True 0 43.439594984054565 0
8400 True 0 41.06621026992798 0
8500 True 0 42.14690446853638 0
8600 True 0 40.01567625999451 0
8700 True 0 44.78351283073425 0
8800 True 1 39.965768337249756 0
8900 True 0 44.40236449241638 0
9000 True 0 43.08463644981384 0
9100 True 0 40.91992521286011 0
9200 True 0 40.53244113922119 0
9300 True 0 43.641340494155884 0
9400 True 0 41.33618450164795 0
9500 True 0 40.16118383407593 0
9600 True 0 42.13267779350281 0
9700 True 0 40.88001346588135 0
9800 True 0 38.735331296920776 0
9900 True 0 42.93309783935547 0
