0 True 0 26.943577766418457 0
100 True 0 26.062784671783447 0
200 True 0 28.796738147735596 0
300 True 0 25.720202207565308 0
400 True 0 26.125911951065063 0
500 True 0 27.334715843200684 0
600 True 0 27.76789116859436 0
700 True 0 26.42806386947632 0
800 True 0 27.156124591827393 0
900 False 0 0.0 0
1000 True 0 28.83223581314087 0
1100 True 0 27.595422506332397 0
1200 True 0 26.712761640548706 0
1300 True 0 25.26799440383911 0
1400 True 0 26.444556951522827 0
1500 True 0 24.08762264251709 0
1600 True 0 26.33994221687317 0
1700 True 0 25.483016967773438 0
1800 True 0 26.021185874938965 0
1900 True 0 24.423831462860107 0
2000 True 0 25.480228185653687 0
2100 True 1 26.563522338867188 0
2200 True 0 25.112851858139038 0
2300 True 0 26.60431742668152 0
2400 True 0 26.450395584106445 0
2500 True 0 25.14201784133911 0
2600 True 0 27.377899169921875 0
2700 True 0 26.80803894996643 0
2800 True 0 27.52448320388794 0
2900 True 0 27.07349967956543 0
3000 True 0 26.688625812530518 0
3100 True 0 29.767905712127686 0
3200 True 0 32.5828013420105 0
3300 True 0 25.68948197364807 0
3400 True 0 26.476232290267944 0
3500 True 0 31.110499382019043 0
3600 True 0 31.099623441696167 0
3700 True 0 25.681748390197754 0
3800 True 0 26.107668161392212 0
3900 True 0 23.59280824661255 0
4000 True 0 28.99540948867798 0
4100 True 0 29.22290849685669 0
4200 True 0 29.757604122161865 0
4300 True 0 26.312904119491577 0
4400 True 0 25.61062240600586 0
4500 False 0 0.0 0
4600 True 0 27.53458547592163 0
4700 True 0 33.25996685028076 0
4800 True 0 25.94295072555542 0
4900 True 0 26.869842529296875 0
5000 True 0 27.870369911193848 0
5100 True 0 31.60372495651245 0
5200 True 0 27.3811297416687 0
5300 True 0 27.226415872573853 0
5400 True 0 26.21786093711853 0
5500 True 1 28.081669330596924 0
5600 True 0 29.66920804977417 0
5700 True 0 24.780970096588135 0
5800 True 1 30.605279684066772 0
5900 True 0 26.002822160720825 0
6000 True 0 33.13157606124878 0
6100 True 0 27.393391370773315 0
6200 True 1 29.726743698120117 0
6300 True 0 26.5591561794281 0
6400 True 0 27.554266691207886 0
6500 True 0 26.466599464416504 0
6600 True 0 27.847455739974976 0
6700 True 0 27.10075306892395 0
6800 True 0 27.60206699371338 0
6900 True 0 27.835520029067993 0
7000 True 0 26.492493152618408 0
7100 True 0 28.264046669006348 0
7200 True 0 28.462167501449585 0
7300 True 1 28.680843591690063 0
7400 True 0 27.173364639282227 0
7500 True 0 29.027260541915894 0
7600 True 0 25.475964069366455 0
7700 True 0 29.523642778396606 0
7800 True 0 28.614554405212402 0
7900 True 0 27.856067180633545 0
8000 True 0 28.474873304367065 0
8100 True 0 25.00302219390869 0
8200 True 0 32.056122064590454 0
8300 True 0 30.666699171066284 0
8400 True 0 27.14243793487549 0
8500 True 0 26.66866946220398 0
8600 True 0 24.13416051864624 0
8700 True 0 29.967797994613647 0
8800 True 1 28.952581882476807 0
8900 True 0 30.46905207633972 0
9000 True 0 27.897094011306763 0
9100 True 0 28.205692768096924 0
9200 True 0 25.352187156677246 0
9300 True 1 29.370797157287598 0
9400 True 0 28.740095853805542 0
9500 True 0 28.528881788253784 0
9600 True 0 27.675610780715942 0
9700 True 0 27.631319046020508 0
9800 True 0 26.80652403831482 0
9900 True 0 28.047125101089478 0
