0 True 0.1875 120.65226483345032 1
100 True 0.1875 120.8385558128357 1
200 True 0.125 120.64370560646057 1
300 True 0.1875 120.64356708526611 1
400 True 0.1875 120.7502372264862 1
500 True 0.1875 120.65543127059937 1
600 True 0.1875 120.68383741378784 1
700 True 0.1875 120.65587496757507 1
800 True 0.125 120.68149638175964 1
900 True 0.125 120.63820195198059 1
1000 True 0.15625 120.7956793308258 1
1100 True 0.15625 120.64702653884888 1
1200 True 0.125 120.73691582679749 1
1300 True 0.15625 120.6408097743988 1
1400 True 0.1875 120.64201354980469 1
1500 True 0.046875 120.66115140914917 1
1600 True 0.09375 120.7829339504242 1
1700 True 0.1875 120.64259910583496 1
1800 True 0.15625 120.76654934883118 1
1900 True 0.09375 120.98960614204407 1
2000 True 0.15625 120.65819931030273 1
2100 True 0.1875 120.65981316566467 1
2200 True 0.1875 120.69442582130432 1
2300 True 0.1875 120.76267600059509 1
2400 True 0.15625 120.5024905204773 1
2500 True 0.1875 120.64902329444885 1
2600 True 0.1875 120.6677987575531 1
2700 True 0.125 120.6522433757782 1
2800 True 0.15625 120.73127841949463 1
2900 True 0.15625 120.66511702537537 1
3000 True 0.1875 120.76194858551025 1
3100 True 0.125 120.79419183731079 1
3200 True 0.1875 120.81929445266724 1
3300 True 0.125 120.66084885597229 1
3400 True 0.1875 120.71607947349548 1
3500 True 0.1875 120.67255759239197 1
3600 True 0.15625 120.65965747833252 1
3700 True 0.1875 120.74507808685303 1
3800 True 0.1875 120.87841987609863 1
3900 True 0.171875 120.82358598709106 1
4000 True 0.09375 120.75901818275452 1
4100 True 0.125 120.6427812576294 1
4200 True 0.1875 120.66578006744385 1
4300 True 0.0 120.64558124542236 1
4400 True 0.125 120.77956628799438 1
4500 False 0.0 0.0 0
4600 True 0.1875 120.65367555618286 1
4700 True 0.125 120.65767431259155 1
4800 True 0.1875 120.64883017539978 1
4900 True 0.15625 120.78686428070068 1
5000 True 0.15625 120.68257880210876 1
5100 True 0.125 120.64244890213013 1
5200 True 0.1875 120.76292967796326 1
5300 True 0.1875 120.66899609565735 1
5400 True 0.1875 120.64593195915222 1
5500 True 0.1875 120.68280243873596 1
5600 True 0.125 120.6447536945343 1
5700 True 0.1875 120.74651050567627 1
5800 True 0.1875 120.66143202781677 1
5900 True 0.1875 120.70127272605896 1
6000 True 0.1875 120.66957211494446 1
6100 True 0.15625 120.67809677124023 1
6200 True 0.15625 120.77999949455261 1
6300 True 0.1875 120.67140913009644 1
6400 True 0.15625 120.75577902793884 1
6500 True 0.1875 120.6689727306366 1
6600 True 0.09375 120.66896748542786 1
6700 True 0.125 120.69421648979187 1
6800 True 0.1875 120.65559935569763 1
6900 True 0.1875 120.66814255714417 1
7000 True 0.171875 120.7306616306305 1
7100 True 0.0625 120.63850688934326 1
7200 True 0.09375 120.63935899734497 1
7300 True 0.1875 120.63653063774109 1
7400 True 0.1875 120.65022802352905 1
7500 True 0.15625 120.6382384300232 1
7600 True 0.1875 120.69819569587708 1
7700 True 0.15625 120.70386409759521 1
7800 True 0.15625 120.68466472625732 1
7900 True 0.15625 120.75581455230713 1
8000 True 0.15625 120.65458393096924 1
8100 True 0.1875 120.65546917915344 1
8200 True 0.1875 120.66835856437683 1
8300 True 0.1875 120.66095995903015 1
8400 True 0.1875 120.74732661247253 1
8500 True 0.1875 120.6373302936554 1
8600 True 0.1875 120.67632532119751 1
8700 True 0.1875 120.63649010658264 1
8800 True 0.1875 120.67598986625671 1
8900 True 0.1875 120.66617441177368 1
9000 True 0.15625 120.67993569374084 1
9100 True 0.1875 120.64493894577026 1
9200 True 0.1875 120.64435577392578 1
9300 True 0.1875 120.79133129119873 1
9400 True 0.0625 120.7841579914093 1
9500 True 0.125 120.65655159950256 1
9600 True 0.1875 120.66906213760376 1
9700 True 0.078125 120.66401958465576 1
9800 True 0.15625 120.73024868965149 1
9900 True 0.15625 120.63749647140503 1
