0 True 0.25 120.64425683021545 1
100 True 0.1875 120.83675146102905 1
200 True 0.125 120.64241147041321 1
300 True 0.1875 120.74068021774292 1
400 True 0.1875 120.65484714508057 1
500 True 0.21875 120.64811730384827 1
600 True 0.25 120.99174880981445 1
700 True 0.25 120.64796662330627 1
800 True 0.1875 120.66273474693298 1
900 False 0.0 0.0 0
1000 True 0.1875 120.66526818275452 1
1100 True 0.125 120.64296364784241 1
1200 True 0.0 120.71735668182373 1
1300 True 0.25 120.78592419624329 1
1400 True 0.1875 120.83446598052979 1
1500 True 0.09375 120.86373734474182 1
1600 True 0.125 120.71460485458374 1
1700 True 0.21875 120.75196123123169 1
1800 True 0.15625 120.64032745361328 1
1900 True 0.1875 120.80621027946472 1
2000 True 0.125 120.65984654426575 1
2100 True 0.28125 120.66936659812927 1
2200 True 0.09375 120.70870184898376 1
2300 True 0.21875 120.64623975753784 1
2400 True 0.15625 120.71340775489807 1
2500 True 0.1875 120.67369389533997 1
2600 True 0.25 120.67009234428406 1
2700 True 0.25 120.6535096168518 1
2800 True 0.0625 120.64297914505005 1
2900 True 0.125 120.68798971176147 1
3000 True 0.25 120.67003917694092 1
3100 True 0.1875 120.73423027992249 1
3200 True 0.1875 120.63775396347046 1
3300 True 0.125 120.64025068283081 1
3400 True 0.21875 120.63603138923645 1
3500 True 0.25 120.6708242893219 1
3600 True 0.21875 120.66575503349304 1
3700 True 0.25 120.72398161888123 1
3800 True 0.1875 120.6803936958313 1
3900 True 0.171875 120.6443440914154 1
4000 True 0.25 120.65783023834229 1
4100 True 0.15625 120.68182587623596 1
4200 True 0.125 120.63986158370972 1
4300 True 0.0 120.84020662307739 1
4400 True 0.09375 120.80535173416138 1
4500 False 0.0 0.0 0
4600 True 0.25 120.67848420143127 1
4700 True 0.1875 120.64635920524597 1
4800 True 0.25 120.70959711074829 1
4900 True 0.1875 120.80724787712097 1
5000 True 0.1875 120.6933081150055 1
5100 True 0.125 120.64623284339905 1
5200 True 0.1875 120.69863200187683 1
5300 True 0.21875 120.72067928314209 1
5400 True 0.21875 120.70271515846252 1
5500 True 0.28125 120.64069771766663 1
5600 True 0.21875 120.72261834144592 1
5700 True 0.21875 120.64619326591492 1
5800 True 0.25 120.65819954872131 1
5900 True 0.28125 120.80317044258118 1
6000 True 0.21875 120.63884949684143 1
6100 True 0.09375 120.66096138954163 1
6200 True 0.25 120.76900005340576 1
6300 True 0.1875 120.63696455955505 1
6400 True 0.09375 120.66031765937805 1
6500 True 0.21875 120.64902472496033 1
6600 True 0.125 120.73819923400879 1
6700 True 0.125 120.65062999725342 1
6800 True 0.21875 120.75447058677673 1
6900 True 0.21875 120.79522490501404 1
7000 True 0.203125 120.65808868408203 1
7100 True 0.125 120.6531548500061 1
7200 True 0.15625 120.64201378822327 1
7300 True 0.28125 120.80128955841064 1
7400 True 0.15625 120.64044308662415 1
7500 True 0.1875 120.64183855056763 1
7600 True 0.25 120.6926817893982 1
7700 True 0.1875 120.64778566360474 1
7800 True 0.15625 120.64589357376099 1
7900 True 0.1875 120.71509218215942 1
8000 True 0.1875 120.64558267593384 1
8100 True 0.25 120.66683602333069 1
8200 True 0.21875 120.64556455612183 1
8300 True 0.25 120.77987504005432 1
8400 True 0.21875 120.69494915008545 1
8500 True 0.21875 120.65182876586914 1
8600 True 0.234375 120.76009225845337 1
8700 True 0.21875 120.72631597518921 1
8800 True 0.3125 120.66787195205688 1
8900 True 0.21875 120.774582862854 1
9000 True 0.15625 120.66923260688782 1
9100 True 0.21875 120.8408899307251 1
9200 True 0.28125 120.69140005111694 1
9300 True 0.28125 120.64250540733337 1
9400 True 0.1875 120.65096426010132 1
9500 True 0.03125 120.63966035842896 1
9600 True 0.0625 120.65969967842102 1
9700 True 0.078125 120.71246433258057 1
9800 True 0.21875 120.63823461532593 1
9900 True 0.125 120.64256978034973 1
