0 True 0 60.566057443618774 1
100 True 0 60.58070182800293 1
200 True 0 60.577584743499756 1
300 False 0 0.0 0
400 True 0 60.56874489784241 1
500 True 0 60.5680046081543 1
600 True 0 60.578513860702515 1
700 True 0 60.58501219749451 1
800 False 0 0.0 0
900 True 0 60.580408811569214 1
1000 False 0 0.0 0
1100 True 0 60.56739330291748 1
1200 False 0 0.0 0
1300 True 0 60.57989692687988 1
1400 True 0 60.59818625450134 1
1500 False 0 0.0 0
1600 True 0 60.5 1
1700 True 0 60.5 1
1800 True 0 60.5 1
1900 True 0 60.5 1
2000 True 0 60.5 1
2100 True 0 60.5 1
2200 False 0 0.0 0
2300 True 0 60.5 1
2400 False 0 0.0 0
2500 False 0 0.0 0
2600 True 0 60.5 1
2700 True 0 60.5 1
2800 True 0 60.5 1
2900 True 0 60.5 1
3000 True 0 60.5 1
3100 True 0 60.5 1
3200 False 0 0.0 0
3300 True 0 60.5 1
3400 True 0 60.5 1
3500 True 0 60.5 1
3600 True 0 60.5 1
3700 True 0 60.5 1
3800 True 0 60.5 1
3900 True 0 60.5 1
4000 False 0 0.0 0
4100 True 0 60.5 1
4200 True 0 60.5 1
4300 True 0 60.5 1
4400 True 0 60.5 1
4500 False 0 0.0 0
4600 True 0 60.5 1
4700 False 0 0.0 0
4800 True 0 60.5 1
4900 True 0 60.5 1
5000 True 0 60.5 1
5100 False 0 0.0 0
5200 True 0 60.5 1
5300 True 0 60.5 1
5400 True 0 60.5 1
5500 True 0 60.5 1
5600 True 0 60.5 1
5700 True 0 60.5 1
5800 False 0 0.0 0
5900 True 0 60.5 1
6000 False 0 0.0 0
6100 True 0 60.5 1
6200 False 0 0.0 0
6300 True 0 60.5 1
6400 True 0 60.5 1
6500 True 0 60.5 1
6600 True 0 60.5 1
6700 True 0 60.5 1
6800 True 0 60.5 1
6900 True 0 60.5 1
7000 True 0 60.5 1
7100 True 0 60.5 1
7200 False 0 0.0 0
7300 True 0 60.5 1
7400 True 0 60.5 1
7500 True 0 60.5 1
7600 True 0 60.5 1
7700 True 0 60.5 1
7800 False 0 0.0 0
7900 True 0 60.5 1
8000 True 0 60.5 1
8100 True 0 60.5 1
8200 True 0 60.5 1
8300 True 0 60.5 1
8400 True 0 60.5 1
8500 True 0 60.5 1
8600 True 0 60.5 1
8700 False 0 0.0 0
8800 True 0 60.5 1
8900 False 0 0.0 0
9000 True 0 60.5 1
9100 True 0 60.5 1
9200 True 0 60.5 1
9300 True 0 60.5 1
9400 False 0 0.0 0
9500 True 0 60.5 1
9600 True 0 60.5 1
9700 False 0 0.0 0
9800 True 0 60.5 1
9900 True 0 60.5 1
