0 True 0.1171875 66.32277417182922 0
100 True 0.0859375 63.00162863731384 0
200 True 0.109375 39.40718412399292 0
300 True 0.0546875 76.1006486415863 0
400 True 0.1015625 43.48016428947449 0
500 True 0.125 62.22168779373169 0
600 True 0.1171875 59.92448353767395 0
700 True 0.0703125 73.17076420783997 0
800 True 0.125 49.94131088256836 0
900 False 0.0 0.0 0
1000 True 0.078125 74.07523727416992 0
1100 True 0.109375 68.53625082969666 0
1200 True 0.046875 63.438618659973145 0
1300 True 0.1171875 76.95966672897339 0
1400 True 0.1015625 58.29179072380066 0
1500 False 0.0 0.0 0
1600 True 0.0625 52.567713022232056 0
1700 True 0.09375 71.02632236480713 0
1800 True 0.015625 69.50741457939148 0
1900 True 0.0234375 90.75713968276978 0
2000 True 0.09375 66.46452617645264 0
2100 True 0.109375 57.12444591522217 0
2200 True 0.0703125 63.581114053726196 0
2300 True 0.03125 63.06567144393921 0
2400 True 0.0703125 73.83463954925537 0
2500 True 0.0703125 69.57174777984619 0
2600 True 0.1328125 52.76639723777771 0
2700 True 0.09375 76.6864104270935 0
2800 True 0.046875 57.32054948806763 0
2900 True 0.109375 60.850568771362305 0
3000 True 0.109375 53.53523397445679 0
3100 True 0.09375 57.911189556121826 0
3200 True 0.171875 54.78186845779419 0
3300 True 0.078125 67.04943990707397 0
3400 True 0.125 95.80821490287781 0
3500 True 0.15625 74.91149115562439 0
3600 True 0.1015625 45.88955616950989 0
3700 True 0.125 69.0268223285675 0
3800 True 0.09375 61.357232332229614 0
3900 True 0.09375 74.42395377159119 0
4000 True 0.015625 69.3800835609436 0
4100 True 0.09375 53.796884298324585 0
4200 True 0.0859375 71.65605425834656 0
4300 True 0.015625 52.580113887786865 0
4400 True 0.0234375 81.66853260993958 0
4500 False 0.0 0.0 0
4600 True 0.078125 52.656960010528564 0
4700 True 0.15625 78.60274314880371 0
4800 True 0.1328125 84.19817924499512 0
4900 True 0.0546875 74.15498948097229 0
5000 True 0.0859375 53.620867013931274 0
5100 True 0.09375 58.95442581176758 0
5200 True 0.125 84.32596635818481 0
5300 True 0.1015625 59.837486267089844 0
5400 True 0.109375 56.293633699417114 0
5500 True 0.1484375 74.59669089317322 0
5600 True 0.0703125 72.4174120426178 0
5700 True 0.09375 52.99273610115051 0
5800 True 0.140625 78.84025740623474 0
5900 True 0.109375 61.752325773239136 0
6000 True 0.1171875 63.85890054702759 0
6100 True 0.0859375 68.21774172782898 0
6200 True 0.125 70.0858907699585 0
6300 True 0.1015625 64.89975357055664 0
6400 True 0.0859375 61.304805278778076 0
6500 True 0.125 76.66790914535522 0
6600 True 0.0859375 61.45041608810425 0
6700 True 0.0625 84.91887903213501 0
6800 True 0.09375 61.40686368942261 0
6900 True 0.09375 61.9868528842926 0
7000 True 0.0703125 80.93050026893616 0
7100 True 0.1328125 60.2664680480957 0
7200 True 0.0390625 49.00492477416992 0
7300 True 0.1328125 72.46461987495422 0
7400 True 0.1015625 56.831788539886475 0
7500 True 0.109375 52.495306730270386 0
7600 True 0.1171875 67.4518768787384 0
7700 True 0.0546875 72.37229180335999 0
7800 False 0.0 0.0 0
7900 True 0.078125 54.576728105545044 0
8000 True 0.125 76.58811736106873 0
8100 True 0.1328125 69.03864097595215 0
8200 True 0.1171875 53.3489511013031 0
8300 True 0.125 57.20422339439392 0
8400 True 0.09375 62.4350106716156 0
8500 True 0.1015625 61.56578540802002 0
8600 True 0.09375 72.20243406295776 0
8700 True 0.125 74.6909990310669 0
8800 True 0.125 76.05161643028259 0
8900 True 0.125 70.38911461830139 0
9000 True 0.125 79.92935991287231 0
9100 True 0.1328125 56.99874758720398 0
9200 True 0.0703125 82.69156241416931 0
9300 True 0.1015625 67.90835165977478 0
9400 True 0.0234375 52.136943101882935 0
9500 True 0.140625 60.99877119064331 0
9600 True 0.1171875 57.482353925704956 0
9700 True 0.0390625 79.35795211791992 0
9800 True 0.078125 66.50531792640686 0
9900 True 0.1015625 53.550567865371704 0
