0 False 0 0.0 0
100 True 0 0.015184164047241211 0
200 False 0 0.0 0
300 True 0 0.011569499969482422 0
400 True 0 0.0073451995849609375 0
500 False 0 0.0 0
600 False 0 0.0 0
700 True 0 0.006691694259643555 0
800 False 0 0.0 0
900 False 0 0.0 0
1000 True 0 0.006632804870605469 0
1100 False 0 0.0 0
1200 False 0 0.0 0
1300 False 0 0.0 0
1400 True 0 0.007447004318237305 0
1500 False 0 0.0 0
1600 False 0 0.0 0
1700 False 0 0.0 0
1800 False 0 0.0 0
1900 True 0 0.006975412368774414 0
2000 False 0 0.0 0
2100 False 0 0.0 0
2200 True 0 0.007004737854003906 0
2300 False 0 0.0 0
2400 True 1 9.292500972747803 0
2500 False 0 0.0 0
2600 True 0 0.008184432983398438 0
2700 False 0 0.0 0
2800 False 0 0.0 0
2900 False 0 0.0 0
3000 True 0 0.006728649139404297 0
3100 True 0 0.007303953170776367 0
3200 False 0 0.0 0
3300 False 0 0.0 0
3400 True 0 12.02450680732727 0
3500 True 0 0.0071086883544921875 0
3600 False 0 0.0 0
3700 False 0 0.0 0
3800 False 0 0.0 0
3900 False 0 0.0 0
4000 False 0 0.0 0
4100 True 0 0.006574153900146484 0
4200 True 0 0.007520914077758789 0
4300 False 0 0.0 0
4400 False 0 0.0 0
4500 False 0 0.0 0
4600 False 0 0.0 0
4700 False 0 0.0 0
4800 True 0 0.007167816162109375 0
4900 False 0 0.0 0
5000 True 0 0.0065577030181884766 0
5100 False 0 0.0 0
5200 True 0 0.006977558135986328 0
5300 False 0 0.0 0
5400 True 0 0.007050275802612305 0
5500 False 0 0.0 0
5600 False 0 0.0 0
5700 False 0 0.0 0
5800 False 0 0.0 0
5900 False 0 0.0 0
6000 False 0 0.0 0
6100 True 0 0.007055759429931641 0
6200 False 0 0.0 0
6300 False 0 0.0 0
6400 False 0 0.0 0
6500 False 0 0.0 0
6600 False 0 0.0 0
6700 True 0 0.00695347785949707 0
6800 True 0 12.84843134880066 0
6900 False 0 0.0 0
7000 False 0 0.0 0
7100 True 0 0.007861137390136719 0
7200 False 0 0.0 0
7300 False 0 0.0 0
7400 False 0 0.0 0
7500 False 0 0.0 0
7600 False 0 0.0 0
7700 True 0 0.007622957229614258 0
7800 True 0 11.038772106170654 0
7900 False 0 0.0 0
8000 True 0 0.007719755172729492 0
8100 False 0 0.0 0
8200 False 0 0.0 0
8300 False 0 0.0 0
8400 False 0 0.0 0
8500 True 0 0.007223606109619141 0
8600 False 0 0.0 0
8700 False 0 0.0 0
8800 True 0 10.381825685501099 0
8900 False 0 0.0 0
9000 False 0 0.0 0
9100 False 0 0.0 0
9200 True 0 0.007964134216308594 0
9300 True 0 0.006585836410522461 0
9400 False 0 0.0 0
9500 False 0 0.0 0
9600 True 0 0.0071887969970703125 0
9700 True 1 11.073938608169556 0
9800 False 0 0.0 0
9900 False 0 0.0 0
