0 True 0.0 0.16199254989624023 0
100 False 0.0 0.0 0
200 False 0.0 0.0 0
300 True 0.0 0.06420421600341797 0
400 True 0.0 0.06229281425476074 0
500 False 0.0 0.0 0
600 True 0.0 0.059900522232055664 0
700 True 0.0 0.0616610050201416 0
800 True 0.0 0.062323570251464844 0
900 False 0.0 0.0 0
1000 True 0.0 0.062652587890625 0
1100 False 0.0 0.0 0
1200 True 0.0 0.06342744827270508 0
1300 False 0.0 0.0 0
1400 True 0.0 0.06055593490600586 0
1500 True 0.0 0.06098008155822754 0
1600 False 0.0 0.0 0
1700 False 0.0 0.0 0
1800 False 0.0 0.0 0
1900 True 0.0 0.06180167198181152 0
2000 False 0.0 0.0 0
2100 False 0.0 0.0 0
2200 True 0.0 0.0621795654296875 0
2300 False 0.0 0.0 0
2400 True 0.041015625 107.84988927841187 0
2500 False 0.0 0.0 0
2600 True 0.0 0.0673666000366211 0
2700 False 0.0 0.0 0
2800 False 0.0 0.0 0
2900 False 0.0 0.0 0
3000 True 0.0 0.06520700454711914 0
3100 True 0.0 0.06879305839538574 0
3200 False 0.0 0.0 0
3300 False 0.0 0.0 0
3400 False 0.0 0.0 0
3500 True 0.0 0.06540942192077637 0
3600 False 0.0 0.0 0
3700 False 0.0 0.0 0
3800 False 0.0 0.0 0
3900 False 0.0 0.0 0
4000 False 0.0 0.0 0
4100 True 0.0 0.06736350059509277 0
4200 True 0.0 0.0715799331665039 0
4300 True 0.0 0.06229257583618164 0
4400 False 0.0 0.0 0
4500 False 0.0 0.0 0
4600 False 0.0 0.0 0
4700 False 0.0 0.0 0
4800 True 0.0 0.06634831428527832 0
4900 False 0.0 0.0 0
5000 True 0.0 0.07025647163391113 0
5100 True 0.0 0.0654141902923584 0
5200 True 0.0 0.07036566734313965 0
5300 False 0.0 0.0 0
5400 True 0.0 0.0693368911743164 0
5500 False 0.0 0.0 0
5600 False 0.0 0.0 0
5700 True 0.0 0.06526398658752441 0
5800 False 0.0 0.0 0
5900 False 0.0 0.0 0
6000 True 0.0 0.062126874923706055 0
6100 True 0.0 103.54682350158691 0
6200 False 0.0 0.0 0
6300 False 0.0 0.0 0
6400 False 0.0 0.0 0
6500 False 0.0 0.0 0
6600 True 0.0 0.0622251033782959 0
6700 False 0.0 0.0 0
6800 True 0.0 0.06804633140563965 0
6900 False 0.0 0.0 0
7000 False 0.0 0.0 0
7100 False 0.0 0.0 0
7200 False 0.0 0.0 0
7300 True 0.0 0.07326006889343262 0
7400 True 0.0 0.06559300422668457 0
7500 False 0.0 0.0 0
7600 True 0.0 0.06440091133117676 0
7700 True 0.0 0.06585574150085449 0
7800 True 0.0126953125 107.82717823982239 0
7900 False 0.0 0.0 0
8000 True 0.0 0.06174039840698242 0
8100 False 0.0 0.0 0
8200 False 0.0 0.0 0
8300 False 0.0 0.0 0
8400 False 0.0 0.0 0
8500 True 0.0 0.06740903854370117 0
8600 False 0.0 0.0 0
8700 True 0.0 0.06137228012084961 0
8800 True 0.017578125 117.2006106376648 0
8900 False 0.0 0.0 0
9000 True 0.0 0.06252217292785645 0
9100 False 0.0 0.0 0
9200 True 0.0 0.06138753890991211 0
9300 False 0.0 0.0 0
9400 False 0.0 0.0 0
9500 False 0.0 0.0 0
9600 True 0.0 0.06215929985046387 0
9700 True 0.0126953125 117.44327902793884 0
9800 True 0.0 0.0741732120513916 0
9900 False 0.0 0.0 0
