0 False 0 0.0 0
100 False 0 0.0 0
200 False 0 0.0 0
300 True 0 0.015372276306152344 0
400 True 1 9.469735383987427 0
500 False 0 0.0 0
600 False 0 0.0 0
700 False 0 0.0 0
800 True 0 0.007685661315917969 0
900 False 0 0.0 0
1000 True 0 0.00689244270324707 0
1100 False 0 0.0 0
1200 False 0 0.0 0
1300 True 0 4.583193302154541 0
1400 True 0 0.0074901580810546875 0
1500 False 0 0.0 0
1600 False 0 0.0 0
1700 False 0 0.0 0
1800 False 0 0.0 0
1900 True 0 0.00802159309387207 0
2000 False 0 0.0 0
2100 False 0 0.0 0
2200 True 0 0.007504463195800781 0
2300 False 0 0.0 0
2400 True 1 4.364838361740112 0
2500 False 0 0.0 0
2600 True 0 0.0075414180755615234 0
2700 False 0 0.0 0
2800 False 0 0.0 0
2900 False 0 0.0 0
3000 True 0 0.007341861724853516 0
3100 True 0 0.0071108341217041016 0
3200 False 0 0.0 0
3300 True 0 0.007729291915893555 0
3400 True 0 0.007620811462402344 0
3500 True 0 0.006970643997192383 0
3600 False 0 0.0 0
3700 False 0 0.0 0
3800 True 0 0.007548809051513672 0
3900 False 0 0.0 0
4000 False 0 0.0 0
4100 True 0 0.0076236724853515625 0
4200 False 0 0.0 0
4300 True 0 0.006966352462768555 0
4400 False 0 0.0 0
4500 False 0 0.0 0
4600 True 0 0.008783340454101562 0
4700 True 1 6.004810571670532 0
4800 True 1 5.144982814788818 0
4900 False 0 0.0 0
5000 True 0 0.008086442947387695 0
5100 False 0 0.0 0
5200 False 0 0.0 0
5300 False 0 0.0 0
5400 False 0 0.0 0
5500 True 0 0.007577657699584961 0
5600 True 0 0.0070438385009765625 0
5700 True 0 0.007440805435180664 0
5800 False 0 0.0 0
5900 False 0 0.0 0
6000 True 0 0.007651567459106445 0
6100 True 0 0.007386445999145508 0
6200 False 0 0.0 0
6300 False 0 0.0 0
6400 False 0 0.0 0
6500 False 0 0.0 0
6600 True 0 0.008193254470825195 0
6700 True 1 5.786058187484741 0
6800 True 1 4.872732400894165 0
6900 False 0 0.0 0
7000 False 0 0.0 0
7100 True 0 0.007951498031616211 0
7200 False 0 0.0 0
7300 False 0 0.0 0
7400 False 0 0.0 0
7500 False 0 0.0 0
7600 False 0 0.0 0
7700 True 1 4.67161226272583 0
7800 True 0 6.041882514953613 0
7900 False 0 0.0 0
8000 True 0 0.007911920547485352 0
8100 False 0 0.0 0
8200 False 0 0.0 0
8300 False 0 0.0 0
8400 False 0 0.0 0
8500 True 0 0.007382392883300781 0
8600 False 0 0.0 0
8700 False 0 0.0 0
8800 True 0 0.007215023040771484 0
8900 False 0 0.0 0
9000 False 0 0.0 0
9100 False 0 0.0 0
9200 True 0 0.007346153259277344 0
9300 False 0 0.0 0
9400 True 1 7.051195383071899 0
9500 False 0 0.0 0
9600 True 0 4.095703363418579 0
9700 True 1 5.226426601409912 0
9800 False 0 0.0 0
9900 False 0 0.0 0
