0 False 0 0.0 0
100 False 0 0.0 0
200 False 0 0.0 0
300 True 0 0.0154876708984375 0
400 True 1 6.6064133644104 0
500 False 0 0.0 0
600 True 0 0.009042501449584961 0
700 False 0 0.0 0
800 False 0 0.0 0
900 False 0 0.0 0
1000 True 0 0.0075342655181884766 0
1100 False 0 0.0 0
1200 False 0 0.0 0
1300 True 1 3.6830081939697266 0
1400 True 0 0.007758378982543945 0
1500 False 0 0.0 0
1600 False 0 0.0 0
1700 False 0 0.0 0
1800 False 0 0.0 0
1900 True 0 0.0073130130767822266 0
2000 False 0 0.0 0
2100 False 0 0.0 0
2200 True 0 0.007816314697265625 0
2300 False 0 0.0 0
2400 True 0 0.008428096771240234 0
2500 False 0 0.0 0
2600 True 0 0.009431123733520508 0
2700 False 0 0.0 0
2800 False 0 0.0 0
2900 False 0 0.0 0
3000 True 0 0.0073773860931396484 0
3100 True 0 0.007016897201538086 0
3200 False 0 0.0 0
3300 False 0 0.0 0
3400 True 0 0.007966995239257812 0
3500 False 0 0.0 0
3600 True 0 7.453546047210693 0
3700 False 0 0.0 0
3800 True 1 6.261593818664551 0
3900 False 0 0.0 0
4000 True 0 0.009894132614135742 0
4100 True 0 0.007715940475463867 0
4200 False 0 0.0 0
4300 False 0 0.0 0
4400 False 0 0.0 0
4500 False 0 0.0 0
4600 False 0 0.0 0
4700 False 0 0.0 0
4800 True 1 9.999640464782715 0
4900 False 0 0.0 0
5000 False 0 0.0 0
5100 False 0 0.0 0
5200 False 0 0.0 0
5300 False 0 0.0 0
5400 False 0 0.0 0
5500 False 0 0.0 0
5600 False 0 0.0 0
5700 False 0 0.0 0
5800 False 0 0.0 0
5900 False 0 0.0 0
6000 True 0 0.007755756378173828 0
6100 True 0 0.0070002079010009766 0
6200 False 0 0.0 0
6300 False 0 0.0 0
6400 False 0 0.0 0
6500 False 0 0.0 0
6600 False 0 0.0 0
6700 True 1 6.317473649978638 0
6800 True 1 6.158969402313232 0
6900 False 0 0.0 0
7000 False 0 0.0 0
7100 True 1 5.154146909713745 0
7200 False 0 0.0 0
7300 False 0 0.0 0
7400 False 0 0.0 0
7500 False 0 0.0 0
7600 False 0 0.0 0
7700 True 0 3.7610082626342773 0
7800 True 0 5.07524299621582 0
7900 False 0 0.0 0
8000 False 0 0.0 0
8100 False 0 0.0 0
8200 False 0 0.0 0
8300 False 0 0.0 0
8400 False 0 0.0 0
8500 False 0 0.0 0
8600 False 0 0.0 0
8700 False 0 0.0 0
8800 True 0 0.008301734924316406 0
8900 False 0 0.0 0
9000 False 0 0.0 0
9100 False 0 0.0 0
9200 True 0 0.007402896881103516 0
9300 False 0 0.0 0
9400 True 0 10.780412197113037 0
9500 False 0 0.0 0
9600 True 0 0.007796049118041992 0
9700 True 0 4.542323350906372 0
9800 False 0 0.0 0
9900 True 0 0.0075244903564453125 0
