0 True 0 0.05386495590209961 0
100 False 0 0.0 0
200 False 0 0.0 0
300 True 0 0.018534421920776367 0
400 True 0 0.0196077823638916 0
500 False 0 0.0 0
600 True 0 0.020503997802734375 0
700 True 0 0.019678354263305664 0
800 True 0 0.01839923858642578 0
900 False 0 0.0 0
1000 True 0 0.01797795295715332 0
1100 False 0 0.0 0
1200 False 0 0.0 0
1300 True 0 0.019533634185791016 0
1400 True 0 0.019319772720336914 0
1500 False 0 0.0 0
1600 False 0 0.0 0
1700 False 0 0.0 0
1800 False 0 0.0 0
1900 True 0 0.01924586296081543 0
2000 False 0 0.0 0
2100 False 0 0.0 0
2200 False 0 0.0 0
2300 True 0 0.018647193908691406 0
2400 True 0 0.019384384155273438 0
2500 False 0 0.0 0
2600 True 0 0.01919698715209961 0
2700 True 0 0.01935720443725586 0
2800 False 0 0.0 0
2900 False 0 0.0 0
3000 True 0 0.018732547760009766 0
3100 True 0 0.017835140228271484 0
3200 False 0 0.0 0
3300 False 0 0.0 0
3400 False 0 0.0 0
3500 True 0 0.017887592315673828 0
3600 False 0 0.0 0
3700 False 0 0.0 0
3800 True 0 0.019457340240478516 0
3900 False 0 0.0 0
4000 False 0 0.0 0
4100 True 0 0.018994808197021484 0
4200 False 0 0.0 0
4300 True 0 0.019673585891723633 0
4400 False 0 0.0 0
4500 False 0 0.0 0
4600 False 0 0.0 0
4700 False 0 0.0 0
4800 True 0 0.019041776657104492 0
4900 False 0 0.0 0
5000 True 0 0.020069122314453125 0
5100 True 1 45.42071771621704 0
5200 True 0 0.020289897918701172 0
5300 False 0 0.0 0
5400 True 0 0.019061803817749023 0
5500 False 0 0.0 0
5600 False 0 0.0 0
5700 False 0 0.0 0
5800 False 0 0.0 0
5900 False 0 0.0 0
6000 True 0 54.454312562942505 0
6100 True 0 43.764628648757935 0
6200 False 0 0.0 0
6300 False 0 0.0 0
6400 False 0 0.0 0
6500 False 0 0.0 0
6600 True 0 0.0207669734954834 0
6700 False 0 0.0 0
6800 True 1 42.38710284233093 0
6900 False 0 0.0 0
7000 False 0 0.0 0
7100 True 0 0.020642995834350586 0
7200 False 0 0.0 0
7300 True 0 0.01867818832397461 0
7400 True 0 0.019531965255737305 0
7500 True 0 0.019405126571655273 0
7600 False 0 0.0 0
7700 True 0 0.018899917602539062 0
7800 True 0 0.02213454246520996 0
7900 False 0 0.0 0
8000 True 0 0.01926445960998535 0
8100 False 0 0.0 0
8200 False 0 0.0 0
8300 False 0 0.0 0
8400 False 0 0.0 0
8500 False 0 0.0 0
8600 True 0 0.018268823623657227 0
8700 True 0 0.018177270889282227 0
8800 True 0 0.018126487731933594 0
8900 False 0 0.0 0
9000 True 0 0.01836848258972168 0
9100 False 0 0.0 0
9200 True 0 0.01847982406616211 0
9300 False 0 0.0 0
9400 False 0 0.0 0
9500 False 0 0.0 0
9600 True 0 0.01875448226928711 0
9700 True 0 0.017867326736450195 0
9800 False 0 0.0 0
9900 False 0 0.0 0
