0 False 0.0 0.0 0
100 False 0.0 0.0 0
200 False 0.0 0.0 0
300 True 0.0 120.65950798988342 1
400 True 0.0 0.37641263008117676 0
500 False 0.0 0.0 0
600 False 0.0 0.0 0
700 True 0.0 0.37882447242736816 0
800 True 0.0 0.36434340476989746 0
900 False 0.0 0.0 0
1000 True 0.0 120.70292687416077 1
1100 False 0.0 0.0 0
1200 False 0.0 0.0 0
1300 False 0.0 0.0 0
1400 True 0.0 1.0849285125732422 0
1500 False 0.0 0.0 0
1600 False 0.0 0.0 0
1700 False 0.0 0.0 0
1800 False 0.0 0.0 0
1900 False 0.0 0.0 0
2000 False 0.0 0.0 0
2100 False 0.0 0.0 0
2200 True 0.0 0.5781223773956299 0
2300 False 0.0 0.0 0
2400 True 0.0 120.76851916313171 1
2500 False 0.0 0.0 0
2600 True 0.0 0.5497665405273438 0
2700 True 0.0 0.5228831768035889 0
2800 False 0.0 0.0 0
2900 False 0.0 0.0 0
3000 True 0.0 0.4725325107574463 0
3100 True 0.0 0.5081799030303955 0
3200 False 0.0 0.0 0
3300 False 0.0 0.0 0
3400 True 0.0 120.68655276298523 1
3500 False 0.0 0.0 0
3600 False 0.0 0.0 0
3700 False 0.0 0.0 0
3800 False 0.0 0.0 0
3900 False 0.0 0.0 0
4000 False 0.0 0.0 0
4100 True 0.0 0.43516063690185547 0
4200 False 0.0 0.0 0
4300 False 0.0 0.0 0
4400 False 0.0 0.0 0
4500 False 0.0 0.0 0
4600 False 0.0 0.0 0
4700 False 0.0 0.0 0
4800 True 0.0 120.7363829612732 1
4900 False 0.0 0.0 0
5000 False 0.0 0.0 0
5100 False 0.0 0.0 0
5200 False 0.0 0.0 0
5300 False 0.0 0.0 0
5400 False 0.0 0.0 0
5500 False 0.0 0.0 0
5600 False 0.0 0.0 0
5700 False 0.0 0.0 0
5800 False 0.0 0.0 0
5900 False 0.0 0.0 0
6000 False 0.0 0.0 0
6100 True 0.0 0.4233877658843994 0
6200 False 0.0 0.0 0
6300 False 0.0 0.0 0
6400 False 0.0 0.0 0
6500 False 0.0 0.0 0
6600 True 0.0 0.41646409034729004 0
6700 True 0.0 120.70326495170593 1
6800 True 0.0 120.65533781051636 1
6900 False 0.0 0.0 0
7000 False 0.0 0.0 0
7100 True 0.0 120.87605547904968 1
7200 False 0.0 0.0 0
7300 True 0.0 1.7997488975524902 0
7400 False 0.0 0.0 0
7500 False 0.0 0.0 0
7600 False 0.0 0.0 0
7700 True 0.0 120.83907461166382 1
7800 True 0.0 120.77827167510986 1
7900 False 0.0 0.0 0
8000 True 0.0 1.7303013801574707 0
8100 True 0.0 1.6725702285766602 0
8200 False 0.0 0.0 0
8300 False 0.0 0.0 0
8400 False 0.0 0.0 0
8500 False 0.0 0.0 0
8600 False 0.0 0.0 0
8700 False 0.0 0.0 0
8800 True 0.0 120.88389229774475 1
8900 False 0.0 0.0 0
9000 False 0.0 0.0 0
9100 False 0.0 0.0 0
9200 True 0.0 0.2710099220275879 0
9300 False 0.0 0.0 0
9400 True 0.0 120.6717541217804 1
9500 False 0.0 0.0 0
9600 True 0.0 0.3864753246307373 0
9700 True 0.0 120.7525200843811 1
9800 False 0.0 0.0 0
9900 False 0.0 0.0 0
