0 True 0 0.04637479782104492 0
100 False 0 0.0 0
200 False 0 0.0 0
300 True 0 0.018494129180908203 0
400 True 0 0.018418550491333008 0
500 False 0 0.0 0
600 False 0 0.0 0
700 True 0 0.01835918426513672 0
800 False 0 0.0 0
900 False 0 0.0 0
1000 True 0 0.018911361694335938 0
1100 False 0 0.0 0
1200 True 0 0.018393993377685547 0
1300 False 0 0.0 0
1400 False 0 0.0 0
1500 True 0 0.018291473388671875 0
1600 False 0 0.0 0
1700 False 0 0.0 0
1800 False 0 0.0 0
1900 True 0 0.01885700225830078 0
2000 False 0 0.0 0
2100 False 0 0.0 0
2200 True 0 0.01832437515258789 0
2300 True 0 0.019616127014160156 0
2400 True 0 60.73089122772217 1
2500 False 0 0.0 0
2600 True 0 0.03365778923034668 0
2700 False 0 0.0 0
2800 True 0 0.0312349796295166 0
2900 False 0 0.0 0
3000 True 0 0.02837538719177246 0
3100 True 0 0.03421950340270996 0
3200 False 0 0.0 0
3300 False 0 0.0 0
3400 False 0 0.0 0
3500 True 0 0.030803203582763672 0
3600 False 0 0.0 0
3700 False 0 0.0 0
3800 True 0 0.031194210052490234 0
3900 True 0 0.03341984748840332 0
4000 False 0 0.0 0
4100 True 0 0.026780366897583008 0
4200 False 0 0.0 0
4300 True 0 0.03535032272338867 0
4400 False 0 0.0 0
4500 False 0 0.0 0
4600 True 0 0.03318452835083008 0
4700 False 0 0.0 0
4800 True 0 0.032614707946777344 0
4900 True 0 0.03240489959716797 0
5000 True 0 0.026351451873779297 0
5100 True 0 60.69840049743652 1
