0 True 0 0.006431102752685547 0
100 True 0 0.007344245910644531 0
200 True 0 0.010900497436523438 0
300 False 0 0.0 0
400 False 0 0.0 0
500 True 0 0.006476879119873047 0
600 True 0 0.006442546844482422 0
700 True 0 0.010305643081665039 0
800 False 0 0.0 0
900 True 0 0.010087251663208008 0
1000 True 0 0.006376028060913086 0
1100 True 0 0.006906986236572266 0
1200 False 0 0.0 0
1300 True 0 0.006375312805175781 0
1400 True 0 0.009539365768432617 0
1500 False 0 0.0 0
1600 True 0 0.006536960601806641 0
1700 True 0 0.007172107696533203 0
1800 True 0 0.009652376174926758 0
1900 True 0 0.010193824768066406 0
2000 True 0 0.006288051605224609 0
2100 False 0 0.0 0
2200 False 0 0.0 0
2300 True 0 0.006445407867431641 0
2400 False 0 0.0 0
2500 False 0 0.0 0
2600 True 0 0.0065271854400634766 0
2700 True 0 0.006169557571411133 0
2800 False 0 0.0 0
2900 True 0 0.00650787353515625 0
3000 True 0 0.006561994552612305 0
3100 False 0 0.0 0
3200 True 0 0.0064089298248291016 0
3300 True 0 0.006657838821411133 0
3400 True 0 0.0063855648040771484 0
3500 True 0 0.00640106201171875 0
3600 False 0 0.0 0
3700 True 0 0.006629467010498047 0
3800 True 0 0.006591796875 0
3900 True 0 0.0064046382904052734 0
4000 False 0 0.0 0
4100 True 0 0.007065534591674805 0
4200 True 0 0.006356954574584961 0
4300 False 0 0.0 0
4400 True 0 0.006420612335205078 0
4500 False 0 0.0 0
4600 True 0 0.00653386116027832 0
4700 True 0 0.006363868713378906 0
4800 True 0 0.0066721439361572266 0
4900 False 0 0.0 0
5000 True 0 0.011127710342407227 0
5100 False 0 0.0 0
5200 True 0 0.006963253021240234 0
5300 True 0 0.006700754165649414 0
5400 True 0 0.006417989730834961 0
5500 True 0 0.009557008743286133 0
5600 True 0 0.006269931793212891 0
5700 True 0 0.010357141494750977 0
5800 True 0 0.007958173751831055 0
5900 True 0 0.006278038024902344 0
6000 False 0 0.0 0
6100 True 0 0.006206989288330078 0
6200 True 0 0.007344484329223633 0
6300 True 0 0.0061798095703125 0
6400 True 0 0.006501913070678711 0
6500 True 0 0.010621786117553711 0
6600 True 0 0.006518363952636719 0
6700 False 0 0.0 0
6800 False 0 0.0 0
6900 True 0 0.007264852523803711 0
7000 True 0 0.007726192474365234 0
7100 False 0 0.0 0
7200 True 0 0.006887912750244141 0
7300 True 0 0.007134914398193359 0
7400 True 0 0.0072553157806396484 0
7500 False 0 0.0 0
7600 True 0 0.007265806198120117 0
7700 True 0 0.007575511932373047 0
7800 False 0 0.0 0
7900 True 0 0.00895071029663086 0
8000 True 0 0.00729680061340332 0
8100 True 0 0.007798910140991211 0
8200 True 0 0.006916999816894531 0
8300 True 0 0.010901689529418945 0
8400 True 0 0.0070705413818359375 0
8500 True 0 0.007643938064575195 0
8600 True 0 0.0075225830078125 0
8700 True 0 0.006980419158935547 0
8800 True 0 0.010431051254272461 0
8900 True 0 0.010984420776367188 0
9000 True 0 0.006842851638793945 0
9100 True 0 0.010494470596313477 0
9200 True 0 0.0102081298828125 0
9300 True 0 0.0067713260650634766 0
9400 True 0 0.010100364685058594 0
9500 True 0 0.006439924240112305 0
9600 True 0 0.006745338439941406 0
9700 False 0 0.0 0
9800 True 0 0.0068933963775634766 0
9900 False 0 0.0 0
