0 True 0.0859375 0.23356056213378906 0
100 True 0.0390625 0.11790871620178223 0
200 True 0.0859375 0.13818669319152832 0
300 False 0.0 0.0 0
400 True 0.0546875 0.1213080883026123 0
500 True 0.09375 0.2844362258911133 0
600 True 0.0625 0.10487985610961914 0
700 True 0.0703125 0.12520241737365723 0
800 True 0.0078125 0.2078719139099121 0
900 True 0.03125 0.09717369079589844 0
1000 True 0.0546875 0.17163777351379395 0
1100 True 0.09375 0.1668071746826172 0
1200 False 0.0 0.0 0
1300 True 0.046875 0.17868542671203613 0
1400 True 0.09375 0.15819787979125977 0
1500 False 0.0 0.0 0
1600 True 0.046875 0.1892259120941162 0
1700 True 0.0546875 0.14136290550231934 0
1800 False 0.0 0.0 0
1900 True 0.0625 0.08701086044311523 0
2000 True 0.0546875 0.2599186897277832 0
2100 True 0.0703125 0.14005661010742188 0
2200 True 0.0234375 0.12364482879638672 0
2300 True 0.0078125 0.11156582832336426 0
2400 True 0.03125 0.16576170921325684 0
2500 True 0.0 0.05575895309448242 0
2600 True 0.0703125 0.1234734058380127 0
2700 True 0.046875 0.20634198188781738 0
2800 True 0.0625 0.12424039840698242 0
2900 True 0.046875 0.16547298431396484 0
3000 True 0.046875 0.11594080924987793 0
3100 True 0.0390625 0.14716339111328125 0
3200 True 0.09375 0.14528203010559082 0
3300 True 0.046875 0.12890005111694336 0
3400 True 0.0859375 0.1664116382598877 0
3500 True 0.078125 0.16204428672790527 0
3600 True 0.046875 0.22618317604064941 0
3700 True 0.0703125 0.2658534049987793 0
3800 True 0.0390625 0.24341964721679688 0
3900 True 0.078125 0.2503221035003662 0
4000 False 0.0 0.0 0
4100 True 0.0703125 0.11791372299194336 0
4200 True 0.078125 0.31411147117614746 0
4300 False 0.0 0.0 0
4400 True 0.046875 0.1194605827331543 0
4500 False 0.0 0.0 0
4600 True 0.109375 0.24683356285095215 0
4700 True 0.0625 0.09340333938598633 0
4800 True 0.1015625 0.3231959342956543 0
4900 True 0.0546875 0.2026078701019287 0
5000 True 0.078125 0.13362646102905273 0
5100 True 0.0078125 0.22352385520935059 0
5200 True 0.046875 0.27922606468200684 0
5300 True 0.078125 0.18735551834106445 0
5400 True 0.09375 0.1384875774383545 0
5500 True 0.078125 0.16098713874816895 0
5600 True 0.0 0.2155921459197998 0
5700 True 0.0703125 0.16553115844726562 0
5800 True 0.0546875 0.16164278984069824 0
5900 True 0.0703125 0.1147012710571289 0
6000 True 0.015625 0.11862373352050781 0
6100 True 0.09375 0.18128705024719238 0
6200 True 0.0625 0.18117141723632812 0
6300 True 0.078125 0.13170456886291504 0
6400 True 0.0 0.10544276237487793 0
6500 True 0.09375 0.10036778450012207 0
6600 True 0.0390625 0.14400339126586914 0
6700 True 0.0390625 0.12570476531982422 0
6800 True 0.046875 0.18337059020996094 0
6900 True 0.0546875 0.14722466468811035 0
7000 True 0.0703125 0.11261320114135742 0
7100 True 0.0703125 0.12506699562072754 0
7200 True 0.0625 0.09853219985961914 0
7300 True 0.0859375 0.16376733779907227 0
7400 True 0.0546875 0.2767362594604492 0
7500 True 0.03125 0.08111286163330078 0
7600 True 0.0703125 0.14031600952148438 0
7700 True 0.046875 0.16622018814086914 0
7800 False 0.0 0.0 0
7900 True 0.0703125 0.1421966552734375 0
8000 True 0.09375 0.16067290306091309 0
8100 True 0.078125 0.13554668426513672 0
8200 True 0.09375 0.18713021278381348 0
8300 True 0.078125 0.23902463912963867 0
8400 True 0.0859375 0.15543818473815918 0
8500 True 0.1015625 0.3093090057373047 0
8600 True 0.078125 0.18349504470825195 0
8700 True 0.0859375 0.17361950874328613 0
8800 True 0.125 0.08285641670227051 0
8900 True 0.0859375 0.1756753921508789 0
9000 True 0.0859375 0.1622912883758545 0
9100 True 0.1015625 0.14995598793029785 0
9200 True 0.0703125 0.11681222915649414 0
9300 True 0.0703125 0.12601184844970703 0
9400 True 0.0390625 0.12799072265625 0
9500 True 0.0703125 0.16185808181762695 0
9600 True 0.0625 0.07062911987304688 0
9700 True 0.0 0.15191340446472168 0
9800 True 0.015625 0.11914825439453125 0
9900 True 0.046875 0.14558911323547363 0
