0 True 0.1015625 0.15034222602844238 0
100 True 0.0390625 0.1078181266784668 0
200 True 0.0546875 0.17873644828796387 0
300 False 0.0 0.0 0
400 False 0.0 0.0 0
500 True 0.1171875 0.323199987411499 0
600 True 0.078125 0.251849889755249 0
700 True 0.1015625 0.27742958068847656 0
800 False 0.0 0.0 0
900 True 0.0625 0.17808175086975098 0
1000 True 0.0234375 0.2254335880279541 0
1100 True 0.1328125 0.2748079299926758 0
1200 False 0.0 0.0 0
1300 True 0.0390625 0.18169927597045898 0
1400 True 0.109375 0.30654191970825195 0
1500 False 0.0 0.0 0
1600 True 0.09375 0.1440868377685547 0
1700 True 0.078125 0.2549874782562256 0
1800 True 0.0 0.17439556121826172 0
1900 True 0.0859375 0.19381475448608398 0
2000 True 0.0625 0.1353759765625 0
2100 False 0.0 0.0 0
2200 False 0.0 0.0 0
2300 True 0.0 0.1447291374206543 0
2400 False 0.0 0.0 0
2500 False 0.0 0.0 0
2600 True 0.03125 0.12394475936889648 0
2700 True 0.0703125 0.1435072422027588 0
2800 False 0.0 0.0 0
2900 True 0.0234375 0.22910404205322266 0
3000 True 0.0703125 0.1210622787475586 0
3100 False 0.0 0.0 0
3200 True 0.109375 0.18024587631225586 0
3300 True 0.0234375 0.10199928283691406 0
3400 True 0.109375 0.1646406650543213 0
3500 True 0.125 0.09134817123413086 0
3600 False 0.0 0.0 0
3700 True 0.109375 0.23920774459838867 0
3800 True 0.03125 0.07480382919311523 0
3900 True 0.125 0.08430218696594238 0
4000 False 0.0 0.0 0
4100 True 0.046875 0.1652698516845703 0
4200 True 0.1015625 0.18879461288452148 0
4300 False 0.0 0.0 0
4400 True 0.0703125 0.11109137535095215 0
4500 False 0.0 0.0 0
4600 True 0.109375 0.14635038375854492 0
4700 True 0.078125 0.14424872398376465 0
4800 True 0.1171875 0.1831653118133545 0
4900 False 0.0 0.0 0
5000 True 0.09375 0.10682845115661621 0
5100 False 0.0 0.0 0
5200 True 0.046875 0.15630722045898438 0
5300 True 0.0234375 0.1457958221435547 0
5400 True 0.03125 0.10309314727783203 0
5500 True 0.109375 0.14173340797424316 0
5600 True 0.0625 0.18157219886779785 0
5700 True 0.09375 0.11609554290771484 0
5800 True 0.078125 0.16727709770202637 0
5900 True 0.125 0.13092446327209473 0
6000 False 0.0 0.0 0
6100 True 0.1328125 0.1162257194519043 0
6200 True 0.0625 0.21794557571411133 0
6300 True 0.1328125 0.12635207176208496 0
6400 True 0.046875 0.13929247856140137 0
6500 True 0.0625 0.10395503044128418 0
6600 True 0.015625 0.11209893226623535 0
6700 False 0.0 0.0 0
6800 False 0.0 0.0 0
6900 True 0.046875 0.11858916282653809 0
7000 True 0.109375 0.14626002311706543 0
7100 False 0.0 0.0 0
7200 True 0.0546875 0.16159510612487793 0
7300 True 0.1171875 0.2407534122467041 0
7400 True 0.0 0.0857248306274414 0
7500 False 0.0 0.0 0
7600 True 0.1171875 0.17461347579956055 0
7700 True 0.0390625 0.15917754173278809 0
7800 False 0.0 0.0 0
7900 True 0.1015625 0.16928911209106445 0
8000 True 0.046875 0.14251470565795898 0
8100 True 0.1328125 0.1122443675994873 0
8200 True 0.109375 0.13416266441345215 0
8300 True 0.0546875 0.17527532577514648 0
8400 True 0.1171875 0.1976318359375 0
8500 True 0.1328125 0.1500539779663086 0
8600 True 0.1328125 0.11060309410095215 0
8700 True 0.1015625 0.17500758171081543 0
8800 True 0.140625 0.12311553955078125 0
8900 True 0.1328125 0.1579303741455078 0
9000 True 0.125 0.0842142105102539 0
9100 True 0.0390625 0.11592674255371094 0
9200 True 0.1015625 0.1434767246246338 0
9300 True 0.0703125 0.10623764991760254 0
9400 True 0.0078125 0.1385819911956787 0
9500 True 0.0390625 0.154465913772583 0
9600 True 0.0546875 0.13712835311889648 0
9700 False 0.0 0.0 0
9800 True 0.0625 0.1547238826751709 0
9900 False 0.0 0.0 0
