0 True 1 0.038511037826538086 0
100 True 0 0.014243125915527344 0
200 False 0 0.0 0
300 False 0 0.0 0
400 True 0 0.009502410888671875 0
500 True 1 0.03970694541931152 0
600 True 1 0.038046836853027344 0
700 True 0 0.014955520629882812 0
800 True 0 0.01916360855102539 0
900 True 0 0.007828474044799805 0
1000 True 0 0.011223554611206055 0
1100 True 1 0.040644168853759766 0
1200 False 0 0.0 0
1300 True 0 0.010901689529418945 0
1400 True 1 0.04028892517089844 0
1500 False 0 0.0 0
1600 False 0 0.0 0
1700 True 0 0.011336088180541992 0
1800 True 0 0.022586822509765625 0
1900 True 0 0.011089086532592773 0
2000 True 0 0.017035722732543945 0
2100 True 0 0.018481969833374023 0
2200 True 0 0.011229276657104492 0
2300 False 0 0.0 0
2400 True 0 0.010615825653076172 0
2500 True 0 0.012020111083984375 0
2600 True 0 0.010655641555786133 0
2700 True 1 0.03930783271789551 0
2800 True 0 0.030667781829833984 0
2900 True 0 0.01730799674987793 0
3000 True 0 0.009677410125732422 0
3100 True 0 0.018462181091308594 0
3200 True 1 0.04051494598388672 0
3300 True 0 0.006368398666381836 0
3400 True 1 0.03889870643615723 0
3500 True 1 0.037430524826049805 0
3600 False 0 0.0 0
3700 True 1 0.039267539978027344 0
3800 True 0 0.010991811752319336 0
3900 True 1 0.03865790367126465 0
4000 True 0 0.021820783615112305 0
4100 True 0 0.01708245277404785 0
4200 True 1 0.0407867431640625 0
4300 True 0 0.011166810989379883 0
4400 True 0 0.011486053466796875 0
4500 True 0 0.006748199462890625 0
4600 True 1 0.039179325103759766 0
4700 True 1 0.041503190994262695 0
4800 True 1 0.038216352462768555 0
4900 True 0 0.01062774658203125 0
5000 True 0 0.023594141006469727 0
5100 False 0 0.0 0
5200 True 1 0.037050724029541016 0
5300 True 0 0.04219412803649902 0
5400 True 0 0.006891489028930664 0
5500 True 1 0.06753778457641602 0
5600 False 0 0.0 0
5700 True 1 0.07855653762817383 0
5800 True 0 0.014527082443237305 0
5900 True 0 0.038889169692993164 0
6000 True 0 0.06726813316345215 0
6100 True 1 0.03831219673156738 0
6200 True 1 0.06668400764465332 0
6300 True 1 0.04491257667541504 0
6400 True 0 0.022327899932861328 0
6500 True 1 0.03729581832885742 0
6600 True 0 0.010748624801635742 0
6700 True 0 0.011191844940185547 0
6800 True 0 0.009923219680786133 0
6900 True 0 0.010324716567993164 0
7000 True 0 0.019844770431518555 0
7100 True 1 0.04078078269958496 0
7200 False 0 0.0 0
7300 True 0 0.008108854293823242 0
7400 True 0 0.019831180572509766 0
7500 True 1 0.041541337966918945 0
7600 True 0 0.03492999076843262 0
7700 True 0 0.01836681365966797 0
7800 False 0 0.0 0
7900 True 0 0.01090860366821289 0
8000 True 1 0.0387418270111084 0
8100 True 1 0.040625572204589844 0
8200 True 1 0.050724029541015625 0
8300 True 1 0.03983879089355469 0
8400 True 1 0.03991270065307617 0
8500 True 1 0.039214134216308594 0
8600 True 0 0.031813859939575195 0
8700 True 1 0.049363136291503906 0
8800 True 1 0.04394030570983887 0
8900 True 1 0.03886556625366211 0
9000 True 1 0.03850746154785156 0
9100 True 0 0.024045705795288086 0
9200 True 0 0.010532379150390625 0
9300 True 1 0.03724360466003418 0
9400 True 0 0.018408536911010742 0
9500 True 1 0.039354801177978516 0
9600 False 0 0.0 0
9700 True 0 0.00668025016784668 0
9800 True 0 0.010433197021484375 0
9900 True 0 0.010847330093383789 0
