0 True 0.125 0.06792688369750977 0
100 True 0.046875 0.1227865219116211 0
200 False 0.0 0.0 0
300 False 0.0 0.0 0
400 True 0.03125 0.06992292404174805 0
500 True 0.1796875 0.1943652629852295 0
600 True 0.109375 0.1659700870513916 0
700 True 0.0703125 0.1305997371673584 0
800 True 0.0546875 0.15484905242919922 0
900 True 0.03125 0.09260749816894531 0
1000 True 0.015625 0.11594843864440918 0
1100 True 0.140625 0.11693620681762695 0
1200 False 0.0 0.0 0
1300 True 0.0625 0.1004323959350586 0
1400 True 0.109375 0.2009108066558838 0
1500 False 0.0 0.0 0
1600 False 0.0 0.0 0
1700 True 0.0703125 0.11625432968139648 0
1800 True 0.03125 0.13037872314453125 0
1900 True 0.0546875 0.18329071998596191 0
2000 True 0.0703125 0.11832761764526367 0
2100 True 0.0703125 0.14028024673461914 0
2200 True 0.03125 0.12743425369262695 0
2300 False 0.0 0.0 0
2400 True 0.03125 0.10334610939025879 0
2500 True 0.0625 0.08312201499938965 0
2600 True 0.078125 0.13891935348510742 0
2700 True 0.09375 0.16778993606567383 0
2800 True 0.0703125 0.1818079948425293 0
2900 True 0.0 0.16912460327148438 0
3000 True 0.0625 0.09154987335205078 0
3100 True 0.078125 0.1352541446685791 0
3200 True 0.1328125 0.14730072021484375 0
3300 True 0.0390625 0.12173342704772949 0
3400 True 0.1328125 0.14061665534973145 0
3500 True 0.171875 0.2137904167175293 0
3600 False 0.0 0.0 0
3700 True 0.125 0.14394736289978027 0
3800 True 0.015625 0.08523440361022949 0
3900 True 0.1015625 0.2075364589691162 0
4000 True 0.0703125 0.14145612716674805 0
4100 True 0.0859375 0.1491706371307373 0
4200 True 0.109375 0.19928407669067383 0
4300 True 0.0078125 0.17039275169372559 0
4400 True 0.046875 0.13240313529968262 0
4500 True 0.0234375 0.1261909008026123 0
4600 True 0.1484375 0.15985798835754395 0
4700 True 0.125 0.11678695678710938 0
4800 True 0.1484375 0.25544238090515137 0
4900 True 0.046875 0.20487380027770996 0
5000 True 0.0703125 0.23891639709472656 0
5100 False 0.0 0.0 0
5200 True 0.109375 0.24283576011657715 0
5300 True 0.0625 0.2938849925994873 0
5400 True 0.0625 0.23060131072998047 0
5500 True 0.1484375 0.21448922157287598 0
5600 False 0.0 0.0 0
5700 True 0.125 0.14807677268981934 0
5800 True 0.0546875 0.16727042198181152 0
5900 True 0.046875 0.20286870002746582 0
6000 True 0.0078125 0.21971368789672852 0
6100 True 0.140625 0.14165782928466797 0
6200 True 0.125 0.10900235176086426 0
6300 True 0.1171875 0.18848490715026855 0
6400 True 0.0703125 0.26981306076049805 0
6500 True 0.1171875 0.21070361137390137 0
6600 True 0.0625 0.10214710235595703 0
6700 True 0.0234375 0.274172306060791 0
6800 True 0.0234375 0.26171064376831055 0
6900 True 0.0703125 0.11881327629089355 0
7000 True 0.078125 0.1502394676208496 0
7100 True 0.1015625 0.15324950218200684 0
7200 False 0.0 0.0 0
7300 True 0.03125 0.1955091953277588 0
7400 True 0.0390625 0.18161702156066895 0
7500 True 0.1015625 0.17111825942993164 0
7600 True 0.0859375 0.1608872413635254 0
7700 True 0.0859375 0.17573928833007812 0
7800 False 0.0 0.0 0
7900 True 0.0546875 0.17104005813598633 0
8000 True 0.140625 0.10210514068603516 0
8100 True 0.09375 0.1530771255493164 0
8200 True 0.1484375 0.16735124588012695 0
8300 True 0.1015625 0.19915771484375 0
8400 True 0.125 0.13111162185668945 0
8500 True 0.1640625 0.30086541175842285 0
8600 True 0.0859375 0.16202807426452637 0
8700 True 0.09375 0.14231348037719727 0
8800 True 0.125 0.11499571800231934 0
8900 True 0.125 0.16509604454040527 0
9000 True 0.1484375 0.13294386863708496 0
9100 True 0.0703125 0.18747401237487793 0
9200 True 0.078125 0.10185861587524414 0
9300 True 0.109375 0.13965225219726562 0
9400 True 0.09375 0.1286468505859375 0
9500 True 0.140625 0.16082453727722168 0
9600 False 0.0 0.0 0
9700 True 0.03125 0.0839536190032959 0
9800 True 0.0859375 0.1581113338470459 0
9900 True 0.0859375 0.14933562278747559 0
