0 True 0 0.048193931579589844 0
100 True 0 0.05161118507385254 0
200 True 0 0.05110025405883789 0
300 False 0 0.0 0
400 True 0 0.057218313217163086 0
500 True 0 0.047686100006103516 0
600 True 0 0.052867889404296875 0
700 True 0 0.05011439323425293 0
800 False 0 0.0 0
900 True 0 0.04875469207763672 0
1000 True 0 0.08497095108032227 0
1100 True 0 0.04913449287414551 0
1200 False 0 0.0 0
1300 True 0 0.06382036209106445 0
1400 True 0 0.049364328384399414 0
1500 False 0 0.0 0
1600 True 0 0.04919791221618652 0
1700 True 0 0.0476834774017334 0
1800 True 0 0.049587249755859375 0
1900 True 0 0.056040287017822266 0
2000 True 0 0.07810068130493164 0
2100 True 0 0.04881405830383301 0
2200 True 0 0.05002641677856445 0
2300 True 0 0.04849743843078613 0
2400 False 0 0.0 0
2500 False 0 0.0 0
2600 True 0 0.04821014404296875 0
2700 True 0 0.0651249885559082 0
2800 True 0 0.08942961692810059 0
2900 True 0 0.08502316474914551 0
3000 True 0 0.060588836669921875 0
3100 True 0 0.052670955657958984 0
3200 True 0 0.05553030967712402 0
3300 True 0 0.04736614227294922 0
3400 True 0 0.05071210861206055 0
3500 True 0 0.055792808532714844 0
3600 True 0 0.04676413536071777 0
3700 True 0 0.04865694046020508 0
3800 True 0 0.05890083312988281 0
3900 True 0 0.05591607093811035 0
4000 False 0 0.0 0
4100 True 0 0.07565498352050781 0
4200 True 0 0.04758501052856445 0
4300 False 0 0.0 0
4400 True 0 0.049619436264038086 0
4500 False 0 0.0 0
4600 True 0 0.059522151947021484 0
4700 True 0 0.0535738468170166 0
4800 True 0 0.05427360534667969 0
4900 True 0 0.07227301597595215 0
5000 True 0 0.05609607696533203 0
5100 False 0 0.0 0
5200 True 0 0.047663211822509766 0
5300 True 0 0.04780936241149902 0
5400 True 0 0.05789041519165039 0
5500 True 0 0.0567479133605957 0
5600 True 0 0.048232316970825195 0
5700 True 0 0.04724717140197754 0
5800 True 0 0.05168867111206055 0
5900 True 0 0.04924488067626953 0
6000 True 0 0.067291259765625 0
6100 True 0 0.07878589630126953 0
6200 True 0 0.048865318298339844 0
6300 True 0 0.06094002723693848 0
6400 True 0 0.05748271942138672 0
6500 True 0 0.05706787109375 0
6600 True 0 0.052796125411987305 0
6700 True 0 0.0521092414855957 0
6800 True 0 0.04847908020019531 0
6900 True 0 0.05572342872619629 0
7000 True 0 0.05592083930969238 0
7100 True 0 0.055619001388549805 0
7200 True 0 0.05649065971374512 0
7300 True 0 0.0491788387298584 0
7400 True 0 0.08648419380187988 0
7500 True 0 0.053186893463134766 0
7600 True 0 0.048838138580322266 0
7700 True 0 0.055806636810302734 0
7800 False 0 0.0 0
7900 True 0 0.04792451858520508 0
8000 True 0 0.049370527267456055 0
8100 True 0 0.05606698989868164 0
8200 True 0 0.04726767539978027 0
8300 True 0 0.04804730415344238 0
8400 True 0 0.048249006271362305 0
8500 True 0 0.07870793342590332 0
8600 True 0 0.04743480682373047 0
8700 True 0 0.047682762145996094 0
8800 True 0 0.04701995849609375 0
8900 True 0 0.04865241050720215 0
9000 True 0 0.04790902137756348 0
9100 True 0 0.057028770446777344 0
9200 True 0 0.04847073554992676 0
9300 True 0 0.05019569396972656 0
9400 True 0 0.06131458282470703 0
9500 True 0 0.0562434196472168 0
9600 True 0 0.050394535064697266 0
9700 False 0 0.0 0
9800 True 0 0.0788717269897461 0
9900 True 0 0.04899287223815918 0
