0 True 0 0.04859352111816406 0
100 True 0 0.04834270477294922 0
200 True 0 0.07245063781738281 0
300 True 0 0.04875826835632324 0
400 True 0 0.1045384407043457 0
500 True 0 0.04830789566040039 0
600 True 0 0.05715799331665039 0
700 True 0 0.060846805572509766 0
800 True 0 0.04963564872741699 0
900 True 0 0.048737287521362305 0
1000 True 0 0.04850649833679199 0
1100 True 0 0.048262834548950195 0
1200 True 0 0.04716849327087402 0
1300 True 0 0.06180238723754883 0
1400 True 0 0.05026698112487793 0
1500 False 0 0.0 0
1600 True 0 0.04948115348815918 0
1700 True 0 0.05267906188964844 0
1800 True 0 0.04958796501159668 0
1900 True 0 0.050137996673583984 0
2000 True 0 0.06891965866088867 0
2100 True 0 0.03925466537475586 0
2200 True 0 0.05671262741088867 0
2300 True 0 0.048707008361816406 0
2400 True 0 0.05759692192077637 0
2500 True 0 0.04957270622253418 0
2600 True 0 0.05211305618286133 0
2700 True 0 0.04771161079406738 0
2800 True 0 0.05155301094055176 0
2900 True 0 0.04741215705871582 0
3000 True 0 0.06273484230041504 0
3100 True 0 0.048573970794677734 0
3200 True 0 0.04853391647338867 0
3300 True 0 0.04808974266052246 0
3400 True 0 0.06792330741882324 0
3500 True 0 0.0484771728515625 0
3600 True 0 0.05214238166809082 0
3700 True 0 0.061023712158203125 0
3800 True 0 0.04902315139770508 0
3900 True 0 0.05818819999694824 0
4000 True 0 0.04925966262817383 0
4100 True 0 0.04901933670043945 0
4200 True 0 0.04770469665527344 0
4300 False 0 0.0 0
4400 True 0 0.06090354919433594 0
4500 False 0 0.0 0
4600 True 0 0.04844832420349121 0
4700 True 0 0.04871654510498047 0
4800 True 0 0.04798722267150879 0
4900 True 0 0.0470128059387207 0
5000 True 0 0.04882216453552246 0
5100 True 0 0.07892060279846191 0
5200 True 0 0.049950599670410156 0
5300 True 0 0.048815250396728516 0
5400 True 0 0.047189950942993164 0
5500 True 0 0.04704618453979492 0
5600 True 0 0.05706381797790527 0
5700 True 0 0.07223987579345703 0
5800 True 0 0.054201364517211914 0
5900 True 0 0.05960249900817871 0
6000 True 0 0.05324506759643555 0
6100 True 0 0.04920220375061035 0
6200 True 0 0.04906821250915527 0
6300 True 0 0.04844164848327637 0
6400 True 0 0.04939746856689453 0
6500 True 0 0.041521310806274414 0
6600 True 0 0.048796892166137695 0
6700 True 0 0.04896831512451172 0
6800 True 0 0.056925296783447266 0
6900 True 0 0.0577700138092041 0
7000 True 0 0.05895662307739258 0
7100 True 0 0.060178518295288086 0
7200 True 0 0.056638479232788086 0
7300 True 0 0.05067729949951172 0
7400 True 0 0.05154275894165039 0
7500 True 0 0.05718994140625 0
7600 True 0 0.055902719497680664 0
7700 True 0 0.052631378173828125 0
7800 True 0 0.048133134841918945 0
7900 True 0 0.04811382293701172 0
8000 True 0 0.04847407341003418 0
8100 True 0 0.048311710357666016 0
8200 True 0 0.05718564987182617 0
8300 True 0 0.05682539939880371 0
8400 True 0 0.048166751861572266 0
8500 True 0 0.04917311668395996 0
8600 True 0 0.03874468803405762 0
8700 True 0 0.047872066497802734 0
8800 True 0 0.05568218231201172 0
8900 True 0 0.06695556640625 0
9000 True 0 0.08393979072570801 0
9100 True 0 0.0560610294342041 0
9200 True 0 0.048496246337890625 0
9300 True 0 0.04793238639831543 0
9400 True 0 0.048854827880859375 0
9500 True 0 0.04892253875732422 0
9600 True 0 0.048775672912597656 0
9700 True 0 0.04852581024169922 0
9800 True 0 0.047948598861694336 0
9900 True 0 0.07921147346496582 0
