0 True 0 0.053824663162231445 0
100 True 0 0.04071950912475586 0
200 True 0 0.04881620407104492 0
300 False 0 0.0 0
400 True 0 0.0492703914642334 0
500 True 0 0.21938133239746094 0
600 True 0 0.0496826171875 0
700 False 0 0.0 0
800 True 0 0.23201894760131836 0
900 True 0 0.047815799713134766 0
1000 False 0 0.0 0
1100 True 0 0.048682212829589844 0
1200 False 0 0.0 0
1300 True 0 0.04735541343688965 0
1400 True 0 0.10380029678344727 0
1500 False 0 0.0 0
1600 False 0 0.0 0
1700 True 0 0.12888145446777344 0
1800 False 0 0.0 0
1900 False 0 0.0 0
2000 True 0 0.048140764236450195 0
2100 True 0 0.06768608093261719 0
2200 True 0 0.0557706356048584 0
2300 False 0 0.0 0
2400 False 0 0.0 0
2500 False 0 0.0 0
2600 True 0 0.10601806640625 0
2700 True 0 0.049011945724487305 0
2800 False 0 0.0 0
2900 False 0 0.0 0
3000 True 0 0.04916691780090332 0
3100 True 0 0.05164837837219238 0
3200 True 0 0.18060660362243652 0
3300 True 0 0.04977846145629883 0
3400 True 0 0.04869389533996582 0
3500 True 0 0.16725707054138184 0
3600 False 0 0.0 0
3700 True 0 0.04867959022521973 0
3800 True 0 0.05013632774353027 0
3900 True 0 0.049201011657714844 0
4000 False 0 0.0 0
4100 False 0 0.0 0
4200 True 0 0.047269344329833984 0
4300 False 0 0.0 0
4400 True 0 0.04769253730773926 0
4500 True 0 0.07809567451477051 0
4600 True 0 0.04928874969482422 0
4700 True 0 0.0718541145324707 0
4800 True 0 0.05144071578979492 0
4900 True 0 0.05660271644592285 0
5000 True 0 0.08021998405456543 0
5100 True 0 0.05712413787841797 0
5200 True 0 0.05164504051208496 0
5300 True 0 0.10422253608703613 0
5400 False 0 0.0 0
5500 True 1 0.4828908443450928 0
5600 True 0 0.03847837448120117 0
5700 True 0 0.056372642517089844 0
5800 True 0 0.16082382202148438 0
5900 True 0 0.16003632545471191 0
6000 True 0 0.047594308853149414 0
6100 True 1 0.5034985542297363 0
6200 True 0 0.05976986885070801 0
6300 True 0 0.1430034637451172 0
6400 False 0 0.0 0
6500 True 0 0.04738616943359375 0
6600 False 0 0.0 0
6700 True 0 0.05216526985168457 0
6800 True 0 0.05778145790100098 0
6900 True 0 0.07325077056884766 0
7000 True 0 0.050482988357543945 0
7100 False 0 0.0 0
7200 True 0 0.1132504940032959 0
7300 True 0 0.07772016525268555 0
7400 True 0 0.23932504653930664 0
7500 True 0 0.11097192764282227 0
7600 True 0 0.054767608642578125 0
7700 True 0 0.04895734786987305 0
7800 False 0 0.0 0
7900 False 0 0.0 0
8000 True 0 0.35063719749450684 0
8100 True 0 0.04735398292541504 0
8200 True 1 0.6845450401306152 0
8300 False 0 0.0 0
8400 True 0 0.04691267013549805 0
8500 True 1 0.5140273571014404 0
8600 True 0 0.05653691291809082 0
8700 True 0 0.22483301162719727 0
8800 True 1 0.5009665489196777 0
8900 True 0 0.038643598556518555 0
9000 True 0 0.05629992485046387 0
9100 True 0 0.13696050643920898 0
9200 True 0 0.047658681869506836 0
9300 True 0 0.04819130897521973 0
9400 True 0 0.21750187873840332 0
9500 True 0 0.1048438549041748 0
9600 True 0 0.05536818504333496 0
9700 True 0 0.048439741134643555 0
9800 True 0 0.2802848815917969 0
9900 True 0 0.04964947700500488 0
