0 True 0.1171875 2.438802719116211 0
100 True 0.046875 1.5763790607452393 0
200 True 0.0546875 2.1167352199554443 0
300 True 0.0078125 1.3195180892944336 0
400 True 0.0703125 1.1185939311981201 0
500 True 0.109375 1.839982271194458 0
600 True 0.1015625 1.464714527130127 0
700 True 0.09375 1.1842453479766846 0
800 True 0.1171875 2.2400829792022705 0
900 True 0.0390625 1.612098217010498 0
1000 True 0.0625 1.3080167770385742 0
1100 True 0.109375 1.8173646926879883 0
1200 True 0.0078125 1.1923494338989258 0
1300 True 0.0703125 1.6483163833618164 0
1400 True 0.109375 1.9302256107330322 0
1500 False 0.0 0.0 0
1600 True 0.0859375 1.9324378967285156 0
1700 True 0.0859375 1.8287615776062012 0
1800 True 0.03125 1.5782341957092285 0
1900 True 0.0390625 1.7808880805969238 0
2000 True 0.0625 1.2384037971496582 0
2100 True 0.1015625 1.9832725524902344 0
2200 True 0.03125 1.516160249710083 0
2300 True 0.0390625 1.7685301303863525 0
2400 True 0.046875 1.6588852405548096 0
2500 True 0.046875 1.478572130203247 0
2600 True 0.109375 1.8895466327667236 0
2700 True 0.09375 1.415351390838623 0
2800 True 0.0859375 2.4671695232391357 0
2900 True 0.0625 1.3602416515350342 0
3000 True 0.0859375 2.030482292175293 0
3100 True 0.015625 1.273181676864624 0
3200 True 0.140625 1.2875325679779053 0
3300 True 0.0703125 1.3852496147155762 0
3400 True 0.109375 2.2848122119903564 0
3500 True 0.1328125 1.5886499881744385 0
3600 True 0.078125 1.2796804904937744 0
3700 True 0.125 1.0509412288665771 0
3800 True 0.0390625 1.591507911682129 0
3900 True 0.0859375 2.477649688720703 0
4000 True 0.0546875 1.9196505546569824 0
4100 True 0.109375 1.6191320419311523 0
4200 True 0.109375 1.780740737915039 0
4300 True 0.0078125 1.9269194602966309 0
4400 True 0.078125 1.460968255996704 0
4500 False 0.0 0.0 0
4600 True 0.125 0.9739599227905273 0
4700 True 0.109375 1.920271635055542 0
4800 True 0.1328125 1.0320720672607422 0
4900 True 0.046875 1.903860330581665 0
5000 True 0.1015625 1.906036376953125 0
5100 True 0.0546875 2.121363878250122 0
5200 True 0.1015625 1.7768502235412598 0
5300 True 0.125 1.079014778137207 0
5400 True 0.1015625 2.05519700050354 0
5500 True 0.140625 1.3077750205993652 0
5600 True 0.109375 1.9600474834442139 0
5700 True 0.1015625 2.11454176902771 0
5800 True 0.0625 2.362049102783203 0
5900 True 0.109375 1.9241297245025635 0
6000 True 0.1015625 2.2905240058898926 0
6100 True 0.1484375 1.9407589435577393 0
6200 True 0.125 1.7990078926086426 0
6300 True 0.1015625 1.9202229976654053 0
6400 True 0.046875 1.7932465076446533 0
6500 True 0.09375 1.5045390129089355 0
6600 True 0.03125 1.2412354946136475 0
6700 True 0.078125 1.950941562652588 0
6800 True 0.09375 1.7699940204620361 0
6900 True 0.078125 1.5869195461273193 0
7000 True 0.0703125 1.175074577331543 0
7100 True 0.1171875 2.498873472213745 0
7200 True 0.0078125 1.2839107513427734 0
7300 True 0.1484375 1.8058662414550781 0
7400 True 0.0234375 1.365035057067871 0
7500 True 0.0703125 1.8580000400543213 0
7600 True 0.1015625 1.9131383895874023 0
7700 True 0.078125 2.090169668197632 0
7800 False 0.0 0.0 0
7900 True 0.0703125 1.6725540161132812 0
8000 True 0.078125 1.4721899032592773 0
8100 True 0.0625 1.6351516246795654 0
8200 True 0.1015625 2.1561403274536133 0
8300 True 0.140625 2.254810333251953 0
8400 True 0.125 0.9617125988006592 0
8500 True 0.125 1.056983470916748 0
8600 True 0.078125 1.7204656600952148 0
8700 True 0.125 1.3763139247894287 0
8800 True 0.109375 1.8025660514831543 0
8900 True 0.09375 2.2641043663024902 0
9000 True 0.1171875 2.559953451156616 0
9100 True 0.1328125 1.5125112533569336 0
9200 True 0.09375 1.0492277145385742 0
9300 True 0.1328125 1.263368844985962 0
9400 True 0.078125 1.5474419593811035 0
9500 True 0.1328125 1.8496036529541016 0
9600 True 0.1171875 2.4596641063690186 0
9700 True 0.0 1.0708527565002441 0
9800 True 0.0625 0.9707167148590088 0
9900 True 0.046875 2.152813196182251 0
