0 True 0.015625 0.9069533348083496 0
100 True 0.015625 0.6292872428894043 0
200 True 0.03125 0.9626178741455078 0
300 True 0.0 0.7584290504455566 0
400 True 0.015625 0.8414332866668701 0
500 True 0.0390625 1.4453752040863037 0
600 True 0.015625 1.3694217205047607 0
700 True 0.015625 1.308809757232666 0
800 True 0.0 0.9935977458953857 0
900 True 0.0078125 0.9966244697570801 0
1000 True 0.0078125 1.0880565643310547 0
1100 True 0.0234375 1.4429008960723877 0
1200 True 0.0078125 1.0042884349822998 0
1300 True 0.015625 1.321946144104004 0
1400 True 0.0234375 1.3755383491516113 0
1500 False 0.0 0.0 0
1600 True 0.0078125 0.8508777618408203 0
1700 True 0.0234375 1.0654869079589844 0
1800 False 0.0 0.0 0
1900 True 0.015625 1.0629558563232422 0
2000 True 0.015625 0.8444900512695312 0
2100 True 0.0234375 1.5029857158660889 0
2200 True 0.0078125 1.2101178169250488 0
2300 True 0.015625 1.0359599590301514 0
2400 True 0.015625 1.2467544078826904 0
2500 True 0.0078125 0.9262042045593262 0
2600 True 0.0234375 1.5793843269348145 0
2700 True 0.015625 1.0901293754577637 0
2800 True 0.0234375 1.4556605815887451 0
2900 True 0.015625 0.8323879241943359 0
3000 True 0.015625 0.9862499237060547 0
3100 True 0.015625 1.1683833599090576 0
3200 True 0.03125 1.0273211002349854 0
3300 True 0.015625 0.991288423538208 0
3400 True 0.0234375 1.7196688652038574 0
3500 True 0.03125 0.9589941501617432 0
3600 True 0.0234375 1.4639356136322021 0
3700 True 0.0234375 1.3812549114227295 0
3800 True 0.015625 0.8647339344024658 0
3900 True 0.015625 1.2738218307495117 0
4000 False 0.0 0.0 0
4100 True 0.015625 1.0410640239715576 0
4200 True 0.015625 1.1448116302490234 0
4300 False 0.0 0.0 0
4400 True 0.0078125 1.0975348949432373 0
4500 False 0.0 0.0 0
4600 True 0.03125 0.9748866558074951 0
4700 True 0.0234375 1.30698561668396 0
4800 True 0.0234375 1.0338850021362305 0
4900 True 0.015625 0.9481041431427002 0
5000 True 0.015625 1.4332292079925537 0
5100 True 0.0078125 1.280531883239746 0
5200 True 0.015625 1.42000412940979 0
5300 True 0.0234375 1.3493905067443848 0
5400 True 0.03125 0.8187100887298584 0
5500 True 0.0234375 1.7969365119934082 0
5600 False 0.0 0.0 0
5700 True 0.0234375 1.6033532619476318 0
5800 True 0.015625 1.6165838241577148 0
5900 True 0.0234375 1.5315890312194824 0
6000 True 0.0078125 1.2555537223815918 0
6100 True 0.0390625 1.6866240501403809 0
6200 True 0.0234375 1.550358772277832 0
6300 True 0.0234375 1.516326904296875 0
6400 True 0.0 1.0051567554473877 0
6500 True 0.03125 0.6099386215209961 0
6600 True 0.015625 1.2145390510559082 0
6700 True 0.015625 0.9748501777648926 0
6800 True 0.0234375 1.2321929931640625 0
6900 True 0.015625 0.9716289043426514 0
7000 True 0.015625 0.8631124496459961 0
7100 True 0.015625 0.8119022846221924 0
7200 True 0.0078125 1.0203590393066406 0
7300 True 0.0234375 1.749525785446167 0
7400 True 0.0234375 1.4093027114868164 0
7500 True 0.015625 0.9674403667449951 0
7600 True 0.0234375 1.5295250415802002 0
7700 True 0.015625 0.9717485904693604 0
7800 False 0.0 0.0 0
7900 True 0.0078125 1.4342048168182373 0
8000 True 0.046875 1.3233880996704102 0
8100 True 0.0234375 1.6541790962219238 0
8200 True 0.03125 0.9110102653503418 0
8300 True 0.03125 1.1083972454071045 0
8400 True 0.0234375 1.4763703346252441 0
8500 True 0.0390625 1.4930682182312012 0
8600 True 0.0234375 1.3404545783996582 0
8700 True 0.0234375 1.4972965717315674 0
8800 True 0.0390625 1.4450325965881348 0
8900 True 0.0234375 1.2646198272705078 0
9000 True 0.03125 0.9788792133331299 0
9100 True 0.03125 0.9974236488342285 0
9200 True 0.0234375 1.470287561416626 0
9300 True 0.0234375 1.445948600769043 0
9400 True 0.0234375 1.2653942108154297 0
9500 True 0.0078125 1.0169317722320557 0
9600 True 0.03125 0.7914636135101318 0
9700 False 0.0 0.0 0
9800 True 0.015625 0.8850436210632324 0
9900 True 0.015625 1.0519452095031738 0
