0 True 1 0.5347075462341309 0
100 True 0 0.1617734432220459 0
200 True 1 0.470181941986084 0
300 True 0 0.11943864822387695 0
400 True 1 0.4491720199584961 0
500 True 1 0.42664051055908203 0
600 True 1 0.515805721282959 0
700 True 1 0.5094096660614014 0
800 True 0 0.266432523727417 0
900 True 0 0.1686708927154541 0
1000 True 0 0.22501015663146973 0
1100 True 1 0.5036153793334961 0
1200 True 0 0.055418968200683594 0
1300 True 1 0.5012249946594238 0
1400 True 1 0.6527070999145508 0
1500 False 0 0.0 0
1600 True 0 0.2752366065979004 0
1700 True 1 0.5972013473510742 0
1800 False 0 0.0 0
1900 True 1 0.5259299278259277 0
2000 True 0 0.18722820281982422 0
2100 True 1 0.5783677101135254 0
2200 True 0 0.28823375701904297 0
2300 True 0 0.10557937622070312 0
2400 True 0 0.4627666473388672 0
2500 True 0 0.09400701522827148 0
2600 True 1 0.5106325149536133 0
2700 True 1 0.504248857498169 0
2800 True 1 0.456667423248291 0
2900 True 0 0.1763930320739746 0
3000 True 1 0.33159875869750977 0
3100 True 0 0.21910905838012695 0
3200 True 1 0.5220043659210205 0
3300 True 1 0.5038242340087891 0
3400 True 1 0.5225372314453125 0
3500 True 1 0.5132598876953125 0
3600 True 1 0.5219213962554932 0
3700 True 1 0.5097708702087402 0
3800 True 0 0.22185397148132324 0
3900 True 1 0.4325425624847412 0
4000 False 0 0.0 0
4100 True 1 0.3511524200439453 0
4200 True 1 0.5042119026184082 0
4300 False 0 0.0 0
4400 True 0 0.11130738258361816 0
4500 False 0 0.0 0
4600 True 1 0.5614778995513916 0
4700 True 1 0.5146150588989258 0
4800 True 1 0.49727725982666016 0
4900 True 1 0.5213594436645508 0
5000 True 1 0.5080060958862305 0
5100 True 0 0.17466354370117188 0
5200 True 1 0.5060214996337891 0
5300 True 1 0.4987752437591553 0
5400 True 1 0.5098295211791992 0
5500 True 1 0.5069150924682617 0
5600 False 0 0.0 0
5700 True 1 0.39345407485961914 0
5800 True 1 0.4066758155822754 0
5900 True 1 0.541693925857544 0
6000 True 0 0.44872117042541504 0
6100 True 1 0.5368530750274658 0
6200 True 1 0.5141541957855225 0
6300 True 1 0.5051960945129395 0
6400 True 0 0.23028874397277832 0
6500 True 1 0.5038371086120605 0
6600 True 1 0.5090367794036865 0
6700 True 0 0.3446822166442871 0
6800 True 1 0.3152174949645996 0
6900 True 0 0.17007207870483398 0
7000 True 1 0.5715515613555908 0
7100 True 1 0.5212063789367676 0
7200 True 0 0.21613740921020508 0
7300 True 1 0.5296993255615234 0
7400 True 1 0.5068480968475342 0
7500 True 1 0.4248311519622803 0
7600 True 1 0.5225117206573486 0
7700 True 1 0.4978508949279785 0
7800 False 0 0.0 0
7900 True 0 0.45621299743652344 0
8000 True 1 0.43546199798583984 0
8100 True 1 0.5416107177734375 0
8200 True 1 0.49931764602661133 0
8300 True 1 0.5189507007598877 0
8400 True 1 0.5151400566101074 0
8500 True 1 0.5068874359130859 0
8600 True 1 0.5233020782470703 0
8700 True 1 0.5139601230621338 0
8800 True 1 0.505265474319458 0
8900 True 1 0.4987468719482422 0
9000 True 1 0.5403683185577393 0
9100 True 1 0.6032001972198486 0
9200 True 1 0.5352118015289307 0
9300 True 1 0.543053388595581 0
9400 True 1 0.5170655250549316 0
9500 True 0 0.16920948028564453 0
9600 True 1 0.5034623146057129 0
9700 False 0 0.0 0
9800 True 0 0.38769030570983887 0
9900 True 1 0.47338438034057617 0
