0 True 0.078125 3.69950008392334 0
100 True 0.0625 2.3706843852996826 0
200 True 0.0625 2.6301891803741455 0
300 True 0.0546875 4.909748077392578 0
400 True 0.0703125 3.21186900138855 0
500 True 0.0859375 5.202980041503906 0
600 True 0.078125 3.709852457046509 0
700 True 0.078125 3.4556431770324707 0
800 True 0.046875 4.475255727767944 0
900 True 0.03125 3.131028413772583 0
1000 True 0.0546875 5.146491527557373 0
1100 True 0.078125 4.248921155929565 0
1200 True 0.0390625 4.03376579284668 0
1300 True 0.0703125 3.5304644107818604 0
1400 True 0.078125 3.8905138969421387 0
1500 True 0.015625 2.377817153930664 0
1600 True 0.0546875 6.326399803161621 0
1700 True 0.078125 3.8061671257019043 0
1800 True 0.0546875 4.75920033454895 0
1900 True 0.0703125 3.175485372543335 0
2000 True 0.0625 2.7299745082855225 0
2100 True 0.0703125 4.857532978057861 0
2200 True 0.0703125 4.168279409408569 0
2300 True 0.0703125 4.5242760181427 0
2400 True 0.0703125 4.146343469619751 0
2500 True 0.0703125 3.938253402709961 0
2600 True 0.0703125 3.7541210651397705 0
2700 True 0.0703125 3.6348156929016113 0
2800 True 0.0625 3.757716417312622 0
2900 True 0.0625 2.6676406860351562 0
3000 True 0.0625 3.8041787147521973 0
3100 True 0.0390625 4.5613133907318115 0
3200 True 0.078125 3.5415189266204834 0
3300 True 0.0625 2.4794275760650635 0
3400 True 0.0859375 4.910846471786499 0
3500 True 0.0859375 5.51857852935791 0
3600 True 0.078125 3.513965368270874 0
3700 True 0.078125 3.7602341175079346 0
3800 True 0.0625 2.8443331718444824 0
3900 True 0.078125 3.863126277923584 0
4000 True 0.0546875 6.087719678878784 0
4100 True 0.0625 3.609128952026367 0
4200 True 0.078125 3.843284845352173 0
4300 True 0.0390625 4.755965232849121 0
4400 True 0.0390625 3.5672214031219482 0
4500 True 0.0 1.451291799545288 0
4600 True 0.0859375 4.906216621398926 0
4700 True 0.0703125 4.3833067417144775 0
4800 True 0.0859375 4.9392640590667725 0
4900 True 0.0703125 3.9343461990356445 0
5000 True 0.0703125 4.248621463775635 0
5100 True 0.0546875 5.055127382278442 0
5200 True 0.0625 4.919332504272461 0
5300 True 0.0703125 3.8507871627807617 0
5400 True 0.078125 3.3474233150482178 0
5500 True 0.078125 4.4270524978637695 0
5600 True 0.015625 5.0198140144348145 0
5700 True 0.0703125 3.1934711933135986 0
5800 True 0.0625 3.7797951698303223 0
5900 True 0.078125 4.2019264698028564 0
6000 True 0.0625 3.8196098804473877 0
6100 True 0.078125 4.45096492767334 0
6200 True 0.078125 3.981172800064087 0
6300 True 0.078125 3.847119092941284 0
6400 True 0.046875 3.9843380451202393 0
6500 True 0.078125 4.485602378845215 0
6600 True 0.0703125 4.035903692245483 0
6700 True 0.0546875 4.275299310684204 0
6800 True 0.0859375 4.898191690444946 0
6900 True 0.0703125 3.670100212097168 0
7000 True 0.078125 3.7441294193267822 0
7100 True 0.0703125 4.342725515365601 0
7200 True 0.0546875 5.209145784378052 0
7300 True 0.0703125 4.5167694091796875 0
7400 True 0.078125 4.447652816772461 0
7500 True 0.0703125 4.1219422817230225 0
7600 True 0.078125 3.3521909713745117 0
7700 True 0.0625 3.352835178375244 0
7800 True 0.0390625 3.690247058868408 0
7900 True 0.046875 5.003559350967407 0
8000 True 0.0703125 3.40796160697937 0
8100 True 0.0703125 3.4347758293151855 0
8200 True 0.0703125 3.9468765258789062 0
8300 True 0.0859375 4.537039279937744 0
8400 True 0.0703125 4.958513021469116 0
8500 True 0.0859375 5.851477146148682 0
8600 True 0.078125 3.859201192855835 0
8700 True 0.0625 3.171266794204712 0
8800 True 0.0859375 4.832488775253296 0
8900 True 0.0703125 4.014102935791016 0
9000 True 0.078125 3.67680025100708 0
9100 True 0.0859375 5.469105005264282 0
9200 True 0.0859375 5.138634920120239 0
9300 True 0.0859375 5.055984020233154 0
9400 True 0.0546875 4.767210245132446 0
9500 True 0.046875 4.505820274353027 0
9600 True 0.078125 3.9154305458068848 0
9700 True 0.03125 3.8365797996520996 0
9800 True 0.0625 3.626675605773926 0
9900 True 0.0546875 4.917821645736694 0
