0 True 0 0.14470934867858887 0
100 True 0 0.1399235725402832 0
200 True 0 0.1381218433380127 0
300 True 0 0.13142943382263184 0
400 True 0 0.1743621826171875 0
500 True 0 0.2761871814727783 0
600 True 0 0.16689085960388184 0
700 True 0 0.1511225700378418 0
800 True 0 0.26907849311828613 0
900 True 0 0.26880908012390137 0
1000 True 0 0.2683553695678711 0
1100 True 0 0.2674829959869385 0
1200 True 0 0.2418978214263916 0
1300 True 0 0.145721435546875 0
1400 True 0 0.2016916275024414 0
1500 True 0 0.14802789688110352 0
1600 True 0 0.26074671745300293 0
1700 True 0 0.13356947898864746 0
1800 True 0 0.1472461223602295 0
1900 True 0 0.14866065979003906 0
2000 True 0 0.145643949508667 0
2100 True 0 0.14697027206420898 0
2200 True 0 0.14082860946655273 0
2300 True 0 0.13776063919067383 0
2400 True 0 0.14104342460632324 0
2500 True 0 0.14244556427001953 0
2600 True 0 0.1388692855834961 0
2700 True 0 0.23885631561279297 0
2800 True 0 0.1616201400756836 0
2900 True 0 0.22176170349121094 0
3000 True 0 0.12884759902954102 0
3100 True 0 0.14262080192565918 0
3200 True 0 0.13326811790466309 0
3300 True 0 0.12887978553771973 0
3400 True 0 0.14575934410095215 0
3500 True 0 0.4357738494873047 0
3600 True 0 0.18328595161437988 0
3700 True 0 0.2620699405670166 0
3800 True 0 0.26220011711120605 0
3900 True 0 0.2563748359680176 0
4000 True 0 0.28493332862854004 0
4100 True 0 0.3806777000427246 0
4200 True 0 0.14074397087097168 0
4300 True 0 0.14923715591430664 0
4400 True 0 0.14368867874145508 0
4500 True 0 0.14938759803771973 0
4600 True 0 0.29151225090026855 0
4700 True 0 0.141221284866333 0
4800 True 0 0.1425788402557373 0
4900 True 0 0.16218090057373047 0
5000 True 0 0.15059876441955566 0
5100 True 0 0.22631335258483887 0
5200 True 0 0.13094258308410645 0
5300 True 0 0.24134516716003418 0
5400 True 0 0.19826841354370117 0
5500 True 0 0.27687907218933105 0
5600 True 0 0.14098262786865234 0
5700 True 0 0.1816701889038086 0
5800 True 0 0.14890456199645996 0
5900 True 0 0.1321253776550293 0
6000 True 0 0.2670266628265381 0
6100 True 0 0.7934250831604004 0
6200 True 0 0.2683699131011963 0
6300 True 0 0.2609260082244873 0
6400 True 0 0.1440904140472412 0
6500 True 0 0.2597479820251465 0
6600 True 0 0.18400907516479492 0
6700 True 0 0.26023387908935547 0
6800 True 0 0.16797161102294922 0
6900 True 0 0.2712972164154053 0
7000 True 0 0.25067806243896484 0
7100 True 0 0.4249298572540283 0
7200 True 0 0.21304893493652344 0
7300 True 0 0.24679112434387207 0
7400 True 0 0.21920490264892578 0
7500 True 0 0.16613125801086426 0
7600 True 0 0.24343037605285645 0
7700 True 0 0.19540619850158691 0
7800 True 0 0.1280958652496338 0
7900 True 0 0.13134217262268066 0
8000 True 0 0.13922500610351562 0
8100 True 0 0.1443958282470703 0
8200 True 0 0.13550162315368652 0
8300 True 0 0.1478409767150879 0
8400 True 0 0.1723310947418213 0
8500 True 0 0.6090924739837646 0
8600 True 0 0.2656822204589844 0
8700 True 0 0.20703649520874023 0
8800 True 0 0.4613912105560303 0
8900 True 0 0.15540385246276855 0
9000 True 0 0.13463926315307617 0
9100 True 0 0.512669563293457 0
9200 True 0 0.1405658721923828 0
9300 True 0 0.4735093116760254 0
9400 True 0 0.23958849906921387 0
9500 True 0 0.2860372066497803 0
9600 True 0 0.23071670532226562 0
9700 True 0 0.141524076461792 0
9800 True 0 0.2393038272857666 0
9900 True 0 0.21649432182312012 0
