0 True 1 1.443415641784668 0
100 True 1 1.263199806213379 0
200 True 0 1.1053175926208496 0
300 True 1 1.2865097522735596 0
400 True 1 1.2142174243927002 0
500 True 1 1.281118631362915 0
600 True 1 1.5847249031066895 0
700 True 1 1.3267784118652344 0
800 True 1 1.2877898216247559 0
900 False 0 0.0 0
1000 True 1 1.2604799270629883 0
1100 True 1 1.3955566883087158 0
1200 True 0 1.3475532531738281 0
1300 True 1 1.233471393585205 0
1400 True 1 1.265655279159546 0
1500 True 0 0.5190045833587646 0
1600 True 1 1.9791364669799805 0
1700 True 1 1.2689447402954102 0
1800 True 1 1.3100080490112305 0
1900 True 1 1.2194020748138428 0
2000 True 1 1.231217384338379 0
2100 True 1 1.3631176948547363 0
2200 True 1 1.4035916328430176 0
2300 True 1 1.2384650707244873 0
2400 True 1 1.3237767219543457 0
2500 True 1 1.3678431510925293 0
2600 True 1 1.2947380542755127 0
2700 True 1 1.898972511291504 0
2800 True 1 1.5814399719238281 0
2900 True 1 1.512162685394287 0
3000 True 1 1.3001642227172852 0
3100 True 1 1.415393352508545 0
3200 True 1 1.7833409309387207 0
3300 True 1 1.6142725944519043 0
3400 True 1 1.275867223739624 0
3500 True 1 1.2853219509124756 0
3600 True 1 1.7605290412902832 0
3700 True 1 1.4297559261322021 0
3800 True 1 1.2619960308074951 0
3900 True 1 1.3856782913208008 0
4000 True 1 1.657149314880371 0
4100 True 1 1.3196568489074707 0
4200 True 1 1.6996009349822998 0
4300 True 0 0.8883388042449951 0
4400 True 1 1.5903630256652832 0
4500 True 0 0.30892062187194824 0
4600 True 1 1.5303115844726562 0
4700 True 1 1.2442600727081299 0
4800 True 1 1.3266477584838867 0
4900 True 1 1.6890809535980225 0
5000 True 1 1.2441303730010986 0
5100 True 1 1.698878288269043 0
5200 True 1 1.6299359798431396 0
5300 True 1 1.4235303401947021 0
5400 True 1 1.1858739852905273 0
5500 True 1 1.5113437175750732 0
5600 True 1 1.5025405883789062 0
5700 True 1 1.9518828392028809 0
5800 True 1 1.311030387878418 0
5900 True 1 1.2926478385925293 0
6000 True 1 1.5142812728881836 0
6100 True 1 1.3281562328338623 0
6200 True 1 1.3356883525848389 0
6300 True 1 1.2209222316741943 0
6400 True 1 1.3457622528076172 0
6500 True 1 1.8916327953338623 0
6600 True 1 1.5572032928466797 0
6700 True 1 1.3739302158355713 0
6800 True 1 1.271925926208496 0
6900 True 1 1.3981726169586182 0
7000 True 1 1.2109763622283936 0
7100 True 1 1.3168044090270996 0
7200 True 1 1.429767370223999 0
7300 True 1 1.7356066703796387 0
7400 True 1 1.437624454498291 0
7500 True 1 1.3744609355926514 0
7600 True 1 1.2567195892333984 0
7700 True 1 1.431710958480835 0
7800 True 0 0.5252737998962402 0
7900 True 1 1.2531721591949463 0
8000 True 1 1.2957758903503418 0
8100 True 1 1.2842273712158203 0
8200 True 1 1.2961528301239014 0
8300 True 1 1.4313888549804688 0
8400 True 1 1.456723928451538 0
8500 True 1 1.5582382678985596 0
8600 True 1 1.2446362972259521 0
8700 True 1 1.3341162204742432 0
8800 True 1 1.2975060939788818 0
8900 True 1 1.217632532119751 0
9000 True 1 1.2933893203735352 0
9100 True 1 1.2930998802185059 0
9200 True 1 1.2285130023956299 0
9300 True 1 1.3059992790222168 0
9400 True 0 0.6773743629455566 0
9500 True 1 1.268465518951416 0
9600 True 1 1.250925064086914 0
9700 True 1 1.2436249256134033 0
9800 True 1 1.2583165168762207 0
9900 True 1 1.334540843963623 0
