0 True 1 1.2265596389770508 0
100 True 1 1.225038766860962 0
200 True 1 1.216623067855835 0
300 True 0 0.2783057689666748 0
400 True 1 1.247690200805664 0
500 True 1 1.2119698524475098 0
600 True 1 1.2628707885742188 0
700 True 0 1.1074185371398926 0
800 True 1 1.2617056369781494 0
900 True 0 0.4135282039642334 0
1000 True 0 0.5584592819213867 0
1100 True 1 1.250997543334961 0
1200 True 0 0.5145800113677979 0
1300 True 1 1.3000226020812988 0
1400 True 1 1.3544917106628418 0
1500 True 0 0.27078676223754883 0
1600 True 0 0.6899087429046631 0
1700 True 1 1.3174798488616943 0
1800 True 0 0.4226353168487549 0
1900 True 1 1.2908482551574707 0
2000 True 1 1.2779514789581299 0
2100 True 1 1.3112022876739502 0
2200 True 1 1.2592172622680664 0
2300 True 1 1.2654829025268555 0
2400 True 1 1.2409536838531494 0
2500 True 1 1.2456600666046143 0
2600 True 1 1.267242431640625 0
2700 True 0 0.5379154682159424 0
2800 True 1 1.223336935043335 0
2900 True 1 1.2685625553131104 0
3000 True 1 1.2554380893707275 0
3100 True 0 0.556361198425293 0
3200 True 1 1.2551243305206299 0
3300 True 1 1.8891067504882812 0
3400 True 1 1.7712244987487793 0
3500 True 1 1.2317993640899658 0
3600 True 1 1.2203116416931152 0
3700 True 1 1.2399005889892578 0
3800 True 0 0.8409445285797119 0
3900 True 1 1.255113124847412 0
4000 True 0 0.6946475505828857 0
4100 True 1 1.252124547958374 0
4200 True 1 1.250685214996338 0
4300 True 0 0.5824439525604248 0
4400 True 0 0.27899813652038574 0
4500 True 0 0.277482271194458 0
4600 True 1 1.2549586296081543 0
4700 True 1 1.221374273300171 0
4800 True 1 1.2264621257781982 0
4900 True 1 1.24920654296875 0
5000 True 1 1.4847009181976318 0
5100 True 0 0.7021982669830322 0
5200 True 0 1.280909538269043 0
5300 True 1 1.2409687042236328 0
5400 True 1 1.272282600402832 0
5500 True 1 1.2651522159576416 0
5600 False 0 0.0 0
5700 True 1 1.249803066253662 0
5800 True 0 1.0965232849121094 0
5900 True 1 1.3438127040863037 0
6000 True 1 1.234166145324707 0
6100 True 1 1.337184190750122 0
6200 True 1 1.5224642753601074 0
6300 True 1 1.274930715560913 0
6400 True 0 0.3512754440307617 0
6500 True 1 1.3352136611938477 0
6600 True 1 1.2385709285736084 0
6700 True 1 1.2584307193756104 0
6800 True 1 1.2738971710205078 0
6900 True 1 1.262279748916626 0
7000 True 0 0.28566575050354004 0
7100 True 1 1.4169232845306396 0
7200 True 1 1.2717552185058594 0
7300 True 1 1.279099702835083 0
7400 True 1 1.2801833152770996 0
7500 True 1 1.3061885833740234 0
7600 True 1 1.3188152313232422 0
7700 True 1 1.2424616813659668 0
7800 True 0 0.45381832122802734 0
7900 True 0 1.1576581001281738 0
8000 True 1 1.2285842895507812 0
8100 True 0 1.1878094673156738 0
8200 True 1 1.304999589920044 0
8300 True 1 1.3077776432037354 0
8400 True 1 1.5832853317260742 0
8500 True 1 1.3022971153259277 0
8600 True 1 1.2628538608551025 0
8700 True 1 1.2489166259765625 0
8800 True 1 1.247511386871338 0
8900 True 1 1.3546204566955566 0
9000 True 1 1.5063166618347168 0
9100 True 1 1.3561856746673584 0
9200 True 1 1.2474606037139893 0
9300 True 1 1.3887567520141602 0
9400 True 1 1.2535021305084229 0
9500 True 0 0.9669325351715088 0
9600 True 1 1.431290626525879 0
9700 True 0 0.1352863311767578 0
9800 True 1 1.2348871231079102 0
9900 True 0 0.6991672515869141 0
