0 True 0 4.025907278060913 0
100 True 0 4.0043840408325195 0
200 True 0 4.161288738250732 0
300 True 0 4.035252571105957 0
400 True 0 4.208200931549072 0
500 True 0 4.140918731689453 0
600 True 0 4.028576135635376 0
700 True 0 4.0479207038879395 0
800 True 0 3.9453275203704834 0
900 True 0 3.9801201820373535 0
1000 True 0 4.561434984207153 0
1100 True 0 4.330040693283081 0
1200 True 0 4.225745439529419 0
1300 True 0 3.906712055206299 0
1400 True 0 4.36974573135376 0
1500 True 0 4.179757595062256 0
1600 True 0 4.394122838973999 0
1700 True 0 4.02836537361145 0
1800 True 0 4.230169773101807 0
1900 True 0 4.3062379360198975 0
2000 True 0 4.256107568740845 0
2100 True 0 3.9070076942443848 0
2200 True 0 4.135224103927612 0
2300 True 0 3.94459867477417 0
2400 True 0 4.287698745727539 0
2500 True 0 3.954745292663574 0
2600 True 0 4.080141544342041 0
2700 True 0 3.9053525924682617 0
2800 True 0 4.199018955230713 0
2900 True 0 3.962826728820801 0
3000 True 0 3.931764602661133 0
3100 True 0 3.9967966079711914 0
3200 True 0 4.381046295166016 0
3300 True 0 4.5337488651275635 0
3400 True 0 4.335795640945435 0
3500 True 0 3.9231276512145996 0
3600 True 0 4.40322470664978 0
3700 True 0 4.4763734340667725 0
3800 True 0 4.257822275161743 0
3900 True 0 4.2025229930877686 0
4000 True 0 4.458669900894165 0
4100 True 0 4.417393445968628 0
4200 True 0 4.026817321777344 0
4300 True 0 3.9861769676208496 0
4400 True 0 4.212739706039429 0
4500 True 0 4.0187764167785645 0
4600 True 0 4.08003568649292 0
4700 True 0 4.399982213973999 0
4800 True 0 3.904789447784424 0
4900 True 0 4.008868455886841 0
5000 True 0 3.9263226985931396 0
5100 True 0 3.96878719329834 0
5200 True 0 4.460313558578491 0
5300 True 0 4.023380756378174 0
5400 True 0 3.879225254058838 0
5500 True 0 4.3882505893707275 0
5600 True 0 4.333696126937866 0
5700 True 0 4.299543619155884 0
5800 True 0 4.072127342224121 0
5900 True 0 4.830588102340698 0
6000 True 0 3.9494473934173584 0
6100 True 0 4.137829303741455 0
6200 True 0 4.08821439743042 0
6300 True 0 4.113987684249878 0
6400 True 0 3.948744058609009 0
6500 True 0 3.9222939014434814 0
6600 True 0 4.030404567718506 0
6700 True 0 4.152778387069702 0
6800 True 0 4.328324794769287 0
6900 True 0 3.866790771484375 0
7000 True 0 4.347708225250244 0
7100 True 0 4.078628778457642 0
7200 True 0 4.365056276321411 0
7300 True 0 4.275451421737671 0
7400 True 0 4.474836349487305 0
7500 True 0 4.132935047149658 0
7600 True 0 4.372173547744751 0
7700 True 0 4.331628084182739 0
7800 True 0 4.432074308395386 0
7900 True 0 4.221436977386475 0
8000 True 0 4.383294582366943 0
8100 True 0 4.168376922607422 0
8200 True 0 4.020090341567993 0
8300 True 0 4.1843650341033936 0
8400 True 0 4.188710927963257 0
8500 True 0 4.1736133098602295 0
8600 True 0 4.1559083461761475 0
8700 True 0 4.418445825576782 0
8800 True 0 4.5333287715911865 0
8900 True 0 4.655167579650879 0
9000 True 0 4.401919603347778 0
9100 True 0 4.18004035949707 0
9200 True 0 4.304653644561768 0
9300 True 0 4.155250787734985 0
9400 True 0 4.301301002502441 0
9500 True 0 4.2539215087890625 0
9600 True 0 4.0049355030059814 0
9700 True 0 3.887442111968994 0
9800 True 0 4.348556280136108 0
9900 True 0 3.902890205383301 0
