0 True 0 4.0584776401519775 0
100 True 0 4.091419458389282 0
200 True 0 4.106425523757935 0
300 True 0 4.178648471832275 0
400 True 0 4.0799338817596436 0
500 True 0 4.511919260025024 0
600 True 0 4.025636196136475 0
700 True 0 4.40075159072876 0
800 True 0 3.965465545654297 0
900 True 0 4.234043598175049 0
1000 True 0 3.930399179458618 0
1100 True 0 4.0649073123931885 0
1200 True 0 4.0145416259765625 0
1300 True 0 4.140701055526733 0
1400 True 0 4.279007196426392 0
1500 True 0 4.112341642379761 0
1600 True 0 4.184284210205078 0
1700 True 0 4.089540481567383 0
1800 True 0 3.9917800426483154 0
1900 True 0 3.9923431873321533 0
2000 True 0 4.2121193408966064 0
2100 True 0 3.98209547996521 0
2200 True 0 3.9941251277923584 0
2300 True 0 4.439521789550781 0
2400 True 0 4.459636449813843 0
2500 True 0 4.3413286209106445 0
2600 True 0 4.144867897033691 0
2700 True 0 4.161214828491211 0
2800 True 0 4.281196117401123 0
2900 True 0 4.201919794082642 0
3000 True 0 4.164159536361694 0
3100 True 0 4.2102391719818115 0
3200 True 0 4.114828586578369 0
3300 True 0 4.127756118774414 0
3400 True 0 4.132443189620972 0
3500 True 0 4.222834348678589 0
3600 True 0 4.5332746505737305 0
3700 True 0 4.191288709640503 0
3800 True 0 4.108511209487915 0
3900 True 0 4.022868394851685 0
4000 True 0 4.23379921913147 0
4100 True 0 4.007596969604492 0
4200 True 0 3.950237274169922 0
4300 True 0 3.9119927883148193 0
4400 True 0 4.069717168807983 0
4500 True 0 3.9312286376953125 0
4600 True 0 4.01980185508728 0
4700 True 0 4.252723693847656 0
4800 True 0 4.381937265396118 0
4900 True 0 4.130211591720581 0
5000 True 0 4.156341314315796 0
5100 True 0 4.814093112945557 0
5200 True 0 4.112398147583008 0
5300 True 0 4.2095441818237305 0
5400 True 0 4.3902060985565186 0
5500 True 0 4.280497312545776 0
5600 True 0 4.487595558166504 0
5700 True 0 4.528300762176514 0
5800 True 0 4.2110068798065186 0
5900 True 0 4.069190502166748 0
6000 True 0 4.029247045516968 0
6100 True 0 4.223081827163696 0
6200 True 0 4.269284725189209 0
6300 True 0 4.102629899978638 0
6400 True 0 4.525524139404297 0
6500 True 0 4.131131410598755 0
6600 True 0 4.027417182922363 0
6700 True 0 4.541019678115845 0
6800 True 0 4.147753953933716 0
6900 True 0 4.468571186065674 0
7000 True 0 4.557469367980957 0
7100 True 0 4.08630108833313 0
7200 True 0 4.021572828292847 0
7300 True 0 3.9703638553619385 0
7400 True 0 4.003773927688599 0
7500 True 0 4.368027925491333 0
7600 True 0 4.12762975692749 0
7700 True 0 4.072281360626221 0
7800 True 0 4.161028146743774 0
7900 True 0 4.168841600418091 0
8000 True 0 4.154858589172363 0
8100 True 0 4.074545860290527 0
8200 True 0 4.1398420333862305 0
8300 True 0 4.127407073974609 0
8400 True 0 4.049346446990967 0
8500 True 0 4.58869743347168 0
8600 True 0 3.999885320663452 0
8700 True 0 4.527679204940796 0
8800 True 0 4.547878980636597 0
8900 True 0 4.133873462677002 0
9000 True 0 4.190139532089233 0
9100 True 0 4.244012117385864 0
9200 True 0 4.117594003677368 0
9300 True 0 4.197197675704956 0
9400 True 0 4.497024297714233 0
9500 True 0 4.517969131469727 0
9600 True 0 4.268845319747925 0
9700 True 0 4.188968896865845 0
9800 True 0 4.4570276737213135 0
9900 True 0 3.9357662200927734 0
