0 True 0.0703125 97.73797965049744 0
100 True 0.046875 120.56645107269287 1
200 True 0.046875 120.99861097335815 1
300 True 0.046875 120.77249717712402 1
400 True 0.046875 120.56480765342712 1
500 True 0.078125 94.89026808738708 0
600 True 0.0625 73.533931016922 0
700 True 0.0625 69.79616498947144 0
800 True 0.046875 116.59062266349792 0
900 True 0.015625 83.01383709907532 0
1000 True 0.046875 117.24760842323303 0
1100 True 0.0625 73.11917567253113 0
1200 True 0.0390625 94.42013931274414 0
1300 True 0.0625 59.48873496055603 0
1400 True 0.0625 77.3096718788147 0
1500 True 0.03125 71.2261528968811 0
1600 True 0.03125 120.64575099945068 1
1700 True 0.0703125 96.36099576950073 0
1800 True 0.046875 120.7326717376709 1
1900 True 0.046875 119.01171684265137 0
2000 True 0.046875 121.00185894966125 1
2100 True 0.0625 102.85151529312134 0
2200 True 0.0703125 91.91704797744751 0
2300 True 0.0625 96.93078637123108 0
2400 True 0.0625 70.40191292762756 0
2500 True 0.0625 67.91007828712463 0
2600 True 0.0625 73.79271626472473 0
2700 True 0.0625 66.38918685913086 0
2800 True 0.046875 120.99231457710266 1
2900 True 0.046875 121.00904250144958 1
3000 True 0.046875 120.56154918670654 1
3100 True 0.046875 113.97227048873901 0
3200 True 0.0625 68.61472415924072 0
3300 True 0.046875 121.01153922080994 1
3400 True 0.0703125 104.05969572067261 0
3500 True 0.0703125 100.34491038322449 0
3600 True 0.0625 67.27460670471191 0
3700 True 0.0625 90.50905847549438 0
3800 True 0.0625 56.28827357292175 0
3900 True 0.0625 60.27474236488342 0
4000 True 0.046875 120.9710283279419 1
4100 True 0.046875 108.45011949539185 0
4200 True 0.0703125 100.50124406814575 0
4300 True 0.0390625 107.01248049736023 0
4400 True 0.046875 100.59793949127197 0
4500 True 0.015625 69.45564270019531 0
4600 True 0.078125 90.34130239486694 0
4700 True 0.046875 120.53581118583679 1
4800 True 0.0703125 101.44414949417114 0
4900 True 0.046875 120.80893588066101 1
5000 True 0.0625 79.7472620010376 0
5100 True 0.046875 120.52517223358154 1
5200 True 0.0625 82.87968921661377 0
5300 True 0.0625 60.88004493713379 0
5400 True 0.0703125 104.81837677955627 0
5500 True 0.0703125 116.42021799087524 0
5600 True 0.03125 120.99461627006531 1
5700 True 0.0625 86.80365538597107 0
5800 True 0.0625 74.24012184143066 0
5900 True 0.0625 76.09493088722229 0
6000 True 0.046875 120.55172491073608 1
6100 True 0.0703125 99.25639533996582 0
6200 True 0.0625 83.97953581809998 0
6300 True 0.0625 107.0611777305603 0
6400 True 0.0390625 107.73133492469788 0
6500 True 0.0703125 99.70051383972168 0
6600 True 0.0625 77.32828068733215 0
6700 True 0.046875 113.24850606918335 0
6800 True 0.078125 88.90071249008179 0
6900 True 0.0625 62.65953779220581 0
7000 True 0.0625 63.44031739234924 0
7100 True 0.046875 120.7617826461792 1
7200 True 0.046875 108.09123015403748 0
7300 True 0.0625 89.95016860961914 0
7400 True 0.046875 120.77912950515747 1
7500 True 0.0625 61.10701274871826 0
7600 True 0.0625 88.74728751182556 0
7700 True 0.046875 120.7164695262909 1
7800 True 0.046875 106.65785789489746 0
7900 True 0.046875 90.49676060676575 0
8000 True 0.0625 57.627644538879395 0
8100 True 0.0625 62.63193702697754 0
8200 True 0.0625 88.05179190635681 0
8300 True 0.0703125 102.57549500465393 0
8400 True 0.0625 88.42120456695557 0
8500 True 0.0703125 95.16307592391968 0
8600 True 0.0625 61.2793185710907 0
8700 True 0.046875 120.64023566246033 1
8800 True 0.078125 94.29958820343018 0
8900 True 0.0625 73.68506717681885 0
9000 True 0.0703125 104.97151231765747 0
9100 True 0.078125 93.1455328464508 0
9200 True 0.0703125 94.24475193023682 0
9300 True 0.0703125 102.97642254829407 0
9400 True 0.0625 73.24543333053589 0
9500 True 0.046875 106.89438056945801 0
9600 True 0.0625 86.76604390144348 0
9700 True 0.0 120.9623532295227 1
9800 True 0.0625 67.50163340568542 0
9900 True 0.046875 121.01867389678955 1
