0 True 0.15625 120.76964831352234 1
100 True 0.09375 120.58648705482483 1
200 True 0.09375 120.74754214286804 1
300 True 0.125 65.72164344787598 0
400 True 0.125 66.19193577766418 0
500 True 0.140625 107.22690963745117 0
600 True 0.140625 120.77573680877686 1
700 True 0.140625 121.10434103012085 1
800 True 0.125 69.63756394386292 0
900 True 0.0625 90.98895907402039 0
1000 True 0.09375 120.51626634597778 1
1100 True 0.125 111.06810712814331 0
1200 True 0.078125 115.12229228019714 0
1300 True 0.15625 110.01178002357483 0
1400 True 0.1328125 117.3191614151001 0
1500 True 0.03125 99.87398338317871 0
1600 True 0.09375 120.83603239059448 1
1700 True 0.140625 120.60949492454529 1
1800 True 0.125 99.31604886054993 0
1900 True 0.09375 120.63056254386902 1
2000 True 0.09375 120.95160436630249 1
2100 True 0.125 120.61696219444275 1
2200 True 0.140625 118.71254849433899 0
2300 True 0.140625 120.93502140045166 1
2400 True 0.09375 120.91291332244873 1
2500 True 0.125 73.63128185272217 0
2600 True 0.09375 120.79933047294617 1
2700 True 0.140625 113.54365730285645 0
2800 True 0.09375 120.85019540786743 1
2900 True 0.09375 120.81241869926453 1
3000 True 0.09375 120.78084087371826 1
3100 True 0.09375 120.6838903427124 1
3200 True 0.09375 120.9484076499939 1
3300 True 0.125 75.82868146896362 0
3400 True 0.15625 120.94126796722412 1
3500 True 0.15625 121.05818748474121 1
3600 True 0.1328125 98.42746496200562 0
3700 True 0.140625 120.74201440811157 1
3800 True 0.125 112.82421064376831 0
3900 True 0.125 99.72199034690857 0
4000 True 0.09375 121.03063368797302 1
4100 True 0.09375 120.59638714790344 1
4200 True 0.1328125 108.15642547607422 0
4300 True 0.046875 120.77610802650452 1
4400 True 0.09375 105.59966158866882 0
4500 True 0.0 43.71880888938904 0
4600 True 0.15625 120.88137793540955 1
4700 True 0.1328125 113.18685507774353 0
4800 True 0.15625 115.48886561393738 0
4900 True 0.125 70.58165431022644 0
5000 True 0.140625 120.92615151405334 1
5100 True 0.09375 120.70068740844727 1
5200 True 0.125 120.56896829605103 1
5300 True 0.09375 120.72077560424805 1
5400 True 0.140625 120.57424592971802 1
5500 True 0.15625 120.69597864151001 1
5600 True 0.03125 120.95483088493347 1
5700 True 0.140625 120.81624746322632 1
5800 True 0.1328125 119.08206915855408 0
5900 True 0.15625 107.80051326751709 0
6000 True 0.09375 121.00265336036682 1
6100 True 0.125 113.45179605484009 0
6200 True 0.125 120.73491835594177 1
6300 True 0.15625 121.07075142860413 1
6400 True 0.09375 120.77115845680237 1
6500 True 0.140625 120.50303483009338 1
6600 True 0.1328125 108.41725063323975 0
6700 True 0.09375 120.58294010162354 1
6800 True 0.15625 100.96991515159607 0
6900 True 0.140625 116.58342933654785 0
7000 True 0.15625 120.51352405548096 1
7100 True 0.1328125 103.65533018112183 0
7200 True 0.09375 107.8925313949585 0
7300 True 0.140625 120.91593980789185 1
7400 True 0.09375 120.83541440963745 1
7500 True 0.09375 121.0171389579773 1
7600 True 0.15625 120.94835209846497 1
7700 True 0.125 120.74901461601257 1
7800 True 0.09375 120.94517731666565 1
7900 True 0.09375 121.01328563690186 1
8000 True 0.1328125 99.90256357192993 0
8100 True 0.140625 120.80518102645874 1
8200 True 0.140625 118.33932566642761 0
8300 True 0.140625 111.12414193153381 0
8400 True 0.140625 120.58990025520325 1
8500 True 0.15625 120.60316967964172 1
8600 True 0.140625 120.59883451461792 1
8700 True 0.1328125 118.78349328041077 0
8800 True 0.15625 120.83870840072632 1
8900 True 0.1328125 115.90153741836548 0
9000 True 0.140625 120.99336218833923 1
9100 True 0.15625 120.64278793334961 1
9200 True 0.15625 121.19197654724121 1
9300 True 0.1875 121.08858966827393 1
9400 True 0.09375 120.6769278049469 1
9500 True 0.09375 120.61664843559265 1
9600 True 0.09375 120.94687032699585 1
9700 True 0.078125 120.89970541000366 1
9800 True 0.140625 99.5761890411377 0
9900 True 0.09375 120.78274130821228 1
