0 True 0.1875 121.0844099521637 1
100 True 0.1875 107.74695444107056 0
200 True 0.125 120.96836233139038 1
300 True 0.1875 99.73256874084473 0
400 True 0.1875 99.75354814529419 0
500 True 0.203125 120.60075545310974 1
600 True 0.1875 121.04522013664246 1
700 True 0.1875 120.71626710891724 1
800 True 0.1328125 114.1926498413086 0
900 True 0.125 92.59770655632019 0
1000 True 0.15625 120.98587560653687 1
1100 True 0.15625 120.92948913574219 1
1200 True 0.125 58.442039489746094 0
1300 True 0.15625 120.65649271011353 1
1400 True 0.1875 108.50283026695251 0
1500 True 0.046875 103.55686283111572 0
1600 True 0.09375 120.65233111381531 1
1700 True 0.1875 120.98678994178772 1
1800 True 0.15625 120.5771713256836 1
1900 True 0.09375 101.30438232421875 0
2000 True 0.15625 120.59480333328247 1
2100 True 0.1875 120.93736672401428 1
2200 True 0.1875 100.53886270523071 0
2300 True 0.1875 120.73222923278809 1
2400 True 0.15625 120.7410933971405 1
2500 True 0.1875 108.16141557693481 0
2600 True 0.1875 120.89783096313477 1
2700 True 0.140625 121.18463802337646 1
2800 True 0.15625 120.52526712417603 1
2900 True 0.15625 120.68572640419006 1
3000 True 0.1875 120.76465177536011 1
3100 True 0.140625 121.03391361236572 1
3200 True 0.1875 114.12397503852844 0
3300 True 0.125 114.44089937210083 0
3400 True 0.1875 120.95417475700378 1
3500 True 0.1875 108.83852934837341 0
3600 True 0.15625 120.90463900566101 1
3700 True 0.1875 120.91180157661438 1
3800 True 0.1875 118.38773274421692 0
3900 True 0.15625 120.94303703308105 1
4000 True 0.09375 121.07257843017578 1
4100 True 0.1328125 115.4842119216919 0
4200 True 0.1875 95.2271671295166 0
4300 True 0.0 120.93608808517456 1
4400 True 0.1328125 102.78645372390747 0
4500 False 0.0 0.0 0
4600 True 0.203125 120.981121301651 1
4700 True 0.125 120.68565726280212 1
4800 True 0.1875 121.03554248809814 1
4900 True 0.15625 120.61772775650024 1
5000 True 0.15625 121.10948824882507 1
5100 True 0.125 112.20314860343933 0
5200 True 0.1875 115.466561794281 0
5300 True 0.1875 120.84706449508667 1
5400 True 0.1875 99.59852576255798 0
5500 True 0.203125 120.82387161254883 1
5600 True 0.125 120.74285221099854 1
5700 True 0.1875 99.33211541175842 0
5800 True 0.1875 120.72446942329407 1
5900 True 0.1875 120.52767848968506 1
6000 True 0.1875 120.79859972000122 1
6100 True 0.15625 120.70342111587524 1
6200 True 0.15625 121.02599096298218 1
6300 True 0.1875 120.78327417373657 1
6400 True 0.15625 120.75205683708191 1
6500 True 0.1875 120.85627484321594 1
6600 True 0.09375 120.83483266830444 1
6700 True 0.1328125 111.1011917591095 0
6800 True 0.1875 117.93655204772949 0
6900 True 0.203125 120.98556542396545 1
7000 True 0.15625 120.79581594467163 1
7100 True 0.078125 99.8236677646637 0
7200 True 0.09375 120.60211491584778 1
7300 True 0.1875 120.59498453140259 1
7400 True 0.1875 101.26784634590149 0
7500 True 0.15625 120.66043901443481 1
7600 True 0.1875 120.86683464050293 1
7700 True 0.15625 120.86774134635925 1
7800 True 0.15625 120.99287962913513 1
7900 True 0.15625 91.98096799850464 0
8000 True 0.15625 120.86636328697205 1
8100 True 0.1875 120.68211340904236 1
8200 True 0.1875 120.72715902328491 1
8300 True 0.1875 120.85097241401672 1
8400 True 0.1875 121.12477111816406 1
8500 True 0.1875 120.92327332496643 1
8600 True 0.1875 121.07156324386597 1
8700 True 0.1875 120.63807034492493 1
8800 True 0.1875 120.67097210884094 1
8900 True 0.1875 120.87529993057251 1
9000 True 0.15625 120.5255823135376 1
9100 True 0.1875 120.71824789047241 1
9200 True 0.1875 120.92919683456421 1
9300 True 0.203125 121.01188921928406 1
9400 True 0.078125 120.5383632183075 1
9500 True 0.140625 120.56691670417786 1
9600 True 0.1875 120.60653877258301 1
9700 True 0.0625 120.51822686195374 1
9800 True 0.15625 120.58047127723694 1
9900 True 0.15625 120.80067300796509 1
