0 True 0 4.273372411727905 0
100 True 0 4.223355531692505 0
200 True 0 4.341500759124756 0
300 True 0 4.3450093269348145 0
400 True 0 4.079023361206055 0
500 True 0 4.40005898475647 0
600 True 0 4.557952642440796 0
700 True 0 4.387531518936157 0
800 True 0 4.3281800746917725 0
900 False 0 0.0 0
1000 True 0 4.252963304519653 0
1100 True 0 4.424525260925293 0
1200 True 0 4.431848526000977 0
1300 True 0 3.8649532794952393 0
1400 True 0 4.286019563674927 0
1500 True 0 4.201332092285156 0
1600 True 0 4.443310022354126 0
1700 True 0 12.747925281524658 0
1800 True 0 4.417883634567261 0
1900 True 0 4.396012306213379 0
2000 True 0 4.202141284942627 0
2100 True 0 12.56833815574646 0
2200 True 0 3.9693713188171387 0
2300 True 0 4.287264823913574 0
2400 True 0 4.176374435424805 0
2500 True 0 4.387973070144653 0
2600 True 0 4.105732440948486 0
2700 True 0 4.323458433151245 0
2800 True 0 3.95278000831604 0
2900 True 0 4.163992881774902 0
3000 True 0 4.199188470840454 0
3100 True 0 4.432905673980713 0
3200 True 0 4.2652482986450195 0
3300 True 0 4.337966442108154 0
3400 True 0 3.917229175567627 0
3500 True 0 4.017818450927734 0
3600 True 0 4.066131591796875 0
3700 True 0 4.212083101272583 0
3800 True 0 4.300292491912842 0
3900 True 0 4.268278121948242 0
4000 True 0 13.562281131744385 0
4100 True 0 4.215258836746216 0
4200 True 0 4.312323808670044 0
4300 True 0 4.320619583129883 0
4400 True 0 4.354944705963135 0
4500 False 0 0.0 0
4600 True 0 4.4007134437561035 0
4700 True 0 4.390345096588135 0
4800 True 0 4.53012490272522 0
4900 True 0 4.1778340339660645 0
5000 True 0 4.077321290969849 0
5100 True 0 4.052428960800171 0
5200 True 0 4.405632734298706 0
5300 True 0 4.338317155838013 0
5400 True 0 4.251925468444824 0
5500 True 0 29.298444747924805 0
5600 True 0 4.263012409210205 0
5700 True 0 8.214401006698608 0
5800 True 0 24.988184928894043 0
5900 True 0 4.488729000091553 0
6000 True 0 8.312800407409668 0
6100 True 0 4.341020345687866 0
6200 True 0 20.956490755081177 0
6300 True 0 4.0927512645721436 0
6400 True 0 4.24145245552063 0
6500 True 0 4.121629953384399 0
6600 True 0 4.10317063331604 0
6700 True 0 4.26565146446228 0
6800 True 0 4.245431900024414 0
6900 True 0 4.064103603363037 0
7000 True 0 4.044907093048096 0
7100 True 0 4.298463344573975 0
7200 True 0 4.259104490280151 0
7300 True 0 4.158721446990967 0
7400 True 0 4.086678743362427 0
7500 True 0 4.160841703414917 0
7600 True 0 4.458484649658203 0
7700 True 0 4.25796365737915 0
7800 True 0 4.151885032653809 0
7900 True 0 4.254149436950684 0
8000 True 0 4.440388202667236 0
8100 True 0 4.080921411514282 0
8200 True 0 4.406655311584473 0
8300 True 0 4.178626298904419 0
8400 True 0 4.155508995056152 0
8500 True 0 8.595644235610962 0
8600 True 0 4.253558874130249 0
8700 True 0 8.37558627128601 0
8800 True 1 36.44866728782654 0
8900 True 0 8.81444001197815 0
9000 True 0 4.131471395492554 0
9100 True 0 4.307453870773315 0
9200 True 0 4.179511547088623 0
9300 True 0 24.99257206916809 0
9400 True 0 4.249830961227417 0
9500 True 0 4.571272850036621 0
9600 True 0 4.323305606842041 0
9700 True 0 3.9706037044525146 0
9800 True 0 4.593127489089966 0
9900 True 0 4.17501163482666 0
