0 True 0.015625 73.35683488845825 0
100 True 0.015625 78.95764899253845 0
200 True 0.03125 77.57373261451721 0
300 True 0.0078125 71.20231580734253 0
400 True 0.015625 67.7476532459259 0
500 True 0.03125 85.680988073349 0
600 True 0.015625 87.01574730873108 0
700 True 0.0078125 75.4559907913208 0
800 True 0.015625 75.18573355674744 0
900 True 0.0 49.02608633041382 0
1000 True 0.0078125 80.32377791404724 0
1100 True 0.0234375 105.36532068252563 0
1200 True 0.0078125 72.96874761581421 0
1300 True 0.015625 72.78229117393494 0
1400 True 0.015625 90.12057113647461 0
1500 True 0.0 47.56780505180359 0
1600 True 0.0078125 84.40539121627808 0
1700 True 0.015625 120.86828756332397 1
1800 True 0.015625 75.8131411075592 0
1900 True 0.015625 55.19544959068298 0
2000 True 0.0078125 67.97345614433289 0
2100 True 0.015625 81.50069689750671 0
2200 True 0.015625 60.09619927406311 0
2300 True 0.0234375 100.32361006736755 0
2400 True 0.015625 70.25683832168579 0
2500 True 0.015625 62.45763397216797 0
2600 True 0.0234375 95.90472722053528 0
2700 True 0.0078125 88.57318925857544 0
2800 True 0.015625 65.52373123168945 0
2900 True 0.0234375 96.22472906112671 0
3000 True 0.0078125 75.01958894729614 0
3100 True 0.0 49.1970591545105 0
3200 True 0.015625 69.83114242553711 0
3300 True 0.015625 67.10957360267639 0
3400 True 0.015625 68.29171419143677 0
3500 True 0.0234375 89.85082340240479 0
3600 True 0.0234375 93.57680559158325 0
3700 True 0.015625 67.61876893043518 0
3800 True 0.0078125 56.399298906326294 0
3900 True 0.0078125 64.48714900016785 0
4000 True 0.0078125 92.68280506134033 0
4100 True 0.0 49.92535591125488 0
4200 True 0.015625 65.35606598854065 0
4300 True 0.0078125 69.59572649002075 0
4400 True 0.0078125 62.34230852127075 0
4500 True 0.0078125 61.506303548812866 0
4600 True 0.015625 120.58910703659058 1
4700 True 0.015625 66.0037579536438 0
4800 True 0.015625 69.37063312530518 0
4900 True 0.015625 61.18905472755432 0
5000 True 0.015625 92.22482633590698 0
5100 True 0.0078125 71.17273998260498 0
5200 True 0.015625 63.90490961074829 0
5300 True 0.015625 56.758870124816895 0
5400 True 0.0234375 106.36712670326233 0
5500 True 0.0234375 96.85479354858398 0
5600 True 0.0 61.82077741622925 0
5700 True 0.015625 84.64056444168091 0
5800 True 0.015625 86.09031701087952 0
5900 True 0.0234375 91.98215293884277 0
6000 True 0.015625 65.08733558654785 0
6100 True 0.0234375 116.57803463935852 0
6200 True 0.015625 76.91130018234253 0
6300 True 0.0234375 101.32498335838318 0
6400 True 0.0078125 69.45386600494385 0
6500 True 0.0234375 91.63230538368225 0
6600 True 0.015625 65.6272292137146 0
6700 True 0.015625 58.7897310256958 0
6800 True 0.0234375 94.42838454246521 0
6900 True 0.015625 62.28937339782715 0
7000 True 0.0078125 62.626603841781616 0
7100 True 0.015625 66.38544344902039 0
7200 True 0.0078125 65.1982319355011 0
7300 True 0.015625 70.45381474494934 0
7400 True 0.015625 66.00984787940979 0
7500 True 0.015625 62.10848546028137 0
7600 True 0.0078125 87.53614449501038 0
7700 True 0.0078125 84.39070558547974 0
7800 True 0.015625 72.17198181152344 0
7900 True 0.0078125 87.52232146263123 0
8000 True 0.03125 58.34261775016785 0
8100 True 0.0078125 86.03234672546387 0
8200 True 0.03125 67.88156628608704 0
8300 True 0.03125 58.12424373626709 0
8400 True 0.0234375 100.45555138587952 0
8500 True 0.0234375 116.12784218788147 0
8600 True 0.0078125 63.506505250930786 0
8700 True 0.015625 62.64384078979492 0
8800 True 0.03125 68.10112881660461 0
8900 True 0.015625 68.20984721183777 0
9000 True 0.015625 71.10150837898254 0
9100 True 0.03125 62.961586713790894 0
9200 True 0.015625 62.31251788139343 0
9300 True 0.015625 99.32759833335876 0
9400 True 0.015625 77.20660710334778 0
9500 True 0.0078125 88.48448467254639 0
9600 True 0.015625 58.912450075149536 0
9700 True 0.0078125 57.43648171424866 0
9800 True 0.015625 84.42387008666992 0
9900 True 0.015625 57.63308525085449 0
