This file contains any messages produced by compilers while
running configure, to aid debugging if configure makes a mistake.

It was created by GLPK configure 4.60, which was
generated by GNU Autoconf 2.69.  Invocation command line was

  $ ./configure --disable-shared --prefix=/home/akb/ReluplexCav2017/glpk-4.60/installed

## --------- ##
## Platform. ##
## --------- ##

hostname = Desktop-Ubuntu-18
uname -m = x86_64
uname -r = 4.15.0-34-generic
uname -s = Linux
uname -v = #37-Ubuntu SMP Mon Aug 27 15:21:48 UTC 2018

/usr/bin/uname -p = unknown
/bin/uname -X     = unknown

/bin/arch              = unknown
/usr/bin/arch -k       = unknown
/usr/convex/getsysinfo = unknown
/usr/bin/hostinfo      = unknown
/bin/machine           = unknown
/usr/bin/oslevel       = unknown
/bin/universe          = unknown

PATH: /usr/local/sbin
PATH: /usr/local/bin
PATH: /usr/sbin
PATH: /usr/bin
PATH: /sbin
PATH: /bin
PATH: /snap/bin


## ----------- ##
## Core tests. ##
## ----------- ##

configure:2257: checking for a BSD-compatible install
configure:2325: result: /usr/bin/install -c
configure:2336: checking whether build environment is sane
configure:2391: result: yes
configure:2542: checking for a thread-safe mkdir -p
configure:2581: result: /bin/mkdir -p
configure:2588: checking for gawk
configure:2618: result: no
configure:2588: checking for mawk
configure:2604: found /usr/bin/mawk
configure:2615: result: mawk
configure:2626: checking whether make sets $(MAKE)
configure:2648: result: yes
configure:2835: checking for gcc
configure:2851: found /usr/bin/gcc
configure:2862: result: gcc
configure:3091: checking for C compiler version
configure:3100: gcc --version >&5
gcc (Ubuntu 7.3.0-16ubuntu3) 7.3.0
Copyright (C) 2017 Free Software Foundation, Inc.
This is free software; see the source for copying conditions.  There is NO
warranty; not even for MERCHANTABILITY or FITNESS FOR A PARTICULAR PURPOSE.

configure:3111: $? = 0
configure:3100: gcc -v >&5
Using built-in specs.
COLLECT_GCC=gcc
COLLECT_LTO_WRAPPER=/usr/lib/gcc/x86_64-linux-gnu/7/lto-wrapper
OFFLOAD_TARGET_NAMES=nvptx-none
OFFLOAD_TARGET_DEFAULT=1
Target: x86_64-linux-gnu
Configured with: ../src/configure -v --with-pkgversion='Ubuntu 7.3.0-16ubuntu3' --with-bugurl=file:///usr/share/doc/gcc-7/README.Bugs --enable-languages=c,ada,c++,go,brig,d,fortran,objc,obj-c++ --prefix=/usr --with-gcc-major-version-only --with-as=/usr/bin/x86_64-linux-gnu-as --with-ld=/usr/bin/x86_64-linux-gnu-ld --program-suffix=-7 --program-prefix=x86_64-linux-gnu- --enable-shared --enable-linker-build-id --libexecdir=/usr/lib --without-included-gettext --enable-threads=posix --libdir=/usr/lib --enable-nls --with-sysroot=/ --enable-clocale=gnu --enable-libstdcxx-debug --enable-libstdcxx-time=yes --with-default-libstdcxx-abi=new --enable-gnu-unique-object --disable-vtable-verify --enable-libmpx --enable-plugin --enable-default-pie --with-system-zlib --with-target-system-zlib --enable-objc-gc=auto --enable-multiarch --disable-werror --with-arch-32=i686 --with-abi=m64 --with-multilib-list=m32,m64,mx32 --enable-multilib --with-tune=generic --enable-offload-targets=nvptx-none --without-cuda-driver --enable-checking=release --build=x86_64-linux-gnu --host=x86_64-linux-gnu --target=x86_64-linux-gnu
Thread model: posix
gcc version 7.3.0 (Ubuntu 7.3.0-16ubuntu3) 
configure:3111: $? = 0
configure:3100: gcc -V >&5
gcc: error: unrecognized command line option '-V'
gcc: fatal error: no input files
compilation terminated.
configure:3111: $? = 1
configure:3100: gcc -qversion >&5
gcc: error: unrecognized command line option '-qversion'; did you mean '--version'?
gcc: fatal error: no input files
compilation terminated.
configure:3111: $? = 1
configure:3131: checking whether the C compiler works
configure:3153: gcc    conftest.c  >&5
configure:3157: $? = 0
configure:3205: result: yes
configure:3208: checking for C compiler default output file name
configure:3210: result: a.out
configure:3216: checking for suffix of executables
configure:3223: gcc -o conftest    conftest.c  >&5
configure:3227: $? = 0
configure:3249: result: 
configure:3271: checking whether we are cross compiling
configure:3279: gcc -o conftest    conftest.c  >&5
configure:3283: $? = 0
configure:3290: ./conftest
configure:3294: $? = 0
configure:3309: result: no
configure:3314: checking for suffix of object files
configure:3336: gcc -c   conftest.c >&5
configure:3340: $? = 0
configure:3361: result: o
configure:3365: checking whether we are using the GNU C compiler
configure:3384: gcc -c   conftest.c >&5
configure:3384: $? = 0
configure:3393: result: yes
configure:3402: checking whether gcc accepts -g
configure:3422: gcc -c -g  conftest.c >&5
configure:3422: $? = 0
configure:3463: result: yes
configure:3480: checking for gcc option to accept ISO C89
configure:3543: gcc  -c -g -O2  conftest.c >&5
configure:3543: $? = 0
configure:3556: result: none needed
configure:3587: checking for style of include used by make
configure:3615: result: GNU
configure:3641: checking dependency style of gcc
configure:3752: result: gcc3
configure:3797: checking build system type
configure:3811: result: x86_64-unknown-linux-gnu
configure:3831: checking host system type
configure:3844: result: x86_64-unknown-linux-gnu
configure:3885: checking how to print strings
configure:3912: result: printf
configure:3933: checking for a sed that does not truncate output
configure:3997: result: /bin/sed
configure:4015: checking for grep that handles long lines and -e
configure:4073: result: /bin/grep
configure:4078: checking for egrep
configure:4140: result: /bin/grep -E
configure:4145: checking for fgrep
configure:4207: result: /bin/grep -F
configure:4242: checking for ld used by gcc
configure:4309: result: /usr/bin/x86_64-linux-gnu-ld
configure:4316: checking if the linker (/usr/bin/x86_64-linux-gnu-ld) is GNU ld
configure:4331: result: yes
configure:4343: checking for BSD- or MS-compatible name lister (nm)
configure:4392: result: /usr/bin/nm -B
configure:4522: checking the name lister (/usr/bin/nm -B) interface
configure:4529: gcc -c -g -O2  conftest.c >&5
configure:4532: /usr/bin/nm -B "conftest.o"
configure:4535: output
0000000000000000 B some_variable
configure:4542: result: BSD nm
configure:4545: checking whether ln -s works
configure:4549: result: yes
configure:4557: checking the maximum length of command line arguments
configure:4682: result: 1572864
configure:4699: checking whether the shell understands some XSI constructs
configure:4709: result: yes
configure:4713: checking whether the shell understands "+="
configure:4719: result: yes
configure:4754: checking how to convert x86_64-unknown-linux-gnu file names to x86_64-unknown-linux-gnu format
configure:4794: result: func_convert_file_noop
configure:4801: checking how to convert x86_64-unknown-linux-gnu file names to toolchain format
configure:4821: result: func_convert_file_noop
configure:4828: checking for /usr/bin/x86_64-linux-gnu-ld option to reload object files
configure:4835: result: -r
configure:4909: checking for objdump
configure:4925: found /usr/bin/objdump
configure:4936: result: objdump
configure:4968: checking how to recognize dependent libraries
configure:5170: result: pass_all
configure:5255: checking for dlltool
configure:5285: result: no
configure:5315: checking how to associate runtime and link libraries
configure:5342: result: printf %s\n
configure:5403: checking for ar
configure:5419: found /usr/bin/ar
configure:5430: result: ar
configure:5467: checking for archiver @FILE support
configure:5484: gcc -c -g -O2  conftest.c >&5
configure:5484: $? = 0
configure:5487: ar cru libconftest.a @conftest.lst >&5
ar: `u' modifier ignored since `D' is the default (see `U')
configure:5490: $? = 0
configure:5495: ar cru libconftest.a @conftest.lst >&5
ar: `u' modifier ignored since `D' is the default (see `U')
ar: conftest.o: No such file or directory
configure:5498: $? = 1
configure:5510: result: @
configure:5568: checking for strip
configure:5584: found /usr/bin/strip
configure:5595: result: strip
configure:5667: checking for ranlib
configure:5683: found /usr/bin/ranlib
configure:5694: result: ranlib
configure:5796: checking command to parse /usr/bin/nm -B output from gcc object
configure:5915: gcc -c -g -O2  conftest.c >&5
configure:5918: $? = 0
configure:5922: /usr/bin/nm -B conftest.o \| sed -n -e 's/^.*[ ]\([ABCDGIRSTW][ABCDGIRSTW]*\)[ ][ ]*\([_A-Za-z][_A-Za-z0-9]*\)$/\1 \2 \2/p' | sed '/ __gnu_lto/d' \> conftest.nm
configure:5925: $? = 0
configure:5991: gcc -o conftest -g -O2   conftest.c conftstm.o >&5
configure:5994: $? = 0
configure:6032: result: ok
configure:6069: checking for sysroot
configure:6099: result: no
configure:6176: gcc -c -g -O2  conftest.c >&5
configure:6179: $? = 0
configure:6342: checking for mt
configure:6358: found /bin/mt
configure:6369: result: mt
configure:6392: checking if mt is a manifest tool
configure:6398: mt '-?'
configure:6406: result: no
configure:7038: checking how to run the C preprocessor
configure:7069: gcc -E  conftest.c
configure:7069: $? = 0
configure:7083: gcc -E  conftest.c
conftest.c:11:10: fatal error: ac_nonexistent.h: No such file or directory
 #include <ac_nonexistent.h>
          ^~~~~~~~~~~~~~~~~~
compilation terminated.
configure:7083: $? = 1
configure: failed program was:
| /* confdefs.h */
| #define PACKAGE_NAME "GLPK"
| #define PACKAGE_TARNAME "glpk"
| #define PACKAGE_VERSION "4.60"
| #define PACKAGE_STRING "GLPK 4.60"
| #define PACKAGE_BUGREPORT "bug-glpk@gnu.org"
| #define PACKAGE_URL ""
| #define PACKAGE "glpk"
| #define VERSION "4.60"
| /* end confdefs.h.  */
| #include <ac_nonexistent.h>
configure:7108: result: gcc -E
configure:7128: gcc -E  conftest.c
configure:7128: $? = 0
configure:7142: gcc -E  conftest.c
conftest.c:11:10: fatal error: ac_nonexistent.h: No such file or directory
 #include <ac_nonexistent.h>
          ^~~~~~~~~~~~~~~~~~
compilation terminated.
configure:7142: $? = 1
configure: failed program was:
| /* confdefs.h */
| #define PACKAGE_NAME "GLPK"
| #define PACKAGE_TARNAME "glpk"
| #define PACKAGE_VERSION "4.60"
| #define PACKAGE_STRING "GLPK 4.60"
| #define PACKAGE_BUGREPORT "bug-glpk@gnu.org"
| #define PACKAGE_URL ""
| #define PACKAGE "glpk"
| #define VERSION "4.60"
| /* end confdefs.h.  */
| #include <ac_nonexistent.h>
configure:7171: checking for ANSI C header files
configure:7191: gcc -c -g -O2  conftest.c >&5
configure:7191: $? = 0
configure:7264: gcc -o conftest -g -O2   conftest.c  >&5
configure:7264: $? = 0
configure:7264: ./conftest
configure:7264: $? = 0
configure:7275: result: yes
configure:7288: checking for sys/types.h
configure:7288: gcc -c -g -O2  conftest.c >&5
configure:7288: $? = 0
configure:7288: result: yes
configure:7288: checking for sys/stat.h
configure:7288: gcc -c -g -O2  conftest.c >&5
configure:7288: $? = 0
configure:7288: result: yes
configure:7288: checking for stdlib.h
configure:7288: gcc -c -g -O2  conftest.c >&5
configure:7288: $? = 0
configure:7288: result: yes
configure:7288: checking for string.h
configure:7288: gcc -c -g -O2  conftest.c >&5
configure:7288: $? = 0
configure:7288: result: yes
configure:7288: checking for memory.h
configure:7288: gcc -c -g -O2  conftest.c >&5
configure:7288: $? = 0
configure:7288: result: yes
configure:7288: checking for strings.h
configure:7288: gcc -c -g -O2  conftest.c >&5
configure:7288: $? = 0
configure:7288: result: yes
configure:7288: checking for inttypes.h
configure:7288: gcc -c -g -O2  conftest.c >&5
configure:7288: $? = 0
configure:7288: result: yes
configure:7288: checking for stdint.h
configure:7288: gcc -c -g -O2  conftest.c >&5
configure:7288: $? = 0
configure:7288: result: yes
configure:7288: checking for unistd.h
configure:7288: gcc -c -g -O2  conftest.c >&5
configure:7288: $? = 0
configure:7288: result: yes
configure:7302: checking for dlfcn.h
configure:7302: gcc -c -g -O2  conftest.c >&5
configure:7302: $? = 0
configure:7302: result: yes
configure:7489: checking for objdir
configure:7504: result: .libs
configure:7775: checking if gcc supports -fno-rtti -fno-exceptions
configure:7793: gcc -c -g -O2  -fno-rtti -fno-exceptions conftest.c >&5
cc1: warning: command line option '-fno-rtti' is valid for C++/ObjC++ but not for C
configure:7797: $? = 0
configure:7810: result: no
configure:8120: checking for gcc option to produce PIC
configure:8127: result: -fPIC -DPIC
configure:8135: checking if gcc PIC flag -fPIC -DPIC works
configure:8153: gcc -c -g -O2  -fPIC -DPIC -DPIC conftest.c >&5
configure:8157: $? = 0
configure:8170: result: yes
configure:8199: checking if gcc static flag -static works
configure:8227: result: yes
configure:8242: checking if gcc supports -c -o file.o
configure:8263: gcc -c -g -O2  -o out/conftest2.o conftest.c >&5
configure:8267: $? = 0
configure:8289: result: yes
configure:8297: checking if gcc supports -c -o file.o
configure:8344: result: yes
configure:8377: checking whether the gcc linker (/usr/bin/x86_64-linux-gnu-ld -m elf_x86_64) supports shared libraries
configure:9535: result: yes
configure:9780: checking dynamic linker characteristics
configure:10294: gcc -o conftest -g -O2   -Wl,-rpath -Wl,/foo conftest.c  >&5
configure:10294: $? = 0
configure:10516: result: GNU/Linux ld.so
configure:10623: checking how to hardcode library paths into programs
configure:10648: result: immediate
configure:11188: checking whether stripping libraries is possible
configure:11193: result: yes
configure:11228: checking if libtool supports shared libraries
configure:11230: result: yes
configure:11233: checking whether to build shared libraries
configure:11254: result: no
configure:11257: checking whether to build static libraries
configure:11261: result: yes
configure:11297: checking for exp in -lm
configure:11322: gcc -o conftest -g -O2   conftest.c -lm   >&5
conftest.c:30:6: warning: conflicting types for built-in function 'exp' [-Wbuiltin-declaration-mismatch]
 char exp ();
      ^~~
configure:11322: $? = 0
configure:11331: result: yes
configure:11343: checking sys/time.h usability
configure:11343: gcc -c -g -O2  conftest.c >&5
configure:11343: $? = 0
configure:11343: result: yes
configure:11343: checking sys/time.h presence
configure:11343: gcc -E  conftest.c
configure:11343: $? = 0
configure:11343: result: yes
configure:11343: checking for sys/time.h
configure:11343: result: yes
configure:11352: checking for gettimeofday
configure:11352: gcc -o conftest -g -O2   conftest.c -lm  >&5
configure:11352: $? = 0
configure:11352: result: yes
configure:11371: checking whether to use GNU MP bignum library
configure:11381: result: no
configure:11385: checking whether to enable shared library support
configure:11408: result: no
configure:11425: checking whether to enable MathProg ODBC support
configure:11451: result: no
configure:11455: checking whether to enable MathProg MySQL support
configure:11470: result: no
configure:11474: checking if libtool needs -no-undefined flag to build shared libraries
configure:11485: result: no
configure:11602: checking that generated files are newer than configure
configure:11608: result: done
configure:11631: creating ./config.status

## ---------------------- ##
## Running config.status. ##
## ---------------------- ##

This file was extended by GLPK config.status 4.60, which was
generated by GNU Autoconf 2.69.  Invocation command line was

  CONFIG_FILES    = 
  CONFIG_HEADERS  = 
  CONFIG_LINKS    = 
  CONFIG_COMMANDS = 
  $ ./config.status 

on Desktop-Ubuntu-18

config.status:1082: creating src/Makefile
config.status:1082: creating examples/Makefile
config.status:1082: creating Makefile
config.status:1082: creating config.h
config.status:1263: config.h is unchanged
config.status:1311: executing depfiles commands
config.status:1311: executing libtool commands

## ---------------- ##
## Cache variables. ##
## ---------------- ##

ac_cv_build=x86_64-unknown-linux-gnu
ac_cv_c_compiler_gnu=yes
ac_cv_env_CC_set=
ac_cv_env_CC_value=
ac_cv_env_CFLAGS_set=
ac_cv_env_CFLAGS_value=
ac_cv_env_CPPFLAGS_set=
ac_cv_env_CPPFLAGS_value=
ac_cv_env_CPP_set=
ac_cv_env_CPP_value=
ac_cv_env_LDFLAGS_set=
ac_cv_env_LDFLAGS_value=
ac_cv_env_LIBS_set=
ac_cv_env_LIBS_value=
ac_cv_env_build_alias_set=
ac_cv_env_build_alias_value=
ac_cv_env_host_alias_set=
ac_cv_env_host_alias_value=
ac_cv_env_target_alias_set=
ac_cv_env_target_alias_value=
ac_cv_func_gettimeofday=yes
ac_cv_header_dlfcn_h=yes
ac_cv_header_inttypes_h=yes
ac_cv_header_memory_h=yes
ac_cv_header_stdc=yes
ac_cv_header_stdint_h=yes
ac_cv_header_stdlib_h=yes
ac_cv_header_string_h=yes
ac_cv_header_strings_h=yes
ac_cv_header_sys_stat_h=yes
ac_cv_header_sys_time_h=yes
ac_cv_header_sys_types_h=yes
ac_cv_header_unistd_h=yes
ac_cv_host=x86_64-unknown-linux-gnu
ac_cv_lib_m_exp=yes
ac_cv_objext=o
ac_cv_path_EGREP='/bin/grep -E'
ac_cv_path_FGREP='/bin/grep -F'
ac_cv_path_GREP=/bin/grep
ac_cv_path_SED=/bin/sed
ac_cv_path_install='/usr/bin/install -c'
ac_cv_path_mkdir=/bin/mkdir
ac_cv_prog_AWK=mawk
ac_cv_prog_CPP='gcc -E'
ac_cv_prog_ac_ct_AR=ar
ac_cv_prog_ac_ct_CC=gcc
ac_cv_prog_ac_ct_MANIFEST_TOOL=mt
ac_cv_prog_ac_ct_OBJDUMP=objdump
ac_cv_prog_ac_ct_RANLIB=ranlib
ac_cv_prog_ac_ct_STRIP=strip
ac_cv_prog_cc_c89=
ac_cv_prog_cc_g=yes
ac_cv_prog_make_make_set=yes
am_cv_CC_dependencies_compiler_type=gcc3
lt_cv_ar_at_file=@
lt_cv_deplibs_check_method=pass_all
lt_cv_file_magic_cmd='$MAGIC_CMD'
lt_cv_file_magic_test_file=
lt_cv_ld_reload_flag=-r
lt_cv_nm_interface='BSD nm'
lt_cv_objdir=.libs
lt_cv_path_LD=/usr/bin/x86_64-linux-gnu-ld
lt_cv_path_NM='/usr/bin/nm -B'
lt_cv_path_mainfest_tool=no
lt_cv_prog_compiler_c_o=yes
lt_cv_prog_compiler_pic='-fPIC -DPIC'
lt_cv_prog_compiler_pic_works=yes
lt_cv_prog_compiler_rtti_exceptions=no
lt_cv_prog_compiler_static_works=yes
lt_cv_prog_gnu_ld=yes
lt_cv_sharedlib_from_linklib_cmd='printf %s\n'
lt_cv_shlibpath_overrides_runpath=yes
lt_cv_sys_global_symbol_pipe='sed -n -e '\''s/^.*[	 ]\([ABCDGIRSTW][ABCDGIRSTW]*\)[	 ][	 ]*\([_A-Za-z][_A-Za-z0-9]*\)$/\1 \2 \2/p'\'' | sed '\''/ __gnu_lto/d'\'''
lt_cv_sys_global_symbol_to_c_name_address='sed -n -e '\''s/^: \([^ ]*\)[ ]*$/  {\"\1\", (void *) 0},/p'\'' -e '\''s/^[ABCDGIRSTW]* \([^ ]*\) \([^ ]*\)$/  {"\2", (void *) \&\2},/p'\'''
lt_cv_sys_global_symbol_to_c_name_address_lib_prefix='sed -n -e '\''s/^: \([^ ]*\)[ ]*$/  {\"\1\", (void *) 0},/p'\'' -e '\''s/^[ABCDGIRSTW]* \([^ ]*\) \(lib[^ ]*\)$/  {"\2", (void *) \&\2},/p'\'' -e '\''s/^[ABCDGIRSTW]* \([^ ]*\) \([^ ]*\)$/  {"lib\2", (void *) \&\2},/p'\'''
lt_cv_sys_global_symbol_to_cdecl='sed -n -e '\''s/^T .* \(.*\)$/extern int \1();/p'\'' -e '\''s/^[ABCDGIRSTW]* .* \(.*\)$/extern char \1;/p'\'''
lt_cv_sys_max_cmd_len=1572864
lt_cv_to_host_file_cmd=func_convert_file_noop
lt_cv_to_tool_file_cmd=func_convert_file_noop

## ----------------- ##
## Output variables. ##
## ----------------- ##

ACLOCAL='${SHELL} /home/akb/ReluplexCav2017/glpk-4.60/missing --run aclocal-1.12'
AMDEPBACKSLASH='\'
AMDEP_FALSE='#'
AMDEP_TRUE=''
AMTAR='$${TAR-tar}'
AR='ar'
AUTOCONF='${SHELL} /home/akb/ReluplexCav2017/glpk-4.60/missing --run autoconf'
AUTOHEADER='${SHELL} /home/akb/ReluplexCav2017/glpk-4.60/missing --run autoheader'
AUTOMAKE='${SHELL} /home/akb/ReluplexCav2017/glpk-4.60/missing --run automake-1.12'
AWK='mawk'
CC='gcc'
CCDEPMODE='depmode=gcc3'
CFLAGS='-g -O2'
CPP='gcc -E'
CPPFLAGS=''
CYGPATH_W='echo'
DEFS='-DHAVE_CONFIG_H'
DEPDIR='.deps'
DLLTOOL='false'
DSYMUTIL=''
DUMPBIN=''
ECHO_C=''
ECHO_N='-n'
ECHO_T=''
EGREP='/bin/grep -E'
EXEEXT=''
FGREP='/bin/grep -F'
GREP='/bin/grep'
INSTALL_DATA='${INSTALL} -m 644'
INSTALL_PROGRAM='${INSTALL}'
INSTALL_SCRIPT='${INSTALL}'
INSTALL_STRIP_PROGRAM='$(install_sh) -c -s'
LD='/usr/bin/x86_64-linux-gnu-ld -m elf_x86_64'
LDFLAGS=''
LIBOBJS=''
LIBS='-lm '
LIBTOOL='$(SHELL) $(top_builddir)/libtool'
LIPO=''
LN_S='ln -s'
LTLIBOBJS=''
MAKEINFO='${SHELL} /home/akb/ReluplexCav2017/glpk-4.60/missing --run makeinfo'
MANIFEST_TOOL=':'
MKDIR_P='/bin/mkdir -p'
NM='/usr/bin/nm -B'
NMEDIT=''
NOUNDEFINED=''
OBJDUMP='objdump'
OBJEXT='o'
OTOOL64=''
OTOOL=''
PACKAGE='glpk'
PACKAGE_BUGREPORT='bug-glpk@gnu.org'
PACKAGE_NAME='GLPK'
PACKAGE_STRING='GLPK 4.60'
PACKAGE_TARNAME='glpk'
PACKAGE_URL=''
PACKAGE_VERSION='4.60'
PATH_SEPARATOR=':'
RANLIB='ranlib'
SED='/bin/sed'
SET_MAKE=''
SHELL='/bin/bash'
STRIP='strip'
VERSION='4.60'
ac_ct_AR='ar'
ac_ct_CC='gcc'
ac_ct_DUMPBIN=''
am__EXEEXT_FALSE=''
am__EXEEXT_TRUE='#'
am__fastdepCC_FALSE='#'
am__fastdepCC_TRUE=''
am__include='include'
am__isrc=''
am__leading_dot='.'
am__nodep='_no'
am__quote=''
am__tar='$${TAR-tar} chof - "$$tardir"'
am__untar='$${TAR-tar} xf -'
bindir='${exec_prefix}/bin'
build='x86_64-unknown-linux-gnu'
build_alias=''
build_cpu='x86_64'
build_os='linux-gnu'
build_vendor='unknown'
datadir='${datarootdir}'
datarootdir='${prefix}/share'
docdir='${datarootdir}/doc/${PACKAGE_TARNAME}'
dvidir='${docdir}'
exec_prefix='${prefix}'
host='x86_64-unknown-linux-gnu'
host_alias=''
host_cpu='x86_64'
host_os='linux-gnu'
host_vendor='unknown'
htmldir='${docdir}'
includedir='${prefix}/include'
infodir='${datarootdir}/info'
install_sh='${SHELL} /home/akb/ReluplexCav2017/glpk-4.60/install-sh'
libdir='${exec_prefix}/lib'
libexecdir='${exec_prefix}/libexec'
localedir='${datarootdir}/locale'
localstatedir='${prefix}/var'
mandir='${datarootdir}/man'
mkdir_p='$(MKDIR_P)'
oldincludedir='/usr/include'
pdfdir='${docdir}'
prefix='/home/akb/ReluplexCav2017/glpk-4.60/installed'
program_transform_name='s,x,x,'
psdir='${docdir}'
sbindir='${exec_prefix}/sbin'
sharedstatedir='${prefix}/com'
sysconfdir='${prefix}/etc'
target_alias=''

## ----------- ##
## confdefs.h. ##
## ----------- ##

/* confdefs.h */
#define PACKAGE_NAME "GLPK"
#define PACKAGE_TARNAME "glpk"
#define PACKAGE_VERSION "4.60"
#define PACKAGE_STRING "GLPK 4.60"
#define PACKAGE_BUGREPORT "bug-glpk@gnu.org"
#define PACKAGE_URL ""
#define PACKAGE "glpk"
#define VERSION "4.60"
#define STDC_HEADERS 1
#define HAVE_SYS_TYPES_H 1
#define HAVE_SYS_STAT_H 1
#define HAVE_STDLIB_H 1
#define HAVE_STRING_H 1
#define HAVE_MEMORY_H 1
#define HAVE_STRINGS_H 1
#define HAVE_INTTYPES_H 1
#define HAVE_STDINT_H 1
#define HAVE_UNISTD_H 1
#define HAVE_DLFCN_H 1
#define LT_OBJDIR ".libs/"
#define HAVE_LIBM 1
#define HAVE_SYS_TIME_H 1
#define HAVE_GETTIMEOFDAY 1

configure: exit 0
