0 False 0.0 0.0 0
100 True 0.0 0.0223081111907959 0
200 False 0.0 0.0 0
300 True 0.0068359375 0.032073259353637695 0
400 True 0.01171875 0.025694608688354492 0
500 False 0.0 0.0 0
600 False 0.0 0.0 0
700 True 0.0029296875 0.0299985408782959 0
800 False 0.0 0.0 0
900 False 0.0 0.0 0
1000 True 0.001953125 0.03180575370788574 0
1100 False 0.0 0.0 0
1200 False 0.0 0.0 0
1300 False 0.0 0.0 0
1400 True 0.001953125 0.03239774703979492 0
1500 False 0.0 0.0 0
1600 False 0.0 0.0 0
1700 False 0.0 0.0 0
1800 False 0.0 0.0 0
1900 True 0.0048828125 0.0411381721496582 0
2000 False 0.0 0.0 0
2100 False 0.0 0.0 0
2200 True 0.0078125 0.046679019927978516 0
2300 False 0.0 0.0 0
2400 True 0.029296875 0.03344130516052246 0
2500 False 0.0 0.0 0
2600 True 0.005859375 0.0281982421875 0
2700 False 0.0 0.0 0
2800 False 0.0 0.0 0
2900 False 0.0 0.0 0
3000 True 0.013671875 0.031768798828125 0
3100 True 0.005859375 0.03419852256774902 0
3200 False 0.0 0.0 0
3300 False 0.0 0.0 0
3400 True 0.0009765625 0.020987749099731445 0
3500 True 0.00390625 0.01831221580505371 0
3600 False 0.0 0.0 0
3700 False 0.0 0.0 0
3800 False 0.0 0.0 0
3900 False 0.0 0.0 0
4000 False 0.0 0.0 0
4100 True 0.0087890625 0.02167654037475586 0
4200 True 0.0 0.01692986488342285 0
4300 False 0.0 0.0 0
4400 False 0.0 0.0 0
4500 False 0.0 0.0 0
4600 False 0.0 0.0 0
4700 False 0.0 0.0 0
4800 True 0.0087890625 0.018572092056274414 0
4900 False 0.0 0.0 0
5000 True 0.00390625 0.01894545555114746 0
5100 False 0.0 0.0 0
5200 True 0.0029296875 0.02031564712524414 0
5300 False 0.0 0.0 0
5400 True 0.00390625 0.017874717712402344 0
5500 False 0.0 0.0 0
5600 False 0.0 0.0 0
5700 False 0.0 0.0 0
5800 False 0.0 0.0 0
5900 False 0.0 0.0 0
6000 False 0.0 0.0 0
6100 True 0.0009765625 0.01959228515625 0
6200 False 0.0 0.0 0
6300 False 0.0 0.0 0
6400 False 0.0 0.0 0
6500 False 0.0 0.0 0
6600 False 0.0 0.0 0
6700 True 0.0 0.016359329223632812 0
6800 True 0.0009765625 0.018390893936157227 0
6900 False 0.0 0.0 0
7000 False 0.0 0.0 0
7100 True 0.009765625 0.01837015151977539 0
7200 False 0.0 0.0 0
7300 False 0.0 0.0 0
7400 False 0.0 0.0 0
7500 False 0.0 0.0 0
7600 False 0.0 0.0 0
7700 True 0.0048828125 0.019620180130004883 0
7800 True 0.0048828125 0.02138066291809082 0
7900 False 0.0 0.0 0
8000 True 0.0068359375 0.02010202407836914 0
8100 False 0.0 0.0 0
8200 False 0.0 0.0 0
8300 False 0.0 0.0 0
8400 False 0.0 0.0 0
8500 True 0.0009765625 0.017818212509155273 0
8600 False 0.0 0.0 0
8700 False 0.0 0.0 0
8800 True 0.0185546875 0.021761178970336914 0
8900 False 0.0 0.0 0
9000 False 0.0 0.0 0
9100 False 0.0 0.0 0
9200 True 0.00390625 0.016361474990844727 0
9300 True 0.0009765625 0.017247438430786133 0
9400 False 0.0 0.0 0
9500 False 0.0 0.0 0
9600 True 0.005859375 0.018082857131958008 0
9700 True 0.01171875 0.019262075424194336 0
9800 False 0.0 0.0 0
9900 False 0.0 0.0 0
