0 False 0 0.0 0
100 False 0 0.0 0
200 False 0 0.0 0
300 True 1 0.003596067428588867 0
400 True 1 0.003492116928100586 0
500 False 0 0.0 0
600 False 0 0.0 0
700 False 0 0.0 0
800 True 1 0.0036323070526123047 0
900 False 0 0.0 0
1000 True 1 0.0035605430603027344 0
1100 False 0 0.0 0
1200 False 0 0.0 0
1300 True 1 0.0035855770111083984 0
1400 True 1 0.003644704818725586 0
1500 False 0 0.0 0
1600 False 0 0.0 0
1700 False 0 0.0 0
1800 False 0 0.0 0
1900 True 1 0.0037000179290771484 0
2000 False 0 0.0 0
2100 False 0 0.0 0
2200 True 1 0.0036313533782958984 0
2300 False 0 0.0 0
2400 True 1 0.0035600662231445312 0
2500 False 0 0.0 0
2600 True 1 0.0035219192504882812 0
2700 False 0 0.0 0
2800 False 0 0.0 0
2900 False 0 0.0 0
3000 True 1 0.003504514694213867 0
3100 True 1 0.003560781478881836 0
3200 False 0 0.0 0
3300 True 0 0.0025055408477783203 0
3400 True 1 0.0037298202514648438 0
3500 True 0 0.0022344589233398438 0
3600 False 0 0.0 0
3700 False 0 0.0 0
3800 True 1 0.0035364627838134766 0
3900 False 0 0.0 0
4000 False 0 0.0 0
4100 True 1 0.0035741329193115234 0
4200 False 0 0.0 0
4300 True 1 0.0035758018493652344 0
4400 False 0 0.0 0
4500 False 0 0.0 0
4600 True 0 0.0021970272064208984 0
4700 True 0 0.002303600311279297 0
4800 True 1 0.0036411285400390625 0
4900 False 0 0.0 0
5000 True 1 0.0034477710723876953 0
5100 False 0 0.0 0
5200 False 0 0.0 0
5300 False 0 0.0 0
5400 False 0 0.0 0
5500 True 1 0.0035228729248046875 0
5600 True 0 0.003533601760864258 0
5700 True 0 0.0035588741302490234 0
5800 False 0 0.0 0
5900 False 0 0.0 0
6000 True 1 0.003681182861328125 0
6100 True 1 0.0035347938537597656 0
6200 False 0 0.0 0
6300 False 0 0.0 0
6400 False 0 0.0 0
6500 False 0 0.0 0
6600 True 1 0.0034368038177490234 0
6700 True 0 0.002072572708129883 0
6800 True 1 0.0034515857696533203 0
6900 False 0 0.0 0
7000 False 0 0.0 0
7100 True 1 0.003773212432861328 0
7200 False 0 0.0 0
7300 False 0 0.0 0
7400 False 0 0.0 0
7500 False 0 0.0 0
7600 False 0 0.0 0
7700 True 1 0.0035872459411621094 0
7800 True 1 0.0034596920013427734 0
7900 False 0 0.0 0
8000 True 1 0.003442525863647461 0
8100 False 0 0.0 0
8200 False 0 0.0 0
8300 False 0 0.0 0
8400 False 0 0.0 0
8500 True 1 0.0037937164306640625 0
8600 False 0 0.0 0
8700 False 0 0.0 0
8800 True 1 0.0036742687225341797 0
8900 False 0 0.0 0
9000 False 0 0.0 0
9100 False 0 0.0 0
9200 True 1 0.0036144256591796875 0
9300 False 0 0.0 0
9400 True 1 0.003580331802368164 0
9500 False 0 0.0 0
9600 True 1 0.0035669803619384766 0
9700 True 1 0.003629922866821289 0
9800 False 0 0.0 0
9900 False 0 0.0 0
