0 False 0.0 0.0 0
100 False 0.0 0.0 0
200 False 0.0 0.0 0
300 True 0.0322265625 0.0206301212310791 0
400 True 0.0751953125 0.027766704559326172 0
500 False 0.0 0.0 0
600 False 0.0 0.0 0
700 False 0.0 0.0 0
800 True 0.017578125 0.025881052017211914 0
900 False 0.0 0.0 0
1000 True 0.0458984375 0.02460789680480957 0
1100 False 0.0 0.0 0
1200 False 0.0 0.0 0
1300 True 0.0185546875 0.023244142532348633 0
1400 True 0.0185546875 0.02262425422668457 0
1500 False 0.0 0.0 0
1600 False 0.0 0.0 0
1700 False 0.0 0.0 0
1800 False 0.0 0.0 0
1900 True 0.0439453125 0.025753259658813477 0
2000 False 0.0 0.0 0
2100 False 0.0 0.0 0
2200 True 0.0654296875 0.02720046043395996 0
2300 False 0.0 0.0 0
2400 True 0.0400390625 0.024400949478149414 0
2500 False 0.0 0.0 0
2600 True 0.033203125 0.02477860450744629 0
2700 False 0.0 0.0 0
2800 False 0.0 0.0 0
2900 False 0.0 0.0 0
3000 True 0.0546875 0.02154707908630371 0
3100 True 0.044921875 0.025290966033935547 0
3200 False 0.0 0.0 0
3300 True 0.005859375 0.021296024322509766 0
3400 True 0.0439453125 0.024625301361083984 0
3500 True 0.00390625 0.018807649612426758 0
3600 False 0.0 0.0 0
3700 False 0.0 0.0 0
3800 True 0.0087890625 0.02219986915588379 0
3900 False 0.0 0.0 0
4000 False 0.0 0.0 0
4100 True 0.078125 0.024680137634277344 0
4200 False 0.0 0.0 0
4300 True 0.05078125 0.026881694793701172 0
4400 False 0.0 0.0 0
4500 False 0.0 0.0 0
4600 True 0.005859375 0.020564556121826172 0
4700 True 0.001953125 0.01868724822998047 0
4800 True 0.072265625 0.0263521671295166 0
4900 False 0.0 0.0 0
5000 True 0.041015625 0.02182316780090332 0
5100 False 0.0 0.0 0
5200 False 0.0 0.0 0
5300 False 0.0 0.0 0
5400 False 0.0 0.0 0
5500 True 0.0078125 0.02352118492126465 0
5600 True 0.0068359375 0.023884296417236328 0
5700 True 0.0 0.023290395736694336 0
5800 False 0.0 0.0 0
5900 False 0.0 0.0 0
6000 True 0.0087890625 0.02489161491394043 0
6100 True 0.013671875 0.02408313751220703 0
6200 False 0.0 0.0 0
6300 False 0.0 0.0 0
6400 False 0.0 0.0 0
6500 False 0.0 0.0 0
6600 True 0.0380859375 0.025830745697021484 0
6700 True 0.0048828125 0.019818544387817383 0
6800 True 0.0498046875 0.023654699325561523 0
6900 False 0.0 0.0 0
7000 False 0.0 0.0 0
7100 True 0.03515625 0.026129961013793945 0
7200 False 0.0 0.0 0
7300 False 0.0 0.0 0
7400 False 0.0 0.0 0
7500 False 0.0 0.0 0
7600 False 0.0 0.0 0
7700 True 0.037109375 0.023772716522216797 0
7800 True 0.0390625 0.02758193016052246 0
7900 False 0.0 0.0 0
8000 True 0.037109375 0.022789478302001953 0
8100 False 0.0 0.0 0
8200 False 0.0 0.0 0
8300 False 0.0 0.0 0
8400 False 0.0 0.0 0
8500 True 0.0107421875 0.026995420455932617 0
8600 False 0.0 0.0 0
8700 False 0.0 0.0 0
8800 True 0.0712890625 0.024465084075927734 0
8900 False 0.0 0.0 0
9000 False 0.0 0.0 0
9100 False 0.0 0.0 0
9200 True 0.056640625 0.02230978012084961 0
9300 False 0.0 0.0 0
9400 True 0.009765625 0.02277517318725586 0
9500 False 0.0 0.0 0
9600 True 0.0478515625 0.025607824325561523 0
9700 True 0.0283203125 0.024942874908447266 0
9800 False 0.0 0.0 0
9900 False 0.0 0.0 0
