0 False 0 0.0 0
100 True 0 0.003290891647338867 0
200 False 0 0.0 0
300 True 1 0.0035026073455810547 0
400 True 1 0.003267049789428711 0
500 False 0 0.0 0
600 False 0 0.0 0
700 True 1 0.003358602523803711 0
800 True 1 0.003354787826538086 0
900 False 0 0.0 0
1000 True 1 0.0034270286560058594 0
1100 False 0 0.0 0
1200 False 0 0.0 0
1300 False 0 0.0 0
1400 False 0 0.0 0
1500 False 0 0.0 0
1600 False 0 0.0 0
1700 False 0 0.0 0
1800 False 0 0.0 0
1900 True 0 0.0033087730407714844 0
2000 False 0 0.0 0
2100 False 0 0.0 0
2200 True 1 0.0033020973205566406 0
2300 False 0 0.0 0
2400 True 1 0.0033407211303710938 0
2500 False 0 0.0 0
2600 True 1 0.0033903121948242188 0
2700 False 0 0.0 0
2800 False 0 0.0 0
2900 False 0 0.0 0
3000 True 1 0.003659486770629883 0
3100 True 1 0.0035469532012939453 0
3200 False 0 0.0 0
3300 False 0 0.0 0
3400 False 0 0.0 0
3500 True 1 0.0034360885620117188 0
3600 False 0 0.0 0
3700 False 0 0.0 0
3800 False 0 0.0 0
3900 False 0 0.0 0
4000 False 0 0.0 0
4100 True 1 0.0032901763916015625 0
4200 False 0 0.0 0
4300 True 1 0.003496885299682617 0
4400 False 0 0.0 0
4500 False 0 0.0 0
4600 True 0 0.0017871856689453125 0
4700 False 0 0.0 0
4800 True 1 0.0035736560821533203 0
4900 True 1 0.0034792423248291016 0
5000 True 1 0.003450632095336914 0
5100 True 1 0.003425121307373047 0
5200 True 1 0.003323078155517578 0
5300 False 0 0.0 0
5400 False 0 0.0 0
5500 False 0 0.0 0
5600 False 0 0.0 0
5700 True 0 0.0022656917572021484 0
5800 False 0 0.0 0
5900 False 0 0.0 0
6000 False 0 0.0 0
6100 True 1 0.003526926040649414 0
6200 False 0 0.0 0
6300 False 0 0.0 0
6400 False 0 0.0 0
6500 False 0 0.0 0
6600 True 1 0.0034067630767822266 0
6700 True 0 0.002207517623901367 0
6800 True 0 0.002188444137573242 0
6900 False 0 0.0 0
7000 False 0 0.0 0
7100 True 1 0.003505706787109375 0
7200 False 0 0.0 0
7300 True 0 0.0017392635345458984 0
7400 False 0 0.0 0
7500 False 0 0.0 0
7600 True 0 0.001743316650390625 0
7700 True 1 0.0036191940307617188 0
7800 True 0 0.0033838748931884766 0
7900 False 0 0.0 0
8000 True 1 0.003518342971801758 0
8100 False 0 0.0 0
8200 False 0 0.0 0
8300 False 0 0.0 0
8400 False 0 0.0 0
8500 True 1 0.003492593765258789 0
8600 False 0 0.0 0
8700 True 1 0.0034401416778564453 0
8800 True 1 0.0033354759216308594 0
8900 False 0 0.0 0
9000 True 0 0.0017828941345214844 0
9100 False 0 0.0 0
9200 True 1 0.003620624542236328 0
9300 False 0 0.0 0
9400 True 0 0.0028133392333984375 0
9500 False 0 0.0 0
9600 True 1 0.003399372100830078 0
9700 True 0 0.0019376277923583984 0
9800 True 1 0.0032701492309570312 0
9900 False 0 0.0 0
