0 True 0 0.0022840499877929688 0
100 False 0 0.0 0
200 False 0 0.0 0
300 True 0 0.002338409423828125 0
400 True 0 0.0022869110107421875 0
500 False 0 0.0 0
600 True 0 0.0022504329681396484 0
700 True 0 0.0022134780883789062 0
800 True 0 0.002235889434814453 0
900 False 0 0.0 0
1000 True 0 0.0022072792053222656 0
1100 False 0 0.0 0
1200 True 0 0.002356290817260742 0
1300 False 0 0.0 0
1400 True 0 0.0021545886993408203 0
1500 True 0 0.0022606849670410156 0
1600 False 0 0.0 0
1700 False 0 0.0 0
1800 False 0 0.0 0
1900 True 0 0.0021741390228271484 0
2000 False 0 0.0 0
2100 False 0 0.0 0
2200 True 0 0.0021982192993164062 0
2300 True 0 0.0022192001342773438 0
2400 True 0 0.002354860305786133 0
2500 False 0 0.0 0
2600 True 0 0.0022771358489990234 0
2700 False 0 0.0 0
2800 False 0 0.0 0
2900 False 0 0.0 0
3000 True 0 0.002366304397583008 0
3100 True 0 0.002299070358276367 0
3200 False 0 0.0 0
3300 False 0 0.0 0
3400 False 0 0.0 0
3500 True 0 0.00228118896484375 0
3600 False 0 0.0 0
3700 False 0 0.0 0
3800 True 0 0.0022554397583007812 0
3900 False 0 0.0 0
4000 False 0 0.0 0
4100 True 0 0.0023283958435058594 0
4200 True 0 0.0023064613342285156 0
4300 True 0 0.002295255661010742 0
4400 False 0 0.0 0
4500 False 0 0.0 0
4600 False 0 0.0 0
4700 False 0 0.0 0
4800 True 0 0.0022668838500976562 0
4900 True 0 0.0021407604217529297 0
5000 True 0 0.0022356510162353516 0
5100 True 0 0.0022449493408203125 0
5200 True 0 0.002157926559448242 0
5300 False 0 0.0 0
5400 True 0 0.0021839141845703125 0
5500 False 0 0.0 0
5600 False 0 0.0 0
5700 True 0 0.002285003662109375 0
5800 False 0 0.0 0
5900 False 0 0.0 0
6000 True 0 0.0022306442260742188 0
6100 True 0 0.0022461414337158203 0
6200 True 0 0.0023162364959716797 0
6300 False 0 0.0 0
6400 False 0 0.0 0
6500 False 0 0.0 0
6600 True 0 0.002219676971435547 0
6700 True 0 0.002282381057739258 0
6800 True 0 0.002207040786743164 0
6900 False 0 0.0 0
7000 False 0 0.0 0
7100 True 0 0.0022139549255371094 0
7200 False 0 0.0 0
7300 False 0 0.0 0
7400 True 0 0.002218008041381836 0
7500 True 0 0.002307415008544922 0
7600 False 0 0.0 0
7700 True 0 0.0022575855255126953 0
7800 True 0 0.002223968505859375 0
7900 False 0 0.0 0
8000 True 0 0.0022590160369873047 0
8100 False 0 0.0 0
8200 False 0 0.0 0
8300 False 0 0.0 0
8400 False 0 0.0 0
8500 True 0 0.00231170654296875 0
8600 False 0 0.0 0
8700 True 0 0.00229644775390625 0
8800 True 0 0.0022573471069335938 0
8900 False 0 0.0 0
9000 True 0 0.0022134780883789062 0
9100 False 0 0.0 0
9200 True 0 0.0021657943725585938 0
9300 False 0 0.0 0
9400 False 0 0.0 0
9500 False 0 0.0 0
9600 True 0 0.002137422561645508 0
9700 True 0 0.002265453338623047 0
9800 False 0 0.0 0
9900 False 0 0.0 0
