0 False 0 0.0 0
100 False 0 0.0 0
200 False 0 0.0 0
300 True 0 0.0023593902587890625 0
400 True 0 0.0023322105407714844 0
500 False 0 0.0 0
600 False 0 0.0 0
700 True 0 0.0029785633087158203 0
800 False 0 0.0 0
900 False 0 0.0 0
1000 True 0 0.0023403167724609375 0
1100 False 0 0.0 0
1200 False 0 0.0 0
1300 False 0 0.0 0
1400 True 0 0.0023415088653564453 0
1500 False 0 0.0 0
1600 False 0 0.0 0
1700 False 0 0.0 0
1800 False 0 0.0 0
1900 True 0 0.002326488494873047 0
2000 False 0 0.0 0
2100 False 0 0.0 0
2200 True 0 0.0021665096282958984 0
2300 False 0 0.0 0
2400 True 0 0.002219676971435547 0
2500 False 0 0.0 0
2600 True 0 0.002243518829345703 0
2700 False 0 0.0 0
2800 False 0 0.0 0
2900 False 0 0.0 0
3000 True 0 0.002228975296020508 0
3100 True 0 0.002241849899291992 0
3200 False 0 0.0 0
3300 False 0 0.0 0
3400 True 0 0.002246379852294922 0
3500 True 0 0.002130270004272461 0
3600 False 0 0.0 0
3700 False 0 0.0 0
3800 True 0 0.0021750926971435547 0
3900 False 0 0.0 0
4000 False 0 0.0 0
4100 True 0 0.002184152603149414 0
4200 True 0 0.0022699832916259766 0
4300 True 0 0.0023081302642822266 0
4400 False 0 0.0 0
4500 False 0 0.0 0
4600 False 0 0.0 0
4700 True 0 0.002174854278564453 0
4800 True 0 0.0022764205932617188 0
4900 True 0 0.0025587081909179688 0
5000 True 0 0.002546548843383789 0
5100 False 0 0.0 0
5200 True 0 0.0025310516357421875 0
5300 False 0 0.0 0
5400 True 0 0.0025196075439453125 0
5500 False 0 0.0 0
5600 False 0 0.0 0
5700 False 0 0.0 0
5800 False 0 0.0 0
5900 False 0 0.0 0
6000 False 0 0.0 0
6100 True 0 0.0027244091033935547 0
6200 False 0 0.0 0
6300 False 0 0.0 0
6400 False 0 0.0 0
6500 False 0 0.0 0
6600 True 0 0.0027992725372314453 0
6700 True 0 0.002876758575439453 0
6800 True 0 0.0051136016845703125 0
6900 False 0 0.0 0
7000 False 0 0.0 0
7100 True 0 0.005049943923950195 0
7200 False 0 0.0 0
7300 False 0 0.0 0
7400 False 0 0.0 0
7500 False 0 0.0 0
7600 False 0 0.0 0
7700 True 0 0.005071163177490234 0
7800 True 0 0.005064249038696289 0
7900 False 0 0.0 0
8000 True 0 0.00491642951965332 0
8100 False 0 0.0 0
8200 False 0 0.0 0
8300 False 0 0.0 0
8400 False 0 0.0 0
8500 False 0 0.0 0
8600 False 0 0.0 0
8700 False 0 0.0 0
8800 True 0 0.0035903453826904297 0
8900 False 0 0.0 0
9000 True 0 0.002843618392944336 0
9100 False 0 0.0 0
9200 True 0 0.0033936500549316406 0
9300 True 0 0.0026803016662597656 0
9400 False 0 0.0 0
9500 False 0 0.0 0
9600 True 0 0.002285480499267578 0
9700 True 0 0.0023369789123535156 0
9800 False 0 0.0 0
9900 False 0 0.0 0
