0 False 0 0.0 0
100 False 0 0.0 0
200 False 0 0.0 0
300 True 1 0.0041048526763916016 0
400 True 1 0.004079580307006836 0
500 False 0 0.0 0
600 False 0 0.0 0
700 True 1 0.00410914421081543 0
800 True 0 0.004034996032714844 0
900 False 0 0.0 0
1000 True 1 0.004041433334350586 0
1100 False 0 0.0 0
1200 False 0 0.0 0
1300 False 0 0.0 0
1400 True 1 0.004151344299316406 0
1500 False 0 0.0 0
1600 False 0 0.0 0
1700 False 0 0.0 0
1800 False 0 0.0 0
1900 False 0 0.0 0
2000 False 0 0.0 0
2100 False 0 0.0 0
2200 True 1 0.0040471553802490234 0
2300 False 0 0.0 0
2400 True 1 0.0041675567626953125 0
2500 False 0 0.0 0
2600 True 1 0.004155874252319336 0
2700 True 0 0.0030176639556884766 0
2800 False 0 0.0 0
2900 False 0 0.0 0
3000 True 1 0.005490779876708984 0
3100 True 1 0.005496025085449219 0
3200 False 0 0.0 0
3300 False 0 0.0 0
3400 True 1 0.005507230758666992 0
3500 False 0 0.0 0
3600 False 0 0.0 0
3700 False 0 0.0 0
3800 False 0 0.0 0
3900 False 0 0.0 0
4000 False 0 0.0 0
4100 True 1 0.003965139389038086 0
4200 False 0 0.0 0
4300 False 0 0.0 0
4400 False 0 0.0 0
4500 False 0 0.0 0
4600 False 0 0.0 0
4700 False 0 0.0 0
4800 True 1 0.004006624221801758 0
4900 False 0 0.0 0
5000 False 0 0.0 0
5100 False 0 0.0 0
5200 False 0 0.0 0
5300 False 0 0.0 0
5400 False 0 0.0 0
5500 False 0 0.0 0
5600 False 0 0.0 0
5700 False 0 0.0 0
5800 False 0 0.0 0
5900 False 0 0.0 0
6000 False 0 0.0 0
6100 True 0 0.003147602081298828 0
6200 False 0 0.0 0
6300 False 0 0.0 0
6400 False 0 0.0 0
6500 False 0 0.0 0
6600 True 1 0.004217386245727539 0
6700 True 1 0.004117250442504883 0
6800 True 1 0.0039577484130859375 0
6900 False 0 0.0 0
7000 False 0 0.0 0
7100 True 1 0.00412750244140625 0
7200 False 0 0.0 0
7300 True 0 0.0033707618713378906 0
7400 False 0 0.0 0
7500 False 0 0.0 0
7600 False 0 0.0 0
7700 True 1 0.004151582717895508 0
7800 True 1 0.004163265228271484 0
7900 False 0 0.0 0
8000 True 0 0.0024220943450927734 0
8100 True 1 0.003898143768310547 0
8200 False 0 0.0 0
8300 False 0 0.0 0
8400 False 0 0.0 0
8500 False 0 0.0 0
8600 False 0 0.0 0
8700 False 0 0.0 0
8800 True 1 0.004029273986816406 0
8900 False 0 0.0 0
9000 False 0 0.0 0
9100 False 0 0.0 0
9200 True 1 0.004306793212890625 0
9300 False 0 0.0 0
9400 True 1 0.005822896957397461 0
9500 False 0 0.0 0
9600 True 1 0.0055599212646484375 0
9700 True 1 0.005465269088745117 0
9800 False 0 0.0 0
9900 False 0 0.0 0
