0 True 0.0048828125 0.02470111846923828 0
100 False 0.0 0.0 0
200 False 0.0 0.0 0
300 True 0.013671875 0.027753591537475586 0
400 True 0.041015625 0.026556015014648438 0
500 False 0.0 0.0 0
600 True 0.005859375 0.023595571517944336 0
700 True 0.0029296875 0.025300025939941406 0
800 True 0.013671875 0.028203248977661133 0
900 False 0.0 0.0 0
1000 True 0.03125 0.022768735885620117 0
1100 False 0.0 0.0 0
1200 False 0.0 0.0 0
1300 True 0.017578125 0.027321338653564453 0
1400 True 0.0126953125 0.027617454528808594 0
1500 False 0.0 0.0 0
1600 False 0.0 0.0 0
1700 False 0.0 0.0 0
1800 False 0.0 0.0 0
1900 True 0.01953125 0.023924589157104492 0
2000 False 0.0 0.0 0
2100 False 0.0 0.0 0
2200 False 0.0 0.0 0
2300 True 0.0078125 0.025113344192504883 0
2400 True 0.046875 0.027813196182250977 0
2500 False 0.0 0.0 0
2600 True 0.0205078125 0.02561640739440918 0
2700 True 0.0224609375 0.029210329055786133 0
2800 False 0.0 0.0 0
2900 False 0.0 0.0 0
3000 True 0.0498046875 0.027547359466552734 0
3100 True 0.0087890625 0.024876117706298828 0
3200 False 0.0 0.0 0
3300 False 0.0 0.0 0
3400 False 0.0 0.0 0
3500 True 0.0029296875 0.024459362030029297 0
3600 False 0.0 0.0 0
3700 False 0.0 0.0 0
3800 True 0.0048828125 0.023819923400878906 0
3900 False 0.0 0.0 0
4000 False 0.0 0.0 0
4100 True 0.0361328125 0.025311708450317383 0
4200 False 0.0 0.0 0
4300 True 0.0283203125 0.03037118911743164 0
4400 False 0.0 0.0 0
4500 False 0.0 0.0 0
4600 False 0.0 0.0 0
4700 False 0.0 0.0 0
4800 True 0.0244140625 0.026496410369873047 0
4900 False 0.0 0.0 0
5000 True 0.0078125 0.0245358943939209 0
5100 True 0.0244140625 0.026105880737304688 0
5200 True 0.0234375 0.023877382278442383 0
5300 False 0.0 0.0 0
5400 True 0.0126953125 0.025151491165161133 0
5500 False 0.0 0.0 0
5600 False 0.0 0.0 0
5700 False 0.0 0.0 0
5800 False 0.0 0.0 0
5900 False 0.0 0.0 0
6000 True 0.0087890625 0.025783777236938477 0
6100 True 0.0224609375 0.029140710830688477 0
6200 False 0.0 0.0 0
6300 False 0.0 0.0 0
6400 False 0.0 0.0 0
6500 False 0.0 0.0 0
6600 True 0.044921875 0.028415679931640625 0
6700 False 0.0 0.0 0
6800 True 0.0234375 0.02650308609008789 0
6900 False 0.0 0.0 0
7000 False 0.0 0.0 0
7100 True 0.0126953125 0.02755284309387207 0
7200 False 0.0 0.0 0
7300 True 0.0 0.024251699447631836 0
7400 True 0.001953125 0.026103973388671875 0
7500 True 0.0087890625 0.027381181716918945 0
7600 False 0.0 0.0 0
7700 True 0.0263671875 0.027132034301757812 0
7800 True 0.0126953125 0.028134584426879883 0
7900 False 0.0 0.0 0
8000 True 0.02734375 0.025130748748779297 0
8100 False 0.0 0.0 0
8200 False 0.0 0.0 0
8300 False 0.0 0.0 0
8400 False 0.0 0.0 0
8500 False 0.0 0.0 0
8600 True 0.001953125 0.026462793350219727 0
8700 True 0.0087890625 0.025382280349731445 0
8800 True 0.0439453125 0.027083158493041992 0
8900 False 0.0 0.0 0
9000 True 0.01953125 0.0240938663482666 0
9100 False 0.0 0.0 0
9200 True 0.048828125 0.024890661239624023 0
9300 False 0.0 0.0 0
9400 False 0.0 0.0 0
9500 False 0.0 0.0 0
9600 True 0.025390625 0.02593851089477539 0
9700 True 0.025390625 0.02559351921081543 0
9800 False 0.0 0.0 0
9900 False 0.0 0.0 0
