0 True 0.0 0.02490687370300293 0
100 False 0.0 0.0 0
200 False 0.0 0.0 0
300 True 0.0 0.029787540435791016 0
400 True 0.0 0.024854183197021484 0
500 False 0.0 0.0 0
600 False 0.0 0.0 0
700 True 0.0 0.032762765884399414 0
800 False 0.0 0.0 0
900 False 0.0 0.0 0
1000 True 0.0 0.025107622146606445 0
1100 False 0.0 0.0 0
1200 True 0.0 0.025223970413208008 0
1300 False 0.0 0.0 0
1400 False 0.0 0.0 0
1500 True 0.0 0.03580451011657715 0
1600 False 0.0 0.0 0
1700 False 0.0 0.0 0
1800 False 0.0 0.0 0
1900 True 0.0 0.024395227432250977 0
2000 False 0.0 0.0 0
2100 False 0.0 0.0 0
2200 True 0.0009765625 0.040776968002319336 0
2300 True 0.0 0.026225805282592773 0
2400 True 0.0 0.02815699577331543 0
2500 False 0.0 0.0 0
2600 True 0.0 0.024994611740112305 0
2700 False 0.0 0.0 0
2800 True 0.0 0.024877071380615234 0
2900 False 0.0 0.0 0
3000 True 0.0 0.025507450103759766 0
3100 True 0.0 0.024861574172973633 0
3200 False 0.0 0.0 0
3300 False 0.0 0.0 0
3400 False 0.0 0.0 0
3500 True 0.0 0.024459123611450195 0
3600 False 0.0 0.0 0
3700 False 0.0 0.0 0
3800 True 0.0 0.019345760345458984 0
3900 True 0.0 0.01918172836303711 0
4000 False 0.0 0.0 0
4100 True 0.0 0.01949334144592285 0
4200 False 0.0 0.0 0
4300 True 0.0 0.01885843276977539 0
4400 False 0.0 0.0 0
4500 False 0.0 0.0 0
4600 True 0.0 0.018585681915283203 0
4700 False 0.0 0.0 0
4800 True 0.0 0.019510269165039062 0
4900 True 0.0 0.019074678421020508 0
5000 True 0.0 0.019227981567382812 0
5100 True 0.0 0.019179344177246094 0
5200 True 0.0 0.020064353942871094 0
5300 False 0.0 0.0 0
5400 True 0.0 0.019067049026489258 0
5500 False 0.0 0.0 0
5600 False 0.0 0.0 0
5700 True 0.0 0.01860833168029785 0
5800 False 0.0 0.0 0
5900 False 0.0 0.0 0
6000 True 0.0 0.018774986267089844 0
6100 True 0.0 0.0187530517578125 0
6200 False 0.0 0.0 0
6300 False 0.0 0.0 0
6400 False 0.0 0.0 0
6500 False 0.0 0.0 0
6600 True 0.0 0.01893758773803711 0
6700 True 0.0 0.018749237060546875 0
6800 True 0.0 0.018796443939208984 0
6900 False 0.0 0.0 0
7000 False 0.0 0.0 0
7100 False 0.0 0.0 0
7200 False 0.0 0.0 0
7300 True 0.0 0.01883244514465332 0
7400 True 0.0 0.019498109817504883 0
7500 False 0.0 0.0 0
7600 False 0.0 0.0 0
7700 True 0.0 0.01888298988342285 0
7800 True 0.0 0.019412994384765625 0
7900 False 0.0 0.0 0
8000 True 0.0 0.019115209579467773 0
8100 False 0.0 0.0 0
8200 False 0.0 0.0 0
8300 False 0.0 0.0 0
8400 False 0.0 0.0 0
8500 True 0.0 0.01967620849609375 0
8600 False 0.0 0.0 0
8700 True 0.0 0.019292354583740234 0
8800 True 0.0009765625 0.02103424072265625 0
8900 False 0.0 0.0 0
9000 True 0.0 0.019242286682128906 0
9100 False 0.0 0.0 0
9200 True 0.0 0.019184112548828125 0
9300 False 0.0 0.0 0
9400 True 0.0 0.01915740966796875 0
9500 False 0.0 0.0 0
9600 True 0.0 0.019021987915039062 0
9700 True 0.0 0.018987655639648438 0
9800 True 0.0 0.02048802375793457 0
9900 False 0.0 0.0 0
