0 True 0 0.004604339599609375 0
100 False 0 0.0 0
200 False 0 0.0 0
300 True 0 0.0026521682739257812 0
400 True 0 0.0026557445526123047 0
500 False 0 0.0 0
600 False 0 0.0 0
700 True 0 0.004952907562255859 0
800 False 0 0.0 0
900 False 0 0.0 0
1000 True 0 0.004944801330566406 0
1100 False 0 0.0 0
1200 True 0 0.005002737045288086 0
1300 False 0 0.0 0
1400 False 0 0.0 0
1500 True 0 0.0048923492431640625 0
1600 False 0 0.0 0
1700 False 0 0.0 0
1800 False 0 0.0 0
1900 True 0 0.004893302917480469 0
2000 False 0 0.0 0
2100 False 0 0.0 0
2200 True 0 0.005166053771972656 0
2300 True 0 0.0027511119842529297 0
2400 True 0 0.002807140350341797 0
2500 False 0 0.0 0
2600 True 0 0.002826690673828125 0
2700 False 0 0.0 0
2800 True 0 0.002291440963745117 0
2900 False 0 0.0 0
3000 True 0 0.002323150634765625 0
3100 True 0 0.002272367477416992 0
3200 False 0 0.0 0
3300 False 0 0.0 0
3400 False 0 0.0 0
3500 True 0 0.002354145050048828 0
3600 False 0 0.0 0
3700 False 0 0.0 0
3800 True 0 0.002335071563720703 0
3900 True 0 0.002286672592163086 0
4000 False 0 0.0 0
4100 True 0 0.005264997482299805 0
4200 False 0 0.0 0
4300 True 0 0.005106925964355469 0
4400 False 0 0.0 0
4500 False 0 0.0 0
4600 True 0 0.005106687545776367 0
4700 False 0 0.0 0
4800 True 0 0.005115032196044922 0
4900 True 0 0.0051422119140625 0
5000 True 0 0.003030061721801758 0
5100 True 0 0.002906322479248047 0
5200 True 0 0.0031442642211914062 0
5300 False 0 0.0 0
5400 True 0 0.002739429473876953 0
5500 False 0 0.0 0
5600 False 0 0.0 0
5700 True 0 0.002168416976928711 0
5800 False 0 0.0 0
5900 False 0 0.0 0
6000 True 0 0.002969503402709961 0
6100 True 0 0.0028238296508789062 0
6200 False 0 0.0 0
6300 False 0 0.0 0
6400 False 0 0.0 0
6500 False 0 0.0 0
6600 True 0 0.0028374195098876953 0
6700 True 0 0.002799510955810547 0
6800 True 0 0.0021965503692626953 0
6900 False 0 0.0 0
7000 False 0 0.0 0
7100 False 0 0.0 0
7200 False 0 0.0 0
7300 True 0 0.0023260116577148438 0
7400 True 0 0.002565622329711914 0
7500 False 0 0.0 0
7600 False 0 0.0 0
7700 True 0 0.005045652389526367 0
7800 True 0 0.0030035972595214844 0
7900 False 0 0.0 0
8000 True 0 0.0030570030212402344 0
8100 False 0 0.0 0
8200 False 0 0.0 0
8300 False 0 0.0 0
8400 False 0 0.0 0
8500 True 0 0.00308990478515625 0
8600 False 0 0.0 0
8700 True 0 0.005179166793823242 0
8800 True 0 0.005788564682006836 0
8900 False 0 0.0 0
9000 True 0 0.0029723644256591797 0
9100 False 0 0.0 0
9200 True 0 0.0030498504638671875 0
9300 False 0 0.0 0
9400 True 0 0.0028696060180664062 0
9500 False 0 0.0 0
9600 True 0 0.0028259754180908203 0
9700 True 0 0.005914211273193359 0
9800 True 0 0.00315093994140625 0
9900 False 0 0.0 0
