0 True 0.0 0.023654460906982422 0
100 False 0.0 0.0 0
200 False 0.0 0.0 0
300 True 0.0 0.024220943450927734 0
400 True 0.001953125 0.025036334991455078 0
500 False 0.0 0.0 0
600 True 0.0 0.023035049438476562 0
700 True 0.0009765625 0.024768590927124023 0
800 True 0.0009765625 0.026785850524902344 0
900 False 0.0 0.0 0
1000 True 0.0009765625 0.02663898468017578 0
1100 False 0.0 0.0 0
1200 False 0.0 0.0 0
1300 False 0.0 0.0 0
1400 True 0.0 0.024210691452026367 0
1500 False 0.0 0.0 0
1600 False 0.0 0.0 0
1700 False 0.0 0.0 0
1800 False 0.0 0.0 0
1900 True 0.001953125 0.02515387535095215 0
2000 False 0.0 0.0 0
2100 False 0.0 0.0 0
2200 True 0.001953125 0.025565385818481445 0
2300 False 0.0 0.0 0
2400 True 0.005859375 0.026885986328125 0
2500 False 0.0 0.0 0
2600 True 0.0009765625 0.02514195442199707 0
2700 False 0.0 0.0 0
2800 False 0.0 0.0 0
2900 False 0.0 0.0 0
3000 True 0.0029296875 0.027152299880981445 0
3100 True 0.001953125 0.0250704288482666 0
3200 False 0.0 0.0 0
3300 False 0.0 0.0 0
3400 False 0.0 0.0 0
3500 True 0.0009765625 0.02499079704284668 0
3600 False 0.0 0.0 0
3700 False 0.0 0.0 0
3800 True 0.0 0.023443937301635742 0
3900 False 0.0 0.0 0
4000 False 0.0 0.0 0
4100 True 0.0029296875 0.026754140853881836 0
4200 True 0.0 0.024019956588745117 0
4300 True 0.001953125 0.02491140365600586 0
4400 False 0.0 0.0 0
4500 False 0.0 0.0 0
4600 False 0.0 0.0 0
4700 False 0.0 0.0 0
4800 True 0.001953125 0.024977445602416992 0
4900 False 0.0 0.0 0
5000 True 0.0009765625 0.025647401809692383 0
5100 True 0.0 0.024425029754638672 0
5200 False 0.0 0.0 0
5300 False 0.0 0.0 0
5400 False 0.0 0.0 0
5500 True 0.0 0.023471593856811523 0
5600 False 0.0 0.0 0
5700 True 0.0 0.02446770668029785 0
5800 False 0.0 0.0 0
5900 False 0.0 0.0 0
6000 True 0.0 0.023557186126708984 0
6100 True 0.0 0.02503800392150879 0
6200 False 0.0 0.0 0
6300 False 0.0 0.0 0
6400 False 0.0 0.0 0
6500 False 0.0 0.0 0
6600 True 0.0029296875 0.026632308959960938 0
6700 True 0.0 0.023275136947631836 0
6800 True 0.0 0.023801565170288086 0
6900 False 0.0 0.0 0
7000 False 0.0 0.0 0
7100 True 0.001953125 0.026027917861938477 0
7200 False 0.0 0.0 0
7300 False 0.0 0.0 0
7400 True 0.0 0.02557659149169922 0
7500 True 0.0 0.024741649627685547 0
7600 False 0.0 0.0 0
7700 True 0.0009765625 0.025930166244506836 0
7800 True 0.0009765625 0.026717662811279297 0
7900 False 0.0 0.0 0
8000 True 0.0 0.023159503936767578 0
8100 False 0.0 0.0 0
8200 False 0.0 0.0 0
8300 False 0.0 0.0 0
8400 False 0.0 0.0 0
8500 False 0.0 0.0 0
8600 False 0.0 0.0 0
8700 False 0.0 0.0 0
8800 True 0.0048828125 0.027044057846069336 0
8900 False 0.0 0.0 0
9000 True 0.0009765625 0.025007247924804688 0
9100 False 0.0 0.0 0
9200 True 0.001953125 0.025026798248291016 0
9300 True 0.0 0.023804187774658203 0
9400 True 0.0 0.024068355560302734 0
9500 True 0.0 0.02333831787109375 0
9600 True 0.001953125 0.024701595306396484 0
9700 True 0.0009765625 0.02567434310913086 0
9800 True 0.0009765625 0.028246641159057617 0
9900 False 0.0 0.0 0
