0 True 0 0.004038333892822266 0
100 True 0 0.0029468536376953125 0
200 False 0 0.0 0
300 True 0 0.0028982162475585938 0
400 True 0 0.006325960159301758 0
500 False 0 0.0 0
600 False 0 0.0 0
700 True 0 0.005990505218505859 0
800 True 0 0.006096601486206055 0
900 False 0 0.0 0
1000 True 0 0.005926609039306641 0
1100 False 0 0.0 0
1200 True 0 0.006049156188964844 0
1300 False 0 0.0 0
1400 True 0 0.00600743293762207 0
1500 True 0 0.005905628204345703 0
1600 False 0 0.0 0
1700 False 0 0.0 0
1800 True 0 0.00603175163269043 0
1900 True 0 0.0035555362701416016 0
2000 False 0 0.0 0
2100 True 0 0.003970146179199219 0
2200 True 0 0.0036988258361816406 0
2300 False 0 0.0 0
2400 True 0 0.003367185592651367 0
2500 True 0 0.0027387142181396484 0
2600 True 0 0.0027229785919189453 0
2700 True 0 0.0027570724487304688 0
2800 True 0 0.006258726119995117 0
2900 False 0 0.0 0
3000 True 0 0.0062558650970458984 0
3100 True 0 0.006361484527587891 0
3200 True 0 0.00632929801940918 0
3300 True 0 0.006277799606323242 0
3400 False 0 0.0 0
3500 True 0 0.003583192825317383 0
3600 False 0 0.0 0
3700 False 0 0.0 0
3800 True 0 0.003356456756591797 0
3900 False 0 0.0 0
4000 False 0 0.0 0
4100 True 0 0.003331422805786133 0
4200 False 0 0.0 0
4300 True 0 0.0033757686614990234 0
4400 False 0 0.0 0
4500 True 0 0.002555370330810547 0
4600 False 0 0.0 0
4700 False 0 0.0 0
4800 True 0 0.003490924835205078 0
4900 True 0 0.003509998321533203 0
5000 True 0 0.003407001495361328 0
5100 False 0 0.0 0
5200 True 0 0.005548238754272461 0
5300 False 0 0.0 0
5400 False 0 0.0 0
5500 False 0 0.0 0
5600 True 0 0.006105661392211914 0
5700 True 0 0.0038366317749023438 0
5800 False 0 0.0 0
5900 False 0 0.0 0
6000 True 0 0.003475666046142578 0
6100 True 0 0.0036215782165527344 0
6200 False 0 0.0 0
6300 True 0 0.0056879520416259766 0
6400 False 0 0.0 0
6500 False 0 0.0 0
6600 True 0 0.006219148635864258 0
6700 True 0 0.005797147750854492 0
6800 True 0 0.003536224365234375 0
6900 False 0 0.0 0
7000 False 0 0.0 0
7100 False 0 0.0 0
7200 False 0 0.0 0
7300 False 0 0.0 0
7400 True 0 0.003482818603515625 0
7500 True 0 0.007294893264770508 0
7600 False 0 0.0 0
7700 True 0 0.0035512447357177734 0
7800 True 0 0.0034024715423583984 0
7900 False 0 0.0 0
8000 True 0 0.0051991939544677734 0
8100 False 0 0.0 0
8200 False 0 0.0 0
8300 False 0 0.0 0
8400 False 0 0.0 0
8500 True 0 0.0035881996154785156 0
8600 False 0 0.0 0
8700 True 0 0.003610849380493164 0
8800 True 0 0.0036742687225341797 0
8900 True 0 0.0075626373291015625 0
9000 True 0 0.003599882125854492 0
9100 False 0 0.0 0
9200 True 0 0.003637552261352539 0
9300 True 0 0.0036399364471435547 0
9400 True 0 0.0036873817443847656 0
9500 True 0 0.008567571640014648 0
9600 True 0 0.0034613609313964844 0
9700 True 0 0.003411531448364258 0
9800 True 0 0.0033478736877441406 0
9900 False 0 0.0 0
