0 True 0.0 0.023329734802246094 0
100 True 0.0 0.023263931274414062 0
200 False 0.0 0.0 0
300 True 0.0 0.023430585861206055 0
400 True 0.0 0.023199796676635742 0
500 False 0.0 0.0 0
600 False 0.0 0.0 0
700 True 0.0 0.023095369338989258 0
800 True 0.0 0.02335643768310547 0
900 False 0.0 0.0 0
1000 True 0.0 0.023254871368408203 0
1100 False 0.0 0.0 0
1200 True 0.0 0.023099422454833984 0
1300 False 0.0 0.0 0
1400 True 0.0 0.023433685302734375 0
1500 True 0.0 0.022759437561035156 0
1600 False 0.0 0.0 0
1700 False 0.0 0.0 0
1800 True 0.0 0.02291107177734375 0
1900 True 0.0 0.02259063720703125 0
2000 False 0.0 0.0 0
2100 True 0.0 0.02295517921447754 0
2200 True 0.0 0.023461580276489258 0
2300 False 0.0 0.0 0
2400 True 0.0 0.02303147315979004 0
2500 True 0.0 0.022761821746826172 0
2600 True 0.0 0.022794723510742188 0
2700 True 0.0 0.022696256637573242 0
2800 True 0.0 0.022983551025390625 0
2900 False 0.0 0.0 0
3000 True 0.0 0.023524045944213867 0
3100 True 0.0 0.023334741592407227 0
3200 True 0.0 0.023253202438354492 0
3300 True 0.0 0.023084640502929688 0
3400 False 0.0 0.0 0
3500 True 0.0 0.022939205169677734 0
3600 False 0.0 0.0 0
3700 False 0.0 0.0 0
3800 True 0.0 0.022901058197021484 0
3900 False 0.0 0.0 0
4000 False 0.0 0.0 0
4100 True 0.0 0.022885799407958984 0
4200 False 0.0 0.0 0
4300 True 0.0 0.02332019805908203 0
4400 False 0.0 0.0 0
4500 True 0.0 0.023300647735595703 0
4600 False 0.0 0.0 0
4700 False 0.0 0.0 0
4800 True 0.0 0.023456573486328125 0
4900 True 0.0 0.02327132225036621 0
5000 True 0.0 0.02335667610168457 0
5100 False 0.0 0.0 0
5200 True 0.0 0.023155689239501953 0
5300 False 0.0 0.0 0
5400 False 0.0 0.0 0
5500 False 0.0 0.0 0
5600 True 0.0 0.023290157318115234 0
5700 True 0.0 0.02342987060546875 0
5800 False 0.0 0.0 0
5900 False 0.0 0.0 0
6000 True 0.0 0.02344989776611328 0
6100 True 0.0 0.02308940887451172 0
6200 False 0.0 0.0 0
6300 True 0.0 0.023196935653686523 0
6400 False 0.0 0.0 0
6500 False 0.0 0.0 0
6600 True 0.0 0.023262739181518555 0
6700 True 0.0 0.023270606994628906 0
6800 True 0.0 0.02326035499572754 0
6900 False 0.0 0.0 0
7000 False 0.0 0.0 0
7100 False 0.0 0.0 0
7200 False 0.0 0.0 0
7300 False 0.0 0.0 0
7400 True 0.0 0.023276567459106445 0
7500 True 0.0 0.023346662521362305 0
7600 False 0.0 0.0 0
7700 True 0.0 0.02311253547668457 0
7800 True 0.0 0.02357649803161621 0
7900 False 0.0 0.0 0
8000 True 0.0 0.02331256866455078 0
8100 False 0.0 0.0 0
8200 False 0.0 0.0 0
8300 False 0.0 0.0 0
8400 False 0.0 0.0 0
8500 True 0.0 0.023655414581298828 0
8600 False 0.0 0.0 0
8700 True 0.0 0.023262977600097656 0
8800 True 0.0 0.02471327781677246 0
8900 True 0.0 0.02319192886352539 0
9000 True 0.0 0.023569822311401367 0
9100 False 0.0 0.0 0
9200 True 0.0 0.02356553077697754 0
9300 True 0.0 0.02345752716064453 0
9400 True 0.0 0.023465394973754883 0
9500 True 0.0 0.023594141006469727 0
9600 True 0.0 0.023764371871948242 0
9700 True 0.0 0.02349853515625 0
9800 True 0.0 0.02514195442199707 0
9900 False 0.0 0.0 0
