0 True 0 0.005168437957763672 0
100 False 0 0.0 0
200 False 0 0.0 0
300 True 0 0.005423784255981445 0
400 True 1 0.006174564361572266 0
500 False 0 0.0 0
600 True 1 0.006125688552856445 0
700 True 1 0.0060307979583740234 0
800 True 1 0.0058743953704833984 0
900 False 0 0.0 0
1000 True 1 0.006062746047973633 0
1100 False 0 0.0 0
1200 True 1 0.006173610687255859 0
1300 True 1 0.006193876266479492 0
1400 True 1 0.006089448928833008 0
1500 True 1 0.005953550338745117 0
1600 False 0 0.0 0
1700 False 0 0.0 0
1800 False 0 0.0 0
1900 True 1 0.006310939788818359 0
2000 False 0 0.0 0
2100 False 0 0.0 0
2200 True 1 0.0060536861419677734 0
2300 False 0 0.0 0
2400 True 1 0.00597691535949707 0
2500 False 0 0.0 0
2600 True 1 0.0059359073638916016 0
2700 True 1 0.006017208099365234 0
2800 True 0 0.005721092224121094 0
2900 False 0 0.0 0
3000 True 1 0.006224393844604492 0
3100 True 1 0.0061604976654052734 0
3200 False 0 0.0 0
3300 False 0 0.0 0
3400 False 0 0.0 0
3500 True 1 0.00604701042175293 0
3600 False 0 0.0 0
3700 False 0 0.0 0
3800 True 1 0.0061533451080322266 0
3900 False 0 0.0 0
4000 False 0 0.0 0
4100 True 1 0.006001949310302734 0
4200 False 0 0.0 0
4300 True 1 0.00593256950378418 0
4400 False 0 0.0 0
4500 True 0 0.005078554153442383 0
4600 False 0 0.0 0
4700 False 0 0.0 0
4800 True 1 0.006136178970336914 0
4900 False 0 0.0 0
5000 True 1 0.0060732364654541016 0
5100 True 1 0.00592803955078125 0
5200 True 1 0.006012678146362305 0
5300 True 0 0.0044765472412109375 0
5400 True 1 0.006205558776855469 0
5500 True 0 0.004534006118774414 0
5600 True 1 0.006053447723388672 0
5700 True 1 0.0060100555419921875 0
5800 False 0 0.0 0
5900 False 0 0.0 0
6000 True 0 0.005944967269897461 0
6100 True 1 0.006118059158325195 0
6200 True 1 0.006200551986694336 0
6300 False 0 0.0 0
6400 True 1 0.0062177181243896484 0
6500 False 0 0.0 0
6600 True 1 0.006141185760498047 0
6700 False 0 0.0 0
6800 True 0 0.004755258560180664 0
6900 False 0 0.0 0
7000 False 0 0.0 0
7100 True 0 0.004236936569213867 0
7200 True 0 0.005452156066894531 0
7300 False 0 0.0 0
7400 True 1 0.005994081497192383 0
7500 True 1 0.005971193313598633 0
7600 False 0 0.0 0
7700 True 1 0.006033182144165039 0
7800 True 0 0.006032228469848633 0
7900 False 0 0.0 0
8000 True 1 0.006246089935302734 0
8100 False 0 0.0 0
8200 False 0 0.0 0
8300 False 0 0.0 0
8400 True 1 0.006038665771484375 0
8500 True 1 0.0061054229736328125 0
8600 True 1 0.006165266036987305 0
8700 True 1 0.00616908073425293 0
8800 True 1 0.00616002082824707 0
8900 True 1 0.00614476203918457 0
9000 True 1 0.005995512008666992 0
9100 False 0 0.0 0
9200 True 1 0.008158445358276367 0
9300 True 1 0.008082389831542969 0
9400 True 1 0.008216619491577148 0
9500 False 0 0.0 0
9600 True 1 0.00808095932006836 0
9700 True 1 0.005967617034912109 0
9800 True 1 0.005891084671020508 0
9900 True 1 0.005900859832763672 0
