0 True 0 0.009327411651611328 0
100 False 0 0.0 0
200 False 0 0.0 0
300 False 0 0.0 0
400 True 1 0.007162809371948242 0
500 False 0 0.0 0
600 True 1 0.0072078704833984375 0
700 True 1 0.0072062015533447266 0
800 True 1 0.007110118865966797 0
900 False 0 0.0 0
1000 True 1 0.007044076919555664 0
1100 False 0 0.0 0
1200 False 0 0.0 0
1300 True 1 0.007549285888671875 0
1400 True 1 0.007617473602294922 0
1500 False 0 0.0 0
1600 False 0 0.0 0
1700 False 0 0.0 0
1800 False 0 0.0 0
1900 True 1 0.007136344909667969 0
2000 False 0 0.0 0
2100 False 0 0.0 0
2200 True 1 0.007368326187133789 0
2300 False 0 0.0 0
2400 True 1 0.007152080535888672 0
2500 False 0 0.0 0
2600 True 1 0.007516384124755859 0
2700 True 1 0.008149862289428711 0
2800 False 0 0.0 0
2900 True 1 0.007460117340087891 0
3000 True 1 0.007552146911621094 0
3100 True 1 0.00793147087097168 0
3200 False 0 0.0 0
3300 False 0 0.0 0
3400 False 0 0.0 0
3500 True 0 0.0068514347076416016 0
3600 False 0 0.0 0
3700 False 0 0.0 0
3800 True 1 0.007196187973022461 0
3900 False 0 0.0 0
4000 False 0 0.0 0
4100 True 1 0.00818181037902832 0
4200 False 0 0.0 0
4300 True 1 0.0074176788330078125 0
4400 False 0 0.0 0
4500 True 1 0.007271766662597656 0
4600 False 0 0.0 0
4700 True 0 0.005835056304931641 0
4800 True 1 0.007158517837524414 0
4900 False 0 0.0 0
5000 True 1 0.007819175720214844 0
5100 True 0 0.0067594051361083984 0
5200 False 0 0.0 0
5300 False 0 0.0 0
5400 False 0 0.0 0
5500 False 0 0.0 0
5600 False 0 0.0 0
5700 True 1 0.007063865661621094 0
5800 False 0 0.0 0
5900 False 0 0.0 0
6000 False 0 0.0 0
6100 True 1 0.0072057247161865234 0
6200 False 0 0.0 0
6300 False 0 0.0 0
6400 False 0 0.0 0
6500 False 0 0.0 0
6600 True 1 0.007831096649169922 0
6700 False 0 0.0 0
6800 True 1 0.0083160400390625 0
6900 True 1 0.008209705352783203 0
7000 False 0 0.0 0
7100 True 1 0.007611751556396484 0
7200 False 0 0.0 0
7300 True 0 0.005780935287475586 0
7400 False 0 0.0 0
7500 True 1 0.0070667266845703125 0
7600 False 0 0.0 0
7700 True 1 0.008039712905883789 0
7800 True 1 0.007279396057128906 0
7900 False 0 0.0 0
8000 True 0 0.00542759895324707 0
8100 False 0 0.0 0
8200 False 0 0.0 0
8300 False 0 0.0 0
8400 False 0 0.0 0
8500 False 0 0.0 0
8600 True 1 0.007128715515136719 0
8700 True 1 0.007319927215576172 0
8800 True 1 0.007413387298583984 0
8900 False 0 0.0 0
9000 True 0 0.005785942077636719 0
9100 False 0 0.0 0
9200 True 1 0.007283926010131836 0
9300 True 0 0.00602269172668457 0
9400 True 1 0.007364988327026367 0
9500 False 0 0.0 0
9600 True 1 0.007082700729370117 0
9700 True 1 0.007169961929321289 0
9800 True 1 0.0077855587005615234 0
9900 False 0 0.0 0
