0 True 0 0.01922440528869629 0
100 False 0 0.0 0
200 False 0 0.0 0
300 True 1 0.008034706115722656 0
400 True 1 0.007967710494995117 0
500 False 0 0.0 0
600 True 1 0.0073816776275634766 0
700 True 1 0.007590293884277344 0
800 True 1 0.007000446319580078 0
900 False 0 0.0 0
1000 True 1 0.007146596908569336 0
1100 False 0 0.0 0
1200 True 1 0.007040977478027344 0
1300 False 0 0.0 0
1400 True 1 0.007803201675415039 0
1500 False 0 0.0 0
1600 False 0 0.0 0
1700 False 0 0.0 0
1800 True 0 0.005382537841796875 0
1900 True 1 0.007076740264892578 0
2000 False 0 0.0 0
2100 False 0 0.0 0
2200 False 0 0.0 0
2300 False 0 0.0 0
2400 True 1 0.006954193115234375 0
2500 False 0 0.0 0
2600 True 1 0.007151603698730469 0
2700 True 1 0.006997108459472656 0
2800 False 0 0.0 0
2900 False 0 0.0 0
3000 True 1 0.007245302200317383 0
3100 True 1 0.007752418518066406 0
3200 True 0 0.00820779800415039 0
3300 True 0 0.00677943229675293 0
3400 True 0 0.005862712860107422 0
3500 True 1 0.007491588592529297 0
3600 False 0 0.0 0
3700 False 0 0.0 0
3800 True 1 0.0074329376220703125 0
3900 False 0 0.0 0
4000 False 0 0.0 0
4100 True 1 0.007492780685424805 0
4200 True 0 0.005863666534423828 0
4300 True 1 0.007279634475708008 0
4400 False 0 0.0 0
4500 True 0 0.006393909454345703 0
4600 False 0 0.0 0
4700 False 0 0.0 0
4800 True 1 0.007411956787109375 0
4900 True 0 0.0066301822662353516 0
5000 True 1 0.007464885711669922 0
5100 True 1 0.007440328598022461 0
5200 True 1 0.007230281829833984 0
5300 False 0 0.0 0
5400 True 1 0.007124662399291992 0
5500 False 0 0.0 0
5600 True 1 0.007045745849609375 0
5700 True 1 0.007140398025512695 0
5800 False 0 0.0 0
5900 False 0 0.0 0
6000 True 0 0.006997585296630859 0
6100 True 1 0.007248401641845703 0
6200 True 1 0.0071675777435302734 0
6300 False 0 0.0 0
6400 True 1 0.007416486740112305 0
6500 False 0 0.0 0
6600 True 1 0.007298469543457031 0
6700 True 0 0.005662202835083008 0
6800 True 1 0.008107662200927734 0
6900 True 1 0.008131980895996094 0
7000 False 0 0.0 0
7100 False 0 0.0 0
7200 True 0 0.006579875946044922 0
7300 False 0 0.0 0
7400 True 1 0.007086277008056641 0
7500 True 1 0.00705265998840332 0
7600 False 0 0.0 0
7700 True 1 0.006971597671508789 0
7800 True 0 0.0071392059326171875 0
7900 False 0 0.0 0
8000 True 1 0.007729291915893555 0
8100 True 1 0.007175445556640625 0
8200 False 0 0.0 0
8300 False 0 0.0 0
8400 True 1 0.007135629653930664 0
8500 True 1 0.007210731506347656 0
8600 True 1 0.007146358489990234 0
8700 True 1 0.007075786590576172 0
8800 True 1 0.00712275505065918 0
8900 True 1 0.007314920425415039 0
9000 True 1 0.007375478744506836 0
9100 False 0 0.0 0
9200 True 1 0.007282733917236328 0
9300 True 1 0.007109403610229492 0
9400 True 1 0.007112979888916016 0
9500 True 1 0.0074427127838134766 0
9600 True 1 0.007467985153198242 0
9700 True 1 0.007531881332397461 0
9800 True 1 0.00737452507019043 0
9900 True 1 0.007091522216796875 0
