0 True 0 0.005811214447021484 0
100 False 0 0.0 0
200 False 0 0.0 0
300 True 0 0.0051593780517578125 0
400 True 0 0.005118608474731445 0
500 True 0 0.0051424503326416016 0
600 True 0 0.005159854888916016 0
700 True 0 0.005989789962768555 0
800 True 0 0.005977630615234375 0
900 False 0 0.0 0
1000 True 0 0.005945444107055664 0
1100 False 0 0.0 0
1200 True 0 0.005910158157348633 0
1300 True 0 0.005208253860473633 0
1400 True 0 0.0051157474517822266 0
1500 True 0 0.0049588680267333984 0
1600 False 0 0.0 0
1700 False 0 0.0 0
1800 True 0 0.004967689514160156 0
1900 True 0 0.005034685134887695 0
2000 False 0 0.0 0
2100 False 0 0.0 0
2200 True 0 0.005077362060546875 0
2300 False 0 0.0 0
2400 True 0 0.005039691925048828 0
2500 True 0 0.005000591278076172 0
2600 True 0 0.004941701889038086 0
2700 False 0 0.0 0
2800 False 0 0.0 0
2900 False 0 0.0 0
3000 True 0 0.0050907135009765625 0
3100 True 0 0.005129575729370117 0
3200 False 0 0.0 0
3300 True 0 0.005079984664916992 0
3400 False 0 0.0 0
3500 True 0 0.0050508975982666016 0
3600 False 0 0.0 0
3700 False 0 0.0 0
3800 True 0 0.005349874496459961 0
3900 False 0 0.0 0
4000 False 0 0.0 0
4100 True 0 0.008310317993164062 0
4200 False 0 0.0 0
4300 True 0 0.005979299545288086 0
4400 False 0 0.0 0
4500 True 0 0.006048679351806641 0
4600 False 0 0.0 0
4700 False 0 0.0 0
4800 True 0 0.0059049129486083984 0
4900 True 0 0.005163908004760742 0
5000 True 0 0.0051076412200927734 0
5100 True 0 0.0050923824310302734 0
5200 True 0 0.005062103271484375 0
5300 False 0 0.0 0
5400 False 0 0.0 0
5500 False 0 0.0 0
5600 True 0 0.005098819732666016 0
5700 False 0 0.0 0
5800 False 0 0.0 0
5900 False 0 0.0 0
6000 True 0 0.005074739456176758 0
6100 True 0 0.005095720291137695 0
6200 False 0 0.0 0
6300 True 0 0.005060911178588867 0
6400 False 0 0.0 0
6500 False 0 0.0 0
6600 True 0 0.005068063735961914 0
6700 True 0 0.005151510238647461 0
6800 True 0 0.00516963005065918 0
6900 False 0 0.0 0
7000 False 0 0.0 0
7100 False 0 0.0 0
7200 False 0 0.0 0
7300 False 0 0.0 0
7400 False 0 0.0 0
7500 True 0 0.005101919174194336 0
7600 False 0 0.0 0
7700 True 0 0.005147695541381836 0
7800 True 0 0.005186319351196289 0
7900 False 0 0.0 0
8000 True 0 0.005122661590576172 0
8100 False 0 0.0 0
8200 False 0 0.0 0
8300 False 0 0.0 0
8400 True 0 0.005109548568725586 0
8500 True 0 0.005077362060546875 0
8600 False 0 0.0 0
8700 True 0 0.005129814147949219 0
8800 True 0 0.005094766616821289 0
8900 False 0 0.0 0
9000 True 0 0.005106687545776367 0
9100 False 0 0.0 0
9200 True 0 0.0050618648529052734 0
9300 True 0 0.005137205123901367 0
9400 True 0 0.005092620849609375 0
9500 True 0 0.005175352096557617 0
9600 True 0 0.005132436752319336 0
9700 True 0 0.005074024200439453 0
9800 True 0 0.005087852478027344 0
9900 False 0 0.0 0
