0 True 0.0224609375 0.09909605979919434 0
100 False 0.0 0.0 0
200 False 0.0 0.0 0
300 False 0.0 0.0 0
400 True 0.08203125 0.08979296684265137 0
500 False 0.0 0.0 0
600 False 0.0 0.0 0
700 False 0.0 0.0 0
800 False 0.0 0.0 0
900 False 0.0 0.0 0
1000 True 0.0869140625 0.08884286880493164 0
1100 False 0.0 0.0 0
1200 True 0.0009765625 0.08245110511779785 0
1300 False 0.0 0.0 0
1400 True 0.0205078125 0.08908605575561523 0
1500 False 0.0 0.0 0
1600 False 0.0 0.0 0
1700 False 0.0 0.0 0
1800 False 0.0 0.0 0
1900 True 0.0654296875 0.09111833572387695 0
2000 False 0.0 0.0 0
2100 False 0.0 0.0 0
2200 True 0.1083984375 0.09260821342468262 0
2300 False 0.0 0.0 0
2400 True 0.177734375 0.08989214897155762 0
2500 False 0.0 0.0 0
2600 True 0.048828125 0.09045720100402832 0
2700 True 0.0517578125 0.09090375900268555 0
2800 False 0.0 0.0 0
2900 True 0.025390625 0.08874678611755371 0
3000 True 0.0859375 0.0868830680847168 0
3100 True 0.044921875 0.08901309967041016 0
3200 False 0.0 0.0 0
3300 True 0.0 0.08990979194641113 0
3400 True 0.03125 0.08368825912475586 0
3500 True 0.02734375 0.08695197105407715 0
3600 False 0.0 0.0 0
3700 True 0.0185546875 0.08838248252868652 0
3800 True 0.0556640625 0.09224462509155273 0
3900 False 0.0 0.0 0
4000 False 0.0 0.0 0
4100 True 0.134765625 0.0903019905090332 0
4200 True 0.04296875 0.08698105812072754 0
4300 True 0.056640625 0.09366059303283691 0
4400 False 0.0 0.0 0
4500 True 0.01171875 0.09161043167114258 0
4600 False 0.0 0.0 0
4700 False 0.0 0.0 0
4800 True 0.1015625 0.08616065979003906 0
4900 False 0.0 0.0 0
5000 True 0.025390625 0.08934330940246582 0
5100 True 0.0126953125 0.09082698822021484 0
5200 False 0.0 0.0 0
5300 False 0.0 0.0 0
5400 True 0.0078125 0.09220433235168457 0
5500 False 0.0 0.0 0
5600 False 0.0 0.0 0
5700 True 0.029296875 0.09259891510009766 0
5800 False 0.0 0.0 0
5900 False 0.0 0.0 0
6000 False 0.0 0.0 0
6100 True 0.0732421875 0.0888369083404541 0
6200 False 0.0 0.0 0
6300 False 0.0 0.0 0
6400 False 0.0 0.0 0
6500 False 0.0 0.0 0
6600 True 0.1083984375 0.09208035469055176 0
6700 False 0.0 0.0 0
6800 True 0.0927734375 0.09175920486450195 0
6900 True 0.01171875 0.08452987670898438 0
7000 False 0.0 0.0 0
7100 True 0.046875 0.09193181991577148 0
7200 True 0.021484375 0.08869051933288574 0
7300 False 0.0 0.0 0
7400 False 0.0 0.0 0
7500 True 0.0380859375 0.09057307243347168 0
7600 True 0.009765625 0.09249138832092285 0
7700 True 0.103515625 0.09339594841003418 0
7800 True 0.08984375 0.09810781478881836 0
7900 False 0.0 0.0 0
8000 True 0.05859375 0.08825898170471191 0
8100 False 0.0 0.0 0
8200 False 0.0 0.0 0
8300 False 0.0 0.0 0
8400 False 0.0 0.0 0
8500 False 0.0 0.0 0
8600 True 0.00390625 0.08738279342651367 0
8700 True 0.1044921875 0.092315673828125 0
8800 True 0.2177734375 0.10434699058532715 0
8900 False 0.0 0.0 0
9000 True 0.015625 0.08693122863769531 0
9100 False 0.0 0.0 0
9200 True 0.1181640625 0.09410810470581055 0
9300 False 0.0 0.0 0
9400 False 0.0 0.0 0
9500 False 0.0 0.0 0
9600 True 0.0966796875 0.0906822681427002 0
9700 True 0.12109375 0.08952808380126953 0
9800 True 0.0966796875 0.0942544937133789 0
9900 False 0.0 0.0 0
0 True 0.0224609375 0.10645055770874023 0
100 False 0.0 0.0 0
200 False 0.0 0.0 0
300 False 0.0 0.0 0
400 True 0.08203125 0.09557199478149414 0
500 False 0.0 0.0 0
600 False 0.0 0.0 0
700 False 0.0 0.0 0
800 False 0.0 0.0 0
900 False 0.0 0.0 0
1000 True 0.0869140625 0.09644317626953125 0
1100 False 0.0 0.0 0
1200 True 0.0009765625 0.08848738670349121 0
1300 False 0.0 0.0 0
1400 True 0.0205078125 0.09418559074401855 0
1500 False 0.0 0.0 0
1600 False 0.0 0.0 0
1700 False 0.0 0.0 0
1800 False 0.0 0.0 0
1900 True 0.0654296875 0.09426736831665039 0
2000 False 0.0 0.0 0
2100 False 0.0 0.0 0
2200 True 0.1083984375 0.09671521186828613 0
2300 False 0.0 0.0 0
2400 True 0.177734375 0.09364104270935059 0
2500 False 0.0 0.0 0
2600 True 0.048828125 0.09365272521972656 0
2700 True 0.0517578125 0.0952000617980957 0
2800 False 0.0 0.0 0
2900 True 0.025390625 0.09275174140930176 0
3000 True 0.0859375 0.09085822105407715 0
3100 True 0.044921875 0.09418296813964844 0
3200 False 0.0 0.0 0
3300 True 0.0 0.09536075592041016 0
3400 True 0.03125 0.08767080307006836 0
3500 True 0.02734375 0.09370255470275879 0
3600 False 0.0 0.0 0
3700 True 0.0185546875 0.09080266952514648 0
3800 True 0.0556640625 0.12148523330688477 0
3900 False 0.0 0.0 0
4000 False 0.0 0.0 0
4100 True 0.134765625 0.09483671188354492 0
4200 True 0.04296875 0.09017777442932129 0
4300 True 0.056640625 0.09511184692382812 0
4400 False 0.0 0.0 0
4500 True 0.01171875 0.0931389331817627 0
4600 False 0.0 0.0 0
4700 False 0.0 0.0 0
4800 True 0.1015625 0.09050941467285156 0
4900 False 0.0 0.0 0
5000 True 0.025390625 0.11002492904663086 0
5100 True 0.0126953125 0.09349250793457031 0
5200 False 0.0 0.0 0
5300 False 0.0 0.0 0
5400 True 0.0078125 0.10041451454162598 0
5500 False 0.0 0.0 0
5600 False 0.0 0.0 0
5700 True 0.029296875 0.09358000755310059 0
5800 False 0.0 0.0 0
5900 False 0.0 0.0 0
6000 False 0.0 0.0 0
6100 True 0.0732421875 0.10275912284851074 0
6200 False 0.0 0.0 0
6300 False 0.0 0.0 0
6400 False 0.0 0.0 0
6500 False 0.0 0.0 0
6600 True 0.1083984375 0.09790635108947754 0
6700 False 0.0 0.0 0
6800 True 0.0927734375 0.10210752487182617 0
6900 True 0.01171875 0.09266996383666992 0
7000 False 0.0 0.0 0
7100 True 0.046875 0.09988188743591309 0
7200 True 0.021484375 0.09288144111633301 0
7300 False 0.0 0.0 0
7400 False 0.0 0.0 0
7500 True 0.0380859375 0.10078597068786621 0
7600 True 0.009765625 0.09338212013244629 0
7700 True 0.103515625 0.09293699264526367 0
7800 True 0.08984375 0.09866738319396973 0
7900 False 0.0 0.0 0
8000 True 0.05859375 0.09154081344604492 0
8100 False 0.0 0.0 0
8200 False 0.0 0.0 0
8300 False 0.0 0.0 0
8400 False 0.0 0.0 0
8500 False 0.0 0.0 0
8600 True 0.00390625 0.0943150520324707 0
8700 True 0.1044921875 0.0936119556427002 0
8800 True 0.2177734375 0.09824490547180176 0
8900 False 0.0 0.0 0
9000 True 0.015625 0.09691929817199707 0
9100 False 0.0 0.0 0
9200 True 0.1181640625 0.09870433807373047 0
9300 False 0.0 0.0 0
9400 False 0.0 0.0 0
9500 False 0.0 0.0 0
9600 True 0.0966796875 0.09383940696716309 0
9700 True 0.12109375 0.09378433227539062 0
9800 True 0.0966796875 0.10013198852539062 0
9900 False 0.0 0.0 0
