0 True 0 0.011709928512573242 0
100 False 0 0.0 0
200 False 0 0.0 0
300 False 0 0.0 0
400 True 1 0.013350486755371094 0
500 False 0 0.0 0
600 False 0 0.0 0
700 False 0 0.0 0
800 False 0 0.0 0
900 False 0 0.0 0
1000 True 1 0.013327360153198242 0
1100 False 0 0.0 0
1200 True 0 0.016491174697875977 0
1300 False 0 0.0 0
1400 True 0 0.012531042098999023 0
1500 False 0 0.0 0
1600 False 0 0.0 0
1700 False 0 0.0 0
1800 False 0 0.0 0
1900 True 1 0.01335763931274414 0
2000 False 0 0.0 0
2100 False 0 0.0 0
2200 True 1 0.015789508819580078 0
2300 False 0 0.0 0
2400 True 1 0.013446807861328125 0
2500 False 0 0.0 0
2600 True 1 0.014683246612548828 0
2700 True 1 0.013083934783935547 0
2800 False 0 0.0 0
2900 True 0 0.01169586181640625 0
3000 True 1 0.012999773025512695 0
3100 True 1 0.011030197143554688 0
3200 False 0 0.0 0
3300 True 0 0.010336875915527344 0
3400 True 0 0.00947427749633789 0
3500 True 0 0.009550809860229492 0
3600 False 0 0.0 0
3700 True 0 0.009709358215332031 0
3800 True 1 0.010854482650756836 0
3900 False 0 0.0 0
4000 False 0 0.0 0
4100 True 1 0.010926246643066406 0
4200 True 1 0.011052131652832031 0
4300 True 1 0.011228561401367188 0
4400 False 0 0.0 0
4500 True 0 0.010300159454345703 0
4600 False 0 0.0 0
4700 False 0 0.0 0
4800 True 1 0.011162519454956055 0
4900 False 0 0.0 0
5000 True 0 0.009432315826416016 0
5100 True 0 0.010270833969116211 0
5200 False 0 0.0 0
5300 False 0 0.0 0
5400 True 0 0.009458303451538086 0
5500 False 0 0.0 0
5600 False 0 0.0 0
5700 True 0 0.010131359100341797 0
5800 False 0 0.0 0
5900 False 0 0.0 0
6000 False 0 0.0 0
6100 True 1 0.011201858520507812 0
6200 False 0 0.0 0
6300 False 0 0.0 0
6400 False 0 0.0 0
6500 False 0 0.0 0
6600 True 1 0.011452674865722656 0
6700 False 0 0.0 0
6800 True 1 0.011173725128173828 0
6900 True 0 0.009652137756347656 0
7000 False 0 0.0 0
7100 True 1 0.011681079864501953 0
7200 True 0 0.010084867477416992 0
7300 False 0 0.0 0
7400 False 0 0.0 0
7500 True 1 0.011518716812133789 0
7600 True 0 0.009970903396606445 0
7700 True 1 0.011461257934570312 0
7800 True 1 0.011502742767333984 0
7900 False 0 0.0 0
8000 True 1 0.011745452880859375 0
8100 False 0 0.0 0
8200 False 0 0.0 0
8300 False 0 0.0 0
8400 False 0 0.0 0
8500 False 0 0.0 0
8600 True 0 0.010669946670532227 0
8700 True 1 0.011550426483154297 0
8800 True 1 0.011569023132324219 0
8900 False 0 0.0 0
9000 True 0 0.009959936141967773 0
9100 False 0 0.0 0
9200 True 1 0.011853218078613281 0
9300 False 0 0.0 0
9400 False 0 0.0 0
9500 False 0 0.0 0
9600 True 1 0.01192617416381836 0
9700 True 1 0.01166534423828125 0
9800 True 1 0.011609792709350586 0
9900 False 0 0.0 0
0 True 0 0.01365351676940918 0
100 False 0 0.0 0
200 False 0 0.0 0
300 False 0 0.0 0
400 True 1 0.012512683868408203 0
500 False 0 0.0 0
600 False 0 0.0 0
700 False 0 0.0 0
800 False 0 0.0 0
900 False 0 0.0 0
1000 True 1 0.012273311614990234 0
1100 False 0 0.0 0
1200 True 0 0.010690450668334961 0
1300 False 0 0.0 0
1400 True 0 0.010745048522949219 0
1500 False 0 0.0 0
1600 False 0 0.0 0
1700 False 0 0.0 0
1800 False 0 0.0 0
1900 True 1 0.012339115142822266 0
2000 False 0 0.0 0
2100 False 0 0.0 0
2200 True 1 0.0133819580078125 0
2300 False 0 0.0 0
2400 True 1 0.013567209243774414 0
2500 False 0 0.0 0
2600 True 1 0.012419700622558594 0
2700 True 1 0.012481689453125 0
2800 False 0 0.0 0
2900 True 0 0.011196374893188477 0
3000 True 1 0.012199163436889648 0
3100 True 1 0.012068033218383789 0
3200 False 0 0.0 0
3300 True 0 0.011600017547607422 0
3400 True 0 0.010852336883544922 0
3500 True 0 0.010958194732666016 0
3600 False 0 0.0 0
3700 True 0 0.011255502700805664 0
3800 True 1 0.01532125473022461 0
3900 False 0 0.0 0
4000 False 0 0.0 0
4100 True 1 0.012516260147094727 0
4200 True 1 0.012072563171386719 0
4300 True 1 0.012094259262084961 0
4400 False 0 0.0 0
4500 True 0 0.01155710220336914 0
4600 False 0 0.0 0
4700 False 0 0.0 0
4800 True 1 0.012149572372436523 0
4900 False 0 0.0 0
5000 True 0 0.010498523712158203 0
5100 True 0 0.011628389358520508 0
5200 False 0 0.0 0
5300 False 0 0.0 0
5400 True 0 0.010441303253173828 0
5500 False 0 0.0 0
5600 False 0 0.0 0
5700 True 0 0.011096715927124023 0
5800 False 0 0.0 0
5900 False 0 0.0 0
6000 False 0 0.0 0
6100 True 1 0.012289285659790039 0
6200 False 0 0.0 0
6300 False 0 0.0 0
6400 False 0 0.0 0
6500 False 0 0.0 0
6600 True 1 0.012661218643188477 0
6700 False 0 0.0 0
6800 True 1 0.012401580810546875 0
6900 True 0 0.010632514953613281 0
7000 False 0 0.0 0
7100 True 1 0.012497425079345703 0
7200 True 0 0.01100468635559082 0
7300 False 0 0.0 0
7400 False 0 0.0 0
7500 True 1 0.012440681457519531 0
7600 True 0 0.01070094108581543 0
7700 True 1 0.012237071990966797 0
7800 True 1 0.012360334396362305 0
7900 False 0 0.0 0
8000 True 1 0.012116193771362305 0
8100 False 0 0.0 0
8200 False 0 0.0 0
8300 False 0 0.0 0
8400 False 0 0.0 0
8500 False 0 0.0 0
8600 True 0 0.01102137565612793 0
8700 True 1 0.013466119766235352 0
8800 True 1 0.012267589569091797 0
8900 False 0 0.0 0
9000 True 0 0.010378837585449219 0
9100 False 0 0.0 0
9200 True 1 0.01244664192199707 0
9300 False 0 0.0 0
9400 False 0 0.0 0
9500 False 0 0.0 0
9600 True 1 0.012193918228149414 0
9700 True 1 0.012267351150512695 0
9800 True 1 0.012176275253295898 0
9900 False 0 0.0 0
