0 False 0.0 0.0 0
100 True 0.0 0.03445076942443848 0
200 False 0.0 0.0 0
300 True 0.0 0.03574991226196289 0
400 True 0.0 0.03587794303894043 0
500 False 0.0 0.0 0
600 False 0.0 0.0 0
700 False 0.0 0.0 0
800 False 0.0 0.0 0
900 False 0.0 0.0 0
1000 False 0.0 0.0 0
1100 False 0.0 0.0 0
1200 False 0.0 0.0 0
1300 False 0.0 0.0 0
1400 False 0.0 0.0 0
1500 False 0.0 0.0 0
1600 False 0.0 0.0 0
1700 False 0.0 0.0 0
1800 False 0.0 0.0 0
1900 True 0.0 0.03543543815612793 0
2000 False 0.0 0.0 0
2100 False 0.0 0.0 0
2200 True 0.0 0.0357208251953125 0
2300 False 0.0 0.0 0
2400 True 0.0 0.03570699691772461 0
2500 False 0.0 0.0 0
2600 True 0.0 0.035951852798461914 0
2700 False 0.0 0.0 0
2800 False 0.0 0.0 0
2900 False 0.0 0.0 0
3000 False 0.0 0.0 0
3100 True 0.0 0.03471779823303223 0
3200 False 0.0 0.0 0
3300 False 0.0 0.0 0
3400 True 0.0 0.03404855728149414 0
3500 False 0.0 0.0 0
3600 True 0.0 0.034210920333862305 0
3700 False 0.0 0.0 0
3800 False 0.0 0.0 0
3900 False 0.0 0.0 0
4000 False 0.0 0.0 0
4100 False 0.0 0.0 0
4200 False 0.0 0.0 0
4300 True 0.0 0.03451371192932129 0
4400 False 0.0 0.0 0
4500 False 0.0 0.0 0
4600 False 0.0 0.0 0
4700 True 0.0 0.034508466720581055 0
4800 True 0.0 0.03441476821899414 0
4900 False 0.0 0.0 0
5000 False 0.0 0.0 0
5100 False 0.0 0.0 0
5200 False 0.0 0.0 0
5300 False 0.0 0.0 0
5400 True 0.0 0.03476452827453613 0
5500 False 0.0 0.0 0
5600 False 0.0 0.0 0
5700 False 0.0 0.0 0
5800 False 0.0 0.0 0
5900 False 0.0 0.0 0
6000 False 0.0 0.0 0
6100 True 0.0 0.03434395790100098 0
6200 False 0.0 0.0 0
6300 False 0.0 0.0 0
6400 False 0.0 0.0 0
6500 False 0.0 0.0 0
6600 False 0.0 0.0 0
6700 True 0.0 0.034789085388183594 0
6800 True 0.0 0.03433990478515625 0
6900 False 0.0 0.0 0
7000 False 0.0 0.0 0
7100 True 0.0 0.034181833267211914 0
7200 False 0.0 0.0 0
7300 False 0.0 0.0 0
7400 False 0.0 0.0 0
7500 False 0.0 0.0 0
7600 False 0.0 0.0 0
7700 True 0.0 0.03456926345825195 0
7800 True 0.0 0.03484368324279785 0
7900 False 0.0 0.0 0
8000 False 0.0 0.0 0
8100 True 0.0 0.034653425216674805 0
8200 False 0.0 0.0 0
8300 False 0.0 0.0 0
8400 False 0.0 0.0 0
8500 False 0.0 0.0 0
8600 False 0.0 0.0 0
8700 False 0.0 0.0 0
8800 True 0.0 0.035608768463134766 0
8900 False 0.0 0.0 0
9000 False 0.0 0.0 0
9100 False 0.0 0.0 0
9200 True 0.0 0.03518199920654297 0
9300 False 0.0 0.0 0
9400 True 0.0 0.03581643104553223 0
9500 False 0.0 0.0 0
9600 True 0.0 0.07690739631652832 0
9700 True 0.0 0.07723236083984375 0
9800 False 0.0 0.0 0
9900 False 0.0 0.0 0
