0 False 0.0 0.0 0
100 False 0.0 0.0 0
200 True 0.0 0.03858757019042969 0
300 True 0.0 0.038327932357788086 0
400 False 0.0 0.0 0
500 False 0.0 0.0 0
600 False 0.0 0.0 0
700 False 0.0 0.0 0
800 True 0.0 0.03854966163635254 0
900 False 0.0 0.0 0
1000 True 0.0 0.03853344917297363 0
1100 False 0.0 0.0 0
1200 False 0.0 0.0 0
1300 False 0.0 0.0 0
1400 True 0.0 0.04575228691101074 0
1500 True 0.0 0.04535627365112305 0
1600 False 0.0 0.0 0
1700 False 0.0 0.0 0
1800 False 0.0 0.0 0
1900 True 0.0 0.045101165771484375 0
2000 False 0.0 0.0 0
2100 False 0.0 0.0 0
2200 True 0.0 0.0437014102935791 0
2300 False 0.0 0.0 0
2400 True 0.0 0.036066293716430664 0
2500 True 0.0 0.03545880317687988 0
2600 True 0.0 0.03494143486022949 0
2700 False 0.0 0.0 0
2800 False 0.0 0.0 0
2900 False 0.0 0.0 0
3000 True 0.0 0.0347135066986084 0
3100 True 0.0 0.03488802909851074 0
3200 False 0.0 0.0 0
3300 False 0.0 0.0 0
3400 False 0.0 0.0 0
3500 True 0.0 0.03460288047790527 0
3600 False 0.0 0.0 0
3700 False 0.0 0.0 0
3800 False 0.0 0.0 0
3900 False 0.0 0.0 0
4000 False 0.0 0.0 0
4100 True 0.0 0.03482341766357422 0
4200 True 0.0 0.03465843200683594 0
4300 True 0.0 0.03451037406921387 0
4400 False 0.0 0.0 0
4500 False 0.0 0.0 0
4600 False 0.0 0.0 0
4700 True 0.0 0.0343785285949707 0
4800 False 0.0 0.0 0
4900 True 0.0 0.03457808494567871 0
5000 False 0.0 0.0 0
5100 False 0.0 0.0 0
5200 False 0.0 0.0 0
5300 False 0.0 0.0 0
5400 True 0.0 0.03504157066345215 0
5500 False 0.0 0.0 0
5600 False 0.0 0.0 0
5700 False 0.0 0.0 0
5800 False 0.0 0.0 0
5900 False 0.0 0.0 0
6000 True 0.0 0.03531765937805176 0
6100 True 0.0 0.03583836555480957 0
6200 False 0.0 0.0 0
6300 False 0.0 0.0 0
6400 False 0.0 0.0 0
6500 False 0.0 0.0 0
6600 True 0.0 0.04367518424987793 0
6700 True 0.0 0.04490518569946289 0
6800 True 0.0 0.045018911361694336 0
6900 False 0.0 0.0 0
7000 False 0.0 0.0 0
7100 False 0.0 0.0 0
7200 False 0.0 0.0 0
7300 False 0.0 0.0 0
7400 True 0.0 0.04525446891784668 0
7500 False 0.0 0.0 0
7600 False 0.0 0.0 0
7700 True 0.0 0.03745722770690918 0
7800 True 0.0 0.03556632995605469 0
7900 False 0.0 0.0 0
8000 False 0.0 0.0 0
8100 False 0.0 0.0 0
8200 False 0.0 0.0 0
8300 False 0.0 0.0 0
8400 False 0.0 0.0 0
8500 True 0.0 0.035926103591918945 0
8600 False 0.0 0.0 0
8700 False 0.0 0.0 0
8800 True 0.0 0.035666465759277344 0
8900 False 0.0 0.0 0
9000 False 0.0 0.0 0
9100 False 0.0 0.0 0
9200 True 0.0 0.035568952560424805 0
9300 True 0.0 0.03566932678222656 0
9400 False 0.0 0.0 0
9500 False 0.0 0.0 0
9600 True 0.0 0.03552412986755371 0
9700 True 0.0 0.0356137752532959 0
9800 True 0.0 0.035646915435791016 0
9900 False 0.0 0.0 0
