0 False 0 0.0 0
100 False 0 0.0 0
200 False 0 0.0 0
300 True 1 0.029512882232666016 0
400 True 1 0.01690673828125 0
500 False 0 0.0 0
600 True 1 0.027604341506958008 0
700 True 0 0.007481575012207031 0
800 True 0 0.02043890953063965 0
900 False 0 0.0 0
1000 True 1 0.010692358016967773 0
1100 False 0 0.0 0
1200 False 0 0.0 0
1300 False 0 0.0 0
1400 True 1 0.013032674789428711 0
1500 False 0 0.0 0
1600 False 0 0.0 0
1700 False 0 0.0 0
1800 False 0 0.0 0
1900 True 1 0.023512601852416992 0
2000 False 0 0.0 0
2100 False 0 0.0 0
2200 True 1 0.017343759536743164 0
2300 False 0 0.0 0
2400 True 1 0.023006677627563477 0
2500 False 0 0.0 0
2600 True 1 0.014369726181030273 0
2700 False 0 0.0 0
2800 False 0 0.0 0
2900 False 0 0.0 0
3000 True 1 0.014892578125 0
3100 True 1 0.011288881301879883 0
3200 False 0 0.0 0
3300 False 0 0.0 0
3400 True 1 0.0151824951171875 0
3500 False 0 0.0 0
3600 False 0 0.0 0
3700 False 0 0.0 0
3800 False 0 0.0 0
3900 False 0 0.0 0
4000 False 0 0.0 0
4100 True 1 0.028136730194091797 0
4200 False 0 0.0 0
4300 True 1 0.01274561882019043 0
4400 True 0 0.010898828506469727 0
4500 True 1 0.026953458786010742 0
4600 False 0 0.0 0
4700 True 0 0.0051860809326171875 0
4800 True 1 0.0223238468170166 0
4900 True 0 0.025886058807373047 0
5000 False 0 0.0 0
5100 False 0 0.0 0
5200 False 0 0.0 0
5300 True 1 0.01352548599243164 0
5400 False 0 0.0 0
5500 False 0 0.0 0
5600 False 0 0.0 0
5700 False 0 0.0 0
5800 False 0 0.0 0
5900 False 0 0.0 0
6000 True 0 0.013248682022094727 0
6100 False 0 0.0 0
6200 False 0 0.0 0
6300 False 0 0.0 0
6400 False 0 0.0 0
6500 True 0 0.02175307273864746 0
6600 True 1 0.012767553329467773 0
6700 True 1 0.0372464656829834 0
6800 True 1 0.01782059669494629 0
6900 False 0 0.0 0
7000 False 0 0.0 0
7100 True 1 0.02212834358215332 0
7200 False 0 0.0 0
7300 False 0 0.0 0
7400 False 0 0.0 0
7500 False 0 0.0 0
7600 False 0 0.0 0
7700 True 1 0.0419764518737793 0
7800 True 1 0.012639045715332031 0
7900 False 0 0.0 0
8000 True 0 0.026652097702026367 0
8100 True 1 0.022507190704345703 0
8200 False 0 0.0 0
8300 False 0 0.0 0
8400 False 0 0.0 0
8500 False 0 0.0 0
8600 False 0 0.0 0
8700 False 0 0.0 0
8800 True 1 0.019572734832763672 0
8900 False 0 0.0 0
9000 False 0 0.0 0
9100 False 0 0.0 0
9200 True 1 0.010294437408447266 0
9300 False 0 0.0 0
9400 True 1 0.015818119049072266 0
9500 True 0 0.015035390853881836 0
9600 True 1 0.022797346115112305 0
9700 True 1 0.02081751823425293 0
9800 False 0 0.0 0
9900 True 1 0.02760004997253418 0
