0 False 0.0 0.0 0
100 False 0.0 0.0 0
200 False 0.0 0.0 0
300 True 0.0625 0.14232110977172852 0
400 True 0.125 0.1572270393371582 0
500 False 0.0 0.0 0
600 True 0.0439453125 0.14014935493469238 0
700 True 0.01171875 0.13843250274658203 0
800 True 0.0302734375 0.15541386604309082 0
900 False 0.0 0.0 0
1000 True 0.052734375 0.14539694786071777 0
1100 False 0.0 0.0 0
1200 False 0.0 0.0 0
1300 False 0.0 0.0 0
1400 True 0.0380859375 0.149383544921875 0
1500 False 0.0 0.0 0
1600 False 0.0 0.0 0
1700 False 0.0 0.0 0
1800 False 0.0 0.0 0
1900 True 0.0751953125 0.1615581512451172 0
2000 False 0.0 0.0 0
2100 False 0.0 0.0 0
2200 True 0.126953125 0.14597725868225098 0
2300 False 0.0 0.0 0
2400 True 0.0986328125 0.16690278053283691 0
2500 False 0.0 0.0 0
2600 True 0.076171875 0.14933490753173828 0
2700 False 0.0 0.0 0
2800 False 0.0 0.0 0
2900 False 0.0 0.0 0
3000 True 0.0703125 0.1503448486328125 0
3100 True 0.06640625 0.10740017890930176 0
3200 False 0.0 0.0 0
3300 False 0.0 0.0 0
3400 True 0.1083984375 0.18538284301757812 0
3500 False 0.0 0.0 0
3600 False 0.0 0.0 0
3700 False 0.0 0.0 0
3800 False 0.0 0.0 0
3900 False 0.0 0.0 0
4000 False 0.0 0.0 0
4100 True 0.0869140625 0.13375473022460938 0
4200 False 0.0 0.0 0
4300 True 0.0546875 0.1586146354675293 0
4400 True 0.017578125 0.1397690773010254 0
4500 True 0.037109375 0.14621543884277344 0
4600 False 0.0 0.0 0
4700 True 0.0087890625 0.12675738334655762 0
4800 True 0.150390625 0.15872883796691895 0
4900 True 0.0205078125 0.13312959671020508 0
5000 False 0.0 0.0 0
5100 False 0.0 0.0 0
5200 False 0.0 0.0 0
5300 True 0.0576171875 0.14245915412902832 0
5400 False 0.0 0.0 0
5500 False 0.0 0.0 0
5600 False 0.0 0.0 0
5700 False 0.0 0.0 0
5800 False 0.0 0.0 0
5900 False 0.0 0.0 0
6000 True 0.0068359375 0.1445331573486328 0
6100 False 0.0 0.0 0
6200 False 0.0 0.0 0
6300 False 0.0 0.0 0
6400 False 0.0 0.0 0
6500 True 0.0048828125 0.12584614753723145 0
6600 True 0.05859375 0.15208840370178223 0
6700 True 0.046875 0.145829439163208 0
6800 True 0.0595703125 0.1578066349029541 0
6900 False 0.0 0.0 0
7000 False 0.0 0.0 0
7100 True 0.1142578125 0.15520477294921875 0
7200 False 0.0 0.0 0
7300 False 0.0 0.0 0
7400 False 0.0 0.0 0
7500 False 0.0 0.0 0
7600 False 0.0 0.0 0
7700 True 0.05078125 0.12650322914123535 0
7800 True 0.1025390625 0.13544869422912598 0
7900 False 0.0 0.0 0
8000 True 0.0302734375 0.14093279838562012 0
8100 True 0.0341796875 0.15354323387145996 0
8200 False 0.0 0.0 0
8300 False 0.0 0.0 0
8400 False 0.0 0.0 0
8500 False 0.0 0.0 0
8600 False 0.0 0.0 0
8700 False 0.0 0.0 0
8800 True 0.1787109375 0.1583118438720703 0
8900 False 0.0 0.0 0
9000 False 0.0 0.0 0
9100 False 0.0 0.0 0
9200 True 0.0673828125 0.1266157627105713 0
9300 False 0.0 0.0 0
9400 True 0.0361328125 0.12235093116760254 0
9500 True 0.01953125 0.09891366958618164 0
9600 True 0.0625 0.09987902641296387 0
9700 True 0.0966796875 0.12816810607910156 0
9800 False 0.0 0.0 0
9900 True 0.0390625 0.12398076057434082 0
