0 True 0.005859375 0.11213016510009766 0
100 False 0.0 0.0 0
200 True 0.005859375 0.13985776901245117 0
300 True 0.0078125 0.1245574951171875 0
400 True 0.017578125 0.15762567520141602 0
500 False 0.0 0.0 0
600 True 0.0166015625 0.1191864013671875 0
700 True 0.0009765625 0.12317132949829102 0
800 True 0.01171875 0.14577746391296387 0
900 False 0.0 0.0 0
1000 True 0.03125 0.11225700378417969 0
1100 False 0.0 0.0 0
1200 True 0.0029296875 0.11290502548217773 0
1300 True 0.00390625 0.13199257850646973 0
1400 False 0.0 0.0 0
1500 True 0.0224609375 0.16120433807373047 0
1600 False 0.0 0.0 0
1700 False 0.0 0.0 0
1800 False 0.0 0.0 0
1900 True 0.01953125 0.11525702476501465 0
2000 False 0.0 0.0 0
2100 False 0.0 0.0 0
2200 True 0.013671875 0.1240074634552002 0
2300 True 0.0078125 0.11326289176940918 0
2400 True 0.013671875 0.13857007026672363 0
2500 False 0.0 0.0 0
2600 True 0.021484375 0.12845230102539062 0
2700 False 0.0 0.0 0
2800 False 0.0 0.0 0
2900 False 0.0 0.0 0
3000 True 0.0341796875 0.12979483604431152 0
3100 True 0.0107421875 0.1329498291015625 0
3200 False 0.0 0.0 0
3300 False 0.0 0.0 0
3400 False 0.0 0.0 0
3500 True 0.0068359375 0.13196635246276855 0
3600 False 0.0 0.0 0
3700 False 0.0 0.0 0
3800 True 0.013671875 0.12458181381225586 0
3900 False 0.0 0.0 0
4000 False 0.0 0.0 0
4100 True 0.021484375 0.1336653232574463 0
4200 False 0.0 0.0 0
4300 True 0.0322265625 0.11781096458435059 0
4400 False 0.0 0.0 0
4500 True 0.0009765625 0.15085792541503906 0
4600 False 0.0 0.0 0
4700 False 0.0 0.0 0
4800 True 0.0263671875 0.13964462280273438 0
4900 False 0.0 0.0 0
5000 True 0.0166015625 0.12634563446044922 0
5100 True 0.021484375 0.13276886940002441 0
5200 False 0.0 0.0 0
5300 False 0.0 0.0 0
5400 True 0.0087890625 0.11726045608520508 0
5500 False 0.0 0.0 0
5600 False 0.0 0.0 0
5700 True 0.0029296875 0.14587664604187012 0
5800 False 0.0 0.0 0
5900 False 0.0 0.0 0
6000 False 0.0 0.0 0
6100 True 0.0107421875 0.14008235931396484 0
6200 False 0.0 0.0 0
6300 False 0.0 0.0 0
6400 False 0.0 0.0 0
6500 False 0.0 0.0 0
6600 True 0.0263671875 0.16233277320861816 0
6700 True 0.0048828125 0.11422395706176758 0
6800 True 0.0029296875 0.1340947151184082 0
6900 True 0.0048828125 0.1230018138885498 0
7000 False 0.0 0.0 0
7100 True 0.015625 0.13681983947753906 0
7200 False 0.0 0.0 0
7300 False 0.0 0.0 0
7400 False 0.0 0.0 0
7500 False 0.0 0.0 0
7600 False 0.0 0.0 0
7700 True 0.015625 0.12618279457092285 0
7800 True 0.0107421875 0.1296980381011963 0
7900 False 0.0 0.0 0
8000 True 0.01171875 0.11828112602233887 0
8100 False 0.0 0.0 0
8200 False 0.0 0.0 0
8300 False 0.0 0.0 0
8400 False 0.0 0.0 0
8500 False 0.0 0.0 0
8600 False 0.0 0.0 0
8700 True 0.0029296875 0.1271040439605713 0
8800 True 0.029296875 0.16042113304138184 0
8900 False 0.0 0.0 0
9000 True 0.0224609375 0.12943816184997559 0
9100 False 0.0 0.0 0
9200 True 0.02734375 0.10895061492919922 0
9300 False 0.0 0.0 0
9400 True 0.0078125 0.12323784828186035 0
9500 True 0.0 0.10280466079711914 0
9600 True 0.01953125 0.11559653282165527 0
9700 True 0.0185546875 0.13365912437438965 0
9800 True 0.001953125 0.14544010162353516 0
9900 False 0.0 0.0 0
