0 True 0 0.012403011322021484 0
100 False 0 0.0 0
200 True 0 0.020224809646606445 0
300 True 1 0.01925945281982422 0
400 True 1 0.01551055908203125 0
500 False 0 0.0 0
600 True 1 0.013563156127929688 0
700 True 0 0.009037256240844727 0
800 True 1 0.027286291122436523 0
900 False 0 0.0 0
1000 True 1 0.026948928833007812 0
1100 False 0 0.0 0
1200 True 0 0.010030269622802734 0
1300 True 0 0.021823406219482422 0
1400 False 0 0.0 0
1500 True 1 0.018946170806884766 0
1600 False 0 0.0 0
1700 False 0 0.0 0
1800 False 0 0.0 0
1900 True 1 0.01861715316772461 0
2000 False 0 0.0 0
2100 False 0 0.0 0
2200 True 1 0.02383732795715332 0
2300 True 1 0.013198137283325195 0
2400 True 1 0.021151304244995117 0
2500 False 0 0.0 0
2600 True 1 0.01906275749206543 0
2700 False 0 0.0 0
2800 False 0 0.0 0
2900 False 0 0.0 0
3000 True 1 0.018915653228759766 0
3100 True 1 0.02668905258178711 0
3200 False 0 0.0 0
3300 False 0 0.0 0
3400 False 0 0.0 0
3500 True 0 0.02966785430908203 0
3600 False 0 0.0 0
3700 False 0 0.0 0
3800 True 1 0.01145792007446289 0
3900 False 0 0.0 0
4000 False 0 0.0 0
4100 True 1 0.026198625564575195 0
4200 False 0 0.0 0
4300 True 1 0.01773524284362793 0
4400 False 0 0.0 0
4500 True 0 0.016124725341796875 0
4600 False 0 0.0 0
4700 False 0 0.0 0
4800 True 1 0.009168624877929688 0
4900 False 0 0.0 0
5000 True 1 0.013951301574707031 0
5100 True 1 0.030968666076660156 0
5200 False 0 0.0 0
5300 False 0 0.0 0
5400 True 1 0.021912574768066406 0
5500 False 0 0.0 0
5600 False 0 0.0 0
5700 True 0 0.02039170265197754 0
5800 False 0 0.0 0
5900 False 0 0.0 0
6000 False 0 0.0 0
6100 True 1 0.024422407150268555 0
6200 False 0 0.0 0
6300 False 0 0.0 0
6400 False 0 0.0 0
6500 False 0 0.0 0
6600 True 1 0.022426843643188477 0
6700 True 0 0.006033420562744141 0
6800 True 0 0.015051841735839844 0
6900 True 0 0.023819923400878906 0
7000 False 0 0.0 0
7100 True 1 0.016094207763671875 0
7200 False 0 0.0 0
7300 False 0 0.0 0
7400 False 0 0.0 0
7500 False 0 0.0 0
7600 False 0 0.0 0
7700 True 1 0.017900943756103516 0
7800 True 1 0.04441070556640625 0
7900 False 0 0.0 0
8000 True 1 0.013221263885498047 0
8100 False 0 0.0 0
8200 False 0 0.0 0
8300 False 0 0.0 0
8400 False 0 0.0 0
8500 False 0 0.0 0
8600 False 0 0.0 0
8700 True 0 0.013042926788330078 0
8800 True 1 0.009456396102905273 0
8900 False 0 0.0 0
9000 True 1 0.012682676315307617 0
9100 False 0 0.0 0
9200 True 1 0.03633403778076172 0
9300 False 0 0.0 0
9400 True 1 0.01091313362121582 0
9500 True 0 0.024271011352539062 0
9600 True 1 0.010197639465332031 0
9700 True 1 0.028787851333618164 0
9800 True 0 0.012554168701171875 0
9900 False 0 0.0 0
