0 True 0 0.004128217697143555 0
100 False 0 0.0 0
200 False 0 0.0 0
300 True 0 0.004106998443603516 0
400 True 0 0.004013538360595703 0
500 False 0 0.0 0
600 True 0 0.003989219665527344 0
700 True 0 0.0039882659912109375 0
800 True 0 0.0039746761322021484 0
900 False 0 0.0 0
1000 True 0 0.004002571105957031 0
1100 False 0 0.0 0
1200 True 0 0.004050016403198242 0
1300 False 0 0.0 0
1400 False 0 0.0 0
1500 True 0 0.004330635070800781 0
1600 False 0 0.0 0
1700 False 0 0.0 0
1800 False 0 0.0 0
1900 True 0 0.0042417049407958984 0
2000 False 0 0.0 0
2100 False 0 0.0 0
2200 False 0 0.0 0
2300 True 0 0.004327297210693359 0
2400 True 0 0.004814624786376953 0
2500 True 0 0.004755735397338867 0
2600 True 0 0.004778623580932617 0
2700 True 0 0.004852294921875 0
2800 False 0 0.0 0
2900 False 0 0.0 0
3000 True 0 0.009190559387207031 0
3100 True 0 0.009007930755615234 0
3200 False 0 0.0 0
3300 False 0 0.0 0
3400 False 0 0.0 0
3500 True 0 0.008682966232299805 0
3600 False 0 0.0 0
3700 True 0 0.008688926696777344 0
3800 True 0 0.005286455154418945 0
3900 False 0 0.0 0
4000 False 0 0.0 0
4100 True 0 0.005167245864868164 0
4200 True 0 0.005145549774169922 0
4300 True 0 0.0063588619232177734 0
4400 False 0 0.0 0
4500 True 0 0.004162311553955078 0
4600 False 0 0.0 0
4700 True 0 0.004130840301513672 0
4800 True 0 0.009134054183959961 0
4900 True 0 0.00902247428894043 0
5000 True 0 0.009328365325927734 0
5100 True 0 0.009256124496459961 0
5200 True 0 0.009162187576293945 0
5300 True 0 0.006958484649658203 0
5400 True 0 0.005155801773071289 0
5500 True 0 0.005147457122802734 0
5600 True 0 0.005110740661621094 0
5700 True 0 0.004376649856567383 0
5800 False 0 0.0 0
5900 False 0 0.0 0
6000 True 0 0.005027055740356445 0
6100 True 0 0.005189180374145508 0
6200 False 0 0.0 0
6300 False 0 0.0 0
6400 False 0 0.0 0
6500 False 0 0.0 0
6600 True 0 0.005132913589477539 0
6700 True 0 0.00518798828125 0
6800 True 0 0.004613399505615234 0
6900 False 0 0.0 0
7000 False 0 0.0 0
7100 False 0 0.0 0
7200 False 0 0.0 0
7300 True 0 0.009217023849487305 0
7400 True 0 0.005414724349975586 0
7500 True 0 0.005405426025390625 0
7600 False 0 0.0 0
7700 False 0 0.0 0
7800 True 0 0.005364179611206055 0
7900 False 0 0.0 0
8000 True 0 0.00913548469543457 0
8100 False 0 0.0 0
8200 False 0 0.0 0
8300 False 0 0.0 0
8400 False 0 0.0 0
8500 True 0 0.009760379791259766 0
8600 False 0 0.0 0
8700 True 0 0.005260944366455078 0
8800 True 0 0.010370969772338867 0
8900 False 0 0.0 0
9000 True 0 0.010571956634521484 0
9100 False 0 0.0 0
9200 True 0 0.00536799430847168 0
9300 False 0 0.0 0
9400 False 0 0.0 0
9500 True 0 0.005303144454956055 0
9600 True 0 0.005388021469116211 0
9700 True 0 0.005356788635253906 0
9800 True 0 0.005404472351074219 0
9900 False 0 0.0 0
