0 True 0 0.0022542476654052734 0
100 True 0 0.0023050308227539062 0
200 True 0 0.002330303192138672 0
300 False 0 0.0 0
400 False 0 0.0 0
500 True 0 0.0025687217712402344 0
600 True 0 0.0024204254150390625 0
700 True 0 0.0022401809692382812 0
800 False 0 0.0 0
900 True 0 0.002357006072998047 0
1000 True 0 0.002235889434814453 0
1100 True 0 0.002366304397583008 0
1200 False 0 0.0 0
1300 True 0 0.0025053024291992188 0
1400 True 0 0.0024259090423583984 0
1500 False 0 0.0 0
1600 True 0 0.0022759437561035156 0
1700 True 0 0.0024993419647216797 0
1800 True 0 0.002371549606323242 0
1900 True 0 0.0025043487548828125 0
2000 True 0 0.0025005340576171875 0
2100 False 0 0.0 0
2200 False 0 0.0 0
2300 True 0 0.002565622329711914 0
2400 False 0 0.0 0
2500 False 0 0.0 0
2600 True 0 0.0024721622467041016 0
2700 True 0 0.0023622512817382812 0
2800 False 0 0.0 0
2900 True 0 0.0026662349700927734 0
3000 True 0 0.0023796558380126953 0
3100 False 0 0.0 0
3200 True 0 0.0022590160369873047 0
3300 True 0 0.00225830078125 0
3400 True 0 0.002252817153930664 0
3500 True 0 0.002428293228149414 0
3600 False 0 0.0 0
3700 True 0 0.0023975372314453125 0
3800 True 0 0.002366781234741211 0
3900 True 0 0.002223491668701172 0
4000 False 0 0.0 0
4100 True 0 0.002179384231567383 0
4200 True 0 0.002163410186767578 0
4300 False 0 0.0 0
4400 True 0 0.0023391246795654297 0
4500 False 0 0.0 0
4600 True 0 0.0022115707397460938 0
4700 True 0 0.0022890567779541016 0
4800 True 0 0.0023713111877441406 0
4900 False 0 0.0 0
5000 True 0 0.0024237632751464844 0
5100 False 0 0.0 0
5200 True 0 0.002496957778930664 0
5300 True 0 0.002303600311279297 0
5400 True 0 0.0024352073669433594 0
5500 True 0 0.002513885498046875 0
5600 True 0 0.002764463424682617 0
5700 True 0 0.002604246139526367 0
5800 True 0 0.002687215805053711 0
5900 True 0 0.0025489330291748047 0
6000 False 0 0.0 0
6100 True 0 0.0029757022857666016 0
6200 True 0 0.002572298049926758 0
6300 True 0 0.0024857521057128906 0
6400 True 0 0.0025005340576171875 0
6500 True 0 0.002597808837890625 0
6600 True 0 0.002890348434448242 0
6700 False 0 0.0 0
6800 False 0 0.0 0
6900 True 0 0.0026161670684814453 0
7000 True 0 0.0023491382598876953 0
7100 False 0 0.0 0
7200 True 0 0.002345561981201172 0
7300 True 0 0.0025141239166259766 0
7400 True 0 0.0022726058959960938 0
7500 False 0 0.0 0
7600 True 0 0.0022563934326171875 0
7700 True 0 0.0023193359375 0
7800 False 0 0.0 0
7900 True 0 0.0022211074829101562 0
8000 True 0 0.002223968505859375 0
8100 True 0 0.0022041797637939453 0
8200 True 0 0.0022246837615966797 0
8300 True 0 0.0021669864654541016 0
8400 True 0 0.0021758079528808594 0
8500 True 0 0.0021088123321533203 0
8600 True 0 0.0022504329681396484 0
8700 True 0 0.0021119117736816406 0
8800 True 0 0.0021657943725585938 0
8900 True 0 0.0022056102752685547 0
9000 True 0 0.0022745132446289062 0
9100 True 0 0.002107858657836914 0
9200 True 0 0.0021593570709228516 0
9300 True 0 0.0021729469299316406 0
9400 True 0 0.0023660659790039062 0
9500 True 0 0.0029039382934570312 0
9600 True 0 0.0022461414337158203 0
9700 False 0 0.0 0
9800 True 0 0.0025806427001953125 0
9900 False 0 0.0 0
