0 True 0.015625 0.02045273780822754 0
100 True 0.0078125 0.016126632690429688 0
200 True 0.0078125 0.017120838165283203 0
300 False 0.0 0.0 0
400 True 0.0078125 0.015635967254638672 0
500 True 0.015625 0.017850399017333984 0
600 True 0.015625 0.016814708709716797 0
700 True 0.015625 0.016443252563476562 0
800 True 0.0 0.014381885528564453 0
900 True 0.0 0.014642953872680664 0
1000 True 0.0078125 0.017489194869995117 0
1100 True 0.015625 0.019214630126953125 0
1200 False 0.0 0.0 0
1300 True 0.0078125 0.016069889068603516 0
1400 True 0.015625 0.017145872116088867 0
1500 False 0.0 0.0 0
1600 True 0.0 0.015302181243896484 0
1700 True 0.0078125 0.0162353515625 0
1800 False 0.0 0.0 0
1900 True 0.015625 0.01585841178894043 0
2000 True 0.0078125 0.015960693359375 0
2100 True 0.0078125 0.01696920394897461 0
2200 True 0.0 0.015734195709228516 0
2300 True 0.0 0.014142513275146484 0
2400 True 0.0 0.014615297317504883 0
2500 True 0.0 0.01450204849243164 0
2600 True 0.015625 0.017641067504882812 0
2700 True 0.0078125 0.01823568344116211 0
2800 True 0.0078125 0.016697406768798828 0
2900 True 0.0 0.015964746475219727 0
3000 True 0.0078125 0.016532182693481445 0
3100 True 0.0078125 0.0170440673828125 0
3200 True 0.015625 0.01794123649597168 0
3300 True 0.0 0.01581549644470215 0
3400 True 0.015625 0.017993688583374023 0
3500 True 0.0234375 0.019181251525878906 0
3600 True 0.0078125 0.016596317291259766 0
3700 True 0.015625 0.018413782119750977 0
3800 True 0.0078125 0.015489339828491211 0
3900 True 0.015625 0.015630006790161133 0
4000 False 0.0 0.0 0
4100 True 0.015625 0.017363548278808594 0
4200 True 0.015625 0.01830601692199707 0
4300 False 0.0 0.0 0
4400 True 0.0078125 0.01613450050354004 0
4500 False 0.0 0.0 0
4600 True 0.0234375 0.019303083419799805 0
4700 True 0.0078125 0.02235269546508789 0
4800 True 0.015625 0.022243976593017578 0
4900 True 0.0078125 0.016008853912353516 0
5000 True 0.0078125 0.017327070236206055 0
5100 True 0.0 0.015697002410888672 0
5200 True 0.0078125 0.01674485206604004 0
5300 True 0.0078125 0.015477418899536133 0
5400 True 0.0078125 0.016475677490234375 0
5500 True 0.015625 0.01803874969482422 0
5600 True 0.0 0.016680002212524414 0
5700 True 0.015625 0.01677989959716797 0
5800 True 0.0078125 0.01666736602783203 0
5900 True 0.015625 0.017163515090942383 0
6000 True 0.0 0.015626192092895508 0
6100 True 0.015625 0.019094467163085938 0
6200 True 0.0078125 0.018152713775634766 0
6300 True 0.0078125 0.01848578453063965 0
6400 True 0.0 0.015310049057006836 0
6500 True 0.0078125 0.015024662017822266 0
6600 True 0.0078125 0.016643762588500977 0
6700 True 0.0078125 0.016501903533935547 0
6800 True 0.0078125 0.01658177375793457 0
6900 True 0.0078125 0.017177820205688477 0
7000 True 0.0234375 0.018891096115112305 0
7100 True 0.015625 0.01694464683532715 0
7200 True 0.0078125 0.016306161880493164 0
7300 True 0.015625 0.01861882209777832 0
7400 True 0.0078125 0.017318248748779297 0
7500 True 0.0 0.01431417465209961 0
7600 True 0.0234375 0.017881155014038086 0
7700 True 0.0078125 0.0166165828704834 0
7800 False 0.0 0.0 0
7900 True 0.015625 0.01625657081604004 0
8000 True 0.0234375 0.01787567138671875 0
8100 True 0.015625 0.016106367111206055 0
8200 True 0.0234375 0.01809978485107422 0
8300 True 0.0078125 0.018647193908691406 0
8400 True 0.015625 0.019864559173583984 0
8500 True 0.0234375 0.021358489990234375 0
8600 True 0.0234375 0.018103361129760742 0
8700 True 0.0078125 0.016278505325317383 0
8800 True 0.0234375 0.01949310302734375 0
8900 True 0.0078125 0.016553401947021484 0
9000 True 0.0234375 0.020026206970214844 0
9100 True 0.015625 0.017576217651367188 0
9200 True 0.0234375 0.018313169479370117 0
9300 True 0.03125 0.01605701446533203 0
9400 True 0.0 0.01452779769897461 0
9500 True 0.0078125 0.018604278564453125 0
9600 True 0.0078125 0.01577615737915039 0
9700 True 0.0 0.01294255256652832 0
9800 True 0.0 0.014199972152709961 0
9900 True 0.0078125 0.015508413314819336 0
