0 True 0.140625 0.025567293167114258 0
100 True 0.1171875 0.03075432777404785 0
200 False 0.0 0.0 0
300 False 0.0 0.0 0
400 True 0.0703125 0.022402048110961914 0
500 True 0.1953125 0.02980518341064453 0
600 True 0.171875 0.026872873306274414 0
700 True 0.1328125 0.021593332290649414 0
800 True 0.15625 0.02225327491760254 0
900 True 0.046875 0.02094244956970215 0
1000 True 0.0546875 0.024464845657348633 0
1100 True 0.1640625 0.023087263107299805 0
1200 False 0.0 0.0 0
1300 True 0.1328125 0.02198481559753418 0
1400 True 0.1640625 0.027291059494018555 0
1500 False 0.0 0.0 0
1600 False 0.0 0.0 0
1700 True 0.140625 0.022076845169067383 0
1800 True 0.046875 0.023048877716064453 0
1900 True 0.0625 0.0179750919342041 0
2000 True 0.1171875 0.026883840560913086 0
2100 True 0.1171875 0.0253598690032959 0
2200 True 0.0546875 0.023327350616455078 0
2300 False 0.0 0.0 0
2400 True 0.0703125 0.021671772003173828 0
2500 True 0.109375 0.02442169189453125 0
2600 True 0.2578125 0.021508455276489258 0
2700 True 0.109375 0.026292800903320312 0
2800 True 0.1171875 0.026704788208007812 0
2900 True 0.0 0.02523517608642578 0
3000 True 0.1328125 0.021065711975097656 0
3100 True 0.1171875 0.024220705032348633 0
3200 True 0.203125 0.027005672454833984 0
3300 True 0.1328125 0.02158045768737793 0
3400 True 0.1484375 0.023586034774780273 0
3500 True 0.1796875 0.025515079498291016 0
3600 False 0.0 0.0 0
3700 True 0.171875 0.026390790939331055 0
3800 True 0.03125 0.01809072494506836 0
3900 True 0.171875 0.02703118324279785 0
4000 True 0.109375 0.024450063705444336 0
4100 True 0.1328125 0.020310163497924805 0
4200 True 0.125 0.023863554000854492 0
4300 True 0.0390625 0.023871660232543945 0
4400 True 0.0546875 0.022818326950073242 0
4500 True 0.03125 0.016989707946777344 0
4600 True 0.15625 0.022418975830078125 0
4700 True 0.171875 0.025695085525512695 0
4800 True 0.1640625 0.02282547950744629 0
4900 True 0.0546875 0.022684574127197266 0
5000 True 0.1015625 0.021932363510131836 0
5100 False 0.0 0.0 0
5200 True 0.1328125 0.0223538875579834 0
5300 True 0.1484375 0.026619434356689453 0
5400 True 0.125 0.019270896911621094 0
5500 True 0.1640625 0.025504350662231445 0
5600 False 0.0 0.0 0
5700 True 0.1640625 0.027138471603393555 0
5800 True 0.1484375 0.02423572540283203 0
5900 True 0.046875 0.02595353126525879 0
6000 True 0.0078125 0.02440810203552246 0
6100 True 0.1796875 0.026218652725219727 0
6200 True 0.203125 0.025043487548828125 0
6300 True 0.1484375 0.02292799949645996 0
6400 True 0.15625 0.024341583251953125 0
6500 True 0.125 0.022416353225708008 0
6600 True 0.09375 0.02164459228515625 0
6700 True 0.03125 0.022622346878051758 0
6800 True 0.0546875 0.02416062355041504 0
6900 True 0.140625 0.019212961196899414 0
7000 True 0.1484375 0.023663043975830078 0
7100 True 0.1328125 0.022304773330688477 0
7200 False 0.0 0.0 0
7300 True 0.1328125 0.02265644073486328 0
7400 True 0.09375 0.024182558059692383 0
7500 True 0.2265625 0.027484655380249023 0
7600 True 0.1328125 0.021090984344482422 0
7700 True 0.1640625 0.023710250854492188 0
7800 False 0.0 0.0 0
7900 True 0.0625 0.023391246795654297 0
8000 True 0.171875 0.02193307876586914 0
8100 True 0.1796875 0.026419401168823242 0
8200 True 0.1875 0.025547504425048828 0
8300 True 0.1796875 0.02876901626586914 0
8400 True 0.1484375 0.024594783782958984 0
8500 True 0.1796875 0.025158405303955078 0
8600 True 0.171875 0.02316737174987793 0
8700 True 0.1484375 0.021616220474243164 0
8800 True 0.15625 0.022617578506469727 0
8900 True 0.1796875 0.026511430740356445 0
9000 True 0.171875 0.02136850357055664 0
9100 True 0.171875 0.026170730590820312 0
9200 True 0.1171875 0.03178119659423828 0
9300 True 0.1640625 0.020717620849609375 0
9400 True 0.1015625 0.02225494384765625 0
9500 True 0.1484375 0.025385141372680664 0
9600 False 0.0 0.0 0
9700 True 0.0859375 0.02182626724243164 0
9800 True 0.1328125 0.020049333572387695 0
9900 True 0.1640625 0.02278900146484375 0
