0 False 0 0.0 0
100 False 0 0.0 0
200 False 0 0.0 0
300 False 0 0.0 0
400 False 0 0.0 0
500 True 0 0.004502296447753906 0
600 True 1 0.004785299301147461 0
700 True 1 0.004970550537109375 0
800 False 0 0.0 0
900 False 0 0.0 0
1000 False 0 0.0 0
1100 True 1 0.005202293395996094 0
1200 False 0 0.0 0
1300 False 0 0.0 0
1400 True 0 0.0041234493255615234 0
1500 False 0 0.0 0
1600 False 0 0.0 0
1700 False 0 0.0 0
1800 True 1 0.005704164505004883 0
1900 False 0 0.0 0
2000 True 1 0.005116462707519531 0
2100 False 0 0.0 0
2200 True 1 0.00493168830871582 0
2300 False 0 0.0 0
2400 False 0 0.0 0
2500 False 0 0.0 0
2600 False 0 0.0 0
2700 True 1 0.0050237178802490234 0
2800 False 0 0.0 0
2900 False 0 0.0 0
3000 True 0 0.0036563873291015625 0
3100 False 0 0.0 0
3200 False 0 0.0 0
3300 False 0 0.0 0
3400 False 0 0.0 0
3500 False 0 0.0 0
3600 False 0 0.0 0
3700 False 0 0.0 0
3800 False 0 0.0 0
3900 True 1 0.005143165588378906 0
4000 False 0 0.0 0
4100 False 0 0.0 0
4200 True 1 0.0049707889556884766 0
4300 False 0 0.0 0
4400 True 1 0.004995822906494141 0
4500 False 0 0.0 0
4600 True 1 0.00493931770324707 0
4700 False 0 0.0 0
4800 False 0 0.0 0
4900 False 0 0.0 0
5000 True 0 0.002775907516479492 0
5100 False 0 0.0 0
5200 False 0 0.0 0
5300 False 0 0.0 0
5400 False 0 0.0 0
5500 False 0 0.0 0
5600 True 1 0.004896640777587891 0
5700 True 0 0.0027282238006591797 0
5800 False 0 0.0 0
5900 False 0 0.0 0
6000 False 0 0.0 0
6100 False 0 0.0 0
6200 False 0 0.0 0
6300 False 0 0.0 0
6400 True 0 0.002771139144897461 0
6500 False 0 0.0 0
6600 False 0 0.0 0
6700 False 0 0.0 0
6800 True 1 0.005116701126098633 0
6900 False 0 0.0 0
7000 True 1 0.004929542541503906 0
7100 True 1 0.004951953887939453 0
7200 True 0 0.0036187171936035156 0
7300 True 1 0.004933595657348633 0
7400 False 0 0.0 0
7500 True 0 0.0028700828552246094 0
7600 True 1 0.005093574523925781 0
7700 False 0 0.0 0
7800 False 0 0.0 0
7900 False 0 0.0 0
8000 False 0 0.0 0
8100 True 1 0.005205631256103516 0
8200 True 1 0.005212545394897461 0
8300 False 0 0.0 0
8400 False 0 0.0 0
8500 False 0 0.0 0
8600 True 1 0.00519251823425293 0
8700 False 0 0.0 0
8800 True 1 0.005206584930419922 0
8900 False 0 0.0 0
9000 True 0 0.0035653114318847656 0
9100 False 0 0.0 0
9200 False 0 0.0 0
9300 True 1 0.004886150360107422 0
9400 True 0 0.00341796875 0
9500 True 1 0.005107879638671875 0
9600 True 1 0.005097150802612305 0
9700 True 0 0.0024704933166503906 0
9800 True 1 0.005259037017822266 0
9900 True 0 0.0025589466094970703 0
