0 True 0.3125 0.023459672927856445 0
100 True 0.109375 0.024908065795898438 0
200 True 0.2265625 0.02837204933166504 0
300 False 0.0 0.0 0
400 True 0.0078125 0.02587103843688965 0
500 True 0.3046875 0.03093695640563965 0
600 True 0.3125 0.026319503784179688 0
700 False 0.0 0.0 0
800 True 0.4453125 0.030268192291259766 0
900 True 0.0234375 0.02555084228515625 0
1000 False 0.0 0.0 0
1100 True 0.3046875 0.029517650604248047 0
1200 False 0.0 0.0 0
1300 True 0.3046875 0.029407024383544922 0
1400 True 0.3203125 0.025753498077392578 0
1500 False 0.0 0.0 0
1600 False 0.0 0.0 0
1700 True 0.3046875 0.027339935302734375 0
1800 False 0.0 0.0 0
1900 False 0.0 0.0 0
2000 True 0.296875 0.02541375160217285 0
2100 True 0.3125 0.024073362350463867 0
2200 True 0.3125 0.026154518127441406 0
2300 False 0.0 0.0 0
2400 False 0.0 0.0 0
2500 False 0.0 0.0 0
2600 True 0.203125 0.028806209564208984 0
2700 True 0.3125 0.022830963134765625 0
2800 False 0.0 0.0 0
2900 False 0.0 0.0 0
3000 True 0.140625 0.02433013916015625 0
3100 True 0.21875 0.027487993240356445 0
3200 True 0.3046875 0.027960777282714844 0
3300 True 0.3359375 0.02778339385986328 0
3400 True 0.3125 0.023012638092041016 0
3500 True 0.328125 0.025858402252197266 0
3600 False 0.0 0.0 0
3700 True 0.3359375 0.02936863899230957 0
3800 True 0.2109375 0.027705669403076172 0
3900 True 0.3125 0.023632526397705078 0
4000 False 0.0 0.0 0
4100 False 0.0 0.0 0
4200 True 0.3125 0.02237248420715332 0
4300 False 0.0 0.0 0
4400 True 0.3046875 0.029532909393310547 0
4500 True 0.015625 0.028370380401611328 0
4600 True 0.328125 0.025312423706054688 0
4700 True 0.109375 0.02730107307434082 0
4800 True 0.3125 0.022948503494262695 0
4900 True 0.234375 0.027297019958496094 0
5000 True 0.34375 0.02796459197998047 0
5100 True 0.2265625 0.033410072326660156 0
5200 True 0.3125 0.024973154067993164 0
5300 True 0.234375 0.02888321876525879 0
5400 False 0.0 0.0 0
5500 True 0.328125 0.025733232498168945 0
5600 True 0.3125 0.026759624481201172 0
5700 True 0.34375 0.027762651443481445 0
5800 True 0.3046875 0.029292583465576172 0
5900 True 0.3359375 0.02981257438659668 0
6000 True 0.3125 0.025941133499145508 0
6100 True 0.328125 0.02835869789123535 0
6200 True 0.3046875 0.03019547462463379 0
6300 True 0.3359375 0.029402732849121094 0
6400 False 0.0 0.0 0
6500 True 0.1328125 0.028201580047607422 0
6600 False 0.0 0.0 0
6700 True 0.3046875 0.029555797576904297 0
6800 True 0.2890625 0.025864124298095703 0
6900 True 0.3125 0.026912689208984375 0
7000 True 0.3125 0.023337841033935547 0
7100 False 0.0 0.0 0
7200 True 0.4921875 0.03280377388000488 0
7300 True 0.3203125 0.025171518325805664 0
7400 True 0.3203125 0.029413700103759766 0
7500 True 0.3203125 0.026846885681152344 0
7600 True 0.3203125 0.026336669921875 0
7700 True 0.0859375 0.028048038482666016 0
7800 False 0.0 0.0 0
7900 False 0.0 0.0 0
8000 True 0.3046875 0.030126094818115234 0
8100 True 0.3125 0.027971982955932617 0
8200 True 0.3125 0.02701401710510254 0
8300 False 0.0 0.0 0
8400 True 0.3359375 0.02767205238342285 0
8500 True 0.3359375 0.02814197540283203 0
8600 True 0.3125 0.02452707290649414 0
8700 True 0.3125 0.025990009307861328 0
8800 True 0.3359375 0.032293081283569336 0
8900 True 0.3046875 0.028461456298828125 0
9000 True 0.3125 0.024152517318725586 0
9100 True 0.328125 0.02698230743408203 0
9200 True 0.0 0.018642902374267578 0
9300 True 0.3046875 0.02760457992553711 0
9400 True 0.1875 0.027689218521118164 0
9500 True 0.3359375 0.03298640251159668 0
9600 True 0.15625 0.027561426162719727 0
9700 True 0.2421875 0.032372236251831055 0
9800 True 0.28125 0.027392148971557617 0
9900 True 0.1484375 0.027501583099365234 0
