0 True 1 0.005970478057861328 0
100 True 0 0.0032415390014648438 0
200 True 0 0.004018306732177734 0
300 False 0 0.0 0
400 True 0 0.00322723388671875 0
500 True 1 0.0059621334075927734 0
600 True 1 0.005799531936645508 0
700 False 0 0.0 0
800 True 1 0.005658864974975586 0
900 True 0 0.0038008689880371094 0
1000 False 0 0.0 0
1100 True 1 0.0059795379638671875 0
1200 False 0 0.0 0
1300 True 1 0.005465984344482422 0
1400 True 1 0.00592350959777832 0
1500 False 0 0.0 0
1600 False 0 0.0 0
1700 True 1 0.00542902946472168 0
1800 False 0 0.0 0
1900 False 0 0.0 0
2000 True 1 0.005401134490966797 0
2100 True 1 0.0059528350830078125 0
2200 True 1 0.005736827850341797 0
2300 False 0 0.0 0
2400 False 0 0.0 0
2500 False 0 0.0 0
2600 True 0 0.00430750846862793 0
2700 True 1 0.00571441650390625 0
2800 False 0 0.0 0
2900 False 0 0.0 0
3000 True 0 0.0032815933227539062 0
3100 True 0 0.004281044006347656 0
3200 True 1 0.0059015750885009766 0
3300 True 1 0.0056934356689453125 0
3400 True 1 0.005457401275634766 0
3500 True 1 0.005488157272338867 0
3600 False 0 0.0 0
3700 True 1 0.0058040618896484375 0
3800 True 0 0.0034940242767333984 0
3900 True 1 0.005667924880981445 0
4000 False 0 0.0 0
4100 False 0 0.0 0
4200 True 1 0.005797147750854492 0
4300 False 0 0.0 0
4400 True 1 0.005696535110473633 0
4500 True 0 0.003601551055908203 0
4600 True 1 0.006289005279541016 0
4700 True 0 0.004086017608642578 0
4800 True 1 0.005534172058105469 0
4900 True 0 0.003401517868041992 0
5000 True 1 0.00551295280456543 0
5100 True 0 0.005548238754272461 0
5200 True 1 0.005438327789306641 0
5300 True 0 0.003750324249267578 0
5400 False 0 0.0 0
5500 True 1 0.006085872650146484 0
5600 True 1 0.0057373046875 0
5700 True 1 0.006094932556152344 0
5800 True 1 0.006274223327636719 0
5900 True 1 0.006380319595336914 0
6000 True 1 0.006404876708984375 0
6100 True 1 0.005875349044799805 0
6200 True 1 0.005708932876586914 0
6300 True 1 0.005871772766113281 0
6400 False 0 0.0 0
6500 True 0 0.004172086715698242 0
6600 False 0 0.0 0
6700 True 1 0.005690813064575195 0
6800 True 0 0.003339052200317383 0
6900 True 1 0.005984067916870117 0
7000 True 1 0.00552678108215332 0
7100 False 0 0.0 0
7200 True 1 0.005683422088623047 0
7300 True 1 0.006180763244628906 0
7400 True 1 0.005552053451538086 0
7500 True 1 0.005554914474487305 0
7600 True 1 0.005733966827392578 0
7700 True 0 0.004089832305908203 0
7800 False 0 0.0 0
7900 False 0 0.0 0
8000 True 1 0.005520820617675781 0
8100 True 1 0.005975961685180664 0
8200 True 1 0.0056722164154052734 0
8300 False 0 0.0 0
8400 True 1 0.005736112594604492 0
8500 True 1 0.005931377410888672 0
8600 True 1 0.005970478057861328 0
8700 True 1 0.006245851516723633 0
8800 True 1 0.006247043609619141 0
8900 True 1 0.0058515071868896484 0
9000 True 1 0.005616664886474609 0
9100 True 1 0.005674839019775391 0
9200 True 0 0.0031070709228515625 0
9300 True 1 0.005667686462402344 0
9400 True 0 0.004319190979003906 0
9500 True 1 0.00656437873840332 0
9600 True 0 0.004449367523193359 0
9700 True 0 0.003282785415649414 0
9800 True 0 0.004544734954833984 0
9900 True 0 0.0035271644592285156 0
