0 True 0.1484375 0.025372743606567383 0
100 True 0.109375 0.027242183685302734 0
200 True 0.078125 0.025551795959472656 0
300 True 0.0234375 0.02664947509765625 0
400 True 0.1015625 0.02571415901184082 0
500 True 0.2265625 0.030904769897460938 0
600 True 0.140625 0.03128170967102051 0
700 True 0.140625 0.02383899688720703 0
800 True 0.203125 0.028262853622436523 0
900 True 0.0546875 0.026531457901000977 0
1000 True 0.1484375 0.027226924896240234 0
1100 True 0.15625 0.026700973510742188 0
1200 True 0.0390625 0.025122880935668945 0
1300 True 0.1875 0.024567604064941406 0
1400 True 0.1484375 0.027576208114624023 0
1500 False 0.0 0.0 0
1600 True 0.1015625 0.02843761444091797 0
1700 True 0.171875 0.028374671936035156 0
1800 True 0.0625 0.02523946762084961 0
1900 True 0.0390625 0.026019573211669922 0
2000 True 0.125 0.02157735824584961 0
2100 True 0.1484375 0.026572704315185547 0
2200 True 0.0703125 0.026677370071411133 0
2300 True 0.0703125 0.027350425720214844 0
2400 True 0.1171875 0.02927398681640625 0
2500 True 0.1015625 0.027051448822021484 0
2600 True 0.2734375 0.02591848373413086 0
2700 True 0.1171875 0.0308074951171875 0
2800 True 0.1640625 0.02782464027404785 0
2900 True 0.1015625 0.029531002044677734 0
3000 True 0.140625 0.02766871452331543 0
3100 True 0.0625 0.023700714111328125 0
3200 True 0.203125 0.028403043746948242 0
3300 True 0.1328125 0.026671886444091797 0
3400 True 0.1484375 0.028600454330444336 0
3500 True 0.1875 0.024424314498901367 0
3600 True 0.1171875 0.029349088668823242 0
3700 True 0.171875 0.02911686897277832 0
3800 True 0.125 0.02112579345703125 0
3900 True 0.140625 0.02394270896911621 0
4000 True 0.109375 0.027873754501342773 0
4100 True 0.1328125 0.02472209930419922 0
4200 True 0.140625 0.022261857986450195 0
4300 True 0.0078125 0.02867412567138672 0
4400 True 0.1171875 0.028748750686645508 0
4500 False 0.0 0.0 0
4600 True 0.1796875 0.030791521072387695 0
4700 True 0.1953125 0.028880834579467773 0
4800 True 0.15625 0.02253270149230957 0
4900 True 0.1171875 0.029144763946533203 0
5000 True 0.1484375 0.025034427642822266 0
5100 True 0.140625 0.02562546730041504 0
5200 True 0.1640625 0.028202533721923828 0
5300 True 0.1953125 0.028981447219848633 0
5400 True 0.1796875 0.028391361236572266 0
5500 True 0.21875 0.03073906898498535 0
5600 True 0.125 0.024803876876831055 0
5700 True 0.1640625 0.028396129608154297 0
5800 True 0.203125 0.02815842628479004 0
5900 True 0.1953125 0.026992082595825195 0
6000 True 0.1875 0.022794485092163086 0
6100 True 0.21875 0.030218839645385742 0
6200 True 0.1875 0.02842259407043457 0
6300 True 0.1484375 0.026508569717407227 0
6400 True 0.09375 0.026894569396972656 0
6500 True 0.15625 0.025683879852294922 0
6600 True 0.1015625 0.0278933048248291 0
6700 True 0.1640625 0.02679276466369629 0
6800 True 0.1484375 0.0272674560546875 0
6900 True 0.140625 0.024878263473510742 0
7000 True 0.1328125 0.023889780044555664 0
7100 True 0.140625 0.028409481048583984 0
7200 True 0.03125 0.02264237403869629 0
7300 True 0.1640625 0.028721094131469727 0
7400 True 0.109375 0.028670310974121094 0
7500 True 0.1953125 0.02765202522277832 0
7600 True 0.1328125 0.024717092514038086 0
7700 True 0.15625 0.027565956115722656 0
7800 False 0.0 0.0 0
7900 True 0.125 0.023478984832763672 0
8000 True 0.1640625 0.027157068252563477 0
8100 True 0.1328125 0.0280914306640625 0
8200 True 0.1640625 0.028069496154785156 0
8300 True 0.1953125 0.03208279609680176 0
8400 True 0.1796875 0.0305635929107666 0
8500 True 0.21875 0.029215574264526367 0
8600 True 0.140625 0.024227142333984375 0
8700 True 0.1796875 0.030858278274536133 0
8800 True 0.1796875 0.02991962432861328 0
8900 True 0.1796875 0.028690338134765625 0
9000 True 0.15625 0.023779630661010742 0
9100 True 0.21875 0.028353214263916016 0
9200 True 0.140625 0.023080825805664062 0
9300 True 0.1875 0.02242565155029297 0
9400 True 0.1328125 0.02547931671142578 0
9500 True 0.171875 0.031211137771606445 0
9600 True 0.1796875 0.02906346321105957 0
9700 True 0.0 0.023442983627319336 0
9800 True 0.140625 0.025267601013183594 0
9900 True 0.125 0.026790142059326172 0
