0 True 1 0.005785465240478516 0
100 True 1 0.0054836273193359375 0
200 True 0 0.0036745071411132812 0
300 True 0 0.0034444332122802734 0
400 True 1 0.005700588226318359 0
500 True 1 0.00562596321105957 0
600 True 1 0.005860328674316406 0
700 True 1 0.005665302276611328 0
800 True 1 0.0056209564208984375 0
900 True 0 0.0038878917694091797 0
1000 True 1 0.005639076232910156 0
1100 True 1 0.005791902542114258 0
1200 True 0 0.003359079360961914 0
1300 True 1 0.005950927734375 0
1400 True 1 0.005916595458984375 0
1500 False 0 0.0 0
1600 True 1 0.005673408508300781 0
1700 True 1 0.005883693695068359 0
1800 True 0 0.004605531692504883 0
1900 True 0 0.0035991668701171875 0
2000 True 1 0.0056781768798828125 0
2100 True 1 0.005745649337768555 0
2200 True 0 0.004685401916503906 0
2300 True 0 0.004460573196411133 0
2400 True 1 0.005763530731201172 0
2500 True 1 0.005651235580444336 0
2600 True 1 0.005434989929199219 0
2700 True 1 0.005530118942260742 0
2800 True 1 0.0055506229400634766 0
2900 True 1 0.005623817443847656 0
3000 True 1 0.0054779052734375 0
3100 True 0 0.004049539566040039 0
3200 True 1 0.0062122344970703125 0
3300 True 1 0.005822896957397461 0
3400 True 1 0.005689144134521484 0
3500 True 1 0.005527973175048828 0
3600 True 1 0.0056781768798828125 0
3700 True 1 0.005814790725708008 0
3800 True 1 0.0056836605072021484 0
3900 True 1 0.005720853805541992 0
4000 True 1 0.005857944488525391 0
4100 True 1 0.005506038665771484 0
4200 True 1 0.005834817886352539 0
4300 True 0 0.005416154861450195 0
4400 True 1 0.005762577056884766 0
4500 False 0 0.0 0
4600 True 1 0.006006717681884766 0
4700 True 1 0.005919456481933594 0
4800 True 1 0.006002902984619141 0
4900 True 1 0.005788564682006836 0
5000 True 1 0.005883216857910156 0
5100 True 1 0.005475759506225586 0
5200 True 1 0.005821943283081055 0
5300 True 1 0.006237030029296875 0
5400 True 1 0.005794048309326172 0
5500 True 1 0.005672931671142578 0
5600 True 1 0.005738735198974609 0
5700 True 1 0.005667686462402344 0
5800 True 1 0.0057353973388671875 0
5900 True 1 0.005753993988037109 0
6000 True 1 0.005681753158569336 0
6100 True 1 0.005330324172973633 0
6200 True 1 0.005497932434082031 0
6300 True 1 0.005517244338989258 0
6400 True 1 0.005695343017578125 0
6500 True 1 0.006113529205322266 0
6600 True 1 0.0057528018951416016 0
6700 True 1 0.005758523941040039 0
6800 True 1 0.005478858947753906 0
6900 True 1 0.0057528018951416016 0
7000 True 1 0.005522727966308594 0
7100 True 1 0.005604743957519531 0
7200 True 0 0.0038962364196777344 0
7300 True 1 0.005652666091918945 0
7400 True 1 0.005675077438354492 0
7500 True 1 0.005827903747558594 0
7600 True 1 0.006036281585693359 0
7700 True 1 0.006143331527709961 0
7800 False 0 0.0 0
7900 True 1 0.0060083866119384766 0
8000 True 1 0.006409645080566406 0
8100 True 1 0.006426811218261719 0
8200 True 1 0.0061016082763671875 0
8300 True 1 0.005706071853637695 0
8400 True 1 0.005780696868896484 0
8500 True 1 0.0056972503662109375 0
8600 True 1 0.005681514739990234 0
8700 True 1 0.0070421695709228516 0
8800 True 1 0.005439043045043945 0
8900 True 1 0.005436420440673828 0
9000 True 1 0.005954265594482422 0
9100 True 1 0.005518198013305664 0
9200 True 1 0.005635261535644531 0
9300 True 1 0.006081819534301758 0
9400 True 1 0.0058574676513671875 0
9500 True 1 0.00587153434753418 0
9600 True 1 0.005727291107177734 0
9700 True 0 0.0031082630157470703 0
9800 True 1 0.005712032318115234 0
9900 True 1 0.0057337284088134766 0
