0 True 0 0.0029480457305908203 0
100 True 0 0.002868175506591797 0
200 True 0 0.0029778480529785156 0
300 True 0 0.003232240676879883 0
400 True 0 0.003028392791748047 0
500 True 0 0.0030367374420166016 0
600 True 0 0.0030624866485595703 0
700 True 0 0.003002643585205078 0
800 True 0 0.0034494400024414062 0
900 True 0 0.0030202865600585938 0
1000 True 0 0.0029649734497070312 0
1100 True 0 0.0032203197479248047 0
1200 True 0 0.003064393997192383 0
1300 True 0 0.0032072067260742188 0
1400 True 0 0.0031518936157226562 0
1500 False 0 0.0 0
1600 True 0 0.003215789794921875 0
1700 True 0 0.0030164718627929688 0
1800 False 0 0.0 0
1900 True 0 0.0029451847076416016 0
2000 True 0 0.002982616424560547 0
2100 True 0 0.002940654754638672 0
2200 True 0 0.003013134002685547 0
2300 True 0 0.002947568893432617 0
2400 True 0 0.002837657928466797 0
2500 True 0 0.0028684139251708984 0
2600 True 0 0.003034830093383789 0
2700 True 0 0.0028715133666992188 0
2800 True 0 0.002957582473754883 0
2900 True 0 0.002905607223510742 0
3000 True 0 0.002920866012573242 0
3100 True 0 0.002942323684692383 0
3200 True 0 0.0028412342071533203 0
3300 True 0 0.002869129180908203 0
3400 True 0 0.0028820037841796875 0
3500 True 0 0.0029006004333496094 0
3600 True 0 0.0029630661010742188 0
3700 True 0 0.0028808116912841797 0
3800 True 0 0.0028367042541503906 0
3900 True 0 0.002892732620239258 0
4000 False 0 0.0 0
4100 True 0 0.0029044151306152344 0
4200 True 0 0.0033152103424072266 0
4300 False 0 0.0 0
4400 True 0 0.003238201141357422 0
4500 False 0 0.0 0
4600 True 0 0.003269672393798828 0
4700 True 0 0.003198862075805664 0
4800 True 0 0.003226041793823242 0
4900 True 0 0.0033898353576660156 0
5000 True 0 0.0033566951751708984 0
5100 True 0 0.003485441207885742 0
5200 True 0 0.00423121452331543 0
5300 True 0 0.003809213638305664 0
5400 True 0 0.0036563873291015625 0
5500 True 0 0.0038237571716308594 0
5600 False 0 0.0 0
5700 True 0 0.0038013458251953125 0
5800 True 0 0.0035810470581054688 0
5900 True 0 0.003022432327270508 0
6000 True 0 0.0028252601623535156 0
6100 True 0 0.003046274185180664 0
6200 True 0 0.002943277359008789 0
6300 True 0 0.0029451847076416016 0
6400 True 0 0.0029277801513671875 0
6500 True 0 0.00305938720703125 0
6600 True 0 0.0028710365295410156 0
6700 True 0 0.0028228759765625 0
6800 True 0 0.002945423126220703 0
6900 True 0 0.002886533737182617 0
7000 True 0 0.0028679370880126953 0
7100 True 0 0.0029096603393554688 0
7200 True 0 0.002806425094604492 0
7300 True 0 0.002895355224609375 0
7400 True 0 0.0030007362365722656 0
7500 True 0 0.0030829906463623047 0
7600 True 0 0.003445148468017578 0
7700 True 0 0.0031120777130126953 0
7800 False 0 0.0 0
7900 True 0 0.003193378448486328 0
8000 True 0 0.0033392906188964844 0
8100 True 0 0.003335714340209961 0
8200 True 0 0.0029680728912353516 0
8300 True 0 0.0031294822692871094 0
8400 True 0 0.003171682357788086 0
8500 True 0 0.0029740333557128906 0
8600 True 0 0.0029489994049072266 0
8700 True 0 0.002885103225708008 0
8800 True 0 0.0029404163360595703 0
8900 True 0 0.0028460025787353516 0
9000 True 0 0.0030128955841064453 0
9100 True 0 0.0027616024017333984 0
9200 True 0 0.002835988998413086 0
9300 True 0 0.0027756690979003906 0
9400 True 0 0.0028734207153320312 0
9500 True 0 0.002859830856323242 0
9600 True 0 0.0030188560485839844 0
9700 False 0 0.0 0
9800 True 0 0.0029747486114501953 0
9900 True 0 0.003385305404663086 0
