0 True 0.0 0.018792152404785156 0
100 True 0.0 0.019199371337890625 0
200 True 0.0 0.016475677490234375 0
300 True 0.0 0.01655125617980957 0
400 True 0.0 0.01633930206298828 0
500 True 0.0 0.016820192337036133 0
600 True 0.0 0.016401290893554688 0
700 True 0.0 0.016305923461914062 0
800 True 0.0 0.017572641372680664 0
900 True 0.0 0.0172421932220459 0
1000 True 0.0 0.01720905303955078 0
1100 True 0.0 0.016585111618041992 0
1200 True 0.0 0.01679396629333496 0
1300 True 0.0 0.016814708709716797 0
1400 True 0.0 0.016776561737060547 0
1500 False 0.0 0.0 0
1600 True 0.0 0.016316890716552734 0
1700 True 0.0 0.018184900283813477 0
1800 False 0.0 0.0 0
1900 True 0.0 0.018447399139404297 0
2000 True 0.0 0.016903400421142578 0
2100 True 0.0 0.01734638214111328 0
2200 True 0.0 0.01733851432800293 0
2300 True 0.0 0.01662921905517578 0
2400 True 0.0 0.016706228256225586 0
2500 True 0.0 0.016576766967773438 0
2600 True 0.0 0.016457557678222656 0
2700 True 0.0 0.016913652420043945 0
2800 True 0.0 0.01665043830871582 0
2900 True 0.0 0.01672816276550293 0
3000 True 0.0 0.01669907569885254 0
3100 True 0.0 0.0167696475982666 0
3200 True 0.0 0.016826391220092773 0
3300 True 0.0 0.01734018325805664 0
3400 True 0.0 0.017724037170410156 0
3500 True 0.0 0.017405033111572266 0
3600 True 0.0 0.017171859741210938 0
3700 True 0.0 0.01708507537841797 0
3800 True 0.0 0.017405033111572266 0
3900 True 0.0 0.017431020736694336 0
4000 False 0.0 0.0 0
4100 True 0.0 0.01826190948486328 0
4200 True 0.0 0.018133163452148438 0
4300 False 0.0 0.0 0
4400 True 0.0 0.01819467544555664 0
4500 False 0.0 0.0 0
4600 True 0.0 0.017290115356445312 0
4700 True 0.0 0.017021656036376953 0
4800 True 0.0 0.016850948333740234 0
4900 True 0.0 0.01760721206665039 0
5000 True 0.0 0.017681121826171875 0
5100 True 0.0 0.017243146896362305 0
5200 True 0.0 0.017073631286621094 0
5300 True 0.0 0.017514944076538086 0
5400 True 0.0 0.017618179321289062 0
5500 True 0.0 0.01750349998474121 0
5600 False 0.0 0.0 0
5700 True 0.0 0.01716160774230957 0
5800 True 0.0 0.016289472579956055 0
5900 True 0.0 0.016776323318481445 0
6000 True 0.0 0.017645597457885742 0
6100 True 0.0 0.017113447189331055 0
6200 True 0.0 0.017038583755493164 0
6300 True 0.0 0.01775383949279785 0
6400 True 0.0 0.01704239845275879 0
6500 True 0.0 0.016744375228881836 0
6600 True 0.0 0.017397403717041016 0
6700 True 0.0 0.017678022384643555 0
6800 True 0.0 0.01753377914428711 0
6900 True 0.0 0.017375707626342773 0
7000 True 0.0 0.017059803009033203 0
7100 True 0.0 0.017225027084350586 0
7200 True 0.0 0.017207622528076172 0
7300 True 0.0 0.017031431198120117 0
7400 True 0.0 0.018108844757080078 0
7500 True 0.0 0.017217397689819336 0
7600 True 0.0 0.018125057220458984 0
7700 True 0.0 0.018118619918823242 0
7800 False 0.0 0.0 0
7900 True 0.0 0.018077373504638672 0
8000 True 0.0 0.0180356502532959 0
8100 True 0.0 0.022534847259521484 0
8200 True 0.0 0.017917394638061523 0
8300 True 0.0 0.017899274826049805 0
8400 True 0.0 0.017281293869018555 0
8500 True 0.0 0.0169827938079834 0
8600 True 0.0 0.017700910568237305 0
8700 True 0.0 0.01659703254699707 0
8800 True 0.0 0.016911745071411133 0
8900 True 0.0 0.017792701721191406 0
9000 True 0.0 0.0168607234954834 0
9100 True 0.0 0.01648116111755371 0
9200 True 0.0 0.017099380493164062 0
9300 True 0.0 0.017863988876342773 0
9400 True 0.0 0.017376184463500977 0
9500 True 0.0 0.017331361770629883 0
9600 True 0.0 0.017135143280029297 0
9700 False 0.0 0.0 0
9800 True 0.0 0.017004966735839844 0
9900 True 0.0 0.01760411262512207 0
