0 True 0.0078125 0.024106740951538086 0
100 True 0.0078125 0.023243188858032227 0
200 True 0.0 0.02052474021911621 0
300 True 0.0 0.021012544631958008 0
400 True 0.0 0.02080988883972168 0
500 True 0.0078125 0.025803565979003906 0
600 True 0.0078125 0.02432560920715332 0
700 True 0.0078125 0.024063825607299805 0
800 True 0.0 0.020540714263916016 0
900 True 0.0 0.021739959716796875 0
1000 True 0.0 0.02100396156311035 0
1100 True 0.0078125 0.028870105743408203 0
1200 True 0.0 0.020351171493530273 0
1300 True 0.0078125 0.02282571792602539 0
1400 True 0.0078125 0.023180484771728516 0
1500 True 0.0 0.020508527755737305 0
1600 True 0.0 0.021854877471923828 0
1700 True 0.0078125 0.02353191375732422 0
1800 True 0.0 0.020444154739379883 0
1900 True 0.0 0.020671844482421875 0
2000 True 0.0 0.022633075714111328 0
2100 True 0.0078125 0.02424311637878418 0
2200 True 0.0 0.02235865592956543 0
2300 True 0.0078125 0.0236208438873291 0
2400 True 0.0 0.021681547164916992 0
2500 True 0.0078125 0.02297210693359375 0
2600 True 0.0078125 0.023613929748535156 0
2700 True 0.0078125 0.022871017456054688 0
2800 True 0.0 0.023302555084228516 0
2900 True 0.0 0.0205838680267334 0
3000 True 0.0 0.021950244903564453 0
3100 True 0.0 0.02172541618347168 0
3200 True 0.0078125 0.022952556610107422 0
3300 True 0.0 0.020987749099731445 0
3400 True 0.0078125 0.023530244827270508 0
3500 True 0.0078125 0.025839805603027344 0
3600 True 0.0078125 0.023809432983398438 0
3700 True 0.0078125 0.023299694061279297 0
3800 True 0.0 0.02079939842224121 0
3900 True 0.0078125 0.022586345672607422 0
4000 True 0.0 0.022440195083618164 0
4100 True 0.0 0.021329164505004883 0
4200 True 0.0078125 0.02341747283935547 0
4300 True 0.0 0.020185232162475586 0
4400 True 0.0 0.021144866943359375 0
4500 True 0.0 0.021039962768554688 0
4600 True 0.015625 0.023781299591064453 0
4700 True 0.0078125 0.024246931076049805 0
4800 True 0.0078125 0.02322220802307129 0
4900 True 0.0 0.020364999771118164 0
5000 True 0.0078125 0.023740291595458984 0
5100 True 0.0 0.022019147872924805 0
5200 True 0.0 0.02391338348388672 0
5300 True 0.0078125 0.023354053497314453 0
5400 True 0.0078125 0.02329850196838379 0
5500 True 0.0078125 0.0251615047454834 0
5600 True 0.0 0.02120208740234375 0
5700 True 0.0078125 0.023611068725585938 0
5800 True 0.0 0.023012161254882812 0
5900 True 0.0078125 0.024080276489257812 0
6000 True 0.0 0.022895336151123047 0
6100 True 0.0078125 0.023073434829711914 0
6200 True 0.0078125 0.02294015884399414 0
6300 True 0.0078125 0.024456024169921875 0
6400 True 0.0 0.02172541618347168 0
6500 True 0.0078125 0.024271726608276367 0
6600 True 0.0078125 0.022713661193847656 0
6700 True 0.0 0.02044200897216797 0
6800 True 0.0078125 0.02249884605407715 0
6900 True 0.0078125 0.02283787727355957 0
7000 True 0.0078125 0.024253129959106445 0
7100 True 0.0 0.022591590881347656 0
7200 True 0.0 0.020903348922729492 0
7300 True 0.0 0.022513389587402344 0
7400 True 0.0078125 0.02338433265686035 0
7500 True 0.0078125 0.023350000381469727 0
7600 True 0.0078125 0.0229799747467041 0
7700 True 0.0078125 0.022902488708496094 0
7800 True 0.0 0.02058887481689453 0
7900 True 0.0 0.020728588104248047 0
8000 True 0.0078125 0.023260116577148438 0
8100 True 0.0078125 0.02300572395324707 0
8200 True 0.0078125 0.02157306671142578 0
8300 True 0.0078125 0.0235903263092041 0
8400 True 0.0078125 0.023187875747680664 0
8500 True 0.015625 0.024097681045532227 0
8600 True 0.0078125 0.02356123924255371 0
8700 True 0.0 0.02157878875732422 0
8800 True 0.0078125 0.023082971572875977 0
8900 True 0.0078125 0.02298736572265625 0
9000 True 0.0078125 0.02420973777770996 0
9100 True 0.0078125 0.023791074752807617 0
9200 True 0.0078125 0.02351236343383789 0
9300 True 0.015625 0.023216962814331055 0
9400 True 0.0 0.02092909812927246 0
9500 True 0.0 0.021564245223999023 0
9600 True 0.0078125 0.02323460578918457 0
9700 True 0.0 0.01995682716369629 0
9800 True 0.0 0.023555517196655273 0
9900 True 0.0 0.0213623046875 0
