0 True 0 0.0033707618713378906 0
100 True 0 0.0034668445587158203 0
200 True 0 0.0035219192504882812 0
300 True 0 0.0037903785705566406 0
400 True 0 0.003511667251586914 0
500 True 0 0.0036263465881347656 0
600 True 0 0.003795623779296875 0
700 True 0 0.00421452522277832 0
800 True 0 0.004042387008666992 0
900 True 0 0.0035648345947265625 0
1000 True 0 0.003476858139038086 0
1100 True 0 0.0035746097564697266 0
1200 True 0 0.003423452377319336 0
1300 True 0 0.0035626888275146484 0
1400 True 0 0.0038688182830810547 0
1500 True 0 0.0035669803619384766 0
1600 True 0 0.003603696823120117 0
1700 True 0 0.003674030303955078 0
1800 True 0 0.003528118133544922 0
1900 True 0 0.004507303237915039 0
2000 True 0 0.0039424896240234375 0
2100 True 0 0.003927946090698242 0
2200 True 0 0.004129648208618164 0
2300 True 0 0.004353761672973633 0
2400 True 0 0.004106044769287109 0
2500 True 0 0.004562854766845703 0
2600 True 0 0.004637241363525391 0
2700 True 0 0.004762172698974609 0
2800 True 0 0.0039637088775634766 0
2900 True 0 0.0037240982055664062 0
3000 True 0 0.0033876895904541016 0
3100 True 0 0.003439188003540039 0
3200 True 0 0.0035207271575927734 0
3300 True 0 0.0036165714263916016 0
3400 True 0 0.0033617019653320312 0
3500 True 0 0.0033578872680664062 0
3600 True 0 0.003385305404663086 0
3700 True 0 0.00334930419921875 0
3800 True 0 0.0033004283905029297 0
3900 True 0 0.0034356117248535156 0
4000 True 0 0.003458738327026367 0
4100 True 0 0.0036416053771972656 0
4200 True 0 0.003762960433959961 0
4300 True 0 0.0035331249237060547 0
4400 True 0 0.0033996105194091797 0
4500 True 0 0.003464221954345703 0
4600 True 0 0.003576040267944336 0
4700 True 0 0.003499746322631836 0
4800 True 0 0.0036470890045166016 0
4900 True 0 0.0036869049072265625 0
5000 True 0 0.0035872459411621094 0
5100 True 0 0.0035250186920166016 0
5200 True 0 0.0035648345947265625 0
5300 True 0 0.003754854202270508 0
5400 True 0 0.0035483837127685547 0
5500 True 0 0.0038728713989257812 0
5600 True 0 0.0037729740142822266 0
5700 True 0 0.004196882247924805 0
5800 True 0 0.003785371780395508 0
5900 True 0 0.003355741500854492 0
6000 True 0 0.003665447235107422 0
6100 True 0 0.0034470558166503906 0
6200 True 0 0.00348663330078125 0
6300 True 0 0.00393223762512207 0
6400 True 0 0.003696918487548828 0
6500 True 0 0.0036356449127197266 0
6600 True 0 0.0037560462951660156 0
6700 True 0 0.0034949779510498047 0
6800 True 0 0.003588438034057617 0
6900 True 0 0.0033876895904541016 0
7000 True 0 0.0035343170166015625 0
7100 True 0 0.0037431716918945312 0
7200 True 0 0.0035474300384521484 0
7300 True 0 0.0035200119018554688 0
7400 True 0 0.0035157203674316406 0
7500 True 0 0.003426790237426758 0
7600 True 0 0.0034847259521484375 0
7700 True 0 0.003631114959716797 0
7800 True 0 0.0035462379455566406 0
7900 True 0 0.0035979747772216797 0
8000 True 0 0.003460407257080078 0
8100 True 0 0.0035772323608398438 0
8200 True 0 0.004563570022583008 0
8300 True 0 0.0036296844482421875 0
8400 True 0 0.0036699771881103516 0
8500 True 0 0.0037331581115722656 0
8600 True 0 0.0038738250732421875 0
8700 True 0 0.004002571105957031 0
8800 True 0 0.003934621810913086 0
8900 True 0 0.0042035579681396484 0
9000 True 0 0.004221439361572266 0
9100 True 0 0.00449371337890625 0
9200 True 0 0.004041194915771484 0
9300 True 0 0.0036733150482177734 0
9400 True 0 0.0033550262451171875 0
9500 True 0 0.0036330223083496094 0
9600 True 0 0.0037183761596679688 0
9700 True 0 0.0034978389739990234 0
9800 True 0 0.0035240650177001953 0
9900 True 0 0.0034792423248291016 0
