0 True 0 0.00456547737121582 0
100 True 0 0.003626108169555664 0
200 True 0 0.0036797523498535156 0
300 True 0 0.003821134567260742 0
400 True 0 0.0040285587310791016 0
500 True 0 0.003751039505004883 0
600 True 0 0.003841400146484375 0
700 True 0 0.0038695335388183594 0
800 True 0 0.004046201705932617 0
900 True 0 0.0044176578521728516 0
1000 True 0 0.0039980411529541016 0
1100 True 0 0.004139900207519531 0
1200 True 0 0.0039899349212646484 0
1300 True 0 0.0040378570556640625 0
1400 True 0 0.004019975662231445 0
1500 True 0 0.004192352294921875 0
1600 True 0 0.0036971569061279297 0
1700 True 0 0.0036187171936035156 0
1800 True 0 0.0036394596099853516 0
1900 True 0 0.003411531448364258 0
2000 True 0 0.0036153793334960938 0
2100 True 0 0.0033941268920898438 0
2200 True 0 0.003506183624267578 0
2300 True 0 0.003638029098510742 0
2400 True 0 0.003666400909423828 0
2500 True 0 0.003926753997802734 0
2600 True 0 0.004067897796630859 0
2700 True 0 0.004566192626953125 0
2800 True 0 0.003960132598876953 0
2900 True 0 0.003612995147705078 0
3000 True 0 0.0036013126373291016 0
3100 True 0 0.003720998764038086 0
3200 True 0 0.0036399364471435547 0
3300 True 0 0.004957675933837891 0
3400 True 0 0.0037565231323242188 0
3500 True 0 0.003850221633911133 0
3600 True 0 0.0041730403900146484 0
3700 True 0 0.004262208938598633 0
3800 True 0 0.004421234130859375 0
3900 True 0 0.004597902297973633 0
4000 True 0 0.0049402713775634766 0
4100 True 0 0.005160331726074219 0
4200 True 0 0.0047245025634765625 0
4300 True 0 0.004759550094604492 0
4400 True 0 0.0047643184661865234 0
4500 True 0 0.004906415939331055 0
4600 True 0 0.004154682159423828 0
4700 True 0 0.004409074783325195 0
4800 True 0 0.004656553268432617 0
4900 True 0 0.004866123199462891 0
5000 True 0 0.004307270050048828 0
5100 True 0 0.0036821365356445312 0
5200 True 0 0.003531932830810547 0
5300 True 0 0.003385305404663086 0
5400 True 0 0.0034363269805908203 0
5500 True 0 0.003543376922607422 0
5600 False 0 0.0 0
5700 True 0 0.0033469200134277344 0
5800 True 0 0.003342151641845703 0
5900 True 0 0.0033903121948242188 0
6000 True 0 0.003376007080078125 0
6100 True 0 0.0033524036407470703 0
6200 True 0 0.0036878585815429688 0
6300 True 0 0.0037708282470703125 0
6400 True 0 0.003604412078857422 0
6500 True 0 0.0036110877990722656 0
6600 True 0 0.003412961959838867 0
6700 True 0 0.003401041030883789 0
6800 True 0 0.003439664840698242 0
6900 True 0 0.003810405731201172 0
7000 True 0 0.003581523895263672 0
7100 True 0 0.0037920475006103516 0
7200 True 0 0.00397491455078125 0
7300 True 0 0.003638744354248047 0
7400 True 0 0.0035598278045654297 0
7500 True 0 0.003513336181640625 0
7600 True 0 0.003932476043701172 0
7700 True 0 0.003692626953125 0
7800 True 0 0.003610849380493164 0
7900 True 0 0.003743410110473633 0
8000 True 0 0.003968238830566406 0
8100 True 0 0.0035855770111083984 0
8200 True 0 0.003487110137939453 0
8300 True 0 0.0034911632537841797 0
8400 True 0 0.0035924911499023438 0
8500 True 0 0.0035462379455566406 0
8600 True 0 0.003551959991455078 0
8700 True 0 0.003477811813354492 0
8800 True 0 0.003378629684448242 0
8900 True 0 0.003766775131225586 0
9000 True 0 0.0034682750701904297 0
9100 True 0 0.003506183624267578 0
9200 True 0 0.0034329891204833984 0
9300 True 0 0.00377655029296875 0
9400 True 0 0.003747701644897461 0
9500 True 0 0.0038292407989501953 0
9600 True 0 0.004549503326416016 0
9700 True 0 0.003555774688720703 0
9800 True 0 0.003560781478881836 0
9900 True 0 0.0036110877990722656 0
