0 True 0.0 0.032964229583740234 0
100 True 0.0 0.03194832801818848 0
200 True 0.0 0.03159070014953613 0
300 True 0.0 0.032532691955566406 0
400 True 0.0 0.03331470489501953 0
500 True 0.0 0.03170967102050781 0
600 True 0.0 0.03156423568725586 0
700 True 0.0 0.03102254867553711 0
800 True 0.0 0.03138375282287598 0
900 True 0.0 0.03131580352783203 0
1000 True 0.0 0.033003807067871094 0
1100 True 0.0 0.03349494934082031 0
1200 True 0.0 0.03303360939025879 0
1300 True 0.0 0.032247304916381836 0
1400 True 0.0 0.03115057945251465 0
1500 True 0.0 0.03260087966918945 0
1600 True 0.0 0.03386712074279785 0
1700 True 0.0 0.03333449363708496 0
1800 True 0.0 0.03222918510437012 0
1900 True 0.0 0.03177642822265625 0
2000 True 0.0 0.03334331512451172 0
2100 True 0.0 0.032451629638671875 0
2200 True 0.0 0.03262138366699219 0
2300 True 0.0 0.03432774543762207 0
2400 True 0.0 0.03347420692443848 0
2500 True 0.0 0.03210806846618652 0
2600 True 0.0 0.0322721004486084 0
2700 True 0.0 0.032137393951416016 0
2800 True 0.0 0.03319382667541504 0
2900 True 0.0 0.03340768814086914 0
3000 True 0.0 0.032613515853881836 0
3100 True 0.0 0.03380441665649414 0
3200 True 0.0 0.03325319290161133 0
3300 True 0.0 0.03166818618774414 0
3400 True 0.0 0.03133273124694824 0
3500 True 0.0 0.03366208076477051 0
3600 True 0.0 0.03285694122314453 0
3700 True 0.0 0.0325620174407959 0
3800 True 0.0 0.03320193290710449 0
3900 True 0.0 0.033824920654296875 0
4000 True 0.0 0.032910823822021484 0
4100 True 0.0 0.033265113830566406 0
4200 True 0.0 0.032349348068237305 0
4300 True 0.0 0.03218483924865723 0
4400 True 0.0 0.03204488754272461 0
4500 True 0.0 0.030999183654785156 0
4600 True 0.0 0.03266739845275879 0
4700 True 0.0 0.03263068199157715 0
4800 True 0.0 0.03350043296813965 0
4900 True 0.0 0.033429861068725586 0
5000 True 0.0 0.03323841094970703 0
5100 True 0.0 0.03191637992858887 0
5200 True 0.0 0.031768083572387695 0
5300 True 0.0 0.03121185302734375 0
5400 True 0.0 0.034116268157958984 0
5500 True 0.0 0.034105539321899414 0
5600 True 0.0 0.03328251838684082 0
5700 True 0.0 0.033246517181396484 0
5800 True 0.0 0.032998085021972656 0
5900 True 0.0 0.03296303749084473 0
6000 True 0.0 0.032405853271484375 0
6100 True 0.0 0.03244590759277344 0
6200 True 0.0 0.032077789306640625 0
6300 True 0.0 0.03213143348693848 0
6400 True 0.0 0.03210163116455078 0
6500 True 0.0 0.03191995620727539 0
6600 True 0.0 0.031754255294799805 0
6700 True 0.0 0.0313725471496582 0
6800 True 0.0 0.031143903732299805 0
6900 True 0.0 0.033347368240356445 0
7000 True 0.0 0.033692359924316406 0
7100 True 0.0 0.03261876106262207 0
7200 True 0.0 0.03177762031555176 0
7300 True 0.0 0.032143592834472656 0
7400 True 0.0 0.03288078308105469 0
7500 True 0.0 0.031146764755249023 0
7600 True 0.0 0.03212618827819824 0
7700 True 0.0 0.03133416175842285 0
7800 True 0.0 0.03197813034057617 0
7900 True 0.0 0.031810760498046875 0
8000 True 0.0 0.03212857246398926 0
8100 True 0.0 0.03262948989868164 0
8200 True 0.0 0.03268694877624512 0
8300 True 0.0 0.03206944465637207 0
8400 True 0.0 0.03921365737915039 0
8500 True 0.0 0.03251910209655762 0
8600 True 0.0 0.03288531303405762 0
8700 True 0.0 0.03330659866333008 0
8800 True 0.0 0.03328204154968262 0
8900 True 0.0 0.033056020736694336 0
9000 True 0.0 0.03247976303100586 0
9100 True 0.0 0.03198099136352539 0
9200 True 0.0 0.03209543228149414 0
9300 True 0.0 0.0316927433013916 0
9400 True 0.0 0.031026363372802734 0
9500 True 0.0 0.03333616256713867 0
9600 True 0.0 0.03100299835205078 0
9700 True 0.0 0.031629323959350586 0
9800 True 0.0 0.032427072525024414 0
9900 True 0.0 0.03321528434753418 0
