0 True 0 0.005682229995727539 0
100 True 0 0.00580596923828125 0
200 True 0 0.005584001541137695 0
300 True 0 0.0057489871978759766 0
400 True 0 0.005594491958618164 0
500 True 0 0.005506753921508789 0
600 True 0 0.005658149719238281 0
700 True 0 0.005568981170654297 0
800 True 0 0.005495786666870117 0
900 True 0 0.005631208419799805 0
1000 True 0 0.005914449691772461 0
1100 True 0 0.005687713623046875 0
1200 True 0 0.005640745162963867 0
1300 True 0 0.005609750747680664 0
1400 True 0 0.005497455596923828 0
1500 True 0 0.0057260990142822266 0
1600 True 0 0.005263566970825195 0
1700 True 0 0.005426645278930664 0
1800 True 0 0.005537509918212891 0
1900 True 0 0.0059320926666259766 0
2000 True 0 0.0056803226470947266 0
2100 True 0 0.005448341369628906 0
2200 True 0 0.0054705142974853516 0
2300 True 0 0.005746364593505859 0
2400 True 0 0.005645036697387695 0
2500 True 0 0.005522489547729492 0
2600 True 0 0.0055887699127197266 0
2700 True 0 0.0055315494537353516 0
2800 True 0 0.005526304244995117 0
2900 True 0 0.005779266357421875 0
3000 True 0 0.0061321258544921875 0
3100 True 0 0.005713701248168945 0
3200 True 0 0.005946159362792969 0
3300 True 0 0.0059049129486083984 0
3400 True 0 0.005773067474365234 0
3500 True 0 0.005783796310424805 0
3600 True 0 0.006012439727783203 0
3700 True 0 0.0059015750885009766 0
3800 True 0 0.006147146224975586 0
3900 True 0 0.0060269832611083984 0
4000 True 0 0.005970478057861328 0
4100 True 0 0.006584882736206055 0
4200 True 0 0.005960226058959961 0
4300 True 0 0.0056209564208984375 0
4400 True 0 0.005589723587036133 0
4500 True 0 0.005961894989013672 0
4600 True 0 0.005928516387939453 0
4700 True 0 0.005530357360839844 0
4800 True 0 0.005305767059326172 0
4900 True 0 0.0056459903717041016 0
5000 True 0 0.005502223968505859 0
5100 True 0 0.005761623382568359 0
5200 True 0 0.0056324005126953125 0
5300 True 0 0.0056226253509521484 0
5400 True 0 0.005391597747802734 0
5500 True 0 0.005503416061401367 0
5600 True 0 0.005562782287597656 0
5700 True 0 0.00566864013671875 0
5800 True 0 0.0059621334075927734 0
5900 True 0 0.00567173957824707 0
6000 True 0 0.005541086196899414 0
6100 True 0 0.005568265914916992 0
6200 True 0 0.005779266357421875 0
6300 True 0 0.006239891052246094 0
6400 True 0 0.005834817886352539 0
6500 True 0 0.005965232849121094 0
6600 True 0 0.006273508071899414 0
6700 True 0 0.006163358688354492 0
6800 True 0 0.0070612430572509766 0
6900 True 0 0.00634455680847168 0
7000 True 0 0.005783557891845703 0
7100 True 0 0.005992889404296875 0
7200 True 0 0.005594730377197266 0
7300 True 0 0.005587577819824219 0
7400 True 0 0.005503654479980469 0
7500 True 0 0.005499362945556641 0
7600 True 0 0.005481243133544922 0
7700 True 0 0.005956411361694336 0
7800 True 0 0.005581378936767578 0
7900 True 0 0.0054781436920166016 0
8000 True 0 0.005457401275634766 0
8100 True 0 0.0055010318756103516 0
8200 True 0 0.005600929260253906 0
8300 True 0 0.00545811653137207 0
8400 True 0 0.0055887699127197266 0
8500 True 0 0.0055501461029052734 0
8600 True 0 0.0054168701171875 0
8700 True 0 0.005462646484375 0
8800 True 0 0.005733013153076172 0
8900 True 0 0.0055086612701416016 0
9000 True 0 0.005666971206665039 0
9100 True 0 0.005307674407958984 0
9200 True 0 0.005406618118286133 0
9300 True 0 0.005897045135498047 0
9400 True 0 0.006145954132080078 0
9500 True 0 0.00619053840637207 0
9600 True 0 0.005628347396850586 0
9700 True 0 0.005959272384643555 0
9800 True 0 0.005721569061279297 0
9900 True 0 0.005507707595825195 0
