0 True 0.3125 0.04123067855834961 0
100 True 0.3125 0.04153871536254883 0
200 True 0.28125 0.04329228401184082 0
300 True 0.3125 0.039067745208740234 0
400 True 0.3046875 0.04694867134094238 0
500 True 0.3203125 0.0417332649230957 0
600 True 0.3125 0.03828287124633789 0
700 True 0.3125 0.037004947662353516 0
800 True 0.3125 0.040801286697387695 0
900 False 0.0 0.0 0
1000 True 0.3125 0.03886842727661133 0
1100 True 0.3125 0.0393366813659668 0
1200 True 0.0234375 0.04721403121948242 0
1300 True 0.3125 0.03890371322631836 0
1400 True 0.3125 0.03960371017456055 0
1500 True 0.1640625 0.04280734062194824 0
1600 True 0.171875 0.046947479248046875 0
1700 True 0.3203125 0.04144001007080078 0
1800 True 0.296875 0.04343438148498535 0
1900 True 0.28125 0.04166698455810547 0
2000 True 0.3046875 0.044704437255859375 0
2100 True 0.3125 0.0413665771484375 0
2200 True 0.2265625 0.05037999153137207 0
2300 True 0.3125 0.04079937934875488 0
2400 True 0.3125 0.047997236251831055 0
2500 True 0.3046875 0.045598745346069336 0
2600 True 0.3125 0.039781808853149414 0
2700 True 0.3125 0.03928995132446289 0
2800 True 0.3125 0.03982996940612793 0
2900 True 0.3046875 0.044576406478881836 0
3000 True 0.3125 0.03977608680725098 0
3100 True 0.3046875 0.04608941078186035 0
3200 True 0.3125 0.039917945861816406 0
3300 True 0.3125 0.03985762596130371 0
3400 True 0.3203125 0.0419158935546875 0
3500 True 0.3125 0.042372941970825195 0
3600 True 0.3125 0.04006218910217285 0
3700 True 0.3125 0.04154849052429199 0
3800 True 0.3125 0.03959298133850098 0
3900 True 0.3125 0.03839516639709473 0
4000 True 0.3125 0.039630889892578125 0
4100 True 0.3046875 0.04486703872680664 0
4200 True 0.3125 0.0390772819519043 0
4300 True 0.0078125 0.04725480079650879 0
4400 True 0.2734375 0.04438591003417969 0
4500 False 0.0 0.0 0
4600 True 0.3203125 0.04169797897338867 0
4700 True 0.3125 0.04017925262451172 0
4800 True 0.3125 0.0390322208404541 0
4900 True 0.3125 0.03892683982849121 0
5000 True 0.3125 0.03977680206298828 0
5100 True 0.3125 0.0396275520324707 0
5200 True 0.3125 0.03975081443786621 0
5300 True 0.3125 0.03948616981506348 0
5400 True 0.3125 0.0419309139251709 0
5500 True 0.3203125 0.04127931594848633 0
5600 True 0.3046875 0.05626344680786133 0
5700 True 0.3125 0.03971552848815918 0
5800 True 0.3125 0.04161667823791504 0
5900 True 0.3125 0.042760610580444336 0
6000 True 0.3125 0.04077601432800293 0
6100 True 0.3125 0.04231715202331543 0
6200 True 0.3125 0.0422365665435791 0
6300 True 0.3125 0.041449546813964844 0
6400 True 0.125 0.04163074493408203 0
6500 True 0.3125 0.039145708084106445 0
6600 True 0.3125 0.038893699645996094 0
6700 True 0.28125 0.04302358627319336 0
6800 True 0.3125 0.038991689682006836 0
6900 True 0.3125 0.04019427299499512 0
7000 True 0.3125 0.03992104530334473 0
7100 True 0.3046875 0.04728078842163086 0
7200 True 0.3046875 0.04422116279602051 0
7300 True 0.3203125 0.04199385643005371 0
7400 True 0.3046875 0.04581809043884277 0
7500 True 0.3125 0.039771080017089844 0
7600 True 0.3125 0.03882479667663574 0
7700 True 0.3125 0.040810346603393555 0
7800 True 0.3125 0.039154767990112305 0
7900 True 0.3046875 0.04410576820373535 0
8000 True 0.2890625 0.042514801025390625 0
8100 True 0.3125 0.03907370567321777 0
8200 True 0.3203125 0.04048347473144531 0
8300 True 0.3203125 0.042822837829589844 0
8400 True 0.3125 0.040787458419799805 0
8500 True 0.3203125 0.04043936729431152 0
8600 True 0.3125 0.03999066352844238 0
8700 True 0.3125 0.04198741912841797 0
8800 True 0.3203125 0.04189133644104004 0
8900 True 0.3125 0.03989100456237793 0
9000 True 0.3125 0.037883758544921875 0
9100 True 0.3203125 0.03969550132751465 0
9200 True 0.3125 0.04064297676086426 0
9300 True 0.3125 0.04247260093688965 0
9400 True 0.25 0.04261493682861328 0
9500 True 0.296875 0.04738664627075195 0
9600 True 0.3125 0.04069995880126953 0
9700 True 0.0859375 0.05077028274536133 0
9800 True 0.3125 0.04027390480041504 0
9900 True 0.3125 0.03903555870056152 0
