0 True 1 0.009062767028808594 0
100 True 1 0.008458852767944336 0
200 True 1 0.008363962173461914 0
300 True 1 0.00855112075805664 0
400 True 1 0.00903630256652832 0
500 True 1 0.008172273635864258 0
600 True 1 0.008547067642211914 0
700 True 1 0.00844573974609375 0
800 True 1 0.008429288864135742 0
900 True 0 0.006523609161376953 0
1000 True 1 0.008339405059814453 0
1100 True 1 0.008170366287231445 0
1200 True 1 0.00831294059753418 0
1300 True 1 0.008570671081542969 0
1400 True 1 0.00838327407836914 0
1500 True 0 0.006964921951293945 0
1600 True 1 0.008457422256469727 0
1700 True 1 0.008600234985351562 0
1800 True 1 0.008589744567871094 0
1900 True 0 0.006233930587768555 0
2000 True 1 0.009138107299804688 0
2100 True 1 0.00882101058959961 0
2200 True 1 0.008989810943603516 0
2300 True 1 0.008899450302124023 0
2400 True 1 0.009644031524658203 0
2500 True 1 0.008940458297729492 0
2600 True 1 0.008919954299926758 0
2700 True 1 0.008771419525146484 0
2800 True 1 0.00897216796875 0
2900 True 1 0.008966207504272461 0
3000 True 1 0.00859832763671875 0
3100 True 1 0.008667945861816406 0
3200 True 1 0.008657217025756836 0
3300 True 1 0.008798837661743164 0
3400 True 1 0.00893259048461914 0
3500 True 1 0.008708477020263672 0
3600 True 1 0.00889134407043457 0
3700 True 1 0.008644342422485352 0
3800 True 1 0.008857488632202148 0
3900 True 1 0.00896000862121582 0
4000 True 0 0.008920431137084961 0
4100 True 1 0.008714914321899414 0
4200 True 1 0.008569002151489258 0
4300 True 0 0.007659196853637695 0
4400 True 1 0.008666515350341797 0
4500 False 0 0.0 0
4600 True 1 0.008512258529663086 0
4700 True 1 0.008766651153564453 0
4800 True 1 0.00884866714477539 0
4900 True 1 0.008405447006225586 0
5000 True 1 0.008586406707763672 0
5100 True 1 0.008873224258422852 0
5200 True 1 0.009104728698730469 0
5300 True 1 0.00962209701538086 0
5400 True 1 0.009298086166381836 0
5500 True 1 0.008508682250976562 0
5600 True 1 0.008294105529785156 0
5700 True 1 0.008397102355957031 0
5800 True 1 0.00915074348449707 0
5900 True 1 0.00901651382446289 0
6000 True 1 0.008602380752563477 0
6100 True 1 0.008256196975708008 0
6200 True 1 0.008594512939453125 0
6300 True 1 0.008622407913208008 0
6400 True 1 0.008231639862060547 0
6500 True 1 0.008674860000610352 0
6600 True 1 0.008548259735107422 0
6700 True 1 0.008540868759155273 0
6800 True 1 0.008367061614990234 0
6900 True 1 0.008595705032348633 0
7000 True 1 0.009218215942382812 0
7100 True 0 0.006314277648925781 0
7200 True 1 0.009061336517333984 0
7300 True 1 0.008391380310058594 0
7400 True 1 0.008657455444335938 0
7500 True 1 0.008890867233276367 0
7600 True 1 0.008636236190795898 0
7700 True 1 0.00843358039855957 0
7800 True 1 0.009159326553344727 0
7900 True 1 0.008977890014648438 0
8000 True 1 0.01052713394165039 0
8100 True 1 0.008755922317504883 0
8200 True 1 0.008925914764404297 0
8300 True 1 0.009140253067016602 0
8400 True 1 0.008825063705444336 0
8500 True 1 0.008831262588500977 0
8600 True 1 0.009305477142333984 0
8700 True 1 0.008732795715332031 0
8800 True 1 0.010588884353637695 0
8900 True 1 0.008589982986450195 0
9000 True 1 0.008304834365844727 0
9100 True 1 0.008060455322265625 0
9200 True 1 0.00892949104309082 0
9300 True 1 0.008307933807373047 0
9400 True 0 0.006723165512084961 0
9500 True 1 0.008838415145874023 0
9600 True 1 0.008200883865356445 0
9700 True 0 0.008234977722167969 0
9800 True 1 0.010634183883666992 0
9900 True 1 0.00860595703125 0
