0 True 0 0.006110191345214844 0
100 True 0 0.0056591033935546875 0
200 True 0 0.005576372146606445 0
300 True 0 0.0062906742095947266 0
400 True 0 0.005923032760620117 0
500 True 0 0.005852222442626953 0
600 True 0 0.005639553070068359 0
700 True 0 0.005957365036010742 0
800 True 0 0.005677461624145508 0
900 True 0 0.005682945251464844 0
1000 True 0 0.005845308303833008 0
1100 True 0 0.006055116653442383 0
1200 True 0 0.005794048309326172 0
1300 True 0 0.005519390106201172 0
1400 True 0 0.005381345748901367 0
1500 True 0 0.0055811405181884766 0
1600 True 0 0.005623817443847656 0
1700 True 0 0.005676746368408203 0
1800 True 0 0.0055234432220458984 0
1900 True 0 0.005585908889770508 0
2000 True 0 0.00560760498046875 0
2100 True 0 0.00571751594543457 0
2200 True 0 0.006074190139770508 0
2300 True 0 0.005833625793457031 0
2400 True 0 0.005679130554199219 0
2500 True 0 0.005777597427368164 0
2600 True 0 0.005730867385864258 0
2700 True 0 0.005738973617553711 0
2800 True 0 0.005396366119384766 0
2900 True 0 0.005700349807739258 0
3000 True 0 0.005800962448120117 0
3100 True 0 0.00561070442199707 0
3200 True 0 0.005482912063598633 0
3300 True 0 0.005635976791381836 0
3400 True 0 0.005614280700683594 0
3500 True 0 0.005522727966308594 0
3600 True 0 0.005711793899536133 0
3700 True 0 0.005850315093994141 0
3800 True 0 0.006017208099365234 0
3900 True 0 0.005827903747558594 0
4000 True 0 0.006039857864379883 0
4100 True 0 0.006382465362548828 0
4200 True 0 0.005747318267822266 0
4300 True 0 0.005827426910400391 0
4400 True 0 0.005850315093994141 0
4500 True 0 0.0056765079498291016 0
4600 True 0 0.005838155746459961 0
4700 True 0 0.005529880523681641 0
4800 True 0 0.005469799041748047 0
4900 True 0 0.005549907684326172 0
5000 True 0 0.005949735641479492 0
5100 True 0 0.005646228790283203 0
5200 True 0 0.0055730342864990234 0
5300 True 0 0.005569934844970703 0
5400 True 0 0.005553722381591797 0
5500 True 0 0.005432605743408203 0
5600 True 0 0.005649566650390625 0
5700 True 0 0.005617380142211914 0
5800 True 0 0.0055866241455078125 0
5900 True 0 0.005399465560913086 0
6000 True 0 0.005438566207885742 0
6100 True 0 0.005733013153076172 0
6200 True 0 0.005760908126831055 0
6300 True 0 0.005805253982543945 0
6400 True 0 0.005733013153076172 0
6500 True 0 0.005796670913696289 0
6600 True 0 0.0057201385498046875 0
6700 True 0 0.005656242370605469 0
6800 True 0 0.006028890609741211 0
6900 True 0 0.0059452056884765625 0
7000 True 0 0.006144285202026367 0
7100 True 0 0.0055582523345947266 0
7200 True 0 0.0056743621826171875 0
7300 True 0 0.005810976028442383 0
7400 True 0 0.0061609745025634766 0
7500 True 0 0.0057566165924072266 0
7600 True 0 0.005732059478759766 0
7700 True 0 0.0056688785552978516 0
7800 True 0 0.0054645538330078125 0
7900 True 0 0.0055277347564697266 0
8000 True 0 0.0059697628021240234 0
8100 True 0 0.00560760498046875 0
8200 True 0 0.005683183670043945 0
8300 True 0 0.005784511566162109 0
8400 True 0 0.005679607391357422 0
8500 True 0 0.005735635757446289 0
8600 True 0 0.005340099334716797 0
8700 True 0 0.005366325378417969 0
8800 True 0 0.0058100223541259766 0
8900 True 0 0.005441904067993164 0
9000 True 0 0.005470991134643555 0
9100 True 0 0.0059168338775634766 0
9200 True 0 0.005590200424194336 0
9300 True 0 0.005594015121459961 0
9400 True 0 0.0056111812591552734 0
9500 True 0 0.005891084671020508 0
9600 True 0 0.0059125423431396484 0
9700 True 0 0.005779266357421875 0
9800 True 0 0.006105184555053711 0
9900 True 0 0.005742549896240234 0
