0 True 0.0 0.03785967826843262 0
100 True 0.0 0.03524327278137207 0
200 True 0.0 0.03512096405029297 0
300 True 0.0 0.03687644004821777 0
400 True 0.0 0.03687000274658203 0
500 True 0.0 0.03791308403015137 0
600 True 0.0 0.036065101623535156 0
700 True 0.0 0.03518223762512207 0
800 True 0.0 0.035035133361816406 0
900 True 0.0 0.037109375 0
1000 True 0.0 0.03678631782531738 0
1100 True 0.0 0.03702545166015625 0
1200 True 0.0 0.03624844551086426 0
1300 True 0.0 0.03665494918823242 0
1400 True 0.0 0.0364689826965332 0
1500 True 0.0 0.03846311569213867 0
1600 True 0.0 0.03825807571411133 0
1700 True 0.0 0.03791046142578125 0
1800 True 0.0 0.046793460845947266 0
1900 True 0.0 0.045828819274902344 0
2000 True 0.0 0.03639364242553711 0
2100 True 0.0 0.038422584533691406 0
2200 True 0.0 0.03564000129699707 0
2300 True 0.0 0.0371556282043457 0
2400 True 0.0 0.0384366512298584 0
2500 True 0.0 0.03727078437805176 0
2600 True 0.0 0.038506269454956055 0
2700 True 0.0 0.038542985916137695 0
2800 True 0.0 0.037201881408691406 0
2900 True 0.0 0.03818321228027344 0
3000 True 0.0 0.038433074951171875 0
3100 True 0.0 0.038359642028808594 0
3200 True 0.0 0.03666424751281738 0
3300 True 0.0 0.03657889366149902 0
3400 True 0.0 0.03675031661987305 0
3500 True 0.0 0.03810286521911621 0
3600 True 0.0 0.038420915603637695 0
3700 True 0.0 0.038228750228881836 0
3800 True 0.0 0.036547183990478516 0
3900 True 0.0 0.038155555725097656 0
4000 True 0.0 0.038269996643066406 0
4100 True 0.0 0.03808951377868652 0
4200 True 0.0 0.036585092544555664 0
4300 True 0.0 0.038105010986328125 0
4400 True 0.0 0.03844904899597168 0
4500 True 0.0 0.03832650184631348 0
4600 True 0.0 0.03702521324157715 0
4700 True 0.0 0.03833341598510742 0
4800 True 0.0 0.038818359375 0
4900 True 0.0 0.0371556282043457 0
5000 True 0.0 0.036995649337768555 0
5100 True 0.0 0.03663468360900879 0
5200 True 0.0 0.03664112091064453 0
5300 True 0.0 0.03621530532836914 0
5400 True 0.0 0.037178754806518555 0
5500 True 0.0 0.036789655685424805 0
5600 True 0.0 0.03668475151062012 0
5700 True 0.0 0.03716540336608887 0
5800 True 0.0 0.03694653511047363 0
5900 True 0.0 0.037532806396484375 0
6000 True 0.0 0.04590773582458496 0
6100 True 0.0 0.03752779960632324 0
6200 True 0.0 0.03689432144165039 0
6300 True 0.0 0.03722357749938965 0
6400 True 0.0 0.03693985939025879 0
6500 True 0.0 0.0368647575378418 0
6600 True 0.0 0.03665757179260254 0
6700 True 0.0 0.03682708740234375 0
6800 True 0.0 0.03722500801086426 0
6900 True 0.0 0.03677678108215332 0
7000 True 0.0 0.03681015968322754 0
7100 True 0.0 0.036702632904052734 0
7200 True 0.0 0.03776383399963379 0
7300 True 0.0 0.03689217567443848 0
7400 True 0.0 0.03676772117614746 0
7500 True 0.0 0.03525137901306152 0
7600 True 0.0 0.03491091728210449 0
7700 True 0.0 0.03482842445373535 0
7800 True 0.0 0.03719067573547363 0
7900 True 0.0 0.03661394119262695 0
8000 True 0.0 0.03918647766113281 0
8100 True 0.0 0.03686642646789551 0
8200 True 0.0 0.03674125671386719 0
8300 True 0.0 0.035448312759399414 0
8400 True 0.0 0.035056114196777344 0
8500 True 0.0 0.03696489334106445 0
8600 True 0.0 0.037858009338378906 0
8700 True 0.0 0.0368196964263916 0
8800 True 0.0 0.036736249923706055 0
8900 True 0.0 0.036741018295288086 0
9000 True 0.0 0.03573298454284668 0
9100 True 0.0 0.03484225273132324 0
9200 True 0.0 0.03661990165710449 0
9300 True 0.0 0.03726387023925781 0
9400 True 0.0 0.03709888458251953 0
9500 True 0.0 0.037087440490722656 0
9600 True 0.0 0.037322998046875 0
9700 True 0.0 0.03711056709289551 0
9800 True 0.0 0.037180185317993164 0
9900 True 0.0 0.03675436973571777 0
