0 True 0 0.0069086551666259766 0
100 True 0 0.006437063217163086 0
200 True 0 0.006259441375732422 0
300 True 0 0.00669097900390625 0
400 True 0 0.006171226501464844 0
500 True 0 0.006317138671875 0
600 True 0 0.0065402984619140625 0
700 True 0 0.006361246109008789 0
800 True 0 0.006189584732055664 0
900 True 0 0.006635427474975586 0
1000 True 0 0.006575584411621094 0
1100 True 0 0.006462574005126953 0
1200 True 0 0.006493091583251953 0
1300 True 0 0.008400917053222656 0
1400 True 0 0.006804466247558594 0
1500 True 0 0.006646156311035156 0
1600 True 0 0.00614619255065918 0
1700 True 0 0.006485700607299805 0
1800 True 0 0.00644993782043457 0
1900 True 0 0.006029844284057617 0
2000 True 0 0.006132364273071289 0
2100 True 0 0.0071315765380859375 0
2200 True 0 0.0061566829681396484 0
2300 True 0 0.006283283233642578 0
2400 True 0 0.006325483322143555 0
2500 True 0 0.0064449310302734375 0
2600 True 0 0.006398200988769531 0
2700 True 0 0.00637054443359375 0
2800 True 0 0.006371259689331055 0
2900 True 0 0.006392002105712891 0
3000 True 0 0.006361484527587891 0
3100 True 0 0.006365776062011719 0
3200 True 0 0.006325721740722656 0
3300 True 0 0.0063018798828125 0
3400 True 0 0.006247997283935547 0
3500 True 0 0.006341695785522461 0
3600 True 0 0.006441354751586914 0
3700 True 0 0.006385087966918945 0
3800 True 0 0.006394863128662109 0
3900 True 0 0.006829500198364258 0
4000 True 0 0.006734132766723633 0
4100 True 0 0.006480693817138672 0
4200 True 0 0.008460283279418945 0
4300 True 0 0.006383419036865234 0
4400 True 0 0.006316661834716797 0
4500 False 0 0.0 0
4600 True 0 0.008698463439941406 0
4700 True 0 0.008680582046508789 0
4800 True 0 0.008391618728637695 0
4900 True 0 0.006767749786376953 0
5000 True 0 0.006743431091308594 0
5100 True 0 0.006338357925415039 0
5200 True 0 0.0063629150390625 0
5300 True 0 0.008096456527709961 0
5400 True 0 0.006332874298095703 0
5500 True 0 0.00648951530456543 0
5600 True 0 0.006267547607421875 0
5700 True 0 0.0063817501068115234 0
5800 True 0 0.0064280033111572266 0
5900 True 0 0.006157875061035156 0
6000 True 0 0.006104230880737305 0
6100 True 0 0.006520271301269531 0
6200 True 0 0.006147623062133789 0
6300 True 0 0.006754159927368164 0
6400 True 0 0.006258726119995117 0
6500 True 0 0.0067021846771240234 0
6600 True 0 0.006522178649902344 0
6700 True 0 0.006226062774658203 0
6800 True 0 0.006371021270751953 0
6900 True 0 0.006524085998535156 0
7000 True 0 0.006414175033569336 0
7100 True 0 0.006506204605102539 0
7200 True 0 0.007895469665527344 0
7300 True 0 0.008072853088378906 0
7400 True 0 0.006413936614990234 0
7500 True 0 0.007958650588989258 0
7600 True 0 0.0064542293548583984 0
7700 True 0 0.0062220096588134766 0
7800 True 0 0.006283760070800781 0
7900 True 0 0.006124019622802734 0
8000 True 0 0.006085395812988281 0
8100 True 0 0.0062656402587890625 0
8200 True 0 0.00861358642578125 0
8300 True 0 0.005995512008666992 0
8400 True 0 0.005963563919067383 0
8500 True 0 0.00595855712890625 0
8600 True 0 0.02377796173095703 0
8700 True 0 0.019553184509277344 0
8800 True 0 0.00609278678894043 0
8900 True 0 0.006413459777832031 0
9000 True 0 0.006200551986694336 0
9100 True 0 0.006358146667480469 0
9200 True 0 0.006285667419433594 0
9300 True 0 0.006407260894775391 0
9400 True 0 0.006078481674194336 0
9500 True 0 0.006038665771484375 0
9600 True 0 0.006228923797607422 0
9700 True 0 0.006663322448730469 0
9800 True 0 0.007185697555541992 0
9900 True 0 0.006612300872802734 0
