0 True 0.0 0.04662179946899414 0
100 True 0.0 0.04631495475769043 0
200 True 0.0 0.0468440055847168 0
300 True 0.0 0.046210527420043945 0
400 True 0.0 0.03716444969177246 0
500 True 0.0 0.037145137786865234 0
600 True 0.0 0.04597616195678711 0
700 True 0.0 0.036947011947631836 0
800 True 0.0 0.04639434814453125 0
900 True 0.0 0.036920785903930664 0
1000 True 0.0 0.03716921806335449 0
1100 True 0.0 0.03684258460998535 0
1200 True 0.0 0.03715181350708008 0
1300 True 0.0 0.036401987075805664 0
1400 True 0.0 0.037042856216430664 0
1500 True 0.0 0.037355899810791016 0
1600 True 0.0 0.037369489669799805 0
1700 True 0.0 0.045821189880371094 0
1800 True 0.0 0.03726482391357422 0
1900 True 0.0 0.046776533126831055 0
2000 True 0.0 0.03723621368408203 0
2100 True 0.0 0.037169694900512695 0
2200 True 0.0 0.04643654823303223 0
2300 True 0.0 0.04631519317626953 0
2400 True 0.0 0.04626107215881348 0
2500 True 0.0 0.03754377365112305 0
2600 True 0.0 0.036853790283203125 0
2700 True 0.0 0.046182870864868164 0
2800 True 0.0 0.03723263740539551 0
2900 True 0.0 0.046324729919433594 0
3000 True 0.0 0.045615434646606445 0
3100 True 0.0 0.03613901138305664 0
3200 True 0.0 0.03618907928466797 0
3300 True 0.0 0.03632998466491699 0
3400 True 0.0 0.03725886344909668 0
3500 True 0.0 0.03632187843322754 0
3600 True 0.0 0.03730130195617676 0
3700 True 0.0 0.03660130500793457 0
3800 True 0.0 0.0364532470703125 0
3900 True 0.0 0.03697991371154785 0
4000 True 0.0 0.03718304634094238 0
4100 True 0.0 0.03742814064025879 0
4200 True 0.0 0.03705906867980957 0
4300 True 0.0 0.03769826889038086 0
4400 True 0.0 0.03746438026428223 0
4500 False 0.0 0.0 0
4600 True 0.0 0.04691886901855469 0
4700 True 0.0 0.03792691230773926 0
4800 True 0.0 0.03751969337463379 0
4900 True 0.0 0.03818058967590332 0
5000 True 0.0 0.0354158878326416 0
5100 True 0.0 0.03689169883728027 0
5200 True 0.0 0.03604936599731445 0
5300 True 0.0 0.03522682189941406 0
5400 True 0.0 0.03579354286193848 0
5500 True 0.0 0.03711247444152832 0
5600 True 0.0 0.03721165657043457 0
5700 True 0.0 0.03798079490661621 0
5800 True 0.0 0.03813791275024414 0
5900 True 0.0 0.03719973564147949 0
6000 True 0.0 0.03705906867980957 0
6100 True 0.0 0.03819394111633301 0
6200 True 0.0 0.03776717185974121 0
6300 True 0.0 0.03685355186462402 0
6400 True 0.0 0.03902721405029297 0
6500 True 0.0 0.03780555725097656 0
6600 True 0.0 0.037126779556274414 0
6700 True 0.0 0.035340070724487305 0
6800 True 0.0 0.0462346076965332 0
6900 True 0.0 0.03703641891479492 0
7000 True 0.0 0.0369715690612793 0
7100 True 0.0 0.03697657585144043 0
7200 True 0.0 0.03778958320617676 0
7300 True 0.0 0.03815960884094238 0
7400 True 0.0 0.037550926208496094 0
7500 True 0.0 0.037601470947265625 0
7600 True 0.0 0.03762984275817871 0
7700 True 0.0 0.037787675857543945 0
7800 True 0.0 0.03696107864379883 0
7900 True 0.0 0.037657737731933594 0
8000 True 0.0 0.036664485931396484 0
8100 True 0.0 0.0368654727935791 0
8200 True 0.0 0.03657722473144531 0
8300 True 0.0 0.03668785095214844 0
8400 True 0.0 0.03643035888671875 0
8500 True 0.0 0.0366511344909668 0
8600 True 0.0 0.03652811050415039 0
8700 True 0.0 0.03760266304016113 0
8800 True 0.0 0.03697037696838379 0
8900 True 0.0 0.03792738914489746 0
9000 True 0.0 0.0377655029296875 0
9100 True 0.0 0.03734636306762695 0
9200 True 0.0 0.03720355033874512 0
9300 True 0.0 0.036818742752075195 0
9400 True 0.0 0.03766059875488281 0
9500 True 0.0 0.037131309509277344 0
9600 True 0.0 0.03676247596740723 0
9700 True 0.0 0.037035226821899414 0
9800 True 0.0 0.046082258224487305 0
9900 True 0.0 0.03508281707763672 0
