0 True 0.203125 0.04829216003417969 0
100 True 0.1875 0.04171347618103027 0
200 True 0.1953125 0.04687762260437012 0
300 True 0.1171875 0.047583818435668945 0
400 True 0.2109375 0.0492548942565918 0
500 True 0.21875 0.046159982681274414 0
600 True 0.2109375 0.0490720272064209 0
700 True 0.2109375 0.048370361328125 0
800 True 0.1484375 0.047219276428222656 0
900 True 0.0625 0.04170870780944824 0
1000 True 0.203125 0.047686100006103516 0
1100 True 0.1953125 0.04878497123718262 0
1200 True 0.125 0.04426145553588867 0
1300 True 0.1796875 0.051520586013793945 0
1400 True 0.2109375 0.04799151420593262 0
1500 True 0.03125 0.0401608943939209 0
1600 True 0.0546875 0.04909968376159668 0
1700 True 0.2109375 0.048751115798950195 0
1800 True 0.0625 0.04114246368408203 0
1900 True 0.0546875 0.04841494560241699 0
2000 True 0.171875 0.04871058464050293 0
2100 True 0.2109375 0.05043768882751465 0
2200 True 0.1953125 0.04380464553833008 0
2300 True 0.1953125 0.04545116424560547 0
2400 True 0.1484375 0.047405242919921875 0
2500 True 0.171875 0.0459141731262207 0
2600 True 0.1953125 0.04802203178405762 0
2700 True 0.203125 0.04756951332092285 0
2800 True 0.1953125 0.04673147201538086 0
2900 True 0.1640625 0.04709434509277344 0
3000 True 0.203125 0.04913163185119629 0
3100 True 0.078125 0.04662728309631348 0
3200 True 0.1953125 0.04462385177612305 0
3300 True 0.171875 0.045255184173583984 0
3400 True 0.2109375 0.049718379974365234 0
3500 True 0.2109375 0.049664974212646484 0
3600 True 0.1796875 0.04875898361206055 0
3700 True 0.2109375 0.04825282096862793 0
3800 True 0.1875 0.04225492477416992 0
3900 True 0.203125 0.04479622840881348 0
4000 True 0.109375 0.04980587959289551 0
4100 True 0.0625 0.05403327941894531 0
4200 True 0.2109375 0.04812502861022949 0
4300 True 0.0390625 0.04869723320007324 0
4400 True 0.109375 0.047681570053100586 0
4500 True 0.0078125 0.042726993560791016 0
4600 True 0.21875 0.04720497131347656 0
4700 True 0.2109375 0.04725360870361328 0
4800 True 0.2109375 0.049916744232177734 0
4900 True 0.2109375 0.04830813407897949 0
5000 True 0.2109375 0.047179222106933594 0
5100 True 0.203125 0.04463696479797363 0
5200 True 0.203125 0.047094106674194336 0
5300 True 0.2109375 0.04949235916137695 0
5400 True 0.203125 0.05099320411682129 0
5500 True 0.2109375 0.046929121017456055 0
5600 True 0.2109375 0.0459287166595459 0
5700 True 0.203125 0.04632234573364258 0
5800 True 0.2109375 0.04840278625488281 0
5900 True 0.21875 0.0445866584777832 0
6000 True 0.203125 0.04712939262390137 0
6100 True 0.1640625 0.047440528869628906 0
6200 True 0.2109375 0.048336029052734375 0
6300 True 0.2109375 0.0501255989074707 0
6400 True 0.0390625 0.04198145866394043 0
6500 True 0.21875 0.04357004165649414 0
6600 True 0.1328125 0.04412508010864258 0
6700 True 0.1484375 0.04631662368774414 0
6800 True 0.203125 0.04511737823486328 0
6900 True 0.203125 0.04429483413696289 0
7000 True 0.2109375 0.048510074615478516 0
7100 True 0.1015625 0.04778146743774414 0
7200 True 0.1640625 0.04689931869506836 0
7300 True 0.2109375 0.05025529861450195 0
7400 True 0.171875 0.046010732650756836 0
7500 True 0.2109375 0.04726457595825195 0
7600 True 0.2109375 0.04909348487854004 0
7700 True 0.203125 0.05861711502075195 0
7800 True 0.1171875 0.04803967475891113 0
7900 True 0.1875 0.04085850715637207 0
8000 True 0.140625 0.04319453239440918 0
8100 True 0.2109375 0.04860281944274902 0
8200 True 0.21875 0.04372811317443848 0
8300 True 0.2109375 0.047861576080322266 0
8400 True 0.1953125 0.04752206802368164 0
8500 True 0.21875 0.04327106475830078 0
8600 True 0.2109375 0.04596281051635742 0
8700 True 0.2109375 0.04987931251525879 0
8800 True 0.21875 0.04639458656311035 0
8900 True 0.2109375 0.04976677894592285 0
9000 True 0.2109375 0.04942631721496582 0
9100 True 0.21875 0.04728865623474121 0
9200 True 0.2109375 0.04998922348022461 0
9300 True 0.21875 0.04641270637512207 0
9400 True 0.109375 0.04804515838623047 0
9500 True 0.09375 0.04932689666748047 0
9600 True 0.2109375 0.04922080039978027 0
9700 True 0.0234375 0.04442620277404785 0
9800 True 0.1875 0.04456901550292969 0
9900 True 0.1796875 0.05052757263183594 0
