0 True 1 0.009278535842895508 0
100 True 1 0.008910655975341797 0
200 True 1 0.008925676345825195 0
300 True 1 0.009498834609985352 0
400 True 1 0.009119033813476562 0
500 True 1 0.00946807861328125 0
600 True 1 0.009199380874633789 0
700 True 1 0.009401559829711914 0
800 True 1 0.009420633316040039 0
900 True 0 0.006896257400512695 0
1000 True 1 0.008888959884643555 0
1100 True 1 0.009490728378295898 0
1200 True 1 0.009316682815551758 0
1300 True 1 0.009377002716064453 0
1400 True 1 0.00857090950012207 0
1500 True 0 0.006924867630004883 0
1600 True 0 0.008091926574707031 0
1700 True 1 0.00904703140258789 0
1800 True 0 0.006342411041259766 0
1900 True 0 0.00641632080078125 0
2000 True 1 0.009047269821166992 0
2100 True 1 0.009194135665893555 0
2200 True 1 0.009454011917114258 0
2300 True 1 0.008983850479125977 0
2400 True 1 0.00932765007019043 0
2500 True 1 0.00929880142211914 0
2600 True 1 0.009111642837524414 0
2700 True 1 0.00939178466796875 0
2800 True 1 0.00935983657836914 0
2900 True 1 0.00921320915222168 0
3000 True 1 0.009229421615600586 0
3100 True 0 0.007486104965209961 0
3200 True 1 0.009235143661499023 0
3300 True 1 0.009157419204711914 0
3400 True 1 0.009164571762084961 0
3500 True 1 0.009389162063598633 0
3600 True 1 0.009381771087646484 0
3700 True 1 0.009799003601074219 0
3800 True 1 0.00943303108215332 0
3900 True 1 0.008858442306518555 0
4000 True 1 0.009433984756469727 0
4100 True 0 0.007417440414428711 0
4200 True 1 0.00891566276550293 0
4300 True 0 0.00860285758972168 0
4400 True 1 0.00957942008972168 0
4500 True 0 0.00694727897644043 0
4600 True 1 0.009067535400390625 0
4700 True 1 0.009077072143554688 0
4800 True 1 0.00905156135559082 0
4900 True 1 0.008776187896728516 0
5000 True 1 0.009849786758422852 0
5100 True 1 0.009512901306152344 0
5200 True 1 0.009441375732421875 0
5300 True 1 0.009421348571777344 0
5400 True 1 0.00916743278503418 0
5500 True 1 0.00935220718383789 0
5600 True 1 0.009654998779296875 0
5700 True 1 0.00922083854675293 0
5800 True 1 0.009228944778442383 0
5900 True 1 0.009987831115722656 0
6000 True 1 0.00928640365600586 0
6100 True 1 0.009555578231811523 0
6200 True 1 0.008913040161132812 0
6300 True 1 0.009218215942382812 0
6400 True 0 0.006589412689208984 0
6500 True 1 0.009240150451660156 0
6600 True 1 0.00920248031616211 0
6700 True 1 0.009456634521484375 0
6800 True 1 0.010181188583374023 0
6900 True 1 0.009110450744628906 0
7000 True 1 0.009206771850585938 0
7100 True 1 0.009044408798217773 0
7200 True 1 0.009345769882202148 0
7300 True 1 0.009267330169677734 0
7400 True 1 0.00932765007019043 0
7500 True 1 0.0113983154296875 0
7600 True 1 0.009225606918334961 0
7700 True 1 0.009363651275634766 0
7800 True 1 0.009563922882080078 0
7900 True 1 0.009387493133544922 0
8000 True 1 0.010500907897949219 0
8100 True 1 0.010069847106933594 0
8200 True 1 0.009529352188110352 0
8300 True 1 0.009277582168579102 0
8400 True 1 0.009344100952148438 0
8500 True 1 0.01150202751159668 0
8600 True 1 0.009607791900634766 0
8700 True 1 0.010223627090454102 0
8800 True 1 0.009387731552124023 0
8900 True 1 0.009222984313964844 0
9000 True 1 0.009762287139892578 0
9100 True 1 0.009528875350952148 0
9200 True 1 0.00934147834777832 0
9300 True 1 0.009571313858032227 0
9400 True 1 0.009470462799072266 0
9500 True 1 0.00922703742980957 0
9600 True 1 0.009546995162963867 0
9700 True 0 0.0068585872650146484 0
9800 True 1 0.009437084197998047 0
9900 True 1 0.009810686111450195 0
