0 True 0 0.0066432952880859375 0
100 True 0 0.006382465362548828 0
200 True 0 0.006275177001953125 0
300 True 0 0.006741762161254883 0
400 True 0 0.006191730499267578 0
500 True 0 0.006351947784423828 0
600 True 0 0.0067882537841796875 0
700 True 0 0.006383419036865234 0
800 True 0 0.006180763244628906 0
900 True 0 0.006310462951660156 0
1000 True 0 0.006426572799682617 0
1100 True 0 0.006707191467285156 0
1200 True 0 0.0065119266510009766 0
1300 True 0 0.0067331790924072266 0
1400 True 0 0.0063211917877197266 0
1500 True 0 0.006270170211791992 0
1600 True 0 0.006361484527587891 0
1700 True 0 0.006200551986694336 0
1800 True 0 0.00624394416809082 0
1900 True 0 0.006669044494628906 0
2000 True 0 0.00627899169921875 0
2100 True 0 0.006242513656616211 0
2200 True 0 0.006178140640258789 0
2300 True 0 0.0061604976654052734 0
2400 True 0 0.0064046382904052734 0
2500 True 0 0.006430149078369141 0
2600 True 0 0.006326198577880859 0
2700 True 0 0.006451845169067383 0
2800 True 0 0.0062558650970458984 0
2900 True 0 0.006386280059814453 0
3000 True 0 0.006463527679443359 0
3100 True 0 0.006353616714477539 0
3200 True 0 0.006058931350708008 0
3300 True 0 0.006078958511352539 0
3400 True 0 0.006396770477294922 0
3500 True 0 0.0065233707427978516 0
3600 True 0 0.00627446174621582 0
3700 True 0 0.006256580352783203 0
3800 True 0 0.006316423416137695 0
3900 True 0 0.006315946578979492 0
4000 True 0 0.006243467330932617 0
4100 True 0 0.006191253662109375 0
4200 True 0 0.00620579719543457 0
4300 True 0 0.006626605987548828 0
4400 True 0 0.0067598819732666016 0
4500 True 0 0.006616353988647461 0
4600 True 0 0.0066339969635009766 0
4700 True 0 0.006512880325317383 0
4800 True 0 0.0062410831451416016 0
4900 True 0 0.0062713623046875 0
5000 True 0 0.006367683410644531 0
5100 True 0 0.0064775943756103516 0
5200 True 0 0.006696939468383789 0
5300 True 0 0.0068705081939697266 0
5400 True 0 0.006569385528564453 0
5500 True 0 0.00638127326965332 0
5600 True 0 0.006154298782348633 0
5700 True 0 0.006303548812866211 0
5800 True 0 0.006096839904785156 0
5900 True 0 0.0063059329986572266 0
6000 True 0 0.006552934646606445 0
6100 True 0 0.006330966949462891 0
6200 True 0 0.006411314010620117 0
6300 True 0 0.0061719417572021484 0
6400 True 0 0.006266117095947266 0
6500 True 0 0.006025075912475586 0
6600 True 0 0.006112575531005859 0
6700 True 0 0.0063169002532958984 0
6800 True 0 0.006288766860961914 0
6900 True 0 0.006897926330566406 0
7000 True 0 0.00624847412109375 0
7100 True 0 0.006336212158203125 0
7200 True 0 0.006394147872924805 0
7300 True 0 0.006106376647949219 0
7400 True 0 0.006643056869506836 0
7500 True 0 0.006272554397583008 0
7600 True 0 0.006546974182128906 0
7700 True 0 0.0063626766204833984 0
7800 True 0 0.006206035614013672 0
7900 True 0 0.006249904632568359 0
8000 True 0 0.0064775943756103516 0
8100 True 0 0.006308555603027344 0
8200 True 0 0.0063397884368896484 0
8300 True 0 0.006340503692626953 0
8400 True 0 0.006463527679443359 0
8500 True 0 0.0064067840576171875 0
8600 True 0 0.006264209747314453 0
8700 True 0 0.006422519683837891 0
8800 True 0 0.006211042404174805 0
8900 True 0 0.00597381591796875 0
9000 True 0 0.006159782409667969 0
9100 True 0 0.0067522525787353516 0
9200 True 0 0.006720304489135742 0
9300 True 0 0.006650447845458984 0
9400 True 0 0.006493330001831055 0
9500 True 0 0.006170988082885742 0
9600 True 0 0.006177186965942383 0
9700 True 0 0.005971431732177734 0
9800 True 0 0.005947589874267578 0
9900 True 0 0.006145954132080078 0
