0 True 0 0.01045083999633789 0
100 True 0 0.008616447448730469 0
200 True 0 0.008745670318603516 0
300 True 0 0.00865316390991211 0
400 True 0 0.00869894027709961 0
500 True 0 0.009622812271118164 0
600 True 0 0.008628606796264648 0
700 True 0 0.008519172668457031 0
800 True 0 0.008495807647705078 0
900 True 0 0.008343219757080078 0
1000 True 0 0.008378028869628906 0
1100 True 0 0.00860738754272461 0
1200 True 0 0.00852346420288086 0
1300 True 0 0.00826120376586914 0
1400 True 0 0.008430719375610352 0
1500 True 0 0.008432626724243164 0
1600 True 0 0.008343696594238281 0
1700 True 0 0.008760690689086914 0
1800 True 0 0.010103225708007812 0
1900 True 0 0.010102033615112305 0
2000 True 0 0.010234594345092773 0
2100 True 0 0.008672475814819336 0
2200 True 0 0.008423566818237305 0
2300 True 0 0.008293867111206055 0
2400 True 0 0.008551836013793945 0
2500 True 0 0.008553028106689453 0
2600 True 0 0.008510589599609375 0
2700 True 0 0.008233785629272461 0
2800 True 0 0.008430719375610352 0
2900 True 0 0.008437156677246094 0
3000 True 0 0.008512258529663086 0
3100 True 0 0.008660078048706055 0
3200 True 0 0.008645296096801758 0
3300 True 0 0.008934259414672852 0
3400 True 0 0.008632898330688477 0
3500 True 0 0.008702278137207031 0
3600 True 0 0.009545564651489258 0
3700 True 0 0.00887751579284668 0
3800 True 0 0.008582353591918945 0
3900 True 0 0.008590459823608398 0
4000 True 0 0.008278131484985352 0
4100 True 0 0.008575677871704102 0
4200 True 0 0.008370161056518555 0
4300 True 0 0.008922100067138672 0
4400 True 0 0.01048421859741211 0
4500 True 0 0.010326385498046875 0
4600 True 0 0.009928464889526367 0
4700 True 0 0.008624553680419922 0
4800 True 0 0.0089569091796875 0
4900 True 0 0.00997471809387207 0
5000 True 0 0.008580684661865234 0
5100 True 0 0.010447025299072266 0
5200 True 0 0.008740663528442383 0
5300 True 0 0.00842738151550293 0
5400 True 0 0.008366584777832031 0
5500 True 0 0.008618831634521484 0
5600 True 0 0.008414030075073242 0
5700 True 0 0.008655548095703125 0
5800 True 0 0.008691072463989258 0
5900 True 0 0.008463621139526367 0
6000 True 0 0.008496284484863281 0
6100 True 0 0.008262395858764648 0
6200 True 0 0.00851750373840332 0
6300 True 0 0.008934974670410156 0
6400 True 0 0.008490324020385742 0
6500 True 0 0.008540153503417969 0
6600 True 0 0.008466958999633789 0
6700 True 0 0.008273839950561523 0
6800 True 0 0.008542537689208984 0
6900 True 0 0.008829832077026367 0
7000 True 0 0.008816719055175781 0
7100 True 0 0.008972883224487305 0
7200 True 0 0.009162664413452148 0
7300 True 0 0.009471893310546875 0
7400 True 0 0.009542703628540039 0
7500 True 0 0.010048151016235352 0
7600 True 0 0.009139537811279297 0
7700 True 0 0.00871133804321289 0
7800 True 0 0.008626699447631836 0
7900 True 0 0.010290145874023438 0
8000 True 0 0.009999275207519531 0
8100 True 0 0.01028752326965332 0
8200 True 0 0.00856924057006836 0
8300 True 0 0.008619070053100586 0
8400 True 0 0.008577108383178711 0
8500 True 0 0.008822917938232422 0
8600 True 0 0.008499860763549805 0
8700 True 0 0.008352994918823242 0
8800 True 0 0.008545637130737305 0
8900 True 0 0.01063394546508789 0
9000 True 0 0.008761405944824219 0
9100 True 0 0.008858680725097656 0
9200 True 0 0.008683919906616211 0
9300 True 0 0.008494853973388672 0
9400 True 0 0.008888483047485352 0
9500 True 0 0.008605718612670898 0
9600 True 0 0.008586406707763672 0
9700 True 0 0.008535623550415039 0
9800 True 0 0.008188009262084961 0
9900 True 0 0.00839090347290039 0
