0 True 0.0 0.05161619186401367 0
100 True 0.0 0.04941987991333008 0
200 True 0.0 0.04934954643249512 0
300 True 0.0 0.051032066345214844 0
400 True 0.0 0.04906749725341797 0
500 True 0.0 0.04905390739440918 0
600 True 0.0 0.051056861877441406 0
700 True 0.0 0.049605369567871094 0
800 True 0.0 0.05156564712524414 0
900 True 0.0 0.04912376403808594 0
1000 True 0.0 0.06204342842102051 0
1100 True 0.0 0.04914045333862305 0
1200 True 0.0 0.04925107955932617 0
1300 True 0.0 0.05080604553222656 0
1400 True 0.0 0.04955148696899414 0
1500 True 0.0 0.0511476993560791 0
1600 True 0.0 0.04912900924682617 0
1700 True 0.0 0.05078434944152832 0
1800 True 0.0 0.0592193603515625 0
1900 True 0.0 0.05075359344482422 0
2000 True 0.0 0.04938006401062012 0
2100 True 0.0 0.0489048957824707 0
2200 True 0.0 0.04922151565551758 0
2300 True 0.0 0.0494844913482666 0
2400 True 0.0 0.04947614669799805 0
2500 True 0.0 0.0509188175201416 0
2600 True 0.0 0.04941105842590332 0
2700 True 0.0 0.05094718933105469 0
2800 True 0.0 0.04909992218017578 0
2900 True 0.0 0.04934406280517578 0
3000 True 0.0 0.051351070404052734 0
3100 True 0.0 0.04983878135681152 0
3200 True 0.0 0.05911898612976074 0
3300 True 0.0 0.049216508865356445 0
3400 True 0.0 0.04913616180419922 0
3500 True 0.0 0.0518033504486084 0
3600 True 0.0 0.04938769340515137 0
3700 True 0.0 0.048924922943115234 0
3800 True 0.0 0.05095863342285156 0
3900 True 0.0 0.04961514472961426 0
4000 True 0.0 0.059667348861694336 0
4100 True 0.0 0.05117607116699219 0
4200 True 0.0 0.05005955696105957 0
4300 True 0.0 0.06184506416320801 0
4400 True 0.0 0.04930758476257324 0
4500 True 0.0 0.05065751075744629 0
4600 True 0.0 0.04993844032287598 0
4700 True 0.0 0.048903465270996094 0
4800 True 0.0 0.050971031188964844 0
4900 True 0.0 0.04890131950378418 0
5000 True 0.0 0.048889875411987305 0
5100 True 0.0 0.05064272880554199 0
5200 True 0.0 0.049050092697143555 0
5300 True 0.0 0.0618128776550293 0
5400 True 0.0 0.049323081970214844 0
5500 True 0.0 0.05124688148498535 0
5600 True 0.0 0.049509525299072266 0
5700 True 0.0 0.05231809616088867 0
5800 True 0.0 0.05029892921447754 0
5900 True 0.0 0.0492703914642334 0
6000 True 0.0 0.04943370819091797 0
6100 True 0.0 0.051169633865356445 0
6200 True 0.0 0.05065441131591797 0
6300 True 0.0 0.0510866641998291 0
6400 True 0.0 0.049137115478515625 0
6500 True 0.0 0.04900693893432617 0
6600 True 0.0 0.05076289176940918 0
6700 True 0.0 0.04925847053527832 0
6800 True 0.0 0.06223797798156738 0
6900 True 0.0 0.04945778846740723 0
7000 True 0.0 0.052155494689941406 0
7100 True 0.0 0.04915666580200195 0
7200 True 0.0 0.04898190498352051 0
7300 True 0.0 0.049160003662109375 0
7400 True 0.0 0.04947018623352051 0
7500 True 0.0 0.06140589714050293 0
7600 True 0.0 0.04955697059631348 0
7700 True 0.0 0.04902172088623047 0
7800 True 0.0 0.05074429512023926 0
7900 True 0.0 0.04956459999084473 0
8000 True 0.0 0.06096482276916504 0
8100 True 0.0 0.04950737953186035 0
8200 True 0.0 0.051309823989868164 0
8300 True 0.0 0.05278801918029785 0
8400 True 0.0 0.06023359298706055 0
8500 True 0.0 0.05141806602478027 0
8600 True 0.0 0.05118155479431152 0
8700 True 0.0 0.050820350646972656 0
8800 True 0.0 0.050962209701538086 0
8900 True 0.0 0.050826072692871094 0
9000 True 0.0 0.05120229721069336 0
9100 True 0.0 0.051085710525512695 0
9200 True 0.0 0.05078125 0
9300 True 0.0 0.049857378005981445 0
9400 True 0.0 0.049483299255371094 0
9500 True 0.0 0.05101776123046875 0
9600 True 0.0 0.04923701286315918 0
9700 True 0.0 0.06092643737792969 0
9800 True 0.0 0.04944753646850586 0
9900 True 0.0 0.059795379638671875 0
