0 True 0.0 0.059987783432006836 0
100 True 0.0 0.049488067626953125 0
200 True 0.0 0.05885577201843262 0
300 True 0.0 0.05244731903076172 0
400 True 0.0 0.05141425132751465 0
500 True 0.0 0.059241533279418945 0
600 True 0.0 0.0492703914642334 0
700 True 0.0 0.05073738098144531 0
800 True 0.0 0.04930448532104492 0
900 True 0.0 0.05066227912902832 0
1000 True 0.0 0.04905200004577637 0
1100 True 0.0 0.0494694709777832 0
1200 True 0.0 0.0506749153137207 0
1300 True 0.0 0.049591064453125 0
1400 True 0.0 0.05951666831970215 0
1500 True 0.0 0.049863338470458984 0
1600 True 0.0 0.05128931999206543 0
1700 True 0.0 0.04941844940185547 0
1800 True 0.0 0.0493624210357666 0
1900 True 0.0 0.049108028411865234 0
2000 True 0.0 0.05106663703918457 0
2100 True 0.0 0.0489048957824707 0
2200 True 0.0 0.04915809631347656 0
2300 True 0.0 0.05070924758911133 0
2400 True 0.0 0.05110359191894531 0
2500 True 0.0 0.05946707725524902 0
2600 True 0.0 0.050649404525756836 0
2700 True 0.0 0.04969644546508789 0
2800 True 0.0 0.04894375801086426 0
2900 True 0.0 0.05080676078796387 0
3000 True 0.0 0.05018353462219238 0
3100 True 0.0 0.04935145378112793 0
3200 True 0.0 0.059015750885009766 0
3300 True 0.0 0.04909849166870117 0
3400 True 0.0 0.04924798011779785 0
3500 True 0.0 0.05071115493774414 0
3600 True 0.0 0.04918360710144043 0
3700 True 0.0 0.049326419830322266 0
3800 True 0.0 0.04898643493652344 0
3900 True 0.0 0.04903721809387207 0
4000 True 0.0 0.04905891418457031 0
4100 True 0.0 0.05122494697570801 0
4200 True 0.0 0.049086570739746094 0
4300 True 0.0 0.04879450798034668 0
4400 True 0.0 0.05140972137451172 0
4500 True 0.0 0.0603642463684082 0
4600 True 0.0 0.05064964294433594 0
4700 True 0.0 0.0505826473236084 0
4800 True 0.0 0.04984927177429199 0
4900 True 0.0 0.04961228370666504 0
5000 True 0.0 0.05095934867858887 0
5100 True 0.0 0.04950380325317383 0
5200 True 0.0 0.050283193588256836 0
5300 True 0.0 0.04963850975036621 0
5400 True 0.0 0.05129289627075195 0
5500 True 0.0 0.05934858322143555 0
5600 True 0.0 0.04939723014831543 0
5700 True 0.0 0.060810089111328125 0
5800 True 0.0 0.04999518394470215 0
5900 True 0.0 0.0599820613861084 0
6000 True 0.0 0.06003856658935547 0
6100 True 0.0 0.0504915714263916 0
6200 True 0.0 0.059569597244262695 0
6300 True 0.0 0.05991363525390625 0
6400 True 0.0 0.059555768966674805 0
6500 True 0.0 0.05086350440979004 0
6600 True 0.0 0.0508730411529541 0
6700 True 0.0 0.05123424530029297 0
6800 True 0.0 0.05131840705871582 0
6900 True 0.0 0.051041603088378906 0
7000 True 0.0 0.06276178359985352 0
7100 True 0.0 0.04945015907287598 0
7200 True 0.0 0.04909062385559082 0
7300 True 0.0 0.05173778533935547 0
7400 True 0.0 0.04974699020385742 0
7500 True 0.0 0.05266904830932617 0
7600 True 0.0 0.04916548728942871 0
7700 True 0.0 0.04929018020629883 0
7800 True 0.0 0.04954242706298828 0
7900 True 0.0 0.06210017204284668 0
8000 True 0.0 0.049210548400878906 0
8100 True 0.0 0.049027204513549805 0
8200 True 0.0 0.049033164978027344 0
8300 True 0.0 0.049224138259887695 0
8400 True 0.0 0.04938149452209473 0
8500 True 0.0 0.061105966567993164 0
8600 True 0.0 0.04913973808288574 0
8700 True 0.0 0.04889178276062012 0
8800 True 0.0 0.04891824722290039 0
8900 True 0.0 0.05093884468078613 0
9000 True 0.0 0.04892444610595703 0
9100 True 0.0 0.048896074295043945 0
9200 True 0.0 0.05069470405578613 0
9300 True 0.0 0.04979252815246582 0
9400 True 0.0 0.0585637092590332 0
9500 True 0.0 0.05043339729309082 0
9600 True 0.0 0.04993844032287598 0
9700 True 0.0 0.05037236213684082 0
9800 True 0.0 0.04931783676147461 0
9900 True 0.0 0.04907655715942383 0
