0 True 1 0.01155233383178711 0
100 True 1 0.011649847030639648 0
200 True 1 0.011358976364135742 0
300 True 1 0.01161050796508789 0
400 True 1 0.01105356216430664 0
500 True 1 0.011240005493164062 0
600 True 1 0.011676311492919922 0
700 True 1 0.011421680450439453 0
800 True 1 0.012117147445678711 0
900 False 0 0.0 0
1000 True 1 0.010975360870361328 0
1100 True 1 0.011412620544433594 0
1200 True 0 0.010864019393920898 0
1300 True 1 0.011573553085327148 0
1400 True 1 0.010960102081298828 0
1500 True 0 0.00883626937866211 0
1600 True 0 0.009764671325683594 0
1700 True 1 0.011510610580444336 0
1800 True 1 0.011497020721435547 0
1900 True 0 0.00898885726928711 0
2000 True 1 0.011678695678710938 0
2100 True 1 0.011602401733398438 0
2200 True 1 0.011560440063476562 0
2300 True 1 0.011476755142211914 0
2400 True 1 0.011475563049316406 0
2500 True 1 0.011390924453735352 0
2600 True 1 0.01114344596862793 0
2700 True 1 0.011216878890991211 0
2800 True 1 0.011656045913696289 0
2900 True 1 0.010988473892211914 0
3000 True 1 0.01221609115600586 0
3100 True 1 0.012149572372436523 0
3200 True 1 0.012221574783325195 0
3300 True 1 0.014327049255371094 0
3400 True 1 0.011295080184936523 0
3500 True 1 0.011240482330322266 0
3600 True 1 0.011421918869018555 0
3700 True 1 0.011261224746704102 0
3800 True 1 0.011844873428344727 0
3900 True 1 0.011292219161987305 0
4000 True 1 0.011236906051635742 0
4100 True 1 0.011116266250610352 0
4200 True 1 0.011656045913696289 0
4300 True 0 0.011169672012329102 0
4400 True 0 0.009403705596923828 0
4500 False 0 0.0 0
4600 True 1 0.01138615608215332 0
4700 True 1 0.011378765106201172 0
4800 True 1 0.01141667366027832 0
4900 True 1 0.011525869369506836 0
5000 True 1 0.011631965637207031 0
5100 True 1 0.01183462142944336 0
5200 True 1 0.011667251586914062 0
5300 True 1 0.011495590209960938 0
5400 True 1 0.012151718139648438 0
5500 True 1 0.011577367782592773 0
5600 True 1 0.011518239974975586 0
5700 True 1 0.011543035507202148 0
5800 True 1 0.011546611785888672 0
5900 True 1 0.011476993560791016 0
6000 True 1 0.011403083801269531 0
6100 True 1 0.011735677719116211 0
6200 True 1 0.011827468872070312 0
6300 True 1 0.01139211654663086 0
6400 True 0 0.00980520248413086 0
6500 True 1 0.011516809463500977 0
6600 True 1 0.011802911758422852 0
6700 True 0 0.010037422180175781 0
6800 True 1 0.011401891708374023 0
6900 True 1 0.01143789291381836 0
7000 True 1 0.011530876159667969 0
7100 True 1 0.012212514877319336 0
7200 True 1 0.01186680793762207 0
7300 True 1 0.011783838272094727 0
7400 True 1 0.011477470397949219 0
7500 True 1 0.011555910110473633 0
7600 True 1 0.01144099235534668 0
7700 True 1 0.011501789093017578 0
7800 True 1 0.01154327392578125 0
7900 True 1 0.011477470397949219 0
8000 True 1 0.011317968368530273 0
8100 True 1 0.011501550674438477 0
8200 True 1 0.011479377746582031 0
8300 True 1 0.011497974395751953 0
8400 True 1 0.01145315170288086 0
8500 True 1 0.011420726776123047 0
8600 True 1 0.011473655700683594 0
8700 True 1 0.011477470397949219 0
8800 True 1 0.011257171630859375 0
8900 True 1 0.011392593383789062 0
9000 True 1 0.011464595794677734 0
9100 True 1 0.011661767959594727 0
9200 True 1 0.012102603912353516 0
9300 True 1 0.011728525161743164 0
9400 True 1 0.011625289916992188 0
9500 True 1 0.011580467224121094 0
9600 True 1 0.012015104293823242 0
9700 True 0 0.010318994522094727 0
9800 True 1 0.011859655380249023 0
9900 True 1 0.011576652526855469 0
