0 True 1 0.011415243148803711 0
100 True 1 0.012040376663208008 0
200 True 1 0.013646841049194336 0
300 True 1 0.011806726455688477 0
400 True 1 0.011372566223144531 0
500 True 1 0.01116800308227539 0
600 True 1 0.011288642883300781 0
700 True 1 0.011338233947753906 0
800 True 1 0.0120391845703125 0
900 True 0 0.011227846145629883 0
1000 True 1 0.011153459548950195 0
1100 True 1 0.011023521423339844 0
1200 True 1 0.01169276237487793 0
1300 True 1 0.011456966400146484 0
1400 True 1 0.011470556259155273 0
1500 True 0 0.009838581085205078 0
1600 True 0 0.010039091110229492 0
1700 True 1 0.01147007942199707 0
1800 True 1 0.011403799057006836 0
1900 True 0 0.009086132049560547 0
2000 True 1 0.011456966400146484 0
2100 True 1 0.01140451431274414 0
2200 True 1 0.011385202407836914 0
2300 True 1 0.011099576950073242 0
2400 True 1 0.011190652847290039 0
2500 True 1 0.011068582534790039 0
2600 True 1 0.011533737182617188 0
2700 True 1 0.011374473571777344 0
2800 True 1 0.011839866638183594 0
2900 True 1 0.01157069206237793 0
3000 True 1 0.011829137802124023 0
3100 True 1 0.011919260025024414 0
3200 True 1 0.011751651763916016 0
3300 True 1 0.011518001556396484 0
3400 True 1 0.011596918106079102 0
3500 True 1 0.011458158493041992 0
3600 True 1 0.01141214370727539 0
3700 True 1 0.011400938034057617 0
3800 True 1 0.011412382125854492 0
3900 True 1 0.011416196823120117 0
4000 True 1 0.010999917984008789 0
4100 True 0 0.009428024291992188 0
4200 True 1 0.01111459732055664 0
4300 True 1 0.011470794677734375 0
4400 True 0 0.008640527725219727 0
4500 True 0 0.0090789794921875 0
4600 True 1 0.01222848892211914 0
4700 True 1 0.011870861053466797 0
4800 True 1 0.011570215225219727 0
4900 True 1 0.011146783828735352 0
5000 True 1 0.011344194412231445 0
5100 True 1 0.011461019515991211 0
5200 True 1 0.011525392532348633 0
5300 True 1 0.011421442031860352 0
5400 True 1 0.011374473571777344 0
5500 True 1 0.011143684387207031 0
5600 True 1 0.011490106582641602 0
5700 True 1 0.011415719985961914 0
5800 True 1 0.012117624282836914 0
5900 True 1 0.011509895324707031 0
6000 True 1 0.01122140884399414 0
6100 True 1 0.011435508728027344 0
6200 True 1 0.011900901794433594 0
6300 True 1 0.011615276336669922 0
6400 True 0 0.009800434112548828 0
6500 True 1 0.011646509170532227 0
6600 True 0 0.009696245193481445 0
6700 True 1 0.011632204055786133 0
6800 True 1 0.010950803756713867 0
6900 True 1 0.011029720306396484 0
7000 True 1 0.01128077507019043 0
7100 True 1 0.01172494888305664 0
7200 True 1 0.011426448822021484 0
7300 True 1 0.011574506759643555 0
7400 True 1 0.011389493942260742 0
7500 True 1 0.011301755905151367 0
7600 True 1 0.011179447174072266 0
7700 True 1 0.01119375228881836 0
7800 True 1 0.011252403259277344 0
7900 True 1 0.011476516723632812 0
8000 True 1 0.011243820190429688 0
8100 True 1 0.011240243911743164 0
8200 True 1 0.011368274688720703 0
8300 True 1 0.011348247528076172 0
8400 True 1 0.01146841049194336 0
8500 True 1 0.01173710823059082 0
8600 True 1 0.011510133743286133 0
8700 True 1 0.011353015899658203 0
8800 True 1 0.011330366134643555 0
8900 True 1 0.011689424514770508 0
9000 True 1 0.011627197265625 0
9100 True 1 0.011588096618652344 0
9200 True 1 0.011942625045776367 0
9300 True 1 0.01165151596069336 0
9400 True 1 0.011506080627441406 0
9500 True 1 0.011211633682250977 0
9600 True 1 0.01157379150390625 0
9700 True 0 0.008993387222290039 0
9800 True 1 0.011371135711669922 0
9900 True 1 0.011137723922729492 0
