0 True 0.3125 0.05720162391662598 0
100 True 0.3125 0.05554962158203125 0
200 True 0.3046875 0.0625300407409668 0
300 True 0.3046875 0.06101799011230469 0
400 True 0.3046875 0.060646772384643555 0
500 True 0.3125 0.05543851852416992 0
600 True 0.3125 0.05596327781677246 0
700 True 0.3046875 0.060922861099243164 0
800 True 0.3046875 0.06225132942199707 0
900 False 0.0 0.0 0
1000 True 0.3046875 0.061728715896606445 0
1100 True 0.3046875 0.06577587127685547 0
1200 True 0.171875 0.0770113468170166 0
1300 True 0.3125 0.05660581588745117 0
1400 True 0.3046875 0.06341218948364258 0
1500 True 0.109375 0.060332298278808594 0
1600 True 0.2578125 0.060311317443847656 0
1700 True 0.3125 0.058620452880859375 0
1800 True 0.296875 0.06257247924804688 0
1900 True 0.2578125 0.05858325958251953 0
2000 True 0.296875 0.05910897254943848 0
2100 True 0.3125 0.05469202995300293 0
2200 True 0.3046875 0.06055569648742676 0
2300 True 0.3046875 0.06271171569824219 0
2400 True 0.3125 0.056984663009643555 0
2500 True 0.3046875 0.060350894927978516 0
2600 True 0.3125 0.05731558799743652 0
2700 True 0.3125 0.05804872512817383 0
2800 True 0.3046875 0.0758364200592041 0
2900 True 0.3046875 0.06063985824584961 0
3000 True 0.3046875 0.06269097328186035 0
3100 True 0.3046875 0.061339378356933594 0
3200 True 0.3046875 0.06223487854003906 0
3300 True 0.3125 0.054705142974853516 0
3400 True 0.3125 0.05592513084411621 0
3500 True 0.3125 0.057003021240234375 0
3600 True 0.3125 0.055962562561035156 0
3700 True 0.3125 0.05585885047912598 0
3800 True 0.3125 0.05562305450439453 0
3900 True 0.3046875 0.06404471397399902 0
4000 True 0.3046875 0.06346011161804199 0
4100 True 0.296875 0.07091832160949707 0
4200 True 0.3125 0.05713677406311035 0
4300 True 0.21875 0.06675195693969727 0
4400 True 0.2421875 0.06654620170593262 0
4500 False 0.0 0.0 0
4600 True 0.3125 0.05511021614074707 0
4700 True 0.3046875 0.0634603500366211 0
4800 True 0.3125 0.055866241455078125 0
4900 True 0.3125 0.05539584159851074 0
5000 True 0.3125 0.05528092384338379 0
5100 True 0.3046875 0.06190371513366699 0
5200 True 0.3125 0.05714273452758789 0
5300 True 0.3125 0.05540132522583008 0
5400 True 0.3125 0.05547022819519043 0
5500 True 0.3125 0.05788612365722656 0
5600 True 0.296875 0.06092357635498047 0
5700 True 0.3125 0.0556948184967041 0
5800 True 0.3125 0.058151960372924805 0
5900 True 0.3125 0.05870246887207031 0
6000 True 0.3046875 0.06273031234741211 0
6100 True 0.3125 0.05521440505981445 0
6200 True 0.3125 0.05745220184326172 0
6300 True 0.3125 0.06645679473876953 0
6400 True 0.0859375 0.061003923416137695 0
6500 True 0.3125 0.055251121520996094 0
6600 True 0.3046875 0.06114768981933594 0
6700 True 0.2890625 0.05938363075256348 0
6800 True 0.3046875 0.06302452087402344 0
6900 True 0.3046875 0.06418943405151367 0
7000 True 0.3125 0.05521535873413086 0
7100 True 0.3046875 0.06066632270812988 0
7200 True 0.3046875 0.060564279556274414 0
7300 True 0.3125 0.055130720138549805 0
7400 True 0.3046875 0.0630040168762207 0
7500 True 0.3125 0.06650447845458984 0
7600 True 0.3125 0.05558896064758301 0
7700 True 0.3125 0.05580592155456543 0
7800 True 0.3046875 0.0603175163269043 0
7900 True 0.3046875 0.060861825942993164 0
8000 True 0.3046875 0.06057548522949219 0
8100 True 0.3125 0.05565476417541504 0
8200 True 0.3125 0.05955934524536133 0
8300 True 0.3125 0.05633044242858887 0
8400 True 0.3125 0.05596733093261719 0
8500 True 0.3125 0.061550140380859375 0
8600 True 0.3125 0.05765843391418457 0
8700 True 0.3125 0.055872440338134766 0
8800 True 0.3125 0.057053565979003906 0
8900 True 0.3046875 0.06629824638366699 0
9000 True 0.3125 0.05903935432434082 0
9100 True 0.3125 0.06122326850891113 0
9200 True 0.3125 0.05793166160583496 0
9300 True 0.3125 0.057753801345825195 0
9400 True 0.3046875 0.06256437301635742 0
9500 True 0.296875 0.06149482727050781 0
9600 True 0.3046875 0.06285595893859863 0
9700 True 0.1640625 0.06641459465026855 0
9800 True 0.3046875 0.06227278709411621 0
9900 True 0.3125 0.05745983123779297 0
