0 True 0 0.0095367431640625 0
100 True 0 0.009318113327026367 0
200 True 0 0.008772134780883789 0
300 True 0 0.009175300598144531 0
400 True 0 0.009231090545654297 0
500 True 0 0.009040355682373047 0
600 True 0 0.008413553237915039 0
700 True 0 0.008356332778930664 0
800 True 0 0.008605718612670898 0
900 True 0 0.008364439010620117 0
1000 True 0 0.00841379165649414 0
1100 True 0 0.008310079574584961 0
1200 True 0 0.00840306282043457 0
1300 True 0 0.008841991424560547 0
1400 True 0 0.008389711380004883 0
1500 True 0 0.008562803268432617 0
1600 True 0 0.00830698013305664 0
1700 True 0 0.008460760116577148 0
1800 True 0 0.008918285369873047 0
1900 True 0 0.008509397506713867 0
2000 True 0 0.008587360382080078 0
2100 True 0 0.008395671844482422 0
2200 True 0 0.00853109359741211 0
2300 True 0 0.008801698684692383 0
2400 True 0 0.008667707443237305 0
2500 True 0 0.0086822509765625 0
2600 True 0 0.00878453254699707 0
2700 True 0 0.009130716323852539 0
2800 True 0 0.008894205093383789 0
2900 True 0 0.009150981903076172 0
3000 True 0 0.009584665298461914 0
3100 True 0 0.009063243865966797 0
3200 True 0 0.009134531021118164 0
3300 True 0 0.008748054504394531 0
3400 True 0 0.008754491806030273 0
3500 True 0 0.008552312850952148 0
3600 True 0 0.008912801742553711 0
3700 True 0 0.008666276931762695 0
3800 True 0 0.008918285369873047 0
3900 True 0 0.009036540985107422 0
4000 True 0 0.008585929870605469 0
4100 True 0 0.008610725402832031 0
4200 True 0 0.00847005844116211 0
4300 True 0 0.008847951889038086 0
4400 True 0 0.008615970611572266 0
4500 True 0 0.008453845977783203 0
4600 True 0 0.008439779281616211 0
4700 True 0 0.008512735366821289 0
4800 True 0 0.008574962615966797 0
4900 True 0 0.008373737335205078 0
5000 True 0 0.008663654327392578 0
5100 True 0 0.008496761322021484 0
5200 True 0 0.008603096008300781 0
5300 True 0 0.00842595100402832 0
5400 True 0 0.008272647857666016 0
5500 True 0 0.00836181640625 0
5600 True 0 0.008310079574584961 0
5700 True 0 0.00873422622680664 0
5800 True 0 0.010985374450683594 0
5900 True 0 0.009115457534790039 0
6000 True 0 0.008614778518676758 0
6100 True 0 0.008357524871826172 0
6200 True 0 0.008545637130737305 0
6300 True 0 0.010266780853271484 0
6400 True 0 0.009154558181762695 0
6500 True 0 0.008552074432373047 0
6600 True 0 0.008705854415893555 0
6700 True 0 0.008300065994262695 0
6800 True 0 0.008414030075073242 0
6900 True 0 0.008672952651977539 0
7000 True 0 0.008682966232299805 0
7100 True 0 0.00885772705078125 0
7200 True 0 0.00864553451538086 0
7300 True 0 0.010219335556030273 0
7400 True 0 0.010218143463134766 0
7500 True 0 0.008778095245361328 0
7600 True 0 0.008417844772338867 0
7700 True 0 0.009685754776000977 0
7800 True 0 0.01020359992980957 0
7900 True 0 0.008299112319946289 0
8000 True 0 0.008391141891479492 0
8100 True 0 0.008487939834594727 0
8200 True 0 0.008852005004882812 0
8300 True 0 0.00832509994506836 0
8400 True 0 0.008433341979980469 0
8500 True 0 0.00872492790222168 0
8600 True 0 0.00839090347290039 0
8700 True 0 0.008346080780029297 0
8800 True 0 0.008544206619262695 0
8900 True 0 0.008630752563476562 0
9000 True 0 0.008512258529663086 0
9100 True 0 0.00835871696472168 0
9200 True 0 0.008728742599487305 0
9300 True 0 0.010398387908935547 0
9400 True 0 0.009025335311889648 0
9500 True 0 0.008802652359008789 0
9600 True 0 0.008578062057495117 0
9700 True 0 0.01048421859741211 0
9800 True 0 0.008856773376464844 0
9900 True 0 0.009004354476928711 0
