0 True 1 0.008635759353637695 0
100 True 0 0.006018877029418945 0
200 False 0 0.0 0
300 False 0 0.0 0
400 False 0 0.0 0
500 False 0 0.0 0
600 False 0 0.0 0
700 True 1 0.008987188339233398 0
800 True 1 0.009067296981811523 0
900 True 1 0.009615182876586914 0
1000 False 0 0.0 0
1100 True 1 0.00877070426940918 0
1200 True 0 0.005720615386962891 0
1300 False 0 0.0 0
1400 False 0 0.0 0
1500 False 0 0.0 0
1600 False 0 0.0 0
1700 True 1 0.008947372436523438 0
1800 False 0 0.0 0
1900 False 0 0.0 0
2000 False 0 0.0 0
2100 False 0 0.0 0
2200 False 0 0.0 0
2300 False 0 0.0 0
2400 False 0 0.0 0
2500 False 0 0.0 0
2600 True 1 0.008737325668334961 0
2700 True 1 0.008542776107788086 0
2800 False 0 0.0 0
2900 False 0 0.0 0
3000 True 0 0.005496978759765625 0
3100 False 0 0.0 0
3200 False 0 0.0 0
3300 False 0 0.0 0
3400 True 1 0.009123802185058594 0
3500 False 0 0.0 0
3600 False 0 0.0 0
3700 False 0 0.0 0
3800 False 0 0.0 0
3900 True 1 0.011683225631713867 0
4000 False 0 0.0 0
4100 False 0 0.0 0
4200 True 1 0.008852243423461914 0
4300 False 0 0.0 0
4400 False 0 0.0 0
4500 False 0 0.0 0
4600 False 0 0.0 0
4700 False 0 0.0 0
4800 True 1 0.011282920837402344 0
4900 False 0 0.0 0
5000 False 0 0.0 0
5100 False 0 0.0 0
5200 False 0 0.0 0
5300 False 0 0.0 0
5400 False 0 0.0 0
5500 False 0 0.0 0
5600 True 1 0.011147022247314453 0
5700 False 0 0.0 0
5800 False 0 0.0 0
5900 False 0 0.0 0
6000 False 0 0.0 0
6100 False 0 0.0 0
6200 False 0 0.0 0
6300 False 0 0.0 0
6400 True 1 0.008692264556884766 0
6500 False 0 0.0 0
6600 False 0 0.0 0
6700 False 0 0.0 0
6800 False 0 0.0 0
6900 True 0 0.006288290023803711 0
7000 True 1 0.00890040397644043 0
7100 False 0 0.0 0
7200 False 0 0.0 0
7300 True 1 0.008682489395141602 0
7400 False 0 0.0 0
7500 False 0 0.0 0
7600 True 1 0.008504390716552734 0
7700 False 0 0.0 0
7800 False 0 0.0 0
7900 False 0 0.0 0
8000 False 0 0.0 0
8100 True 1 0.008690357208251953 0
8200 True 1 0.008848428726196289 0
8300 False 0 0.0 0
8400 False 0 0.0 0
8500 False 0 0.0 0
8600 True 1 0.009690999984741211 0
8700 False 0 0.0 0
8800 False 0 0.0 0
8900 False 0 0.0 0
9000 True 1 0.009083271026611328 0
9100 False 0 0.0 0
9200 True 1 0.008924484252929688 0
9300 False 0 0.0 0
9400 False 0 0.0 0
9500 False 0 0.0 0
9600 False 0 0.0 0
9700 False 0 0.0 0
9800 True 0 0.007870912551879883 0
9900 True 0 0.0062825679779052734 0
