0 True 1 0.008694171905517578 0
100 True 1 0.008814573287963867 0
200 True 1 0.009196758270263672 0
300 True 0 0.006578922271728516 0
400 True 1 0.009609460830688477 0
500 True 1 0.008945226669311523 0
600 True 1 0.00844883918762207 0
700 True 1 0.00842905044555664 0
800 True 1 0.00882101058959961 0
900 False 0 0.0 0
1000 True 1 0.008783817291259766 0
1100 True 1 0.008586406707763672 0
1200 True 0 0.005734920501708984 0
1300 True 1 0.009097814559936523 0
1400 True 1 0.008816003799438477 0
1500 False 0 0.0 0
1600 True 0 0.007367610931396484 0
1700 True 1 0.00893092155456543 0
1800 True 0 0.005922555923461914 0
1900 True 0 0.00629734992980957 0
2000 True 1 0.009550809860229492 0
2100 True 1 0.009473800659179688 0
2200 True 1 0.01003718376159668 0
2300 True 0 0.0072460174560546875 0
2400 True 1 0.01266789436340332 0
2500 True 1 0.010442972183227539 0
2600 True 1 0.00939178466796875 0
2700 True 1 0.008802413940429688 0
2800 True 0 0.007170677185058594 0
2900 True 1 0.008540153503417969 0
3000 True 1 0.009215354919433594 0
3100 True 1 0.008777856826782227 0
3200 True 1 0.008814573287963867 0
3300 True 1 0.008745670318603516 0
3400 True 1 0.008795499801635742 0
3500 True 1 0.008861780166625977 0
3600 True 1 0.008756160736083984 0
3700 True 1 0.008651971817016602 0
3800 True 1 0.008575677871704102 0
3900 True 1 0.008567571640014648 0
4000 True 0 0.007585287094116211 0
4100 True 1 0.008701086044311523 0
4200 True 1 0.008330821990966797 0
4300 True 0 0.006071567535400391 0
4400 True 0 0.0061185359954833984 0
4500 False 0 0.0 0
4600 True 1 0.011359453201293945 0
4700 True 1 0.008747577667236328 0
4800 True 1 0.009133338928222656 0
4900 True 1 0.009000301361083984 0
5000 True 1 0.009588479995727539 0
5100 True 1 0.009084463119506836 0
5200 True 1 0.008776187896728516 0
5300 True 1 0.008867502212524414 0
5400 True 1 0.008552789688110352 0
5500 True 1 0.00884389877319336 0
5600 True 1 0.008817672729492188 0
5700 True 1 0.00837087631225586 0
5800 True 1 0.008428573608398438 0
5900 True 1 0.00861501693725586 0
6000 True 1 0.008365631103515625 0
6100 True 1 0.008429527282714844 0
6200 True 1 0.008380651473999023 0
6300 True 1 0.008384466171264648 0
6400 True 0 0.007890939712524414 0
6500 True 1 0.008739471435546875 0
6600 True 0 0.00695347785949707 0
6700 True 0 0.0077211856842041016 0
6800 True 1 0.008467912673950195 0
6900 True 1 0.008466243743896484 0
7000 True 1 0.008464813232421875 0
7100 True 1 0.009023666381835938 0
7200 True 0 0.0065190792083740234 0
7300 True 1 0.008474111557006836 0
7400 True 1 0.009291887283325195 0
7500 True 1 0.009209871292114258 0
7600 True 1 0.009235620498657227 0
7700 True 1 0.008658647537231445 0
7800 False 0 0.0 0
7900 True 1 0.009138345718383789 0
8000 True 1 0.011071443557739258 0
8100 True 1 0.009080886840820312 0
8200 True 1 0.008561372756958008 0
8300 True 1 0.008414268493652344 0
8400 True 1 0.008673906326293945 0
8500 True 1 0.008486509323120117 0
8600 True 1 0.008768558502197266 0
8700 True 1 0.008433103561401367 0
8800 True 1 0.009155750274658203 0
8900 True 1 0.008367061614990234 0
9000 True 1 0.008803129196166992 0
9100 True 1 0.008642911911010742 0
9200 True 1 0.00872492790222168 0
9300 True 1 0.009182929992675781 0
9400 True 0 0.007322788238525391 0
9500 True 1 0.009282350540161133 0
9600 True 1 0.009216785430908203 0
9700 True 0 0.006066799163818359 0
9800 True 1 0.008787393569946289 0
9900 True 1 0.008728265762329102 0
