0 True 0.15625 0.041347503662109375 0
100 True 0.125 0.04864025115966797 0
200 True 0.2109375 0.04441714286804199 0
300 True 0.0546875 0.04186058044433594 0
400 True 0.1328125 0.04010272026062012 0
500 True 0.21875 0.04568290710449219 0
600 True 0.1484375 0.042272090911865234 0
700 True 0.140625 0.04090285301208496 0
800 True 0.203125 0.04663705825805664 0
900 False 0.0 0.0 0
1000 True 0.125 0.03880739212036133 0
1100 True 0.1796875 0.04610395431518555 0
1200 True 0.0859375 0.04338407516479492 0
1300 True 0.140625 0.0411984920501709 0
1400 True 0.1640625 0.04735112190246582 0
1500 False 0.0 0.0 0
1600 True 0.0859375 0.04523825645446777 0
1700 True 0.1484375 0.04581642150878906 0
1800 True 0.015625 0.04497194290161133 0
1900 True 0.03125 0.03687572479248047 0
2000 True 0.1171875 0.0447695255279541 0
2100 True 0.1328125 0.0443727970123291 0
2200 True 0.1328125 0.04220700263977051 0
2300 True 0.078125 0.04162311553955078 0
2400 True 0.109375 0.04568171501159668 0
2500 True 0.125 0.04111146926879883 0
2600 True 0.2265625 0.04907703399658203 0
2700 True 0.125 0.03956866264343262 0
2800 True 0.0859375 0.04447507858276367 0
2900 True 0.125 0.04193902015686035 0
3000 True 0.1328125 0.04365038871765137 0
3100 True 0.1015625 0.045459747314453125 0
3200 True 0.1953125 0.045623779296875 0
3300 True 0.1328125 0.04163336753845215 0
3400 True 0.171875 0.04409003257751465 0
3500 True 0.1875 0.041817665100097656 0
3600 True 0.125 0.043433189392089844 0
3700 True 0.1640625 0.0507204532623291 0
3800 True 0.1328125 0.03999972343444824 0
3900 True 0.140625 0.05435538291931152 0
4000 True 0.0546875 0.04657697677612305 0
4100 True 0.1328125 0.040038347244262695 0
4200 True 0.125 0.040453433990478516 0
4300 True 0.015625 0.04119110107421875 0
4400 True 0.046875 0.04396772384643555 0
4500 False 0.0 0.0 0
4600 True 0.234375 0.046242475509643555 0
4700 True 0.1796875 0.045420169830322266 0
4800 True 0.171875 0.04291963577270508 0
4900 True 0.125 0.03679084777832031 0
5000 True 0.1640625 0.042357444763183594 0
5100 True 0.1640625 0.04611849784851074 0
5200 True 0.140625 0.0460810661315918 0
5300 True 0.2265625 0.04579305648803711 0
5400 True 0.125 0.036928653717041016 0
5500 True 0.1796875 0.04513883590698242 0
5600 True 0.1015625 0.04687952995300293 0
5700 True 0.1796875 0.04520440101623535 0
5800 True 0.1640625 0.04444003105163574 0
5900 True 0.1796875 0.046686410903930664 0
6000 True 0.140625 0.04625058174133301 0
6100 True 0.1640625 0.04562544822692871 0
6200 True 0.1875 0.04496479034423828 0
6300 True 0.140625 0.04564023017883301 0
6400 True 0.0859375 0.04557466506958008 0
6500 True 0.1796875 0.044217586517333984 0
6600 True 0.0859375 0.0417170524597168 0
6700 True 0.0859375 0.044707298278808594 0
6800 True 0.125 0.03789949417114258 0
6900 True 0.1328125 0.04054832458496094 0
7000 True 0.140625 0.0393524169921875 0
7100 True 0.1953125 0.043943166732788086 0
7200 True 0.0546875 0.046391963958740234 0
7300 True 0.1796875 0.050872802734375 0
7400 True 0.1171875 0.04907584190368652 0
7500 True 0.2109375 0.048831939697265625 0
7600 True 0.1484375 0.04468226432800293 0
7700 True 0.1015625 0.04870867729187012 0
7800 False 0.0 0.0 0
7900 True 0.125 0.0534510612487793 0
8000 True 0.1796875 0.045363664627075195 0
8100 True 0.1640625 0.04645347595214844 0
8200 True 0.1640625 0.04385948181152344 0
8300 True 0.2578125 0.04329538345336914 0
8400 True 0.15625 0.04271078109741211 0
8500 True 0.1953125 0.044035911560058594 0
8600 True 0.1640625 0.045693397521972656 0
8700 True 0.1796875 0.04833722114562988 0
8800 True 0.25 0.037268638610839844 0
8900 True 0.1640625 0.04546761512756348 0
9000 True 0.1640625 0.0486760139465332 0
9100 True 0.2265625 0.04948782920837402 0
9200 True 0.1328125 0.042495012283325195 0
9300 True 0.1796875 0.048131704330444336 0
9400 True 0.0234375 0.04529166221618652 0
9500 True 0.1796875 0.04842805862426758 0
9600 True 0.1640625 0.04515790939331055 0
9700 True 0.046875 0.0430607795715332 0
9800 True 0.140625 0.04329252243041992 0
9900 True 0.1640625 0.04534029960632324 0
