0 True 0 0.005881309509277344 0
100 True 0 0.005633115768432617 0
200 True 0 0.005762815475463867 0
300 True 0 0.005770444869995117 0
400 True 0 0.0058727264404296875 0
500 True 0 0.00579380989074707 0
600 True 0 0.005744457244873047 0
700 True 0 0.00569605827331543 0
800 True 0 0.0056765079498291016 0
900 True 0 0.0056569576263427734 0
1000 True 0 0.005873203277587891 0
1100 True 0 0.005828857421875 0
1200 False 0 0.0 0
1300 True 0 0.007338047027587891 0
1400 True 0 0.0056650638580322266 0
1500 False 0 0.0 0
1600 True 0 0.0058248043060302734 0
1700 True 0 0.00583338737487793 0
1800 True 0 0.007319450378417969 0
1900 True 0 0.0059506893157958984 0
2000 True 0 0.005975484848022461 0
2100 True 0 0.007453203201293945 0
2200 True 0 0.005716085433959961 0
2300 True 0 0.0058934688568115234 0
2400 True 0 0.005624294281005859 0
2500 True 0 0.005446910858154297 0
2600 True 0 0.005573272705078125 0
2700 True 0 0.00545954704284668 0
2800 True 0 0.005455732345581055 0
2900 True 0 0.0069692134857177734 0
3000 True 0 0.006226062774658203 0
3100 True 0 0.0063321590423583984 0
3200 True 0 0.0060269832611083984 0
3300 True 0 0.005619525909423828 0
3400 True 0 0.005473613739013672 0
3500 True 0 0.005875110626220703 0
3600 True 0 0.0058269500732421875 0
3700 True 0 0.0055730342864990234 0
3800 True 0 0.005483150482177734 0
3900 True 0 0.0055768489837646484 0
4000 True 0 0.0056874752044677734 0
4100 True 0 0.005873918533325195 0
4200 True 0 0.00624537467956543 0
4300 True 0 0.0060575008392333984 0
4400 True 0 0.0077686309814453125 0
4500 False 0 0.0 0
4600 True 0 0.005800724029541016 0
4700 True 0 0.005636930465698242 0
4800 True 0 0.0058307647705078125 0
4900 True 0 0.005486726760864258 0
5000 True 0 0.005846738815307617 0
5100 True 0 0.006667613983154297 0
5200 True 0 0.00606989860534668 0
5300 True 0 0.005783557891845703 0
5400 True 0 0.006083011627197266 0
5500 True 0 0.0062601566314697266 0
5600 False 0 0.0 0
5700 True 0 0.006557941436767578 0
5800 True 0 0.006540775299072266 0
5900 True 0 0.006409168243408203 0
6000 True 0 0.006919384002685547 0
6100 True 0 0.006256580352783203 0
6200 True 0 0.0056416988372802734 0
6300 True 0 0.005493879318237305 0
6400 True 0 0.005616426467895508 0
6500 True 0 0.0057833194732666016 0
6600 True 0 0.005459308624267578 0
6700 True 0 0.005793094635009766 0
6800 True 0 0.006105661392211914 0
6900 True 0 0.0056302547454833984 0
7000 True 0 0.0061931610107421875 0
7100 True 0 0.005904436111450195 0
7200 True 0 0.005994558334350586 0
7300 True 0 0.006369113922119141 0
7400 True 0 0.006317138671875 0
7500 True 0 0.006058931350708008 0
7600 True 0 0.005962848663330078 0
7700 True 0 0.00586390495300293 0
7800 False 0 0.0 0
7900 True 0 0.0058689117431640625 0
8000 True 0 0.0060880184173583984 0
8100 True 0 0.005614042282104492 0
8200 True 0 0.0056035518646240234 0
8300 True 0 0.005789041519165039 0
8400 True 0 0.0059490203857421875 0
8500 True 0 0.006241321563720703 0
8600 True 0 0.006317615509033203 0
8700 True 0 0.0069484710693359375 0
8800 True 0 0.007562398910522461 0
8900 True 0 0.007524728775024414 0
9000 True 0 0.00766754150390625 0
9100 True 0 0.0074884891510009766 0
9200 True 0 0.007253885269165039 0
9300 True 0 0.007548093795776367 0
9400 True 0 0.007585048675537109 0
9500 True 0 0.00748896598815918 0
9600 True 0 0.007459163665771484 0
9700 True 0 0.006659269332885742 0
9800 True 0 0.005874156951904297 0
9900 True 0 0.005372762680053711 0
