0 True 0.0 0.034560441970825195 0
100 True 0.0 0.03257322311401367 0
200 True 0.0 0.033904075622558594 0
300 True 0.0 0.03538227081298828 0
400 True 0.0 0.04339313507080078 0
500 True 0.0 0.042994022369384766 0
600 True 0.0 0.03244638442993164 0
700 True 0.0 0.03412628173828125 0
800 True 0.0 0.03430509567260742 0
900 True 0.0 0.034050941467285156 0
1000 True 0.0 0.033304452896118164 0
1100 True 0.0 0.033852577209472656 0
1200 False 0.0 0.0 0
1300 True 0.0 0.03220415115356445 0
1400 True 0.0 0.03242325782775879 0
1500 False 0.0 0.0 0
1600 True 0.0 0.03309917449951172 0
1700 True 0.0 0.03269839286804199 0
1800 True 0.0 0.03229331970214844 0
1900 True 0.0 0.03238081932067871 0
2000 True 0.0 0.03381466865539551 0
2100 True 0.0 0.03353452682495117 0
2200 True 0.0 0.032190561294555664 0
2300 True 0.0 0.03285408020019531 0
2400 True 0.0 0.03264641761779785 0
2500 True 0.0 0.0325474739074707 0
2600 True 0.0 0.032933950424194336 0
2700 True 0.0 0.03386235237121582 0
2800 True 0.0 0.03378915786743164 0
2900 True 0.0 0.03352499008178711 0
3000 True 0.0 0.032764434814453125 0
3100 True 0.0 0.033553123474121094 0
3200 True 0.0 0.034005165100097656 0
3300 True 0.0 0.03223919868469238 0
3400 True 0.0 0.032232046127319336 0
3500 True 0.0 0.031450510025024414 0
3600 True 0.0 0.03551793098449707 0
3700 True 0.0 0.03342103958129883 0
3800 True 0.0 0.032756805419921875 0
3900 True 0.0 0.034178972244262695 0
4000 True 0.0 0.0344851016998291 0
4100 True 0.0 0.03503537178039551 0
4200 True 0.0 0.03503990173339844 0
4300 True 0.0 0.0345613956451416 0
4400 True 0.0 0.03509092330932617 0
4500 False 0.0 0.0 0
4600 True 0.0 0.034432172775268555 0
4700 True 0.0 0.034147024154663086 0
4800 True 0.0 0.03411436080932617 0
4900 True 0.0 0.03391408920288086 0
5000 True 0.0 0.03433394432067871 0
5100 True 0.0 0.04227757453918457 0
5200 True 0.0 0.03341817855834961 0
5300 True 0.0 0.03500723838806152 0
5400 True 0.0 0.03374361991882324 0
5500 True 0.0 0.033531904220581055 0
5600 False 0.0 0.0 0
5700 True 0.0 0.035048723220825195 0
5800 True 0.0 0.034264564514160156 0
5900 True 0.0 0.03506207466125488 0
6000 True 0.0 0.03538775444030762 0
6100 True 0.0 0.03477978706359863 0
6200 True 0.0 0.03403067588806152 0
6300 True 0.0 0.03444242477416992 0
6400 True 0.0 0.03374433517456055 0
6500 True 0.0 0.033376216888427734 0
6600 True 0.0 0.03271651268005371 0
6700 True 0.0 0.03236746788024902 0
6800 True 0.0 0.03252983093261719 0
6900 True 0.0 0.03276205062866211 0
7000 True 0.0 0.03272867202758789 0
7100 True 0.0 0.03282499313354492 0
7200 True 0.0 0.032911062240600586 0
7300 True 0.0 0.0326693058013916 0
7400 True 0.0 0.03377270698547363 0
7500 True 0.0 0.03356814384460449 0
7600 True 0.0 0.03381204605102539 0
7700 True 0.0 0.03365612030029297 0
7800 False 0.0 0.0 0
7900 True 0.0 0.03354954719543457 0
8000 True 0.0 0.03383684158325195 0
8100 True 0.0 0.032842397689819336 0
8200 True 0.0 0.033089399337768555 0
8300 True 0.0 0.032887935638427734 0
8400 True 0.0 0.033833980560302734 0
8500 True 0.0 0.03502368927001953 0
8600 True 0.0 0.03248262405395508 0
8700 True 0.0 0.03373098373413086 0
8800 True 0.0 0.03379106521606445 0
8900 True 0.0 0.03350067138671875 0
9000 True 0.0 0.03148055076599121 0
9100 True 0.0 0.03305387496948242 0
9200 True 0.0 0.034310102462768555 0
9300 True 0.0 0.03319358825683594 0
9400 True 0.0 0.034204721450805664 0
9500 True 0.0 0.032746076583862305 0
9600 True 0.0 0.03240537643432617 0
9700 True 0.0 0.03377962112426758 0
9800 True 0.0 0.03290867805480957 0
9900 True 0.0 0.03336501121520996 0
