0 False 0.0 0.0 0
100 False 0.0 0.0 0
200 False 0.0 0.0 0
300 True 0.025390625 1.424837589263916 0
400 True 0.0458984375 0.663703203201294 0
500 False 0.0 0.0 0
600 False 0.0 0.0 0
700 False 0.0 0.0 0
800 True 0.01953125 0.4816272258758545 0
900 False 0.0 0.0 0
1000 True 0.0341796875 0.5248684883117676 0
1100 False 0.0 0.0 0
1200 False 0.0 0.0 0
1300 True 0.01953125 0.28336071968078613 0
1400 True 0.0185546875 0.4363083839416504 0
1500 False 0.0 0.0 0
1600 False 0.0 0.0 0
1700 False 0.0 0.0 0
1800 False 0.0 0.0 0
1900 True 0.0283203125 0.33538103103637695 0
2000 False 0.0 0.0 0
2100 False 0.0 0.0 0
2200 True 0.0625 0.5015149116516113 0
2300 False 0.0 0.0 0
2400 True 0.0322265625 0.37053370475769043 0
2500 False 0.0 0.0 0
2600 True 0.029296875 0.4002702236175537 0
2700 False 0.0 0.0 0
2800 False 0.0 0.0 0
2900 False 0.0 0.0 0
3000 True 0.03515625 0.5620827674865723 0
3100 True 0.0244140625 0.35691404342651367 0
3200 False 0.0 0.0 0
3300 True 0.005859375 0.2144150733947754 0
3400 True 0.03515625 0.4544546604156494 0
3500 True 0.0048828125 0.2339034080505371 0
3600 False 0.0 0.0 0
3700 False 0.0 0.0 0
3800 True 0.0107421875 0.35089564323425293 0
3900 False 0.0 0.0 0
4000 False 0.0 0.0 0
4100 True 0.048828125 0.36465883255004883 0
4200 False 0.0 0.0 0
4300 True 0.03125 0.45124173164367676 0
4400 False 0.0 0.0 0
4500 False 0.0 0.0 0
4600 True 0.005859375 0.22466158866882324 0
4700 True 0.001953125 0.1835339069366455 0
4800 True 0.0654296875 0.4217360019683838 0
4900 False 0.0 0.0 0
5000 True 0.0224609375 0.6251351833343506 0
5100 False 0.0 0.0 0
5200 False 0.0 0.0 0
5300 False 0.0 0.0 0
5400 False 0.0 0.0 0
5500 True 0.0068359375 0.2289266586303711 0
5600 True 0.0068359375 0.196641206741333 0
5700 True 0.0 0.12298274040222168 0
5800 False 0.0 0.0 0
5900 False 0.0 0.0 0
6000 True 0.0078125 0.4169020652770996 0
6100 True 0.01171875 0.47756290435791016 0
6200 False 0.0 0.0 0
6300 False 0.0 0.0 0
6400 False 0.0 0.0 0
6500 False 0.0 0.0 0
6600 True 0.0224609375 0.36383056640625 0
6700 True 0.0048828125 0.1713247299194336 0
6800 True 0.0341796875 0.3008713722229004 0
6900 False 0.0 0.0 0
7000 False 0.0 0.0 0
7100 True 0.017578125 0.3347029685974121 0
7200 False 0.0 0.0 0
7300 False 0.0 0.0 0
7400 False 0.0 0.0 0
7500 False 0.0 0.0 0
7600 False 0.0 0.0 0
7700 True 0.025390625 0.3429296016693115 0
7800 True 0.0390625 0.40023016929626465 0
7900 False 0.0 0.0 0
8000 True 0.029296875 0.37984156608581543 0
8100 False 0.0 0.0 0
8200 False 0.0 0.0 0
8300 False 0.0 0.0 0
8400 False 0.0 0.0 0
8500 True 0.0107421875 0.3887209892272949 0
8600 False 0.0 0.0 0
8700 False 0.0 0.0 0
8800 True 0.06640625 0.4248046875 0
8900 False 0.0 0.0 0
9000 False 0.0 0.0 0
9100 False 0.0 0.0 0
9200 True 0.0361328125 0.39961957931518555 0
9300 False 0.0 0.0 0
9400 True 0.009765625 0.24913454055786133 0
9500 False 0.0 0.0 0
9600 True 0.03125 0.5288252830505371 0
9700 True 0.0234375 0.34332776069641113 0
9800 False 0.0 0.0 0
9900 False 0.0 0.0 0
