0 False 0 0.0 0
100 False 0 0.0 0
200 False 0 0.0 0
300 True 1 0.10509610176086426 0
400 True 1 0.09856152534484863 0
500 False 0 0.0 0
600 True 1 0.04431962966918945 0
700 False 0 0.0 0
800 False 0 0.0 0
900 False 0 0.0 0
1000 True 1 0.08925437927246094 0
1100 False 0 0.0 0
1200 False 0 0.0 0
1300 True 1 0.09774303436279297 0
1400 True 1 0.04924201965332031 0
1500 False 0 0.0 0
1600 False 0 0.0 0
1700 False 0 0.0 0
1800 False 0 0.0 0
1900 True 1 0.09056282043457031 0
2000 False 0 0.0 0
2100 False 0 0.0 0
2200 True 1 0.04748058319091797 0
2300 False 0 0.0 0
2400 True 1 0.042470693588256836 0
2500 False 0 0.0 0
2600 True 1 0.044417381286621094 0
2700 False 0 0.0 0
2800 False 0 0.0 0
2900 False 0 0.0 0
3000 True 1 0.047032833099365234 0
3100 True 1 0.053206682205200195 0
3200 False 0 0.0 0
3300 False 0 0.0 0
3400 True 1 0.047782182693481445 0
3500 False 0 0.0 0
3600 True 0 0.0458376407623291 0
3700 False 0 0.0 0
3800 True 1 0.06122589111328125 0
3900 False 0 0.0 0
4000 True 0 0.02548670768737793 0
4100 True 1 0.07796311378479004 0
4200 False 0 0.0 0
4300 False 0 0.0 0
4400 False 0 0.0 0
4500 False 0 0.0 0
4600 False 0 0.0 0
4700 False 0 0.0 0
4800 True 1 0.058695316314697266 0
4900 False 0 0.0 0
5000 False 0 0.0 0
5100 False 0 0.0 0
5200 False 0 0.0 0
5300 False 0 0.0 0
5400 False 0 0.0 0
5500 False 0 0.0 0
5600 False 0 0.0 0
5700 False 0 0.0 0
5800 False 0 0.0 0
5900 False 0 0.0 0
6000 True 0 0.0060427188873291016 0
6100 True 1 0.04953575134277344 0
6200 False 0 0.0 0
6300 False 0 0.0 0
6400 False 0 0.0 0
6500 False 0 0.0 0
6600 False 0 0.0 0
6700 True 0 0.028211355209350586 0
6800 True 1 0.04488730430603027 0
6900 False 0 0.0 0
7000 False 0 0.0 0
7100 True 1 0.09950494766235352 0
7200 False 0 0.0 0
7300 False 0 0.0 0
7400 False 0 0.0 0
7500 False 0 0.0 0
7600 False 0 0.0 0
7700 True 1 0.09894728660583496 0
7800 True 1 0.04758715629577637 0
7900 False 0 0.0 0
8000 False 0 0.0 0
8100 False 0 0.0 0
8200 False 0 0.0 0
8300 False 0 0.0 0
8400 False 0 0.0 0
8500 False 0 0.0 0
8600 False 0 0.0 0
8700 False 0 0.0 0
8800 True 1 0.044705867767333984 0
8900 False 0 0.0 0
9000 False 0 0.0 0
9100 False 0 0.0 0
9200 True 1 0.09840655326843262 0
9300 False 0 0.0 0
9400 True 1 0.09502387046813965 0
9500 False 0 0.0 0
9600 True 1 0.09761309623718262 0
9700 True 1 0.04248952865600586 0
9800 False 0 0.0 0
9900 True 1 0.04676222801208496 0
