0 False 0 0.0 0
100 True 1 1.1756618022918701 0
200 False 0 0.0 0
300 True 1 0.07235455513000488 0
400 True 1 0.06221723556518555 0
500 False 0 0.0 0
600 False 0 0.0 0
700 True 1 0.05681347846984863 0
800 True 1 0.06313323974609375 0
900 False 0 0.0 0
1000 True 1 0.05056285858154297 0
1100 False 0 0.0 0
1200 False 0 0.0 0
1300 False 0 0.0 0
1400 False 0 0.0 0
1500 False 0 0.0 0
1600 False 0 0.0 0
1700 False 0 0.0 0
1800 False 0 0.0 0
1900 True 1 0.06412911415100098 0
2000 False 0 0.0 0
2100 False 0 0.0 0
2200 True 1 0.06441617012023926 0
2300 False 0 0.0 0
2400 True 1 0.07568550109863281 0
2500 False 0 0.0 0
2600 True 1 0.07787084579467773 0
2700 False 0 0.0 0
2800 False 0 0.0 0
2900 False 0 0.0 0
3000 True 1 0.07319211959838867 0
3100 True 1 0.06763386726379395 0
3200 False 0 0.0 0
3300 False 0 0.0 0
3400 False 0 0.0 0
3500 True 1 0.05937647819519043 0
3600 False 0 0.0 0
3700 False 0 0.0 0
3800 False 0 0.0 0
3900 False 0 0.0 0
4000 False 0 0.0 0
4100 True 1 0.07502365112304688 0
4200 False 0 0.0 0
4300 True 1 0.07162737846374512 0
4400 False 0 0.0 0
4500 False 0 0.0 0
4600 True 1 0.07162237167358398 0
4700 False 0 0.0 0
4800 True 1 0.07835102081298828 0
4900 True 1 0.07673907279968262 0
5000 True 1 0.05134415626525879 0
5100 True 1 0.05946230888366699 0
5200 True 1 0.05939221382141113 0
5300 False 0 0.0 0
5400 False 0 0.0 0
5500 False 0 0.0 0
5600 False 0 0.0 0
5700 True 1 0.0849294662475586 0
5800 False 0 0.0 0
5900 False 0 0.0 0
6000 False 0 0.0 0
6100 True 1 0.06746292114257812 0
6200 False 0 0.0 0
6300 False 0 0.0 0
6400 False 0 0.0 0
6500 False 0 0.0 0
6600 True 1 0.053136587142944336 0
6700 True 1 0.05761861801147461 0
6800 True 1 0.0463104248046875 0
6900 False 0 0.0 0
7000 False 0 0.0 0
7100 True 1 0.07109975814819336 0
7200 False 0 0.0 0
7300 True 1 0.08228492736816406 0
7400 False 0 0.0 0
7500 False 0 0.0 0
7600 True 1 0.08405637741088867 0
7700 True 1 0.08929586410522461 0
7800 True 0 0.015872716903686523 0
7900 False 0 0.0 0
8000 True 1 0.0852961540222168 0
8100 False 0 0.0 0
8200 False 0 0.0 0
8300 False 0 0.0 0
8400 False 0 0.0 0
8500 True 1 0.06688857078552246 0
8600 False 0 0.0 0
8700 True 1 0.054636478424072266 0
8800 True 1 0.06764745712280273 0
8900 False 0 0.0 0
9000 True 1 0.07038021087646484 0
9100 False 0 0.0 0
9200 True 1 0.04648566246032715 0
9300 False 0 0.0 0
9400 True 1 0.07254242897033691 0
9500 False 0 0.0 0
9600 True 1 0.06717467308044434 0
9700 True 1 0.0793921947479248 0
9800 True 1 0.07909250259399414 0
9900 False 0 0.0 0
