0 True 0.001953125 1.3635916709899902 0
100 False 0.0 0.0 0
200 False 0.0 0.0 0
300 True 0.0068359375 2.3094403743743896 0
400 True 0.009765625 2.300978422164917 0
500 False 0.0 0.0 0
600 True 0.001953125 1.7233586311340332 0
700 True 0.00390625 1.9608805179595947 0
800 True 0.0029296875 1.933351993560791 0
900 False 0.0 0.0 0
1000 True 0.0078125 2.424025058746338 0
1100 False 0.0 0.0 0
1200 True 0.001953125 1.6484224796295166 0
1300 False 0.0 0.0 0
1400 True 0.001953125 1.3158962726593018 0
1500 True 0.0009765625 1.0885024070739746 0
1600 False 0.0 0.0 0
1700 False 0.0 0.0 0
1800 False 0.0 0.0 0
1900 True 0.009765625 1.8418381214141846 0
2000 False 0.0 0.0 0
2100 False 0.0 0.0 0
2200 True 0.0107421875 2.533503770828247 0
2300 True 0.0029296875 1.8564963340759277 0
2400 True 0.0087890625 2.48000168800354 0
2500 False 0.0 0.0 0
2600 True 0.0087890625 2.2488863468170166 0
2700 False 0.0 0.0 0
2800 False 0.0 0.0 0
2900 False 0.0 0.0 0
3000 True 0.0107421875 2.143824338912964 0
3100 True 0.005859375 2.3175292015075684 0
3200 False 0.0 0.0 0
3300 False 0.0 0.0 0
3400 False 0.0 0.0 0
3500 True 0.00390625 1.8737945556640625 0
3600 False 0.0 0.0 0
3700 False 0.0 0.0 0
3800 True 0.0029296875 1.8972830772399902 0
3900 False 0.0 0.0 0
4000 False 0.0 0.0 0
4100 True 0.0107421875 2.5609257221221924 0
4200 True 0.0 0.7361040115356445 0
4300 True 0.0068359375 2.203162670135498 0
4400 False 0.0 0.0 0
4500 False 0.0 0.0 0
4600 False 0.0 0.0 0
4700 False 0.0 0.0 0
4800 True 0.009765625 1.7413394451141357 0
4900 True 0.00390625 1.7382590770721436 0
5000 True 0.0029296875 1.907233476638794 0
5100 True 0.00390625 1.8145463466644287 0
5200 True 0.0087890625 2.3179304599761963 0
5300 False 0.0 0.0 0
5400 True 0.001953125 1.7379193305969238 0
5500 False 0.0 0.0 0
5600 False 0.0 0.0 0
5700 True 0.0009765625 0.7911441326141357 0
5800 False 0.0 0.0 0
5900 False 0.0 0.0 0
6000 True 0.00390625 1.433548927307129 0
6100 True 0.0048828125 1.8081419467926025 0
6200 True 0.0009765625 1.0690128803253174 0
6300 False 0.0 0.0 0
6400 False 0.0 0.0 0
6500 False 0.0 0.0 0
6600 True 0.0078125 1.7738664150238037 0
6700 True 0.001953125 1.2776782512664795 0
6800 True 0.0029296875 1.542527437210083 0
6900 False 0.0 0.0 0
7000 False 0.0 0.0 0
7100 True 0.0048828125 1.5366477966308594 0
7200 False 0.0 0.0 0
7300 False 0.0 0.0 0
7400 True 0.00390625 1.8725881576538086 0
7500 True 0.0029296875 1.7298657894134521 0
7600 False 0.0 0.0 0
7700 True 0.0029296875 1.7528061866760254 0
7800 True 0.0048828125 2.145495891571045 0
7900 False 0.0 0.0 0
8000 True 0.0048828125 2.2181904315948486 0
8100 False 0.0 0.0 0
8200 False 0.0 0.0 0
8300 False 0.0 0.0 0
8400 False 0.0 0.0 0
8500 True 0.0029296875 1.892716646194458 0
8600 False 0.0 0.0 0
8700 True 0.0048828125 1.9895546436309814 0
8800 True 0.0126953125 2.7534351348876953 0
8900 False 0.0 0.0 0
9000 True 0.0087890625 2.0141429901123047 0
9100 False 0.0 0.0 0
9200 True 0.0087890625 1.743638038635254 0
9300 False 0.0 0.0 0
9400 False 0.0 0.0 0
9500 False 0.0 0.0 0
9600 True 0.009765625 2.2958836555480957 0
9700 True 0.0068359375 2.5451130867004395 0
9800 False 0.0 0.0 0
9900 False 0.0 0.0 0
