0 False 0.0 0.0 0
100 False 0.0 0.0 0
200 False 0.0 0.0 0
300 True 0.0078125 2.063725471496582 0
400 True 0.0078125 1.705843448638916 0
500 False 0.0 0.0 0
600 False 0.0 0.0 0
700 True 0.0029296875 1.588677167892456 0
800 False 0.0 0.0 0
900 False 0.0 0.0 0
1000 True 0.0087890625 1.8259687423706055 0
1100 False 0.0 0.0 0
1200 False 0.0 0.0 0
1300 False 0.0 0.0 0
1400 True 0.0068359375 1.9271759986877441 0
1500 False 0.0 0.0 0
1600 False 0.0 0.0 0
1700 False 0.0 0.0 0
1800 False 0.0 0.0 0
1900 True 0.0107421875 2.0727763175964355 0
2000 False 0.0 0.0 0
2100 False 0.0 0.0 0
2200 True 0.0107421875 2.3764522075653076 0
2300 False 0.0 0.0 0
2400 True 0.0205078125 2.92979097366333 0
2500 False 0.0 0.0 0
2600 True 0.0107421875 2.4156923294067383 0
2700 False 0.0 0.0 0
2800 False 0.0 0.0 0
2900 False 0.0 0.0 0
3000 True 0.01953125 2.9840595722198486 0
3100 True 0.0087890625 2.3015217781066895 0
3200 False 0.0 0.0 0
3300 False 0.0 0.0 0
3400 True 0.0 0.7083935737609863 0
3500 True 0.0068359375 2.2734832763671875 0
3600 False 0.0 0.0 0
3700 False 0.0 0.0 0
3800 True 0.0029296875 1.4951963424682617 0
3900 False 0.0 0.0 0
4000 False 0.0 0.0 0
4100 True 0.01171875 1.923269271850586 0
4200 True 0.001953125 1.4021034240722656 0
4300 True 0.001953125 1.4782679080963135 0
4400 False 0.0 0.0 0
4500 False 0.0 0.0 0
4600 False 0.0 0.0 0
4700 True 0.0029296875 1.8619511127471924 0
4800 True 0.0087890625 2.5149519443511963 0
4900 True 0.001953125 1.4915823936462402 0
5000 True 0.0087890625 2.289245128631592 0
5100 False 0.0 0.0 0
5200 True 0.0009765625 1.324338436126709 0
5300 False 0.0 0.0 0
5400 True 0.00390625 1.8455793857574463 0
5500 False 0.0 0.0 0
5600 False 0.0 0.0 0
5700 False 0.0 0.0 0
5800 False 0.0 0.0 0
5900 False 0.0 0.0 0
6000 False 0.0 0.0 0
6100 True 0.00390625 2.0049469470977783 0
6200 False 0.0 0.0 0
6300 False 0.0 0.0 0
6400 False 0.0 0.0 0
6500 False 0.0 0.0 0
6600 True 0.0068359375 2.222393751144409 0
6700 True 0.0009765625 1.5653159618377686 0
6800 True 0.0029296875 1.35481858253479 0
6900 False 0.0 0.0 0
7000 False 0.0 0.0 0
7100 True 0.01171875 2.468867063522339 0
7200 False 0.0 0.0 0
7300 False 0.0 0.0 0
7400 False 0.0 0.0 0
7500 False 0.0 0.0 0
7600 False 0.0 0.0 0
7700 True 0.005859375 2.249234676361084 0
7800 True 0.009765625 2.4192092418670654 0
7900 False 0.0 0.0 0
8000 True 0.0068359375 2.2810232639312744 0
8100 False 0.0 0.0 0
8200 False 0.0 0.0 0
8300 False 0.0 0.0 0
8400 False 0.0 0.0 0
8500 False 0.0 0.0 0
8600 False 0.0 0.0 0
8700 False 0.0 0.0 0
8800 True 0.021484375 3.0112245082855225 0
8900 False 0.0 0.0 0
9000 True 0.005859375 2.050675868988037 0
9100 False 0.0 0.0 0
9200 True 0.0107421875 2.373692035675049 0
9300 True 0.0078125 2.177170515060425 0
9400 False 0.0 0.0 0
9500 False 0.0 0.0 0
9600 True 0.013671875 2.221050500869751 0
9700 True 0.0126953125 2.693452835083008 0
9800 False 0.0 0.0 0
9900 False 0.0 0.0 0
