0 True 1 0.44165897369384766 0
100 False 0 0.0 0
200 False 0 0.0 0
300 True 1 0.4270503520965576 0
400 True 1 0.3845491409301758 0
500 False 0 0.0 0
600 False 0 0.0 0
700 True 1 0.4548194408416748 0
800 False 0 0.0 0
900 False 0 0.0 0
1000 True 1 0.42339563369750977 0
1100 False 0 0.0 0
1200 True 1 0.3447108268737793 0
1300 False 0 0.0 0
1400 False 0 0.0 0
1500 True 1 0.3895246982574463 0
1600 False 0 0.0 0
1700 False 0 0.0 0
1800 False 0 0.0 0
1900 True 1 0.40738606452941895 0
2000 False 0 0.0 0
2100 False 0 0.0 0
2200 True 1 0.30725789070129395 0
2300 True 0 0.3707923889160156 0
2400 True 1 0.5359585285186768 0
2500 False 0 0.0 0
2600 True 1 0.5119013786315918 0
2700 False 0 0.0 0
2800 True 0 0.37411975860595703 0
2900 False 0 0.0 0
3000 True 1 0.48726963996887207 0
3100 True 1 0.48581790924072266 0
3200 False 0 0.0 0
3300 False 0 0.0 0
3400 False 0 0.0 0
3500 True 1 0.49935436248779297 0
3600 False 0 0.0 0
3700 False 0 0.0 0
3800 True 1 0.5352458953857422 0
3900 True 0 0.2899630069732666 0
4000 False 0 0.0 0
4100 True 1 0.5272235870361328 0
4200 False 0 0.0 0
4300 True 1 0.4640626907348633 0
4400 False 0 0.0 0
4500 False 0 0.0 0
4600 True 0 0.0666048526763916 0
4700 False 0 0.0 0
4800 True 1 0.46686530113220215 0
4900 True 1 0.47495198249816895 0
5000 True 1 0.5142180919647217 0
5100 True 1 0.5081577301025391 0
5200 True 1 0.48490405082702637 0
5300 False 0 0.0 0
5400 True 0 0.4871068000793457 0
5500 False 0 0.0 0
5600 False 0 0.0 0
5700 True 1 0.5454468727111816 0
5800 False 0 0.0 0
5900 False 0 0.0 0
6000 True 1 0.4098687171936035 0
6100 True 1 0.4371664524078369 0
6200 False 0 0.0 0
6300 False 0 0.0 0
6400 False 0 0.0 0
6500 False 0 0.0 0
6600 True 1 0.5277295112609863 0
6700 True 1 0.42904090881347656 0
6800 True 1 0.40908026695251465 0
6900 False 0 0.0 0
7000 False 0 0.0 0
7100 False 0 0.0 0
7200 False 0 0.0 0
7300 True 1 0.5450255870819092 0
7400 True 1 0.5368022918701172 0
7500 False 0 0.0 0
7600 False 0 0.0 0
7700 True 1 0.5276901721954346 0
7800 True 1 0.39546775817871094 0
7900 False 0 0.0 0
8000 True 1 0.43737173080444336 0
8100 False 0 0.0 0
8200 False 0 0.0 0
8300 False 0 0.0 0
8400 False 0 0.0 0
8500 True 1 0.5163521766662598 0
8600 False 0 0.0 0
8700 True 1 0.4427812099456787 0
8800 True 1 0.5300781726837158 0
8900 False 0 0.0 0
9000 True 1 0.3680741786956787 0
9100 False 0 0.0 0
9200 True 1 0.3866279125213623 0
9300 False 0 0.0 0
9400 True 0 0.13857340812683105 0
9500 False 0 0.0 0
9600 True 1 0.4080021381378174 0
9700 True 1 0.41864562034606934 0
9800 True 0 0.20436787605285645 0
9900 False 0 0.0 0
