0 True 0 1.4190375804901123 0
100 False 0 0.0 0
200 False 0 0.0 0
300 True 0 1.6759471893310547 0
400 True 0 17.708407163619995 0
500 False 0 0.0 0
600 True 0 1.5946807861328125 0
700 True 0 10.16513967514038 0
800 True 0 7.40963339805603 0
900 False 0 0.0 0
1000 True 0 11.111212968826294 0
1100 False 0 0.0 0
1200 False 0 0.0 0
1300 False 0 0.0 0
1400 True 0 6.230477809906006 0
1500 False 0 0.0 0
1600 False 0 0.0 0
1700 False 0 0.0 0
1800 False 0 0.0 0
1900 True 0 10.652981042861938 0
2000 False 0 0.0 0
2100 False 0 0.0 0
2200 True 0 7.932706117630005 0
2300 False 0 0.0 0
2400 True 0 18.680505752563477 0
2500 False 0 0.0 0
2600 True 0 9.905453205108643 0
2700 False 0 0.0 0
2800 False 0 0.0 0
2900 False 0 0.0 0
3000 True 0 16.132328748703003 0
3100 True 0 5.818775415420532 0
3200 False 0 0.0 0
3300 False 0 0.0 0
3400 False 0 0.0 0
3500 True 0 7.738181829452515 0
3600 False 0 0.0 0
3700 False 0 0.0 0
3800 True 0 6.967329740524292 0
3900 False 0 0.0 0
4000 False 0 0.0 0
4100 True 0 13.098690032958984 0
4200 True 0 3.641104221343994 0
4300 True 0 9.539386749267578 0
4400 False 0 0.0 0
4500 False 0 0.0 0
4600 False 0 0.0 0
4700 False 0 0.0 0
4800 True 0 12.261581897735596 0
4900 False 0 0.0 0
5000 True 0 9.354184627532959 0
5100 True 0 3.517996311187744 0
5200 False 0 0.0 0
5300 False 0 0.0 0
5400 False 0 0.0 0
5500 True 0 3.9962575435638428 0
5600 False 0 0.0 0
5700 True 0 5.772125959396362 0
5800 False 0 0.0 0
5900 False 0 0.0 0
6000 True 0 4.1017372608184814 0
6100 True 0 5.247624397277832 0
6200 False 0 0.0 0
6300 False 0 0.0 0
6400 False 0 0.0 0
6500 False 0 0.0 0
6600 True 0 14.956494092941284 0
6700 True 0 4.348715543746948 0
6800 True 0 3.0887250900268555 0
6900 False 0 0.0 0
7000 False 0 0.0 0
7100 True 0 10.767558336257935 0
7200 False 0 0.0 0
7300 False 0 0.0 0
7400 True 0 7.121016263961792 0
7500 True 0 5.878658294677734 0
7600 False 0 0.0 0
7700 True 0 5.6577770709991455 0
7800 True 0 12.64406681060791 0
7900 False 0 0.0 0
8000 True 0 7.792015075683594 0
8100 False 0 0.0 0
8200 False 0 0.0 0
8300 False 0 0.0 0
8400 False 0 0.0 0
8500 False 0 0.0 0
8600 False 0 0.0 0
8700 False 0 0.0 0
8800 True 0 19.97133779525757 0
8900 False 0 0.0 0
9000 True 0 9.1244215965271 0
9100 False 0 0.0 0
9200 True 0 10.44851303100586 0
9300 True 0 7.196854829788208 0
9400 True 0 4.95365834236145 0
9500 True 0 1.8111648559570312 0
9600 True 0 13.401715278625488 0
9700 True 0 9.471760034561157 0
9800 True 0 9.331605911254883 0
9900 False 0 0.0 0
