0 False 0.0 0.0 0
100 False 0.0 0.0 0
200 False 0.0 0.0 0
300 True 0.0009765625 71.3093433380127 0
400 True 0.0078125 110.59681296348572 0
500 False 0.0 0.0 0
600 True 0.0009765625 71.50236320495605 0
700 True 0.0029296875 95.61827659606934 0
800 True 0.00390625 92.60703492164612 0
900 False 0.0 0.0 0
1000 True 0.00390625 84.31113409996033 0
1100 False 0.0 0.0 0
1200 True 0.0009765625 74.45881748199463 0
1300 False 0.0 0.0 0
1400 False 0.0 0.0 0
1500 True 0.0048828125 98.60728240013123 0
1600 False 0.0 0.0 0
1700 True 0.0 38.33330488204956 0
1800 True 0.0 53.11048865318298 0
1900 True 0.005859375 109.94360399246216 0
2000 False 0.0 0.0 0
2100 False 0.0 0.0 0
2200 True 0.0029296875 84.81275486946106 0
2300 False 0.0 0.0 0
2400 True 0.0078125 101.15420961380005 0
2500 True 0.0 49.44339394569397 0
2600 True 0.0048828125 105.37252497673035 0
2700 True 0.0029296875 96.86541414260864 0
2800 False 0.0 0.0 0
2900 False 0.0 0.0 0
3000 True 0.0048828125 100.8478946685791 0
3100 True 0.00390625 82.45740151405334 0
3200 False 0.0 0.0 0
3300 True 0.001953125 73.2498779296875 0
3400 False 0.0 0.0 0
3500 True 0.0009765625 74.62458944320679 0
3600 False 0.0 0.0 0
3700 False 0.0 0.0 0
3800 True 0.0029296875 94.94133424758911 0
3900 False 0.0 0.0 0
4000 False 0.0 0.0 0
4100 True 0.005859375 112.94993686676025 0
4200 False 0.0 0.0 0
4300 True 0.005859375 107.20493412017822 0
4400 False 0.0 0.0 0
4500 True 0.0009765625 68.6145589351654 0
4600 False 0.0 0.0 0
4700 False 0.0 0.0 0
4800 True 0.005859375 109.09806418418884 0
4900 False 0.0 0.0 0
5000 True 0.0048828125 109.3358097076416 0
5100 True 0.0029296875 91.36600852012634 0
5200 True 0.005859375 101.23594093322754 0
5300 False 0.0 0.0 0
5400 True 0.0009765625 97.21617412567139 0
5500 True 0.0009765625 91.5749146938324 0
5600 True 0.0009765625 106.91007447242737 0
5700 True 0.001953125 120.54969930648804 1
5800 False 0.0 0.0 0
5900 False 0.0 0.0 0
6000 True 0.0 92.38437151908875 0
6100 True 0.001953125 121.39901161193848 1
6200 False 0.0 0.0 0
6300 True 0.001953125 112.08631110191345 0
6400 False 0.0 0.0 0
6500 False 0.0 0.0 0
6600 True 0.00390625 121.32735848426819 1
6700 True 0.0 121.81462812423706 1
6800 True 0.0 123.17971777915955 1
6900 False 0.0 0.0 0
7000 False 0.0 0.0 0
7100 False 0.0 0.0 0
7200 False 0.0 0.0 0
7300 False 0.0 0.0 0
7400 True 0.0 122.55941820144653 1
7500 True 0.0 121.01407504081726 1
7600 False 0.0 0.0 0
7700 True 0.001953125 118.01697635650635 0
7800 True 0.0029296875 108.35283613204956 0
7900 False 0.0 0.0 0
8000 True 0.001953125 99.30001211166382 0
8100 False 0.0 0.0 0
8200 False 0.0 0.0 0
8300 False 0.0 0.0 0
8400 False 0.0 0.0 0
8500 True 0.00390625 110.93700790405273 0
8600 False 0.0 0.0 0
8700 True 0.0009765625 71.93081212043762 0
8800 True 0.009765625 120.80514597892761 1
8900 False 0.0 0.0 0
9000 True 0.005859375 121.35837721824646 1
9100 False 0.0 0.0 0
9200 True 0.00390625 120.90921068191528 1
9300 True 0.001953125 98.51163816452026 0
9400 True 0.001953125 121.09503483772278 1
9500 True 0.001953125 121.17779397964478 1
9600 True 0.00390625 120.84460353851318 1
9700 True 0.001953125 120.59550952911377 1
9800 True 0.00390625 120.70774722099304 1
9900 False 0.0 0.0 0
