0 False 0 0.0 0
100 False 0 0.0 0
200 True 0 27.435912609100342 0
300 True 0 29.162137031555176 0
400 True 0 53.65232801437378 0
500 False 0 0.0 0
600 True 0 53.283392906188965 0
700 True 0 52.868125915527344 0
800 True 0 57.24509334564209 0
900 False 0 0.0 0
1000 True 0 52.259811878204346 0
1100 False 0 0.0 0
1200 True 0 50.95242118835449 0
1300 False 0 0.0 0
1400 False 0 0.0 0
1500 True 0 27.65713667869568 0
1600 True 0 26.837332487106323 0
1700 False 0 0.0 0
1800 True 0 26.923558473587036 0
1900 True 0 64.22767806053162 1
2000 False 0 0.0 0
2100 True 0 25.312967538833618 0
2200 True 0 25.026034116744995 0
2300 False 0 0.0 0
2400 True 0 60.533857345581055 1
2500 True 0 27.87738609313965 0
2600 True 0 50.79862713813782 0
2700 True 0 53.116645097732544 0
2800 True 0 26.76486587524414 0
2900 False 0 0.0 0
3000 True 0 53.92981147766113 0
3100 True 0 46.871570348739624 0
3200 False 0 0.0 0
3300 True 0 27.417255640029907 0
3400 False 0 0.0 0
3500 True 0 27.328749179840088 0
3600 False 0 0.0 0
3700 True 0 26.88769769668579 0
3800 True 0 56.21113443374634 0
3900 False 0 0.0 0
4000 False 0 0.0 0
4100 True 0 61.070773124694824 1
4200 True 0 27.460041284561157 0
4300 True 0 26.335477352142334 0
4400 False 0 0.0 0
4500 False 0 0.0 0
4600 False 0 0.0 0
4700 False 0 0.0 0
4800 True 0 52.957791566848755 0
4900 False 0 0.0 0
5000 True 0 58.204410552978516 0
5100 True 0 26.618530750274658 0
5200 True 0 52.69658875465393 0
5300 True 0 29.885417461395264 0
5400 True 0 26.024961948394775 0
5500 True 0 26.666874408721924 0
5600 True 0 27.711641311645508 0
5700 True 0 27.69764256477356 0
5800 False 0 0.0 0
5900 False 0 0.0 0
6000 True 0 26.021207571029663 0
6100 True 0 25.769351720809937 0
6200 True 0 26.982738733291626 0
6300 True 0 29.24305558204651 0
6400 True 0 24.380855321884155 0
6500 False 0 0.0 0
6600 True 0 63.80711650848389 1
6700 True 0 27.457205295562744 0
6800 True 0 25.85358452796936 0
6900 True 0 26.01474094390869 0
7000 False 0 0.0 0
7100 False 0 0.0 0
7200 False 0 0.0 0
7300 False 0 0.0 0
7400 True 0 29.50666880607605 0
7500 True 0 50.105499267578125 0
7600 False 0 0.0 0
7700 True 0 27.96941876411438 0
7800 True 0 25.62795376777649 0
7900 False 0 0.0 0
8000 True 0 61.27887320518494 1
8100 False 0 0.0 0
8200 False 0 0.0 0
8300 False 0 0.0 0
8400 True 0 24.72845482826233 0
8500 True 0 28.65718674659729 0
8600 True 0 27.758515119552612 0
8700 True 0 28.839677810668945 0
8800 True 0 67.28269553184509 1
8900 True 0 27.175586700439453 0
9000 True 0 50.34158682823181 0
9100 False 0 0.0 0
9200 True 0 49.81068181991577 0
9300 True 0 28.930118083953857 0
9400 True 0 27.709590196609497 0
9500 True 0 26.44693374633789 0
9600 True 0 47.482932806015015 0
9700 True 0 24.311285734176636 0
9800 True 0 60.77562427520752 1
9900 True 0 25.859076023101807 0
