0 True 0.0048828125 58.490833044052124 0
100 False 0.0 0.0 0
200 True 0.0068359375 72.16714930534363 0
300 True 0.0068359375 71.98335886001587 0
400 True 0.0224609375 98.75387239456177 0
500 False 0.0 0.0 0
600 True 0.01171875 66.35374617576599 0
700 True 0.0009765625 39.21289777755737 0
800 True 0.01171875 78.04627108573914 0
900 False 0.0 0.0 0
1000 True 0.013671875 55.78709077835083 0
1100 False 0.0 0.0 0
1200 True 0.00390625 48.059009075164795 0
1300 True 0.00390625 42.72174954414368 0
1400 False 0.0 0.0 0
1500 True 0.021484375 102.35513591766357 0
1600 False 0.0 0.0 0
1700 False 0.0 0.0 0
1800 False 0.0 0.0 0
1900 True 0.005859375 72.48210501670837 0
2000 False 0.0 0.0 0
2100 False 0.0 0.0 0
2200 True 0.0078125 52.419201135635376 0
2300 True 0.0048828125 48.29342198371887 0
2400 True 0.0078125 74.01249480247498 0
2500 False 0.0 0.0 0
2600 True 0.009765625 61.37391519546509 0
2700 False 0.0 0.0 0
2800 False 0.0 0.0 0
2900 False 0.0 0.0 0
3000 True 0.0166015625 64.53294658660889 0
3100 True 0.0048828125 56.56821250915527 0
3200 False 0.0 0.0 0
3300 False 0.0 0.0 0
3400 False 0.0 0.0 0
3500 True 0.00390625 44.73667240142822 0
3600 False 0.0 0.0 0
3700 False 0.0 0.0 0
3800 True 0.0087890625 80.79734349250793 0
3900 False 0.0 0.0 0
4000 False 0.0 0.0 0
4100 True 0.013671875 94.16701126098633 0
4200 False 0.0 0.0 0
4300 True 0.015625 63.935105085372925 0
4400 False 0.0 0.0 0
4500 True 0.0009765625 43.65061044692993 0
4600 False 0.0 0.0 0
4700 False 0.0 0.0 0
4800 True 0.0234375 103.55253911018372 0
4900 False 0.0 0.0 0
5000 True 0.0126953125 91.42731046676636 0
5100 True 0.0146484375 77.5258584022522 0
5200 False 0.0 0.0 0
5300 False 0.0 0.0 0
5400 True 0.009765625 69.78245854377747 0
5500 False 0.0 0.0 0
5600 False 0.0 0.0 0
5700 True 0.00390625 61.26899290084839 0
5800 False 0.0 0.0 0
5900 False 0.0 0.0 0
6000 False 0.0 0.0 0
6100 True 0.005859375 50.067622661590576 0
6200 False 0.0 0.0 0
6300 False 0.0 0.0 0
6400 False 0.0 0.0 0
6500 False 0.0 0.0 0
6600 True 0.01953125 97.14534544944763 0
6700 True 0.001953125 40.555710315704346 0
6800 True 0.0029296875 43.14276361465454 0
6900 True 0.0068359375 67.5962541103363 0
7000 False 0.0 0.0 0
7100 True 0.01171875 65.56889986991882 0
7200 False 0.0 0.0 0
7300 False 0.0 0.0 0
7400 False 0.0 0.0 0
7500 False 0.0 0.0 0
7600 False 0.0 0.0 0
7700 True 0.0107421875 55.521172285079956 0
7800 True 0.0048828125 62.17991375923157 0
7900 False 0.0 0.0 0
8000 True 0.0146484375 85.52028894424438 0
8100 False 0.0 0.0 0
8200 False 0.0 0.0 0
8300 False 0.0 0.0 0
8400 False 0.0 0.0 0
8500 False 0.0 0.0 0
8600 False 0.0 0.0 0
8700 True 0.00390625 52.60527491569519 0
8800 True 0.0126953125 82.15662503242493 0
8900 False 0.0 0.0 0
9000 True 0.015625 64.7179822921753 0
9100 False 0.0 0.0 0
9200 True 0.017578125 69.311039686203 0
9300 False 0.0 0.0 0
9400 True 0.005859375 67.8339352607727 0
9500 True 0.0 17.76844072341919 0
9600 True 0.0126953125 70.30845642089844 0
9700 True 0.0107421875 85.03489351272583 0
9800 True 0.001953125 49.38914680480957 0
9900 False 0.0 0.0 0
