0 True 1 0.00543975830078125 0
100 False 0 0.0 0
200 False 0 0.0 0
300 True 1 0.00579380989074707 0
400 True 1 0.003422975540161133 0
500 False 0 0.0 0
600 True 0 0.0035250186920166016 0
700 True 0 0.00555109977722168 0
800 True 0 0.005612611770629883 0
900 False 0 0.0 0
1000 True 1 0.006346464157104492 0
1100 False 0 0.0 0
1200 True 1 0.003481626510620117 0
1300 False 0 0.0 0
1400 True 0 0.004599571228027344 0
1500 True 1 0.0056514739990234375 0
1600 False 0 0.0 0
1700 False 0 0.0 0
1800 False 0 0.0 0
1900 True 1 0.005450010299682617 0
2000 False 0 0.0 0
2100 False 0 0.0 0
2200 True 1 0.0035011768341064453 0
2300 False 0 0.0 0
2400 True 1 0.004442453384399414 0
2500 False 0 0.0 0
2600 True 1 0.005648374557495117 0
2700 False 0 0.0 0
2800 False 0 0.0 0
2900 False 0 0.0 0
3000 True 1 0.005511045455932617 0
3100 True 1 0.005682706832885742 0
3200 False 0 0.0 0
3300 False 0 0.0 0
3400 False 0 0.0 0
3500 True 1 0.005596160888671875 0
3600 False 0 0.0 0
3700 False 0 0.0 0
3800 False 0 0.0 0
3900 False 0 0.0 0
4000 False 0 0.0 0
4100 True 1 0.0043332576751708984 0
4200 True 0 0.005962848663330078 0
4300 True 1 0.004864692687988281 0
4400 False 0 0.0 0
4500 False 0 0.0 0
4600 False 0 0.0 0
4700 False 0 0.0 0
4800 True 1 0.004725933074951172 0
4900 False 0 0.0 0
5000 True 1 0.006930351257324219 0
5100 True 1 0.005547046661376953 0
5200 True 1 0.00444340705871582 0
5300 False 0 0.0 0
5400 True 1 0.0057184696197509766 0
5500 False 0 0.0 0
5600 False 0 0.0 0
5700 True 0 0.004439115524291992 0
5800 False 0 0.0 0
5900 False 0 0.0 0
6000 True 1 0.00591278076171875 0
6100 True 1 0.005715370178222656 0
6200 False 0 0.0 0
6300 False 0 0.0 0
6400 False 0 0.0 0
6500 False 0 0.0 0
6600 True 1 0.004500150680541992 0
6700 False 0 0.0 0
6800 True 1 0.005630016326904297 0
6900 False 0 0.0 0
7000 False 0 0.0 0
7100 False 0 0.0 0
7200 False 0 0.0 0
7300 True 0 0.00557255744934082 0
7400 True 1 0.006037473678588867 0
7500 False 0 0.0 0
7600 True 0 0.006599903106689453 0
7700 True 1 0.006693363189697266 0
7800 True 1 0.004179716110229492 0
7900 False 0 0.0 0
8000 True 1 0.005941152572631836 0
8100 False 0 0.0 0
8200 False 0 0.0 0
8300 False 0 0.0 0
8400 False 0 0.0 0
8500 True 1 0.0055506229400634766 0
8600 False 0 0.0 0
8700 True 1 0.005641937255859375 0
8800 True 1 0.0051114559173583984 0
8900 False 0 0.0 0
9000 True 1 0.0044863224029541016 0
9100 False 0 0.0 0
9200 True 1 0.003630399703979492 0
9300 False 0 0.0 0
9400 False 0 0.0 0
9500 False 0 0.0 0
9600 True 1 0.004486083984375 0
9700 True 1 0.0055849552154541016 0
9800 True 0 0.0057849884033203125 0
9900 False 0 0.0 0
