0 False 0.0 0.0 0
100 False 0.0 0.0 0
200 False 0.0 0.0 0
300 True 0.0302734375 0.07454824447631836 0
400 True 0.0576171875 0.044950246810913086 0
500 False 0.0 0.0 0
600 False 0.0 0.0 0
700 False 0.0 0.0 0
800 True 0.01953125 0.04393720626831055 0
900 False 0.0 0.0 0
1000 True 0.0390625 0.045113325119018555 0
1100 False 0.0 0.0 0
1200 False 0.0 0.0 0
1300 True 0.01953125 0.04445028305053711 0
1400 True 0.0185546875 0.040728092193603516 0
1500 False 0.0 0.0 0
1600 False 0.0 0.0 0
1700 False 0.0 0.0 0
1800 False 0.0 0.0 0
1900 True 0.033203125 0.04515409469604492 0
2000 False 0.0 0.0 0
2100 False 0.0 0.0 0
2200 True 0.0673828125 0.04419112205505371 0
2300 False 0.0 0.0 0
2400 True 0.0341796875 0.04588603973388672 0
2500 False 0.0 0.0 0
2600 True 0.0302734375 0.04324841499328613 0
2700 False 0.0 0.0 0
2800 False 0.0 0.0 0
2900 False 0.0 0.0 0
3000 True 0.044921875 0.04415726661682129 0
3100 True 0.0263671875 0.044109344482421875 0
3200 False 0.0 0.0 0
3300 True 0.005859375 0.03884530067443848 0
3400 True 0.0380859375 0.045282840728759766 0
3500 True 0.0048828125 0.04434967041015625 0
3600 False 0.0 0.0 0
3700 False 0.0 0.0 0
3800 True 0.0107421875 0.03562355041503906 0
3900 False 0.0 0.0 0
4000 False 0.0 0.0 0
4100 True 0.06640625 0.04418683052062988 0
4200 False 0.0 0.0 0
4300 True 0.0400390625 0.043965816497802734 0
4400 False 0.0 0.0 0
4500 False 0.0 0.0 0
4600 True 0.005859375 0.04491472244262695 0
4700 True 0.001953125 0.04417109489440918 0
4800 True 0.0712890625 0.04423332214355469 0
4900 False 0.0 0.0 0
5000 True 0.0263671875 0.04404711723327637 0
5100 False 0.0 0.0 0
5200 False 0.0 0.0 0
5300 False 0.0 0.0 0
5400 False 0.0 0.0 0
5500 True 0.0078125 0.04042339324951172 0
5600 True 0.0068359375 0.04454302787780762 0
5700 True 0.0 0.04206514358520508 0
5800 False 0.0 0.0 0
5900 False 0.0 0.0 0
6000 True 0.0078125 0.04388785362243652 0
6100 True 0.0126953125 0.04305839538574219 0
6200 False 0.0 0.0 0
6300 False 0.0 0.0 0
6400 False 0.0 0.0 0
6500 False 0.0 0.0 0
6600 True 0.0263671875 0.043763160705566406 0
6700 True 0.0048828125 0.04058122634887695 0
6800 True 0.0400390625 0.04459404945373535 0
6900 False 0.0 0.0 0
7000 False 0.0 0.0 0
7100 True 0.0263671875 0.04446005821228027 0
7200 False 0.0 0.0 0
7300 False 0.0 0.0 0
7400 False 0.0 0.0 0
7500 False 0.0 0.0 0
7600 False 0.0 0.0 0
7700 True 0.03125 0.04412364959716797 0
7800 True 0.0400390625 0.04474186897277832 0
7900 False 0.0 0.0 0
8000 True 0.0302734375 0.04658198356628418 0
8100 False 0.0 0.0 0
8200 False 0.0 0.0 0
8300 False 0.0 0.0 0
8400 False 0.0 0.0 0
8500 True 0.01171875 0.0448458194732666 0
8600 False 0.0 0.0 0
8700 False 0.0 0.0 0
8800 True 0.0654296875 0.04473114013671875 0
8900 False 0.0 0.0 0
9000 False 0.0 0.0 0
9100 False 0.0 0.0 0
9200 True 0.04296875 0.04700207710266113 0
9300 False 0.0 0.0 0
9400 True 0.009765625 0.04376864433288574 0
9500 False 0.0 0.0 0
9600 True 0.033203125 0.04587912559509277 0
9700 True 0.0244140625 0.04507589340209961 0
9800 False 0.0 0.0 0
9900 False 0.0 0.0 0
