0 False 0 0.0 0
100 True 1 0.003827810287475586 0
200 False 0 0.0 0
300 True 1 0.003462076187133789 0
400 True 1 0.003404855728149414 0
500 False 0 0.0 0
600 False 0 0.0 0
700 True 1 0.003480195999145508 0
800 True 1 0.0049898624420166016 0
900 False 0 0.0 0
1000 True 1 0.0034813880920410156 0
1100 False 0 0.0 0
1200 False 0 0.0 0
1300 False 0 0.0 0
1400 False 0 0.0 0
1500 False 0 0.0 0
1600 False 0 0.0 0
1700 False 0 0.0 0
1800 False 0 0.0 0
1900 True 1 0.0034499168395996094 0
2000 False 0 0.0 0
2100 False 0 0.0 0
2200 True 1 0.004865169525146484 0
2300 False 0 0.0 0
2400 True 1 0.003541707992553711 0
2500 False 0 0.0 0
2600 True 1 0.004370689392089844 0
2700 False 0 0.0 0
2800 False 0 0.0 0
2900 False 0 0.0 0
3000 True 1 0.004818916320800781 0
3100 True 1 0.0035552978515625 0
3200 False 0 0.0 0
3300 False 0 0.0 0
3400 False 0 0.0 0
3500 True 1 0.0044689178466796875 0
3600 False 0 0.0 0
3700 False 0 0.0 0
3800 False 0 0.0 0
3900 False 0 0.0 0
4000 False 0 0.0 0
4100 True 1 0.005688667297363281 0
4200 False 0 0.0 0
4300 True 1 0.00427556037902832 0
4400 False 0 0.0 0
4500 False 0 0.0 0
4600 True 1 0.003543853759765625 0
4700 False 0 0.0 0
4800 True 1 0.0043849945068359375 0
4900 True 1 0.004561662673950195 0
5000 True 1 0.003385305404663086 0
5100 True 1 0.004960060119628906 0
5200 True 1 0.004097700119018555 0
5300 False 0 0.0 0
5400 False 0 0.0 0
5500 False 0 0.0 0
5600 False 0 0.0 0
5700 True 1 0.0053293704986572266 0
5800 False 0 0.0 0
5900 False 0 0.0 0
6000 False 0 0.0 0
6100 True 1 0.0043146610260009766 0
6200 False 0 0.0 0
6300 False 0 0.0 0
6400 False 0 0.0 0
6500 False 0 0.0 0
6600 True 1 0.003473520278930664 0
6700 True 1 0.004679203033447266 0
6800 True 1 0.0036821365356445312 0
6900 False 0 0.0 0
7000 False 0 0.0 0
7100 True 1 0.003384828567504883 0
7200 False 0 0.0 0
7300 True 1 0.00449681282043457 0
7400 False 0 0.0 0
7500 False 0 0.0 0
7600 True 1 0.004807472229003906 0
7700 True 1 0.005955934524536133 0
7800 True 0 0.005666494369506836 0
7900 False 0 0.0 0
8000 True 1 0.0034155845642089844 0
8100 False 0 0.0 0
8200 False 0 0.0 0
8300 False 0 0.0 0
8400 False 0 0.0 0
8500 True 1 0.0034475326538085938 0
8600 False 0 0.0 0
8700 True 1 0.004453182220458984 0
8800 True 1 0.0044515132904052734 0
8900 False 0 0.0 0
9000 True 1 0.005089759826660156 0
9100 False 0 0.0 0
9200 True 1 0.0033750534057617188 0
9300 False 0 0.0 0
9400 True 1 0.00457453727722168 0
9500 False 0 0.0 0
9600 True 1 0.0033512115478515625 0
9700 True 1 0.005823373794555664 0
9800 True 1 0.00475001335144043 0
9900 False 0 0.0 0
