0 True 0 0.009641647338867188 0
100 False 0 0.0 0
200 False 0 0.0 0
300 True 0 0.008695125579833984 0
400 True 1 0.0071413516998291016 0
500 False 0 0.0 0
600 True 1 0.00838923454284668 0
700 True 0 0.008016824722290039 0
800 True 1 0.008777141571044922 0
900 False 0 0.0 0
1000 True 1 0.008244752883911133 0
1100 False 0 0.0 0
1200 False 0 0.0 0
1300 True 1 0.007985353469848633 0
1400 True 1 0.008173227310180664 0
1500 False 0 0.0 0
1600 False 0 0.0 0
1700 False 0 0.0 0
1800 False 0 0.0 0
1900 True 1 0.007880687713623047 0
2000 False 0 0.0 0
2100 False 0 0.0 0
2200 False 0 0.0 0
2300 True 0 0.008363485336303711 0
2400 True 1 0.008113622665405273 0
2500 False 0 0.0 0
2600 True 1 0.00812840461730957 0
2700 True 1 0.008636951446533203 0
2800 False 0 0.0 0
2900 False 0 0.0 0
3000 True 1 0.007390022277832031 0
3100 True 1 0.00812077522277832 0
3200 False 0 0.0 0
3300 False 0 0.0 0
3400 False 0 0.0 0
3500 True 0 0.008219242095947266 0
3600 False 0 0.0 0
3700 False 0 0.0 0
3800 True 0 0.008448362350463867 0
3900 False 0 0.0 0
4000 False 0 0.0 0
4100 True 1 0.006548881530761719 0
4200 False 0 0.0 0
4300 True 1 0.008259057998657227 0
4400 False 0 0.0 0
4500 False 0 0.0 0
4600 False 0 0.0 0
4700 False 0 0.0 0
4800 True 1 0.007414102554321289 0
4900 False 0 0.0 0
5000 True 1 0.00848841667175293 0
5100 True 1 0.00803685188293457 0
5200 True 1 0.008543968200683594 0
5300 False 0 0.0 0
5400 True 1 0.00839543342590332 0
5500 False 0 0.0 0
5600 False 0 0.0 0
5700 False 0 0.0 0
5800 False 0 0.0 0
5900 False 0 0.0 0
6000 True 1 0.008601903915405273 0
6100 True 1 0.007975101470947266 0
6200 False 0 0.0 0
6300 False 0 0.0 0
6400 False 0 0.0 0
6500 False 0 0.0 0
6600 True 1 0.006589412689208984 0
6700 False 0 0.0 0
6800 True 1 0.008270263671875 0
6900 False 0 0.0 0
7000 False 0 0.0 0
7100 True 1 0.00850987434387207 0
7200 False 0 0.0 0
7300 True 0 0.00832056999206543 0
7400 True 0 0.008391857147216797 0
7500 True 1 0.00807332992553711 0
7600 False 0 0.0 0
7700 True 1 0.008569717407226562 0
7800 True 1 0.008190393447875977 0
7900 False 0 0.0 0
8000 True 1 0.008496522903442383 0
8100 False 0 0.0 0
8200 False 0 0.0 0
8300 False 0 0.0 0
8400 False 0 0.0 0
8500 False 0 0.0 0
8600 True 0 0.008166790008544922 0
8700 True 1 0.008571863174438477 0
8800 True 1 0.008272647857666016 0
8900 False 0 0.0 0
9000 True 1 0.008360862731933594 0
9100 False 0 0.0 0
9200 True 1 0.008646965026855469 0
9300 False 0 0.0 0
9400 False 0 0.0 0
9500 False 0 0.0 0
9600 True 1 0.008417367935180664 0
9700 True 1 0.007979631423950195 0
9800 False 0 0.0 0
9900 False 0 0.0 0
