0 True 1 0.008836984634399414 0
100 False 0 0.0 0
200 False 0 0.0 0
300 True 1 0.008651971817016602 0
400 True 1 0.009071826934814453 0
500 False 0 0.0 0
600 False 0 0.0 0
700 True 1 0.008743762969970703 0
800 False 0 0.0 0
900 False 0 0.0 0
1000 True 1 0.008854150772094727 0
1100 False 0 0.0 0
1200 True 1 0.008827686309814453 0
1300 False 0 0.0 0
1400 False 0 0.0 0
1500 True 1 0.008600473403930664 0
1600 False 0 0.0 0
1700 False 0 0.0 0
1800 False 0 0.0 0
1900 True 1 0.008050203323364258 0
2000 False 0 0.0 0
2100 False 0 0.0 0
2200 True 1 0.008147478103637695 0
2300 True 1 0.008873701095581055 0
2400 True 1 0.010366678237915039 0
2500 False 0 0.0 0
2600 True 1 0.011685371398925781 0
2700 False 0 0.0 0
2800 True 1 0.008819818496704102 0
2900 False 0 0.0 0
3000 True 1 0.008675098419189453 0
3100 True 1 0.008704662322998047 0
3200 False 0 0.0 0
3300 False 0 0.0 0
3400 False 0 0.0 0
3500 True 1 0.008829355239868164 0
3600 False 0 0.0 0
3700 False 0 0.0 0
3800 True 1 0.008542299270629883 0
3900 True 0 0.008739471435546875 0
4000 False 0 0.0 0
4100 True 1 0.008618593215942383 0
4200 False 0 0.0 0
4300 True 1 0.008670330047607422 0
4400 False 0 0.0 0
4500 False 0 0.0 0
4600 True 0 0.009364604949951172 0
4700 False 0 0.0 0
4800 True 1 0.008618354797363281 0
4900 True 1 0.008725166320800781 0
5000 True 1 0.008760690689086914 0
5100 True 1 0.00879979133605957 0
5200 True 1 0.009287118911743164 0
5300 False 0 0.0 0
5400 True 0 0.008629560470581055 0
5500 False 0 0.0 0
5600 False 0 0.0 0
5700 True 1 0.008700847625732422 0
5800 False 0 0.0 0
5900 False 0 0.0 0
6000 True 1 0.00865793228149414 0
6100 True 1 0.00874781608581543 0
6200 False 0 0.0 0
6300 False 0 0.0 0
6400 False 0 0.0 0
6500 False 0 0.0 0
6600 True 1 0.008769750595092773 0
6700 True 1 0.008673429489135742 0
6800 True 1 0.010094881057739258 0
6900 False 0 0.0 0
7000 False 0 0.0 0
7100 False 0 0.0 0
7200 False 0 0.0 0
7300 True 1 0.008641242980957031 0
7400 True 1 0.008628368377685547 0
7500 False 0 0.0 0
7600 False 0 0.0 0
7700 True 1 0.009010791778564453 0
7800 True 1 0.008702516555786133 0
7900 False 0 0.0 0
8000 True 1 0.008582115173339844 0
8100 False 0 0.0 0
8200 False 0 0.0 0
8300 False 0 0.0 0
8400 False 0 0.0 0
8500 True 1 0.008785247802734375 0
8600 False 0 0.0 0
8700 True 1 0.008756399154663086 0
8800 True 1 0.00785684585571289 0
8900 False 0 0.0 0
9000 True 1 0.008730411529541016 0
9100 False 0 0.0 0
9200 True 1 0.008671283721923828 0
9300 False 0 0.0 0
9400 True 0 0.008831262588500977 0
9500 False 0 0.0 0
9600 True 1 0.009002923965454102 0
9700 True 1 0.008033990859985352 0
9800 True 0 0.010376930236816406 0
9900 False 0 0.0 0
