0 False 0.0 0.0 0
100 False 0.0 0.0 0
200 False 0.0 0.0 0
300 True 0.0 0.11063957214355469 0
400 True 0.015625 0.10727548599243164 0
500 False 0.0 0.0 0
600 True 0.0 0.1110537052154541 0
700 True 0.0078125 0.10815620422363281 0
800 True 0.0078125 0.10949158668518066 0
900 False 0.0 0.0 0
1000 True 0.0078125 0.1105353832244873 0
1100 False 0.0 0.0 0
1200 True 0.0 0.10472965240478516 0
1300 False 0.0 0.0 0
1400 False 0.0 0.0 0
1500 True 0.0078125 0.10729813575744629 0
1600 False 0.0 0.0 0
1700 True 0.0 0.10687565803527832 0
1800 True 0.0 0.10920190811157227 0
1900 True 0.0078125 0.10424280166625977 0
2000 False 0.0 0.0 0
2100 False 0.0 0.0 0
2200 True 0.0 0.10426449775695801 0
2300 False 0.0 0.0 0
2400 True 0.015625 0.1016087532043457 0
2500 True 0.0 0.10990762710571289 0
2600 True 0.0078125 0.10769510269165039 0
2700 True 0.0078125 0.10474205017089844 0
2800 False 0.0 0.0 0
2900 False 0.0 0.0 0
3000 True 0.0078125 0.10985708236694336 0
3100 True 0.0078125 0.11041426658630371 0
3200 False 0.0 0.0 0
3300 True 0.0 0.10857439041137695 0
3400 False 0.0 0.0 0
3500 True 0.0 0.10988926887512207 0
3600 False 0.0 0.0 0
3700 False 0.0 0.0 0
3800 True 0.0078125 0.10681390762329102 0
3900 False 0.0 0.0 0
4000 False 0.0 0.0 0
4100 True 0.015625 0.11121201515197754 0
4200 False 0.0 0.0 0
4300 True 0.0078125 0.10841727256774902 0
4400 False 0.0 0.0 0
4500 True 0.0 0.10963249206542969 0
4600 False 0.0 0.0 0
4700 False 0.0 0.0 0
4800 True 0.0078125 0.10722875595092773 0
4900 False 0.0 0.0 0
5000 True 0.0078125 0.1119086742401123 0
5100 True 0.0078125 0.10938477516174316 0
5200 True 0.0078125 0.13035178184509277 0
5300 False 0.0 0.0 0
5400 True 0.0 0.10545134544372559 0
5500 True 0.0 0.10776829719543457 0
5600 True 0.0 0.10848236083984375 0
5700 True 0.0 0.11299419403076172 0
5800 False 0.0 0.0 0
5900 False 0.0 0.0 0
6000 True 0.0 0.10721731185913086 0
6100 True 0.0078125 0.10956788063049316 0
6200 False 0.0 0.0 0
6300 True 0.0 0.10672354698181152 0
6400 False 0.0 0.0 0
6500 False 0.0 0.0 0
6600 True 0.015625 0.10573339462280273 0
6700 True 0.0 0.11012482643127441 0
6800 True 0.0 0.1149139404296875 0
6900 False 0.0 0.0 0
7000 False 0.0 0.0 0
7100 False 0.0 0.0 0
7200 False 0.0 0.0 0
7300 False 0.0 0.0 0
7400 True 0.0078125 0.1021268367767334 0
7500 True 0.0078125 0.10043025016784668 0
7600 False 0.0 0.0 0
7700 True 0.0078125 0.111114501953125 0
7800 True 0.0078125 0.10451388359069824 0
7900 False 0.0 0.0 0
8000 True 0.0 0.10612750053405762 0
8100 False 0.0 0.0 0
8200 False 0.0 0.0 0
8300 False 0.0 0.0 0
8400 False 0.0 0.0 0
8500 True 0.0078125 0.11072039604187012 0
8600 False 0.0 0.0 0
8700 True 0.0 0.10680198669433594 0
8800 True 0.015625 0.10301685333251953 0
8900 False 0.0 0.0 0
9000 True 0.015625 0.10544443130493164 0
9100 False 0.0 0.0 0
9200 True 0.015625 0.10857009887695312 0
9300 True 0.0 0.10902929306030273 0
9400 True 0.0078125 0.10892748832702637 0
9500 True 0.0078125 0.11189794540405273 0
9600 True 0.0078125 0.10830354690551758 0
9700 True 0.0078125 0.10344314575195312 0
9800 True 0.0078125 0.10436868667602539 0
9900 False 0.0 0.0 0
