0 True 1 0.019863128662109375 0
100 False 0 0.0 0
200 False 0 0.0 0
300 True 1 0.014687538146972656 0
400 True 1 0.014970064163208008 0
500 False 0 0.0 0
600 True 1 0.014539003372192383 0
700 True 1 0.015153169631958008 0
800 True 1 0.014659881591796875 0
900 False 0 0.0 0
1000 True 1 0.013950109481811523 0
1100 False 0 0.0 0
1200 True 0 0.01464223861694336 0
1300 False 0 0.0 0
1400 False 0 0.0 0
1500 False 0 0.0 0
1600 True 0 0.014932632446289062 0
1700 False 0 0.0 0
1800 False 0 0.0 0
1900 True 1 0.01449275016784668 0
2000 False 0 0.0 0
2100 False 0 0.0 0
2200 True 0 0.014750957489013672 0
2300 False 0 0.0 0
2400 True 1 0.01466679573059082 0
2500 False 0 0.0 0
2600 True 1 0.014857292175292969 0
2700 True 0 0.014836788177490234 0
2800 False 0 0.0 0
2900 True 0 0.014921426773071289 0
3000 True 1 0.014702320098876953 0
3100 True 1 0.01476740837097168 0
3200 False 0 0.0 0
3300 True 0 0.014747142791748047 0
3400 False 0 0.0 0
3500 True 1 0.015042781829833984 0
3600 False 0 0.0 0
3700 True 1 0.014539718627929688 0
3800 True 1 0.015044689178466797 0
3900 False 0 0.0 0
4000 False 0 0.0 0
4100 True 1 0.01447153091430664 0
4200 False 0 0.0 0
4300 True 1 0.01487588882446289 0
4400 False 0 0.0 0
4500 True 1 0.014539718627929688 0
4600 False 0 0.0 0
4700 False 0 0.0 0
4800 True 1 0.014876365661621094 0
4900 False 0 0.0 0
5000 True 1 0.014693021774291992 0
5100 True 1 0.01496434211730957 0
5200 True 1 0.014575004577636719 0
5300 False 0 0.0 0
5400 True 1 0.014891862869262695 0
5500 False 0 0.0 0
5600 False 0 0.0 0
5700 True 1 0.014449357986450195 0
5800 False 0 0.0 0
5900 False 0 0.0 0
6000 True 1 0.014767885208129883 0
6100 True 1 0.014563322067260742 0
6200 True 1 0.014822006225585938 0
6300 False 0 0.0 0
6400 False 0 0.0 0
6500 False 0 0.0 0
6600 True 1 0.014297008514404297 0
6700 True 1 0.015027761459350586 0
6800 False 0 0.0 0
6900 False 0 0.0 0
7000 False 0 0.0 0
7100 True 1 0.014354944229125977 0
7200 False 0 0.0 0
7300 True 0 0.014658689498901367 0
7400 True 1 0.014539480209350586 0
7500 True 1 0.014008283615112305 0
7600 False 0 0.0 0
7700 True 1 0.014492988586425781 0
7800 True 0 0.014806747436523438 0
7900 False 0 0.0 0
8000 True 0 0.014520645141601562 0
8100 False 0 0.0 0
8200 False 0 0.0 0
8300 False 0 0.0 0
8400 True 1 0.014812707901000977 0
8500 True 1 0.014232397079467773 0
8600 True 1 0.015179872512817383 0
8700 True 1 0.014371633529663086 0
8800 True 1 0.014778375625610352 0
8900 True 1 0.014344930648803711 0
9000 True 1 0.014792442321777344 0
9100 False 0 0.0 0
9200 True 1 0.014513731002807617 0
9300 False 0 0.0 0
9400 True 1 0.014871835708618164 0
9500 True 0 0.014238595962524414 0
9600 True 1 0.014647245407104492 0
9700 True 1 0.014356374740600586 0
9800 True 1 0.015132665634155273 0
9900 False 0 0.0 0
