0 False 0.0 0.0 0
100 False 0.0 0.0 0
200 False 0.0 0.0 0
300 True 0.0 0.8825700283050537 0
400 True 0.015625 0.7252283096313477 0
500 False 0.0 0.0 0
600 True 0.0078125 0.7335784435272217 0
700 True 0.0078125 0.71051025390625 0
800 True 0.0078125 0.7749197483062744 0
900 False 0.0 0.0 0
1000 True 0.0078125 0.7401299476623535 0
1100 False 0.0 0.0 0
1200 True 0.0078125 0.6459085941314697 0
1300 False 0.0 0.0 0
1400 True 0.0 0.7601733207702637 0
1500 True 0.0 0.7517690658569336 0
1600 False 0.0 0.0 0
1700 False 0.0 0.0 0
1800 False 0.0 0.0 0
1900 True 0.0078125 0.668048620223999 0
2000 False 0.0 0.0 0
2100 False 0.0 0.0 0
2200 True 0.0078125 0.6418671607971191 0
2300 False 0.0 0.0 0
2400 True 0.015625 0.5787689685821533 0
2500 False 0.0 0.0 0
2600 True 0.0078125 0.6927368640899658 0
2700 True 0.0 0.6842169761657715 0
2800 False 0.0 0.0 0
2900 False 0.0 0.0 0
3000 True 0.0078125 0.7929565906524658 0
3100 True 0.0078125 0.6444704532623291 0
3200 False 0.0 0.0 0
3300 True 0.0 0.7924344539642334 0
3400 False 0.0 0.0 0
3500 True 0.0078125 0.7729277610778809 0
3600 False 0.0 0.0 0
3700 False 0.0 0.0 0
3800 True 0.0 0.7170007228851318 0
3900 False 0.0 0.0 0
4000 False 0.0 0.0 0
4100 True 0.015625 0.8140168190002441 0
4200 False 0.0 0.0 0
4300 True 0.0078125 0.7416481971740723 0
4400 False 0.0 0.0 0
4500 False 0.0 0.0 0
4600 False 0.0 0.0 0
4700 False 0.0 0.0 0
4800 True 0.0078125 0.7587738037109375 0
4900 False 0.0 0.0 0
5000 True 0.0078125 0.7750654220581055 0
5100 True 0.0 0.8361902236938477 0
5200 True 0.0078125 0.7995071411132812 0
5300 False 0.0 0.0 0
5400 True 0.0078125 0.697735071182251 0
5500 True 0.0 0.7816486358642578 0
5600 False 0.0 0.0 0
5700 True 0.0 0.7937002182006836 0
5800 False 0.0 0.0 0
5900 True 0.0 0.7688109874725342 0
6000 True 0.0 0.7553446292877197 0
6100 True 0.0078125 0.7777574062347412 0
6200 False 0.0 0.0 0
6300 True 0.0 0.8155786991119385 0
6400 False 0.0 0.0 0
6500 False 0.0 0.0 0
6600 True 0.015625 0.7453403472900391 0
6700 True 0.0 0.8249993324279785 0
6800 True 0.0 0.8987219333648682 0
6900 False 0.0 0.0 0
7000 False 0.0 0.0 0
7100 True 0.0078125 0.8201303482055664 0
7200 False 0.0 0.0 0
7300 False 0.0 0.0 0
7400 True 0.0078125 0.7539594173431396 0
7500 True 0.0078125 0.6952073574066162 0
7600 False 0.0 0.0 0
7700 True 0.0078125 0.8730425834655762 0
7800 True 0.0078125 0.5715465545654297 0
7900 False 0.0 0.0 0
8000 True 0.0078125 0.6901068687438965 0
8100 True 0.0 0.7239828109741211 0
8200 False 0.0 0.0 0
8300 False 0.0 0.0 0
8400 False 0.0 0.0 0
8500 True 0.0 0.7729716300964355 0
8600 True 0.0 0.7881689071655273 0
8700 False 0.0 0.0 0
8800 True 0.015625 0.5266871452331543 0
8900 False 0.0 0.0 0
9000 True 0.0078125 0.6578035354614258 0
9100 False 0.0 0.0 0
9200 True 0.0078125 0.6434736251831055 0
9300 True 0.0078125 0.7833969593048096 0
9400 True 0.0078125 0.774721622467041 0
9500 True 0.0 0.825840950012207 0
9600 True 0.0078125 0.6786355972290039 0
9700 True 0.0078125 0.6191837787628174 0
9800 True 0.015625 0.6780235767364502 0
9900 False 0.0 0.0 0
