0 True 0 0.06750249862670898 0
100 False 0 0.0 0
200 True 0 0.06409668922424316 0
300 True 1 0.06476593017578125 0
400 True 1 0.0640418529510498 0
500 False 0 0.0 0
600 True 1 0.06446290016174316 0
700 True 1 0.06409001350402832 0
800 True 1 0.06497502326965332 0
900 True 0 0.06851315498352051 0
1000 True 1 0.06376099586486816 0
1100 False 0 0.0 0
1200 True 1 0.0639045238494873 0
1300 True 0 0.06905341148376465 0
1400 False 0 0.0 0
1500 True 1 0.0643467903137207 0
1600 False 0 0.0 0
1700 False 0 0.0 0
1800 True 0 0.0638582706451416 0
1900 True 1 0.06335663795471191 0
2000 True 0 0.06575560569763184 0
2100 False 0 0.0 0
2200 True 1 0.0630497932434082 0
2300 False 0 0.0 0
2400 True 1 0.06353878974914551 0
2500 True 0 0.06393647193908691 0
2600 True 1 0.06475615501403809 0
2700 True 1 0.0646815299987793 0
2800 True 0 0.06577134132385254 0
2900 False 0 0.0 0
3000 True 1 0.06534576416015625 0
3100 True 1 0.0637056827545166 0
3200 True 1 0.0659329891204834 0
3300 True 1 0.0652914047241211 0
3400 False 0 0.0 0
3500 True 1 0.06376934051513672 0
3600 False 0 0.0 0
3700 True 0 0.0640113353729248 0
3800 True 1 0.06429314613342285 0
3900 False 0 0.0 0
4000 False 0 0.0 0
4100 True 1 0.06502532958984375 0
4200 False 0 0.0 0
4300 True 1 0.06553292274475098 0
4400 False 0 0.0 0
4500 False 0 0.0 0
4600 True 0 0.06499862670898438 0
4700 False 0 0.0 0
4800 True 1 0.0682377815246582 0
4900 True 0 0.0675344467163086 0
5000 True 1 0.0677802562713623 0
5100 True 1 0.06867718696594238 0
5200 True 1 0.06481671333312988 0
5300 True 0 0.06601738929748535 0
5400 True 0 0.06366848945617676 0
5500 False 0 0.0 0
5600 True 1 0.06477594375610352 0
5700 True 1 0.06515836715698242 0
5800 False 0 0.0 0
5900 False 0 0.0 0
6000 True 1 0.06440424919128418 0
6100 True 1 0.06473398208618164 0
6200 False 0 0.0 0
6300 True 0 0.0641777515411377 0
6400 False 0 0.0 0
6500 False 0 0.0 0
6600 True 1 0.06386137008666992 0
6700 True 1 0.06719446182250977 0
6800 True 0 0.06582379341125488 0
6900 True 0 0.06410384178161621 0
7000 False 0 0.0 0
7100 False 0 0.0 0
7200 True 0 0.06390190124511719 0
7300 False 0 0.0 0
7400 True 1 0.06336855888366699 0
7500 True 1 0.0645751953125 0
7600 False 0 0.0 0
7700 True 1 0.0650792121887207 0
7800 True 1 0.06543111801147461 0
7900 True 1 0.06628179550170898 0
8000 True 1 0.06431388854980469 0
8100 False 0 0.0 0
8200 False 0 0.0 0
8300 False 0 0.0 0
8400 True 0 0.06406140327453613 0
8500 True 1 0.06552743911743164 0
8600 False 0 0.0 0
8700 True 1 0.0669245719909668 0
8800 True 1 0.06282520294189453 0
8900 True 1 0.06629586219787598 0
9000 True 1 0.06352639198303223 0
9100 True 0 0.0641932487487793 0
9200 True 1 0.06401228904724121 0
9300 False 0 0.0 0
9400 True 1 0.06389355659484863 0
9500 True 1 0.06531643867492676 0
9600 True 1 0.0631706714630127 0
9700 True 1 0.06314682960510254 0
9800 True 1 0.06376361846923828 0
9900 True 1 0.06357336044311523 0
