0 False 0 0.0 0
100 False 0 0.0 0
200 False 0 0.0 0
300 True 0 0.41887760162353516 0
400 True 0 0.32976531982421875 0
500 False 0 0.0 0
600 True 0 0.422238826751709 0
700 True 0 0.3392972946166992 0
800 True 0 0.4200260639190674 0
900 False 0 0.0 0
1000 True 0 0.38394594192504883 0
1100 False 0 0.0 0
1200 True 0 0.35590338706970215 0
1300 False 0 0.0 0
1400 True 0 0.4126603603363037 0
1500 True 0 0.367661714553833 0
1600 False 0 0.0 0
1700 False 0 0.0 0
1800 False 0 0.0 0
1900 True 0 0.3739907741546631 0
2000 False 0 0.0 0
2100 False 0 0.0 0
2200 True 0 0.41509580612182617 0
2300 False 0 0.0 0
2400 True 0 0.32898473739624023 0
2500 False 0 0.0 0
2600 True 0 0.3971536159515381 0
2700 True 0 0.3572819232940674 0
2800 False 0 0.0 0
2900 False 0 0.0 0
3000 True 0 0.40625834465026855 0
3100 True 0 0.49532175064086914 0
3200 False 0 0.0 0
3300 False 0 0.0 0
3400 False 0 0.0 0
3500 True 0 0.39826536178588867 0
3600 False 0 0.0 0
3700 False 0 0.0 0
3800 True 0 0.401658296585083 0
3900 False 0 0.0 0
4000 False 0 0.0 0
4100 True 0 0.3965468406677246 0
4200 False 0 0.0 0
4300 True 0 0.4441823959350586 0
4400 False 0 0.0 0
4500 False 0 0.0 0
4600 False 0 0.0 0
4700 False 0 0.0 0
4800 True 0 0.3830749988555908 0
4900 False 0 0.0 0
5000 True 0 0.37140607833862305 0
5100 True 0 0.41228628158569336 0
5200 True 0 0.34809088706970215 0
5300 False 0 0.0 0
5400 True 0 0.3961920738220215 0
5500 True 0 0.42769360542297363 0
5600 False 0 0.0 0
5700 True 0 0.40877819061279297 0
5800 False 0 0.0 0
5900 False 0 0.0 0
6000 True 0 0.4162611961364746 0
6100 True 0 0.41765880584716797 0
6200 False 0 0.0 0
6300 True 0 0.4306070804595947 0
6400 False 0 0.0 0
6500 False 0 0.0 0
6600 True 0 0.3662123680114746 0
6700 True 0 0.40532493591308594 0
6800 True 0 0.45651912689208984 0
6900 False 0 0.0 0
7000 False 0 0.0 0
7100 True 0 0.38519859313964844 0
7200 False 0 0.0 0
7300 False 0 0.0 0
7400 True 0 0.36098551750183105 0
7500 True 0 0.37204790115356445 0
7600 False 0 0.0 0
7700 True 0 0.4704856872558594 0
7800 True 0 0.35443639755249023 0
7900 False 0 0.0 0
8000 True 0 0.38377976417541504 0
8100 False 0 0.0 0
8200 False 0 0.0 0
8300 False 0 0.0 0
8400 True 0 0.44497108459472656 0
8500 True 0 0.3849170207977295 0
8600 True 0 0.43067002296447754 0
8700 True 0 0.41176462173461914 0
8800 True 0 0.35422420501708984 0
8900 False 0 0.0 0
9000 True 0 0.4127159118652344 0
9100 False 0 0.0 0
9200 True 0 0.39287543296813965 0
9300 True 0 0.37786340713500977 0
9400 True 0 0.3849048614501953 0
9500 True 0 0.45238828659057617 0
9600 True 0 0.41414618492126465 0
9700 True 0 0.3665432929992676 0
9800 True 0 0.33110618591308594 0
9900 False 0 0.0 0
