0 True 0 0.1347205638885498 0
100 False 0 0.0 0
200 False 0 0.0 0
300 True 1 0.11484408378601074 0
400 True 1 0.08946800231933594 0
500 False 0 0.0 0
600 True 1 0.08726048469543457 0
700 True 1 0.09347271919250488 0
800 True 1 0.09149527549743652 0
900 False 0 0.0 0
1000 True 1 0.08323073387145996 0
1100 False 0 0.0 0
1200 True 1 0.0823509693145752 0
1300 False 0 0.0 0
1400 True 1 0.08837103843688965 0
1500 False 0 0.0 0
1600 False 0 0.0 0
1700 False 0 0.0 0
1800 True 0 0.08752179145812988 0
1900 True 1 0.08195281028747559 0
2000 False 0 0.0 0
2100 False 0 0.0 0
2200 False 0 0.0 0
2300 False 0 0.0 0
2400 True 1 0.08922553062438965 0
2500 False 0 0.0 0
2600 True 1 0.08252811431884766 0
2700 True 1 0.08727383613586426 0
2800 False 0 0.0 0
2900 False 0 0.0 0
3000 True 1 0.08870601654052734 0
3100 True 1 0.08550667762756348 0
3200 True 0 0.0888662338256836 0
3300 True 0 0.09516620635986328 0
3400 True 0 0.08234786987304688 0
3500 True 1 0.08744430541992188 0
3600 False 0 0.0 0
3700 False 0 0.0 0
3800 True 1 0.08818912506103516 0
3900 False 0 0.0 0
4000 False 0 0.0 0
4100 True 1 0.08472871780395508 0
4200 True 0 0.09282040596008301 0
4300 True 1 0.08675384521484375 0
4400 False 0 0.0 0
4500 True 0 0.0910797119140625 0
4600 False 0 0.0 0
4700 False 0 0.0 0
4800 True 1 0.08387470245361328 0
4900 True 0 0.0884237289428711 0
5000 True 1 0.09364891052246094 0
5100 True 1 0.08939075469970703 0
5200 True 1 0.08357620239257812 0
5300 False 0 0.0 0
5400 True 1 0.08410429954528809 0
5500 False 0 0.0 0
5600 True 1 0.09178996086120605 0
5700 True 1 0.08477234840393066 0
5800 False 0 0.0 0
5900 False 0 0.0 0
6000 True 0 0.09292221069335938 0
6100 True 1 0.08914446830749512 0
6200 True 1 0.08350110054016113 0
6300 False 0 0.0 0
6400 True 1 0.08457207679748535 0
6500 False 0 0.0 0
6600 True 1 0.08425164222717285 0
6700 True 0 0.09002542495727539 0
6800 True 1 0.09308576583862305 0
6900 True 1 0.09012293815612793 0
7000 False 0 0.0 0
7100 False 0 0.0 0
7200 True 0 0.09316778182983398 0
7300 False 0 0.0 0
7400 True 0 0.09382152557373047 0
7500 True 1 0.08488869667053223 0
7600 False 0 0.0 0
7700 True 1 0.0920400619506836 0
7800 True 0 0.07957649230957031 0
7900 False 0 0.0 0
8000 True 0 0.0857856273651123 0
8100 True 1 0.08670210838317871 0
8200 False 0 0.0 0
8300 False 0 0.0 0
8400 True 0 0.08556747436523438 0
8500 True 0 0.08495688438415527 0
8600 True 1 0.09387540817260742 0
8700 True 1 0.08989357948303223 0
8800 True 1 0.07509088516235352 0
8900 True 1 0.08582091331481934 0
9000 True 1 0.08098840713500977 0
9100 False 0 0.0 0
9200 True 1 0.08233857154846191 0
9300 True 0 0.08971786499023438 0
9400 True 1 0.09833574295043945 0
9500 True 1 0.08692550659179688 0
9600 True 1 0.08435320854187012 0
9700 True 1 0.08313417434692383 0
9800 True 1 0.08429121971130371 0
9900 True 1 0.08024191856384277 0
