0 True 0 0.5035450458526611 0
100 False 0 0.0 0
200 False 0 0.0 0
300 True 0 0.46911025047302246 0
400 True 1 0.4259021282196045 0
500 False 0 0.0 0
600 True 0 0.4019765853881836 0
700 True 0 0.4001305103302002 0
800 True 1 0.4327657222747803 0
900 False 0 0.0 0
1000 True 1 0.39391493797302246 0
1100 False 0 0.0 0
1200 True 1 0.37288475036621094 0
1300 True 0 0.3642253875732422 0
1400 True 0 0.4456319808959961 0
1500 False 0 0.0 0
1600 False 0 0.0 0
1700 False 0 0.0 0
1800 False 0 0.0 0
1900 True 1 0.3712935447692871 0
2000 True 0 0.43541455268859863 0
2100 False 0 0.0 0
2200 True 1 0.2865123748779297 0
2300 False 0 0.0 0
2400 True 1 0.3774268627166748 0
2500 False 0 0.0 0
2600 True 0 0.35535311698913574 0
2700 True 0 0.39799070358276367 0
2800 True 0 0.47184157371520996 0
2900 False 0 0.0 0
3000 True 1 0.4108874797821045 0
3100 True 0 0.3117358684539795 0
3200 False 0 0.0 0
3300 True 0 0.4533557891845703 0
3400 False 0 0.0 0
3500 False 0 0.0 0
3600 False 0 0.0 0
3700 True 0 0.40978193283081055 0
3800 True 1 0.4315330982208252 0
3900 False 0 0.0 0
4000 False 0 0.0 0
4100 True 1 0.39179277420043945 0
4200 True 0 0.4352302551269531 0
4300 True 0 0.4213683605194092 0
4400 False 0 0.0 0
4500 True 1 0.4149634838104248 0
4600 False 0 0.0 0
4700 True 0 0.4650306701660156 0
4800 True 1 0.4045114517211914 0
4900 False 0 0.0 0
5000 True 1 0.40518856048583984 0
5100 True 0 0.42479634284973145 0
5200 True 1 0.3771035671234131 0
5300 False 0 0.0 0
5400 True 0 0.3837623596191406 0
5500 False 0 0.0 0
5600 True 0 0.4339897632598877 0
5700 True 0 0.39423584938049316 0
5800 False 0 0.0 0
5900 True 0 0.44324183464050293 0
6000 False 0 0.0 0
6100 True 1 0.44147515296936035 0
6200 True 0 0.3559117317199707 0
6300 True 0 0.4312150478363037 0
6400 True 0 0.4065675735473633 0
6500 False 0 0.0 0
6600 True 1 0.355741024017334 0
6700 True 0 0.4245784282684326 0
6800 False 0 0.0 0
6900 True 0 0.41765284538269043 0
7000 False 0 0.0 0
7100 False 0 0.0 0
7200 True 0 0.4352860450744629 0
7300 False 0 0.0 0
7400 True 0 0.41586828231811523 0
7500 True 1 0.3791682720184326 0
7600 False 0 0.0 0
7700 True 0 0.47475528717041016 0
7800 True 0 0.3099358081817627 0
7900 False 0 0.0 0
8000 True 0 0.4086344242095947 0
8100 True 0 0.39525723457336426 0
8200 False 0 0.0 0
8300 False 0 0.0 0
8400 True 0 0.4200913906097412 0
8500 True 0 0.37365174293518066 0
8600 True 0 0.43298935890197754 0
8700 True 0 0.4431793689727783 0
8800 True 1 0.2748997211456299 0
8900 False 0 0.0 0
9000 True 1 0.3530874252319336 0
9100 False 0 0.0 0
9200 True 1 0.3177933692932129 0
9300 True 0 0.3937258720397949 0
9400 True 0 0.4467346668243408 0
9500 False 0 0.0 0
9600 True 0 0.40552473068237305 0
9700 True 1 0.3471078872680664 0
9800 True 1 0.3759195804595947 0
9900 True 1 0.45591211318969727 0
