0 False 0.0 0.0 0
100 False 0.0 0.0 0
200 True 0.0 0.3168604373931885 0
300 True 0.0 0.2542226314544678 0
400 False 0.0 0.0 0
500 False 0.0 0.0 0
600 False 0.0 0.0 0
700 False 0.0 0.0 0
800 True 0.0 0.2434384822845459 0
900 False 0.0 0.0 0
1000 True 0.0 0.24365782737731934 0
1100 False 0.0 0.0 0
1200 False 0.0 0.0 0
1300 False 0.0 0.0 0
1400 True 0.0 0.24682283401489258 0
1500 True 0.0 0.24722003936767578 0
1600 False 0.0 0.0 0
1700 False 0.0 0.0 0
1800 False 0.0 0.0 0
1900 True 0.0 0.2403254508972168 0
2000 False 0.0 0.0 0
2100 False 0.0 0.0 0
2200 True 0.0 0.23824334144592285 0
2300 False 0.0 0.0 0
2400 True 0.0 0.25551462173461914 0
2500 True 0.0 0.24748802185058594 0
2600 True 0.0 0.24214482307434082 0
2700 False 0.0 0.0 0
2800 False 0.0 0.0 0
2900 False 0.0 0.0 0
3000 True 0.0 0.2434704303741455 0
3100 True 0.0 0.2403709888458252 0
3200 False 0.0 0.0 0
3300 False 0.0 0.0 0
3400 False 0.0 0.0 0
3500 True 0.0 0.24205684661865234 0
3600 False 0.0 0.0 0
3700 False 0.0 0.0 0
3800 False 0.0 0.0 0
3900 False 0.0 0.0 0
4000 False 0.0 0.0 0
4100 True 0.0 0.2416987419128418 0
4200 True 0.0 0.2419276237487793 0
4300 True 0.0 0.24349117279052734 0
4400 False 0.0 0.0 0
4500 False 0.0 0.0 0
4600 False 0.0 0.0 0
4700 True 0.0 0.24599266052246094 0
4800 False 0.0 0.0 0
4900 True 0.0 0.2431943416595459 0
5000 False 0.0 0.0 0
5100 False 0.0 0.0 0
5200 False 0.0 0.0 0
5300 False 0.0 0.0 0
5400 True 0.0 0.24584460258483887 0
5500 False 0.0 0.0 0
5600 False 0.0 0.0 0
5700 False 0.0 0.0 0
5800 False 0.0 0.0 0
5900 False 0.0 0.0 0
6000 True 0.0 0.24563860893249512 0
6100 True 0.0 0.24179530143737793 0
6200 False 0.0 0.0 0
6300 False 0.0 0.0 0
6400 False 0.0 0.0 0
6500 False 0.0 0.0 0
6600 True 0.0 0.23859786987304688 0
6700 True 0.0 0.24415802955627441 0
6800 True 0.0 0.24592995643615723 0
6900 False 0.0 0.0 0
7000 False 0.0 0.0 0
7100 False 0.0 0.0 0
7200 False 0.0 0.0 0
7300 False 0.0 0.0 0
7400 True 0.0 0.24234604835510254 0
7500 False 0.0 0.0 0
7600 False 0.0 0.0 0
7700 True 0.0 0.24749541282653809 0
7800 True 0.0 0.24390459060668945 0
7900 False 0.0 0.0 0
8000 False 0.0 0.0 0
8100 False 0.0 0.0 0
8200 False 0.0 0.0 0
8300 False 0.0 0.0 0
8400 False 0.0 0.0 0
8500 True 0.0 0.24830961227416992 0
8600 False 0.0 0.0 0
8700 False 0.0 0.0 0
8800 True 0.0 0.24292922019958496 0
8900 False 0.0 0.0 0
9000 False 0.0 0.0 0
9100 False 0.0 0.0 0
9200 True 0.0 0.2384967803955078 0
9300 True 0.0 0.24028277397155762 0
9400 False 0.0 0.0 0
9500 False 0.0 0.0 0
9600 True 0.0 0.24074530601501465 0
9700 True 0.0 0.24240374565124512 0
9800 True 0.0 0.2507493495941162 0
9900 False 0.0 0.0 0
