0 False 0 0.0 0
100 False 0 0.0 0
200 False 0 0.0 0
300 True 0 0.029237031936645508 0
400 True 1 0.01916980743408203 0
500 False 0 0.0 0
600 True 1 0.026544809341430664 0
700 True 0 0.028778076171875 0
800 True 0 0.028012514114379883 0
900 False 0 0.0 0
1000 True 1 0.027497529983520508 0
1100 False 0 0.0 0
1200 False 0 0.0 0
1300 False 0 0.0 0
1400 True 0 0.02716827392578125 0
1500 False 0 0.0 0
1600 False 0 0.0 0
1700 False 0 0.0 0
1800 False 0 0.0 0
1900 True 0 0.029384613037109375 0
2000 False 0 0.0 0
2100 False 0 0.0 0
2200 True 1 0.02224254608154297 0
2300 False 0 0.0 0
2400 True 1 0.020328760147094727 0
2500 False 0 0.0 0
2600 True 1 0.020897865295410156 0
2700 False 0 0.0 0
2800 False 0 0.0 0
2900 False 0 0.0 0
3000 True 1 0.027165889739990234 0
3100 True 1 0.023450374603271484 0
3200 False 0 0.0 0
3300 False 0 0.0 0
3400 True 1 0.025996685028076172 0
3500 False 0 0.0 0
3600 False 0 0.0 0
3700 False 0 0.0 0
3800 False 0 0.0 0
3900 False 0 0.0 0
4000 False 0 0.0 0
4100 True 1 0.027447938919067383 0
4200 False 0 0.0 0
4300 True 1 0.02721428871154785 0
4400 True 0 0.029805421829223633 0
4500 True 1 0.02216362953186035 0
4600 False 0 0.0 0
4700 True 0 0.030815839767456055 0
4800 True 1 0.026934385299682617 0
4900 True 0 0.027472734451293945 0
5000 False 0 0.0 0
5100 False 0 0.0 0
5200 False 0 0.0 0
5300 True 0 0.03008723258972168 0
5400 False 0 0.0 0
5500 False 0 0.0 0
5600 False 0 0.0 0
5700 False 0 0.0 0
5800 False 0 0.0 0
5900 False 0 0.0 0
6000 True 0 0.029279232025146484 0
6100 False 0 0.0 0
6200 False 0 0.0 0
6300 False 0 0.0 0
6400 False 0 0.0 0
6500 True 0 0.029096603393554688 0
6600 True 1 0.02711653709411621 0
6700 True 0 0.02754068374633789 0
6800 True 1 0.023664474487304688 0
6900 False 0 0.0 0
7000 False 0 0.0 0
7100 True 1 0.022965431213378906 0
7200 False 0 0.0 0
7300 False 0 0.0 0
7400 False 0 0.0 0
7500 False 0 0.0 0
7600 False 0 0.0 0
7700 True 0 0.030746936798095703 0
7800 True 1 0.02732563018798828 0
7900 False 0 0.0 0
8000 True 0 0.027963876724243164 0
8100 True 0 0.030173301696777344 0
8200 False 0 0.0 0
8300 False 0 0.0 0
8400 False 0 0.0 0
8500 False 0 0.0 0
8600 False 0 0.0 0
8700 False 0 0.0 0
8800 True 1 0.02482128143310547 0
8900 False 0 0.0 0
9000 False 0 0.0 0
9100 False 0 0.0 0
9200 True 0 0.028738021850585938 0
9300 False 0 0.0 0
9400 True 0 0.03345775604248047 0
9500 True 0 0.02866840362548828 0
9600 True 0 0.028825044631958008 0
9700 True 1 0.020462989807128906 0
9800 False 0 0.0 0
9900 True 0 0.028934001922607422 0
