0 True 0.0068359375 0.3098602294921875 0
100 False 0.0 0.0 0
200 True 0.0068359375 0.2826426029205322 0
300 True 0.009765625 0.2718033790588379 0
400 True 0.0263671875 0.26949572563171387 0
500 False 0.0 0.0 0
600 True 0.0166015625 0.2912931442260742 0
700 True 0.0009765625 0.29030919075012207 0
800 True 0.0146484375 0.28871726989746094 0
900 False 0.0 0.0 0
1000 True 0.0224609375 0.27967238426208496 0
1100 False 0.0 0.0 0
1200 True 0.005859375 0.2789883613586426 0
1300 True 0.00390625 0.2817196846008301 0
1400 False 0.0 0.0 0
1500 True 0.0234375 0.30111145973205566 0
1600 False 0.0 0.0 0
1700 False 0.0 0.0 0
1800 False 0.0 0.0 0
1900 True 0.0078125 0.2868213653564453 0
2000 False 0.0 0.0 0
2100 False 0.0 0.0 0
2200 True 0.015625 0.28006649017333984 0
2300 True 0.005859375 0.2903437614440918 0
2400 True 0.0146484375 0.26265478134155273 0
2500 False 0.0 0.0 0
2600 True 0.013671875 0.2869112491607666 0
2700 False 0.0 0.0 0
2800 False 0.0 0.0 0
2900 False 0.0 0.0 0
3000 True 0.0224609375 0.27871060371398926 0
3100 True 0.005859375 0.29149317741394043 0
3200 False 0.0 0.0 0
3300 False 0.0 0.0 0
3400 False 0.0 0.0 0
3500 True 0.0048828125 0.2967071533203125 0
3600 False 0.0 0.0 0
3700 False 0.0 0.0 0
3800 True 0.01171875 0.28540778160095215 0
3900 False 0.0 0.0 0
4000 False 0.0 0.0 0
4100 True 0.017578125 0.28840184211730957 0
4200 False 0.0 0.0 0
4300 True 0.021484375 0.284482479095459 0
4400 False 0.0 0.0 0
4500 True 0.0009765625 0.2607111930847168 0
4600 False 0.0 0.0 0
4700 False 0.0 0.0 0
4800 True 0.0166015625 0.2858099937438965 0
4900 False 0.0 0.0 0
5000 True 0.013671875 0.2740144729614258 0
5100 True 0.017578125 0.29021477699279785 0
5200 False 0.0 0.0 0
5300 False 0.0 0.0 0
5400 True 0.0107421875 0.29369473457336426 0
5500 False 0.0 0.0 0
5600 False 0.0 0.0 0
5700 True 0.00390625 0.28052234649658203 0
5800 False 0.0 0.0 0
5900 False 0.0 0.0 0
6000 False 0.0 0.0 0
6100 True 0.009765625 0.2900419235229492 0
6200 False 0.0 0.0 0
6300 False 0.0 0.0 0
6400 False 0.0 0.0 0
6500 False 0.0 0.0 0
6600 True 0.029296875 0.28374505043029785 0
6700 True 0.0029296875 0.28926515579223633 0
6800 True 0.0029296875 0.29196810722351074 0
6900 True 0.0078125 0.2850966453552246 0
7000 False 0.0 0.0 0
7100 True 0.0166015625 0.2775871753692627 0
7200 False 0.0 0.0 0
7300 False 0.0 0.0 0
7400 False 0.0 0.0 0
7500 False 0.0 0.0 0
7600 False 0.0 0.0 0
7700 True 0.01171875 0.2946760654449463 0
7800 True 0.009765625 0.28922295570373535 0
7900 False 0.0 0.0 0
8000 True 0.017578125 0.28568577766418457 0
8100 False 0.0 0.0 0
8200 False 0.0 0.0 0
8300 False 0.0 0.0 0
8400 False 0.0 0.0 0
8500 False 0.0 0.0 0
8600 False 0.0 0.0 0
8700 True 0.00390625 0.2811734676361084 0
8800 True 0.0244140625 0.27655792236328125 0
8900 False 0.0 0.0 0
9000 True 0.01953125 0.28758955001831055 0
9100 False 0.0 0.0 0
9200 True 0.021484375 0.28438878059387207 0
9300 False 0.0 0.0 0
9400 True 0.0048828125 0.30508875846862793 0
9500 True 0.0 0.28192734718322754 0
9600 True 0.013671875 0.29283618927001953 0
9700 True 0.013671875 0.27757835388183594 0
9800 True 0.0029296875 0.26205897331237793 0
9900 False 0.0 0.0 0
