0 False 0.0 0.0 0
100 False 0.0 0.0 0
200 False 0.0 0.0 0
300 True 0.0 1.4627659320831299 0
400 True 0.0 1.7478289604187012 0
500 False 0.0 0.0 0
600 False 0.0 0.0 0
700 True 0.0 1.7778379917144775 0
800 False 0.0 0.0 0
900 False 0.0 0.0 0
1000 True 0.0 1.3818907737731934 0
1100 False 0.0 0.0 0
1200 False 0.0 0.0 0
1300 False 0.0 0.0 0
1400 True 0.0 1.2927742004394531 0
1500 False 0.0 0.0 0
1600 False 0.0 0.0 0
1700 False 0.0 0.0 0
1800 False 0.0 0.0 0
1900 True 0.0 1.2731940746307373 0
2000 False 0.0 0.0 0
2100 False 0.0 0.0 0
2200 True 0.0 1.4361796379089355 0
2300 False 0.0 0.0 0
2400 True 0.046875 2.997037410736084 0
2500 False 0.0 0.0 0
2600 True 0.0 1.280627727508545 0
2700 False 0.0 0.0 0
2800 False 0.0 0.0 0
2900 False 0.0 0.0 0
3000 True 0.0 2.328012704849243 0
3100 True 0.0 1.5888216495513916 0
3200 False 0.0 0.0 0
3300 False 0.0 0.0 0
3400 True 0.0 3.611603021621704 0
3500 True 0.0 1.5810580253601074 0
3600 False 0.0 0.0 0
3700 False 0.0 0.0 0
3800 True 0.0 1.3542237281799316 0
3900 False 0.0 0.0 0
4000 False 0.0 0.0 0
4100 True 0.0 1.4282612800598145 0
4200 True 0.0 1.8470110893249512 0
4300 True 0.0 1.6452949047088623 0
4400 False 0.0 0.0 0
4500 False 0.0 0.0 0
4600 False 0.0 0.0 0
4700 True 0.0 1.7395834922790527 0
4800 True 0.0 1.3582980632781982 0
4900 True 0.0 1.3371996879577637 0
5000 True 0.0 1.3903920650482178 0
5100 False 0.0 0.0 0
5200 True 0.0 2.033862590789795 0
5300 False 0.0 0.0 0
5400 True 0.0 1.9892678260803223 0
5500 False 0.0 0.0 0
5600 False 0.0 0.0 0
5700 False 0.0 0.0 0
5800 False 0.0 0.0 0
5900 False 0.0 0.0 0
6000 False 0.0 0.0 0
6100 True 0.0 1.7228305339813232 0
6200 False 0.0 0.0 0
6300 False 0.0 0.0 0
6400 False 0.0 0.0 0
6500 False 0.0 0.0 0
6600 True 0.0 1.4052674770355225 0
6700 True 0.0 1.586564302444458 0
6800 True 0.0 4.051630258560181 0
6900 False 0.0 0.0 0
7000 False 0.0 0.0 0
7100 True 0.0 3.671537399291992 0
7200 False 0.0 0.0 0
7300 False 0.0 0.0 0
7400 False 0.0 0.0 0
7500 False 0.0 0.0 0
7600 False 0.0 0.0 0
7700 True 0.0 1.9684441089630127 0
7800 True 0.0234375 3.022477149963379 0
7900 False 0.0 0.0 0
8000 True 0.0 1.3234610557556152 0
8100 False 0.0 0.0 0
8200 False 0.0 0.0 0
8300 False 0.0 0.0 0
8400 False 0.0 0.0 0
8500 False 0.0 0.0 0
8600 False 0.0 0.0 0
8700 False 0.0 0.0 0
8800 True 0.015625 2.9646337032318115 0
8900 False 0.0 0.0 0
9000 True 0.0 1.2864291667938232 0
9100 False 0.0 0.0 0
9200 True 0.0 1.5439209938049316 0
9300 True 0.0 1.7118299007415771 0
9400 False 0.0 0.0 0
9500 False 0.0 0.0 0
9600 True 0.0 1.2850329875946045 0
9700 True 0.0234375 2.981149911880493 0
9800 False 0.0 0.0 0
9900 False 0.0 0.0 0
