0 False 0 0.0 0
100 False 0 0.0 0
200 False 0 0.0 0
300 True 0 0.3058316707611084 0
400 True 0 0.29076218605041504 0
500 False 0 0.0 0
600 False 0 0.0 0
700 True 0 0.32343292236328125 0
800 False 0 0.0 0
900 False 0 0.0 0
1000 True 0 0.21662330627441406 0
1100 False 0 0.0 0
1200 False 0 0.0 0
1300 False 0 0.0 0
1400 True 0 0.21901369094848633 0
1500 False 0 0.0 0
1600 False 0 0.0 0
1700 False 0 0.0 0
1800 False 0 0.0 0
1900 True 0 0.23184514045715332 0
2000 False 0 0.0 0
2100 False 0 0.0 0
2200 True 0 0.23954415321350098 0
2300 False 0 0.0 0
2400 True 1 0.48331379890441895 0
2500 False 0 0.0 0
2600 True 0 0.19078421592712402 0
2700 False 0 0.0 0
2800 False 0 0.0 0
2900 False 0 0.0 0
3000 True 0 0.3120579719543457 0
3100 True 0 0.24401307106018066 0
3200 False 0 0.0 0
3300 False 0 0.0 0
3400 True 0 0.588641881942749 0
3500 True 0 0.24090909957885742 0
3600 False 0 0.0 0
3700 False 0 0.0 0
3800 True 0 0.2551150321960449 0
3900 False 0 0.0 0
4000 False 0 0.0 0
4100 True 0 0.22411108016967773 0
4200 True 0 0.2798604965209961 0
4300 True 0 0.28029441833496094 0
4400 False 0 0.0 0
4500 False 0 0.0 0
4600 False 0 0.0 0
4700 True 0 0.21848154067993164 0
4800 True 0 0.3134438991546631 0
4900 True 0 0.326615571975708 0
5000 True 0 0.2886166572570801 0
5100 False 0 0.0 0
5200 True 0 0.32364392280578613 0
5300 False 0 0.0 0
5400 True 0 0.29059433937072754 0
5500 False 0 0.0 0
5600 False 0 0.0 0
5700 False 0 0.0 0
5800 False 0 0.0 0
5900 False 0 0.0 0
6000 False 0 0.0 0
6100 True 0 0.23487067222595215 0
6200 False 0 0.0 0
6300 False 0 0.0 0
6400 False 0 0.0 0
6500 False 0 0.0 0
6600 True 0 0.2227458953857422 0
6700 True 0 0.27726149559020996 0
6800 True 0 0.631563663482666 0
6900 False 0 0.0 0
7000 False 0 0.0 0
7100 True 0 0.6276674270629883 0
7200 False 0 0.0 0
7300 False 0 0.0 0
7400 False 0 0.0 0
7500 False 0 0.0 0
7600 False 0 0.0 0
7700 True 0 0.3349733352661133 0
7800 True 0 0.4689173698425293 0
7900 False 0 0.0 0
8000 True 0 0.2157731056213379 0
8100 False 0 0.0 0
8200 False 0 0.0 0
8300 False 0 0.0 0
8400 False 0 0.0 0
8500 False 0 0.0 0
8600 False 0 0.0 0
8700 False 0 0.0 0
8800 True 0 0.48426175117492676 0
8900 False 0 0.0 0
9000 True 0 0.1980452537536621 0
9100 False 0 0.0 0
9200 True 0 0.27736735343933105 0
9300 True 0 0.2533740997314453 0
9400 False 0 0.0 0
9500 False 0 0.0 0
9600 True 0 0.25919198989868164 0
9700 True 0 0.6264288425445557 0
9800 False 0 0.0 0
9900 False 0 0.0 0
