0 True 0 0.3102116584777832 0
100 False 0 0.0 0
200 False 0 0.0 0
300 True 0 0.1421055793762207 0
400 True 0 0.19223904609680176 0
500 False 0 0.0 0
600 True 0 0.14641690254211426 0
700 True 0 0.18192052841186523 0
800 True 0 0.17496061325073242 0
900 False 0 0.0 0
1000 True 0 0.14763379096984863 0
1100 False 0 0.0 0
1200 False 0 0.0 0
1300 True 0 0.10523295402526855 0
1400 True 0 0.138197660446167 0
1500 False 0 0.0 0
1600 False 0 0.0 0
1700 False 0 0.0 0
1800 False 0 0.0 0
1900 True 0 0.20379090309143066 0
2000 False 0 0.0 0
2100 False 0 0.0 0
2200 False 0 0.0 0
2300 True 0 0.12148571014404297 0
2400 True 0 0.26879358291625977 0
2500 False 0 0.0 0
2600 True 0 0.17559075355529785 0
2700 True 0 0.19468903541564941 0
2800 False 0 0.0 0
2900 False 0 0.0 0
3000 True 0 0.12697982788085938 0
3100 True 0 0.2656216621398926 0
3200 False 0 0.0 0
3300 False 0 0.0 0
3400 False 0 0.0 0
3500 True 0 0.19606709480285645 0
3600 False 0 0.0 0
3700 False 0 0.0 0
3800 True 0 0.20293426513671875 0
3900 False 0 0.0 0
4000 False 0 0.0 0
4100 True 0 0.16091632843017578 0
4200 False 0 0.0 0
4300 True 0 0.17229366302490234 0
4400 False 0 0.0 0
4500 False 0 0.0 0
4600 False 0 0.0 0
4700 False 0 0.0 0
4800 True 0 0.1708080768585205 0
4900 False 0 0.0 0
5000 True 0 0.20075178146362305 0
5100 True 1 0.316845178604126 0
5200 True 0 0.2975001335144043 0
5300 False 0 0.0 0
5400 True 0 0.18717718124389648 0
5500 False 0 0.0 0
5600 False 0 0.0 0
5700 False 0 0.0 0
5800 False 0 0.0 0
5900 False 0 0.0 0
6000 True 0 0.4329397678375244 0
6100 True 0 0.268261194229126 0
6200 False 0 0.0 0
6300 False 0 0.0 0
6400 False 0 0.0 0
6500 False 0 0.0 0
6600 True 0 0.16880559921264648 0
6700 False 0 0.0 0
6800 True 1 0.22704362869262695 0
6900 False 0 0.0 0
7000 False 0 0.0 0
7100 True 0 0.15878653526306152 0
7200 False 0 0.0 0
7300 True 0 0.2504286766052246 0
7400 True 0 0.26171326637268066 0
7500 True 0 0.26566362380981445 0
7600 False 0 0.0 0
7700 True 0 0.0784907341003418 0
7800 True 0 0.23696660995483398 0
7900 False 0 0.0 0
8000 True 0 0.2250978946685791 0
8100 False 0 0.0 0
8200 False 0 0.0 0
8300 False 0 0.0 0
8400 False 0 0.0 0
8500 False 0 0.0 0
8600 True 0 0.2139425277709961 0
8700 True 0 0.23586368560791016 0
8800 True 0 0.2743959426879883 0
8900 False 0 0.0 0
9000 True 0 0.15835809707641602 0
9100 False 0 0.0 0
9200 True 0 0.1961216926574707 0
9300 False 0 0.0 0
9400 False 0 0.0 0
9500 False 0 0.0 0
9600 True 0 0.20096206665039062 0
9700 True 0 0.2694718837738037 0
9800 False 0 0.0 0
9900 False 0 0.0 0
