0 False 0 0.0 0
100 False 0 0.0 0
200 False 0 0.0 0
300 True 1 0.3558337688446045 0
400 True 0 0.13287758827209473 0
500 False 0 0.0 0
600 False 0 0.0 0
700 True 0 0.10234212875366211 0
800 True 0 0.16621112823486328 0
900 False 0 0.0 0
1000 True 0 0.21213221549987793 0
1100 False 0 0.0 0
1200 False 0 0.0 0
1300 False 0 0.0 0
1400 True 0 0.13089728355407715 0
1500 False 0 0.0 0
1600 False 0 0.0 0
1700 False 0 0.0 0
1800 False 0 0.0 0
1900 False 0 0.0 0
2000 False 0 0.0 0
2100 False 0 0.0 0
2200 True 0 0.16257977485656738 0
2300 False 0 0.0 0
2400 True 1 0.3150293827056885 0
2500 False 0 0.0 0
2600 True 0 0.09814763069152832 0
2700 True 0 0.18368983268737793 0
2800 False 0 0.0 0
2900 False 0 0.0 0
3000 True 0 0.11367630958557129 0
3100 True 0 0.17490267753601074 0
3200 False 0 0.0 0
3300 False 0 0.0 0
3400 True 1 0.23232364654541016 0
3500 False 0 0.0 0
3600 False 0 0.0 0
3700 False 0 0.0 0
3800 False 0 0.0 0
3900 False 0 0.0 0
4000 False 0 0.0 0
4100 True 0 0.14296865463256836 0
4200 False 0 0.0 0
4300 False 0 0.0 0
4400 False 0 0.0 0
4500 False 0 0.0 0
4600 False 0 0.0 0
4700 False 0 0.0 0
4800 True 0 0.3197362422943115 0
4900 False 0 0.0 0
5000 False 0 0.0 0
5100 False 0 0.0 0
5200 False 0 0.0 0
5300 False 0 0.0 0
5400 False 0 0.0 0
5500 False 0 0.0 0
5600 False 0 0.0 0
5700 False 0 0.0 0
5800 False 0 0.0 0
5900 False 0 0.0 0
6000 False 0 0.0 0
6100 True 0 0.1204073429107666 0
6200 False 0 0.0 0
6300 False 0 0.0 0
6400 False 0 0.0 0
6500 False 0 0.0 0
6600 True 0 0.09636235237121582 0
6700 True 1 0.2307136058807373 0
6800 True 1 0.22450518608093262 0
6900 False 0 0.0 0
7000 False 0 0.0 0
7100 True 0 0.2612762451171875 0
7200 False 0 0.0 0
7300 True 0 0.12024617195129395 0
7400 False 0 0.0 0
7500 False 0 0.0 0
7600 False 0 0.0 0
7700 True 1 0.24419379234313965 0
7800 True 1 0.27981114387512207 0
7900 False 0 0.0 0
8000 True 0 0.1486375331878662 0
8100 True 0 0.10916423797607422 0
8200 False 0 0.0 0
8300 False 0 0.0 0
8400 False 0 0.0 0
8500 False 0 0.0 0
8600 False 0 0.0 0
8700 False 0 0.0 0
8800 True 0 0.32299327850341797 0
8900 False 0 0.0 0
9000 False 0 0.0 0
9100 False 0 0.0 0
9200 True 0 0.1350553035736084 0
9300 False 0 0.0 0
9400 True 0 0.22697997093200684 0
9500 False 0 0.0 0
9600 True 0 0.1290605068206787 0
9700 True 1 0.2820284366607666 0
9800 False 0 0.0 0
9900 False 0 0.0 0
