0 True 0 0.3506157398223877 0
100 False 0 0.0 0
200 False 0 0.0 0
300 True 0 0.30203890800476074 0
400 True 0 0.35315728187561035 0
500 False 0 0.0 0
600 False 0 0.0 0
700 True 0 0.3618757724761963 0
800 False 0 0.0 0
900 False 0 0.0 0
1000 True 0 0.29102563858032227 0
1100 False 0 0.0 0
1200 True 0 0.26142382621765137 0
1300 False 0 0.0 0
1400 False 0 0.0 0
1500 True 0 0.2784616947174072 0
1600 False 0 0.0 0
1700 False 0 0.0 0
1800 False 0 0.0 0
1900 True 0 0.24650883674621582 0
2000 False 0 0.0 0
2100 False 0 0.0 0
2200 True 0 0.2910420894622803 0
2300 True 0 0.3052711486816406 0
2400 True 1 0.6510016918182373 0
2500 False 0 0.0 0
2600 True 0 0.3942878246307373 0
2700 False 0 0.0 0
2800 True 0 0.28014183044433594 0
2900 False 0 0.0 0
3000 True 0 0.37282347679138184 0
3100 True 0 0.2846512794494629 0
3200 False 0 0.0 0
3300 False 0 0.0 0
3400 False 0 0.0 0
3500 True 0 0.2623758316040039 0
3600 False 0 0.0 0
3700 False 0 0.0 0
3800 True 0 0.2517392635345459 0
3900 True 0 0.28826022148132324 0
4000 False 0 0.0 0
4100 True 0 0.2599165439605713 0
4200 False 0 0.0 0
4300 True 0 0.27127623558044434 0
4400 False 0 0.0 0
4500 False 0 0.0 0
4600 True 0 0.3669450283050537 0
4700 False 0 0.0 0
4800 True 0 0.25028014183044434 0
4900 True 0 0.26081180572509766 0
5000 True 0 0.3851430416107178 0
5100 True 0 0.5629003047943115 0
5200 True 0 0.36701154708862305 0
5300 False 0 0.0 0
5400 True 0 0.3956918716430664 0
5500 False 0 0.0 0
5600 False 0 0.0 0
5700 True 0 0.25847339630126953 0
5800 False 0 0.0 0
5900 False 0 0.0 0
6000 True 0 0.2911388874053955 0
6100 True 0 0.3090946674346924 0
6200 False 0 0.0 0
6300 False 0 0.0 0
6400 False 0 0.0 0
6500 False 0 0.0 0
6600 True 0 0.289689302444458 0
6700 True 0 0.2660036087036133 0
6800 True 0 0.25876617431640625 0
6900 False 0 0.0 0
7000 False 0 0.0 0
7100 False 0 0.0 0
7200 False 0 0.0 0
7300 True 0 0.29878735542297363 0
7400 True 0 0.32492637634277344 0
7500 False 0 0.0 0
7600 False 0 0.0 0
7700 True 0 0.35129475593566895 0
7800 True 1 0.514432430267334 0
7900 False 0 0.0 0
8000 True 0 0.2638254165649414 0
8100 False 0 0.0 0
8200 False 0 0.0 0
8300 False 0 0.0 0
8400 False 0 0.0 0
8500 True 0 0.3551356792449951 0
8600 False 0 0.0 0
8700 True 0 0.2794151306152344 0
8800 True 1 0.5086061954498291 0
8900 False 0 0.0 0
9000 True 0 0.3167762756347656 0
9100 False 0 0.0 0
9200 True 0 0.35757875442504883 0
9300 False 0 0.0 0
9400 True 0 0.4909834861755371 0
9500 False 0 0.0 0
9600 True 0 0.24355483055114746 0
9700 True 1 0.5704076290130615 0
9800 True 0 0.2824234962463379 0
9900 False 0 0.0 0
