0 False 0.0 0.0 0
100 False 0.0 0.0 0
200 False 0.0 0.0 0
300 True 0.0 5.66676926612854 0
400 True 0.0 5.478580474853516 0
500 False 0.0 0.0 0
600 True 0.0 5.936668634414673 0
700 True 0.0 8.238159418106079 0
800 True 0.0 8.350169658660889 0
900 False 0.0 0.0 0
1000 True 0.0 7.574146509170532 0
1100 False 0.0 0.0 0
1200 True 0.0 7.057650804519653 0
1300 False 0.0 0.0 0
1400 False 0.0 0.0 0
1500 True 0.0 8.342228412628174 0
1600 False 0.0 0.0 0
1700 True 0.0 7.263855218887329 0
1800 True 0.0 8.677612781524658 0
1900 True 0.0 6.271353483200073 0
2000 False 0.0 0.0 0
2100 False 0.0 0.0 0
2200 True 0.0 7.386079788208008 0
2300 False 0.0 0.0 0
2400 True 0.0 13.540724992752075 0
2500 True 0.0 8.869121313095093 0
2600 True 0.0 14.654028415679932 0
2700 True 0.0 5.799659013748169 0
2800 False 0.0 0.0 0
2900 False 0.0 0.0 0
3000 True 0.0 8.315314054489136 0
3100 True 0.0 6.871307373046875 0
3200 False 0.0 0.0 0
3300 True 0.0 5.995182991027832 0
3400 False 0.0 0.0 0
3500 True 0.0 13.327762365341187 0
3600 False 0.0 0.0 0
3700 False 0.0 0.0 0
3800 True 0.0 7.706385135650635 0
3900 False 0.0 0.0 0
4000 False 0.0 0.0 0
4100 True 0.0 5.904287576675415 0
4200 False 0.0 0.0 0
4300 True 0.0 5.372466325759888 0
4400 False 0.0 0.0 0
4500 True 0.0 6.291975498199463 0
4600 False 0.0 0.0 0
4700 False 0.0 0.0 0
4800 True 0.0 5.646329402923584 0
4900 False 0.0 0.0 0
5000 True 0.0 8.648800134658813 0
5100 True 0.0 5.399609327316284 0
5200 True 0.0 8.522894382476807 0
5300 False 0.0 0.0 0
5400 True 0.0 8.331793308258057 0
5500 True 0.0 14.538259506225586 0
5600 True 0.0 6.170143365859985 0
5700 True 0.0 14.26773715019226 0
5800 False 0.0 0.0 0
5900 False 0.0 0.0 0
6000 True 0.0 5.596590757369995 0
6100 True 0.0 13.446353197097778 0
6200 False 0.0 0.0 0
6300 True 0.0 13.23876142501831 0
6400 False 0.0 0.0 0
6500 False 0.0 0.0 0
6600 True 0.0 6.266090393066406 0
6700 True 0.0 5.824772119522095 0
6800 True 0.0 6.822223424911499 0
6900 False 0.0 0.0 0
7000 False 0.0 0.0 0
7100 False 0.0 0.0 0
7200 False 0.0 0.0 0
7300 False 0.0 0.0 0
7400 True 0.0 10.103411197662354 0
7500 True 0.0 8.08212661743164 0
7600 False 0.0 0.0 0
7700 True 0.0 14.765567302703857 0
7800 True 0.0078125 13.405494213104248 0
7900 False 0.0 0.0 0
8000 True 0.0 5.790362358093262 0
8100 False 0.0 0.0 0
8200 False 0.0 0.0 0
8300 False 0.0 0.0 0
8400 False 0.0 0.0 0
8500 True 0.0 8.556116342544556 0
8600 False 0.0 0.0 0
8700 True 0.0 7.630135536193848 0
8800 True 0.0 8.684006214141846 0
8900 False 0.0 0.0 0
9000 True 0.0 9.399247169494629 0
9100 False 0.0 0.0 0
9200 True 0.0 16.008941411972046 0
9300 True 0.0 9.597462892532349 0
9400 True 0.0 8.839700698852539 0
9500 True 0.0 8.044332265853882 0
9600 True 0.0 5.590149641036987 0
9700 True 0.0 13.589607954025269 0
9800 True 0.0 5.967019319534302 0
9900 False 0.0 0.0 0
