0 True 0 0.6301569938659668 0
100 False 0 0.0 0
200 False 0 0.0 0
300 True 1 1.0682222843170166 0
400 True 0 0.39762020111083984 0
500 False 0 0.0 0
600 True 0 0.5843291282653809 0
700 True 0 0.5209660530090332 0
800 True 0 0.3985147476196289 0
900 False 0 0.0 0
1000 True 0 1.2014517784118652 0
1100 False 0 0.0 0
1200 True 0 0.43711376190185547 0
1300 False 0 0.0 0
1400 False 0 0.0 0
1500 False 0 0.0 0
1600 True 0 0.4979093074798584 0
1700 False 0 0.0 0
1800 False 0 0.0 0
1900 True 0 0.9000461101531982 0
2000 False 0 0.0 0
2100 False 0 0.0 0
2200 True 0 0.40785789489746094 0
2300 False 0 0.0 0
2400 True 0 0.5338327884674072 0
2500 False 0 0.0 0
2600 True 0 0.3728034496307373 0
2700 True 0 1.1175744533538818 0
2800 False 0 0.0 0
2900 True 0 0.661736249923706 0
3000 True 0 0.5826330184936523 0
3100 True 0 0.37581944465637207 0
3200 False 0 0.0 0
3300 True 0 0.39577722549438477 0
3400 False 0 0.0 0
3500 True 1 0.8269932270050049 0
3600 False 0 0.0 0
3700 True 0 0.5205438137054443 0
3800 True 0 0.6170413494110107 0
3900 False 0 0.0 0
4000 False 0 0.0 0
4100 True 0 0.5572688579559326 0
4200 False 0 0.0 0
4300 True 0 0.3647627830505371 0
4400 False 0 0.0 0
4500 True 0 0.41365647315979004 0
4600 False 0 0.0 0
4700 False 0 0.0 0
4800 True 0 0.4136061668395996 0
4900 False 0 0.0 0
5000 True 0 0.41620898246765137 0
5100 True 0 0.9979474544525146 0
5200 True 0 0.6833181381225586 0
5300 False 0 0.0 0
5400 True 0 0.3697636127471924 0
5500 False 0 0.0 0
5600 False 0 0.0 0
5700 True 0 0.9903554916381836 0
5800 False 0 0.0 0
5900 False 0 0.0 0
6000 True 0 0.3830294609069824 0
6100 True 0 0.5180525779724121 0
6200 True 1 0.8205273151397705 0
6300 False 0 0.0 0
6400 False 0 0.0 0
6500 False 0 0.0 0
6600 True 0 0.5438282489776611 0
6700 True 1 1.1494274139404297 0
6800 False 0 0.0 0
6900 False 0 0.0 0
7000 False 0 0.0 0
7100 True 0 0.5628938674926758 0
7200 False 0 0.0 0
7300 True 0 0.553133487701416 0
7400 True 0 1.0432043075561523 0
7500 True 0 0.5977792739868164 0
7600 False 0 0.0 0
7700 True 1 1.0785605907440186 0
7800 True 0 0.3771336078643799 0
7900 False 0 0.0 0
8000 True 0 0.38274431228637695 0
8100 False 0 0.0 0
8200 False 0 0.0 0
8300 False 0 0.0 0
8400 True 0 0.39188241958618164 0
8500 True 0 0.3767273426055908 0
8600 True 0 0.43513917922973633 0
8700 True 1 0.9376838207244873 0
8800 True 0 0.3695194721221924 0
8900 True 0 0.3903825283050537 0
9000 True 0 0.499741792678833 0
9100 False 0 0.0 0
9200 True 0 0.38641834259033203 0
9300 False 0 0.0 0
9400 True 1 1.1134674549102783 0
9500 True 0 0.6185092926025391 0
9600 True 0 0.3538482189178467 0
9700 True 0 0.3909881114959717 0
9800 True 0 0.5687747001647949 0
9900 False 0 0.0 0
