0 True 0.0 5.083133220672607 0
100 False 0.0 0.0 0
200 False 0.0 0.0 0
300 True 0.01171875 10.076128482818604 0
400 True 0.0 3.722344398498535 0
500 False 0.0 0.0 0
600 True 0.0 5.054352283477783 0
700 True 0.0 4.765257358551025 0
800 True 0.0 3.641206979751587 0
900 False 0.0 0.0 0
1000 True 0.0009765625 10.000793218612671 0
1100 False 0.0 0.0 0
1200 True 0.0 3.755805492401123 0
1300 False 0.0 0.0 0
1400 False 0.0 0.0 0
1500 False 0.0 0.0 0
1600 True 0.0 4.63568639755249 0
1700 False 0.0 0.0 0
1800 False 0.0 0.0 0
1900 True 0.0029296875 9.082414865493774 0
2000 False 0.0 0.0 0
2100 False 0.0 0.0 0
2200 True 0.0 3.719304084777832 0
2300 False 0.0 0.0 0
2400 True 0.0 4.586945533752441 0
2500 False 0.0 0.0 0
2600 True 0.0 3.515029191970825 0
2700 True 0.005859375 10.727997064590454 0
2800 False 0.0 0.0 0
2900 True 0.0 6.064264297485352 0
3000 True 0.0 5.3475306034088135 0
3100 True 0.0 3.470637321472168 0
3200 False 0.0 0.0 0
3300 True 0.0 3.603961706161499 0
3400 False 0.0 0.0 0
3500 True 0.0087890625 8.490377426147461 0
3600 False 0.0 0.0 0
3700 True 0.0 5.024667739868164 0
3800 True 0.0 5.74508261680603 0
3900 False 0.0 0.0 0
4000 False 0.0 0.0 0
4100 True 0.0 5.078727960586548 0
4200 False 0.0 0.0 0
4300 True 0.0 3.3883891105651855 0
4400 False 0.0 0.0 0
4500 True 0.0 3.515852689743042 0
4600 False 0.0 0.0 0
4700 False 0.0 0.0 0
4800 True 0.0 3.785673141479492 0
4900 False 0.0 0.0 0
5000 True 0.0 3.725508689880371 0
5100 True 0.0009765625 9.784764289855957 0
5200 True 0.0 6.499334096908569 0
5300 False 0.0 0.0 0
5400 True 0.0 3.4265358448028564 0
5500 False 0.0 0.0 0
5600 False 0.0 0.0 0
5700 True 0.00390625 9.218574047088623 0
5800 False 0.0 0.0 0
5900 False 0.0 0.0 0
6000 True 0.0 3.499941349029541 0
6100 True 0.0 4.8528807163238525 0
6200 True 0.025390625 8.114734172821045 0
6300 False 0.0 0.0 0
6400 False 0.0 0.0 0
6500 False 0.0 0.0 0
6600 True 0.0 5.19258189201355 0
6700 True 0.0107421875 10.742729902267456 0
6800 False 0.0 0.0 0
6900 False 0.0 0.0 0
7000 False 0.0 0.0 0
7100 True 0.0 4.8937859535217285 0
7200 False 0.0 0.0 0
7300 True 0.0 4.829787254333496 0
7400 True 0.0009765625 9.560417413711548 0
7500 True 0.0 5.6785314083099365 0
7600 False 0.0 0.0 0
7700 True 0.0146484375 10.031854629516602 0
7800 True 0.0 3.4329514503479004 0
7900 False 0.0 0.0 0
8000 True 0.0 3.516657590866089 0
8100 False 0.0 0.0 0
8200 False 0.0 0.0 0
8300 False 0.0 0.0 0
8400 True 0.0 3.490334987640381 0
8500 True 0.0 3.6703097820281982 0
8600 True 0.0 3.7859725952148438 0
8700 True 0.01171875 9.796227931976318 0
8800 True 0.0 3.313836097717285 0
8900 True 0.0 3.478440523147583 0
9000 True 0.0 4.612715482711792 0
9100 False 0.0 0.0 0
9200 True 0.0 3.4490456581115723 0
9300 False 0.0 0.0 0
9400 True 0.0126953125 10.328924894332886 0
9500 True 0.0 5.6330671310424805 0
9600 True 0.0 3.2653775215148926 0
9700 True 0.0 3.5138144493103027 0
9800 True 0.0 5.128920555114746 0
9900 False 0.0 0.0 0
