0 True 0.0 10.011622667312622 0
100 True 0.0 10.021164655685425 0
200 False 0.0 0.0 0
300 True 0.0 6.922820806503296 0
400 True 0.0 5.926476001739502 0
500 False 0.0 0.0 0
600 False 0.0 0.0 0
700 True 0.0 5.7147345542907715 0
800 True 0.0 5.794051885604858 0
900 False 0.0 0.0 0
1000 True 0.0 5.665046215057373 0
1100 False 0.0 0.0 0
1200 True 0.0 7.502220153808594 0
1300 False 0.0 0.0 0
1400 True 0.0 15.201794862747192 0
1500 True 0.0 14.254318714141846 0
1600 False 0.0 0.0 0
1700 False 0.0 0.0 0
1800 True 0.0 9.670838832855225 0
1900 True 0.0 5.665817022323608 0
2000 False 0.0 0.0 0
2100 True 0.0 7.128397703170776 0
2200 True 0.0 7.437288761138916 0
2300 False 0.0 0.0 0
2400 True 0.0 7.571511745452881 0
2500 True 0.0 8.607131958007812 0
2600 True 0.0 6.110100507736206 0
2700 True 0.0 5.661894798278809 0
2800 True 0.0 6.187912225723267 0
2900 False 0.0 0.0 0
3000 True 0.0 11.22775936126709 0
3100 True 0.0 6.669759511947632 0
3200 True 0.0 8.977041959762573 0
3300 True 0.0 10.440983533859253 0
3400 False 0.0 0.0 0
3500 True 0.0 13.593745231628418 0
3600 False 0.0 0.0 0
3700 False 0.0 0.0 0
3800 True 0.0 5.836188077926636 0
3900 False 0.0 0.0 0
4000 False 0.0 0.0 0
4100 True 0.0 6.508625268936157 0
4200 False 0.0 0.0 0
4300 True 0.0 5.9776952266693115 0
4400 False 0.0 0.0 0
4500 True 0.0 5.914860963821411 0
4600 False 0.0 0.0 0
4700 False 0.0 0.0 0
4800 True 0.0 6.485617637634277 0
4900 True 0.0 5.90308690071106 0
5000 True 0.0 6.785502672195435 0
5100 False 0.0 0.0 0
5200 True 0.0 9.224785804748535 0
5300 False 0.0 0.0 0
5400 False 0.0 0.0 0
5500 False 0.0 0.0 0
5600 True 0.0 5.767304420471191 0
5700 True 0.0 14.974872827529907 0
5800 False 0.0 0.0 0
5900 False 0.0 0.0 0
6000 True 0.0 5.852967977523804 0
6100 True 0.0 13.58706259727478 0
6200 False 0.0 0.0 0
6300 True 0.0 14.084725618362427 0
6400 False 0.0 0.0 0
6500 False 0.0 0.0 0
6600 True 0.0 5.791225433349609 0
6700 True 0.0 6.492038249969482 0
6800 True 0.0 7.520460367202759 0
6900 False 0.0 0.0 0
7000 False 0.0 0.0 0
7100 False 0.0 0.0 0
7200 False 0.0 0.0 0
7300 False 0.0 0.0 0
7400 True 0.0 9.53725790977478 0
7500 True 0.0 9.007961750030518 0
7600 False 0.0 0.0 0
7700 True 0.0 16.885429859161377 0
7800 True 0.0 12.53131651878357 0
7900 False 0.0 0.0 0
8000 True 0.0 8.957207918167114 0
8100 False 0.0 0.0 0
8200 False 0.0 0.0 0
8300 False 0.0 0.0 0
8400 False 0.0 0.0 0
8500 True 0.0 9.037211418151855 0
8600 False 0.0 0.0 0
8700 True 0.0 8.62030577659607 0
8800 True 0.0 8.38764214515686 0
8900 True 0.0 6.17894721031189 0
9000 True 0.0 9.644944190979004 0
9100 False 0.0 0.0 0
9200 True 0.0 15.822338104248047 0
9300 True 0.0 15.580475568771362 0
9400 True 0.0 9.108603239059448 0
9500 True 0.0 9.237903118133545 0
9600 True 0.0 16.065704345703125 0
9700 True 0.0 6.602940082550049 0
9800 True 0.0 12.693715572357178 0
9900 False 0.0 0.0 0
