0 False 0.0 0.0 0
100 False 0.0 0.0 0
200 False 0.0 0.0 0
300 True 0.01953125 120.73321747779846 1
400 True 0.0 57.499942779541016 0
500 False 0.0 0.0 0
600 True 0.0 58.16362690925598 0
700 True 0.0 55.45928931236267 0
800 True 0.0 56.47581195831299 0
900 False 0.0 0.0 0
1000 True 0.0 54.52993702888489 0
1100 False 0.0 0.0 0
1200 True 0.0 57.84220242500305 0
1300 True 0.0625 120.64965963363647 1
1400 True 0.0 53.02062773704529 0
1500 False 0.0 0.0 0
1600 False 0.0 0.0 0
1700 False 0.0 0.0 0
1800 False 0.0 0.0 0
1900 True 0.0 59.6678626537323 0
2000 False 0.0 0.0 0
2100 False 0.0 0.0 0
2200 True 0.0 54.93309283256531 0
2300 False 0.0 0.0 0
2400 True 0.0458984375 101.32983827590942 0
2500 False 0.0 0.0 0
2600 True 0.0 56.944319009780884 0
2700 True 0.0 53.57438564300537 0
2800 False 0.0 0.0 0
2900 False 0.0 0.0 0
3000 True 0.0 59.013235569000244 0
3100 True 0.0 54.83912754058838 0
3200 False 0.0 0.0 0
3300 True 0.0 58.39397597312927 0
3400 True 0.0 71.10040807723999 0
3500 True 0.0078125 120.64244556427002 1
3600 False 0.0 0.0 0
3700 False 0.0 0.0 0
3800 True 0.0 54.65290832519531 0
3900 False 0.0 0.0 0
4000 False 0.0 0.0 0
4100 True 0.0 63.07748985290527 0
4200 False 0.0 0.0 0
4300 True 0.0 60.094104528427124 0
4400 False 0.0 0.0 0
4500 True 0.0 56.41997504234314 0
4600 False 0.0 0.0 0
4700 False 0.0 0.0 0
4800 True 0.01953125 120.75417709350586 1
4900 False 0.0 0.0 0
5000 True 0.0 56.08913469314575 0
5100 True 0.0 65.19901394844055 0
5200 False 0.0 0.0 0
5300 False 0.0 0.0 0
5400 True 0.0 54.60266137123108 0
5500 False 0.0 0.0 0
5600 False 0.0 0.0 0
5700 False 0.0 0.0 0
5800 False 0.0 0.0 0
5900 False 0.0 0.0 0
6000 False 0.0 0.0 0
6100 True 0.0 60.194743156433105 0
6200 False 0.0 0.0 0
6300 False 0.0 0.0 0
6400 False 0.0 0.0 0
6500 False 0.0 0.0 0
6600 True 0.0 62.720707654953 0
6700 True 0.01953125 120.72748303413391 1
6800 True 0.02734375 120.66350054740906 1
6900 True 0.0 55.66618251800537 0
7000 False 0.0 0.0 0
7100 True 0.05078125 120.64773535728455 1
7200 True 0.0 57.80367970466614 0
7300 False 0.0 0.0 0
7400 False 0.0 0.0 0
7500 True 0.0 54.673516273498535 0
7600 False 0.0 0.0 0
7700 True 0.046875 120.65786218643188 1
7800 True 0.0 53.450809955596924 0
7900 False 0.0 0.0 0
8000 True 0.033203125 120.63991141319275 1
8100 False 0.0 0.0 0
8200 False 0.0 0.0 0
8300 False 0.0 0.0 0
8400 False 0.0 0.0 0
8500 False 0.0 0.0 0
8600 True 0.0 58.01815581321716 0
8700 True 0.03125 120.64444732666016 1
8800 True 0.0537109375 103.06369066238403 0
8900 False 0.0 0.0 0
9000 True 0.0 56.36824870109558 0
9100 False 0.0 0.0 0
9200 True 0.0 59.91369366645813 0
9300 True 0.0 120.66903901100159 1
9400 True 0.0234375 120.66919326782227 1
9500 False 0.0 0.0 0
9600 True 0.0 56.933844327926636 0
9700 True 0.001953125 106.4680848121643 0
9800 True 0.0 58.884626150131226 0
9900 False 0.0 0.0 0
