0 False 0 0.0 0
100 False 0 0.0 0
200 False 0 0.0 0
300 True 0 14.024489402770996 0
400 True 0 5.739418029785156 0
500 False 0 0.0 0
600 True 0 6.242162704467773 0
700 True 0 5.771719455718994 0
800 True 0 5.773924350738525 0
900 False 0 0.0 0
1000 True 0 5.731949329376221 0
1100 False 0 0.0 0
1200 True 0 5.862580299377441 0
1300 True 1 15.490485668182373 0
1400 True 0 5.450424909591675 0
1500 False 0 0.0 0
1600 False 0 0.0 0
1700 False 0 0.0 0
1800 False 0 0.0 0
1900 True 0 6.162985563278198 0
2000 False 0 0.0 0
2100 False 0 0.0 0
2200 True 0 5.753491640090942 0
2300 False 0 0.0 0
2400 True 1 10.057881832122803 0
2500 False 0 0.0 0
2600 True 0 5.838667631149292 0
2700 True 0 5.664264678955078 0
2800 False 0 0.0 0
2900 False 0 0.0 0
3000 True 0 6.2927587032318115 0
3100 True 0 5.797518014907837 0
3200 False 0 0.0 0
3300 True 0 6.036757230758667 0
3400 True 0 7.136982440948486 0
3500 True 0 12.33810043334961 0
3600 False 0 0.0 0
3700 False 0 0.0 0
3800 True 0 5.848080396652222 0
3900 False 0 0.0 0
4000 False 0 0.0 0
4100 True 0 6.523555040359497 0
4200 False 0 0.0 0
4300 True 0 6.087547063827515 0
4400 False 0 0.0 0
4500 True 0 5.864026069641113 0
4600 False 0 0.0 0
4700 False 0 0.0 0
4800 True 0 13.397257566452026 0
4900 False 0 0.0 0
5000 True 0 5.86176872253418 0
5100 True 0 6.736483573913574 0
5200 False 0 0.0 0
5300 False 0 0.0 0
5400 True 0 5.5075390338897705 0
5500 False 0 0.0 0
5600 False 0 0.0 0
5700 False 0 0.0 0
5800 False 0 0.0 0
5900 False 0 0.0 0
6000 False 0 0.0 0
6100 True 0 6.212724685668945 0
6200 False 0 0.0 0
6300 False 0 0.0 0
6400 False 0 0.0 0
6500 False 0 0.0 0
6600 True 0 6.482728481292725 0
6700 True 0 12.835582971572876 0
6800 True 0 14.606482744216919 0
6900 True 0 6.065504789352417 0
7000 False 0 0.0 0
7100 True 1 15.299206495285034 0
7200 True 0 6.43976092338562 0
7300 False 0 0.0 0
7400 False 0 0.0 0
7500 True 0 5.956938743591309 0
7600 False 0 0.0 0
7700 True 1 16.649290323257446 0
7800 True 0 5.796800851821899 0
7900 False 0 0.0 0
8000 True 1 13.15938925743103 0
8100 False 0 0.0 0
8200 False 0 0.0 0
8300 False 0 0.0 0
8400 False 0 0.0 0
8500 False 0 0.0 0
8600 True 0 6.2605767250061035 0
8700 True 1 13.5682954788208 0
8800 True 1 11.071687698364258 0
8900 False 0 0.0 0
9000 True 0 6.366914987564087 0
9100 False 0 0.0 0
9200 True 0 6.609965562820435 0
9300 True 0 13.402408361434937 0
9400 True 0 13.796020984649658 0
9500 False 0 0.0 0
9600 True 0 6.535846948623657 0
9700 True 0 11.003326177597046 0
9800 True 0 6.553790330886841 0
9900 False 0 0.0 0
