0 True 1 0.9392533302307129 0
100 False 0 0.0 0
200 False 0 0.0 0
300 True 1 0.8846759796142578 0
400 True 1 1.1872811317443848 0
500 False 0 0.0 0
600 True 0 0.7963852882385254 0
700 True 0 0.558804988861084 0
800 True 0 0.8775813579559326 0
900 False 0 0.0 0
1000 True 1 1.1945455074310303 0
1100 False 0 0.0 0
1200 True 1 0.891679048538208 0
1300 False 0 0.0 0
1400 True 0 0.7405819892883301 0
1500 True 1 0.9049863815307617 0
1600 False 0 0.0 0
1700 False 0 0.0 0
1800 False 0 0.0 0
1900 True 1 0.8822021484375 0
2000 False 0 0.0 0
2100 False 0 0.0 0
2200 True 1 0.9070334434509277 0
2300 False 0 0.0 0
2400 True 1 0.8756694793701172 0
2500 False 0 0.0 0
2600 True 1 0.8892180919647217 0
2700 False 0 0.0 0
2800 False 0 0.0 0
2900 False 0 0.0 0
3000 True 1 0.9154794216156006 0
3100 True 1 1.2024548053741455 0
3200 False 0 0.0 0
3300 False 0 0.0 0
3400 False 0 0.0 0
3500 True 1 0.8878030776977539 0
3600 False 0 0.0 0
3700 False 0 0.0 0
3800 False 0 0.0 0
3900 False 0 0.0 0
4000 False 0 0.0 0
4100 True 1 0.8769688606262207 0
4200 True 0 0.47742438316345215 0
4300 True 1 1.2040352821350098 0
4400 False 0 0.0 0
4500 False 0 0.0 0
4600 False 0 0.0 0
4700 False 0 0.0 0
4800 True 1 0.9834239482879639 0
4900 False 0 0.0 0
5000 True 1 1.1882727146148682 0
5100 True 1 1.1931912899017334 0
5200 True 1 1.2002458572387695 0
5300 False 0 0.0 0
5400 True 1 1.1885490417480469 0
5500 False 0 0.0 0
5600 False 0 0.0 0
5700 True 0 0.47272324562072754 0
5800 False 0 0.0 0
5900 False 0 0.0 0
6000 True 1 0.8780055046081543 0
6100 True 1 0.8832836151123047 0
6200 False 0 0.0 0
6300 False 0 0.0 0
6400 False 0 0.0 0
6500 False 0 0.0 0
6600 True 1 1.185159683227539 0
6700 False 0 0.0 0
6800 True 0 1.1939303874969482 0
6900 False 0 0.0 0
7000 False 0 0.0 0
7100 False 0 0.0 0
7200 False 0 0.0 0
7300 True 0 0.23666954040527344 0
7400 True 1 0.881155252456665 0
7500 False 0 0.0 0
7600 True 0 0.06006622314453125 0
7700 True 1 0.8895421028137207 0
7800 True 1 0.883129358291626 0
7900 False 0 0.0 0
8000 True 1 0.8831994533538818 0
8100 False 0 0.0 0
8200 False 0 0.0 0
8300 False 0 0.0 0
8400 False 0 0.0 0
8500 True 1 1.1898431777954102 0
8600 False 0 0.0 0
8700 True 1 0.8892269134521484 0
8800 True 1 0.8894915580749512 0
8900 False 0 0.0 0
9000 True 1 0.8943495750427246 0
9100 False 0 0.0 0
9200 True 1 0.8998415470123291 0
9300 False 0 0.0 0
9400 False 0 0.0 0
9500 False 0 0.0 0
9600 True 1 0.8832778930664062 0
9700 True 1 0.8799495697021484 0
9800 True 0 0.6577725410461426 0
9900 False 0 0.0 0
