0 True 0.01171875 6.366286754608154 0
100 False 0.0 0.0 0
200 False 0.0 0.0 0
300 True 0.0224609375 7.68526816368103 0
400 True 0.0166015625 6.9890406131744385 0
500 False 0.0 0.0 0
600 True 0.00390625 5.210365295410156 0
700 True 0.0029296875 3.865217447280884 0
800 True 0.0048828125 4.45077109336853 0
900 False 0.0 0.0 0
1000 True 0.0234375 6.254012584686279 0
1100 False 0.0 0.0 0
1200 True 0.01171875 5.302097320556641 0
1300 False 0.0 0.0 0
1400 True 0.005859375 4.50468111038208 0
1500 True 0.01171875 5.380768060684204 0
1600 False 0.0 0.0 0
1700 False 0.0 0.0 0
1800 False 0.0 0.0 0
1900 True 0.01171875 5.448948621749878 0
2000 False 0.0 0.0 0
2100 False 0.0 0.0 0
2200 True 0.0361328125 6.650998830795288 0
2300 False 0.0 0.0 0
2400 True 0.0361328125 6.661499261856079 0
2500 False 0.0 0.0 0
2600 True 0.0263671875 6.472774028778076 0
2700 False 0.0 0.0 0
2800 False 0.0 0.0 0
2900 False 0.0 0.0 0
3000 True 0.05078125 8.878419637680054 0
3100 True 0.033203125 7.938507080078125 0
3200 False 0.0 0.0 0
3300 False 0.0 0.0 0
3400 False 0.0 0.0 0
3500 True 0.0126953125 6.801018953323364 0
3600 False 0.0 0.0 0
3700 False 0.0 0.0 0
3800 False 0.0 0.0 0
3900 False 0.0 0.0 0
4000 False 0.0 0.0 0
4100 True 0.0380859375 6.607171535491943 0
4200 True 0.0029296875 3.6264023780822754 0
4300 True 0.025390625 6.525027513504028 0
4400 False 0.0 0.0 0
4500 False 0.0 0.0 0
4600 False 0.0 0.0 0
4700 False 0.0 0.0 0
4800 True 0.01171875 5.370094299316406 0
4900 False 0.0 0.0 0
5000 True 0.0234375 6.07073974609375 0
5100 True 0.0078125 4.688233375549316 0
5200 True 0.0224609375 6.23624062538147 0
5300 False 0.0 0.0 0
5400 True 0.0087890625 4.8731348514556885 0
5500 False 0.0 0.0 0
5600 False 0.0 0.0 0
5700 True 0.00390625 3.620588779449463 0
5800 False 0.0 0.0 0
5900 False 0.0 0.0 0
6000 True 0.0087890625 5.060532808303833 0
6100 True 0.013671875 7.00581169128418 0
6200 False 0.0 0.0 0
6300 False 0.0 0.0 0
6400 False 0.0 0.0 0
6500 False 0.0 0.0 0
6600 True 0.0244140625 7.781049013137817 0
6700 False 0.0 0.0 0
6800 True 0.0068359375 4.8767735958099365 0
6900 False 0.0 0.0 0
7000 False 0.0 0.0 0
7100 False 0.0 0.0 0
7200 False 0.0 0.0 0
7300 True 0.0009765625 2.961106300354004 0
7400 True 0.017578125 5.665703058242798 0
7500 False 0.0 0.0 0
7600 True 0.0 1.2905962467193604 0
7700 True 0.0126953125 6.8868865966796875 0
7800 True 0.0283203125 6.538794040679932 0
7900 False 0.0 0.0 0
8000 True 0.03125 6.113839864730835 0
8100 False 0.0 0.0 0
8200 False 0.0 0.0 0
8300 False 0.0 0.0 0
8400 False 0.0 0.0 0
8500 True 0.0107421875 5.255427598953247 0
8600 False 0.0 0.0 0
8700 True 0.013671875 5.641230821609497 0
8800 True 0.044921875 6.996597528457642 0
8900 False 0.0 0.0 0
9000 True 0.0146484375 5.813394069671631 0
9100 False 0.0 0.0 0
9200 True 0.033203125 6.481369495391846 0
9300 False 0.0 0.0 0
9400 False 0.0 0.0 0
9500 False 0.0 0.0 0
9600 True 0.0302734375 6.627610206604004 0
9700 True 0.021484375 7.689268112182617 0
9800 True 0.0048828125 5.485378742218018 0
9900 False 0.0 0.0 0
