0 False 0 0.0 0
100 True 1 23.715545177459717 0
200 False 0 0.0 0
300 True 1 1.22365140914917 0
400 True 1 0.9531986713409424 0
500 False 0 0.0 0
600 False 0 0.0 0
700 True 1 0.957843542098999 0
800 True 1 0.9519100189208984 0
900 False 0 0.0 0
1000 True 1 1.2208585739135742 0
1100 False 0 0.0 0
1200 False 0 0.0 0
1300 False 0 0.0 0
1400 False 0 0.0 0
1500 False 0 0.0 0
1600 False 0 0.0 0
1700 False 0 0.0 0
1800 False 0 0.0 0
1900 True 1 1.2192232608795166 0
2000 False 0 0.0 0
2100 False 0 0.0 0
2200 True 1 0.9610753059387207 0
2300 False 0 0.0 0
2400 True 1 0.949242115020752 0
2500 False 0 0.0 0
2600 True 1 0.9572489261627197 0
2700 False 0 0.0 0
2800 False 0 0.0 0
2900 False 0 0.0 0
3000 True 1 0.9575960636138916 0
3100 True 1 0.9654946327209473 0
3200 False 0 0.0 0
3300 False 0 0.0 0
3400 False 0 0.0 0
3500 True 1 0.9863834381103516 0
3600 False 0 0.0 0
3700 False 0 0.0 0
3800 False 0 0.0 0
3900 False 0 0.0 0
4000 False 0 0.0 0
4100 True 1 1.0603249073028564 0
4200 False 0 0.0 0
4300 True 1 0.9579565525054932 0
4400 False 0 0.0 0
4500 False 0 0.0 0
4600 True 1 0.9591917991638184 0
4700 False 0 0.0 0
4800 True 1 0.9549770355224609 0
4900 True 1 0.9528408050537109 0
5000 True 1 0.9529893398284912 0
5100 True 1 0.9664061069488525 0
5200 True 1 1.231398344039917 0
5300 False 0 0.0 0
5400 False 0 0.0 0
5500 False 0 0.0 0
5600 False 0 0.0 0
5700 True 1 0.9639499187469482 0
5800 False 0 0.0 0
5900 False 0 0.0 0
6000 False 0 0.0 0
6100 True 1 0.9478168487548828 0
6200 False 0 0.0 0
6300 False 0 0.0 0
6400 False 0 0.0 0
6500 False 0 0.0 0
6600 True 1 0.9441747665405273 0
6700 True 1 0.948927640914917 0
6800 True 1 1.2245230674743652 0
6900 False 0 0.0 0
7000 False 0 0.0 0
7100 True 1 1.2235784530639648 0
7200 False 0 0.0 0
7300 True 1 1.2228238582611084 0
7400 False 0 0.0 0
7500 False 0 0.0 0
7600 True 1 1.228743076324463 0
7700 True 1 1.227745771408081 0
7800 True 0 0.3270421028137207 0
7900 False 0 0.0 0
8000 True 1 0.9430537223815918 0
8100 False 0 0.0 0
8200 False 0 0.0 0
8300 False 0 0.0 0
8400 False 0 0.0 0
8500 True 1 0.9468231201171875 0
8600 False 0 0.0 0
8700 True 1 0.9491701126098633 0
8800 True 1 0.9610567092895508 0
8900 False 0 0.0 0
9000 True 1 0.9522476196289062 0
9100 False 0 0.0 0
9200 True 1 0.9486889839172363 0
9300 False 0 0.0 0
9400 True 1 0.9544310569763184 0
9500 False 0 0.0 0
9600 True 1 0.9508373737335205 0
9700 True 1 0.956021785736084 0
9800 True 1 0.9492113590240479 0
9900 False 0 0.0 0
