0 True 0 31.621227741241455 0
100 False 0 0.0 0
200 False 0 0.0 0
300 True 0 3.7164018154144287 0
400 True 1 5.049115180969238 0
500 False 0 0.0 0
600 True 1 5.0117027759552 0
700 True 0 2.7043967247009277 0
800 True 1 5.133202314376831 0
900 False 0 0.0 0
1000 True 1 5.05616021156311 0
1100 False 0 0.0 0
1200 False 0 0.0 0
1300 True 1 5.131676912307739 0
1400 True 1 5.1123950481414795 0
1500 False 0 0.0 0
1600 False 0 0.0 0
1700 False 0 0.0 0
1800 False 0 0.0 0
1900 True 1 5.0396974086761475 0
2000 False 0 0.0 0
2100 False 0 0.0 0
2200 False 0 0.0 0
2300 True 0 4.054048776626587 0
2400 True 1 5.082495212554932 0
2500 False 0 0.0 0
2600 True 1 5.06122350692749 0
2700 True 1 5.073297739028931 0
2800 False 0 0.0 0
2900 False 0 0.0 0
3000 True 1 5.019851446151733 0
3100 True 1 5.139923334121704 0
3200 False 0 0.0 0
3300 False 0 0.0 0
3400 False 0 0.0 0
3500 True 0 1.7310876846313477 0
3600 False 0 0.0 0
3700 False 0 0.0 0
3800 True 0 3.3822033405303955 0
3900 False 0 0.0 0
4000 False 0 0.0 0
4100 True 1 5.063517332077026 0
4200 False 0 0.0 0
4300 True 1 5.031801700592041 0
4400 False 0 0.0 0
4500 False 0 0.0 0
4600 False 0 0.0 0
4700 False 0 0.0 0
4800 True 1 5.069108486175537 0
4900 False 0 0.0 0
5000 True 0 4.701136112213135 0
5100 True 1 5.051725149154663 0
5200 True 1 5.0320823192596436 0
5300 False 0 0.0 0
5400 True 1 4.972562551498413 0
5500 False 0 0.0 0
5600 False 0 0.0 0
5700 False 0 0.0 0
5800 False 0 0.0 0
5900 False 0 0.0 0
6000 True 0 3.4141180515289307 0
6100 True 1 5.058894634246826 0
6200 False 0 0.0 0
6300 False 0 0.0 0
6400 False 0 0.0 0
6500 False 0 0.0 0
6600 True 1 5.012698411941528 0
6700 False 0 0.0 0
6800 True 1 5.059364557266235 0
6900 False 0 0.0 0
7000 False 0 0.0 0
7100 True 1 5.009066104888916 0
7200 False 0 0.0 0
7300 True 0 0.7195348739624023 0
7400 True 0 1.662311315536499 0
7500 True 1 5.0746941566467285 0
7600 False 0 0.0 0
7700 True 1 4.9801881313323975 0
7800 True 1 5.023635149002075 0
7900 False 0 0.0 0
8000 True 1 5.046583414077759 0
8100 False 0 0.0 0
8200 False 0 0.0 0
8300 False 0 0.0 0
8400 False 0 0.0 0
8500 False 0 0.0 0
8600 True 0 1.7009243965148926 0
8700 True 1 5.078736305236816 0
8800 True 1 5.035130977630615 0
8900 False 0 0.0 0
9000 True 1 5.122448921203613 0
9100 False 0 0.0 0
9200 True 1 4.973398447036743 0
9300 False 0 0.0 0
9400 False 0 0.0 0
9500 False 0 0.0 0
9600 True 1 5.055938482284546 0
9700 True 1 5.063763380050659 0
9800 False 0 0.0 0
9900 False 0 0.0 0
