0 False 0.0 0.0 0
100 False 0.0 0.0 0
200 False 0.0 0.0 0
300 True 0.0458984375 37.388399839401245 0
400 True 0.0927734375 41.76534461975098 0
500 False 0.0 0.0 0
600 False 0.0 0.0 0
700 True 0.021484375 32.91902446746826 0
800 True 0.0185546875 32.00073289871216 0
900 False 0.0 0.0 0
1000 True 0.025390625 34.58665609359741 0
1100 False 0.0 0.0 0
1200 False 0.0 0.0 0
1300 False 0.0 0.0 0
1400 True 0.021484375 32.19804406166077 0
1500 False 0.0 0.0 0
1600 False 0.0 0.0 0
1700 False 0.0 0.0 0
1800 False 0.0 0.0 0
1900 False 0.0 0.0 0
2000 False 0.0 0.0 0
2100 False 0.0 0.0 0
2200 True 0.0400390625 36.478720903396606 0
2300 False 0.0 0.0 0
2400 True 0.1279296875 41.453680992126465 0
2500 False 0.0 0.0 0
2600 True 0.07421875 40.10720634460449 0
2700 True 0.0029296875 19.44933819770813 0
2800 False 0.0 0.0 0
2900 False 0.0 0.0 0
3000 True 0.0595703125 40.46532917022705 0
3100 True 0.0078125 24.474282264709473 0
3200 False 0.0 0.0 0
3300 False 0.0 0.0 0
3400 True 0.0244140625 33.333579301834106 0
3500 False 0.0 0.0 0
3600 False 0.0 0.0 0
3700 False 0.0 0.0 0
3800 False 0.0 0.0 0
3900 False 0.0 0.0 0
4000 False 0.0 0.0 0
4100 True 0.0732421875 40.202641248703 0
4200 False 0.0 0.0 0
4300 False 0.0 0.0 0
4400 False 0.0 0.0 0
4500 False 0.0 0.0 0
4600 False 0.0 0.0 0
4700 False 0.0 0.0 0
4800 True 0.03515625 34.83832311630249 0
4900 False 0.0 0.0 0
5000 False 0.0 0.0 0
5100 False 0.0 0.0 0
5200 False 0.0 0.0 0
5300 False 0.0 0.0 0
5400 False 0.0 0.0 0
5500 False 0.0 0.0 0
5600 False 0.0 0.0 0
5700 False 0.0 0.0 0
5800 False 0.0 0.0 0
5900 False 0.0 0.0 0
6000 False 0.0 0.0 0
6100 True 0.0146484375 29.912179231643677 0
6200 False 0.0 0.0 0
6300 False 0.0 0.0 0
6400 False 0.0 0.0 0
6500 False 0.0 0.0 0
6600 True 0.0390625 36.28697228431702 0
6700 True 0.01953125 31.21637272834778 0
6800 True 0.03515625 34.94383192062378 0
6900 False 0.0 0.0 0
7000 False 0.0 0.0 0
7100 True 0.078125 31.629117727279663 0
7200 False 0.0 0.0 0
7300 True 0.013671875 29.988848209381104 0
7400 False 0.0 0.0 0
7500 False 0.0 0.0 0
7600 False 0.0 0.0 0
7700 True 0.0341796875 33.74990725517273 0
7800 True 0.0185546875 31.22896671295166 0
7900 False 0.0 0.0 0
8000 True 0.0107421875 28.395824432373047 0
8100 True 0.03515625 35.68466901779175 0
8200 False 0.0 0.0 0
8300 False 0.0 0.0 0
8400 False 0.0 0.0 0
8500 False 0.0 0.0 0
8600 False 0.0 0.0 0
8700 False 0.0 0.0 0
8800 True 0.0390625 35.97924089431763 0
8900 False 0.0 0.0 0
9000 False 0.0 0.0 0
9100 False 0.0 0.0 0
9200 True 0.017578125 30.49199080467224 0
9300 False 0.0 0.0 0
9400 True 0.0322265625 33.978074073791504 0
9500 False 0.0 0.0 0
9600 True 0.03515625 35.123692989349365 0
9700 True 0.0859375 41.49788308143616 0
9800 False 0.0 0.0 0
9900 False 0.0 0.0 0
