0 True 0 75.05554151535034 1
100 True 0 50.703282594680786 0
200 False 0 0.0 0
300 True 0 60.79820942878723 1
400 True 0 68.66267514228821 1
500 False 0 0.0 0
600 False 0 0.0 0
700 True 0 65.9705502986908 1
800 True 0 72.1433572769165 1
900 False 0 0.0 0
1000 True 0 65.41732215881348 1
1100 False 0 0.0 0
1200 True 0 68.85792064666748 1
1300 False 0 0.0 0
1400 True 0 35.60167717933655 0
1500 True 0 65.43081569671631 1
1600 False 0 0.0 0
1700 False 0 0.0 0
1800 True 0 63.09574770927429 1
1900 True 0 66.5552921295166 1
2000 False 0 0.0 0
2100 True 0 23.233885526657104 0
2200 True 0 73.24541902542114 1
2300 False 0 0.0 0
2400 True 0 68.3883638381958 1
2500 True 0 63.499075412750244 1
2600 True 0 60.64921855926514 1
2700 True 0 60.61632037162781 1
2800 True 0 68.44088864326477 1
2900 False 0 0.0 0
3000 True 0 71.31348252296448 1
3100 True 0 62.773088455200195 1
3200 True 0 60.835294008255005 1
3300 True 0 67.83797335624695 1
3400 False 0 0.0 0
3500 True 0 16.063111066818237 0
3600 False 0 0.0 0
3700 False 0 0.0 0
3800 True 0 63.81050968170166 1
3900 False 0 0.0 0
4000 False 0 0.0 0
4100 True 0 62.55784559249878 1
4200 False 0 0.0 0
4300 True 0 60.93391823768616 1
4400 False 0 0.0 0
4500 True 0 71.89502620697021 1
4600 False 0 0.0 0
4700 False 0 0.0 0
4800 True 0 65.03044605255127 1
4900 True 0 67.69910979270935 1
5000 True 0 69.09064745903015 1
5100 False 0 0.0 0
5200 True 0 67.29716968536377 1
5300 False 0 0.0 0
5400 False 0 0.0 0
5500 False 0 0.0 0
5600 True 0 61.967610597610474 1
5700 True 0 60.89989495277405 1
5800 False 0 0.0 0
5900 False 0 0.0 0
6000 True 0 61.58373165130615 1
6100 True 0 60.5 1
6200 False 0 0.0 0
6300 True 0 60.5 1
6400 False 0 0.0 0
6500 False 0 0.0 0
6600 True 0 60.5 1
6700 True 0 60.5 1
6800 True 0 60.5 1
6900 False 0 0.0 0
7000 False 0 0.0 0
7100 False 0 0.0 0
7200 False 0 0.0 0
7300 False 0 0.0 0
7400 True 0 60.5 1
7500 True 0 60.5 1
7600 False 0 0.0 0
7700 True 0 60.5 1
7800 True 0 60.5 1
7900 False 0 0.0 0
8000 True 0 60.5 1
8100 False 0 0.0 0
8200 False 0 0.0 0
8300 False 0 0.0 0
8400 False 0 0.0 0
8500 True 0 60.5 1
8600 False 0 0.0 0
8700 True 0 60.5 1
8800 True 0 60.5 1
8900 True 0 60.5 1
9000 True 0 60.5 1
9100 False 0 0.0 0
9200 True 0 60.5 1
9300 True 0 60.5 1
9400 True 0 60.5 1
9500 True 0 60.5 1
9600 True 0 60.5 1
9700 True 0 60.5 1
9800 True 0 60.5 1
9900 False 0 0.0 0
