0 False 0 0.0 0
100 False 0 0.0 0
200 False 0 0.0 0
300 True 1 0.4109623432159424 0
400 True 1 0.35840606689453125 0
500 False 0 0.0 0
600 False 0 0.0 0
700 False 0 0.0 0
800 True 1 0.23550772666931152 0
900 False 0 0.0 0
1000 True 1 0.23963594436645508 0
1100 False 0 0.0 0
1200 False 0 0.0 0
1300 True 1 0.21819686889648438 0
1400 True 1 0.2240450382232666 0
1500 False 0 0.0 0
1600 False 0 0.0 0
1700 False 0 0.0 0
1800 False 0 0.0 0
1900 True 1 0.3347914218902588 0
2000 False 0 0.0 0
2100 False 0 0.0 0
2200 True 1 0.2449197769165039 0
2300 False 0 0.0 0
2400 True 1 0.35999417304992676 0
2500 False 0 0.0 0
2600 True 1 0.25077223777770996 0
2700 False 0 0.0 0
2800 False 0 0.0 0
2900 False 0 0.0 0
3000 True 1 0.24165773391723633 0
3100 True 1 0.31650829315185547 0
3200 False 0 0.0 0
3300 True 0 0.22991108894348145 0
3400 True 1 0.36432719230651855 0
3500 True 0 0.2329845428466797 0
3600 False 0 0.0 0
3700 False 0 0.0 0
3800 True 1 0.23044705390930176 0
3900 False 0 0.0 0
4000 False 0 0.0 0
4100 True 1 0.2903175354003906 0
4200 False 0 0.0 0
4300 True 1 0.23583149909973145 0
4400 False 0 0.0 0
4500 False 0 0.0 0
4600 True 1 0.3809981346130371 0
4700 True 0 0.2415027618408203 0
4800 True 1 0.23602080345153809 0
4900 False 0 0.0 0
5000 True 1 0.27441835403442383 0
5100 False 0 0.0 0
5200 False 0 0.0 0
5300 False 0 0.0 0
5400 False 0 0.0 0
5500 True 1 0.23443174362182617 0
5600 True 1 0.37226414680480957 0
5700 True 0 0.23678040504455566 0
5800 False 0 0.0 0
5900 False 0 0.0 0
6000 True 1 0.24218535423278809 0
6100 True 1 0.2549889087677002 0
6200 False 0 0.0 0
6300 False 0 0.0 0
6400 False 0 0.0 0
6500 False 0 0.0 0
6600 True 1 0.24202847480773926 0
6700 True 0 0.36467576026916504 0
6800 True 1 0.2391669750213623 0
6900 False 0 0.0 0
7000 False 0 0.0 0
7100 True 1 0.23634576797485352 0
7200 False 0 0.0 0
7300 False 0 0.0 0
7400 False 0 0.0 0
7500 False 0 0.0 0
7600 False 0 0.0 0
7700 True 1 0.24577689170837402 0
7800 True 1 0.24492168426513672 0
7900 False 0 0.0 0
8000 True 1 0.3573002815246582 0
8100 False 0 0.0 0
8200 False 0 0.0 0
8300 False 0 0.0 0
8400 False 0 0.0 0
8500 True 1 0.24299001693725586 0
8600 False 0 0.0 0
8700 False 0 0.0 0
8800 True 1 0.24713516235351562 0
8900 False 0 0.0 0
9000 False 0 0.0 0
9100 False 0 0.0 0
9200 True 1 0.2389998435974121 0
9300 False 0 0.0 0
9400 True 1 0.23502349853515625 0
9500 False 0 0.0 0
9600 True 1 0.36295485496520996 0
9700 True 1 0.24606037139892578 0
9800 False 0 0.0 0
9900 False 0 0.0 0
