0 False 0 0.0 0
100 False 0 0.0 0
200 False 0 0.0 0
300 True 1 0.390671968460083 0
400 True 1 0.2513163089752197 0
500 False 0 0.0 0
600 True 1 0.361447811126709 0
700 False 0 0.0 0
800 False 0 0.0 0
900 False 0 0.0 0
1000 True 1 0.2512521743774414 0
1100 False 0 0.0 0
1200 False 0 0.0 0
1300 True 1 0.2504599094390869 0
1400 True 1 0.23201227188110352 0
1500 False 0 0.0 0
1600 False 0 0.0 0
1700 False 0 0.0 0
1800 False 0 0.0 0
1900 True 1 0.22580814361572266 0
2000 False 0 0.0 0
2100 False 0 0.0 0
2200 True 1 0.3742542266845703 0
2300 False 0 0.0 0
2400 True 1 0.23632311820983887 0
2500 False 0 0.0 0
2600 True 1 0.24041366577148438 0
2700 False 0 0.0 0
2800 False 0 0.0 0
2900 False 0 0.0 0
3000 True 1 0.23608064651489258 0
3100 True 1 0.22606277465820312 0
3200 False 0 0.0 0
3300 False 0 0.0 0
3400 True 1 0.3618032932281494 0
3500 False 0 0.0 0
3600 True 1 0.23775339126586914 0
3700 False 0 0.0 0
3800 True 1 0.2361748218536377 0
3900 False 0 0.0 0
4000 True 0 0.23839044570922852 0
4100 True 1 0.2433159351348877 0
4200 False 0 0.0 0
4300 False 0 0.0 0
4400 False 0 0.0 0
4500 False 0 0.0 0
4600 False 0 0.0 0
4700 False 0 0.0 0
4800 True 1 0.36221814155578613 0
4900 False 0 0.0 0
5000 False 0 0.0 0
5100 False 0 0.0 0
5200 False 0 0.0 0
5300 False 0 0.0 0
5400 False 0 0.0 0
5500 False 0 0.0 0
5600 False 0 0.0 0
5700 False 0 0.0 0
5800 False 0 0.0 0
5900 False 0 0.0 0
6000 True 0 0.23987793922424316 0
6100 True 1 0.23597121238708496 0
6200 False 0 0.0 0
6300 False 0 0.0 0
6400 False 0 0.0 0
6500 False 0 0.0 0
6600 False 0 0.0 0
6700 True 0 0.24332690238952637 0
6800 True 1 0.23314929008483887 0
6900 False 0 0.0 0
7000 False 0 0.0 0
7100 True 1 0.3571648597717285 0
7200 False 0 0.0 0
7300 False 0 0.0 0
7400 False 0 0.0 0
7500 False 0 0.0 0
7600 False 0 0.0 0
7700 True 1 0.2374570369720459 0
7800 True 1 0.2382209300994873 0
7900 False 0 0.0 0
8000 False 0 0.0 0
8100 False 0 0.0 0
8200 False 0 0.0 0
8300 False 0 0.0 0
8400 False 0 0.0 0
8500 False 0 0.0 0
8600 False 0 0.0 0
8700 False 0 0.0 0
8800 True 1 0.22823381423950195 0
8900 False 0 0.0 0
9000 False 0 0.0 0
9100 False 0 0.0 0
9200 True 1 0.2233579158782959 0
9300 False 0 0.0 0
9400 True 1 0.3783121109008789 0
9500 False 0 0.0 0
9600 True 1 0.24500727653503418 0
9700 True 1 0.24736571311950684 0
9800 False 0 0.0 0
9900 True 1 0.23421287536621094 0
