0 False 0 0.0 0
100 False 0 0.0 0
200 False 0 0.0 0
300 True 1 0.38706064224243164 0
400 True 1 0.3554556369781494 0
500 False 0 0.0 0
600 False 0 0.0 0
700 True 0 0.2367391586303711 0
800 False 0 0.0 0
900 False 0 0.0 0
1000 True 0 0.22633814811706543 0
1100 False 0 0.0 0
1200 False 0 0.0 0
1300 False 0 0.0 0
1400 True 1 0.26127147674560547 0
1500 False 0 0.0 0
1600 False 0 0.0 0
1700 False 0 0.0 0
1800 False 0 0.0 0
1900 True 1 0.2332916259765625 0
2000 False 0 0.0 0
2100 False 0 0.0 0
2200 True 1 0.3741953372955322 0
2300 False 0 0.0 0
2400 True 1 0.2332901954650879 0
2500 False 0 0.0 0
2600 True 1 0.22271013259887695 0
2700 False 0 0.0 0
2800 False 0 0.0 0
2900 False 0 0.0 0
3000 True 1 0.24080705642700195 0
3100 True 1 0.22690176963806152 0
3200 False 0 0.0 0
3300 False 0 0.0 0
3400 True 0 0.3628561496734619 0
3500 True 0 0.24113774299621582 0
3600 False 0 0.0 0
3700 False 0 0.0 0
3800 True 0 0.24487757682800293 0
3900 False 0 0.0 0
4000 False 0 0.0 0
4100 True 1 0.2514944076538086 0
4200 True 0 0.23429250717163086 0
4300 True 0 0.3626105785369873 0
4400 False 0 0.0 0
4500 False 0 0.0 0
4600 False 0 0.0 0
4700 True 0 0.22794771194458008 0
4800 True 1 0.24702858924865723 0
4900 True 0 0.25293636322021484 0
5000 True 1 0.23698210716247559 0
5100 False 0 0.0 0
5200 True 0 0.35207223892211914 0
5300 False 0 0.0 0
5400 True 0 0.2308955192565918 0
5500 False 0 0.0 0
5600 False 0 0.0 0
5700 False 0 0.0 0
5800 False 0 0.0 0
5900 False 0 0.0 0
6000 False 0 0.0 0
6100 True 0 0.23612189292907715 0
6200 False 0 0.0 0
6300 False 0 0.0 0
6400 False 0 0.0 0
6500 False 0 0.0 0
6600 True 0 0.231370210647583 0
6700 True 0 0.24522662162780762 0
6800 True 1 0.3724055290222168 0
6900 False 0 0.0 0
7000 False 0 0.0 0
7100 True 1 0.2427971363067627 0
7200 False 0 0.0 0
7300 False 0 0.0 0
7400 False 0 0.0 0
7500 False 0 0.0 0
7600 False 0 0.0 0
7700 True 1 0.247910737991333 0
7800 True 1 0.24514436721801758 0
7900 False 0 0.0 0
8000 True 1 0.2296431064605713 0
8100 False 0 0.0 0
8200 False 0 0.0 0
8300 False 0 0.0 0
8400 False 0 0.0 0
8500 False 0 0.0 0
8600 False 0 0.0 0
8700 False 0 0.0 0
8800 True 1 0.3568294048309326 0
8900 False 0 0.0 0
9000 True 1 0.2261955738067627 0
9100 False 0 0.0 0
9200 True 1 0.24050450325012207 0
9300 True 1 0.23865079879760742 0
9400 False 0 0.0 0
9500 False 0 0.0 0
9600 True 1 0.2337937355041504 0
9700 True 1 0.35138559341430664 0
9800 False 0 0.0 0
9900 False 0 0.0 0
