0 True 0.0078125 4.524820804595947 0
100 False 0.0 0.0 0
200 False 0.0 0.0 0
300 True 0.0478515625 3.822319507598877 0
400 True 0.1005859375 4.310825347900391 0
500 False 0.0 0.0 0
600 True 0.0107421875 2.800682544708252 0
700 True 0.00390625 3.638721227645874 0
800 True 0.0244140625 4.105774402618408 0
900 False 0.0 0.0 0
1000 True 0.04296875 4.146949768066406 0
1100 False 0.0 0.0 0
1200 False 0.0 0.0 0
1300 True 0.0390625 3.3552136421203613 0
1400 True 0.0341796875 3.8253610134124756 0
1500 False 0.0 0.0 0
1600 False 0.0 0.0 0
1700 False 0.0 0.0 0
1800 False 0.0 0.0 0
1900 True 0.0478515625 2.5383474826812744 0
2000 False 0.0 0.0 0
2100 False 0.0 0.0 0
2200 False 0.0 0.0 0
2300 True 0.0234375 2.6421380043029785 0
2400 True 0.0908203125 4.825779438018799 0
2500 False 0.0 0.0 0
2600 True 0.0390625 2.6547296047210693 0
2700 True 0.0341796875 2.6637837886810303 0
2800 False 0.0 0.0 0
2900 False 0.0 0.0 0
3000 True 0.1279296875 6.639675855636597 0
3100 True 0.0244140625 2.5921518802642822 0
3200 False 0.0 0.0 0
3300 False 0.0 0.0 0
3400 False 0.0 0.0 0
3500 True 0.00390625 2.5655815601348877 0
3600 False 0.0 0.0 0
3700 False 0.0 0.0 0
3800 True 0.0146484375 3.748145341873169 0
3900 False 0.0 0.0 0
4000 False 0.0 0.0 0
4100 True 0.0810546875 4.338732481002808 0
4200 False 0.0 0.0 0
4300 True 0.0419921875 3.1840405464172363 0
4400 False 0.0 0.0 0
4500 False 0.0 0.0 0
4600 False 0.0 0.0 0
4700 False 0.0 0.0 0
4800 True 0.0390625 2.653242588043213 0
4900 False 0.0 0.0 0
5000 True 0.009765625 2.732551097869873 0
5100 True 0.0673828125 5.016237258911133 0
5200 True 0.0751953125 4.656291723251343 0
5300 False 0.0 0.0 0
5400 True 0.0166015625 4.662817716598511 0
5500 False 0.0 0.0 0
5600 False 0.0 0.0 0
5700 False 0.0 0.0 0
5800 False 0.0 0.0 0
5900 False 0.0 0.0 0
6000 True 0.0146484375 2.5587759017944336 0
6100 True 0.056640625 4.7485270500183105 0
6200 False 0.0 0.0 0
6300 False 0.0 0.0 0
6400 False 0.0 0.0 0
6500 False 0.0 0.0 0
6600 True 0.083984375 3.932576894760132 0
6700 False 0.0 0.0 0
6800 True 0.033203125 2.6121764183044434 0
6900 False 0.0 0.0 0
7000 False 0.0 0.0 0
7100 True 0.017578125 3.417269229888916 0
7200 False 0.0 0.0 0
7300 True 0.0 4.214723110198975 0
7400 True 0.0029296875 3.225327730178833 0
7500 True 0.0126953125 3.4307236671447754 0
7600 False 0.0 0.0 0
7700 True 0.044921875 3.492326498031616 0
7800 True 0.01953125 4.583308935165405 0
7900 False 0.0 0.0 0
8000 True 0.0390625 2.7243854999542236 0
8100 False 0.0 0.0 0
8200 False 0.0 0.0 0
8300 False 0.0 0.0 0
8400 False 0.0 0.0 0
8500 False 0.0 0.0 0
8600 True 0.0390625 2.8168797492980957 0
8700 True 0.037109375 4.484236240386963 0
8800 True 0.126953125 2.8065764904022217 0
8900 False 0.0 0.0 0
9000 True 0.0380859375 2.682310104370117 0
9100 False 0.0 0.0 0
9200 True 0.0693359375 3.4563119411468506 0
9300 False 0.0 0.0 0
9400 False 0.0 0.0 0
9500 False 0.0 0.0 0
9600 True 0.0927734375 3.445584774017334 0
9700 True 0.0546875 3.5162527561187744 0
9800 False 0.0 0.0 0
9900 False 0.0 0.0 0
