0 True 0.0068359375 4.177189826965332 0
100 False 0.0 0.0 0
200 False 0.0 0.0 0
300 True 0.0234375 3.3094162940979004 0
400 True 0.0419921875 3.4207117557525635 0
500 False 0.0 0.0 0
600 False 0.0 0.0 0
700 True 0.021484375 3.1267354488372803 0
800 False 0.0 0.0 0
900 False 0.0 0.0 0
1000 True 0.0185546875 2.938880205154419 0
1100 False 0.0 0.0 0
1200 True 0.0048828125 2.4984474182128906 0
1300 False 0.0 0.0 0
1400 False 0.0 0.0 0
1500 True 0.005859375 2.038496732711792 0
1600 False 0.0 0.0 0
1700 False 0.0 0.0 0
1800 False 0.0 0.0 0
1900 True 0.0234375 2.011202573776245 0
2000 False 0.0 0.0 0
2100 False 0.0 0.0 0
2200 True 0.05078125 3.6832656860351562 0
2300 True 0.0078125 3.454240322113037 0
2400 True 0.044921875 3.675968885421753 0
2500 False 0.0 0.0 0
2600 True 0.0224609375 2.3133327960968018 0
2700 False 0.0 0.0 0
2800 True 0.00390625 2.390181064605713 0
2900 False 0.0 0.0 0
3000 True 0.033203125 3.645390510559082 0
3100 True 0.0478515625 3.322089195251465 0
3200 False 0.0 0.0 0
3300 False 0.0 0.0 0
3400 False 0.0 0.0 0
3500 True 0.0205078125 2.7745449542999268 0
3600 False 0.0 0.0 0
3700 False 0.0 0.0 0
3800 True 0.0107421875 2.767343521118164 0
3900 True 0.0009765625 3.436868667602539 0
4000 False 0.0 0.0 0
4100 True 0.0361328125 3.237062692642212 0
4200 False 0.0 0.0 0
4300 True 0.0224609375 2.16007661819458 0
4400 False 0.0 0.0 0
4500 False 0.0 0.0 0
4600 True 0.0 2.2074849605560303 0
4700 False 0.0 0.0 0
4800 True 0.0185546875 2.161151885986328 0
4900 True 0.00390625 2.292614698410034 0
5000 True 0.0146484375 3.488511800765991 0
5100 True 0.0263671875 2.9805963039398193 0
5200 True 0.0927734375 5.81802773475647 0
5300 False 0.0 0.0 0
5400 True 0.001953125 2.9140782356262207 0
5500 False 0.0 0.0 0
5600 False 0.0 0.0 0
5700 True 0.0107421875 2.3191471099853516 0
5800 False 0.0 0.0 0
5900 False 0.0 0.0 0
6000 True 0.01171875 2.8781867027282715 0
6100 True 0.0146484375 2.2883267402648926 0
6200 False 0.0 0.0 0
6300 False 0.0 0.0 0
6400 False 0.0 0.0 0
6500 False 0.0 0.0 0
6600 True 0.01171875 2.2544171810150146 0
6700 True 0.0126953125 2.1830365657806396 0
6800 True 0.0126953125 2.3406124114990234 0
6900 False 0.0 0.0 0
7000 False 0.0 0.0 0
7100 False 0.0 0.0 0
7200 False 0.0 0.0 0
7300 True 0.005859375 2.4067254066467285 0
7400 True 0.0283203125 3.713940382003784 0
7500 False 0.0 0.0 0
7600 False 0.0 0.0 0
7700 True 0.013671875 2.3496906757354736 0
7800 True 0.0078125 2.3879079818725586 0
7900 False 0.0 0.0 0
8000 True 0.04296875 3.042616605758667 0
8100 False 0.0 0.0 0
8200 False 0.0 0.0 0
8300 False 0.0 0.0 0
8400 False 0.0 0.0 0
8500 True 0.0185546875 2.4617321491241455 0
8600 False 0.0 0.0 0
8700 True 0.0205078125 2.3280091285705566 0
8800 True 0.0791015625 4.394515514373779 0
8900 False 0.0 0.0 0
9000 True 0.021484375 2.410768508911133 0
9100 False 0.0 0.0 0
9200 True 0.0419921875 2.332186460494995 0
9300 False 0.0 0.0 0
9400 True 0.0 2.3127920627593994 0
9500 False 0.0 0.0 0
9600 True 0.0400390625 2.945765495300293 0
9700 True 0.0166015625 3.0721218585968018 0
9800 True 0.0 2.336850643157959 0
9900 False 0.0 0.0 0
