0 True 0 0.42223215103149414 0
100 False 0 0.0 0
200 False 0 0.0 0
300 True 0 0.25913190841674805 0
400 True 1 0.38904571533203125 0
500 False 0 0.0 0
600 True 0 0.23920226097106934 0
700 True 1 0.26760363578796387 0
800 True 1 0.3088796138763428 0
900 False 0 0.0 0
1000 True 1 0.272655725479126 0
1100 False 0 0.0 0
1200 False 0 0.0 0
1300 False 0 0.0 0
1400 True 0 0.3918004035949707 0
1500 False 0 0.0 0
1600 False 0 0.0 0
1700 False 0 0.0 0
1800 False 0 0.0 0
1900 True 1 0.26450586318969727 0
2000 False 0 0.0 0
2100 False 0 0.0 0
2200 True 1 0.2661702632904053 0
2300 False 0 0.0 0
2400 True 1 0.3000178337097168 0
2500 False 0 0.0 0
2600 True 1 0.251662015914917 0
2700 False 0 0.0 0
2800 False 0 0.0 0
2900 False 0 0.0 0
3000 True 1 0.3953592777252197 0
3100 True 1 0.2747213840484619 0
3200 False 0 0.0 0
3300 False 0 0.0 0
3400 False 0 0.0 0
3500 True 1 0.24994635581970215 0
3600 False 0 0.0 0
3700 False 0 0.0 0
3800 True 1 0.2844078540802002 0
3900 False 0 0.0 0
4000 False 0 0.0 0
4100 True 1 0.2731623649597168 0
4200 True 1 0.3924405574798584 0
4300 True 1 0.26619529724121094 0
4400 False 0 0.0 0
4500 False 0 0.0 0
4600 False 0 0.0 0
4700 False 0 0.0 0
4800 True 1 0.24593305587768555 0
4900 False 0 0.0 0
5000 True 1 0.2652907371520996 0
5100 True 0 0.24774479866027832 0
5200 False 0 0.0 0
5300 False 0 0.0 0
5400 False 0 0.0 0
5500 True 0 0.3986232280731201 0
5600 False 0 0.0 0
5700 True 1 0.26776123046875 0
5800 False 0 0.0 0
5900 False 0 0.0 0
6000 True 0 0.2539191246032715 0
6100 True 1 0.25093841552734375 0
6200 False 0 0.0 0
6300 False 0 0.0 0
6400 False 0 0.0 0
6500 False 0 0.0 0
6600 True 1 0.24931859970092773 0
6700 True 0 0.3841683864593506 0
6800 True 1 0.2546956539154053 0
6900 False 0 0.0 0
7000 False 0 0.0 0
7100 True 1 0.26290202140808105 0
7200 False 0 0.0 0
7300 False 0 0.0 0
7400 True 1 0.2636229991912842 0
7500 True 0 0.2670094966888428 0
7600 False 0 0.0 0
7700 True 1 0.37950730323791504 0
7800 True 1 0.26015496253967285 0
7900 False 0 0.0 0
8000 True 1 0.25846409797668457 0
8100 False 0 0.0 0
8200 False 0 0.0 0
8300 False 0 0.0 0
8400 False 0 0.0 0
8500 False 0 0.0 0
8600 False 0 0.0 0
8700 False 0 0.0 0
8800 True 1 0.25923991203308105 0
8900 False 0 0.0 0
9000 True 1 0.2707338333129883 0
9100 False 0 0.0 0
9200 True 1 0.3971285820007324 0
9300 True 1 0.2686343193054199 0
9400 True 1 0.269956111907959 0
9500 True 0 0.26558375358581543 0
9600 True 1 0.2702457904815674 0
9700 True 1 0.3751704692840576 0
9800 True 1 0.2625746726989746 0
9900 False 0 0.0 0
