0 True 0.00390625 4.524275064468384 0
100 False 0.0 0.0 0
200 False 0.0 0.0 0
300 True 0.0048828125 2.60636568069458 0
400 True 0.1474609375 4.552263975143433 0
500 False 0.0 0.0 0
600 True 0.0029296875 3.21333646774292 0
700 True 0.046875 4.1670982837677 0
800 True 0.037109375 3.9453046321868896 0
900 False 0.0 0.0 0
1000 True 0.0498046875 3.0672850608825684 0
1100 False 0.0 0.0 0
1200 False 0.0 0.0 0
1300 False 0.0 0.0 0
1400 True 0.0283203125 4.0120155811309814 0
1500 False 0.0 0.0 0
1600 False 0.0 0.0 0
1700 False 0.0 0.0 0
1800 False 0.0 0.0 0
1900 True 0.0810546875 5.189123868942261 0
2000 False 0.0 0.0 0
2100 False 0.0 0.0 0
2200 True 0.0791015625 3.2377943992614746 0
2300 False 0.0 0.0 0
2400 True 0.201171875 5.506385087966919 0
2500 False 0.0 0.0 0
2600 True 0.046875 2.514622449874878 0
2700 False 0.0 0.0 0
2800 False 0.0 0.0 0
2900 False 0.0 0.0 0
3000 True 0.1201171875 5.147952556610107 0
3100 True 0.0859375 4.186964750289917 0
3200 False 0.0 0.0 0
3300 False 0.0 0.0 0
3400 False 0.0 0.0 0
3500 True 0.0419921875 4.387868881225586 0
3600 False 0.0 0.0 0
3700 False 0.0 0.0 0
3800 True 0.041015625 2.667125701904297 0
3900 False 0.0 0.0 0
4000 False 0.0 0.0 0
4100 True 0.09765625 4.903774738311768 0
4200 True 0.037109375 2.621537208557129 0
4300 True 0.06640625 5.197435617446899 0
4400 False 0.0 0.0 0
4500 False 0.0 0.0 0
4600 False 0.0 0.0 0
4700 False 0.0 0.0 0
4800 True 0.1025390625 4.599398136138916 0
4900 False 0.0 0.0 0
5000 True 0.0947265625 4.3643317222595215 0
5100 True 0.0205078125 4.906285285949707 0
5200 False 0.0 0.0 0
5300 False 0.0 0.0 0
5400 False 0.0 0.0 0
5500 True 0.01171875 5.018596649169922 0
5600 False 0.0 0.0 0
5700 True 0.0634765625 4.4538609981536865 0
5800 False 0.0 0.0 0
5900 False 0.0 0.0 0
6000 True 0.0048828125 2.6983025074005127 0
6100 True 0.037109375 2.64224910736084 0
6200 False 0.0 0.0 0
6300 False 0.0 0.0 0
6400 False 0.0 0.0 0
6500 False 0.0 0.0 0
6600 True 0.08984375 4.11738133430481 0
6700 True 0.0078125 4.5083465576171875 0
6800 True 0.0322265625 4.480872631072998 0
6900 False 0.0 0.0 0
7000 False 0.0 0.0 0
7100 True 0.0546875 5.054332733154297 0
7200 False 0.0 0.0 0
7300 False 0.0 0.0 0
7400 True 0.0439453125 4.543092727661133 0
7500 True 0.0166015625 4.527888059616089 0
7600 False 0.0 0.0 0
7700 True 0.087890625 3.5900638103485107 0
7800 True 0.0615234375 4.605323076248169 0
7900 False 0.0 0.0 0
8000 True 0.0341796875 3.6631627082824707 0
8100 False 0.0 0.0 0
8200 False 0.0 0.0 0
8300 False 0.0 0.0 0
8400 False 0.0 0.0 0
8500 False 0.0 0.0 0
8600 False 0.0 0.0 0
8700 False 0.0 0.0 0
8800 True 0.20703125 6.536105632781982 0
8900 False 0.0 0.0 0
9000 True 0.056640625 3.619495153427124 0
9100 False 0.0 0.0 0
9200 True 0.1171875 3.5287668704986572 0
9300 True 0.044921875 3.4125683307647705 0
9400 True 0.033203125 2.5694377422332764 0
9500 True 0.0068359375 3.7590863704681396 0
9600 True 0.0732421875 5.795945644378662 0
9700 True 0.0478515625 2.508310079574585 0
9800 True 0.0556640625 2.4654998779296875 0
9900 False 0.0 0.0 0
