0 True 0 0.5946691036224365 0
100 False 0 0.0 0
200 False 0 0.0 0
300 True 1 0.3035850524902344 0
400 True 1 0.4424588680267334 0
500 True 0 0.32652735710144043 0
600 False 0 0.0 0
700 True 0 0.4421272277832031 0
800 True 1 0.3263847827911377 0
900 False 0 0.0 0
1000 True 1 0.32259178161621094 0
1100 False 0 0.0 0
1200 True 1 0.45449066162109375 0
1300 False 0 0.0 0
1400 True 1 0.31302523612976074 0
1500 False 0 0.0 0
1600 False 0 0.0 0
1700 False 0 0.0 0
1800 False 0 0.0 0
1900 True 1 0.43671154975891113 0
2000 False 0 0.0 0
2100 False 0 0.0 0
2200 True 1 0.3180265426635742 0
2300 False 0 0.0 0
2400 True 1 0.3160393238067627 0
2500 False 0 0.0 0
2600 True 1 0.4471712112426758 0
2700 False 0 0.0 0
2800 False 0 0.0 0
2900 True 1 0.31777358055114746 0
3000 True 1 0.44301509857177734 0
3100 True 1 0.3185293674468994 0
3200 False 0 0.0 0
3300 False 0 0.0 0
3400 True 1 0.3059818744659424 0
3500 False 0 0.0 0
3600 False 0 0.0 0
3700 False 0 0.0 0
3800 True 0 0.43610715866088867 0
3900 False 0 0.0 0
4000 False 0 0.0 0
4100 True 1 0.3248250484466553 0
4200 False 0 0.0 0
4300 True 1 0.45251035690307617 0
4400 False 0 0.0 0
4500 False 0 0.0 0
4600 False 0 0.0 0
4700 False 0 0.0 0
4800 True 1 0.32898783683776855 0
4900 False 0 0.0 0
5000 True 0 0.325624942779541 0
5100 True 0 0.41913795471191406 0
5200 True 0 0.32536745071411133 0
5300 False 0 0.0 0
5400 False 0 0.0 0
5500 False 0 0.0 0
5600 False 0 0.0 0
5700 True 1 0.4517974853515625 0
5800 False 0 0.0 0
5900 False 0 0.0 0
6000 True 0 0.3116755485534668 0
6100 True 1 0.3169541358947754 0
6200 False 0 0.0 0
6300 False 0 0.0 0
6400 True 0 0.39640140533447266 0
6500 False 0 0.0 0
6600 True 1 0.314455509185791 0
6700 False 0 0.0 0
6800 True 1 0.44317173957824707 0
6900 True 0 0.3203136920928955 0
7000 False 0 0.0 0
7100 True 1 0.31185221672058105 0
7200 False 0 0.0 0
7300 False 0 0.0 0
7400 False 0 0.0 0
7500 True 1 0.3796830177307129 0
7600 True 0 0.32109761238098145 0
7700 True 1 0.44783949851989746 0
7800 True 1 0.32098960876464844 0
7900 False 0 0.0 0
8000 True 0 0.32161879539489746 0
8100 False 0 0.0 0
8200 False 0 0.0 0
8300 False 0 0.0 0
8400 False 0 0.0 0
8500 False 0 0.0 0
8600 True 1 0.37748098373413086 0
8700 True 1 0.31817197799682617 0
8800 True 1 0.43694376945495605 0
8900 False 0 0.0 0
9000 True 1 0.3032650947570801 0
9100 False 0 0.0 0
9200 True 1 0.31768274307250977 0
9300 True 1 0.36540961265563965 0
9400 True 1 0.30795955657958984 0
9500 False 0 0.0 0
9600 True 1 0.4282252788543701 0
9700 True 1 0.306563138961792 0
9800 False 0 0.0 0
9900 False 0 0.0 0
