0 True 0.0048828125 4.329879522323608 0
100 True 0.0 3.1776576042175293 0
200 False 0.0 0.0 0
300 True 0.0068359375 2.865577459335327 0
400 True 0.0322265625 4.048885345458984 0
500 False 0.0 0.0 0
600 False 0.0 0.0 0
700 True 0.009765625 3.3960213661193848 0
800 True 0.015625 3.8479111194610596 0
900 False 0.0 0.0 0
1000 True 0.025390625 3.602756977081299 0
1100 False 0.0 0.0 0
1200 True 0.021484375 3.351227283477783 0
1300 False 0.0 0.0 0
1400 True 0.0 2.6597347259521484 0
1500 True 0.0126953125 3.5276691913604736 0
1600 False 0.0 0.0 0
1700 False 0.0 0.0 0
1800 True 0.00390625 2.658139705657959 0
1900 True 0.0205078125 3.000709056854248 0
2000 False 0.0 0.0 0
2100 True 0.0 2.8026835918426514 0
2200 True 0.0 2.6010618209838867 0
2300 False 0.0 0.0 0
2400 True 0.0419921875 3.8950397968292236 0
2500 True 0.0029296875 2.961550235748291 0
2600 True 0.0166015625 2.496748447418213 0
2700 True 0.01171875 2.5279529094696045 0
2800 True 0.0068359375 2.4950149059295654 0
2900 False 0.0 0.0 0
3000 True 0.017578125 3.514721632003784 0
3100 True 0.0185546875 2.602858781814575 0
3200 True 0.009765625 2.690488815307617 0
3300 True 0.0068359375 2.6203646659851074 0
3400 False 0.0 0.0 0
3500 True 0.0 2.6057395935058594 0
3600 False 0.0 0.0 0
3700 False 0.0 0.0 0
3800 True 0.0068359375 2.5938167572021484 0
3900 False 0.0 0.0 0
4000 False 0.0 0.0 0
4100 True 0.0205078125 2.5333588123321533 0
4200 False 0.0 0.0 0
4300 True 0.015625 2.4418466091156006 0
4400 False 0.0 0.0 0
4500 True 0.0048828125 2.619184732437134 0
4600 False 0.0 0.0 0
4700 False 0.0 0.0 0
4800 True 0.0166015625 2.590198516845703 0
4900 True 0.0029296875 2.474663496017456 0
5000 True 0.02734375 3.5375325679779053 0
5100 False 0.0 0.0 0
5200 True 0.0380859375 3.4976515769958496 0
5300 False 0.0 0.0 0
5400 False 0.0 0.0 0
5500 False 0.0 0.0 0
5600 True 0.0068359375 2.5608747005462646 0
5700 True 0.009765625 2.56626296043396 0
5800 False 0.0 0.0 0
5900 False 0.0 0.0 0
6000 True 0.01171875 2.507948875427246 0
6100 True 0.017578125 2.5559911727905273 0
6200 False 0.0 0.0 0
6300 True 0.0078125 2.9603185653686523 0
6400 False 0.0 0.0 0
6500 False 0.0 0.0 0
6600 True 0.0283203125 2.581389904022217 0
6700 True 0.0029296875 2.5364346504211426 0
6800 True 0.005859375 2.5849812030792236 0
6900 False 0.0 0.0 0
7000 False 0.0 0.0 0
7100 False 0.0 0.0 0
7200 False 0.0 0.0 0
7300 False 0.0 0.0 0
7400 True 0.009765625 2.644303560256958 0
7500 True 0.0087890625 2.6721408367156982 0
7600 False 0.0 0.0 0
7700 True 0.01953125 2.781864643096924 0
7800 True 0.013671875 2.856754779815674 0
7900 False 0.0 0.0 0
8000 True 0.009765625 2.5940608978271484 0
8100 False 0.0 0.0 0
8200 False 0.0 0.0 0
8300 False 0.0 0.0 0
8400 False 0.0 0.0 0
8500 True 0.0185546875 2.701692819595337 0
8600 False 0.0 0.0 0
8700 True 0.009765625 2.6637773513793945 0
8800 True 0.0458984375 3.7211573123931885 0
8900 True 0.0009765625 2.6397697925567627 0
9000 True 0.0244140625 3.285309314727783 0
9100 False 0.0 0.0 0
9200 True 0.0185546875 2.6702828407287598 0
9300 True 0.013671875 2.647247314453125 0
9400 True 0.0048828125 2.6300978660583496 0
9500 True 0.00390625 2.6451261043548584 0
9600 True 0.0185546875 2.837395668029785 0
9700 True 0.0234375 2.666609287261963 0
9800 True 0.0244140625 2.6123833656311035 0
9900 False 0.0 0.0 0
