0 False 0.0 0.0 0
100 False 0.0 0.0 0
200 False 0.0 0.0 0
300 True 0.0234375 5.97006893157959 0
400 True 0.0537109375 4.653345108032227 0
500 False 0.0 0.0 0
600 True 0.0146484375 4.307654142379761 0
700 True 0.0146484375 3.286137819290161 0
800 True 0.0634765625 5.28594970703125 0
900 False 0.0 0.0 0
1000 True 0.0712890625 4.26555061340332 0
1100 False 0.0 0.0 0
1200 True 0.0244140625 3.4128496646881104 0
1300 False 0.0 0.0 0
1400 False 0.0 0.0 0
1500 True 0.02734375 4.241425037384033 0
1600 False 0.0 0.0 0
1700 True 0.001953125 4.535270929336548 0
1800 True 0.00390625 4.359143495559692 0
1900 True 0.0400390625 5.106154918670654 0
2000 False 0.0 0.0 0
2100 False 0.0 0.0 0
2200 True 0.0234375 3.357835531234741 0
2300 False 0.0 0.0 0
2400 True 0.1005859375 5.600288152694702 0
2500 True 0.0126953125 3.828761100769043 0
2600 True 0.056640625 4.83824348449707 0
2700 True 0.0146484375 3.2601003646850586 0
2800 False 0.0 0.0 0
2900 False 0.0 0.0 0
3000 True 0.037109375 4.976608514785767 0
3100 True 0.0546875 3.8912901878356934 0
3200 False 0.0 0.0 0
3300 True 0.005859375 3.8933749198913574 0
3400 False 0.0 0.0 0
3500 True 0.0146484375 3.197171449661255 0
3600 False 0.0 0.0 0
3700 True 0.00390625 3.1557769775390625 0
3800 True 0.0263671875 3.8623833656311035 0
3900 False 0.0 0.0 0
4000 False 0.0 0.0 0
4100 True 0.060546875 4.395081281661987 0
4200 False 0.0 0.0 0
4300 True 0.05078125 4.033574819564819 0
4400 False 0.0 0.0 0
4500 False 0.0 0.0 0
4600 False 0.0 0.0 0
4700 False 0.0 0.0 0
4800 True 0.0419921875 4.035871744155884 0
4900 False 0.0 0.0 0
5000 True 0.0537109375 3.4411706924438477 0
5100 True 0.0234375 3.4600586891174316 0
5200 True 0.0986328125 3.948275327682495 0
5300 True 0.0146484375 3.39734148979187 0
5400 False 0.0 0.0 0
5500 True 0.0087890625 4.639953374862671 0
5600 True 0.0107421875 3.980862617492676 0
5700 True 0.001953125 3.399596929550171 0
5800 True 0.0009765625 3.892120838165283 0
5900 False 0.0 0.0 0
6000 True 0.0244140625 3.4241182804107666 0
6100 True 0.0166015625 5.787289381027222 0
6200 True 0.0078125 3.4260330200195312 0
6300 True 0.0244140625 3.2821078300476074 0
6400 False 0.0 0.0 0
6500 False 0.0 0.0 0
6600 True 0.08984375 6.410236358642578 0
6700 True 0.0234375 3.157454490661621 0
6800 True 0.0029296875 3.3129448890686035 0
6900 False 0.0 0.0 0
7000 False 0.0 0.0 0
7100 False 0.0 0.0 0
7200 False 0.0 0.0 0
7300 False 0.0 0.0 0
7400 True 0.013671875 3.3169617652893066 0
7500 True 0.0439453125 4.755423069000244 0
7600 False 0.0 0.0 0
7700 True 0.025390625 3.43495774269104 0
7800 True 0.01953125 4.886362791061401 0
7900 False 0.0 0.0 0
8000 True 0.0263671875 3.1596426963806152 0
8100 False 0.0 0.0 0
8200 False 0.0 0.0 0
8300 True 0.0009765625 3.246663808822632 0
8400 False 0.0 0.0 0
8500 True 0.033203125 4.78326940536499 0
8600 False 0.0 0.0 0
8700 True 0.0234375 3.38242769241333 0
8800 True 0.0947265625 4.874513626098633 0
8900 True 0.001953125 3.4804904460906982 0
9000 True 0.0712890625 3.44484281539917 0
9100 False 0.0 0.0 0
9200 True 0.048828125 4.890332460403442 0
9300 True 0.009765625 3.469762086868286 0
9400 True 0.0341796875 3.357473611831665 0
9500 True 0.0263671875 3.3756330013275146 0
9600 True 0.025390625 3.355664014816284 0
9700 True 0.029296875 4.102493047714233 0
9800 True 0.0546875 3.192436456680298 0
9900 True 0.0 3.2270543575286865 0
