0 False 0 0.0 0
100 False 0 0.0 0
200 False 0 0.0 0
300 True 1 0.521630048751831 0
400 True 1 0.34873485565185547 0
500 False 0 0.0 0
600 True 1 0.3396928310394287 0
700 True 1 0.45878005027770996 0
800 True 1 0.3342933654785156 0
900 False 0 0.0 0
1000 True 1 0.4601712226867676 0
1100 False 0 0.0 0
1200 True 1 0.3330824375152588 0
1300 False 0 0.0 0
1400 False 0 0.0 0
1500 True 1 0.33897972106933594 0
1600 False 0 0.0 0
1700 True 0 0.4372215270996094 0
1800 True 0 0.33492183685302734 0
1900 True 1 0.4633476734161377 0
2000 False 0 0.0 0
2100 False 0 0.0 0
2200 True 1 0.35339951515197754 0
2300 False 0 0.0 0
2400 True 1 0.3510262966156006 0
2500 True 1 0.47376370429992676 0
2600 True 1 0.35772013664245605 0
2700 True 1 0.4587564468383789 0
2800 False 0 0.0 0
2900 False 0 0.0 0
3000 True 1 0.3454551696777344 0
3100 True 1 0.34108424186706543 0
3200 False 0 0.0 0
3300 True 0 0.4156203269958496 0
3400 False 0 0.0 0
3500 True 1 0.3518345355987549 0
3600 False 0 0.0 0
3700 True 0 0.49106645584106445 0
3800 True 1 0.3485281467437744 0
3900 False 0 0.0 0
4000 False 0 0.0 0
4100 True 1 0.34137725830078125 0
4200 False 0 0.0 0
4300 True 1 0.42421984672546387 0
4400 False 0 0.0 0
4500 False 0 0.0 0
4600 False 0 0.0 0
4700 False 0 0.0 0
4800 True 1 0.33284664154052734 0
4900 False 0 0.0 0
5000 True 1 0.4292018413543701 0
5100 True 1 0.3298470973968506 0
5200 True 1 0.33320045471191406 0
5300 True 1 0.3959167003631592 0
5400 False 0 0.0 0
5500 True 1 0.32572078704833984 0
5600 True 1 0.4618067741394043 0
5700 True 0 0.3507513999938965 0
5800 True 0 0.34540796279907227 0
5900 False 0 0.0 0
6000 True 1 0.39747142791748047 0
6100 True 1 0.3172638416290283 0
6200 True 1 0.4341862201690674 0
6300 True 1 0.31424975395202637 0
6400 False 0 0.0 0
6500 False 0 0.0 0
6600 True 1 0.31838059425354004 0
6700 True 1 0.3469855785369873 0
6800 True 0 0.3144676685333252 0
6900 False 0 0.0 0
7000 False 0 0.0 0
7100 False 0 0.0 0
7200 False 0 0.0 0
7300 False 0 0.0 0
7400 True 1 0.4442472457885742 0
7500 True 1 0.3217940330505371 0
7600 False 0 0.0 0
7700 True 1 0.32547593116760254 0
7800 True 1 0.3584589958190918 0
7900 False 0 0.0 0
8000 True 1 0.3269345760345459 0
8100 False 0 0.0 0
8200 False 0 0.0 0
8300 True 0 0.4369375705718994 0
8400 False 0 0.0 0
8500 True 1 0.3261709213256836 0
8600 False 0 0.0 0
8700 True 1 0.3249077796936035 0
8800 True 1 0.328707218170166 0
8900 True 0 0.3196730613708496 0
9000 True 1 0.4426422119140625 0
9100 False 0 0.0 0
9200 True 1 0.31761908531188965 0
9300 True 1 0.32123374938964844 0
9400 True 1 0.33338403701782227 0
9500 True 1 0.3209269046783447 0
9600 True 1 0.4232320785522461 0
9700 True 1 0.32326364517211914 0
9800 True 1 0.31575822830200195 0
9900 True 0 0.31691646575927734 0
