0 True 0.0 5.413358688354492 0
100 False 0.0 0.0 0
200 False 0.0 0.0 0
300 True 0.0205078125 4.244994163513184 0
400 True 0.0322265625 4.806094169616699 0
500 True 0.0068359375 4.0598063468933105 0
600 True 0.00390625 3.6793599128723145 0
700 True 0.01171875 4.409213066101074 0
800 True 0.02734375 4.488848924636841 0
900 False 0.0 0.0 0
1000 True 0.0361328125 4.043262720108032 0
1100 False 0.0 0.0 0
1200 True 0.009765625 4.26922607421875 0
1300 True 0.0 3.266874074935913 0
1400 True 0.0048828125 3.2938055992126465 0
1500 True 0.0205078125 3.4430696964263916 0
1600 False 0.0 0.0 0
1700 False 0.0 0.0 0
1800 True 0.0068359375 3.433887004852295 0
1900 True 0.0263671875 4.215955972671509 0
2000 False 0.0 0.0 0
2100 False 0.0 0.0 0
2200 True 0.0361328125 3.323122024536133 0
2300 False 0.0 0.0 0
2400 True 0.0439453125 4.783334970474243 0
2500 True 0.0068359375 3.3786697387695312 0
2600 True 0.0224609375 3.823625326156616 0
2700 False 0.0 0.0 0
2800 False 0.0 0.0 0
2900 False 0.0 0.0 0
3000 True 0.0283203125 3.3574411869049072 0
3100 True 0.0185546875 4.341204881668091 0
3200 False 0.0 0.0 0
3300 True 0.0087890625 3.7680461406707764 0
3400 False 0.0 0.0 0
3500 True 0.0 3.3830456733703613 0
3600 False 0.0 0.0 0
3700 False 0.0 0.0 0
3800 True 0.009765625 3.2294557094573975 0
3900 False 0.0 0.0 0
4000 False 0.0 0.0 0
4100 True 0.0322265625 3.208740472793579 0
4200 False 0.0 0.0 0
4300 True 0.025390625 3.3537638187408447 0
4400 False 0.0 0.0 0
4500 True 0.001953125 3.8206982612609863 0
4600 False 0.0 0.0 0
4700 False 0.0 0.0 0
4800 True 0.0166015625 4.038986921310425 0
4900 True 0.0 3.4355602264404297 0
5000 True 0.0244140625 3.9132943153381348 0
5100 True 0.0146484375 3.762256622314453 0
5200 True 0.0390625 4.432422161102295 0
5300 False 0.0 0.0 0
5400 False 0.0 0.0 0
5500 False 0.0 0.0 0
5600 True 0.009765625 3.4730308055877686 0
5700 False 0.0 0.0 0
5800 False 0.0 0.0 0
5900 False 0.0 0.0 0
6000 True 0.0126953125 3.3328375816345215 0
6100 True 0.015625 3.499617576599121 0
6200 False 0.0 0.0 0
6300 True 0.001953125 3.404832363128662 0
6400 False 0.0 0.0 0
6500 False 0.0 0.0 0
6600 True 0.0458984375 3.8695075511932373 0
6700 True 0.0107421875 3.44903826713562 0
6800 True 0.0029296875 3.4206550121307373 0
6900 False 0.0 0.0 0
7000 False 0.0 0.0 0
7100 False 0.0 0.0 0
7200 False 0.0 0.0 0
7300 False 0.0 0.0 0
7400 False 0.0 0.0 0
7500 True 0.0146484375 3.441127300262451 0
7600 False 0.0 0.0 0
7700 True 0.0068359375 3.315915107727051 0
7800 True 0.0068359375 3.4603426456451416 0
7900 False 0.0 0.0 0
8000 True 0.01953125 3.4137330055236816 0
8100 False 0.0 0.0 0
8200 False 0.0 0.0 0
8300 False 0.0 0.0 0
8400 True 0.00390625 3.473109722137451 0
8500 True 0.0078125 3.4094173908233643 0
8600 False 0.0 0.0 0
8700 True 0.01171875 3.2785837650299072 0
8800 True 0.0390625 3.344954252243042 0
8900 False 0.0 0.0 0
9000 True 0.0361328125 3.4325878620147705 0
9100 False 0.0 0.0 0
9200 True 0.02734375 3.439337968826294 0
9300 True 0.005859375 3.4194371700286865 0
9400 True 0.0009765625 3.2777440547943115 0
9500 True 0.0107421875 3.378523588180542 0
9600 True 0.017578125 3.394110679626465 0
9700 True 0.013671875 3.3940608501434326 0
9800 True 0.0283203125 3.4282724857330322 0
9900 False 0.0 0.0 0
