0 True 0.013671875 8.115696430206299 0
100 False 0.0 0.0 0
200 False 0.0 0.0 0
300 True 0.0224609375 6.738197326660156 0
400 True 0.0224609375 5.6653265953063965 0
500 False 0.0 0.0 0
600 True 0.0615234375 7.1555798053741455 0
700 True 0.013671875 5.886179685592651 0
800 True 0.0390625 6.947547435760498 0
900 False 0.0 0.0 0
1000 True 0.060546875 5.721561908721924 0
1100 False 0.0 0.0 0
1200 True 0.08203125 7.78911566734314 0
1300 True 0.0029296875 7.133179664611816 0
1400 True 0.0009765625 6.098403692245483 0
1500 False 0.0 0.0 0
1600 False 0.0 0.0 0
1700 False 0.0 0.0 0
1800 False 0.0 0.0 0
1900 True 0.0556640625 6.651712417602539 0
2000 True 0.0126953125 6.064656019210815 0
2100 False 0.0 0.0 0
2200 True 0.0498046875 6.997972011566162 0
2300 False 0.0 0.0 0
2400 True 0.140625 8.93751573562622 0
2500 False 0.0 0.0 0
2600 True 0.04296875 6.667335271835327 0
2700 True 0.05859375 6.2349302768707275 0
2800 True 0.0009765625 5.629740476608276 0
2900 False 0.0 0.0 0
3000 True 0.037109375 7.323117971420288 0
3100 True 0.015625 6.787809610366821 0
3200 False 0.0 0.0 0
3300 True 0.0390625 5.672407150268555 0
3400 False 0.0 0.0 0
3500 False 0.0 0.0 0
3600 False 0.0 0.0 0
3700 True 0.0166015625 5.752681493759155 0
3800 True 0.0283203125 7.6470420360565186 0
3900 False 0.0 0.0 0
4000 False 0.0 0.0 0
4100 True 0.1279296875 8.172741651535034 0
4200 True 0.0 5.912373781204224 0
4300 True 0.064453125 8.540996789932251 0
4400 False 0.0 0.0 0
4500 True 0.0400390625 5.712987184524536 0
4600 False 0.0 0.0 0
4700 True 0.0029296875 5.742762088775635 0
4800 True 0.064453125 5.590561628341675 0
4900 False 0.0 0.0 0
5000 True 0.037109375 5.826798677444458 0
5100 True 0.0244140625 7.237370014190674 0
5200 True 0.015625 5.744469165802002 0
5300 False 0.0 0.0 0
5400 True 0.03125 7.14228892326355 0
5500 False 0.0 0.0 0
5600 True 0.013671875 5.744277000427246 0
5700 True 0.0322265625 5.723161220550537 0
5800 False 0.0 0.0 0
5900 True 0.02734375 5.65636134147644 0
6000 False 0.0 0.0 0
6100 True 0.0283203125 5.721832990646362 0
6200 True 0.009765625 7.2416651248931885 0
6300 True 0.0048828125 7.220271110534668 0
6400 True 0.0283203125 5.842350006103516 0
6500 False 0.0 0.0 0
6600 True 0.11328125 9.589919805526733 0
6700 True 0.015625 5.781572580337524 0
6800 False 0.0 0.0 0
6900 True 0.009765625 5.793133735656738 0
7000 False 0.0 0.0 0
7100 False 0.0 0.0 0
7200 True 0.017578125 6.4104461669921875 0
7300 False 0.0 0.0 0
7400 True 0.0283203125 5.635534048080444 0
7500 True 0.0546875 5.729857683181763 0
7600 False 0.0 0.0 0
7700 True 0.0791015625 7.315034627914429 0
7800 True 0.00390625 5.620330333709717 0
7900 False 0.0 0.0 0
8000 True 0.013671875 5.7161195278167725 0
8100 True 0.0078125 6.392305374145508 0
8200 False 0.0 0.0 0
8300 False 0.0 0.0 0
8400 True 0.0166015625 5.71503472328186 0
8500 True 0.0625 6.4383580684661865 0
8600 True 0.005859375 6.539140701293945 0
8700 True 0.083984375 6.53676438331604 0
8800 True 0.1123046875 7.408549547195435 0
8900 False 0.0 0.0 0
9000 True 0.0712890625 8.462892770767212 0
9100 False 0.0 0.0 0
9200 True 0.1064453125 9.355623483657837 0
9300 True 0.0126953125 5.655917406082153 0
9400 True 0.0087890625 5.619060039520264 0
9500 False 0.0 0.0 0
9600 True 0.025390625 6.618101596832275 0
9700 True 0.0537109375 7.80721116065979 0
9800 True 0.09765625 8.602551698684692 0
9900 True 0.0556640625 5.737420082092285 0
