0 True 0.029296875 7.664109230041504 0
100 False 0.0 0.0 0
200 False 0.0 0.0 0
300 False 0.0 0.0 0
400 True 0.3271484375 7.982831716537476 0
500 False 0.0 0.0 0
600 False 0.0 0.0 0
700 False 0.0 0.0 0
800 False 0.0 0.0 0
900 False 0.0 0.0 0
1000 True 0.1328125 8.091931581497192 0
1100 False 0.0 0.0 0
1200 True 0.001953125 7.089003324508667 0
1300 False 0.0 0.0 0
1400 True 0.02734375 6.02151346206665 0
1500 False 0.0 0.0 0
1600 False 0.0 0.0 0
1700 False 0.0 0.0 0
1800 False 0.0 0.0 0
1900 True 0.0869140625 8.086411237716675 0
2000 False 0.0 0.0 0
2100 False 0.0 0.0 0
2200 True 0.169921875 7.990747928619385 0
2300 False 0.0 0.0 0
2400 True 0.4306640625 9.008052587509155 0
2500 False 0.0 0.0 0
2600 True 0.0703125 7.928344964981079 0
2700 True 0.0947265625 8.7992582321167 0
2800 False 0.0 0.0 0
2900 True 0.14453125 8.030169248580933 0
3000 True 0.1201171875 8.070757150650024 0
3100 True 0.0458984375 9.17606496810913 0
3200 False 0.0 0.0 0
3300 True 0.0 6.465634346008301 0
3400 True 0.0341796875 7.888696670532227 0
3500 True 0.02734375 5.638498306274414 0
3600 False 0.0 0.0 0
3700 True 0.01953125 8.101935386657715 0
3800 True 0.056640625 8.98069429397583 0
3900 False 0.0 0.0 0
4000 False 0.0 0.0 0
4100 True 0.169921875 5.606637239456177 0
4200 True 0.04296875 6.46963357925415 0
4300 True 0.12109375 7.293864727020264 0
4400 False 0.0 0.0 0
4500 True 0.015625 7.496850490570068 0
4600 False 0.0 0.0 0
4700 False 0.0 0.0 0
4800 True 0.443359375 11.271869421005249 0
4900 False 0.0 0.0 0
5000 True 0.052734375 8.476338624954224 0
5100 True 0.0126953125 8.665330648422241 0
5200 False 0.0 0.0 0
5300 False 0.0 0.0 0
5400 True 0.0078125 7.720577716827393 0
5500 False 0.0 0.0 0
5600 False 0.0 0.0 0
5700 True 0.0302734375 5.738958835601807 0
5800 False 0.0 0.0 0
5900 False 0.0 0.0 0
6000 False 0.0 0.0 0
6100 True 0.10546875 8.731780290603638 0
6200 False 0.0 0.0 0
6300 False 0.0 0.0 0
6400 False 0.0 0.0 0
6500 False 0.0 0.0 0
6600 True 0.1240234375 6.805873394012451 0
6700 False 0.0 0.0 0
6800 True 0.1708984375 5.747071743011475 0
6900 True 0.01171875 5.6844871044158936 0
7000 False 0.0 0.0 0
7100 True 0.1025390625 7.870493412017822 0
7200 True 0.0263671875 7.944371461868286 0
7300 False 0.0 0.0 0
7400 False 0.0 0.0 0
7500 True 0.048828125 7.917303085327148 0
7600 True 0.009765625 6.901886463165283 0
7700 True 0.142578125 7.894424915313721 0
7800 True 0.1083984375 6.906531810760498 0
7900 False 0.0 0.0 0
8000 True 0.06640625 9.330434322357178 0
8100 False 0.0 0.0 0
8200 False 0.0 0.0 0
8300 False 0.0 0.0 0
8400 False 0.0 0.0 0
8500 False 0.0 0.0 0
8600 True 0.00390625 8.157305717468262 0
8700 True 0.1640625 8.359713315963745 0
8800 True 0.31640625 9.431179285049438 0
8900 False 0.0 0.0 0
9000 True 0.021484375 6.8325278759002686 0
9100 False 0.0 0.0 0
9200 True 0.41796875 10.85962462425232 0
9300 False 0.0 0.0 0
9400 False 0.0 0.0 0
9500 False 0.0 0.0 0
9600 True 0.3115234375 13.878458499908447 0
9700 True 0.173828125 11.336253643035889 0
9800 True 0.11328125 9.889091491699219 0
9900 False 0.0 0.0 0
