0 True 0.0009765625 6.513821601867676 0
100 False 0.0 0.0 0
200 True 0.0009765625 4.547454357147217 0
300 True 0.013671875 5.448940753936768 0
400 True 0.0107421875 5.844525098800659 0
500 True 0.001953125 4.892184734344482 0
600 True 0.009765625 4.762289047241211 0
700 True 0.01953125 5.712224721908569 0
800 True 0.0185546875 5.351810932159424 0
900 False 0.0 0.0 0
1000 True 0.0078125 4.9604902267456055 0
1100 True 0.001953125 4.823513507843018 0
1200 True 0.0048828125 5.351483345031738 0
1300 True 0.001953125 4.789544343948364 0
1400 False 0.0 0.0 0
1500 True 0.013671875 4.802107095718384 0
1600 True 0.0048828125 4.802001237869263 0
1700 True 0.0029296875 4.791996240615845 0
1800 True 0.0078125 4.7614240646362305 0
1900 True 0.0283203125 5.784970998764038 0
2000 True 0.0048828125 4.6870269775390625 0
2100 True 0.00390625 4.577042579650879 0
2200 True 0.0048828125 4.705581426620483 0
2300 False 0.0 0.0 0
2400 True 0.0166015625 5.140148878097534 0
2500 True 0.001953125 4.764797687530518 0
2600 True 0.009765625 4.817839860916138 0
2700 True 0.0029296875 4.751351833343506 0
2800 True 0.0048828125 4.696612119674683 0
2900 True 0.0029296875 4.838904619216919 0
3000 True 0.0009765625 4.7342400550842285 0
3100 True 0.0029296875 4.7234907150268555 0
3200 True 0.00390625 4.790227651596069 0
3300 True 0.005859375 5.0484724044799805 0
3400 False 0.0 0.0 0
3500 True 0.005859375 4.766398668289185 0
3600 False 0.0 0.0 0
3700 True 0.0048828125 4.759196996688843 0
3800 True 0.0087890625 4.829374074935913 0
3900 False 0.0 0.0 0
4000 False 0.0 0.0 0
4100 True 0.0185546875 4.669493913650513 0
4200 True 0.0068359375 4.714972496032715 0
4300 True 0.005859375 4.66044545173645 0
4400 True 0.00390625 4.782902002334595 0
4500 False 0.0 0.0 0
4600 True 0.005859375 4.741832494735718 0
4700 True 0.0087890625 4.709789514541626 0
4800 True 0.01171875 5.168253183364868 0
4900 True 0.0029296875 4.691327095031738 0
5000 True 0.0244140625 5.471642732620239 0
5100 True 0.005859375 4.745579242706299 0
5200 True 0.0029296875 4.850378513336182 0
5300 True 0.009765625 4.682041883468628 0
5400 True 0.009765625 4.699819087982178 0
5500 True 0.0048828125 4.6361119747161865 0
5600 True 0.001953125 4.780638694763184 0
5700 True 0.0029296875 4.6617043018341064 0
5800 True 0.0029296875 4.703450918197632 0
5900 False 0.0 0.0 0
6000 True 0.00390625 4.6978089809417725 0
6100 True 0.0078125 4.662157773971558 0
6200 True 0.0029296875 4.738677740097046 0
6300 True 0.0087890625 4.712182521820068 0
6400 True 0.0048828125 4.644850730895996 0
6500 True 0.0029296875 4.627705812454224 0
6600 True 0.0078125 4.685705900192261 0
6700 True 0.0009765625 4.705370664596558 0
6800 True 0.0009765625 4.641561269760132 0
6900 True 0.001953125 4.6179797649383545 0
7000 False 0.0 0.0 0
7100 True 0.0009765625 4.569755554199219 0
7200 True 0.001953125 4.6062047481536865 0
7300 False 0.0 0.0 0
7400 True 0.0 4.634711742401123 0
7500 True 0.0205078125 4.589066505432129 0
7600 False 0.0 0.0 0
7700 True 0.01171875 4.664806127548218 0
7800 True 0.0029296875 4.520901441574097 0
7900 True 0.0048828125 4.719059467315674 0
8000 True 0.0126953125 4.644394636154175 0
8100 True 0.0107421875 4.609462261199951 0
8200 True 0.0 4.613462686538696 0
8300 False 0.0 0.0 0
8400 True 0.001953125 4.5781495571136475 0
8500 True 0.013671875 4.629072904586792 0
8600 False 0.0 0.0 0
8700 True 0.0009765625 4.642770528793335 0
8800 True 0.0068359375 4.631662368774414 0
8900 True 0.001953125 4.631787061691284 0
9000 True 0.0205078125 4.620852947235107 0
9100 True 0.00390625 4.5723583698272705 0
9200 True 0.009765625 4.749459743499756 0
9300 True 0.0029296875 4.600832462310791 0
9400 True 0.017578125 4.720992803573608 0
9500 True 0.0107421875 4.831022262573242 0
9600 True 0.009765625 4.753705263137817 0
9700 True 0.0048828125 4.779261589050293 0
9800 True 0.0126953125 4.695053339004517 0
9900 True 0.0126953125 4.799912452697754 0
