0 True 0 0.6654644012451172 0
100 False 0 0.0 0
200 True 0 0.4950239658355713 0
300 True 1 0.49883127212524414 0
400 True 1 0.5725395679473877 0
500 True 1 0.5054945945739746 0
600 True 1 0.4865429401397705 0
700 True 1 0.5434081554412842 0
800 True 1 0.5930132865905762 0
900 False 0 0.0 0
1000 True 1 0.5308587551116943 0
1100 True 1 0.4900195598602295 0
1200 True 1 0.5624182224273682 0
1300 True 1 0.5340192317962646 0
1400 False 0 0.0 0
1500 True 1 0.489530086517334 0
1600 True 1 0.5545766353607178 0
1700 True 1 0.485426664352417 0
1800 True 1 0.5564899444580078 0
1900 True 1 0.5692105293273926 0
2000 True 1 0.5612959861755371 0
2100 True 1 0.49585509300231934 0
2200 True 1 0.5977423191070557 0
2300 False 0 0.0 0
2400 True 1 0.6011509895324707 0
2500 True 1 0.4931142330169678 0
2600 True 1 0.5746440887451172 0
2700 True 1 0.49385786056518555 0
2800 True 1 0.5346362590789795 0
2900 True 1 0.5966269969940186 0
3000 True 0 0.5237879753112793 0
3100 True 1 0.49165940284729004 0
3200 True 1 0.5920307636260986 0
3300 True 1 0.49406003952026367 0
3400 False 0 0.0 0
3500 True 1 0.49306511878967285 0
3600 False 0 0.0 0
3700 True 1 0.49399662017822266 0
3800 True 1 0.6067533493041992 0
3900 False 0 0.0 0
4000 False 0 0.0 0
4100 True 1 0.6036984920501709 0
4200 True 1 0.48589539527893066 0
4300 True 1 0.5990989208221436 0
4400 True 1 0.5935053825378418 0
4500 False 0 0.0 0
4600 True 1 0.4903125762939453 0
4700 True 1 0.5930275917053223 0
4800 True 1 0.5935194492340088 0
4900 True 1 0.48706817626953125 0
5000 True 1 0.5828046798706055 0
5100 True 1 0.571324348449707 0
5200 True 1 0.48991918563842773 0
5300 True 1 0.5720303058624268 0
5400 True 1 0.5469913482666016 0
5500 True 1 0.48949551582336426 0
5600 True 1 0.5219998359680176 0
5700 True 1 0.5264177322387695 0
5800 True 1 0.493452787399292 0
5900 False 0 0.0 0
6000 True 1 0.5960619449615479 0
6100 True 1 0.6071779727935791 0
6200 True 1 0.48832154273986816 0
6300 True 1 0.569044828414917 0
6400 True 1 0.5236268043518066 0
6500 True 1 0.4939262866973877 0
6600 True 1 0.6008458137512207 0
6700 True 0 0.5896961688995361 0
6800 True 0 0.4823005199432373 0
6900 True 1 0.5732462406158447 0
7000 False 0 0.0 0
7100 True 0 0.541060209274292 0
7200 True 1 0.4980049133300781 0
7300 False 0 0.0 0
7400 True 0 0.5568318367004395 0
7500 True 1 0.5757684707641602 0
7600 False 0 0.0 0
7700 True 1 0.4910726547241211 0
7800 True 1 0.613518238067627 0
7900 True 1 0.5651931762695312 0
8000 True 1 0.490145206451416 0
8100 True 1 0.600860595703125 0
8200 True 0 0.5292215347290039 0
8300 False 0 0.0 0
8400 True 1 0.48601770401000977 0
8500 True 1 0.5838346481323242 0
8600 False 0 0.0 0
8700 True 0 0.5404610633850098 0
8800 True 1 0.4930078983306885 0
8900 True 1 0.559438943862915 0
9000 True 1 0.5650410652160645 0
9100 True 1 0.4803650379180908 0
9200 True 1 0.5428626537322998 0
9300 True 1 0.5932543277740479 0
9400 True 1 0.49129390716552734 0
9500 True 1 0.6034963130950928 0
9600 True 1 0.5646395683288574 0
9700 True 1 0.496976375579834 0
9800 True 1 0.5889501571655273 0
9900 True 1 0.6068129539489746 0
