0 True 1 0.4839785099029541 0
100 False 0 0.0 0
200 False 0 0.0 0
300 True 1 0.3261604309082031 0
400 True 1 0.3942246437072754 0
500 False 0 0.0 0
600 True 1 0.3331139087677002 0
700 True 1 0.4041929244995117 0
800 True 1 0.33290815353393555 0
900 False 0 0.0 0
1000 True 1 0.3282811641693115 0
1100 False 0 0.0 0
1200 True 1 0.4226377010345459 0
1300 False 0 0.0 0
1400 False 0 0.0 0
1500 True 1 0.33072519302368164 0
1600 False 0 0.0 0
1700 False 0 0.0 0
1800 False 0 0.0 0
1900 True 1 0.4340813159942627 0
2000 False 0 0.0 0
2100 False 0 0.0 0
2200 False 0 0.0 0
2300 True 1 0.31922149658203125 0
2400 True 1 0.3274548053741455 0
2500 True 1 0.4037027359008789 0
2600 True 1 0.3265841007232666 0
2700 True 1 0.4354729652404785 0
2800 False 0 0.0 0
2900 False 0 0.0 0
3000 True 1 0.32659029960632324 0
3100 True 1 0.3243391513824463 0
3200 False 0 0.0 0
3300 False 0 0.0 0
3400 False 0 0.0 0
3500 True 1 0.3910641670227051 0
3600 False 0 0.0 0
3700 True 1 0.3213822841644287 0
3800 True 1 0.4469447135925293 0
3900 False 0 0.0 0
4000 False 0 0.0 0
4100 True 1 0.3360166549682617 0
4200 True 1 0.3340730667114258 0
4300 True 1 0.37946343421936035 0
4400 False 0 0.0 0
4500 True 1 0.3355863094329834 0
4600 False 0 0.0 0
4700 True 1 0.37095046043395996 0
4800 True 1 0.3403208255767822 0
4900 True 1 0.33983445167541504 0
5000 True 1 0.35060715675354004 0
5100 True 1 0.3317840099334717 0
5200 True 1 0.44118595123291016 0
5300 True 1 0.3253664970397949 0
5400 True 0 0.3139193058013916 0
5500 True 1 0.34415316581726074 0
5600 True 1 0.32798004150390625 0
5700 True 1 0.34945178031921387 0
5800 False 0 0.0 0
5900 False 0 0.0 0
6000 True 1 0.323775053024292 0
6100 True 1 0.3174326419830322 0
6200 False 0 0.0 0
6300 False 0 0.0 0
6400 False 0 0.0 0
6500 False 0 0.0 0
6600 True 1 0.32062506675720215 0
6700 True 1 0.3348207473754883 0
6800 True 1 0.3832705020904541 0
6900 False 0 0.0 0
7000 False 0 0.0 0
7100 False 0 0.0 0
7200 False 0 0.0 0
7300 True 1 0.3332514762878418 0
7400 True 1 0.32718992233276367 0
7500 True 1 0.3326406478881836 0
7600 False 0 0.0 0
7700 False 0 0.0 0
7800 True 1 0.3345921039581299 0
7900 False 0 0.0 0
8000 True 1 0.3947885036468506 0
8100 False 0 0.0 0
8200 False 0 0.0 0
8300 False 0 0.0 0
8400 False 0 0.0 0
8500 True 1 0.3392777442932129 0
8600 False 0 0.0 0
8700 True 1 0.33722472190856934 0
8800 True 1 0.3194410800933838 0
8900 False 0 0.0 0
9000 True 1 0.33323168754577637 0
9100 False 0 0.0 0
9200 True 1 0.33553528785705566 0
9300 False 0 0.0 0
9400 False 0 0.0 0
9500 True 1 0.33056020736694336 0
9600 True 1 0.3270845413208008 0
9700 True 1 0.32591795921325684 0
9800 True 1 0.3307220935821533 0
9900 False 0 0.0 0
