0 False 0.0 0.0 0
100 True 0.0048828125 0.0337214469909668 0
200 False 0.0 0.0 0
300 True 0.0341796875 0.023374557495117188 0
400 True 0.0498046875 0.020156145095825195 0
500 False 0.0 0.0 0
600 False 0.0 0.0 0
700 True 0.0146484375 0.020122766494750977 0
800 False 0.0 0.0 0
900 False 0.0 0.0 0
1000 True 0.015625 0.020191192626953125 0
1100 False 0.0 0.0 0
1200 False 0.0 0.0 0
1300 False 0.0 0.0 0
1400 True 0.0224609375 0.02049708366394043 0
1500 False 0.0 0.0 0
1600 False 0.0 0.0 0
1700 False 0.0 0.0 0
1800 False 0.0 0.0 0
1900 True 0.0205078125 0.019889116287231445 0
2000 False 0.0 0.0 0
2100 False 0.0 0.0 0
2200 True 0.0458984375 0.023415327072143555 0
2300 False 0.0 0.0 0
2400 True 0.1015625 0.020251750946044922 0
2500 False 0.0 0.0 0
2600 True 0.0283203125 0.02351975440979004 0
2700 False 0.0 0.0 0
2800 False 0.0 0.0 0
2900 False 0.0 0.0 0
3000 True 0.068359375 0.02021932601928711 0
3100 True 0.0390625 0.019923925399780273 0
3200 False 0.0 0.0 0
3300 False 0.0 0.0 0
3400 True 0.0107421875 0.023992300033569336 0
3500 True 0.021484375 0.023823022842407227 0
3600 False 0.0 0.0 0
3700 False 0.0 0.0 0
3800 False 0.0 0.0 0
3900 False 0.0 0.0 0
4000 False 0.0 0.0 0
4100 True 0.03515625 0.019968509674072266 0
4200 True 0.0078125 0.02430272102355957 0
4300 False 0.0 0.0 0
4400 False 0.0 0.0 0
4500 False 0.0 0.0 0
4600 False 0.0 0.0 0
4700 False 0.0 0.0 0
4800 True 0.041015625 0.019711017608642578 0
4900 False 0.0 0.0 0
5000 True 0.021484375 0.019928693771362305 0
5100 False 0.0 0.0 0
5200 True 0.0244140625 0.023776531219482422 0
5300 False 0.0 0.0 0
5400 True 0.0224609375 0.02259540557861328 0
5500 False 0.0 0.0 0
5600 False 0.0 0.0 0
5700 False 0.0 0.0 0
5800 False 0.0 0.0 0
5900 False 0.0 0.0 0
6000 False 0.0 0.0 0
6100 True 0.0068359375 0.02323150634765625 0
6200 False 0.0 0.0 0
6300 False 0.0 0.0 0
6400 False 0.0 0.0 0
6500 False 0.0 0.0 0
6600 False 0.0 0.0 0
6700 True 0.005859375 0.020444631576538086 0
6800 True 0.0166015625 0.02064037322998047 0
6900 False 0.0 0.0 0
7000 False 0.0 0.0 0
7100 True 0.0478515625 0.02001667022705078 0
7200 False 0.0 0.0 0
7300 False 0.0 0.0 0
7400 False 0.0 0.0 0
7500 False 0.0 0.0 0
7600 False 0.0 0.0 0
7700 True 0.03125 0.020522117614746094 0
7800 True 0.0400390625 0.02427220344543457 0
7900 False 0.0 0.0 0
8000 True 0.0400390625 0.019820213317871094 0
8100 False 0.0 0.0 0
8200 False 0.0 0.0 0
8300 False 0.0 0.0 0
8400 False 0.0 0.0 0
8500 True 0.015625 0.019379138946533203 0
8600 False 0.0 0.0 0
8700 False 0.0 0.0 0
8800 True 0.0966796875 0.019605636596679688 0
8900 False 0.0 0.0 0
9000 False 0.0 0.0 0
9100 False 0.0 0.0 0
9200 True 0.0283203125 0.023975610733032227 0
9300 True 0.0126953125 0.023317813873291016 0
9400 False 0.0 0.0 0
9500 False 0.0 0.0 0
9600 True 0.0390625 0.02344799041748047 0
9700 True 0.0517578125 0.01954960823059082 0
9800 False 0.0 0.0 0
9900 False 0.0 0.0 0
