0 False 0 0.0 0
100 False 0 0.0 0
200 False 0 0.0 0
300 True 1 4.613851308822632 0
400 True 1 0.0031914710998535156 0
500 False 0 0.0 0
600 False 0 0.0 0
700 False 0 0.0 0
800 True 1 0.0029058456420898438 0
900 False 0 0.0 0
1000 True 1 0.003100156784057617 0
1100 False 0 0.0 0
1200 False 0 0.0 0
1300 True 1 0.003102540969848633 0
1400 True 1 0.0027761459350585938 0
1500 False 0 0.0 0
1600 False 0 0.0 0
1700 False 0 0.0 0
1800 False 0 0.0 0
1900 True 1 0.002985239028930664 0
2000 False 0 0.0 0
2100 False 0 0.0 0
2200 True 1 0.0026383399963378906 0
2300 False 0 0.0 0
2400 True 1 0.0028066635131835938 0
2500 False 0 0.0 0
2600 True 1 0.0031714439392089844 0
2700 False 0 0.0 0
2800 False 0 0.0 0
2900 False 0 0.0 0
3000 True 1 0.002929210662841797 0
3100 True 1 0.002780437469482422 0
3200 False 0 0.0 0
3300 True 1 0.003126859664916992 0
3400 True 1 0.0029251575469970703 0
3500 True 0 0.003020048141479492 0
3600 False 0 0.0 0
3700 False 0 0.0 0
3800 True 1 0.0030913352966308594 0
3900 False 0 0.0 0
4000 False 0 0.0 0
4100 True 1 0.003171682357788086 0
4200 False 0 0.0 0
4300 True 1 0.0030031204223632812 0
4400 False 0 0.0 0
4500 False 0 0.0 0
4600 True 1 0.003033876419067383 0
4700 True 1 0.003233194351196289 0
4800 True 1 0.002913951873779297 0
4900 False 0 0.0 0
5000 True 1 0.0027790069580078125 0
5100 False 0 0.0 0
5200 False 0 0.0 0
5300 False 0 0.0 0
5400 False 0 0.0 0
5500 True 1 0.0031490325927734375 0
5600 True 1 0.0028612613677978516 0
5700 True 1 0.002906322479248047 0
5800 False 0 0.0 0
5900 False 0 0.0 0
6000 True 1 0.003048419952392578 0
6100 True 1 0.003123044967651367 0
6200 False 0 0.0 0
6300 False 0 0.0 0
6400 False 0 0.0 0
6500 False 0 0.0 0
6600 True 1 0.0028221607208251953 0
6700 True 1 0.003198862075805664 0
6800 True 1 0.003084897994995117 0
6900 False 0 0.0 0
7000 False 0 0.0 0
7100 True 1 0.002959012985229492 0
7200 False 0 0.0 0
7300 False 0 0.0 0
7400 False 0 0.0 0
7500 False 0 0.0 0
7600 False 0 0.0 0
7700 True 1 0.002890348434448242 0
7800 True 1 0.0031070709228515625 0
7900 False 0 0.0 0
8000 True 1 0.0029892921447753906 0
8100 False 0 0.0 0
8200 False 0 0.0 0
8300 False 0 0.0 0
8400 False 0 0.0 0
8500 True 1 0.002843618392944336 0
8600 False 0 0.0 0
8700 False 0 0.0 0
8800 True 1 0.0027899742126464844 0
8900 False 0 0.0 0
9000 False 0 0.0 0
9100 False 0 0.0 0
9200 True 1 0.002804279327392578 0
9300 False 0 0.0 0
9400 True 1 0.0032346248626708984 0
9500 False 0 0.0 0
9600 True 1 0.002729177474975586 0
9700 True 1 0.0030298233032226562 0
9800 False 0 0.0 0
9900 False 0 0.0 0
