0 True 1 0.005837917327880859 0
100 False 0 0.0 0
200 False 0 0.0 0
300 True 1 0.005455732345581055 0
400 True 1 0.0055272579193115234 0
500 False 0 0.0 0
600 True 0 0.005355119705200195 0
700 True 1 0.005509853363037109 0
800 True 0 0.0056095123291015625 0
900 False 0 0.0 0
1000 True 1 0.005432844161987305 0
1100 False 0 0.0 0
1200 True 0 0.00592803955078125 0
1300 False 0 0.0 0
1400 True 1 0.005852460861206055 0
1500 True 0 0.005622386932373047 0
1600 False 0 0.0 0
1700 False 0 0.0 0
1800 False 0 0.0 0
1900 True 1 0.005865573883056641 0
2000 False 0 0.0 0
2100 False 0 0.0 0
2200 True 1 0.013294458389282227 0
2300 True 0 0.00600743293762207 0
2400 True 1 0.005628824234008789 0
2500 False 0 0.0 0
2600 True 1 0.005822658538818359 0
2700 False 0 0.0 0
2800 False 0 0.0 0
2900 False 0 0.0 0
3000 True 1 0.00591278076171875 0
3100 True 1 0.005853176116943359 0
3200 False 0 0.0 0
3300 False 0 0.0 0
3400 False 0 0.0 0
3500 True 1 0.005898714065551758 0
3600 False 0 0.0 0
3700 False 0 0.0 0
3800 True 1 0.0059282779693603516 0
3900 False 0 0.0 0
4000 False 0 0.0 0
4100 True 1 0.005498647689819336 0
4200 True 0 0.006063222885131836 0
4300 True 1 0.006006479263305664 0
4400 False 0 0.0 0
4500 False 0 0.0 0
4600 False 0 0.0 0
4700 False 0 0.0 0
4800 True 1 0.0056226253509521484 0
4900 True 1 0.0058863162994384766 0
5000 True 1 0.0057582855224609375 0
5100 True 1 0.005819082260131836 0
5200 True 1 0.005857706069946289 0
5300 False 0 0.0 0
5400 True 0 0.005799770355224609 0
5500 False 0 0.0 0
5600 False 0 0.0 0
5700 True 0 0.005308628082275391 0
5800 False 0 0.0 0
5900 False 0 0.0 0
6000 True 1 0.005462646484375 0
6100 True 1 0.005445003509521484 0
6200 True 0 0.005215167999267578 0
6300 False 0 0.0 0
6400 False 0 0.0 0
6500 False 0 0.0 0
6600 True 1 0.00585627555847168 0
6700 True 0 0.005957126617431641 0
6800 True 1 0.006028890609741211 0
6900 False 0 0.0 0
7000 False 0 0.0 0
7100 True 1 0.005796670913696289 0
7200 False 0 0.0 0
7300 False 0 0.0 0
7400 True 0 0.0055561065673828125 0
7500 True 0 0.005919933319091797 0
7600 False 0 0.0 0
7700 True 0 0.0058743953704833984 0
7800 True 1 0.0056610107421875 0
7900 False 0 0.0 0
8000 True 1 0.0054416656494140625 0
8100 False 0 0.0 0
8200 False 0 0.0 0
8300 False 0 0.0 0
8400 False 0 0.0 0
8500 True 1 0.005700349807739258 0
8600 False 0 0.0 0
8700 True 1 0.005367755889892578 0
8800 True 1 0.005514383316040039 0
8900 False 0 0.0 0
9000 True 1 0.00558924674987793 0
9100 False 0 0.0 0
9200 True 1 0.005652904510498047 0
9300 False 0 0.0 0
9400 False 0 0.0 0
9500 False 0 0.0 0
9600 True 1 0.005788326263427734 0
9700 True 1 0.005596637725830078 0
9800 False 0 0.0 0
9900 False 0 0.0 0
