0 False 0 0.0 0
100 False 0 0.0 0
200 False 0 0.0 0
300 True 0 0.008526802062988281 0
400 True 0 0.00545501708984375 0
500 False 0 0.0 0
600 False 0 0.0 0
700 True 0 0.0057697296142578125 0
800 False 0 0.0 0
900 False 0 0.0 0
1000 True 0 0.006197452545166016 0
1100 False 0 0.0 0
1200 False 0 0.0 0
1300 False 0 0.0 0
1400 True 0 0.005602836608886719 0
1500 False 0 0.0 0
1600 False 0 0.0 0
1700 False 0 0.0 0
1800 False 0 0.0 0
1900 True 0 0.005767345428466797 0
2000 False 0 0.0 0
2100 False 0 0.0 0
2200 True 0 0.0054476261138916016 0
2300 False 0 0.0 0
2400 True 1 0.005175113677978516 0
2500 False 0 0.0 0
2600 True 0 0.005827665328979492 0
2700 False 0 0.0 0
2800 False 0 0.0 0
2900 False 0 0.0 0
3000 True 1 0.005471706390380859 0
3100 True 0 0.006365299224853516 0
3200 False 0 0.0 0
3300 False 0 0.0 0
3400 True 0 0.0059413909912109375 0
3500 True 0 0.006273746490478516 0
3600 False 0 0.0 0
3700 False 0 0.0 0
3800 True 0 0.005397796630859375 0
3900 False 0 0.0 0
4000 False 0 0.0 0
4100 True 0 0.0059359073638916016 0
4200 True 0 0.0058536529541015625 0
4300 True 0 0.005959749221801758 0
4400 False 0 0.0 0
4500 False 0 0.0 0
4600 False 0 0.0 0
4700 True 0 0.006139039993286133 0
4800 True 0 0.0055999755859375 0
4900 True 0 0.005811214447021484 0
5000 True 0 0.005281686782836914 0
5100 False 0 0.0 0
5200 True 0 0.0060307979583740234 0
5300 False 0 0.0 0
5400 True 0 0.0058329105377197266 0
5500 False 0 0.0 0
5600 False 0 0.0 0
5700 False 0 0.0 0
5800 False 0 0.0 0
5900 False 0 0.0 0
6000 False 0 0.0 0
6100 True 0 0.005964994430541992 0
6200 False 0 0.0 0
6300 False 0 0.0 0
6400 False 0 0.0 0
6500 False 0 0.0 0
6600 True 0 0.005745410919189453 0
6700 True 0 0.005787372589111328 0
6800 True 0 0.0059604644775390625 0
6900 False 0 0.0 0
7000 False 0 0.0 0
7100 True 0 0.005757808685302734 0
7200 False 0 0.0 0
7300 False 0 0.0 0
7400 False 0 0.0 0
7500 False 0 0.0 0
7600 False 0 0.0 0
7700 True 0 0.005902767181396484 0
7800 True 0 0.005542278289794922 0
7900 False 0 0.0 0
8000 True 0 0.00590062141418457 0
8100 False 0 0.0 0
8200 False 0 0.0 0
8300 False 0 0.0 0
8400 False 0 0.0 0
8500 False 0 0.0 0
8600 False 0 0.0 0
8700 False 0 0.0 0
8800 True 1 0.005380392074584961 0
8900 False 0 0.0 0
9000 True 0 0.005159616470336914 0
9100 False 0 0.0 0
9200 True 0 0.005312919616699219 0
9300 True 0 0.005855083465576172 0
9400 False 0 0.0 0
9500 False 0 0.0 0
9600 True 0 0.005753040313720703 0
9700 True 1 0.005239248275756836 0
9800 False 0 0.0 0
9900 False 0 0.0 0
