0 False 0 0.0 0
100 False 0 0.0 0
200 False 0 0.0 0
300 True 1 0.016472339630126953 0
400 True 1 0.005684614181518555 0
500 False 0 0.0 0
600 False 0 0.0 0
700 True 1 0.005131721496582031 0
800 True 1 0.005668163299560547 0
900 False 0 0.0 0
1000 True 1 0.005608558654785156 0
1100 False 0 0.0 0
1200 False 0 0.0 0
1300 False 0 0.0 0
1400 True 1 0.005039215087890625 0
1500 False 0 0.0 0
1600 False 0 0.0 0
1700 False 0 0.0 0
1800 False 0 0.0 0
1900 False 0 0.0 0
2000 False 0 0.0 0
2100 False 0 0.0 0
2200 True 1 0.005488395690917969 0
2300 False 0 0.0 0
2400 True 1 0.0057408809661865234 0
2500 False 0 0.0 0
2600 True 1 0.005225658416748047 0
2700 True 1 0.004400968551635742 0
2800 False 0 0.0 0
2900 False 0 0.0 0
3000 True 1 0.005751848220825195 0
3100 True 1 0.00484776496887207 0
3200 False 0 0.0 0
3300 False 0 0.0 0
3400 True 1 0.00474858283996582 0
3500 False 0 0.0 0
3600 False 0 0.0 0
3700 False 0 0.0 0
3800 False 0 0.0 0
3900 False 0 0.0 0
4000 False 0 0.0 0
4100 True 1 0.005447864532470703 0
4200 False 0 0.0 0
4300 False 0 0.0 0
4400 False 0 0.0 0
4500 False 0 0.0 0
4600 False 0 0.0 0
4700 False 0 0.0 0
4800 True 1 0.004879951477050781 0
4900 False 0 0.0 0
5000 False 0 0.0 0
5100 False 0 0.0 0
5200 False 0 0.0 0
5300 False 0 0.0 0
5400 False 0 0.0 0
5500 False 0 0.0 0
5600 False 0 0.0 0
5700 False 0 0.0 0
5800 False 0 0.0 0
5900 False 0 0.0 0
6000 False 0 0.0 0
6100 True 1 0.004363298416137695 0
6200 False 0 0.0 0
6300 False 0 0.0 0
6400 False 0 0.0 0
6500 False 0 0.0 0
6600 True 1 0.004834890365600586 0
6700 True 1 0.0042400360107421875 0
6800 True 1 0.004944562911987305 0
6900 False 0 0.0 0
7000 False 0 0.0 0
7100 True 1 0.004426002502441406 0
7200 False 0 0.0 0
7300 True 1 0.0041768550872802734 0
7400 False 0 0.0 0
7500 False 0 0.0 0
7600 False 0 0.0 0
7700 True 1 0.004663705825805664 0
7800 True 1 0.0043332576751708984 0
7900 False 0 0.0 0
8000 True 1 0.005092620849609375 0
8100 True 1 0.004498958587646484 0
8200 False 0 0.0 0
8300 False 0 0.0 0
8400 False 0 0.0 0
8500 False 0 0.0 0
8600 False 0 0.0 0
8700 False 0 0.0 0
8800 True 1 0.007944822311401367 0
8900 False 0 0.0 0
9000 False 0 0.0 0
9100 False 0 0.0 0
9200 True 1 0.004295825958251953 0
9300 False 0 0.0 0
9400 True 1 0.0043981075286865234 0
9500 False 0 0.0 0
9600 True 1 0.005129575729370117 0
9700 True 1 0.0040361881256103516 0
9800 False 0 0.0 0
9900 False 0 0.0 0
