0 False 0.0 0.0 0
100 False 0.0 0.0 0
200 False 0.0 0.0 0
300 True 0.1591796875 0.08181881904602051 0
400 True 0.1748046875 0.05411577224731445 0
500 False 0.0 0.0 0
600 False 0.0 0.0 0
700 True 0.037109375 0.053105831146240234 0
800 True 0.1455078125 0.05514192581176758 0
900 False 0.0 0.0 0
1000 True 0.142578125 0.05376243591308594 0
1100 False 0.0 0.0 0
1200 False 0.0 0.0 0
1300 False 0.0 0.0 0
1400 True 0.076171875 0.05341982841491699 0
1500 False 0.0 0.0 0
1600 False 0.0 0.0 0
1700 False 0.0 0.0 0
1800 False 0.0 0.0 0
1900 False 0.0 0.0 0
2000 False 0.0 0.0 0
2100 False 0.0 0.0 0
2200 True 0.1689453125 0.03511357307434082 0
2300 False 0.0 0.0 0
2400 True 0.408203125 0.052477121353149414 0
2500 False 0.0 0.0 0
2600 True 0.1494140625 0.053969383239746094 0
2700 True 0.033203125 0.052010536193847656 0
2800 False 0.0 0.0 0
2900 False 0.0 0.0 0
3000 True 0.193359375 0.05302929878234863 0
3100 True 0.0947265625 0.05335116386413574 0
3200 False 0.0 0.0 0
3300 False 0.0 0.0 0
3400 True 0.35546875 0.05316877365112305 0
3500 False 0.0 0.0 0
3600 False 0.0 0.0 0
3700 False 0.0 0.0 0
3800 False 0.0 0.0 0
3900 False 0.0 0.0 0
4000 False 0.0 0.0 0
4100 True 0.1953125 0.052132606506347656 0
4200 False 0.0 0.0 0
4300 False 0.0 0.0 0
4400 False 0.0 0.0 0
4500 False 0.0 0.0 0
4600 False 0.0 0.0 0
4700 False 0.0 0.0 0
4800 True 0.1767578125 0.053467512130737305 0
4900 False 0.0 0.0 0
5000 False 0.0 0.0 0
5100 False 0.0 0.0 0
5200 False 0.0 0.0 0
5300 False 0.0 0.0 0
5400 False 0.0 0.0 0
5500 False 0.0 0.0 0
5600 False 0.0 0.0 0
5700 False 0.0 0.0 0
5800 False 0.0 0.0 0
5900 False 0.0 0.0 0
6000 False 0.0 0.0 0
6100 True 0.095703125 0.05304217338562012 0
6200 False 0.0 0.0 0
6300 False 0.0 0.0 0
6400 False 0.0 0.0 0
6500 False 0.0 0.0 0
6600 True 0.12109375 0.052169084548950195 0
6700 True 0.1396484375 0.03711247444152832 0
6800 True 0.1748046875 0.03655719757080078 0
6900 False 0.0 0.0 0
7000 False 0.0 0.0 0
7100 True 0.322265625 0.03582501411437988 0
7200 False 0.0 0.0 0
7300 True 0.1298828125 0.037802696228027344 0
7400 False 0.0 0.0 0
7500 False 0.0 0.0 0
7600 False 0.0 0.0 0
7700 True 0.25390625 0.040738821029663086 0
7800 True 0.072265625 0.05216574668884277 0
7900 False 0.0 0.0 0
8000 True 0.03125 0.03665781021118164 0
8100 True 0.1328125 0.03606677055358887 0
8200 False 0.0 0.0 0
8300 False 0.0 0.0 0
8400 False 0.0 0.0 0
8500 False 0.0 0.0 0
8600 False 0.0 0.0 0
8700 False 0.0 0.0 0
8800 True 0.2216796875 0.03581070899963379 0
8900 False 0.0 0.0 0
9000 False 0.0 0.0 0
9100 False 0.0 0.0 0
9200 True 0.1923828125 0.037163734436035156 0
9300 False 0.0 0.0 0
9400 True 0.0888671875 0.053323984146118164 0
9500 False 0.0 0.0 0
9600 True 0.1865234375 0.05251026153564453 0
9700 True 0.1728515625 0.03595328330993652 0
9800 False 0.0 0.0 0
9900 False 0.0 0.0 0
