0 True 1 2.7219369411468506 0
100 False 0 0.0 0
200 False 0 0.0 0
300 True 1 0.005625009536743164 0
400 True 1 0.00521087646484375 0
500 False 0 0.0 0
600 False 0 0.0 0
700 True 1 0.005176544189453125 0
800 False 0 0.0 0
900 False 0 0.0 0
1000 True 1 0.0047762393951416016 0
1100 False 0 0.0 0
1200 True 1 0.004967451095581055 0
1300 False 0 0.0 0
1400 False 0 0.0 0
1500 True 1 0.005432844161987305 0
1600 False 0 0.0 0
1700 False 0 0.0 0
1800 False 0 0.0 0
1900 True 1 0.005314350128173828 0
2000 False 0 0.0 0
2100 False 0 0.0 0
2200 True 1 0.005427122116088867 0
2300 True 1 0.005095720291137695 0
2400 True 1 0.004861354827880859 0
2500 False 0 0.0 0
2600 True 1 0.005005359649658203 0
2700 False 0 0.0 0
2800 True 1 0.005311012268066406 0
2900 False 0 0.0 0
3000 True 1 0.005295991897583008 0
3100 True 1 0.005691051483154297 0
3200 False 0 0.0 0
3300 False 0 0.0 0
3400 False 0 0.0 0
3500 True 1 0.005263090133666992 0
3600 False 0 0.0 0
3700 False 0 0.0 0
3800 True 1 0.0049250125885009766 0
3900 True 0 0.005564451217651367 0
4000 False 0 0.0 0
4100 True 1 0.0054171085357666016 0
4200 False 0 0.0 0
4300 True 1 0.005395650863647461 0
4400 False 0 0.0 0
4500 False 0 0.0 0
4600 True 0 0.005807399749755859 0
4700 False 0 0.0 0
4800 True 1 0.005663156509399414 0
4900 True 1 0.005789756774902344 0
5000 True 1 0.005391120910644531 0
5100 True 1 0.005443572998046875 0
5200 True 1 0.005313873291015625 0
5300 False 0 0.0 0
5400 True 0 0.005179643630981445 0
5500 False 0 0.0 0
5600 False 0 0.0 0
5700 True 1 0.00511932373046875 0
5800 False 0 0.0 0
5900 False 0 0.0 0
6000 True 1 0.005457639694213867 0
6100 True 1 0.005304098129272461 0
6200 False 0 0.0 0
6300 False 0 0.0 0
6400 False 0 0.0 0
6500 False 0 0.0 0
6600 True 1 0.005706071853637695 0
6700 True 1 0.005399942398071289 0
6800 True 1 0.004800558090209961 0
6900 False 0 0.0 0
7000 False 0 0.0 0
7100 False 0 0.0 0
7200 False 0 0.0 0
7300 True 1 0.005269050598144531 0
7400 True 1 0.005621194839477539 0
7500 False 0 0.0 0
7600 False 0 0.0 0
7700 True 1 0.0054547786712646484 0
7800 True 1 0.005443572998046875 0
7900 False 0 0.0 0
8000 True 1 0.005513429641723633 0
8100 False 0 0.0 0
8200 False 0 0.0 0
8300 False 0 0.0 0
8400 False 0 0.0 0
8500 True 1 0.005392313003540039 0
8600 False 0 0.0 0
8700 True 1 0.005323886871337891 0
8800 True 1 0.0056917667388916016 0
8900 False 0 0.0 0
9000 True 1 0.0053005218505859375 0
9100 False 0 0.0 0
9200 True 1 0.005311250686645508 0
9300 False 0 0.0 0
9400 True 0 0.005483388900756836 0
9500 False 0 0.0 0
9600 True 1 0.005213499069213867 0
9700 True 1 0.005324125289916992 0
9800 True 0 0.005066871643066406 0
9900 False 0 0.0 0
