0 True 0.001953125 2.4630582332611084 0
100 False 0.0 0.0 0
200 False 0.0 0.0 0
300 True 0.0029296875 2.340364933013916 0
400 True 0.03515625 2.32218861579895 0
500 False 0.0 0.0 0
600 True 0.001953125 2.2988104820251465 0
700 True 0.0185546875 2.3643062114715576 0
800 True 0.015625 2.321382522583008 0
900 False 0.0 0.0 0
1000 True 0.0205078125 2.31425404548645 0
1100 False 0.0 0.0 0
1200 False 0.0 0.0 0
1300 False 0.0 0.0 0
1400 True 0.0126953125 2.355674982070923 0
1500 False 0.0 0.0 0
1600 False 0.0 0.0 0
1700 False 0.0 0.0 0
1800 False 0.0 0.0 0
1900 True 0.0244140625 2.270819902420044 0
2000 False 0.0 0.0 0
2100 False 0.0 0.0 0
2200 True 0.0224609375 2.340635061264038 0
2300 False 0.0 0.0 0
2400 True 0.0556640625 2.2407214641571045 0
2500 False 0.0 0.0 0
2600 True 0.0205078125 2.2744927406311035 0
2700 False 0.0 0.0 0
2800 False 0.0 0.0 0
2900 False 0.0 0.0 0
3000 True 0.029296875 2.288771152496338 0
3100 True 0.017578125 2.2587413787841797 0
3200 False 0.0 0.0 0
3300 False 0.0 0.0 0
3400 False 0.0 0.0 0
3500 True 0.017578125 2.398272752761841 0
3600 False 0.0 0.0 0
3700 False 0.0 0.0 0
3800 True 0.01171875 2.258636713027954 0
3900 False 0.0 0.0 0
4000 False 0.0 0.0 0
4100 True 0.0302734375 2.2915735244750977 0
4200 True 0.0048828125 2.311964988708496 0
4300 True 0.01953125 2.3409759998321533 0
4400 False 0.0 0.0 0
4500 False 0.0 0.0 0
4600 False 0.0 0.0 0
4700 False 0.0 0.0 0
4800 True 0.0283203125 2.2993712425231934 0
4900 False 0.0 0.0 0
5000 True 0.025390625 2.3571107387542725 0
5100 True 0.005859375 2.2706778049468994 0
5200 False 0.0 0.0 0
5300 False 0.0 0.0 0
5400 False 0.0 0.0 0
5500 True 0.005859375 2.5227646827697754 0
5600 False 0.0 0.0 0
5700 True 0.013671875 2.3826828002929688 0
5800 False 0.0 0.0 0
5900 False 0.0 0.0 0
6000 True 0.00390625 2.2812769412994385 0
6100 True 0.013671875 2.325784683227539 0
6200 False 0.0 0.0 0
6300 False 0.0 0.0 0
6400 False 0.0 0.0 0
6500 False 0.0 0.0 0
6600 True 0.0283203125 2.2985541820526123 0
6700 True 0.0048828125 2.394639730453491 0
6800 True 0.01171875 2.279167890548706 0
6900 False 0.0 0.0 0
7000 False 0.0 0.0 0
7100 True 0.0234375 2.3343491554260254 0
7200 False 0.0 0.0 0
7300 False 0.0 0.0 0
7400 True 0.0126953125 2.383126735687256 0
7500 True 0.0107421875 2.245922327041626 0
7600 False 0.0 0.0 0
7700 True 0.017578125 2.34297513961792 0
7800 True 0.01953125 2.251732587814331 0
7900 False 0.0 0.0 0
8000 True 0.0166015625 2.4894843101501465 0
8100 False 0.0 0.0 0
8200 False 0.0 0.0 0
8300 False 0.0 0.0 0
8400 False 0.0 0.0 0
8500 False 0.0 0.0 0
8600 False 0.0 0.0 0
8700 False 0.0 0.0 0
8800 True 0.044921875 2.3332371711730957 0
8900 False 0.0 0.0 0
9000 True 0.0205078125 2.308763027191162 0
9100 False 0.0 0.0 0
9200 True 0.02734375 2.4776360988616943 0
9300 True 0.017578125 2.338942289352417 0
9400 True 0.0107421875 2.2907917499542236 0
9500 True 0.0009765625 2.3562803268432617 0
9600 True 0.0234375 2.367494821548462 0
9700 True 0.0185546875 2.2753329277038574 0
9800 True 0.0234375 2.2533373832702637 0
9900 False 0.0 0.0 0
