0 True 0.0029296875 2.5582425594329834 0
100 True 0.0 2.5563840866088867 0
200 False 0.0 0.0 0
300 True 0.00390625 2.5448570251464844 0
400 True 0.0126953125 2.481121063232422 0
500 False 0.0 0.0 0
600 False 0.0 0.0 0
700 True 0.005859375 2.398519277572632 0
800 True 0.0068359375 2.7666919231414795 0
900 False 0.0 0.0 0
1000 True 0.0068359375 2.610715866088867 0
1100 False 0.0 0.0 0
1200 True 0.0107421875 2.4841713905334473 0
1300 False 0.0 0.0 0
1400 True 0.0 2.5043892860412598 0
1500 True 0.0078125 2.426908254623413 0
1600 False 0.0 0.0 0
1700 False 0.0 0.0 0
1800 True 0.0029296875 2.5643231868743896 0
1900 True 0.009765625 2.402864933013916 0
2000 False 0.0 0.0 0
2100 True 0.0 2.5536065101623535 0
2200 True 0.0 2.40179181098938 0
2300 False 0.0 0.0 0
2400 True 0.0185546875 2.4748237133026123 0
2500 True 0.001953125 2.4573357105255127 0
2600 True 0.0087890625 2.4670729637145996 0
2700 True 0.0068359375 2.456897497177124 0
2800 True 0.0029296875 2.6875932216644287 0
2900 False 0.0 0.0 0
3000 True 0.0078125 2.3803117275238037 0
3100 True 0.0068359375 2.414252519607544 0
3200 True 0.0048828125 2.4049224853515625 0
3300 True 0.00390625 2.56972599029541 0
3400 False 0.0 0.0 0
3500 True 0.0 2.396198272705078 0
3600 False 0.0 0.0 0
3700 False 0.0 0.0 0
3800 True 0.0029296875 2.46437931060791 0
3900 False 0.0 0.0 0
4000 False 0.0 0.0 0
4100 True 0.009765625 2.569901704788208 0
4200 False 0.0 0.0 0
4300 True 0.0068359375 2.445222854614258 0
4400 False 0.0 0.0 0
4500 True 0.0029296875 2.445322036743164 0
4600 False 0.0 0.0 0
4700 False 0.0 0.0 0
4800 True 0.0078125 2.444868803024292 0
4900 True 0.001953125 2.5200233459472656 0
5000 True 0.009765625 2.5039992332458496 0
5100 False 0.0 0.0 0
5200 True 0.0107421875 2.4211044311523438 0
5300 False 0.0 0.0 0
5400 False 0.0 0.0 0
5500 False 0.0 0.0 0
5600 True 0.00390625 2.448763132095337 0
5700 True 0.00390625 2.489274501800537 0
5800 False 0.0 0.0 0
5900 False 0.0 0.0 0
6000 True 0.005859375 2.392153739929199 0
6100 True 0.0078125 2.494586944580078 0
6200 False 0.0 0.0 0
6300 True 0.00390625 2.4849629402160645 0
6400 False 0.0 0.0 0
6500 False 0.0 0.0 0
6600 True 0.0107421875 2.532534122467041 0
6700 True 0.001953125 2.484436273574829 0
6800 True 0.0029296875 2.427783250808716 0
6900 False 0.0 0.0 0
7000 False 0.0 0.0 0
7100 False 0.0 0.0 0
7200 False 0.0 0.0 0
7300 False 0.0 0.0 0
7400 True 0.0048828125 2.404819965362549 0
7500 True 0.00390625 2.546677589416504 0
7600 False 0.0 0.0 0
7700 True 0.005859375 2.603597640991211 0
7800 True 0.0068359375 2.7998130321502686 0
7900 False 0.0 0.0 0
8000 True 0.005859375 2.4456140995025635 0
8100 False 0.0 0.0 0
8200 False 0.0 0.0 0
8300 False 0.0 0.0 0
8400 False 0.0 0.0 0
8500 True 0.0087890625 2.478250503540039 0
8600 False 0.0 0.0 0
8700 True 0.0048828125 2.4487006664276123 0
8800 True 0.015625 2.581301689147949 0
8900 True 0.0 2.3879506587982178 0
9000 True 0.009765625 2.431608200073242 0
9100 False 0.0 0.0 0
9200 True 0.009765625 2.325244903564453 0
9300 True 0.005859375 2.3628621101379395 0
9400 True 0.00390625 2.4009041786193848 0
9500 True 0.0029296875 2.391343355178833 0
9600 True 0.0087890625 2.529221773147583 0
9700 True 0.0078125 2.3372819423675537 0
9800 True 0.009765625 2.3789443969726562 0
9900 False 0.0 0.0 0
