0 False 0.0 0.0 0
100 False 0.0 0.0 0
200 False 0.0 0.0 0
300 True 0.1845703125 38.51724576950073 0
400 True 0.1513671875 38.26643109321594 0
500 False 0.0 0.0 0
600 True 0.130859375 37.35926103591919 0
700 True 0.048828125 36.80065035820007 0
800 True 0.056640625 37.19527769088745 0
900 False 0.0 0.0 0
1000 True 0.103515625 36.377572774887085 0
1100 False 0.0 0.0 0
1200 True 0.087890625 38.38977837562561 0
1300 True 0.2880859375 38.219608306884766 0
1400 True 0.021484375 36.82294011116028 0
1500 False 0.0 0.0 0
1600 False 0.0 0.0 0
1700 False 0.0 0.0 0
1800 False 0.0 0.0 0
1900 True 0.0791015625 37.28726649284363 0
2000 False 0.0 0.0 0
2100 False 0.0 0.0 0
2200 True 0.1787109375 36.01400542259216 0
2300 False 0.0 0.0 0
2400 True 0.14453125 35.744566202163696 0
2500 False 0.0 0.0 0
2600 True 0.15625 36.34432864189148 0
2700 True 0.10546875 37.84633278846741 0
2800 False 0.0 0.0 0
2900 False 0.0 0.0 0
3000 True 0.12109375 37.25260829925537 0
3100 True 0.0478515625 35.35639691352844 0
3200 False 0.0 0.0 0
3300 True 0.0556640625 36.74236083030701 0
3400 True 0.2236328125 36.83005213737488 0
3500 True 0.10546875 36.55620193481445 0
3600 False 0.0 0.0 0
3700 False 0.0 0.0 0
3800 True 0.064453125 37.55853319168091 0
3900 False 0.0 0.0 0
4000 False 0.0 0.0 0
4100 True 0.1181640625 37.55188345909119 0
4200 False 0.0 0.0 0
4300 True 0.0888671875 37.79629325866699 0
4400 False 0.0 0.0 0
4500 True 0.0654296875 37.82498002052307 0
4600 False 0.0 0.0 0
4700 False 0.0 0.0 0
4800 True 0.1572265625 37.09090566635132 0
4900 False 0.0 0.0 0
5000 True 0.154296875 37.332576513290405 0
5100 True 0.1728515625 37.323055028915405 0
5200 False 0.0 0.0 0
5300 False 0.0 0.0 0
5400 True 0.08984375 36.08877158164978 0
5500 False 0.0 0.0 0
5600 False 0.0 0.0 0
5700 False 0.0 0.0 0
5800 False 0.0 0.0 0
5900 False 0.0 0.0 0
6000 False 0.0 0.0 0
6100 True 0.1123046875 37.42326879501343 0
6200 False 0.0 0.0 0
6300 False 0.0 0.0 0
6400 False 0.0 0.0 0
6500 False 0.0 0.0 0
6600 True 0.14453125 37.159605264663696 0
6700 True 0.125 36.86544442176819 0
6800 True 0.158203125 37.63679647445679 0
6900 True 0.1552734375 37.382750511169434 0
7000 False 0.0 0.0 0
7100 True 0.171875 36.70426940917969 0
7200 True 0.01953125 36.34784531593323 0
7300 False 0.0 0.0 0
7400 False 0.0 0.0 0
7500 True 0.0986328125 37.40394401550293 0
7600 False 0.0 0.0 0
7700 True 0.1875 37.15903067588806 0
7800 True 0.05859375 36.40273714065552 0
7900 False 0.0 0.0 0
8000 True 0.0517578125 36.93904685974121 0
8100 False 0.0 0.0 0
8200 False 0.0 0.0 0
8300 False 0.0 0.0 0
8400 False 0.0 0.0 0
8500 False 0.0 0.0 0
8600 True 0.08984375 37.79577159881592 0
8700 True 0.0654296875 36.368287086486816 0
8800 True 0.1708984375 36.55579972267151 0
8900 False 0.0 0.0 0
9000 True 0.046875 37.171112298965454 0
9100 False 0.0 0.0 0
9200 True 0.056640625 36.68336057662964 0
9300 True 0.138671875 37.52547240257263 0
9400 True 0.08203125 37.95545744895935 0
9500 False 0.0 0.0 0
9600 True 0.0517578125 36.77278542518616 0
9700 True 0.0634765625 36.10434651374817 0
9800 True 0.1435546875 36.550145864486694 0
9900 False 0.0 0.0 0
