0 True 0.0 37.36522030830383 0
100 False 0.0 0.0 0
200 True 0.0 38.00024366378784 0
300 True 0.001953125 38.39612126350403 0
400 True 0.005859375 37.7479202747345 0
500 False 0.0 0.0 0
600 True 0.0029296875 38.35050964355469 0
700 True 0.001953125 37.20738506317139 0
800 True 0.0048828125 37.703320264816284 0
900 True 0.0009765625 38.82211661338806 0
1000 True 0.00390625 37.45508885383606 0
1100 False 0.0 0.0 0
1200 True 0.00390625 37.67268776893616 0
1300 True 0.0009765625 39.65131616592407 0
1400 False 0.0 0.0 0
1500 True 0.00390625 37.92360711097717 0
1600 False 0.0 0.0 0
1700 False 0.0 0.0 0
1800 True 0.0009765625 37.51204013824463 0
1900 True 0.00390625 37.04598808288574 0
2000 True 0.0009765625 38.21759510040283 0
2100 False 0.0 0.0 0
2200 True 0.001953125 37.15212297439575 0
2300 False 0.0 0.0 0
2400 True 0.0078125 35.92509603500366 0
2500 True 0.0 37.52027249336243 0
2600 True 0.00390625 37.82406997680664 0
2700 True 0.0029296875 37.48052620887756 0
2800 True 0.0 38.645686626434326 0
2900 False 0.0 0.0 0
3000 True 0.00390625 38.117411851882935 0
3100 True 0.001953125 37.069716691970825 0
3200 True 0.001953125 38.29261660575867 0
3300 True 0.001953125 37.37446117401123 0
3400 False 0.0 0.0 0
3500 True 0.001953125 37.7387580871582 0
3600 False 0.0 0.0 0
3700 True 0.0009765625 37.44852685928345 0
3800 True 0.001953125 37.37019228935242 0
3900 False 0.0 0.0 0
4000 False 0.0 0.0 0
4100 True 0.00390625 37.910128116607666 0
4200 False 0.0 0.0 0
4300 True 0.00390625 38.077213764190674 0
4400 False 0.0 0.0 0
4500 False 0.0 0.0 0
4600 True 0.0009765625 38.48675990104675 0
4700 False 0.0 0.0 0
4800 True 0.00390625 37.882609844207764 0
4900 True 0.0009765625 37.273611068725586 0
5000 True 0.00390625 37.81142544746399 0
5100 True 0.001953125 38.44864320755005 0
5200 True 0.00390625 37.980908155441284 0
5300 True 0.0009765625 38.069299936294556 0
5400 True 0.0009765625 37.6567485332489 0
5500 False 0.0 0.0 0
5600 True 0.001953125 37.78695893287659 0
5700 True 0.001953125 37.496991872787476 0
5800 False 0.0 0.0 0
5900 False 0.0 0.0 0
6000 True 0.0029296875 37.645113468170166 0
6100 True 0.001953125 37.81008863449097 0
6200 False 0.0 0.0 0
6300 True 0.0009765625 37.96484112739563 0
6400 False 0.0 0.0 0
6500 False 0.0 0.0 0
6600 True 0.0048828125 37.84090566635132 0
6700 True 0.001953125 37.95962953567505 0
6800 True 0.0009765625 38.756108045578 0
6900 True 0.0009765625 37.72628307342529 0
7000 False 0.0 0.0 0
7100 False 0.0 0.0 0
7200 True 0.0009765625 37.13699150085449 0
7300 False 0.0 0.0 0
7400 True 0.0029296875 37.116148948669434 0
7500 True 0.00390625 36.96336030960083 0
7600 False 0.0 0.0 0
7700 True 0.001953125 38.347572565078735 0
7800 True 0.0029296875 36.87038564682007 0
7900 True 0.001953125 37.480570793151855 0
8000 True 0.0029296875 37.33718919754028 0
8100 False 0.0 0.0 0
8200 False 0.0 0.0 0
8300 False 0.0 0.0 0
8400 True 0.0009765625 37.348066568374634 0
8500 True 0.00390625 37.36732625961304 0
8600 False 0.0 0.0 0
8700 True 0.001953125 37.512505531311035 0
8800 True 0.005859375 36.529966592788696 0
8900 True 0.001953125 37.92411136627197 0
9000 True 0.005859375 37.361196517944336 0
9100 True 0.0 37.709572553634644 0
9200 True 0.0048828125 37.6384654045105 0
9300 False 0.0 0.0 0
9400 True 0.001953125 37.72051930427551 0
9500 True 0.0029296875 38.2323796749115 0
9600 True 0.001953125 37.089171171188354 0
9700 True 0.0029296875 36.85904383659363 0
9800 True 0.0048828125 37.24453949928284 0
9900 True 0.001953125 37.02881932258606 0
