0 True 0 32.906328439712524 0
100 False 0 0.0 0
200 False 0 0.0 0
300 True 1 17.00335454940796 0
400 True 1 17.221062660217285 0
500 True 1 16.96167516708374 0
600 True 1 17.37981152534485 0
700 True 1 16.99391007423401 0
800 True 1 17.106119871139526 0
900 False 0 0.0 0
1000 True 1 17.162569522857666 0
1100 False 0 0.0 0
1200 True 1 17.129279375076294 0
1300 True 0 17.486738920211792 0
1400 True 1 17.044307947158813 0
1500 True 1 17.134630918502808 0
1600 False 0 0.0 0
1700 False 0 0.0 0
1800 True 1 17.20862579345703 0
1900 True 1 17.124181747436523 0
2000 False 0 0.0 0
2100 False 0 0.0 0
2200 True 1 17.15028738975525 0
2300 False 0 0.0 0
2400 True 1 17.16003727912903 0
2500 True 1 17.09465980529785 0
2600 True 1 17.230592966079712 0
2700 False 0 0.0 0
2800 False 0 0.0 0
2900 False 0 0.0 0
3000 True 1 18.089420795440674 0
3100 True 1 18.102969646453857 0
3200 False 0 0.0 0
3300 True 1 17.76326894760132 0
3400 False 0 0.0 0
3500 True 0 17.33480405807495 0
3600 False 0 0.0 0
3700 False 0 0.0 0
3800 True 1 17.161447763442993 0
3900 False 0 0.0 0
4000 False 0 0.0 0
4100 True 1 17.235562801361084 0
4200 False 0 0.0 0
4300 True 1 17.241438388824463 0
4400 False 0 0.0 0
4500 True 0 17.227421760559082 0
4600 False 0 0.0 0
4700 False 0 0.0 0
4800 True 1 17.118635892868042 0
4900 True 0 17.312923669815063 0
5000 True 1 17.368311405181885 0
5100 True 1 17.340491771697998 0
5200 True 1 17.246487140655518 0
5300 False 0 0.0 0
5400 False 0 0.0 0
5500 False 0 0.0 0
5600 True 1 17.108461141586304 0
5700 False 0 0.0 0
5800 False 0 0.0 0
5900 False 0 0.0 0
6000 True 1 17.25030493736267 0
6100 True 1 17.369442462921143 0
6200 False 0 0.0 0
6300 True 0 17.28452730178833 0
6400 False 0 0.0 0
6500 False 0 0.0 0
6600 True 1 17.122548818588257 0
6700 True 1 17.227994441986084 0
6800 True 0 17.185813903808594 0
6900 False 0 0.0 0
7000 False 0 0.0 0
7100 False 0 0.0 0
7200 False 0 0.0 0
7300 False 0 0.0 0
7400 False 0 0.0 0
7500 True 1 17.193390607833862 0
7600 False 0 0.0 0
7700 True 1 17.24293804168701 0
7800 True 1 17.10073447227478 0
7900 False 0 0.0 0
8000 True 1 17.065371990203857 0
8100 False 0 0.0 0
8200 False 0 0.0 0
8300 False 0 0.0 0
8400 True 0 17.483240365982056 0
8500 True 1 17.143145322799683 0
8600 False 0 0.0 0
8700 True 1 17.30767798423767 0
8800 True 1 17.06281304359436 0
8900 False 0 0.0 0
9000 True 1 17.16985321044922 0
9100 False 0 0.0 0
9200 True 1 17.094515562057495 0
9300 True 1 17.068108558654785 0
9400 True 0 17.095255613327026 0
9500 True 1 17.347113609313965 0
9600 True 1 17.32139015197754 0
9700 True 1 17.09716820716858 0
9800 True 1 17.214806079864502 0
9900 False 0 0.0 0
