0 False 0 0.0 0
100 True 0 0.0024030208587646484 0
200 False 0 0.0 0
300 True 0 0.002150297164916992 0
400 True 0 0.0021822452545166016 0
500 False 0 0.0 0
600 False 0 0.0 0
700 True 0 0.0021398067474365234 0
800 False 0 0.0 0
900 False 0 0.0 0
1000 True 0 0.0021352767944335938 0
1100 False 0 0.0 0
1200 False 0 0.0 0
1300 False 0 0.0 0
1400 True 0 0.0021376609802246094 0
1500 False 0 0.0 0
1600 False 0 0.0 0
1700 False 0 0.0 0
1800 False 0 0.0 0
1900 True 0 0.002205371856689453 0
2000 False 0 0.0 0
2100 False 0 0.0 0
2200 True 0 0.00215911865234375 0
2300 False 0 0.0 0
2400 True 0 0.0021026134490966797 0
2500 False 0 0.0 0
2600 True 0 0.002225637435913086 0
2700 False 0 0.0 0
2800 False 0 0.0 0
2900 False 0 0.0 0
3000 True 0 0.002264261245727539 0
3100 True 0 0.002193450927734375 0
3200 False 0 0.0 0
3300 False 0 0.0 0
3400 True 0 0.002134084701538086 0
3500 True 0 0.002212047576904297 0
3600 False 0 0.0 0
3700 False 0 0.0 0
3800 False 0 0.0 0
3900 False 0 0.0 0
4000 False 0 0.0 0
4100 True 0 0.0022013187408447266 0
4200 True 0 0.002120494842529297 0
4300 False 0 0.0 0
4400 False 0 0.0 0
4500 False 0 0.0 0
4600 False 0 0.0 0
4700 False 0 0.0 0
4800 True 0 0.002065896987915039 0
4900 False 0 0.0 0
5000 True 0 0.0020074844360351562 0
5100 False 0 0.0 0
5200 True 0 0.0023293495178222656 0
5300 False 0 0.0 0
5400 True 0 0.002224445343017578 0
5500 False 0 0.0 0
5600 False 0 0.0 0
5700 False 0 0.0 0
5800 False 0 0.0 0
5900 False 0 0.0 0
6000 False 0 0.0 0
6100 True 0 0.002008676528930664 0
6200 False 0 0.0 0
6300 False 0 0.0 0
6400 False 0 0.0 0
6500 False 0 0.0 0
6600 False 0 0.0 0
6700 True 0 0.002161741256713867 0
6800 True 0 0.002192974090576172 0
6900 False 0 0.0 0
7000 False 0 0.0 0
7100 True 0 0.0023136138916015625 0
7200 False 0 0.0 0
7300 False 0 0.0 0
7400 False 0 0.0 0
7500 False 0 0.0 0
7600 False 0 0.0 0
7700 True 0 0.002204418182373047 0
7800 True 0 0.0022363662719726562 0
7900 False 0 0.0 0
8000 True 0 0.0022101402282714844 0
8100 False 0 0.0 0
8200 False 0 0.0 0
8300 False 0 0.0 0
8400 False 0 0.0 0
8500 True 0 0.002185344696044922 0
8600 False 0 0.0 0
8700 False 0 0.0 0
8800 True 0 0.0020830631256103516 0
8900 False 0 0.0 0
9000 False 0 0.0 0
9100 False 0 0.0 0
9200 True 0 0.0020308494567871094 0
9300 True 0 0.002181529998779297 0
9400 False 0 0.0 0
9500 False 0 0.0 0
9600 True 0 0.002140522003173828 0
9700 True 0 0.002093791961669922 0
9800 False 0 0.0 0
9900 False 0 0.0 0
