0 False 0.0 0.0 0
100 False 0.0 0.0 0
200 False 0.0 0.0 0
300 True 0.000123675135385789 0.002583026885986328 0
400 True 3.295423703683804e-05 0.0027184486389160156 0
500 False 0.0 0.0 0
600 True 0.0001319800020841154 0.0019378662109375 0
700 False 0.0 0.0 0
800 False 0.0 0.0 0
900 False 0.0 0.0 0
1000 True 4.305741809987532e-05 0.002116680145263672 0
1100 False 0.0 0.0 0
1200 False 0.0 0.0 0
1300 True 0.0 0.0017464160919189453 0
1400 True 6.419234049206255e-05 0.0024156570434570312 0
1500 False 0.0 0.0 0
1600 False 0.0 0.0 0
1700 False 0.0 0.0 0
1800 False 0.0 0.0 0
1900 True 0.00016720538999879882 0.0019919872283935547 0
2000 False 0.0 0.0 0
2100 False 0.0 0.0 0
2200 True 1.4686647380443953e-05 0.0022573471069335938 0
2300 False 0.0 0.0 0
2400 True 0.00017080945932894205 0.0019254684448242188 0
2500 False 0.0 0.0 0
2600 True 0.00017216671923749854 0.0023651123046875 0
2700 False 0.0 0.0 0
2800 False 0.0 0.0 0
2900 False 0.0 0.0 0
3000 True 0.00012759557259447565 0.0019116401672363281 0
3100 True 0.0 0.001964092254638672 0
3200 False 0.0 0.0 0
3300 False 0.0 0.0 0
3400 True 0.00013486618744774795 0.0018460750579833984 0
3500 False 0.0 0.0 0
3600 True 0.0 0.0017292499542236328 0
3700 False 0.0 0.0 0
3800 True 0.0 0.0018031597137451172 0
3900 False 0.0 0.0 0
4000 True 0.00012148845143909017 0.002418041229248047 0
4100 True 0.0 0.0017347335815429688 0
4200 False 0.0 0.0 0
4300 False 0.0 0.0 0
4400 False 0.0 0.0 0
4500 False 0.0 0.0 0
4600 False 0.0 0.0 0
4700 False 0.0 0.0 0
4800 True 4.9476730863213386e-05 0.0020046234130859375 0
4900 False 0.0 0.0 0
5000 False 0.0 0.0 0
5100 False 0.0 0.0 0
5200 False 0.0 0.0 0
5300 False 0.0 0.0 0
5400 False 0.0 0.0 0
5500 False 0.0 0.0 0
5600 False 0.0 0.0 0
5700 False 0.0 0.0 0
5800 False 0.0 0.0 0
5900 False 0.0 0.0 0
6000 True 0.00012972248384431406 0.001842498779296875 0
6100 True 0.0 0.0020089149475097656 0
6200 False 0.0 0.0 0
6300 False 0.0 0.0 0
6400 False 0.0 0.0 0
6500 False 0.0 0.0 0
6600 False 0.0 0.0 0
6700 True 5.802027161588655e-05 0.0020189285278320312 0
6800 True 8.721656125922508e-05 0.002240896224975586 0
6900 False 0.0 0.0 0
7000 False 0.0 0.0 0
7100 True 1.656401178184352e-05 0.001865386962890625 0
7200 False 0.0 0.0 0
7300 False 0.0 0.0 0
7400 False 0.0 0.0 0
7500 False 0.0 0.0 0
7600 False 0.0 0.0 0
7700 True 0.0001045113057066871 0.0021905899047851562 0
7800 True 5.106339885347583e-06 0.002234935760498047 0
7900 False 0.0 0.0 0
8000 False 0.0 0.0 0
8100 False 0.0 0.0 0
8200 False 0.0 0.0 0
8300 False 0.0 0.0 0
8400 False 0.0 0.0 0
8500 False 0.0 0.0 0
8600 False 0.0 0.0 0
8700 False 0.0 0.0 0
8800 True 0.00019991194242920777 0.0019674301147460938 0
8900 False 0.0 0.0 0
9000 False 0.0 0.0 0
9100 False 0.0 0.0 0
9200 True 0.0001596836044050319 0.0018100738525390625 0
9300 False 0.0 0.0 0
9400 True 5.3192402341564194e-05 0.0024559497833251953 0
9500 False 0.0 0.0 0
9600 True 0.00016701820648041933 0.0019948482513427734 0
9700 True 2.8677994378255023e-05 0.0020051002502441406 0
9800 False 0.0 0.0 0
9900 True 9.34535933547424e-05 0.0019140243530273438 0
