0 False 0 0.0 0
100 True 0 0.0031194686889648438 0
200 False 0 0.0 0
300 True 0 0.0021691322326660156 0
400 True 0 0.002165079116821289 0
500 False 0 0.0 0
600 False 0 0.0 0
700 True 0 0.0021123886108398438 0
800 True 0 0.002119779586791992 0
900 False 0 0.0 0
1000 True 0 0.002128124237060547 0
1100 False 0 0.0 0
1200 False 0 0.0 0
1300 False 0 0.0 0
1400 False 0 0.0 0
1500 False 0 0.0 0
1600 False 0 0.0 0
1700 False 0 0.0 0
1800 False 0 0.0 0
1900 True 0 0.0021364688873291016 0
2000 False 0 0.0 0
2100 False 0 0.0 0
2200 True 0 0.00202178955078125 0
2300 False 0 0.0 0
2400 True 0 0.002161264419555664 0
2500 False 0 0.0 0
2600 True 0 0.0022394657135009766 0
2700 False 0 0.0 0
2800 False 0 0.0 0
2900 False 0 0.0 0
3000 True 0 0.00209808349609375 0
3100 True 0 0.002195119857788086 0
3200 False 0 0.0 0
3300 False 0 0.0 0
3400 False 0 0.0 0
3500 True 0 0.0021867752075195312 0
3600 False 0 0.0 0
3700 False 0 0.0 0
3800 False 0 0.0 0
3900 False 0 0.0 0
4000 False 0 0.0 0
4100 True 0 0.0020415782928466797 0
4200 False 0 0.0 0
4300 True 0 0.0021741390228271484 0
4400 False 0 0.0 0
4500 False 0 0.0 0
4600 True 0 0.0021932125091552734 0
4700 False 0 0.0 0
4800 True 0 0.0022764205932617188 0
4900 True 0 0.0022096633911132812 0
5000 True 0 0.002137899398803711 0
5100 True 0 0.0021352767944335938 0
5200 True 0 0.002095460891723633 0
5300 False 0 0.0 0
5400 False 0 0.0 0
5500 False 0 0.0 0
5600 False 0 0.0 0
5700 True 0 0.002138376235961914 0
5800 False 0 0.0 0
5900 False 0 0.0 0
6000 False 0 0.0 0
6100 True 0 0.002080202102661133 0
6200 False 0 0.0 0
6300 False 0 0.0 0
6400 False 0 0.0 0
6500 False 0 0.0 0
6600 True 0 0.0021278858184814453 0
6700 True 0 0.0022552013397216797 0
6800 True 0 0.0022058486938476562 0
6900 False 0 0.0 0
7000 False 0 0.0 0
7100 True 0 0.0021004676818847656 0
7200 False 0 0.0 0
7300 True 0 0.002171039581298828 0
7400 False 0 0.0 0
7500 False 0 0.0 0
7600 True 0 0.002165079116821289 0
7700 True 0 0.0021665096282958984 0
7800 True 0 0.002129077911376953 0
7900 False 0 0.0 0
8000 True 0 0.002206087112426758 0
8100 False 0 0.0 0
8200 False 0 0.0 0
8300 False 0 0.0 0
8400 False 0 0.0 0
8500 True 0 0.0021593570709228516 0
8600 False 0 0.0 0
8700 True 0 0.0021567344665527344 0
8800 True 0 0.002195596694946289 0
8900 False 0 0.0 0
9000 True 0 0.0021190643310546875 0
9100 False 0 0.0 0
9200 True 0 0.002187967300415039 0
9300 False 0 0.0 0
9400 True 0 0.0021109580993652344 0
9500 False 0 0.0 0
9600 True 0 0.002189159393310547 0
9700 True 0 0.002178668975830078 0
9800 True 0 0.0022268295288085938 0
9900 False 0 0.0 0
