0 False 0 0.0 0
100 False 0 0.0 0
200 False 0 0.0 0
300 True 0 0.0028553009033203125 0
400 True 0 0.0023794174194335938 0
500 False 0 0.0 0
600 False 0 0.0 0
700 True 0 0.0022628307342529297 0
800 False 0 0.0 0
900 False 0 0.0 0
1000 True 0 0.002325296401977539 0
1100 False 0 0.0 0
1200 False 0 0.0 0
1300 False 0 0.0 0
1400 True 0 0.0022339820861816406 0
1500 False 0 0.0 0
1600 False 0 0.0 0
1700 False 0 0.0 0
1800 False 0 0.0 0
1900 True 0 0.0022258758544921875 0
2000 False 0 0.0 0
2100 False 0 0.0 0
2200 True 0 0.0021619796752929688 0
2300 False 0 0.0 0
2400 True 0 0.0020656585693359375 0
2500 False 0 0.0 0
2600 True 0 0.0023381710052490234 0
2700 False 0 0.0 0
2800 False 0 0.0 0
2900 False 0 0.0 0
3000 True 0 0.0022988319396972656 0
3100 True 0 0.0023033618927001953 0
3200 False 0 0.0 0
3300 False 0 0.0 0
3400 True 0 0.0023186206817626953 0
3500 True 0 0.002240896224975586 0
3600 False 0 0.0 0
3700 False 0 0.0 0
3800 True 0 0.0022306442260742188 0
3900 False 0 0.0 0
4000 False 0 0.0 0
4100 True 0 0.0024170875549316406 0
4200 True 0 0.0022249221801757812 0
4300 True 0 0.0021462440490722656 0
4400 False 0 0.0 0
4500 False 0 0.0 0
4600 False 0 0.0 0
4700 True 0 0.0023741722106933594 0
4800 True 0 0.0022122859954833984 0
4900 True 0 0.002229452133178711 0
5000 True 0 0.002191305160522461 0
5100 False 0 0.0 0
5200 True 0 0.002465963363647461 0
5300 False 0 0.0 0
5400 True 0 0.0022423267364501953 0
5500 False 0 0.0 0
5600 False 0 0.0 0
5700 False 0 0.0 0
5800 False 0 0.0 0
5900 False 0 0.0 0
6000 False 0 0.0 0
6100 True 0 0.002271413803100586 0
6200 False 0 0.0 0
6300 False 0 0.0 0
6400 False 0 0.0 0
6500 False 0 0.0 0
6600 True 0 0.0023021697998046875 0
6700 True 0 0.002230405807495117 0
6800 True 0 0.002264261245727539 0
6900 False 0 0.0 0
7000 False 0 0.0 0
7100 True 0 0.002400636672973633 0
7200 False 0 0.0 0
7300 False 0 0.0 0
7400 False 0 0.0 0
7500 False 0 0.0 0
7600 False 0 0.0 0
7700 True 0 0.002187490463256836 0
7800 True 0 0.0023772716522216797 0
7900 False 0 0.0 0
8000 True 0 0.0023207664489746094 0
8100 False 0 0.0 0
8200 False 0 0.0 0
8300 False 0 0.0 0
8400 False 0 0.0 0
8500 False 0 0.0 0
8600 False 0 0.0 0
8700 False 0 0.0 0
8800 True 0 0.002257108688354492 0
8900 False 0 0.0 0
9000 True 0 0.0022606849670410156 0
9100 False 0 0.0 0
9200 True 0 0.0022673606872558594 0
9300 True 0 0.0022611618041992188 0
9400 False 0 0.0 0
9500 False 0 0.0 0
9600 True 0 0.002207040786743164 0
9700 True 0 0.0022923946380615234 0
9800 False 0 0.0 0
9900 False 0 0.0 0
