0 False 0.0 0.0 0
100 False 0.0 0.0 0
200 False 0.0 0.0 0
300 True 2.0234086281126746e-08 0.002179861068725586 0
400 True 0.0 0.0018422603607177734 0
500 False 0.0 0.0 0
600 False 0.0 0.0 0
700 True 0.0 0.0019001960754394531 0
800 True 0.0 0.0019578933715820312 0
900 False 0.0 0.0 0
1000 True 4.507910990429461e-08 0.0023665428161621094 0
1100 False 0.0 0.0 0
1200 False 0.0 0.0 0
1300 False 0.0 0.0 0
1400 True 2.975157607545831e-08 0.0025093555450439453 0
1500 False 0.0 0.0 0
1600 False 0.0 0.0 0
1700 False 0.0 0.0 0
1800 False 0.0 0.0 0
1900 False 0.0 0.0 0
2000 False 0.0 0.0 0
2100 False 0.0 0.0 0
2200 True 1.257206918120315e-07 0.002206087112426758 0
2300 False 0.0 0.0 0
2400 True 4.6317062865555473e-07 0.002045154571533203 0
2500 False 0.0 0.0 0
2600 True 0.0 0.0016176700592041016 0
2700 True 0.0 0.002054929733276367 0
2800 False 0.0 0.0 0
2900 False 0.0 0.0 0
3000 True 5.710877973175078e-08 0.0018463134765625 0
3100 True 2.394660638580023e-07 0.0018863677978515625 0
3200 False 0.0 0.0 0
3300 False 0.0 0.0 0
3400 True 2.61276951193976e-08 0.0020399093627929688 0
3500 False 0.0 0.0 0
3600 False 0.0 0.0 0
3700 False 0.0 0.0 0
3800 False 0.0 0.0 0
3900 False 0.0 0.0 0
4000 False 0.0 0.0 0
4100 True 0.0 0.0016295909881591797 0
4200 False 0.0 0.0 0
4300 False 0.0 0.0 0
4400 False 0.0 0.0 0
4500 False 0.0 0.0 0
4600 False 0.0 0.0 0
4700 False 0.0 0.0 0
4800 True 0.0 0.0014078617095947266 0
4900 False 0.0 0.0 0
5000 False 0.0 0.0 0
5100 False 0.0 0.0 0
5200 False 0.0 0.0 0
5300 False 0.0 0.0 0
5400 False 0.0 0.0 0
5500 False 0.0 0.0 0
5600 False 0.0 0.0 0
5700 False 0.0 0.0 0
5800 False 0.0 0.0 0
5900 False 0.0 0.0 0
6000 False 0.0 0.0 0
6100 True 0.0 0.0016896724700927734 0
6200 False 0.0 0.0 0
6300 False 0.0 0.0 0
6400 False 0.0 0.0 0
6500 False 0.0 0.0 0
6600 True 0.0 0.001711130142211914 0
6700 True 0.0 0.001613616943359375 0
6800 True 1.4460404525961659e-08 0.001960277557373047 0
6900 False 0.0 0.0 0
7000 False 0.0 0.0 0
7100 True 0.0 0.0015211105346679688 0
7200 False 0.0 0.0 0
7300 True 0.0 0.0014536380767822266 0
7400 False 0.0 0.0 0
7500 False 0.0 0.0 0
7600 False 0.0 0.0 0
7700 True 2.272075513900442e-08 0.0020046234130859375 0
7800 True 2.725098170108275e-07 0.0018138885498046875 0
7900 False 0.0 0.0 0
8000 True 0.0 0.0015380382537841797 0
8100 True 9.233283793089163e-09 0.002144336700439453 0
8200 False 0.0 0.0 0
8300 False 0.0 0.0 0
8400 False 0.0 0.0 0
8500 False 0.0 0.0 0
8600 False 0.0 0.0 0
8700 False 0.0 0.0 0
8800 True 3.7431715253473907e-07 0.0019462108612060547 0
8900 False 0.0 0.0 0
9000 False 0.0 0.0 0
9100 False 0.0 0.0 0
9200 True 0.0 0.0016412734985351562 0
9300 False 0.0 0.0 0
9400 True 0.0 0.0014986991882324219 0
9500 False 0.0 0.0 0
9600 True 0.0 0.0016260147094726562 0
9700 True 3.804661612471405e-07 0.0019898414611816406 0
9800 False 0.0 0.0 0
9900 False 0.0 0.0 0
