0 True 3.4643030210058193e-07 0.00593876838684082 0
100 False 0.0 0.0 0
200 False 0.0 0.0 0
300 True 3.891507147797045e-07 0.006923198699951172 0
400 True 1.2595938570241845e-05 0.004944562911987305 0
500 False 0.0 0.0 0
600 True 3.300498048188957e-07 0.006518363952636719 0
700 True 9.317718011664286e-06 0.006472349166870117 0
800 True 8.17388644935469e-06 0.004815816879272461 0
900 False 0.0 0.0 0
1000 True 1.2022267584914842e-05 0.006291389465332031 0
1100 False 0.0 0.0 0
1200 False 0.0 0.0 0
1300 False 0.0 0.0 0
1400 True 4.835977400001949e-06 0.004801273345947266 0
1500 False 0.0 0.0 0
1600 False 0.0 0.0 0
1700 False 0.0 0.0 0
1800 False 0.0 0.0 0
1900 True 1.0156742292067249e-05 0.004528045654296875 0
2000 False 0.0 0.0 0
2100 False 0.0 0.0 0
2200 True 9.40463546489772e-06 0.0068264007568359375 0
2300 False 0.0 0.0 0
2400 True 1.8674518714974078e-05 0.006717681884765625 0
2500 False 0.0 0.0 0
2600 True 9.782395138753029e-06 0.006445169448852539 0
2700 False 0.0 0.0 0
2800 False 0.0 0.0 0
2900 False 0.0 0.0 0
3000 True 2.1510997519281815e-05 0.0068247318267822266 0
3100 True 1.1283952830042006e-05 0.006367683410644531 0
3200 False 0.0 0.0 0
3300 False 0.0 0.0 0
3400 False 0.0 0.0 0
3500 True 7.41552211858415e-06 0.005978584289550781 0
3600 False 0.0 0.0 0
3700 False 0.0 0.0 0
3800 True 3.896906268364427e-06 0.007668495178222656 0
3900 False 0.0 0.0 0
4000 False 0.0 0.0 0
4100 True 1.840499414638516e-05 0.004639387130737305 0
4200 True 7.637950996679912e-07 0.006554126739501953 0
4300 True 1.0070940878829087e-05 0.005154609680175781 0
4400 False 0.0 0.0 0
4500 False 0.0 0.0 0
4600 False 0.0 0.0 0
4700 False 0.0 0.0 0
4800 True 1.0642380722592876e-05 0.004601001739501953 0
4900 False 0.0 0.0 0
5000 True 9.053931121130854e-06 0.004911661148071289 0
5100 True 7.650637615559203e-07 0.004744291305541992 0
5200 False 0.0 0.0 0
5300 False 0.0 0.0 0
5400 False 0.0 0.0 0
5500 True 1.5352618828644875e-06 0.0066568851470947266 0
5600 False 0.0 0.0 0
5700 True 2.6996373489241633e-06 0.0064127445220947266 0
5800 False 0.0 0.0 0
5900 False 0.0 0.0 0
6000 True 1.2531027984522922e-06 0.006279468536376953 0
6100 True 5.521439753549121e-06 0.004689216613769531 0
6200 False 0.0 0.0 0
6300 False 0.0 0.0 0
6400 False 0.0 0.0 0
6500 False 0.0 0.0 0
6600 True 1.6481493080859695e-05 0.006285190582275391 0
6700 True 1.8190149472228334e-06 0.006929636001586914 0
6800 True 2.3875633581064874e-06 0.004353523254394531 0
6900 False 0.0 0.0 0
7000 False 0.0 0.0 0
7100 True 6.475239997152735e-06 0.00677180290222168 0
7200 False 0.0 0.0 0
7300 False 0.0 0.0 0
7400 True 2.739634731849159e-06 0.006619453430175781 0
7500 True 2.1303345127360877e-06 0.006508588790893555 0
7600 False 0.0 0.0 0
7700 True 5.272841020345261e-06 0.0066432952880859375 0
7800 True 7.635621823302448e-06 0.006499052047729492 0
7900 False 0.0 0.0 0
8000 True 5.553334432495772e-06 0.00668644905090332 0
8100 False 0.0 0.0 0
8200 False 0.0 0.0 0
8300 False 0.0 0.0 0
8400 False 0.0 0.0 0
8500 False 0.0 0.0 0
8600 False 0.0 0.0 0
8700 False 0.0 0.0 0
8800 True 2.3117935092498204e-05 0.0061724185943603516 0
8900 False 0.0 0.0 0
9000 True 7.708923430140384e-06 0.0047740936279296875 0
9100 False 0.0 0.0 0
9200 True 1.0393022356525092e-05 0.004575967788696289 0
9300 True 4.641834559990974e-06 0.00659632682800293 0
9400 True 2.329763215428908e-06 0.006892204284667969 0
9500 True 2.685808929198749e-07 0.0073163509368896484 0
9600 True 1.0794099735880896e-05 0.006931781768798828 0
9700 True 6.854895076190335e-06 0.007230281829833984 0
9800 True 7.329757880949447e-06 0.006330013275146484 0
9900 False 0.0 0.0 0
