0 True 0 0.002161741256713867 0
100 False 0 0.0 0
200 False 0 0.0 0
300 True 0 0.0020186901092529297 0
400 True 0 0.0021665096282958984 0
500 False 0 0.0 0
600 True 0 0.0023305416107177734 0
700 True 0 0.002130270004272461 0
800 True 0 0.0020067691802978516 0
900 False 0 0.0 0
1000 True 0 0.002151012420654297 0
1100 False 0 0.0 0
1200 True 0 0.001943826675415039 0
1300 False 0 0.0 0
1400 False 0 0.0 0
1500 False 0 0.0 0
1600 True 0 0.0021104812622070312 0
1700 False 0 0.0 0
1800 False 0 0.0 0
1900 True 0 0.001775503158569336 0
2000 False 0 0.0 0
2100 False 0 0.0 0
2200 True 0 0.0021533966064453125 0
2300 False 0 0.0 0
2400 True 0 0.023813247680664062 0
2500 False 0 0.0 0
2600 True 0 0.002106904983520508 0
2700 True 0 0.0019190311431884766 0
2800 False 0 0.0 0
2900 True 0 0.0021505355834960938 0
3000 True 0 0.0019078254699707031 0
3100 True 0 0.002080202102661133 0
3200 False 0 0.0 0
3300 True 0 0.002002716064453125 0
3400 False 0 0.0 0
3500 True 0 0.002140522003173828 0
3600 False 0 0.0 0
3700 True 0 0.001981496810913086 0
3800 True 0 0.002184629440307617 0
3900 False 0 0.0 0
4000 False 0 0.0 0
4100 True 0 0.0020232200622558594 0
4200 False 0 0.0 0
4300 True 0 0.002225160598754883 0
4400 False 0 0.0 0
4500 True 0 0.002078533172607422 0
4600 False 0 0.0 0
4700 False 0 0.0 0
4800 True 0 0.00214385986328125 0
4900 False 0 0.0 0
5000 True 0 0.002079486846923828 0
5100 True 0 0.0021507740020751953 0
5200 True 0 0.002120494842529297 0
5300 False 0 0.0 0
5400 True 0 0.0023419857025146484 0
5500 False 0 0.0 0
5600 False 0 0.0 0
5700 True 0 0.0018486976623535156 0
5800 False 0 0.0 0
5900 False 0 0.0 0
6000 True 0 0.0020842552185058594 0
6100 True 0 0.0018405914306640625 0
6200 True 0 0.0021021366119384766 0
6300 False 0 0.0 0
6400 False 0 0.0 0
6500 False 0 0.0 0
6600 True 0 0.0026047229766845703 0
6700 True 0 0.0021212100982666016 0
6800 False 0 0.0 0
6900 False 0 0.0 0
7000 False 0 0.0 0
7100 True 0 0.0019192695617675781 0
7200 False 0 0.0 0
7300 True 0 0.0021657943725585938 0
7400 True 0 0.0017766952514648438 0
7500 True 0 0.002178192138671875 0
7600 False 0 0.0 0
7700 True 0 0.0021004676818847656 0
7800 True 0 0.002087116241455078 0
7900 False 0 0.0 0
8000 True 0 0.0018723011016845703 0
8100 False 0 0.0 0
8200 False 0 0.0 0
8300 False 0 0.0 0
8400 True 0 0.0020902156829833984 0
8500 True 0 0.002195596694946289 0
8600 True 0 0.002132892608642578 0
8700 True 0 0.002074718475341797 0
8800 True 0 0.0021178722381591797 0
8900 True 0 0.0023458003997802734 0
9000 True 0 0.002174854278564453 0
9100 False 0 0.0 0
9200 True 0 0.002531766891479492 0
9300 False 0 0.0 0
9400 True 0 0.0021102428436279297 0
9500 True 0 0.0020449161529541016 0
9600 True 0 0.0021212100982666016 0
9700 True 0 0.0018801689147949219 0
9800 True 0 0.002138853073120117 0
9900 False 0 0.0 0
