0 True 4.0603570604002584e-06 0.005159854888916016 0
100 True 3.1542526177015394e-07 0.0037941932678222656 0
200 False 0.0 0.0 0
300 True 6.599697753311013e-06 0.004314899444580078 0
400 True 2.2629100046522414e-05 0.004976511001586914 0
500 False 0.0 0.0 0
600 False 0.0 0.0 0
700 True 6.594436625443212e-06 0.005728244781494141 0
800 True 1.8281844494045613e-05 0.005660295486450195 0
900 False 0.0 0.0 0
1000 True 1.2762569097479862e-05 0.00611114501953125 0
1100 False 0.0 0.0 0
1200 True 1.136035773528846e-05 0.006432533264160156 0
1300 False 0.0 0.0 0
1400 True 2.0157365634646453e-07 0.006464958190917969 0
1500 True 8.24936485877039e-06 0.005622148513793945 0
1600 False 0.0 0.0 0
1700 False 0.0 0.0 0
1800 True 3.852713747315375e-06 0.004149913787841797 0
1900 True 2.428614111206404e-05 0.005941629409790039 0
2000 False 0.0 0.0 0
2100 True 1.6919087957283873e-07 0.0043828487396240234 0
2200 True 5.034137335526791e-07 0.005932331085205078 0
2300 False 0.0 0.0 0
2400 True 1.6114907435643566e-05 0.005552768707275391 0
2500 True 1.983777148477993e-06 0.004626035690307617 0
2600 True 1.8115845783768958e-05 0.00465083122253418 0
2700 True 6.790841023755418e-06 0.004671335220336914 0
2800 True 5.684591285922225e-06 0.006613492965698242 0
2900 False 0.0 0.0 0
3000 True 1.2663546535478892e-05 0.007234811782836914 0
3100 True 1.060083489062913e-05 0.0047397613525390625 0
3200 True 4.0727685868203425e-06 0.006056547164916992 0
3300 True 8.709428470279836e-06 0.006125926971435547 0
3400 False 0.0 0.0 0
3500 True 3.55963777689663e-08 0.00655817985534668 0
3600 False 0.0 0.0 0
3700 False 0.0 0.0 0
3800 True 4.713430091040035e-06 0.006460666656494141 0
3900 False 0.0 0.0 0
4000 False 0.0 0.0 0
4100 True 1.774818625059236e-05 0.006059169769287109 0
4200 False 0.0 0.0 0
4300 True 7.669899721970872e-06 0.0045354366302490234 0
4400 False 0.0 0.0 0
4500 True 3.038388214514658e-06 0.006360292434692383 0
4600 False 0.0 0.0 0
4700 False 0.0 0.0 0
4800 True 1.6143539800783673e-05 0.005976438522338867 0
4900 True 2.1818328551249724e-06 0.005311727523803711 0
5000 True 2.475247040533144e-05 0.0059506893157958984 0
5100 False 0.0 0.0 0
5200 True 9.548920984452312e-06 0.006704568862915039 0
5300 False 0.0 0.0 0
5400 False 0.0 0.0 0
5500 False 0.0 0.0 0
5600 True 5.246905745418097e-06 0.005474090576171875 0
5700 True 3.663579571071902e-06 0.00649261474609375 0
5800 False 0.0 0.0 0
5900 False 0.0 0.0 0
6000 True 1.2637782989474861e-05 0.0058498382568359375 0
6100 True 1.3601969747951942e-05 0.005789518356323242 0
6200 False 0.0 0.0 0
6300 True 4.14707189351639e-06 0.0064885616302490234 0
6400 False 0.0 0.0 0
6500 False 0.0 0.0 0
6600 True 1.7408242135762497e-05 0.004537820816040039 0
6700 True 2.5497070007775944e-06 0.006755352020263672 0
6800 True 5.446467606558876e-06 0.00601506233215332 0
6900 False 0.0 0.0 0
7000 False 0.0 0.0 0
7100 False 0.0 0.0 0
7200 False 0.0 0.0 0
7300 False 0.0 0.0 0
7400 True 3.3126188130507294e-06 0.00434422492980957 0
7500 True 5.571403868750058e-06 0.005785226821899414 0
7600 False 0.0 0.0 0
7700 True 1.3639697580730306e-05 0.0049703121185302734 0
7800 True 7.791234204156295e-06 0.005674600601196289 0
7900 False 0.0 0.0 0
8000 True 8.857086509631693e-06 0.006453037261962891 0
8100 False 0.0 0.0 0
8200 False 0.0 0.0 0
8300 False 0.0 0.0 0
8400 False 0.0 0.0 0
8500 True 1.2836635928561058e-05 0.006130218505859375 0
8600 False 0.0 0.0 0
8700 True 5.0593998629086215e-06 0.00657200813293457 0
8800 True 2.1078274102379825e-05 0.004659175872802734 0
8900 True 6.58331850032306e-07 0.0067310333251953125 0
9000 True 1.6680251456222916e-05 0.006430625915527344 0
9100 False 0.0 0.0 0
9200 True 1.0968599237100701e-05 0.006485462188720703 0
9300 True 4.593007084018894e-06 0.00657343864440918 0
9400 True 4.390281269764118e-06 0.0045621395111083984 0
9500 True 4.4708935193318876e-06 0.0063931941986083984 0
9600 True 1.7342815809202295e-05 0.0044422149658203125 0
9700 True 1.2404728795445746e-05 0.0068509578704833984 0
9800 True 1.5812925310362874e-05 0.007427215576171875 0
9900 False 0.0 0.0 0
