0 False 0.0 0.0 0
100 False 0.0 0.0 0
200 False 0.0 0.0 0
300 True 3.802557579052149e-08 0.007316112518310547 0
400 True 5.0773674902763906e-06 0.0083160400390625 0
500 False 0.0 0.0 0
600 True 1.4532890218404964e-06 0.007942676544189453 0
700 True 2.7654500770388992e-06 0.008718252182006836 0
800 True 5.0820325210279685e-06 0.009918212890625 0
900 False 0.0 0.0 0
1000 True 5.124684430429725e-06 0.008962392807006836 0
1100 False 0.0 0.0 0
1200 True 1.4550883411807638e-06 0.009614229202270508 0
1300 False 0.0 0.0 0
1400 True 1.2451741940804473e-06 0.008725881576538086 0
1500 True 8.708461284065512e-07 0.009644031524658203 0
1600 False 0.0 0.0 0
1700 False 0.0 0.0 0
1800 False 0.0 0.0 0
1900 True 3.494843020130282e-06 0.010731935501098633 0
2000 False 0.0 0.0 0
2100 False 0.0 0.0 0
2200 True 2.259615780360683e-06 0.008547306060791016 0
2300 False 0.0 0.0 0
2400 True 7.309918131645359e-06 0.010715246200561523 0
2500 False 0.0 0.0 0
2600 True 4.573496787892246e-06 0.010277032852172852 0
2700 True 1.0167875923349337e-07 0.0095367431640625 0
2800 False 0.0 0.0 0
2900 False 0.0 0.0 0
3000 True 5.748501030061575e-06 0.01094818115234375 0
3100 True 3.929901130044858e-06 0.012814044952392578 0
3200 False 0.0 0.0 0
3300 True 1.76533133936993e-07 0.011628389358520508 0
3400 False 0.0 0.0 0
3500 True 3.361086369928545e-06 0.009913921356201172 0
3600 False 0.0 0.0 0
3700 False 0.0 0.0 0
3800 True 1.7258597367253883e-06 0.010347843170166016 0
3900 False 0.0 0.0 0
4000 False 0.0 0.0 0
4100 True 8.3006204698127e-06 0.008691787719726562 0
4200 False 0.0 0.0 0
4300 True 4.594229759273646e-06 0.010427474975585938 0
4400 False 0.0 0.0 0
4500 False 0.0 0.0 0
4600 False 0.0 0.0 0
4700 False 0.0 0.0 0
4800 True 5.820556382555032e-06 0.008436203002929688 0
4900 False 0.0 0.0 0
5000 True 4.402267600530083e-06 0.008431434631347656 0
5100 True 5.033134682373604e-07 0.009254932403564453 0
5200 True 2.57868643450857e-06 0.008233070373535156 0
5300 False 0.0 0.0 0
5400 True 1.741125589592473e-06 0.009907960891723633 0
5500 True 6.846052118986442e-07 0.009219884872436523 0
5600 False 0.0 0.0 0
5700 True 5.985898928595988e-07 0.009081840515136719 0
5800 False 0.0 0.0 0
5900 True 1.3388780050034027e-08 0.0067555904388427734 0
6000 True 1.356270482672322e-07 0.009601116180419922 0
6100 True 3.209124921599419e-06 0.010281562805175781 0
6200 False 0.0 0.0 0
6300 True 8.034786821189584e-07 0.008883237838745117 0
6400 False 0.0 0.0 0
6500 False 0.0 0.0 0
6600 True 8.486783294399287e-06 0.01278233528137207 0
6700 True 3.5356140552185685e-07 0.013008356094360352 0
6800 True 7.457280955072971e-07 0.01127004623413086 0
6900 False 0.0 0.0 0
7000 False 0.0 0.0 0
7100 True 9.170015154459678e-07 0.010393142700195312 0
7200 False 0.0 0.0 0
7300 False 0.0 0.0 0
7400 True 8.967350629343732e-07 0.011775970458984375 0
7500 True 5.416349719743626e-06 0.011383295059204102 0
7600 False 0.0 0.0 0
7700 True 1.496945306222409e-06 0.01049041748046875 0
7800 True 2.3582352819227167e-06 0.010818243026733398 0
7900 False 0.0 0.0 0
8000 True 1.7761206847647573e-06 0.010796308517456055 0
8100 True 6.156573424123293e-07 0.012273550033569336 0
8200 False 0.0 0.0 0
8300 False 0.0 0.0 0
8400 False 0.0 0.0 0
8500 True 1.0704971167743021e-06 0.010782957077026367 0
8600 True 8.639420537146235e-07 0.010905265808105469 0
8700 False 0.0 0.0 0
8800 True 7.186298476685597e-06 0.011219501495361328 0
8900 False 0.0 0.0 0
9000 True 6.024247635729819e-06 0.011576175689697266 0
9100 False 0.0 0.0 0
9200 True 4.130750394123597e-06 0.010456562042236328 0
9300 True 1.0052259555203397e-06 0.010825634002685547 0
9400 True 1.1991939920871331e-06 0.00841212272644043 0
9500 True 6.625776750915265e-08 0.008749961853027344 0
9600 True 2.927580951525785e-06 0.010073184967041016 0
9700 True 1.8671434576295205e-06 0.00806427001953125 0
9800 True 6.403335690033893e-06 0.012342691421508789 0
9900 False 0.0 0.0 0
