0 False 0 0.0 0
100 False 0 0.0 0
200 True 0 0.009246110916137695 0
300 True 0 0.009201526641845703 0
400 True 0 0.009508609771728516 0
500 False 0 0.0 0
600 True 0 0.00889134407043457 0
700 True 0 0.007480621337890625 0
800 True 0 0.01067972183227539 0
900 False 0 0.0 0
1000 True 0 0.008199691772460938 0
1100 False 0 0.0 0
1200 True 0 0.010352611541748047 0
1300 False 0 0.0 0
1400 False 0 0.0 0
1500 True 0 0.00783085823059082 0
1600 True 0 0.009734869003295898 0
1700 False 0 0.0 0
1800 True 0 0.01027989387512207 0
1900 True 0 0.011486291885375977 0
2000 False 0 0.0 0
2100 True 0 0.008145809173583984 0
2200 True 0 0.008300304412841797 0
2300 False 0 0.0 0
2400 True 0 0.007478475570678711 0
2500 True 0 0.009528636932373047 0
2600 True 0 0.010120868682861328 0
2700 True 0 0.009307622909545898 0
2800 True 0 0.012113571166992188 0
2900 False 0 0.0 0
3000 True 0 0.008999824523925781 0
3100 True 0 0.010886907577514648 0
3200 False 0 0.0 0
3300 True 0 0.010251760482788086 0
3400 False 0 0.0 0
3500 True 0 0.008382797241210938 0
3600 False 0 0.0 0
3700 True 0 0.00821065902709961 0
3800 True 0 0.009795665740966797 0
3900 False 0 0.0 0
4000 False 0 0.0 0
4100 True 0 0.009697914123535156 0
4200 True 0 0.011056184768676758 0
4300 True 0 0.009633064270019531 0
4400 False 0 0.0 0
4500 False 0 0.0 0
4600 False 0 0.0 0
4700 False 0 0.0 0
4800 True 0 0.007876873016357422 0
4900 False 0 0.0 0
5000 True 0 0.009853601455688477 0
5100 True 0 0.008235931396484375 0
5200 True 0 0.010578155517578125 0
5300 True 0 0.01021265983581543 0
5400 True 0 0.010462760925292969 0
5500 True 0 0.006555080413818359 0
5600 True 0 0.009412050247192383 0
5700 True 0 0.009222984313964844 0
5800 False 0 0.0 0
5900 False 0 0.0 0
6000 True 0 0.0071675777435302734 0
6100 True 0 0.009949207305908203 0
6200 True 0 0.009077072143554688 0
6300 True 0 0.009266138076782227 0
6400 True 0 0.007475852966308594 0
6500 False 0 0.0 0
6600 True 0 0.010207176208496094 0
6700 True 0 0.010189533233642578 0
6800 True 0 0.012649059295654297 0
6900 True 0 0.011115312576293945 0
7000 False 0 0.0 0
7100 False 0 0.0 0
7200 False 0 0.0 0
7300 False 0 0.0 0
7400 True 0 0.010478496551513672 0
7500 True 0 0.008401632308959961 0
7600 False 0 0.0 0
7700 True 0 0.011078357696533203 0
7800 True 0 0.010077476501464844 0
7900 False 0 0.0 0
8000 True 0 0.011162042617797852 0
8100 False 0 0.0 0
8200 False 0 0.0 0
8300 False 0 0.0 0
8400 True 0 0.010457992553710938 0
8500 True 0 0.01083517074584961 0
8600 True 0 0.0108489990234375 0
8700 True 0 0.008626699447631836 0
8800 True 0 0.011400461196899414 0
8900 True 0 0.01250457763671875 0
9000 True 0 0.011006593704223633 0
9100 False 0 0.0 0
9200 True 0 0.008367538452148438 0
9300 True 0 0.012032508850097656 0
9400 True 0 0.011842727661132812 0
9500 True 0 0.011265277862548828 0
9600 True 0 0.01232600212097168 0
9700 True 0 0.011605262756347656 0
9800 True 0 0.011155366897583008 0
9900 True 0 0.010785818099975586 0
