0 False 0 0.0 0
100 False 0 0.0 0
200 False 0 0.0 0
300 True 0 0.01215505599975586 0
400 True 0 0.01166987419128418 0
500 False 0 0.0 0
600 True 0 0.011617898941040039 0
700 True 0 0.011596918106079102 0
800 True 0 0.011654138565063477 0
900 False 0 0.0 0
1000 True 0 0.01161813735961914 0
1100 False 0 0.0 0
1200 True 0 0.011586427688598633 0
1300 False 0 0.0 0
1400 False 0 0.0 0
1500 True 0 0.011628150939941406 0
1600 False 0 0.0 0
1700 True 0 0.011566162109375 0
1800 True 0 0.011677980422973633 0
1900 True 0 0.01161050796508789 0
2000 False 0 0.0 0
2100 False 0 0.0 0
2200 True 0 0.011648893356323242 0
2300 False 0 0.0 0
2400 True 0 0.011727571487426758 0
2500 True 0 0.011530160903930664 0
2600 True 0 0.011668682098388672 0
2700 True 0 0.011615514755249023 0
2800 False 0 0.0 0
2900 False 0 0.0 0
3000 True 0 0.011690378189086914 0
3100 True 0 0.011782646179199219 0
3200 False 0 0.0 0
3300 True 0 0.011670589447021484 0
3400 False 0 0.0 0
3500 True 0 0.011531352996826172 0
3600 False 0 0.0 0
3700 True 0 0.011811017990112305 0
3800 True 0 0.011644363403320312 0
3900 False 0 0.0 0
4000 False 0 0.0 0
4100 True 0 0.011640071868896484 0
4200 False 0 0.0 0
4300 True 0 0.011617422103881836 0
4400 False 0 0.0 0
4500 False 0 0.0 0
4600 False 0 0.0 0
4700 False 0 0.0 0
4800 True 0 0.011516094207763672 0
4900 False 0 0.0 0
5000 True 0 0.011565446853637695 0
5100 True 0 0.011783838272094727 0
5200 True 0 0.01159524917602539 0
5300 True 0 0.011618614196777344 0
5400 False 0 0.0 0
5500 True 0 0.011565923690795898 0
5600 True 0 0.01163482666015625 0
5700 True 0 0.011815786361694336 0
5800 True 0 0.011726617813110352 0
5900 False 0 0.0 0
6000 True 0 0.011521100997924805 0
6100 True 0 0.01156306266784668 0
6200 True 0 0.01172327995300293 0
6300 True 0 0.011708259582519531 0
6400 False 0 0.0 0
6500 False 0 0.0 0
6600 True 0 0.01171112060546875 0
6700 True 0 0.011650800704956055 0
6800 True 0 0.01143336296081543 0
6900 False 0 0.0 0
7000 False 0 0.0 0
7100 False 0 0.0 0
7200 False 0 0.0 0
7300 False 0 0.0 0
7400 True 0 0.011581182479858398 0
7500 True 0 0.01169133186340332 0
7600 False 0 0.0 0
7700 True 0 0.011583566665649414 0
7800 True 0 0.011725902557373047 0
7900 False 0 0.0 0
8000 True 0 0.011794090270996094 0
8100 False 0 0.0 0
8200 False 0 0.0 0
8300 True 0 0.01176142692565918 0
8400 False 0 0.0 0
8500 True 0 0.011810064315795898 0
8600 False 0 0.0 0
8700 True 0 0.011567831039428711 0
8800 True 0 0.011758089065551758 0
8900 True 0 0.011902332305908203 0
9000 True 0 0.011618852615356445 0
9100 False 0 0.0 0
9200 True 0 0.011719226837158203 0
9300 True 0 0.011701822280883789 0
9400 True 0 0.011718034744262695 0
9500 True 0 0.011683940887451172 0
9600 True 0 0.011696338653564453 0
9700 True 0 0.011691808700561523 0
9800 True 0 0.01175999641418457 0
9900 True 0 0.011789321899414062 0
