0 False 0 0.0 0
100 False 0 0.0 0
200 False 0 0.0 0
300 True 0 0.012091398239135742 0
400 True 0 0.011747598648071289 0
500 False 0 0.0 0
600 True 0 0.011661529541015625 0
700 True 0 0.011626243591308594 0
800 True 0 0.011708974838256836 0
900 False 0 0.0 0
1000 True 0 0.011642694473266602 0
1100 False 0 0.0 0
1200 True 0 0.011772871017456055 0
1300 False 0 0.0 0
1400 True 0 0.011734485626220703 0
1500 True 0 0.011945486068725586 0
1600 False 0 0.0 0
1700 False 0 0.0 0
1800 False 0 0.0 0
1900 True 0 0.01159811019897461 0
2000 False 0 0.0 0
2100 False 0 0.0 0
2200 True 0 0.01168370246887207 0
2300 False 0 0.0 0
2400 True 0 0.011740684509277344 0
2500 False 0 0.0 0
2600 True 0 0.011744499206542969 0
2700 True 0 0.011748552322387695 0
2800 False 0 0.0 0
2900 False 0 0.0 0
3000 True 0 0.011837244033813477 0
3100 True 0 0.011600255966186523 0
3200 False 0 0.0 0
3300 False 0 0.0 0
3400 False 0 0.0 0
3500 True 0 0.011816024780273438 0
3600 False 0 0.0 0
3700 False 0 0.0 0
3800 True 0 0.011690616607666016 0
3900 False 0 0.0 0
4000 False 0 0.0 0
4100 True 0 0.011772632598876953 0
4200 False 0 0.0 0
4300 True 0 0.011542797088623047 0
4400 False 0 0.0 0
4500 False 0 0.0 0
4600 False 0 0.0 0
4700 False 0 0.0 0
4800 True 0 0.011798381805419922 0
4900 False 0 0.0 0
5000 True 0 0.011836051940917969 0
5100 True 0 0.01179957389831543 0
5200 True 0 0.011554241180419922 0
5300 False 0 0.0 0
5400 True 0 0.011720657348632812 0
5500 True 0 0.011684656143188477 0
5600 False 0 0.0 0
5700 True 0 0.011692285537719727 0
5800 False 0 0.0 0
5900 False 0 0.0 0
6000 True 0 0.011501789093017578 0
6100 True 0 0.011765241622924805 0
6200 False 0 0.0 0
6300 True 0 0.011569738388061523 0
6400 False 0 0.0 0
6500 False 0 0.0 0
6600 True 0 0.011630535125732422 0
6700 True 0 0.011557817459106445 0
6800 True 0 0.011539936065673828 0
6900 False 0 0.0 0
7000 False 0 0.0 0
7100 True 0 0.01174306869506836 0
7200 False 0 0.0 0
7300 False 0 0.0 0
7400 True 0 0.011554956436157227 0
7500 True 0 0.011593103408813477 0
7600 False 0 0.0 0
7700 True 0 0.011556625366210938 0
7800 True 0 0.011596441268920898 0
7900 False 0 0.0 0
8000 True 0 0.011555194854736328 0
8100 False 0 0.0 0
8200 False 0 0.0 0
8300 False 0 0.0 0
8400 True 0 0.011579513549804688 0
8500 True 0 0.01167440414428711 0
8600 True 0 0.01168370246887207 0
8700 True 0 0.011574268341064453 0
8800 True 0 0.011649847030639648 0
8900 False 0 0.0 0
9000 True 0 0.01179194450378418 0
9100 False 0 0.0 0
9200 True 0 0.011560678482055664 0
9300 True 0 0.011644840240478516 0
9400 True 0 0.011682510375976562 0
9500 True 0 0.011667966842651367 0
9600 True 0 0.011593818664550781 0
9700 True 0 0.07671642303466797 0
9800 True 0 0.011751174926757812 0
9900 False 0 0.0 0
