0 True 0.1640625 0.03391695022583008 0
100 True 0.0546875 0.026685237884521484 0
200 True 0.0703125 0.02555990219116211 0
300 False 0.0 0.0 0
400 False 0.0 0.0 0
500 True 0.15625 0.017688512802124023 0
600 True 0.1171875 0.026142358779907227 0
700 True 0.15625 0.02648138999938965 0
800 False 0.0 0.0 0
900 True 0.09375 0.026279926300048828 0
1000 True 0.0390625 0.023873090744018555 0
1100 True 0.1953125 0.03650498390197754 0
1200 False 0.0 0.0 0
1300 True 0.0625 0.018453598022460938 0
1400 True 0.1484375 0.03648805618286133 0
1500 False 0.0 0.0 0
1600 True 0.125 0.025862932205200195 0
1700 True 0.125 0.034639596939086914 0
1800 True 0.0 0.04078960418701172 0
1900 True 0.125 0.03652811050415039 0
2000 True 0.078125 0.03740501403808594 0
2100 False 0.0 0.0 0
2200 False 0.0 0.0 0
2300 True 0.0 0.02577972412109375 0
2400 False 0.0 0.0 0
2500 False 0.0 0.0 0
2600 True 0.046875 0.037749528884887695 0
2700 True 0.125 0.028101444244384766 0
2800 False 0.0 0.0 0
2900 True 0.03125 0.025743961334228516 0
3000 True 0.1015625 0.040584564208984375 0
3100 False 0.0 0.0 0
3200 True 0.140625 0.02640366554260254 0
3300 True 0.046875 0.018593311309814453 0
3400 True 0.1796875 0.03279304504394531 0
3500 True 0.1875 0.025777101516723633 0
3600 False 0.0 0.0 0
3700 True 0.1640625 0.0282595157623291 0
3800 True 0.046875 0.024567842483520508 0
3900 True 0.203125 0.018421649932861328 0
4000 False 0.0 0.0 0
4100 True 0.0546875 0.036528587341308594 0
4200 True 0.1640625 0.0366973876953125 0
4300 False 0.0 0.0 0
4400 True 0.09375 0.0360560417175293 0
4500 False 0.0 0.0 0
4600 True 0.1328125 0.035637855529785156 0
4700 True 0.1171875 0.02682042121887207 0
4800 True 0.1875 0.018781423568725586 0
4900 False 0.0 0.0 0
5000 True 0.1171875 0.018441200256347656 0
5100 False 0.0 0.0 0
5200 True 0.078125 0.026572704315185547 0
5300 True 0.0390625 0.025739669799804688 0
5400 True 0.0390625 0.025722742080688477 0
5500 True 0.1640625 0.030959129333496094 0
5600 True 0.1015625 0.025651931762695312 0
5700 True 0.125 0.025597333908081055 0
5800 True 0.1171875 0.01832294464111328 0
5900 True 0.1796875 0.035683393478393555 0
6000 False 0.0 0.0 0
6100 True 0.1953125 0.0258638858795166 0
6200 True 0.078125 0.026628971099853516 0
6300 True 0.1875 0.03370404243469238 0
6400 True 0.0703125 0.02626800537109375 0
6500 True 0.078125 0.026732206344604492 0
6600 True 0.0234375 0.03604555130004883 0
6700 False 0.0 0.0 0
6800 False 0.0 0.0 0
6900 True 0.0703125 0.03578662872314453 0
7000 True 0.171875 0.03673982620239258 0
7100 False 0.0 0.0 0
7200 True 0.078125 0.02523183822631836 0
7300 True 0.1796875 0.03961753845214844 0
7400 True 0.0 0.018212080001831055 0
7500 False 0.0 0.0 0
7600 True 0.1796875 0.02696514129638672 0
7700 True 0.0625 0.02564263343811035 0
7800 False 0.0 0.0 0
7900 True 0.1484375 0.018402814865112305 0
8000 True 0.0703125 0.019832611083984375 0
8100 True 0.203125 0.05501198768615723 0
8200 True 0.140625 0.018172264099121094 0
8300 True 0.078125 0.04706406593322754 0
8400 True 0.1796875 0.025865793228149414 0
8500 True 0.203125 0.026098012924194336 0
8600 True 0.2109375 0.017454862594604492 0
8700 True 0.1328125 0.026793956756591797 0
8800 True 0.203125 0.029813051223754883 0
8900 True 0.1875 0.01843738555908203 0
9000 True 0.1953125 0.018409252166748047 0
9100 True 0.0546875 0.03589653968811035 0
9200 True 0.1640625 0.03632783889770508 0
9300 True 0.109375 0.018451690673828125 0
9400 True 0.015625 0.026192903518676758 0
9500 True 0.0546875 0.04116034507751465 0
9600 True 0.0703125 0.028044939041137695 0
9700 False 0.0 0.0 0
9800 True 0.0859375 0.03697967529296875 0
9900 False 0.0 0.0 0
