0 True 0 0.04512619972229004 0
100 True 0 0.010497570037841797 0
200 True 0 0.01051020622253418 0
300 False 0 0.0 0
400 False 0 0.0 0
500 True 0 0.007577657699584961 0
600 True 0 0.010697603225708008 0
700 True 0 0.010525226593017578 0
800 False 0 0.0 0
900 True 0 0.010690689086914062 0
1000 True 0 0.02686762809753418 0
1100 True 0 0.02696371078491211 0
1200 False 0 0.0 0
1300 True 0 0.002557992935180664 0
1400 True 0 0.00261688232421875 0
1500 False 0 0.0 0
1600 True 0 0.011138439178466797 0
1700 True 0 0.010607242584228516 0
1800 True 0 0.0026280879974365234 0
1900 True 0 0.02264094352722168 0
2000 True 0 0.0026693344116210938 0
2100 False 0 0.0 0
2200 False 0 0.0 0
2300 True 0 0.013986349105834961 0
2400 False 0 0.0 0
2500 False 0 0.0 0
2600 True 0 0.01067495346069336 0
2700 True 0 0.011283636093139648 0
2800 False 0 0.0 0
2900 True 0 0.0026869773864746094 0
3000 True 0 0.010662317276000977 0
3100 False 0 0.0 0
3200 True 0 0.010882139205932617 0
3300 True 0 0.010243892669677734 0
3400 True 0 0.011084794998168945 0
3500 True 0 0.0031375885009765625 0
3600 False 0 0.0 0
3700 True 0 0.011357784271240234 0
3800 True 0 0.002706766128540039 0
3900 True 0 0.010979652404785156 0
4000 False 0 0.0 0
4100 True 0 0.01080179214477539 0
4200 True 0 0.002533435821533203 0
4300 False 0 0.0 0
4400 True 0 0.011156797409057617 0
4500 False 0 0.0 0
4600 True 0 0.010515451431274414 0
4700 True 0 0.0033490657806396484 0
4800 True 0 0.010425806045532227 0
4900 False 0 0.0 0
5000 True 0 0.002762317657470703 0
5100 False 0 0.0 0
5200 True 0 0.011282205581665039 0
5300 True 0 0.0026345252990722656 0
5400 True 0 0.010509252548217773 0
5500 True 0 0.011767148971557617 0
5600 True 0 0.0027208328247070312 0
5700 True 0 0.01063084602355957 0
5800 True 0 0.008890390396118164 0
5900 True 0 0.002536296844482422 0
6000 False 0 0.0 0
6100 True 0 0.0029952526092529297 0
6200 True 0 0.01165461540222168 0
6300 True 0 0.017674922943115234 0
6400 True 0 0.010755777359008789 0
6500 True 0 0.01086115837097168 0
6600 True 0 0.010830402374267578 0
6700 False 0 0.0 0
6800 False 0 0.0 0
6900 True 0 0.010617733001708984 0
7000 True 0 0.0031800270080566406 0
7100 False 0 0.0 0
7200 True 0 0.0026509761810302734 0
7300 True 0 0.002637624740600586 0
7400 True 0 0.003030538558959961 0
7500 False 0 0.0 0
7600 True 0 0.011011838912963867 0
7700 True 0 0.010761737823486328 0
7800 False 0 0.0 0
7900 True 0 0.010640144348144531 0
8000 True 0 0.011793851852416992 0
8100 True 0 0.010791301727294922 0
8200 True 0 0.010676383972167969 0
8300 True 0 0.01059865951538086 0
8400 True 0 0.01042938232421875 0
8500 True 0 0.010849952697753906 0
8600 True 0 0.010443449020385742 0
8700 True 0 0.011119365692138672 0
8800 True 0 0.008473873138427734 0
8900 True 0 0.0027375221252441406 0
9000 True 0 0.011412620544433594 0
9100 True 0 0.010859012603759766 0
9200 True 0 0.010996580123901367 0
9300 True 0 0.01051950454711914 0
9400 True 0 0.011640787124633789 0
9500 True 0 0.010776758193969727 0
9600 True 0 0.010975122451782227 0
9700 False 0 0.0 0
9800 True 0 0.002821207046508789 0
9900 False 0 0.0 0
