0 False 0 0.0 0
100 False 0 0.0 0
200 False 0 0.0 0
300 False 0 0.0 0
400 False 0 0.0 0
500 True 0 0.029239416122436523 0
600 True 1 0.011270284652709961 0
700 True 1 0.010455846786499023 0
800 False 0 0.0 0
900 False 0 0.0 0
1000 False 0 0.0 0
1100 True 1 0.0029120445251464844 0
1200 False 0 0.0 0
1300 False 0 0.0 0
1400 True 0 0.010710000991821289 0
1500 False 0 0.0 0
1600 False 0 0.0 0
1700 False 0 0.0 0
1800 True 0 0.011121034622192383 0
1900 False 0 0.0 0
2000 True 0 0.011215686798095703 0
2100 False 0 0.0 0
2200 True 1 0.01118779182434082 0
2300 False 0 0.0 0
2400 False 0 0.0 0
2500 False 0 0.0 0
2600 False 0 0.0 0
2700 True 1 0.002837657928466797 0
2800 False 0 0.0 0
2900 False 0 0.0 0
3000 True 0 0.009322166442871094 0
3100 False 0 0.0 0
3200 False 0 0.0 0
3300 False 0 0.0 0
3400 False 0 0.0 0
3500 False 0 0.0 0
3600 False 0 0.0 0
3700 False 0 0.0 0
3800 False 0 0.0 0
3900 True 1 0.009458541870117188 0
4000 False 0 0.0 0
4100 False 0 0.0 0
4200 True 1 0.011303186416625977 0
4300 False 0 0.0 0
4400 True 0 0.0030357837677001953 0
4500 False 0 0.0 0
4600 True 1 0.010985136032104492 0
4700 False 0 0.0 0
4800 False 0 0.0 0
4900 False 0 0.0 0
5000 True 0 0.027376174926757812 0
5100 False 0 0.0 0
5200 False 0 0.0 0
5300 False 0 0.0 0
5400 False 0 0.0 0
5500 False 0 0.0 0
5600 True 1 0.011917829513549805 0
5700 True 0 0.011205196380615234 0
5800 False 0 0.0 0
5900 False 0 0.0 0
6000 False 0 0.0 0
6100 False 0 0.0 0
6200 False 0 0.0 0
6300 False 0 0.0 0
6400 True 0 0.011382818222045898 0
6500 False 0 0.0 0
6600 False 0 0.0 0
6700 False 0 0.0 0
6800 True 1 0.004121065139770508 0
6900 False 0 0.0 0
7000 True 1 0.01098489761352539 0
7100 True 1 0.014686822891235352 0
7200 True 0 0.0029594898223876953 0
7300 True 1 0.0026090145111083984 0
7400 False 0 0.0 0
7500 True 0 0.0032613277435302734 0
7600 True 0 0.010990381240844727 0
7700 False 0 0.0 0
7800 False 0 0.0 0
7900 False 0 0.0 0
8000 False 0 0.0 0
8100 True 1 0.0031485557556152344 0
8200 True 1 0.005903959274291992 0
8300 False 0 0.0 0
8400 False 0 0.0 0
8500 False 0 0.0 0
8600 True 1 0.004090070724487305 0
8700 False 0 0.0 0
8800 True 0 0.002983570098876953 0
8900 False 0 0.0 0
9000 True 0 0.01340794563293457 0
9100 False 0 0.0 0
9200 False 0 0.0 0
9300 True 1 0.01093745231628418 0
9400 True 0 0.011123418807983398 0
9500 True 0 0.010619163513183594 0
9600 True 0 0.010745048522949219 0
9700 True 0 0.010822296142578125 0
9800 True 1 0.011423349380493164 0
9900 True 0 0.010999202728271484 0
