0 False 0.0 0.0 0
100 False 0.0 0.0 0
200 False 0.0 0.0 0
300 False 0.0 0.0 0
400 False 0.0 0.0 0
500 True 0.28125 0.021601200103759766 0
600 True 0.296875 0.026274681091308594 0
700 True 0.3046875 0.03699183464050293 0
800 False 0.0 0.0 0
900 False 0.0 0.0 0
1000 False 0.0 0.0 0
1100 True 0.296875 0.019308805465698242 0
1200 False 0.0 0.0 0
1300 False 0.0 0.0 0
1400 True 0.1953125 0.017969608306884766 0
1500 False 0.0 0.0 0
1600 False 0.0 0.0 0
1700 False 0.0 0.0 0
1800 True 0.1875 0.018129587173461914 0
1900 False 0.0 0.0 0
2000 True 0.1953125 0.03616905212402344 0
2100 False 0.0 0.0 0
2200 True 0.3046875 0.03713488578796387 0
2300 False 0.0 0.0 0
2400 False 0.0 0.0 0
2500 False 0.0 0.0 0
2600 False 0.0 0.0 0
2700 True 0.3046875 0.03661966323852539 0
2800 False 0.0 0.0 0
2900 False 0.0 0.0 0
3000 True 0.140625 0.03715848922729492 0
3100 False 0.0 0.0 0
3200 False 0.0 0.0 0
3300 False 0.0 0.0 0
3400 False 0.0 0.0 0
3500 False 0.0 0.0 0
3600 False 0.0 0.0 0
3700 False 0.0 0.0 0
3800 False 0.0 0.0 0
3900 True 0.3046875 0.036232948303222656 0
4000 False 0.0 0.0 0
4100 False 0.0 0.0 0
4200 True 0.3046875 0.02150106430053711 0
4300 False 0.0 0.0 0
4400 True 0.2734375 0.02586841583251953 0
4500 False 0.0 0.0 0
4600 True 0.296875 0.02596139907836914 0
4700 False 0.0 0.0 0
4800 False 0.0 0.0 0
4900 False 0.0 0.0 0
5000 True 0.0546875 0.018030643463134766 0
5100 False 0.0 0.0 0
5200 False 0.0 0.0 0
5300 False 0.0 0.0 0
5400 False 0.0 0.0 0
5500 False 0.0 0.0 0
5600 True 0.3125 0.027566194534301758 0
5700 True 0.2265625 0.03649735450744629 0
5800 False 0.0 0.0 0
5900 False 0.0 0.0 0
6000 False 0.0 0.0 0
6100 False 0.0 0.0 0
6200 False 0.0 0.0 0
6300 False 0.0 0.0 0
6400 True 0.1796875 0.025281190872192383 0
6500 False 0.0 0.0 0
6600 False 0.0 0.0 0
6700 False 0.0 0.0 0
6800 True 0.296875 0.027544736862182617 0
6900 False 0.0 0.0 0
7000 True 0.3046875 0.034529924392700195 0
7100 True 0.296875 0.018311500549316406 0
7200 True 0.09375 0.02296900749206543 0
7300 True 0.3125 0.018111228942871094 0
7400 False 0.0 0.0 0
7500 True 0.0078125 0.018381834030151367 0
7600 True 0.1875 0.018115520477294922 0
7700 False 0.0 0.0 0
7800 False 0.0 0.0 0
7900 False 0.0 0.0 0
8000 False 0.0 0.0 0
8100 True 0.3125 0.018706560134887695 0
8200 True 0.3125 0.026622295379638672 0
8300 False 0.0 0.0 0
8400 False 0.0 0.0 0
8500 False 0.0 0.0 0
8600 True 0.3125 0.03664398193359375 0
8700 False 0.0 0.0 0
8800 True 0.25 0.026530742645263672 0
8900 False 0.0 0.0 0
9000 True 0.0859375 0.035962820053100586 0
9100 False 0.0 0.0 0
9200 False 0.0 0.0 0
9300 True 0.3125 0.01807236671447754 0
9400 True 0.0625 0.018253564834594727 0
9500 True 0.28125 0.024568557739257812 0
9600 True 0.21875 0.041848182678222656 0
9700 True 0.0234375 0.01776885986328125 0
9800 True 0.3125 0.025690078735351562 0
9900 True 0.1015625 0.02548384666442871 0
