0 True 0.140625 0.07633590698242188 0
100 True 0.09375 0.017899751663208008 0
200 False 0.0 0.0 0
300 False 0.0 0.0 0
400 True 0.0546875 0.025269031524658203 0
500 True 0.1875 0.018263816833496094 0
600 True 0.1640625 0.017653465270996094 0
700 True 0.09375 0.017524242401123047 0
800 True 0.15625 0.02875995635986328 0
900 True 0.046875 0.0251312255859375 0
1000 True 0.0546875 0.028755664825439453 0
1100 True 0.1484375 0.029780864715576172 0
1200 False 0.0 0.0 0
1300 True 0.0859375 0.018692731857299805 0
1400 True 0.1640625 0.032833099365234375 0
1500 False 0.0 0.0 0
1600 False 0.0 0.0 0
1700 True 0.1171875 0.02800440788269043 0
1800 True 0.046875 0.02707958221435547 0
1900 True 0.0625 0.018045425415039062 0
2000 True 0.109375 0.0251467227935791 0
2100 True 0.109375 0.019168853759765625 0
2200 True 0.0390625 0.026180505752563477 0
2300 False 0.0 0.0 0
2400 True 0.0625 0.0264132022857666 0
2500 True 0.0859375 0.021063804626464844 0
2600 True 0.1875 0.019798994064331055 0
2700 True 0.1015625 0.0226593017578125 0
2800 True 0.1171875 0.030338764190673828 0
2900 True 0.0 0.03738880157470703 0
3000 True 0.109375 0.026496171951293945 0
3100 True 0.1015625 0.03662991523742676 0
3200 True 0.203125 0.01825118064880371 0
3300 True 0.0546875 0.025725841522216797 0
3400 True 0.1484375 0.026586532592773438 0
3500 True 0.1796875 0.026447534561157227 0
3600 False 0.0 0.0 0
3700 True 0.1640625 0.018019437789916992 0
3800 True 0.03125 0.025794506072998047 0
3900 True 0.1171875 0.03631711006164551 0
4000 True 0.109375 0.01750349998474121 0
4100 True 0.1171875 0.026929855346679688 0
4200 True 0.125 0.0256197452545166 0
4300 True 0.0234375 0.023108482360839844 0
4400 True 0.0546875 0.026935100555419922 0
4500 True 0.03125 0.03576827049255371 0
4600 True 0.1484375 0.04793691635131836 0
4700 True 0.171875 0.026083946228027344 0
4800 True 0.15625 0.02566838264465332 0
4900 True 0.0546875 0.0332493782043457 0
5000 True 0.1015625 0.03647255897521973 0
5100 False 0.0 0.0 0
5200 True 0.1328125 0.0187990665435791 0
5300 True 0.109375 0.03574347496032715 0
5400 True 0.109375 0.017461299896240234 0
5500 True 0.1640625 0.0284271240234375 0
5600 False 0.0 0.0 0
5700 True 0.1328125 0.033329010009765625 0
5800 True 0.1484375 0.036036014556884766 0
5900 True 0.03125 0.0258486270904541 0
6000 True 0.0078125 0.02707695960998535 0
6100 True 0.1796875 0.0380101203918457 0
6200 True 0.171875 0.043015480041503906 0
6300 True 0.1484375 0.018528223037719727 0
6400 True 0.1015625 0.022111892700195312 0
6500 True 0.125 0.03125357627868652 0
6600 True 0.078125 0.025469541549682617 0
6700 True 0.03125 0.022935867309570312 0
6800 True 0.0546875 0.030804872512817383 0
6900 True 0.1015625 0.01790452003479004 0
7000 True 0.1171875 0.019753694534301758 0
7100 True 0.109375 0.023674488067626953 0
7200 False 0.0 0.0 0
7300 True 0.046875 0.018358945846557617 0
7400 True 0.09375 0.027792692184448242 0
7500 True 0.171875 0.02076864242553711 0
7600 True 0.109375 0.019039392471313477 0
7700 True 0.15625 0.0391240119934082 0
7800 False 0.0 0.0 0
7900 True 0.0625 0.0283963680267334 0
8000 True 0.1640625 0.023020505905151367 0
8100 True 0.125 0.018978595733642578 0
8200 True 0.1875 0.027141809463500977 0
8300 True 0.1796875 0.03672003746032715 0
8400 True 0.140625 0.036515235900878906 0
8500 True 0.171875 0.04365968704223633 0
8600 True 0.1328125 0.036551713943481445 0
8700 True 0.1484375 0.0364532470703125 0
8800 True 0.15625 0.036310434341430664 0
8900 True 0.15625 0.025984525680541992 0
9000 True 0.171875 0.02442455291748047 0
9100 True 0.1015625 0.01839613914489746 0
9200 True 0.109375 0.027606487274169922 0
9300 True 0.1328125 0.026243209838867188 0
9400 True 0.1015625 0.0186159610748291 0
9500 True 0.1484375 0.025960445404052734 0
9600 False 0.0 0.0 0
9700 True 0.078125 0.025799989700317383 0
9800 True 0.1015625 0.02554464340209961 0
9900 True 0.140625 0.026439905166625977 0
