0 True 0.0859375 0.03878331184387207 0
100 True 0.046875 0.033313751220703125 0
200 True 0.078125 0.03086709976196289 0
300 False 0.0 0.0 0
400 True 0.0703125 0.03298592567443848 0
500 True 0.1015625 0.04351305961608887 0
600 True 0.078125 0.039932966232299805 0
700 True 0.078125 0.04015088081359863 0
800 False 0.0 0.0 0
900 True 0.0546875 0.06310462951660156 0
1000 True 0.046875 0.03772282600402832 0
1100 True 0.109375 0.03196525573730469 0
1200 False 0.0 0.0 0
1300 True 0.046875 0.03924083709716797 0
1400 True 0.109375 0.0396270751953125 0
1500 False 0.0 0.0 0
1600 True 0.0546875 0.03850913047790527 0
1700 True 0.078125 0.041203975677490234 0
1800 True 0.0390625 0.04615020751953125 0
1900 True 0.0859375 0.06037425994873047 0
2000 True 0.0546875 0.04621005058288574 0
2100 True 0.0546875 0.03419375419616699 0
2200 True 0.0 0.0410161018371582 0
2300 True 0.046875 0.062363624572753906 0
2400 False 0.0 0.0 0
2500 False 0.0 0.0 0
2600 True 0.078125 0.032155752182006836 0
2700 True 0.0625 0.03896689414978027 0
2800 True 0.0625 0.05807805061340332 0
2900 True 0.0 0.030385971069335938 0
3000 True 0.078125 0.05162191390991211 0
3100 True 0.015625 0.04108929634094238 0
3200 True 0.0859375 0.04665660858154297 0
3300 True 0.0234375 0.040265798568725586 0
3400 True 0.09375 0.06907153129577637 0
3500 True 0.109375 0.06180310249328613 0
3600 True 0.0546875 0.0452115535736084 0
3700 True 0.09375 0.04077434539794922 0
3800 True 0.0390625 0.039786338806152344 0
3900 True 0.09375 0.03307151794433594 0
4000 False 0.0 0.0 0
4100 True 0.0703125 0.040282249450683594 0
4200 True 0.0859375 0.03551912307739258 0
4300 False 0.0 0.0 0
4400 True 0.0546875 0.059075117111206055 0
4500 False 0.0 0.0 0
4600 True 0.0859375 0.040146589279174805 0
4700 True 0.0625 0.04014921188354492 0
4800 True 0.09375 0.05237770080566406 0
4900 True 0.015625 0.06581449508666992 0
5000 True 0.078125 0.034035444259643555 0
5100 False 0.0 0.0 0
5200 True 0.0703125 0.06326127052307129 0
5300 True 0.078125 0.05985593795776367 0
5400 True 0.0703125 0.06270933151245117 0
5500 True 0.1015625 0.06090736389160156 0
5600 True 0.0546875 0.06001400947570801 0
5700 True 0.0859375 0.06107139587402344 0
5800 True 0.0546875 0.05989813804626465 0
5900 True 0.0859375 0.06319022178649902 0
6000 True 0.0234375 0.04086756706237793 0
6100 True 0.109375 0.06169772148132324 0
6200 True 0.0625 0.06178164482116699 0
6300 True 0.09375 0.06244969367980957 0
6400 True 0.0234375 0.03923797607421875 0
6500 True 0.078125 0.06561684608459473 0
6600 True 0.03125 0.07814145088195801 0
6700 True 0.0078125 0.06014657020568848 0
6800 True 0.0234375 0.061775922775268555 0
6900 True 0.0625 0.03257584571838379 0
7000 True 0.0703125 0.04110145568847656 0
7100 True 0.0546875 0.040410518646240234 0
7200 True 0.0546875 0.06041455268859863 0
7300 True 0.09375 0.061521053314208984 0
7400 True 0.078125 0.030982017517089844 0
7500 True 0.0234375 0.03166818618774414 0
7600 True 0.0859375 0.04063701629638672 0
7700 True 0.03125 0.03291749954223633 0
7800 False 0.0 0.0 0
7900 True 0.09375 0.052605628967285156 0
8000 True 0.0703125 0.07089972496032715 0
8100 True 0.1015625 0.053591012954711914 0
8200 True 0.09375 0.032413482666015625 0
8300 True 0.0859375 0.060137033462524414 0
8400 True 0.109375 0.03885221481323242 0
8500 True 0.125 0.03893709182739258 0
8600 True 0.09375 0.06234097480773926 0
8700 True 0.0703125 0.03969573974609375 0
8800 True 0.125 0.032668113708496094 0
8900 True 0.0859375 0.041571617126464844 0
9000 True 0.09375 0.06538844108581543 0
9100 True 0.0859375 0.06241893768310547 0
9200 True 0.0859375 0.03302574157714844 0
9300 True 0.0859375 0.043211936950683594 0
9400 True 0.046875 0.0330204963684082 0
9500 True 0.046875 0.038619041442871094 0
9600 True 0.046875 0.032021522521972656 0
9700 False 0.0 0.0 0
9800 True 0.0625 0.06160426139831543 0
9900 True 0.046875 0.05989956855773926 0
