0 True 0.0625 0.03910017013549805 0
100 True 0.046875 0.03420233726501465 0
200 True 0.0703125 0.06135272979736328 0
300 True 0.0234375 0.03367900848388672 0
400 True 0.0625 0.03355264663696289 0
500 True 0.09375 0.033156633377075195 0
600 True 0.0625 0.03571677207946777 0
700 True 0.0625 0.04131364822387695 0
800 True 0.046875 0.033593177795410156 0
900 True 0.03125 0.03265547752380371 0
1000 True 0.046875 0.06954813003540039 0
1100 True 0.078125 0.033742666244506836 0
1200 True 0.0078125 0.03935384750366211 0
1300 True 0.046875 0.03502702713012695 0
1400 True 0.0703125 0.05984306335449219 0
1500 False 0.0 0.0 0
1600 True 0.03125 0.03627467155456543 0
1700 True 0.0546875 0.06685256958007812 0
1800 True 0.0546875 0.03952455520629883 0
1900 True 0.0625 0.06422185897827148 0
2000 True 0.046875 0.04269146919250488 0
2100 True 0.0703125 0.04175615310668945 0
2200 True 0.015625 0.060068368911743164 0
2300 True 0.0625 0.04232954978942871 0
2400 True 0.0390625 0.054759979248046875 0
2500 True 0.046875 0.03343987464904785 0
2600 True 0.078125 0.04069709777832031 0
2700 True 0.046875 0.04465985298156738 0
2800 True 0.046875 0.0318446159362793 0
2900 True 0.0546875 0.04006552696228027 0
3000 True 0.0546875 0.05953359603881836 0
3100 True 0.0390625 0.04439139366149902 0
3200 True 0.0859375 0.06420087814331055 0
3300 True 0.0546875 0.04578518867492676 0
3400 True 0.0703125 0.04294395446777344 0
3500 True 0.0859375 0.034275054931640625 0
3600 True 0.0625 0.05684185028076172 0
3700 True 0.078125 0.03483271598815918 0
3800 True 0.0390625 0.06471967697143555 0
3900 True 0.0625 0.035269737243652344 0
4000 True 0.0234375 0.06168341636657715 0
4100 True 0.0703125 0.06264448165893555 0
4200 True 0.0625 0.0554049015045166 0
4300 False 0.0 0.0 0
4400 True 0.03125 0.04203009605407715 0
4500 False 0.0 0.0 0
4600 True 0.078125 0.03362011909484863 0
4700 True 0.0625 0.058496952056884766 0
4800 True 0.0703125 0.04062342643737793 0
4900 True 0.046875 0.03235960006713867 0
5000 True 0.0625 0.04139447212219238 0
5100 True 0.046875 0.04134249687194824 0
5200 True 0.0546875 0.06296014785766602 0
5300 True 0.0625 0.06382417678833008 0
5400 True 0.0625 0.0396425724029541 0
5500 True 0.078125 0.06324958801269531 0
5600 True 0.0 0.0313873291015625 0
5700 True 0.0703125 0.03117537498474121 0
5800 True 0.0546875 0.06313443183898926 0
5900 True 0.0703125 0.040998220443725586 0
6000 True 0.03125 0.033272743225097656 0
6100 True 0.0859375 0.04159998893737793 0
6200 True 0.0703125 0.05843925476074219 0
6300 True 0.0703125 0.04072904586791992 0
6400 True 0.015625 0.0389554500579834 0
6500 True 0.0703125 0.0501554012298584 0
6600 True 0.0390625 0.03343486785888672 0
6700 True 0.046875 0.03308463096618652 0
6800 True 0.0546875 0.062224388122558594 0
6900 True 0.0546875 0.03271675109863281 0
7000 True 0.0546875 0.03322434425354004 0
7100 True 0.0625 0.03415274620056152 0
7200 True 0.046875 0.034677982330322266 0
7300 True 0.0703125 0.03361320495605469 0
7400 True 0.0625 0.03372073173522949 0
7500 True 0.0625 0.03993034362792969 0
7600 True 0.0703125 0.03227686882019043 0
7700 True 0.046875 0.03986096382141113 0
7800 True 0.03125 0.061100006103515625 0
7900 True 0.0546875 0.038991689682006836 0
8000 True 0.078125 0.03493833541870117 0
8100 True 0.078125 0.03370189666748047 0
8200 True 0.0625 0.03175997734069824 0
8300 True 0.078125 0.06163144111633301 0
8400 True 0.0703125 0.06473779678344727 0
8500 True 0.09375 0.04156064987182617 0
8600 True 0.0703125 0.08309745788574219 0
8700 True 0.0625 0.06303524971008301 0
8800 True 0.1015625 0.03325176239013672 0
8900 True 0.0703125 0.06317853927612305 0
9000 True 0.0703125 0.03968071937561035 0
9100 True 0.078125 0.06512737274169922 0
9200 True 0.0703125 0.06433844566345215 0
9300 True 0.0703125 0.03287839889526367 0
9400 True 0.0546875 0.04028129577636719 0
9500 True 0.0625 0.0324101448059082 0
9600 True 0.0625 0.04125642776489258 0
9700 True 0.0390625 0.06264209747314453 0
9800 True 0.046875 0.06195425987243652 0
9900 True 0.0546875 0.042344093322753906 0
