0 True 0.125 0.048027753829956055 0
100 True 0.0859375 0.03894805908203125 0
200 True 0.0625 0.05784440040588379 0
300 True 0.0234375 0.038575172424316406 0
400 True 0.078125 0.039016008377075195 0
500 True 0.1484375 0.037999868392944336 0
600 True 0.125 0.03897571563720703 0
700 True 0.125 0.039893150329589844 0
800 True 0.1484375 0.05610918998718262 0
900 True 0.0546875 0.03834986686706543 0
1000 True 0.109375 0.038229942321777344 0
1100 True 0.1171875 0.0396733283996582 0
1200 True 0.0234375 0.06510710716247559 0
1300 True 0.1640625 0.03817868232727051 0
1400 True 0.125 0.02893352508544922 0
1500 False 0.0 0.0 0
1600 True 0.09375 0.02953958511352539 0
1700 True 0.1171875 0.030716419219970703 0
1800 True 0.0546875 0.03903555870056152 0
1900 True 0.0390625 0.03824114799499512 0
2000 True 0.09375 0.032213449478149414 0
2100 True 0.1328125 0.037630558013916016 0
2200 True 0.0625 0.03925657272338867 0
2300 True 0.0546875 0.03784060478210449 0
2400 True 0.09375 0.05861973762512207 0
2500 True 0.0703125 0.03898930549621582 0
2600 True 0.1953125 0.02978825569152832 0
2700 True 0.109375 0.03939509391784668 0
2800 True 0.1171875 0.02907109260559082 0
2900 True 0.09375 0.03757667541503906 0
3000 True 0.1171875 0.029239654541015625 0
3100 True 0.046875 0.030201196670532227 0
3200 True 0.171875 0.038466691970825195 0
3300 True 0.109375 0.039106130599975586 0
3400 True 0.125 0.038482666015625 0
3500 True 0.1484375 0.037918806076049805 0
3600 True 0.09375 0.03701186180114746 0
3700 True 0.15625 0.06076455116271973 0
3800 True 0.046875 0.0571599006652832 0
3900 True 0.09375 0.039006710052490234 0
4000 True 0.09375 0.05375361442565918 0
4100 True 0.1171875 0.03845548629760742 0
4200 True 0.1171875 0.055767059326171875 0
4300 True 0.0078125 0.029033422470092773 0
4400 True 0.1015625 0.0313572883605957 0
4500 False 0.0 0.0 0
4600 True 0.1328125 0.030670642852783203 0
4700 True 0.1640625 0.03981494903564453 0
4800 True 0.140625 0.0618436336517334 0
4900 True 0.09375 0.03308749198913574 0
5000 True 0.1171875 0.09867358207702637 0
5100 True 0.1171875 0.03818845748901367 0
5200 True 0.1640625 0.03350496292114258 0
5300 True 0.1484375 0.04144930839538574 0
5400 True 0.140625 0.033602237701416016 0
5500 True 0.1875 0.04554462432861328 0
5600 True 0.1171875 0.04772233963012695 0
5700 True 0.125 0.057351112365722656 0
5800 True 0.171875 0.05003619194030762 0
5900 True 0.1484375 0.059175968170166016 0
6000 True 0.125 0.0596461296081543 0
6100 True 0.1953125 0.05990290641784668 0
6200 True 0.171875 0.040746212005615234 0
6300 True 0.15625 0.05877518653869629 0
6400 True 0.09375 0.047449588775634766 0
6500 True 0.125 0.03321099281311035 0
6600 True 0.0703125 0.03829765319824219 0
6700 True 0.109375 0.037992238998413086 0
6800 True 0.1015625 0.030018091201782227 0
6900 True 0.109375 0.038213253021240234 0
7000 True 0.1015625 0.037281036376953125 0
7100 True 0.125 0.03773045539855957 0
7200 True 0.03125 0.055962324142456055 0
7300 True 0.1484375 0.03859663009643555 0
7400 True 0.0546875 0.05694890022277832 0
7500 True 0.125 0.03030681610107422 0
7600 True 0.125 0.03179311752319336 0
7700 True 0.1484375 0.029878616333007812 0
7800 False 0.0 0.0 0
7900 True 0.109375 0.03140902519226074 0
8000 True 0.125 0.041361331939697266 0
8100 True 0.0625 0.029366254806518555 0
8200 True 0.1171875 0.04262852668762207 0
8300 True 0.140625 0.07065033912658691 0
8400 True 0.1640625 0.04361128807067871 0
8500 True 0.171875 0.04099702835083008 0
8600 True 0.109375 0.04891562461853027 0
8700 True 0.1484375 0.03183484077453613 0
8800 True 0.125 0.05817270278930664 0
8900 True 0.140625 0.03083491325378418 0
9000 True 0.125 0.06647658348083496 0
9100 True 0.1484375 0.05941891670227051 0
9200 True 0.1171875 0.04104113578796387 0
9300 True 0.15625 0.05738663673400879 0
9400 True 0.109375 0.03947925567626953 0
9500 True 0.140625 0.058539628982543945 0
9600 True 0.15625 0.038724660873413086 0
9700 True 0.0 0.038040876388549805 0
9800 True 0.09375 0.0636758804321289 0
9900 True 0.09375 0.05880880355834961 0
