0 True 1 0.0401463508605957 0
100 True 0 0.0048673152923583984 0
200 True 0 0.004098176956176758 0
300 False 0 0.0 0
400 True 0 0.0056304931640625 0
500 True 0 0.013078927993774414 0
600 True 0 0.021967172622680664 0
700 False 0 0.0 0
800 True 0 0.004309415817260742 0
900 True 0 0.007616519927978516 0
1000 False 0 0.0 0
1100 True 0 0.004372596740722656 0
1200 False 0 0.0 0
1300 True 0 0.004667520523071289 0
1400 True 1 0.01223301887512207 0
1500 False 0 0.0 0
1600 False 0 0.0 0
1700 True 0 0.014117717742919922 0
1800 False 0 0.0 0
1900 False 0 0.0 0
2000 True 0 0.013200759887695312 0
2100 True 0 0.00449371337890625 0
2200 True 0 0.01294708251953125 0
2300 False 0 0.0 0
2400 False 0 0.0 0
2500 False 0 0.0 0
2600 True 0 0.01262807846069336 0
2700 True 0 0.004412412643432617 0
2800 False 0 0.0 0
2900 False 0 0.0 0
3000 True 0 0.00442957878112793 0
3100 True 0 0.013419866561889648 0
3200 True 0 0.0127716064453125 0
3300 True 0 0.01262664794921875 0
3400 True 1 0.012314081192016602 0
3500 True 0 0.0047032833099365234 0
3600 False 0 0.0 0
3700 True 0 0.013936042785644531 0
3800 True 0 0.012847423553466797 0
3900 True 0 0.013431549072265625 0
4000 False 0 0.0 0
4100 False 0 0.0 0
4200 True 1 0.005232810974121094 0
4300 False 0 0.0 0
4400 True 0 0.020943880081176758 0
4500 True 0 0.013384580612182617 0
4600 True 0 0.004995584487915039 0
4700 True 0 0.004702568054199219 0
4800 True 1 0.013479471206665039 0
4900 True 0 0.006062984466552734 0
5000 True 0 0.01468801498413086 0
5100 True 0 0.015734434127807617 0
5200 True 0 0.012080907821655273 0
5300 True 0 0.013600826263427734 0
5400 False 0 0.0 0
5500 True 1 0.014366865158081055 0
5600 True 0 0.004940509796142578 0
5700 True 0 0.014492034912109375 0
5800 True 0 0.012868642807006836 0
5900 True 1 0.013468027114868164 0
6000 True 1 0.01282358169555664 0
6100 True 0 0.013416767120361328 0
6200 True 0 0.012784719467163086 0
6300 True 1 0.022202253341674805 0
6400 False 0 0.0 0
6500 True 0 0.013248205184936523 0
6600 False 0 0.0 0
6700 True 0 0.005635261535644531 0
6800 True 0 0.012987375259399414 0
6900 True 0 0.009711265563964844 0
7000 True 0 0.005015134811401367 0
7100 False 0 0.0 0
7200 True 0 0.022374868392944336 0
7300 True 1 0.0052525997161865234 0
7400 True 0 0.013074159622192383 0
7500 True 0 0.013152837753295898 0
7600 True 1 0.02542257308959961 0
7700 True 0 0.01443171501159668 0
7800 False 0 0.0 0
7900 False 0 0.0 0
8000 True 0 0.018637418746948242 0
8100 True 1 0.013379096984863281 0
8200 True 1 0.014234304428100586 0
8300 False 0 0.0 0
8400 True 1 0.01373434066772461 0
8500 True 1 0.03457021713256836 0
8600 True 0 0.014236927032470703 0
8700 True 1 0.022668123245239258 0
8800 True 1 0.01416325569152832 0
8900 True 0 0.00546574592590332 0
9000 True 0 0.014617919921875 0
9100 True 0 0.030574321746826172 0
9200 True 0 0.013712644577026367 0
9300 True 1 0.0142669677734375 0
9400 True 0 0.04649233818054199 0
9500 True 1 0.014339685440063477 0
9600 True 0 0.005563020706176758 0
9700 True 0 0.007400989532470703 0
9800 True 0 0.0058155059814453125 0
9900 True 0 0.013307571411132812 0
