0 True 1 0.007539272308349609 0
100 True 0 0.004701852798461914 0
200 True 0 0.004204273223876953 0
300 True 0 0.005188465118408203 0
400 True 0 0.013649463653564453 0
500 True 1 0.013509750366210938 0
600 True 1 0.0045778751373291016 0
700 True 1 0.013568639755249023 0
800 True 1 0.011880874633789062 0
900 True 0 0.012389898300170898 0
1000 True 1 0.013951778411865234 0
1100 True 1 0.004216670989990234 0
1200 True 0 0.012559652328491211 0
1300 True 1 0.004971027374267578 0
1400 True 1 0.02691197395324707 0
1500 False 0 0.0 0
1600 True 0 0.012272357940673828 0
1700 True 1 0.01364898681640625 0
1800 True 0 0.014616727828979492 0
1900 True 0 0.004404544830322266 0
2000 True 0 0.013564586639404297 0
2100 True 1 0.013397932052612305 0
2200 True 0 0.01372218132019043 0
2300 True 0 0.013553380966186523 0
2400 True 0 0.013527631759643555 0
2500 True 0 0.014766693115234375 0
2600 True 1 0.013422727584838867 0
2700 True 1 0.004154205322265625 0
2800 True 1 0.012202978134155273 0
2900 True 0 0.013386726379394531 0
3000 True 1 0.01339578628540039 0
3100 True 0 0.013624429702758789 0
3200 True 1 0.013543367385864258 0
3300 True 1 0.014627456665039062 0
3400 True 1 0.013473272323608398 0
3500 True 1 0.013258695602416992 0
3600 True 0 0.013531684875488281 0
3700 True 1 0.013370037078857422 0
3800 True 0 0.013713836669921875 0
3900 True 0 0.013653039932250977 0
4000 True 0 0.014303445816040039 0
4100 True 1 0.013458490371704102 0
4200 True 1 0.013478994369506836 0
4300 True 0 0.0048944950103759766 0
4400 True 1 0.013037443161010742 0
4500 False 0 0.0 0
4600 True 1 0.01228785514831543 0
4700 True 1 0.012274742126464844 0
4800 True 1 0.012707710266113281 0
4900 True 1 0.013370513916015625 0
5000 True 1 0.012207984924316406 0
5100 True 1 0.012012481689453125 0
5200 True 1 0.012138128280639648 0
5300 True 1 0.012117147445678711 0
5400 True 1 0.004366159439086914 0
5500 True 1 0.013246536254882812 0
5600 True 1 0.004441738128662109 0
5700 True 1 0.013256549835205078 0
5800 True 1 0.028041601181030273 0
5900 True 1 0.013155460357666016 0
6000 True 1 0.013288259506225586 0
6100 True 1 0.0040323734283447266 0
6200 True 1 0.013143777847290039 0
6300 True 1 0.012806415557861328 0
6400 True 0 0.013226032257080078 0
6500 True 1 0.013395071029663086 0
6600 True 0 0.012567520141601562 0
6700 True 1 0.030713558197021484 0
6800 True 1 0.01513671875 0
6900 True 1 0.005448102951049805 0
7000 True 1 0.005571603775024414 0
7100 True 1 0.005088329315185547 0
7200 True 0 0.005498647689819336 0
7300 True 1 0.012089252471923828 0
7400 True 0 0.014888286590576172 0
7500 True 1 0.004670858383178711 0
7600 True 1 0.01311349868774414 0
7700 True 1 0.012367486953735352 0
7800 False 0 0.0 0
7900 True 1 0.013855218887329102 0
8000 True 1 0.004301786422729492 0
8100 True 0 0.0046117305755615234 0
8200 True 1 0.013928890228271484 0
8300 True 1 0.013357162475585938 0
8400 True 1 0.005218505859375 0
8500 True 1 0.004509449005126953 0
8600 True 1 0.014781951904296875 0
8700 True 1 0.012296676635742188 0
8800 True 1 0.012457609176635742 0
8900 True 1 0.01253199577331543 0
9000 True 1 0.013507366180419922 0
9100 True 1 0.014534473419189453 0
9200 True 1 0.013523340225219727 0
9300 True 1 0.013607025146484375 0
9400 True 1 0.013500452041625977 0
9500 True 1 0.013323783874511719 0
9600 True 1 0.01348876953125 0
9700 True 0 0.01519465446472168 0
9800 True 1 0.014483451843261719 0
9900 True 1 0.013632535934448242 0
