0 True 1 3.1113786697387695 0
100 True 1 0.013489484786987305 0
200 True 1 0.028335094451904297 0
300 True 0 0.016348838806152344 0
400 True 1 0.02989673614501953 0
500 True 1 0.014429330825805664 0
600 True 1 0.013284683227539062 0
700 True 1 0.004605770111083984 0
800 True 0 0.012354135513305664 0
900 True 0 0.013714790344238281 0
1000 True 0 0.013588905334472656 0
1100 True 1 0.014405012130737305 0
1200 True 0 0.005102396011352539 0
1300 True 1 0.012379646301269531 0
1400 True 1 0.013773202896118164 0
1500 False 0 0.0 0
1600 True 1 0.013636112213134766 0
1700 True 1 0.012496232986450195 0
1800 False 0 0.0 0
1900 True 1 0.004853725433349609 0
2000 True 1 0.014742851257324219 0
2100 True 1 0.004822492599487305 0
2200 True 1 0.03108525276184082 0
2300 True 1 0.01330709457397461 0
2400 True 1 0.013535737991333008 0
2500 True 0 0.015404462814331055 0
2600 True 1 0.013791799545288086 0
2700 True 1 0.014848709106445312 0
2800 True 1 0.014336347579956055 0
2900 True 1 0.015631437301635742 0
3000 True 1 0.012703418731689453 0
3100 True 1 0.005010843276977539 0
3200 True 1 0.004789113998413086 0
3300 True 1 0.013548851013183594 0
3400 True 1 0.004881143569946289 0
3500 True 1 0.013128519058227539 0
3600 True 1 0.013360023498535156 0
3700 True 1 0.013803482055664062 0
3800 True 1 0.013954877853393555 0
3900 True 1 0.014428138732910156 0
4000 False 0 0.0 0
4100 True 1 0.013363838195800781 0
4200 True 1 0.0044460296630859375 0
4300 False 0 0.0 0
4400 True 1 0.004739284515380859 0
4500 False 0 0.0 0
4600 True 1 0.012396574020385742 0
4700 True 1 0.015923023223876953 0
4800 True 1 0.009298086166381836 0
4900 True 1 0.014768123626708984 0
5000 True 1 0.012754201889038086 0
5100 True 1 0.012591123580932617 0
5200 True 1 0.028616666793823242 0
5300 True 1 0.01241922378540039 0
5400 True 1 0.016843318939208984 0
5500 True 1 0.013618707656860352 0
5600 False 0 0.0 0
5700 True 1 0.01322174072265625 0
5800 True 1 0.012757539749145508 0
5900 True 1 0.012879610061645508 0
6000 True 1 0.012417316436767578 0
6100 True 1 0.014535188674926758 0
6200 True 1 0.013482332229614258 0
6300 True 1 0.012606620788574219 0
6400 True 0 0.004794120788574219 0
6500 True 1 0.007857084274291992 0
6600 True 1 0.012674331665039062 0
6700 True 1 0.032114505767822266 0
6800 True 1 0.012468576431274414 0
6900 True 1 0.013846158981323242 0
7000 True 1 0.01412200927734375 0
7100 True 1 0.015102624893188477 0
7200 True 1 0.012497186660766602 0
7300 True 1 0.019726037979125977 0
7400 True 1 0.014080524444580078 0
7500 True 1 0.014154911041259766 0
7600 True 1 0.004847288131713867 0
7700 True 1 0.01760101318359375 0
7800 False 0 0.0 0
7900 True 0 0.014429569244384766 0
8000 True 1 0.008715391159057617 0
8100 True 1 0.00512385368347168 0
8200 True 1 0.0053980350494384766 0
8300 True 1 0.029046297073364258 0
8400 True 1 0.014127492904663086 0
8500 True 1 0.012405633926391602 0
8600 True 1 0.015257120132446289 0
8700 True 1 0.0056896209716796875 0
8800 True 1 0.01124262809753418 0
8900 True 1 0.012825727462768555 0
9000 True 1 0.014225006103515625 0
9100 True 1 0.013970613479614258 0
9200 True 1 0.005480527877807617 0
9300 True 1 0.00520634651184082 0
9400 True 1 0.006252765655517578 0
9500 True 1 0.014220237731933594 0
9600 True 1 0.031877756118774414 0
9700 False 0 0.0 0
9800 True 1 0.014019250869750977 0
9900 True 1 0.014425516128540039 0
