0 True 0.03125 0.04304695129394531 0
100 True 0.0234375 0.05805063247680664 0
200 True 0.0546875 0.06285643577575684 0
300 True 0.0 0.040776968002319336 0
400 True 0.03125 0.061898231506347656 0
500 True 0.0625 0.042668819427490234 0
600 True 0.03125 0.042594194412231445 0
700 True 0.03125 0.04115772247314453 0
800 True 0.0078125 0.031067848205566406 0
900 True 0.0078125 0.04636359214782715 0
1000 True 0.015625 0.034684181213378906 0
1100 True 0.0390625 0.047002315521240234 0
1200 True 0.0078125 0.04725241661071777 0
1300 True 0.03125 0.03302621841430664 0
1400 True 0.0390625 0.0636453628540039 0
1500 False 0.0 0.0 0
1600 True 0.015625 0.032691001892089844 0
1700 True 0.03125 0.04526185989379883 0
1800 False 0.0 0.0 0
1900 True 0.03125 0.041664838790893555 0
2000 True 0.0234375 0.033945322036743164 0
2100 True 0.0390625 0.03382110595703125 0
2200 True 0.0234375 0.05859255790710449 0
2300 True 0.0234375 0.04075932502746582 0
2400 True 0.0234375 0.04426884651184082 0
2500 True 0.015625 0.0648794174194336 0
2600 True 0.0390625 0.040900230407714844 0
2700 True 0.0234375 0.062363386154174805 0
2800 True 0.0390625 0.04127788543701172 0
2900 True 0.0234375 0.0404508113861084 0
3000 True 0.03125 0.043210744857788086 0
3100 True 0.0234375 0.06142711639404297 0
3200 True 0.046875 0.0709543228149414 0
3300 True 0.03125 0.03972363471984863 0
3400 True 0.03125 0.040712594985961914 0
3500 True 0.046875 0.06316256523132324 0
3600 True 0.03125 0.06119585037231445 0
3700 True 0.0390625 0.04264187812805176 0
3800 True 0.0234375 0.04054975509643555 0
3900 True 0.03125 0.03339052200317383 0
4000 False 0.0 0.0 0
4100 True 0.0234375 0.055037498474121094 0
4200 True 0.03125 0.06260991096496582 0
4300 False 0.0 0.0 0
4400 True 0.015625 0.06261491775512695 0
4500 False 0.0 0.0 0
4600 True 0.0546875 0.0631110668182373 0
4700 True 0.0390625 0.03296661376953125 0
4800 True 0.0390625 0.05637097358703613 0
4900 True 0.03125 0.04113888740539551 0
5000 True 0.03125 0.08679914474487305 0
5100 True 0.015625 0.045922279357910156 0
5200 True 0.03125 0.041300296783447266 0
5300 True 0.0390625 0.04037332534790039 0
5400 True 0.046875 0.04137134552001953 0
5500 True 0.046875 0.06386470794677734 0
5600 False 0.0 0.0 0
5700 True 0.03125 0.06391716003417969 0
5800 True 0.03125 0.06331777572631836 0
5900 True 0.046875 0.0635986328125 0
6000 True 0.015625 0.04799485206604004 0
6100 True 0.0546875 0.06565642356872559 0
6200 True 0.0390625 0.05020737648010254 0
6300 True 0.03125 0.04819917678833008 0
6400 True 0.0 0.04644012451171875 0
6500 True 0.0546875 0.041695594787597656 0
6600 True 0.03125 0.034423112869262695 0
6700 True 0.0234375 0.052077531814575195 0
6800 True 0.03125 0.03345060348510742 0
6900 True 0.0234375 0.03273510932922363 0
7000 True 0.03125 0.03398561477661133 0
7100 True 0.03125 0.03374171257019043 0
7200 True 0.0234375 0.04503321647644043 0
7300 True 0.0390625 0.03470158576965332 0
7400 True 0.0390625 0.04172086715698242 0
7500 True 0.0390625 0.04347825050354004 0
7600 True 0.0390625 0.04123353958129883 0
7700 True 0.03125 0.04222440719604492 0
7800 False 0.0 0.0 0
7900 True 0.0078125 0.05606889724731445 0
8000 True 0.0703125 0.04226064682006836 0
8100 True 0.03125 0.045340538024902344 0
8200 True 0.046875 0.03355050086975098 0
8300 True 0.0546875 0.033303022384643555 0
8400 True 0.0390625 0.042562007904052734 0
8500 True 0.0625 0.04487419128417969 0
8600 True 0.0390625 0.040369510650634766 0
8700 True 0.0390625 0.08550739288330078 0
8800 True 0.0546875 0.0629889965057373 0
8900 True 0.0390625 0.04515361785888672 0
9000 True 0.046875 0.040596961975097656 0
9100 True 0.046875 0.0612635612487793 0
9200 True 0.0390625 0.036573171615600586 0
9300 True 0.0390625 0.03404998779296875 0
9400 True 0.03125 0.03958582878112793 0
9500 True 0.015625 0.03304004669189453 0
9600 True 0.046875 0.0665900707244873 0
9700 False 0.0 0.0 0
9800 True 0.03125 0.033141374588012695 0
9900 True 0.03125 0.06414794921875 0
