0 True 0.09375 0.6370885372161865 0
100 True 0.0703125 0.5723719596862793 0
200 True 0.078125 0.5743415355682373 0
300 True 0.0703125 0.5878252983093262 0
400 True 0.0859375 0.6751892566680908 0
500 True 0.1015625 0.6087801456451416 0
600 True 0.0859375 0.6040914058685303 0
700 True 0.09375 0.6656622886657715 0
800 True 0.0625 0.5893099308013916 0
900 True 0.03125 0.6252801418304443 0
1000 True 0.0703125 0.5816903114318848 0
1100 True 0.09375 0.6062972545623779 0
1200 True 0.046875 0.5666441917419434 0
1300 True 0.0859375 0.5876941680908203 0
1400 True 0.09375 0.6125664710998535 0
1500 True 0.0234375 0.5658891201019287 0
1600 True 0.0625 0.5545079708099365 0
1700 True 0.09375 0.601409912109375 0
1800 True 0.078125 0.5554473400115967 0
1900 True 0.0859375 0.5571985244750977 0
2000 True 0.0703125 0.5812299251556396 0
2100 True 0.0859375 0.5579745769500732 0
2200 True 0.0859375 0.5763850212097168 0
2300 True 0.0859375 0.5657198429107666 0
2400 True 0.078125 0.571810245513916 0
2500 True 0.0859375 0.588038444519043 0
2600 True 0.0859375 0.5851173400878906 0
2700 True 0.0859375 0.512404203414917 0
2800 True 0.0703125 0.5554752349853516 0
2900 True 0.078125 0.7220683097839355 0
3000 True 0.078125 0.5645577907562256 0
3100 True 0.046875 0.48489880561828613 0
3200 True 0.09375 0.758310079574585 0
3300 True 0.078125 0.5514068603515625 0
3400 True 0.09375 0.6168029308319092 0
3500 True 0.09375 0.6713590621948242 0
3600 True 0.09375 0.5594103336334229 0
3700 True 0.09375 0.5730571746826172 0
3800 True 0.078125 0.5849599838256836 0
3900 True 0.0859375 0.5762603282928467 0
4000 True 0.0703125 0.5601456165313721 0
4100 True 0.078125 0.5546324253082275 0
4200 True 0.09375 0.6320827007293701 0
4300 True 0.0546875 0.5862348079681396 0
4400 True 0.0546875 0.519798994064331 0
4500 True 0.0 0.529637336730957 0
4600 True 0.1015625 0.6866393089294434 0
4700 True 0.0859375 0.5581612586975098 0
4800 True 0.09375 0.6054308414459229 0
4900 True 0.078125 0.6013731956481934 0
5000 True 0.0859375 0.5514018535614014 0
5100 True 0.0703125 0.4937407970428467 0
5200 True 0.078125 0.6052370071411133 0
5300 True 0.0859375 0.6334946155548096 0
5400 True 0.0859375 0.5233988761901855 0
5500 True 0.09375 0.6169047355651855 0
5600 True 0.015625 0.5417661666870117 0
5700 True 0.0859375 0.5832858085632324 0
5800 True 0.078125 0.582582950592041 0
5900 True 0.09375 0.5985591411590576 0
6000 True 0.0703125 0.6124136447906494 0
6100 True 0.09375 0.5508854389190674 0
6200 True 0.0859375 0.5361104011535645 0
6300 True 0.0859375 0.6121165752410889 0
6400 True 0.0625 0.5090270042419434 0
6500 True 0.09375 0.5538101196289062 0
6600 True 0.078125 0.5408425331115723 0
6700 True 0.0703125 0.5259709358215332 0
6800 True 0.09375 0.6073520183563232 0
6900 True 0.0859375 0.550147533416748 0
7000 True 0.0859375 0.6102945804595947 0
7100 True 0.0859375 0.5991578102111816 0
7200 True 0.0703125 0.6059777736663818 0
7300 True 0.0859375 0.5470881462097168 0
7400 True 0.0859375 0.5707626342773438 0
7500 True 0.0859375 0.5665988922119141 0
7600 True 0.09375 0.6232523918151855 0
7700 True 0.078125 0.5883874893188477 0
7800 True 0.0546875 0.5927703380584717 0
7900 True 0.0625 0.5542848110198975 0
8000 True 0.0859375 0.5267367362976074 0
8100 True 0.0859375 0.5630919933319092 0
8200 True 0.09375 0.5907630920410156 0
8300 True 0.1015625 0.5648903846740723 0
8400 True 0.0859375 0.5679104328155518 0
8500 True 0.1015625 0.621781587600708 0
8600 True 0.09375 0.5493369102478027 0
8700 True 0.078125 0.5648677349090576 0
8800 True 0.1015625 0.581883430480957 0
8900 True 0.0859375 0.5110459327697754 0
9000 True 0.09375 0.5659358501434326 0
9100 True 0.09375 0.5416598320007324 0
9200 True 0.09375 0.5605885982513428 0
9300 True 0.1015625 0.6028268337249756 0
9400 True 0.0703125 0.5202937126159668 0
9500 True 0.0546875 0.5096175670623779 0
9600 True 0.0859375 0.5723373889923096 0
9700 True 0.0390625 0.5206334590911865 0
9800 True 0.078125 0.5358843803405762 0
9900 True 0.0703125 0.5239524841308594 0
