0 True 0.296875 0.6642093658447266 0
100 True 0.2109375 0.48407578468322754 0
200 True 0.1171875 0.5295746326446533 0
300 True 0.15625 0.49410438537597656 0
400 True 0.25 0.6050784587860107 0
500 True 0.2421875 0.5059828758239746 0
600 True 0.21875 0.48444032669067383 0
700 True 0.2421875 0.4233064651489258 0
800 True 0.1484375 0.650646448135376 0
900 True 0.2265625 0.4736957550048828 0
1000 True 0.2734375 0.6738321781158447 0
1100 True 0.234375 0.5036389827728271 0
1200 True 0.140625 0.5386373996734619 0
1300 True 0.2421875 0.4633474349975586 0
1400 True 0.2109375 0.6560955047607422 0
1500 False 0.0 0.0 0
1600 True 0.015625 0.53855299949646 0
1700 True 0.2578125 0.5858423709869385 0
1800 True 0.1640625 0.4805285930633545 0
1900 True 0.140625 0.5417575836181641 0
2000 True 0.171875 0.4806082248687744 0
2100 True 0.2734375 0.5402190685272217 0
2200 True 0.140625 0.5759596824645996 0
2300 True 0.25 0.5636823177337646 0
2400 True 0.2265625 0.5196475982666016 0
2500 True 0.2265625 0.480865478515625 0
2600 True 0.2421875 0.5885219573974609 0
2700 True 0.28125 0.728351354598999 0
2800 True 0.1484375 0.49448561668395996 0
2900 True 0.1953125 0.4887852668762207 0
3000 True 0.2421875 0.5388312339782715 0
3100 True 0.171875 0.6278746128082275 0
3200 True 0.234375 0.48595166206359863 0
3300 True 0.28125 0.617790937423706 0
3400 True 0.296875 0.5407342910766602 0
3500 True 0.2578125 0.5224363803863525 0
3600 True 0.265625 0.5324218273162842 0
3700 True 0.1796875 0.6035239696502686 0
3800 True 0.203125 0.4850778579711914 0
3900 True 0.21875 0.5471804141998291 0
4000 True 0.1953125 0.5127274990081787 0
4100 True 0.1640625 0.5316259860992432 0
4200 True 0.2421875 0.4985685348510742 0
4300 False 0.0 0.0 0
4400 True 0.1875 0.5125846862792969 0
4500 False 0.0 0.0 0
4600 True 0.296875 0.5303001403808594 0
4700 True 0.2265625 0.5197186470031738 0
4800 True 0.2734375 0.5429484844207764 0
4900 True 0.2421875 0.598109245300293 0
5000 True 0.21875 0.476809024810791 0
5100 True 0.1640625 0.5025296211242676 0
5200 True 0.203125 0.5065600872039795 0
5300 True 0.25 0.52225661277771 0
5400 True 0.234375 0.4779837131500244 0
5500 True 0.28125 0.7975881099700928 0
5600 False 0.0 0.0 0
5700 True 0.2578125 0.6015849113464355 0
5800 True 0.2890625 0.5206298828125 0
5900 True 0.2578125 0.525977611541748 0
6000 True 0.1875 0.5346946716308594 0
6100 True 0.234375 0.5227208137512207 0
6200 True 0.2265625 0.46488070487976074 0
6300 True 0.25 0.6247508525848389 0
6400 True 0.125 0.5391840934753418 0
6500 True 0.25 0.5385959148406982 0
6600 True 0.109375 0.5507776737213135 0
6700 True 0.203125 0.4972188472747803 0
6800 True 0.2578125 0.5126042366027832 0
6900 True 0.25 0.6535444259643555 0
7000 True 0.296875 0.5347592830657959 0
7100 True 0.203125 0.4776482582092285 0
7200 True 0.2109375 0.49718713760375977 0
7300 True 0.296875 0.47959375381469727 0
7400 True 0.2421875 0.4181997776031494 0
7500 True 0.2421875 0.4292030334472656 0
7600 True 0.2578125 0.5115721225738525 0
7700 True 0.2421875 0.498215913772583 0
7800 True 0.0703125 0.5614829063415527 0
7900 True 0.09375 0.5030989646911621 0
8000 True 0.2265625 0.5043528079986572 0
8100 True 0.1796875 0.4988586902618408 0
8200 True 0.28125 0.523651123046875 0
8300 True 0.296875 0.5242772102355957 0
8400 True 0.28125 0.5482852458953857 0
8500 True 0.296875 0.6713409423828125 0
8600 True 0.2421875 0.6702885627746582 0
8700 True 0.2890625 0.551964521408081 0
8800 True 0.296875 0.8400435447692871 0
8900 True 0.234375 0.5190298557281494 0
9000 True 0.2734375 0.572746992111206 0
9100 True 0.28125 0.5092158317565918 0
9200 True 0.2578125 0.5013449192047119 0
9300 True 0.296875 0.5236380100250244 0
9400 True 0.1015625 0.5295755863189697 0
9500 True 0.1953125 0.5267910957336426 0
9600 True 0.15625 0.5496644973754883 0
9700 False 0.0 0.0 0
9800 True 0.1875 0.4828469753265381 0
9900 True 0.1953125 0.5481407642364502 0
