0 True 0 3.7519919872283936 0
100 True 0 3.980909585952759 0
200 True 0 3.8524158000946045 0
300 True 0 3.8743813037872314 0
400 True 0 3.8262391090393066 0
500 True 0 3.686089038848877 0
600 True 0 3.800165891647339 0
700 True 0 3.7981908321380615 0
800 True 0 3.7097079753875732 0
900 True 0 3.781582832336426 0
1000 True 0 3.815004825592041 0
1100 True 0 3.636873722076416 0
1200 True 0 3.6534931659698486 0
1300 True 0 3.6772232055664062 0
1400 True 0 3.686622142791748 0
1500 True 0 3.7966880798339844 0
1600 True 0 3.6784157752990723 0
1700 True 0 3.725468158721924 0
1800 True 0 3.647711992263794 0
1900 True 0 4.078832387924194 0
2000 True 0 3.6940484046936035 0
2100 True 0 3.974240303039551 0
2200 True 0 3.667020082473755 0
2300 True 0 3.7009060382843018 0
2400 True 0 3.8628039360046387 0
2500 True 0 3.6597859859466553 0
2600 True 0 3.714777946472168 0
2700 True 0 3.6767578125 0
2800 True 0 3.672797203063965 0
2900 True 0 4.342838764190674 0
3000 True 0 3.7940120697021484 0
3100 True 0 3.798976421356201 0
3200 True 0 3.6557881832122803 0
3300 True 0 3.924652338027954 0
3400 True 0 3.6465213298797607 0
3500 True 0 3.8732566833496094 0
3600 True 0 3.7210001945495605 0
3700 True 0 3.739642858505249 0
3800 True 0 3.8003005981445312 0
3900 True 0 3.655431032180786 0
4000 True 0 3.720909833908081 0
4100 True 0 3.7875068187713623 0
4200 True 0 3.6541733741760254 0
4300 True 0 3.7246830463409424 0
4400 True 0 3.656280040740967 0
4500 True 0 3.7644598484039307 0
4600 True 0 3.744199514389038 0
4700 True 0 3.7512693405151367 0
4800 True 0 3.7147982120513916 0
4900 True 0 4.081791639328003 0
5000 True 0 3.7161967754364014 0
5100 True 0 3.773315906524658 0
5200 True 0 3.705594778060913 0
5300 True 0 3.5964252948760986 0
5400 True 0 3.7370243072509766 0
5500 True 0 3.7390923500061035 0
5600 True 0 3.7530672550201416 0
5700 True 0 3.6743929386138916 0
5800 True 0 3.673823833465576 0
5900 True 0 3.8914566040039062 0
6000 True 0 3.7336020469665527 0
6100 True 0 3.699388265609741 0
6200 True 0 3.749138593673706 0
6300 True 0 3.7218267917633057 0
6400 True 0 3.699709415435791 0
6500 True 0 3.6821742057800293 0
6600 True 0 3.7313036918640137 0
6700 True 0 3.785343647003174 0
6800 True 0 3.787278890609741 0
6900 True 0 3.8841769695281982 0
7000 True 0 3.5969860553741455 0
7100 True 0 3.644227981567383 0
7200 True 0 3.8803517818450928 0
7300 True 0 3.595428466796875 0
7400 True 0 3.686687469482422 0
7500 True 0 3.6454286575317383 0
7600 True 0 3.5726606845855713 0
7700 True 0 3.581956386566162 0
7800 True 0 3.7765393257141113 0
7900 True 0 3.6490635871887207 0
8000 True 0 3.611253023147583 0
8100 True 0 3.6500606536865234 0
8200 True 0 3.8154873847961426 0
8300 True 0 3.7690305709838867 0
8400 True 0 3.739907741546631 0
8500 True 0 3.733999729156494 0
8600 True 0 3.7747559547424316 0
8700 True 0 3.9606966972351074 0
8800 True 0 3.791114568710327 0
8900 True 0 3.761678457260132 0
9000 True 0 3.7181713581085205 0
9100 True 0 3.729114532470703 0
9200 True 0 3.6796164512634277 0
9300 True 0 3.72676157951355 0
9400 True 0 3.7686259746551514 0
9500 True 0 3.9628796577453613 0
9600 True 0 3.7980170249938965 0
9700 True 0 3.7634201049804688 0
9800 True 0 3.7384729385375977 0
9900 True 0 3.771127939224243 0
