0 True 0 3.9535973072052 0
100 True 0 3.9795475006103516 0
200 True 0 3.9339821338653564 0
300 True 0 4.225806713104248 0
400 True 0 4.041459083557129 0
500 True 0 3.8884968757629395 0
600 True 0 3.91499662399292 0
700 True 0 4.068828821182251 0
800 True 0 3.8607215881347656 0
900 True 0 4.030196905136108 0
1000 True 0 4.111380338668823 0
1100 True 0 3.9514353275299072 0
1200 True 0 3.848402500152588 0
1300 True 0 3.985877513885498 0
1400 True 0 3.9570486545562744 0
1500 True 0 4.124315023422241 0
1600 True 0 3.9195079803466797 0
1700 True 0 3.8861992359161377 0
1800 True 0 3.7859721183776855 0
1900 True 0 3.83988356590271 0
2000 True 0 3.936007022857666 0
2100 True 0 3.8055295944213867 0
2200 True 0 3.958805799484253 0
2300 True 0 4.179336786270142 0
2400 True 0 4.06883430480957 0
2500 True 0 3.9027011394500732 0
2600 True 0 3.805340528488159 0
2700 True 0 3.8936662673950195 0
2800 True 0 4.186455249786377 0
2900 True 0 3.88948392868042 0
3000 True 0 3.949857473373413 0
3100 True 0 4.053396940231323 0
3200 True 0 3.8043100833892822 0
3300 True 0 3.979193687438965 0
3400 True 0 3.8417558670043945 0
3500 True 0 4.0533952713012695 0
3600 True 0 3.922816514968872 0
3700 True 0 4.029862642288208 0
3800 True 0 4.040544748306274 0
3900 True 0 4.174034357070923 0
4000 True 0 3.9190967082977295 0
4100 True 0 3.8293685913085938 0
4200 True 0 3.9494407176971436 0
4300 True 0 3.871589422225952 0
4400 True 0 3.8656206130981445 0
4500 True 0 3.9210011959075928 0
4600 True 0 4.064136743545532 0
4700 True 0 3.8795740604400635 0
4800 True 0 4.214749336242676 0
4900 True 0 3.9377942085266113 0
5000 True 0 3.9479446411132812 0
5100 True 0 4.1495935916900635 0
5200 True 0 3.9890799522399902 0
5300 True 0 4.015777349472046 0
5400 True 0 3.8576128482818604 0
5500 True 0 3.8050694465637207 0
5600 True 0 4.028551816940308 0
5700 True 0 3.8163158893585205 0
5800 True 0 4.1151123046875 0
5900 True 0 4.04216456413269 0
6000 True 0 4.2511560916900635 0
6100 True 0 4.142368316650391 0
6200 True 0 4.121997833251953 0
6300 True 0 3.9543960094451904 0
6400 True 0 4.0991051197052 0
6500 True 0 3.9688892364501953 0
6600 True 0 3.872835397720337 0
6700 True 0 3.8870978355407715 0
6800 True 0 4.03147292137146 0
6900 True 0 4.0091392993927 0
7000 True 0 4.11835241317749 0
7100 True 0 3.810196876525879 0
7200 True 0 3.820906639099121 0
7300 True 0 4.996313810348511 0
7400 True 0 4.431659698486328 0
7500 True 0 4.082016468048096 0
7600 True 0 4.547675848007202 0
7700 True 0 4.075283527374268 0
7800 True 0 3.9771125316619873 0
7900 True 0 4.1076500415802 0
8000 True 0 4.114865303039551 0
8100 True 0 3.9312455654144287 0
8200 True 0 3.7753305435180664 0
8300 True 0 3.7207489013671875 0
8400 True 0 4.0014684200286865 0
8500 True 0 4.002867698669434 0
8600 True 0 3.9932138919830322 0
8700 True 0 3.8386826515197754 0
8800 True 0 3.8671889305114746 0
8900 True 0 3.9950950145721436 0
9000 True 0 4.175304174423218 0
9100 True 0 3.919828414916992 0
9200 True 0 3.9074912071228027 0
9300 True 0 4.067432403564453 0
9400 True 0 4.24471640586853 0
9500 True 0 3.8059027194976807 0
9600 True 0 3.89961838722229 0
9700 True 0 3.914000988006592 0
9800 True 0 3.9172816276550293 0
9900 True 0 3.979221820831299 0
