0 True 0.1875 19.980588674545288 0
100 True 0.1640625 19.852824211120605 0
200 True 0.109375 19.35670804977417 0
300 True 0.1796875 19.60456132888794 0
400 True 0.203125 19.85939931869507 0
500 True 0.203125 19.97467350959778 0
600 True 0.2109375 19.879427194595337 0
700 True 0.1953125 19.753984451293945 0
800 True 0.1796875 19.402989149093628 0
900 False 0.0 0.0 0
1000 True 0.1953125 19.72659468650818 0
1100 True 0.1484375 19.59138059616089 0
1200 True 0.015625 19.487729787826538 0
1300 True 0.1875 19.913405418395996 0
1400 True 0.2109375 19.729625463485718 0
1500 True 0.1015625 19.37923288345337 0
1600 True 0.109375 19.440078020095825 0
1700 True 0.1953125 19.694713592529297 0
1800 True 0.1328125 19.763304233551025 0
1900 True 0.171875 19.996904850006104 0
2000 True 0.1328125 21.818883180618286 0
2100 True 0.21875 19.540847063064575 0
2200 True 0.125 20.44877600669861 0
2300 True 0.1875 19.657995223999023 0
2400 True 0.171875 19.676033973693848 0
2500 True 0.1875 19.631823301315308 0
2600 True 0.2109375 19.56593680381775 0
2700 True 0.15625 19.81253933906555 0
2800 True 0.0859375 19.508083820343018 0
2900 True 0.125 19.94707202911377 0
3000 True 0.2265625 20.00909399986267 0
3100 True 0.1796875 19.84018635749817 0
3200 True 0.1796875 19.628886461257935 0
3300 True 0.15625 19.5440354347229 0
3400 True 0.234375 19.632782697677612 0
3500 True 0.2421875 20.692601203918457 0
3600 True 0.1953125 20.502027988433838 0
3700 True 0.1953125 19.95849919319153 0
3800 True 0.15625 19.614898443222046 0
3900 True 0.1640625 19.501893997192383 0
4000 True 0.2265625 19.856536388397217 0
4100 True 0.140625 19.717241764068604 0
4200 True 0.109375 19.437192678451538 0
4300 True 0.015625 19.7178316116333 0
4400 True 0.0859375 19.5365731716156 0
4500 False 0.0 0.0 0
4600 True 0.234375 19.69780969619751 0
4700 True 0.171875 19.617528676986694 0
4800 True 0.2109375 19.674190044403076 0
4900 True 0.171875 19.88952898979187 0
5000 True 0.1328125 19.7890727519989 0
5100 True 0.1015625 19.64759612083435 0
5200 True 0.1875 20.039602518081665 0
5300 True 0.234375 19.430019855499268 0
5400 True 0.1640625 19.63870334625244 0
5500 True 0.2421875 19.659817934036255 0
5600 True 0.1875 19.488162994384766 0
5700 True 0.1953125 19.71093988418579 0
5800 True 0.21875 19.600522994995117 0
5900 True 0.2421875 19.763157606124878 0
6000 True 0.1953125 19.51887083053589 0
6100 True 0.140625 19.454808950424194 0
6200 True 0.2265625 19.910459280014038 0
6300 True 0.2109375 19.542444705963135 0
6400 True 0.1015625 19.941177368164062 0
6500 True 0.203125 19.730035066604614 0
6600 True 0.1328125 19.782692432403564 0
6700 True 0.1484375 19.72914719581604 0
6800 True 0.21875 19.615467071533203 0
6900 True 0.2421875 19.6597421169281 0
7000 True 0.234375 19.564653635025024 0
7100 True 0.125 19.545669078826904 0
7200 True 0.1640625 20.994993448257446 0
7300 True 0.2421875 21.527430534362793 0
7400 True 0.1484375 21.930240392684937 0
7500 True 0.15625 22.229419708251953 0
7600 True 0.234375 23.084585905075073 0
7700 True 0.15625 24.2918119430542 0
7800 True 0.1640625 21.988754749298096 0
7900 True 0.171875 22.033579349517822 0
8000 True 0.171875 21.01283574104309 0
8100 True 0.1796875 20.031728982925415 0
8200 True 0.2265625 19.852777242660522 0
8300 True 0.2109375 19.62756896018982 0
8400 True 0.1953125 19.907166957855225 0
8500 True 0.21875 19.514631986618042 0
8600 True 0.21875 19.6403489112854 0
8700 True 0.2265625 19.43333888053894 0
8800 True 0.28125 20.00053310394287 0
8900 True 0.2421875 19.649115562438965 0
9000 True 0.1796875 19.598698139190674 0
9100 True 0.171875 19.637765645980835 0
9200 True 0.2421875 19.90057134628296 0
9300 True 0.21875 19.453470706939697 0
9400 True 0.171875 19.41384482383728 0
9500 True 0.0390625 19.70561122894287 0
9600 True 0.078125 19.723788022994995 0
9700 True 0.078125 19.629139184951782 0
9800 True 0.203125 20.079704761505127 0
9900 True 0.140625 19.599955797195435 0
