0 True 0.1640625 20.238787412643433 0
100 True 0.171875 19.962820291519165 0
200 True 0.1328125 19.73234248161316 0
300 True 0.15625 19.710667848587036 0
400 True 0.1484375 20.209965467453003 0
500 True 0.1875 20.60749912261963 0
600 True 0.171875 19.990092039108276 0
700 True 0.1875 20.66607165336609 0
800 True 0.125 19.965084075927734 0
900 True 0.09375 19.468790769577026 0
1000 True 0.1484375 19.897683143615723 0
1100 True 0.140625 19.69993543624878 0
1200 True 0.109375 20.050598621368408 0
1300 True 0.171875 20.119794368743896 0
1400 True 0.1640625 20.249253034591675 0
1500 True 0.046875 20.008389234542847 0
1600 True 0.0859375 20.192944288253784 0
1700 True 0.171875 20.087859869003296 0
1800 True 0.15625 19.75748300552368 0
1900 True 0.0859375 19.894055128097534 0
2000 True 0.140625 20.292875289916992 0
2100 True 0.1875 20.738588571548462 0
2200 True 0.171875 20.201256036758423 0
2300 True 0.1640625 20.0398588180542 0
2400 True 0.1484375 19.878981113433838 0
2500 True 0.1640625 19.912954330444336 0
2600 True 0.1796875 19.818652153015137 0
2700 True 0.140625 19.91300058364868 0
2800 True 0.1328125 20.28729796409607 0
2900 True 0.1328125 20.413960218429565 0
3000 True 0.140625 20.178945302963257 0
3100 True 0.1328125 20.24389147758484 0
3200 True 0.15625 20.081227779388428 0
3300 True 0.125 20.178361415863037 0
3400 True 0.1875 20.69695210456848 0
3500 True 0.15625 19.759552717208862 0
3600 True 0.1328125 19.961065530776978 0
3700 True 0.1875 21.11631727218628 0
3800 True 0.1640625 19.86883020401001 0
3900 True 0.1484375 19.86723303794861 0
4000 True 0.0859375 19.832571029663086 0
4100 True 0.1171875 19.733550548553467 0
4200 True 0.15625 19.9562828540802 0
4300 True 0.0078125 19.832021951675415 0
4400 True 0.1015625 20.022413969039917 0
4500 False 0.0 0.0 0
4600 True 0.1953125 20.970688581466675 0
4700 True 0.1328125 19.81091284751892 0
4800 True 0.1875 20.9627947807312 0
4900 True 0.1328125 19.72997760772705 0
5000 True 0.1484375 19.98105216026306 0
5100 True 0.1328125 20.06745672225952 0
5200 True 0.1796875 19.92462658882141 0
5300 True 0.1796875 20.196195125579834 0
5400 True 0.171875 20.71730351448059 0
5500 True 0.1953125 20.599913835525513 0
5600 True 0.1015625 19.600731372833252 0
5700 True 0.171875 20.217907667160034 0
5800 True 0.15625 20.02917504310608 0
5900 True 0.1875 20.911641836166382 0
6000 True 0.15625 19.976688861846924 0
6100 True 0.1640625 20.102399587631226 0
6200 True 0.140625 20.201716423034668 0
6300 True 0.1796875 20.09988021850586 0
6400 True 0.15625 19.70231342315674 0
6500 True 0.1796875 20.21304702758789 0
6600 True 0.09375 19.791394233703613 0
6700 True 0.109375 19.641612768173218 0
6800 True 0.1796875 19.883365869522095 0
6900 True 0.1875 21.44924545288086 0
7000 True 0.171875 19.713662147521973 0
7100 True 0.0625 19.73515009880066 0
7200 True 0.09375 19.870632886886597 0
7300 True 0.1640625 19.860851287841797 0
7400 True 0.1640625 19.922685861587524 0
7500 True 0.140625 20.070472717285156 0
7600 True 0.1875 20.689247846603394 0
7700 True 0.1484375 20.024863243103027 0
7800 True 0.15625 20.084259271621704 0
7900 True 0.140625 19.772267818450928 0
8000 True 0.140625 19.89288640022278 0
8100 True 0.1875 21.002345085144043 0
8200 True 0.1875 20.4721257686615 0
8300 True 0.1875 20.986714601516724 0
8400 True 0.1796875 20.12567663192749 0
8500 True 0.1796875 20.024601697921753 0
8600 True 0.1796875 19.718077898025513 0
8700 True 0.171875 19.982829570770264 0
8800 True 0.1953125 20.671094179153442 0
8900 True 0.1875 20.693041801452637 0
9000 True 0.140625 19.764235973358154 0
9100 True 0.1875 20.99214506149292 0
9200 True 0.1875 20.976435899734497 0
9300 True 0.1875 20.859809398651123 0
9400 True 0.078125 19.87610626220703 0
9500 True 0.1015625 20.052971124649048 0
9600 True 0.171875 19.9425847530365 0
9700 True 0.078125 19.795846700668335 0
9800 True 0.1328125 20.10278034210205 0
9900 True 0.1484375 20.25330400466919 0
