0 True 1 3.309285879135132 0
100 True 1 3.5478248596191406 0
200 True 1 3.527465581893921 0
300 True 1 3.305948495864868 0
400 True 1 3.3124988079071045 0
500 True 1 3.4831762313842773 0
600 True 1 3.3694095611572266 0
700 True 1 3.221092939376831 0
800 True 1 3.5070245265960693 0
900 True 0 3.2504167556762695 0
1000 True 1 3.262939453125 0
1100 True 1 3.5317790508270264 0
1200 True 1 3.1485090255737305 0
1300 True 1 3.4649667739868164 0
1400 True 1 3.2606632709503174 0
1500 True 0 3.3078813552856445 0
1600 True 0 3.278191566467285 0
1700 True 1 3.2813072204589844 0
1800 True 1 3.292280673980713 0
1900 True 0 3.3256633281707764 0
2000 True 1 3.549783706665039 0
2100 True 1 3.5692052841186523 0
2200 True 1 3.6233510971069336 0
2300 True 1 3.261021375656128 0
2400 True 1 3.377429723739624 0
2500 True 1 3.2669601440429688 0
2600 True 1 3.3180832862854004 0
2700 True 1 3.197934627532959 0
2800 True 1 3.2866759300231934 0
2900 True 1 3.2945058345794678 0
3000 True 1 3.1575286388397217 0
3100 True 1 3.259981870651245 0
3200 True 1 3.171283483505249 0
3300 True 1 3.1879868507385254 0
3400 True 1 3.2500386238098145 0
3500 True 1 3.3206069469451904 0
3600 True 1 3.1715292930603027 0
3700 True 1 3.218413829803467 0
3800 True 1 3.245061159133911 0
3900 True 1 3.1308577060699463 0
4000 True 0 3.328979730606079 0
4100 True 1 3.3472962379455566 0
4200 True 1 3.3282217979431152 0
4300 True 0 3.203997850418091 0
4400 True 1 3.955263614654541 0
4500 False 0 0.0 0
4600 True 1 3.3468286991119385 0
4700 True 1 3.898266553878784 0
4800 True 1 3.2716236114501953 0
4900 True 1 3.432973861694336 0
5000 True 1 3.3018651008605957 0
5100 True 1 3.30309796333313 0
5200 True 1 3.256204605102539 0
5300 True 1 3.231362819671631 0
5400 True 1 3.2820985317230225 0
5500 True 1 3.2569947242736816 0
5600 True 1 3.2109432220458984 0
5700 True 1 3.1961047649383545 0
5800 True 1 3.2368099689483643 0
5900 True 1 3.301547050476074 0
6000 True 1 3.424666404724121 0
6100 True 1 3.2377045154571533 0
6200 True 1 3.2893624305725098 0
6300 True 1 3.214629888534546 0
6400 True 1 3.1839144229888916 0
6500 True 1 3.5422370433807373 0
6600 True 1 3.360323429107666 0
6700 True 1 3.323716163635254 0
6800 True 1 3.208549976348877 0
6900 True 1 3.2772328853607178 0
7000 True 1 3.1967461109161377 0
7100 True 0 3.1938929557800293 0
7200 True 1 3.2042179107666016 0
7300 True 1 3.2353079319000244 0
7400 True 1 3.198988914489746 0
7500 True 1 3.3329010009765625 0
7600 True 1 3.6179280281066895 0
7700 True 1 3.1734840869903564 0
7800 True 1 3.1998636722564697 0
7900 True 1 3.2146360874176025 0
8000 True 1 3.2981815338134766 0
8100 True 1 3.247305154800415 0
8200 True 1 3.2100720405578613 0
8300 True 1 3.264869451522827 0
8400 True 1 3.309187889099121 0
8500 True 1 3.191638708114624 0
8600 True 1 3.245993137359619 0
8700 True 1 3.604682445526123 0
8800 True 1 3.395352363586426 0
8900 True 1 3.331324577331543 0
9000 True 1 3.239622116088867 0
9100 True 1 3.2148849964141846 0
9200 True 1 3.290475368499756 0
9300 True 1 3.217094898223877 0
9400 True 0 3.2980496883392334 0
9500 True 1 3.263942003250122 0
9600 True 1 3.2297637462615967 0
9700 True 0 3.298753261566162 0
9800 True 1 3.368523359298706 0
9900 True 1 3.451906681060791 0
