0 True 1 10.932189226150513 0
100 True 1 3.9185688495635986 0
200 True 1 3.8214690685272217 0
300 True 1 4.025485277175903 0
400 True 1 4.05853533744812 0
500 True 1 3.977977752685547 0
600 True 1 3.7818806171417236 0
700 True 1 4.077625751495361 0
800 True 1 3.8116846084594727 0
900 True 0 3.878502607345581 0
1000 True 1 3.7374961376190186 0
1100 True 1 3.6842586994171143 0
1200 True 0 4.057188034057617 0
1300 True 1 4.004666566848755 0
1400 True 1 3.8672592639923096 0
1500 True 0 3.957019805908203 0
1600 True 1 3.919044017791748 0
1700 True 1 3.976810932159424 0
1800 True 1 3.9730606079101562 0
1900 True 1 3.8368797302246094 0
2000 True 1 4.356005430221558 0
2100 True 1 4.06167459487915 0
2200 True 1 4.307875633239746 0
2300 True 1 3.808298349380493 0
2400 True 1 3.718400001525879 0
2500 True 1 4.318237781524658 0
2600 True 1 3.7862796783447266 0
2700 True 1 3.2513465881347656 0
2800 True 1 4.238624811172485 0
2900 True 1 4.141043663024902 0
3000 True 1 3.8412792682647705 0
3100 True 0 3.931983709335327 0
3200 True 1 3.9021072387695312 0
3300 True 1 3.923135995864868 0
3400 True 1 3.8914380073547363 0
3500 True 1 3.994497537612915 0
3600 True 1 4.157228231430054 0
3700 True 1 3.7186458110809326 0
3800 True 1 3.8982653617858887 0
3900 True 1 3.6687686443328857 0
4000 True 0 3.8551721572875977 0
4100 True 0 3.6548256874084473 0
4200 True 1 3.945171594619751 0
4300 True 0 3.8933491706848145 0
4400 True 1 3.877368211746216 0
4500 True 0 3.9602677822113037 0
4600 True 1 4.013932228088379 0
4700 True 1 3.8956291675567627 0
4800 True 1 3.8965911865234375 0
4900 True 1 3.796496629714966 0
5000 True 1 3.8761391639709473 0
5100 True 1 3.8571131229400635 0
5200 True 1 4.330858469009399 0
5300 True 1 3.896747350692749 0
5400 True 1 3.854647397994995 0
5500 True 1 4.024976491928101 0
5600 True 0 3.832944393157959 0
5700 True 1 3.785090208053589 0
5800 True 1 4.010302543640137 0
5900 True 1 4.067579030990601 0
6000 True 1 3.858362913131714 0
6100 True 1 3.8367855548858643 0
6200 True 1 4.04878044128418 0
6300 True 1 3.8338844776153564 0
6400 True 1 4.039780378341675 0
6500 True 1 3.83459210395813 0
6600 True 1 3.983797788619995 0
6700 True 1 4.301917791366577 0
6800 True 1 4.019869089126587 0
6900 True 1 3.939276933670044 0
7000 True 0 3.9834096431732178 0
7100 True 1 3.7918028831481934 0
7200 True 1 3.810879707336426 0
7300 True 1 3.9774465560913086 0
7400 True 1 3.8174686431884766 0
7500 True 1 3.959437370300293 0
7600 True 1 3.951564073562622 0
7700 True 1 3.777448892593384 0
7800 True 1 3.782766342163086 0
7900 True 0 3.981604814529419 0
8000 True 1 3.8624255657196045 0
8100 True 1 4.308004379272461 0
8200 True 1 3.8824028968811035 0
8300 True 1 3.879256010055542 0
8400 True 1 3.9161694049835205 0
8500 True 1 4.06804347038269 0
8600 True 1 3.8578429222106934 0
8700 True 1 4.064412832260132 0
8800 True 1 3.8205912113189697 0
8900 True 1 3.9468863010406494 0
9000 True 1 3.9317541122436523 0
9100 True 1 3.891930341720581 0
9200 True 1 3.8403146266937256 0
9300 True 1 3.839376449584961 0
9400 True 1 3.9526398181915283 0
9500 True 1 3.9606595039367676 0
9600 True 1 3.9182825088500977 0
9700 True 0 4.0364906787872314 0
9800 True 1 3.8379456996917725 0
9900 True 1 3.9620437622070312 0
