0 True 0.0234375 24.51421809196472 0
100 True 0.0234375 24.954822301864624 0
200 True 0.0390625 24.803515195846558 0
300 True 0.015625 24.432422161102295 0
400 True 0.03125 24.88125777244568 0
500 True 0.0546875 24.868682384490967 0
600 True 0.03125 24.76919460296631 0
700 True 0.0234375 25.31311821937561 0
800 True 0.0234375 25.20443296432495 0
900 True 0.0 24.916609525680542 0
1000 True 0.015625 24.246286153793335 0
1100 True 0.03125 24.446388721466064 0
1200 True 0.015625 24.862491846084595 0
1300 True 0.0234375 25.072444200515747 0
1400 True 0.03125 24.780271291732788 0
1500 True 0.0 21.987029552459717 0
1600 True 0.015625 25.002280473709106 0
1700 True 0.0390625 24.892592191696167 0
1800 True 0.0234375 24.769827365875244 0
1900 True 0.0234375 24.185699224472046 0
2000 True 0.015625 24.781329870224 0
2100 True 0.03125 24.495296478271484 0
2200 True 0.03125 25.227471113204956 0
2300 True 0.0390625 23.513335466384888 0
2400 True 0.03125 23.713191032409668 0
2500 True 0.0234375 25.44612693786621 0
2600 True 0.03125 24.283140182495117 0
2700 True 0.015625 24.81175708770752 0
2800 True 0.0234375 23.610442399978638 0
2900 True 0.03125 24.757001638412476 0
3000 True 0.015625 25.101593017578125 0
3100 True 0.0 23.729979991912842 0
3200 True 0.03125 25.080541372299194 0
3300 True 0.03125 25.310059309005737 0
3400 True 0.0234375 25.008644819259644 0
3500 True 0.03125 25.413115739822388 0
3600 True 0.03125 24.482611656188965 0
3700 True 0.03125 25.16242265701294 0
3800 True 0.015625 24.468866109848022 0
3900 True 0.0234375 24.72950053215027 0
4000 True 0.015625 25.06299591064453 0
4100 True 0.0 25.267393350601196 0
4200 True 0.03125 25.00906276702881 0
4300 True 0.0078125 24.640114307403564 0
4400 True 0.015625 24.404516458511353 0
4500 True 0.0078125 21.42687201499939 0
4600 True 0.0390625 21.212585926055908 0
4700 True 0.0234375 21.133538484573364 0
4800 True 0.03125 21.744186878204346 0
4900 True 0.0234375 21.515670776367188 0
5000 True 0.03125 21.297550201416016 0
5100 True 0.0234375 21.27711296081543 0
5200 True 0.0234375 21.569034337997437 0
5300 True 0.0234375 21.059996604919434 0
5400 True 0.0390625 21.289389610290527 0
5500 True 0.0390625 21.153636693954468 0
5600 True 0.0 21.042369604110718 0
5700 True 0.03125 21.78318166732788 0
5800 True 0.0234375 21.172216415405273 0
5900 True 0.03125 21.478052139282227 0
6000 True 0.0234375 21.244881629943848 0
6100 True 0.046875 21.297380685806274 0
6200 True 0.03125 21.147039651870728 0
6300 True 0.0390625 21.31687092781067 0
6400 True 0.015625 20.903185606002808 0
6500 True 0.03125 21.46863889694214 0
6600 True 0.0234375 21.22742748260498 0
6700 True 0.0234375 21.231215000152588 0
6800 True 0.0390625 21.56087565422058 0
6900 True 0.0234375 20.988885641098022 0
7000 True 0.015625 21.391087532043457 0
7100 True 0.0234375 21.519808530807495 0
7200 True 0.015625 21.712244510650635 0
7300 True 0.0234375 20.922367572784424 0
7400 True 0.03125 21.682990312576294 0
7500 True 0.03125 21.064371585845947 0
7600 True 0.0234375 21.00660514831543 0
7700 True 0.0234375 21.191609382629395 0
7800 True 0.03125 21.04335379600525 0
7900 True 0.015625 21.249603509902954 0
8000 True 0.046875 21.24459218978882 0
8100 True 0.0234375 20.92902159690857 0
8200 True 0.046875 21.301604986190796 0
8300 True 0.046875 21.337490558624268 0
8400 True 0.0390625 21.19920063018799 0
8500 True 0.046875 21.231698989868164 0
8600 True 0.0234375 20.808834075927734 0
8700 True 0.0234375 21.014326572418213 0
8800 True 0.0546875 21.329519987106323 0
8900 True 0.0234375 21.20379948616028 0
9000 True 0.03125 21.328758478164673 0
9100 True 0.046875 21.413707494735718 0
9200 True 0.03125 21.28044629096985 0
9300 True 0.03125 21.679049253463745 0
9400 True 0.03125 21.209601879119873 0
9500 True 0.015625 20.982577562332153 0
9600 True 0.0234375 21.35298204421997 0
9700 True 0.0078125 21.475229740142822 0
9800 True 0.0234375 21.458280563354492 0
9900 True 0.0234375 21.564225673675537 0
