0 True 0.0703125 99.87155508995056 0
100 True 0.0390625 98.09562587738037 0
200 True 0.046875 96.61622357368469 0
300 True 0.046875 97.89386987686157 0
400 True 0.046875 88.26050233840942 0
500 True 0.0703125 93.41141724586487 0
600 True 0.0625 96.87587022781372 0
700 True 0.0703125 98.59872245788574 0
800 True 0.0390625 94.92411470413208 0
900 True 0.0234375 96.21333980560303 0
1000 True 0.046875 95.09500646591187 0
1100 True 0.0625 96.50650119781494 0
1200 True 0.0390625 93.47571873664856 0
1300 True 0.0546875 86.23249244689941 0
1400 True 0.0625 98.5335681438446 0
1500 True 0.03125 97.4712131023407 0
1600 True 0.0390625 96.20820474624634 0
1700 True 0.0625 100.40981554985046 0
1800 True 0.0703125 100.15147805213928 0
1900 True 0.046875 97.59367251396179 0
2000 True 0.046875 98.55915427207947 0
2100 True 0.078125 91.76846361160278 0
2200 True 0.0625 88.28104257583618 0
2300 True 0.0625 91.9917962551117 0
2400 True 0.046875 86.21462082862854 0
2500 True 0.0546875 92.96615719795227 0
2600 True 0.0546875 90.93816113471985 0
2700 True 0.0546875 89.20972895622253 0
2800 True 0.046875 90.46257948875427 0
2900 True 0.046875 89.19035077095032 0
3000 True 0.046875 89.86546325683594 0
3100 True 0.046875 98.93922185897827 0
3200 True 0.0546875 97.96971344947815 0
3300 True 0.0625 99.52928328514099 0
3400 True 0.078125 101.13101243972778 0
3500 True 0.0703125 99.84406208992004 0
3600 True 0.0625 99.70249009132385 0
3700 True 0.0625 101.62418055534363 0
3800 True 0.046875 97.399897813797 0
3900 True 0.0625 99.9738302230835 0
4000 True 0.0390625 97.4519157409668 0
4100 True 0.046875 98.23854970932007 0
4200 True 0.0703125 100.57312560081482 0
4300 True 0.0390625 95.45549249649048 0
4400 True 0.046875 97.07033109664917 0
4500 True 0.0 97.9591314792633 0
4600 True 0.078125 99.5262987613678 0
4700 True 0.0625 99.2855122089386 0
4800 True 0.0703125 99.13265061378479 0
4900 True 0.0546875 100.01876544952393 0
5000 True 0.0546875 95.63017749786377 0
5100 True 0.046875 98.29087471961975 0
5200 True 0.0546875 96.58473253250122 0
5300 True 0.0546875 96.00491952896118 0
5400 True 0.0625 96.75217390060425 0
5500 True 0.0703125 97.72419810295105 0
5600 True 0.03125 97.5714020729065 0
5700 True 0.0625 98.75895285606384 0
5800 True 0.0546875 95.1929566860199 0
5900 True 0.0625 99.22855710983276 0
6000 True 0.046875 96.77529740333557 0
6100 True 0.0625 100.87029671669006 0
6200 True 0.0546875 97.36395192146301 0
6300 True 0.0625 96.27858114242554 0
6400 True 0.0546875 95.61017894744873 0
6500 True 0.0625 97.4055347442627 0
6600 True 0.046875 92.95193839073181 0
6700 True 0.0390625 89.4557728767395 0
6800 True 0.078125 87.98504400253296 0
6900 True 0.0546875 86.9771990776062 0
7000 True 0.0625 86.30695176124573 0
7100 True 0.0546875 93.80774331092834 0
7200 True 0.0390625 95.23792624473572 0
7300 True 0.0546875 94.57660984992981 0
7400 True 0.0546875 98.5348482131958 0
7500 True 0.046875 95.59574937820435 0
7600 True 0.078125 97.19180297851562 0
7700 True 0.0546875 95.61521911621094 0
7800 True 0.046875 95.90340757369995 0
7900 True 0.0390625 96.57257223129272 0
8000 True 0.0625 94.10590171813965 0
8100 True 0.0625 95.0070013999939 0
8200 True 0.0625 95.75068879127502 0
8300 True 0.0703125 98.82797598838806 0
8400 True 0.0546875 95.17773866653442 0
8500 True 0.0703125 97.48244333267212 0
8600 True 0.0703125 94.0101728439331 0
8700 True 0.0546875 88.28210139274597 0
8800 True 0.078125 96.14693832397461 0
8900 True 0.0546875 95.71905183792114 0
9000 True 0.0625 98.06526613235474 0
9100 True 0.078125 95.6360387802124 0
9200 True 0.078125 97.05629110336304 0
9300 True 0.078125 97.75904440879822 0
9400 True 0.046875 97.15506148338318 0
9500 True 0.046875 97.18366765975952 0
9600 True 0.0625 99.85143303871155 0
9700 True 0.0078125 96.12167835235596 0
9800 True 0.0625 98.91753005981445 0
9900 True 0.046875 96.56892132759094 0
