0 True 0 34.299628496170044 0
100 True 0 15.269746541976929 0
200 True 0 14.121766805648804 0
300 True 0 14.47518014907837 0
400 True 0 14.367141008377075 0
500 True 0 14.98256254196167 0
600 True 0 15.886981964111328 0
700 True 0 15.55194640159607 0
800 True 0 14.636754512786865 0
900 True 0 16.29268980026245 0
1000 True 0 16.3780255317688 0
1100 True 0 16.139519929885864 0
1200 True 0 16.319851875305176 0
1300 True 0 16.643067836761475 0
1400 True 0 16.69796848297119 0
1500 True 0 16.70809578895569 0
1600 True 0 15.364181280136108 0
1700 True 0 18.1174795627594 0
1800 True 0 17.23562002182007 0
1900 True 0 16.908547401428223 0
2000 True 0 17.279678106307983 0
2100 True 0 16.869203567504883 0
2200 True 0 16.646141529083252 0
2300 True 0 16.96497130393982 0
2400 True 0 16.703489780426025 0
2500 True 0 16.827221632003784 0
2600 True 0 15.560088157653809 0
2700 True 0 14.637606382369995 0
2800 True 0 14.684679508209229 0
2900 True 0 15.186127424240112 0
3000 True 0 16.172215938568115 0
3100 True 0 15.087169170379639 0
3200 True 0 16.163955211639404 0
3300 True 0 17.146853923797607 0
3400 True 0 14.636508226394653 0
3500 True 0 14.668339967727661 0
3600 True 0 15.3524649143219 0
3700 True 0 14.582099199295044 0
3800 True 0 16.36538815498352 0
3900 True 0 15.358750820159912 0
4000 True 0 14.77091383934021 0
4100 True 0 14.171980381011963 0
4200 True 0 14.366554498672485 0
4300 True 0 15.182438135147095 0
4400 True 0 16.214662313461304 0
4500 False 0 0.0 0
4600 True 0 14.735669374465942 0
4700 True 0 15.264467477798462 0
4800 True 0 16.085044860839844 0
4900 True 0 14.739237546920776 0
5000 True 0 15.574435234069824 0
5100 True 0 14.762115478515625 0
5200 True 0 15.094593524932861 0
5300 True 0 15.676881551742554 0
5400 True 0 15.28165578842163 0
5500 True 0 15.745507955551147 0
5600 True 0 14.92669415473938 0
5700 True 0 14.73595666885376 0
5800 True 0 14.90548825263977 0
5900 True 0 15.086247444152832 0
6000 True 0 15.861896991729736 0
6100 True 0 15.409600973129272 0
6200 True 0 15.487376689910889 0
6300 True 0 14.979937314987183 0
6400 True 0 15.272804260253906 0
6500 True 0 14.64351201057434 0
6600 True 0 15.231536865234375 0
6700 True 0 14.335891485214233 0
6800 True 0 14.561371088027954 0
6900 True 0 13.639354467391968 0
7000 True 0 14.540186882019043 0
7100 True 0 14.874367713928223 0
7200 True 0 14.696039199829102 0
7300 True 0 14.057417392730713 0
7400 True 0 14.751232624053955 0
7500 True 0 15.224960803985596 0
7600 True 0 14.41938304901123 0
7700 True 0 14.580280065536499 0
7800 True 0 14.141500234603882 0
7900 True 0 15.19648814201355 0
8000 True 0 15.904773235321045 0
8100 True 0 14.993899822235107 0
8200 True 0 15.822293758392334 0
8300 True 0 15.181329250335693 0
8400 True 0 15.536742687225342 0
8500 True 0 15.455077648162842 0
8600 True 0 14.860387086868286 0
8700 True 0 15.764771699905396 0
8800 True 0 14.700402021408081 0
8900 True 0 15.207223176956177 0
9000 True 0 14.578716039657593 0
9100 True 0 15.678910970687866 0
9200 True 0 14.452964305877686 0
9300 True 0 14.42550015449524 0
9400 True 0 15.609389066696167 0
9500 True 0 15.16226863861084 0
9600 True 0 15.35101318359375 0
9700 True 0 16.468189001083374 0
9800 True 0 15.751115083694458 0
9900 True 0 14.938986778259277 0
