0 True 0.140625 79.07641839981079 0
100 True 0.140625 78.46769833564758 0
200 True 0.109375 82.7683515548706 0
300 True 0.125 83.65039706230164 0
400 True 0.171875 84.89576816558838 0
500 True 0.140625 83.47303223609924 0
600 True 0.1640625 81.16503047943115 0
700 True 0.171875 81.37175679206848 0
800 True 0.171875 83.45204281806946 0
900 False 0.0 0.0 0
1000 True 0.1796875 100.78447270393372 0
1100 True 0.109375 107.20507550239563 0
1200 True 0.03125 102.03957939147949 0
1300 True 0.1875 105.5667839050293 0
1400 True 0.171875 102.30210900306702 0
1500 True 0.1015625 107.46095013618469 0
1600 True 0.109375 103.1743631362915 0
1700 True 0.203125 108.82832431793213 0
1800 True 0.125 103.21462535858154 0
1900 True 0.1171875 105.25579929351807 0
2000 True 0.125 92.43430185317993 0
2100 True 0.171875 81.88249397277832 0
2200 True 0.1171875 87.8156156539917 0
2300 True 0.1796875 83.26270890235901 0
2400 True 0.125 81.59897446632385 0
2500 True 0.1484375 80.40356230735779 0
2600 True 0.171875 78.68394637107849 0
2700 True 0.140625 81.62671303749084 0
2800 True 0.1328125 78.69708251953125 0
2900 True 0.0703125 80.71922993659973 0
3000 True 0.203125 81.84489822387695 0
3100 True 0.125 80.06011581420898 0
3200 True 0.1796875 80.50008821487427 0
3300 True 0.109375 81.30870652198792 0
3400 True 0.1953125 77.49251437187195 0
3500 True 0.1796875 79.64493608474731 0
3600 True 0.125 77.74147057533264 0
3700 True 0.171875 79.4990406036377 0
3800 True 0.1796875 81.08609986305237 0
3900 True 0.140625 79.89220333099365 0
4000 True 0.1875 81.35951781272888 0
4100 True 0.09375 78.40014910697937 0
4200 True 0.1015625 79.00945997238159 0
4300 True 0.0234375 80.50779342651367 0
4400 True 0.078125 80.21430540084839 0
4500 False 0.0 0.0 0
4600 True 0.1875 81.74599194526672 0
4700 True 0.1484375 80.66907691955566 0
4800 True 0.1640625 81.84557151794434 0
4900 True 0.1484375 83.06676268577576 0
5000 True 0.1015625 81.92590022087097 0
5100 True 0.1328125 80.98259544372559 0
5200 True 0.15625 80.87193655967712 0
5300 True 0.171875 84.70609259605408 0
5400 True 0.109375 80.83443927764893 0
5500 True 0.2265625 90.44244456291199 0
5600 True 0.1484375 88.78183126449585 0
5700 True 0.1171875 91.40035104751587 0
5800 True 0.1953125 93.62243700027466 0
5900 True 0.203125 96.90462493896484 0
6000 True 0.1875 97.58653736114502 0
6100 True 0.109375 97.28448867797852 0
6200 True 0.1640625 96.4407889842987 0
6300 True 0.1875 96.60661458969116 0
6400 True 0.0625 97.11579132080078 0
6500 True 0.125 95.73270392417908 0
6600 True 0.0546875 96.58423161506653 0
6700 True 0.1171875 96.10407137870789 0
6800 True 0.1640625 97.41039085388184 0
6900 True 0.1640625 94.1422393321991 0
7000 True 0.1875 97.2622811794281 0
7100 True 0.1015625 98.28280973434448 0
7200 True 0.125 92.46252036094666 0
7300 True 0.1875 91.99682188034058 0
7400 True 0.140625 92.16630172729492 0
7500 True 0.15625 93.68891668319702 0
7600 True 0.1953125 97.79898524284363 0
7700 True 0.15625 98.325767993927 0
7800 True 0.15625 99.95503115653992 0
7900 True 0.140625 97.94484305381775 0
8000 True 0.171875 98.0265064239502 0
8100 True 0.171875 97.39360213279724 0
8200 True 0.15625 99.10153937339783 0
8300 True 0.203125 99.1776659488678 0
8400 True 0.1640625 99.62115502357483 0
8500 True 0.1875 99.0676531791687 0
8600 True 0.2109375 97.35284423828125 0
8700 True 0.1875 97.52500510215759 0
8800 True 0.2109375 97.50736021995544 0
8900 True 0.1640625 98.33017992973328 0
9000 True 0.1484375 96.22312426567078 0
9100 True 0.140625 96.56988167762756 0
9200 True 0.1796875 97.37353754043579 0
9300 True 0.2265625 96.79740762710571 0
9400 True 0.15625 96.73194003105164 0
9500 True 0.0234375 98.43035864830017 0
9600 True 0.078125 97.83852100372314 0
9700 True 0.09375 99.04343700408936 0
9800 True 0.1484375 98.81042289733887 0
9900 True 0.1484375 98.58991599082947 0
