0 True 0 31.568784475326538 0
100 True 0 13.466974973678589 0
200 True 0 13.764537334442139 0
300 True 0 12.71415114402771 0
400 True 0 13.277384042739868 0
500 True 0 12.793022632598877 0
600 True 0 13.091887950897217 0
700 True 0 13.235601902008057 0
800 True 0 14.203669548034668 0
900 False 0 0.0 0
1000 True 0 12.962638139724731 0
1100 True 0 12.77456545829773 0
1200 True 0 12.631908178329468 0
1300 True 0 12.884580373764038 0
1400 True 0 12.940063714981079 0
1500 True 0 13.690414667129517 0
1600 True 0 13.695689678192139 0
1700 True 0 13.480002880096436 0
1800 True 0 12.83123254776001 0
1900 True 0 13.338490962982178 0
2000 True 0 13.799747705459595 0
2100 True 0 13.458951711654663 0
2200 True 0 13.430590152740479 0
2300 True 0 13.362309694290161 0
2400 True 0 13.541093826293945 0
2500 True 0 13.497260570526123 0
2600 True 0 13.25210165977478 0
2700 True 0 13.411247730255127 0
2800 True 0 13.930902004241943 0
2900 True 0 13.410278081893921 0
3000 True 0 14.125888347625732 0
3100 True 0 13.10468316078186 0
3200 True 0 13.336182117462158 0
3300 True 0 13.794584274291992 0
3400 True 0 12.699381828308105 0
3500 True 0 12.833106517791748 0
3600 True 0 13.725581169128418 0
3700 True 0 12.514301300048828 0
3800 True 0 12.726598262786865 0
3900 True 0 13.081710577011108 0
4000 True 0 12.977412462234497 0
4100 True 0 13.694985628128052 0
4200 True 0 13.047675371170044 0
4300 True 0 13.391814947128296 0
4400 True 0 12.942070484161377 0
4500 False 0 0.0 0
4600 True 0 14.135578632354736 0
4700 True 0 12.503281354904175 0
4800 True 0 13.852110862731934 0
4900 True 0 13.998327493667603 0
5000 True 0 13.165687799453735 0
5100 True 0 13.37674617767334 0
5200 True 0 13.731887578964233 0
5300 True 0 12.952612400054932 0
5400 True 0 13.649726152420044 0
5500 True 0 13.543113231658936 0
5600 True 0 13.359694719314575 0
5700 True 0 13.60804033279419 0
5800 True 0 13.49424958229065 0
5900 True 0 13.381825923919678 0
6000 True 0 13.294668197631836 0
6100 True 0 13.72994327545166 0
6200 True 0 13.224236011505127 0
6300 True 0 13.680756330490112 0
6400 True 0 13.44652247428894 0
6500 True 0 13.554502487182617 0
6600 True 0 14.248998165130615 0
6700 True 0 13.210523843765259 0
6800 True 0 12.940254926681519 0
6900 True 0 13.363508224487305 0
7000 True 0 13.42499828338623 0
7100 True 0 13.61184573173523 0
7200 True 0 13.151273488998413 0
7300 True 0 13.825624465942383 0
7400 True 0 14.464445114135742 0
7500 True 0 13.426156520843506 0
7600 True 0 13.169819593429565 0
7700 True 0 13.157512426376343 0
7800 True 0 12.34089469909668 0
7900 True 0 13.091713905334473 0
8000 True 0 13.336085796356201 0
8100 True 0 13.531421899795532 0
8200 True 0 14.919718742370605 0
8300 True 0 13.022923469543457 0
8400 True 0 13.499131917953491 0
8500 True 0 13.320762872695923 0
8600 True 0 13.372915506362915 0
8700 True 0 14.192871570587158 0
8800 True 0 14.37154769897461 0
8900 True 0 14.45742130279541 0
9000 True 0 14.355602025985718 0
9100 True 0 15.148035287857056 0
9200 True 0 13.983750104904175 0
9300 True 0 13.475993871688843 0
9400 True 0 13.188241481781006 0
9500 True 0 13.047265529632568 0
9600 True 0 13.00223422050476 0
9700 True 0 12.836189985275269 0
9800 True 0 12.892853736877441 0
9900 True 0 13.78063702583313 0
