0 True 0 0.8198158740997314 0
100 True 0 0.7698290348052979 0
200 True 0 0.7759342193603516 0
300 False 0 0.0 0
400 True 0 0.7599911689758301 0
500 True 0 0.7590017318725586 0
600 True 0 0.8521947860717773 0
700 True 0 0.7780876159667969 0
800 False 0 0.0 0
900 True 0 0.7778124809265137 0
1000 False 0 0.0 0
1100 True 0 1.1339471340179443 0
1200 False 0 0.0 0
1300 True 0 1.059654712677002 0
1400 True 0 0.7301883697509766 0
1500 False 0 0.0 0
1600 True 0 0.787398099899292 0
1700 True 0 0.777348518371582 0
1800 True 0 1.0361597537994385 0
1900 True 0 0.828693151473999 0
2000 True 0 0.7130641937255859 0
2100 True 0 0.7736091613769531 0
2200 False 0 0.0 0
2300 True 0 0.7618057727813721 0
2400 False 0 0.0 0
2500 False 0 0.0 0
2600 True 0 0.7629165649414062 0
2700 True 0 0.72123122215271 0
2800 True 0 0.7228794097900391 0
2900 True 0 0.7094211578369141 0
3000 True 0 0.723567008972168 0
3100 True 0 0.7627856731414795 0
3200 False 0 0.0 0
3300 True 0 0.7728443145751953 0
3400 True 0 0.7610604763031006 0
3500 True 0 0.7510128021240234 0
3600 True 0 0.7231438159942627 0
3700 True 0 0.7719643115997314 0
3800 True 0 0.761913537979126 0
3900 True 0 0.7597284317016602 0
4000 False 0 0.0 0
4100 True 0 0.888671875 0
4200 True 0 0.9106884002685547 0
4300 True 0 0.765679121017456 0
4400 True 0 0.7608640193939209 0
4500 False 0 0.0 0
4600 True 0 0.7689359188079834 0
4700 False 0 0.0 0
4800 True 0 0.7575247287750244 0
4900 True 0 0.7732701301574707 0
5000 True 0 0.763181209564209 0
5100 False 0 0.0 0
5200 True 0 0.7228188514709473 0
5300 True 0 0.7080190181732178 0
5400 True 0 0.7656710147857666 0
5500 True 0 0.7612564563751221 0
5600 True 0 0.740786075592041 0
5700 True 0 0.7280383110046387 0
5800 False 0 0.0 0
5900 True 0 0.761223316192627 0
6000 False 0 0.0 0
6100 True 0 0.7522783279418945 0
6200 False 0 0.0 0
6300 True 0 0.7682263851165771 0
6400 True 0 0.7398881912231445 0
6500 True 0 0.9332127571105957 0
6600 True 0 0.8561599254608154 0
6700 True 0 0.7633235454559326 0
6800 True 0 0.7594301700592041 0
6900 True 0 0.7342426776885986 0
7000 True 0 0.7716715335845947 0
7100 True 0 0.7634494304656982 0
7200 False 0 0.0 0
7300 True 0 0.7658922672271729 0
7400 True 0 0.757131814956665 0
7500 True 0 0.7662181854248047 0
7600 True 0 0.7570195198059082 0
7700 True 0 0.751166582107544 0
7800 False 0 0.0 0
7900 True 0 0.7114431858062744 0
8000 True 0 0.7698090076446533 0
8100 True 0 0.7252986431121826 0
8200 True 0 0.9753053188323975 0
8300 True 0 0.7758138179779053 0
8400 True 0 0.7162659168243408 0
8500 True 0 0.8622233867645264 0
8600 True 0 0.7216408252716064 0
8700 False 0 0.0 0
8800 True 0 0.7179088592529297 0
8900 False 0 0.0 0
9000 True 0 0.7202925682067871 0
9100 True 0 0.788311243057251 0
9200 True 0 0.7768723964691162 0
9300 True 0 0.7695636749267578 0
9400 False 0 0.0 0
9500 True 0 0.7685000896453857 0
9600 True 0 0.7364425659179688 0
9700 False 0 0.0 0
9800 True 0 0.7649142742156982 0
9900 True 0 0.7727310657501221 0
