0 True 1 0.315995454788208 0
100 True 0 0.24413800239562988 0
200 True 1 0.2755465507507324 0
300 True 0 0.42949771881103516 0
400 True 0 0.23623132705688477 0
500 True 1 0.2611508369445801 0
600 True 1 0.2646968364715576 0
700 True 0 0.42333149909973145 0
800 True 1 0.2820560932159424 0
900 False 0 0.0 0
1000 True 0 0.4213712215423584 0
1100 True 1 0.27134156227111816 0
1200 True 0 0.43106722831726074 0
1300 True 1 0.322721004486084 0
1400 True 1 0.24608445167541504 0
1500 False 0 0.0 0
1600 True 0 0.3177502155303955 0
1700 True 0 0.4043402671813965 0
1800 True 0 0.4042043685913086 0
1900 True 0 0.41251540184020996 0
2000 True 0 0.2916905879974365 0
2100 True 1 0.21766185760498047 0
2200 True 0 0.3679172992706299 0
2300 True 0 0.3443014621734619 0
2400 True 0 0.3181188106536865 0
2500 True 0 0.4349396228790283 0
2600 True 1 0.2566850185394287 0
2700 True 0 0.29276347160339355 0
2800 True 0 0.23675155639648438 0
2900 True 0 0.23511528968811035 0
3000 True 0 0.2712373733520508 0
3100 True 0 0.3148791790008545 0
3200 True 1 0.2665271759033203 0
3300 True 0 0.41228270530700684 0
3400 True 1 0.22874903678894043 0
3500 True 1 0.21868634223937988 0
3600 True 0 0.23058199882507324 0
3700 True 1 0.26050877571105957 0
3800 True 0 0.29916930198669434 0
3900 True 0 0.2736546993255615 0
4000 True 0 0.38081884384155273 0
4100 True 0 0.2711172103881836 0
4200 True 0 0.2512211799621582 0
4300 True 0 0.37274694442749023 0
4400 True 0 0.44915151596069336 0
4500 False 0 0.0 0
4600 True 0 0.25089526176452637 0
4700 True 1 0.22601985931396484 0
4800 True 1 0.2176206111907959 0
4900 True 0 0.4093613624572754 0
5000 True 0 0.33494114875793457 0
5100 True 0 0.2664000988006592 0
5200 True 1 0.22382760047912598 0
5300 True 1 0.2944979667663574 0
5400 True 0 0.2274482250213623 0
5500 True 1 0.2711045742034912 0
5600 True 0 0.29277849197387695 0
5700 True 0 0.2828841209411621 0
5800 True 1 0.2466602325439453 0
5900 True 1 0.22258877754211426 0
6000 True 1 0.271151065826416 0
6100 True 0 0.30071091651916504 0
6200 True 1 0.27080726623535156 0
6300 True 0 0.31964635848999023 0
6400 True 0 0.3028140068054199 0
6500 True 1 0.3499786853790283 0
6600 True 0 0.427201509475708 0
6700 True 0 0.40070247650146484 0
6800 True 0 0.3162109851837158 0
6900 True 1 0.23173832893371582 0
7000 True 0 0.3409109115600586 0
7100 True 0 0.2290182113647461 0
7200 True 0 0.37987470626831055 0
7300 True 1 0.2084505558013916 0
7400 True 0 0.4236588478088379 0
7500 True 1 0.24547171592712402 0
7600 True 1 0.24846124649047852 0
7700 True 0 0.3270251750946045 0
7800 False 0 0.0 0
7900 True 0 0.28233861923217773 0
8000 True 0 0.2384624481201172 0
8100 True 0 0.23223423957824707 0
8200 True 1 0.2684757709503174 0
8300 True 1 0.343031644821167 0
8400 True 0 0.2668612003326416 0
8500 True 0 0.28050804138183594 0
8600 True 0 0.3335587978363037 0
8700 True 1 0.32760190963745117 0
8800 True 1 0.22087669372558594 0
8900 True 1 0.250424861907959 0
9000 True 1 0.3211092948913574 0
9100 True 1 0.220808744430542 0
9200 True 0 0.34347987174987793 0
9300 True 0 0.329146146774292 0
9400 True 0 0.377532958984375 0
9500 True 1 0.2056567668914795 0
9600 True 1 0.28424072265625 0
9700 True 0 0.4946610927581787 0
9800 True 0 0.43219947814941406 0
9900 True 1 0.422133207321167 0
