0 True 0 0.471712589263916 0
100 True 0 0.3881876468658447 0
200 False 0 0.0 0
300 False 0 0.0 0
400 False 0 0.0 0
500 False 0 0.0 0
600 False 0 0.0 0
700 True 0 0.4482245445251465 0
800 True 0 0.28647780418395996 0
900 True 0 0.42708349227905273 0
1000 False 0 0.0 0
1100 True 0 0.4078338146209717 0
1200 True 0 0.38747334480285645 0
1300 False 0 0.0 0
1400 False 0 0.0 0
1500 False 0 0.0 0
1600 False 0 0.0 0
1700 True 0 0.40062999725341797 0
1800 False 0 0.0 0
1900 False 0 0.0 0
2000 False 0 0.0 0
2100 False 0 0.0 0
2200 False 0 0.0 0
2300 False 0 0.0 0
2400 False 0 0.0 0
2500 False 0 0.0 0
2600 True 0 0.48858022689819336 0
2700 True 0 0.37659168243408203 0
2800 False 0 0.0 0
2900 False 0 0.0 0
3000 True 0 0.36383628845214844 0
3100 False 0 0.0 0
3200 False 0 0.0 0
3300 False 0 0.0 0
3400 True 0 0.35834240913391113 0
3500 False 0 0.0 0
3600 False 0 0.0 0
3700 False 0 0.0 0
3800 False 0 0.0 0
3900 True 0 0.4250462055206299 0
4000 False 0 0.0 0
4100 False 0 0.0 0
4200 True 0 0.37005043029785156 0
4300 False 0 0.0 0
4400 False 0 0.0 0
4500 False 0 0.0 0
4600 False 0 0.0 0
4700 False 0 0.0 0
4800 True 0 0.38338804244995117 0
4900 False 0 0.0 0
5000 False 0 0.0 0
5100 False 0 0.0 0
5200 False 0 0.0 0
5300 False 0 0.0 0
5400 False 0 0.0 0
5500 False 0 0.0 0
5600 True 0 0.20627164840698242 0
5700 False 0 0.0 0
5800 False 0 0.0 0
5900 False 0 0.0 0
6000 False 0 0.0 0
6100 False 0 0.0 0
6200 False 0 0.0 0
6300 False 0 0.0 0
6400 True 0 0.3742246627807617 0
6500 False 0 0.0 0
6600 False 0 0.0 0
6700 False 0 0.0 0
6800 False 0 0.0 0
6900 True 0 0.3546442985534668 0
7000 True 0 0.4350161552429199 0
7100 False 0 0.0 0
7200 False 0 0.0 0
7300 True 0 0.3786296844482422 0
7400 False 0 0.0 0
7500 False 0 0.0 0
7600 True 0 0.4176781177520752 0
7700 False 0 0.0 0
7800 False 0 0.0 0
7900 False 0 0.0 0
8000 False 0 0.0 0
8100 True 0 0.33252453804016113 0
8200 True 0 0.289139986038208 0
8300 False 0 0.0 0
8400 False 0 0.0 0
8500 False 0 0.0 0
8600 True 0 0.4376068115234375 0
8700 False 0 0.0 0
8800 False 0 0.0 0
8900 False 0 0.0 0
9000 True 0 0.38209104537963867 0
9100 False 0 0.0 0
9200 True 0 0.4159262180328369 0
9300 False 0 0.0 0
9400 False 0 0.0 0
9500 False 0 0.0 0
9600 False 0 0.0 0
9700 False 0 0.0 0
9800 True 0 0.38988828659057617 0
9900 True 0 0.37718939781188965 0
