0 False 0 0.0 0
100 False 0 0.0 0
200 False 0 0.0 0
300 True 1 0.04986739158630371 0
400 True 1 0.05021858215332031 0
500 False 0 0.0 0
600 True 1 0.050301313400268555 0
700 False 0 0.0 0
800 False 0 0.0 0
900 False 0 0.0 0
1000 True 1 0.05062127113342285 0
1100 False 0 0.0 0
1200 False 0 0.0 0
1300 True 1 0.050043582916259766 0
1400 True 1 0.05005598068237305 0
1500 False 0 0.0 0
1600 False 0 0.0 0
1700 False 0 0.0 0
1800 False 0 0.0 0
1900 True 1 0.05034661293029785 0
2000 False 0 0.0 0
2100 False 0 0.0 0
2200 True 1 0.05008077621459961 0
2300 False 0 0.0 0
2400 True 1 0.05051302909851074 0
2500 False 0 0.0 0
2600 True 1 0.04931497573852539 0
2700 False 0 0.0 0
2800 False 0 0.0 0
2900 False 0 0.0 0
3000 True 1 0.049881696701049805 0
3100 True 1 0.051249027252197266 0
3200 False 0 0.0 0
3300 False 0 0.0 0
3400 True 1 0.049413204193115234 0
3500 False 0 0.0 0
3600 True 0 0.006966590881347656 0
3700 False 0 0.0 0
3800 True 1 0.04978752136230469 0
3900 False 0 0.0 0
4000 True 0 0.0072519779205322266 0
4100 True 1 0.05063366889953613 0
4200 False 0 0.0 0
4300 False 0 0.0 0
4400 False 0 0.0 0
4500 False 0 0.0 0
4600 False 0 0.0 0
4700 False 0 0.0 0
4800 True 1 0.050293684005737305 0
4900 False 0 0.0 0
5000 False 0 0.0 0
5100 False 0 0.0 0
5200 False 0 0.0 0
5300 False 0 0.0 0
5400 False 0 0.0 0
5500 False 0 0.0 0
5600 False 0 0.0 0
5700 False 0 0.0 0
5800 False 0 0.0 0
5900 False 0 0.0 0
6000 True 0 0.05039668083190918 0
6100 True 1 0.04994797706604004 0
6200 False 0 0.0 0
6300 False 0 0.0 0
6400 False 0 0.0 0
6500 False 0 0.0 0
6600 False 0 0.0 0
6700 True 0 0.012720584869384766 0
6800 True 1 0.05012154579162598 0
6900 False 0 0.0 0
7000 False 0 0.0 0
7100 True 1 0.04964113235473633 0
7200 False 0 0.0 0
7300 False 0 0.0 0
7400 False 0 0.0 0
7500 False 0 0.0 0
7600 False 0 0.0 0
7700 True 1 0.051201581954956055 0
7800 True 1 0.05044674873352051 0
7900 False 0 0.0 0
8000 False 0 0.0 0
8100 False 0 0.0 0
8200 False 0 0.0 0
8300 False 0 0.0 0
8400 False 0 0.0 0
8500 False 0 0.0 0
8600 False 0 0.0 0
8700 False 0 0.0 0
8800 True 1 0.050047874450683594 0
8900 False 0 0.0 0
9000 False 0 0.0 0
9100 False 0 0.0 0
9200 True 1 0.051004886627197266 0
9300 False 0 0.0 0
9400 True 1 0.04973554611206055 0
9500 False 0 0.0 0
9600 True 1 0.05019354820251465 0
9700 True 1 0.05011272430419922 0
9800 False 0 0.0 0
9900 True 1 0.05004739761352539 0
