0 False 0.0 0.0 0
100 False 0.0 0.0 0
200 False 0.0 0.0 0
300 True 0.025390625 4.733670949935913 0
400 True 0.046875 0.16435551643371582 0
500 False 0.0 0.0 0
600 False 0.0 0.0 0
700 False 0.0 0.0 0
800 True 0.01953125 0.3169240951538086 0
900 False 0.0 0.0 0
1000 True 0.03515625 0.16843795776367188 0
1100 False 0.0 0.0 0
1200 False 0.0 0.0 0
1300 True 0.01953125 0.2306079864501953 0
1400 True 0.0185546875 0.22064518928527832 0
1500 False 0.0 0.0 0
1600 False 0.0 0.0 0
1700 False 0.0 0.0 0
1800 False 0.0 0.0 0
1900 True 0.029296875 0.22698974609375 0
2000 False 0.0 0.0 0
2100 False 0.0 0.0 0
2200 True 0.0693359375 0.23669648170471191 0
2300 False 0.0 0.0 0
2400 True 0.033203125 0.2423257827758789 0
2500 False 0.0 0.0 0
2600 True 0.0302734375 0.30240797996520996 0
2700 False 0.0 0.0 0
2800 False 0.0 0.0 0
2900 False 0.0 0.0 0
3000 True 0.0576171875 0.2867274284362793 0
3100 True 0.04296875 0.24673080444335938 0
3200 False 0.0 0.0 0
3300 True 0.005859375 0.20564651489257812 0
3400 True 0.0400390625 0.25022101402282715 0
3500 True 0.0048828125 0.1619877815246582 0
3600 False 0.0 0.0 0
3700 False 0.0 0.0 0
3800 True 0.0107421875 0.2179250717163086 0
3900 False 0.0 0.0 0
4000 False 0.0 0.0 0
4100 True 0.0673828125 0.2023606300354004 0
4200 False 0.0 0.0 0
4300 True 0.0322265625 0.1636335849761963 0
4400 False 0.0 0.0 0
4500 False 0.0 0.0 0
4600 True 0.005859375 0.16383957862854004 0
4700 True 0.001953125 0.1204991340637207 0
4800 True 0.07421875 0.3022623062133789 0
4900 False 0.0 0.0 0
5000 True 0.0361328125 0.1937263011932373 0
5100 False 0.0 0.0 0
5200 False 0.0 0.0 0
5300 False 0.0 0.0 0
5400 False 0.0 0.0 0
5500 True 0.0078125 0.2368485927581787 0
5600 True 0.0068359375 0.21989798545837402 0
5700 True 0.0 0.23132634162902832 0
5800 False 0.0 0.0 0
5900 False 0.0 0.0 0
6000 True 0.0078125 0.201568603515625 0
6100 True 0.01171875 0.2519950866699219 0
6200 False 0.0 0.0 0
6300 False 0.0 0.0 0
6400 False 0.0 0.0 0
6500 False 0.0 0.0 0
6600 True 0.0234375 0.2991905212402344 0
6700 True 0.0048828125 0.16053533554077148 0
6800 True 0.0361328125 0.22482967376708984 0
6900 False 0.0 0.0 0
7000 False 0.0 0.0 0
7100 True 0.03125 0.26314449310302734 0
7200 False 0.0 0.0 0
7300 False 0.0 0.0 0
7400 False 0.0 0.0 0
7500 False 0.0 0.0 0
7600 False 0.0 0.0 0
7700 True 0.0283203125 0.2597932815551758 0
7800 True 0.0400390625 0.2587311267852783 0
7900 False 0.0 0.0 0
8000 True 0.041015625 0.17861437797546387 0
8100 False 0.0 0.0 0
8200 False 0.0 0.0 0
8300 False 0.0 0.0 0
8400 False 0.0 0.0 0
8500 True 0.01171875 0.2663424015045166 0
8600 False 0.0 0.0 0
8700 False 0.0 0.0 0
8800 True 0.0703125 0.2511730194091797 0
8900 False 0.0 0.0 0
9000 False 0.0 0.0 0
9100 False 0.0 0.0 0
9200 True 0.0478515625 0.18379592895507812 0
9300 False 0.0 0.0 0
9400 True 0.009765625 0.22438311576843262 0
9500 False 0.0 0.0 0
9600 True 0.0361328125 0.18514394760131836 0
9700 True 0.0263671875 0.2729799747467041 0
9800 False 0.0 0.0 0
9900 False 0.0 0.0 0
