0 False 0.0 0.0 0
100 True 0.001953125 0.13909411430358887 0
200 False 0.0 0.0 0
300 True 0.01953125 0.20412015914916992 0
400 True 0.03125 0.13576030731201172 0
500 False 0.0 0.0 0
600 False 0.0 0.0 0
700 True 0.025390625 0.3505673408508301 0
800 True 0.0078125 0.29305386543273926 0
900 False 0.0 0.0 0
1000 True 0.0126953125 0.25070762634277344 0
1100 False 0.0 0.0 0
1200 False 0.0 0.0 0
1300 False 0.0 0.0 0
1400 False 0.0 0.0 0
1500 False 0.0 0.0 0
1600 False 0.0 0.0 0
1700 False 0.0 0.0 0
1800 False 0.0 0.0 0
1900 True 0.0078125 0.25418877601623535 0
2000 False 0.0 0.0 0
2100 False 0.0 0.0 0
2200 True 0.03515625 0.31784868240356445 0
2300 False 0.0 0.0 0
2400 True 0.0205078125 0.222259521484375 0
2500 False 0.0 0.0 0
2600 True 0.0185546875 0.21845293045043945 0
2700 False 0.0 0.0 0
2800 False 0.0 0.0 0
2900 False 0.0 0.0 0
3000 True 0.02734375 0.30406928062438965 0
3100 True 0.0234375 0.3228573799133301 0
3200 False 0.0 0.0 0
3300 False 0.0 0.0 0
3400 False 0.0 0.0 0
3500 True 0.0107421875 0.22705960273742676 0
3600 False 0.0 0.0 0
3700 False 0.0 0.0 0
3800 False 0.0 0.0 0
3900 False 0.0 0.0 0
4000 False 0.0 0.0 0
4100 True 0.0263671875 0.29390835762023926 0
4200 False 0.0 0.0 0
4300 True 0.0107421875 0.2926332950592041 0
4400 False 0.0 0.0 0
4500 False 0.0 0.0 0
4600 True 0.001953125 0.12986445426940918 0
4700 False 0.0 0.0 0
4800 True 0.0126953125 0.21871733665466309 0
4900 True 0.0126953125 0.27756524085998535 0
5000 True 0.0068359375 0.22449564933776855 0
5100 True 0.017578125 0.2100224494934082 0
5200 True 0.0302734375 0.3162357807159424 0
5300 False 0.0 0.0 0
5400 False 0.0 0.0 0
5500 False 0.0 0.0 0
5600 False 0.0 0.0 0
5700 True 0.0068359375 0.24506425857543945 0
5800 False 0.0 0.0 0
5900 False 0.0 0.0 0
6000 False 0.0 0.0 0
6100 True 0.0078125 0.19019246101379395 0
6200 False 0.0 0.0 0
6300 False 0.0 0.0 0
6400 False 0.0 0.0 0
6500 False 0.0 0.0 0
6600 True 0.0126953125 0.2053849697113037 0
6700 True 0.0068359375 0.21730375289916992 0
6800 True 0.0068359375 0.23281621932983398 0
6900 False 0.0 0.0 0
7000 False 0.0 0.0 0
7100 True 0.0087890625 0.206373929977417 0
7200 False 0.0 0.0 0
7300 True 0.0068359375 0.2550950050354004 0
7400 False 0.0 0.0 0
7500 False 0.0 0.0 0
7600 True 0.005859375 0.16831564903259277 0
7700 True 0.0107421875 0.2314438819885254 0
7800 True 0.0 0.26793742179870605 0
7900 False 0.0 0.0 0
8000 True 0.0244140625 0.21552538871765137 0
8100 False 0.0 0.0 0
8200 False 0.0 0.0 0
8300 False 0.0 0.0 0
8400 False 0.0 0.0 0
8500 True 0.0224609375 0.2720212936401367 0
8600 False 0.0 0.0 0
8700 True 0.0166015625 0.2445073127746582 0
8800 True 0.0419921875 0.34422898292541504 0
8900 False 0.0 0.0 0
9000 True 0.005859375 0.20744037628173828 0
9100 False 0.0 0.0 0
9200 True 0.02734375 0.24603486061096191 0
9300 False 0.0 0.0 0
9400 True 0.0068359375 0.24745631217956543 0
9500 False 0.0 0.0 0
9600 True 0.0244140625 0.20084643363952637 0
9700 True 0.005859375 0.18130064010620117 0
9800 True 0.015625 0.331632137298584 0
9900 False 0.0 0.0 0
