0 False 0 0.0 0
100 True 1 5.646965265274048 0
200 False 0 0.0 0
300 True 1 0.0560758113861084 0
400 True 1 0.051230669021606445 0
500 False 0 0.0 0
600 False 0 0.0 0
700 True 1 0.0550539493560791 0
800 True 1 0.053198814392089844 0
900 False 0 0.0 0
1000 True 1 0.05356931686401367 0
1100 False 0 0.0 0
1200 False 0 0.0 0
1300 False 0 0.0 0
1400 False 0 0.0 0
1500 False 0 0.0 0
1600 False 0 0.0 0
1700 False 0 0.0 0
1800 False 0 0.0 0
1900 True 1 0.05392932891845703 0
2000 False 0 0.0 0
2100 False 0 0.0 0
2200 True 1 0.05210757255554199 0
2300 False 0 0.0 0
2400 True 1 0.061640024185180664 0
2500 False 0 0.0 0
2600 True 1 0.0563662052154541 0
2700 False 0 0.0 0
2800 False 0 0.0 0
2900 False 0 0.0 0
3000 True 1 0.056104183197021484 0
3100 True 1 0.05504727363586426 0
3200 False 0 0.0 0
3300 False 0 0.0 0
3400 False 0 0.0 0
3500 True 1 0.056856632232666016 0
3600 False 0 0.0 0
3700 False 0 0.0 0
3800 False 0 0.0 0
3900 False 0 0.0 0
4000 False 0 0.0 0
4100 True 1 0.05300426483154297 0
4200 False 0 0.0 0
4300 True 1 0.05515718460083008 0
4400 False 0 0.0 0
4500 False 0 0.0 0
4600 True 1 0.057463884353637695 0
4700 False 0 0.0 0
4800 True 1 0.051564693450927734 0
4900 True 1 0.055617332458496094 0
5000 True 1 0.051308393478393555 0
5100 True 1 0.057874202728271484 0
5200 True 1 0.051155805587768555 0
5300 False 0 0.0 0
5400 False 0 0.0 0
5500 False 0 0.0 0
5600 False 0 0.0 0
5700 True 1 0.05573391914367676 0
5800 False 0 0.0 0
5900 False 0 0.0 0
6000 False 0 0.0 0
6100 True 1 0.055290937423706055 0
6200 False 0 0.0 0
6300 False 0 0.0 0
6400 False 0 0.0 0
6500 False 0 0.0 0
6600 True 1 0.06214714050292969 0
6700 True 1 0.052567481994628906 0
6800 True 1 0.05674624443054199 0
6900 False 0 0.0 0
7000 False 0 0.0 0
7100 True 1 0.05288553237915039 0
7200 False 0 0.0 0
7300 True 1 0.05229997634887695 0
7400 False 0 0.0 0
7500 False 0 0.0 0
7600 True 1 0.05648350715637207 0
7700 True 1 0.06311917304992676 0
7800 True 0 0.05824089050292969 0
7900 False 0 0.0 0
8000 True 1 0.06707048416137695 0
8100 False 0 0.0 0
8200 False 0 0.0 0
8300 False 0 0.0 0
8400 False 0 0.0 0
8500 True 1 0.08125448226928711 0
8600 False 0 0.0 0
8700 True 1 0.05210995674133301 0
8800 True 1 0.05956387519836426 0
8900 False 0 0.0 0
9000 True 1 0.05786395072937012 0
9100 False 0 0.0 0
9200 True 1 0.05771493911743164 0
9300 False 0 0.0 0
9400 True 1 0.07252812385559082 0
9500 False 0 0.0 0
9600 True 1 0.06686568260192871 0
9700 True 1 0.0918416976928711 0
9800 True 1 0.05221247673034668 0
9900 False 0 0.0 0
