0 False 0.0 0.0 0
100 False 0.0 0.0 0
200 False 0.0 0.0 0
300 True 0.060546875 3.436589479446411 0
400 True 0.150390625 3.7908122539520264 0
500 False 0.0 0.0 0
600 False 0.0 0.0 0
700 True 0.021484375 2.802321434020996 0
800 True 0.0185546875 7.136613368988037 0
900 False 0.0 0.0 0
1000 True 0.025390625 5.539222478866577 0
1100 False 0.0 0.0 0
1200 False 0.0 0.0 0
1300 False 0.0 0.0 0
1400 True 0.021484375 2.825361490249634 0
1500 False 0.0 0.0 0
1600 False 0.0 0.0 0
1700 False 0.0 0.0 0
1800 False 0.0 0.0 0
1900 False 0.0 0.0 0
2000 False 0.0 0.0 0
2100 False 0.0 0.0 0
2200 True 0.0595703125 3.4227542877197266 0
2300 False 0.0 0.0 0
2400 True 0.1396484375 3.7942378520965576 0
2500 False 0.0 0.0 0
2600 True 0.0830078125 3.327420949935913 0
2700 True 0.0029296875 1.6675527095794678 0
2800 False 0.0 0.0 0
2900 False 0.0 0.0 0
3000 True 0.0654296875 2.532982587814331 0
3100 True 0.0537109375 4.23991322517395 0
3200 False 0.0 0.0 0
3300 False 0.0 0.0 0
3400 True 0.0302734375 3.3856420516967773 0
3500 False 0.0 0.0 0
3600 False 0.0 0.0 0
3700 False 0.0 0.0 0
3800 False 0.0 0.0 0
3900 False 0.0 0.0 0
4000 False 0.0 0.0 0
4100 True 0.099609375 3.869900941848755 0
4200 False 0.0 0.0 0
4300 False 0.0 0.0 0
4400 False 0.0 0.0 0
4500 False 0.0 0.0 0
4600 False 0.0 0.0 0
4700 False 0.0 0.0 0
4800 True 0.095703125 4.313904047012329 0
4900 False 0.0 0.0 0
5000 False 0.0 0.0 0
5100 False 0.0 0.0 0
5200 False 0.0 0.0 0
5300 False 0.0 0.0 0
5400 False 0.0 0.0 0
5500 False 0.0 0.0 0
5600 False 0.0 0.0 0
5700 False 0.0 0.0 0
5800 False 0.0 0.0 0
5900 False 0.0 0.0 0
6000 False 0.0 0.0 0
6100 True 0.01953125 2.0013976097106934 0
6200 False 0.0 0.0 0
6300 False 0.0 0.0 0
6400 False 0.0 0.0 0
6500 False 0.0 0.0 0
6600 True 0.044921875 4.079194068908691 0
6700 True 0.04296875 2.5728230476379395 0
6800 True 0.0751953125 2.91422176361084 0
6900 False 0.0 0.0 0
7000 False 0.0 0.0 0
7100 True 0.123046875 5.0309460163116455 0
7200 False 0.0 0.0 0
7300 True 0.013671875 2.9386508464813232 0
7400 False 0.0 0.0 0
7500 False 0.0 0.0 0
7600 False 0.0 0.0 0
7700 True 0.03515625 2.3843560218811035 0
7800 True 0.0693359375 4.621532917022705 0
7900 False 0.0 0.0 0
8000 True 0.0107421875 2.193932056427002 0
8100 True 0.0361328125 3.4972171783447266 0
8200 False 0.0 0.0 0
8300 False 0.0 0.0 0
8400 False 0.0 0.0 0
8500 False 0.0 0.0 0
8600 False 0.0 0.0 0
8700 False 0.0 0.0 0
8800 True 0.0927734375 4.853709936141968 0
8900 False 0.0 0.0 0
9000 False 0.0 0.0 0
9100 False 0.0 0.0 0
9200 True 0.076171875 2.754551410675049 0
9300 False 0.0 0.0 0
9400 True 0.0390625 1.926302194595337 0
9500 False 0.0 0.0 0
9600 True 0.0458984375 4.064944744110107 0
9700 True 0.1005859375 3.766331195831299 0
9800 False 0.0 0.0 0
9900 False 0.0 0.0 0
