0 True 0 5.107048511505127 0
100 False 0 0.0 0
200 False 0 0.0 0
300 True 1 0.7379002571105957 0
400 True 1 0.8142232894897461 0
500 False 0 0.0 0
600 True 1 0.6039292812347412 0
700 True 0 0.20910859107971191 0
800 True 1 0.6915388107299805 0
900 False 0 0.0 0
1000 True 1 0.6251070499420166 0
1100 False 0 0.0 0
1200 False 0 0.0 0
1300 True 1 0.6296291351318359 0
1400 True 1 0.6691515445709229 0
1500 False 0 0.0 0
1600 False 0 0.0 0
1700 False 0 0.0 0
1800 False 0 0.0 0
1900 True 1 0.709956169128418 0
2000 False 0 0.0 0
2100 False 0 0.0 0
2200 False 0 0.0 0
2300 True 0 0.41000843048095703 0
2400 True 1 0.6107890605926514 0
2500 False 0 0.0 0
2600 True 1 0.6993179321289062 0
2700 True 1 0.7015626430511475 0
2800 False 0 0.0 0
2900 False 0 0.0 0
3000 True 1 0.6944456100463867 0
3100 True 1 0.6021060943603516 0
3200 False 0 0.0 0
3300 False 0 0.0 0
3400 False 0 0.0 0
3500 True 0 0.06370329856872559 0
3600 False 0 0.0 0
3700 False 0 0.0 0
3800 True 1 0.6708872318267822 0
3900 False 0 0.0 0
4000 False 0 0.0 0
4100 True 1 0.6041617393493652 0
4200 False 0 0.0 0
4300 True 1 0.6337532997131348 0
4400 False 0 0.0 0
4500 False 0 0.0 0
4600 False 0 0.0 0
4700 False 0 0.0 0
4800 True 1 0.6041994094848633 0
4900 False 0 0.0 0
5000 True 1 0.6234874725341797 0
5100 True 1 0.6281757354736328 0
5200 True 1 0.6022937297821045 0
5300 False 0 0.0 0
5400 True 1 0.6145086288452148 0
5500 False 0 0.0 0
5600 False 0 0.0 0
5700 False 0 0.0 0
5800 False 0 0.0 0
5900 False 0 0.0 0
6000 True 0 0.6809084415435791 0
6100 True 1 0.6020605564117432 0
6200 False 0 0.0 0
6300 False 0 0.0 0
6400 False 0 0.0 0
6500 False 0 0.0 0
6600 True 1 0.6038320064544678 0
6700 False 0 0.0 0
6800 True 1 0.6913137435913086 0
6900 False 0 0.0 0
7000 False 0 0.0 0
7100 True 1 0.6760079860687256 0
7200 False 0 0.0 0
7300 True 0 0.2155909538269043 0
7400 True 0 0.39987802505493164 0
7500 True 1 0.6581439971923828 0
7600 False 0 0.0 0
7700 True 1 0.8582632541656494 0
7800 True 1 0.616107702255249 0
7900 False 0 0.0 0
8000 True 1 0.6289424896240234 0
8100 False 0 0.0 0
8200 False 0 0.0 0
8300 False 0 0.0 0
8400 False 0 0.0 0
8500 False 0 0.0 0
8600 True 0 0.40033984184265137 0
8700 True 1 0.6098113059997559 0
8800 True 1 0.6031863689422607 0
8900 False 0 0.0 0
9000 True 1 0.6674716472625732 0
9100 False 0 0.0 0
9200 True 1 0.6029877662658691 0
9300 False 0 0.0 0
9400 False 0 0.0 0
9500 False 0 0.0 0
9600 True 1 0.6033437252044678 0
9700 True 1 0.6045324802398682 0
9800 False 0 0.0 0
9900 False 0 0.0 0
