0 True 1 0.675135612487793 0
100 False 0 0.0 0
200 False 0 0.0 0
300 True 1 0.6111640930175781 0
400 True 1 0.6691346168518066 0
500 False 0 0.0 0
600 False 0 0.0 0
700 True 1 0.6120145320892334 0
800 False 0 0.0 0
900 False 0 0.0 0
1000 True 1 0.6126053333282471 0
1100 False 0 0.0 0
1200 True 1 0.6128251552581787 0
1300 False 0 0.0 0
1400 False 0 0.0 0
1500 True 1 0.6251287460327148 0
1600 False 0 0.0 0
1700 False 0 0.0 0
1800 False 0 0.0 0
1900 True 1 0.6206178665161133 0
2000 False 0 0.0 0
2100 False 0 0.0 0
2200 True 1 0.6112024784088135 0
2300 True 1 0.6056919097900391 0
2400 True 1 0.6147644519805908 0
2500 False 0 0.0 0
2600 True 1 0.6542627811431885 0
2700 False 0 0.0 0
2800 True 1 0.603461503982544 0
2900 False 0 0.0 0
3000 True 1 0.6547050476074219 0
3100 True 1 0.8850948810577393 0
3200 False 0 0.0 0
3300 False 0 0.0 0
3400 False 0 0.0 0
3500 True 1 0.8561596870422363 0
3600 False 0 0.0 0
3700 False 0 0.0 0
3800 True 1 0.8244907855987549 0
3900 True 0 0.06669354438781738 0
4000 False 0 0.0 0
4100 True 1 0.6483330726623535 0
4200 False 0 0.0 0
4300 True 1 0.634758710861206 0
4400 False 0 0.0 0
4500 False 0 0.0 0
4600 True 0 0.528038501739502 0
4700 False 0 0.0 0
4800 True 1 0.8865618705749512 0
4900 True 1 0.9319298267364502 0
5000 True 1 0.7549231052398682 0
5100 True 1 0.8911888599395752 0
5200 True 1 0.8895630836486816 0
5300 False 0 0.0 0
5400 True 1 0.8895025253295898 0
5500 False 0 0.0 0
5600 False 0 0.0 0
5700 True 1 0.892207145690918 0
5800 False 0 0.0 0
5900 False 0 0.0 0
6000 True 1 0.8991763591766357 0
6100 True 1 0.8187487125396729 0
6200 False 0 0.0 0
6300 False 0 0.0 0
6400 False 0 0.0 0
6500 False 0 0.0 0
6600 True 1 0.8784265518188477 0
6700 True 1 0.6168868541717529 0
6800 True 1 0.7421655654907227 0
6900 False 0 0.0 0
7000 False 0 0.0 0
7100 False 0 0.0 0
7200 False 0 0.0 0
7300 True 1 0.8944883346557617 0
7400 True 1 0.8113725185394287 0
7500 False 0 0.0 0
7600 False 0 0.0 0
7700 True 1 0.624767541885376 0
7800 True 1 0.6125667095184326 0
7900 False 0 0.0 0
8000 True 1 0.6428861618041992 0
8100 False 0 0.0 0
8200 False 0 0.0 0
8300 False 0 0.0 0
8400 False 0 0.0 0
8500 True 1 0.6172118186950684 0
8600 False 0 0.0 0
8700 True 1 0.6276955604553223 0
8800 True 1 0.6642191410064697 0
8900 False 0 0.0 0
9000 True 1 0.888993501663208 0
9100 False 0 0.0 0
9200 True 1 0.8882520198822021 0
9300 False 0 0.0 0
9400 True 0 0.48545336723327637 0
9500 False 0 0.0 0
9600 True 1 0.9093761444091797 0
9700 True 1 0.7385494709014893 0
9800 True 0 0.6976587772369385 0
9900 False 0 0.0 0
