0 True 0 0.30684399604797363 0
100 False 0 0.0 0
200 False 0 0.0 0
300 True 1 1.300097942352295 0
400 True 1 1.3091025352478027 0
500 True 0 0.4289374351501465 0
600 False 0 0.0 0
700 True 0 0.1513504981994629 0
800 True 1 1.3002262115478516 0
900 False 0 0.0 0
1000 True 1 1.3163130283355713 0
1100 False 0 0.0 0
1200 True 1 1.296736717224121 0
1300 False 0 0.0 0
1400 True 1 1.3108587265014648 0
1500 False 0 0.0 0
1600 False 0 0.0 0
1700 False 0 0.0 0
1800 False 0 0.0 0
1900 True 1 1.2972071170806885 0
2000 False 0 0.0 0
2100 False 0 0.0 0
2200 True 1 1.3170111179351807 0
2300 False 0 0.0 0
2400 True 1 1.3028006553649902 0
2500 False 0 0.0 0
2600 True 1 1.308809757232666 0
2700 False 0 0.0 0
2800 False 0 0.0 0
2900 True 1 1.3008825778961182 0
3000 True 1 1.3097312450408936 0
3100 True 1 1.313385009765625 0
3200 False 0 0.0 0
3300 False 0 0.0 0
3400 True 1 1.3093876838684082 0
3500 False 0 0.0 0
3600 False 0 0.0 0
3700 False 0 0.0 0
3800 True 0 0.14460325241088867 0
3900 False 0 0.0 0
4000 False 0 0.0 0
4100 True 1 1.3058438301086426 0
4200 False 0 0.0 0
4300 True 1 1.2991538047790527 0
4400 False 0 0.0 0
4500 False 0 0.0 0
4600 False 0 0.0 0
4700 False 0 0.0 0
4800 True 1 1.301121473312378 0
4900 False 0 0.0 0
5000 True 0 0.1443023681640625 0
5100 True 0 0.5821986198425293 0
5200 True 0 0.2889418601989746 0
5300 False 0 0.0 0
5400 False 0 0.0 0
5500 False 0 0.0 0
5600 False 0 0.0 0
5700 True 1 1.3016438484191895 0
5800 False 0 0.0 0
5900 False 0 0.0 0
6000 True 0 1.3018882274627686 0
6100 True 1 1.3026704788208008 0
6200 False 0 0.0 0
6300 False 0 0.0 0
6400 True 0 0.1488337516784668 0
6500 False 0 0.0 0
6600 True 1 1.3119590282440186 0
6700 False 0 0.0 0
6800 True 1 1.3023951053619385 0
6900 True 0 0.2868380546569824 0
7000 False 0 0.0 0
7100 True 1 1.30562162399292 0
7200 False 0 0.0 0
7300 False 0 0.0 0
7400 False 0 0.0 0
7500 True 1 1.300873041152954 0
7600 True 0 0.14516901969909668 0
7700 True 1 1.301912546157837 0
7800 True 1 1.3078129291534424 0
7900 False 0 0.0 0
8000 True 0 0.14458560943603516 0
8100 False 0 0.0 0
8200 False 0 0.0 0
8300 False 0 0.0 0
8400 False 0 0.0 0
8500 False 0 0.0 0
8600 True 1 1.3054695129394531 0
8700 True 1 1.3120920658111572 0
8800 True 1 1.3088383674621582 0
8900 False 0 0.0 0
9000 True 0 0.1460886001586914 0
9100 False 0 0.0 0
9200 True 1 1.3047311305999756 0
9300 True 1 1.311431884765625 0
9400 True 1 1.3032631874084473 0
9500 False 0 0.0 0
9600 True 1 1.3080456256866455 0
9700 True 1 1.2989330291748047 0
9800 False 0 0.0 0
9900 False 0 0.0 0
