0 True 0.00390625 4.914081811904907 0
100 True 0.0 2.5022683143615723 0
200 False 0.0 0.0 0
300 True 0.00390625 5.15711522102356 0
400 True 0.013671875 6.269359827041626 0
500 False 0.0 0.0 0
600 False 0.0 0.0 0
700 True 0.005859375 4.101392507553101 0
800 True 0.0078125 6.8105692863464355 0
900 False 0.0 0.0 0
1000 True 0.0078125 3.559013605117798 0
1100 False 0.0 0.0 0
1200 True 0.01171875 4.494033336639404 0
1300 False 0.0 0.0 0
1400 True 0.0 2.789067029953003 0
1500 True 0.0087890625 8.382645606994629 0
1600 False 0.0 0.0 0
1700 False 0.0 0.0 0
1800 True 0.0029296875 5.251071214675903 0
1900 True 0.0107421875 6.789190053939819 0
2000 False 0.0 0.0 0
2100 True 0.0 3.3891239166259766 0
2200 True 0.0 2.330777645111084 0
2300 False 0.0 0.0 0
2400 True 0.013671875 6.016458511352539 0
2500 True 0.001953125 3.7267050743103027 0
2600 True 0.009765625 4.388989210128784 0
2700 True 0.0068359375 6.208773136138916 0
2800 True 0.0029296875 5.558385372161865 0
2900 False 0.0 0.0 0
3000 True 0.0087890625 5.188382387161255 0
3100 True 0.0078125 3.4301528930664062 0
3200 True 0.0048828125 5.06439733505249 0
3300 True 0.0048828125 5.775198698043823 0
3400 False 0.0 0.0 0
3500 True 0.0 6.013838052749634 0
3600 False 0.0 0.0 0
3700 False 0.0 0.0 0
3800 True 0.00390625 2.9192910194396973 0
3900 False 0.0 0.0 0
4000 False 0.0 0.0 0
4100 True 0.0107421875 5.696393966674805 0
4200 False 0.0 0.0 0
4300 True 0.0068359375 5.42987322807312 0
4400 False 0.0 0.0 0
4500 True 0.0029296875 6.059654712677002 0
4600 False 0.0 0.0 0
4700 False 0.0 0.0 0
4800 True 0.0087890625 5.22252893447876 0
4900 True 0.001953125 4.368398666381836 0
5000 True 0.0107421875 5.625322103500366 0
5100 False 0.0 0.0 0
5200 True 0.0126953125 6.724179029464722 0
5300 False 0.0 0.0 0
5400 False 0.0 0.0 0
5500 False 0.0 0.0 0
5600 True 0.00390625 3.6201558113098145 0
5700 True 0.00390625 3.938373327255249 0
5800 False 0.0 0.0 0
5900 False 0.0 0.0 0
6000 True 0.005859375 4.385035991668701 0
6100 True 0.0087890625 5.220886945724487 0
6200 False 0.0 0.0 0
6300 True 0.00390625 3.3426265716552734 0
6400 False 0.0 0.0 0
6500 False 0.0 0.0 0
6600 True 0.01171875 4.350063323974609 0
6700 True 0.001953125 3.4446487426757812 0
6800 True 0.0029296875 5.055385112762451 0
6900 False 0.0 0.0 0
7000 False 0.0 0.0 0
7100 False 0.0 0.0 0
7200 False 0.0 0.0 0
7300 False 0.0 0.0 0
7400 True 0.0048828125 5.701519250869751 0
7500 True 0.00390625 4.6477952003479 0
7600 False 0.0 0.0 0
7700 True 0.005859375 5.939553499221802 0
7800 True 0.0068359375 6.676532745361328 0
7900 False 0.0 0.0 0
8000 True 0.005859375 7.078960657119751 0
8100 False 0.0 0.0 0
8200 False 0.0 0.0 0
8300 False 0.0 0.0 0
8400 False 0.0 0.0 0
8500 True 0.009765625 5.294299602508545 0
8600 False 0.0 0.0 0
8700 True 0.0048828125 5.554495334625244 0
8800 True 0.0185546875 6.650491714477539 0
8900 True 0.0 3.9848873615264893 0
9000 True 0.009765625 4.068158864974976 0
9100 False 0.0 0.0 0
9200 True 0.0107421875 5.871186017990112 0
9300 True 0.0068359375 5.741911888122559 0
9400 True 0.00390625 4.107025861740112 0
9500 True 0.0029296875 5.488453388214111 0
9600 True 0.009765625 4.140594959259033 0
9700 True 0.0087890625 4.5179173946380615 0
9800 True 0.009765625 7.994101285934448 0
9900 False 0.0 0.0 0
