0 False 0.0 0.0 0
100 False 0.0 0.0 0
200 False 0.0 0.0 0
300 True 0.048828125 0.07279682159423828 0
400 True 0.095703125 0.07357335090637207 0
500 False 0.0 0.0 0
600 False 0.0 0.0 0
700 True 0.021484375 0.07154178619384766 0
800 True 0.0185546875 0.06785416603088379 0
900 False 0.0 0.0 0
1000 True 0.044921875 0.07300996780395508 0
1100 False 0.0 0.0 0
1200 False 0.0 0.0 0
1300 False 0.0 0.0 0
1400 True 0.0283203125 0.07104682922363281 0
1500 False 0.0 0.0 0
1600 False 0.0 0.0 0
1700 False 0.0 0.0 0
1800 False 0.0 0.0 0
1900 False 0.0 0.0 0
2000 False 0.0 0.0 0
2100 False 0.0 0.0 0
2200 True 0.0517578125 0.07121801376342773 0
2300 False 0.0 0.0 0
2400 True 0.1552734375 0.07192230224609375 0
2500 False 0.0 0.0 0
2600 True 0.078125 0.07378816604614258 0
2700 True 0.0029296875 0.06601715087890625 0
2800 False 0.0 0.0 0
2900 False 0.0 0.0 0
3000 True 0.0615234375 0.06408452987670898 0
3100 True 0.015625 0.07114911079406738 0
3200 False 0.0 0.0 0
3300 False 0.0 0.0 0
3400 True 0.0283203125 0.06931710243225098 0
3500 False 0.0 0.0 0
3600 False 0.0 0.0 0
3700 False 0.0 0.0 0
3800 False 0.0 0.0 0
3900 False 0.0 0.0 0
4000 False 0.0 0.0 0
4100 True 0.06640625 0.07268905639648438 0
4200 False 0.0 0.0 0
4300 False 0.0 0.0 0
4400 False 0.0 0.0 0
4500 False 0.0 0.0 0
4600 False 0.0 0.0 0
4700 False 0.0 0.0 0
4800 True 0.0439453125 0.07051324844360352 0
4900 False 0.0 0.0 0
5000 False 0.0 0.0 0
5100 False 0.0 0.0 0
5200 False 0.0 0.0 0
5300 False 0.0 0.0 0
5400 False 0.0 0.0 0
5500 False 0.0 0.0 0
5600 False 0.0 0.0 0
5700 False 0.0 0.0 0
5800 False 0.0 0.0 0
5900 False 0.0 0.0 0
6000 False 0.0 0.0 0
6100 True 0.01953125 0.07171297073364258 0
6200 False 0.0 0.0 0
6300 False 0.0 0.0 0
6400 False 0.0 0.0 0
6500 False 0.0 0.0 0
6600 True 0.04296875 0.07120561599731445 0
6700 True 0.021484375 0.07129144668579102 0
6800 True 0.0498046875 0.07263517379760742 0
6900 False 0.0 0.0 0
7000 False 0.0 0.0 0
7100 True 0.0556640625 0.0703728199005127 0
7200 False 0.0 0.0 0
7300 True 0.013671875 0.07087182998657227 0
7400 False 0.0 0.0 0
7500 False 0.0 0.0 0
7600 False 0.0 0.0 0
7700 True 0.029296875 0.07063078880310059 0
7800 True 0.03125 0.07114887237548828 0
7900 False 0.0 0.0 0
8000 True 0.0107421875 0.06792044639587402 0
8100 True 0.0380859375 0.0702066421508789 0
8200 False 0.0 0.0 0
8300 False 0.0 0.0 0
8400 False 0.0 0.0 0
8500 False 0.0 0.0 0
8600 False 0.0 0.0 0
8700 False 0.0 0.0 0
8800 True 0.068359375 0.0718085765838623 0
8900 False 0.0 0.0 0
9000 False 0.0 0.0 0
9100 False 0.0 0.0 0
9200 True 0.029296875 0.07118940353393555 0
9300 False 0.0 0.0 0
9400 True 0.037109375 0.07106304168701172 0
9500 False 0.0 0.0 0
9600 True 0.0390625 0.07224488258361816 0
9700 True 0.095703125 0.06992650032043457 0
9800 False 0.0 0.0 0
9900 False 0.0 0.0 0
