0 True 0.0 0.10344624519348145 0
100 False 0.0 0.0 0
200 False 0.0 0.0 0
300 True 0.0 0.10475993156433105 0
400 True 0.03125 0.10162568092346191 0
500 False 0.0 0.0 0
600 True 0.0 0.10382533073425293 0
700 True 0.015625 0.10080242156982422 0
800 True 0.015625 0.10404229164123535 0
900 False 0.0 0.0 0
1000 True 0.015625 0.10308265686035156 0
1100 False 0.0 0.0 0
1200 False 0.0 0.0 0
1300 False 0.0 0.0 0
1400 True 0.0078125 0.10302948951721191 0
1500 False 0.0 0.0 0
1600 False 0.0 0.0 0
1700 False 0.0 0.0 0
1800 False 0.0 0.0 0
1900 True 0.0234375 0.1012427806854248 0
2000 False 0.0 0.0 0
2100 False 0.0 0.0 0
2200 True 0.015625 0.10524368286132812 0
2300 False 0.0 0.0 0
2400 True 0.0390625 0.10437130928039551 0
2500 False 0.0 0.0 0
2600 True 0.015625 0.10391545295715332 0
2700 False 0.0 0.0 0
2800 False 0.0 0.0 0
2900 False 0.0 0.0 0
3000 True 0.0234375 0.10453367233276367 0
3100 True 0.015625 0.10824322700500488 0
3200 False 0.0 0.0 0
3300 False 0.0 0.0 0
3400 False 0.0 0.0 0
3500 True 0.015625 0.10357451438903809 0
3600 False 0.0 0.0 0
3700 False 0.0 0.0 0
3800 True 0.0078125 0.10243535041809082 0
3900 False 0.0 0.0 0
4000 False 0.0 0.0 0
4100 True 0.0234375 0.10301828384399414 0
4200 True 0.0 0.10110354423522949 0
4300 True 0.015625 0.10824084281921387 0
4400 False 0.0 0.0 0
4500 False 0.0 0.0 0
4600 False 0.0 0.0 0
4700 False 0.0 0.0 0
4800 True 0.0234375 0.11998224258422852 0
4900 False 0.0 0.0 0
5000 True 0.0234375 0.10417580604553223 0
5100 True 0.0 0.1148993968963623 0
5200 False 0.0 0.0 0
5300 False 0.0 0.0 0
5400 False 0.0 0.0 0
5500 True 0.0 0.11045503616333008 0
5600 False 0.0 0.0 0
5700 True 0.0078125 0.11179447174072266 0
5800 False 0.0 0.0 0
5900 False 0.0 0.0 0
6000 True 0.0 0.10566377639770508 0
6100 True 0.0078125 0.10578370094299316 0
6200 False 0.0 0.0 0
6300 False 0.0 0.0 0
6400 False 0.0 0.0 0
6500 False 0.0 0.0 0
6600 True 0.0234375 0.10056734085083008 0
6700 True 0.0 0.10390615463256836 0
6800 True 0.0078125 0.10549497604370117 0
6900 False 0.0 0.0 0
7000 False 0.0 0.0 0
7100 True 0.0234375 0.10609960556030273 0
7200 False 0.0 0.0 0
7300 False 0.0 0.0 0
7400 True 0.0078125 0.09999513626098633 0
7500 True 0.0078125 0.10009074211120605 0
7600 False 0.0 0.0 0
7700 True 0.015625 0.10625600814819336 0
7800 True 0.015625 0.09918451309204102 0
7900 False 0.0 0.0 0
8000 True 0.015625 0.09997272491455078 0
8100 False 0.0 0.0 0
8200 False 0.0 0.0 0
8300 False 0.0 0.0 0
8400 False 0.0 0.0 0
8500 False 0.0 0.0 0
8600 False 0.0 0.0 0
8700 False 0.0 0.0 0
8800 True 0.0390625 0.09846210479736328 0
8900 False 0.0 0.0 0
9000 True 0.015625 0.1028292179107666 0
9100 False 0.0 0.0 0
9200 True 0.0234375 0.10285425186157227 0
9300 True 0.015625 0.10530567169189453 0
9400 True 0.0078125 0.10290169715881348 0
9500 True 0.0 0.10439300537109375 0
9600 True 0.0234375 0.10257601737976074 0
9700 True 0.015625 0.09769916534423828 0
9800 True 0.015625 0.10247468948364258 0
9900 False 0.0 0.0 0
