0 True 0 0.015796422958374023 0
100 False 0 0.0 0
200 False 0 0.0 0
300 True 0 0.015976667404174805 0
400 True 1 0.015704870223999023 0
500 False 0 0.0 0
600 True 0 0.01581263542175293 0
700 True 0 0.015976667404174805 0
800 True 0 0.015970468521118164 0
900 False 0 0.0 0
1000 True 0 0.015810012817382812 0
1100 False 0 0.0 0
1200 False 0 0.0 0
1300 False 0 0.0 0
1400 True 0 0.017172574996948242 0
1500 False 0 0.0 0
1600 False 0 0.0 0
1700 False 0 0.0 0
1800 False 0 0.0 0
1900 True 0 0.015839338302612305 0
2000 False 0 0.0 0
2100 False 0 0.0 0
2200 True 0 0.016449689865112305 0
2300 False 0 0.0 0
2400 True 1 0.015143394470214844 0
2500 False 0 0.0 0
2600 True 0 0.015584468841552734 0
2700 False 0 0.0 0
2800 False 0 0.0 0
2900 False 0 0.0 0
3000 True 0 0.015987634658813477 0
3100 True 0 0.015813112258911133 0
3200 False 0 0.0 0
3300 False 0 0.0 0
3400 False 0 0.0 0
3500 True 0 0.015606403350830078 0
3600 False 0 0.0 0
3700 False 0 0.0 0
3800 True 0 0.01563549041748047 0
3900 False 0 0.0 0
4000 False 0 0.0 0
4100 True 0 0.015923261642456055 0
4200 True 0 0.016604185104370117 0
4300 True 0 0.016382455825805664 0
4400 False 0 0.0 0
4500 False 0 0.0 0
4600 False 0 0.0 0
4700 False 0 0.0 0
4800 True 0 0.020553112030029297 0
4900 False 0 0.0 0
5000 True 0 0.017107725143432617 0
5100 True 0 0.01632547378540039 0
5200 False 0 0.0 0
5300 False 0 0.0 0
5400 False 0 0.0 0
5500 True 0 0.016045331954956055 0
5600 False 0 0.0 0
5700 True 0 0.01618361473083496 0
5800 False 0 0.0 0
5900 False 0 0.0 0
6000 True 0 0.01575016975402832 0
6100 True 0 0.016159534454345703 0
6200 False 0 0.0 0
6300 False 0 0.0 0
6400 False 0 0.0 0
6500 False 0 0.0 0
6600 True 0 0.015765905380249023 0
6700 True 0 0.015952587127685547 0
6800 True 0 0.01636505126953125 0
6900 False 0 0.0 0
7000 False 0 0.0 0
7100 True 0 0.01623082160949707 0
7200 False 0 0.0 0
7300 False 0 0.0 0
7400 True 0 0.016020774841308594 0
7500 True 0 0.015687227249145508 0
7600 False 0 0.0 0
7700 True 0 0.01641082763671875 0
7800 True 0 0.015255212783813477 0
7900 False 0 0.0 0
8000 True 0 0.01567220687866211 0
8100 False 0 0.0 0
8200 False 0 0.0 0
8300 False 0 0.0 0
8400 False 0 0.0 0
8500 False 0 0.0 0
8600 False 0 0.0 0
8700 False 0 0.0 0
8800 True 1 0.015414237976074219 0
8900 False 0 0.0 0
9000 True 0 0.015563011169433594 0
9100 False 0 0.0 0
9200 True 0 0.0167849063873291 0
9300 True 0 0.015384197235107422 0
9400 True 0 0.015709638595581055 0
9500 True 0 0.01594400405883789 0
9600 True 0 0.016219615936279297 0
9700 True 0 0.01612067222595215 0
9800 True 0 0.01834869384765625 0
9900 False 0 0.0 0
