0 True 0.0 0.13196158409118652 0
100 False 0.0 0.0 0
200 False 0.0 0.0 0
300 True 0.033203125 0.13403654098510742 0
400 True 0.04296875 0.1244654655456543 0
500 True 0.0126953125 0.12367820739746094 0
600 False 0.0 0.0 0
700 True 0.0146484375 0.12518000602722168 0
800 True 0.0322265625 0.13390588760375977 0
900 False 0.0 0.0 0
1000 True 0.0380859375 0.12472915649414062 0
1100 False 0.0 0.0 0
1200 True 0.0400390625 0.12371134757995605 0
1300 False 0.0 0.0 0
1400 True 0.029296875 0.1270303726196289 0
1500 False 0.0 0.0 0
1600 False 0.0 0.0 0
1700 False 0.0 0.0 0
1800 False 0.0 0.0 0
1900 True 0.0283203125 0.13077354431152344 0
2000 False 0.0 0.0 0
2100 False 0.0 0.0 0
2200 True 0.0859375 0.12786030769348145 0
2300 False 0.0 0.0 0
2400 True 0.0703125 0.12448501586914062 0
2500 False 0.0 0.0 0
2600 True 0.05078125 0.12722373008728027 0
2700 False 0.0 0.0 0
2800 False 0.0 0.0 0
2900 True 0.0400390625 0.12668752670288086 0
3000 True 0.037109375 0.12432599067687988 0
3100 True 0.02734375 0.12233591079711914 0
3200 False 0.0 0.0 0
3300 False 0.0 0.0 0
3400 True 0.046875 0.12399983406066895 0
3500 False 0.0 0.0 0
3600 False 0.0 0.0 0
3700 False 0.0 0.0 0
3800 True 0.0029296875 0.13338804244995117 0
3900 False 0.0 0.0 0
4000 False 0.0 0.0 0
4100 True 0.068359375 0.12423157691955566 0
4200 False 0.0 0.0 0
4300 True 0.0400390625 0.12500762939453125 0
4400 False 0.0 0.0 0
4500 False 0.0 0.0 0
4600 False 0.0 0.0 0
4700 False 0.0 0.0 0
4800 True 0.05078125 0.12315535545349121 0
4900 False 0.0 0.0 0
5000 True 0.005859375 0.12908029556274414 0
5100 True 0.0205078125 0.12730026245117188 0
5200 True 0.01171875 0.12667012214660645 0
5300 False 0.0 0.0 0
5400 False 0.0 0.0 0
5500 False 0.0 0.0 0
5600 False 0.0 0.0 0
5700 True 0.021484375 0.12694740295410156 0
5800 False 0.0 0.0 0
5900 False 0.0 0.0 0
6000 True 0.017578125 0.12420797348022461 0
6100 True 0.015625 0.12408089637756348 0
6200 False 0.0 0.0 0
6300 False 0.0 0.0 0
6400 True 0.005859375 0.12139487266540527 0
6500 False 0.0 0.0 0
6600 True 0.029296875 0.12297725677490234 0
6700 False 0.0 0.0 0
6800 True 0.048828125 0.1332230567932129 0
6900 True 0.0126953125 0.125077486038208 0
7000 False 0.0 0.0 0
7100 True 0.0595703125 0.12213945388793945 0
7200 False 0.0 0.0 0
7300 False 0.0 0.0 0
7400 False 0.0 0.0 0
7500 True 0.0322265625 0.12481021881103516 0
7600 True 0.005859375 0.13003969192504883 0
7700 True 0.0458984375 0.1290123462677002 0
7800 True 0.0712890625 0.1257009506225586 0
7900 False 0.0 0.0 0
8000 True 0.017578125 0.12388730049133301 0
8100 False 0.0 0.0 0
8200 False 0.0 0.0 0
8300 False 0.0 0.0 0
8400 False 0.0 0.0 0
8500 False 0.0 0.0 0
8600 True 0.029296875 0.12397956848144531 0
8700 True 0.041015625 0.1269378662109375 0
8800 True 0.0859375 0.12116670608520508 0
8900 False 0.0 0.0 0
9000 True 0.0283203125 0.12367820739746094 0
9100 False 0.0 0.0 0
9200 True 0.0439453125 0.13311457633972168 0
9300 True 0.052734375 0.12605500221252441 0
9400 True 0.03515625 0.12716412544250488 0
9500 False 0.0 0.0 0
9600 True 0.0341796875 0.1236884593963623 0
9700 True 0.08984375 0.12074017524719238 0
9800 False 0.0 0.0 0
9900 False 0.0 0.0 0
