0 True 0.0087890625 0.14321422576904297 0
100 False 0.0 0.0 0
200 False 0.0 0.0 0
300 True 0.0087890625 0.1367964744567871 0
400 True 0.017578125 0.1313338279724121 0
500 False 0.0 0.0 0
600 True 0.01953125 0.13492631912231445 0
700 True 0.0107421875 0.14165186882019043 0
800 True 0.0205078125 0.1385335922241211 0
900 False 0.0 0.0 0
1000 True 0.0283203125 0.13617157936096191 0
1100 False 0.0 0.0 0
1200 True 0.0068359375 0.13155364990234375 0
1300 False 0.0 0.0 0
1400 False 0.0 0.0 0
1500 False 0.0 0.0 0
1600 True 0.001953125 0.132659912109375 0
1700 False 0.0 0.0 0
1800 False 0.0 0.0 0
1900 True 0.01953125 0.13218379020690918 0
2000 False 0.0 0.0 0
2100 False 0.0 0.0 0
2200 True 0.0029296875 0.12778091430664062 0
2300 False 0.0 0.0 0
2400 True 0.046875 0.12982726097106934 0
2500 False 0.0 0.0 0
2600 True 0.0205078125 0.1385815143585205 0
2700 True 0.001953125 0.13317203521728516 0
2800 False 0.0 0.0 0
2900 True 0.0068359375 0.13356518745422363 0
3000 True 0.025390625 0.13611602783203125 0
3100 True 0.02734375 0.13959145545959473 0
3200 False 0.0 0.0 0
3300 True 0.00390625 0.13717317581176758 0
3400 False 0.0 0.0 0
3500 True 0.013671875 0.1343371868133545 0
3600 False 0.0 0.0 0
3700 True 0.0107421875 0.1332540512084961 0
3800 True 0.017578125 0.1312541961669922 0
3900 False 0.0 0.0 0
4000 False 0.0 0.0 0
4100 True 0.033203125 0.13408207893371582 0
4200 False 0.0 0.0 0
4300 True 0.01953125 0.1286449432373047 0
4400 False 0.0 0.0 0
4500 True 0.009765625 0.13029956817626953 0
4600 False 0.0 0.0 0
4700 False 0.0 0.0 0
4800 True 0.0205078125 0.13885855674743652 0
4900 False 0.0 0.0 0
5000 True 0.0244140625 0.1336517333984375 0
5100 True 0.0146484375 0.13394808769226074 0
5200 True 0.01171875 0.13029766082763672 0
5300 False 0.0 0.0 0
5400 True 0.0087890625 0.12850594520568848 0
5500 False 0.0 0.0 0
5600 False 0.0 0.0 0
5700 True 0.0185546875 0.13097214698791504 0
5800 False 0.0 0.0 0
5900 False 0.0 0.0 0
6000 True 0.0078125 0.13864350318908691 0
6100 True 0.015625 0.13581466674804688 0
6200 True 0.0126953125 0.1293795108795166 0
6300 False 0.0 0.0 0
6400 False 0.0 0.0 0
6500 False 0.0 0.0 0
6600 True 0.021484375 0.1328732967376709 0
6700 True 0.0107421875 0.14022374153137207 0
6800 False 0.0 0.0 0
6900 False 0.0 0.0 0
7000 False 0.0 0.0 0
7100 True 0.0166015625 0.13128018379211426 0
7200 False 0.0 0.0 0
7300 True 0.001953125 0.1329803466796875 0
7400 True 0.013671875 0.13344860076904297 0
7500 True 0.0234375 0.13036799430847168 0
7600 False 0.0 0.0 0
7700 True 0.0185546875 0.13471508026123047 0
7800 True 0.0029296875 0.13534212112426758 0
7900 False 0.0 0.0 0
8000 True 0.0009765625 0.13491225242614746 0
8100 False 0.0 0.0 0
8200 False 0.0 0.0 0
8300 False 0.0 0.0 0
8400 True 0.0078125 0.13513517379760742 0
8500 True 0.0078125 0.13110637664794922 0
8600 True 0.0087890625 0.13284635543823242 0
8700 True 0.01953125 0.13143038749694824 0
8800 True 0.056640625 0.12907719612121582 0
8900 True 0.0107421875 0.13208270072937012 0
9000 True 0.025390625 0.13703560829162598 0
9100 False 0.0 0.0 0
9200 True 0.02734375 0.1374797821044922 0
9300 False 0.0 0.0 0
9400 True 0.0166015625 0.13993382453918457 0
9500 True 0.0048828125 0.1313173770904541 0
9600 True 0.0185546875 0.12955927848815918 0
9700 True 0.017578125 0.12934088706970215 0
9800 True 0.0302734375 0.1370844841003418 0
9900 False 0.0 0.0 0
