0 True 0 0.014342308044433594 0
100 False 0 0.0 0
200 False 0 0.0 0
300 True 1 0.014025211334228516 0
400 True 1 0.014493703842163086 0
500 True 0 0.014351606369018555 0
600 False 0 0.0 0
700 True 0 0.014228343963623047 0
800 True 1 0.014232397079467773 0
900 False 0 0.0 0
1000 True 1 0.014977455139160156 0
1100 False 0 0.0 0
1200 True 1 0.014579057693481445 0
1300 False 0 0.0 0
1400 True 0 0.014421224594116211 0
1500 False 0 0.0 0
1600 False 0 0.0 0
1700 False 0 0.0 0
1800 False 0 0.0 0
1900 True 0 0.014357328414916992 0
2000 False 0 0.0 0
2100 False 0 0.0 0
2200 True 1 0.014739513397216797 0
2300 False 0 0.0 0
2400 True 1 0.01449275016784668 0
2500 False 0 0.0 0
2600 True 1 0.014248847961425781 0
2700 False 0 0.0 0
2800 False 0 0.0 0
2900 True 1 0.014081954956054688 0
3000 True 1 0.014830827713012695 0
3100 True 0 0.014776229858398438 0
3200 False 0 0.0 0
3300 False 0 0.0 0
3400 True 1 0.014430522918701172 0
3500 False 0 0.0 0
3600 False 0 0.0 0
3700 False 0 0.0 0
3800 True 0 0.014156103134155273 0
3900 False 0 0.0 0
4000 False 0 0.0 0
4100 True 1 0.015049457550048828 0
4200 False 0 0.0 0
4300 True 1 0.014623165130615234 0
4400 False 0 0.0 0
4500 False 0 0.0 0
4600 False 0 0.0 0
4700 False 0 0.0 0
4800 True 1 0.014457464218139648 0
4900 False 0 0.0 0
5000 True 0 0.014330625534057617 0
5100 True 0 0.014995813369750977 0
5200 True 0 0.014738798141479492 0
5300 False 0 0.0 0
5400 False 0 0.0 0
5500 False 0 0.0 0
5600 False 0 0.0 0
5700 True 0 0.014210700988769531 0
5800 False 0 0.0 0
5900 False 0 0.0 0
6000 True 0 0.014031648635864258 0
6100 True 0 0.015155315399169922 0
6200 False 0 0.0 0
6300 False 0 0.0 0
6400 True 0 0.014327287673950195 0
6500 False 0 0.0 0
6600 True 0 0.01429891586303711 0
6700 False 0 0.0 0
6800 True 1 0.013342857360839844 0
6900 True 0 0.015078306198120117 0
7000 False 0 0.0 0
7100 True 1 0.013478994369506836 0
7200 False 0 0.0 0
7300 False 0 0.0 0
7400 False 0 0.0 0
7500 True 1 0.014510869979858398 0
7600 True 0 0.014609336853027344 0
7700 True 1 0.015088558197021484 0
7800 True 1 0.014535665512084961 0
7900 False 0 0.0 0
8000 True 0 0.014209508895874023 0
8100 False 0 0.0 0
8200 False 0 0.0 0
8300 False 0 0.0 0
8400 False 0 0.0 0
8500 False 0 0.0 0
8600 True 0 0.014132976531982422 0
8700 True 1 0.015073537826538086 0
8800 True 1 0.014676809310913086 0
8900 False 0 0.0 0
9000 True 0 0.014507532119750977 0
9100 False 0 0.0 0
9200 True 1 0.014168262481689453 0
9300 True 1 0.014811038970947266 0
9400 True 1 0.014524221420288086 0
9500 False 0 0.0 0
9600 True 1 0.014380455017089844 0
9700 True 1 0.014068126678466797 0
9800 False 0 0.0 0
9900 False 0 0.0 0
