0 True 0.0 0.11320710182189941 0
100 True 0.0 0.11716175079345703 0
200 False 0.0 0.0 0
300 True 0.0 0.1086113452911377 0
400 True 0.0078125 0.10481095314025879 0
500 False 0.0 0.0 0
600 False 0.0 0.0 0
700 True 0.0 0.1039130687713623 0
800 True 0.0 0.11344671249389648 0
900 False 0.0 0.0 0
1000 True 0.0 0.10899806022644043 0
1100 False 0.0 0.0 0
1200 True 0.0078125 0.10236620903015137 0
1300 False 0.0 0.0 0
1400 True 0.0 0.11138367652893066 0
1500 True 0.0078125 0.11051654815673828 0
1600 False 0.0 0.0 0
1700 False 0.0 0.0 0
1800 True 0.0 0.11025333404541016 0
1900 True 0.0078125 0.10808181762695312 0
2000 False 0.0 0.0 0
2100 True 0.0 0.11819243431091309 0
2200 True 0.0 0.10903048515319824 0
2300 False 0.0 0.0 0
2400 True 0.0078125 0.10646986961364746 0
2500 True 0.0 0.1121835708618164 0
2600 True 0.0078125 0.10701370239257812 0
2700 True 0.0 0.10747504234313965 0
2800 True 0.0 0.11445879936218262 0
2900 False 0.0 0.0 0
3000 True 0.0078125 0.11735177040100098 0
3100 True 0.0 0.10774755477905273 0
3200 True 0.0 0.1090700626373291 0
3300 True 0.0 0.10757136344909668 0
3400 False 0.0 0.0 0
3500 True 0.0 0.10657429695129395 0
3600 False 0.0 0.0 0
3700 False 0.0 0.0 0
3800 True 0.0 0.10640764236450195 0
3900 False 0.0 0.0 0
4000 False 0.0 0.0 0
4100 True 0.0078125 0.11190032958984375 0
4200 False 0.0 0.0 0
4300 True 0.0 0.1118323802947998 0
4400 False 0.0 0.0 0
4500 True 0.0 0.11348342895507812 0
4600 False 0.0 0.0 0
4700 False 0.0 0.0 0
4800 True 0.0078125 0.10747051239013672 0
4900 True 0.0 0.11742091178894043 0
5000 True 0.0078125 0.10796689987182617 0
5100 False 0.0 0.0 0
5200 True 0.0078125 0.1136784553527832 0
5300 False 0.0 0.0 0
5400 False 0.0 0.0 0
5500 False 0.0 0.0 0
5600 True 0.0 0.11383342742919922 0
5700 True 0.0 0.1103811264038086 0
5800 False 0.0 0.0 0
5900 False 0.0 0.0 0
6000 True 0.0 0.10729813575744629 0
6100 True 0.0078125 0.10789275169372559 0
6200 False 0.0 0.0 0
6300 True 0.0 0.10654783248901367 0
6400 False 0.0 0.0 0
6500 False 0.0 0.0 0
6600 True 0.0078125 0.11145734786987305 0
6700 True 0.0 0.11021757125854492 0
6800 True 0.0 0.11463260650634766 0
6900 False 0.0 0.0 0
7000 False 0.0 0.0 0
7100 False 0.0 0.0 0
7200 False 0.0 0.0 0
7300 False 0.0 0.0 0
7400 True 0.0 0.10649371147155762 0
7500 True 0.0 0.10518789291381836 0
7600 False 0.0 0.0 0
7700 True 0.0 0.1186213493347168 0
7800 True 0.0 0.1227262020111084 0
7900 False 0.0 0.0 0
8000 True 0.0 0.10810971260070801 0
8100 False 0.0 0.0 0
8200 False 0.0 0.0 0
8300 False 0.0 0.0 0
8400 False 0.0 0.0 0
8500 True 0.0078125 0.11011433601379395 0
8600 False 0.0 0.0 0
8700 True 0.0 0.11043453216552734 0
8800 True 0.015625 0.10663270950317383 0
8900 True 0.0 0.12262392044067383 0
9000 True 0.0078125 0.1106417179107666 0
9100 False 0.0 0.0 0
9200 True 0.0078125 0.10941386222839355 0
9300 True 0.0 0.11056208610534668 0
9400 True 0.0 0.10922574996948242 0
9500 True 0.0 0.11260437965393066 0
9600 True 0.0078125 0.1058189868927002 0
9700 True 0.0078125 0.1039738655090332 0
9800 True 0.0078125 0.10190176963806152 0
9900 False 0.0 0.0 0
