0 False 0.0 0.0 0
100 False 0.0 0.0 0
200 True 0.0 0.9059627056121826 0
300 True 0.0 0.8956260681152344 0
400 True 0.0078125 0.7535836696624756 0
500 False 0.0 0.0 0
600 True 0.0 0.7720065116882324 0
700 True 0.0 0.7133438587188721 0
800 True 0.0 0.8187599182128906 0
900 False 0.0 0.0 0
1000 True 0.0078125 0.7719664573669434 0
1100 False 0.0 0.0 0
1200 True 0.0 0.6573171615600586 0
1300 False 0.0 0.0 0
1400 False 0.0 0.0 0
1500 True 0.0 0.7932984828948975 0
1600 True 0.0 0.857123851776123 0
1700 False 0.0 0.0 0
1800 True 0.0 0.750016450881958 0
1900 True 0.0078125 0.7147002220153809 0
2000 False 0.0 0.0 0
2100 True 0.0 0.992781400680542 0
2200 True 0.0 0.6484711170196533 0
2300 False 0.0 0.0 0
2400 True 0.0078125 0.615253210067749 0
2500 True 0.0 0.8347957134246826 0
2600 True 0.0078125 0.7424631118774414 0
2700 True 0.0 0.7216451168060303 0
2800 True 0.0 0.9229617118835449 0
2900 False 0.0 0.0 0
3000 True 0.0078125 0.857306718826294 0
3100 True 0.0 0.690021276473999 0
3200 False 0.0 0.0 0
3300 True 0.0 0.8307373523712158 0
3400 False 0.0 0.0 0
3500 True 0.0 0.8139052391052246 0
3600 False 0.0 0.0 0
3700 True 0.0 0.7602760791778564 0
3800 True 0.0 0.7519996166229248 0
3900 False 0.0 0.0 0
4000 False 0.0 0.0 0
4100 True 0.0078125 0.8408877849578857 0
4200 True 0.0 0.7566087245941162 0
4300 True 0.0 0.8041656017303467 0
4400 False 0.0 0.0 0
4500 False 0.0 0.0 0
4600 False 0.0 0.0 0
4700 False 0.0 0.0 0
4800 True 0.0078125 0.8083994388580322 0
4900 False 0.0 0.0 0
5000 True 0.0078125 0.8097426891326904 0
5100 True 0.0 0.9000945091247559 0
5200 True 0.0 0.869744062423706 0
5300 True 0.0 0.8666634559631348 0
5400 True 0.0 0.7452192306518555 0
5500 True 0.0 0.8372001647949219 0
5600 True 0.0 0.8775339126586914 0
5700 True 0.0 0.8318345546722412 0
5800 False 0.0 0.0 0
5900 False 0.0 0.0 0
6000 True 0.0 0.8065919876098633 0
6100 True 0.0 0.824737548828125 0
6200 True 0.0 0.6446018218994141 0
6300 True 0.0 0.8384666442871094 0
6400 True 0.0 0.8921844959259033 0
6500 False 0.0 0.0 0
6600 True 0.0078125 0.777092456817627 0
6700 True 0.0 0.8621335029602051 0
6800 True 0.0 0.9727473258972168 0
6900 True 0.0 0.8103170394897461 0
7000 False 0.0 0.0 0
7100 False 0.0 0.0 0
7200 False 0.0 0.0 0
7300 False 0.0 0.0 0
7400 True 0.0 0.7731351852416992 0
7500 True 0.0078125 0.7386012077331543 0
7600 False 0.0 0.0 0
7700 True 0.0 0.9568707942962646 0
7800 True 0.0 0.6178247928619385 0
7900 False 0.0 0.0 0
8000 True 0.0 0.7372612953186035 0
8100 False 0.0 0.0 0
8200 False 0.0 0.0 0
8300 False 0.0 0.0 0
8400 True 0.0 0.8017423152923584 0
8500 True 0.0 0.7723631858825684 0
8600 True 0.0 0.8409066200256348 0
8700 True 0.0 0.82159423828125 0
8800 True 0.0078125 0.5898983478546143 0
8900 True 0.0 0.8742015361785889 0
9000 True 0.0078125 0.7171316146850586 0
9100 False 0.0 0.0 0
9200 True 0.0 0.6945023536682129 0
9300 True 0.0 0.8272433280944824 0
9400 True 0.0 0.8156559467315674 0
9500 True 0.0 0.8898193836212158 0
9600 True 0.0 0.7342820167541504 0
9700 True 0.0 0.6668431758880615 0
9800 True 0.0078125 0.7063906192779541 0
9900 True 0.0 0.6978497505187988 0
