0 False 0.0 0.0 0
100 False 0.0 0.0 0
200 False 0.0 0.0 0
300 True 0.0322265625 1.3107635974884033 0
400 True 0.0341796875 1.210160732269287 0
500 False 0.0 0.0 0
600 True 0.0234375 1.2038991451263428 0
700 True 0.0126953125 1.2235126495361328 0
800 True 0.009765625 1.2366156578063965 0
900 False 0.0 0.0 0
1000 True 0.025390625 1.171617031097412 0
1100 False 0.0 0.0 0
1200 True 0.013671875 1.1390960216522217 0
1300 True 0.0703125 1.3696401119232178 0
1400 True 0.0166015625 1.2231881618499756 0
1500 False 0.0 0.0 0
1600 False 0.0 0.0 0
1700 False 0.0 0.0 0
1800 False 0.0 0.0 0
1900 True 0.01171875 1.1689732074737549 0
2000 False 0.0 0.0 0
2100 False 0.0 0.0 0
2200 True 0.0419921875 1.1553738117218018 0
2300 False 0.0 0.0 0
2400 True 0.052734375 1.0827035903930664 0
2500 False 0.0 0.0 0
2600 True 0.0458984375 1.1467478275299072 0
2700 True 0.001953125 1.1504712104797363 0
2800 False 0.0 0.0 0
2900 False 0.0 0.0 0
3000 True 0.03515625 1.230330228805542 0
3100 True 0.02734375 1.1477642059326172 0
3200 False 0.0 0.0 0
3300 True 0.0126953125 1.2301123142242432 0
3400 True 0.01171875 1.2489869594573975 0
3500 True 0.01171875 1.2244150638580322 0
3600 False 0.0 0.0 0
3700 False 0.0 0.0 0
3800 True 0.0244140625 1.2022271156311035 0
3900 False 0.0 0.0 0
4000 False 0.0 0.0 0
4100 True 0.0380859375 1.247206687927246 0
4200 False 0.0 0.0 0
4300 True 0.021484375 1.1993143558502197 0
4400 False 0.0 0.0 0
4500 True 0.0126953125 1.20285964012146 0
4600 False 0.0 0.0 0
4700 False 0.0 0.0 0
4800 True 0.029296875 1.1935815811157227 0
4900 False 0.0 0.0 0
5000 True 0.021484375 1.2338111400604248 0
5100 True 0.021484375 1.2560756206512451 0
5200 False 0.0 0.0 0
5300 False 0.0 0.0 0
5400 True 0.0146484375 1.181178331375122 0
5500 False 0.0 0.0 0
5600 False 0.0 0.0 0
5700 False 0.0 0.0 0
5800 False 0.0 0.0 0
5900 False 0.0 0.0 0
6000 False 0.0 0.0 0
6100 True 0.0263671875 1.2115960121154785 0
6200 False 0.0 0.0 0
6300 False 0.0 0.0 0
6400 False 0.0 0.0 0
6500 False 0.0 0.0 0
6600 True 0.0380859375 1.1425230503082275 0
6700 True 0.0107421875 1.1965394020080566 0
6800 True 0.0244140625 1.2712266445159912 0
6900 True 0.01171875 1.2039952278137207 0
7000 False 0.0 0.0 0
7100 True 0.03515625 1.2115802764892578 0
7200 True 0.009765625 1.2403595447540283 0
7300 False 0.0 0.0 0
7400 False 0.0 0.0 0
7500 True 0.041015625 1.1744723320007324 0
7600 False 0.0 0.0 0
7700 True 0.03515625 1.2805964946746826 0
7800 True 0.03125 1.0490069389343262 0
7900 False 0.0 0.0 0
8000 True 0.0048828125 1.1650187969207764 0
8100 False 0.0 0.0 0
8200 False 0.0 0.0 0
8300 False 0.0 0.0 0
8400 False 0.0 0.0 0
8500 False 0.0 0.0 0
8600 True 0.01171875 1.2022359371185303 0
8700 True 0.0107421875 1.1947274208068848 0
8800 True 0.0859375 1.0579233169555664 0
8900 False 0.0 0.0 0
9000 True 0.015625 1.176398515701294 0
9100 False 0.0 0.0 0
9200 True 0.0234375 1.1472771167755127 0
9300 True 0.017578125 1.1999688148498535 0
9400 True 0.0283203125 1.194563388824463 0
9500 False 0.0 0.0 0
9600 True 0.015625 1.156982660293579 0
9700 True 0.0224609375 1.1000869274139404 0
9800 True 0.04296875 1.1532633304595947 0
9900 False 0.0 0.0 0
