0 True 0.00390625 1.478757619857788 0
100 False 0.0 0.0 0
200 False 0.0 0.0 0
300 True 0.00390625 1.4398181438446045 0
400 True 0.0126953125 1.3893747329711914 0
500 False 0.0 0.0 0
600 True 0.0107421875 1.3772549629211426 0
700 True 0.009765625 1.3806188106536865 0
800 True 0.01171875 1.4333930015563965 0
900 False 0.0 0.0 0
1000 True 0.0146484375 1.40142822265625 0
1100 False 0.0 0.0 0
1200 True 0.0126953125 1.3075122833251953 0
1300 True 0.0107421875 1.3222236633300781 0
1400 True 0.009765625 1.4341340065002441 0
1500 True 0.0029296875 1.383765697479248 0
1600 False 0.0 0.0 0
1700 False 0.0 0.0 0
1800 False 0.0 0.0 0
1900 True 0.01171875 1.3701388835906982 0
2000 False 0.0 0.0 0
2100 False 0.0 0.0 0
2200 True 0.015625 1.2780249118804932 0
2300 False 0.0 0.0 0
2400 True 0.02734375 1.3054757118225098 0
2500 False 0.0 0.0 0
2600 True 0.0107421875 1.344423770904541 0
2700 True 0.0078125 1.3406646251678467 0
2800 True 0.00390625 1.44692063331604 0
2900 False 0.0 0.0 0
3000 True 0.013671875 1.40932297706604 0
3100 True 0.0078125 1.2586772441864014 0
3200 False 0.0 0.0 0
3300 False 0.0 0.0 0
3400 False 0.0 0.0 0
3500 True 0.009765625 1.4162304401397705 0
3600 False 0.0 0.0 0
3700 False 0.0 0.0 0
3800 True 0.0087890625 1.3794476985931396 0
3900 False 0.0 0.0 0
4000 False 0.0 0.0 0
4100 True 0.0146484375 1.4198360443115234 0
4200 False 0.0 0.0 0
4300 True 0.0087890625 1.3658323287963867 0
4400 False 0.0 0.0 0
4500 True 0.00390625 1.381012201309204 0
4600 False 0.0 0.0 0
4700 False 0.0 0.0 0
4800 True 0.013671875 1.392568826675415 0
4900 False 0.0 0.0 0
5000 True 0.0126953125 1.3552618026733398 0
5100 True 0.0126953125 1.3983142375946045 0
5200 True 0.0126953125 1.313399076461792 0
5300 True 0.0029296875 1.3822979927062988 0
5400 True 0.0087890625 1.3435492515563965 0
5500 True 0.00390625 1.3897490501403809 0
5600 True 0.0068359375 1.4367568492889404 0
5700 True 0.009765625 1.0962872505187988 0
5800 False 0.0 0.0 0
5900 False 0.0 0.0 0
6000 True 0.0 0.7865171432495117 0
6100 True 0.0078125 1.156273365020752 0
6200 True 0.0087890625 1.334014892578125 0
6300 False 0.0 0.0 0
6400 True 0.01171875 1.3364129066467285 0
6500 False 0.0 0.0 0
6600 True 0.01953125 1.3492417335510254 0
6700 False 0.0 0.0 0
6800 True 0.0009765625 1.4202361106872559 0
6900 False 0.0 0.0 0
7000 False 0.0 0.0 0
7100 True 0.00390625 1.3007848262786865 0
7200 True 0.00390625 1.4521675109863281 0
7300 False 0.0 0.0 0
7400 True 0.0107421875 1.2740592956542969 0
7500 True 0.0166015625 1.3874411582946777 0
7600 False 0.0 0.0 0
7700 True 0.01171875 1.4377446174621582 0
7800 True 0.00390625 1.2943966388702393 0
7900 False 0.0 0.0 0
8000 True 0.005859375 1.1611385345458984 0
8100 False 0.0 0.0 0
8200 False 0.0 0.0 0
8300 False 0.0 0.0 0
8400 True 0.0087890625 1.3650226593017578 0
8500 True 0.0048828125 1.4202702045440674 0
8600 True 0.0068359375 1.3194594383239746 0
8700 True 0.0068359375 1.3695802688598633 0
8800 True 0.02734375 1.3970093727111816 0
8900 True 0.0107421875 1.4500784873962402 0
9000 True 0.0126953125 1.1169869899749756 0
9100 False 0.0 0.0 0
9200 True 0.009765625 0.7528159618377686 0
9300 True 0.0087890625 1.148155689239502 0
9400 True 0.0087890625 1.657012701034546 0
9500 False 0.0 0.0 0
9600 True 0.0078125 1.4869329929351807 0
9700 True 0.0078125 1.452728271484375 0
9800 True 0.0107421875 1.4477589130401611 0
9900 True 0.015625 1.502467393875122 0
