0 False 0 0.0 0
100 False 0 0.0 0
200 False 0 0.0 0
300 True 0 0.1685788631439209 0
400 True 1 0.1397867202758789 0
500 False 0 0.0 0
600 True 0 0.16565704345703125 0
700 True 0 0.13259148597717285 0
800 True 0 0.15748047828674316 0
900 False 0 0.0 0
1000 True 0 0.15271401405334473 0
1100 False 0 0.0 0
1200 True 0 0.1237032413482666 0
1300 False 0 0.0 0
1400 False 0 0.0 0
1500 True 0 0.15345215797424316 0
1600 False 0 0.0 0
1700 True 0 0.15081787109375 0
1800 True 0 0.1476759910583496 0
1900 True 1 0.16323423385620117 0
2000 False 0 0.0 0
2100 False 0 0.0 0
2200 True 0 0.1282057762145996 0
2300 False 0 0.0 0
2400 True 1 0.13103175163269043 0
2500 True 0 0.14694714546203613 0
2600 True 1 0.15216922760009766 0
2700 True 0 0.14158225059509277 0
2800 False 0 0.0 0
2900 False 0 0.0 0
3000 True 0 0.16991305351257324 0
3100 True 0 0.1767282485961914 0
3200 False 0 0.0 0
3300 True 0 0.1751880645751953 0
3400 False 0 0.0 0
3500 True 0 0.15146732330322266 0
3600 False 0 0.0 0
3700 True 0 0.15010690689086914 0
3800 True 0 0.15769028663635254 0
3900 False 0 0.0 0
4000 False 0 0.0 0
4100 True 1 0.15128397941589355 0
4200 False 0 0.0 0
4300 True 0 0.16012167930603027 0
4400 False 0 0.0 0
4500 False 0 0.0 0
4600 False 0 0.0 0
4700 False 0 0.0 0
4800 True 1 0.1664140224456787 0
4900 False 0 0.0 0
5000 True 1 0.15419554710388184 0
5100 True 0 0.17065811157226562 0
5200 True 1 0.16876697540283203 0
5300 True 0 0.16790342330932617 0
5400 False 0 0.0 0
5500 True 0 0.16780447959899902 0
5600 True 0 0.16394972801208496 0
5700 True 0 0.16222548484802246 0
5800 True 0 0.1347954273223877 0
5900 False 0 0.0 0
6000 True 0 0.15826749801635742 0
6100 True 0 0.16195940971374512 0
6200 True 0 0.12958931922912598 0
6300 True 0 0.16060352325439453 0
6400 False 0 0.0 0
6500 False 0 0.0 0
6600 True 1 0.13675308227539062 0
6700 True 0 0.16137027740478516 0
6800 True 0 0.17815423011779785 0
6900 False 0 0.0 0
7000 False 0 0.0 0
7100 False 0 0.0 0
7200 False 0 0.0 0
7300 False 0 0.0 0
7400 True 0 0.13779997825622559 0
7500 True 1 0.15102601051330566 0
7600 False 0 0.0 0
7700 True 0 0.18079090118408203 0
7800 True 0 0.13526272773742676 0
7900 False 0 0.0 0
8000 True 0 0.14719057083129883 0
8100 False 0 0.0 0
8200 False 0 0.0 0
8300 True 0 0.14547491073608398 0
8400 False 0 0.0 0
8500 True 0 0.1468029022216797 0
8600 False 0 0.0 0
8700 True 0 0.15540266036987305 0
8800 True 1 0.12873554229736328 0
8900 True 0 0.1643810272216797 0
9000 True 1 0.15069246292114258 0
9100 False 0 0.0 0
9200 True 0 0.14245891571044922 0
9300 True 0 0.14565038681030273 0
9400 True 0 0.13802027702331543 0
9500 True 0 0.16805315017700195 0
9600 True 0 0.16036176681518555 0
9700 True 0 0.1399080753326416 0
9800 True 1 0.13514995574951172 0
9900 True 0 0.15865349769592285 0
