0 True 0 0.08810067176818848 0
100 False 0 0.0 0
200 False 0 0.0 0
300 True 1 0.09041428565979004 0
400 True 1 0.09149336814880371 0
500 True 1 0.08717679977416992 0
600 True 1 0.09622669219970703 0
700 True 1 0.08837366104125977 0
800 True 1 0.09477424621582031 0
900 False 0 0.0 0
1000 True 1 0.09856367111206055 0
1100 False 0 0.0 0
1200 True 1 0.08844876289367676 0
1300 True 0 0.1229863166809082 0
1400 True 1 0.09170103073120117 0
1500 True 1 0.09453082084655762 0
1600 False 0 0.0 0
1700 False 0 0.0 0
1800 True 1 0.09231185913085938 0
1900 True 1 0.09819817543029785 0
2000 False 0 0.0 0
2100 False 0 0.0 0
2200 True 1 0.0822591781616211 0
2300 False 0 0.0 0
2400 True 1 0.11002898216247559 0
2500 True 1 0.0984039306640625 0
2600 True 1 0.09934449195861816 0
2700 False 0 0.0 0
2800 False 0 0.0 0
2900 False 0 0.0 0
3000 True 1 0.10351753234863281 0
3100 True 1 0.08898282051086426 0
3200 False 0 0.0 0
3300 True 1 0.09289312362670898 0
3400 False 0 0.0 0
3500 True 0 0.09660959243774414 0
3600 False 0 0.0 0
3700 False 0 0.0 0
3800 True 1 0.09545421600341797 0
3900 False 0 0.0 0
4000 False 0 0.0 0
4100 True 1 0.09697103500366211 0
4200 False 0 0.0 0
4300 True 1 0.09136176109313965 0
4400 False 0 0.0 0
4500 True 0 0.09879493713378906 0
4600 False 0 0.0 0
4700 False 0 0.0 0
4800 True 1 0.09845566749572754 0
4900 True 0 0.10126066207885742 0
5000 True 1 0.09504032135009766 0
5100 True 1 0.09787487983703613 0
5200 True 1 0.1028890609741211 0
5300 False 0 0.0 0
5400 False 0 0.0 0
5500 False 0 0.0 0
5600 True 1 0.09391045570373535 0
5700 False 0 0.0 0
5800 False 0 0.0 0
5900 False 0 0.0 0
6000 True 1 0.09716939926147461 0
6100 True 1 0.09966206550598145 0
6200 False 0 0.0 0
6300 True 0 0.09480500221252441 0
6400 False 0 0.0 0
6500 False 0 0.0 0
6600 True 1 0.09333252906799316 0
6700 True 1 0.09331059455871582 0
6800 True 0 0.09864020347595215 0
6900 False 0 0.0 0
7000 False 0 0.0 0
7100 False 0 0.0 0
7200 False 0 0.0 0
7300 False 0 0.0 0
7400 False 0 0.0 0
7500 True 1 0.09836697578430176 0
7600 False 0 0.0 0
7700 True 1 0.0960240364074707 0
7800 True 1 0.09015941619873047 0
7900 False 0 0.0 0
8000 True 1 0.10022711753845215 0
8100 False 0 0.0 0
8200 False 0 0.0 0
8300 False 0 0.0 0
8400 True 0 0.1107640266418457 0
8500 True 1 0.08702325820922852 0
8600 False 0 0.0 0
8700 True 1 0.09636402130126953 0
8800 True 1 0.09717535972595215 0
8900 False 0 0.0 0
9000 True 1 0.0889735221862793 0
9100 False 0 0.0 0
9200 True 1 0.0899200439453125 0
9300 True 1 0.10302162170410156 0
9400 True 0 0.09597134590148926 0
9500 True 1 0.10402274131774902 0
9600 True 1 0.10007500648498535 0
9700 True 1 0.09691143035888672 0
9800 True 1 0.0968468189239502 0
9900 False 0 0.0 0
