0 False 0 0.0 0
100 False 0 0.0 0
200 True 0 0.035517215728759766 0
300 True 0 0.03746438026428223 0
400 False 0 0.0 0
500 False 0 0.0 0
600 False 0 0.0 0
700 False 0 0.0 0
800 True 0 0.0364375114440918 0
900 False 0 0.0 0
1000 True 0 0.05535459518432617 0
1100 False 0 0.0 0
1200 False 0 0.0 0
1300 False 0 0.0 0
1400 True 0 0.0623021125793457 0
1500 True 0 0.05931425094604492 0
1600 False 0 0.0 0
1700 False 0 0.0 0
1800 False 0 0.0 0
1900 True 0 0.05801582336425781 0
2000 False 0 0.0 0
2100 False 0 0.0 0
2200 True 0 0.05706024169921875 0
2300 False 0 0.0 0
2400 True 0 0.058094024658203125 0
2500 True 0 0.06237363815307617 0
2600 True 0 0.05859875679016113 0
2700 False 0 0.0 0
2800 False 0 0.0 0
2900 False 0 0.0 0
3000 True 0 0.058295249938964844 0
3100 True 0 0.06012368202209473 0
3200 False 0 0.0 0
3300 False 0 0.0 0
3400 False 0 0.0 0
3500 True 0 0.06159329414367676 0
3600 False 0 0.0 0
3700 False 0 0.0 0
3800 False 0 0.0 0
3900 False 0 0.0 0
4000 False 0 0.0 0
4100 True 0 0.06084132194519043 0
4200 True 0 0.06304192543029785 0
4300 True 0 0.06029367446899414 0
4400 False 0 0.0 0
4500 False 0 0.0 0
4600 False 0 0.0 0
4700 True 0 0.06166243553161621 0
4800 False 0 0.0 0
4900 True 0 0.05886077880859375 0
5000 False 0 0.0 0
5100 False 0 0.0 0
5200 False 0 0.0 0
5300 False 0 0.0 0
5400 True 0 0.06167721748352051 0
5500 False 0 0.0 0
5600 False 0 0.0 0
5700 False 0 0.0 0
5800 False 0 0.0 0
5900 False 0 0.0 0
6000 True 0 0.06187605857849121 0
6100 True 0 0.061437129974365234 0
6200 False 0 0.0 0
6300 False 0 0.0 0
6400 False 0 0.0 0
6500 False 0 0.0 0
6600 True 0 0.06012129783630371 0
6700 True 0 0.06299519538879395 0
6800 True 0 0.06379222869873047 0
6900 False 0 0.0 0
7000 False 0 0.0 0
7100 False 0 0.0 0
7200 False 0 0.0 0
7300 False 0 0.0 0
7400 True 0 0.06319499015808105 0
7500 False 0 0.0 0
7600 False 0 0.0 0
7700 True 0 0.06343317031860352 0
7800 True 0 0.059514522552490234 0
7900 False 0 0.0 0
8000 False 0 0.0 0
8100 False 0 0.0 0
8200 False 0 0.0 0
8300 False 0 0.0 0
8400 False 0 0.0 0
8500 True 0 0.0620269775390625 0
8600 False 0 0.0 0
8700 False 0 0.0 0
8800 True 0 0.057108163833618164 0
8900 False 0 0.0 0
9000 False 0 0.0 0
9100 False 0 0.0 0
9200 True 0 0.05993485450744629 0
9300 True 0 0.06059670448303223 0
9400 False 0 0.0 0
9500 False 0 0.0 0
9600 True 0 0.06377363204956055 0
9700 True 0 0.11174654960632324 0
9800 True 0 0.056934356689453125 0
9900 False 0 0.0 0
