0 True 0 0.004654645919799805 0
100 True 0 0.00627446174621582 0
200 True 0 0.004993438720703125 0
300 False 0 0.0 0
400 False 0 0.0 0
500 True 0 0.004739999771118164 0
600 True 0 0.0047380924224853516 0
700 True 0 0.005028247833251953 0
800 False 0 0.0 0
900 True 0 0.0058438777923583984 0
1000 True 0 0.00792384147644043 0
1100 True 0 0.007810115814208984 0
1200 False 0 0.0 0
1300 True 0 0.0074651241302490234 0
1400 True 0 0.004651784896850586 0
1500 False 0 0.0 0
1600 True 0 0.006972551345825195 0
1700 True 0 0.006426095962524414 0
1800 True 0 0.004914045333862305 0
1900 True 0 0.006380558013916016 0
2000 True 0 0.004716157913208008 0
2100 False 0 0.0 0
2200 False 0 0.0 0
2300 True 0 0.007802248001098633 0
2400 False 0 0.0 0
2500 False 0 0.0 0
2600 True 0 0.007291316986083984 0
2700 True 0 0.005403280258178711 0
2800 False 0 0.0 0
2900 True 0 0.004674434661865234 0
3000 True 0 0.004692792892456055 0
3100 False 0 0.0 0
3200 True 0 0.004777193069458008 0
3300 True 0 0.004979610443115234 0
3400 True 0 0.0047855377197265625 0
3500 True 0 0.005042314529418945 0
3600 False 0 0.0 0
3700 True 0 0.004895687103271484 0
3800 True 0 0.004695892333984375 0
3900 True 0 0.004744291305541992 0
4000 False 0 0.0 0
4100 True 0 0.004740476608276367 0
4200 True 0 0.004625797271728516 0
4300 False 0 0.0 0
4400 True 0 0.0057981014251708984 0
4500 False 0 0.0 0
4600 True 0 0.004740715026855469 0
4700 True 0 0.0054912567138671875 0
4800 True 0 0.005591869354248047 0
4900 False 0 0.0 0
5000 True 0 0.004901885986328125 0
5100 False 0 0.0 0
5200 True 0 0.004998445510864258 0
5300 True 0 0.004992008209228516 0
5400 True 0 0.004674434661865234 0
5500 True 0 0.0048694610595703125 0
5600 True 0 0.004790306091308594 0
5700 True 0 0.004670381546020508 0
5800 True 0 0.004878520965576172 0
5900 True 0 0.005741119384765625 0
6000 False 0 0.0 0
6100 True 0 0.004884004592895508 0
6200 True 0 0.004738569259643555 0
6300 True 0 0.0047779083251953125 0
6400 True 0 0.004679441452026367 0
6500 True 0 0.00490117073059082 0
6600 True 0 0.004656791687011719 0
6700 False 0 0.0 0
6800 False 0 0.0 0
6900 True 0 0.004691362380981445 0
7000 True 0 0.004694700241088867 0
7100 False 0 0.0 0
7200 True 0 0.004791259765625 0
7300 True 0 0.005106687545776367 0
7400 True 0 0.004511833190917969 0
7500 False 0 0.0 0
7600 True 0 0.004721879959106445 0
7700 True 0 0.0047760009765625 0
7800 False 0 0.0 0
7900 True 0 0.004724979400634766 0
8000 True 0 0.0050618648529052734 0
8100 True 0 0.0049631595611572266 0
8200 True 0 0.004781961441040039 0
8300 True 0 0.0047223567962646484 0
8400 True 0 0.00469517707824707 0
8500 True 0 0.00484776496887207 0
8600 True 0 0.004810810089111328 0
8700 True 0 0.004784345626831055 0
8800 True 0 0.0048444271087646484 0
8900 True 0 0.004946470260620117 0
9000 True 0 0.0046956539154052734 0
9100 True 0 0.0048923492431640625 0
9200 True 0 0.0049152374267578125 0
9300 True 0 0.004647493362426758 0
9400 True 0 0.004713773727416992 0
9500 True 0 0.0047953128814697266 0
9600 True 0 0.004820346832275391 0
9700 False 0 0.0 0
9800 True 0 0.0048291683197021484 0
9900 False 0 0.0 0
