0 True 0.078125 0.026116371154785156 0
100 True 0.046875 0.025784969329833984 0
200 True 0.046875 0.027588844299316406 0
300 False 0.0 0.0 0
400 False 0.0 0.0 0
500 True 0.1171875 0.025745391845703125 0
600 True 0.0703125 0.025697708129882812 0
700 True 0.09375 0.05184483528137207 0
800 False 0.0 0.0 0
900 True 0.046875 0.02528834342956543 0
1000 True 0.0234375 0.026208877563476562 0
1100 True 0.1015625 0.02571582794189453 0
1200 False 0.0 0.0 0
1300 True 0.03125 0.02599191665649414 0
1400 True 0.1015625 0.02596282958984375 0
1500 False 0.0 0.0 0
1600 True 0.078125 0.025966882705688477 0
1700 True 0.0625 0.025778770446777344 0
1800 True 0.0 0.02595829963684082 0
1900 True 0.0625 0.02584528923034668 0
2000 True 0.0546875 0.025954723358154297 0
2100 False 0.0 0.0 0
2200 False 0.0 0.0 0
2300 True 0.0 0.02544713020324707 0
2400 False 0.0 0.0 0
2500 False 0.0 0.0 0
2600 True 0.046875 0.025115013122558594 0
2700 True 0.0625 0.0268857479095459 0
2800 False 0.0 0.0 0
2900 True 0.03125 0.02541184425354004 0
3000 True 0.0703125 0.029077768325805664 0
3100 False 0.0 0.0 0
3200 True 0.0859375 0.02559638023376465 0
3300 True 0.03125 0.0254669189453125 0
3400 True 0.09375 0.02685379981994629 0
3500 True 0.1171875 0.02548384666442871 0
3600 False 0.0 0.0 0
3700 True 0.0859375 0.026037216186523438 0
3800 True 0.0390625 0.026535511016845703 0
3900 True 0.09375 0.025646686553955078 0
4000 False 0.0 0.0 0
4100 True 0.046875 0.02662181854248047 0
4200 True 0.0859375 0.030045747756958008 0
4300 False 0.0 0.0 0
4400 True 0.0625 0.04109477996826172 0
4500 False 0.0 0.0 0
4600 True 0.09375 0.026256799697875977 0
4700 True 0.078125 0.03976321220397949 0
4800 True 0.09375 0.025284290313720703 0
4900 False 0.0 0.0 0
5000 True 0.0703125 0.03970456123352051 0
5100 False 0.0 0.0 0
5200 True 0.0390625 0.02769303321838379 0
5300 True 0.0390625 0.02766275405883789 0
5400 True 0.0390625 0.025549650192260742 0
5500 True 0.1015625 0.02531147003173828 0
5600 True 0.046875 0.02625751495361328 0
5700 True 0.09375 0.026241302490234375 0
5800 True 0.0625 0.0254058837890625 0
5900 True 0.1015625 0.025272607803344727 0
6000 False 0.0 0.0 0
6100 True 0.1171875 0.025543212890625 0
6200 True 0.0703125 0.02587270736694336 0
6300 True 0.1015625 0.025826215744018555 0
6400 True 0.0546875 0.026636600494384766 0
6500 True 0.0546875 0.025202035903930664 0
6600 True 0.0234375 0.027121782302856445 0
6700 False 0.0 0.0 0
6800 False 0.0 0.0 0
6900 True 0.046875 0.02701258659362793 0
7000 True 0.078125 0.030434846878051758 0
7100 False 0.0 0.0 0
7200 True 0.0546875 0.02711319923400879 0
7300 True 0.09375 0.028975248336791992 0
7400 True 0.0 0.025880813598632812 0
7500 False 0.0 0.0 0
7600 True 0.0859375 0.024950027465820312 0
7700 True 0.0390625 0.02734971046447754 0
7800 False 0.0 0.0 0
7900 True 0.0703125 0.029788732528686523 0
8000 True 0.0546875 0.035033226013183594 0
8100 True 0.1015625 0.028914451599121094 0
8200 True 0.1171875 0.02648305892944336 0
8300 True 0.046875 0.02724003791809082 0
8400 True 0.109375 0.027064800262451172 0
8500 True 0.109375 0.027991294860839844 0
8600 True 0.09375 0.027144908905029297 0
8700 True 0.0859375 0.029607772827148438 0
8800 True 0.125 0.031528472900390625 0
8900 True 0.109375 0.026860952377319336 0
9000 True 0.0859375 0.027099132537841797 0
9100 True 0.0546875 0.026500940322875977 0
9200 True 0.0859375 0.026615142822265625 0
9300 True 0.0625 0.02726912498474121 0
9400 True 0.015625 0.024514198303222656 0
9500 True 0.046875 0.025371551513671875 0
9600 True 0.0546875 0.026144027709960938 0
9700 False 0.0 0.0 0
9800 True 0.0625 0.02660059928894043 0
9900 False 0.0 0.0 0
