0 True 0 0.004709005355834961 0
100 True 0 0.004857301712036133 0
200 True 0 0.004614114761352539 0
300 False 0 0.0 0
400 True 0 0.0047948360443115234 0
500 True 0 0.004665374755859375 0
600 True 0 0.004906892776489258 0
700 True 0 0.004970550537109375 0
800 True 0 0.004806041717529297 0
900 True 0 0.004641532897949219 0
1000 True 0 0.004875659942626953 0
1100 True 0 0.004801034927368164 0
1200 False 0 0.0 0
1300 True 0 0.004957675933837891 0
1400 True 0 0.0048944950103759766 0
1500 False 0 0.0 0
1600 True 0 0.0049152374267578125 0
1700 True 0 0.004899501800537109 0
1800 False 0 0.0 0
1900 True 0 0.004838466644287109 0
2000 True 0 0.0047092437744140625 0
2100 True 0 0.0047380924224853516 0
2200 True 0 0.004949331283569336 0
2300 True 0 0.004943132400512695 0
2400 True 0 0.0047283172607421875 0
2500 True 0 0.004729747772216797 0
2600 True 0 0.004689693450927734 0
2700 True 0 0.004663705825805664 0
2800 True 0 0.004787445068359375 0
2900 True 0 0.004790067672729492 0
3000 True 0 0.004678964614868164 0
3100 True 0 0.004754066467285156 0
3200 True 0 0.004748344421386719 0
3300 True 0 0.004886627197265625 0
3400 True 0 0.004698514938354492 0
3500 True 0 0.004857063293457031 0
3600 True 0 0.00475764274597168 0
3700 True 0 0.0048601627349853516 0
3800 True 0 0.004760026931762695 0
3900 True 0 0.004716396331787109 0
4000 False 0 0.0 0
4100 True 0 0.004901885986328125 0
4200 True 0 0.0047740936279296875 0
4300 False 0 0.0 0
4400 True 0 0.004680156707763672 0
4500 False 0 0.0 0
4600 True 0 0.004687070846557617 0
4700 True 0 0.004729032516479492 0
4800 True 0 0.004743099212646484 0
4900 True 0 0.004825115203857422 0
5000 True 0 0.004850625991821289 0
5100 True 0 0.004750967025756836 0
5200 True 0 0.00481867790222168 0
5300 True 0 0.004700183868408203 0
5400 True 0 0.004715919494628906 0
5500 True 0 0.004704952239990234 0
5600 True 0 0.004710197448730469 0
5700 True 0 0.0048296451568603516 0
5800 True 0 0.00475311279296875 0
5900 True 0 0.005178689956665039 0
6000 True 0 0.004960536956787109 0
6100 True 0 0.004687786102294922 0
6200 True 0 0.005467891693115234 0
6300 True 0 0.004484891891479492 0
6400 True 0 0.004817008972167969 0
6500 True 0 0.004716396331787109 0
6600 True 0 0.004728078842163086 0
6700 True 0 0.004822254180908203 0
6800 True 0 0.004682302474975586 0
6900 True 0 0.004837512969970703 0
7000 True 0 0.004797697067260742 0
7100 True 0 0.004744768142700195 0
7200 True 0 0.0049097537994384766 0
7300 True 0 0.004700899124145508 0
7400 True 0 0.004983425140380859 0
7500 True 0 0.004961967468261719 0
7600 True 0 0.0046613216400146484 0
7700 True 0 0.004927396774291992 0
7800 False 0 0.0 0
7900 True 0 0.0051250457763671875 0
8000 True 0 0.004719734191894531 0
8100 True 0 0.004759788513183594 0
8200 True 0 0.005007028579711914 0
8300 True 0 0.004786014556884766 0
8400 True 0 0.0050048828125 0
8500 True 1 0.004937171936035156 0
8600 True 0 0.004785776138305664 0
8700 True 0 0.005038261413574219 0
8800 True 1 0.005149126052856445 0
8900 True 0 0.004828453063964844 0
9000 True 0 0.004667997360229492 0
9100 True 0 0.00471806526184082 0
9200 True 0 0.0052242279052734375 0
9300 True 0 0.004904270172119141 0
9400 True 0 0.005098819732666016 0
9500 True 0 0.004888772964477539 0
9600 True 0 0.004690885543823242 0
9700 True 0 0.004679441452026367 0
9800 True 0 0.004668712615966797 0
9900 True 0 0.00469660758972168 0
