0 True 0.140625 0.025832176208496094 0
100 True 0.1171875 0.028048038482666016 0
200 False 0.0 0.0 0
300 False 0.0 0.0 0
400 True 0.0703125 0.025934934616088867 0
500 True 0.1953125 0.028468847274780273 0
600 True 0.1796875 0.0256502628326416 0
700 True 0.0859375 0.02814507484436035 0
800 True 0.15625 0.025270700454711914 0
900 True 0.046875 0.026496171951293945 0
1000 True 0.0546875 0.02602410316467285 0
1100 True 0.1640625 0.025577545166015625 0
1200 False 0.0 0.0 0
1300 True 0.1328125 0.029126644134521484 0
1400 True 0.1640625 0.026230573654174805 0
1500 False 0.0 0.0 0
1600 False 0.0 0.0 0
1700 True 0.125 0.030106306076049805 0
1800 True 0.046875 0.02547740936279297 0
1900 True 0.0625 0.024524211883544922 0
2000 True 0.125 0.026225566864013672 0
2100 True 0.1171875 0.02917647361755371 0
2200 True 0.0390625 0.026000022888183594 0
2300 False 0.0 0.0 0
2400 True 0.0546875 0.02833414077758789 0
2500 True 0.109375 0.02569890022277832 0
2600 True 0.171875 0.025813817977905273 0
2700 True 0.109375 0.02631855010986328 0
2800 True 0.1171875 0.02872467041015625 0
2900 True 0.0 0.026721715927124023 0
3000 True 0.1328125 0.024978160858154297 0
3100 True 0.1015625 0.029227495193481445 0
3200 True 0.203125 0.029241561889648438 0
3300 True 0.125 0.02674126625061035 0
3400 True 0.1484375 0.027629852294921875 0
3500 True 0.1796875 0.027791261672973633 0
3600 False 0.0 0.0 0
3700 True 0.171875 0.02800130844116211 0
3800 True 0.03125 0.0277712345123291 0
3900 True 0.140625 0.025911569595336914 0
4000 True 0.109375 0.028231382369995117 0
4100 True 0.140625 0.026059627532958984 0
4200 True 0.125 0.025341272354125977 0
4300 True 0.0390625 0.02735614776611328 0
4400 True 0.0546875 0.02730584144592285 0
4500 True 0.03125 0.02678227424621582 0
4600 True 0.15625 0.026660680770874023 0
4700 True 0.171875 0.02567005157470703 0
4800 True 0.1640625 0.02864551544189453 0
4900 True 0.0546875 0.025074243545532227 0
5000 True 0.1015625 0.02400064468383789 0
5100 False 0.0 0.0 0
5200 True 0.1328125 0.025549650192260742 0
5300 True 0.125 0.025040864944458008 0
5400 True 0.1171875 0.023990154266357422 0
5500 True 0.171875 0.0260927677154541 0
5600 False 0.0 0.0 0
5700 True 0.1484375 0.025047779083251953 0
5800 True 0.1484375 0.025938034057617188 0
5900 True 0.046875 0.02530956268310547 0
6000 True 0.0078125 0.02692556381225586 0
6100 True 0.1796875 0.025276660919189453 0
6200 True 0.203125 0.025753021240234375 0
6300 True 0.1484375 0.025867462158203125 0
6400 True 0.1328125 0.02625870704650879 0
6500 True 0.125 0.026274919509887695 0
6600 True 0.09375 0.025852441787719727 0
6700 True 0.03125 0.026067018508911133 0
6800 True 0.0546875 0.026784658432006836 0
6900 True 0.1328125 0.026906967163085938 0
7000 True 0.140625 0.02739238739013672 0
7100 True 0.1328125 0.02612614631652832 0
7200 False 0.0 0.0 0
7300 True 0.1328125 0.028632164001464844 0
7400 True 0.09375 0.026575803756713867 0
7500 True 0.1875 0.02609729766845703 0
7600 True 0.125 0.02767157554626465 0
7700 True 0.1484375 0.025160551071166992 0
7800 False 0.0 0.0 0
7900 True 0.0625 0.028384923934936523 0
8000 True 0.1640625 0.02711629867553711 0
8100 True 0.15625 0.025031089782714844 0
8200 True 0.1875 0.02729487419128418 0
8300 True 0.1796875 0.02418041229248047 0
8400 True 0.1484375 0.026060819625854492 0
8500 True 0.171875 0.026173114776611328 0
8600 True 0.171875 0.025292634963989258 0
8700 True 0.1484375 0.03197956085205078 0
8800 True 0.15625 0.025289535522460938 0
8900 True 0.1484375 0.025365829467773438 0
9000 True 0.171875 0.025277376174926758 0
9100 True 0.1640625 0.026125669479370117 0
9200 True 0.1171875 0.02503037452697754 0
9300 True 0.1484375 0.025439023971557617 0
9400 True 0.1015625 0.028367042541503906 0
9500 True 0.1484375 0.028028011322021484 0
9600 False 0.0 0.0 0
9700 True 0.078125 0.028049945831298828 0
9800 True 0.109375 0.03039717674255371 0
9900 True 0.1640625 0.030344724655151367 0
