0 True 1 0.004976987838745117 0
100 True 1 0.00468897819519043 0
200 False 0 0.0 0
300 False 0 0.0 0
400 True 0 0.0047228336334228516 0
500 True 1 0.004736661911010742 0
600 True 1 0.004982948303222656 0
700 True 0 0.004687786102294922 0
800 True 1 0.004730939865112305 0
900 True 0 0.004796743392944336 0
1000 True 0 0.004736423492431641 0
1100 True 1 0.004912137985229492 0
1200 False 0 0.0 0
1300 True 1 0.0048105716705322266 0
1400 True 1 0.004747152328491211 0
1500 False 0 0.0 0
1600 False 0 0.0 0
1700 True 1 0.00489044189453125 0
1800 True 0 0.005055904388427734 0
1900 True 0 0.005069732666015625 0
2000 True 1 0.004663228988647461 0
2100 True 1 0.004677295684814453 0
2200 True 0 0.004652261734008789 0
2300 False 0 0.0 0
2400 True 0 0.0056340694427490234 0
2500 True 1 0.0047149658203125 0
2600 True 1 0.004657745361328125 0
2700 True 1 0.005454301834106445 0
2800 True 1 0.004868745803833008 0
2900 True 0 0.0051686763763427734 0
3000 True 1 0.004831552505493164 0
3100 True 1 0.005451202392578125 0
3200 True 1 0.004759311676025391 0
3300 True 1 0.004785060882568359 0
3400 True 1 0.004847288131713867 0
3500 True 1 0.0046787261962890625 0
3600 False 0 0.0 0
3700 True 1 0.0055332183837890625 0
3800 True 0 0.005280256271362305 0
3900 True 1 0.005197048187255859 0
4000 True 1 0.005130767822265625 0
4100 True 1 0.005092144012451172 0
4200 True 1 0.004749774932861328 0
4300 True 0 0.004767894744873047 0
4400 True 0 0.00471186637878418 0
4500 True 0 0.004687070846557617 0
4600 True 1 0.004787921905517578 0
4700 True 1 0.00476527214050293 0
4800 True 1 0.0050547122955322266 0
4900 True 0 0.004766941070556641 0
5000 True 1 0.005165576934814453 0
5100 False 0 0.0 0
5200 True 1 0.00478363037109375 0
5300 True 1 0.0048296451568603516 0
5400 True 1 0.00487065315246582 0
5500 True 1 0.004995822906494141 0
5600 False 0 0.0 0
5700 True 1 0.004648923873901367 0
5800 True 1 0.004924297332763672 0
5900 True 0 0.005171060562133789 0
6000 True 0 0.004678010940551758 0
6100 True 1 0.0070188045501708984 0
6200 True 1 0.0047607421875 0
6300 True 1 0.00469970703125 0
6400 True 1 0.004698038101196289 0
6500 True 1 0.004705905914306641 0
6600 True 1 0.004902362823486328 0
6700 True 0 0.004998207092285156 0
6800 True 0 0.005074024200439453 0
6900 True 1 0.005052089691162109 0
7000 True 1 0.00497126579284668 0
7100 True 1 0.005248546600341797 0
7200 False 0 0.0 0
7300 True 1 0.004670619964599609 0
7400 True 0 0.004842281341552734 0
7500 True 1 0.004782915115356445 0
7600 True 1 0.005364656448364258 0
7700 True 1 0.004753828048706055 0
7800 False 0 0.0 0
7900 True 0 0.006102800369262695 0
8000 True 1 0.00493168830871582 0
8100 True 1 0.005086421966552734 0
8200 True 1 0.004822254180908203 0
8300 True 1 0.004656553268432617 0
8400 True 1 0.004845857620239258 0
8500 True 1 0.004616975784301758 0
8600 True 1 0.004847288131713867 0
8700 True 1 0.005005359649658203 0
8800 True 1 0.0049016475677490234 0
8900 True 1 0.00464177131652832 0
9000 True 1 0.004707813262939453 0
9100 True 1 0.004846334457397461 0
9200 True 1 0.0047380924224853516 0
9300 True 1 0.004731893539428711 0
9400 True 1 0.00558161735534668 0
9500 True 1 0.004918813705444336 0
9600 False 0 0.0 0
9700 True 0 0.0048503875732421875 0
9800 True 1 0.004759311676025391 0
9900 True 1 0.004892587661743164 0
