0 True 0.03125 0.024314165115356445 0
100 True 0.0234375 0.026762962341308594 0
200 True 0.0546875 0.026685237884521484 0
300 False 0.0 0.0 0
400 True 0.0234375 0.03531646728515625 0
500 True 0.0625 0.02572154998779297 0
600 True 0.03125 0.025617361068725586 0
700 True 0.0390625 0.025989532470703125 0
800 True 0.0 0.025672197341918945 0
900 True 0.0078125 0.025997161865234375 0
1000 True 0.0078125 0.03923821449279785 0
1100 True 0.046875 0.024049758911132812 0
1200 False 0.0 0.0 0
1300 True 0.03125 0.026989221572875977 0
1400 True 0.0390625 0.026841163635253906 0
1500 False 0.0 0.0 0
1600 True 0.0234375 0.0272982120513916 0
1700 True 0.0390625 0.026979684829711914 0
1800 False 0.0 0.0 0
1900 True 0.015625 0.026664018630981445 0
2000 True 0.0234375 0.026960372924804688 0
2100 True 0.03125 0.026090383529663086 0
2200 True 0.03125 0.027190446853637695 0
2300 True 0.015625 0.025736093521118164 0
2400 True 0.0234375 0.027001380920410156 0
2500 True 0.0078125 0.0258638858795166 0
2600 True 0.046875 0.025586366653442383 0
2700 True 0.03125 0.024166584014892578 0
2800 True 0.0390625 0.026168107986450195 0
2900 True 0.03125 0.025527000427246094 0
3000 True 0.0234375 0.025894641876220703 0
3100 True 0.015625 0.026501178741455078 0
3200 True 0.046875 0.025347232818603516 0
3300 True 0.0390625 0.0255739688873291 0
3400 True 0.0390625 0.0255739688873291 0
3500 True 0.046875 0.025519609451293945 0
3600 True 0.0234375 0.025684356689453125 0
3700 True 0.03125 0.025829792022705078 0
3800 True 0.015625 0.02542734146118164 0
3900 True 0.03125 0.025364398956298828 0
4000 False 0.0 0.0 0
4100 True 0.015625 0.024915456771850586 0
4200 True 0.0234375 0.025912046432495117 0
4300 False 0.0 0.0 0
4400 True 0.0 0.0266110897064209 0
4500 False 0.0 0.0 0
4600 True 0.0546875 0.02599811553955078 0
4700 True 0.03125 0.02674698829650879 0
4800 True 0.046875 0.025609970092773438 0
4900 True 0.03125 0.026315689086914062 0
5000 True 0.015625 0.026274681091308594 0
5100 True 0.0 0.027894020080566406 0
5200 True 0.015625 0.026984214782714844 0
5300 True 0.03125 0.02575826644897461 0
5400 True 0.046875 0.02599477767944336 0
5500 True 0.0390625 0.025745153427124023 0
5600 False 0.0 0.0 0
5700 True 0.0390625 0.026929855346679688 0
5800 True 0.03125 0.02562737464904785 0
5900 True 0.046875 0.025667190551757812 0
6000 True 0.0234375 0.026551246643066406 0
6100 True 0.0703125 0.02559947967529297 0
6200 True 0.0390625 0.028814077377319336 0
6300 True 0.0234375 0.026256561279296875 0
6400 False 0.0 0.0 0
6500 True 0.046875 0.02665233612060547 0
6600 True 0.015625 0.025826454162597656 0
6700 True 0.0078125 0.02532482147216797 0
6800 True 0.0546875 0.026093006134033203 0
6900 True 0.0234375 0.025360107421875 0
7000 True 0.03125 0.025000810623168945 0
7100 True 0.0546875 0.025394439697265625 0
7200 True 0.0234375 0.02603626251220703 0
7300 True 0.0546875 0.025771617889404297 0
7400 True 0.046875 0.025164365768432617 0
7500 True 0.0390625 0.02514171600341797 0
7600 True 0.03125 0.025078535079956055 0
7700 True 0.0234375 0.02607250213623047 0
7800 False 0.0 0.0 0
7900 True 0.0 0.024868488311767578 0
8000 True 0.0546875 0.026117801666259766 0
8100 True 0.0390625 0.025615215301513672 0
8200 True 0.0546875 0.026749372482299805 0
8300 True 0.0390625 0.0279085636138916 0
8400 True 0.0390625 0.026860952377319336 0
8500 True 0.0546875 0.027585744857788086 0
8600 True 0.0390625 0.03404068946838379 0
8700 True 0.03125 0.0250546932220459 0
8800 True 0.0625 0.02793407440185547 0
8900 True 0.0390625 0.026590824127197266 0
9000 True 0.0546875 0.027876853942871094 0
9100 True 0.0546875 0.025675296783447266 0
9200 True 0.03125 0.026012897491455078 0
9300 True 0.0390625 0.024120092391967773 0
9400 True 0.03125 0.026067495346069336 0
9500 True 0.03125 0.02557682991027832 0
9600 True 0.046875 0.026105165481567383 0
9700 False 0.0 0.0 0
9800 True 0.0234375 0.025264501571655273 0
9900 True 0.0234375 0.026446104049682617 0
