0 True 1 0.041872501373291016 0
100 True 1 0.0049855709075927734 0
200 True 1 0.005878448486328125 0
300 False 0 0.0 0
400 True 1 0.004761457443237305 0
500 True 1 0.004906892776489258 0
600 True 1 0.004792213439941406 0
700 True 1 0.004753828048706055 0
800 True 0 0.004866600036621094 0
900 True 0 0.004641294479370117 0
1000 True 0 0.00459599494934082 0
1100 True 1 0.004634380340576172 0
1200 False 0 0.0 0
1300 True 1 0.004743337631225586 0
1400 True 1 0.005427360534667969 0
1500 False 0 0.0 0
1600 True 1 0.004774808883666992 0
1700 True 1 0.005056858062744141 0
1800 False 0 0.0 0
1900 True 0 0.0052013397216796875 0
2000 True 1 0.004871368408203125 0
2100 True 1 0.004663705825805664 0
2200 True 1 0.00491786003112793 0
2300 True 1 0.004914760589599609 0
2400 True 1 0.004915475845336914 0
2500 True 0 0.004788875579833984 0
2600 True 1 0.004612922668457031 0
2700 True 1 0.004706859588623047 0
2800 True 1 0.004602193832397461 0
2900 True 1 0.004614114761352539 0
3000 True 1 0.004668474197387695 0
3100 True 0 0.0046122074127197266 0
3200 True 1 0.004511833190917969 0
3300 True 1 0.0047724246978759766 0
3400 True 1 0.004711627960205078 0
3500 True 1 0.004736900329589844 0
3600 True 1 0.004723787307739258 0
3700 True 1 0.004675626754760742 0
3800 True 1 0.004772186279296875 0
3900 True 1 0.004597187042236328 0
4000 False 0 0.0 0
4100 True 0 0.00481867790222168 0
4200 True 1 0.004844188690185547 0
4300 False 0 0.0 0
4400 True 0 0.004752397537231445 0
4500 False 0 0.0 0
4600 True 1 0.004718780517578125 0
4700 True 1 0.0047130584716796875 0
4800 True 1 0.005071878433227539 0
4900 True 1 0.004700660705566406 0
5000 True 1 0.004716157913208008 0
5100 True 0 0.004651308059692383 0
5200 True 1 0.004977226257324219 0
5300 True 1 0.0047757625579833984 0
5400 True 1 0.005023956298828125 0
5500 True 1 0.004788398742675781 0
5600 False 0 0.0 0
5700 True 1 0.005684852600097656 0
5800 True 1 0.00477910041809082 0
5900 True 1 0.0068874359130859375 0
6000 True 1 0.0049402713775634766 0
6100 True 1 0.005830287933349609 0
6200 True 1 0.004892826080322266 0
6300 True 1 0.004967689514160156 0
6400 False 0 0.0 0
6500 True 1 0.00468754768371582 0
6600 True 0 0.004655599594116211 0
6700 True 0 0.005464315414428711 0
6800 True 1 0.0047643184661865234 0
6900 True 1 0.004875659942626953 0
7000 True 1 0.0050165653228759766 0
7100 True 1 0.004755973815917969 0
7200 True 1 0.0047605037689208984 0
7300 True 1 0.004956483840942383 0
7400 True 1 0.004985332489013672 0
7500 True 1 0.004965782165527344 0
7600 True 1 0.0048410892486572266 0
7700 True 1 0.004849672317504883 0
7800 False 0 0.0 0
7900 True 0 0.004850625991821289 0
8000 True 1 0.004816532135009766 0
8100 True 1 0.004675626754760742 0
8200 True 1 0.004943370819091797 0
8300 True 1 0.004738807678222656 0
8400 True 1 0.00489044189453125 0
8500 True 1 0.00493311882019043 0
8600 True 1 0.004906892776489258 0
8700 True 1 0.004776716232299805 0
8800 True 1 0.004876136779785156 0
8900 True 1 0.004835367202758789 0
9000 True 1 0.0048465728759765625 0
9100 True 1 0.004800319671630859 0
9200 True 1 0.0047149658203125 0
9300 True 1 0.004870891571044922 0
9400 True 1 0.004787445068359375 0
9500 True 1 0.00461578369140625 0
9600 True 1 0.004719972610473633 0
9700 False 0 0.0 0
9800 True 1 0.004588127136230469 0
9900 True 1 0.004812479019165039 0
