0 True 0.0078125 0.03349709510803223 0
100 True 0.0078125 0.03296160697937012 0
200 True 0.0078125 0.03414416313171387 0
300 True 0.0 0.03253793716430664 0
400 True 0.0078125 0.0338902473449707 0
500 True 0.015625 0.03349804878234863 0
600 True 0.0078125 0.03350639343261719 0
700 True 0.0078125 0.03260493278503418 0
800 True 0.0078125 0.03289294242858887 0
900 True 0.0078125 0.03287672996520996 0
1000 True 0.0078125 0.033266305923461914 0
1100 True 0.015625 0.033019065856933594 0
1200 True 0.0 0.03332948684692383 0
1300 True 0.0078125 0.030567169189453125 0
1400 True 0.0078125 0.03473401069641113 0
1500 False 0.0 0.0 0
1600 True 0.0 0.03281140327453613 0
1700 True 0.0078125 0.0326085090637207 0
1800 True 0.0078125 0.0329439640045166 0
1900 True 0.0078125 0.03264760971069336 0
2000 True 0.0078125 0.032544612884521484 0
2100 True 0.015625 0.03272700309753418 0
2200 True 0.0 0.03288555145263672 0
2300 True 0.0078125 0.03413963317871094 0
2400 True 0.0078125 0.03250598907470703 0
2500 True 0.0078125 0.032594919204711914 0
2600 True 0.0078125 0.03274846076965332 0
2700 True 0.0078125 0.034044742584228516 0
2800 True 0.0078125 0.03313493728637695 0
2900 True 0.0078125 0.03483772277832031 0
3000 True 0.0078125 0.03378725051879883 0
3100 True 0.0078125 0.03986239433288574 0
3200 True 0.015625 0.0329442024230957 0
3300 True 0.0078125 0.033919334411621094 0
3400 True 0.0078125 0.03355836868286133 0
3500 True 0.015625 0.033675193786621094 0
3600 True 0.0078125 0.034400224685668945 0
3700 True 0.015625 0.03391098976135254 0
3800 True 0.0078125 0.03318381309509277 0
3900 True 0.0078125 0.03284811973571777 0
4000 True 0.0 0.033710479736328125 0
4100 True 0.015625 0.033048152923583984 0
4200 True 0.0078125 0.03268313407897949 0
4300 False 0.0 0.0 0
4400 True 0.0078125 0.032640695571899414 0
4500 False 0.0 0.0 0
4600 True 0.015625 0.0333714485168457 0
4700 True 0.0078125 0.03157520294189453 0
4800 True 0.015625 0.03290605545043945 0
4900 True 0.0078125 0.030646324157714844 0
5000 True 0.0078125 0.03290724754333496 0
5100 True 0.0078125 0.03323221206665039 0
5200 True 0.0078125 0.03293919563293457 0
5300 True 0.0078125 0.0335690975189209 0
5400 True 0.015625 0.03293728828430176 0
5500 True 0.015625 0.034844398498535156 0
5600 True 0.0 0.03338813781738281 0
5700 True 0.015625 0.0331416130065918 0
5800 True 0.0078125 0.03497028350830078 0
5900 True 0.015625 0.03299689292907715 0
6000 True 0.0 0.03294491767883301 0
6100 True 0.015625 0.03281378746032715 0
6200 True 0.0078125 0.03424215316772461 0
6300 True 0.015625 0.03288698196411133 0
6400 True 0.0 0.03370404243469238 0
6500 True 0.015625 0.03667926788330078 0
6600 True 0.0078125 0.03352069854736328 0
6700 True 0.0078125 0.0335230827331543 0
6800 True 0.015625 0.03435826301574707 0
6900 True 0.0078125 0.03372645378112793 0
7000 True 0.0078125 0.03696489334106445 0
7100 True 0.015625 0.04150986671447754 0
7200 True 0.0078125 0.038491249084472656 0
7300 True 0.0078125 0.033330440521240234 0
7400 True 0.0078125 0.03654074668884277 0
7500 True 0.0078125 0.03311634063720703 0
7600 True 0.015625 0.03482961654663086 0
7700 True 0.0078125 0.03361868858337402 0
7800 True 0.0 0.030702590942382812 0
7900 True 0.0078125 0.0336301326751709 0
8000 True 0.015625 0.03363227844238281 0
8100 True 0.015625 0.03284049034118652 0
8200 True 0.0078125 0.0366973876953125 0
8300 True 0.0078125 0.033304691314697266 0
8400 True 0.015625 0.03251147270202637 0
8500 True 0.015625 0.03229713439941406 0
8600 True 0.0078125 0.03307080268859863 0
8700 True 0.0078125 0.032772064208984375 0
8800 True 0.0234375 0.032637834548950195 0
8900 True 0.0078125 0.030548095703125 0
9000 True 0.015625 0.032798051834106445 0
9100 True 0.015625 0.03244447708129883 0
9200 True 0.015625 0.03321504592895508 0
9300 True 0.015625 0.03325963020324707 0
9400 True 0.0078125 0.030508041381835938 0
9500 True 0.0078125 0.03296184539794922 0
9600 True 0.0078125 0.0337371826171875 0
9700 True 0.0078125 0.03354620933532715 0
9800 True 0.0078125 0.033113718032836914 0
9900 True 0.0078125 0.03215742111206055 0
