0 True 1 0.0062525272369384766 0
100 True 0 0.0064504146575927734 0
200 True 0 0.006031513214111328 0
300 False 0 0.0 0
400 True 0 0.005934000015258789 0
500 True 0 0.006108760833740234 0
600 True 0 0.006074190139770508 0
700 False 0 0.0 0
800 True 0 0.00597691535949707 0
900 True 0 0.005912303924560547 0
1000 False 0 0.0 0
1100 True 1 0.006175041198730469 0
1200 False 0 0.0 0
1300 True 0 0.006089687347412109 0
1400 True 1 0.005934476852416992 0
1500 False 0 0.0 0
1600 False 0 0.0 0
1700 True 1 0.006013631820678711 0
1800 False 0 0.0 0
1900 False 0 0.0 0
2000 True 0 0.006078958511352539 0
2100 True 1 0.006056547164916992 0
2200 True 0 0.005977153778076172 0
2300 False 0 0.0 0
2400 False 0 0.0 0
2500 False 0 0.0 0
2600 True 0 0.0061304569244384766 0
2700 True 1 0.006036043167114258 0
2800 False 0 0.0 0
2900 False 0 0.0 0
3000 True 0 0.006074666976928711 0
3100 True 0 0.006045341491699219 0
3200 True 1 0.005970478057861328 0
3300 True 1 0.0065042972564697266 0
3400 True 1 0.006551027297973633 0
3500 True 1 0.005995273590087891 0
3600 False 0 0.0 0
3700 True 1 0.0066432952880859375 0
3800 True 0 0.0060079097747802734 0
3900 True 1 0.005986690521240234 0
4000 False 0 0.0 0
4100 False 0 0.0 0
4200 True 1 0.006132602691650391 0
4300 False 0 0.0 0
4400 True 1 0.0061376094818115234 0
4500 True 0 0.00601506233215332 0
4600 True 1 0.006053447723388672 0
4700 True 0 0.00600886344909668 0
4800 True 1 0.005963325500488281 0
4900 True 0 0.005956888198852539 0
5000 True 1 0.006052732467651367 0
5100 True 0 0.006046772003173828 0
5200 True 1 0.005928516387939453 0
5300 True 0 0.005927324295043945 0
5400 False 0 0.0 0
5500 True 1 0.007130622863769531 0
5600 True 1 0.00603795051574707 0
5700 True 1 0.006055116653442383 0
5800 True 1 0.0059947967529296875 0
5900 True 1 0.0060389041900634766 0
6000 True 1 0.006131887435913086 0
6100 True 1 0.0061261653900146484 0
6200 True 1 0.00616765022277832 0
6300 True 1 0.005946636199951172 0
6400 False 0 0.0 0
6500 True 0 0.006048917770385742 0
6600 False 0 0.0 0
6700 True 0 0.005945920944213867 0
6800 True 0 0.006133556365966797 0
6900 True 1 0.0059659481048583984 0
7000 True 1 0.006043434143066406 0
7100 False 0 0.0 0
7200 True 0 0.006146430969238281 0
7300 True 1 0.005919456481933594 0
7400 True 1 0.006009101867675781 0
7500 True 1 0.0059812068939208984 0
7600 True 1 0.006205320358276367 0
7700 True 0 0.006742954254150391 0
7800 False 0 0.0 0
7900 False 0 0.0 0
8000 True 0 0.005913257598876953 0
8100 True 1 0.007216691970825195 0
8200 True 1 0.00617671012878418 0
8300 False 0 0.0 0
8400 True 1 0.00609588623046875 0
8500 True 1 0.00634455680847168 0
8600 True 1 0.0061168670654296875 0
8700 True 1 0.00590062141418457 0
8800 True 1 0.008417129516601562 0
8900 True 1 0.0062427520751953125 0
9000 True 1 0.005995273590087891 0
9100 True 1 0.0061838626861572266 0
9200 True 0 0.0072667598724365234 0
9300 True 1 0.005780696868896484 0
9400 True 0 0.006206989288330078 0
9500 True 1 0.006052970886230469 0
9600 True 0 0.005929231643676758 0
9700 True 0 0.006193637847900391 0
9800 True 0 0.005821704864501953 0
9900 True 0 0.0060272216796875 0
