0 True 0.1484375 0.032982826232910156 0
100 True 0.09375 0.03334927558898926 0
200 True 0.0625 0.03358960151672363 0
300 True 0.0234375 0.03550124168395996 0
400 True 0.09375 0.0330042839050293 0
500 True 0.203125 0.036769866943359375 0
600 True 0.1328125 0.03239727020263672 0
700 True 0.140625 0.03487515449523926 0
800 True 0.1953125 0.03186178207397461 0
900 True 0.0546875 0.03374218940734863 0
1000 True 0.1328125 0.0331273078918457 0
1100 True 0.1484375 0.033089637756347656 0
1200 True 0.03125 0.032657623291015625 0
1300 True 0.1796875 0.03378462791442871 0
1400 True 0.1484375 0.032619476318359375 0
1500 False 0.0 0.0 0
1600 True 0.1015625 0.03768110275268555 0
1700 True 0.140625 0.03260469436645508 0
1800 True 0.0625 0.03351473808288574 0
1900 True 0.0390625 0.03310227394104004 0
2000 True 0.1171875 0.03407001495361328 0
2100 True 0.1484375 0.03374791145324707 0
2200 True 0.0703125 0.032903194427490234 0
2300 True 0.0703125 0.03161740303039551 0
2400 True 0.109375 0.04178810119628906 0
2500 True 0.0703125 0.03260946273803711 0
2600 True 0.234375 0.03612327575683594 0
2700 True 0.1171875 0.031653642654418945 0
2800 True 0.15625 0.034836769104003906 0
2900 True 0.09375 0.034194231033325195 0
3000 True 0.1328125 0.03537416458129883 0
3100 True 0.0390625 0.0345304012298584 0
3200 True 0.203125 0.03470110893249512 0
3300 True 0.1328125 0.03430652618408203 0
3400 True 0.1484375 0.034284114837646484 0
3500 True 0.1796875 0.03313088417053223 0
3600 True 0.1171875 0.03319668769836426 0
3700 True 0.171875 0.034572601318359375 0
3800 True 0.1015625 0.03296399116516113 0
3900 True 0.1328125 0.03826713562011719 0
4000 True 0.1015625 0.033446311950683594 0
4100 True 0.1328125 0.03364157676696777 0
4200 True 0.1328125 0.03388023376464844 0
4300 True 0.0078125 0.03375387191772461 0
4400 True 0.1171875 0.033171653747558594 0
4500 False 0.0 0.0 0
4600 True 0.1640625 0.03298306465148926 0
4700 True 0.1875 0.04553413391113281 0
4800 True 0.15625 0.030731201171875 0
4900 True 0.1171875 0.03301882743835449 0
5000 True 0.1328125 0.034646034240722656 0
5100 True 0.1328125 0.03367114067077637 0
5200 True 0.1640625 0.032889604568481445 0
5300 True 0.1953125 0.032708168029785156 0
5400 True 0.1640625 0.045411109924316406 0
5500 True 0.21875 0.03084254264831543 0
5600 True 0.125 0.03340315818786621 0
5700 True 0.1640625 0.03309369087219238 0
5800 True 0.171875 0.0337679386138916 0
5900 True 0.1875 0.03396034240722656 0
6000 True 0.1875 0.03378462791442871 0
6100 True 0.21875 0.034182071685791016 0
6200 True 0.1953125 0.03258013725280762 0
6300 True 0.15625 0.033055782318115234 0
6400 True 0.0859375 0.03366899490356445 0
6500 True 0.1484375 0.03232526779174805 0
6600 True 0.0703125 0.033051490783691406 0
6700 True 0.1640625 0.03319692611694336 0
6800 True 0.1328125 0.03328132629394531 0
6900 True 0.140625 0.03267693519592285 0
7000 True 0.1328125 0.03380990028381348 0
7100 True 0.1328125 0.03832221031188965 0
7200 True 0.03125 0.03342437744140625 0
7300 True 0.1640625 0.034078359603881836 0
7400 True 0.0625 0.03498983383178711 0
7500 True 0.1953125 0.03320431709289551 0
7600 True 0.1328125 0.033419132232666016 0
7700 True 0.15625 0.033136606216430664 0
7800 False 0.0 0.0 0
7900 True 0.125 0.03523612022399902 0
8000 True 0.1640625 0.03404593467712402 0
8100 True 0.09375 0.03427863121032715 0
8200 True 0.15625 0.03051280975341797 0
8300 True 0.1875 0.03708219528198242 0
8400 True 0.1796875 0.03287935256958008 0
8500 True 0.203125 0.033850669860839844 0
8600 True 0.1484375 0.030394315719604492 0
8700 True 0.15625 0.03556227684020996 0
8800 True 0.1484375 0.032878875732421875 0
8900 True 0.15625 0.031481027603149414 0
9000 True 0.15625 0.03274178504943848 0
9100 True 0.21875 0.03302764892578125 0
9200 True 0.1328125 0.033327579498291016 0
9300 True 0.1796875 0.03344607353210449 0
9400 True 0.1328125 0.03478884696960449 0
9500 True 0.15625 0.03434276580810547 0
9600 True 0.1796875 0.03326535224914551 0
9700 True 0.0 0.0333254337310791 0
9800 True 0.1328125 0.031939029693603516 0
9900 True 0.09375 0.03498649597167969 0
