0 True 0 0.006866931915283203 0
100 True 0 0.005883932113647461 0
200 True 0 0.00587773323059082 0
300 True 0 0.007324934005737305 0
400 True 0 0.006129026412963867 0
500 True 0 0.006112098693847656 0
600 True 0 0.005797863006591797 0
700 True 0 0.005867481231689453 0
800 True 0 0.0058476924896240234 0
900 True 0 0.005870819091796875 0
1000 True 0 0.0059468746185302734 0
1100 True 0 0.005864143371582031 0
1200 True 0 0.006305217742919922 0
1300 True 0 0.005999088287353516 0
1400 True 0 0.006009578704833984 0
1500 False 0 0.0 0
1600 True 0 0.006444215774536133 0
1700 True 0 0.005900144577026367 0
1800 False 0 0.0 0
1900 True 0 0.0058858394622802734 0
2000 True 0 0.006020307540893555 0
2100 True 0 0.005959033966064453 0
2200 True 0 0.005801677703857422 0
2300 True 0 0.005868673324584961 0
2400 True 0 0.0064618587493896484 0
2500 True 0 0.0058367252349853516 0
2600 True 0 0.008924722671508789 0
2700 True 0 0.00580286979675293 0
2800 True 0 0.005925893783569336 0
2900 True 0 0.006012916564941406 0
3000 True 0 0.0061833858489990234 0
3100 True 0 0.0063076019287109375 0
3200 True 0 0.0058345794677734375 0
3300 True 0 0.00606536865234375 0
3400 True 0 0.005876064300537109 0
3500 True 0 0.006143093109130859 0
3600 True 0 0.0060274600982666016 0
3700 True 0 0.00690150260925293 0
3800 True 0 0.005971670150756836 0
3900 True 0 0.005917072296142578 0
4000 False 0 0.0 0
4100 True 0 0.006380558013916016 0
4200 True 0 0.0060617923736572266 0
4300 False 0 0.0 0
4400 True 0 0.006035327911376953 0
4500 False 0 0.0 0
4600 True 0 0.0060961246490478516 0
4700 True 0 0.006304502487182617 0
4800 True 0 0.0061092376708984375 0
4900 True 0 0.0064275264739990234 0
5000 True 0 0.006814718246459961 0
5100 True 0 0.00598597526550293 0
5200 True 0 0.006049156188964844 0
5300 True 0 0.005913496017456055 0
5400 True 0 0.005892038345336914 0
5500 True 0 0.006024599075317383 0
5600 False 0 0.0 0
5700 True 0 0.006094217300415039 0
5800 True 0 0.005814552307128906 0
5900 True 0 0.006338357925415039 0
6000 True 0 0.0063037872314453125 0
6100 True 0 0.005962371826171875 0
6200 True 0 0.005918264389038086 0
6300 True 0 0.005974531173706055 0
6400 True 0 0.005899190902709961 0
6500 True 0 0.005875110626220703 0
6600 True 0 0.0060307979583740234 0
6700 True 0 0.006227970123291016 0
6800 True 0 0.007184028625488281 0
6900 True 0 0.005836009979248047 0
7000 True 0 0.005929231643676758 0
7100 True 0 0.005959272384643555 0
7200 True 0 0.006384849548339844 0
7300 True 0 0.0061571598052978516 0
7400 True 0 0.006251811981201172 0
7500 True 0 0.005999565124511719 0
7600 True 0 0.006072521209716797 0
7700 True 0 0.00603032112121582 0
7800 False 0 0.0 0
7900 True 0 0.0062448978424072266 0
8000 True 0 0.00620722770690918 0
8100 True 0 0.00610804557800293 0
8200 True 0 0.005889415740966797 0
8300 True 0 0.005822420120239258 0
8400 True 0 0.005930423736572266 0
8500 True 0 0.006195545196533203 0
8600 True 0 0.006009578704833984 0
8700 True 0 0.00590062141418457 0
8800 True 0 0.006134748458862305 0
8900 True 0 0.005961894989013672 0
9000 True 0 0.006066083908081055 0
9100 True 0 0.00622105598449707 0
9200 True 0 0.006288051605224609 0
9300 True 0 0.006314516067504883 0
9400 True 0 0.006108999252319336 0
9500 True 0 0.006283998489379883 0
9600 True 0 0.005905628204345703 0
9700 False 0 0.0 0
9800 True 0 0.005904436111450195 0
9900 True 0 0.005961894989013672 0
