0 True 0 0.007318973541259766 0
100 True 0 0.008328676223754883 0
200 True 0 0.007093191146850586 0
300 True 0 0.0067522525787353516 0
400 True 0 0.006845235824584961 0
500 True 0 0.00702214241027832 0
600 True 0 0.006676435470581055 0
700 True 0 0.00674748420715332 0
800 True 0 0.007096052169799805 0
900 True 0 0.0067937374114990234 0
1000 True 0 0.006644725799560547 0
1100 True 0 0.006784915924072266 0
1200 True 0 0.0067331790924072266 0
1300 True 0 0.006906270980834961 0
1400 True 0 0.006658315658569336 0
1500 True 0 0.0068476200103759766 0
1600 True 0 0.0070018768310546875 0
1700 True 0 0.006552219390869141 0
1800 True 0 0.006669759750366211 0
1900 True 0 0.006825685501098633 0
2000 True 0 0.006596565246582031 0
2100 True 0 0.006589651107788086 0
2200 True 0 0.006609439849853516 0
2300 True 0 0.0066106319427490234 0
2400 True 0 0.007190227508544922 0
2500 True 0 0.006810665130615234 0
2600 True 0 0.006690502166748047 0
2700 True 0 0.007029294967651367 0
2800 True 0 0.006956577301025391 0
2900 True 0 0.006909847259521484 0
3000 True 0 0.006884574890136719 0
3100 True 0 0.0069620609283447266 0
3200 True 0 0.00686192512512207 0
3300 True 0 0.007039070129394531 0
3400 True 0 0.0065991878509521484 0
3500 True 0 0.00686192512512207 0
3600 True 0 0.006797075271606445 0
3700 True 0 0.007077693939208984 0
3800 True 0 0.006854534149169922 0
3900 True 0 0.007357120513916016 0
4000 True 0 0.006823062896728516 0
4100 True 0 0.006814718246459961 0
4200 True 0 0.006737232208251953 0
4300 True 0 0.006746768951416016 0
4400 True 0 0.006633281707763672 0
4500 True 0 0.0068967342376708984 0
4600 True 0 0.006769418716430664 0
4700 True 0 0.008637428283691406 0
4800 True 0 0.006852149963378906 0
4900 True 0 0.007085561752319336 0
5000 True 0 0.006678104400634766 0
5100 True 0 0.007480621337890625 0
5200 True 0 0.006942033767700195 0
5300 True 0 0.006934642791748047 0
5400 True 0 0.006580829620361328 0
5500 True 0 0.006697177886962891 0
5600 True 0 0.006651401519775391 0
5700 True 0 0.006757497787475586 0
5800 True 0 0.006705760955810547 0
5900 True 0 0.006769895553588867 0
6000 True 0 0.007454872131347656 0
6100 True 0 0.008733272552490234 0
6200 True 0 0.006866931915283203 0
6300 True 0 0.0066030025482177734 0
6400 True 0 0.006495952606201172 0
6500 True 0 0.006496906280517578 0
6600 True 0 0.006380796432495117 0
6700 True 0 0.006869316101074219 0
6800 True 0 0.0072672367095947266 0
6900 True 0 0.006727695465087891 0
7000 True 0 0.0068438053131103516 0
7100 True 0 0.006783008575439453 0
7200 True 0 0.006931304931640625 0
7300 True 0 0.006802797317504883 0
7400 True 0 0.008836746215820312 0
7500 True 0 0.0067446231842041016 0
7600 True 0 0.0065615177154541016 0
7700 True 0 0.006769895553588867 0
7800 True 0 0.006709575653076172 0
7900 True 0 0.006700277328491211 0
8000 True 0 0.008526086807250977 0
8100 True 0 0.006623506546020508 0
8200 True 0 0.006721019744873047 0
8300 True 0 0.006649971008300781 0
8400 True 0 0.006715059280395508 0
8500 True 0 0.006767749786376953 0
8600 True 0 0.006949901580810547 0
8700 True 0 0.006617546081542969 0
8800 True 0 0.006568193435668945 0
8900 True 0 0.007000446319580078 0
9000 True 0 0.006705045700073242 0
9100 True 0 0.006639242172241211 0
9200 True 0 0.00617671012878418 0
9300 True 0 0.007045745849609375 0
9400 True 0 0.006621599197387695 0
9500 True 0 0.006502866744995117 0
9600 True 0 0.006494760513305664 0
9700 True 0 0.007097482681274414 0
9800 True 0 0.007025480270385742 0
9900 True 0 0.006765604019165039 0
