0 True 1 0.007036685943603516 0
100 True 1 0.006828784942626953 0
200 True 0 0.006811380386352539 0
300 True 1 0.0071752071380615234 0
400 True 1 0.0071566104888916016 0
500 True 1 0.006724357604980469 0
600 True 1 0.006891727447509766 0
700 True 1 0.00657963752746582 0
800 True 1 0.0067822933197021484 0
900 False 0 0.0 0
1000 True 1 0.006932735443115234 0
1100 True 1 0.006697654724121094 0
1200 True 0 0.006717681884765625 0
1300 True 1 0.006590366363525391 0
1400 True 1 0.00671696662902832 0
1500 True 0 0.006561994552612305 0
1600 True 1 0.006927967071533203 0
1700 True 1 0.006829738616943359 0
1800 True 1 0.0069522857666015625 0
1900 True 1 0.006731986999511719 0
2000 True 1 0.006902933120727539 0
2100 True 1 0.006722211837768555 0
2200 True 1 0.006589174270629883 0
2300 True 1 0.006682157516479492 0
2400 True 1 0.006577253341674805 0
2500 True 1 0.0065076351165771484 0
2600 True 1 0.006746053695678711 0
2700 True 1 0.006897687911987305 0
2800 True 1 0.006763935089111328 0
2900 True 1 0.006663084030151367 0
3000 True 1 0.006640434265136719 0
3100 True 1 0.007849693298339844 0
3200 True 1 0.006749868392944336 0
3300 True 1 0.0065577030181884766 0
3400 True 1 0.006575822830200195 0
3500 True 1 0.006585121154785156 0
3600 True 1 0.006593227386474609 0
3700 True 1 0.006632328033447266 0
3800 True 1 0.006773710250854492 0
3900 True 1 0.00663304328918457 0
4000 True 1 0.006682395935058594 0
4100 True 1 0.006575584411621094 0
4200 True 1 0.006697177886962891 0
4300 True 0 0.006848573684692383 0
4400 True 1 0.006545305252075195 0
4500 True 0 0.006686210632324219 0
4600 True 1 0.006673097610473633 0
4700 True 1 0.008297204971313477 0
4800 True 1 0.0065343379974365234 0
4900 True 1 0.0066585540771484375 0
5000 True 1 0.006659030914306641 0
5100 True 1 0.006611347198486328 0
5200 True 1 0.006582975387573242 0
5300 True 1 0.00663447380065918 0
5400 True 1 0.006960630416870117 0
5500 True 1 0.006571292877197266 0
5600 True 1 0.006616115570068359 0
5700 True 1 0.006549835205078125 0
5800 True 1 0.006687164306640625 0
5900 True 1 0.006825447082519531 0
6000 True 1 0.006849527359008789 0
6100 True 1 0.006704807281494141 0
6200 True 1 0.0068018436431884766 0
6300 True 1 0.007928133010864258 0
6400 True 1 0.0068206787109375 0
6500 True 1 0.007003068923950195 0
6600 True 1 0.0066835880279541016 0
6700 True 1 0.006597280502319336 0
6800 True 1 0.009260416030883789 0
6900 True 1 0.006941080093383789 0
7000 True 1 0.006873369216918945 0
7100 True 1 0.008068323135375977 0
7200 True 1 0.007014751434326172 0
7300 True 1 0.006987094879150391 0
7400 True 1 0.006731748580932617 0
7500 True 1 0.006724357604980469 0
7600 True 1 0.00846719741821289 0
7700 True 1 0.0068166255950927734 0
7800 True 0 0.006693840026855469 0
7900 True 1 0.0066373348236083984 0
8000 True 1 0.006661653518676758 0
8100 True 1 0.006972789764404297 0
8200 True 1 0.007043123245239258 0
8300 True 1 0.010371923446655273 0
8400 True 1 0.006720066070556641 0
8500 True 1 0.0071184635162353516 0
8600 True 1 0.006663322448730469 0
8700 True 1 0.006728410720825195 0
8800 True 1 0.006823539733886719 0
8900 True 1 0.0066606998443603516 0
9000 True 1 0.006734609603881836 0
9100 True 1 0.006662607192993164 0
9200 True 1 0.006845235824584961 0
9300 True 1 0.008601903915405273 0
9400 True 1 0.006675243377685547 0
9500 True 1 0.00679326057434082 0
9600 True 1 0.006651878356933594 0
9700 True 1 0.006696462631225586 0
9800 True 1 0.006875753402709961 0
9900 True 1 0.006689786911010742 0
