0 True 0 0.010722160339355469 0
100 True 0 0.009927511215209961 0
200 True 0 0.00993490219116211 0
300 True 0 0.010308504104614258 0
400 True 0 0.009856462478637695 0
500 True 0 0.010300397872924805 0
600 True 0 0.009998798370361328 0
700 True 0 0.011015892028808594 0
800 True 0 0.009822845458984375 0
900 True 0 0.010307788848876953 0
1000 True 0 0.010008096694946289 0
1100 True 0 0.00981593132019043 0
1200 True 0 0.00991201400756836 0
1300 True 0 0.010202169418334961 0
1400 True 0 0.009772062301635742 0
1500 True 0 0.009824037551879883 0
1600 True 0 0.009881019592285156 0
1700 True 0 0.010001897811889648 0
1800 True 0 0.01020050048828125 0
1900 True 0 0.00996255874633789 0
2000 True 0 0.009696006774902344 0
2100 True 0 0.009755849838256836 0
2200 True 0 0.009716510772705078 0
2300 True 0 0.01015472412109375 0
2400 True 0 0.009995222091674805 0
2500 True 0 0.009826898574829102 0
2600 True 0 0.010133028030395508 0
2700 True 0 0.010085105895996094 0
2800 True 0 0.010135889053344727 0
2900 True 0 0.009634017944335938 0
3000 True 0 0.01002192497253418 0
3100 True 0 0.010075092315673828 0
3200 True 0 0.009839057922363281 0
3300 True 0 0.010283946990966797 0
3400 True 0 0.01011347770690918 0
3500 True 0 0.009833097457885742 0
3600 True 0 0.012181758880615234 0
3700 True 0 0.010431766510009766 0
3800 True 0 0.009944677352905273 0
3900 True 0 0.009932518005371094 0
4000 True 0 0.010256528854370117 0
4100 True 0 0.010409355163574219 0
4200 True 0 0.010372161865234375 0
4300 True 0 0.010206460952758789 0
4400 True 0 0.011255979537963867 0
4500 True 0 0.010673046112060547 0
4600 True 0 0.011542320251464844 0
4700 True 0 0.010494470596313477 0
4800 True 0 0.01115727424621582 0
4900 True 0 0.009765386581420898 0
5000 True 0 0.009934186935424805 0
5100 True 0 0.010427474975585938 0
5200 True 0 0.01030731201171875 0
5300 True 0 0.010498046875 0
5400 True 0 0.010478734970092773 0
5500 True 0 0.009962081909179688 0
5600 True 0 0.010205984115600586 0
5700 True 0 0.012246131896972656 0
5800 True 0 0.010035276412963867 0
5900 True 0 0.009865045547485352 0
6000 True 0 0.010555505752563477 0
6100 True 0 0.010124444961547852 0
6200 True 0 0.010184764862060547 0
6300 True 0 0.00996851921081543 0
6400 True 0 0.010846853256225586 0
6500 True 0 0.011015176773071289 0
6600 True 0 0.009884357452392578 0
6700 True 0 0.00998997688293457 0
6800 True 0 0.010065317153930664 0
6900 True 0 0.010557413101196289 0
7000 True 0 0.010378122329711914 0
7100 True 0 0.010290861129760742 0
7200 True 0 0.01055455207824707 0
7300 True 0 0.011204957962036133 0
7400 True 0 0.010205745697021484 0
7500 True 0 0.010097503662109375 0
7600 True 0 0.009950637817382812 0
7700 True 0 0.010590791702270508 0
7800 True 0 0.009948968887329102 0
7900 True 0 0.010293245315551758 0
8000 True 0 0.010018348693847656 0
8100 True 0 0.010085344314575195 0
8200 True 0 0.009676933288574219 0
8300 True 0 0.010093212127685547 0
8400 True 0 0.010083198547363281 0
8500 True 0 0.010409355163574219 0
8600 True 0 0.010114908218383789 0
8700 True 0 0.00984048843383789 0
8800 True 0 0.010753393173217773 0
8900 True 0 0.010133028030395508 0
9000 True 0 0.010031938552856445 0
9100 True 0 0.011674642562866211 0
9200 True 0 0.009850740432739258 0
9300 True 0 0.010037899017333984 0
9400 True 0 0.010160684585571289 0
9500 True 0 0.010280609130859375 0
9600 True 0 0.010110855102539062 0
9700 True 0 0.010291099548339844 0
9800 True 0 0.009960174560546875 0
9900 True 0 0.010235071182250977 0
