0 True 0.0 0.06858134269714355 0
100 True 0.0 0.06287598609924316 0
200 True 0.0 0.06699657440185547 0
300 True 0.0 0.07220149040222168 0
400 True 0.0 0.06543731689453125 0
500 True 0.0 0.10765767097473145 0
600 True 0.0 0.10841512680053711 0
700 True 0.0 0.10890817642211914 0
800 True 0.0 0.11156654357910156 0
900 True 0.0 0.11055397987365723 0
1000 True 0.0 0.0749971866607666 0
1100 True 0.0 0.08339786529541016 0
1200 True 0.0 0.16754961013793945 0
1300 True 0.0 0.07358121871948242 0
1400 True 0.0 0.08703231811523438 0
1500 True 0.0 0.10545158386230469 0
1600 True 0.0 0.07005000114440918 0
1700 True 0.0 0.0723576545715332 0
1800 True 0.0 0.07748007774353027 0
1900 True 0.0 0.08802604675292969 0
2000 True 0.0 0.06447124481201172 0
2100 True 0.0 0.06009364128112793 0
2200 True 0.0 0.09219169616699219 0
2300 True 0.0 0.06777548789978027 0
2400 True 0.0 0.061531782150268555 0
2500 True 0.0 0.06514692306518555 0
2600 True 0.0 0.06910562515258789 0
2700 True 0.0 0.06955265998840332 0
2800 True 0.0 0.07930874824523926 0
2900 True 0.0 0.06135678291320801 0
3000 True 0.0 0.08456540107727051 0
3100 True 0.0 0.06407475471496582 0
3200 True 0.0 0.06898736953735352 0
3300 True 0.0 0.1073915958404541 0
3400 True 0.0 0.07107925415039062 0
3500 True 0.0 0.07398843765258789 0
3600 True 0.0 0.07547354698181152 0
3700 True 0.0 0.11471772193908691 0
3800 True 0.0 0.10865139961242676 0
3900 True 0.0 0.06441140174865723 0
4000 True 0.0 0.11719751358032227 0
4100 True 0.0 0.0638887882232666 0
4200 True 0.0 0.06518864631652832 0
4300 True 0.0 0.06403732299804688 0
4400 True 0.0 0.06881308555603027 0
4500 False 0.0 0.0 0
4600 True 0.0 0.1124420166015625 0
4700 True 0.0 0.0857236385345459 0
4800 True 0.0 0.0956563949584961 0
4900 True 0.0 0.06005048751831055 0
5000 True 0.0 0.08902478218078613 0
5100 True 0.0 0.09673881530761719 0
5200 True 0.0 0.05978035926818848 0
5300 True 0.0 0.08761382102966309 0
5400 True 0.0 0.058815717697143555 0
5500 True 0.0 0.0631551742553711 0
5600 True 0.0 0.05933523178100586 0
5700 True 0.0 0.0928657054901123 0
5800 True 0.0 0.08530187606811523 0
5900 True 0.0 0.08653616905212402 0
6000 True 0.0 0.06583380699157715 0
6100 True 0.0 0.11451029777526855 0
6200 True 0.0 0.112579345703125 0
6300 True 0.0 0.07517123222351074 0
6400 True 0.0 0.08469629287719727 0
6500 True 0.0 0.11550211906433105 0
6600 True 0.0 0.06472158432006836 0
6700 True 0.0 0.07074284553527832 0
6800 True 0.0 0.06396818161010742 0
6900 True 0.0 0.07287788391113281 0
7000 True 0.0 0.06584477424621582 0
7100 True 0.0 0.07853269577026367 0
7200 True 0.0 0.11172080039978027 0
7300 True 0.0 0.09379029273986816 0
7400 True 0.0 0.07375407218933105 0
7500 True 0.0 0.06403088569641113 0
7600 True 0.0 0.08221960067749023 0
7700 True 0.0 0.07107090950012207 0
7800 True 0.0 0.07175970077514648 0
7900 True 0.0 0.06737208366394043 0
8000 True 0.0 0.06474924087524414 0
8100 True 0.0 0.07143878936767578 0
8200 True 0.0 0.06173229217529297 0
8300 True 0.0 0.06409811973571777 0
8400 True 0.0 0.06535029411315918 0
8500 True 0.0 0.08607697486877441 0
8600 True 0.0 0.0839686393737793 0
8700 True 0.0 0.08463692665100098 0
8800 True 0.0 0.07528233528137207 0
8900 True 0.0 0.07753300666809082 0
9000 True 0.0 0.07748651504516602 0
9100 True 0.0 0.07373213768005371 0
9200 True 0.0 0.07536792755126953 0
9300 True 0.0 0.07775282859802246 0
9400 True 0.0 0.0647270679473877 0
9500 True 0.0 0.06731605529785156 0
9600 True 0.0 0.08368277549743652 0
9700 True 0.0 0.11431312561035156 0
9800 True 0.0 0.07281661033630371 0
9900 True 0.0 0.10767936706542969 0
