0 True 0 0.015555858612060547 0
100 True 0 0.01199030876159668 0
200 True 0 0.011689186096191406 0
300 True 0 0.01205897331237793 0
400 True 0 0.011516094207763672 0
500 True 0 0.012032032012939453 0
600 True 0 0.012947797775268555 0
700 True 0 0.011884689331054688 0
800 True 0 0.012836456298828125 0
900 True 0 0.012357234954833984 0
1000 True 0 0.011350870132446289 0
1100 True 0 0.012081146240234375 0
1200 True 0 0.011222362518310547 0
1300 True 0 0.015314340591430664 0
1400 True 0 0.01107931137084961 0
1500 True 0 0.01108098030090332 0
1600 True 0 0.0152587890625 0
1700 True 0 0.011727333068847656 0
1800 True 0 0.011456966400146484 0
1900 True 0 0.01521921157836914 0
2000 True 0 0.011357307434082031 0
2100 True 0 0.01050567626953125 0
2200 True 0 0.011401891708374023 0
2300 True 0 0.017801284790039062 0
2400 True 0 0.015076637268066406 0
2500 True 0 0.011643648147583008 0
2600 True 0 0.018651485443115234 0
2700 True 0 0.01265406608581543 0
2800 True 0 0.012735843658447266 0
2900 True 0 0.0187985897064209 0
3000 True 0 0.018524885177612305 0
3100 True 0 0.016333580017089844 0
3200 True 0 0.012436389923095703 0
3300 True 0 0.010929346084594727 0
3400 True 0 0.01098179817199707 0
3500 True 0 0.012108087539672852 0
3600 True 0 0.011142492294311523 0
3700 True 0 0.0130767822265625 0
3800 True 0 0.012466669082641602 0
3900 True 0 0.013151407241821289 0
4000 True 0 0.0121002197265625 0
4100 True 0 0.012276887893676758 0
4200 True 0 0.012857437133789062 0
4300 True 0 0.014992713928222656 0
4400 True 0 0.011773109436035156 0
4500 True 0 0.012517690658569336 0
4600 True 0 0.011941909790039062 0
4700 True 0 0.01148366928100586 0
4800 True 0 0.011970996856689453 0
4900 True 0 0.010458946228027344 0
5000 True 0 0.011570215225219727 0
5100 True 0 0.012383222579956055 0
5200 True 0 0.010519742965698242 0
5300 True 0 0.010779380798339844 0
5400 True 0 0.018738508224487305 0
5500 True 0 0.018887996673583984 0
5600 True 0 0.01887965202331543 0
5700 True 0 0.01880502700805664 0
5800 True 0 0.018320560455322266 0
5900 True 0 0.011223793029785156 0
6000 True 0 0.012982368469238281 0
6100 True 0 0.011927604675292969 0
6200 True 0 0.011939764022827148 0
6300 True 0 0.012742996215820312 0
6400 True 0 0.011193275451660156 0
6500 True 0 0.016835689544677734 0
6600 True 0 0.012783050537109375 0
6700 True 0 0.01759934425354004 0
6800 True 0 0.012047052383422852 0
6900 True 0 0.011588811874389648 0
7000 True 0 0.011945009231567383 0
7100 True 0 0.012253761291503906 0
7200 True 0 0.012059450149536133 0
7300 True 0 0.013348102569580078 0
7400 True 0 0.015076398849487305 0
7500 True 0 0.01114201545715332 0
7600 True 0 0.009716510772705078 0
7700 True 0 0.011568069458007812 0
7800 True 0 0.015285253524780273 0
7900 True 0 0.012085199356079102 0
8000 True 0 0.01089167594909668 0
8100 True 0 0.012511253356933594 0
8200 True 0 0.012575864791870117 0
8300 True 0 0.013617277145385742 0
8400 True 0 0.019069194793701172 0
8500 True 0 0.013372659683227539 0
8600 True 0 0.014145374298095703 0
8700 True 0 0.016081571578979492 0
8800 True 0 0.011246442794799805 0
8900 True 0 0.011521577835083008 0
9000 True 0 0.013585567474365234 0
9100 True 0 0.019388198852539062 0
9200 True 0 0.01617288589477539 0
9300 True 0 0.012944936752319336 0
9400 True 0 0.017964839935302734 0
9500 True 0 0.018094539642333984 0
9600 True 0 0.015134572982788086 0
9700 True 0 0.01040339469909668 0
9800 True 0 0.012080192565917969 0
9900 True 0 0.012050390243530273 0
