0 True 0.3046875 0.10789060592651367 0
100 True 0.3046875 0.06815648078918457 0
200 True 0.234375 0.06695747375488281 0
300 True 0.203125 0.08641219139099121 0
400 True 0.3046875 0.07611608505249023 0
500 True 0.296875 0.08690452575683594 0
600 True 0.3046875 0.08745360374450684 0
700 True 0.3046875 0.07391190528869629 0
800 True 0.296875 0.08742785453796387 0
900 False 0.0 0.0 0
1000 True 0.3046875 0.06666898727416992 0
1100 True 0.3046875 0.06396198272705078 0
1200 True 0.046875 0.08128809928894043 0
1300 True 0.3046875 0.06601929664611816 0
1400 True 0.3046875 0.06425976753234863 0
1500 True 0.1640625 0.06720685958862305 0
1600 True 0.25 0.07250642776489258 0
1700 True 0.3046875 0.06991457939147949 0
1800 True 0.2578125 0.0722038745880127 0
1900 True 0.1171875 0.07907986640930176 0
2000 True 0.25 0.0768575668334961 0
2100 True 0.3046875 0.07172751426696777 0
2200 True 0.203125 0.07173418998718262 0
2300 True 0.234375 0.0814356803894043 0
2400 True 0.296875 0.06324362754821777 0
2500 True 0.2890625 0.08608794212341309 0
2600 True 0.3046875 0.06547856330871582 0
2700 True 0.3046875 0.07327437400817871 0
2800 True 0.3046875 0.06625819206237793 0
2900 True 0.296875 0.07944846153259277 0
3000 True 0.3046875 0.08058476448059082 0
3100 True 0.234375 0.10426139831542969 0
3200 True 0.3046875 0.08666849136352539 0
3300 True 0.3046875 0.06668424606323242 0
3400 True 0.3046875 0.09007930755615234 0
3500 True 0.3046875 0.06256723403930664 0
3600 True 0.296875 0.06689286231994629 0
3700 True 0.3046875 0.09010767936706543 0
3800 True 0.296875 0.07771611213684082 0
3900 True 0.3046875 0.05969595909118652 0
4000 True 0.3046875 0.059314727783203125 0
4100 True 0.1484375 0.06033730506896973 0
4200 True 0.3046875 0.06910109519958496 0
4300 True 0.0234375 0.06519961357116699 0
4400 True 0.234375 0.07291340827941895 0
4500 False 0.0 0.0 0
4600 True 0.3046875 0.07184147834777832 0
4700 True 0.3046875 0.075897216796875 0
4800 True 0.3046875 0.11140823364257812 0
4900 True 0.3046875 0.12171006202697754 0
5000 True 0.3046875 0.11632561683654785 0
5100 True 0.3046875 0.10114431381225586 0
5200 True 0.3046875 0.0860285758972168 0
5300 True 0.296875 0.06800436973571777 0
5400 True 0.3046875 0.06720972061157227 0
5500 True 0.3125 0.07427597045898438 0
5600 True 0.296875 0.06996607780456543 0
5700 True 0.3046875 0.07415318489074707 0
5800 True 0.3046875 0.07724499702453613 0
5900 True 0.3046875 0.06739234924316406 0
6000 True 0.296875 0.08752846717834473 0
6100 True 0.3046875 0.08392500877380371 0
6200 True 0.3046875 0.07220125198364258 0
6300 True 0.3046875 0.0728445053100586 0
6400 True 0.0703125 0.08657097816467285 0
6500 True 0.3046875 0.07246160507202148 0
6600 True 0.15625 0.06673693656921387 0
6700 True 0.2109375 0.05997419357299805 0
6800 True 0.3046875 0.06411242485046387 0
6900 True 0.3046875 0.062001705169677734 0
7000 True 0.3046875 0.08222603797912598 0
7100 True 0.296875 0.09667563438415527 0
7200 True 0.28125 0.06909990310668945 0
7300 True 0.3125 0.06908321380615234 0
7400 True 0.28125 0.07379436492919922 0
7500 True 0.3046875 0.07543730735778809 0
7600 True 0.3046875 0.07558226585388184 0
7700 True 0.3046875 0.11438918113708496 0
7800 True 0.3046875 0.11192798614501953 0
7900 True 0.2734375 0.06930923461914062 0
8000 True 0.2421875 0.06507444381713867 0
8100 True 0.296875 0.08870840072631836 0
8200 True 0.3046875 0.0703742504119873 0
8300 True 0.3125 0.10817241668701172 0
8400 True 0.3046875 0.06671857833862305 0
8500 True 0.3046875 0.0709383487701416 0
8600 True 0.3046875 0.09075069427490234 0
8700 True 0.3046875 0.12459969520568848 0
8800 True 0.3125 0.10510635375976562 0
8900 True 0.3046875 0.0612483024597168 0
9000 True 0.3046875 0.07535290718078613 0
9100 True 0.3046875 0.06064248085021973 0
9200 True 0.3046875 0.08316349983215332 0
9300 True 0.3046875 0.09211516380310059 0
9400 True 0.296875 0.0858602523803711 0
9500 True 0.125 0.06013083457946777 0
9600 True 0.3046875 0.06351494789123535 0
9700 True 0.109375 0.06943750381469727 0
9800 True 0.3046875 0.06633830070495605 0
9900 True 0.3046875 0.07570123672485352 0
