0 True 0.203125 0.0672767162322998 0
100 True 0.1953125 0.06538629531860352 0
200 True 0.1875 0.08719897270202637 0
300 True 0.15625 0.10426783561706543 0
400 True 0.2109375 0.0629878044128418 0
500 True 0.21875 0.07480430603027344 0
600 True 0.2109375 0.10613679885864258 0
700 True 0.2109375 0.08669209480285645 0
800 True 0.125 0.11318659782409668 0
900 True 0.0859375 0.05806922912597656 0
1000 True 0.203125 0.08678340911865234 0
1100 True 0.203125 0.11343741416931152 0
1200 True 0.1484375 0.06025862693786621 0
1300 True 0.1953125 0.0865476131439209 0
1400 True 0.2109375 0.08687996864318848 0
1500 True 0.03125 0.0881049633026123 0
1600 True 0.0546875 0.059458017349243164 0
1700 True 0.21875 0.05780220031738281 0
1800 True 0.0859375 0.1070408821105957 0
1900 True 0.0859375 0.06305456161499023 0
2000 True 0.1796875 0.06046462059020996 0
2100 True 0.2109375 0.11052393913269043 0
2200 True 0.2109375 0.10829377174377441 0
2300 True 0.203125 0.11114907264709473 0
2400 True 0.1640625 0.11252975463867188 0
2500 True 0.1953125 0.11083078384399414 0
2600 True 0.1875 0.08769631385803223 0
2700 True 0.1875 0.0645744800567627 0
2800 True 0.1640625 0.07524394989013672 0
2900 True 0.1796875 0.06305265426635742 0
3000 True 0.2109375 0.06206870079040527 0
3100 True 0.0859375 0.0719459056854248 0
3200 True 0.203125 0.06329894065856934 0
3300 True 0.1875 0.10094022750854492 0
3400 True 0.21875 0.1079704761505127 0
3500 True 0.2109375 0.08661365509033203 0
3600 True 0.1796875 0.06740951538085938 0
3700 True 0.2109375 0.06175088882446289 0
3800 True 0.1953125 0.06742000579833984 0
3900 True 0.203125 0.06762146949768066 0
4000 True 0.1171875 0.05971074104309082 0
4100 True 0.0859375 0.0906682014465332 0
4200 True 0.2109375 0.0744621753692627 0
4300 True 0.0390625 0.06367874145507812 0
4400 True 0.09375 0.06056022644042969 0
4500 True 0.0234375 0.06586551666259766 0
4600 True 0.21875 0.06898689270019531 0
4700 True 0.203125 0.06843113899230957 0
4800 True 0.2109375 0.059647321701049805 0
4900 True 0.2109375 0.07590937614440918 0
5000 True 0.2109375 0.07679033279418945 0
5100 True 0.203125 0.1094810962677002 0
5200 True 0.2109375 0.11287379264831543 0
5300 True 0.2109375 0.11136698722839355 0
5400 True 0.2109375 0.10365509986877441 0
5500 True 0.21875 0.10137701034545898 0
5600 True 0.2109375 0.11171865463256836 0
5700 True 0.203125 0.06493473052978516 0
5800 True 0.2109375 0.1062781810760498 0
5900 True 0.21875 0.08719944953918457 0
6000 True 0.2109375 0.07780241966247559 0
6100 True 0.1640625 0.1083827018737793 0
6200 True 0.203125 0.08713340759277344 0
6300 True 0.2109375 0.11208868026733398 0
6400 True 0.078125 0.05879688262939453 0
6500 True 0.2109375 0.09038281440734863 0
6600 True 0.125 0.07351374626159668 0
6700 True 0.15625 0.060674428939819336 0
6800 True 0.2109375 0.0871424674987793 0
6900 True 0.2109375 0.06421923637390137 0
7000 True 0.2109375 0.07481265068054199 0
7100 True 0.109375 0.0773618221282959 0
7200 True 0.171875 0.05999350547790527 0
7300 True 0.203125 0.06436896324157715 0
7400 True 0.171875 0.06341767311096191 0
7500 True 0.2109375 0.06070971488952637 0
7600 True 0.21875 0.11006283760070801 0
7700 True 0.1875 0.11395788192749023 0
7800 True 0.140625 0.1121819019317627 0
7900 True 0.203125 0.11230874061584473 0
8000 True 0.1484375 0.11016106605529785 0
8100 True 0.2109375 0.10076594352722168 0
8200 True 0.2109375 0.06420254707336426 0
8300 True 0.2109375 0.1195671558380127 0
8400 True 0.203125 0.06434941291809082 0
8500 True 0.21875 0.06911063194274902 0
8600 True 0.2109375 0.08639168739318848 0
8700 True 0.21875 0.08090710639953613 0
8800 True 0.2265625 0.1121065616607666 0
8900 True 0.1875 0.09758806228637695 0
9000 True 0.2109375 0.0854489803314209 0
9100 True 0.21875 0.06668400764465332 0
9200 True 0.2109375 0.10670685768127441 0
9300 True 0.21875 0.08651995658874512 0
9400 True 0.125 0.08721256256103516 0
9500 True 0.1171875 0.0710442066192627 0
9600 True 0.21875 0.08847665786743164 0
9700 True 0.0390625 0.07168865203857422 0
9800 True 0.203125 0.06442141532897949 0
9900 True 0.15625 0.06294584274291992 0
