0 True 1 0.012845277786254883 0
100 True 1 0.011965274810791016 0
200 True 0 0.011965751647949219 0
300 True 0 0.010751962661743164 0
400 True 1 0.012286901473999023 0
500 True 1 0.013972043991088867 0
600 True 1 0.020572423934936523 0
700 True 1 0.0194854736328125 0
800 True 1 0.018851518630981445 0
900 False 0 0.0 0
1000 True 1 0.019225358963012695 0
1100 True 1 0.012365102767944336 0
1200 True 0 0.019546031951904297 0
1300 True 1 0.014946460723876953 0
1400 True 1 0.017540931701660156 0
1500 True 0 0.010696172714233398 0
1600 True 0 0.0179443359375 0
1700 True 1 0.016898155212402344 0
1800 True 0 0.014763832092285156 0
1900 True 0 0.010350465774536133 0
2000 True 0 0.011043548583984375 0
2100 True 1 0.014947652816772461 0
2200 True 0 0.01508331298828125 0
2300 True 0 0.013434410095214844 0
2400 True 1 0.015102386474609375 0
2500 True 0 0.015324831008911133 0
2600 True 1 0.01474142074584961 0
2700 True 1 0.011082887649536133 0
2800 True 1 0.016165971755981445 0
2900 True 1 0.010816812515258789 0
3000 True 1 0.010503053665161133 0
3100 True 0 0.013039827346801758 0
3200 True 1 0.018993139266967773 0
3300 True 1 0.019415855407714844 0
3400 True 1 0.01923394203186035 0
3500 True 1 0.018725156784057617 0
3600 True 1 0.018162965774536133 0
3700 True 1 0.012221574783325195 0
3800 True 1 0.012631893157958984 0
3900 True 1 0.01175069808959961 0
4000 True 1 0.012406349182128906 0
4100 True 0 0.012389898300170898 0
4200 True 1 0.012053251266479492 0
4300 True 0 0.012432098388671875 0
4400 True 0 0.012491703033447266 0
4500 False 0 0.0 0
4600 True 1 0.012106657028198242 0
4700 True 1 0.013201475143432617 0
4800 True 1 0.02188897132873535 0
4900 True 1 0.011234521865844727 0
5000 True 1 0.011965036392211914 0
5100 True 1 0.015027523040771484 0
5200 True 1 0.012368202209472656 0
5300 True 1 0.018569469451904297 0
5400 True 1 0.011852025985717773 0
5500 True 1 0.012080192565917969 0
5600 True 1 0.010200023651123047 0
5700 True 1 0.011736631393432617 0
5800 True 1 0.012193918228149414 0
5900 True 1 0.015081167221069336 0
6000 True 1 0.011272668838500977 0
6100 True 1 0.018263816833496094 0
6200 True 1 0.01353311538696289 0
6300 True 1 0.01768040657043457 0
6400 True 0 0.02047562599182129 0
6500 True 1 0.018822908401489258 0
6600 True 0 0.011969804763793945 0
6700 True 0 0.011421442031860352 0
6800 True 1 0.015587329864501953 0
6900 True 1 0.012108802795410156 0
7000 True 1 0.018497228622436523 0
7100 True 1 0.011148452758789062 0
7200 True 0 0.01831984519958496 0
7300 True 1 0.0182650089263916 0
7400 True 0 0.015142202377319336 0
7500 True 1 0.021051645278930664 0
7600 True 1 0.011575937271118164 0
7700 True 1 0.0151519775390625 0
7800 True 1 0.015775680541992188 0
7900 True 1 0.01934981346130371 0
8000 True 0 0.015156745910644531 0
8100 True 1 0.012079477310180664 0
8200 True 1 0.01196432113647461 0
8300 True 1 0.010677337646484375 0
8400 True 1 0.014958381652832031 0
8500 True 1 0.015217065811157227 0
8600 True 1 0.015117883682250977 0
8700 True 1 0.010664939880371094 0
8800 True 1 0.012541532516479492 0
8900 True 1 0.012900829315185547 0
9000 True 1 0.012508869171142578 0
9100 True 1 0.019657611846923828 0
9200 True 1 0.01887035369873047 0
9300 True 1 0.0192568302154541 0
9400 True 1 0.010982513427734375 0
9500 True 0 0.013227462768554688 0
9600 True 1 0.012022733688354492 0
9700 True 0 0.010875940322875977 0
9800 True 1 0.017524242401123047 0
9900 True 1 0.011383056640625 0
