0 True 0 0.01593613624572754 0
100 True 0 0.01147007942199707 0
200 True 0 0.01192164421081543 0
300 True 0 0.011207342147827148 0
400 True 0 0.013639211654663086 0
500 True 0 0.013372182846069336 0
600 True 0 0.012233495712280273 0
700 True 0 0.01279449462890625 0
800 True 0 0.013485908508300781 0
900 True 0 0.012780904769897461 0
1000 True 0 0.015190601348876953 0
1100 True 0 0.012379646301269531 0
1200 True 0 0.012531042098999023 0
1300 True 0 0.011429548263549805 0
1400 True 0 0.011411428451538086 0
1500 True 0 0.011981010437011719 0
1600 True 0 0.013665437698364258 0
1700 True 0 0.012150049209594727 0
1800 True 0 0.01192927360534668 0
1900 True 0 0.01127314567565918 0
2000 True 0 0.011191844940185547 0
2100 True 0 0.011488914489746094 0
2200 True 0 0.011302709579467773 0
2300 True 0 0.015275716781616211 0
2400 True 0 0.02032470703125 0
2500 True 0 0.015155553817749023 0
2600 True 0 0.013444900512695312 0
2700 True 0 0.010828971862792969 0
2800 True 0 0.011441469192504883 0
2900 True 0 0.012163877487182617 0
3000 True 0 0.015211105346679688 0
3100 True 0 0.014975309371948242 0
3200 True 0 0.01548147201538086 0
3300 True 0 0.012961626052856445 0
3400 True 0 0.016109704971313477 0
3500 True 0 0.012729406356811523 0
3600 True 0 0.020163774490356445 0
3700 True 0 0.015129566192626953 0
3800 True 0 0.015116691589355469 0
3900 True 0 0.011035919189453125 0
4000 True 0 0.01902604103088379 0
4100 True 0 0.011088371276855469 0
4200 True 0 0.012477636337280273 0
4300 True 0 0.012033224105834961 0
4400 True 0 0.011027097702026367 0
4500 True 0 0.012971878051757812 0
4600 True 0 0.011991262435913086 0
4700 True 0 0.014989376068115234 0
4800 True 0 0.020235061645507812 0
4900 True 0 0.011641502380371094 0
5000 True 0 0.015208244323730469 0
5100 True 0 0.02086949348449707 0
5200 True 0 0.01146554946899414 0
5300 True 0 0.015102624893188477 0
5400 True 0 0.015321731567382812 0
5500 True 0 0.011031389236450195 0
5600 True 0 0.011124372482299805 0
5700 True 0 0.01045846939086914 0
5800 True 0 0.011903762817382812 0
5900 True 0 0.011504173278808594 0
6000 True 0 0.010718345642089844 0
6100 True 0 0.025551795959472656 0
6200 True 0 0.013155221939086914 0
6300 True 0 0.012836217880249023 0
6400 True 0 0.01933741569519043 0
6500 True 0 0.026556730270385742 0
6600 True 0 0.011581897735595703 0
6700 True 0 0.011673927307128906 0
6800 True 0 0.013294696807861328 0
6900 True 0 0.014567136764526367 0
7000 True 0 0.012319564819335938 0
7100 True 0 0.011734247207641602 0
7200 True 0 0.012225866317749023 0
7300 True 0 0.012454748153686523 0
7400 True 0 0.011742353439331055 0
7500 True 0 0.016505956649780273 0
7600 True 0 0.01951432228088379 0
7700 True 0 0.020039796829223633 0
7800 True 0 0.015177011489868164 0
7900 True 0 0.011360406875610352 0
8000 True 0 0.010790348052978516 0
8100 True 0 0.015176534652709961 0
8200 True 0 0.011058330535888672 0
8300 True 0 0.011111259460449219 0
8400 True 0 0.011625528335571289 0
8500 True 0 0.011324644088745117 0
8600 True 0 0.014860868453979492 0
8700 True 0 0.013888120651245117 0
8800 True 0 0.013133049011230469 0
8900 True 0 0.019312620162963867 0
9000 True 0 0.018721818923950195 0
9100 True 0 0.01863384246826172 0
9200 True 0 0.0189821720123291 0
9300 True 0 0.015184402465820312 0
9400 True 0 0.011377573013305664 0
9500 True 0 0.01111912727355957 0
9600 True 0 0.012301445007324219 0
9700 True 0 0.012842416763305664 0
9800 True 0 0.011101484298706055 0
9900 True 0 0.012935876846313477 0
