0 True 0 0.029543399810791016 0
100 True 0 0.015957117080688477 0
200 True 0 0.01601552963256836 0
300 True 0 0.014197349548339844 0
400 True 0 0.013906002044677734 0
500 True 0 0.01568746566772461 0
600 True 0 0.012577295303344727 0
700 True 0 0.015819072723388672 0
800 True 0 0.011704444885253906 0
900 True 0 0.012450218200683594 0
1000 True 0 0.013156890869140625 0
1100 True 0 0.0166628360748291 0
1200 True 0 0.015495777130126953 0
1300 True 0 0.015712261199951172 0
1400 True 0 0.011589288711547852 0
1500 True 0 0.01940178871154785 0
1600 True 0 0.013554573059082031 0
1700 True 0 0.01254725456237793 0
1800 True 0 0.019667863845825195 0
1900 True 0 0.019598960876464844 0
2000 True 0 0.01595306396484375 0
2100 True 0 0.020661354064941406 0
2200 True 0 0.011588811874389648 0
2300 True 0 0.01572251319885254 0
2400 True 0 0.01908087730407715 0
2500 True 0 0.010858535766601562 0
2600 True 0 0.019536256790161133 0
2700 True 0 0.015844345092773438 0
2800 True 0 0.015781402587890625 0
2900 True 0 0.010885477066040039 0
3000 True 0 0.016619443893432617 0
3100 True 0 0.015775680541992188 0
3200 True 0 0.015953540802001953 0
3300 True 0 0.014875650405883789 0
3400 True 0 0.0126495361328125 0
3500 True 0 0.012479305267333984 0
3600 True 0 0.012404918670654297 0
3700 True 0 0.011159658432006836 0
3800 True 0 0.011067867279052734 0
3900 True 0 0.012724637985229492 0
4000 True 0 0.012550830841064453 0
4100 True 0 0.01188349723815918 0
4200 True 0 0.012674808502197266 0
4300 True 0 0.02113056182861328 0
4400 True 0 0.020032882690429688 0
4500 True 0 0.01966547966003418 0
4600 True 0 0.019771575927734375 0
4700 True 0 0.012487649917602539 0
4800 True 0 0.016089916229248047 0
4900 True 0 0.013000249862670898 0
5000 True 0 0.011203289031982422 0
5100 True 0 0.017287492752075195 0
5200 True 0 0.01865553855895996 0
5300 True 0 0.013873577117919922 0
5400 True 0 0.01594257354736328 0
5500 True 0 0.012432575225830078 0
5600 True 0 0.012641668319702148 0
5700 True 0 0.013458490371704102 0
5800 True 0 0.01688981056213379 0
5900 True 0 0.01246500015258789 0
6000 True 0 0.014273643493652344 0
6100 True 0 0.011493206024169922 0
6200 True 0 0.011365413665771484 0
6300 True 0 0.012166500091552734 0
6400 True 0 0.011744976043701172 0
6500 True 0 0.018107175827026367 0
6600 True 0 0.01568746566772461 0
6700 True 0 0.01580023765563965 0
6800 True 0 0.012054681777954102 0
6900 True 0 0.019266128540039062 0
7000 True 0 0.018886566162109375 0
7100 True 0 0.019269466400146484 0
7200 True 0 0.019377946853637695 0
7300 True 0 0.01793956756591797 0
7400 True 0 0.012243032455444336 0
7500 True 0 0.016031503677368164 0
7600 True 0 0.011740684509277344 0
7700 True 0 0.017985105514526367 0
7800 True 0 0.011626958847045898 0
7900 True 0 0.012650489807128906 0
8000 True 0 0.01724696159362793 0
8100 True 0 0.018857479095458984 0
8200 True 0 0.015508890151977539 0
8300 True 0 0.012481212615966797 0
8400 True 0 0.019201278686523438 0
8500 True 0 0.0158994197845459 0
8600 True 0 0.015512704849243164 0
8700 True 0 0.012468576431274414 0
8800 True 0 0.012323379516601562 0
8900 True 0 0.0157620906829834 0
9000 True 0 0.015743494033813477 0
9100 True 0 0.010870695114135742 0
9200 True 0 0.012204408645629883 0
9300 True 0 0.012768268585205078 0
9400 True 0 0.011516332626342773 0
9500 True 0 0.010844945907592773 0
9600 True 0 0.013272762298583984 0
9700 True 0 0.01381993293762207 0
9800 True 0 0.014189720153808594 0
9900 True 0 0.0201871395111084 0
