0 True 1 0.022366046905517578 0
100 True 1 0.01175379753112793 0
200 True 1 0.011938810348510742 0
300 True 1 0.011942863464355469 0
400 True 1 0.011536598205566406 0
500 True 1 0.013323545455932617 0
600 True 1 0.012428998947143555 0
700 True 1 0.01182413101196289 0
800 True 1 0.011993646621704102 0
900 True 0 0.012159347534179688 0
1000 True 1 0.012460708618164062 0
1100 True 1 0.012386083602905273 0
1200 True 1 0.011515617370605469 0
1300 True 1 0.011564254760742188 0
1400 True 1 0.012299060821533203 0
1500 True 1 0.011868476867675781 0
1600 True 0 0.012536764144897461 0
1700 True 1 0.011913299560546875 0
1800 True 1 0.012725353240966797 0
1900 True 1 0.013972043991088867 0
2000 True 1 0.01337122917175293 0
2100 True 1 0.011646509170532227 0
2200 True 1 0.011873483657836914 0
2300 True 1 0.011435270309448242 0
2400 True 1 0.01571488380432129 0
2500 True 1 0.015498161315917969 0
2600 True 1 0.013983488082885742 0
2700 True 1 0.015900611877441406 0
2800 True 1 0.015897274017333984 0
2900 True 1 0.012174844741821289 0
3000 True 1 0.01079869270324707 0
3100 True 1 0.011515140533447266 0
3200 True 1 0.012807607650756836 0
3300 True 1 0.012416839599609375 0
3400 True 1 0.011536121368408203 0
3500 True 1 0.01407003402709961 0
3600 True 1 0.021267414093017578 0
3700 True 1 0.019725561141967773 0
3800 True 1 0.01967930793762207 0
3900 True 1 0.019937753677368164 0
4000 True 1 0.020871877670288086 0
4100 True 0 0.015222311019897461 0
4200 True 1 0.013214111328125 0
4300 True 1 0.012269973754882812 0
4400 True 0 0.012845039367675781 0
4500 True 0 0.013744831085205078 0
4600 True 1 0.013785600662231445 0
4700 True 1 0.01984548568725586 0
4800 True 1 0.01707768440246582 0
4900 True 1 0.015571832656860352 0
5000 True 1 0.022672653198242188 0
5100 True 1 0.011878490447998047 0
5200 True 1 0.012932538986206055 0
5300 True 1 0.022666454315185547 0
5400 True 1 0.014013528823852539 0
5500 True 1 0.012703895568847656 0
5600 True 1 0.012619495391845703 0
5700 True 1 0.01602768898010254 0
5800 True 1 0.012166738510131836 0
5900 True 1 0.01178288459777832 0
6000 True 1 0.01591181755065918 0
6100 True 1 0.015996456146240234 0
6200 True 1 0.011214256286621094 0
6300 True 1 0.013642549514770508 0
6400 True 1 0.014271259307861328 0
6500 True 1 0.01964426040649414 0
6600 True 0 0.019771337509155273 0
6700 True 1 0.019640207290649414 0
6800 True 1 0.019374847412109375 0
6900 True 1 0.011710643768310547 0
7000 True 1 0.02024674415588379 0
7100 True 1 0.013367176055908203 0
7200 True 1 0.01871013641357422 0
7300 True 1 0.01554107666015625 0
7400 True 1 0.018622875213623047 0
7500 True 1 0.018995285034179688 0
7600 True 1 0.01571035385131836 0
7700 True 1 0.010997533798217773 0
7800 True 1 0.01078176498413086 0
7900 True 1 0.016019105911254883 0
8000 True 1 0.013419151306152344 0
8100 True 1 0.011058568954467773 0
8200 True 1 0.013191461563110352 0
8300 True 1 0.011646509170532227 0
8400 True 1 0.010882854461669922 0
8500 True 1 0.010856151580810547 0
8600 True 1 0.014431476593017578 0
8700 True 1 0.012748956680297852 0
8800 True 1 0.012691736221313477 0
8900 True 1 0.011992692947387695 0
9000 True 1 0.012286186218261719 0
9100 True 1 0.013026237487792969 0
9200 True 1 0.019048213958740234 0
9300 True 1 0.019236087799072266 0
9400 True 1 0.017947673797607422 0
9500 True 1 0.015780210494995117 0
9600 True 1 0.01173543930053711 0
9700 True 1 0.011762619018554688 0
9800 True 1 0.015631914138793945 0
9900 True 1 0.012667417526245117 0
