0 True 0.3046875 0.07998776435852051 0
100 True 0.3046875 0.06805181503295898 0
200 True 0.265625 0.06983232498168945 0
300 True 0.234375 0.0688478946685791 0
400 True 0.296875 0.0674586296081543 0
500 True 0.2890625 0.07367491722106934 0
600 True 0.3046875 0.06991171836853027 0
700 True 0.3046875 0.06836128234863281 0
800 True 0.3046875 0.06821370124816895 0
900 False 0.0 0.0 0
1000 True 0.296875 0.09345126152038574 0
1100 True 0.3046875 0.07388830184936523 0
1200 True 0.1171875 0.11667156219482422 0
1300 True 0.3046875 0.12098288536071777 0
1400 True 0.3046875 0.12094378471374512 0
1500 True 0.09375 0.11855387687683105 0
1600 True 0.2265625 0.0997626781463623 0
1700 True 0.28125 0.0678868293762207 0
1800 True 0.21875 0.09096908569335938 0
1900 True 0.234375 0.06685733795166016 0
2000 True 0.1953125 0.0762643814086914 0
2100 True 0.296875 0.06863141059875488 0
2200 True 0.2421875 0.07274127006530762 0
2300 True 0.2265625 0.07263994216918945 0
2400 True 0.296875 0.07188963890075684 0
2500 True 0.2734375 0.08584046363830566 0
2600 True 0.3046875 0.0676724910736084 0
2700 True 0.3046875 0.0727243423461914 0
2800 True 0.203125 0.07179927825927734 0
2900 True 0.21875 0.06806063652038574 0
3000 True 0.3046875 0.06944847106933594 0
3100 True 0.2421875 0.0666646957397461 0
3200 True 0.3046875 0.07662653923034668 0
3300 True 0.3046875 0.08930325508117676 0
3400 True 0.3046875 0.0699150562286377 0
3500 True 0.3046875 0.0638437271118164 0
3600 True 0.3046875 0.10609173774719238 0
3700 True 0.3125 0.06837296485900879 0
3800 True 0.21875 0.06337308883666992 0
3900 True 0.3046875 0.0776681900024414 0
4000 True 0.3046875 0.11493325233459473 0
4100 True 0.1796875 0.11632776260375977 0
4200 True 0.296875 0.10772538185119629 0
4300 True 0.1953125 0.11573219299316406 0
4400 True 0.1171875 0.09191560745239258 0
4500 False 0.0 0.0 0
4600 True 0.3046875 0.07387351989746094 0
4700 True 0.296875 0.06817817687988281 0
4800 True 0.296875 0.06836390495300293 0
4900 True 0.3046875 0.08189511299133301 0
5000 True 0.296875 0.061548471450805664 0
5100 True 0.296875 0.07074642181396484 0
5200 True 0.3046875 0.07207512855529785 0
5300 True 0.296875 0.07226991653442383 0
5400 True 0.296875 0.09098005294799805 0
5500 True 0.3125 0.0866854190826416 0
5600 True 0.296875 0.0691671371459961 0
5700 True 0.296875 0.0684361457824707 0
5800 True 0.3046875 0.06920003890991211 0
5900 True 0.3046875 0.07381105422973633 0
6000 True 0.2421875 0.0928652286529541 0
6100 True 0.234375 0.08334803581237793 0
6200 True 0.3046875 0.06153082847595215 0
6300 True 0.3046875 0.07744622230529785 0
6400 True 0.078125 0.09223771095275879 0
6500 True 0.2734375 0.09074568748474121 0
6600 True 0.2734375 0.06377315521240234 0
6700 True 0.25 0.07306408882141113 0
6800 True 0.296875 0.11066722869873047 0
6900 True 0.3046875 0.1139225959777832 0
7000 True 0.3046875 0.11300277709960938 0
7100 True 0.21875 0.11762166023254395 0
7200 True 0.203125 0.10464906692504883 0
7300 True 0.3046875 0.06700301170349121 0
7400 True 0.2265625 0.07028603553771973 0
7500 True 0.2890625 0.0625758171081543 0
7600 True 0.3046875 0.07056236267089844 0
7700 True 0.3046875 0.07009649276733398 0
7800 True 0.3046875 0.0776984691619873 0
7900 True 0.3046875 0.08202052116394043 0
8000 True 0.203125 0.06947898864746094 0
8100 True 0.3046875 0.0664970874786377 0
8200 True 0.3125 0.06578230857849121 0
8300 True 0.3046875 0.0742652416229248 0
8400 True 0.296875 0.07086515426635742 0
8500 True 0.3125 0.06518745422363281 0
8600 True 0.3046875 0.06351256370544434 0
8700 True 0.3046875 0.06203651428222656 0
8800 True 0.3125 0.06546568870544434 0
8900 True 0.296875 0.0648047924041748 0
9000 True 0.296875 0.06631827354431152 0
9100 True 0.3046875 0.06459689140319824 0
9200 True 0.3046875 0.06671977043151855 0
9300 True 0.3046875 0.07160758972167969 0
9400 True 0.3046875 0.07575631141662598 0
9500 True 0.0390625 0.06784677505493164 0
9600 True 0.3046875 0.08749556541442871 0
9700 True 0.109375 0.06735944747924805 0
9800 True 0.3046875 0.0664520263671875 0
9900 True 0.3046875 0.06802964210510254 0
