0 True 0.0 0.08479022979736328 0
100 True 0.0 0.06773567199707031 0
200 True 0.0 0.08107376098632812 0
300 True 0.0 0.09292793273925781 0
400 True 0.0 0.06437969207763672 0
500 True 0.0 0.06851744651794434 0
600 True 0.0 0.06314802169799805 0
700 True 0.0 0.07778668403625488 0
800 True 0.0 0.0736231803894043 0
900 True 0.0 0.08959674835205078 0
1000 True 0.0 0.06490564346313477 0
1100 True 0.0 0.08083224296569824 0
1200 True 0.0 0.11342549324035645 0
1300 True 0.0 0.0915079116821289 0
1400 True 0.0 0.11646580696105957 0
1500 True 0.0 0.11606979370117188 0
1600 True 0.0 0.0971837043762207 0
1700 True 0.0 0.06837129592895508 0
1800 True 0.0 0.06866574287414551 0
1900 True 0.0 0.06914043426513672 0
2000 True 0.0 0.10801100730895996 0
2100 True 0.0 0.09320974349975586 0
2200 True 0.0 0.10729575157165527 0
2300 True 0.0 0.10762643814086914 0
2400 True 0.0 0.09301114082336426 0
2500 True 0.0 0.08147740364074707 0
2600 True 0.0 0.0609893798828125 0
2700 True 0.0 0.07184553146362305 0
2800 True 0.0 0.11627531051635742 0
2900 True 0.0 0.06221818923950195 0
3000 True 0.0 0.06783890724182129 0
3100 True 0.0 0.07077765464782715 0
3200 True 0.0 0.08085751533508301 0
3300 True 0.0 0.07896566390991211 0
3400 True 0.0 0.06621098518371582 0
3500 True 0.0 0.06993770599365234 0
3600 True 0.0 0.06917881965637207 0
3700 True 0.0 0.07134795188903809 0
3800 True 0.0 0.07282114028930664 0
3900 True 0.0 0.07735252380371094 0
4000 True 0.0 0.07804036140441895 0
4100 True 0.0 0.11754131317138672 0
4200 True 0.0 0.11132502555847168 0
4300 True 0.0 0.1129617691040039 0
4400 True 0.0 0.09137272834777832 0
4500 True 0.0 0.06752300262451172 0
4600 True 0.0 0.06862878799438477 0
4700 True 0.0 0.09795713424682617 0
4800 True 0.0 0.11148786544799805 0
4900 True 0.0 0.06479072570800781 0
5000 True 0.0 0.07808613777160645 0
5100 True 0.0 0.08127570152282715 0
5200 True 0.0 0.08991789817810059 0
5300 True 0.0 0.10445022583007812 0
5400 True 0.0 0.05985307693481445 0
5500 True 0.0 0.0701744556427002 0
5600 True 0.0 0.06276822090148926 0
5700 True 0.0 0.06170535087585449 0
5800 True 0.0 0.07267260551452637 0
5900 True 0.0 0.08998346328735352 0
6000 True 0.0 0.06622934341430664 0
6100 True 0.0 0.06471467018127441 0
6200 True 0.0 0.06057333946228027 0
6300 True 0.0 0.06917715072631836 0
6400 True 0.0 0.0650634765625 0
6500 True 0.0 0.07283687591552734 0
6600 True 0.0 0.0782017707824707 0
6700 True 0.0 0.10367441177368164 0
6800 True 0.0 0.0803229808807373 0
6900 True 0.0 0.08253192901611328 0
7000 True 0.0 0.11350727081298828 0
7100 True 0.0 0.11508703231811523 0
7200 True 0.0 0.06986331939697266 0
7300 True 0.0 0.1243886947631836 0
7400 True 0.0 0.06813406944274902 0
7500 True 0.0 0.0664682388305664 0
7600 True 0.0 0.07550668716430664 0
7700 True 0.0 0.06606125831604004 0
7800 True 0.0 0.10753750801086426 0
7900 True 0.0 0.10644340515136719 0
8000 True 0.0 0.09142422676086426 0
8100 True 0.0 0.06586074829101562 0
8200 True 0.0 0.06672024726867676 0
8300 True 0.0 0.06860852241516113 0
8400 True 0.0 0.08261656761169434 0
8500 True 0.0 0.07828617095947266 0
8600 True 0.0 0.06974053382873535 0
8700 True 0.0 0.09344196319580078 0
8800 True 0.0 0.06952571868896484 0
8900 True 0.0 0.06405997276306152 0
9000 True 0.0 0.061928749084472656 0
9100 True 0.0 0.07104921340942383 0
9200 True 0.0 0.07211923599243164 0
9300 True 0.0 0.08118605613708496 0
9400 True 0.0 0.07730937004089355 0
9500 True 0.0 0.0754861831665039 0
9600 True 0.0 0.11767792701721191 0
9700 True 0.0 0.11527323722839355 0
9800 True 0.0 0.12223982810974121 0
9900 True 0.0 0.06976723670959473 0
