0 True 0.0 0.10852503776550293 0
100 True 0.0 0.10467672348022461 0
200 True 0.0 0.10539364814758301 0
300 False 0.0 0.0 0
400 True 0.0 0.06785011291503906 0
500 True 0.0 0.06685519218444824 0
600 True 0.0 0.06102347373962402 0
700 True 0.0 0.07067275047302246 0
800 False 0.0 0.0 0
900 True 0.0 0.06217694282531738 0
1000 False 0.0 0.0 0
1100 True 0.0 0.06240057945251465 0
1200 False 0.0 0.0 0
1300 True 0.0 0.062119483947753906 0
1400 True 0.0 0.057618141174316406 0
1500 False 0.0 0.0 0
1600 True 0.0 0.06450724601745605 0
1700 True 0.0 0.0649864673614502 0
1800 True 0.0 0.0641791820526123 0
1900 True 0.0 0.06214261054992676 0
2000 True 0.0 0.06508302688598633 0
2100 True 0.0 0.06637048721313477 0
2200 False 0.0 0.0 0
2300 True 0.0 0.07862043380737305 0
2400 False 0.0 0.0 0
2500 False 0.0 0.0 0
2600 True 0.0 0.05733346939086914 0
2700 True 0.0 0.06826138496398926 0
2800 True 0.0 0.08270692825317383 0
2900 True 0.0 0.06260561943054199 0
3000 True 0.0 0.05806756019592285 0
3100 True 0.0 0.06316494941711426 0
3200 False 0.0 0.0 0
3300 True 0.0 0.06875419616699219 0
3400 True 0.0 0.06085038185119629 0
3500 True 0.0 0.07078003883361816 0
3600 True 0.0 0.06921744346618652 0
3700 True 0.0 0.07313108444213867 0
3800 True 0.0 0.07961010932922363 0
3900 True 0.0 0.07482671737670898 0
4000 False 0.0 0.0 0
4100 True 0.0 0.058690786361694336 0
4200 True 0.0 0.06635713577270508 0
4300 True 0.0 0.0840151309967041 0
4400 True 0.0 0.09434795379638672 0
4500 False 0.0 0.0 0
4600 True 0.0 0.0579068660736084 0
4700 False 0.0 0.0 0
4800 True 0.0 0.06788945198059082 0
4900 True 0.0 0.06730127334594727 0
5000 True 0.0 0.06456446647644043 0
5100 False 0.0 0.0 0
5200 True 0.0 0.0601963996887207 0
5300 True 0.0 0.06323385238647461 0
5400 True 0.0 0.06125950813293457 0
5500 True 0.0 0.06131291389465332 0
5600 True 0.0 0.0655832290649414 0
5700 True 0.0 0.06155729293823242 0
5800 False 0.0 0.0 0
5900 True 0.0 0.0583798885345459 0
6000 False 0.0 0.0 0
6100 True 0.0 0.06141400337219238 0
6200 False 0.0 0.0 0
6300 True 0.0 0.0853126049041748 0
6400 True 0.0 0.07064056396484375 0
6500 True 0.0 0.06237030029296875 0
6600 True 0.0 0.0980215072631836 0
6700 True 0.0 0.10605573654174805 0
6800 True 0.0 0.10532879829406738 0
6900 True 0.0 0.10065603256225586 0
7000 True 0.0 0.0989847183227539 0
7100 True 0.0 0.09833288192749023 0
7200 False 0.0 0.0 0
7300 True 0.0 0.10736393928527832 0
7400 True 0.0 0.06772184371948242 0
7500 True 0.0 0.05758261680603027 0
7600 True 0.0 0.06558585166931152 0
7700 True 0.0 0.05833315849304199 0
7800 False 0.0 0.0 0
7900 True 0.0 0.10262680053710938 0
8000 True 0.0 0.08336281776428223 0
8100 True 0.0 0.08440852165222168 0
8200 True 0.0 0.06159377098083496 0
8300 True 0.0 0.09307432174682617 0
8400 True 0.0 0.08441042900085449 0
8500 True 0.0 0.07146382331848145 0
8600 True 0.0 0.08623957633972168 0
8700 False 0.0 0.0 0
8800 True 0.0 0.06433868408203125 0
8900 False 0.0 0.0 0
9000 True 0.0 0.08328557014465332 0
9100 True 0.0 0.05812978744506836 0
9200 True 0.0 0.06186199188232422 0
9300 True 0.0 0.06211495399475098 0
9400 False 0.0 0.0 0
9500 True 0.0 0.09962177276611328 0
9600 True 0.0 0.06968116760253906 0
9700 False 0.0 0.0 0
9800 True 0.0 0.10767912864685059 0
9900 True 0.0 0.06912016868591309 0
