0 True 0.0 0.11296510696411133 0
100 True 0.0 0.07289648056030273 0
200 True 0.0 0.06720423698425293 0
300 True 0.0 0.09153175354003906 0
400 True 0.0 0.09002852439880371 0
500 True 0.0 0.09602475166320801 0
600 True 0.0 0.05824685096740723 0
700 True 0.0 0.06388115882873535 0
800 True 0.0 0.06374430656433105 0
900 True 0.0 0.06280088424682617 0
1000 True 0.0 0.0656132698059082 0
1100 True 0.0 0.06332278251647949 0
1200 True 0.0 0.08206963539123535 0
1300 True 0.0 0.058167219161987305 0
1400 True 0.0 0.05957913398742676 0
1500 False 0.0 0.0 0
1600 True 0.0 0.061301231384277344 0
1700 True 0.0 0.06049489974975586 0
1800 True 0.0 0.059676170349121094 0
1900 True 0.0 0.06752681732177734 0
2000 True 0.0 0.07404899597167969 0
2100 True 0.0 0.10203170776367188 0
2200 True 0.0 0.10686254501342773 0
2300 True 0.0 0.10584187507629395 0
2400 True 0.0 0.09848451614379883 0
2500 True 0.0 0.06549358367919922 0
2600 True 0.0 0.10099101066589355 0
2700 True 0.0 0.05864238739013672 0
2800 True 0.0 0.09726285934448242 0
2900 True 0.0 0.08313393592834473 0
3000 True 0.0 0.09900641441345215 0
3100 True 0.0 0.08725285530090332 0
3200 True 0.0 0.06939888000488281 0
3300 True 0.0 0.06302928924560547 0
3400 True 0.0 0.05918717384338379 0
3500 True 0.0 0.062258005142211914 0
3600 True 0.0 0.06308102607727051 0
3700 True 0.0 0.09143877029418945 0
3800 True 0.0 0.05811047554016113 0
3900 True 0.0 0.08477377891540527 0
4000 True 0.0 0.06641244888305664 0
4100 True 0.0 0.061910152435302734 0
4200 True 0.0 0.06000638008117676 0
4300 True 0.0 0.06392693519592285 0
4400 True 0.0 0.058684587478637695 0
4500 False 0.0 0.0 0
4600 True 0.0 0.05606842041015625 0
4700 True 0.0 0.08886861801147461 0
4800 True 0.0 0.05837678909301758 0
4900 True 0.0 0.07704877853393555 0
5000 True 0.0 0.06625151634216309 0
5100 True 0.0 0.05921196937561035 0
5200 True 0.0 0.0702667236328125 0
5300 True 0.0 0.08112955093383789 0
5400 True 0.0 0.06371378898620605 0
5500 True 0.0 0.05992555618286133 0
5600 True 0.0 0.05781817436218262 0
5700 True 0.0 0.062009572982788086 0
5800 True 0.0 0.05605173110961914 0
5900 True 0.0 0.059618234634399414 0
6000 True 0.0 0.06305980682373047 0
6100 True 0.0 0.05927777290344238 0
6200 True 0.0 0.06533694267272949 0
6300 True 0.0 0.059230804443359375 0
6400 True 0.0 0.06984567642211914 0
6500 True 0.0 0.11369204521179199 0
6600 True 0.0 0.06789708137512207 0
6700 True 0.0 0.11143112182617188 0
6800 True 0.0 0.10873079299926758 0
6900 True 0.0 0.11034369468688965 0
7000 True 0.0 0.11059975624084473 0
7100 True 0.0 0.07842826843261719 0
7200 True 0.0 0.10381484031677246 0
7300 True 0.0 0.07858633995056152 0
7400 True 0.0 0.17940258979797363 0
7500 True 0.0 0.19823026657104492 0
7600 True 0.0 0.1838686466217041 0
7700 True 0.0 0.1789088249206543 0
7800 True 0.0 0.17829108238220215 0
7900 True 0.0 0.17970585823059082 0
8000 True 0.0 0.17763638496398926 0
8100 True 0.0 0.17708778381347656 0
8200 True 0.0 0.18035411834716797 0
8300 True 0.0 0.17517828941345215 0
8400 True 0.0 0.1770188808441162 0
8500 True 0.0 0.17403960227966309 0
8600 True 0.0 0.10238409042358398 0
8700 True 0.0 0.134535551071167 0
8800 True 0.0 0.1527116298675537 0
8900 True 0.0 0.17709684371948242 0
9000 True 0.0 0.1699059009552002 0
9100 True 0.0 0.19090771675109863 0
9200 True 0.0 0.18172454833984375 0
9300 True 0.0 0.21816658973693848 0
9400 True 0.0 0.17539286613464355 0
9500 True 0.0 0.17273831367492676 0
9600 True 0.0 0.1748638153076172 0
9700 True 0.0 0.17547225952148438 0
9800 True 0.0 0.1836531162261963 0
9900 True 0.0 0.1823716163635254 0
