0 True 0.328125 0.08527040481567383 0
100 True 0.078125 0.07018542289733887 0
200 False 0.0 0.0 0
300 False 0.0 0.0 0
400 False 0.0 0.0 0
500 False 0.0 0.0 0
600 False 0.0 0.0 0
700 True 0.328125 0.09111833572387695 0
800 True 0.390625 0.09517645835876465 0
900 True 0.3046875 0.06131124496459961 0
1000 False 0.0 0.0 0
1100 True 0.328125 0.06312775611877441 0
1200 True 0.15625 0.09310293197631836 0
1300 False 0.0 0.0 0
1400 False 0.0 0.0 0
1500 False 0.0 0.0 0
1600 False 0.0 0.0 0
1700 True 0.359375 0.05942082405090332 0
1800 False 0.0 0.0 0
1900 False 0.0 0.0 0
2000 False 0.0 0.0 0
2100 False 0.0 0.0 0
2200 False 0.0 0.0 0
2300 False 0.0 0.0 0
2400 False 0.0 0.0 0
2500 False 0.0 0.0 0
2600 True 0.46875 0.06398558616638184 0
2700 True 0.328125 0.06499981880187988 0
2800 False 0.0 0.0 0
2900 False 0.0 0.0 0
3000 True 0.25 0.06395983695983887 0
3100 False 0.0 0.0 0
3200 False 0.0 0.0 0
3300 False 0.0 0.0 0
3400 True 0.328125 0.059882402420043945 0
3500 False 0.0 0.0 0
3600 False 0.0 0.0 0
3700 False 0.0 0.0 0
3800 False 0.0 0.0 0
3900 True 0.328125 0.07396960258483887 0
4000 False 0.0 0.0 0
4100 False 0.0 0.0 0
4200 True 0.328125 0.08249044418334961 0
4300 False 0.0 0.0 0
4400 False 0.0 0.0 0
4500 False 0.0 0.0 0
4600 False 0.0 0.0 0
4700 False 0.0 0.0 0
4800 True 0.328125 0.05793166160583496 0
4900 False 0.0 0.0 0
5000 False 0.0 0.0 0
5100 False 0.0 0.0 0
5200 False 0.0 0.0 0
5300 False 0.0 0.0 0
5400 False 0.0 0.0 0
5500 False 0.0 0.0 0
5600 True 0.3203125 0.07007646560668945 0
5700 False 0.0 0.0 0
5800 False 0.0 0.0 0
5900 False 0.0 0.0 0
6000 False 0.0 0.0 0
6100 False 0.0 0.0 0
6200 False 0.0 0.0 0
6300 False 0.0 0.0 0
6400 True 0.25 0.0685892105102539 0
6500 False 0.0 0.0 0
6600 False 0.0 0.0 0
6700 False 0.0 0.0 0
6800 False 0.0 0.0 0
6900 True 0.0234375 0.0782310962677002 0
7000 True 0.328125 0.11059093475341797 0
7100 False 0.0 0.0 0
7200 False 0.0 0.0 0
7300 True 0.328125 0.10551643371582031 0
7400 False 0.0 0.0 0
7500 False 0.0 0.0 0
7600 True 0.3359375 0.07656645774841309 0
7700 False 0.0 0.0 0
7800 False 0.0 0.0 0
7900 False 0.0 0.0 0
8000 False 0.0 0.0 0
8100 True 0.328125 0.06962251663208008 0
8200 True 0.21875 0.06522226333618164 0
8300 False 0.0 0.0 0
8400 False 0.0 0.0 0
8500 False 0.0 0.0 0
8600 True 0.328125 0.05927896499633789 0
8700 False 0.0 0.0 0
8800 False 0.0 0.0 0
8900 False 0.0 0.0 0
9000 True 0.328125 0.08368277549743652 0
9100 False 0.0 0.0 0
9200 True 0.34375 0.060753822326660156 0
9300 False 0.0 0.0 0
9400 False 0.0 0.0 0
9500 False 0.0 0.0 0
9600 False 0.0 0.0 0
9700 False 0.0 0.0 0
9800 True 0.2890625 0.10140752792358398 0
9900 True 0.015625 0.07482314109802246 0
