0 True 1 0.019985198974609375 0
100 True 0 0.011027812957763672 0
200 False 0 0.0 0
300 False 0 0.0 0
400 False 0 0.0 0
500 False 0 0.0 0
600 False 0 0.0 0
700 True 1 0.013211250305175781 0
800 True 1 0.010778188705444336 0
900 True 1 0.011116504669189453 0
1000 False 0 0.0 0
1100 True 1 0.010737895965576172 0
1200 True 0 0.01730179786682129 0
1300 False 0 0.0 0
1400 False 0 0.0 0
1500 False 0 0.0 0
1600 False 0 0.0 0
1700 True 1 0.014691591262817383 0
1800 False 0 0.0 0
1900 False 0 0.0 0
2000 False 0 0.0 0
2100 False 0 0.0 0
2200 False 0 0.0 0
2300 False 0 0.0 0
2400 False 0 0.0 0
2500 False 0 0.0 0
2600 True 1 0.011083841323852539 0
2700 True 1 0.014481306076049805 0
2800 False 0 0.0 0
2900 False 0 0.0 0
3000 True 0 0.010933160781860352 0
3100 False 0 0.0 0
3200 False 0 0.0 0
3300 False 0 0.0 0
3400 True 1 0.01024937629699707 0
3500 False 0 0.0 0
3600 False 0 0.0 0
3700 False 0 0.0 0
3800 False 0 0.0 0
3900 True 1 0.01086115837097168 0
4000 False 0 0.0 0
4100 False 0 0.0 0
4200 True 1 0.010461091995239258 0
4300 False 0 0.0 0
4400 False 0 0.0 0
4500 False 0 0.0 0
4600 False 0 0.0 0
4700 False 0 0.0 0
4800 True 1 0.010724306106567383 0
4900 False 0 0.0 0
5000 False 0 0.0 0
5100 False 0 0.0 0
5200 False 0 0.0 0
5300 False 0 0.0 0
5400 False 0 0.0 0
5500 False 0 0.0 0
5600 True 1 0.009737014770507812 0
5700 False 0 0.0 0
5800 False 0 0.0 0
5900 False 0 0.0 0
6000 False 0 0.0 0
6100 False 0 0.0 0
6200 False 0 0.0 0
6300 False 0 0.0 0
6400 True 0 0.010528564453125 0
6500 False 0 0.0 0
6600 False 0 0.0 0
6700 False 0 0.0 0
6800 False 0 0.0 0
6900 True 0 0.012757062911987305 0
7000 True 1 0.012945890426635742 0
7100 False 0 0.0 0
7200 False 0 0.0 0
7300 True 1 0.017892122268676758 0
7400 False 0 0.0 0
7500 False 0 0.0 0
7600 True 1 0.017949819564819336 0
7700 False 0 0.0 0
7800 False 0 0.0 0
7900 False 0 0.0 0
8000 False 0 0.0 0
8100 True 1 0.0181729793548584 0
8200 True 0 0.010673761367797852 0
8300 False 0 0.0 0
8400 False 0 0.0 0
8500 False 0 0.0 0
8600 True 1 0.011643409729003906 0
8700 False 0 0.0 0
8800 False 0 0.0 0
8900 False 0 0.0 0
9000 True 1 0.011709213256835938 0
9100 False 0 0.0 0
9200 True 1 0.011545896530151367 0
9300 False 0 0.0 0
9400 False 0 0.0 0
9500 False 0 0.0 0
9600 False 0 0.0 0
9700 False 0 0.0 0
9800 True 0 0.011785745620727539 0
9900 True 0 0.009834051132202148 0
