0 True 1 0.018027305603027344 0
100 True 1 0.012413501739501953 0
200 True 1 0.01059722900390625 0
300 True 0 0.011457681655883789 0
400 True 1 0.011050701141357422 0
500 True 1 0.011893510818481445 0
600 True 1 0.011226415634155273 0
700 True 1 0.010120153427124023 0
800 True 1 0.012313604354858398 0
900 False 0 0.0 0
1000 True 1 0.014593362808227539 0
1100 True 1 0.010841608047485352 0
1200 True 0 0.013306140899658203 0
1300 True 1 0.010153055191040039 0
1400 True 1 0.010906696319580078 0
1500 False 0 0.0 0
1600 True 0 0.009836912155151367 0
1700 True 0 0.010044574737548828 0
1800 True 0 0.011801004409790039 0
1900 True 0 0.01073145866394043 0
2000 True 1 0.018172025680541992 0
2100 True 1 0.009874343872070312 0
2200 True 0 0.010959863662719727 0
2300 True 0 0.010166406631469727 0
2400 True 1 0.010593175888061523 0
2500 True 1 0.011563777923583984 0
2600 True 1 0.011760950088500977 0
2700 True 1 0.011801481246948242 0
2800 True 0 0.011044025421142578 0
2900 True 1 0.011177778244018555 0
3000 True 1 0.01081538200378418 0
3100 True 1 0.010492563247680664 0
3200 True 1 0.010758638381958008 0
3300 True 0 0.010083436965942383 0
3400 True 1 0.010620594024658203 0
3500 True 1 0.011118173599243164 0
3600 True 1 0.01069951057434082 0
3700 True 1 0.010992765426635742 0
3800 True 1 0.01096653938293457 0
3900 True 1 0.010445356369018555 0
4000 True 0 0.010651111602783203 0
4100 True 1 0.010919570922851562 0
4200 True 1 0.010544776916503906 0
4300 True 0 0.010809898376464844 0
4400 True 0 0.010774850845336914 0
4500 False 0 0.0 0
4600 True 1 0.010468006134033203 0
4700 True 1 0.011199712753295898 0
4800 True 1 0.010634660720825195 0
4900 True 1 0.010958194732666016 0
5000 True 1 0.010619878768920898 0
5100 True 1 0.016249656677246094 0
5200 True 1 0.010965585708618164 0
5300 True 1 0.01114964485168457 0
5400 True 1 0.011358022689819336 0
5500 True 1 0.012136459350585938 0
5600 True 0 0.01797938346862793 0
5700 True 1 0.018677234649658203 0
5800 True 1 0.017903804779052734 0
5900 True 1 0.018044233322143555 0
6000 True 1 0.017316341400146484 0
6100 True 1 0.010497808456420898 0
6200 True 1 0.018185138702392578 0
6300 True 1 0.011512279510498047 0
6400 True 0 0.01913309097290039 0
6500 True 1 0.011632204055786133 0
6600 True 0 0.010926961898803711 0
6700 True 0 0.01653599739074707 0
6800 True 1 0.0171964168548584 0
6900 True 1 0.014653444290161133 0
7000 True 1 0.010719060897827148 0
7100 True 1 0.01087331771850586 0
7200 True 0 0.01207423210144043 0
7300 True 1 0.010722875595092773 0
7400 True 1 0.012007474899291992 0
7500 True 1 0.01070404052734375 0
7600 True 1 0.010618448257446289 0
7700 True 0 0.01048421859741211 0
7800 False 0 0.0 0
7900 True 0 0.01224827766418457 0
8000 True 1 0.01281595230102539 0
8100 True 1 0.010767698287963867 0
8200 True 1 0.011761665344238281 0
8300 True 1 0.01225137710571289 0
8400 True 1 0.016356706619262695 0
8500 True 1 0.011854410171508789 0
8600 True 1 0.012423276901245117 0
8700 True 1 0.01306772232055664 0
8800 True 1 0.014492273330688477 0
8900 True 1 0.01093292236328125 0
9000 True 1 0.011065483093261719 0
9100 True 1 0.014461994171142578 0
9200 True 0 0.017252445220947266 0
9300 True 1 0.010471820831298828 0
9400 True 0 0.011260271072387695 0
9500 True 1 0.010634183883666992 0
9600 True 1 0.014578819274902344 0
9700 True 0 0.014689207077026367 0
9800 True 1 0.011336803436279297 0
9900 True 1 0.011082172393798828 0
