0 True 0.15625 0.06417703628540039 0
100 True 0.125 0.06324648857116699 0
200 True 0.203125 0.08519124984741211 0
300 True 0.0546875 0.06442952156066895 0
400 True 0.125 0.059690237045288086 0
500 True 0.2109375 0.06363153457641602 0
600 True 0.1484375 0.06482267379760742 0
700 True 0.125 0.06085467338562012 0
800 True 0.203125 0.07615399360656738 0
900 False 0.0 0.0 0
1000 True 0.109375 0.10672760009765625 0
1100 True 0.171875 0.11182546615600586 0
1200 True 0.0859375 0.10876178741455078 0
1300 True 0.140625 0.10650968551635742 0
1400 True 0.1484375 0.08370423316955566 0
1500 False 0.0 0.0 0
1600 True 0.0625 0.06026506423950195 0
1700 True 0.09375 0.06119394302368164 0
1800 True 0.015625 0.06220269203186035 0
1900 True 0.0234375 0.09078550338745117 0
2000 True 0.109375 0.05791354179382324 0
2100 True 0.1328125 0.10566020011901855 0
2200 True 0.0703125 0.07677006721496582 0
2300 True 0.0625 0.08269882202148438 0
2400 True 0.1015625 0.08379983901977539 0
2500 True 0.1171875 0.07407307624816895 0
2600 True 0.21875 0.07068347930908203 0
2700 True 0.125 0.08394479751586914 0
2800 True 0.046875 0.06691956520080566 0
2900 True 0.125 0.0832209587097168 0
3000 True 0.1328125 0.05702328681945801 0
3100 True 0.1015625 0.06886839866638184 0
3200 True 0.1953125 0.07131767272949219 0
3300 True 0.09375 0.08791875839233398 0
3400 True 0.171875 0.0836334228515625 0
3500 True 0.1796875 0.0618290901184082 0
3600 True 0.125 0.06778597831726074 0
3700 True 0.15625 0.09920239448547363 0
3800 True 0.1171875 0.1063241958618164 0
3900 True 0.140625 0.09536409378051758 0
4000 True 0.0234375 0.10202836990356445 0
4100 True 0.125 0.0826723575592041 0
4200 True 0.1171875 0.06890702247619629 0
4300 True 0.015625 0.059538841247558594 0
4400 True 0.0234375 0.10712480545043945 0
4500 False 0.0 0.0 0
4600 True 0.21875 0.06778502464294434 0
4700 True 0.1796875 0.06885814666748047 0
4800 True 0.171875 0.07073402404785156 0
4900 True 0.125 0.062006235122680664 0
5000 True 0.1484375 0.06754255294799805 0
5100 True 0.171875 0.059749603271484375 0
5200 True 0.140625 0.06134295463562012 0
5300 True 0.21875 0.0643768310546875 0
5400 True 0.125 0.058733463287353516 0
5500 True 0.171875 0.060820579528808594 0
5600 True 0.09375 0.06220388412475586 0
5700 True 0.171875 0.06006669998168945 0
5800 True 0.15625 0.058151960372924805 0
5900 True 0.1796875 0.09156465530395508 0
6000 True 0.1171875 0.06580352783203125 0
6100 True 0.15625 0.05704236030578613 0
6200 True 0.1796875 0.07510614395141602 0
6300 True 0.1328125 0.06446290016174316 0
6400 True 0.0859375 0.06569266319274902 0
6500 True 0.15625 0.06691741943359375 0
6600 True 0.078125 0.06869745254516602 0
6700 True 0.078125 0.06813931465148926 0
6800 True 0.125 0.061293840408325195 0
6900 True 0.1328125 0.0689699649810791 0
7000 True 0.140625 0.06378817558288574 0
7100 True 0.1875 0.0689859390258789 0
7200 True 0.0390625 0.06388020515441895 0
7300 True 0.171875 0.05883073806762695 0
7400 True 0.1171875 0.06284260749816895 0
7500 True 0.203125 0.06570911407470703 0
7600 True 0.15625 0.0614778995513916 0
7700 True 0.09375 0.06750893592834473 0
7800 False 0.0 0.0 0
7900 True 0.0859375 0.0615994930267334 0
8000 True 0.1796875 0.0616755485534668 0
8100 True 0.1640625 0.061244964599609375 0
8200 True 0.1640625 0.0606534481048584 0
8300 True 0.25 0.06380844116210938 0
8400 True 0.1328125 0.0675814151763916 0
8500 True 0.1953125 0.06270289421081543 0
8600 True 0.1328125 0.060692787170410156 0
8700 True 0.1796875 0.0615849494934082 0
8800 True 0.171875 0.06563663482666016 0
8900 True 0.1640625 0.06162858009338379 0
9000 True 0.1640625 0.06673431396484375 0
9100 True 0.2265625 0.06693816184997559 0
9200 True 0.078125 0.06937289237976074 0
9300 True 0.15625 0.06679272651672363 0
9400 True 0.0234375 0.07483649253845215 0
9500 True 0.1796875 0.06897234916687012 0
9600 True 0.1328125 0.07358908653259277 0
9700 True 0.046875 0.0629281997680664 0
9800 True 0.1015625 0.06394648551940918 0
9900 True 0.15625 0.08344292640686035 0
