0 False 0.0 0.0 0
100 True 0.0048828125 0.21728062629699707 0
200 False 0.0 0.0 0
300 True 0.03515625 0.18632745742797852 0
400 True 0.0478515625 0.2332754135131836 0
500 False 0.0 0.0 0
600 False 0.0 0.0 0
700 True 0.0146484375 0.33852553367614746 0
800 False 0.0 0.0 0
900 False 0.0 0.0 0
1000 True 0.015625 0.16101527214050293 0
1100 False 0.0 0.0 0
1200 False 0.0 0.0 0
1300 False 0.0 0.0 0
1400 True 0.0234375 0.20906329154968262 0
1500 False 0.0 0.0 0
1600 False 0.0 0.0 0
1700 False 0.0 0.0 0
1800 False 0.0 0.0 0
1900 True 0.021484375 0.38901424407958984 0
2000 False 0.0 0.0 0
2100 False 0.0 0.0 0
2200 True 0.052734375 0.4400801658630371 0
2300 False 0.0 0.0 0
2400 True 0.0888671875 0.5600423812866211 0
2500 False 0.0 0.0 0
2600 True 0.029296875 0.2606964111328125 0
2700 False 0.0 0.0 0
2800 False 0.0 0.0 0
2900 False 0.0 0.0 0
3000 True 0.0703125 0.18457245826721191 0
3100 True 0.044921875 0.3351321220397949 0
3200 False 0.0 0.0 0
3300 False 0.0 0.0 0
3400 True 0.01171875 0.24862957000732422 0
3500 True 0.0234375 0.18835902214050293 0
3600 False 0.0 0.0 0
3700 False 0.0 0.0 0
3800 False 0.0 0.0 0
3900 False 0.0 0.0 0
4000 False 0.0 0.0 0
4100 True 0.0341796875 0.29036426544189453 0
4200 True 0.0078125 0.18677401542663574 0
4300 False 0.0 0.0 0
4400 False 0.0 0.0 0
4500 False 0.0 0.0 0
4600 False 0.0 0.0 0
4700 False 0.0 0.0 0
4800 True 0.0439453125 0.2701570987701416 0
4900 False 0.0 0.0 0
5000 True 0.0234375 0.24819207191467285 0
5100 False 0.0 0.0 0
5200 True 0.025390625 0.32981133460998535 0
5300 False 0.0 0.0 0
5400 True 0.0234375 0.2421708106994629 0
5500 False 0.0 0.0 0
5600 False 0.0 0.0 0
5700 False 0.0 0.0 0
5800 False 0.0 0.0 0
5900 False 0.0 0.0 0
6000 False 0.0 0.0 0
6100 True 0.0068359375 0.2807199954986572 0
6200 False 0.0 0.0 0
6300 False 0.0 0.0 0
6400 False 0.0 0.0 0
6500 False 0.0 0.0 0
6600 False 0.0 0.0 0
6700 True 0.005859375 0.1942431926727295 0
6800 True 0.017578125 0.22455310821533203 0
6900 False 0.0 0.0 0
7000 False 0.0 0.0 0
7100 True 0.0517578125 0.27248263359069824 0
7200 False 0.0 0.0 0
7300 False 0.0 0.0 0
7400 False 0.0 0.0 0
7500 False 0.0 0.0 0
7600 False 0.0 0.0 0
7700 True 0.0322265625 0.19696426391601562 0
7800 True 0.0439453125 0.3779335021972656 0
7900 False 0.0 0.0 0
8000 True 0.0419921875 0.2511014938354492 0
8100 False 0.0 0.0 0
8200 False 0.0 0.0 0
8300 False 0.0 0.0 0
8400 False 0.0 0.0 0
8500 True 0.015625 0.18505144119262695 0
8600 False 0.0 0.0 0
8700 False 0.0 0.0 0
8800 True 0.0947265625 0.34616923332214355 0
8900 False 0.0 0.0 0
9000 False 0.0 0.0 0
9100 False 0.0 0.0 0
9200 True 0.029296875 0.2799949645996094 0
9300 True 0.01171875 0.2171933650970459 0
9400 False 0.0 0.0 0
9500 False 0.0 0.0 0
9600 True 0.041015625 0.3501284122467041 0
9700 True 0.0576171875 0.6359925270080566 0
9800 False 0.0 0.0 0
9900 False 0.0 0.0 0
