0 False 0 0.0 0
100 True 0 0.007880926132202148 0
200 False 0 0.0 0
300 True 1 0.05588841438293457 0
400 True 1 0.054561614990234375 0
500 False 0 0.0 0
600 False 0 0.0 0
700 True 0 0.051500797271728516 0
800 False 0 0.0 0
900 False 0 0.0 0
1000 True 0 0.007779598236083984 0
1100 False 0 0.0 0
1200 False 0 0.0 0
1300 False 0 0.0 0
1400 True 0 0.018666982650756836 0
1500 False 0 0.0 0
1600 False 0 0.0 0
1700 False 0 0.0 0
1800 False 0 0.0 0
1900 True 0 0.05478382110595703 0
2000 False 0 0.0 0
2100 False 0 0.0 0
2200 True 1 0.05120110511779785 0
2300 False 0 0.0 0
2400 True 1 0.05542159080505371 0
2500 False 0 0.0 0
2600 True 0 0.013102531433105469 0
2700 False 0 0.0 0
2800 False 0 0.0 0
2900 False 0 0.0 0
3000 True 1 0.05134773254394531 0
3100 True 1 0.05912160873413086 0
3200 False 0 0.0 0
3300 False 0 0.0 0
3400 True 0 0.03324317932128906 0
3500 True 0 0.014191150665283203 0
3600 False 0 0.0 0
3700 False 0 0.0 0
3800 False 0 0.0 0
3900 False 0 0.0 0
4000 False 0 0.0 0
4100 True 1 0.058318138122558594 0
4200 True 0 0.021521329879760742 0
4300 False 0 0.0 0
4400 False 0 0.0 0
4500 False 0 0.0 0
4600 False 0 0.0 0
4700 False 0 0.0 0
4800 True 1 0.0637505054473877 0
4900 False 0 0.0 0
5000 True 0 0.038301706314086914 0
5100 False 0 0.0 0
5200 True 0 0.03476452827453613 0
5300 False 0 0.0 0
5400 True 0 0.007767915725708008 0
5500 False 0 0.0 0
5600 False 0 0.0 0
5700 False 0 0.0 0
5800 False 0 0.0 0
5900 False 0 0.0 0
6000 False 0 0.0 0
6100 True 0 0.007425546646118164 0
6200 False 0 0.0 0
6300 False 0 0.0 0
6400 False 0 0.0 0
6500 False 0 0.0 0
6600 False 0 0.0 0
6700 True 0 0.014739036560058594 0
6800 True 0 0.013964653015136719 0
6900 False 0 0.0 0
7000 False 0 0.0 0
7100 True 1 0.05129694938659668 0
7200 False 0 0.0 0
7300 False 0 0.0 0
7400 False 0 0.0 0
7500 False 0 0.0 0
7600 False 0 0.0 0
7700 True 1 0.05173754692077637 0
7800 True 1 0.055524587631225586 0
7900 False 0 0.0 0
8000 True 1 0.05890369415283203 0
8100 False 0 0.0 0
8200 False 0 0.0 0
8300 False 0 0.0 0
8400 False 0 0.0 0
8500 True 0 0.018895626068115234 0
8600 False 0 0.0 0
8700 False 0 0.0 0
8800 True 1 0.05775713920593262 0
8900 False 0 0.0 0
9000 False 0 0.0 0
9100 False 0 0.0 0
9200 True 0 0.0077321529388427734 0
9300 True 0 0.013596773147583008 0
9400 False 0 0.0 0
9500 False 0 0.0 0
9600 True 1 0.05110287666320801 0
9700 True 1 0.053682565689086914 0
9800 False 0 0.0 0
9900 False 0 0.0 0
