0 False 0.0 0.0 0
100 False 0.0 0.0 0
200 False 0.0 0.0 0
300 True 0.0185546875 2.6450002193450928 0
400 True 0.021484375 3.629582405090332 0
500 False 0.0 0.0 0
600 False 0.0 0.0 0
700 True 0.0048828125 4.595610857009888 0
800 False 0.0 0.0 0
900 False 0.0 0.0 0
1000 True 0.0185546875 4.185513973236084 0
1100 False 0.0 0.0 0
1200 False 0.0 0.0 0
1300 False 0.0 0.0 0
1400 True 0.0205078125 3.7380292415618896 0
1500 False 0.0 0.0 0
1600 False 0.0 0.0 0
1700 False 0.0 0.0 0
1800 False 0.0 0.0 0
1900 True 0.0283203125 5.778549671173096 0
2000 False 0.0 0.0 0
2100 False 0.0 0.0 0
2200 True 0.03125 3.112520456314087 0
2300 False 0.0 0.0 0
2400 True 0.046875 3.105865955352783 0
2500 False 0.0 0.0 0
2600 True 0.02734375 3.6316776275634766 0
2700 False 0.0 0.0 0
2800 False 0.0 0.0 0
2900 False 0.0 0.0 0
3000 True 0.0400390625 3.0565185546875 0
3100 True 0.025390625 4.8453288078308105 0
3200 False 0.0 0.0 0
3300 False 0.0 0.0 0
3400 True 0.001953125 3.0278780460357666 0
3500 True 0.0185546875 3.2911078929901123 0
3600 False 0.0 0.0 0
3700 False 0.0 0.0 0
3800 True 0.01171875 2.257988691329956 0
3900 False 0.0 0.0 0
4000 False 0.0 0.0 0
4100 True 0.0283203125 4.346022367477417 0
4200 True 0.0029296875 3.3113884925842285 0
4300 True 0.0048828125 4.888695955276489 0
4400 False 0.0 0.0 0
4500 False 0.0 0.0 0
4600 False 0.0 0.0 0
4700 True 0.00390625 2.0960476398468018 0
4800 True 0.02734375 3.611825704574585 0
4900 True 0.009765625 4.140240669250488 0
5000 True 0.01953125 2.9293529987335205 0
5100 False 0.0 0.0 0
5200 True 0.00390625 3.8532450199127197 0
5300 False 0.0 0.0 0
5400 True 0.009765625 2.51759672164917 0
5500 False 0.0 0.0 0
5600 False 0.0 0.0 0
5700 False 0.0 0.0 0
5800 False 0.0 0.0 0
5900 False 0.0 0.0 0
6000 False 0.0 0.0 0
6100 True 0.0146484375 4.78758430480957 0
6200 False 0.0 0.0 0
6300 False 0.0 0.0 0
6400 False 0.0 0.0 0
6500 False 0.0 0.0 0
6600 True 0.0146484375 3.153001070022583 0
6700 True 0.0068359375 2.7447173595428467 0
6800 True 0.0126953125 4.126216888427734 0
6900 False 0.0 0.0 0
7000 False 0.0 0.0 0
7100 True 0.029296875 4.306781768798828 0
7200 False 0.0 0.0 0
7300 False 0.0 0.0 0
7400 False 0.0 0.0 0
7500 False 0.0 0.0 0
7600 False 0.0 0.0 0
7700 True 0.017578125 3.4845988750457764 0
7800 True 0.025390625 4.88586950302124 0
7900 False 0.0 0.0 0
8000 True 0.0263671875 3.5350546836853027 0
8100 False 0.0 0.0 0
8200 False 0.0 0.0 0
8300 False 0.0 0.0 0
8400 False 0.0 0.0 0
8500 False 0.0 0.0 0
8600 False 0.0 0.0 0
8700 False 0.0 0.0 0
8800 True 0.0498046875 4.838550806045532 0
8900 False 0.0 0.0 0
9000 True 0.015625 1.7039053440093994 0
9100 False 0.0 0.0 0
9200 True 0.0302734375 3.4749808311462402 0
9300 True 0.017578125 2.187412738800049 0
9400 False 0.0 0.0 0
9500 False 0.0 0.0 0
9600 True 0.0283203125 3.408874273300171 0
9700 True 0.03515625 2.4133663177490234 0
9800 False 0.0 0.0 0
9900 False 0.0 0.0 0
