0 True 0.005859375 6.669447422027588 0
100 False 0.0 0.0 0
200 False 0.0 0.0 0
300 True 0.0146484375 3.3047540187835693 0
400 True 0.0322265625 2.6032321453094482 0
500 False 0.0 0.0 0
600 True 0.0087890625 1.6734116077423096 0
700 True 0.00390625 2.2718045711517334 0
800 True 0.0166015625 2.8061625957489014 0
900 False 0.0 0.0 0
1000 True 0.0224609375 3.090350389480591 0
1100 False 0.0 0.0 0
1200 False 0.0 0.0 0
1300 True 0.01171875 2.9395389556884766 0
1400 True 0.0166015625 2.8777122497558594 0
1500 False 0.0 0.0 0
1600 False 0.0 0.0 0
1700 False 0.0 0.0 0
1800 False 0.0 0.0 0
1900 True 0.0244140625 2.496657371520996 0
2000 False 0.0 0.0 0
2100 False 0.0 0.0 0
2200 False 0.0 0.0 0
2300 True 0.005859375 2.477360725402832 0
2400 True 0.0537109375 3.7622697353363037 0
2500 False 0.0 0.0 0
2600 True 0.021484375 2.3996574878692627 0
2700 True 0.0166015625 2.7011640071868896 0
2800 False 0.0 0.0 0
2900 False 0.0 0.0 0
3000 True 0.0419921875 2.8662593364715576 0
3100 True 0.0126953125 2.33756160736084 0
3200 False 0.0 0.0 0
3300 False 0.0 0.0 0
3400 False 0.0 0.0 0
3500 True 0.0029296875 1.9366130828857422 0
3600 False 0.0 0.0 0
3700 False 0.0 0.0 0
3800 True 0.0078125 1.3886795043945312 0
3900 False 0.0 0.0 0
4000 False 0.0 0.0 0
4100 True 0.041015625 2.422212839126587 0
4200 False 0.0 0.0 0
4300 True 0.0263671875 3.283564805984497 0
4400 False 0.0 0.0 0
4500 False 0.0 0.0 0
4600 False 0.0 0.0 0
4700 False 0.0 0.0 0
4800 True 0.025390625 2.555283784866333 0
4900 False 0.0 0.0 0
5000 True 0.009765625 2.270181655883789 0
5100 True 0.0224609375 3.289639949798584 0
5200 True 0.0302734375 3.2775416374206543 0
5300 False 0.0 0.0 0
5400 True 0.0126953125 3.0117039680480957 0
5500 False 0.0 0.0 0
5600 False 0.0 0.0 0
5700 False 0.0 0.0 0
5800 False 0.0 0.0 0
5900 False 0.0 0.0 0
6000 True 0.0048828125 2.8189499378204346 0
6100 True 0.0126953125 2.2032158374786377 0
6200 False 0.0 0.0 0
6300 False 0.0 0.0 0
6400 False 0.0 0.0 0
6500 False 0.0 0.0 0
6600 True 0.037109375 3.316338062286377 0
6700 False 0.0 0.0 0
6800 True 0.021484375 2.737217903137207 0
6900 False 0.0 0.0 0
7000 False 0.0 0.0 0
7100 True 0.009765625 2.3360238075256348 0
7200 False 0.0 0.0 0
7300 True 0.0 1.8732335567474365 0
7400 True 0.001953125 2.598468542098999 0
7500 True 0.01171875 3.3109145164489746 0
7600 False 0.0 0.0 0
7700 True 0.0166015625 1.9468941688537598 0
7800 True 0.015625 3.005263328552246 0
7900 False 0.0 0.0 0
8000 True 0.0234375 2.3959832191467285 0
8100 False 0.0 0.0 0
8200 False 0.0 0.0 0
8300 False 0.0 0.0 0
8400 False 0.0 0.0 0
8500 False 0.0 0.0 0
8600 True 0.0029296875 2.8043158054351807 0
8700 True 0.0107421875 2.5331292152404785 0
8800 True 0.0390625 2.0088837146759033 0
8900 False 0.0 0.0 0
9000 True 0.025390625 2.208754301071167 0
9100 False 0.0 0.0 0
9200 True 0.0390625 2.0996549129486084 0
9300 False 0.0 0.0 0
9400 False 0.0 0.0 0
9500 False 0.0 0.0 0
9600 True 0.03125 1.2071740627288818 0
9700 True 0.0361328125 2.3473904132843018 0
9800 False 0.0 0.0 0
9900 False 0.0 0.0 0
