0 False 0.0 0.0 0
100 False 0.0 0.0 0
200 False 0.0 0.0 0
300 True 0.0029296875 6.096445322036743 0
400 True 0.0234375 6.2558324337005615 0
500 False 0.0 0.0 0
600 True 0.0029296875 4.664602518081665 0
700 True 0.0087890625 4.077051877975464 0
800 True 0.0107421875 7.198039293289185 0
900 False 0.0 0.0 0
1000 True 0.015625 3.2759716510772705 0
1100 False 0.0 0.0 0
1200 True 0.005859375 4.152468681335449 0
1300 False 0.0 0.0 0
1400 False 0.0 0.0 0
1500 True 0.009765625 8.432915687561035 0
1600 False 0.0 0.0 0
1700 True 0.0 3.568027973175049 0
1800 True 0.001953125 6.1809470653533936 0
1900 True 0.0146484375 6.658171892166138 0
2000 False 0.0 0.0 0
2100 False 0.0 0.0 0
2200 True 0.0078125 3.7230429649353027 0
2300 False 0.0 0.0 0
2400 True 0.025390625 5.9475181102752686 0
2500 True 0.0029296875 5.511653661727905 0
2600 True 0.0126953125 5.521856784820557 0
2700 True 0.0087890625 4.1091179847717285 0
2800 False 0.0 0.0 0
2900 False 0.0 0.0 0
3000 True 0.0146484375 8.229239702224731 0
3100 True 0.0107421875 5.738293647766113 0
3200 False 0.0 0.0 0
3300 True 0.0048828125 5.215574502944946 0
3400 False 0.0 0.0 0
3500 True 0.0048828125 6.994483232498169 0
3600 False 0.0 0.0 0
3700 False 0.0 0.0 0
3800 True 0.0087890625 4.578701019287109 0
3900 False 0.0 0.0 0
4000 False 0.0 0.0 0
4100 True 0.0166015625 4.43034029006958 0
4200 False 0.0 0.0 0
4300 True 0.0146484375 6.731673240661621 0
4400 False 0.0 0.0 0
4500 True 0.0029296875 6.435615301132202 0
4600 False 0.0 0.0 0
4700 False 0.0 0.0 0
4800 True 0.015625 5.946989297866821 0
4900 False 0.0 0.0 0
5000 True 0.0166015625 5.103496789932251 0
5100 True 0.0087890625 5.539876222610474 0
5200 True 0.013671875 6.867773532867432 0
5300 False 0.0 0.0 0
5400 True 0.001953125 2.8326916694641113 0
5500 True 0.0029296875 4.849924564361572 0
5600 True 0.00390625 5.853171110153198 0
5700 True 0.0068359375 6.062161207199097 0
5800 False 0.0 0.0 0
5900 False 0.0 0.0 0
6000 True 0.0009765625 5.663794040679932 0
6100 True 0.009765625 6.734906196594238 0
6200 False 0.0 0.0 0
6300 True 0.0068359375 5.68802809715271 0
6400 False 0.0 0.0 0
6500 False 0.0 0.0 0
6600 True 0.0185546875 5.911891460418701 0
6700 True 0.0068359375 5.553942680358887 0
6800 True 0.0029296875 5.29485011100769 0
6900 False 0.0 0.0 0
7000 False 0.0 0.0 0
7100 False 0.0 0.0 0
7200 False 0.0 0.0 0
7300 False 0.0 0.0 0
7400 True 0.0107421875 6.655591249465942 0
7500 True 0.0107421875 6.29093861579895 0
7600 False 0.0 0.0 0
7700 True 0.009765625 5.406577110290527 0
7800 True 0.0126953125 6.119755506515503 0
7900 False 0.0 0.0 0
8000 True 0.0068359375 5.541592836380005 0
8100 False 0.0 0.0 0
8200 False 0.0 0.0 0
8300 False 0.0 0.0 0
8400 False 0.0 0.0 0
8500 True 0.0107421875 6.3135294914245605 0
8600 False 0.0 0.0 0
8700 True 0.0029296875 6.027185678482056 0
8800 True 0.025390625 8.441465854644775 0
8900 False 0.0 0.0 0
9000 True 0.01953125 4.172846078872681 0
9100 False 0.0 0.0 0
9200 True 0.017578125 4.257967233657837 0
9300 True 0.005859375 5.180406093597412 0
9400 True 0.009765625 4.836840629577637 0
9500 True 0.0078125 3.766528606414795 0
9600 True 0.013671875 5.536574125289917 0
9700 True 0.009765625 4.413329601287842 0
9800 True 0.013671875 8.007109642028809 0
9900 False 0.0 0.0 0
