0 True 0.001953125 4.094473361968994 0
100 False 0.0 0.0 0
200 False 0.0 0.0 0
300 True 0.0029296875 6.101752996444702 0
400 True 0.0380859375 7.023665904998779 0
500 False 0.0 0.0 0
600 True 0.001953125 2.9559385776519775 0
700 True 0.0205078125 7.671967506408691 0
800 True 0.0166015625 7.982624769210815 0
900 False 0.0 0.0 0
1000 True 0.0224609375 7.895578861236572 0
1100 False 0.0 0.0 0
1200 False 0.0 0.0 0
1300 False 0.0 0.0 0
1400 True 0.013671875 6.454984903335571 0
1500 False 0.0 0.0 0
1600 False 0.0 0.0 0
1700 False 0.0 0.0 0
1800 False 0.0 0.0 0
1900 True 0.0263671875 6.91292405128479 0
2000 False 0.0 0.0 0
2100 False 0.0 0.0 0
2200 True 0.0263671875 7.006145715713501 0
2300 False 0.0 0.0 0
2400 True 0.0439453125 9.055148601531982 0
2500 False 0.0 0.0 0
2600 True 0.0234375 4.750303268432617 0
2700 False 0.0 0.0 0
2800 False 0.0 0.0 0
2900 False 0.0 0.0 0
3000 True 0.0322265625 4.429422378540039 0
3100 True 0.01953125 6.553879499435425 0
3200 False 0.0 0.0 0
3300 False 0.0 0.0 0
3400 False 0.0 0.0 0
3500 True 0.01953125 7.350885629653931 0
3600 False 0.0 0.0 0
3700 False 0.0 0.0 0
3800 True 0.0126953125 5.667086124420166 0
3900 False 0.0 0.0 0
4000 False 0.0 0.0 0
4100 True 0.0322265625 6.783490180969238 0
4200 True 0.005859375 5.409444808959961 0
4300 True 0.021484375 8.343716144561768 0
4400 False 0.0 0.0 0
4500 False 0.0 0.0 0
4600 False 0.0 0.0 0
4700 False 0.0 0.0 0
4800 True 0.0322265625 4.588177919387817 0
4900 False 0.0 0.0 0
5000 True 0.029296875 7.823533535003662 0
5100 True 0.005859375 6.273071765899658 0
5200 False 0.0 0.0 0
5300 False 0.0 0.0 0
5400 False 0.0 0.0 0
5500 True 0.0068359375 5.9445672035217285 0
5600 False 0.0 0.0 0
5700 True 0.015625 5.064661979675293 0
5800 False 0.0 0.0 0
5900 False 0.0 0.0 0
6000 True 0.00390625 7.083590269088745 0
6100 True 0.0146484375 8.165101051330566 0
6200 False 0.0 0.0 0
6300 False 0.0 0.0 0
6400 False 0.0 0.0 0
6500 False 0.0 0.0 0
6600 True 0.03125 3.2097086906433105 0
6700 True 0.005859375 4.568023204803467 0
6800 True 0.0126953125 7.114761829376221 0
6900 False 0.0 0.0 0
7000 False 0.0 0.0 0
7100 True 0.0263671875 7.725174903869629 0
7200 False 0.0 0.0 0
7300 False 0.0 0.0 0
7400 True 0.0146484375 8.29091477394104 0
7500 True 0.01171875 5.877408981323242 0
7600 False 0.0 0.0 0
7700 True 0.01953125 5.978785037994385 0
7800 True 0.0205078125 8.111083269119263 0
7900 False 0.0 0.0 0
8000 True 0.017578125 4.436240196228027 0
8100 False 0.0 0.0 0
8200 False 0.0 0.0 0
8300 False 0.0 0.0 0
8400 False 0.0 0.0 0
8500 False 0.0 0.0 0
8600 False 0.0 0.0 0
8700 False 0.0 0.0 0
8800 True 0.0478515625 5.713383913040161 0
8900 False 0.0 0.0 0
9000 True 0.0224609375 6.762290954589844 0
9100 False 0.0 0.0 0
9200 True 0.0302734375 8.333838701248169 0
9300 True 0.01953125 5.472353935241699 0
9400 True 0.01171875 5.68000340461731 0
9500 True 0.0009765625 3.3843979835510254 0
9600 True 0.0263671875 7.460540056228638 0
9700 True 0.021484375 6.033362627029419 0
9800 True 0.0234375 9.255585670471191 0
9900 False 0.0 0.0 0
