0 True 0 0.16034412384033203 0
100 False 0 0.0 0
200 False 0 0.0 0
300 True 0 0.1644275188446045 0
400 True 1 1.5739679336547852 0
500 False 0 0.0 0
600 True 0 0.2910280227661133 0
700 True 0 0.2791595458984375 0
800 True 0 0.19037771224975586 0
900 False 0 0.0 0
1000 True 0 0.16028070449829102 0
1100 False 0 0.0 0
1200 False 0 0.0 0
1300 False 0 0.0 0
1400 True 0 0.16930294036865234 0
1500 False 0 0.0 0
1600 False 0 0.0 0
1700 False 0 0.0 0
1800 False 0 0.0 0
1900 True 0 0.1561589241027832 0
2000 False 0 0.0 0
2100 False 0 0.0 0
2200 True 0 0.33832883834838867 0
2300 False 0 0.0 0
2400 True 1 1.4978277683258057 0
2500 False 0 0.0 0
2600 True 0 0.36507511138916016 0
2700 False 0 0.0 0
2800 False 0 0.0 0
2900 False 0 0.0 0
3000 True 1 1.5605547428131104 0
3100 True 0 0.1699206829071045 0
3200 False 0 0.0 0
3300 False 0 0.0 0
3400 False 0 0.0 0
3500 True 0 0.16363215446472168 0
3600 False 0 0.0 0
3700 False 0 0.0 0
3800 True 0 0.19387483596801758 0
3900 False 0 0.0 0
4000 False 0 0.0 0
4100 True 1 1.46871018409729 0
4200 True 0 0.16040444374084473 0
4300 True 0 0.16496706008911133 0
4400 False 0 0.0 0
4500 False 0 0.0 0
4600 False 0 0.0 0
4700 False 0 0.0 0
4800 True 1 1.445749044418335 0
4900 False 0 0.0 0
5000 True 0 0.6485130786895752 0
5100 True 0 0.32808804512023926 0
5200 False 0 0.0 0
5300 False 0 0.0 0
5400 False 0 0.0 0
5500 True 0 0.16266155242919922 0
5600 False 0 0.0 0
5700 True 0 0.17062735557556152 0
5800 False 0 0.0 0
5900 False 0 0.0 0
6000 True 0 0.16252374649047852 0
6100 True 0 0.18297600746154785 0
6200 False 0 0.0 0
6300 False 0 0.0 0
6400 False 0 0.0 0
6500 False 0 0.0 0
6600 True 1 1.458744764328003 0
6700 True 0 0.16747212409973145 0
6800 True 0 0.15961527824401855 0
6900 False 0 0.0 0
7000 False 0 0.0 0
7100 True 0 0.6459023952484131 0
7200 False 0 0.0 0
7300 False 0 0.0 0
7400 True 0 0.3254859447479248 0
7500 True 0 0.15798640251159668 0
7600 False 0 0.0 0
7700 True 0 0.16485810279846191 0
7800 True 0 0.3226449489593506 0
7900 False 0 0.0 0
8000 True 0 0.16524648666381836 0
8100 False 0 0.0 0
8200 False 0 0.0 0
8300 False 0 0.0 0
8400 False 0 0.0 0
8500 False 0 0.0 0
8600 False 0 0.0 0
8700 False 0 0.0 0
8800 True 1 1.570314884185791 0
8900 False 0 0.0 0
9000 True 0 0.2874724864959717 0
9100 False 0 0.0 0
9200 True 0 0.28006744384765625 0
9300 True 0 0.3830585479736328 0
9400 True 0 0.18236303329467773 0
9500 True 0 0.19694972038269043 0
9600 True 0 0.16351819038391113 0
9700 True 0 0.3448948860168457 0
9800 True 0 1.8254094123840332 0
9900 False 0 0.0 0
