0 True 0.0078125 2.9837515354156494 0
100 False 0.0 0.0 0
200 False 0.0 0.0 0
300 True 0.0087890625 5.9684154987335205 0
400 True 0.0244140625 5.525967597961426 0
500 False 0.0 0.0 0
600 True 0.021484375 5.960401773452759 0
700 True 0.0146484375 5.950750112533569 0
800 True 0.0224609375 7.125421524047852 0
900 False 0.0 0.0 0
1000 True 0.0400390625 5.233148813247681 0
1100 False 0.0 0.0 0
1200 True 0.0068359375 4.782957315444946 0
1300 False 0.0 0.0 0
1400 False 0.0 0.0 0
1500 False 0.0 0.0 0
1600 True 0.001953125 4.778273582458496 0
1700 False 0.0 0.0 0
1800 False 0.0 0.0 0
1900 True 0.021484375 5.954484701156616 0
2000 False 0.0 0.0 0
2100 False 0.0 0.0 0
2200 True 0.0029296875 4.216789960861206 0
2300 False 0.0 0.0 0
2400 True 0.046875 6.361330032348633 0
2500 False 0.0 0.0 0
2600 True 0.029296875 6.24065089225769 0
2700 True 0.0009765625 2.9163265228271484 0
2800 False 0.0 0.0 0
2900 True 0.0078125 5.74082088470459 0
3000 True 0.029296875 6.964500427246094 0
3100 True 0.02734375 7.818617820739746 0
3200 False 0.0 0.0 0
3300 True 0.00390625 4.215748310089111 0
3400 False 0.0 0.0 0
3500 True 0.013671875 6.829724550247192 0
3600 False 0.0 0.0 0
3700 True 0.013671875 5.949156999588013 0
3800 True 0.0224609375 7.117799997329712 0
3900 False 0.0 0.0 0
4000 False 0.0 0.0 0
4100 True 0.03515625 5.99372124671936 0
4200 False 0.0 0.0 0
4300 True 0.0224609375 7.099213600158691 0
4400 False 0.0 0.0 0
4500 True 0.01171875 5.9710447788238525 0
4600 False 0.0 0.0 0
4700 False 0.0 0.0 0
4800 True 0.0244140625 6.795884609222412 0
4900 False 0.0 0.0 0
5000 True 0.0244140625 5.246291637420654 0
5100 True 0.0146484375 6.375383615493774 0
5200 True 0.0224609375 6.549588441848755 0
5300 False 0.0 0.0 0
5400 True 0.0087890625 3.6193675994873047 0
5500 False 0.0 0.0 0
5600 False 0.0 0.0 0
5700 True 0.013671875 6.375555753707886 0
5800 False 0.0 0.0 0
5900 False 0.0 0.0 0
6000 True 0.0087890625 5.943368434906006 0
6100 True 0.017578125 5.685786008834839 0
6200 True 0.013671875 4.784489393234253 0
6300 False 0.0 0.0 0
6400 False 0.0 0.0 0
6500 False 0.0 0.0 0
6600 True 0.0224609375 7.9515650272369385 0
6700 True 0.01171875 3.9161758422851562 0
6800 False 0.0 0.0 0
6900 False 0.0 0.0 0
7000 False 0.0 0.0 0
7100 True 0.01953125 7.240437984466553 0
7200 False 0.0 0.0 0
7300 True 0.001953125 5.0976996421813965 0
7400 True 0.0146484375 6.96074652671814 0
7500 True 0.0224609375 6.366598844528198 0
7600 False 0.0 0.0 0
7700 True 0.0224609375 6.526129484176636 0
7800 True 0.001953125 6.6751487255096436 0
7900 False 0.0 0.0 0
8000 True 0.0009765625 3.069631338119507 0
8100 False 0.0 0.0 0
8200 False 0.0 0.0 0
8300 False 0.0 0.0 0
8400 True 0.0107421875 7.89368200302124 0
8500 True 0.0078125 3.639000654220581 0
8600 True 0.0078125 5.37813663482666 0
8700 True 0.0244140625 6.2498555183410645 0
8800 True 0.05859375 6.225046634674072 0
8900 True 0.01171875 5.4991254806518555 0
9000 True 0.02734375 6.66273832321167 0
9100 False 0.0 0.0 0
9200 True 0.0244140625 7.114306211471558 0
9300 False 0.0 0.0 0
9400 True 0.01953125 4.936320543289185 0
9500 True 0.00390625 3.2003543376922607 0
9600 True 0.0244140625 4.804398059844971 0
9700 True 0.0205078125 5.065531969070435 0
9800 True 0.0419921875 6.960958003997803 0
9900 False 0.0 0.0 0
