0 False 0.0 0.0 0
100 False 0.0 0.0 0
200 True 0.001953125 120.9026210308075 1
300 True 0.005859375 120.69644594192505 1
400 True 0.0078125 121.03437495231628 1
500 False 0.0 0.0 0
600 True 0.005859375 120.52620148658752 1
700 True 0.0078125 72.36800861358643 0
800 True 0.0087890625 109.27362442016602 0
900 False 0.0 0.0 0
1000 True 0.009765625 116.43690252304077 0
1100 False 0.0 0.0 0
1200 True 0.005859375 120.65478730201721 1
1300 False 0.0 0.0 0
1400 False 0.0 0.0 0
1500 True 0.0078125 121.00123500823975 1
1600 True 0.0029296875 114.91604375839233 0
1700 False 0.0 0.0 0
1800 True 0.0048828125 118.88040733337402 0
1900 True 0.0087890625 110.09319877624512 0
2000 False 0.0 0.0 0
2100 True 0.001953125 121.0581419467926 1
2200 True 0.0029296875 117.71365332603455 0
2300 False 0.0 0.0 0
2400 True 0.01171875 120.77457904815674 1
2500 True 0.0 120.82524967193604 1
2600 True 0.0087890625 106.40347456932068 0
2700 True 0.005859375 120.54876518249512 1
2800 True 0.0009765625 113.79978847503662 0
2900 False 0.0 0.0 0
3000 True 0.0078125 120.76783776283264 1
3100 True 0.005859375 114.0969409942627 0
3200 False 0.0 0.0 0
3300 True 0.00390625 86.44722557067871 0
3400 False 0.0 0.0 0
3500 True 0.00390625 120.84665870666504 1
3600 False 0.0 0.0 0
3700 True 0.001953125 120.6184561252594 1
3800 True 0.005859375 120.60460448265076 1
3900 False 0.0 0.0 0
4000 False 0.0 0.0 0
4100 True 0.009765625 120.52558660507202 1
4200 True 0.0 60.015217542648315 0
4300 True 0.005859375 120.90091300010681 1
4400 False 0.0 0.0 0
4500 False 0.0 0.0 0
4600 False 0.0 0.0 0
4700 False 0.0 0.0 0
4800 True 0.009765625 120.70231580734253 1
4900 False 0.0 0.0 0
5000 True 0.009765625 120.81655621528625 1
5100 True 0.00390625 115.26854848861694 0
5200 True 0.0078125 121.07452654838562 1
5300 True 0.005859375 118.50649428367615 0
5400 True 0.0048828125 109.7023286819458 0
5500 True 0.0009765625 83.36257100105286 0
5600 True 0.001953125 120.68026208877563 1
5700 True 0.00390625 120.89969158172607 1
5800 False 0.0 0.0 0
5900 False 0.0 0.0 0
6000 True 0.00390625 120.50612545013428 1
6100 True 0.005859375 120.63089919090271 1
6200 True 0.00390625 120.5581886768341 1
6300 True 0.0048828125 113.68772149085999 0
6400 True 0.0 38.90487217903137 0
6500 False 0.0 0.0 0
6600 True 0.01171875 120.63240385055542 1
6700 True 0.005859375 108.91265940666199 0
6800 True 0.00390625 102.64622616767883 0
6900 True 0.001953125 121.15517401695251 1
7000 False 0.0 0.0 0
7100 False 0.0 0.0 0
7200 False 0.0 0.0 0
7300 False 0.0 0.0 0
7400 True 0.00390625 120.83445620536804 1
7500 True 0.0078125 120.51982092857361 1
7600 False 0.0 0.0 0
7700 True 0.00390625 120.96297526359558 1
7800 True 0.00390625 120.72907066345215 1
7900 False 0.0 0.0 0
8000 True 0.0078125 82.3049840927124 0
8100 False 0.0 0.0 0
8200 False 0.0 0.0 0
8300 False 0.0 0.0 0
8400 True 0.00390625 120.78215527534485 1
8500 True 0.00390625 120.77644062042236 1
8600 True 0.0009765625 112.70867896080017 0
8700 True 0.00390625 120.94351506233215 1
8800 True 0.01171875 120.96411800384521 1
8900 True 0.001953125 120.88210940361023 1
9000 True 0.009765625 120.51226568222046 1
9100 False 0.0 0.0 0
9200 True 0.005859375 120.70046854019165 1
9300 True 0.00390625 120.9270293712616 1
9400 True 0.00390625 120.60907673835754 1
9500 True 0.00390625 120.98379707336426 1
9600 True 0.005859375 120.73553800582886 1
9700 True 0.00390625 120.90525150299072 1
9800 True 0.0078125 120.75553274154663 1
9900 True 0.001953125 120.50684595108032 1
