0 False 0 0.0 0
100 False 0 0.0 0
200 False 0 0.0 0
300 True 0 4.203618049621582 0
400 True 0 4.200730800628662 0
500 False 0 0.0 0
600 True 0 4.2840046882629395 0
700 True 0 4.164453506469727 0
800 True 0 4.121830701828003 0
900 False 0 0.0 0
1000 True 0 4.124821186065674 0
1100 False 0 0.0 0
1200 True 0 4.107457876205444 0
1300 False 0 0.0 0
1400 True 0 4.127404451370239 0
1500 True 0 4.160644769668579 0
1600 False 0 0.0 0
1700 False 0 0.0 0
1800 False 0 0.0 0
1900 True 0 4.076463460922241 0
2000 False 0 0.0 0
2100 False 0 0.0 0
2200 True 0 4.251399040222168 0
2300 False 0 0.0 0
2400 True 0 4.056768417358398 0
2500 False 0 0.0 0
2600 True 0 4.364430665969849 0
2700 True 0 4.132275819778442 0
2800 False 0 0.0 0
2900 False 0 0.0 0
3000 True 0 4.123975992202759 0
3100 True 0 4.101004600524902 0
3200 False 0 0.0 0
3300 True 0 4.2031941413879395 0
3400 False 0 0.0 0
3500 True 0 4.254028797149658 0
3600 False 0 0.0 0
3700 False 0 0.0 0
3800 True 0 4.0696861743927 0
3900 False 0 0.0 0
4000 False 0 0.0 0
4100 True 0 4.077095031738281 0
4200 False 0 0.0 0
4300 True 0 4.114943742752075 0
4400 False 0 0.0 0
4500 False 0 0.0 0
4600 False 0 0.0 0
4700 False 0 0.0 0
4800 True 0 3.98341703414917 0
4900 False 0 0.0 0
5000 True 0 4.001084566116333 0
5100 True 0 4.3668718338012695 0
5200 True 0 4.4777562618255615 0
5300 False 0 0.0 0
5400 True 0 3.9775023460388184 0
5500 True 0 4.139149188995361 0
5600 False 0 0.0 0
5700 True 0 4.09589409828186 0
5800 False 0 0.0 0
5900 True 0 4.072509765625 0
6000 True 0 4.226020336151123 0
6100 True 0 4.007128715515137 0
6200 False 0 0.0 0
6300 True 0 4.242710113525391 0
6400 False 0 0.0 0
6500 False 0 0.0 0
6600 True 0 3.9766879081726074 0
6700 True 0 4.084940195083618 0
6800 True 0 4.139652729034424 0
6900 False 0 0.0 0
7000 False 0 0.0 0
7100 True 0 3.9589531421661377 0
7200 False 0 0.0 0
7300 False 0 0.0 0
7400 True 0 4.002035140991211 0
7500 True 0 4.076181173324585 0
7600 False 0 0.0 0
7700 True 0 3.9667277336120605 0
7800 True 0 3.990365505218506 0
7900 False 0 0.0 0
8000 True 0 4.077093601226807 0
8100 True 0 3.9522111415863037 0
8200 False 0 0.0 0
8300 False 0 0.0 0
8400 False 0 0.0 0
8500 True 0 4.001636981964111 0
8600 True 0 3.9480369091033936 0
8700 False 0 0.0 0
8800 True 0 4.030781269073486 0
8900 False 0 0.0 0
9000 True 0 4.239081859588623 0
9100 False 0 0.0 0
9200 True 0 4.255991458892822 0
9300 True 0 4.240865230560303 0
9400 True 0 4.035720586776733 0
9500 True 0 4.0090062618255615 0
9600 True 0 3.9609904289245605 0
9700 True 0 4.050873756408691 0
9800 True 0 4.089753150939941 0
9900 False 0 0.0 0
