0 False 0 0.0 0
100 False 0 0.0 0
200 True 0 13.786629915237427 0
300 True 0 13.705114364624023 0
400 True 1 39.44697022438049 0
500 False 0 0.0 0
600 True 0 18.640876293182373 0
700 True 1 39.138238191604614 0
800 True 1 39.909913539886475 0
900 False 0 0.0 0
1000 True 1 40.32139468193054 0
1100 False 0 0.0 0
1200 True 0 4.255903244018555 0
1300 False 0 0.0 0
1400 False 0 0.0 0
1500 True 1 39.121734380722046 0
1600 True 0 4.820806264877319 0
1700 False 0 0.0 0
1800 True 0 4.379043340682983 0
1900 True 1 38.76923131942749 0
2000 False 0 0.0 0
2100 True 0 13.06376051902771 0
2200 True 0 8.542137384414673 0
2300 False 0 0.0 0
2400 True 1 39.45624113082886 0
2500 True 0 13.461026668548584 0
2600 True 1 38.56980013847351 0
2700 True 0 4.195767641067505 0
2800 True 0 4.690434217453003 0
2900 False 0 0.0 0
3000 True 1 38.967761754989624 0
3100 True 0 8.620387554168701 0
3200 False 0 0.0 0
3300 True 0 4.940490007400513 0
3400 False 0 0.0 0
3500 True 0 39.09034013748169 0
3600 False 0 0.0 0
3700 True 0 18.054322719573975 0
3800 True 0 8.522929906845093 0
3900 False 0 0.0 0
4000 False 0 0.0 0
4100 True 1 39.302098751068115 0
4200 True 0 4.30393648147583 0
4300 True 0 4.295001745223999 0
4400 False 0 0.0 0
4500 False 0 0.0 0
4600 False 0 0.0 0
4700 False 0 0.0 0
4800 True 1 40.78302359580994 0
4900 False 0 0.0 0
5000 True 1 39.27671527862549 0
5100 True 0 13.832944393157959 0
5200 True 1 40.50964641571045 0
5300 True 0 8.535786628723145 0
5400 True 0 4.755800008773804 0
5500 True 0 4.465844392776489 0
5600 True 0 5.103489398956299 0
5700 True 0 22.15026545524597 0
5800 False 0 0.0 0
5900 False 0 0.0 0
6000 True 0 4.438253879547119 0
6100 True 0 4.307916879653931 0
6200 True 0 13.472033977508545 0
6300 True 0 4.67941427230835 0
6400 True 0 4.531297445297241 0
6500 False 0 0.0 0
6600 True 1 39.703465700149536 0
6700 True 0 4.497263431549072 0
6800 True 0 13.198391437530518 0
6900 True 0 9.073429107666016 0
7000 False 0 0.0 0
7100 False 0 0.0 0
7200 False 0 0.0 0
7300 False 0 0.0 0
7400 True 0 21.486201286315918 0
7500 True 1 38.48359751701355 0
7600 False 0 0.0 0
7700 True 0 14.096798181533813 0
7800 True 0 8.493491888046265 0
7900 False 0 0.0 0
8000 True 1 41.02809023857117 0
8100 False 0 0.0 0
8200 False 0 0.0 0
8300 False 0 0.0 0
8400 True 0 4.342367649078369 0
8500 True 0 13.271675825119019 0
8600 True 0 13.887290477752686 0
8700 True 0 21.729085206985474 0
8800 True 1 39.196537733078 0
8900 True 0 17.930956602096558 0
9000 True 1 40.02035164833069 0
9100 False 0 0.0 0
9200 True 0 4.335832834243774 0
9300 True 0 13.391999244689941 0
9400 True 0 23.04426670074463 0
9500 True 0 9.482276678085327 0
9600 True 0 4.202014684677124 0
9700 True 0 8.387533903121948 0
9800 True 1 40.672125577926636 0
9900 True 0 4.290598392486572 0
