0 False 0.0 0.0 0
100 False 0.0 0.0 0
200 False 0.0 0.0 0
300 True 0.0 121.20206117630005 1
400 True 0.01953125 121.07296872138977 1
500 False 0.0 0.0 0
600 True 0.0087890625 113.54456663131714 0
700 True 0.01171875 114.08976101875305 0
800 True 0.01171875 120.66246294975281 1
900 False 0.0 0.0 0
1000 True 0.0078125 120.88589477539062 1
1100 False 0.0 0.0 0
1200 True 0.0087890625 113.91398167610168 0
1300 False 0.0 0.0 0
1400 True 0.0078125 120.55125546455383 1
1500 True 0.0 121.06103205680847 1
1600 False 0.0 0.0 0
1700 False 0.0 0.0 0
1800 False 0.0 0.0 0
1900 True 0.01171875 120.74327754974365 1
2000 False 0.0 0.0 0
2100 False 0.0 0.0 0
2200 True 0.01171875 120.55274248123169 1
2300 False 0.0 0.0 0
2400 True 0.0234375 121.11238861083984 1
2500 False 0.0 0.0 0
2600 True 0.015625 82.84352684020996 0
2700 True 0.0009765625 91.95381426811218 0
2800 False 0.0 0.0 0
2900 False 0.0 0.0 0
3000 True 0.015625 120.80372428894043 1
3100 True 0.01171875 120.83004021644592 1
3200 False 0.0 0.0 0
3300 True 0.001953125 121.00941014289856 1
3400 False 0.0 0.0 0
3500 True 0.01171875 120.83646988868713 1
3600 False 0.0 0.0 0
3700 False 0.0 0.0 0
3800 True 0.0087890625 108.65970253944397 0
3900 False 0.0 0.0 0
4000 False 0.0 0.0 0
4100 True 0.015625 121.03465151786804 1
4200 False 0.0 0.0 0
4300 True 0.01171875 120.94006896018982 1
4400 False 0.0 0.0 0
4500 False 0.0 0.0 0
4600 False 0.0 0.0 0
4700 False 0.0 0.0 0
4800 True 0.017578125 108.21744465827942 0
4900 False 0.0 0.0 0
5000 True 0.01171875 120.62675762176514 1
5100 True 0.005859375 121.09433674812317 1
5200 True 0.015625 104.54564476013184 0
5300 False 0.0 0.0 0
5400 True 0.0078125 120.75935745239258 1
5500 True 0.0048828125 109.11332821846008 0
5600 False 0.0 0.0 0
5700 True 0.005859375 120.7592556476593 1
5800 False 0.0 0.0 0
5900 True 0.0 76.14234018325806 0
6000 True 0.0 120.97299003601074 1
6100 True 0.0078125 120.73812556266785 1
6200 False 0.0 0.0 0
6300 True 0.005859375 120.94544887542725 1
6400 False 0.0 0.0 0
6500 False 0.0 0.0 0
6600 True 0.01953125 121.0071439743042 1
6700 True 0.0029296875 106.81798577308655 0
6800 True 0.0078125 110.45972800254822 0
6900 False 0.0 0.0 0
7000 False 0.0 0.0 0
7100 True 0.01171875 120.67892599105835 1
7200 False 0.0 0.0 0
7300 False 0.0 0.0 0
7400 True 0.0078125 120.88372230529785 1
7500 True 0.015625 79.20925951004028 0
7600 False 0.0 0.0 0
7700 True 0.01171875 120.89529204368591 1
7800 True 0.01171875 120.89216923713684 1
7900 False 0.0 0.0 0
8000 True 0.009765625 120.73071503639221 1
8100 True 0.0048828125 113.55111980438232 0
8200 False 0.0 0.0 0
8300 False 0.0 0.0 0
8400 False 0.0 0.0 0
8500 True 0.005859375 120.8444983959198 1
8600 True 0.0078125 120.98226690292358 1
8700 False 0.0 0.0 0
8800 True 0.0234375 120.74078059196472 1
8900 False 0.0 0.0 0
9000 True 0.015625 66.79627203941345 0
9100 False 0.0 0.0 0
9200 True 0.01171875 120.85952639579773 1
9300 True 0.009765625 120.90951538085938 1
9400 True 0.0078125 120.5110228061676 1
9500 True 0.0 54.93309450149536 0
9600 True 0.01171875 120.55740761756897 1
9700 True 0.01171875 110.04382634162903 0
9800 True 0.015625 120.72151589393616 1
9900 False 0.0 0.0 0
