0 True 0 26.964147567749023 0
100 False 0 0.0 0
200 False 0 0.0 0
300 True 0 21.22371482849121 0
400 True 1 39.14055371284485 0
500 False 0 0.0 0
600 True 1 39.40172481536865 0
700 True 1 38.6060094833374 0
800 True 1 37.38394570350647 0
900 False 0 0.0 0
1000 True 1 38.12752318382263 0
1100 False 0 0.0 0
1200 True 1 37.9325065612793 0
1300 True 1 38.17357420921326 0
1400 True 1 38.62703204154968 0
1500 True 0 38.66313600540161 0
1600 False 0 0.0 0
1700 False 0 0.0 0
1800 False 0 0.0 0
1900 True 1 38.961443185806274 0
2000 False 0 0.0 0
2100 False 0 0.0 0
2200 True 1 38.25503873825073 0
2300 False 0 0.0 0
2400 True 1 38.28893852233887 0
2500 False 0 0.0 0
2600 True 1 37.94275164604187 0
2700 True 1 38.01207494735718 0
2800 True 0 25.39167547225952 0
2900 False 0 0.0 0
3000 True 1 38.94250178337097 0
3100 True 1 39.24322724342346 0
3200 False 0 0.0 0
3300 False 0 0.0 0
3400 False 0 0.0 0
3500 True 1 38.22699427604675 0
3600 False 0 0.0 0
3700 False 0 0.0 0
3800 True 1 38.32522249221802 0
3900 False 0 0.0 0
4000 False 0 0.0 0
4100 True 1 38.0530948638916 0
4200 False 0 0.0 0
4300 True 1 38.0044629573822 0
4400 False 0 0.0 0
4500 True 0 21.31864070892334 0
4600 False 0 0.0 0
4700 False 0 0.0 0
4800 True 1 38.50109148025513 0
4900 False 0 0.0 0
5000 True 1 38.86410665512085 0
5100 True 1 39.01913928985596 0
5200 True 1 37.532171964645386 0
5300 True 0 8.68778371810913 0
5400 True 1 38.056540727615356 0
5500 True 0 8.398956298828125 0
5600 True 0 16.933246850967407 0
5700 True 1 38.593411922454834 0
5800 False 0 0.0 0
5900 False 0 0.0 0
6000 True 0 8.494425535202026 0
6100 True 1 38.36109447479248 0
6200 True 1 38.82083511352539 0
6300 False 0 0.0 0
6400 True 1 38.99284219741821 0
6500 False 0 0.0 0
6600 True 1 38.248725175857544 0
6700 False 0 0.0 0
6800 True 0 12.884164571762085 0
6900 False 0 0.0 0
7000 False 0 0.0 0
7100 True 0 4.21167516708374 0
7200 True 0 12.678041458129883 0
7300 False 0 0.0 0
7400 True 1 37.437413930892944 0
7500 True 1 38.48977327346802 0
7600 False 0 0.0 0
7700 True 1 38.46177673339844 0
7800 True 0 34.393248558044434 0
7900 False 0 0.0 0
8000 True 0 38.894296407699585 0
8100 False 0 0.0 0
8200 False 0 0.0 0
8300 False 0 0.0 0
8400 True 1 39.14503741264343 0
8500 True 0 12.687587022781372 0
8600 True 1 37.46039915084839 0
8700 True 1 37.90455937385559 0
8800 True 1 38.137460470199585 0
8900 True 1 38.59501600265503 0
9000 True 1 38.249691009521484 0
9100 False 0 0.0 0
9200 True 1 39.070109605789185 0
9300 True 1 38.916879415512085 0
9400 True 1 37.273762702941895 0
9500 False 0 0.0 0
9600 True 1 38.13915538787842 0
9700 True 1 37.942075967788696 0
9800 True 1 38.775214195251465 0
9900 True 1 38.4769549369812 0
