0 False 0 0.0 0
100 False 0 0.0 0
200 False 0 0.0 0
300 True 1 39.57934045791626 0
400 True 1 39.690916538238525 0
500 False 0 0.0 0
600 True 1 39.98981833457947 0
700 True 0 4.385614633560181 0
800 True 0 4.549950361251831 0
900 False 0 0.0 0
1000 True 0 8.978963851928711 0
1100 False 0 0.0 0
1200 True 0 4.267704963684082 0
1300 True 1 37.731589555740356 0
1400 True 0 8.919408082962036 0
1500 False 0 0.0 0
1600 False 0 0.0 0
1700 False 0 0.0 0
1800 False 0 0.0 0
1900 True 0 4.304202318191528 0
2000 False 0 0.0 0
2100 False 0 0.0 0
2200 True 1 37.87764573097229 0
2300 False 0 0.0 0
2400 True 1 37.80056571960449 0
2500 False 0 0.0 0
2600 True 1 37.598145723342896 0
2700 True 0 4.39513635635376 0
2800 False 0 0.0 0
2900 False 0 0.0 0
3000 True 1 37.50966238975525 0
3100 True 0 8.207261323928833 0
3200 False 0 0.0 0
3300 True 0 4.110206604003906 0
3400 True 0 4.3990538120269775 0
3500 True 0 12.240665435791016 0
3600 False 0 0.0 0
3700 False 0 0.0 0
3800 True 1 37.04998779296875 0
3900 False 0 0.0 0
4000 False 0 0.0 0
4100 True 1 36.842795848846436 0
4200 False 0 0.0 0
4300 True 0 36.89908266067505 0
4400 False 0 0.0 0
4500 True 0 24.525699377059937 0
4600 False 0 0.0 0
4700 False 0 0.0 0
4800 True 1 37.14741063117981 0
4900 False 0 0.0 0
5000 True 0 16.487825870513916 0
5100 True 0 8.20923924446106 0
5200 False 0 0.0 0
5300 False 0 0.0 0
5400 True 0 4.0696306228637695 0
5500 False 0 0.0 0
5600 False 0 0.0 0
5700 False 0 0.0 0
5800 False 0 0.0 0
5900 False 0 0.0 0
6000 False 0 0.0 0
6100 True 1 37.1698215007782 0
6200 False 0 0.0 0
6300 False 0 0.0 0
6400 False 0 0.0 0
6500 False 0 0.0 0
6600 True 1 37.21935486793518 0
6700 True 0 8.31279182434082 0
6800 True 0 8.484465837478638 0
6900 True 0 8.306628704071045 0
7000 False 0 0.0 0
7100 True 1 37.1575243473053 0
7200 True 0 8.182498693466187 0
7300 False 0 0.0 0
7400 False 0 0.0 0
7500 True 1 36.779014348983765 0
7600 False 0 0.0 0
7700 True 1 37.19649267196655 0
7800 True 1 36.88964009284973 0
7900 False 0 0.0 0
8000 True 0 4.085629463195801 0
8100 False 0 0.0 0
8200 False 0 0.0 0
8300 False 0 0.0 0
8400 False 0 0.0 0
8500 False 0 0.0 0
8600 True 0 8.470518827438354 0
8700 True 0 12.676652908325195 0
8800 True 1 38.4626100063324 0
8900 False 0 0.0 0
9000 True 0 4.2607741355896 0
9100 False 0 0.0 0
9200 True 1 37.185178995132446 0
9300 True 0 8.150360345840454 0
9400 True 0 20.64119863510132 0
9500 False 0 0.0 0
9600 True 0 37.32662272453308 0
9700 True 0 8.297048330307007 0
9800 True 1 37.19064211845398 0
9900 False 0 0.0 0
