0 True 0.00390625 120.603524684906 1
100 False 0.0 0.0 0
200 False 0.0 0.0 0
300 True 0.00390625 120.95959234237671 1
400 True 0.015625 120.75286674499512 1
500 False 0.0 0.0 0
600 True 0.01171875 120.84708881378174 1
700 True 0.009765625 108.41801166534424 0
800 True 0.0078125 120.65524578094482 1
900 False 0.0 0.0 0
1000 True 0.0166015625 115.88558411598206 0
1100 False 0.0 0.0 0
1200 True 0.01171875 120.87395906448364 1
1300 True 0.01171875 121.14108753204346 1
1400 True 0.01171875 120.94401979446411 1
1500 True 0.0 120.80636262893677 1
1600 False 0.0 0.0 0
1700 False 0.0 0.0 0
1800 False 0.0 0.0 0
1900 True 0.01171875 120.56267809867859 1
2000 False 0.0 0.0 0
2100 False 0.0 0.0 0
2200 True 0.017578125 120.5744981765747 1
2300 False 0.0 0.0 0
2400 True 0.03515625 108.05472731590271 0
2500 False 0.0 0.0 0
2600 True 0.01171875 120.8468906879425 1
2700 True 0.01171875 120.89401364326477 1
2800 True 0.00390625 120.97661399841309 1
2900 False 0.0 0.0 0
3000 True 0.015625 120.64778923988342 1
3100 True 0.0078125 120.75308036804199 1
3200 False 0.0 0.0 0
3300 False 0.0 0.0 0
3400 False 0.0 0.0 0
3500 True 0.01171875 120.6907126903534 1
3600 False 0.0 0.0 0
3700 False 0.0 0.0 0
3800 True 0.009765625 120.75846576690674 1
3900 False 0.0 0.0 0
4000 False 0.0 0.0 0
4100 True 0.015625 120.8601713180542 1
4200 False 0.0 0.0 0
4300 True 0.01171875 120.94348192214966 1
4400 False 0.0 0.0 0
4500 True 0.00390625 120.6357491016388 1
4600 False 0.0 0.0 0
4700 False 0.0 0.0 0
4800 True 0.017578125 120.83875679969788 1
4900 False 0.0 0.0 0
5000 True 0.015625 82.34830451011658 0
5100 True 0.01171875 120.53124141693115 1
5200 True 0.015625 74.0274224281311 0
5300 True 0.001953125 120.53317260742188 1
5400 True 0.01171875 120.90114951133728 1
5500 True 0.00390625 86.81612181663513 0
5600 True 0.005859375 120.804940700531 1
5700 True 0.015625 120.71773624420166 1
5800 False 0.0 0.0 0
5900 False 0.0 0.0 0
6000 True 0.0 120.59666323661804 1
6100 True 0.0078125 120.67813777923584 1
6200 True 0.0078125 121.0296061038971 1
6300 False 0.0 0.0 0
6400 True 0.01171875 110.51997303962708 0
6500 False 0.0 0.0 0
6600 True 0.0234375 120.79677295684814 1
6700 False 0.0 0.0 0
6800 True 0.0009765625 113.7703127861023 0
6900 False 0.0 0.0 0
7000 False 0.0 0.0 0
7100 True 0.00390625 121.16436505317688 1
7200 True 0.00390625 120.52224850654602 1
7300 False 0.0 0.0 0
7400 True 0.0078125 120.71834635734558 1
7500 True 0.01953125 109.13251042366028 0
7600 False 0.0 0.0 0
7700 True 0.01171875 120.67204713821411 1
7800 True 0.00390625 120.80336999893188 1
7900 False 0.0 0.0 0
8000 True 0.00390625 120.74998688697815 1
8100 False 0.0 0.0 0
8200 False 0.0 0.0 0
8300 False 0.0 0.0 0
8400 True 0.0078125 120.57360100746155 1
8500 True 0.005859375 120.677907705307 1
8600 True 0.0078125 120.97081589698792 1
8700 True 0.0078125 121.03836941719055 1
8800 True 0.0322265625 118.26228952407837 0
8900 True 0.0078125 120.8053469657898 1
9000 True 0.015625 120.92924952507019 1
9100 False 0.0 0.0 0
9200 True 0.01171875 121.0200424194336 1
9300 True 0.01171875 120.92307877540588 1
9400 True 0.0078125 121.0330765247345 1
9500 False 0.0 0.0 0
9600 True 0.0087890625 111.63259387016296 0
9700 True 0.0078125 121.14422798156738 1
9800 True 0.0078125 121.08136343955994 1
9900 True 0.0166015625 109.7218542098999 0
