0 True 0.0 94.01005840301514 0
100 False 0.0 0.0 0
200 True 0.0 80.39758014678955 0
300 True 0.001953125 121.0095374584198 1
400 True 0.00390625 120.91074776649475 1
500 False 0.0 0.0 0
600 True 0.0029296875 109.2718870639801 0
700 True 0.001953125 110.75206565856934 0
800 True 0.005859375 111.44271111488342 0
900 True 0.0009765625 97.08654546737671 0
1000 True 0.0048828125 118.549147605896 0
1100 False 0.0 0.0 0
1200 True 0.0048828125 111.74403119087219 0
1300 True 0.0009765625 84.31357002258301 0
1400 False 0.0 0.0 0
1500 True 0.00390625 121.06749200820923 1
1600 False 0.0 0.0 0
1700 False 0.0 0.0 0
1800 True 0.0009765625 87.41971063613892 0
1900 True 0.00390625 120.64068174362183 1
2000 True 0.0009765625 104.4691150188446 0
2100 False 0.0 0.0 0
2200 True 0.001953125 88.44294476509094 0
2300 False 0.0 0.0 0
2400 True 0.005859375 121.1761212348938 1
2500 True 0.0 96.58589100837708 0
2600 True 0.00390625 79.03405213356018 0
2700 True 0.0029296875 117.19212675094604 0
2800 True 0.0 74.54433751106262 0
2900 False 0.0 0.0 0
3000 True 0.00390625 96.00511288642883 0
3100 True 0.0029296875 119.78238081932068 0
3200 True 0.001953125 120.8028883934021 1
3300 True 0.001953125 91.44125604629517 0
3400 False 0.0 0.0 0
3500 True 0.001953125 120.64664816856384 1
3600 False 0.0 0.0 0
3700 True 0.0009765625 106.75854325294495 0
3800 True 0.001953125 121.03574585914612 1
3900 False 0.0 0.0 0
4000 False 0.0 0.0 0
4100 True 0.00390625 120.69688725471497 1
4200 False 0.0 0.0 0
4300 True 0.0048828125 114.68520522117615 0
4400 False 0.0 0.0 0
4500 False 0.0 0.0 0
4600 True 0.001953125 121.04107594490051 1
4700 False 0.0 0.0 0
4800 True 0.00390625 120.86141586303711 1
4900 True 0.0009765625 105.9075334072113 0
5000 True 0.0048828125 113.69526529312134 0
5100 True 0.001953125 106.16696882247925 0
5200 True 0.0048828125 110.51553297042847 0
5300 True 0.0009765625 82.21901226043701 0
5400 True 0.0009765625 73.52136850357056 0
5500 False 0.0 0.0 0
5600 True 0.001953125 96.89397859573364 0
5700 True 0.001953125 121.05629754066467 1
5800 False 0.0 0.0 0
5900 False 0.0 0.0 0
6000 True 0.00390625 75.18728184700012 0
6100 True 0.001953125 120.9928822517395 1
6200 False 0.0 0.0 0
6300 True 0.0009765625 110.64487791061401 0
6400 False 0.0 0.0 0
6500 False 0.0 0.0 0
6600 True 0.005859375 120.51895141601562 1
6700 True 0.0029296875 109.67815089225769 0
6800 True 0.0009765625 97.08837842941284 0
6900 True 0.001953125 83.3685793876648 0
7000 False 0.0 0.0 0
7100 False 0.0 0.0 0
7200 True 0.001953125 95.67469692230225 0
7300 False 0.0 0.0 0
7400 True 0.00390625 103.06571435928345 0
7500 True 0.00390625 87.88362646102905 0
7600 False 0.0 0.0 0
7700 True 0.001953125 92.8081407546997 0
7800 True 0.001953125 120.99645042419434 1
7900 True 0.0029296875 109.80556201934814 0
8000 True 0.00390625 78.37083959579468 0
8100 False 0.0 0.0 0
8200 False 0.0 0.0 0
8300 False 0.0 0.0 0
8400 True 0.0009765625 106.68248844146729 0
8500 True 0.00390625 93.0271680355072 0
8600 False 0.0 0.0 0
8700 True 0.001953125 109.79627251625061 0
8800 True 0.0078125 107.19800615310669 0
8900 True 0.001953125 109.49258422851562 0
9000 True 0.005859375 121.00680947303772 1
9100 True 0.0 52.05145263671875 0
9200 True 0.0048828125 109.05200052261353 0
9300 False 0.0 0.0 0
9400 True 0.001953125 92.02117395401001 0
9500 True 0.00390625 83.01717925071716 0
9600 True 0.0029296875 109.55136847496033 0
9700 True 0.00390625 77.58153986930847 0
9800 True 0.00390625 120.89277505874634 1
9900 True 0.001953125 73.80447220802307 0
