0 False 0 0.0 0
100 False 0 0.0 0
200 False 0 0.0 0
300 True 0 14.914314985275269 0
400 True 0 14.75808310508728 0
500 False 0 0.0 0
600 True 0 16.038424015045166 0
700 True 0 14.653650283813477 0
800 True 0 16.063197135925293 0
900 False 0 0.0 0
1000 True 0 14.512688398361206 0
1100 False 0 0.0 0
1200 True 0 14.779518842697144 0
1300 False 0 0.0 0
1400 True 0 14.621622800827026 0
1500 True 0 14.780727863311768 0
1600 False 0 0.0 0
1700 False 0 0.0 0
1800 False 0 0.0 0
1900 True 0 14.563607454299927 0
2000 False 0 0.0 0
2100 False 0 0.0 0
2200 True 0 14.642897367477417 0
2300 False 0 0.0 0
2400 True 0 14.664147138595581 0
2500 False 0 0.0 0
2600 True 0 14.580634832382202 0
2700 True 0 14.656954288482666 0
2800 False 0 0.0 0
2900 False 0 0.0 0
3000 True 0 14.402885675430298 0
3100 True 0 14.738542556762695 0
3200 False 0 0.0 0
3300 False 0 0.0 0
3400 False 0 0.0 0
3500 True 0 14.570441961288452 0
3600 False 0 0.0 0
3700 False 0 0.0 0
3800 True 0 14.697595357894897 0
3900 False 0 0.0 0
4000 False 0 0.0 0
4100 True 0 14.667349815368652 0
4200 False 0 0.0 0
4300 True 0 14.741763353347778 0
4400 False 0 0.0 0
4500 False 0 0.0 0
4600 False 0 0.0 0
4700 False 0 0.0 0
4800 True 0 14.618823051452637 0
4900 False 0 0.0 0
5000 True 0 14.551459789276123 0
5100 True 0 14.497304677963257 0
5200 True 0 14.42963171005249 0
5300 False 0 0.0 0
5400 True 0 15.55190372467041 0
5500 True 0 14.62665867805481 0
5600 False 0 0.0 0
5700 True 0 15.662209033966064 0
5800 False 0 0.0 0
5900 False 0 0.0 0
6000 True 0 15.619070053100586 0
6100 True 0 14.536350727081299 0
6200 False 0 0.0 0
6300 True 0 14.498826265335083 0
6400 False 0 0.0 0
6500 False 0 0.0 0
6600 True 0 14.53906536102295 0
6700 True 0 14.496767044067383 0
6800 True 0 15.016643524169922 0
6900 False 0 0.0 0
7000 False 0 0.0 0
7100 True 0 14.640761137008667 0
7200 False 0 0.0 0
7300 False 0 0.0 0
7400 True 0 14.493871688842773 0
7500 True 0 14.61192774772644 0
7600 False 0 0.0 0
7700 True 0 14.635636329650879 0
7800 True 0 14.719455003738403 0
7900 False 0 0.0 0
8000 True 0 14.618720769882202 0
8100 False 0 0.0 0
8200 False 0 0.0 0
8300 False 0 0.0 0
8400 True 0 14.811818838119507 0
8500 True 0 14.738526105880737 0
8600 True 0 14.635761976242065 0
8700 True 0 14.567659378051758 0
8800 True 0 15.684253454208374 0
8900 False 0 0.0 0
9000 True 0 15.804107189178467 0
9100 False 0 0.0 0
9200 True 0 14.653841495513916 0
9300 True 0 14.685927867889404 0
9400 True 0 14.689123392105103 0
9500 True 0 14.68143916130066 0
9600 True 0 14.440088033676147 0
9700 True 0 14.856881856918335 0
9800 True 0 14.648573160171509 0
9900 False 0 0.0 0
