0 True 0 21.417341470718384 0
100 False 0 0.0 0
200 False 0 0.0 0
300 False 0 0.0 0
400 True 0 60.270644664764404 1
500 False 0 0.0 0
600 True 0 16.021053552627563 0
700 True 0 31.881368160247803 0
800 True 0 16.5988450050354 0
900 False 0 0.0 0
1000 True 0 60.05833578109741 1
1100 False 0 0.0 0
1200 False 0 0.0 0
1300 True 0 60.366894245147705 1
1400 True 0 31.834664344787598 0
1500 False 0 0.0 0
1600 False 0 0.0 0
1700 False 0 0.0 0
1800 False 0 0.0 0
1900 True 0 15.842389106750488 0
2000 False 0 0.0 0
2100 False 0 0.0 0
2200 True 0 60.11415910720825 1
2300 False 0 0.0 0
2400 True 0 60.06085467338562 1
2500 False 0 0.0 0
2600 True 0 60.246970891952515 1
2700 True 0 15.353782176971436 0
2800 False 0 0.0 0
2900 True 0 60.06988787651062 1
3000 True 0 60.26356840133667 1
3100 True 0 60.186890602111816 1
3200 False 0 0.0 0
3300 False 0 0.0 0
3400 False 0 0.0 0
3500 True 0 31.63446307182312 0
3600 False 0 0.0 0
3700 False 0 0.0 0
3800 True 0 47.98095178604126 0
3900 False 0 0.0 0
4000 False 0 0.0 0
4100 True 0 60.189785957336426 1
4200 False 0 0.0 0
4300 True 0 31.302240133285522 0
4400 False 0 0.0 0
4500 True 0 60.10326266288757 1
4600 False 0 0.0 0
4700 True 0 15.666545629501343 0
4800 True 0 60.212825298309326 1
4900 False 0 0.0 0
5000 True 0 15.888932704925537 0
5100 True 0 31.724210262298584 0
5200 False 0 0.0 0
5300 False 0 0.0 0
5400 False 0 0.0 0
5500 False 0 0.0 0
5600 False 0 0.0 0
5700 True 0 60.210017919540405 1
5800 False 0 0.0 0
5900 False 0 0.0 0
6000 False 0 0.0 0
6100 True 0 32.05974745750427 0
6200 False 0 0.0 0
6300 False 0 0.0 0
6400 False 0 0.0 0
6500 False 0 0.0 0
6600 True 0 15.742696523666382 0
6700 False 0 0.0 0
6800 True 0 60.060364723205566 1
6900 True 0 31.63405442237854 0
7000 False 0 0.0 0
7100 True 0 60.122854709625244 1
7200 False 0 0.0 0
7300 True 0 15.907013177871704 0
7400 False 0 0.0 0
7500 True 0 60.21152472496033 1
7600 False 0 0.0 0
7700 True 0 60.13306522369385 1
7800 True 0 60.099483489990234 1
7900 False 0 0.0 0
8000 True 0 15.857574701309204 0
8100 False 0 0.0 0
8200 False 0 0.0 0
8300 False 0 0.0 0
8400 False 0 0.0 0
8500 False 0 0.0 0
8600 True 0 60.16874837875366 1
8700 True 0 32.19396257400513 0
8800 True 0 60.06690001487732 1
8900 False 0 0.0 0
9000 True 0 15.74894905090332 0
9100 False 0 0.0 0
9200 True 0 15.719730854034424 0
9300 True 0 60.1904776096344 1
9400 True 0 48.27098202705383 0
9500 False 0 0.0 0
9600 True 0 15.275551080703735 0
9700 True 0 31.31683087348938 0
9800 True 0 60.12813377380371 1
9900 False 0 0.0 0
