0 True 0 60.8631157875061 1
100 False 0 0.0 0
200 False 0 0.0 0
300 False 0 0.0 0
400 True 0 62.561145544052124 1
500 False 0 0.0 0
600 False 0 0.0 0
700 False 0 0.0 0
800 False 0 0.0 0
900 False 0 0.0 0
1000 True 0 60.407254695892334 1
1100 False 0 0.0 0
1200 True 0 60.486539125442505 1
1300 False 0 0.0 0
1400 True 0 60.509689807891846 1
1500 False 0 0.0 0
1600 False 0 0.0 0
1700 False 0 0.0 0
1800 False 0 0.0 0
1900 True 0 60.5920307636261 1
2000 False 0 0.0 0
2100 False 0 0.0 0
2200 True 0 60.47922682762146 1
2300 False 0 0.0 0
2400 True 0 60.356576442718506 1
2500 False 0 0.0 0
2600 True 0 61.677090644836426 1
2700 True 0 62.366947412490845 1
2800 False 0 0.0 0
2900 True 0 61.77766799926758 1
3000 True 0 60.05 1
3100 True 0 60.05 1
3200 False 0 0.0 0
3300 True 0 60.05 1
3400 True 0 60.05 1
3500 True 0 60.05 1
3600 False 0 0.0 0
3700 True 0 60.05 1
3800 True 0 60.05 1
3900 False 0 0.0 0
4000 False 0 0.0 0
4100 True 0 60.05 1
4200 True 0 60.05 1
4300 True 0 60.05 1
4400 False 0 0.0 0
4500 True 0 60.05 1
4600 False 0 0.0 0
4700 False 0 0.0 0
4800 True 0 60.05 1
4900 False 0 0.0 0
5000 True 0 60.05 1
5100 True 0 60.05 1
5200 False 0 0.0 0
5300 False 0 0.0 0
5400 True 0 60.05 1
5500 False 0 0.0 0
5600 False 0 0.0 0
5700 True 0 60.05 1
5800 False 0 0.0 0
5900 False 0 0.0 0
6000 False 0 0.0 0
6100 True 0 60.05 1
6200 False 0 0.0 0
6300 False 0 0.0 0
6400 False 0 0.0 0
6500 False 0 0.0 0
6600 True 0 60.05 1
6700 False 0 0.0 0
6800 True 0 60.05 1
6900 True 0 60.05 1
7000 False 0 0.0 0
7100 True 0 60.05 1
7200 True 0 60.05 1
7300 False 0 0.0 0
7400 False 0 0.0 0
7500 True 0 60.05 1
7600 True 0 60.05 1
7700 True 0 60.05 1
7800 True 0 60.05 1
7900 False 0 0.0 0
8000 True 0 60.05 1
8100 False 0 0.0 0
8200 False 0 0.0 0
8300 False 0 0.0 0
8400 False 0 0.0 0
8500 False 0 0.0 0
8600 True 0 60.05 1
8700 True 0 60.05 1
8800 True 0 60.05 1
8900 False 0 0.0 0
9000 True 0 60.05 1
9100 False 0 0.0 0
9200 True 0 60.05 1
9300 False 0 0.0 0
9400 False 0 0.0 0
9500 False 0 0.0 0
9600 True 0 60.05 1
9700 True 0 60.05 1
9800 True 0 60.05 1
9900 False 0 0.0 0
