0 True 0 62.269612312316895 1
100 False 0 0.0 0
200 True 0 61.84098029136658 1
300 True 0 62.58599400520325 1
400 True 0 62.0421028137207 1
500 True 0 61.65770101547241 1
600 True 0 62.35884070396423 1
700 True 0 61.61134719848633 1
800 True 0 61.855180740356445 1
900 False 0 0.0 0
1000 True 0 61.01824188232422 1
1100 True 0 62.22308588027954 1
1200 True 0 62.938380002975464 1
1300 True 0 60.5 1
1400 False 0 0.0 0
1500 True 0 60.5 1
1600 True 0 60.5 1
1700 True 0 60.5 1
1800 True 0 60.5 1
1900 True 0 60.5 1
2000 True 0 60.5 1
2100 True 0 60.5 1
2200 True 0 60.5 1
2300 False 0 0.0 0
2400 True 0 60.5 1
2500 True 0 60.5 1
2600 True 0 60.5 1
2700 True 0 60.5 1
2800 True 0 60.5 1
2900 True 0 60.5 1
3000 True 0 60.5 1
3100 True 0 60.5 1
3200 True 0 60.5 1
3300 True 0 60.5 1
3400 False 0 0.0 0
3500 True 0 60.5 1
3600 False 0 0.0 0
3700 True 0 60.5 1
3800 True 0 60.5 1
3900 False 0 0.0 0
4000 False 0 0.0 0
4100 True 0 60.5 1
4200 True 0 60.5 1
4300 True 0 60.5 1
4400 True 0 60.5 1
4500 False 0 0.0 0
4600 True 0 60.5 1
4700 True 0 60.5 1
4800 True 0 60.5 1
4900 True 0 60.5 1
5000 True 0 60.5 1
5100 True 0 60.5 1
5200 True 0 60.5 1
5300 True 0 60.5 1
5400 True 0 60.5 1
5500 True 0 60.5 1
5600 True 0 60.5 1
5700 True 0 60.5 1
5800 True 0 60.5 1
5900 False 0 0.0 0
6000 True 0 60.5 1
6100 True 0 60.5 1
6200 True 0 60.5 1
6300 True 0 60.5 1
6400 True 0 60.5 1
6500 True 0 60.5 1
6600 True 0 60.5 1
6700 True 0 60.5 1
6800 True 0 60.5 1
6900 True 0 60.5 1
7000 False 0 0.0 0
7100 True 0 60.5 1
7200 True 0 60.5 1
7300 False 0 0.0 0
7400 True 0 60.5 1
7500 True 0 60.5 1
7600 False 0 0.0 0
7700 True 0 60.5 1
7800 True 0 60.5 1
7900 True 0 60.5 1
8000 True 0 60.5 1
8100 True 0 60.5 1
8200 True 0 60.5 1
8300 False 0 0.0 0
8400 True 0 60.5 1
8500 True 0 60.5 1
8600 False 0 0.0 0
8700 True 0 60.5 1
8800 True 0 60.5 1
8900 True 0 60.5 1
9000 True 0 60.5 1
9100 True 0 60.5 1
9200 True 0 60.5 1
9300 True 0 60.5 1
9400 True 0 60.5 1
9500 True 0 60.5 1
9600 True 0 60.5 1
9700 True 0 60.5 1
9800 True 0 60.5 1
9900 True 0 60.5 1
