0 False 0 0.0 0
100 True 0 10.085219860076904 0
200 False 0 0.0 0
300 True 0 9.898463487625122 0
400 True 0 13.37896180152893 0
500 False 0 0.0 0
600 False 0 0.0 0
700 False 0 0.0 0
800 False 0 0.0 0
900 False 0 0.0 0
1000 False 0 0.0 0
1100 False 0 0.0 0
1200 False 0 0.0 0
1300 False 0 0.0 0
1400 False 0 0.0 0
1500 False 0 0.0 0
1600 False 0 0.0 0
1700 False 0 0.0 0
1800 False 0 0.0 0
1900 True 0 13.150344848632812 0
2000 False 0 0.0 0
2100 False 0 0.0 0
2200 True 0 9.61726427078247 0
2300 False 0 0.0 0
2400 True 0 12.631877660751343 0
2500 False 0 0.0 0
2600 True 0 9.635548830032349 0
2700 False 0 0.0 0
2800 False 0 0.0 0
2900 False 0 0.0 0
3000 False 0 0.0 0
3100 True 0 13.231992244720459 0
3200 False 0 0.0 0
3300 False 0 0.0 0
3400 True 0 13.32406997680664 0
3500 False 0 0.0 0
3600 True 0 10.970919847488403 0
3700 False 0 0.0 0
3800 False 0 0.0 0
3900 False 0 0.0 0
4000 False 0 0.0 0
4100 False 0 0.0 0
4200 False 0 0.0 0
4300 True 0 10.03071904182434 0
4400 False 0 0.0 0
4500 False 0 0.0 0
4600 False 0 0.0 0
4700 True 0 9.843790769577026 0
4800 True 0 10.02262020111084 0
4900 False 0 0.0 0
5000 False 0 0.0 0
5100 False 0 0.0 0
5200 False 0 0.0 0
5300 False 0 0.0 0
5400 True 0 9.819544792175293 0
5500 False 0 0.0 0
5600 False 0 0.0 0
5700 False 0 0.0 0
5800 False 0 0.0 0
5900 False 0 0.0 0
6000 False 0 0.0 0
6100 True 0 10.09710431098938 0
6200 False 0 0.0 0
6300 False 0 0.0 0
6400 False 0 0.0 0
6500 False 0 0.0 0
6600 False 0 0.0 0
6700 True 0 9.763885736465454 0
6800 True 0 13.275217533111572 0
6900 False 0 0.0 0
7000 False 0 0.0 0
7100 True 0 10.067879438400269 0
7200 False 0 0.0 0
7300 False 0 0.0 0
7400 False 0 0.0 0
7500 False 0 0.0 0
7600 False 0 0.0 0
7700 True 0 10.208768367767334 0
7800 True 0 9.790344953536987 0
7900 False 0 0.0 0
8000 False 0 0.0 0
8100 True 0 10.249544382095337 0
8200 False 0 0.0 0
8300 False 0 0.0 0
8400 False 0 0.0 0
8500 False 0 0.0 0
8600 False 0 0.0 0
8700 False 0 0.0 0
8800 True 0 9.755719900131226 0
8900 False 0 0.0 0
9000 False 0 0.0 0
9100 False 0 0.0 0
9200 True 0 9.723105669021606 0
9300 False 0 0.0 0
9400 True 0 9.749934196472168 0
9500 False 0 0.0 0
9600 True 0 13.052981853485107 0
9700 True 0 13.014092922210693 0
9800 False 0 0.0 0
9900 False 0 0.0 0
