0 True 0 60.42845177650452 1
100 False 0 0.0 0
200 True 0 40.97281312942505 0
300 True 0 60.74597454071045 1
400 True 0 60.053566455841064 1
500 False 0 0.0 0
600 True 0 60.62894082069397 1
700 True 0 60.469921350479126 1
800 True 0 60.2796688079834 1
900 False 0 0.0 0
1000 True 0 60.11350417137146 1
1100 False 0 0.0 0
1200 True 0 9.908880949020386 0
1300 True 0 59.90314054489136 0
1400 False 0 0.0 0
1500 True 0 60.61598873138428 1
1600 False 0 0.0 0
1700 False 0 0.0 0
1800 False 0 0.0 0
1900 True 0 60.09574866294861 1
2000 False 0 0.0 0
2100 False 0 0.0 0
2200 True 0 60.074511766433716 1
2300 True 0 40.11175298690796 0
2400 True 0 60.09722328186035 1
2500 False 0 0.0 0
2600 True 0 60.07357621192932 1
2700 False 0 0.0 0
2800 False 0 0.0 0
2900 False 0 0.0 0
3000 True 0 60.052915811538696 1
3100 True 0 60.08648085594177 1
3200 False 0 0.0 0
3300 False 0 0.0 0
3400 False 0 0.0 0
3500 True 0 60.370365142822266 1
3600 False 0 0.0 0
3700 False 0 0.0 0
3800 True 0 60.066123723983765 1
3900 False 0 0.0 0
4000 False 0 0.0 0
4100 True 0 60.574849128723145 1
4200 False 0 0.0 0
4300 True 0 60.59089732170105 1
4400 False 0 0.0 0
4500 True 0 59.8508620262146 0
4600 False 0 0.0 0
4700 False 0 0.0 0
4800 True 0 60.5377881526947 1
4900 False 0 0.0 0
5000 True 0 60.70758652687073 1
5100 True 0 60.60291028022766 1
5200 False 0 0.0 0
5300 False 0 0.0 0
5400 True 0 60.577908992767334 1
5500 False 0 0.0 0
5600 False 0 0.0 0
5700 True 0 60.696593284606934 1
5800 False 0 0.0 0
5900 False 0 0.0 0
6000 False 0 0.0 0
6100 True 0 60.614548444747925 1
6200 False 0 0.0 0
6300 False 0 0.0 0
6400 False 0 0.0 0
6500 False 0 0.0 0
6600 True 0 60.25903630256653 1
6700 True 0 20.02953577041626 0
6800 True 0 49.77317786216736 0
6900 True 0 60.583720207214355 1
7000 False 0 0.0 0
7100 True 0 60.45821142196655 1
7200 False 0 0.0 0
7300 False 0 0.0 0
7400 False 0 0.0 0
7500 False 0 0.0 0
7600 False 0 0.0 0
7700 True 0 60.51201605796814 1
7800 True 0 60.56974506378174 1
7900 False 0 0.0 0
8000 True 0 60.52312207221985 1
8100 False 0 0.0 0
8200 False 0 0.0 0
8300 False 0 0.0 0
8400 False 0 0.0 0
8500 False 0 0.0 0
8600 False 0 0.0 0
8700 True 0 50.00158715248108 0
8800 True 0 60.60279941558838 1
8900 False 0 0.0 0
9000 True 0 60.634965896606445 1
9100 False 0 0.0 0
9200 True 0 60.55113625526428 1
9300 False 0 0.0 0
9400 True 0 60.48700952529907 1
9500 True 0 19.892317056655884 0
9600 True 0 60.676695346832275 1
9700 True 0 60.54449152946472 1
9800 True 0 60.45120429992676 1
9900 False 0 0.0 0
