0 True 0.0 120.09290647506714 1
100 False 0.0 0.0 0
200 True 0.0 120.70498394966125 1
300 True 0.0 120.38594150543213 1
400 True 0.0 120.70466184616089 1
500 False 0.0 0.0 0
600 True 0.0 120.51826524734497 1
700 True 0.0 120.66350555419922 1
800 True 0.0 120.54673910140991 1
900 False 0.0 0.0 0
1000 True 0.0 120.07990431785583 1
1100 False 0.0 0.0 0
1200 True 0.0 120.05 1
1300 True 0.0 120.05 1
1400 False 0.0 0.0 0
1500 True 0.0 120.05 1
1600 False 0.0 0.0 0
1700 False 0.0 0.0 0
1800 False 0.0 0.0 0
1900 True 0.0 120.05 1
2000 False 0.0 0.0 0
2100 False 0.0 0.0 0
2200 True 0.0 120.05 1
2300 True 0.0 120.05 1
2400 True 0.0 120.05 1
2500 False 0.0 0.0 0
2600 True 0.0 120.05 1
2700 False 0.0 0.0 0
2800 False 0.0 0.0 0
2900 False 0.0 0.0 0
3000 True 0.0 120.05 1
3100 True 0.0 120.05 1
3200 False 0.0 0.0 0
3300 False 0.0 0.0 0
3400 False 0.0 0.0 0
3500 True 0.0 120.05 1
3600 False 0.0 0.0 0
3700 False 0.0 0.0 0
3800 True 0.0 120.05 1
3900 False 0.0 0.0 0
4000 False 0.0 0.0 0
4100 True 0.0 120.05 1
4200 False 0.0 0.0 0
4300 True 0.0 120.05 1
4400 False 0.0 0.0 0
4500 True 0.0 120.05 1
4600 False 0.0 0.0 0
4700 False 0.0 0.0 0
4800 True 0.0 120.05 1
4900 False 0.0 0.0 0
5000 True 0.0 120.05 1
5100 True 0.0 120.05 1
5200 False 0.0 0.0 0
5300 False 0.0 0.0 0
5400 True 0.0 120.05 1
5500 False 0.0 0.0 0
5600 False 0.0 0.0 0
5700 True 0.0 120.05 1
5800 False 0.0 0.0 0
5900 False 0.0 0.0 0
6000 False 0.0 0.0 0
6100 True 0.0 120.05 1
6200 False 0.0 0.0 0
6300 False 0.0 0.0 0
6400 False 0.0 0.0 0
6500 False 0.0 0.0 0
6600 True 0.0 120.05 1
6700 True 0.0 120.05 1
6800 True 0.0 120.05 1
6900 True 0.0 120.05 1
7000 False 0.0 0.0 0
7100 True 0.0 120.05 1
7200 False 0.0 0.0 0
7300 False 0.0 0.0 0
7400 False 0.0 0.0 0
7500 False 0.0 0.0 0
7600 False 0.0 0.0 0
7700 True 0.0 120.05 1
7800 True 0.0 120.05 1
7900 False 0.0 0.0 0
8000 True 0.0 120.05 1
8100 False 0.0 0.0 0
8200 False 0.0 0.0 0
8300 False 0.0 0.0 0
8400 False 0.0 0.0 0
8500 False 0.0 0.0 0
8600 False 0.0 0.0 0
8700 True 0.0 120.05 1
8800 True 0.0 120.05 1
8900 False 0.0 0.0 0
9000 True 0.0 120.05 1
9100 False 0.0 0.0 0
9200 True 0.0 120.05 1
9300 False 0.0 0.0 0
9400 True 0.0 120.05 1
9500 True 0.0 120.05 1
9600 True 0.0 120.05 1
9700 True 0.0 120.05 1
9800 True 0.0 120.05 1
9900 False 0.0 0.0 0
