0 True 0 61.412686824798584 1
100 False 0 0.0 0
200 False 0 0.0 0
300 True 0 60.73358178138733 1
400 True 0 61.26857566833496 1
500 False 0 0.0 0
600 True 0 60.800679445266724 1
700 True 0 61.289727449417114 1
800 True 0 60.59154796600342 1
900 False 0 0.0 0
1000 True 0 60.52730059623718 1
1100 False 0 0.0 0
1200 True 0 60.50518751144409 1
1300 False 0 0.0 0
1400 False 0 0.0 0
1500 True 0 61.16331148147583 1
1600 False 0 0.0 0
1700 False 0 0.0 0
1800 False 0 0.0 0
1900 True 0 60.53431725502014 1
2000 False 0 0.0 0
2100 False 0 0.0 0
2200 False 0 0.0 0
2300 True 0 60.953503131866455 1
2400 True 0 60.5 1
2500 True 0 60.5 1
2600 True 0 60.5 1
2700 True 0 60.5 1
2800 False 0 0.0 0
2900 False 0 0.0 0
3000 True 0 60.5 1
3100 True 0 60.5 1
3200 False 0 0.0 0
3300 False 0 0.0 0
3400 False 0 0.0 0
3500 True 0 60.5 1
3600 False 0 0.0 0
3700 True 0 60.5 1
3800 True 0 60.5 1
3900 False 0 0.0 0
4000 False 0 0.0 0
4100 True 0 60.5 1
4200 True 0 60.5 1
4300 True 0 60.5 1
4400 False 0 0.0 0
4500 True 0 60.5 1
4600 False 0 0.0 0
4700 True 0 60.5 1
4800 True 0 60.5 1
4900 True 0 60.5 1
5000 True 0 60.5 1
5100 True 0 60.5 1
5200 True 0 60.5 1
5300 True 0 60.5 1
5400 True 0 60.5 1
5500 True 0 60.5 1
5600 True 0 60.5 1
5700 True 0 60.5 1
5800 False 0 0.0 0
5900 False 0 0.0 0
6000 True 0 60.5 1
6100 True 0 60.5 1
6200 False 0 0.0 0
6300 False 0 0.0 0
6400 False 0 0.0 0
6500 False 0 0.0 0
6600 True 0 60.5 1
6700 True 0 60.5 1
6800 True 0 60.5 1
6900 False 0 0.0 0
7000 False 0 0.0 0
7100 False 0 0.0 0
7200 False 0 0.0 0
7300 True 0 60.5 1
7400 True 0 60.5 1
7500 True 0 60.5 1
7600 False 0 0.0 0
7700 False 0 0.0 0
7800 True 0 60.5 1
7900 False 0 0.0 0
8000 True 0 60.5 1
8100 False 0 0.0 0
8200 False 0 0.0 0
8300 False 0 0.0 0
8400 False 0 0.0 0
8500 True 0 60.5 1
8600 False 0 0.0 0
8700 True 0 60.5 1
8800 True 0 60.5 1
8900 False 0 0.0 0
9000 True 0 60.5 1
9100 False 0 0.0 0
9200 True 0 60.5 1
9300 False 0 0.0 0
9400 False 0 0.0 0
9500 True 0 60.5 1
9600 True 0 60.5 1
9700 True 0 60.5 1
9800 True 0 60.5 1
9900 False 0 0.0 0
