0 True 0.04607788085937499 2.7295241355895996 0
100 True 0.03086181640625 0.6503129005432129 0
200 True 0.060491943359375 0.5218594074249268 0
300 False 0.0 0.0 0
400 True 0.043133544921875 0.531808614730835 0
500 True 0.06461181640625 0.5118718147277832 0
600 True 0.05076904296875 0.4541754722595215 0
700 True 0.041979980468750004 0.40178537368774414 0
800 True 0.010339355468749999 0.42638421058654785 0
900 True 0.02169921875 0.3775949478149414 0
1000 True 0.040233154296875004 0.40043115615844727 0
1100 True 0.05510864257812499 0.7774066925048828 0
1200 False 0.0 0.0 0
1300 True 0.038167724609374995 0.5217502117156982 0
1400 True 0.060107421875 0.523578405380249 0
1500 False 0.0 0.0 0
1600 True 0.033125 0.5259528160095215 0
1700 True 0.040760498046874996 0.5446114540100098 0
1800 False 0.0 0.0 0
1900 True 0.051702880859375 0.4124755859375 0
2000 True 0.03951904296875001 0.592799186706543 0
2100 True 0.05626220703125 0.7738802433013916 0
2200 True 0.023424072265625002 0.45842671394348145 0
2300 True 0.010976562500000002 0.42846059799194336 0
2400 True 0.026027832031249996 0.3671290874481201 0
2500 True 0.0036376953124999997 0.32370734214782715 0
2600 True 0.050933837890625 0.35045552253723145 0
2700 True 0.0292578125 0.3656327724456787 0
2800 True 0.04369384765625 0.402573823928833 0
2900 True 0.04545166015625 0.5321846008300781 0
3000 True 0.030389404296875 0.5414273738861084 0
3100 True 0.036146240234374995 0.8910937309265137 0
3200 True 0.07576293945312501 0.3485548496246338 0
3300 True 0.03103759765625 0.49402308464050293 0
3400 True 0.043133544921875 0.43987321853637695 0
3500 True 0.064996337890625 0.3779454231262207 0
3600 True 0.041551513671875 0.5305881500244141 0
3700 True 0.052471923828124996 0.4716365337371826 0
3800 True 0.034718017578124996 0.5225005149841309 0
3900 True 0.05488891601562499 0.42346620559692383 0
4000 False 0.0 0.0 0
4100 True 0.052581787109375 0.4327218532562256 0
4200 True 0.03899169921875 0.7547163963317871 0
4300 False 0.0 0.0 0
4400 True 0.031191406250000005 0.48165416717529297 0
4500 False 0.0 0.0 0
4600 True 0.07532348632812502 0.5340943336486816 0
4700 True 0.044287109374999994 0.5612747669219971 0
4800 True 0.05406494140625 0.4322071075439453 0
4900 True 0.034388427734375 0.3653829097747803 0
5000 True 0.060821533203125 0.35030174255371094 0
5100 True 0.010240478515624998 0.4010932445526123 0
5200 True 0.040650634765625006 0.3932762145996094 0
5300 True 0.051428222656249994 0.33237123489379883 0
5400 True 0.06636962890624999 0.36322879791259766 0
5500 True 0.05791015625 0.434523344039917 0
5600 True 0.00032421875000000007 0.30204200744628906 0
5700 True 0.05230712890625 0.3336296081542969 0
5800 True 0.0417822265625 0.4026150703430176 0
5900 True 0.046231689453125 0.5296704769134521 0
6000 True 0.015788574218750004 0.4856715202331543 0
6100 True 0.070379638671875 0.47919249534606934 0
6200 True 0.04004638671875 0.6077699661254883 0
6300 True 0.05736083984375 0.46224188804626465 0
6400 True 0.00651611328125 0.45524024963378906 0
6500 True 0.074334716796875 0.4989182949066162 0
6600 True 0.03615722656249999 0.4010157585144043 0
6700 True 0.033355712890625 0.4136929512023926 0
6800 True 0.032586669921875006 0.5046465396881104 0
6900 True 0.042188720703125 0.5413239002227783 0
7000 True 0.044331054687499996 0.5419859886169434 0
7100 True 0.05752563476562499 0.4787750244140625 0
7200 True 0.04497924804687499 0.8821566104888916 0
7300 True 0.055987548828125 0.362185001373291 0
7400 True 0.0345751953125 0.4218745231628418 0
7500 True 0.031740722656250005 0.4188120365142822 0
7600 True 0.0559326171875 0.32640767097473145 0
7700 True 0.03717895507812499 0.3808012008666992 0
7800 False 0.0 0.0 0
7900 True 0.056646728515625 0.35265278816223145 0
8000 True 0.064666748046875 0.30188965797424316 0
8100 True 0.048516845703125006 0.5799269676208496 0
8200 True 0.0682373046875 0.33844876289367676 0
8300 True 0.059722900390625 0.6731562614440918 0
8400 True 0.06417236328124999 0.4743959903717041 0
8500 True 0.07801513671875 0.43476295471191406 0
8600 True 0.044144287109375 0.4822709560394287 0
8700 True 0.05186767578125 0.45647573471069336 0
8800 True 0.0844970703125 0.37655091285705566 0
8900 True 0.055548095703124994 0.40330934524536133 0
9000 True 0.05703125 0.3309762477874756 0
9100 True 0.075103759765625 0.37953782081604004 0
9200 True 0.056866455078124996 0.3332810401916504 0
9300 True 0.054998779296874994 0.4032471179962158 0
9400 True 0.033773193359374995 0.3819239139556885 0
9500 True 0.059228515625000006 0.7379820346832275 0
9600 True 0.042529296875 0.5242698192596436 0
9700 True 0.0002609375 0.23444414138793945 0
9800 True 0.015129394531250003 0.34143567085266113 0
9900 True 0.038167724609374995 0.42251133918762207 0
