0 False 0.0 0.0 0
100 False 0.0 0.0 0
200 False 0.0 0.0 0
300 False 0.0 0.0 0
400 False 0.0 0.0 0
500 True 0.26258544921875004 3.1601431369781494 0
600 True 0.163543701171875 0.4112827777862549 0
700 True 0.29027099609375 0.48178696632385254 0
800 False 0.0 0.0 0
900 False 0.0 0.0 0
1000 False 0.0 0.0 0
1100 True 0.24182128906250003 0.49683332443237305 0
1200 False 0.0 0.0 0
1300 False 0.0 0.0 0
1400 True 0.18930664062499997 0.4457356929779053 0
1500 False 0.0 0.0 0
1600 False 0.0 0.0 0
1700 False 0.0 0.0 0
1800 True 0.09070434570312502 0.31420016288757324 0
1900 False 0.0 0.0 0
2000 True 0.12811279296875006 0.35079526901245117 0
2100 False 0.0 0.0 0
2200 True 0.2967529296875 0.4148833751678467 0
2300 False 0.0 0.0 0
2400 False 0.0 0.0 0
2500 False 0.0 0.0 0
2600 False 0.0 0.0 0
2700 True 0.20254516601562503 0.4103868007659912 0
2800 False 0.0 0.0 0
2900 False 0.0 0.0 0
3000 True 0.13876953125000002 0.4765956401824951 0
3100 False 0.0 0.0 0
3200 False 0.0 0.0 0
3300 False 0.0 0.0 0
3400 False 0.0 0.0 0
3500 False 0.0 0.0 0
3600 False 0.0 0.0 0
3700 False 0.0 0.0 0
3800 False 0.0 0.0 0
3900 True 0.2873046875 0.5663604736328125 0
4000 False 0.0 0.0 0
4100 False 0.0 0.0 0
4200 True 0.2536865234375 0.3728361129760742 0
4300 False 0.0 0.0 0
4400 True 0.13734130859375 0.34024477005004883 0
4500 False 0.0 0.0 0
4600 True 0.206280517578125 0.3895692825317383 0
4700 False 0.0 0.0 0
4800 False 0.0 0.0 0
4900 False 0.0 0.0 0
5000 True 0.060876464843750006 0.3261222839355469 0
5100 False 0.0 0.0 0
5200 False 0.0 0.0 0
5300 False 0.0 0.0 0
5400 False 0.0 0.0 0
5500 False 0.0 0.0 0
5600 True 0.285272216796875 0.45041370391845703 0
5700 True 0.192547607421875 0.4256455898284912 0
5800 False 0.0 0.0 0
5900 False 0.0 0.0 0
6000 False 0.0 0.0 0
6100 False 0.0 0.0 0
6200 False 0.0 0.0 0
6300 False 0.0 0.0 0
6400 True 0.174365234375 0.4166710376739502 0
6500 False 0.0 0.0 0
6600 False 0.0 0.0 0
6700 False 0.0 0.0 0
6800 True 0.289666748046875 0.40776968002319336 0
6900 False 0.0 0.0 0
7000 True 0.256378173828125 0.3489964008331299 0
7100 True 0.23901977539062502 0.35772228240966797 0
7200 True 0.09147338867187499 0.4510774612426758 0
7300 True 0.28763427734374997 0.3577146530151367 0
7400 False 0.0 0.0 0
7500 True 0.006219482421875 0.2805900573730469 0
7600 True 0.12388305664062502 0.6963796615600586 0
7700 False 0.0 0.0 0
7800 False 0.0 0.0 0
7900 False 0.0 0.0 0
8000 False 0.0 0.0 0
8100 True 0.29988403320312507 0.4745354652404785 0
8200 True 0.30059814453125006 0.461956262588501 0
8300 False 0.0 0.0 0
8400 False 0.0 0.0 0
8500 False 0.0 0.0 0
8600 True 0.287139892578125 0.33796048164367676 0
8700 False 0.0 0.0 0
8800 True 0.222320556640625 0.37355470657348633 0
8900 False 0.0 0.0 0
9000 True 0.053900146484375 0.3076171875 0
9100 False 0.0 0.0 0
9200 False 0.0 0.0 0
9300 True 0.232867431640625 0.34041643142700195 0
9400 True 0.06334838867187498 0.3267242908477783 0
9500 True 0.25555419921875 0.45873117446899414 0
9600 True 0.14272460937500003 0.43765783309936523 0
9700 True 0.02205078125 0.4430408477783203 0
9800 True 0.29746704101562504 0.38362741470336914 0
9900 True 0.0713134765625 0.7456107139587402 0
