0 True 1 2.5273795127868652 0
100 True 0 0.02056884765625 0
200 False 0 0.0 0
300 False 0 0.0 0
400 True 0 0.0171966552734375 0
500 True 1 0.043356895446777344 0
600 True 1 0.033742666244506836 0
700 True 0 0.027527332305908203 0
800 True 0 0.02193284034729004 0
900 True 0 0.038743019104003906 0
1000 True 0 0.012381315231323242 0
1100 True 1 0.061830997467041016 0
1200 False 0 0.0 0
1300 True 0 0.18195223808288574 0
1400 True 1 0.03246474266052246 0
1500 False 0 0.0 0
1600 False 0 0.0 0
1700 True 0 0.027816057205200195 0
1800 True 0 0.017560720443725586 0
1900 True 0 0.03521275520324707 0
2000 True 0 0.022574901580810547 0
2100 True 0 0.0272219181060791 0
2200 True 0 0.013648748397827148 0
2300 False 0 0.0 0
2400 True 0 0.018350839614868164 0
2500 True 0 0.024313926696777344 0
2600 True 0 0.031946420669555664 0
2700 True 0 0.036188602447509766 0
2800 True 0 0.04950213432312012 0
2900 True 0 0.005410909652709961 0
3000 True 0 0.024998188018798828 0
3100 True 0 0.04169750213623047 0
3200 True 1 0.030492782592773438 0
3300 True 0 0.01469111442565918 0
3400 True 1 0.04623222351074219 0
3500 True 1 0.042157888412475586 0
3600 False 0 0.0 0
3700 True 1 0.0325314998626709 0
3800 True 0 0.008730649948120117 0
3900 True 0 0.03688693046569824 0
4000 True 0 0.0347142219543457 0
4100 True 0 0.025719642639160156 0
4200 True 1 0.04889321327209473 0
4300 True 0 0.007491588592529297 0
4400 True 0 0.02765798568725586 0
4500 True 0 0.012266874313354492 0
4600 True 1 0.03704977035522461 0
4700 True 1 0.06775712966918945 0
4800 True 1 0.02810049057006836 0
4900 True 0 0.021684885025024414 0
5000 True 0 0.022167682647705078 0
5100 False 0 0.0 0
5200 True 1 0.03964519500732422 0
5300 True 0 0.025589704513549805 0
5400 True 0 0.020786046981811523 0
5500 True 0 0.03547549247741699 0
5600 False 0 0.0 0
5700 True 1 0.30991625785827637 0
5800 True 0 0.01897430419921875 0
5900 True 0 0.010014772415161133 0
6000 True 0 0.015327215194702148 0
6100 True 1 0.03486967086791992 0
6200 True 1 0.0392298698425293 0
6300 True 1 0.03421354293823242 0
6400 True 0 0.025254011154174805 0
6500 True 1 0.02855992317199707 0
6600 True 0 0.024348020553588867 0
6700 True 0 0.01385354995727539 0
6800 True 0 0.016486406326293945 0
6900 True 0 0.028316974639892578 0
7000 True 0 0.03779411315917969 0
7100 True 1 0.02489638328552246 0
7200 False 0 0.0 0
7300 True 0 0.05300259590148926 0
7400 True 0 0.019421815872192383 0
7500 True 0 0.034574270248413086 0
7600 True 0 0.03527379035949707 0
7700 True 0 0.03920269012451172 0
7800 False 0 0.0 0
7900 True 0 0.02847003936767578 0
8000 True 1 0.03749227523803711 0
8100 True 0 0.020109176635742188 0
8200 True 1 0.03311800956726074 0
8300 True 1 0.03452491760253906 0
8400 True 1 0.03624868392944336 0
8500 True 1 0.036714792251586914 0
8600 True 0 0.03342795372009277 0
8700 True 0 0.05157470703125 0
8800 True 1 0.04380607604980469 0
8900 True 1 0.03681492805480957 0
9000 True 1 0.034964561462402344 0
9100 True 0 0.020397186279296875 0
9200 True 0 0.030272722244262695 0
9300 True 1 0.036974430084228516 0
9400 True 0 0.04342222213745117 0
9500 True 1 0.03282976150512695 0
9600 False 0 0.0 0
9700 True 0 0.016056537628173828 0
9800 True 0 0.028902530670166016 0
9900 True 0 0.06622076034545898 0
