0 True 1 4.510503053665161 0
100 True 0 0.030329227447509766 0
200 True 1 0.050722360610961914 0
300 False 0 0.0 0
400 True 0 0.040027618408203125 0
500 True 1 0.04553079605102539 0
600 True 1 0.05297374725341797 0
700 True 1 0.04777956008911133 0
800 True 0 0.020075082778930664 0
900 True 0 0.023722410202026367 0
1000 True 0 0.022452116012573242 0
1100 True 1 0.03424787521362305 0
1200 False 0 0.0 0
1300 True 0 0.041260719299316406 0
1400 True 1 0.04863572120666504 0
1500 False 0 0.0 0
1600 True 0 0.04215717315673828 0
1700 True 1 0.043743133544921875 0
1800 False 0 0.0 0
1900 True 0 0.0262758731842041 0
2000 True 0 0.041153669357299805 0
2100 True 0 0.04105806350708008 0
2200 True 1 0.0456695556640625 0
2300 True 0 0.062099456787109375 0
2400 True 0 0.04109072685241699 0
2500 True 0 0.025892019271850586 0
2600 True 1 0.046202898025512695 0
2700 True 1 0.04695415496826172 0
2800 True 1 0.044681549072265625 0
2900 True 1 0.04303550720214844 0
3000 True 0 0.045255184173583984 0
3100 True 0 0.02818894386291504 0
3200 True 1 0.03258872032165527 0
3300 True 1 0.04321479797363281 0
3400 True 1 0.045853376388549805 0
3500 True 1 0.14047813415527344 0
3600 True 0 0.03701043128967285 0
3700 True 1 0.046051025390625 0
3800 True 0 0.04579448699951172 0
3900 True 1 0.04677152633666992 0
4000 False 0 0.0 0
4100 True 0 0.03393077850341797 0
4200 True 1 0.05434370040893555 0
4300 False 0 0.0 0
4400 True 0 0.008796930313110352 0
4500 False 0 0.0 0
4600 True 1 0.05696678161621094 0
4700 True 1 0.04712510108947754 0
4800 True 1 0.045018672943115234 0
4900 True 1 0.04607534408569336 0
5000 True 0 0.26002049446105957 0
5100 True 0 0.006627798080444336 0
5200 True 0 0.038445472717285156 0
5300 True 1 0.046012163162231445 0
5400 True 1 0.04461812973022461 0
5500 True 1 0.04334855079650879 0
5600 False 0 0.0 0
5700 True 1 0.04587912559509277 0
5800 True 1 0.04372572898864746 0
5900 True 1 0.0329585075378418 0
6000 True 0 0.04415321350097656 0
6100 True 1 0.05093693733215332 0
6200 True 1 0.09493184089660645 0
6300 True 1 0.046718597412109375 0
6400 False 0 0.0 0
6500 True 1 0.05514812469482422 0
6600 True 0 0.033884525299072266 0
6700 True 0 0.014310836791992188 0
6800 True 1 0.02847003936767578 0
6900 True 1 0.03523564338684082 0
7000 True 0 0.0805511474609375 0
7100 True 1 0.04479789733886719 0
7200 True 0 0.048750877380371094 0
7300 True 1 0.0477900505065918 0
7400 True 1 0.04757285118103027 0
7500 True 1 0.04758310317993164 0
7600 True 1 0.04780721664428711 0
7700 True 1 0.03476691246032715 0
7800 False 0 0.0 0
7900 True 0 0.00932765007019043 0
8000 True 1 0.042243242263793945 0
8100 True 1 0.04664182662963867 0
8200 True 1 0.030980348587036133 0
8300 True 1 0.04499673843383789 0
8400 True 1 0.046018123626708984 0
8500 True 1 0.03829336166381836 0
8600 True 1 0.0461428165435791 0
8700 True 1 0.0432586669921875 0
8800 True 1 0.05356860160827637 0
8900 True 1 0.08311295509338379 0
9000 True 1 0.04472184181213379 0
9100 True 1 0.05668163299560547 0
9200 True 1 0.04446673393249512 0
9300 True 1 0.0432591438293457 0
9400 True 1 0.04684591293334961 0
9500 True 1 0.04290890693664551 0
9600 True 1 0.043294429779052734 0
9700 False 0 0.0 0
9800 True 0 0.04335641860961914 0
9900 True 1 0.05661749839782715 0
