0 True 0.025401611328125 2.7052011489868164 0
100 True 0.0168212890625 0.5188300609588623 0
200 True 0.035706787109375 0.6202874183654785 0
300 False 0.0 0.0 0
400 True 0.016656494140625002 0.7159280776977539 0
500 True 0.045803222656249996 0.62080979347229 0
600 True 0.023193359375 0.578136682510376 0
700 True 0.025028076171875 0.5908558368682861 0
800 True 0.0036201171875 0.3934307098388672 0
900 True 0.009251708984375002 0.37654995918273926 0
1000 True 0.007252197265625001 0.38994264602661133 0
1100 True 0.035245361328125 0.5926799774169922 0
1200 False 0.0 0.0 0
1300 True 0.0173486328125 0.5220823287963867 0
1400 True 0.029532470703125 0.6020042896270752 0
1500 False 0.0 0.0 0
1600 True 0.015942382812500003 0.5422093868255615 0
1700 True 0.02686279296875 0.5667383670806885 0
1800 False 0.0 0.0 0
1900 True 0.0102734375 0.3908247947692871 0
2000 True 0.017392578125 0.4666473865509033 0
2100 True 0.017711181640625 0.529695987701416 0
2200 True 0.020864257812500002 0.5450129508972168 0
2300 True 0.012833251953125003 0.7509734630584717 0
2400 True 0.016986083984375 0.5345211029052734 0
2500 True 0.005703125 0.4699430465698242 0
2600 True 0.03837646484374999 0.5825750827789307 0
2700 True 0.023369140625 0.6045098304748535 0
2800 True 0.028620605468750004 0.5493965148925781 0
2900 True 0.027423095703125 0.7989668846130371 0
3000 True 0.017744140624999998 0.5596332550048828 0
3100 True 0.0116796875 0.5012221336364746 0
3200 True 0.0303125 0.5513064861297607 0
3300 True 0.025467529296875 0.5263512134552002 0
3400 True 0.0271923828125 0.5756032466888428 0
3500 True 0.034344482421875 0.5466089248657227 0
3600 True 0.015931396484375002 0.8201663494110107 0
3700 True 0.02334716796875 0.5719308853149414 0
3800 True 0.015645751953125002 0.4618239402770996 0
3900 True 0.026972656249999998 0.42844700813293457 0
4000 False 0.0 0.0 0
4100 True 0.013800048828125001 0.38677453994750977 0
4200 True 0.022314453124999998 0.4812309741973877 0
4300 False 0.0 0.0 0
4400 True 0.0022314453124999997 0.29088282585144043 0
4500 False 0.0 0.0 0
4600 True 0.03753051757812499 0.6376228332519531 0
4700 True 0.0222705078125 0.5011112689971924 0
4800 True 0.03689331054687499 0.7905209064483643 0
4900 True 0.024039306640625004 0.4854903221130371 0
5000 True 0.013898925781250002 0.3854339122772217 0
5100 True 0.000517578125 0.29954099655151367 0
5200 True 0.016315917968750003 0.45574498176574707 0
5300 True 0.029906005859374998 0.5963852405548096 0
5400 True 0.02813720703125 0.5684366226196289 0
5500 True 0.032960205078125 0.5714976787567139 0
5600 False 0.0 0.0 0
5700 True 0.024390869140625004 0.8184943199157715 0
5800 True 0.027324218749999997 0.4204838275909424 0
5900 True 0.032257080078125 0.44075751304626465 0
6000 True 0.016832275390625002 0.45781540870666504 0
6100 True 0.053350830078124994 0.36411380767822266 0
6200 True 0.03212524414062501 0.45145344734191895 0
6300 True 0.022709960937499996 0.42105746269226074 0
6400 False 0.0 0.0 0
6500 True 0.032235107421875006 0.42993688583374023 0
6600 True 0.011910400390625 0.38715648651123047 0
6700 True 0.005318603515625001 0.3102240562438965 0
6800 True 0.036168212890624996 0.5140111446380615 0
6900 True 0.020985107421875 0.9163711071014404 0
7000 True 0.01956787109375 0.549074649810791 0
7100 True 0.03686035156249999 0.5827741622924805 0
7200 True 0.016436767578125 0.5386650562286377 0
7300 True 0.031597900390625 0.6364104747772217 0
7400 True 0.028697509765625 0.5410611629486084 0
7500 True 0.0275439453125 0.5731537342071533 0
7600 True 0.020391845703125 0.5881805419921875 0
7700 True 0.023446044921875003 0.4192826747894287 0
7800 False 0.0 0.0 0
7900 True 0.001466796875 0.3026158809661865 0
8000 True 0.04025512695312501 0.5432026386260986 0
8100 True 0.024984130859375 0.591564416885376 0
8200 True 0.03705810546875 0.5266432762145996 0
8300 True 0.035234375 0.4332458972930908 0
8400 True 0.029554443359374998 0.5802419185638428 0
8500 True 0.042023925781250006 0.5585198402404785 0
8600 True 0.0270166015625 0.427260160446167 0
8700 True 0.021314697265624998 0.41109776496887207 0
8800 True 0.03798095703124999 0.41078972816467285 0
8900 True 0.0303125 0.4703645706176758 0
9000 True 0.035113525390625 0.5130751132965088 0
9100 True 0.03686035156249999 0.5769486427307129 0
9200 True 0.02136962890625 0.5745754241943359 0
9300 True 0.026082763671875 0.5422613620758057 0
9400 True 0.0256103515625 0.4016852378845215 0
9500 True 0.023632812500000003 0.5395174026489258 0
9600 True 0.027346191406249998 0.5581250190734863 0
9700 False 0.0 0.0 0
9800 True 0.018590087890625 0.37449002265930176 0
9900 True 0.020347900390625003 0.4356992244720459 0
