0 True 0.018095703124999998 5.787590980529785 0
100 True 0.015579833984375003 2.7929556369781494 0
200 True 0.028895263671875 3.309722661972046 0
300 True 0.009328613281250002 2.0672426223754883 0
400 True 0.01952392578125 3.022881507873535 0
500 True 0.032839355468750005 2.6360676288604736 0
600 True 0.020886230468750003 3.12162446975708 0
700 True 0.019501953125000002 2.8242082595825195 0
800 True 0.018469238281249994 2.305131435394287 0
900 True 0.0121630859375 2.0727365016937256 0
1000 True 0.0121630859375 2.204284429550171 0
1100 True 0.025511474609374998 2.4093635082244873 0
1200 True 0.00546142578125 1.7371532917022705 0
1300 True 0.01719482421875 2.234905958175659 0
1400 True 0.021457519531249997 3.491610288619995 0
1500 False 0.0 0.0 0
1600 True 0.01064697265625 2.248673677444458 0
1700 True 0.021710205078125 3.2659409046173096 0
1800 True 0.01675537109375 2.0916082859039307 0
1900 True 0.0185791015625 2.7374958992004395 0
2000 True 0.018106689453124998 2.415806531906128 0
2100 True 0.023830566406250003 3.296333074569702 0
2200 True 0.0056481933593749995 2.1945738792419434 0
2300 True 0.023577880859375 2.1716129779815674 0
2400 True 0.012800292968750002 2.8537611961364746 0
2500 True 0.015810546875 2.262862205505371 0
2600 True 0.02523681640625 2.860663890838623 0
2700 True 0.014613037109375001 2.317654848098755 0
2800 True 0.018699951171874996 2.738809823989868 0
2900 True 0.023358154296875 2.443931818008423 0
3000 True 0.016953125 2.41754412651062 0
3100 True 0.011196289062500002 3.1353261470794678 0
3200 True 0.023127441406249998 2.406944751739502 0
3300 True 0.018095703124999998 2.61083722114563 0
3400 True 0.017733154296874998 3.1773977279663086 0
3500 True 0.025159912109374998 2.672722101211548 0
3600 True 0.026807861328124998 2.75734543800354 0
3700 True 0.025972900390625 2.874006986618042 0
3800 True 0.017260742187499997 2.2487783432006836 0
3900 True 0.020732421875 2.4050285816192627 0
4000 True 0.010910644531250003 2.448209524154663 0
4100 True 0.030620117187499997 2.447864532470703 0
4200 True 0.0178759765625 2.8908560276031494 0
4300 False 0.0 0.0 0
4400 True 0.010339355468749999 2.0768017768859863 0
4500 False 0.0 0.0 0
4600 True 0.030894775390625 2.5061306953430176 0
4700 True 0.01693115234375 2.9674952030181885 0
4800 True 0.02154541015625 2.5009827613830566 0
4900 True 0.016722412109374998 2.4893674850463867 0
5000 True 0.023193359375 2.861123561859131 0
5100 True 0.022138671874999998 2.7715368270874023 0
5200 True 0.020699462890625003 2.6884872913360596 0
5300 True 0.02119384765625 3.4137187004089355 0
5400 True 0.02488525390625 2.4680278301239014 0
5500 True 0.023753662109375 2.6614127159118652 0
5600 True 0.0017656249999999998 1.7212982177734375 0
5700 True 0.026027832031249996 2.582578420639038 0
5800 True 0.016436767578125 3.3038151264190674 0
5900 True 0.022501220703124998 2.4948716163635254 0
6000 True 0.012591552734375 2.7231147289276123 0
6100 True 0.027554931640625 2.458221435546875 0
6200 True 0.020721435546875 3.192455530166626 0
6300 True 0.028774414062500003 2.5381433963775635 0
6400 True 0.009053955078125002 2.3510541915893555 0
6500 True 0.026324462890625 2.3083813190460205 0
6600 True 0.014920654296875002 2.260139226913452 0
6700 True 0.0166455078125 3.2202134132385254 0
6800 True 0.018864746093749996 2.379011631011963 0
6900 True 0.016843261718750002 2.6226019859313965 0
7000 True 0.016964111328125 2.349622964859009 0
7100 True 0.020534667968750003 2.7448384761810303 0
7200 True 0.013811035156250002 2.77646803855896 0
7300 True 0.023303222656249997 2.664912700653076 0
7400 True 0.021270751953125 2.402832508087158 0
7500 True 0.021424560546875 2.4180243015289307 0
7600 True 0.019161376953125 2.199416399002075 0
7700 True 0.014887695312500001 2.7496633529663086 0
7800 True 0.011668701171875 2.2612428665161133 0
7900 True 0.024401855468750004 2.195688486099243 0
8000 True 0.02541259765625 3.0022199153900146 0
8100 True 0.021336669921875 2.40220046043396 0
8200 True 0.023885498046875002 2.67181396484375 0
8300 True 0.023808593750000002 3.0903091430664062 0
8400 True 0.024237060546875 2.7889816761016846 0
8500 True 0.032410888671875 2.485565423965454 0
8600 True 0.0207763671875 3.341520309448242 0
8700 True 0.021182861328125 2.6288859844207764 0
8800 True 0.031279296875 2.724600076675415 0
8900 True 0.025467529296875 2.6437666416168213 0
9000 True 0.02211669921875 2.711214065551758 0
9100 True 0.029125976562500003 2.804147958755493 0
9200 True 0.023127441406249998 2.5308778285980225 0
9300 True 0.020831298828125 2.9499576091766357 0
9400 True 0.020314941406250002 2.593275785446167 0
9500 True 0.018842773437499995 2.9769127368927 0
9600 True 0.021007080078125 2.4963765144348145 0
9700 True 0.015788574218750004 2.2160050868988037 0
9800 True 0.020941162109374998 2.3536360263824463 0
9900 True 0.01802978515625 3.2874107360839844 0
