0 True 0 2.5334415435791016 0
100 True 0 0.017633438110351562 0
200 True 0 0.019509553909301758 0
300 False 0 0.0 0
400 True 0 0.038262128829956055 0
500 True 0 0.01622152328491211 0
600 True 0 0.016755104064941406 0
700 True 0 0.030806541442871094 0
800 False 0 0.0 0
900 True 0 0.04578661918640137 0
1000 True 0 0.01973104476928711 0
1100 True 0 0.019873857498168945 0
1200 False 0 0.0 0
1300 True 0 0.01983189582824707 0
1400 True 0 0.0278470516204834 0
1500 False 0 0.0 0
1600 True 0 0.022433757781982422 0
1700 True 0 0.01924586296081543 0
1800 True 0 0.02653646469116211 0
1900 True 0 0.06571173667907715 0
2000 True 0 0.021291732788085938 0
2100 True 0 0.01684260368347168 0
2200 True 0 0.01897907257080078 0
2300 True 0 0.03464221954345703 0
2400 False 0 0.0 0
2500 False 0 0.0 0
2600 True 0 0.015543222427368164 0
2700 True 0 0.02172994613647461 0
2800 True 0 0.01833963394165039 0
2900 True 0 0.015446662902832031 0
3000 True 0 0.01970052719116211 0
3100 True 0 0.020112991333007812 0
3200 True 0 0.019745349884033203 0
3300 True 0 0.029288053512573242 0
3400 True 0 0.0222017765045166 0
3500 True 0 0.03733038902282715 0
3600 True 0 0.016808748245239258 0
3700 True 0 0.03800201416015625 0
3800 True 0 0.04805302619934082 0
3900 True 0 0.02038741111755371 0
4000 False 0 0.0 0
4100 True 0 0.01925206184387207 0
4200 True 0 0.021711111068725586 0
4300 False 0 0.0 0
4400 True 0 0.016132593154907227 0
4500 False 0 0.0 0
4600 True 0 0.0203399658203125 0
4700 True 0 0.020796775817871094 0
4800 True 0 0.01983046531677246 0
4900 True 0 0.021970272064208984 0
5000 True 0 0.020192623138427734 0
5100 False 0 0.0 0
5200 True 0 0.020584821701049805 0
5300 True 0 0.025959491729736328 0
5400 True 0 0.020921707153320312 0
5500 True 0 0.03771495819091797 0
5600 True 0 0.02051258087158203 0
5700 True 0 0.020416975021362305 0
5800 True 0 0.031113862991333008 0
5900 True 0 0.02489304542541504 0
6000 True 0 0.01703953742980957 0
6100 True 0 0.02013540267944336 0
6200 True 0 0.020231962203979492 0
6300 True 0 0.019444704055786133 0
6400 True 0 0.01643085479736328 0
6500 True 0 0.019833087921142578 0
6600 True 0 0.020490169525146484 0
6700 True 0 0.06818580627441406 0
6800 True 0 0.020278215408325195 0
6900 True 0 0.017708301544189453 0
7000 True 0 0.026152849197387695 0
7100 True 0 0.0168917179107666 0
7200 True 0 0.0196535587310791 0
7300 True 0 0.019889116287231445 0
7400 True 0 0.03836512565612793 0
7500 True 0 0.02844715118408203 0
7600 True 0 0.038536787033081055 0
7700 True 0 0.020458221435546875 0
7800 False 0 0.0 0
7900 True 0 0.07257866859436035 0
8000 True 0 0.01804637908935547 0
8100 True 0 0.23060035705566406 0
8200 True 0 0.02292466163635254 0
8300 True 0 0.019255399703979492 0
8400 True 0 0.03653526306152344 0
8500 True 0 0.03545045852661133 0
8600 True 0 0.020564556121826172 0
8700 True 0 0.019623279571533203 0
8800 True 0 0.03639078140258789 0
8900 True 0 0.02517390251159668 0
9000 True 0 0.04222869873046875 0
9100 True 0 0.039423465728759766 0
9200 True 0 0.014516353607177734 0
9300 True 0 0.015883207321166992 0
9400 True 0 0.028027057647705078 0
9500 True 0 0.01653909683227539 0
9600 True 0 0.019987821578979492 0
9700 False 0 0.0 0
9800 True 0 0.018275976181030273 0
9900 True 0 0.017514467239379883 0
