0 True 1 2.828080415725708 0
100 True 0 0.35973429679870605 0
200 True 0 0.08144688606262207 0
300 True 0 0.024550914764404297 0
400 True 0 0.1324467658996582 0
500 True 1 0.17237281799316406 0
600 True 0 0.15289020538330078 0
700 True 0 0.14014005661010742 0
800 True 0 0.17243289947509766 0
900 True 0 0.060082435607910156 0
1000 True 0 0.08426380157470703 0
1100 True 1 0.12101078033447266 0
1200 True 0 0.026253700256347656 0
1300 True 0 0.1422410011291504 0
1400 True 1 0.2118852138519287 0
1500 False 0 0.0 0
1600 True 0 0.1419086456298828 0
1700 True 0 0.12205386161804199 0
1800 True 0 0.0563044548034668 0
1900 True 0 0.06640791893005371 0
2000 True 0 0.09636425971984863 0
2100 True 1 0.16933679580688477 0
2200 True 0 0.05858111381530762 0
2300 True 0 0.08765244483947754 0
2400 True 0 0.08295178413391113 0
2500 True 0 0.05140566825866699 0
2600 True 1 0.19094538688659668 0
2700 True 0 0.17607736587524414 0
2800 True 0 0.14739465713500977 0
2900 True 0 0.10262155532836914 0
3000 True 0 0.12209844589233398 0
3100 True 0 0.035063982009887695 0
3200 True 1 0.18139219284057617 0
3300 True 0 0.10988140106201172 0
3400 True 1 0.11577844619750977 0
3500 True 1 0.13798761367797852 0
3600 True 0 0.11070895195007324 0
3700 True 1 0.16255807876586914 0
3800 True 0 0.03502702713012695 0
3900 True 0 0.11014246940612793 0
4000 True 0 0.08224725723266602 0
4100 True 1 0.18637371063232422 0
4200 True 0 0.16838526725769043 0
4300 True 0 0.02389240264892578 0
4400 True 0 0.11588692665100098 0
4500 False 0 0.0 0
4600 True 1 0.17264795303344727 0
4700 True 1 0.17624497413635254 0
4800 True 1 0.1669163703918457 0
4900 True 0 0.08761000633239746 0
5000 True 0 0.17622613906860352 0
5100 True 0 0.0999000072479248 0
5200 True 0 0.15315747261047363 0
5300 True 1 0.16337895393371582 0
5400 True 1 0.1790761947631836 0
5500 True 1 0.15763282775878906 0
5600 True 0 0.15374207496643066 0
5700 True 0 0.15859174728393555 0
5800 True 0 0.12011885643005371 0
5900 True 1 0.16184568405151367 0
6000 True 0 0.07187700271606445 0
6100 True 1 0.17014026641845703 0
6200 True 1 0.14534974098205566 0
6300 True 1 0.27440619468688965 0
6400 True 0 0.08040952682495117 0
6500 True 0 0.1174631118774414 0
6600 True 0 0.043918609619140625 0
6700 True 0 0.07471466064453125 0
6800 True 0 0.1159670352935791 0
6900 True 0 0.09798479080200195 0
7000 True 0 0.09035611152648926 0
7100 True 1 0.16811156272888184 0
7200 True 0 0.02428436279296875 0
7300 True 1 0.1291966438293457 0
7400 True 0 0.05212664604187012 0
7500 True 0 0.38741040229797363 0
7600 True 0 0.11207842826843262 0
7700 True 0 0.13488388061523438 0
7800 False 0 0.0 0
7900 True 0 0.11729836463928223 0
8000 True 0 0.10228419303894043 0
8100 True 0 0.08656048774719238 0
8200 True 0 0.17571640014648438 0
8300 True 1 0.17360782623291016 0
8400 True 1 0.1633145809173584 0
8500 True 1 0.15632128715515137 0
8600 True 0 0.1264195442199707 0
8700 True 1 0.16751384735107422 0
8800 True 1 0.2500157356262207 0
8900 True 0 0.17430901527404785 0
9000 True 0 0.15795159339904785 0
9100 True 1 0.1797192096710205 0
9200 True 0 0.1616041660308838 0
9300 True 1 0.16264104843139648 0
9400 True 0 0.1432490348815918 0
9500 True 1 0.16572904586791992 0
9600 True 0 0.17438673973083496 0
9700 True 0 0.013257503509521484 0
9800 True 0 0.08556771278381348 0
9900 True 0 0.07412457466125488 0
