0 True 0.10163574218750002 4.196068525314331 0
100 True 0.05032958984375001 1.8489229679107666 0
200 True 0.059832763671875004 2.0412349700927734 0
300 True 0.011361083984375003 1.6296520233154297 0
400 True 0.067962646484375 2.202610731124878 0
500 True 0.102349853515625 1.9413766860961914 0
600 True 0.08768310546875001 1.6765129566192627 0
700 True 0.075982666015625 1.800654649734497 0
800 True 0.09603271484375 1.5952715873718262 0
900 True 0.04101318359375 1.865586519241333 0
1000 True 0.061480712890625 1.4497876167297363 0
1100 True 0.104217529296875 2.1709680557250977 0
1200 True 0.013250732421875001 1.7990281581878662 0
1300 True 0.073126220703125 1.524217128753662 0
1400 True 0.10416259765625001 1.8132944107055664 0
1500 False 0.0 0.0 0
1600 True 0.07581787109375 1.9545924663543701 0
1700 True 0.07142333984375 1.4383697509765625 0
1800 True 0.03310302734375 1.5883522033691406 0
1900 True 0.04134277343750001 1.769770860671997 0
2000 True 0.0568115234375 1.520897388458252 0
2100 True 0.10317382812500002 2.2330737113952637 0
2200 True 0.028609619140625004 2.116515636444092 0
2300 True 0.04246337890625 1.817549705505371 0
2400 True 0.04589111328125 2.412012815475464 0
2500 True 0.036058349609375 1.5913114547729492 0
2600 True 0.10635986328125001 1.483149766921997 0
2700 True 0.09790039062500001 2.245790958404541 0
2800 True 0.08197021484375 1.6850335597991943 0
2900 True 0.062030029296875 1.691890001296997 0
3000 True 0.081146240234375 1.766944169998169 0
3100 True 0.017249755859374997 1.973534345626831 0
3200 True 0.13294677734375 1.6876194477081299 0
3300 True 0.054174804687499994 2.0546529293060303 0
3400 True 0.10465698242187502 2.1763088703155518 0
3500 True 0.10954589843750001 1.496138572692871 0
3600 True 0.07609252929687499 1.5591297149658203 0
3700 True 0.12514648437500003 2.1017727851867676 0
3800 True 0.021204833984375 1.8929696083068848 0
3900 True 0.0660400390625 1.4023628234863281 0
4000 True 0.052691650390625 1.667675256729126 0
4100 True 0.10487670898437501 2.440775156021118 0
4200 True 0.09504394531249999 1.6135897636413574 0
4300 True 0.011965332031250001 1.871953010559082 0
4400 True 0.064886474609375 1.6197822093963623 0
4500 False 0.0 0.0 0
4600 True 0.1130615234375 1.9586873054504395 0
4700 True 0.10597534179687501 1.9451313018798828 0
4800 True 0.11196289062500002 1.664623737335205 0
4900 True 0.052691650390625 1.8506567478179932 0
5000 True 0.07186279296874999 2.228818655014038 0
5100 True 0.060601806640625 1.6778647899627686 0
5200 True 0.09097900390625001 2.0441970825195312 0
5300 True 0.11064453125000001 1.5303983688354492 0
5400 True 0.10086669921875001 1.6825478076934814 0
5500 True 0.13146362304687503 2.208571195602417 0
5600 True 0.087738037109375 1.5647530555725098 0
5700 True 0.081640625 1.9568078517913818 0
5800 True 0.065985107421875 1.5768942832946777 0
5900 True 0.10141601562500001 1.4943041801452637 0
6000 True 0.04958251953125 1.5005619525909424 0
6100 True 0.14151611328125002 2.6621177196502686 0
6200 True 0.12608032226562502 1.7742958068847656 0
6300 True 0.10328369140625002 1.7316832542419434 0
6400 True 0.0517578125 1.4983463287353516 0
6500 True 0.08383789062500001 1.7991397380828857 0
6600 True 0.035552978515625 1.6943397521972656 0
6700 True 0.046901855468749996 1.5315096378326416 0
6800 True 0.08197021484375 2.2004342079162598 0
6900 True 0.059942626953125 2.0488853454589844 0
7000 True 0.052801513671875 1.578303575515747 0
7100 True 0.11613769531250001 2.2280349731445312 0
7200 True 0.012130126953125 2.1083409786224365 0
7300 True 0.10850219726562502 1.8511276245117188 0
7400 True 0.023500976562500005 2.0043461322784424 0
7500 True 0.07219238281249998 2.189560890197754 0
7600 True 0.08938598632812503 1.9755902290344238 0
7700 True 0.079278564453125 2.026373863220215 0
7800 False 0.0 0.0 0
7900 True 0.06746826171874999 2.1289446353912354 0
8000 True 0.06785278320312499 1.6323840618133545 0
8100 True 0.051702880859375 1.312417984008789 0
8200 True 0.094549560546875 1.8233098983764648 0
8300 True 0.12498168945312502 1.8343055248260498 0
8400 True 0.10899658203125 1.5188164710998535 0
8500 True 0.11322631835937502 1.9560012817382812 0
8600 True 0.07191772460937498 2.0229976177215576 0
8700 True 0.12470703125000002 1.6629087924957275 0
8800 True 0.103997802734375 1.653855323791504 0
8900 True 0.095648193359375 1.7148370742797852 0
9000 True 0.09306640625000001 1.898714542388916 0
9100 True 0.11163330078125001 1.8381860256195068 0
9200 True 0.08872680664062502 1.6150968074798584 0
9300 True 0.10163574218750002 2.0486502647399902 0
9400 True 0.079498291015625 1.6146538257598877 0
9500 True 0.133111572265625 1.8591265678405762 0
9600 True 0.09718627929687501 1.5967185497283936 0
9700 True 0.0028378906249999997 1.957890510559082 0
9800 True 0.0510986328125 1.7971909046173096 0
9900 True 0.04694580078125 1.5094597339630127 0
