0 True 0 3.1699416637420654 0
100 True 0 0.018349647521972656 0
200 True 0 0.11756587028503418 0
300 False 0 0.0 0
400 True 0 0.01265716552734375 0
500 True 0 0.1001739501953125 0
600 True 0 0.060701847076416016 0
700 False 0 0.0 0
800 True 0 0.04052901268005371 0
900 True 0 0.01938915252685547 0
1000 False 0 0.0 0
1100 True 0 0.08353853225708008 0
1200 False 0 0.0 0
1300 True 0 0.04490923881530762 0
1400 True 0 0.14260363578796387 0
1500 False 0 0.0 0
1600 False 0 0.0 0
1700 True 0 0.08125567436218262 0
1800 False 0 0.0 0
1900 False 0 0.0 0
2000 True 0 0.07483267784118652 0
2100 True 0 0.10800361633300781 0
2200 True 0 0.056603431701660156 0
2300 False 0 0.0 0
2400 False 0 0.0 0
2500 False 0 0.0 0
2600 True 0 0.061051368713378906 0
2700 True 0 0.07274246215820312 0
2800 False 0 0.0 0
2900 False 0 0.0 0
3000 True 0 0.04247784614562988 0
3100 True 0 0.16189837455749512 0
3200 True 0 0.02384161949157715 0
3300 True 0 0.07911896705627441 0
3400 True 0 0.11055874824523926 0
3500 True 0 0.06090831756591797 0
3600 False 0 0.0 0
3700 True 0 0.05463719367980957 0
3800 True 0 0.047013044357299805 0
3900 True 0 0.062021732330322266 0
4000 False 0 0.0 0
4100 False 0 0.0 0
4200 True 0 0.0767507553100586 0
4300 False 0 0.0 0
4400 True 0 0.06171464920043945 0
4500 True 0 0.011832952499389648 0
4600 True 0 0.11750602722167969 0
4700 True 0 0.04606771469116211 0
4800 True 0 0.11958742141723633 0
4900 True 0 0.031801462173461914 0
5000 True 0 0.0890798568725586 0
5100 True 0 0.0274965763092041 0
5200 True 0 0.08696579933166504 0
5300 True 0 0.07075691223144531 0
5400 False 0 0.0 0
5500 True 0 0.13450980186462402 0
5600 True 0 0.044423818588256836 0
5700 True 0 0.10779857635498047 0
5800 True 0 0.10466265678405762 0
5900 True 0 0.09869146347045898 0
6000 True 0 0.11080670356750488 0
6100 True 0 0.12103652954101562 0
6200 True 0 0.05189371109008789 0
6300 True 0 0.11410713195800781 0
6400 False 0 0.0 0
6500 True 0 0.013406991958618164 0
6600 False 0 0.0 0
6700 True 0 0.42990708351135254 0
6800 True 0 0.08772468566894531 0
6900 True 0 0.09582161903381348 0
7000 True 0 0.055767059326171875 0
7100 False 0 0.0 0
7200 True 0 0.058656930923461914 0
7300 True 0 0.12959814071655273 0
7400 True 0 0.09262776374816895 0
7500 True 0 0.054351806640625 0
7600 True 0 0.10684037208557129 0
7700 True 0 0.021754980087280273 0
7800 False 0 0.0 0
7900 False 0 0.0 0
8000 True 0 0.14331960678100586 0
8100 True 0 0.13070344924926758 0
8200 True 0 0.158128023147583 0
8300 False 0 0.0 0
8400 True 0 0.4113023281097412 0
8500 True 1 0.160186767578125 0
8600 True 0 0.10109615325927734 0
8700 True 0 0.09984159469604492 0
8800 True 1 0.10954046249389648 0
8900 True 0 0.10311126708984375 0
9000 True 0 0.06114673614501953 0
9100 True 0 0.033776283264160156 0
9200 True 0 0.013468742370605469 0
9300 True 0 0.11652088165283203 0
9400 True 0 0.08777928352355957 0
9500 True 0 0.06234860420227051 0
9600 True 0 0.08448600769042969 0
9700 True 0 0.0856471061706543 0
9800 True 0 0.0713508129119873 0
9900 True 0 0.05498313903808594 0
