0 True 0.024588623046875 3.858750581741333 0
100 True 0.022589111328124998 4.203067064285278 0
200 True 0.014470214843749999 3.9860970973968506 0
300 True 0.00647216796875 3.4346961975097656 0
400 True 0.010723876953125003 3.889618396759033 0
500 True 0.0286865234375 4.032076835632324 0
600 True 0.022951660156249998 4.131086587905884 0
700 True 0.017941894531249995 4.005235195159912 0
800 True 0.012239990234375001 3.8910443782806396 0
900 True 0.005802001953125 3.240784168243408 0
1000 True 0.010361328125 3.8137545585632324 0
1100 True 0.024566650390625003 4.1535444259643555 0
1200 True 0.006197509765625001 3.5166091918945312 0
1300 True 0.018886718749999996 4.052602291107178 0
1400 True 0.020721435546875 4.091757774353027 0
1500 False 0.0 0.0 0
1600 True 0.004499023437500001 2.937744379043579 0
1700 True 0.0208203125 4.10634183883667 0
1800 True 0.008306884765624998 3.6681296825408936 0
1900 True 0.014349365234375001 4.035179615020752 0
2000 True 0.019809570312500004 4.029145956039429 0
2100 True 0.0162060546875 4.050313234329224 0
2200 True 0.009207763671875 3.8499767780303955 0
2300 True 0.018282470703124998 4.074807643890381 0
2400 True 0.014140625 3.9505131244659424 0
2500 True 0.016118164062500002 4.024672031402588 0
2600 True 0.02194091796875 4.0335493087768555 0
2700 True 0.013448486328125002 3.9054410457611084 0
2800 True 0.018688964843749996 3.9746320247650146 0
2900 True 0.012360839843749999 3.855769395828247 0
3000 True 0.015469970703125002 4.0440826416015625 0
3100 True 0.007801513671875 3.6612486839294434 0
3200 True 0.02079833984375 4.084721565246582 0
3300 True 0.017414550781249996 4.023147821426392 0
3400 True 0.025050048828125 4.210475921630859 0
3500 True 0.026829833984375 4.190396308898926 0
3600 True 0.01877685546875 4.039582967758179 0
3700 True 0.024050292968750005 4.182722091674805 0
3800 True 0.013305664062500002 3.9089832305908203 0
3900 True 0.015415039062500002 4.007002353668213 0
4000 True 0.011448974609375002 3.6514010429382324 0
4100 True 0.017557373046874998 3.918635845184326 0
4200 True 0.021951904296874998 4.080339670181274 0
4300 True 0.0012822265624999997 3.0433602333068848 0
4400 True 0.0097021484375 3.7899606227874756 0
4500 False 0.0 0.0 0
4600 True 0.025841064453125 4.2369794845581055 0
4700 True 0.016513671875 3.9376063346862793 0
4800 True 0.02536865234375 4.498066186904907 0
4900 True 0.019205322265625 4.172727346420288 0
5000 True 0.019490966796875002 4.065988302230835 0
5100 True 0.013437500000000002 3.925187110900879 0
5200 True 0.014283447265624999 3.972385883331299 0
5300 True 0.017821044921874998 4.0459067821502686 0
5400 True 0.023489990234375004 4.255031108856201 0
5500 True 0.029543457031249998 4.203962802886963 0
5600 False 0.0 0.0 0
5700 True 0.020710449218750003 3.7143123149871826 0
5800 True 0.01732666015625 3.945852279663086 0
5900 True 0.023083496093749996 4.150071620941162 0
6000 True 0.013668212890625 3.9176418781280518 0
6100 True 0.02589599609375 4.156930923461914 0
6200 True 0.01952392578125 4.038592100143433 0
6300 True 0.020512695312500002 4.08922815322876 0
6400 True 0.0077685546875 3.739699125289917 0
6500 True 0.026379394531249996 4.325486660003662 0
6600 True 0.018886718749999996 4.005426406860352 0
6700 True 0.013734130859375002 3.9042439460754395 0
6800 True 0.019556884765625 3.919522762298584 0
6900 True 0.02062255859375 4.286174297332764 0
7000 True 0.019930419921875 4.048866271972656 0
7100 True 0.01486572265625 3.979749917984009 0
7200 True 0.01712890625 3.969428777694702 0
7300 True 0.014788818359375 4.0164196491241455 0
7400 True 0.020765380859374998 3.847064971923828 0
7500 True 0.017579345703125 3.7854554653167725 0
7600 True 0.020172119140625003 3.2627649307250977 0
7700 True 0.017821044921874998 3.13519024848938 0
7800 True 0.0105810546875 3.0924324989318848 0
7900 True 0.0097900390625 2.8983209133148193 0
8000 True 0.0178759765625 3.975802183151245 0
8100 True 0.014503173828125 3.553751230239868 0
8200 True 0.022523193359374995 4.096923828125 0
8300 True 0.0292138671875 4.098363399505615 0
8400 True 0.024830322265625 4.136657238006592 0
8500 True 0.03147705078125001 4.157812595367432 0
8600 True 0.017458496093749998 3.941009521484375 0
8700 True 0.01486572265625 3.9584169387817383 0
8800 True 0.034102783203125 3.4193687438964844 0
8900 True 0.017843017578125 3.981790781021118 0
9000 True 0.021622314453125 4.083700656890869 0
9100 True 0.025819091796875 3.3868391513824463 0
9200 True 0.01712890625 3.9600489139556885 0
9300 True 0.023720703125000003 4.126323699951172 0
9400 True 0.010218505859375001 2.952862024307251 0
9500 True 0.012954101562500002 2.9822468757629395 0
9600 True 0.019798583984375003 3.854408025741577 0
9700 True 0.0034003906249999993 2.5849292278289795 0
9800 True 0.014722900390624998 3.972565174102783 0
9900 True 0.01820556640625 3.9823837280273438 0
