0 True 0 0.038172245025634766 0
100 True 0 0.044886112213134766 0
200 True 0 0.0244293212890625 0
300 True 0 0.03272056579589844 0
400 True 0 0.05188155174255371 0
500 True 0 0.04698514938354492 0
600 True 0 0.08542346954345703 0
700 True 0 0.04808855056762695 0
800 True 0 0.024565458297729492 0
900 True 0 0.04277300834655762 0
1000 True 0 0.02827739715576172 0
1100 True 0 0.08191585540771484 0
1200 True 0 0.0325465202331543 0
1300 True 0 0.025240421295166016 0
1400 True 0 0.05452847480773926 0
1500 False 0 0.0 0
1600 True 0 0.03288602828979492 0
1700 True 0 0.05376267433166504 0
1800 True 0 0.03250622749328613 0
1900 True 0 0.032646894454956055 0
2000 True 0 0.024569988250732422 0
2100 True 0 0.05188798904418945 0
2200 True 0 0.032320499420166016 0
2300 True 0 0.034046173095703125 0
2400 True 0 0.033612966537475586 0
2500 True 0 0.03290367126464844 0
2600 True 0 0.07117295265197754 0
2700 True 0 0.025241613388061523 0
2800 True 0 0.050801753997802734 0
2900 True 0 0.02468252182006836 0
3000 True 0 0.026135683059692383 0
3100 True 0 0.03245353698730469 0
3200 True 0 0.06456136703491211 0
3300 True 0 0.03880143165588379 0
3400 True 0 0.08375787734985352 0
3500 True 0 0.053420305252075195 0
3600 True 0 0.0367279052734375 0
3700 True 0 0.09190964698791504 0
3800 True 0 0.02288985252380371 0
3900 True 0 0.034128427505493164 0
4000 True 0 0.03317880630493164 0
4100 True 0 0.032468318939208984 0
4200 True 0 0.0457305908203125 0
4300 True 0 0.03293895721435547 0
4400 True 0 0.04293107986450195 0
4500 False 0 0.0 0
4600 True 0 0.0927729606628418 0
4700 True 0 0.024671554565429688 0
4800 True 0 0.053037166595458984 0
4900 True 0 0.024381160736083984 0
5000 True 0 0.0247037410736084 0
5100 True 0 0.05628395080566406 0
5200 True 0 0.032666683197021484 0
5300 True 0 0.033059120178222656 0
5400 True 0 0.04506683349609375 0
5500 True 0 0.053273677825927734 0
5600 False 0 0.0 0
5700 True 0 0.05538582801818848 0
5800 True 0 0.048483848571777344 0
5900 True 0 0.05667853355407715 0
6000 True 0 0.03344535827636719 0
6100 True 0 0.05409860610961914 0
6200 True 0 0.04329562187194824 0
6300 True 0 0.053336381912231445 0
6400 True 0 0.03329777717590332 0
6500 True 0 0.036565542221069336 0
6600 True 0 0.032057762145996094 0
6700 True 0 0.024478673934936523 0
6800 True 0 0.02406597137451172 0
6900 True 0 0.04744458198547363 0
7000 True 0 0.04538130760192871 0
7100 True 0 0.027748823165893555 0
7200 True 0 0.05310320854187012 0
7300 True 0 0.02472972869873047 0
7400 True 0 0.04509234428405762 0
7500 True 0 0.025410890579223633 0
7600 True 0 0.053259849548339844 0
7700 True 0 0.042049407958984375 0
7800 True 0 0.06219744682312012 0
7900 True 0 0.04105234146118164 0
8000 True 0 0.04224443435668945 0
8100 True 0 0.04473757743835449 0
8200 True 0 0.044965267181396484 0
8300 True 0 0.04531502723693848 0
8400 True 0 0.0443422794342041 0
8500 True 0 0.043633460998535156 0
8600 True 0 0.04932141304016113 0
8700 True 0 0.03248190879821777 0
8800 True 0 0.04532432556152344 0
8900 True 0 0.05150914192199707 0
9000 True 0 0.053270578384399414 0
9100 True 0 0.046332359313964844 0
9200 True 0 0.03324556350708008 0
9300 True 0 0.04486846923828125 0
9400 True 0 0.02449178695678711 0
9500 True 0 0.03263998031616211 0
9600 True 0 0.03333735466003418 0
9700 True 0 0.025553226470947266 0
9800 True 0 0.03248119354248047 0
9900 True 0 0.024943113327026367 0
