0 True 0.025137939453125 22.326180696487427 0
100 True 0.03872802734375 24.054171562194824 0
200 True 0.013283691406250003 21.802684783935547 0
300 True 0.018194580078124998 22.310768842697144 0
400 True 0.019337158203125003 22.73483657836914 0
500 True 0.0348828125 23.37832808494568 0
600 True 0.026203613281249996 23.52291488647461 0
700 True 0.0187548828125 22.64190983772278 0
800 True 0.016810302734375 21.018571138381958 0
900 True 0.0036113281249999995 18.802530765533447 0
1000 True 0.010723876953125003 20.696820735931396 0
1100 True 0.021556396484375 22.48851776123047 0
1200 True 0.009866943359375002 21.1217942237854 0
1300 True 0.026181640625 23.41568422317505 0
1400 True 0.025379638671875 23.291128396987915 0
1500 True 0.0015810546875000002 17.447742700576782 0
1600 True 0.016810302734375 22.303866147994995 0
1700 True 0.025291748046875 23.32605218887329 0
1800 True 0.021512451171875 22.79193902015686 0
1900 True 0.013437500000000002 22.004831075668335 0
2000 True 0.024302978515625 23.31193709373474 0
2100 True 0.022314453124999998 22.50673770904541 0
2200 True 0.02079833984375 23.040603637695312 0
2300 True 0.02486328125 23.11732006072998 0
2400 True 0.021622314453125 23.132376194000244 0
2500 True 0.024215087890625004 23.330402135849 0
2600 True 0.025709228515624998 23.423863410949707 0
2700 True 0.015997314453125 22.434311628341675 0
2800 True 0.022753906249999997 22.961857795715332 0
2900 True 0.013701171875000001 22.186837673187256 0
3000 True 0.017974853515624997 22.320032596588135 0
3100 True 0.010899658203125002 20.714332818984985 0
3200 True 0.019952392578125002 22.692559719085693 0
3300 True 0.027510986328125 22.795575618743896 0
3400 True 0.026258544921874998 22.409558057785034 0
3500 True 0.03153198242187501 22.569283485412598 0
3600 True 0.025456542968750002 21.542588233947754 0
3700 True 0.030949707031250002 23.479677200317383 0
3800 True 0.018546142578124997 22.52168107032776 0
3900 True 0.018875732421874996 21.96803379058838 0
4000 True 0.014700927734375 22.193908214569092 0
4100 True 0.01860107421875 21.881230354309082 0
4200 True 0.026807861328124998 23.58888840675354 0
4300 True 0.004270507812500001 18.256022930145264 0
4400 True 0.01249267578125 21.69023060798645 0
4500 True 9.218750000000001e-05 10.948213577270508 0
4600 True 0.035245361328125 23.725316047668457 0
4700 True 0.018820800781249994 21.163018226623535 0
4800 True 0.02651123046875 22.94454336166382 0
4900 True 0.018183593749999998 22.311577558517456 0
5000 True 0.028576660156250003 23.06328821182251 0
5100 True 0.0156787109375 22.625868558883667 0
5200 True 0.018908691406249997 22.352349042892456 0
5300 True 0.019084472656249997 22.72961735725403 0
5400 True 0.03051025390625 23.122337818145752 0
5500 True 0.04138671875 23.808807611465454 0
5600 True 0.0014140625 16.95034432411194 0
5700 True 0.021094970703125 22.9622483253479 0
5800 True 0.018941650390625 21.252103090286255 0
5900 True 0.029543457031249998 22.421784162521362 0
6000 True 0.019282226562500004 22.729891777038574 0
6100 True 0.032015380859375 23.428492784500122 0
6200 True 0.022006835937499997 23.08785629272461 0
6300 True 0.023984375000000002 23.551215171813965 0
6400 True 0.012459716796875 21.442830324172974 0
6500 True 0.030543212890625 22.97631287574768 0
6600 True 0.026368408203125 23.46165633201599 0
6700 True 0.028774414062500003 20.429136753082275 0
6800 True 0.029653320312500002 23.06049609184265 0
6900 True 0.033817138671875 22.64394760131836 0
7000 True 0.020655517578125 17.763628005981445 0
7100 True 0.015371093750000002 18.523406267166138 0
7200 True 0.012943115234375004 16.699378728866577 0
7300 True 0.016140136718750003 17.125208854675293 0
7400 True 0.01789794921875 18.868603467941284 0
7500 True 0.023424072265625002 22.60958194732666 0
7600 True 0.02334716796875 19.089590311050415 0
7700 True 0.018557128906249998 22.632280826568604 0
7800 True 0.020677490234375002 22.972228050231934 0
7900 True 0.009482421875 21.041449785232544 0
8000 True 0.01750244140625 21.332074880599976 0
8100 True 0.013975830078125001 20.65025782585144 0
8200 True 0.031290283203125005 23.32668399810791 0
8300 True 0.031905517578125 23.68112826347351 0
8400 True 0.025313720703125 22.81151819229126 0
8500 True 0.037541503906249996 23.675436973571777 0
8600 True 0.019051513671875 22.34899139404297 0
8700 True 0.01565673828125 22.323768615722656 0
8800 True 0.04044189453125 24.078178882598877 0
8900 True 0.018699951171874996 22.578000783920288 0
9000 True 0.024775390625 22.633265733718872 0
9100 True 0.035706787109375 23.409276723861694 0
9200 True 0.024061279296875 23.19204306602478 0
9300 True 0.030213623046875 22.112398386001587 0
9400 True 0.013646240234375002 21.869332313537598 0
9500 True 0.011075439453125002 20.55768322944641 0
9600 True 0.023951416015625 22.34901738166809 0
9700 True 0.008438720703125 20.451293230056763 0
9800 True 0.022918701171874997 22.615976333618164 0
9900 True 0.028400878906250003 22.736308574676514 0
