0 True 0 0.3366832733154297 0
100 True 0 0.24145174026489258 0
200 True 0 0.1267082691192627 0
300 True 0 0.11902785301208496 0
400 True 0 0.12237834930419922 0
500 True 0 0.2416996955871582 0
600 True 0 0.23458075523376465 0
700 True 0 0.11866235733032227 0
800 True 0 0.11613917350769043 0
900 True 0 0.11754918098449707 0
1000 True 0 0.11849570274353027 0
1100 True 0 0.23324131965637207 0
1200 True 0 0.1272575855255127 0
1300 True 0 0.24488329887390137 0
1400 True 0 0.23330092430114746 0
1500 True 0 0.12049150466918945 0
1600 True 0 0.11960530281066895 0
1700 True 0 0.23802733421325684 0
1800 True 0 0.24309992790222168 0
1900 True 0 0.11843752861022949 0
2000 True 0 0.2326216697692871 0
2100 True 0 0.2421267032623291 0
2200 True 0 0.2852318286895752 0
2300 True 0 0.2648582458496094 0
2400 True 0 0.23186469078063965 0
2500 True 0 0.24253106117248535 0
2600 True 0 0.2329258918762207 0
2700 True 0 0.11761951446533203 0
2800 True 0 0.2339954376220703 0
2900 True 0 0.1665818691253662 0
3000 True 0 0.12366342544555664 0
3100 True 0 0.11694622039794922 0
3200 True 0 0.12768149375915527 0
3300 True 0 0.3473491668701172 0
3400 True 0 0.23263883590698242 0
3500 True 0 0.23309636116027832 0
3600 True 0 0.23279929161071777 0
3700 True 0 0.24086546897888184 0
3800 True 0 0.11732053756713867 0
3900 True 0 0.11667108535766602 0
4000 True 0 0.2216958999633789 0
4100 True 0 0.11895298957824707 0
4200 True 0 0.23338031768798828 0
4300 True 0 0.11825966835021973 0
4400 True 0 0.1279621124267578 0
4500 True 0 0.12842750549316406 0
4600 True 0 0.24147534370422363 0
4700 True 0 0.12613797187805176 0
4800 True 0 0.2337958812713623 0
4900 True 0 0.1178431510925293 0
5000 True 0 0.24692511558532715 0
5100 True 0 0.11988711357116699 0
5200 True 0 0.13689661026000977 0
5300 True 0 0.1287522315979004 0
5400 True 0 0.2451331615447998 0
5500 True 0 0.34806299209594727 0
5600 True 0 0.1177053451538086 0
5700 True 0 0.24560070037841797 0
5800 True 0 0.12607121467590332 0
5900 True 0 0.23384928703308105 0
6000 True 0 0.12761998176574707 0
6100 True 0 0.29379820823669434 0
6200 True 0 0.27727365493774414 0
6300 True 0 0.30652904510498047 0
6400 True 0 0.11707091331481934 0
6500 True 0 0.24457550048828125 0
6600 True 0 0.233079195022583 0
6700 True 0 0.2335953712463379 0
6800 True 0 0.25120115280151367 0
6900 True 0 0.24120140075683594 0
7000 True 0 0.2834315299987793 0
7100 True 0 0.1267693042755127 0
7200 True 0 0.1263113021850586 0
7300 True 0 0.11928248405456543 0
7400 True 0 0.12646913528442383 0
7500 True 0 0.23513221740722656 0
7600 True 0 0.23265886306762695 0
7700 True 0 0.11766743659973145 0
7800 True 0 0.23354172706604004 0
7900 True 0 0.12490510940551758 0
8000 True 0 0.18837833404541016 0
8100 True 0 0.12882661819458008 0
8200 True 0 0.23267769813537598 0
8300 True 0 0.19689249992370605 0
8400 True 0 0.23416519165039062 0
8500 True 0 0.23611044883728027 0
8600 True 0 0.11703252792358398 0
8700 True 0 0.1179802417755127 0
8800 True 0 0.35712742805480957 0
8900 True 0 0.11730623245239258 0
9000 True 0 0.23201346397399902 0
9100 True 0 0.24098849296569824 0
9200 True 0 0.23725509643554688 0
9300 True 0 0.23780465126037598 0
9400 True 0 0.18844366073608398 0
9500 True 0 0.11835694313049316 0
9600 True 0 0.34029436111450195 0
9700 True 0 0.11871957778930664 0
9800 True 0 0.23528122901916504 0
9900 True 0 0.24298691749572754 0
