0 True 0 0.27667665481567383 0
100 True 0 0.8006048202514648 0
200 True 0 0.34553980827331543 0
300 True 0 0.3484153747558594 0
400 True 0 0.3471853733062744 0
500 True 0 0.6882369518280029 0
600 True 0 0.34780359268188477 0
700 True 0 0.2325305938720703 0
800 True 0 0.23484444618225098 0
900 True 0 0.12081003189086914 0
1000 True 0 0.23029565811157227 0
1100 True 0 0.173018217086792 0
1200 True 0 0.23211431503295898 0
1300 True 0 0.35389018058776855 0
1400 True 0 0.17954134941101074 0
1500 True 0 0.09293150901794434 0
1600 True 0 0.2306957244873047 0
1700 True 0 0.26752543449401855 0
1800 True 0 0.4147379398345947 0
1900 True 0 0.09181714057922363 0
2000 True 0 0.34996461868286133 0
2100 True 0 0.26340222358703613 0
2200 True 0 0.38075709342956543 0
2300 True 0 0.2720355987548828 0
2400 True 0 0.3786790370941162 0
2500 True 0 0.4630098342895508 0
2600 True 0 0.35298752784729004 0
2700 True 0 0.20263195037841797 0
2800 True 0 0.2908337116241455 0
2900 True 0 0.26311421394348145 0
3000 True 0 0.11696457862854004 0
3100 True 0 0.17699742317199707 0
3200 True 0 0.2630500793457031 0
3300 True 0 0.35440587997436523 0
3400 True 0 0.2663998603820801 0
3500 True 0 0.45851945877075195 0
3600 True 0 0.28963637351989746 0
3700 True 0 0.46057915687561035 0
3800 True 0 0.23348021507263184 0
3900 True 0 0.23066115379333496 0
4000 True 0 0.23084568977355957 0
4100 True 0 0.17628240585327148 0
4200 True 0 0.3678443431854248 0
4300 True 0 0.0890340805053711 0
4400 True 0 0.23056387901306152 0
4500 False 0 0.0 0
4600 True 0 0.4378471374511719 0
4700 True 0 0.17927074432373047 0
4800 True 0 0.34137701988220215 0
4900 True 0 0.17688918113708496 0
5000 True 0 0.4367518424987793 0
5100 True 0 0.1781156063079834 0
5200 True 0 0.3501091003417969 0
5300 True 0 0.23061394691467285 0
5400 True 0 0.36260366439819336 0
5500 True 0 0.8023593425750732 0
5600 True 0 0.11627960205078125 0
5700 True 0 0.2732710838317871 0
5800 True 0 0.17679429054260254 0
5900 True 0 0.3849363327026367 0
6000 True 0 0.18241262435913086 0
6100 True 0 0.3614993095397949 0
6200 True 0 0.18241190910339355 0
6300 True 0 0.5752067565917969 0
6400 True 0 0.23105716705322266 0
6500 True 0 0.34921693801879883 0
6600 True 0 0.343980073928833 0
6700 True 0 0.45934081077575684 0
6800 True 0 0.6899926662445068 0
6900 True 0 0.5231893062591553 0
7000 True 0 0.26449060440063477 0
7100 True 0 0.09218192100524902 0
7200 True 0 0.2308337688446045 0
7300 True 0 0.22998809814453125 0
7400 True 0 0.3669626712799072 0
7500 True 0 0.2643001079559326 0
7600 True 0 0.23118805885314941 0
7700 True 0 0.17639613151550293 0
7800 True 0 0.2631525993347168 0
7900 True 0 0.23024988174438477 0
8000 True 0 0.26401686668395996 0
8100 True 0 0.11548686027526855 0
8200 True 0 0.4575951099395752 0
8300 True 0 0.46262168884277344 0
8400 True 0 0.4623138904571533 0
8500 True 0 0.36545467376708984 0
8600 True 0 0.2303164005279541 0
8700 True 0 0.34479212760925293 0
8800 True 0 0.8003888130187988 0
8900 True 0 0.45835161209106445 0
9000 True 0 0.3482511043548584 0
9100 True 0 0.45896267890930176 0
9200 True 0 0.3475768566131592 0
9300 True 0 0.5737645626068115 0
9400 True 0 0.23044562339782715 0
9500 True 0 0.2301623821258545 0
9600 True 0 0.5728142261505127 0
9700 True 0 0.23049235343933105 0
9800 True 0 0.2831394672393799 0
9900 True 0 0.42482757568359375 0
