0 True 0 0.22983884811401367 0
100 True 0 0.11642622947692871 0
200 True 0 0.11550641059875488 0
300 True 0 0.11736369132995605 0
400 True 0 0.12393522262573242 0
500 True 0 0.19336557388305664 0
600 True 0 0.11530089378356934 0
700 True 0 0.12433409690856934 0
800 True 0 0.12478780746459961 0
900 False 0 0.0 0
1000 True 0 0.14525771141052246 0
1100 True 0 0.16310572624206543 0
1200 True 0 0.11592459678649902 0
1300 True 0 0.12355971336364746 0
1400 True 0 0.11655068397521973 0
1500 True 0 0.12364578247070312 0
1600 True 0 0.12618708610534668 0
1700 True 0 0.11483025550842285 0
1800 True 0 0.12610411643981934 0
1900 True 0 0.12296152114868164 0
2000 True 0 0.11618947982788086 0
2100 True 0 0.1233670711517334 0
2200 True 0 0.12887263298034668 0
2300 True 0 0.11545181274414062 0
2400 True 0 0.12286543846130371 0
2500 True 0 0.11607217788696289 0
2600 True 0 0.12487077713012695 0
2700 True 0 0.11740446090698242 0
2800 True 0 0.11661815643310547 0
2900 True 0 0.12364673614501953 0
3000 True 0 0.1176459789276123 0
3100 True 0 0.12444210052490234 0
3200 True 0 0.1282060146331787 0
3300 True 0 0.12317943572998047 0
3400 True 0 0.1244044303894043 0
3500 True 0 0.14369416236877441 0
3600 True 0 0.11527371406555176 0
3700 True 0 0.12495827674865723 0
3800 True 0 0.11695075035095215 0
3900 True 0 0.12301254272460938 0
4000 True 0 0.1246182918548584 0
4100 True 0 0.1191246509552002 0
4200 True 0 0.11633014678955078 0
4300 True 0 0.12321686744689941 0
4400 True 0 0.12325310707092285 0
4500 False 0 0.0 0
4600 True 0 0.1425635814666748 0
4700 True 0 0.12685847282409668 0
4800 True 0 0.22285127639770508 0
4900 True 0 0.11717391014099121 0
5000 True 0 0.12316679954528809 0
5100 True 0 0.12369108200073242 0
5200 True 0 0.11494016647338867 0
5300 True 0 0.11942362785339355 0
5400 True 0 0.12299299240112305 0
5500 True 0 0.18990445137023926 0
5600 True 0 0.12350010871887207 0
5700 True 0 0.11656475067138672 0
5800 True 0 0.22442078590393066 0
5900 True 0 0.22572827339172363 0
6000 True 0 0.2244703769683838 0
6100 True 0 0.20380187034606934 0
6200 True 0 0.1842656135559082 0
6300 True 0 0.11595654487609863 0
6400 True 0 0.13881897926330566 0
6500 True 0 0.11678099632263184 0
6600 True 0 0.11562371253967285 0
6700 True 0 0.1167902946472168 0
6800 True 0 0.12771034240722656 0
6900 True 0 0.11687207221984863 0
7000 True 0 0.11405372619628906 0
7100 True 0 0.11617827415466309 0
7200 True 0 0.11353611946105957 0
7300 True 0 0.18999052047729492 0
7400 True 0 0.12316703796386719 0
7500 True 0 0.11566925048828125 0
7600 True 0 0.11455011367797852 0
7700 True 0 0.11934590339660645 0
7800 True 0 0.11580705642700195 0
7900 True 0 0.12076377868652344 0
8000 True 0 0.1230473518371582 0
8100 True 0 0.08236455917358398 0
8200 True 0 0.23063039779663086 0
8300 True 0 0.1164560317993164 0
8400 True 0 0.2231438159942627 0
8500 True 0 0.12774896621704102 0
8600 True 0 0.11802005767822266 0
8700 True 0 0.12652993202209473 0
8800 True 0 0.12332272529602051 0
8900 True 0 0.22915339469909668 0
9000 True 0 0.12293434143066406 0
9100 True 0 0.19385051727294922 0
9200 True 0 0.22482585906982422 0
9300 True 0 0.12505817413330078 0
9400 True 0 0.14115405082702637 0
9500 True 0 0.12158727645874023 0
9600 True 0 0.11693429946899414 0
9700 True 0 0.1246039867401123 0
9800 True 0 0.12354469299316406 0
9900 True 0 0.1391894817352295 0
