0 True 0.018469238281249994 17.996511936187744 0
100 True 0.042496337890625 18.199796676635742 0
200 True 0.014074707031250001 16.634611129760742 0
300 True 0.015305175781250003 17.169496774673462 0
400 True 0.018117675781249995 19.35575222969055 0
500 True 0.03894775390625 23.800649166107178 0
600 True 0.018919677734374998 22.560044050216675 0
700 True 0.008548583984375 20.48782181739807 0
800 True 0.010690917968750002 20.827270030975342 0
900 True 0.005626220703125 19.020625352859497 0
1000 True 0.0101416015625 21.356163263320923 0
1100 True 0.011646728515625 21.45211148262024 0
1200 True 0.008570556640625001 20.605456113815308 0
1300 True 0.021995849609374996 22.764236211776733 0
1400 True 0.009844970703125 19.66852331161499 0
1500 True 0.0015283203125 17.362637281417847 0
1600 True 0.007691650390625001 20.262072324752808 0
1700 True 0.017337646484375 22.076328992843628 0
1800 True 0.026170654296875 23.350496530532837 0
1900 True 0.0055822753906250005 18.860676288604736 0
2000 True 0.021962890625 22.759906768798828 0
2100 True 0.0163818359375 21.715984106063843 0
2200 True 0.0242919921875 23.278879642486572 0
2300 True 0.01994140625 20.677114486694336 0
2400 True 0.020029296875 22.676170110702515 0
2500 True 0.026082763671875 23.39924693107605 0
2600 True 0.022138671874999998 23.064311742782593 0
2700 True 0.009669189453125001 20.964847326278687 0
2800 True 0.0165576171875 22.082772254943848 0
2900 True 0.015393066406250003 21.987455368041992 0
3000 True 0.005428466796875 17.921098709106445 0
3100 True 0.01009765625 20.92410373687744 0
3200 True 0.018842773437499995 22.454020977020264 0
3300 True 0.021578369140625 22.884443044662476 0
3400 True 0.016964111328125 22.09718155860901 0
3500 True 0.027060546874999997 23.464218616485596 0
3600 True 0.015360107421875002 20.556886672973633 0
3700 True 0.026610107421874998 24.11839747428894 0
3800 True 0.010954589843750001 20.938514232635498 0
3900 True 0.010504150390624998 20.268489599227905 0
4000 True 0.006845703125 18.724907159805298 0
4100 True 0.012470703125 20.21064019203186 0
4200 True 0.023654785156250004 21.735536098480225 0
4300 True 0.00031015625 12.501649618148804 0
4400 True 0.009888916015624999 19.810723066329956 0
4500 False 0.0 0.0 0
4600 True 0.031312255859375 21.9593403339386 0
4700 True 0.00818603515625 17.247262477874756 0
4800 True 0.018161621093749997 21.10651183128357 0
4900 True 0.007175292968750001 18.845819234848022 0
5000 True 0.03185058593750001 21.92054581642151 0
5100 True 0.0119873046875 20.122100830078125 0
5200 True 0.020007324218750004 21.350467920303345 0
5300 True 0.012657470703125 20.28479528427124 0
5400 True 0.022182617187499996 21.32752299308777 0
5500 True 0.040540771484375 22.55912494659424 0
5600 True 0.0015107421875000001 16.2248957157135 0
5700 True 0.018117675781249995 20.977152824401855 0
5800 True 0.011888427734375002 17.8154239654541 0
5900 True 0.021281738281249997 21.52613067626953 0
6000 True 0.013305664062500002 20.51038098335266 0
6100 True 0.02554443359375 21.86380887031555 0
6200 True 0.009482421875 19.710070610046387 0
6300 True 0.02743408203125 22.12074613571167 0
6400 True 0.01209716796875 20.332404851913452 0
6500 True 0.025159912109374998 21.863654136657715 0
6600 True 0.018304443359374995 20.973019123077393 0
6700 True 0.02211669921875 21.485169649124146 0
6800 True 0.03710205078125 22.645076513290405 0
6900 True 0.0366845703125 22.524156093597412 0
7000 True 0.014635009765624998 20.790768146514893 0
7100 True 0.005230712890625001 17.440958499908447 0
7200 True 0.0077685546875 18.889124631881714 0
7300 True 0.009625244140625 19.101272344589233 0
7400 True 0.023248291015625002 21.690473794937134 0
7500 True 0.017843017578125 20.604472398757935 0
7600 True 0.013294677734375003 20.584404706954956 0
7700 True 0.011317138671875001 18.693253993988037 0
7800 True 0.017985839843749997 21.080601453781128 0
7900 True 0.007427978515625001 19.050981044769287 0
8000 True 0.014481201171875 20.77242136001587 0
8100 True 0.0060876464843750006 17.84582543373108 0
8200 True 0.021688232421875 20.006084442138672 0
8300 True 0.02633544921875 21.924318075180054 0
8400 True 0.022863769531249994 21.6525399684906 0
8500 True 0.02189697265625 21.935598850250244 0
8600 True 0.009416503906250002 19.82709050178528 0
8700 True 0.015491943359375003 19.186599493026733 0
8800 True 0.040277099609375006 22.617096185684204 0
8900 True 0.02029296875 21.50380039215088 0
9000 True 0.014920654296875002 20.876768827438354 0
9100 True 0.0237646484375 21.79458522796631 0
9200 True 0.019886474609375 21.242653131484985 0
9300 True 0.02681884765625 21.609682083129883 0
9400 True 0.006669921875 18.595694065093994 0
9500 True 0.009669189453125001 19.680341958999634 0
9600 True 0.03270751953125 21.94694685935974 0
9700 True 0.007427978515625001 18.972676277160645 0
9800 True 0.014459228515624999 20.807460069656372 0
9900 True 0.0261376953125 21.948646545410156 0
