0 True 0.049879150390625 24.28127360343933 0
100 True 0.07076416015624999 21.811349630355835 0
200 True 0.08153076171875 21.192643642425537 0
300 True 0.02976318359375 23.076714992523193 0
400 True 0.04173828125 23.703930616378784 0
500 True 0.12553100585937502 23.37843084335327 0
600 True 0.070379638671875 21.48671269416809 0
700 True 0.0498681640625 24.445395708084106 0
800 True 0.054010009765625 18.588829040527344 0
900 True 0.0063842773437500005 19.63351821899414 0
1000 True 0.045803222656249996 24.177767276763916 0
1100 True 0.0623046875 19.672622203826904 0
1200 True 0.029312744140625003 22.899101972579956 0
1300 True 0.062139892578124994 20.86701202392578 0
1400 True 0.065985107421875 21.280073881149292 0
1500 True 0.0070214843749999995 19.976623058319092 0
1600 True 0.03072998046875 22.98613691329956 0
1700 True 0.08328857421875001 22.065075635910034 0
1800 True 0.042606201171875 24.104794025421143 0
1900 True 0.052252197265625 20.077571630477905 0
2000 True 0.054724121093749994 20.320558309555054 0
2100 True 0.061041259765625 21.009138822555542 0
2200 True 0.055767822265624996 20.734976768493652 0
2300 True 0.079443359375 21.852219820022583 0
2400 True 0.049901123046874996 24.409790515899658 0
2500 True 0.04641845703124999 24.25758671760559 0
2600 True 0.06774291992187498 21.15355658531189 0
2700 True 0.039727783203125006 23.131988048553467 0
2800 True 0.054010009765625 20.287732362747192 0
2900 True 0.06719360351562498 21.52321434020996 0
3000 True 0.03768432617187499 23.773253440856934 0
3100 True 0.0034267578124999995 18.709280014038086 0
3200 True 0.060711669921875 21.04466152191162 0
3300 True 0.061810302734374996 18.82438611984253 0
3400 True 0.058953857421875006 20.901893138885498 0
3500 True 0.08438720703125001 22.12173342704773 0
3600 True 0.067413330078125 21.145410299301147 0
3700 True 0.09004516601562501 22.450008630752563 0
3800 True 0.044583740234374995 24.440956354141235 0
3900 True 0.052526855468749994 19.928552627563477 0
4000 True 0.014107666015625 22.29691243171692 0
4100 True 0.0034179687499999996 15.243881940841675 0
4200 True 0.06675415039062499 21.35371994972229 0
4300 True 0.01754638671875 22.155604600906372 0
4400 True 0.032960205078125 23.232388973236084 0
4500 True 0.017041015625 22.238439559936523 0
4600 True 0.11355590820312503 22.98414897918701 0
4700 True 0.0594482421875 19.37643074989319 0
4800 True 0.057635498046875 20.884566068649292 0
4900 True 0.03922241210937501 23.969279766082764 0
5000 True 0.06746826171874999 21.207765579223633 0
5100 True 0.05505371093749999 20.61484718322754 0
5200 True 0.053955078125 20.264707803726196 0
5300 True 0.06647949218749999 21.425612211227417 0
5400 True 0.09334106445312501 22.625244855880737 0
5500 True 0.09806518554687502 22.172440767288208 0
5600 True 0.005010986328125 18.46131730079651 0
5700 True 0.091033935546875 22.49700427055359 0
5800 True 0.049714355468750006 24.42200493812561 0
5900 True 0.094549560546875 22.68339729309082 0
6000 True 0.06142578125 21.06441640853882 0
6100 True 0.09938354492187501 21.696913719177246 0
6200 True 0.080596923828125 22.08709144592285 0
6300 True 0.100152587890625 23.01428723335266 0
6400 True 0.023402099609375 22.67593741416931 0
6500 True 0.07532348632812502 21.112346410751343 0
6600 True 0.052526855468749994 20.31448459625244 0
6700 True 0.060986328125 20.960901498794556 0
6800 True 0.09037475585937502 22.114259004592896 0
6900 True 0.078179931640625 21.832695484161377 0
7000 True 0.034970703125 23.714689254760742 0
7100 True 0.02831298828125 20.89116668701172 0
7200 True 0.025797119140625 23.514553785324097 0
7300 True 0.0524169921875 20.295841693878174 0
7400 True 0.065216064453125 21.275651693344116 0
7500 True 0.060601806640625 20.544938564300537 0
7600 True 0.050054931640625 19.72297978401184 0
7700 True 0.043089599609375 23.966470956802368 0
7800 True 0.03902465820312501 23.8943133354187 0
7900 True 0.018897705078124997 22.515597105026245 0
8000 True 0.09317626953125001 21.564509868621826 0
8100 True 0.046956787109374995 24.64617156982422 0
8200 True 0.094549560546875 22.057693481445312 0
8300 True 0.11877441406250003 23.058460235595703 0
8400 True 0.09367065429687499 21.377329349517822 0
8500 True 0.11223754882812503 22.043238401412964 0
8600 True 0.050164794921875006 19.910797357559204 0
8700 True 0.0612060546875 21.178040742874146 0
8800 True 0.12229003906250002 21.831658124923706 0
8900 True 0.07197265624999999 20.593810319900513 0
9000 True 0.04797851562500001 23.380958557128906 0
9100 True 0.115533447265625 17.997089385986328 0
9200 True 0.077520751953125 16.981625080108643 0
9300 True 0.07318115234375 21.805080890655518 0
9400 True 0.06582031249999999 16.371427536010742 0
9500 True 0.017183837890625 17.665865182876587 0
9600 True 0.06362304687499999 16.023791313171387 0
9700 True 0.017260742187499997 18.789722442626953 0
9800 True 0.03717895507812499 23.949233293533325 0
9900 True 0.06109619140625 20.427876472473145 0
