0 True 0.004701171875000001 49.51078963279724 0
100 True 0.0055822753906250005 48.54221487045288 0
200 True 0.006527099609375 50.49175500869751 0
300 True 0.00502197265625 46.81532406806946 0
400 True 0.0047978515625 49.25933837890625 0
500 True 0.010592041015625001 55.362945556640625 0
600 True 0.00559326171875 49.106396198272705 0
700 True 0.00415625 48.79359292984009 0
800 True 0.004261718750000001 48.681110858917236 0
900 True 0.0009042968750000002 40.56307530403137 0
1000 True 0.0034707031249999994 48.24346947669983 0
1100 True 0.005384521484375 48.12715768814087 0
1200 True 0.003435546875 48.24550414085388 0
1300 True 0.0052636718750000006 47.6221718788147 0
1400 True 0.005626220703125 48.762948513031006 0
1500 True 0.0010361328125 41.89031457901001 0
1600 True 0.0031015625 46.91305685043335 0
1700 True 0.006966552734374999 51.138566970825195 0
1800 True 0.00563720703125 48.9459912776947 0
1900 True 0.0033916015624999994 48.0271418094635 0
2000 True 0.004305664062500001 48.714818477630615 0
2100 True 0.006658935546875 51.23921012878418 0
2200 True 0.005703125 49.19480919837952 0
2300 True 0.0068017578125 51.36010718345642 0
2400 True 0.0037255859375 48.3567008972168 0
2500 True 0.004718750000000001 48.23735046386719 0
2600 True 0.007296142578125001 42.084540605545044 0
2700 True 0.0031982421875000003 37.869187355041504 0
2800 True 0.005318603515625001 38.79056358337402 0
2900 True 0.005889892578125 39.22545385360718 0
3000 True 0.0034091796874999997 38.481916189193726 0
3100 True 0.003962890625 42.074541330337524 0
3200 True 0.00693359375 41.01370429992676 0
3300 True 0.0057470703125 42.647775650024414 0
3400 True 0.005340576171875 38.057042360305786 0
3500 True 0.0066369628906250006 42.984699010849 0
3600 True 0.00603271484375 39.11966609954834 0
3700 True 0.00546142578125 41.830317735672 0
3800 True 0.0032685546875 37.11891150474548 0
3900 True 0.0039013671874999997 38.67676377296448 0
4000 True 0.0022929687499999994 36.2987494468689 0
4100 True 0.0038222656249999997 38.964683294296265 0
4200 True 0.006439208984375 42.897905111312866 0
4300 True 0.002275390624999999 37.862778663635254 0
4400 True 0.002802734375 36.401867628097534 0
4500 True 1.0625e-05 14.549679040908813 0
4600 True 0.010998535156250003 43.04717540740967 0
4700 True 0.004525390625 38.693058013916016 0
4800 True 0.004947265625 45.02219343185425 0
4900 True 0.0028642578125 37.07945489883423 0
5000 True 0.006065673828125 42.56838035583496 0
5100 True 0.0049208984375 39.19964337348938 0
5200 True 0.0034707031249999994 38.918216705322266 0
5300 True 0.0057470703125 39.548038482666016 0
5400 True 0.00664794921875 40.33030319213867 0
5500 True 0.008603515625000002 41.84520483016968 0
5600 True 0.0008603515625000001 31.489745140075684 0
5700 True 0.0064062500000000005 39.28994798660278 0
5800 True 0.005197753906250001 38.653685331344604 0
5900 True 0.007395019531250001 40.8865532875061 0
6000 True 0.0038486328125 38.825756311416626 0
6100 True 0.0082080078125 41.02363467216492 0
6200 True 0.004490234375000001 40.847902059555054 0
6300 True 0.0061315917968750005 40.693065881729126 0
6400 True 0.0030048828125 36.905945777893066 0
6500 True 0.006768798828125 40.83968186378479 0
6600 True 0.003962890625 38.44316911697388 0
6700 True 0.004314453125 39.17629432678223 0
6800 True 0.007373046875000001 41.73784303665161 0
6900 True 0.006395263671875 39.690306663513184 0
7000 True 0.0034003906249999993 37.90534067153931 0
7100 True 0.0035585937499999997 39.52011251449585 0
7200 True 0.0036113281249999995 38.98269701004028 0
7300 True 0.0031279296875000003 39.8329701423645 0
7400 True 0.004349609375000001 39.541680574417114 0
7500 True 0.006021728515625 39.989267110824585 0
7600 True 0.004701171875000001 39.34324336051941 0
7700 True 0.004296875 38.57813501358032 0
7800 True 0.005164794921875 37.16902995109558 0
7900 True 0.0026972656249999996 39.093435287475586 0
8000 True 0.006230468750000001 39.117820024490356 0
8100 True 0.00369921875 38.27104163169861 0
8200 True 0.007999267578125 41.23843216896057 0
8300 True 0.011877441406250001 43.102638483047485 0
8400 True 0.004982421875 38.735809087753296 0
8500 True 0.00844970703125 41.49854302406311 0
8600 True 0.0045693359375 40.14000582695007 0
8700 True 0.004859375000000001 38.86672616004944 0
8800 True 0.012272949218749999 43.37942719459534 0
8900 True 0.005791015625 42.51621627807617 0
9000 True 0.004261718750000001 38.251781702041626 0
9100 True 0.010822753906250003 43.787132024765015 0
9200 True 0.006208496093750001 39.82673144340515 0
9300 True 0.007515869140625001 42.071661710739136 0
9400 True 0.0033916015624999994 37.529725790023804 0
9500 True 0.0036025390624999996 37.65033531188965 0
9600 True 0.00660400390625 40.74027228355408 0
9700 True 0.00035937500000000005 27.74195909500122 0
9800 True 0.004349609375000001 41.05426263809204 0
9900 True 0.00546142578125 37.873411417007446 0
