0 True 0.0022314453124999997 37.75681805610657 0
100 True 0.0034707031249999994 38.20133996009827 0
200 True 0.00134375 34.328550815582275 0
300 True 0.0015283203125 34.92471504211426 0
400 True 0.0022490234374999995 35.64557099342346 0
500 True 0.0034267578124999995 37.74618577957153 0
600 True 0.0023720703124999994 36.83678936958313 0
700 True 0.001888671875 39.002790689468384 0
800 True 0.0013525390624999998 33.686020612716675 0
900 True 0.00037343750000000007 27.696575164794922 0
1000 True 0.0015634765625 34.64401197433472 0
1100 True 0.0022402343749999996 37.29933023452759 0
1200 True 0.0011767578125 34.41458559036255 0
1300 True 0.0027587890624999997 35.14286255836487 0
1400 True 0.002275390624999999 35.56537652015686 0
1500 True 0.00035937500000000005 27.45796036720276 0
1600 True 0.0015986328125 34.630842208862305 0
1700 True 0.0030048828125 36.071367263793945 0
1800 True 0.0022841796874999995 36.0575385093689 0
1900 True 0.00134375 33.91685390472412 0
2000 True 0.0020908203125 36.00703740119934 0
2100 True 0.0022490234374999995 35.59244894981384 0
2200 True 0.0021611328124999996 36.199732542037964 0
2300 True 0.0025566406249999995 36.8597674369812 0
2400 True 0.0018183593749999999 38.59490704536438 0
2500 True 0.0022314453124999997 38.03460359573364 0
2600 True 0.0023105468749999997 36.47993063926697 0
2700 True 0.0014931640625 34.32282829284668 0
2800 True 0.0021611328124999996 35.890305519104004 0
2900 True 0.001501953125 34.32498788833618 0
3000 True 0.0016689453124999996 33.98126840591431 0
3100 True 0.001396484375 33.86445760726929 0
3200 True 0.0024160156249999993 37.616514444351196 0
3300 True 0.0027675781249999996 35.150898933410645 0
3400 True 0.0025566406249999995 37.49053144454956 0
3500 True 0.0030224609375 36.76483678817749 0
3600 True 0.0022666015624999993 37.389270067214966 0
3700 True 0.0026445312499999997 36.54005193710327 0
3800 True 0.0016689453124999996 34.20096039772034 0
3900 True 0.0020380859375 35.46512246131897 0
4000 True 0.00144921875 34.98652935028076 0
4100 True 0.0021083984375000002 35.592162132263184 0
4200 True 0.0024423828124999995 38.539459228515625 0
4300 True 0.00032421875000000007 26.624315977096558 0
4400 True 0.0014580078124999999 36.80323386192322 0
4500 False 0.0 0.0 0
4600 True 0.0034091796874999997 37.76015520095825 0
4700 True 0.0019326171875 35.57781672477722 0
4800 True 0.0024160156249999993 39.36641526222229 0
4900 True 0.0016865234374999999 34.10314679145813 0
5000 True 0.0026972656249999996 36.945613384246826 0
5100 True 0.0013173828124999998 33.5931351184845 0
5200 True 0.0018447265624999998 34.97214078903198 0
5300 True 0.0021699218749999995 36.28625679016113 0
5400 True 0.0025830078124999996 36.60679364204407 0
5500 True 0.003787109375 38.22849178314209 0
5600 True 0.00014843750000000002 24.782866716384888 0
5700 True 0.0024951171874999997 37.27324604988098 0
5800 True 0.0017568359375 35.79639983177185 0
5900 True 0.0032509765625 36.57829403877258 0
6000 True 0.001642578125 36.45769810676575 0
6100 True 0.0034091796874999997 37.92942142486572 0
6200 True 0.0020380859375 35.711533069610596 0
6300 True 0.0022666015624999993 35.92677354812622 0
6400 True 0.0012998046875 33.66136145591736 0
6500 True 0.0029433593750000002 36.90648818016052 0
6600 True 0.0024863281249999994 36.43867611885071 0
6700 True 0.0022929687499999994 36.274885416030884 0
6800 True 0.00271484375 36.83120059967041 0
6900 True 0.0031630859375000003 36.56505489349365 0
7000 True 0.0021171875 35.892834424972534 0
7100 True 0.0014404296875 34.76087403297424 0
7200 True 0.0014580078124999999 35.914122343063354 0
7300 True 0.0014404296875 34.47482442855835 0
7400 True 0.0022314453124999997 36.574318647384644 0
7500 True 0.0024423828124999995 37.539135694503784 0
7600 True 0.0022138671875 35.6308274269104 0
7700 True 0.0019501953125 37.16351366043091 0
7800 True 0.0017568359375 36.894028663635254 0
7900 True 0.0009482421875 32.58997654914856 0
8000 True 0.0021259765625 35.59449315071106 0
8100 True 0.0014052734375 34.560866594314575 0
8200 True 0.0030576171875000002 36.51516270637512 0
8300 True 0.0034794921874999997 38.84168767929077 0
8400 True 0.0024335937499999996 36.649741888046265 0
8500 True 0.0037783203124999998 38.23253679275513 0
8600 True 0.00190625 35.929363489151 0
8700 True 0.0014580078124999999 34.16068482398987 0
8800 True 0.004138671875 39.62926983833313 0
8900 True 0.0018623046875 35.05193471908569 0
9000 True 0.002046875 36.7198269367218 0
9100 True 0.00376953125 37.744357109069824 0
9200 True 0.0022490234374999995 37.65786147117615 0
9300 True 0.0025654296875 36.91364765167236 0
9400 True 0.0011943359374999999 33.204246044158936 0
9500 True 0.00134375 35.07608151435852 0
9600 True 0.0021699218749999995 35.88194012641907 0
9700 True 0.0006054687500000001 29.19184374809265 0
9800 True 0.00222265625 35.65462017059326 0
9900 True 0.0025742187499999997 38.456812143325806 0
