0 True 0 0.30124521255493164 0
100 True 0 0.2436525821685791 0
200 True 0 0.23890399932861328 0
300 True 0 0.2570645809173584 0
400 True 0 0.23976707458496094 0
500 True 0 0.2437903881072998 0
600 True 0 0.2573373317718506 0
700 True 0 0.24272465705871582 0
800 True 0 0.24401116371154785 0
900 True 0 0.24190568923950195 0
1000 True 0 0.24285101890563965 0
1100 True 0 0.2413194179534912 0
1200 True 0 0.24617743492126465 0
1300 True 0 0.25951576232910156 0
1400 True 0 0.23752045631408691 0
1500 True 0 0.24528074264526367 0
1600 True 0 0.29564642906188965 0
1700 True 0 0.24281930923461914 0
1800 True 0 0.29761648178100586 0
1900 True 0 0.2929103374481201 0
2000 True 0 0.26606273651123047 0
2100 True 0 0.29268383979797363 0
2200 True 0 0.2933535575866699 0
2300 True 0 0.24303412437438965 0
2400 True 0 0.2943601608276367 0
2500 True 0 0.24040746688842773 0
2600 True 0 0.23970270156860352 0
2700 True 0 0.26246166229248047 0
2800 True 0 0.25699830055236816 0
2900 True 0 0.2419414520263672 0
3000 True 0 0.2414412498474121 0
3100 True 0 0.26047730445861816 0
3200 True 0 0.2426607608795166 0
3300 True 0 0.24199843406677246 0
3400 True 0 0.28147244453430176 0
3500 True 0 0.24390578269958496 0
3600 True 0 0.23920369148254395 0
3700 True 0 0.259490966796875 0
3800 True 0 0.24019575119018555 0
3900 True 0 0.24358820915222168 0
4000 True 0 0.24162745475769043 0
4100 True 0 0.24269485473632812 0
4200 True 0 0.2441725730895996 0
4300 True 0 0.24879980087280273 0
4400 True 0 0.2546834945678711 0
4500 False 0 0.0 0
4600 True 0 0.24509334564208984 0
4700 True 0 0.24163055419921875 0
4800 True 0 0.2432575225830078 0
4900 True 0 0.2430098056793213 0
5000 True 0 0.25183892250061035 0
5100 True 0 0.24093294143676758 0
5200 True 0 0.2639780044555664 0
5300 True 0 0.260939359664917 0
5400 True 0 0.24107813835144043 0
5500 True 0 0.2512340545654297 0
5600 True 0 0.24386096000671387 0
5700 True 0 0.23940420150756836 0
5800 True 0 0.2421262264251709 0
5900 True 0 0.24561095237731934 0
6000 True 0 0.23958158493041992 0
6100 True 0 0.2515125274658203 0
6200 True 0 0.24483680725097656 0
6300 True 0 0.24254703521728516 0
6400 True 0 0.24767589569091797 0
6500 True 0 0.24528169631958008 0
6600 True 0 0.23963284492492676 0
6700 True 0 0.24425673484802246 0
6800 True 0 0.24555683135986328 0
6900 True 0 0.29344677925109863 0
7000 True 0 0.2431807518005371 0
7100 True 0 0.24570941925048828 0
7200 True 0 0.26840782165527344 0
7300 True 0 0.2682490348815918 0
7400 True 0 0.24341368675231934 0
7500 True 0 0.24402117729187012 0
7600 True 0 0.2428877353668213 0
7700 True 0 0.2474198341369629 0
7800 True 0 0.2486250400543213 0
7900 True 0 0.2415909767150879 0
8000 True 0 0.2396848201751709 0
8100 True 0 0.24371957778930664 0
8200 True 0 0.29290223121643066 0
8300 True 0 0.24520087242126465 0
8400 True 0 0.24231767654418945 0
8500 True 0 0.25767946243286133 0
8600 True 0 0.2429816722869873 0
8700 True 0 0.24189472198486328 0
8800 True 0 0.23923826217651367 0
8900 True 0 0.2406313419342041 0
9000 True 0 0.2431948184967041 0
9100 True 0 0.2393200397491455 0
9200 True 0 0.2396230697631836 0
9300 True 0 0.24466943740844727 0
9400 True 0 0.24364256858825684 0
9500 True 0 0.24414777755737305 0
9600 True 0 0.24297785758972168 0
9700 True 0 0.24561786651611328 0
9800 True 0 0.26001644134521484 0
9900 True 0 0.2424163818359375 0
