0 True 0.0033388671875 49.85248899459839 0
100 True 0.004358398437500001 51.60520696640015 0
200 True 0.004780273437500001 52.092490911483765 0
300 True 0.0028378906249999997 48.386372804641724 0
400 True 0.0033740234374999996 50.49799370765686 0
500 True 0.008944091796875001 56.56849908828735 0
600 True 0.004490234375000001 51.553563594818115 0
700 True 0.0033388671875 50.076772689819336 0
800 True 0.003505859375 48.203816652297974 0
900 True 0.00016953125000000003 30.642966747283936 0
1000 True 0.0030048828125 46.37028694152832 0
1100 True 0.004068359375 47.950547218322754 0
1200 True 0.0017304687499999998 43.302061796188354 0
1300 True 0.0042001953125 48.46341681480408 0
1400 True 0.004868164062500001 49.55591630935669 0
1500 True 0.0008955078125000001 40.228877782821655 0
1600 True 0.0017832031249999998 44.74774169921875 0
1700 True 0.005219726562500001 47.36668515205383 0
1800 True 0.0035410156249999995 47.79399251937866 0
1900 True 0.00285546875 45.78014588356018 0
2000 True 0.00415625 48.61394166946411 0
2100 True 0.005142822265625001 46.91250920295715 0
2200 True 0.0038837890625 47.69421982765198 0
2300 True 0.003646484375 48.402140378952026 0
2400 True 0.0034619140624999995 48.029725074768066 0
2500 True 0.003576171875 47.75949048995972 0
2600 True 0.005065917968750001 47.304996967315674 0
2700 True 0.0025039062499999996 46.711488246917725 0
2800 True 0.004780273437500001 49.20790767669678 0
2900 True 0.004762695312500001 48.97214865684509 0
3000 True 0.002802734375 45.514434814453125 0
3100 True 0.0011152343750000001 41.418463706970215 0
3200 True 0.005087890625000001 46.79192113876343 0
3300 True 0.0040947265625 48.52512574195862 0
3400 True 0.0038222656249999997 48.148242473602295 0
3500 True 0.00603271484375 49.599992990493774 0
3600 True 0.00447265625 49.781331300735474 0
3700 True 0.00664794921875 51.370617151260376 0
3800 True 0.002873046875 46.8500919342041 0
3900 True 0.003435546875 48.41544723510742 0
4000 True 0.0011328125000000001 41.71242094039917 0
4100 True 0.0007021484375 37.97987675666809 0
4200 True 0.0049384765625 49.02623915672302 0
4300 True 0.001642578125 42.286319971084595 0
4400 True 0.0022314453124999997 45.50685358047485 0
4500 True 0.00022578125000000002 32.888023853302 0
4600 True 0.007801513671875 52.1688277721405 0
4700 True 0.0033564453125 47.617552042007446 0
4800 True 0.004015625 48.30486750602722 0
4900 True 0.0031982421875000003 46.763434648513794 0
5000 True 0.0044638671875 45.67426300048828 0
5100 True 0.0032070312500000002 38.63683223724365 0
5200 True 0.00391015625 40.57960534095764 0
5300 True 0.0038486328125 38.21586799621582 0
5400 True 0.00682373046875 40.27284479141235 0
5500 True 0.008021240234375001 49.94011449813843 0
5600 True 1.0625e-05 16.370802402496338 0
5700 True 0.0056921386718749994 48.4485285282135 0
5800 True 0.0032246093750000005 46.68077254295349 0
5900 True 0.007471923828125001 51.52806234359741 0
6000 True 0.0037255859375 47.85632562637329 0
6100 True 0.00673583984375 50.251004457473755 0
6200 True 0.004639648437500001 48.73027324676514 0
6300 True 0.00552734375 47.90975642204285 0
6400 True 0.0007900390625 38.264341831207275 0
6500 True 0.0060546875 49.259629249572754 0
6600 True 0.004683593750000001 48.789987087249756 0
6700 True 0.0044638671875 45.00640821456909 0
6800 True 0.005867919921874999 38.9563524723053 0
6900 True 0.004876953125000001 40.5065598487854 0
7000 True 0.0033125 39.926841259002686 0
7100 True 0.002275390624999999 37.9181387424469 0
7200 True 0.00187109375 44.6431303024292 0
7300 True 0.0031542968750000004 46.79645276069641 0
7400 True 0.0040068359375 48.81428503990173 0
7500 True 0.0049736328125 49.97335362434387 0
7600 True 0.0042353515625 48.709869623184204 0
7700 True 0.0032246093750000005 46.38731813430786 0
7800 True 0.0020556640625 45.97773313522339 0
7900 True 0.0017919921875 44.10645651817322 0
8000 True 0.007395019531250001 51.738574743270874 0
8100 True 0.0032861328124999998 46.79726052284241 0
8200 True 0.006175537109375 49.16489100456238 0
8300 True 0.007109375 52.03375029563904 0
8400 True 0.006669921875 50.51166653633118 0
8500 True 0.0078125 51.28276348114014 0
8600 True 0.0041650390625000006 48.33244252204895 0
8700 True 0.0036376953124999997 47.895402669906616 0
8800 True 0.008746337890625 52.97428107261658 0
8900 True 0.004868164062500001 48.9711754322052 0
9000 True 0.0033388671875 47.221784830093384 0
9100 True 0.006329345703125001 49.93960666656494 0
9200 True 0.005054931640625001 46.96253943443298 0
9300 True 0.005076904296875 46.721210956573486 0
9400 True 0.0047099609375 49.35071635246277 0
9500 True 0.00014843750000000002 31.29367995262146 0
9600 True 0.0043935546875000005 48.852128744125366 0
9700 True 0.000693359375 38.0900616645813 0
9800 True 0.002890625 46.046616077423096 0
9900 True 0.0042353515625 48.53781056404114 0
