0 True 0 2.1748046875 0
100 True 0 1.264497995376587 0
200 True 0 1.2317078113555908 0
300 True 0 1.0107932090759277 0
400 True 0 0.9174795150756836 0
500 True 0 2.226125478744507 0
600 True 0 1.2910287380218506 0
700 True 0 0.9648435115814209 0
800 True 0 0.921846866607666 0
900 True 0 0.31383204460144043 0
1000 True 0 0.9416313171386719 0
1100 True 0 1.2455670833587646 0
1200 True 0 0.6428012847900391 0
1300 True 0 1.2908663749694824 0
1400 True 0 1.2373182773590088 0
1500 True 0 0.33593177795410156 0
1600 True 0 0.6394312381744385 0
1700 True 0 1.255103588104248 0
1800 True 0 1.0621089935302734 0
1900 True 0 1.0170626640319824 0
2000 True 0 1.23539400100708 0
2100 True 0 1.2678818702697754 0
2200 True 0 0.999316930770874 0
2300 True 0 0.972240686416626 0
2400 True 0 0.9783167839050293 0
2500 True 0 0.9559872150421143 0
2600 True 0 1.229579210281372 0
2700 True 0 0.6264708042144775 0
2800 True 0 1.2594459056854248 0
2900 True 0 1.252943992614746 0
3000 True 0 0.9488000869750977 0
3100 True 0 0.32729482650756836 0
3200 True 0 1.2685127258300781 0
3300 True 0 1.2562806606292725 0
3400 True 0 0.9507153034210205 0
3500 True 0 1.5693995952606201 0
3600 True 0 1.2515146732330322 0
3700 True 0 1.602125644683838 0
3800 True 0 0.9441065788269043 0
3900 True 0 0.9273109436035156 0
4000 True 0 0.3124241828918457 0
4100 True 0 0.3186352252960205 0
4200 True 0 1.265084981918335 0
4300 True 0 0.6329832077026367 0
4400 True 0 0.6172256469726562 0
4500 True 0 0.32828497886657715 0
4600 True 0 1.9075753688812256 0
4700 True 0 0.9550943374633789 0
4800 True 0 1.2890310287475586 0
4900 True 0 1.019331693649292 0
5000 True 0 1.293870210647583 0
5100 True 0 0.9700582027435303 0
5200 True 0 0.9758169651031494 0
5300 True 0 1.0184602737426758 0
5400 True 0 1.9079277515411377 0
5500 True 0 2.254875421524048 0
5600 True 0 0.32354140281677246 0
5700 True 0 1.6063613891601562 0
5800 True 0 0.9785103797912598 0
5900 True 0 1.9480228424072266 0
6000 True 0 0.9628968238830566 0
6100 True 0 1.8981637954711914 0
6200 True 0 1.2713592052459717 0
6300 True 0 1.5975370407104492 0
6400 True 0 0.32431721687316895 0
6500 True 0 1.5948491096496582 0
6600 True 0 1.2675321102142334 0
6700 True 0 1.2855479717254639 0
6800 True 0 1.5774943828582764 0
6900 True 0 1.2660155296325684 0
7000 True 0 0.9732677936553955 0
7100 True 0 0.6374101638793945 0
7200 True 0 0.6711583137512207 0
7300 True 0 0.985776424407959 0
7400 True 0 1.272385835647583 0
7500 True 0 1.2983405590057373 0
7600 True 0 1.3046255111694336 0
7700 True 0 0.9542758464813232 0
7800 True 0 0.6345350742340088 0
7900 True 0 0.6367449760437012 0
8000 True 0 1.9033544063568115 0
8100 True 0 0.938636064529419 0
8200 True 0 1.526794672012329 0
8300 True 0 1.927018642425537 0
8400 True 0 1.9236245155334473 0
8500 True 0 1.9126546382904053 0
8600 True 0 1.2575809955596924 0
8700 True 0 0.9938793182373047 0
8800 True 0 2.2513344287872314 0
8900 True 0 1.2789771556854248 0
9000 True 0 0.9167051315307617 0
9100 True 0 1.5708935260772705 0
9200 True 0 1.2645466327667236 0
9300 True 0 1.2674715518951416 0
9400 True 0 1.2338566780090332 0
9500 True 0 0.314023494720459 0
9600 True 0 1.282597541809082 0
9700 True 0 0.32945728302001953 0
9800 True 0 0.9602851867675781 0
9900 True 0 1.343973159790039 0
