0 True 0 27.41589379310608 0
100 True 1 21.722392797470093 0
200 True 1 21.70888113975525 0
300 True 0 17.316067934036255 0
400 True 0 17.42781710624695 0
500 True 1 22.346763372421265 0
600 True 1 22.254703998565674 0
700 True 0 19.472725868225098 0
800 True 0 19.322465658187866 0
900 True 0 4.185138940811157 0
1000 True 0 21.07964539527893 0
1100 True 1 21.217958211898804 0
1200 True 0 15.859195470809937 0
1300 True 1 21.608524084091187 0
1400 True 1 22.227774381637573 0
1500 True 0 4.528419494628906 0
1600 True 0 8.9263756275177 0
1700 True 1 21.794074773788452 0
1800 True 0 20.73750901222229 0
1900 True 0 11.912088871002197 0
2000 True 1 22.389196395874023 0
2100 True 1 21.799200534820557 0
2200 True 0 21.838366270065308 0
2300 True 1 21.906111478805542 0
2400 True 0 21.453267335891724 0
2500 True 1 21.457377195358276 0
2600 True 1 21.827309608459473 0
2700 True 0 17.193005561828613 0
2800 True 0 21.727550268173218 0
2900 True 1 21.63148593902588 0
3000 True 0 19.03293251991272 0
3100 True 0 14.492210626602173 0
3200 True 1 22.04547381401062 0
3300 True 0 21.51746106147766 0
3400 True 1 22.365599155426025 0
3500 True 1 21.608431577682495 0
3600 True 1 21.759499073028564 0
3700 True 1 21.843740224838257 0
3800 True 0 18.816154718399048 0
3900 True 0 20.288450717926025 0
4000 True 0 5.8367016315460205 0
4100 True 0 21.561468362808228 0
4200 True 1 21.680017709732056 0
4300 True 0 16.124715089797974 0
4400 True 0 10.242092370986938 0
4500 True 0 2.956317186355591 0
4600 True 1 21.856184244155884 0
4700 True 0 21.559802293777466 0
4800 True 1 21.991485595703125 0
4900 True 0 15.895910263061523 0
5000 True 0 20.50222635269165 0
5100 True 1 22.76363229751587 0
5200 True 1 25.15482473373413 0
5300 True 1 25.085461378097534 0
5400 True 1 24.447391748428345 0
5500 True 1 24.102454662322998 0
5600 True 0 8.134564638137817 0
5700 True 1 23.774476766586304 0
5800 True 0 20.83411431312561 0
5900 True 1 24.30492925643921 0
6000 True 1 24.6269211769104 0
6100 True 1 24.456379652023315 0
6200 True 1 23.695603132247925 0
6300 True 1 24.280259370803833 0
6400 True 0 11.24928879737854 0
6500 True 1 24.275740146636963 0
6600 True 1 24.633901357650757 0
6700 True 0 22.56948733329773 0
6800 True 1 24.58155107498169 0
6900 True 1 24.189879894256592 0
7000 True 0 19.43858242034912 0
7100 True 0 17.650588989257812 0
7200 True 0 12.885135412216187 0
7300 True 0 22.172049283981323 0
7400 True 0 15.83971881866455 0
7500 True 1 24.70620107650757 0
7600 True 1 24.19255232810974 0
7700 True 0 24.134687662124634 0
7800 True 0 22.772178649902344 0
7900 True 0 9.827227115631104 0
8000 True 1 24.114794492721558 0
8100 True 0 19.398109674453735 0
8200 True 1 24.169158697128296 0
8300 True 1 24.66075611114502 0
8400 True 1 24.751399755477905 0
8500 True 1 24.546761512756348 0
8600 True 1 24.449286937713623 0
8700 True 1 24.506351947784424 0
8800 True 1 23.839143753051758 0
8900 True 1 24.165474891662598 0
9000 True 1 23.9031982421875 0
9100 True 1 24.28015971183777 0
9200 True 1 24.2473201751709 0
9300 True 1 24.082254886627197 0
9400 True 0 22.624791383743286 0
9500 True 0 9.894932508468628 0
9600 True 1 24.39823865890503 0
9700 True 0 12.911686897277832 0
9800 True 0 17.519397020339966 0
9900 True 0 24.41632628440857 0
