0 True 0.0 120.59300994873047 1
100 True 0.0005087890625 109.7030918598175 0
200 True 0.0010712890625 120.76166677474976 1
300 True 0.00018359375000000003 96.66482138633728 0
400 True 0.00074609375 118.22237753868103 0
500 True 0.0 120.72875642776489 1
600 True 0.0 120.62814474105835 1
700 True 0.0 120.52740693092346 1
800 True 0.00032421875000000007 111.2534692287445 0
900 True 0.00033125000000000006 104.54979920387268 0
1000 True 0.0008164062500000001 120.34658694267273 1
1100 True 0.0005087890625 107.89655494689941 0
1200 True 0.0006669921874999999 114.99512386322021 0
1300 True 0.0 120.6155092716217 1
1400 True 0.0005791015625000001 102.52524542808533 0
1500 False 0.0 0.0 0
1600 True 0.0005 104.83154630661011 0
1700 True 0.0 120.8288471698761 1
1800 True 0.00048593750000000004 120.27660036087036 1
1900 True 0.0005087890625 102.77238321304321 0
2000 True 0.00048593750000000004 117.54369378089905 0
2100 True 0.0 120.52068638801575 1
2200 True 0.000275 94.23482871055603 0
2300 True 0.0 120.97263956069946 1
2400 True 0.0 120.85046648979187 1
2500 True 0.00021875000000000003 96.3083724975586 0
2600 True 0.0 120.5485851764679 1
2700 True 0.0 120.64117407798767 1
2800 True 0.0005527343750000001 105.17851185798645 0
2900 True 0.0 120.69986009597778 1
3000 True 0.0 120.65780591964722 1
3100 True 0.0005791015625000001 115.87989735603333 0
3200 True 0.0 121.02714252471924 1
3300 True 0.0007109375 120.00317692756653 1
3400 True 0.0 121.00573062896729 1
3500 True 0.0 120.54790329933167 1
3600 True 0.0 120.95990705490112 1
3700 True 0.0 121.01349258422852 1
3800 True 0.00037343750000000007 110.66078233718872 0
3900 True 0.0 120.7984230518341 1
4000 True 0.0004578125 106.15244030952454 0
4100 True 0.0008955078125000001 117.28430080413818 0
4200 True 0.0 120.86879873275757 1
4300 True 0.00044375 116.62498450279236 0
4400 True 0.00033125000000000006 104.86568784713745 0
4500 False 0.0 0.0 0
4600 True 0.0 120.8331687450409 1
4700 True 0.0 120.59247326850891 1
4800 True 0.0 120.86357808113098 1
4900 True 0.0 120.91842865943909 1
5000 True 0.0 120.81460356712341 1
5100 True 0.0 120.8685884475708 1
5200 True 0.0 120.71396732330322 1
5300 True 0.0 120.78567218780518 1
5400 True 0.0 120.74542021751404 1
5500 True 0.0 120.70723080635071 1
5600 True 0.0005703125000000001 113.0569236278534 0
5700 True 0.000640625 111.06574249267578 0
5800 True 0.00053515625 112.80793881416321 0
5900 True 0.0 120.73093771934509 1
6000 True 0.0 120.96614599227905 1
6100 True 0.0 120.62947416305542 1
6200 True 0.0 120.7386064529419 1
6300 True 0.0 120.58113837242126 1
6400 True 0.00042265625000000007 107.18824481964111 0
6500 True 0.00042968750000000006 109.25950384140015 0
6600 True 0.0 120.92730450630188 1
6700 True 0.0003664062500000001 109.05292630195618 0
6800 True 0.0006494140625 111.49333310127258 0
6900 True 0.0 121.0468065738678 1
7000 True 0.00048593750000000004 111.51033210754395 0
7100 True 0.0006230468750000001 111.44557428359985 0
7200 True 0.0004578125 106.92481303215027 0
7300 True 0.0 120.90816831588745 1
7400 True 0.00078125 114.49804496765137 0
7500 True 0.000728515625 115.53511357307434 0
7600 True 0.0 120.88995337486267 1
7700 True 0.0 120.51552772521973 1
7800 True 0.0 120.52225184440613 1
7900 True 0.0 120.99622964859009 1
8000 True 0.0 120.79076743125916 1
8100 True 0.0008164062500000001 119.54290175437927 0
8200 True 0.0 120.93788719177246 1
8300 True 0.0 120.63322353363037 1
8400 True 0.0 120.62679100036621 1
8500 True 0.0 120.75446438789368 1
8600 True 0.0 120.6702253818512 1
8700 True 0.0 120.97388100624084 1
8800 True 0.0 120.80240058898926 1
8900 True 0.0 120.72048282623291 1
9000 True 0.0 120.84928631782532 1
9100 True 0.0 121.00966048240662 1
9200 True 0.0 121.060955286026 1
9300 True 0.0 120.5 1
9400 True 0.0 120.5 1
9500 True 0.0 120.5 1
9600 True 0.0 120.5 1
9700 True 0.0 120.5 1
9800 True 0.0 120.5 1
9900 True 0.0 120.5 1
