0 True 0 5.017153263092041 0
100 True 0 1.1251356601715088 0
200 True 0 1.180802583694458 0
300 True 0 1.0610225200653076 0
400 True 0 0.9705569744110107 0
500 True 0 0.9622409343719482 0
600 True 0 1.0337495803833008 0
700 True 0 1.0390784740447998 0
800 True 0 1.0443379878997803 0
900 True 0 1.1051182746887207 0
1000 True 0 1.109571933746338 0
1100 True 0 0.97540283203125 0
1200 True 0 1.1295535564422607 0
1300 True 0 1.0464105606079102 0
1400 True 0 0.9902253150939941 0
1500 False 0 0.0 0
1600 True 0 1.0108070373535156 0
1700 True 0 1.0049920082092285 0
1800 True 0 1.0173470973968506 0
1900 True 0 1.083528757095337 0
2000 True 0 1.3085031509399414 0
2100 True 0 0.9896509647369385 0
2200 True 0 1.042074203491211 0
2300 True 0 1.0288975238800049 0
2400 True 0 1.1757805347442627 0
2500 True 0 1.0980713367462158 0
2600 True 0 0.9462466239929199 0
2700 True 0 1.0801079273223877 0
2800 True 0 1.036715030670166 0
2900 True 0 1.0716824531555176 0
3000 True 0 1.0086760520935059 0
3100 True 0 1.284266710281372 0
3200 True 0 1.209606409072876 0
3300 True 0 1.2752668857574463 0
3400 True 0 1.1369478702545166 0
3500 True 0 1.160456895828247 0
3600 True 0 0.9768037796020508 0
3700 True 0 0.9483747482299805 0
3800 True 0 1.100860834121704 0
3900 True 0 1.018113374710083 0
4000 True 0 1.0975441932678223 0
4100 True 0 0.9522528648376465 0
4200 True 0 1.1409976482391357 0
4300 True 0 1.0766420364379883 0
4400 True 0 1.119936466217041 0
4500 False 0 0.0 0
4600 True 0 0.9642744064331055 0
4700 True 0 1.0334627628326416 0
4800 True 0 0.9741201400756836 0
4900 True 0 1.0554141998291016 0
5000 True 0 0.9994220733642578 0
5100 True 0 1.1291131973266602 0
5200 True 0 1.2301957607269287 0
5300 True 0 0.9730358123779297 0
5400 True 0 1.0239839553833008 0
5500 True 0 0.9490020275115967 0
5600 True 0 1.0208160877227783 0
5700 True 0 0.9718801975250244 0
5800 True 0 1.0468621253967285 0
5900 True 0 0.9961786270141602 0
6000 True 0 1.0522873401641846 0
6100 True 0 0.9212079048156738 0
6200 True 0 1.0127391815185547 0
6300 True 0 1.0745446681976318 0
6400 True 0 1.0445868968963623 0
6500 True 0 0.9821853637695312 0
6600 True 0 1.1650676727294922 0
6700 True 0 1.2924020290374756 0
6800 True 0 1.193906545639038 0
6900 True 0 1.171645164489746 0
7000 True 0 1.0811727046966553 0
7100 True 0 1.012979507446289 0
7200 True 0 1.1197988986968994 0
7300 True 0 1.0620050430297852 0
7400 True 0 1.0142390727996826 0
7500 True 0 1.0052669048309326 0
7600 True 0 1.0186281204223633 0
7700 True 0 1.1045141220092773 0
7800 True 0 0.9435741901397705 0
7900 True 0 1.0107917785644531 0
8000 True 0 0.9873857498168945 0
8100 True 0 1.0177137851715088 0
8200 True 0 1.0196404457092285 0
8300 True 0 1.0618629455566406 0
8400 True 0 0.9487769603729248 0
8500 True 0 0.9226467609405518 0
8600 True 0 1.0211212635040283 0
8700 True 0 1.0284972190856934 0
8800 True 0 1.069453477859497 0
8900 True 0 1.011538028717041 0
9000 True 0 0.9698126316070557 0
9100 True 0 0.9811713695526123 0
9200 True 0 1.0406644344329834 0
9300 True 0 0.9597718715667725 0
9400 True 0 1.011784315109253 0
9500 True 0 1.1506259441375732 0
9600 True 0 1.1929585933685303 0
9700 True 0 1.3088245391845703 0
9800 True 0 0.9807953834533691 0
9900 True 0 1.0174012184143066 0
