0 True 0 5.9957051277160645 0
100 True 0 0.9239852428436279 0
200 False 0 0.0 0
300 False 0 0.0 0
400 False 0 0.0 0
500 False 0 0.0 0
600 False 0 0.0 0
700 True 0 0.4276463985443115 0
800 True 0 3.97202467918396 0
900 True 0 0.9639229774475098 0
1000 False 0 0.0 0
1100 True 0 2.4082632064819336 0
1200 True 0 2.646104097366333 0
1300 False 0 0.0 0
1400 False 0 0.0 0
1500 False 0 0.0 0
1600 False 0 0.0 0
1700 True 0 0.45116138458251953 0
1800 False 0 0.0 0
1900 False 0 0.0 0
2000 False 0 0.0 0
2100 False 0 0.0 0
2200 False 0 0.0 0
2300 False 0 0.0 0
2400 False 0 0.0 0
2500 False 0 0.0 0
2600 True 0 0.8886816501617432 0
2700 True 0 1.9147005081176758 0
2800 False 0 0.0 0
2900 False 0 0.0 0
3000 True 0 2.0361850261688232 0
3100 False 0 0.0 0
3200 False 0 0.0 0
3300 False 0 0.0 0
3400 True 0 4.268315315246582 0
3500 False 0 0.0 0
3600 False 0 0.0 0
3700 False 0 0.0 0
3800 False 0 0.0 0
3900 True 0 3.529036045074463 0
4000 False 0 0.0 0
4100 False 0 0.0 0
4200 True 0 3.486701011657715 0
4300 False 0 0.0 0
4400 False 0 0.0 0
4500 False 0 0.0 0
4600 False 0 0.0 0
4700 False 0 0.0 0
4800 True 0 0.8564817905426025 0
4900 False 0 0.0 0
5000 False 0 0.0 0
5100 False 0 0.0 0
5200 False 0 0.0 0
5300 False 0 0.0 0
5400 False 0 0.0 0
5500 False 0 0.0 0
5600 True 0 2.150494337081909 0
5700 False 0 0.0 0
5800 False 0 0.0 0
5900 False 0 0.0 0
6000 False 0 0.0 0
6100 False 0 0.0 0
6200 False 0 0.0 0
6300 False 0 0.0 0
6400 True 0 6.682301044464111 0
6500 False 0 0.0 0
6600 False 0 0.0 0
6700 False 0 0.0 0
6800 False 0 0.0 0
6900 True 0 4.5790300369262695 0
7000 True 0 4.430110216140747 0
7100 False 0 0.0 0
7200 False 0 0.0 0
7300 True 0 1.1228652000427246 0
7400 False 0 0.0 0
7500 False 0 0.0 0
7600 True 0 0.8752055168151855 0
7700 False 0 0.0 0
7800 False 0 0.0 0
7900 False 0 0.0 0
8000 False 0 0.0 0
8100 True 0 2.4885764122009277 0
8200 True 0 1.3334498405456543 0
8300 False 0 0.0 0
8400 False 0 0.0 0
8500 False 0 0.0 0
8600 True 0 0.5699164867401123 0
8700 False 0 0.0 0
8800 False 0 0.0 0
8900 False 0 0.0 0
9000 True 0 0.4584622383117676 0
9100 False 0 0.0 0
9200 True 0 0.9690108299255371 0
9300 False 0 0.0 0
9400 False 0 0.0 0
9500 False 0 0.0 0
9600 False 0 0.0 0
9700 False 0 0.0 0
9800 True 0 1.2389156818389893 0
9900 True 0 0.44942641258239746 0
