0 True 0.0 121.00843524932861 1
100 True 0.0 120.72797966003418 1
200 False 0.0 0.0 0
300 False 0.0 0.0 0
400 False 0.0 0.0 0
500 False 0.0 0.0 0
600 False 0.0 0.0 0
700 True 0.0 120.97739338874817 1
800 True 0.0 120.70609617233276 1
900 True 0.025456542968750002 119.1935338973999 0
1000 False 0.0 0.0 0
1100 True 0.069830322265625 117.04059910774231 0
1200 True 0.0 121.00774669647217 1
1300 False 0.0 0.0 0
1400 False 0.0 0.0 0
1500 False 0.0 0.0 0
1600 False 0.0 0.0 0
1700 True 0.016964111328125 119.05864906311035 0
1800 False 0.0 0.0 0
1900 False 0.0 0.0 0
2000 False 0.0 0.0 0
2100 False 0.0 0.0 0
2200 False 0.0 0.0 0
2300 False 0.0 0.0 0
2400 False 0.0 0.0 0
2500 False 0.0 0.0 0
2600 True 0.0 120.53083753585815 1
2700 True 0.0 120.8089427947998 1
2800 False 0.0 0.0 0
2900 False 0.0 0.0 0
3000 True 0.0 120.69927740097046 1
3100 False 0.0 0.0 0
3200 False 0.0 0.0 0
3300 False 0.0 0.0 0
3400 True 0.0 120.82823872566223 1
3500 False 0.0 0.0 0
3600 False 0.0 0.0 0
3700 False 0.0 0.0 0
3800 False 0.0 0.0 0
3900 True 0.07241210937499999 105.7388801574707 0
4000 False 0.0 0.0 0
4100 False 0.0 0.0 0
4200 True 0.0 120.79119873046875 1
4300 False 0.0 0.0 0
4400 False 0.0 0.0 0
4500 False 0.0 0.0 0
4600 False 0.0 0.0 0
4700 False 0.0 0.0 0
4800 True 0.0 120.71954822540283 1
4900 False 0.0 0.0 0
5000 False 0.0 0.0 0
5100 False 0.0 0.0 0
5200 False 0.0 0.0 0
5300 False 0.0 0.0 0
5400 False 0.0 0.0 0
5500 False 0.0 0.0 0
5600 True 0.0 121.00833415985107 1
5700 False 0.0 0.0 0
5800 False 0.0 0.0 0
5900 False 0.0 0.0 0
6000 False 0.0 0.0 0
6100 False 0.0 0.0 0
6200 False 0.0 0.0 0
6300 False 0.0 0.0 0
6400 True 0.0 120.5324318408966 1
6500 False 0.0 0.0 0
6600 False 0.0 0.0 0
6700 False 0.0 0.0 0
6800 False 0.0 0.0 0
6900 True 0.0 120.60660815238953 1
7000 True 0.0 120.84280490875244 1
7100 False 0.0 0.0 0
7200 False 0.0 0.0 0
7300 True 0.0 120.51908826828003 1
7400 False 0.0 0.0 0
7500 False 0.0 0.0 0
7600 True 0.0 120.59126901626587 1
7700 False 0.0 0.0 0
7800 False 0.0 0.0 0
7900 False 0.0 0.0 0
8000 False 0.0 0.0 0
8100 True 0.0 120.55620431900024 1
8200 True 0.0 121.01025533676147 1
8300 False 0.0 0.0 0
8400 False 0.0 0.0 0
8500 False 0.0 0.0 0
8600 True 0.0 120.97066950798035 1
8700 False 0.0 0.0 0
8800 False 0.0 0.0 0
8900 False 0.0 0.0 0
9000 True 0.0 120.5 1
9100 False 0.0 0.0 0
9200 True 0.0 120.5 1
9300 False 0.0 0.0 0
9400 False 0.0 0.0 0
9500 False 0.0 0.0 0
9600 False 0.0 0.0 0
9700 False 0.0 0.0 0
9800 True 0.0 120.5 1
9900 True 0.0 120.5 1
