0 True 0 12.586575269699097 0
100 True 0 4.168337345123291 0
200 True 0 3.8377127647399902 0
300 True 0 2.01564884185791 0
400 True 0 3.4977216720581055 0
500 True 0 7.000842809677124 0
600 True 0 5.391092300415039 0
700 True 0 3.118136167526245 0
800 True 0 5.796247720718384 0
900 False 0 0.0 0
1000 True 0 2.910886764526367 0
1100 True 0 5.423364162445068 0
1200 True 0 2.7254371643066406 0
1300 True 0 5.604904890060425 0
1400 True 0 4.680158376693726 0
1500 False 0 0.0 0
1600 True 0 1.7297148704528809 0
1700 True 0 4.315807819366455 0
1800 True 0 0.9252583980560303 0
1900 True 0 2.713810443878174 0
2000 True 0 3.278485059738159 0
2100 True 0 5.7746171951293945 0
2200 True 0 2.6555440425872803 0
2300 True 0 1.3270683288574219 0
2400 True 0 1.7846574783325195 0
2500 True 0 3.334420919418335 0
2600 True 0 5.600881576538086 0
2700 True 0 3.673023223876953 0
2800 True 0 1.5181999206542969 0
2900 True 0 4.9580161571502686 0
3000 True 0 4.082443475723267 0
3100 True 0 3.028174877166748 0
3200 True 1 9.825031995773315 0
3300 True 0 3.176678419113159 0
3400 True 0 6.160442113876343 0
3500 True 1 7.519686937332153 0
3600 True 0 6.047086477279663 0
3700 True 0 6.019986152648926 0
3800 True 0 2.83151912689209 0
3900 True 0 4.556457757949829 0
4000 True 0 0.9945785999298096 0
4100 True 0 4.485406160354614 0
4200 True 0 3.2481322288513184 0
4300 True 0 1.351407527923584 0
4400 True 0 2.1099367141723633 0
4500 False 0 0.0 0
4600 True 0 6.096184968948364 0
4700 True 0 8.90515661239624 0
4800 True 0 7.042778968811035 0
4900 True 0 3.0029730796813965 0
5000 True 0 4.536705255508423 0
5100 True 0 5.510140895843506 0
5200 True 0 6.0014567375183105 0
5300 True 0 5.663538455963135 0
5400 True 0 3.9305524826049805 0
5500 True 0 4.484499454498291 0
5600 True 0 4.840268850326538 0
5700 True 0 4.284316301345825 0
5800 True 0 6.162998199462891 0
5900 True 0 5.3151795864105225 0
6000 True 0 4.196365833282471 0
6100 True 0 3.755553722381592 0
6200 True 0 5.514134168624878 0
6300 True 0 4.095363140106201 0
6400 True 0 3.8742294311523438 0
6500 True 0 6.36225438117981 0
6600 True 0 3.0504496097564697 0
6700 True 0 4.779741525650024 0
6800 True 0 2.713472604751587 0
6900 True 0 4.110480308532715 0
7000 True 0 3.175567150115967 0
7100 True 0 4.0351152420043945 0
7200 True 0 1.4225993156433105 0
7300 True 0 7.228721618652344 0
7400 True 0 3.5712850093841553 0
7500 True 0 6.082664966583252 0
7600 True 0 6.235253572463989 0
7700 True 0 3.436030149459839 0
7800 False 0 0.0 0
7900 True 0 2.7117695808410645 0
8000 True 0 3.9919934272766113 0
8100 True 0 3.0675816535949707 0
8200 True 0 4.714012861251831 0
8300 True 0 6.058028936386108 0
8400 True 0 4.8050336837768555 0
8500 True 0 3.388826847076416 0
8600 True 0 5.008392095565796 0
8700 True 0 7.514556884765625 0
8800 True 0 6.427179574966431 0
8900 True 0 4.430738925933838 0
9000 True 0 4.34914231300354 0
9100 True 0 6.49740743637085 0
9200 True 0 3.9244887828826904 0
9300 True 0 2.9258830547332764 0
9400 True 0 1.3236656188964844 0
9500 True 0 5.739309549331665 0
9600 True 0 4.170461893081665 0
9700 True 0 1.4578113555908203 0
9800 True 0 3.2849624156951904 0
9900 True 0 5.627923011779785 0
