0 False 0 0.0 0
100 True 0 1.0994822978973389 0
200 False 0 0.0 0
300 True 1 1.062387228012085 0
400 True 1 1.0970089435577393 0
500 False 0 0.0 0
600 False 0 0.0 0
700 True 0 0.8729190826416016 0
800 False 0 0.0 0
900 False 0 0.0 0
1000 True 0 0.977271318435669 0
1100 False 0 0.0 0
1200 False 0 0.0 0
1300 False 0 0.0 0
1400 True 0 0.9891128540039062 0
1500 False 0 0.0 0
1600 False 0 0.0 0
1700 False 0 0.0 0
1800 False 0 0.0 0
1900 True 0 0.8563196659088135 0
2000 False 0 0.0 0
2100 False 0 0.0 0
2200 True 1 1.0495264530181885 0
2300 False 0 0.0 0
2400 True 1 0.9444305896759033 0
2500 False 0 0.0 0
2600 True 0 1.0466578006744385 0
2700 False 0 0.0 0
2800 False 0 0.0 0
2900 False 0 0.0 0
3000 True 1 0.9977607727050781 0
3100 True 1 1.0371925830841064 0
3200 False 0 0.0 0
3300 False 0 0.0 0
3400 True 0 1.058722972869873 0
3500 True 0 1.055778980255127 0
3600 False 0 0.0 0
3700 False 0 0.0 0
3800 False 0 0.0 0
3900 False 0 0.0 0
4000 False 0 0.0 0
4100 True 1 1.2963922023773193 0
4200 True 0 0.9897623062133789 0
4300 False 0 0.0 0
4400 False 0 0.0 0
4500 False 0 0.0 0
4600 False 0 0.0 0
4700 False 0 0.0 0
4800 True 1 0.9833295345306396 0
4900 False 0 0.0 0
5000 True 0 0.981217622756958 0
5100 False 0 0.0 0
5200 True 0 1.123572587966919 0
5300 False 0 0.0 0
5400 True 0 1.0772054195404053 0
5500 False 0 0.0 0
5600 False 0 0.0 0
5700 False 0 0.0 0
5800 False 0 0.0 0
5900 False 0 0.0 0
6000 False 0 0.0 0
6100 True 0 1.0139474868774414 0
6200 False 0 0.0 0
6300 False 0 0.0 0
6400 False 0 0.0 0
6500 False 0 0.0 0
6600 False 0 0.0 0
6700 True 0 1.0565226078033447 0
6800 True 0 1.054370403289795 0
6900 False 0 0.0 0
7000 False 0 0.0 0
7100 True 1 1.024764060974121 0
7200 False 0 0.0 0
7300 False 0 0.0 0
7400 False 0 0.0 0
7500 False 0 0.0 0
7600 False 0 0.0 0
7700 True 1 1.1428759098052979 0
7800 True 1 0.9138758182525635 0
7900 False 0 0.0 0
8000 True 1 0.9535021781921387 0
8100 False 0 0.0 0
8200 False 0 0.0 0
8300 False 0 0.0 0
8400 False 0 0.0 0
8500 True 0 1.185581922531128 0
8600 False 0 0.0 0
8700 False 0 0.0 0
8800 True 1 0.7992115020751953 0
8900 False 0 0.0 0
9000 False 0 0.0 0
9100 False 0 0.0 0
9200 True 0 1.0742442607879639 0
9300 True 0 0.9294586181640625 0
9400 False 0 0.0 0
9500 False 0 0.0 0
9600 True 1 0.9571561813354492 0
9700 True 1 0.8334362506866455 0
9800 False 0 0.0 0
9900 False 0 0.0 0
