0 False 0 0.0 0
100 False 0 0.0 0
200 False 0 0.0 0
300 True 1 2.340932607650757 0
400 True 1 0.8264386653900146 0
500 False 0 0.0 0
600 False 0 0.0 0
700 False 0 0.0 0
800 True 1 0.6918249130249023 0
900 False 0 0.0 0
1000 True 1 0.6484291553497314 0
1100 False 0 0.0 0
1200 False 0 0.0 0
1300 True 1 0.7595789432525635 0
1400 True 1 0.607201099395752 0
1500 False 0 0.0 0
1600 False 0 0.0 0
1700 False 0 0.0 0
1800 False 0 0.0 0
1900 True 1 0.6466386318206787 0
2000 False 0 0.0 0
2100 False 0 0.0 0
2200 True 1 0.7303698062896729 0
2300 False 0 0.0 0
2400 True 1 0.9033365249633789 0
2500 False 0 0.0 0
2600 True 1 0.7864415645599365 0
2700 False 0 0.0 0
2800 False 0 0.0 0
2900 False 0 0.0 0
3000 True 1 0.7461738586425781 0
3100 True 1 0.7585852146148682 0
3200 False 0 0.0 0
3300 True 0 0.6685256958007812 0
3400 True 1 0.5621163845062256 0
3500 True 0 0.776029109954834 0
3600 False 0 0.0 0
3700 False 0 0.0 0
3800 True 1 0.6225967407226562 0
3900 False 0 0.0 0
4000 False 0 0.0 0
4100 True 1 0.5947446823120117 0
4200 False 0 0.0 0
4300 True 1 0.8122189044952393 0
4400 False 0 0.0 0
4500 False 0 0.0 0
4600 True 0 0.6768364906311035 0
4700 True 0 0.838552713394165 0
4800 True 1 0.8732953071594238 0
4900 False 0 0.0 0
5000 True 1 0.7794094085693359 0
5100 False 0 0.0 0
5200 False 0 0.0 0
5300 False 0 0.0 0
5400 False 0 0.0 0
5500 True 1 0.712510347366333 0
5600 True 0 0.6579980850219727 0
5700 True 0 0.8729672431945801 0
5800 False 0 0.0 0
5900 False 0 0.0 0
6000 True 1 0.8632643222808838 0
6100 True 1 0.6698513031005859 0
6200 False 0 0.0 0
6300 False 0 0.0 0
6400 False 0 0.0 0
6500 False 0 0.0 0
6600 True 1 0.9321634769439697 0
6700 True 0 0.7883539199829102 0
6800 True 1 0.762009859085083 0
6900 False 0 0.0 0
7000 False 0 0.0 0
7100 True 1 0.6739392280578613 0
7200 False 0 0.0 0
7300 False 0 0.0 0
7400 False 0 0.0 0
7500 False 0 0.0 0
7600 False 0 0.0 0
7700 True 1 0.7394182682037354 0
7800 True 1 0.7327854633331299 0
7900 False 0 0.0 0
8000 True 1 0.7195136547088623 0
8100 False 0 0.0 0
8200 False 0 0.0 0
8300 False 0 0.0 0
8400 False 0 0.0 0
8500 True 1 0.6413896083831787 0
8600 False 0 0.0 0
8700 False 0 0.0 0
8800 True 1 0.6480886936187744 0
8900 False 0 0.0 0
9000 False 0 0.0 0
9100 False 0 0.0 0
9200 True 1 0.7431647777557373 0
9300 False 0 0.0 0
9400 True 1 0.7369248867034912 0
9500 False 0 0.0 0
9600 True 1 0.7615702152252197 0
9700 True 1 0.6543292999267578 0
9800 False 0 0.0 0
9900 False 0 0.0 0
