0 False 0.0 0.0 0
100 False 0.0 0.0 0
200 False 0.0 0.0 0
300 True 0.033203125 9.764145135879517 0
400 True 0.07421875 8.05574345588684 0
500 False 0.0 0.0 0
600 False 0.0 0.0 0
700 False 0.0 0.0 0
800 True 0.01953125 8.448081254959106 0
900 False 0.0 0.0 0
1000 True 0.0498046875 8.552257537841797 0
1100 False 0.0 0.0 0
1200 False 0.0 0.0 0
1300 True 0.01953125 7.933175086975098 0
1400 True 0.0185546875 8.024802684783936 0
1500 False 0.0 0.0 0
1600 False 0.0 0.0 0
1700 False 0.0 0.0 0
1800 False 0.0 0.0 0
1900 True 0.0439453125 8.84084177017212 0
2000 False 0.0 0.0 0
2100 False 0.0 0.0 0
2200 True 0.0712890625 9.161996364593506 0
2300 False 0.0 0.0 0
2400 True 0.0400390625 8.49940013885498 0
2500 False 0.0 0.0 0
2600 True 0.033203125 8.593291997909546 0
2700 False 0.0 0.0 0
2800 False 0.0 0.0 0
2900 False 0.0 0.0 0
3000 True 0.0634765625 8.501521110534668 0
3100 True 0.046875 9.93561601638794 0
3200 False 0.0 0.0 0
3300 True 0.005859375 7.8203160762786865 0
3400 True 0.0439453125 8.25804352760315 0
3500 True 0.0048828125 8.487668752670288 0
3600 False 0.0 0.0 0
3700 False 0.0 0.0 0
3800 True 0.0107421875 7.7968430519104 0
3900 False 0.0 0.0 0
4000 False 0.0 0.0 0
4100 True 0.0810546875 8.991936922073364 0
4200 False 0.0 0.0 0
4300 True 0.05078125 9.45480728149414 0
4400 False 0.0 0.0 0
4500 False 0.0 0.0 0
4600 True 0.005859375 7.885486841201782 0
4700 True 0.001953125 8.484819412231445 0
4800 True 0.080078125 8.960700035095215 0
4900 False 0.0 0.0 0
5000 True 0.04296875 9.732585191726685 0
5100 False 0.0 0.0 0
5200 False 0.0 0.0 0
5300 False 0.0 0.0 0
5400 False 0.0 0.0 0
5500 True 0.0078125 7.870659112930298 0
5600 True 0.0068359375 7.820674419403076 0
5700 True 0.0 8.326855182647705 0
5800 False 0.0 0.0 0
5900 False 0.0 0.0 0
6000 True 0.0087890625 8.952062129974365 0
6100 True 0.0146484375 8.455836534500122 0
6200 False 0.0 0.0 0
6300 False 0.0 0.0 0
6400 False 0.0 0.0 0
6500 False 0.0 0.0 0
6600 True 0.041015625 8.621240377426147 0
6700 True 0.0048828125 7.417499780654907 0
6800 True 0.052734375 9.658714532852173 0
6900 False 0.0 0.0 0
7000 False 0.0 0.0 0
7100 True 0.037109375 8.945181608200073 0
7200 False 0.0 0.0 0
7300 False 0.0 0.0 0
7400 False 0.0 0.0 0
7500 False 0.0 0.0 0
7600 False 0.0 0.0 0
7700 True 0.037109375 8.855061769485474 0
7800 True 0.0419921875 9.581797361373901 0
7900 False 0.0 0.0 0
8000 True 0.0419921875 9.358917236328125 0
8100 False 0.0 0.0 0
8200 False 0.0 0.0 0
8300 False 0.0 0.0 0
8400 False 0.0 0.0 0
8500 True 0.01171875 7.454458475112915 0
8600 False 0.0 0.0 0
8700 False 0.0 0.0 0
8800 True 0.0732421875 8.818599462509155 0
8900 False 0.0 0.0 0
9000 False 0.0 0.0 0
9100 False 0.0 0.0 0
9200 True 0.05859375 9.56702709197998 0
9300 False 0.0 0.0 0
9400 True 0.009765625 7.6996848583221436 0
9500 False 0.0 0.0 0
9600 True 0.0517578125 9.56476879119873 0
9700 True 0.0302734375 8.962508201599121 0
9800 False 0.0 0.0 0
9900 False 0.0 0.0 0
