0 False 0 0.0 0
100 False 0 0.0 0
200 False 0 0.0 0
300 True 0 57.66884231567383 0
400 True 0 50.36667823791504 0
500 False 0 0.0 0
600 False 0 0.0 0
700 True 0 51.00366568565369 0
800 False 0 0.0 0
900 False 0 0.0 0
1000 True 0 52.84125518798828 0
1100 False 0 0.0 0
1200 False 0 0.0 0
1300 False 0 0.0 0
1400 True 0 54.81973147392273 0
1500 False 0 0.0 0
1600 False 0 0.0 0
1700 False 0 0.0 0
1800 False 0 0.0 0
1900 True 0 47.57421255111694 0
2000 False 0 0.0 0
2100 False 0 0.0 0
2200 True 1 50.08822798728943 0
2300 False 0 0.0 0
2400 True 1 40.03224730491638 0
2500 False 0 0.0 0
2600 True 0 50.00981020927429 0
2700 False 0 0.0 0
2800 False 0 0.0 0
2900 False 0 0.0 0
3000 True 1 51.384857416152954 0
3100 True 0 54.717859983444214 0
3200 False 0 0.0 0
3300 False 0 0.0 0
3400 True 0 58.787331342697144 0
3500 True 0 53.96308517456055 0
3600 False 0 0.0 0
3700 False 0 0.0 0
3800 True 0 49.712366819381714 0
3900 False 0 0.0 0
4000 False 0 0.0 0
4100 True 0 49.67555475234985 0
4200 True 0 53.82403635978699 0
4300 True 0 52.218794107437134 0
4400 False 0 0.0 0
4500 False 0 0.0 0
4600 False 0 0.0 0
4700 True 0 54.024879455566406 0
4800 True 0 51.618040323257446 0
4900 True 0 46.5725839138031 0
5000 True 0 50.867658376693726 0
5100 False 0 0.0 0
5200 True 0 52.135557413101196 0
5300 False 0 0.0 0
5400 True 0 53.598939418792725 0
5500 False 0 0.0 0
5600 False 0 0.0 0
5700 False 0 0.0 0
5800 False 0 0.0 0
5900 False 0 0.0 0
6000 False 0 0.0 0
6100 True 0 54.523369789123535 0
6200 False 0 0.0 0
6300 False 0 0.0 0
6400 False 0 0.0 0
6500 False 0 0.0 0
6600 True 0 50.597819566726685 0
6700 True 0 56.438804149627686 0
6800 True 0 60.675541400909424 1
6900 False 0 0.0 0
7000 False 0 0.0 0
7100 True 0 50.333465337753296 0
7200 False 0 0.0 0
7300 False 0 0.0 0
7400 False 0 0.0 0
7500 False 0 0.0 0
7600 False 0 0.0 0
7700 True 0 59.88331055641174 0
7800 True 0 46.3311448097229 0
7900 False 0 0.0 0
8000 True 0 49.66964077949524 0
8100 False 0 0.0 0
8200 False 0 0.0 0
8300 False 0 0.0 0
8400 False 0 0.0 0
8500 False 0 0.0 0
8600 False 0 0.0 0
8700 False 0 0.0 0
8800 True 1 43.49699664115906 0
8900 False 0 0.0 0
9000 True 0 47.499152183532715 0
9100 False 0 0.0 0
9200 True 1 48.24105167388916 0
9300 True 0 51.662739753723145 0
9400 False 0 0.0 0
9500 False 0 0.0 0
9600 True 0 49.743396520614624 0
9700 True 1 43.94565224647522 0
9800 False 0 0.0 0
9900 False 0 0.0 0
