0 True 0.0 120.68367552757263 1
100 False 0.0 0.0 0
200 False 0.0 0.0 0
300 True 0.0 120.61575627326965 1
400 True 0.0 120.63888025283813 1
500 False 0.0 0.0 0
600 True 0.0 120.73958826065063 1
700 True 0.0 120.50133275985718 1
800 True 0.0 120.56731867790222 1
900 False 0.0 0.0 0
1000 True 0.0 120.59790205955505 1
1100 False 0.0 0.0 0
1200 False 0.0 0.0 0
1300 True 0.0 120.90522074699402 1
1400 True 0.0 120.95021510124207 1
1500 False 0.0 0.0 0
1600 False 0.0 0.0 0
1700 False 0.0 0.0 0
1800 False 0.0 0.0 0
1900 True 0.0 120.60265874862671 1
2000 False 0.0 0.0 0
2100 False 0.0 0.0 0
2200 False 0.0 0.0 0
2300 True 0.0 120.63688039779663 1
2400 True 0.0 120.5 1
2500 False 0.0 0.0 0
2600 True 0.0 120.5 1
2700 True 0.0 120.5 1
2800 False 0.0 0.0 0
2900 False 0.0 0.0 0
3000 True 0.0 120.5 1
3100 True 0.0 120.5 1
3200 False 0.0 0.0 0
3300 False 0.0 0.0 0
3400 False 0.0 0.0 0
3500 True 0.0 120.5 1
3600 False 0.0 0.0 0
3700 False 0.0 0.0 0
3800 True 0.0 120.5 1
3900 False 0.0 0.0 0
4000 False 0.0 0.0 0
4100 True 0.0 120.5 1
4200 False 0.0 0.0 0
4300 True 0.0 120.5 1
4400 False 0.0 0.0 0
4500 False 0.0 0.0 0
4600 False 0.0 0.0 0
4700 False 0.0 0.0 0
4800 True 0.0 120.5 1
4900 False 0.0 0.0 0
5000 True 0.0 120.5 1
5100 True 0.0 120.5 1
5200 True 0.0 120.5 1
5300 False 0.0 0.0 0
5400 True 0.0 120.5 1
5500 False 0.0 0.0 0
5600 False 0.0 0.0 0
5700 False 0.0 0.0 0
5800 False 0.0 0.0 0
5900 False 0.0 0.0 0
6000 True 0.0 120.5 1
6100 True 0.0 120.5 1
6200 False 0.0 0.0 0
6300 False 0.0 0.0 0
6400 False 0.0 0.0 0
6500 False 0.0 0.0 0
6600 True 0.0 120.5 1
6700 False 0.0 0.0 0
6800 True 0.0 120.5 1
6900 False 0.0 0.0 0
7000 False 0.0 0.0 0
7100 True 0.0 120.5 1
7200 False 0.0 0.0 0
7300 True 0.0 120.5 1
7400 True 0.0 120.5 1
7500 True 0.0 120.5 1
7600 False 0.0 0.0 0
7700 True 0.0 120.5 1
7800 True 0.0 120.5 1
7900 False 0.0 0.0 0
8000 True 0.0 120.5 1
8100 False 0.0 0.0 0
8200 False 0.0 0.0 0
8300 False 0.0 0.0 0
8400 False 0.0 0.0 0
8500 False 0.0 0.0 0
8600 True 0.0 120.5 1
8700 True 0.0 120.5 1
8800 True 0.0 120.5 1
8900 False 0.0 0.0 0
9000 True 0.0 120.5 1
9100 False 0.0 0.0 0
9200 True 0.0 120.5 1
9300 False 0.0 0.0 0
9400 False 0.0 0.0 0
9500 False 0.0 0.0 0
9600 True 0.0 120.5 1
9700 True 0.0 120.5 1
9800 False 0.0 0.0 0
9900 False 0.0 0.0 0
