0 False 0.0 0.0 0
100 False 0.0 0.0 0
200 False 0.0 0.0 0
300 True 0.0 120.6536283493042 1
400 True 0.125 120.90709519386292 1
500 False 0.0 0.0 0
600 False 0.0 0.0 0
700 True 0.0 120.67997527122498 1
800 True 0.0 120.74847364425659 1
900 False 0.0 0.0 0
1000 True 0.0 120.97763347625732 1
1100 False 0.0 0.0 0
1200 False 0.0 0.0 0
1300 False 0.0 0.0 0
1400 True 0.0 120.96655774116516 1
1500 False 0.0 0.0 0
1600 False 0.0 0.0 0
1700 False 0.0 0.0 0
1800 False 0.0 0.0 0
1900 False 0.0 0.0 0
2000 False 0.0 0.0 0
2100 False 0.0 0.0 0
2200 True 0.0625 120.95599699020386 1
2300 False 0.0 0.0 0
2400 True 0.125 121.00095200538635 1
2500 False 0.0 0.0 0
2600 True 0.0625 120.61318182945251 1
2700 True 0.0 120.50729393959045 1
2800 False 0.0 0.0 0
2900 False 0.0 0.0 0
3000 True 0.0625 120.96750545501709 1
3100 True 0.0 120.52329158782959 1
3200 False 0.0 0.0 0
3300 False 0.0 0.0 0
3400 True 0.0625 120.5583803653717 1
3500 False 0.0 0.0 0
3600 False 0.0 0.0 0
3700 False 0.0 0.0 0
3800 False 0.0 0.0 0
3900 False 0.0 0.0 0
4000 False 0.0 0.0 0
4100 True 0.0 120.81337761878967 1
4200 False 0.0 0.0 0
4300 False 0.0 0.0 0
4400 False 0.0 0.0 0
4500 False 0.0 0.0 0
4600 False 0.0 0.0 0
4700 False 0.0 0.0 0
4800 True 0.125 120.8112576007843 1
4900 False 0.0 0.0 0
5000 False 0.0 0.0 0
5100 False 0.0 0.0 0
5200 False 0.0 0.0 0
5300 False 0.0 0.0 0
5400 False 0.0 0.0 0
5500 False 0.0 0.0 0
5600 False 0.0 0.0 0
5700 False 0.0 0.0 0
5800 False 0.0 0.0 0
5900 False 0.0 0.0 0
6000 False 0.0 0.0 0
6100 True 0.0 120.57418155670166 1
6200 False 0.0 0.0 0
6300 False 0.0 0.0 0
6400 False 0.0 0.0 0
6500 False 0.0 0.0 0
6600 True 0.0 120.6710855960846 1
6700 True 0.0 121.00411057472229 1
6800 True 0.0 120.82365989685059 1
6900 False 0.0 0.0 0
7000 False 0.0 0.0 0
7100 True 0.125 120.90893006324768 1
7200 False 0.0 0.0 0
7300 True 0.0 120.96012234687805 1
7400 False 0.0 0.0 0
7500 False 0.0 0.0 0
7600 False 0.0 0.0 0
7700 True 0.0 120.5077633857727 1
7800 True 0.0 121.0507185459137 1
7900 False 0.0 0.0 0
8000 True 0.0 120.6788899898529 1
8100 True 0.0 120.84254789352417 1
8200 False 0.0 0.0 0
8300 False 0.0 0.0 0
8400 False 0.0 0.0 0
8500 False 0.0 0.0 0
8600 False 0.0 0.0 0
8700 False 0.0 0.0 0
8800 True 0.125 120.79718017578125 1
8900 False 0.0 0.0 0
9000 False 0.0 0.0 0
9100 False 0.0 0.0 0
9200 True 0.125 120.91386008262634 1
9300 False 0.0 0.0 0
9400 True 0.0 120.87820434570312 1
9500 False 0.0 0.0 0
9600 True 0.125 120.85347962379456 1
9700 True 0.125 120.84524750709534 1
9800 False 0.0 0.0 0
9900 False 0.0 0.0 0
