0 True 0 30.431442260742188 0
100 False 0 0.0 0
200 False 0 0.0 0
300 True 1 30.0478355884552 0
400 True 1 28.91529607772827 0
500 False 0 0.0 0
600 True 1 22.412147998809814 0
700 True 0 27.48750925064087 0
800 True 1 30.573394298553467 0
900 False 0 0.0 0
1000 True 1 18.27196478843689 0
1100 False 0 0.0 0
1200 False 0 0.0 0
1300 True 1 17.976747751235962 0
1400 True 1 24.057673692703247 0
1500 False 0 0.0 0
1600 False 0 0.0 0
1700 False 0 0.0 0
1800 False 0 0.0 0
1900 True 1 25.335587978363037 0
2000 False 0 0.0 0
2100 False 0 0.0 0
2200 False 0 0.0 0
2300 True 1 20.554572820663452 0
2400 True 1 35.575467348098755 0
2500 False 0 0.0 0
2600 True 1 20.965800285339355 0
2700 True 1 30.44597887992859 0
2800 False 0 0.0 0
2900 False 0 0.0 0
3000 True 1 19.3412504196167 0
3100 True 1 27.0600483417511 0
3200 False 0 0.0 0
3300 False 0 0.0 0
3400 False 0 0.0 0
3500 True 0 25.999025583267212 0
3600 False 0 0.0 0
3700 False 0 0.0 0
3800 True 1 31.529515266418457 0
3900 False 0 0.0 0
4000 False 0 0.0 0
4100 True 1 22.94891333580017 0
4200 False 0 0.0 0
4300 True 1 24.70379376411438 0
4400 False 0 0.0 0
4500 False 0 0.0 0
4600 False 0 0.0 0
4700 False 0 0.0 0
4800 True 1 22.62776279449463 0
4900 False 0 0.0 0
5000 True 1 33.749632358551025 0
5100 True 1 24.94847583770752 0
5200 True 1 25.851693868637085 0
5300 False 0 0.0 0
5400 True 1 24.71563148498535 0
5500 False 0 0.0 0
5600 False 0 0.0 0
5700 False 0 0.0 0
5800 False 0 0.0 0
5900 False 0 0.0 0
6000 True 1 29.397986888885498 0
6100 True 1 21.667991399765015 0
6200 False 0 0.0 0
6300 False 0 0.0 0
6400 False 0 0.0 0
6500 False 0 0.0 0
6600 True 1 21.642736196517944 0
6700 False 0 0.0 0
6800 True 1 18.628010988235474 0
6900 False 0 0.0 0
7000 False 0 0.0 0
7100 True 1 22.788768768310547 0
7200 False 0 0.0 0
7300 True 0 33.579683780670166 0
7400 True 0 34.21923875808716 0
7500 True 1 29.15635347366333 0
7600 False 0 0.0 0
7700 True 1 23.79346752166748 0
7800 True 1 28.92941188812256 0
7900 False 0 0.0 0
8000 True 1 27.05641508102417 0
8100 False 0 0.0 0
8200 False 0 0.0 0
8300 False 0 0.0 0
8400 False 0 0.0 0
8500 False 0 0.0 0
8600 True 0 26.96492886543274 0
8700 True 1 31.12661910057068 0
8800 True 1 31.698785066604614 0
8900 False 0 0.0 0
9000 True 1 18.665685653686523 0
9100 False 0 0.0 0
9200 True 1 21.838054180145264 0
9300 False 0 0.0 0
9400 False 0 0.0 0
9500 False 0 0.0 0
9600 True 1 26.145498991012573 0
9700 True 1 27.547390937805176 0
9800 False 0 0.0 0
9900 False 0 0.0 0
