0 True 0.1796875 5.492508888244629 0
100 True 0.109375 6.132644414901733 0
200 True 0.140625 4.748389482498169 0
300 False 0.0 0.0 0
400 True 0.09375 2.1061956882476807 0
500 True 0.234375 7.394755601882935 0
600 True 0.171875 8.203075647354126 0
700 True 0.1328125 5.689915180206299 0
800 True 0.015625 2.2269957065582275 0
900 True 0.0546875 3.41597843170166 0
1000 True 0.125 3.5212924480438232 0
1100 True 0.1875 6.215035438537598 0
1200 False 0.0 0.0 0
1300 True 0.125 4.510915040969849 0
1400 True 0.1796875 6.359997749328613 0
1500 False 0.0 0.0 0
1600 True 0.09375 3.1398794651031494 0
1700 True 0.1484375 8.548962116241455 0
1800 False 0.0 0.0 0
1900 True 0.1015625 3.307661294937134 0
2000 True 0.1328125 6.090570449829102 0
2100 True 0.1640625 4.890899658203125 0
2200 True 0.046875 4.029587268829346 0
2300 True 0.015625 3.14186954498291 0
2400 True 0.0703125 3.9752955436706543 0
2500 True 0.0078125 1.7755072116851807 0
2600 True 0.2265625 10.145917415618896 0
2700 True 0.1171875 5.126668691635132 0
2800 True 0.1015625 4.285161733627319 0
2900 True 0.078125 4.547367572784424 0
3000 True 0.09375 3.5048694610595703 0
3100 True 0.078125 4.5046727657318115 0
3200 True 0.1875 4.401839017868042 0
3300 True 0.109375 4.198644399642944 0
3400 True 0.203125 6.200928688049316 0
3500 True 0.1953125 5.890052080154419 0
3600 True 0.1015625 3.9583230018615723 0
3700 True 0.1875 9.819955110549927 0
3800 True 0.09375 4.633599281311035 0
3900 True 0.171875 6.449067115783691 0
4000 False 0.0 0.0 0
4100 True 0.125 4.226837635040283 0
4200 True 0.1484375 6.006086587905884 0
4300 False 0.0 0.0 0
4400 True 0.0859375 4.0367608070373535 0
4500 False 0.0 0.0 0
4600 True 0.2109375 8.407463550567627 0
4700 True 0.140625 5.625371217727661 0
4800 True 0.2265625 6.133363246917725 0
4900 True 0.1015625 3.245994806289673 0
5000 True 0.15625 3.9355475902557373 0
5100 True 0.0078125 2.9363255500793457 0
5200 True 0.1171875 6.510473251342773 0
5300 True 0.1875 5.814915895462036 0
5400 True 0.15625 2.0824601650238037 0
5500 True 0.1953125 6.757254600524902 0
5600 True 0.0 4.613978624343872 0
5700 True 0.1875 8.738407611846924 0
5800 True 0.140625 5.375664234161377 0
5900 True 0.171875 7.402506589889526 0
6000 True 0.03125 4.678685426712036 0
6100 True 0.203125 6.371629476547241 0
6200 True 0.1796875 6.3897223472595215 0
6300 True 0.15625 5.181646108627319 0
6400 True 0.0078125 3.129061222076416 0
6500 True 0.1640625 2.8211333751678467 0
6600 True 0.0703125 3.7326717376708984 0
6700 True 0.078125 3.4029884338378906 0
6800 True 0.09375 4.195711374282837 0
6900 True 0.140625 6.234230279922485 0
7000 True 0.15625 8.535924196243286 0
7100 True 0.1796875 8.904923439025879 0
7200 True 0.1171875 3.410686492919922 0
7300 True 0.1796875 5.428775072097778 0
7400 True 0.1171875 6.173426389694214 0
7500 True 0.09375 3.062699556350708 0
7600 True 0.15625 6.069396018981934 0
7700 True 0.109375 5.136144638061523 0
7800 False 0.0 0.0 0
7900 True 0.109375 3.403031349182129 0
8000 True 0.2265625 7.27765154838562 0
8100 True 0.1171875 4.14816951751709 0
8200 True 0.1875 3.1892659664154053 0
8300 True 0.1953125 8.189100742340088 0
8400 True 0.1953125 6.676597356796265 0
8500 True 0.2265625 9.673268556594849 0
8600 True 0.171875 8.636045455932617 0
8700 True 0.1640625 4.731781005859375 0
8800 True 0.2734375 8.928537368774414 0
8900 True 0.1953125 5.909035921096802 0
9000 True 0.1875 2.93230938911438 0
9100 True 0.1796875 5.043547630310059 0
9200 True 0.140625 5.890198230743408 0
9300 True 0.1875 4.665498495101929 0
9400 True 0.0625 2.3185818195343018 0
9500 True 0.171875 6.98434853553772 0
9600 True 0.1328125 5.5134971141815186 0
9700 True 0.0 3.050654172897339 0
9800 True 0.0234375 2.0664849281311035 0
9900 True 0.15625 9.037541151046753 0
