0 True 1 0.03350234031677246 0
100 True 1 2.3586103916168213 0
200 True 1 0.02845478057861328 0
300 False 0 0.0 0
400 True 0 0.2583484649658203 0
500 True 1 0.024097442626953125 0
600 True 1 0.03903913497924805 0
700 True 1 0.019113779067993164 0
800 True 0 0.5804932117462158 0
900 True 0 0.6143679618835449 0
1000 True 1 1.4274394512176514 0
1100 True 1 0.03220534324645996 0
1200 False 0 0.0 0
1300 True 1 1.542510747909546 0
1400 True 1 0.039017438888549805 0
1500 False 0 0.0 0
1600 True 0 0.7290763854980469 0
1700 True 1 1.4875681400299072 0
1800 False 0 0.0 0
1900 True 1 1.2048156261444092 0
2000 True 1 1.9123270511627197 0
2100 True 1 0.025897502899169922 0
2200 True 0 1.0520219802856445 0
2300 True 0 0.47740888595581055 0
2400 True 0 0.5013346672058105 0
2500 True 0 0.4485921859741211 0
2600 True 1 0.03424644470214844 0
2700 True 1 1.2946770191192627 0
2800 True 1 1.2702510356903076 0
2900 True 0 0.44208335876464844 0
3000 True 1 1.091003656387329 0
3100 True 0 1.042313814163208 0
3200 True 1 0.037122249603271484 0
3300 True 1 0.8563742637634277 0
3400 True 1 0.027259111404418945 0
3500 True 1 0.01946115493774414 0
3600 True 1 1.3101296424865723 0
3700 True 1 0.021844148635864258 0
3800 True 0 0.9862546920776367 0
3900 True 1 0.022456645965576172 0
4000 False 0 0.0 0
4100 True 1 0.021579504013061523 0
4200 True 1 0.026093482971191406 0
4300 False 0 0.0 0
4400 True 0 0.5228896141052246 0
4500 False 0 0.0 0
4600 True 1 0.02760171890258789 0
4700 True 1 0.05007505416870117 0
4800 True 1 0.034613609313964844 0
4900 True 1 1.167999505996704 0
5000 True 1 0.04669666290283203 0
5100 True 0 1.0018577575683594 0
5200 True 1 1.2271177768707275 0
5300 True 1 0.038077354431152344 0
5400 True 1 0.026813745498657227 0
5500 True 1 0.03179311752319336 0
5600 True 0 0.9051635265350342 0
5700 True 1 0.018645048141479492 0
5800 True 1 1.2730720043182373 0
5900 True 1 0.02385258674621582 0
6000 True 0 0.6147232055664062 0
6100 True 1 0.019786596298217773 0
6200 True 1 1.158355474472046 0
6300 True 1 0.02089524269104004 0
6400 True 0 0.46263813972473145 0
6500 True 1 0.021459102630615234 0
6600 True 0 0.7662644386291504 0
6700 True 0 0.3883976936340332 0
6800 True 0 0.8420946598052979 0
6900 True 1 1.1650609970092773 0
7000 True 1 0.019058942794799805 0
7100 True 1 0.018714427947998047 0
7200 True 1 1.6667876243591309 0
7300 True 1 0.03157782554626465 0
7400 True 1 1.5991370677947998 0
7500 True 1 1.265643835067749 0
7600 True 1 0.016834497451782227 0
7700 True 1 1.2572007179260254 0
7800 False 0 0.0 0
7900 True 1 1.002183198928833 0
8000 True 1 0.01830005645751953 0
8100 True 1 0.022610187530517578 0
8200 True 1 0.023888349533081055 0
8300 True 1 0.03230023384094238 0
8400 True 1 0.023812294006347656 0
8500 True 1 0.024889707565307617 0
8600 True 1 0.019009828567504883 0
8700 True 1 0.037781476974487305 0
8800 True 1 0.02137589454650879 0
8900 True 1 0.046094417572021484 0
9000 True 1 0.028759241104125977 0
9100 True 1 0.020464420318603516 0
9200 True 1 0.014275789260864258 0
9300 True 1 0.023367643356323242 0
9400 True 0 0.8090083599090576 0
9500 True 1 0.018268108367919922 0
9600 True 1 1.361022710800171 0
9700 True 0 0.3119852542877197 0
9800 True 0 0.7585365772247314 0
9900 True 1 2.072723865509033 0
