0 False 0 0.0 0
100 False 0 0.0 0
200 False 0 0.0 0
300 False 0 0.0 0
400 False 0 0.0 0
500 True 0 0.29558801651000977 0
600 True 1 0.025530099868774414 0
700 True 1 0.012986183166503906 0
800 False 0 0.0 0
900 False 0 0.0 0
1000 False 0 0.0 0
1100 True 1 0.025485992431640625 0
1200 False 0 0.0 0
1300 False 0 0.0 0
1400 True 0 0.41446924209594727 0
1500 False 0 0.0 0
1600 False 0 0.0 0
1700 False 0 0.0 0
1800 True 1 0.022311925888061523 0
1900 False 0 0.0 0
2000 True 1 0.02242898941040039 0
2100 False 0 0.0 0
2200 True 1 0.014569759368896484 0
2300 False 0 0.0 0
2400 False 0 0.0 0
2500 False 0 0.0 0
2600 False 0 0.0 0
2700 True 1 0.027827978134155273 0
2800 False 0 0.0 0
2900 False 0 0.0 0
3000 True 0 0.29660773277282715 0
3100 False 0 0.0 0
3200 False 0 0.0 0
3300 False 0 0.0 0
3400 False 0 0.0 0
3500 False 0 0.0 0
3600 False 0 0.0 0
3700 False 0 0.0 0
3800 False 0 0.0 0
3900 True 1 0.011950492858886719 0
4000 False 0 0.0 0
4100 False 0 0.0 0
4200 True 1 0.03022146224975586 0
4300 False 0 0.0 0
4400 True 1 0.38019442558288574 0
4500 False 0 0.0 0
4600 True 1 0.01834559440612793 0
4700 False 0 0.0 0
4800 False 0 0.0 0
4900 False 0 0.0 0
5000 True 0 0.44937729835510254 0
5100 False 0 0.0 0
5200 False 0 0.0 0
5300 False 0 0.0 0
5400 False 0 0.0 0
5500 False 0 0.0 0
5600 True 1 0.028045177459716797 0
5700 True 0 0.15310287475585938 0
5800 False 0 0.0 0
5900 False 0 0.0 0
6000 False 0 0.0 0
6100 False 0 0.0 0
6200 False 0 0.0 0
6300 False 0 0.0 0
6400 True 0 0.4824090003967285 0
6500 False 0 0.0 0
6600 False 0 0.0 0
6700 False 0 0.0 0
6800 True 1 0.01360177993774414 0
6900 False 0 0.0 0
7000 True 1 0.013540506362915039 0
7100 True 1 0.014780521392822266 0
7200 True 0 2.8912718296051025 0
7300 True 1 0.031108856201171875 0
7400 False 0 0.0 0
7500 True 0 0.682530403137207 0
7600 True 1 0.014698982238769531 0
7700 False 0 0.0 0
7800 False 0 0.0 0
7900 False 0 0.0 0
8000 False 0 0.0 0
8100 True 1 0.013019084930419922 0
8200 True 1 0.018229007720947266 0
8300 False 0 0.0 0
8400 False 0 0.0 0
8500 False 0 0.0 0
8600 True 1 0.013181447982788086 0
8700 False 0 0.0 0
8800 True 1 0.014303922653198242 0
8900 False 0 0.0 0
9000 True 0 1.1996257305145264 0
9100 False 0 0.0 0
9200 False 0 0.0 0
9300 True 1 0.02779555320739746 0
9400 True 0 1.4074852466583252 0
9500 True 1 0.014769315719604492 0
9600 True 1 0.5081808567047119 0
9700 True 0 0.3869624137878418 0
9800 True 1 0.013150453567504883 0
9900 True 0 0.8968043327331543 0
