0 False 0.0 0.0 0
100 False 0.0 0.0 0
200 False 0.0 0.0 0
300 False 0.0 0.0 0
400 False 0.0 0.0 0
500 True 0.28125 4.530992269515991 0
600 True 0.296875 1.5631685256958008 0
700 True 0.3125 5.719719886779785 0
800 False 0.0 0.0 0
900 False 0.0 0.0 0
1000 False 0.0 0.0 0
1100 True 0.296875 4.632627487182617 0
1200 False 0.0 0.0 0
1300 False 0.0 0.0 0
1400 True 0.1953125 0.802462100982666 0
1500 False 0.0 0.0 0
1600 False 0.0 0.0 0
1700 False 0.0 0.0 0
1800 True 0.296875 2.2598164081573486 0
1900 False 0.0 0.0 0
2000 True 0.296875 3.933076858520508 0
2100 False 0.0 0.0 0
2200 True 0.3046875 0.9875888824462891 0
2300 False 0.0 0.0 0
2400 False 0.0 0.0 0
2500 False 0.0 0.0 0
2600 False 0.0 0.0 0
2700 True 0.3203125 4.5561158657073975 0
2800 False 0.0 0.0 0
2900 False 0.0 0.0 0
3000 True 0.140625 1.9677231311798096 0
3100 False 0.0 0.0 0
3200 False 0.0 0.0 0
3300 False 0.0 0.0 0
3400 False 0.0 0.0 0
3500 False 0.0 0.0 0
3600 False 0.0 0.0 0
3700 False 0.0 0.0 0
3800 False 0.0 0.0 0
3900 True 0.3125 4.148874759674072 0
4000 False 0.0 0.0 0
4100 False 0.0 0.0 0
4200 True 0.3203125 2.579056978225708 0
4300 False 0.0 0.0 0
4400 True 0.328125 13.424214839935303 0
4500 False 0.0 0.0 0
4600 True 0.3046875 2.9312100410461426 0
4700 False 0.0 0.0 0
4800 False 0.0 0.0 0
4900 False 0.0 0.0 0
5000 True 0.0546875 3.3720810413360596 0
5100 False 0.0 0.0 0
5200 False 0.0 0.0 0
5300 False 0.0 0.0 0
5400 False 0.0 0.0 0
5500 False 0.0 0.0 0
5600 True 0.328125 14.207120895385742 0
5700 True 0.2265625 0.35711002349853516 0
5800 False 0.0 0.0 0
5900 False 0.0 0.0 0
6000 False 0.0 0.0 0
6100 False 0.0 0.0 0
6200 False 0.0 0.0 0
6300 False 0.0 0.0 0
6400 True 0.1796875 0.9807693958282471 0
6500 False 0.0 0.0 0
6600 False 0.0 0.0 0
6700 False 0.0 0.0 0
6800 True 0.3046875 1.2771120071411133 0
6900 False 0.0 0.0 0
7000 True 0.3125 4.258480548858643 0
7100 True 0.3046875 1.2852561473846436 0
7200 True 0.1171875 5.618686199188232 0
7300 True 0.328125 5.178762435913086 0
7400 False 0.0 0.0 0
7500 True 0.0859375 2.581993579864502 0
7600 True 0.3046875 1.0420358180999756 0
7700 False 0.0 0.0 0
7800 False 0.0 0.0 0
7900 False 0.0 0.0 0
8000 False 0.0 0.0 0
8100 True 0.3125 2.2196669578552246 0
8200 True 0.328125 0.7458837032318115 0
8300 False 0.0 0.0 0
8400 False 0.0 0.0 0
8500 False 0.0 0.0 0
8600 True 0.3125 2.8359296321868896 0
8700 False 0.0 0.0 0
8800 True 0.3125 3.431642532348633 0
8900 False 0.0 0.0 0
9000 True 0.125 6.490979909896851 0
9100 False 0.0 0.0 0
9200 False 0.0 0.0 0
9300 True 0.328125 7.7576611042022705 0
9400 True 0.0625 1.0777344703674316 0
9500 True 0.3125 2.0233993530273438 0
9600 True 0.296875 9.289159774780273 0
9700 True 0.0390625 0.32311415672302246 0
9800 True 0.3359375 4.7881059646606445 0
9900 True 0.1484375 3.2339494228363037 0
