0 True 0.1484375 5.8849592208862305 0
100 True 0.1171875 2.5532379150390625 0
200 False 0.0 0.0 0
300 False 0.0 0.0 0
400 True 0.0703125 0.699303150177002 0
500 True 0.1953125 3.5934040546417236 0
600 True 0.1796875 2.289410352706909 0
700 True 0.1328125 8.626540184020996 0
800 True 0.15625 6.431941032409668 0
900 True 0.046875 2.99954891204834 0
1000 True 0.0546875 4.466308355331421 0
1100 True 0.1640625 7.031065464019775 0
1200 False 0.0 0.0 0
1300 True 0.1328125 6.083205699920654 0
1400 True 0.1640625 1.8925540447235107 0
1500 False 0.0 0.0 0
1600 False 0.0 0.0 0
1700 True 0.1484375 15.66810655593872 0
1800 True 0.046875 1.3753845691680908 0
1900 True 0.0625 1.6741740703582764 0
2000 True 0.125 10.909530401229858 0
2100 True 0.1171875 1.9606993198394775 0
2200 True 0.0546875 1.59844970703125 0
2300 False 0.0 0.0 0
2400 True 0.0703125 4.715201139450073 0
2500 True 0.109375 4.13809609413147 0
2600 True 0.265625 12.676764726638794 0
2700 True 0.109375 6.36623477935791 0
2800 True 0.1171875 3.721054792404175 0
2900 True 0.0 1.2055270671844482 0
3000 True 0.140625 17.277071237564087 0
3100 True 0.1171875 4.8812196254730225 0
3200 True 0.203125 1.4692997932434082 0
3300 True 0.1328125 4.4926183223724365 0
3400 True 0.1484375 6.04080057144165 0
3500 True 0.1796875 3.88980770111084 0
3600 False 0.0 0.0 0
3700 True 0.171875 12.21900224685669 0
3800 True 0.03125 2.038846492767334 0
3900 True 0.171875 14.210158109664917 0
4000 True 0.1171875 5.1643335819244385 0
4100 True 0.140625 3.1539642810821533 0
4200 True 0.125 14.72311282157898 0
4300 True 0.0390625 6.1272478103637695 0
4400 True 0.0546875 2.6042826175689697 0
4500 True 0.03125 2.4196276664733887 0
4600 True 0.15625 4.355990171432495 0
4700 True 0.171875 6.724669694900513 0
4800 True 0.1640625 10.515141010284424 0
4900 True 0.0546875 3.9754583835601807 0
5000 True 0.1015625 3.9706532955169678 0
5100 False 0.0 0.0 0
5200 True 0.1328125 6.82135796546936 0
5300 True 0.1484375 14.382369756698608 0
5400 True 0.1328125 11.132914066314697 0
5500 True 0.171875 6.3981614112854 0
5600 False 0.0 0.0 0
5700 True 0.1640625 8.221537590026855 0
5800 True 0.1484375 5.85985255241394 0
5900 True 0.046875 4.167062282562256 0
6000 True 0.0078125 2.548417568206787 0
6100 True 0.1796875 5.047951936721802 0
6200 True 0.2109375 6.784604072570801 0
6300 True 0.15625 8.791691303253174 0
6400 True 0.1640625 8.921229124069214 0
6500 True 0.125 8.21950364112854 0
6600 True 0.1015625 9.279659032821655 0
6700 True 0.03125 1.4518635272979736 0
6800 True 0.0546875 1.7588717937469482 0
6900 True 0.140625 17.022157430648804 0
7000 True 0.15625 9.423049211502075 0
7100 True 0.1328125 6.553046226501465 0
7200 False 0.0 0.0 0
7300 True 0.1328125 8.130019426345825 0
7400 True 0.09375 9.449763536453247 0
7500 True 0.2265625 11.91564416885376 0
7600 True 0.1328125 9.016894817352295 0
7700 True 0.1640625 15.731836318969727 0
7800 False 0.0 0.0 0
7900 True 0.0625 3.120645523071289 0
8000 True 0.1796875 4.028428792953491 0
8100 True 0.1796875 15.251475811004639 0
8200 True 0.1953125 5.207033634185791 0
8300 True 0.1796875 2.601963758468628 0
8400 True 0.1484375 8.486173152923584 0
8500 True 0.1796875 6.346583366394043 0
8600 True 0.1796875 8.228988409042358 0
8700 True 0.15625 13.52976679801941 0
8800 True 0.15625 1.0442473888397217 0
8900 True 0.1796875 10.253500938415527 0
9000 True 0.1796875 3.8406379222869873 0
9100 True 0.171875 9.021271467208862 0
9200 True 0.1171875 3.545562744140625 0
9300 True 0.1640625 8.005285024642944 0
9400 True 0.1015625 1.9464154243469238 0
9500 True 0.1484375 0.8908395767211914 0
9600 False 0.0 0.0 0
9700 True 0.0859375 3.8606388568878174 0
9800 True 0.140625 6.859596014022827 0
9900 True 0.1796875 4.991038799285889 0
