0 True 1 0.1053321361541748 0
100 True 1 0.029060840606689453 0
200 True 1 0.02532362937927246 0
300 False 0 0.0 0
400 True 1 0.028679609298706055 0
500 True 1 0.024291276931762695 0
600 True 1 0.03258466720581055 0
700 True 1 0.02060103416442871 0
800 True 0 1.198673963546753 0
900 True 0 0.36824941635131836 0
1000 True 0 0.5235249996185303 0
1100 True 1 0.03207039833068848 0
1200 False 0 0.0 0
1300 True 1 0.024514198303222656 0
1400 True 1 0.04487776756286621 0
1500 False 0 0.0 0
1600 True 1 0.023488283157348633 0
1700 True 1 0.015205621719360352 0
1800 False 0 0.0 0
1900 True 0 0.25716304779052734 0
2000 True 1 0.032286882400512695 0
2100 True 1 0.025967121124267578 0
2200 True 1 0.017806053161621094 0
2300 True 1 0.02487468719482422 0
2400 True 1 0.02928614616394043 0
2500 True 0 0.23618173599243164 0
2600 True 1 0.038629770278930664 0
2700 True 1 0.0380549430847168 0
2800 True 1 0.04194235801696777 0
2900 True 1 0.02534174919128418 0
3000 True 1 0.05230212211608887 0
3100 True 1 1.0784833431243896 0
3200 True 1 0.039832353591918945 0
3300 True 1 0.02099013328552246 0
3400 True 1 0.032288312911987305 0
3500 True 1 0.02189803123474121 0
3600 True 1 0.022615671157836914 0
3700 True 1 0.028743982315063477 0
3800 True 1 0.02949976921081543 0
3900 True 1 0.017468690872192383 0
4000 False 0 0.0 0
4100 True 1 0.02227020263671875 0
4200 True 1 0.03156447410583496 0
4300 False 0 0.0 0
4400 True 0 1.3922224044799805 0
4500 False 0 0.0 0
4600 True 1 0.032811880111694336 0
4700 True 1 0.04645872116088867 0
4800 True 1 0.03628253936767578 0
4900 True 1 0.03377866744995117 0
5000 True 1 0.02133941650390625 0
5100 True 0 0.42814111709594727 0
5200 True 1 0.02792525291442871 0
5300 True 1 0.03469991683959961 0
5400 True 1 0.023219585418701172 0
5500 True 1 0.022380590438842773 0
5600 False 0 0.0 0
5700 True 1 0.022621631622314453 0
5800 True 1 0.04164314270019531 0
5900 True 1 0.01979517936706543 0
6000 True 1 0.04895949363708496 0
6100 True 1 0.025933027267456055 0
6200 True 1 0.04016375541687012 0
6300 True 1 0.023500680923461914 0
6400 False 0 0.0 0
6500 True 1 0.0261385440826416 0
6600 True 1 0.028379440307617188 0
6700 True 0 0.3738377094268799 0
6800 True 1 0.018354415893554688 0
6900 True 1 0.02676248550415039 0
7000 True 1 0.0197446346282959 0
7100 True 1 0.02229905128479004 0
7200 True 1 0.038872480392456055 0
7300 True 1 0.03648829460144043 0
7400 True 1 0.01987624168395996 0
7500 True 1 0.02991509437561035 0
7600 True 1 0.02091050148010254 0
7700 True 1 0.0457148551940918 0
7800 False 0 0.0 0
7900 True 0 0.24510502815246582 0
8000 True 1 0.02033829689025879 0
8100 True 1 0.01782393455505371 0
8200 True 1 0.02500319480895996 0
8300 True 1 0.03485512733459473 0
8400 True 1 0.02642083168029785 0
8500 True 1 0.026348114013671875 0
8600 True 1 0.016338348388671875 0
8700 True 1 0.04327821731567383 0
8800 True 1 0.018888235092163086 0
8900 True 1 0.046941518783569336 0
9000 True 1 0.028512001037597656 0
9100 True 1 0.02759385108947754 0
9200 True 1 0.019808053970336914 0
9300 True 1 0.029874086380004883 0
9400 True 1 0.031374216079711914 0
9500 True 1 0.021476030349731445 0
9600 True 1 0.028169870376586914 0
9700 False 0 0.0 0
9800 True 1 0.018785715103149414 0
9900 True 1 0.03333020210266113 0
