0 True 0.046875 1.795039176940918 0
100 True 0.0390625 4.802481174468994 0
200 True 0.09375 3.356613874435425 0
300 False 0.0 0.0 0
400 True 0.03125 0.9778311252593994 0
500 True 0.140625 7.729065656661987 0
600 True 0.0625 5.8754799365997314 0
700 True 0.0625 5.602187633514404 0
800 True 0.0 4.6304261684417725 0
900 True 0.0078125 2.7705085277557373 0
1000 True 0.0078125 2.5658347606658936 0
1100 True 0.0703125 1.962390661239624 0
1200 False 0.0 0.0 0
1300 True 0.0390625 6.512669324874878 0
1400 True 0.0703125 5.098188638687134 0
1500 False 0.0 0.0 0
1600 True 0.03125 4.3014631271362305 0
1700 True 0.078125 4.220834732055664 0
1800 False 0.0 0.0 0
1900 True 0.015625 1.67814302444458 0
2000 True 0.0390625 3.846118450164795 0
2100 True 0.0390625 2.9776265621185303 0
2200 True 0.0546875 4.766239881515503 0
2300 True 0.0234375 1.3545217514038086 0
2400 True 0.0390625 3.896174430847168 0
2500 True 0.0078125 1.71561861038208 0
2600 True 0.078125 4.286079406738281 0
2700 True 0.046875 3.239457130432129 0
2800 True 0.0625 4.912999391555786 0
2900 True 0.046875 4.323379993438721 0
3000 True 0.0390625 3.7070634365081787 0
3100 True 0.015625 2.200639009475708 0
3200 True 0.078125 4.762360334396362 0
3300 True 0.0625 5.200220346450806 0
3400 True 0.0546875 1.7368581295013428 0
3500 True 0.0703125 4.650306224822998 0
3600 True 0.0234375 1.8286619186401367 0
3700 True 0.046875 5.044450283050537 0
3800 True 0.0390625 5.936678647994995 0
3900 True 0.0546875 2.0065770149230957 0
4000 False 0.0 0.0 0
4100 True 0.015625 2.27781081199646 0
4200 True 0.03125 2.230156898498535 0
4300 False 0.0 0.0 0
4400 True 0.0 3.847784996032715 0
4500 False 0.0 0.0 0
4600 True 0.0859375 5.4727489948272705 0
4700 True 0.0546875 4.369285583496094 0
4800 True 0.0703125 1.5618629455566406 0
4900 True 0.0390625 2.64538311958313 0
5000 True 0.0234375 1.7742977142333984 0
5100 True 0.0 2.813612937927246 0
5200 True 0.03125 4.864713668823242 0
5300 True 0.0703125 5.267570495605469 0
5400 True 0.0859375 4.325502395629883 0
5500 True 0.078125 5.015033721923828 0
5600 False 0.0 0.0 0
5700 True 0.0546875 3.8526668548583984 0
5800 True 0.0703125 5.9935996532440186 0
5900 True 0.0859375 6.3076043128967285 0
6000 True 0.0390625 3.555703639984131 0
6100 True 0.1171875 7.007662296295166 0
6200 True 0.0703125 5.458940029144287 0
6300 True 0.0390625 2.1879777908325195 0
6400 False 0.0 0.0 0
6500 True 0.078125 3.359515428543091 0
6600 True 0.03125 6.040166854858398 0
6700 True 0.0078125 2.0037200450897217 0
6800 True 0.078125 3.667076587677002 0
6900 True 0.0546875 5.3416571617126465 0
7000 True 0.046875 3.830371618270874 0
7100 True 0.078125 3.149994134902954 0
7200 True 0.03125 4.701732397079468 0
7300 True 0.078125 3.8337485790252686 0
7400 True 0.0625 4.130767107009888 0
7500 True 0.078125 5.69022536277771 0
7600 True 0.0546875 5.008298635482788 0
7700 True 0.0390625 4.1116623878479 0
7800 False 0.0 0.0 0
7900 True 0.0 2.748908042907715 0
8000 True 0.109375 3.5017642974853516 0
8100 True 0.0546875 2.0331263542175293 0
8200 True 0.0859375 5.475159645080566 0
8300 True 0.0625 5.746806859970093 0
8400 True 0.0625 4.959248781204224 0
8500 True 0.1015625 5.663300037384033 0
8600 True 0.0625 4.4695885181427 0
8700 True 0.046875 4.342046737670898 0
8800 True 0.0859375 3.226810932159424 0
8900 True 0.0703125 4.84548020362854 0
9000 True 0.09375 2.7497000694274902 0
9100 True 0.0859375 5.833174467086792 0
9200 True 0.0546875 4.451713562011719 0
9300 True 0.0625 3.903092384338379 0
9400 True 0.046875 1.8237957954406738 0
9500 True 0.0390625 1.3767497539520264 0
9600 True 0.0859375 3.7986459732055664 0
9700 False 0.0 0.0 0
9800 True 0.03125 4.398360252380371 0
9900 True 0.0546875 4.391207933425903 0
