0 False 0.0 0.0 0
100 True 0.0048828125 4.179512023925781 0
200 False 0.0 0.0 0
300 True 0.0322265625 5.646488666534424 0
400 True 0.044921875 6.457754373550415 0
500 False 0.0 0.0 0
600 False 0.0 0.0 0
700 True 0.0146484375 5.284097194671631 0
800 False 0.0 0.0 0
900 False 0.0 0.0 0
1000 True 0.0166015625 5.169052839279175 0
1100 False 0.0 0.0 0
1200 False 0.0 0.0 0
1300 False 0.0 0.0 0
1400 True 0.0224609375 5.745915412902832 0
1500 False 0.0 0.0 0
1600 False 0.0 0.0 0
1700 False 0.0 0.0 0
1800 False 0.0 0.0 0
1900 True 0.0205078125 5.67463493347168 0
2000 False 0.0 0.0 0
2100 False 0.0 0.0 0
2200 True 0.041015625 6.314396142959595 0
2300 False 0.0 0.0 0
2400 True 0.0712890625 6.698955774307251 0
2500 False 0.0 0.0 0
2600 True 0.0302734375 6.147718667984009 0
2700 False 0.0 0.0 0
2800 False 0.0 0.0 0
2900 False 0.0 0.0 0
3000 True 0.064453125 8.771339416503906 0
3100 True 0.0380859375 8.386929750442505 0
3200 False 0.0 0.0 0
3300 False 0.0 0.0 0
3400 True 0.01171875 6.606469631195068 0
3500 True 0.021484375 7.721092939376831 0
3600 False 0.0 0.0 0
3700 False 0.0 0.0 0
3800 False 0.0 0.0 0
3900 False 0.0 0.0 0
4000 False 0.0 0.0 0
4100 True 0.0361328125 6.363893985748291 0
4200 True 0.0078125 5.449186325073242 0
4300 False 0.0 0.0 0
4400 False 0.0 0.0 0
4500 False 0.0 0.0 0
4600 False 0.0 0.0 0
4700 False 0.0 0.0 0
4800 True 0.037109375 8.199797630310059 0
4900 False 0.0 0.0 0
5000 True 0.01953125 7.306605339050293 0
5100 False 0.0 0.0 0
5200 True 0.0234375 6.69461464881897 0
5300 False 0.0 0.0 0
5400 True 0.0234375 7.70639705657959 0
5500 False 0.0 0.0 0
5600 False 0.0 0.0 0
5700 False 0.0 0.0 0
5800 False 0.0 0.0 0
5900 False 0.0 0.0 0
6000 False 0.0 0.0 0
6100 True 0.0068359375 5.893908739089966 0
6200 False 0.0 0.0 0
6300 False 0.0 0.0 0
6400 False 0.0 0.0 0
6500 False 0.0 0.0 0
6600 False 0.0 0.0 0
6700 True 0.005859375 5.634671688079834 0
6800 True 0.015625 4.76426887512207 0
6900 False 0.0 0.0 0
7000 False 0.0 0.0 0
7100 True 0.04296875 8.593445777893066 0
7200 False 0.0 0.0 0
7300 False 0.0 0.0 0
7400 False 0.0 0.0 0
7500 False 0.0 0.0 0
7600 False 0.0 0.0 0
7700 True 0.025390625 7.837970018386841 0
7800 True 0.0400390625 8.372503995895386 0
7900 False 0.0 0.0 0
8000 True 0.0400390625 8.493278980255127 0
8100 False 0.0 0.0 0
8200 False 0.0 0.0 0
8300 False 0.0 0.0 0
8400 False 0.0 0.0 0
8500 True 0.0166015625 6.934166431427002 0
8600 False 0.0 0.0 0
8700 False 0.0 0.0 0
8800 True 0.0751953125 9.146090269088745 0
8900 False 0.0 0.0 0
9000 False 0.0 0.0 0
9100 False 0.0 0.0 0
9200 True 0.0283203125 8.111542224884033 0
9300 True 0.01171875 6.6212263107299805 0
9400 False 0.0 0.0 0
9500 False 0.0 0.0 0
9600 True 0.0380859375 8.411458969116211 0
9700 True 0.046875 8.543784141540527 0
9800 False 0.0 0.0 0
9900 False 0.0 0.0 0
