0 False 0.0 0.0 0
100 False 0.0 0.0 0
200 False 0.0 0.0 0
300 True 0.025390625 28.24299454689026 0
400 True 0.0458984375 7.190993309020996 0
500 False 0.0 0.0 0
600 False 0.0 0.0 0
700 False 0.0 0.0 0
800 True 0.01953125 6.005546569824219 0
900 False 0.0 0.0 0
1000 True 0.03515625 6.644993782043457 0
1100 False 0.0 0.0 0
1200 False 0.0 0.0 0
1300 True 0.01953125 5.903545618057251 0
1400 True 0.0185546875 5.92889928817749 0
1500 False 0.0 0.0 0
1600 False 0.0 0.0 0
1700 False 0.0 0.0 0
1800 False 0.0 0.0 0
1900 True 0.0283203125 6.360174894332886 0
2000 False 0.0 0.0 0
2100 False 0.0 0.0 0
2200 True 0.064453125 6.957542419433594 0
2300 False 0.0 0.0 0
2400 True 0.0322265625 6.2364866733551025 0
2500 False 0.0 0.0 0
2600 True 0.029296875 6.514710426330566 0
2700 False 0.0 0.0 0
2800 False 0.0 0.0 0
2900 False 0.0 0.0 0
3000 True 0.0361328125 6.642224311828613 0
3100 True 0.025390625 6.246164083480835 0
3200 False 0.0 0.0 0
3300 True 0.005859375 4.6132447719573975 0
3400 True 0.03515625 6.621161699295044 0
3500 True 0.0048828125 4.204346656799316 0
3600 False 0.0 0.0 0
3700 False 0.0 0.0 0
3800 True 0.0107421875 5.527078866958618 0
3900 False 0.0 0.0 0
4000 False 0.0 0.0 0
4100 True 0.048828125 7.264917612075806 0
4200 False 0.0 0.0 0
4300 True 0.0322265625 6.5634825229644775 0
4400 False 0.0 0.0 0
4500 False 0.0 0.0 0
4600 True 0.005859375 4.592017412185669 0
4700 True 0.001953125 3.600651979446411 0
4800 True 0.0654296875 7.017529010772705 0
4900 False 0.0 0.0 0
5000 True 0.0224609375 6.430729866027832 0
5100 False 0.0 0.0 0
5200 False 0.0 0.0 0
5300 False 0.0 0.0 0
5400 False 0.0 0.0 0
5500 True 0.0068359375 4.878498792648315 0
5600 True 0.0068359375 4.67627215385437 0
5700 True 0.0 1.9739985466003418 0
5800 False 0.0 0.0 0
5900 False 0.0 0.0 0
6000 True 0.0078125 4.456398010253906 0
6100 True 0.01171875 5.261487722396851 0
6200 False 0.0 0.0 0
6300 False 0.0 0.0 0
6400 False 0.0 0.0 0
6500 False 0.0 0.0 0
6600 True 0.0234375 6.56071400642395 0
6700 True 0.0048828125 4.452326774597168 0
6800 True 0.0341796875 6.683148145675659 0
6900 False 0.0 0.0 0
7000 False 0.0 0.0 0
7100 True 0.017578125 5.68949556350708 0
7200 False 0.0 0.0 0
7300 False 0.0 0.0 0
7400 False 0.0 0.0 0
7500 False 0.0 0.0 0
7600 False 0.0 0.0 0
7700 True 0.0263671875 6.590227365493774 0
7800 True 0.0390625 6.626683950424194 0
7900 False 0.0 0.0 0
8000 True 0.029296875 6.655392169952393 0
8100 False 0.0 0.0 0
8200 False 0.0 0.0 0
8300 False 0.0 0.0 0
8400 False 0.0 0.0 0
8500 True 0.0107421875 5.26072883605957 0
8600 False 0.0 0.0 0
8700 False 0.0 0.0 0
8800 True 0.0673828125 7.0721352100372314 0
8900 False 0.0 0.0 0
9000 False 0.0 0.0 0
9100 False 0.0 0.0 0
9200 True 0.0361328125 6.537708044052124 0
9300 False 0.0 0.0 0
9400 True 0.009765625 5.314936637878418 0
9500 False 0.0 0.0 0
9600 True 0.03125 6.032200574874878 0
9700 True 0.0234375 6.474165201187134 0
9800 False 0.0 0.0 0
9900 False 0.0 0.0 0
