0 False 0 0.0 0
100 False 0 0.0 0
200 False 0 0.0 0
300 True 0 2.530211925506592 0
400 True 0 2.8896241188049316 0
500 False 0 0.0 0
600 False 0 0.0 0
700 True 0 1.0912599563598633 0
800 False 0 0.0 0
900 False 0 0.0 0
1000 True 0 3.2829527854919434 0
1100 False 0 0.0 0
1200 False 0 0.0 0
1300 False 0 0.0 0
1400 True 0 2.926692247390747 0
1500 False 0 0.0 0
1600 False 0 0.0 0
1700 False 0 0.0 0
1800 False 0 0.0 0
1900 True 0 4.306730031967163 0
2000 False 0 0.0 0
2100 False 0 0.0 0
2200 True 0 3.5813939571380615 0
2300 False 0 0.0 0
2400 True 1 5.400042295455933 0
2500 False 0 0.0 0
2600 True 0 3.9677836894989014 0
2700 False 0 0.0 0
2800 False 0 0.0 0
2900 False 0 0.0 0
3000 True 0 5.398392915725708 0
3100 True 0 3.2013587951660156 0
3200 False 0 0.0 0
3300 False 0 0.0 0
3400 True 0 0.36855101585388184 0
3500 True 0 2.5688891410827637 0
3600 False 0 0.0 0
3700 False 0 0.0 0
3800 True 0 1.8100931644439697 0
3900 False 0 0.0 0
4000 False 0 0.0 0
4100 True 0 3.9211974143981934 0
4200 True 0 0.7302556037902832 0
4300 True 0 1.0972230434417725 0
4400 False 0 0.0 0
4500 False 0 0.0 0
4600 False 0 0.0 0
4700 True 0 1.1153042316436768 0
4800 True 0 3.5909359455108643 0
4900 True 0 1.8535716533660889 0
5000 True 0 2.875096082687378 0
5100 False 0 0.0 0
5200 True 0 0.7936966419219971 0
5300 False 0 0.0 0
5400 True 0 1.8089795112609863 0
5500 False 0 0.0 0
5600 False 0 0.0 0
5700 False 0 0.0 0
5800 False 0 0.0 0
5900 False 0 0.0 0
6000 False 0 0.0 0
6100 True 0 2.160766363143921 0
6200 False 0 0.0 0
6300 False 0 0.0 0
6400 False 0 0.0 0
6500 False 0 0.0 0
6600 True 0 2.555330276489258 0
6700 True 0 1.1112112998962402 0
6800 True 0 1.4355125427246094 0
6900 False 0 0.0 0
7000 False 0 0.0 0
7100 True 0 3.58900785446167 0
7200 False 0 0.0 0
7300 False 0 0.0 0
7400 False 0 0.0 0
7500 False 0 0.0 0
7600 False 0 0.0 0
7700 True 0 2.177156448364258 0
7800 True 0 3.212209939956665 0
7900 False 0 0.0 0
8000 True 0 3.242441177368164 0
8100 False 0 0.0 0
8200 False 0 0.0 0
8300 False 0 0.0 0
8400 False 0 0.0 0
8500 False 0 0.0 0
8600 False 0 0.0 0
8700 False 0 0.0 0
8800 True 1 5.361290693283081 0
8900 False 0 0.0 0
9000 True 0 2.910219669342041 0
9100 False 0 0.0 0
9200 True 0 3.948148488998413 0
9300 True 0 2.543538808822632 0
9400 False 0 0.0 0
9500 False 0 0.0 0
9600 True 0 3.548710584640503 0
9700 True 0 4.981618881225586 0
9800 False 0 0.0 0
9900 False 0 0.0 0
