0 True 0.0048828125 25.731349229812622 0
100 False 0.0 0.0 0
200 False 0.0 0.0 0
300 True 0.009765625 29.02329683303833 0
400 True 0.01953125 33.56386113166809 0
500 False 0.0 0.0 0
600 False 0.0 0.0 0
700 True 0.015625 29.79047727584839 0
800 False 0.0 0.0 0
900 False 0.0 0.0 0
1000 True 0.009765625 29.625142574310303 0
1100 False 0.0 0.0 0
1200 True 0.00390625 23.083961725234985 0
1300 False 0.0 0.0 0
1400 False 0.0 0.0 0
1500 True 0.0048828125 24.40618085861206 0
1600 False 0.0 0.0 0
1700 False 0.0 0.0 0
1800 False 0.0 0.0 0
1900 True 0.013671875 32.514933586120605 0
2000 False 0.0 0.0 0
2100 False 0.0 0.0 0
2200 True 0.01953125 36.289161682128906 0
2300 True 0.0029296875 21.43209409713745 0
2400 True 0.0166015625 31.63164520263672 0
2500 False 0.0 0.0 0
2600 True 0.01171875 30.5555317401886 0
2700 False 0.0 0.0 0
2800 True 0.001953125 17.623537302017212 0
2900 False 0.0 0.0 0
3000 True 0.0185546875 32.78468728065491 0
3100 True 0.013671875 33.58372712135315 0
3200 False 0.0 0.0 0
3300 False 0.0 0.0 0
3400 False 0.0 0.0 0
3500 True 0.01171875 30.544742107391357 0
3600 False 0.0 0.0 0
3700 False 0.0 0.0 0
3800 True 0.005859375 26.984874725341797 0
3900 True 0.0009765625 15.438235998153687 0
4000 False 0.0 0.0 0
4100 True 0.0166015625 31.238234758377075 0
4200 False 0.0 0.0 0
4300 True 0.0126953125 31.278151988983154 0
4400 False 0.0 0.0 0
4500 False 0.0 0.0 0
4600 True 0.0 4.4166529178619385 0
4700 False 0.0 0.0 0
4800 True 0.009765625 29.134478092193604 0
4900 True 0.0029296875 21.859814167022705 0
5000 True 0.009765625 31.25834822654724 0
5100 True 0.0078125 24.813419818878174 0
5200 True 0.015625 30.993611574172974 0
5300 False 0.0 0.0 0
5400 True 0.0009765625 17.797318935394287 0
5500 False 0.0 0.0 0
5600 False 0.0 0.0 0
5700 True 0.005859375 26.85330057144165 0
5800 False 0.0 0.0 0
5900 False 0.0 0.0 0
6000 True 0.0078125 27.4334876537323 0
6100 True 0.0068359375 29.26092839241028 0
6200 False 0.0 0.0 0
6300 False 0.0 0.0 0
6400 False 0.0 0.0 0
6500 False 0.0 0.0 0
6600 True 0.0078125 28.471407890319824 0
6700 True 0.00390625 23.880032777786255 0
6800 True 0.005859375 25.479417085647583 0
6900 False 0.0 0.0 0
7000 False 0.0 0.0 0
7100 False 0.0 0.0 0
7200 False 0.0 0.0 0
7300 True 0.0048828125 24.035342693328857 0
7400 True 0.01171875 29.997793436050415 0
7500 False 0.0 0.0 0
7600 False 0.0 0.0 0
7700 True 0.005859375 25.839879989624023 0
7800 True 0.0068359375 27.3322913646698 0
7900 False 0.0 0.0 0
8000 True 0.015625 30.376843214035034 0
8100 False 0.0 0.0 0
8200 False 0.0 0.0 0
8300 False 0.0 0.0 0
8400 False 0.0 0.0 0
8500 True 0.0107421875 31.143465280532837 0
8600 False 0.0 0.0 0
8700 True 0.0078125 26.10948657989502 0
8800 True 0.0234375 34.688254833221436 0
8900 False 0.0 0.0 0
9000 True 0.013671875 34.081902742385864 0
9100 False 0.0 0.0 0
9200 True 0.0166015625 32.36084461212158 0
9300 False 0.0 0.0 0
9400 True 0.0 9.238839626312256 0
9500 False 0.0 0.0 0
9600 True 0.0146484375 32.79155421257019 0
9700 True 0.0107421875 30.482135772705078 0
9800 True 0.0 11.43796992301941 0
9900 False 0.0 0.0 0
