0 True 0 68.65577483177185 1
100 False 0 0.0 0
200 False 0 0.0 0
300 True 0 62.42953300476074 1
400 True 0 62.51970601081848 1
500 False 0 0.0 0
600 True 0 62.21012043952942 1
700 True 0 62.57536482810974 1
800 True 0 63.220133543014526 1
900 False 0 0.0 0
1000 True 0 62.53136467933655 1
1100 False 0 0.0 0
1200 True 0 61.04147410392761 1
1300 False 0 0.0 0
1400 False 0 0.0 0
1500 False 0 0.0 0
1600 True 0 41.827147483825684 0
1700 False 0 0.0 0
1800 False 0 0.0 0
1900 True 0 60.63312578201294 1
2000 False 0 0.0 0
2100 False 0 0.0 0
2200 True 0 61.607667207717896 1
2300 False 0 0.0 0
2400 True 0 60.76165175437927 1
2500 False 0 0.0 0
2600 True 0 61.79295039176941 1
2700 True 0 32.472012996673584 0
2800 False 0 0.0 0
2900 True 0 63.028881549835205 1
3000 True 0 62.27856111526489 1
3100 True 0 60.84139347076416 1
3200 False 0 0.0 0
3300 True 0 62.254631996154785 1
3400 False 0 0.0 0
3500 True 0 62.32222652435303 1
3600 False 0 0.0 0
3700 True 0 62.84707474708557 1
3800 True 0 62.54248833656311 1
3900 False 0 0.0 0
4000 False 0 0.0 0
4100 True 0 61.578946590423584 1
4200 False 0 0.0 0
4300 True 0 61.661202907562256 1
4400 False 0 0.0 0
4500 True 0 62.5561888217926 1
4600 False 0 0.0 0
4700 False 0 0.0 0
4800 True 0 62.26790380477905 1
4900 False 0 0.0 0
5000 True 0 60.5 1
5100 True 0 60.5 1
5200 True 0 60.5 1
5300 False 0 0.0 0
5400 True 0 60.5 1
5500 False 0 0.0 0
5600 False 0 0.0 0
5700 True 0 60.5 1
5800 False 0 0.0 0
5900 False 0 0.0 0
6000 True 0 60.5 1
6100 True 0 60.5 1
6200 True 0 60.5 1
6300 False 0 0.0 0
6400 False 0 0.0 0
6500 False 0 0.0 0
6600 True 0 60.5 1
6700 True 0 60.5 1
6800 False 0 0.0 0
6900 False 0 0.0 0
7000 False 0 0.0 0
7100 True 0 60.5 1
7200 False 0 0.0 0
7300 True 0 60.5 1
7400 True 0 60.5 1
7500 True 0 60.5 1
7600 False 0 0.0 0
7700 True 0 60.5 1
7800 True 0 60.5 1
7900 False 0 0.0 0
8000 True 0 60.5 1
8100 False 0 0.0 0
8200 False 0 0.0 0
8300 False 0 0.0 0
8400 True 0 60.5 1
8500 True 0 60.5 1
8600 True 0 60.5 1
8700 True 0 60.5 1
8800 True 0 60.5 1
8900 True 0 60.5 1
9000 True 0 60.5 1
9100 False 0 0.0 0
9200 True 0 60.5 1
9300 False 0 0.0 0
9400 True 0 60.5 1
9500 True 0 60.5 1
9600 True 0 60.5 1
9700 True 0 60.5 1
9800 True 0 60.5 1
9900 False 0 0.0 0
