0 False 0.0 0.0 0
100 True 0.0 128.2205467224121 1
200 False 0.0 0.0 0
300 True 0.0 129.14514923095703 1
400 True 0.0 120.53345465660095 1
500 False 0.0 0.0 0
600 False 0.0 0.0 0
700 False 0.0 0.0 0
800 False 0.0 0.0 0
900 False 0.0 0.0 0
1000 False 0.0 0.0 0
1100 False 0.0 0.0 0
1200 False 0.0 0.0 0
1300 False 0.0 0.0 0
1400 False 0.0 0.0 0
1500 False 0.0 0.0 0
1600 False 0.0 0.0 0
1700 False 0.0 0.0 0
1800 False 0.0 0.0 0
1900 True 0.0 125.02056121826172 1
2000 False 0.0 0.0 0
2100 False 0.0 0.0 0
2200 True 0.0 148.10992097854614 1
2300 False 0.0 0.0 0
2400 True 0.0 127.87589454650879 1
2500 False 0.0 0.0 0
2600 True 0.0 145.57178688049316 1
2700 False 0.0 0.0 0
2800 False 0.0 0.0 0
2900 False 0.0 0.0 0
3000 False 0.0 0.0 0
3100 True 0.0 148.2237594127655 1
3200 False 0.0 0.0 0
3300 False 0.0 0.0 0
3400 True 0.0 131.84951877593994 1
3500 False 0.0 0.0 0
3600 True 0.0 129.90075826644897 1
3700 False 0.0 0.0 0
3800 False 0.0 0.0 0
3900 False 0.0 0.0 0
4000 False 0.0 0.0 0
4100 False 0.0 0.0 0
4200 False 0.0 0.0 0
4300 True 0.0 144.8234157562256 1
4400 False 0.0 0.0 0
4500 False 0.0 0.0 0
4600 False 0.0 0.0 0
4700 True 0.0 120.5 1
4800 True 0.0 120.5 1
4900 False 0.0 0.0 0
5000 False 0.0 0.0 0
5100 False 0.0 0.0 0
5200 False 0.0 0.0 0
5300 False 0.0 0.0 0
5400 True 0.0 120.5 1
5500 False 0.0 0.0 0
5600 False 0.0 0.0 0
5700 False 0.0 0.0 0
5800 False 0.0 0.0 0
5900 False 0.0 0.0 0
6000 False 0.0 0.0 0
6100 True 0.0 120.5 1
6200 False 0.0 0.0 0
6300 False 0.0 0.0 0
6400 False 0.0 0.0 0
6500 False 0.0 0.0 0
6600 False 0.0 0.0 0
6700 True 0.0 120.5 1
6800 True 0.0 120.5 1
6900 False 0.0 0.0 0
7000 False 0.0 0.0 0
7100 True 0.0 120.5 1
7200 False 0.0 0.0 0
7300 False 0.0 0.0 0
7400 False 0.0 0.0 0
7500 False 0.0 0.0 0
7600 False 0.0 0.0 0
7700 True 0.0 120.5 1
7800 True 0.0 120.5 1
7900 False 0.0 0.0 0
8000 False 0.0 0.0 0
8100 True 0.0 120.5 1
8200 False 0.0 0.0 0
8300 False 0.0 0.0 0
8400 False 0.0 0.0 0
8500 False 0.0 0.0 0
8600 False 0.0 0.0 0
8700 False 0.0 0.0 0
8800 True 0.0 120.5 1
8900 False 0.0 0.0 0
9000 False 0.0 0.0 0
9100 False 0.0 0.0 0
9200 True 0.0 120.5 1
9300 False 0.0 0.0 0
9400 True 0.0 120.5 1
9500 False 0.0 0.0 0
9600 True 0.0 120.5 1
9700 True 0.0 120.5 1
9800 False 0.0 0.0 0
9900 False 0.0 0.0 0
