0 False 0 0.0 0
100 True 0 68.45412921905518 1
200 False 0 0.0 0
300 True 0 34.59716606140137 0
400 True 0 89.33708691596985 1
500 False 0 0.0 0
600 False 0 0.0 0
700 False 0 0.0 0
800 False 0 0.0 0
900 False 0 0.0 0
1000 False 0 0.0 0
1100 False 0 0.0 0
1200 False 0 0.0 0
1300 False 0 0.0 0
1400 False 0 0.0 0
1500 False 0 0.0 0
1600 False 0 0.0 0
1700 False 0 0.0 0
1800 False 0 0.0 0
1900 True 0 60.63917136192322 1
2000 False 0 0.0 0
2100 False 0 0.0 0
2200 True 0 60.76565909385681 1
2300 False 0 0.0 0
2400 True 0 69.47602224349976 1
2500 False 0 0.0 0
2600 True 0 70.34864163398743 1
2700 False 0 0.0 0
2800 False 0 0.0 0
2900 False 0 0.0 0
3000 False 0 0.0 0
3100 True 0 69.72181057929993 1
3200 False 0 0.0 0
3300 False 0 0.0 0
3400 True 0 34.47739934921265 0
3500 False 0 0.0 0
3600 True 0 34.72956132888794 0
3700 False 0 0.0 0
3800 False 0 0.0 0
3900 False 0 0.0 0
4000 False 0 0.0 0
4100 False 0 0.0 0
4200 False 0 0.0 0
4300 True 0 62.78435492515564 1
4400 False 0 0.0 0
4500 False 0 0.0 0
4600 False 0 0.0 0
4700 True 0 66.2752833366394 1
4800 True 0 34.78779315948486 0
4900 False 0 0.0 0
5000 False 0 0.0 0
5100 False 0 0.0 0
5200 False 0 0.0 0
5300 False 0 0.0 0
5400 True 0 28.961546897888184 0
5500 False 0 0.0 0
5600 False 0 0.0 0
5700 False 0 0.0 0
5800 False 0 0.0 0
5900 False 0 0.0 0
6000 False 0 0.0 0
6100 True 0 28.438163995742798 0
6200 False 0 0.0 0
6300 False 0 0.0 0
6400 False 0 0.0 0
6500 False 0 0.0 0
6600 False 0 0.0 0
6700 True 0 68.66800284385681 1
6800 True 0 29.960565328598022 0
6900 False 0 0.0 0
7000 False 0 0.0 0
7100 True 0 52.954737186431885 0
7200 False 0 0.0 0
7300 False 0 0.0 0
7400 False 0 0.0 0
7500 False 0 0.0 0
7600 False 0 0.0 0
7700 True 0 24.636948823928833 0
7800 True 0 73.09945821762085 1
7900 False 0 0.0 0
8000 False 0 0.0 0
8100 True 0 59.59823131561279 0
8200 False 0 0.0 0
8300 False 0 0.0 0
8400 False 0 0.0 0
8500 False 0 0.0 0
8600 False 0 0.0 0
8700 False 0 0.0 0
8800 True 0 80.05051398277283 1
8900 False 0 0.0 0
9000 False 0 0.0 0
9100 False 0 0.0 0
9200 True 0 68.42239785194397 1
9300 False 0 0.0 0
9400 True 0 23.339759826660156 0
9500 False 0 0.0 0
9600 True 0 70.70551037788391 1
9700 True 0 45.018370628356934 0
9800 False 0 0.0 0
9900 False 0 0.0 0
