0 False 0 0.0 0
100 False 0 0.0 0
200 False 0 0.0 0
300 True 0 82.13024234771729 1
400 True 0 76.45139360427856 1
500 False 0 0.0 0
600 True 0 61.414124965667725 1
700 True 0 65.25040602684021 1
800 True 0 65.45917797088623 1
900 False 0 0.0 0
1000 True 0 84.21249175071716 1
1100 False 0 0.0 0
1200 False 0 0.0 0
1300 False 0 0.0 0
1400 True 0 80.57203364372253 1
1500 False 0 0.0 0
1600 False 0 0.0 0
1700 False 0 0.0 0
1800 False 0 0.0 0
1900 True 0 26.491884469985962 0
2000 False 0 0.0 0
2100 False 0 0.0 0
2200 True 0 91.15653872489929 1
2300 False 0 0.0 0
2400 True 0 63.72129845619202 1
2500 False 0 0.0 0
2600 True 0 60.40639805793762 1
2700 False 0 0.0 0
2800 False 0 0.0 0
2900 False 0 0.0 0
3000 True 0 70.23606657981873 1
3100 True 0 73.23545742034912 1
3200 False 0 0.0 0
3300 False 0 0.0 0
3400 True 0 68.8593020439148 1
3500 False 0 0.0 0
3600 False 0 0.0 0
3700 False 0 0.0 0
3800 False 0 0.0 0
3900 False 0 0.0 0
4000 False 0 0.0 0
4100 True 0 63.084259033203125 1
4200 False 0 0.0 0
4300 True 0 75.43191742897034 1
4400 True 0 76.98358225822449 1
4500 True 0 81.73831343650818 1
4600 False 0 0.0 0
4700 True 0 92.50607514381409 1
4800 True 0 60.05 1
4900 True 0 60.05 1
5000 False 0 0.0 0
5100 False 0 0.0 0
5200 False 0 0.0 0
5300 True 0 60.05 1
5400 False 0 0.0 0
5500 False 0 0.0 0
5600 False 0 0.0 0
5700 False 0 0.0 0
5800 False 0 0.0 0
5900 False 0 0.0 0
6000 True 0 60.05 1
6100 False 0 0.0 0
6200 False 0 0.0 0
6300 False 0 0.0 0
6400 False 0 0.0 0
6500 True 0 60.05 1
6600 True 0 60.05 1
6700 True 0 60.05 1
6800 True 0 60.05 1
6900 False 0 0.0 0
7000 False 0 0.0 0
7100 True 0 60.05 1
7200 False 0 0.0 0
7300 False 0 0.0 0
7400 False 0 0.0 0
7500 False 0 0.0 0
7600 False 0 0.0 0
7700 True 0 60.05 1
7800 True 0 60.05 1
7900 False 0 0.0 0
8000 True 0 60.05 1
8100 True 0 60.05 1
8200 False 0 0.0 0
8300 False 0 0.0 0
8400 False 0 0.0 0
8500 False 0 0.0 0
8600 False 0 0.0 0
8700 False 0 0.0 0
8800 True 0 60.05 1
8900 False 0 0.0 0
9000 False 0 0.0 0
9100 False 0 0.0 0
9200 True 0 60.05 1
9300 False 0 0.0 0
9400 True 0 60.05 1
9500 True 0 60.05 1
9600 True 0 60.05 1
9700 True 0 60.05 1
9800 False 0 0.0 0
9900 True 0 60.05 1
