0 True 0.07438964843750001 6.014559030532837 0
100 True 0.03482788085937499 5.905774831771851 0
200 True 0.053021240234374996 4.779312372207642 0
300 False 0.0 0.0 0
400 False 0.0 0.0 0
500 True 0.09954833984375001 5.665188789367676 0
600 True 0.074334716796875 5.03093695640564 0
700 True 0.09130859375 4.7178955078125 0
800 False 0.0 0.0 0
900 True 0.0616455078125 4.5776526927948 0
1000 True 0.024654541015625 6.183728218078613 0
1100 True 0.11932373046875001 5.5059309005737305 0
1200 False 0.0 0.0 0
1300 True 0.045177001953125004 5.118945837020874 0
1400 True 0.10366821289062503 6.82413911819458 0
1500 False 0.0 0.0 0
1600 True 0.092352294921875 5.19744086265564 0
1700 True 0.070709228515625 4.80859637260437 0
1800 True 0.003576171875 5.190084934234619 0
1900 True 0.08317871093750001 5.0713865756988525 0
2000 True 0.063568115234375 5.975771903991699 0
2100 False 0.0 0.0 0
2200 False 0.0 0.0 0
2300 True 0.0049384765625 4.222722291946411 0
2400 False 0.0 0.0 0
2500 False 0.0 0.0 0
2600 True 0.033333740234375 5.100088119506836 0
2700 True 0.0594482421875 4.268622875213623 0
2800 False 0.0 0.0 0
2900 True 0.028950195312500003 5.1729536056518555 0
3000 True 0.064337158203125 5.420422077178955 0
3100 False 0.0 0.0 0
3200 True 0.09784545898437502 5.1422436237335205 0
3300 True 0.027445068359375 5.406047821044922 0
3400 True 0.08120117187499999 4.544878959655762 0
3500 True 0.119927978515625 5.349703788757324 0
3600 False 0.0 0.0 0
3700 True 0.09718627929687501 5.168225526809692 0
3800 True 0.032674560546874995 6.461668014526367 0
3900 True 0.11597290039062502 5.9996116161346436 0
4000 False 0.0 0.0 0
4100 True 0.042880859375 5.549908638000488 0
4200 True 0.080322265625 4.996357202529907 0
4300 False 0.0 0.0 0
4400 True 0.0612060546875 4.416048765182495 0
4500 False 0.0 0.0 0
4600 True 0.08455200195312501 5.8302528858184814 0
4700 True 0.07774047851562499 7.053692817687988 0
4800 True 0.08812255859375001 5.119739294052124 0
4900 False 0.0 0.0 0
5000 True 0.078399658203125 5.618741273880005 0
5100 False 0.0 0.0 0
5200 True 0.050714111328125 4.65432071685791 0
5300 True 0.02927978515625 5.952685832977295 0
5400 True 0.030026855468750002 5.046062707901001 0
5500 True 0.10888671875 5.595851182937622 0
5600 True 0.060217285156249994 4.413647413253784 0
5700 True 0.078619384765625 5.105990648269653 0
5800 True 0.08218994140625 5.866140127182007 0
5900 True 0.10432739257812501 5.755402565002441 0
6000 False 0.0 0.0 0
6100 True 0.11932373046875001 5.589301586151123 0
6200 True 0.056427001953125 5.444756984710693 0
6300 True 0.11849975585937503 4.831890344619751 0
6400 True 0.043375244140625005 6.198453903198242 0
6500 True 0.06153564453125 6.777844190597534 0
6600 True 0.019765625000000002 7.325191259384155 0
6700 False 0.0 0.0 0
6800 False 0.0 0.0 0
6900 True 0.046605224609374996 5.276582956314087 0
7000 True 0.08845214843750002 4.663496971130371 0
7100 False 0.0 0.0 0
7200 True 0.056976318359375 4.90477991104126 0
7300 True 0.10103149414062501 5.194458246231079 0
7400 True 0.0029433593750000002 4.569105386734009 0
7500 False 0.0 0.0 0
7600 True 0.10377807617187501 7.176004886627197 0
7700 True 0.04750610351562501 5.598845481872559 0
7800 False 0.0 0.0 0
7900 True 0.09817504882812503 4.7549519538879395 0
8000 True 0.051428222656249994 4.481417894363403 0
8100 True 0.12498168945312502 5.035126686096191 0
8200 True 0.101800537109375 4.834261178970337 0
8300 True 0.054724121093749994 4.729295492172241 0
8400 True 0.10822753906250002 5.186212539672852 0
8500 True 0.12492675781250002 7.059493780136108 0
8600 True 0.12141113281250002 5.466878414154053 0
8700 True 0.08543090820312502 5.615398168563843 0
8800 True 0.13091430664062503 6.538022041320801 0
8900 True 0.12992553710937502 5.236154794692993 0
9000 True 0.10322875976562501 4.61100435256958 0
9100 True 0.04158447265625 5.9235005378723145 0
9200 True 0.09334106445312501 5.278609752655029 0
9300 True 0.058349609375 4.334073305130005 0
9400 True 0.012360839843749999 5.191120386123657 0
9500 True 0.042913818359374994 5.1311936378479 0
9600 True 0.056207275390625 4.4936041831970215 0
9700 False 0.0 0.0 0
9800 True 0.06697387695312498 5.176025152206421 0
9900 False 0.0 0.0 0
