0 False 0.0 0.0 0
100 False 0.0 0.0 0
200 False 0.0 0.0 0
300 False 0.0 0.0 0
400 False 0.0 0.0 0
500 True 0.26258544921875004 5.7056663036346436 0
600 True 0.163543701171875 5.634709119796753 0
700 True 0.29027099609375 5.650406837463379 0
800 False 0.0 0.0 0
900 False 0.0 0.0 0
1000 False 0.0 0.0 0
1100 True 0.24182128906250003 7.402860879898071 0
1200 False 0.0 0.0 0
1300 False 0.0 0.0 0
1400 True 0.18930664062499997 5.465022325515747 0
1500 False 0.0 0.0 0
1600 False 0.0 0.0 0
1700 False 0.0 0.0 0
1800 True 0.09070434570312502 7.10444974899292 0
1900 False 0.0 0.0 0
2000 True 0.12811279296875006 7.253951072692871 0
2100 False 0.0 0.0 0
2200 True 0.2967529296875 5.936513185501099 0
2300 False 0.0 0.0 0
2400 False 0.0 0.0 0
2500 False 0.0 0.0 0
2600 False 0.0 0.0 0
2700 True 0.20254516601562503 5.228129625320435 0
2800 False 0.0 0.0 0
2900 False 0.0 0.0 0
3000 True 0.13876953125000002 6.187137842178345 0
3100 False 0.0 0.0 0
3200 False 0.0 0.0 0
3300 False 0.0 0.0 0
3400 False 0.0 0.0 0
3500 False 0.0 0.0 0
3600 False 0.0 0.0 0
3700 False 0.0 0.0 0
3800 False 0.0 0.0 0
3900 True 0.2873046875 5.760697603225708 0
4000 False 0.0 0.0 0
4100 False 0.0 0.0 0
4200 True 0.2536865234375 7.360352039337158 0
4300 False 0.0 0.0 0
4400 True 0.13975830078125 6.729632616043091 0
4500 False 0.0 0.0 0
4600 True 0.206280517578125 5.907177686691284 0
4700 False 0.0 0.0 0
4800 False 0.0 0.0 0
4900 False 0.0 0.0 0
5000 True 0.060876464843750006 4.9624927043914795 0
5100 False 0.0 0.0 0
5200 False 0.0 0.0 0
5300 False 0.0 0.0 0
5400 False 0.0 0.0 0
5500 False 0.0 0.0 0
5600 True 0.285272216796875 5.1654534339904785 0
5700 True 0.192547607421875 5.716247081756592 0
5800 False 0.0 0.0 0
5900 False 0.0 0.0 0
6000 False 0.0 0.0 0
6100 False 0.0 0.0 0
6200 False 0.0 0.0 0
6300 False 0.0 0.0 0
6400 True 0.174365234375 6.616007328033447 0
6500 False 0.0 0.0 0
6600 False 0.0 0.0 0
6700 False 0.0 0.0 0
6800 True 0.289666748046875 5.860712051391602 0
6900 False 0.0 0.0 0
7000 True 0.256378173828125 5.357515335083008 0
7100 True 0.23901977539062502 6.264440059661865 0
7200 True 0.09147338867187499 4.647531270980835 0
7300 True 0.28763427734374997 6.209524869918823 0
7400 False 0.0 0.0 0
7500 True 0.006219482421875 4.113498687744141 0
7600 True 0.12393798828125002 6.262146472930908 0
7700 False 0.0 0.0 0
7800 False 0.0 0.0 0
7900 False 0.0 0.0 0
8000 False 0.0 0.0 0
8100 True 0.29988403320312507 5.567657232284546 0
8200 True 0.30059814453125006 5.411500930786133 0
8300 False 0.0 0.0 0
8400 False 0.0 0.0 0
8500 False 0.0 0.0 0
8600 True 0.287139892578125 5.209921360015869 0
8700 False 0.0 0.0 0
8800 True 0.222320556640625 5.812540769577026 0
8900 False 0.0 0.0 0
9000 True 0.053900146484375 5.714540004730225 0
9100 False 0.0 0.0 0
9200 False 0.0 0.0 0
9300 True 0.232867431640625 6.803432941436768 0
9400 True 0.06334838867187498 5.23778223991394 0
9500 True 0.25555419921875 8.160485744476318 0
9600 True 0.14272460937500003 6.939019441604614 0
9700 True 0.022061767578125 5.271420240402222 0
9800 True 0.29746704101562504 5.33138632774353 0
9900 True 0.0713134765625 5.002877712249756 0
