0 True 0.03411376953125 37.284982681274414 0
100 True 0.022611083984375 7.416436672210693 0
200 True 0.046451416015625 8.50493311882019 0
300 False 0.0 0.0 0
400 True 0.019479980468750005 5.305562734603882 0
500 True 0.0612060546875 7.055623531341553 0
600 True 0.02813720703125 5.666723012924194 0
700 True 0.030697021484375 6.299198150634766 0
800 True 0.0036201171875 7.549268007278442 0
900 True 0.0105810546875 5.243834018707275 0
1000 True 0.010042724609375001 6.410063743591309 0
1100 True 0.050933837890625 5.476539373397827 0
1200 False 0.0 0.0 0
1300 True 0.019040527343750002 5.568711519241333 0
1400 True 0.03745361328125 5.123271226882935 0
1500 False 0.0 0.0 0
1600 True 0.01789794921875 5.392612934112549 0
1700 True 0.037618408203124995 6.749049186706543 0
1800 False 0.0 0.0 0
1900 True 0.010998535156250003 5.140465021133423 0
2000 True 0.022215576171874998 6.802706003189087 0
2100 True 0.024357910156250002 6.249485731124878 0
2200 True 0.023852539062500004 7.921399354934692 0
2300 True 0.015393066406250003 7.985933065414429 0
2400 True 0.023193359375 8.04169225692749 0
2500 True 0.006153564453125001 4.868562459945679 0
2600 True 0.044561767578124994 5.370649099349976 0
2700 True 0.028477783203125002 6.82660984992981 0
2800 True 0.035509033203125 7.32456374168396 0
2900 True 0.031180419921875004 8.435101747512817 0
3000 True 0.022929687499999997 5.93926215171814 0
3100 True 0.012470703125 6.614685773849487 0
3200 True 0.040551757812500006 5.797521114349365 0
3300 True 0.031048583984375 5.671976089477539 0
3400 True 0.037343749999999995 5.815201759338379 0
3500 True 0.040683593750000004 6.380948781967163 0
3600 True 0.017491455078125 6.5451133251190186 0
3700 True 0.03187255859375 7.396761894226074 0
3800 True 0.020985107421875 5.479374885559082 0
3900 True 0.031411132812500006 7.005306720733643 0
4000 False 0.0 0.0 0
4100 True 0.014459228515624999 8.246291160583496 0
4200 True 0.023533935546875002 5.920917749404907 0
4300 False 0.0 0.0 0
4400 True 0.003189453125 6.023827791213989 0
4500 False 0.0 0.0 0
4600 True 0.044012451171874994 7.387964487075806 0
4700 True 0.028082275390625005 5.837893009185791 0
4800 True 0.046879882812499996 5.481494665145874 0
4900 True 0.027906494140625005 6.161337375640869 0
5000 True 0.017008056640625 8.183434963226318 0
5100 True 0.0005263671875 3.0172932147979736 0
5200 True 0.0208203125 8.217077493667603 0
5300 True 0.03620117187499999 5.83905029296875 0
5400 True 0.03725585937499999 7.778738498687744 0
5500 True 0.035948486328125 5.599849224090576 0
5600 False 0.0 0.0 0
5700 True 0.02888427734375 6.5729944705963135 0
5800 True 0.03235595703125 7.667991399765015 0
5900 True 0.03758544921874999 5.942769289016724 0
6000 True 0.021072998046875 5.13334846496582 0
6100 True 0.06334838867187498 5.05631685256958 0
6200 True 0.03954101562500001 9.474983930587769 0
6300 True 0.026939697265624996 6.552343130111694 0
6400 False 0.0 0.0 0
6500 True 0.04166137695312501 5.543160438537598 0
6600 True 0.015426025390625 8.968858003616333 0
6700 True 0.006900634765625 6.134295463562012 0
6800 True 0.038717041015625 6.621783971786499 0
6900 True 0.025731201171875 5.788315534591675 0
7000 True 0.025181884765625 8.120940446853638 0
7100 True 0.045078125 6.090030908584595 0
7200 True 0.017095947265624998 6.552804708480835 0
7300 True 0.042210693359374996 5.304686546325684 0
7400 True 0.030466308593749998 5.136377811431885 0
7500 True 0.03799194335937499 5.22243070602417 0
7600 True 0.027236328124999997 5.116898775100708 0
7700 True 0.0268408203125 8.932648420333862 0
7800 False 0.0 0.0 0
7900 True 0.001466796875 4.000337839126587 0
8000 True 0.05626220703125 5.630927801132202 0
8100 True 0.032092285156250004 6.977936744689941 0
8200 True 0.048538818359375 6.422656059265137 0
8300 True 0.042957763671874996 8.105728149414062 0
8400 True 0.04083740234375 5.200200796127319 0
8500 True 0.052252197265625 7.121711015701294 0
8600 True 0.034289550781250004 5.202383041381836 0
8700 True 0.027686767578125004 6.243013381958008 0
8800 True 0.04901123046875001 5.525972366333008 0
8900 True 0.037442626953125 5.191840887069702 0
9000 True 0.04840698242187501 8.613819122314453 0
9100 True 0.04263916015625 8.446295976638794 0
9200 True 0.02958740234375 5.756139039993286 0
9300 True 0.038134765625 7.396677732467651 0
9400 True 0.031839599609375005 6.765647888183594 0
9500 True 0.0253466796875 7.708265781402588 0
9600 True 0.040551757812500006 7.182508230209351 0
9700 False 0.0 0.0 0
9800 True 0.02022705078125 6.396371364593506 0
9900 True 0.028917236328125002 5.832870006561279 0
