0 True 0.031202392578125005 33.03985643386841 0
100 True 0.026807861328124998 27.783480405807495 0
200 True 0.050219726562500004 27.77945113182068 0
300 True 0.01570068359375 28.07219958305359 0
400 True 0.03826660156249999 31.31837010383606 0
500 True 0.054010009765625 27.295885801315308 0
600 True 0.03443237304687499 28.883865356445312 0
700 True 0.032147216796875 26.447697639465332 0
800 True 0.03282836914062501 29.769755125045776 0
900 True 0.020106201171875 27.86079978942871 0
1000 True 0.027587890625 30.129179000854492 0
1100 True 0.04427612304687499 29.266212701797485 0
1200 True 0.008548583984375 25.898548126220703 0
1300 True 0.029521484375 27.33121418952942 0
1400 True 0.040859375 32.56919765472412 0
1500 False 0.0 0.0 0
1600 True 0.020336914062500003 29.79753589630127 0
1700 True 0.033564453125000004 31.679742336273193 0
1800 True 0.033509521484375 33.711225271224976 0
1900 True 0.04059570312500001 34.19910287857056 0
2000 True 0.031400146484375 28.391555786132812 0
2100 True 0.03839843749999999 30.723034620285034 0
2200 True 0.009141845703125002 29.15155839920044 0
2300 True 0.041650390625000006 30.76493191719055 0
2400 True 0.023896484375000002 30.659321784973145 0
2500 True 0.02554443359375 28.477833032608032 0
2600 True 0.04830810546875001 32.082839012145996 0
2700 True 0.026049804687499997 30.868370532989502 0
2800 True 0.0348388671875 30.34983992576599 0
2900 True 0.035443115234374996 29.93320345878601 0
3000 True 0.031290283203125005 27.732756853103638 0
3100 True 0.02396240234375 33.26623606681824 0
3200 True 0.045308837890624995 28.971814393997192 0
3300 True 0.03261962890625 27.321855783462524 0
3400 True 0.033553466796875 27.485955476760864 0
3500 True 0.046857910156249995 35.24303388595581 0
3600 True 0.038321533203124994 29.84603714942932 0
3700 True 0.044737548828125 30.22667956352234 0
3800 True 0.026500244140625 28.352508783340454 0
3900 True 0.036146240234374995 32.27198672294617 0
4000 True 0.019227294921875002 30.42801570892334 0
4100 True 0.046605224609374996 35.13107967376709 0
4200 True 0.03216918945312501 29.02339792251587 0
4300 False 0.0 0.0 0
4400 True 0.02066650390625 28.07066798210144 0
4500 False 0.0 0.0 0
4600 True 0.04651733398437499 31.393356561660767 0
4700 True 0.03357543945312501 32.130510330200195 0
4800 True 0.03619018554687499 28.599392414093018 0
4900 True 0.0283349609375 29.9587185382843 0
5000 True 0.03791503906249999 28.616907358169556 0
5100 True 0.034212646484375 29.097161769866943 0
5200 True 0.03322387695312501 34.755086183547974 0
5300 True 0.040683593750000004 31.908974647521973 0
5400 True 0.039804687500000005 27.514232873916626 0
5500 True 0.045957031249999995 30.574590921401978 0
5600 True 0.0032949218749999997 21.924952030181885 0
5700 True 0.042727050781250005 31.07064199447632 0
5800 True 0.03301513671875 30.93788504600525 0
5900 True 0.03753051757812499 27.579925537109375 0
6000 True 0.022171630859374996 29.557860851287842 0
6100 True 0.050933837890625 26.803694009780884 0
6200 True 0.04219970703125 28.06875491142273 0
6300 True 0.045506591796874996 27.58579182624817 0
6400 True 0.011943359375 26.78248882293701 0
6500 True 0.043540039062499994 30.93290400505066 0
6600 True 0.0271923828125 30.253961086273193 0
6700 True 0.0300048828125 28.623010396957397 0
6800 True 0.032257080078125 30.773798942565918 0
6900 True 0.032443847656250004 28.423051834106445 0
7000 True 0.028071289062500004 26.537818431854248 0
7100 True 0.03764038085937499 28.500505447387695 0
7200 True 0.02866455078125 26.856516122817993 0
7300 True 0.038057861328125 28.890401124954224 0
7400 True 0.037486572265625 29.433079719543457 0
7500 True 0.037398681640625 28.926892280578613 0
7600 True 0.035399169921875 31.38365411758423 0
7700 True 0.03083984375 27.365068674087524 0
7800 True 0.022259521484375 28.187415838241577 0
7900 True 0.040804443359375 30.377185583114624 0
8000 True 0.047022705078125004 29.743187427520752 0
8100 True 0.04103515625 29.676037549972534 0
8200 True 0.04316650390625 29.91642737388611 0
8300 True 0.050714111328125 23.026450157165527 0
8400 True 0.040134277343750004 29.51016330718994 0
8500 True 0.052087402343750006 28.652689933776855 0
8600 True 0.036574707031249994 32.6234917640686 0
8700 True 0.03692626953124999 30.789671182632446 0
8800 True 0.055767822265624996 26.59896445274353 0
8900 True 0.042353515625000004 36.81522607803345 0
9000 True 0.03916748046875001 33.16226816177368 0
9100 True 0.045957031249999995 27.98585343360901 0
9200 True 0.04012329101562501 30.354541063308716 0
9300 True 0.03398193359375 32.68470215797424 0
9400 True 0.036102294921875 35.63971018791199 0
9500 True 0.03187255859375 27.953430652618408 0
9600 True 0.039035644531250004 30.97732663154602 0
9700 True 0.023797607421875002 34.58174204826355 0
9800 True 0.031553955078125 27.5192768573761 0
9900 True 0.034014892578125 31.2875018119812 0
