0 True 0.040584716796875 29.862096309661865 0
100 True 0.028741455078125002 34.59454679489136 0
200 True 0.053955078125 24.944462776184082 0
300 False 0.0 0.0 0
400 True 0.047352294921874996 30.25305938720703 0
500 True 0.055438232421875 23.91028666496277 0
600 True 0.042891845703125 30.679267168045044 0
700 True 0.03916748046875001 30.622413873672485 0
800 False 0.0 0.0 0
900 True 0.029147949218750004 34.082809925079346 0
1000 True 0.029301757812500002 28.29297423362732 0
1100 True 0.056756591796875 23.177403450012207 0
1200 False 0.0 0.0 0
1300 True 0.028829345703125002 28.58502745628357 0
1400 True 0.05516357421875 24.304661989212036 0
1500 False 0.0 0.0 0
1600 True 0.03705810546875 31.17936110496521 0
1700 True 0.0471875 31.29518985748291 0
1800 True 0.023204345703125 30.465656518936157 0
1900 True 0.050933837890625 24.134766578674316 0
2000 True 0.033773193359374995 32.51485514640808 0
2100 True 0.03892578125 28.911521911621094 0
2200 True 0.0005791015625000001 18.80581498146057 0
2300 True 0.02835693359375 30.657612562179565 0
2400 False 0.0 0.0 0
2500 False 0.0 0.0 0
2600 True 0.04802246093750001 29.87964701652527 0
2700 True 0.029510498046875 27.23025894165039 0
2800 True 0.041947021484375 35.375452280044556 0
2900 True 0.0008779296875000001 18.96905279159546 0
3000 True 0.04099121093750001 33.903401613235474 0
3100 True 0.012910156250000002 29.110605001449585 0
3200 True 0.044803466796875 30.931548595428467 0
3300 True 0.017491455078125 32.82089352607727 0
3400 True 0.042858886718749996 29.769744873046875 0
3500 True 0.061041259765625 30.509966611862183 0
3600 True 0.036948242187499994 30.13524866104126 0
3700 True 0.05263671875 23.891215324401855 0
3800 True 0.024731445312500003 31.13845467567444 0
3900 True 0.04802246093750001 32.41895627975464 0
4000 False 0.0 0.0 0
4100 True 0.04753906250000001 29.83293914794922 0
4200 True 0.03831054687499999 27.12887215614319 0
4300 False 0.0 0.0 0
4400 True 0.030949707031250002 26.973803758621216 0
4500 False 0.0 0.0 0
4600 True 0.047769775390625005 31.373048067092896 0
4700 True 0.033828125 28.558940172195435 0
4800 True 0.04698974609375 29.035298347473145 0
4900 True 0.0127783203125 32.022446155548096 0
5000 True 0.043463134765625 30.040184497833252 0
5100 False 0.0 0.0 0
5200 True 0.038189697265624996 29.539015531539917 0
5300 True 0.04338623046875 32.37996768951416 0
5400 True 0.04136474609375 38.24770164489746 0
5500 True 0.056646728515625 27.08327889442444 0
5600 True 0.03165283203125 31.445696592330933 0
5700 True 0.046572265625 32.79074001312256 0
5800 True 0.033828125 30.894444465637207 0
5900 True 0.047132568359375 34.22885751724243 0
6000 True 0.0190185546875 32.14507508277893 0
6100 True 0.059832763671875004 25.69408941268921 0
6200 True 0.035849609374999994 34.180707693099976 0
6300 True 0.049197998046875 28.680119514465332 0
6400 True 0.018128662109374995 28.794745445251465 0
6500 True 0.04672607421874999 34.921703577041626 0
6600 True 0.024676513671875 28.06702733039856 0
6700 True 0.007669677734375 30.081406831741333 0
6800 True 0.016986083984375 30.365663051605225 0
6900 True 0.035706787109375 30.34074568748474 0
7000 True 0.034102783203125 32.56335234642029 0
7100 True 0.03177368164062501 29.383221864700317 0
7200 True 0.04028808593750001 35.33911633491516 0
7300 True 0.042034912109375 29.481501817703247 0
7400 True 0.044957275390624996 31.52000880241394 0
7500 True 0.017216796875 28.12057662010193 0
7600 True 0.047451171875 32.06075644493103 0
7700 True 0.019315185546875002 27.901106119155884 0
7800 False 0.0 0.0 0
7900 True 0.053955078125 25.556032419204712 0
8000 True 0.042232666015625 29.2728750705719 0
8100 True 0.050274658203125 24.118458032608032 0
8200 True 0.05532836914062499 27.607045650482178 0
8300 True 0.050988769531250006 28.157095432281494 0
8400 True 0.056207275390625 23.236388206481934 0
8500 True 0.06895141601562499 25.974294185638428 0
8600 True 0.04602294921874999 28.7836594581604 0
8700 True 0.03989257812500001 29.50404167175293 0
8800 True 0.068292236328125 27.121956825256348 0
8900 True 0.043485107421875 30.188467979431152 0
9000 True 0.04746215820312501 29.11814522743225 0
9100 True 0.050933837890625 24.448209285736084 0
9200 True 0.044375 29.815427541732788 0
9300 True 0.038299560546874986 27.966872692108154 0
9400 True 0.031048583984375 31.367724895477295 0
9500 True 0.026324462890625 29.324252367019653 0
9600 True 0.031411132812500006 29.08293581008911 0
9700 False 0.0 0.0 0
9800 True 0.0415185546875 29.38646960258484 0
9900 True 0.03290527343750001 28.251802921295166 0
