0 True 0 0.5361804962158203 0
100 True 0 0.23805451393127441 0
200 True 0 0.5673816204071045 0
300 False 0 0.0 0
400 True 0 0.3687000274658203 0
500 True 0 0.5288035869598389 0
600 True 0 0.24814867973327637 0
700 True 0 0.3399388790130615 0
800 False 0 0.0 0
900 True 0 0.3490598201751709 0
1000 True 0 0.3606100082397461 0
1100 True 0 0.5225083827972412 0
1200 False 0 0.0 0
1300 True 0 0.4118313789367676 0
1400 True 0 0.3755652904510498 0
1500 False 0 0.0 0
1600 True 0 0.31409573554992676 0
1700 True 0 0.5195713043212891 0
1800 True 0 0.18670010566711426 0
1900 True 0 0.5188190937042236 0
2000 True 0 0.34566593170166016 0
2100 True 0 0.3777797222137451 0
2200 True 0 0.1909654140472412 0
2300 True 0 0.36075544357299805 0
2400 False 0 0.0 0
2500 False 0 0.0 0
2600 True 0 0.3939363956451416 0
2700 True 0 0.2303633689880371 0
2800 True 0 0.39390993118286133 0
2900 True 0 0.15227484703063965 0
3000 True 0 0.3546934127807617 0
3100 True 0 0.19388270378112793 0
3200 True 0 0.3701167106628418 0
3300 True 0 0.19046640396118164 0
3400 True 0 0.34845900535583496 0
3500 True 0 0.540454626083374 0
3600 True 0 0.44405436515808105 0
3700 True 0 0.5297698974609375 0
3800 True 0 0.1924760341644287 0
3900 True 0 0.3564019203186035 0
4000 False 0 0.0 0
4100 True 0 0.4455678462982178 0
4200 True 0 0.3009672164916992 0
4300 False 0 0.0 0
4400 True 0 0.23857951164245605 0
4500 False 0 0.0 0
4600 True 0 0.37931084632873535 0
4700 True 0 0.3522627353668213 0
4800 True 0 0.24953007698059082 0
4900 True 0 0.19263553619384766 0
5000 True 0 0.35416126251220703 0
5100 False 0 0.0 0
5200 True 0 0.3551046848297119 0
5300 True 0 0.37797045707702637 0
5400 True 0 0.400768518447876 0
5500 True 0 0.5261998176574707 0
5600 True 0 0.3516499996185303 0
5700 True 0 0.36487555503845215 0
5800 True 0 0.25501227378845215 0
5900 True 0 0.35874104499816895 0
6000 True 0 0.13102984428405762 0
6100 True 0 0.607245922088623 0
6200 True 0 0.3632354736328125 0
6300 True 0 0.5150473117828369 0
6400 True 0 0.18951129913330078 0
6500 True 0 0.5364441871643066 0
6600 True 0 0.13638687133789062 0
6700 True 0 0.13222050666809082 0
6800 True 0 0.14310431480407715 0
6900 True 0 0.34893202781677246 0
7000 True 0 0.34177350997924805 0
7100 True 0 0.35366034507751465 0
7200 True 0 0.38388967514038086 0
7300 True 0 0.2599303722381592 0
7400 True 0 0.2757117748260498 0
7500 True 0 0.19184136390686035 0
7600 True 0 0.6308407783508301 0
7700 True 0 0.13548493385314941 0
7800 False 0 0.0 0
7900 True 0 0.528508186340332 0
8000 True 0 0.27840638160705566 0
8100 True 0 0.3583059310913086 0
8200 True 0 0.5317070484161377 0
8300 True 0 0.6679885387420654 0
8400 True 0 0.5395896434783936 0
8500 True 0 0.4892618656158447 0
8600 True 0 0.26216816902160645 0
8700 True 0 0.365955114364624 0
8800 True 0 0.7269120216369629 0
8900 True 0 0.3876364231109619 0
9000 True 0 0.2676403522491455 0
9100 True 0 0.36357545852661133 0
9200 True 0 0.24334216117858887 0
9300 True 0 0.33775830268859863 0
9400 True 0 0.2556421756744385 0
9500 True 0 0.36783671379089355 0
9600 True 0 0.24358153343200684 0
9700 False 0 0.0 0
9800 True 0 0.27015256881713867 0
9900 True 0 0.3520209789276123 0
