0 True 0 0.8884799480438232 0
100 True 0 0.6498639583587646 0
200 True 0 1.2364065647125244 0
300 True 0 0.5706906318664551 0
400 True 0 1.2221043109893799 0
500 True 0 1.28401517868042 0
600 True 0 0.8802039623260498 0
700 True 0 0.8175234794616699 0
800 True 0 0.8435471057891846 0
900 True 0 0.561424970626831 0
1000 True 0 0.5574207305908203 0
1100 True 0 1.4906284809112549 0
1200 True 0 0.3916008472442627 0
1300 True 0 0.7527964115142822 0
1400 True 0 0.9588825702667236 0
1500 False 0 0.0 0
1600 True 0 0.3892230987548828 0
1700 True 0 0.9975378513336182 0
1800 True 0 0.839618444442749 0
1900 True 0 0.7944855690002441 0
2000 True 0 0.6489665508270264 0
2100 True 0 0.9660155773162842 0
2200 True 0 0.3779568672180176 0
2300 True 0 1.1045243740081787 0
2400 True 0 0.6438121795654297 0
2500 True 0 0.7391808032989502 0
2600 True 0 1.1818509101867676 0
2700 True 0 0.7188994884490967 0
2800 True 0 0.8208866119384766 0
2900 True 0 1.0879244804382324 0
3000 True 0 0.8931963443756104 0
3100 True 0 0.586679220199585 0
3200 True 0 0.8591692447662354 0
3300 True 0 0.9165372848510742 0
3400 True 0 0.7768819332122803 0
3500 True 0 1.1778481006622314 0
3600 True 0 1.093294382095337 0
3700 True 0 1.2075846195220947 0
3800 True 0 0.7291789054870605 0
3900 True 0 1.063413143157959 0
4000 True 0 0.5142343044281006 0
4100 True 0 1.283050298690796 0
4200 True 0 0.9038934707641602 0
4300 False 0 0.0 0
4400 True 0 0.545609712600708 0
4500 False 0 0.0 0
4600 True 0 1.2749125957489014 0
4700 True 0 0.9177703857421875 0
4800 True 0 1.137239933013916 0
4900 True 0 1.0397450923919678 0
5000 True 0 1.0183453559875488 0
5100 True 0 0.9109230041503906 0
5200 True 0 0.9105443954467773 0
5300 True 0 0.9497535228729248 0
5400 True 0 0.9100379943847656 0
5500 True 0 0.8610184192657471 0
5600 True 0 0.19147968292236328 0
5700 True 0 1.2618129253387451 0
5800 True 0 0.7132840156555176 0
5900 True 0 0.9486384391784668 0
6000 True 0 0.5328173637390137 0
6100 True 0 1.6239476203918457 0
6200 True 0 1.2628107070922852 0
6300 True 0 0.9589793682098389 0
6400 True 0 0.2777082920074463 0
6500 True 0 1.2506494522094727 0
6600 True 0 0.7293157577514648 0
6700 True 0 0.7603375911712646 0
6800 True 0 0.6575305461883545 0
6900 True 0 0.6426849365234375 0
7000 True 0 0.5099031925201416 0
7100 True 0 0.7997126579284668 0
7200 True 0 0.9292628765106201 0
7300 True 0 0.7779066562652588 0
7400 True 0 0.7963435649871826 0
7500 True 0 1.0796806812286377 0
7600 True 0 0.7124865055084229 0
7700 True 0 0.9075875282287598 0
7800 True 0 0.6207435131072998 0
7900 True 0 0.8485307693481445 0
8000 True 0 1.0705804824829102 0
8100 True 0 0.7453820705413818 0
8200 True 0 1.2756874561309814 0
8300 True 0 1.200413703918457 0
8400 True 0 0.8014833927154541 0
8500 True 0 1.071751356124878 0
8600 True 0 1.0505335330963135 0
8700 True 0 0.8726999759674072 0
8800 True 0 1.6186153888702393 0
8900 True 0 0.9992492198944092 0
9000 True 0 0.7389700412750244 0
9100 True 0 1.0171129703521729 0
9200 True 0 0.7627921104431152 0
9300 True 0 0.6122655868530273 0
9400 True 0 1.0916082859039307 0
9500 True 0 0.9732592105865479 0
9600 True 0 1.0781877040863037 0
9700 True 0 0.526768684387207 0
9800 True 0 0.7650253772735596 0
9900 True 0 0.7385461330413818 0
