0 True 0.18963623046875 26.726969480514526 0
100 True 0.04945068359375 34.61283349990845 0
200 True 0.216827392578125 36.100836753845215 0
300 False 0.0 0.0 0
400 True 0.012141113281250001 30.360570669174194 0
500 True 0.22061767578125002 35.36823487281799 0
600 True 0.15541381835937498 29.68687891960144 0
700 False 0.0 0.0 0
800 True 0.09290161132812502 28.87415051460266 0
900 True 0.022457275390625 33.98915147781372 0
1000 False 0.0 0.0 0
1100 True 0.16046752929687502 34.500091552734375 0
1200 False 0.0 0.0 0
1300 True 0.11108398437500001 29.144179582595825 0
1400 True 0.23665771484374998 32.4780797958374 0
1500 False 0.0 0.0 0
1600 False 0.0 0.0 0
1700 True 0.16233520507812502 28.25261402130127 0
1800 False 0.0 0.0 0
1900 False 0.0 0.0 0
2000 True 0.13388061523437503 32.02192449569702 0
2100 True 0.214794921875 32.866846561431885 0
2200 True 0.14689941406249998 29.30949330329895 0
2300 False 0.0 0.0 0
2400 False 0.0 0.0 0
2500 False 0.0 0.0 0
2600 True 0.14832763671875 28.32618737220764 0
2700 True 0.16722412109375 26.09792685508728 0
2800 False 0.0 0.0 0
2900 False 0.0 0.0 0
3000 True 0.07625732421875 26.947443962097168 0
3100 True 0.18947143554687498 30.1113760471344 0
3200 True 0.038980712890625005 28.436679363250732 0
3300 True 0.17854003906250002 27.92335844039917 0
3400 True 0.19386596679687498 27.535204648971558 0
3500 True 0.156072998046875 29.31787633895874 0
3600 False 0.0 0.0 0
3700 True 0.14239501953125 28.47698712348938 0
3800 True 0.07466430664062501 25.024067640304565 0
3900 True 0.15986328125000002 31.063061952590942 0
4000 False 0.0 0.0 0
4100 False 0.0 0.0 0
4200 True 0.188262939453125 29.602697610855103 0
4300 False 0.0 0.0 0
4400 True 0.11981811523437502 27.57006573677063 0
4500 True 0.019040527343750002 29.87425661087036 0
4600 True 0.165081787109375 26.6975200176239 0
4700 True 0.11020507812500001 27.41541075706482 0
4800 True 0.22374877929687498 30.15997052192688 0
4900 True 0.055438232421875 24.6683132648468 0
5000 True 0.15244750976562502 29.417526721954346 0
5100 True 0.049835205078125 31.800838470458984 0
5200 True 0.14915161132812502 31.168538808822632 0
5300 True 0.13563842773437504 33.15192198753357 0
5400 False 0.0 0.0 0
5500 True 0.26676025390625 29.704110622406006 0
5600 True 0.10652465820312501 31.188030004501343 0
5700 True 0.18106689453125002 32.42863368988037 0
5800 True 0.1904052734375 29.474529027938843 0
5900 True 0.24638061523437502 28.515039920806885 0
6000 True 0.23940429687500003 30.558115005493164 0
6100 True 0.23138427734375 34.855711936950684 0
6200 True 0.09993286132812501 29.184773206710815 0
6300 True 0.210015869140625 35.03949022293091 0
6400 False 0.0 0.0 0
6500 True 0.02796142578125 31.50525403022766 0
6600 False 0.0 0.0 0
6700 True 0.20150146484374998 26.165212392807007 0
6800 True 0.14140625 30.155027389526367 0
6900 True 0.176947021484375 26.373966217041016 0
7000 True 0.13909912109375 28.23918581008911 0
7100 False 0.0 0.0 0
7200 True 0.091748046875 27.556025505065918 0
7300 True 0.24599609375 28.186050176620483 0
7400 True 0.17716674804687502 31.88620638847351 0
7500 True 0.145086669921875 29.044241666793823 0
7600 True 0.19227294921875 27.992274284362793 0
7700 True 0.0452099609375 35.65913414955139 0
7800 False 0.0 0.0 0
7900 False 0.0 0.0 0
8000 True 0.253082275390625 29.196054697036743 0
8100 True 0.228692626953125 30.21349263191223 0
8200 True 0.2997741699218751 35.49829125404358 0
8300 False 0.0 0.0 0
8400 True 0.26478271484375004 35.04397630691528 0
8500 True 0.302301025390625 29.793371438980103 0
8600 True 0.17623291015625003 37.31945443153381 0
8700 True 0.246600341796875 29.162010431289673 0
8800 True 0.30378417968750004 28.14155650138855 0
8900 True 0.18985595703124997 28.18990206718445 0
9000 True 0.150689697265625 34.52109694480896 0
9100 True 0.06461181640625 26.133214712142944 0
9200 True 0.0021523437499999997 28.017728805541992 0
9300 True 0.20858764648437497 28.356871843338013 0
9400 True 0.183154296875 31.987310886383057 0
9500 True 0.15393066406249997 29.721375465393066 0
9600 True 0.14585571289062502 31.940592050552368 0
9700 True 0.141680908203125 36.12171220779419 0
9800 True 0.17216796875 29.990140914916992 0
9900 True 0.102020263671875 28.746755599975586 0
