0 True 0 1.5823771953582764 0
100 True 0 0.394550085067749 0
200 True 0 2.0198376178741455 0
300 False 0 0.0 0
400 True 0 0.18342852592468262 0
500 True 0 1.7877545356750488 0
600 True 0 0.9634027481079102 0
700 False 0 0.0 0
800 True 0 0.6962246894836426 0
900 True 0 0.3636641502380371 0
1000 False 0 0.0 0
1100 True 0 1.3927671909332275 0
1200 False 0 0.0 0
1300 True 0 1.090571403503418 0
1400 True 0 1.6107947826385498 0
1500 False 0 0.0 0
1600 False 0 0.0 0
1700 True 0 1.1381349563598633 0
1800 False 0 0.0 0
1900 False 0 0.0 0
2000 True 0 1.0921545028686523 0
2100 True 0 1.7038161754608154 0
2200 True 0 1.0912363529205322 0
2300 False 0 0.0 0
2400 False 0 0.0 0
2500 False 0 0.0 0
2600 True 0 1.4276702404022217 0
2700 True 0 1.4706745147705078 0
2800 False 0 0.0 0
2900 False 0 0.0 0
3000 True 0 0.7368714809417725 0
3100 True 0 1.4848084449768066 0
3200 True 0 0.3694498538970947 0
3300 True 0 1.4252514839172363 0
3400 True 0 1.3431196212768555 0
3500 True 0 1.5118522644042969 0
3600 False 0 0.0 0
3700 True 0 1.146244764328003 0
3800 True 0 0.7473897933959961 0
3900 True 0 1.1869001388549805 0
4000 False 0 0.0 0
4100 False 0 0.0 0
4200 True 0 1.1769459247589111 0
4300 False 0 0.0 0
4400 True 0 0.8097481727600098 0
4500 True 0 0.18474745750427246 0
4600 True 0 1.5605509281158447 0
4700 True 0 0.9111690521240234 0
4800 True 0 1.2523295879364014 0
4900 True 0 0.540585994720459 0
5000 True 0 1.2680540084838867 0
5100 True 0 0.5496492385864258 0
5200 True 0 1.3166124820709229 0
5300 True 0 1.3646531105041504 0
5400 False 0 0.0 0
5500 True 0 2.369687080383301 0
5600 True 0 1.086839199066162 0
5700 True 0 1.2138209342956543 0
5800 True 0 1.272033452987671 0
5900 True 0 1.9237840175628662 0
6000 True 0 1.4627659320831299 0
6100 True 0 1.7623848915100098 0
6200 True 0 0.9188148975372314 0
6300 True 0 1.9064364433288574 0
6400 False 0 0.0 0
6500 True 0 0.1849989891052246 0
6600 False 0 0.0 0
6700 True 0 1.8994908332824707 0
6800 True 0 1.098912000656128 0
6900 True 0 1.558182716369629 0
7000 True 0 1.0568878650665283 0
7100 False 0 0.0 0
7200 True 0 0.8922076225280762 0
7300 True 0 2.2464001178741455 0
7400 True 0 1.3686480522155762 0
7500 True 0 1.1781940460205078 0
7600 True 0 1.520162582397461 0
7700 True 0 0.24960994720458984 0
7800 False 0 0.0 0
7900 False 0 0.0 0
8000 True 0 2.950509786605835 0
8100 True 0 1.6107804775238037 0
8200 True 0 2.0198745727539062 0
8300 False 0 0.0 0
8400 True 0 2.424182653427124 0
8500 True 1 2.6714370250701904 0
8600 True 0 1.0507936477661133 0
8700 True 0 2.222568988800049 0
8800 True 1 2.2630956172943115 0
8900 True 0 1.784043312072754 0
9000 True 0 1.422363519668579 0
9100 True 0 0.5482945442199707 0
9200 True 0 0.13830232620239258 0
9300 True 0 1.6264920234680176 0
9400 True 0 1.1240909099578857 0
9500 True 0 1.107797384262085 0
9600 True 0 1.3890578746795654 0
9700 True 0 1.1524238586425781 0
9800 True 0 1.1805388927459717 0
9900 True 0 0.6443319320678711 0
