0 True 1 2.7844862937927246 0
100 True 0 1.1386258602142334 0
200 True 0 1.7684605121612549 0
300 True 0 0.38004016876220703 0
400 True 0 1.5781731605529785 0
500 True 1 2.247450828552246 0
600 True 0 2.5543737411499023 0
700 True 0 1.7127642631530762 0
800 True 0 2.168590784072876 0
900 True 0 0.9177942276000977 0
1000 True 0 1.391697883605957 0
1100 True 1 2.7485787868499756 0
1200 True 0 0.302018404006958 0
1300 True 0 1.4319145679473877 0
1400 True 1 2.0593717098236084 0
1500 False 0 0.0 0
1600 True 0 1.8234853744506836 0
1700 True 0 2.0111563205718994 0
1800 True 0 0.6368472576141357 0
1900 True 0 0.9256048202514648 0
2000 True 0 1.5265276432037354 0
2100 True 1 2.7414822578430176 0
2200 True 0 0.8222794532775879 0
2300 True 0 1.309779167175293 0
2400 True 0 0.886955738067627 0
2500 True 0 1.1128277778625488 0
2600 True 1 1.9000043869018555 0
2700 True 0 2.2901604175567627 0
2800 True 0 1.7011725902557373 0
2900 True 0 1.904066801071167 0
3000 True 0 2.3282172679901123 0
3100 True 0 0.6166186332702637 0
3200 True 1 2.711459159851074 0
3300 True 0 1.1706931591033936 0
3400 True 1 2.0048885345458984 0
3500 True 1 2.156017780303955 0
3600 True 0 1.692701816558838 0
3700 True 1 2.3751301765441895 0
3800 True 0 0.4242839813232422 0
3900 True 0 1.2932052612304688 0
4000 True 0 1.0833714008331299 0
4100 True 1 2.4665489196777344 0
4200 True 0 2.4008662700653076 0
4300 True 0 0.3410508632659912 0
4400 True 0 1.3090438842773438 0
4500 False 0 0.0 0
4600 True 1 2.459306001663208 0
4700 True 1 2.007413864135742 0
4800 True 1 2.7864348888397217 0
4900 True 0 1.182375192642212 0
5000 True 0 1.3951456546783447 0
5100 True 0 1.1707284450531006 0
5200 True 0 2.079688549041748 0
5300 True 1 2.1582014560699463 0
5400 True 1 2.161180019378662 0
5500 True 1 2.042573928833008 0
5600 True 0 1.8016502857208252 0
5700 True 0 2.405456066131592 0
5800 True 0 2.0274322032928467 0
5900 True 1 2.618304967880249 0
6000 True 0 1.2988533973693848 0
6100 True 1 2.6579647064208984 0
6200 True 1 2.323301315307617 0
6300 True 1 2.744415760040283 0
6400 True 0 1.1346614360809326 0
6500 True 0 2.126567840576172 0
6600 True 0 0.8289649486541748 0
6700 True 0 1.30806565284729 0
6800 True 0 2.0109221935272217 0
6900 True 0 1.6816964149475098 0
7000 True 0 1.3208184242248535 0
7100 True 1 2.7037885189056396 0
7200 True 0 0.3736600875854492 0
7300 True 1 2.039524555206299 0
7400 True 0 1.3389968872070312 0
7500 True 0 2.054314374923706 0
7600 True 0 2.264662027359009 0
7700 True 0 1.5452897548675537 0
7800 False 0 0.0 0
7900 True 0 1.9535253047943115 0
8000 True 0 1.5195181369781494 0
8100 True 0 1.5481791496276855 0
8200 True 0 2.0660343170166016 0
8300 True 1 2.7472190856933594 0
8400 True 1 2.0030980110168457 0
8500 True 1 2.821768283843994 0
8600 True 0 1.6107120513916016 0
8700 True 1 1.9940955638885498 0
8800 True 1 2.244884490966797 0
8900 True 0 1.935427188873291 0
9000 True 0 1.989577293395996 0
9100 True 1 2.378584384918213 0
9200 True 0 1.9309353828430176 0
9300 True 1 1.929652214050293 0
9400 True 0 1.5976696014404297 0
9500 True 1 2.143364667892456 0
9600 True 0 2.8123936653137207 0
9700 True 0 0.14414191246032715 0
9800 True 0 1.4887504577636719 0
9900 True 0 1.1912250518798828 0
