0 True 0 19.219209909439087 0
100 True 0 1.4367344379425049 0
200 True 1 1.9983603954315186 0
300 True 0 0.34443020820617676 0
400 True 0 2.50406813621521 0
500 True 1 2.6787238121032715 0
600 True 1 1.8522026538848877 0
700 True 0 2.5973286628723145 0
800 True 0 0.7669918537139893 0
900 True 0 1.1082773208618164 0
1000 True 0 1.295175552368164 0
1100 True 1 2.774423837661743 0
1200 True 0 1.0613360404968262 0
1300 True 1 2.080120801925659 0
1400 True 1 2.852860450744629 0
1500 False 0 0.0 0
1600 True 0 1.3945002555847168 0
1700 True 0 1.9480104446411133 0
1800 False 0 0.0 0
1900 True 1 2.0455641746520996 0
2000 True 0 1.6721892356872559 0
2100 True 1 1.9193816184997559 0
2200 True 0 1.8433163166046143 0
2300 True 0 1.6875600814819336 0
2400 True 0 2.1677145957946777 0
2500 True 0 1.4944491386413574 0
2600 True 1 2.081955671310425 0
2700 True 0 1.9383525848388672 0
2800 True 1 2.8490211963653564 0
2900 True 0 2.064382314682007 0
3000 True 0 2.637953996658325 0
3100 True 0 1.9360594749450684 0
3200 True 1 2.585726022720337 0
3300 True 1 2.251981496810913 0
3400 True 1 1.9368047714233398 0
3500 True 1 2.88185453414917 0
3600 True 1 2.049053907394409 0
3700 True 1 1.906698226928711 0
3800 True 0 1.568343162536621 0
3900 True 1 1.9052906036376953 0
4000 False 0 0.0 0
4100 True 1 2.3510992527008057 0
4200 True 0 2.0161662101745605 0
4300 False 0 0.0 0
4400 True 0 1.1595218181610107 0
4500 False 0 0.0 0
4600 True 1 1.9920637607574463 0
4700 True 1 2.8321495056152344 0
4800 True 1 2.3607449531555176 0
4900 True 0 2.006093740463257 0
5000 True 0 2.477548360824585 0
5100 True 0 1.4738163948059082 0
5200 True 0 1.9258763790130615 0
5300 True 1 2.169846534729004 0
5400 True 1 2.4468305110931396 0
5500 True 1 1.9615683555603027 0
5600 False 0 0.0 0
5700 True 1 2.759190320968628 0
5800 True 0 2.353667974472046 0
5900 True 1 2.716071128845215 0
6000 True 0 1.6362180709838867 0
6100 True 1 1.9155657291412354 0
6200 True 1 2.851562738418579 0
6300 True 1 2.357693910598755 0
6400 True 0 0.3765132427215576 0
6500 True 1 2.089305877685547 0
6600 True 0 1.881467580795288 0
6700 True 0 1.7115516662597656 0
6800 True 1 2.9016852378845215 0
6900 True 0 1.7895607948303223 0
7000 True 0 1.616114854812622 0
7100 True 0 2.073075294494629 0
7200 True 0 1.5669240951538086 0
7300 True 1 2.558011293411255 0
7400 True 1 1.9363734722137451 0
7500 True 1 2.356929063796997 0
7600 True 1 2.7815279960632324 0
7700 True 0 2.048255681991577 0
7800 False 0 0.0 0
7900 True 0 1.106215476989746 0
8000 True 1 2.2719504833221436 0
8100 True 1 2.1302173137664795 0
8200 True 1 2.264148235321045 0
8300 True 1 2.1371512413024902 0
8400 True 1 1.9399006366729736 0
8500 True 1 2.624232053756714 0
8600 True 1 2.817617893218994 0
8700 True 1 2.0043985843658447 0
8800 True 1 2.8300881385803223 0
8900 True 1 2.8188743591308594 0
9000 True 1 2.724602699279785 0
9100 True 1 1.9352548122406006 0
9200 True 1 2.805399179458618 0
9300 True 1 2.214015245437622 0
9400 True 1 1.9963595867156982 0
9500 True 0 1.4378511905670166 0
9600 True 1 1.9396297931671143 0
9700 False 0 0.0 0
9800 True 0 2.311110734939575 0
9900 True 1 1.9758100509643555 0
