0 True 0 39.67599606513977 0
100 True 0 27.453314542770386 0
200 True 0 29.909823179244995 0
300 True 0 29.10853600502014 0
400 True 0 28.864655256271362 0
500 True 0 34.0515558719635 0
600 True 0 34.38555598258972 0
700 True 0 35.031182289123535 0
800 True 0 24.57307720184326 0
900 True 0 17.877030611038208 0
1000 True 0 25.009876251220703 0
1100 True 0 35.21915006637573 0
1200 True 0 21.348312377929688 0
1300 True 0 32.202601194381714 0
1400 True 0 36.02191495895386 0
1500 True 0 11.143048524856567 0
1600 True 0 25.832957983016968 0
1700 True 0 32.31467580795288 0
1800 True 0 27.019566774368286 0
1900 True 0 31.264121294021606 0
2000 True 0 28.229366779327393 0
2100 True 0 32.08310532569885 0
2200 True 0 33.22519087791443 0
2300 True 0 31.938035249710083 0
2400 True 0 28.710724353790283 0
2500 True 0 30.19084143638611 0
2600 True 0 30.99628186225891 0
2700 True 0 29.099154472351074 0
2800 True 0 25.655741691589355 0
2900 True 0 31.77938175201416 0
3000 True 0 28.1967613697052 0
3100 True 0 18.139452695846558 0
3200 True 0 35.409729957580566 0
3300 True 0 29.407750606536865 0
3400 True 0 39.342315673828125 0
3500 True 0 39.16126346588135 0
3600 True 0 35.58950114250183 0
3700 True 0 33.58680534362793 0
3800 True 0 28.842322826385498 0
3900 True 0 36.84201145172119 0
4000 True 0 29.14302372932434 0
4100 True 0 29.543001890182495 0
4200 True 0 31.261120796203613 0
4300 True 0 22.070831775665283 0
4400 True 0 22.447616577148438 0
4500 True 0 3.3183393478393555 0
4600 True 0 42.252068758010864 0
4700 True 0 32.19438982009888 0
4800 True 0 36.98454785346985 0
4900 True 0 32.35657787322998 0
5000 True 0 33.64488101005554 0
5100 True 0 27.049240827560425 0
5200 True 0 28.373477935791016 0
5300 True 0 29.43306803703308 0
5400 True 0 35.88827848434448 0
5500 True 0 38.29319882392883 0
5600 True 0 10.838882446289062 0
5700 True 0 29.9653000831604 0
5800 True 0 28.67292809486389 0
5900 True 0 34.320202112197876 0
6000 True 0 28.673853635787964 0
6100 True 0 38.473427534103394 0
6200 True 0 34.858543395996094 0
6300 True 0 34.02943730354309 0
6400 True 0 22.07003092765808 0
6500 True 0 39.4874792098999 0
6600 True 0 31.89510679244995 0
6700 True 0 25.200584411621094 0
6800 True 0 35.84924864768982 0
6900 True 0 35.37838959693909 0
7000 True 0 34.68728232383728 0
7100 True 0 32.00261354446411 0
7200 True 0 23.04101252555847 0
7300 True 0 32.83594346046448 0
7400 True 0 32.878352642059326 0
7500 True 0 33.83071303367615 0
7600 True 0 39.06981658935547 0
7700 True 0 28.800970315933228 0
7800 True 0 22.857737064361572 0
7900 True 0 24.027402877807617 0
8000 True 0 23.04503893852234 0
8100 True 0 21.217035055160522 0
8200 True 0 22.48319125175476 0
8300 True 0 23.3359432220459 0
8400 True 0 22.29867672920227 0
8500 True 0 28.703243494033813 0
8600 True 0 25.970032691955566 0
8700 True 0 20.67495369911194 0
8800 True 0 27.202811002731323 0
8900 True 0 21.344407558441162 0
9000 True 0 23.9625883102417 0
9100 True 0 25.80159044265747 0
9200 True 0 26.296647787094116 0
9300 True 0 26.675373792648315 0
9400 True 0 17.44105100631714 0
9500 True 0 15.176105499267578 0
9600 True 0 24.428205490112305 0
9700 True 0 12.513816595077515 0
9800 True 0 20.093374490737915 0
9900 True 0 19.211814880371094 0
