0 True 0.125 123.30738639831543 1
100 True 0.0625 120.52332520484924 1
200 True 0.0625 120.52777647972107 1
300 True 0.0625 121.83356714248657 1
400 True 0.0625 123.29970026016235 1
500 True 0.0625 122.76259994506836 1
600 True 0.0625 121.01223421096802 1
700 True 0.0625 122.39959454536438 1
800 True 0.0625 122.64104890823364 1
900 True 0.0625 120.97991156578064 1
1000 True 0.0625 122.55872321128845 1
1100 True 0.0625 121.9518210887909 1
1200 True 0.0625 120.8966555595398 1
1300 True 0.0625 122.16703653335571 1
1400 True 0.0625 120.55736780166626 1
1500 False 0.0 0.0 0
1600 True 0.0 121.50025749206543 1
1700 True 0.0625 120.72859644889832 1
1800 True 0.0625 121.49642777442932 1
1900 True 0.0625 122.53681707382202 1
2000 True 0.0625 122.25098848342896 1
2100 True 0.0 120.7992582321167 1
2200 True 0.0625 121.53890419006348 1
2300 True 0.0 120.52819418907166 1
2400 True 0.0625 121.15624761581421 1
2500 True 0.0625 123.18097519874573 1
2600 True 0.0625 120.85767865180969 1
2700 True 0.0625 121.5447211265564 1
2800 True 0.0625 120.53385734558105 1
2900 True 0.0625 121.77484178543091 1
3000 True 0.0625 123.20278596878052 1
3100 True 0.0625 120.68657350540161 1
3200 True 0.0625 121.78894138336182 1
3300 True 0.0625 120.77647185325623 1
3400 True 0.125 121.46996784210205 1
3500 True 0.125 123.21195149421692 1
3600 True 0.0625 122.85484528541565 1
3700 True 0.0625 122.82184791564941 1
3800 True 0.0625 122.69921159744263 1
3900 True 0.0625 122.16110515594482 1
4000 True 0.0625 120.70635890960693 1
4100 True 0.0625 123.19677138328552 1
4200 True 0.0625 120.67740964889526 1
4300 True 0.015625 123.04095005989075 1
4400 True 0.0625 121.83961987495422 1
4500 False 0.0 0.0 0
4600 True 0.0625 122.01649212837219 1
4700 True 0.0625 121.45016384124756 1
4800 True 0.0 121.95006728172302 1
4900 True 0.0625 122.23934602737427 1
5000 True 0.0625 120.69320034980774 1
5100 True 0.0625 121.45544290542603 1
5200 True 0.0625 123.2473816871643 1
5300 True 0.0625 121.32836389541626 1
5400 True 0.0 120.87582302093506 1
5500 True 0.0 120.56246733665466 1
5600 False 0.0 0.0 0
5700 True 0.0 122.13162469863892 1
5800 True 0.0625 120.84899139404297 1
5900 True 0.0625 122.91035771369934 1
6000 True 0.0625 120.7481701374054 1
6100 True 0.0625 122.94738054275513 1
6200 True 0.0 121.48796534538269 1
6300 True 0.0 120.81661128997803 1
6400 True 0.0625 122.10643601417542 1
6500 True 0.0 120.97812175750732 1
6600 True 0.0 120.60975337028503 1
6700 True 0.0625 120.5938069820404 1
6800 True 0.0625 120.70318651199341 1
6900 True 0.0625 121.14339423179626 1
7000 True 0.0625 121.0041663646698 1
7100 True 0.09375 121.95940661430359 1
7200 True 0.0625 120.88332653045654 1
7300 True 0.0625 121.04099535942078 1
7400 True 0.0625 122.28085970878601 1
7500 True 0.0625 120.50789952278137 1
7600 True 0.0625 121.99791669845581 1
7700 True 0.0625 120.98616433143616 1
7800 True 0.0625 120.947500705719 1
7900 True 0.0625 121.9866852760315 1
8000 True 0.0625 120.73570919036865 1
8100 True 0.0625 121.2748167514801 1
8200 True 0.0625 120.66513681411743 1
8300 True 0.0625 120.98792290687561 1
8400 True 0.125 121.45977115631104 1
8500 True 0.0625 120.67363834381104 1
8600 True 0.0625 121.92159485816956 1
8700 True 0.0625 122.66406345367432 1
8800 True 0.0625 121.19821190834045 1
8900 True 0.0625 121.30480575561523 1
9000 True 0.0625 120.99840116500854 1
9100 True 0.125 121.94462466239929 1
9200 True 0.0625 121.0405855178833 1
9300 True 0.0625 122.06099271774292 1
9400 True 0.0625 121.67375802993774 1
9500 True 0.0625 121.437424659729 1
9600 True 0.0625 120.983891248703 1
9700 True 0.03125 122.37882089614868 1
9800 True 0.0625 121.1476263999939 1
9900 True 0.0625 121.15058946609497 1
