0 True 0.0625 120.55311679840088 1
100 True 0.03125 121.0728976726532 1
200 True 0.03125 121.63174533843994 1
300 True 0.03125 120.57655215263367 1
400 True 0.03125 120.7903082370758 1
500 True 0.0625 122.12732005119324 1
600 True 0.03125 120.92472648620605 1
700 True 0.0625 121.42101836204529 1
800 True 0.03125 120.82276558876038 1
900 True 0.015625 122.21583127975464 1
1000 True 0.03125 122.77020359039307 1
1100 True 0.0625 120.83008909225464 1
1200 True 0.03125 121.50111532211304 1
1300 True 0.03125 121.63449573516846 1
1400 True 0.0625 120.67246913909912 1
1500 True 0.015625 120.7094898223877 1
1600 True 0.03125 121.44390082359314 1
1700 True 0.0625 122.3451566696167 1
1800 True 0.03125 121.6252715587616 1
1900 True 0.03125 122.37088942527771 1
2000 True 0.03125 122.51526212692261 1
2100 True 0.03125 121.12956380844116 1
2200 True 0.03125 121.22052145004272 1
2300 True 0.03125 121.5411274433136 1
2400 True 0.03125 121.7255961894989 1
2500 True 0.03125 121.11373400688171 1
2600 True 0.03125 121.18341493606567 1
2700 True 0.03125 120.97922158241272 1
2800 True 0.03125 121.71825671195984 1
2900 True 0.03125 121.05809164047241 1
3000 True 0.03125 120.95881938934326 1
3100 True 0.03125 122.09780192375183 1
3200 True 0.0625 122.4192955493927 1
3300 True 0.03125 121.04991292953491 1
3400 True 0.0625 120.6201958656311 1
3500 True 0.0625 121.18249106407166 1
3600 True 0.0625 120.63900661468506 1
3700 True 0.0625 122.28725123405457 1
3800 True 0.03125 120.66286063194275 1
3900 True 0.0625 121.0009195804596 1
4000 True 0.03125 120.869877576828 1
4100 True 0.03125 120.74480986595154 1
4200 True 0.03125 121.66816663742065 1
4300 True 0.03125 120.8200888633728 1
4400 True 0.03125 120.77102994918823 1
4500 True 0.0 41.01518130302429 0
4600 True 0.0625 121.34311103820801 1
4700 True 0.03125 120.9364869594574 1
4800 True 0.0625 123.46266889572144 1
4900 True 0.0 121.05599117279053 1
5000 True 0.0 122.7760226726532 1
5100 True 0.03125 123.10470485687256 1
5200 True 0.0 123.34770250320435 1
5300 True 0.0 122.10109615325928 1
5400 True 0.0625 121.4210433959961 1
5500 True 0.0625 121.54632830619812 1
5600 True 0.0 122.91742491722107 1
5700 True 0.0 123.19672083854675 1
5800 True 0.0 122.38239669799805 1
5900 True 0.0625 120.52111005783081 1
6000 True 0.0 122.42474222183228 1
6100 True 0.0625 121.22142958641052 1
6200 True 0.0 121.08118748664856 1
6300 True 0.0 120.98032522201538 1
6400 True 0.03125 123.26063346862793 1
6500 True 0.0625 122.01903367042542 1
6600 True 0.0 122.69750142097473 1
6700 True 0.03125 121.33554863929749 1
6800 True 0.0625 120.74297523498535 1
6900 True 0.0 120.83604955673218 1
7000 True 0.0625 122.26632714271545 1
7100 True 0.0 120.78179049491882 1
7200 True 0.03125 120.71273112297058 1
7300 True 0.0 122.12266683578491 1
7400 True 0.0 120.84661865234375 1
7500 True 0.0 121.46619749069214 1
7600 True 0.0625 120.54907870292664 1
7700 True 0.0 122.20681858062744 1
7800 True 0.03125 120.95036172866821 1
7900 True 0.0 122.26583337783813 1
8000 True 0.0 122.35866141319275 1
8100 True 0.0 121.4892988204956 1
8200 True 0.0 121.06793284416199 1
8300 True 0.0625 122.90811157226562 1
8400 True 0.0 122.38364291191101 1
8500 True 0.0625 120.94324016571045 1
8600 True 0.0625 121.21110725402832 1
8700 True 0.0 122.64044141769409 1
8800 True 0.0625 123.27622485160828 1
8900 True 0.0 122.27290630340576 1
9000 True 0.0625 120.98477387428284 1
9100 True 0.0625 120.61017847061157 1
9200 True 0.0625 123.3063976764679 1
9300 True 0.0625 121.51176643371582 1
9400 True 0.0 120.78540229797363 1
9500 True 0.03125 120.90343856811523 1
9600 True 0.0625 120.79872941970825 1
9700 True 0.0 121.38571763038635 1
9800 True 0.0 121.40777587890625 1
9900 True 0.0 121.51127123832703 1
