0 True 0.125 122.89803409576416 1
100 True 0.125 121.80315780639648 1
200 True 0.0625 121.6598482131958 1
300 True 0.125 120.78338861465454 1
400 True 0.0625 122.8086678981781 1
500 True 0.0625 121.20613598823547 1
600 True 0.125 122.77282786369324 1
700 True 0.125 120.94120645523071 1
800 True 0.125 120.68195366859436 1
900 False 0.0 0.0 0
1000 True 0.125 120.95164346694946 1
1100 True 0.125 120.79819130897522 1
1200 True 0.0625 121.89024567604065 1
1300 True 0.125 120.75339889526367 1
1400 True 0.125 122.18421339988708 1
1500 True 0.03125 123.3087944984436 1
1600 True 0.125 121.3158004283905 1
1700 True 0.125 121.32245230674744 1
1800 True 0.0625 120.98722791671753 1
1900 True 0.0625 121.6105637550354 1
2000 True 0.125 121.89426302909851 1
2100 True 0.125 122.36511754989624 1
2200 True 0.125 120.87700319290161 1
2300 True 0.125 120.93934464454651 1
2400 True 0.125 121.01903676986694 1
2500 True 0.125 121.40115356445312 1
2600 True 0.125 120.79670786857605 1
2700 True 0.125 122.46484160423279 1
2800 True 0.0625 121.58781814575195 1
2900 True 0.125 120.96034789085388 1
3000 True 0.125 122.64264154434204 1
3100 True 0.0625 121.88096117973328 1
3200 True 0.125 122.38902997970581 1
3300 True 0.0625 122.49196243286133 1
3400 True 0.125 121.5546977519989 1
3500 True 0.125 121.81246423721313 1
3600 True 0.125 120.83260416984558 1
3700 True 0.125 122.42498707771301 1
3800 True 0.125 120.98804998397827 1
3900 True 0.125 121.00191760063171 1
4000 True 0.0625 121.81472206115723 1
4100 True 0.0625 120.84130668640137 1
4200 True 0.125 120.93645477294922 1
4300 True 0.0 121.9231104850769 1
4400 True 0.0625 120.92643857002258 1
4500 True 0.0 121.09418940544128 1
4600 True 0.125 121.1675271987915 1
4700 True 0.125 120.77604484558105 1
4800 True 0.125 121.25152802467346 1
4900 True 0.125 120.6618766784668 1
5000 True 0.125 122.79839277267456 1
5100 True 0.125 121.39333653450012 1
5200 True 0.125 120.53741669654846 1
5300 True 0.125 121.2976405620575 1
5400 True 0.125 120.55106806755066 1
5500 True 0.125 122.26507067680359 1
5600 True 0.125 122.35111737251282 1
5700 True 0.125 121.51750016212463 1
5800 True 0.125 120.83048391342163 1
5900 True 0.125 121.94305157661438 1
6000 True 0.125 120.50517463684082 1
6100 True 0.125 122.10910558700562 1
6200 True 0.125 121.90349793434143 1
6300 True 0.125 120.63851547241211 1
6400 True 0.0625 120.97698712348938 1
6500 True 0.125 122.4242935180664 1
6600 True 0.0625 121.09694123268127 1
6700 True 0.0625 121.28784418106079 1
6800 True 0.125 120.9520959854126 1
6900 True 0.125 122.5722246170044 1
7000 True 0.125 121.46335053443909 1
7100 True 0.125 121.13402128219604 1
7200 True 0.0625 121.36941480636597 1
7300 True 0.125 120.84281182289124 1
7400 True 0.125 120.59293341636658 1
7500 True 0.125 122.76201009750366 1
7600 True 0.125 121.18534064292908 1
7700 True 0.125 121.51769733428955 1
7800 True 0.03125 120.76815962791443 1
7900 True 0.0625 122.66468024253845 1
8000 True 0.125 121.5743420124054 1
8100 True 0.125 120.55234432220459 1
8200 True 0.125 120.99798631668091 1
8300 True 0.125 122.00543212890625 1
8400 True 0.125 122.79276657104492 1
8500 True 0.125 122.29314160346985 1
8600 True 0.125 120.84019541740417 1
8700 True 0.125 121.30898261070251 1
8800 True 0.125 120.75913548469543 1
8900 True 0.125 120.90258693695068 1
9000 True 0.125 120.65738248825073 1
9100 True 0.125 121.26854920387268 1
9200 True 0.125 120.69887900352478 1
9300 True 0.125 120.979731798172 1
9400 True 0.0625 120.92982006072998 1
9500 True 0.125 120.50399994850159 1
9600 True 0.0625 122.65659499168396 1
9700 True 0.0625 120.53852868080139 1
9800 True 0.125 122.22587752342224 1
9900 True 0.0625 121.43121886253357 1
