0 True 0 48.60624051094055 0
100 True 0 36.14973974227905 0
200 True 0 36.71469163894653 0
300 True 0 26.269989252090454 0
400 True 0 40.77378463745117 0
500 True 0 43.21289849281311 0
600 True 0 40.11723780632019 0
700 True 0 37.56188607215881 0
800 True 0 21.59907341003418 0
900 True 0 33.17512392997742 0
1000 True 0 47.89134931564331 0
1100 True 0 41.12346696853638 0
1200 True 0 25.55171537399292 0
1300 True 0 36.95911455154419 0
1400 True 0 33.231950521469116 0
1500 False 0 0.0 0
1600 True 0 3.622394323348999 0
1700 True 0 47.931060791015625 0
1800 True 0 33.17545938491821 0
1900 True 0 25.288450956344604 0
2000 True 0 29.09520936012268 0
2100 True 0 50.93803358078003 0
2200 True 0 21.468862295150757 0
2300 True 0 40.63600420951843 0
2400 True 0 45.23922157287598 0
2500 True 0 35.49478101730347 0
2600 True 0 39.72539806365967 0
2700 True 0 45.551536321640015 0
2800 True 0 22.55254101753235 0
2900 True 0 29.28811764717102 0
3000 True 0 37.05801296234131 0
3100 True 0 30.028198957443237 0
3200 True 0 44.608773946762085 0
3300 True 0 51.903340339660645 0
3400 True 0 50.964895486831665 0
3500 True 0 54.2627739906311 0
3600 True 0 43.80390453338623 0
3700 True 0 30.002284288406372 0
3800 True 0 33.38789129257202 0
3900 True 0 37.48049068450928 0
4000 True 0 35.15512990951538 0
4100 True 0 24.382582902908325 0
4200 True 0 34.63217115402222 0
4300 False 0 0.0 0
4400 True 0 26.085288047790527 0
4500 False 0 0.0 0
4600 True 0 54.19987773895264 0
4700 True 0 41.020209550857544 0
4800 True 0 46.21727466583252 0
4900 True 0 46.68044590950012 0
5000 True 0 40.611358642578125 0
5100 True 0 30.519770860671997 0
5200 True 0 33.08807039260864 0
5300 True 0 45.17018961906433 0
5400 True 0 38.949544191360474 0
5500 True 0 50.314539670944214 0
5600 False 0 0.0 0
5700 True 0 45.09817600250244 0
5800 True 0 48.22551655769348 0
5900 True 0 45.173298835754395 0
6000 True 0 29.39445686340332 0
6100 True 0 37.23778963088989 0
6200 True 0 53.12013220787048 0
6300 True 0 43.98655819892883 0
6400 True 0 31.53506326675415 0
6500 True 0 38.34885859489441 0
6600 True 0 18.888885259628296 0
6700 True 0 34.82877516746521 0
6800 True 0 39.669530153274536 0
6900 True 0 46.452847719192505 0
7000 True 0 46.3899028301239 0
7100 True 0 33.96650671958923 0
7200 True 0 41.96747398376465 0
7300 True 0 57.04094648361206 0
7400 True 0 50.18900918960571 0
7500 True 0 44.708160400390625 0
7600 True 0 40.313002824783325 0
7700 True 0 41.6050329208374 0
7800 True 0 15.100878715515137 0
7900 True 0 18.474910974502563 0
8000 True 0 41.19459652900696 0
8100 True 0 29.373664379119873 0
8200 True 0 52.638883113861084 0
8300 True 0 52.27016091346741 0
8400 True 0 53.025249004364014 0
8500 True 0 56.1272554397583 0
8600 True 0 48.091453552246094 0
8700 True 0 53.40332889556885 0
8800 True 1 55.12083387374878 0
8900 True 0 37.63737678527832 0
9000 True 0 52.86881637573242 0
9100 True 0 52.903547048568726 0
9200 True 0 46.990479946136475 0
9300 True 1 56.765721797943115 0
9400 True 0 19.385295152664185 0
9500 True 0 22.584277629852295 0
9600 True 0 18.311169385910034 0
9700 False 0 0.0 0
9800 True 0 33.42028737068176 0
9900 True 0 36.20642447471619 0
