0 True 0 62.49831962585449 1
100 True 1 55.346139907836914 0
200 True 0 39.0349018573761 0
300 True 1 57.055301666259766 0
400 True 0 43.27352333068848 0
500 True 1 55.810128688812256 0
600 True 1 55.29834342002869 0
700 True 1 56.58083987236023 0
800 True 1 56.735610008239746 0
900 False 0 0.0 0
1000 True 1 54.08618664741516 0
1100 True 1 55.87726092338562 0
1200 True 0 46.66502618789673 0
1300 True 1 55.502249240875244 0
1400 True 1 52.50102877616882 0
1500 True 0 26.79328680038452 0
1600 True 1 55.29448628425598 0
1700 True 1 55.80007243156433 0
1800 True 1 54.521374464035034 0
1900 True 0 52.705992460250854 0
2000 True 1 45.23705053329468 0
2100 True 1 37.38998031616211 0
2200 True 1 37.22921013832092 0
2300 True 1 36.95578169822693 0
2400 True 1 37.29451584815979 0
2500 True 1 38.320982217788696 0
2600 True 1 38.687686920166016 0
2700 True 1 37.661744594573975 0
2800 True 1 37.3692991733551 0
2900 True 1 37.613924741744995 0
3000 True 1 38.54653787612915 0
3100 True 1 37.843271255493164 0
3200 True 1 37.55869722366333 0
3300 True 1 38.5621497631073 0
3400 True 1 37.32197451591492 0
3500 True 1 37.9255588054657 0
3600 True 1 37.287765979766846 0
3700 True 1 38.70085954666138 0
3800 True 1 42.551119565963745 0
3900 True 1 55.905203104019165 0
4000 True 1 56.55828928947449 0
4100 True 0 49.82713556289673 0
4200 True 1 55.9978129863739 0
4300 True 0 18.804726123809814 0
4400 True 1 55.4617133140564 0
4500 True 0 18.516162633895874 0
4600 True 1 55.203556537628174 0
4700 True 1 55.71899104118347 0
4800 True 1 55.17295813560486 0
4900 True 1 54.320544481277466 0
5000 True 1 55.50500774383545 0
5100 True 1 56.043872356414795 0
5200 True 1 55.12249422073364 0
5300 True 1 54.060179233551025 0
5400 True 1 55.358370542526245 0
5500 True 1 54.18997406959534 0
5600 True 1 56.06920552253723 0
5700 True 1 53.509992837905884 0
5800 True 1 55.56162142753601 0
5900 True 1 54.2423632144928 0
6000 True 1 53.48908305168152 0
6100 True 1 54.08470845222473 0
6200 True 1 55.11021614074707 0
6300 True 1 55.296374559402466 0
6400 True 0 47.10923790931702 0
6500 True 1 54.380295276641846 0
6600 True 1 53.56551718711853 0
6700 True 1 55.89135122299194 0
6800 True 1 56.43654441833496 0
6900 True 1 54.491148471832275 0
7000 True 1 55.97658157348633 0
7100 True 1 53.536139726638794 0
7200 True 0 52.753506660461426 0
7300 True 1 55.153287172317505 0
7400 True 1 53.14043879508972 0
7500 True 1 53.45727252960205 0
7600 True 1 56.06554102897644 0
7700 True 1 54.35444355010986 0
7800 True 0 25.858561992645264 0
7900 True 1 54.15931463241577 0
8000 True 1 54.123958349227905 0
8100 True 1 52.314109563827515 0
8200 True 1 53.797128677368164 0
8300 True 1 55.4184091091156 0
8400 True 1 54.37285780906677 0
8500 True 1 55.40364861488342 0
8600 True 1 54.975330114364624 0
8700 True 1 55.34762406349182 0
8800 True 1 53.40868854522705 0
8900 True 1 55.820658683776855 0
9000 True 1 54.564988136291504 0
9100 True 1 52.615633487701416 0
9200 True 1 54.37291383743286 0
9300 True 1 54.8020396232605 0
9400 True 0 51.7797966003418 0
9500 True 1 54.3364737033844 0
9600 True 1 55.59420204162598 0
9700 True 0 54.42282819747925 0
9800 True 1 54.41089963912964 0
9900 True 1 55.163702726364136 0
