0 True 0.125 122.05789303779602 1
100 True 0.125 121.7153000831604 1
200 True 0.125 120.59809374809265 1
300 True 0.125 121.92932677268982 1
400 True 0.125 122.26034903526306 1
500 True 0.125 120.9422607421875 1
600 True 0.125 122.17324829101562 1
700 True 0.125 122.762531042099 1
800 True 0.125 120.54110455513 1
900 True 0.125 121.10477232933044 1
1000 True 0.25 121.18847322463989 1
1100 True 0.125 121.57615542411804 1
1200 True 0.125 123.13516879081726 1
1300 True 0.125 122.07658696174622 1
1400 True 0.125 120.72717523574829 1
1500 False 0.0 0.0 0
1600 True 0.015625 120.97518539428711 1
1700 True 0.125 122.72762393951416 1
1800 True 0.125 121.41145443916321 1
1900 True 0.125 120.72862315177917 1
2000 True 0.125 122.30947422981262 1
2100 True 0.25 120.8155243396759 1
2200 True 0.0625 121.06284260749817 1
2300 True 0.125 120.79163718223572 1
2400 True 0.125 121.22222185134888 1
2500 True 0.125 122.89146876335144 1
2600 True 0.125 120.68156242370605 1
2700 True 0.125 120.8206238746643 1
2800 True 0.0625 121.88172745704651 1
2900 True 0.125 120.81390571594238 1
3000 True 0.125 121.60547876358032 1
3100 True 0.125 121.514976978302 1
3200 True 0.125 122.70880961418152 1
3300 True 0.25 122.96650314331055 1
3400 True 0.25 120.83363366127014 1
3500 True 0.25 120.57442545890808 1
3600 True 0.125 121.83900690078735 1
3700 True 0.125 121.82389330863953 1
3800 True 0.125 120.60506939888 1
3900 True 0.125 122.7684531211853 1
4000 True 0.125 121.94391536712646 1
4100 True 0.125 122.09096050262451 1
4200 True 0.125 120.50887107849121 1
4300 False 0.0 0.0 0
4400 True 0.125 122.63094520568848 1
4500 False 0.0 0.0 0
4600 True 0.25 121.73247599601746 1
4700 True 0.125 122.19953870773315 1
4800 True 0.125 122.40443634986877 1
4900 True 0.125 120.73260521888733 1
5000 True 0.125 121.1132071018219 1
5100 True 0.125 121.26494669914246 1
5200 True 0.125 120.80998969078064 1
5300 True 0.125 121.82125186920166 1
5400 True 0.125 121.08897376060486 1
5500 True 0.125 120.98740530014038 1
5600 False 0.0 0.0 0
5700 True 0.125 121.30823254585266 1
5800 True 0.25 120.80641746520996 1
5900 True 0.25 121.69974327087402 1
6000 True 0.125 122.2152624130249 1
6100 True 0.125 120.80037546157837 1
6200 True 0.25 120.65311217308044 1
6300 True 0.125 120.77772092819214 1
6400 True 0.125 121.93383288383484 1
6500 True 0.125 121.47416710853577 1
6600 True 0.0625 121.12041854858398 1
6700 True 0.125 122.70111417770386 1
6800 True 0.125 122.1351957321167 1
6900 True 0.125 121.05277824401855 1
7000 True 0.25 122.42492723464966 1
7100 True 0.125 122.83218717575073 1
7200 True 0.125 120.52512192726135 1
7300 True 0.25 120.9200496673584 1
7400 True 0.25 122.86259484291077 1
7500 True 0.125 122.61665201187134 1
7600 True 0.125 121.55946707725525 1
7700 True 0.125 122.06052756309509 1
7800 True 0.0625 121.60127925872803 1
7900 True 0.0625 122.28378820419312 1
8000 True 0.125 122.5069260597229 1
8100 True 0.125 121.03167462348938 1
8200 True 0.25 122.39378333091736 1
8300 True 0.25 120.90902924537659 1
8400 True 0.25 120.94516825675964 1
8500 True 0.25 121.61099100112915 1
8600 True 0.125 120.5391640663147 1
8700 True 0.25 121.25941944122314 1
8800 True 0.25 120.52321028709412 1
8900 True 0.125 122.42549061775208 1
9000 True 0.25 120.81126356124878 1
9100 True 0.25 122.86372637748718 1
9200 True 0.125 120.51514267921448 1
9300 True 0.25 120.5440456867218 1
9400 True 0.0625 122.98707723617554 1
9500 True 0.0625 120.75142526626587 1
9600 True 0.0625 120.60753178596497 1
9700 False 0.0 0.0 0
9800 True 0.125 122.51411890983582 1
9900 True 0.125 122.46941900253296 1
