0 True 0 63.747063636779785 1
100 True 0 60.833165407180786 1
200 True 0 60.6331307888031 1
300 True 0 54.00997471809387 0
400 True 0 60.77993416786194 1
500 True 0 62.09658193588257 1
600 True 0 60.954076528549194 1
700 True 0 67.73433089256287 1
800 True 0 64.57375311851501 1
900 False 0 0.0 0
1000 True 0 66.9856481552124 1
1100 True 0 64.96786046028137 1
1200 True 0 58.94497299194336 0
1300 True 0 71.00411057472229 1
1400 True 0 70.70236682891846 1
1500 False 0 0.0 0
1600 True 0 45.19744539260864 0
1700 True 0 71.59737753868103 1
1800 True 0 26.502837419509888 0
1900 True 0 48.98342418670654 0
2000 True 0 71.37126159667969 1
2100 True 0 62.29192113876343 1
2200 True 0 61.501047134399414 1
2300 True 0 25.227242469787598 0
2400 True 0 50.808308362960815 0
2500 True 0 60.656015396118164 1
2600 True 0 61.11422324180603 1
2700 True 0 60.56190776824951 1
2800 True 0 37.728188276290894 0
2900 True 0 61.08303451538086 1
3000 True 0 72.17417860031128 1
3100 True 0 61.89937901496887 1
3200 True 0 62.026262283325195 1
3300 True 0 57.949336528778076 0
3400 True 0 62.82335329055786 1
3500 True 0 70.15110611915588 1
3600 True 0 62.264416217803955 1
3700 True 0 60.80502772331238 1
3800 True 0 71.15435981750488 1
3900 True 0 60.99049758911133 1
4000 True 0 24.003190994262695 0
4100 True 0 63.36509346961975 1
4200 True 0 61.30231857299805 1
4300 True 0 36.491300106048584 0
4400 True 0 38.254281759262085 0
4500 False 0 0.0 0
4600 True 0 60.65926432609558 1
4700 True 0 64.034836769104 1
4800 True 0 62.62927603721619 1
4900 True 0 62.522528886795044 1
5000 True 0 70.97570013999939 1
5100 True 0 66.85312223434448 1
5200 True 0 72.14965081214905 1
5300 True 0 63.608911752700806 1
5400 True 0 60.53851532936096 1
5500 True 0 63.09247398376465 1
5600 True 0 66.01369071006775 1
5700 True 0 60.5 1
5800 True 0 60.5 1
5900 True 0 60.5 1
6000 True 0 60.5 1
6100 True 0 60.5 1
6200 True 0 60.5 1
6300 True 0 60.5 1
6400 True 0 60.5 1
6500 True 0 60.5 1
6600 True 0 60.5 1
6700 True 0 60.5 1
6800 True 0 60.5 1
6900 True 0 60.5 1
7000 True 0 60.5 1
7100 True 0 60.5 1
7200 True 0 60.5 1
7300 True 0 60.5 1
7400 True 0 60.5 1
7500 True 0 60.5 1
7600 True 0 60.5 1
7700 True 0 60.5 1
7800 False 0 0.0 0
7900 True 0 60.5 1
8000 True 0 60.5 1
8100 True 0 60.5 1
8200 True 0 60.5 1
8300 True 0 60.5 1
8400 True 0 60.5 1
8500 True 0 60.5 1
8600 True 0 60.5 1
8700 True 0 60.5 1
8800 True 0 60.5 1
8900 True 0 60.5 1
9000 True 0 60.5 1
9100 True 0 60.5 1
9200 True 0 60.5 1
9300 True 0 60.5 1
9400 True 0 60.5 1
9500 True 0 60.5 1
9600 True 0 60.5 1
9700 True 0 60.5 1
9800 True 0 60.5 1
9900 True 0 60.5 1
