0 True 0 0.0037043094635009766 0
100 False 0 0.0 0
200 False 0 0.0 0
300 True 1 0.003547191619873047 0
400 True 1 0.0036551952362060547 0
500 False 0 0.0 0
600 True 0 0.0035440921783447266 0
700 True 0 0.0035622119903564453 0
800 True 0 0.0034766197204589844 0
900 False 0 0.0 0
1000 True 1 0.003549814224243164 0
1100 False 0 0.0 0
1200 True 1 0.0035567283630371094 0
1300 False 0 0.0 0
1400 True 0 0.0035479068756103516 0
1500 True 1 0.0035576820373535156 0
1600 False 0 0.0 0
1700 False 0 0.0 0
1800 False 0 0.0 0
1900 True 1 0.0034847259521484375 0
2000 False 0 0.0 0
2100 False 0 0.0 0
2200 True 1 0.003623485565185547 0
2300 False 0 0.0 0
2400 True 1 0.0036177635192871094 0
2500 False 0 0.0 0
2600 True 1 0.0035283565521240234 0
2700 False 0 0.0 0
2800 False 0 0.0 0
2900 False 0 0.0 0
3000 True 1 0.003484487533569336 0
3100 True 1 0.003607511520385742 0
3200 False 0 0.0 0
3300 False 0 0.0 0
3400 False 0 0.0 0
3500 True 1 0.003612041473388672 0
3600 False 0 0.0 0
3700 False 0 0.0 0
3800 False 0 0.0 0
3900 False 0 0.0 0
4000 False 0 0.0 0
4100 True 1 0.003534555435180664 0
4200 True 0 0.003512144088745117 0
4300 True 1 0.0038785934448242188 0
4400 False 0 0.0 0
4500 False 0 0.0 0
4600 False 0 0.0 0
4700 False 0 0.0 0
4800 True 1 0.0036363601684570312 0
4900 False 0 0.0 0
5000 True 1 0.0034813880920410156 0
5100 True 0 0.003647327423095703 0
5200 True 1 0.0036911964416503906 0
5300 False 0 0.0 0
5400 True 0 0.003605365753173828 0
5500 False 0 0.0 0
5600 False 0 0.0 0
5700 True 0 0.0037240982055664062 0
5800 False 0 0.0 0
5900 False 0 0.0 0
6000 True 0 0.0041081905364990234 0
6100 True 1 0.0035779476165771484 0
6200 False 0 0.0 0
6300 False 0 0.0 0
6400 False 0 0.0 0
6500 False 0 0.0 0
6600 True 1 0.003467559814453125 0
6700 False 0 0.0 0
6800 True 0 0.003471851348876953 0
6900 False 0 0.0 0
7000 False 0 0.0 0
7100 False 0 0.0 0
7200 False 0 0.0 0
7300 True 0 0.0035333633422851562 0
7400 True 1 0.003597259521484375 0
7500 False 0 0.0 0
7600 True 0 0.003580808639526367 0
7700 True 1 0.0035114288330078125 0
7800 True 1 0.003498077392578125 0
7900 False 0 0.0 0
8000 True 1 0.003553152084350586 0
8100 False 0 0.0 0
8200 False 0 0.0 0
8300 False 0 0.0 0
8400 False 0 0.0 0
8500 True 1 0.0034966468811035156 0
8600 False 0 0.0 0
8700 True 1 0.0035920143127441406 0
8800 True 1 0.003928661346435547 0
8900 False 0 0.0 0
9000 True 1 0.003543853759765625 0
9100 False 0 0.0 0
9200 True 1 0.0045623779296875 0
9300 False 0 0.0 0
9400 False 0 0.0 0
9500 False 0 0.0 0
9600 True 1 0.00420689582824707 0
9700 True 1 0.004342079162597656 0
9800 True 0 0.0036139488220214844 0
9900 False 0 0.0 0
