0 False 0.0 0.0 0
100 True 0.0 0.018584012985229492 0
200 False 0.0 0.0 0
300 True 0.0234375 0.018433094024658203 0
400 True 0.03125 0.018617868423461914 0
500 False 0.0 0.0 0
600 False 0.0 0.0 0
700 True 0.0078125 0.018596887588500977 0
800 False 0.0 0.0 0
900 False 0.0 0.0 0
1000 True 0.0078125 0.018346309661865234 0
1100 False 0.0 0.0 0
1200 False 0.0 0.0 0
1300 False 0.0 0.0 0
1400 True 0.015625 0.018507003784179688 0
1500 False 0.0 0.0 0
1600 False 0.0 0.0 0
1700 False 0.0 0.0 0
1800 False 0.0 0.0 0
1900 True 0.015625 0.01905512809753418 0
2000 False 0.0 0.0 0
2100 False 0.0 0.0 0
2200 True 0.0390625 0.01848769187927246 0
2300 False 0.0 0.0 0
2400 True 0.0859375 0.018764495849609375 0
2500 False 0.0 0.0 0
2600 True 0.015625 0.0191042423248291 0
2700 False 0.0 0.0 0
2800 False 0.0 0.0 0
2900 False 0.0 0.0 0
3000 True 0.046875 0.019110918045043945 0
3100 True 0.0234375 0.020293474197387695 0
3200 False 0.0 0.0 0
3300 False 0.0 0.0 0
3400 True 0.0078125 0.019067764282226562 0
3500 True 0.015625 0.01946282386779785 0
3600 False 0.0 0.0 0
3700 False 0.0 0.0 0
3800 False 0.0 0.0 0
3900 False 0.0 0.0 0
4000 False 0.0 0.0 0
4100 True 0.0234375 0.019131183624267578 0
4200 True 0.0078125 0.021913766860961914 0
4300 False 0.0 0.0 0
4400 False 0.0 0.0 0
4500 False 0.0 0.0 0
4600 False 0.0 0.0 0
4700 False 0.0 0.0 0
4800 True 0.03125 0.026070833206176758 0
4900 False 0.0 0.0 0
5000 True 0.015625 0.02278590202331543 0
5100 False 0.0 0.0 0
5200 True 0.015625 0.01838374137878418 0
5300 False 0.0 0.0 0
5400 True 0.015625 0.018623828887939453 0
5500 False 0.0 0.0 0
5600 False 0.0 0.0 0
5700 False 0.0 0.0 0
5800 False 0.0 0.0 0
5900 False 0.0 0.0 0
6000 False 0.0 0.0 0
6100 True 0.0 0.01846456527709961 0
6200 False 0.0 0.0 0
6300 False 0.0 0.0 0
6400 False 0.0 0.0 0
6500 False 0.0 0.0 0
6600 False 0.0 0.0 0
6700 True 0.0 0.018597841262817383 0
6800 True 0.0078125 0.01846170425415039 0
6900 False 0.0 0.0 0
7000 False 0.0 0.0 0
7100 True 0.0390625 0.018599510192871094 0
7200 False 0.0 0.0 0
7300 False 0.0 0.0 0
7400 False 0.0 0.0 0
7500 False 0.0 0.0 0
7600 False 0.0 0.0 0
7700 True 0.015625 0.019412994384765625 0
7800 True 0.0234375 0.018616199493408203 0
7900 False 0.0 0.0 0
8000 True 0.03125 0.018876314163208008 0
8100 False 0.0 0.0 0
8200 False 0.0 0.0 0
8300 False 0.0 0.0 0
8400 False 0.0 0.0 0
8500 True 0.0078125 0.018848419189453125 0
8600 False 0.0 0.0 0
8700 False 0.0 0.0 0
8800 True 0.0625 0.01874542236328125 0
8900 False 0.0 0.0 0
9000 False 0.0 0.0 0
9100 False 0.0 0.0 0
9200 True 0.0234375 0.01844954490661621 0
9300 True 0.0078125 0.018605709075927734 0
9400 False 0.0 0.0 0
9500 False 0.0 0.0 0
9600 True 0.0234375 0.018819332122802734 0
9700 True 0.0390625 0.018559932708740234 0
9800 False 0.0 0.0 0
9900 False 0.0 0.0 0
