0 False 0 0.0 0
100 False 0 0.0 0
200 False 0 0.0 0
300 True 1 0.003592252731323242 0
400 True 1 0.003451108932495117 0
500 False 0 0.0 0
600 True 1 0.0034177303314208984 0
700 False 0 0.0 0
800 False 0 0.0 0
900 False 0 0.0 0
1000 True 1 0.003410816192626953 0
1100 False 0 0.0 0
1200 False 0 0.0 0
1300 True 1 0.003470897674560547 0
1400 True 1 0.0034189224243164062 0
1500 False 0 0.0 0
1600 False 0 0.0 0
1700 False 0 0.0 0
1800 False 0 0.0 0
1900 True 1 0.003459930419921875 0
2000 False 0 0.0 0
2100 False 0 0.0 0
2200 True 1 0.003355264663696289 0
2300 False 0 0.0 0
2400 True 1 0.0034682750701904297 0
2500 False 0 0.0 0
2600 True 1 0.0032465457916259766 0
2700 False 0 0.0 0
2800 False 0 0.0 0
2900 False 0 0.0 0
3000 True 1 0.003567934036254883 0
3100 True 1 0.0033740997314453125 0
3200 False 0 0.0 0
3300 False 0 0.0 0
3400 True 1 0.0033271312713623047 0
3500 False 0 0.0 0
3600 True 0 0.0035600662231445312 0
3700 False 0 0.0 0
3800 True 1 0.0034503936767578125 0
3900 False 0 0.0 0
4000 True 0 0.003283262252807617 0
4100 True 1 0.0035407543182373047 0
4200 False 0 0.0 0
4300 False 0 0.0 0
4400 False 0 0.0 0
4500 False 0 0.0 0
4600 False 0 0.0 0
4700 False 0 0.0 0
4800 True 1 0.003393888473510742 0
4900 False 0 0.0 0
5000 False 0 0.0 0
5100 False 0 0.0 0
5200 False 0 0.0 0
5300 False 0 0.0 0
5400 False 0 0.0 0
5500 False 0 0.0 0
5600 False 0 0.0 0
5700 False 0 0.0 0
5800 False 0 0.0 0
5900 False 0 0.0 0
6000 True 0 0.003429889678955078 0
6100 True 1 0.0035674571990966797 0
6200 False 0 0.0 0
6300 False 0 0.0 0
6400 False 0 0.0 0
6500 False 0 0.0 0
6600 False 0 0.0 0
6700 True 0 0.003394603729248047 0
6800 True 1 0.0033779144287109375 0
6900 False 0 0.0 0
7000 False 0 0.0 0
7100 True 1 0.003537893295288086 0
7200 False 0 0.0 0
7300 False 0 0.0 0
7400 False 0 0.0 0
7500 False 0 0.0 0
7600 False 0 0.0 0
7700 True 1 0.003429412841796875 0
7800 True 1 0.003401517868041992 0
7900 False 0 0.0 0
8000 False 0 0.0 0
8100 False 0 0.0 0
8200 False 0 0.0 0
8300 False 0 0.0 0
8400 False 0 0.0 0
8500 False 0 0.0 0
8600 False 0 0.0 0
8700 False 0 0.0 0
8800 True 1 0.00356292724609375 0
8900 False 0 0.0 0
9000 False 0 0.0 0
9100 False 0 0.0 0
9200 True 1 0.0033371448516845703 0
9300 False 0 0.0 0
9400 True 1 0.003257274627685547 0
9500 False 0 0.0 0
9600 True 1 0.0035812854766845703 0
9700 True 1 0.003482818603515625 0
9800 False 0 0.0 0
9900 True 1 0.003397226333618164 0
