0 False 0.0 0.0 0
100 False 0.0 0.0 0
200 False 0.0 0.0 0
300 True 0.0361328125 0.026878833770751953 0
400 True 0.10546875 0.02826833724975586 0
500 False 0.0 0.0 0
600 True 0.0673828125 0.026721477508544922 0
700 False 0.0 0.0 0
800 False 0.0 0.0 0
900 False 0.0 0.0 0
1000 True 0.0546875 0.028313159942626953 0
1100 False 0.0 0.0 0
1200 False 0.0 0.0 0
1300 True 0.0732421875 0.02720499038696289 0
1400 True 0.0537109375 0.028565645217895508 0
1500 False 0.0 0.0 0
1600 False 0.0 0.0 0
1700 False 0.0 0.0 0
1800 False 0.0 0.0 0
1900 True 0.06640625 0.026428699493408203 0
2000 False 0.0 0.0 0
2100 False 0.0 0.0 0
2200 True 0.1123046875 0.028371810913085938 0
2300 False 0.0 0.0 0
2400 True 0.1953125 0.026734590530395508 0
2500 False 0.0 0.0 0
2600 True 0.09765625 0.028437137603759766 0
2700 False 0.0 0.0 0
2800 False 0.0 0.0 0
2900 False 0.0 0.0 0
3000 True 0.119140625 0.02639484405517578 0
3100 True 0.0888671875 0.02826070785522461 0
3200 False 0.0 0.0 0
3300 False 0.0 0.0 0
3400 True 0.072265625 0.026398420333862305 0
3500 False 0.0 0.0 0
3600 True 0.0244140625 0.028317928314208984 0
3700 False 0.0 0.0 0
3800 True 0.0419921875 0.027492523193359375 0
3900 False 0.0 0.0 0
4000 True 0.0146484375 0.02812504768371582 0
4100 True 0.08203125 0.02628469467163086 0
4200 False 0.0 0.0 0
4300 False 0.0 0.0 0
4400 False 0.0 0.0 0
4500 False 0.0 0.0 0
4600 False 0.0 0.0 0
4700 False 0.0 0.0 0
4800 True 0.15625 0.028271913528442383 0
4900 False 0.0 0.0 0
5000 False 0.0 0.0 0
5100 False 0.0 0.0 0
5200 False 0.0 0.0 0
5300 False 0.0 0.0 0
5400 False 0.0 0.0 0
5500 False 0.0 0.0 0
5600 False 0.0 0.0 0
5700 False 0.0 0.0 0
5800 False 0.0 0.0 0
5900 False 0.0 0.0 0
6000 True 0.0009765625 0.026441097259521484 0
6100 True 0.037109375 0.028800487518310547 0
6200 False 0.0 0.0 0
6300 False 0.0 0.0 0
6400 False 0.0 0.0 0
6500 False 0.0 0.0 0
6600 False 0.0 0.0 0
6700 True 0.0166015625 0.026719331741333008 0
6800 True 0.1083984375 0.027951955795288086 0
6900 False 0.0 0.0 0
7000 False 0.0 0.0 0
7100 True 0.138671875 0.02699422836303711 0
7200 False 0.0 0.0 0
7300 False 0.0 0.0 0
7400 False 0.0 0.0 0
7500 False 0.0 0.0 0
7600 False 0.0 0.0 0
7700 True 0.064453125 0.027786970138549805 0
7800 True 0.1435546875 0.02703571319580078 0
7900 False 0.0 0.0 0
8000 False 0.0 0.0 0
8100 False 0.0 0.0 0
8200 False 0.0 0.0 0
8300 False 0.0 0.0 0
8400 False 0.0 0.0 0
8500 False 0.0 0.0 0
8600 False 0.0 0.0 0
8700 False 0.0 0.0 0
8800 True 0.2353515625 0.02780747413635254 0
8900 False 0.0 0.0 0
9000 False 0.0 0.0 0
9100 False 0.0 0.0 0
9200 True 0.0439453125 0.02801823616027832 0
9300 False 0.0 0.0 0
9400 True 0.072265625 0.027591466903686523 0
9500 False 0.0 0.0 0
9600 True 0.0888671875 0.026536941528320312 0
9700 True 0.1025390625 0.02871561050415039 0
9800 False 0.0 0.0 0
9900 True 0.0400390625 0.026442527770996094 0
