0 False 0.0 0.0 0
100 False 0.0 0.0 0
200 False 0.0 0.0 0
300 True 0.0322265625 0.027147769927978516 0
400 True 0.046875 0.02840709686279297 0
500 False 0.0 0.0 0
600 False 0.0 0.0 0
700 False 0.0 0.0 0
800 True 0.01953125 0.027828216552734375 0
900 False 0.0 0.0 0
1000 True 0.03515625 0.028360605239868164 0
1100 False 0.0 0.0 0
1200 False 0.0 0.0 0
1300 True 0.01953125 0.026995420455932617 0
1400 True 0.0185546875 0.028756141662597656 0
1500 False 0.0 0.0 0
1600 False 0.0 0.0 0
1700 False 0.0 0.0 0
1800 False 0.0 0.0 0
1900 True 0.04296875 0.026605844497680664 0
2000 False 0.0 0.0 0
2100 False 0.0 0.0 0
2200 True 0.0693359375 0.02821946144104004 0
2300 False 0.0 0.0 0
2400 True 0.0380859375 0.02762293815612793 0
2500 False 0.0 0.0 0
2600 True 0.0302734375 0.028183937072753906 0
2700 False 0.0 0.0 0
2800 False 0.0 0.0 0
2900 False 0.0 0.0 0
3000 True 0.060546875 0.026526927947998047 0
3100 True 0.04296875 0.028412818908691406 0
3200 False 0.0 0.0 0
3300 True 0.005859375 0.02716827392578125 0
3400 True 0.0400390625 0.028415441513061523 0
3500 True 0.0048828125 0.026706695556640625 0
3600 False 0.0 0.0 0
3700 False 0.0 0.0 0
3800 True 0.0107421875 0.028813600540161133 0
3900 False 0.0 0.0 0
4000 False 0.0 0.0 0
4100 True 0.068359375 0.026564598083496094 0
4200 False 0.0 0.0 0
4300 True 0.0390625 0.028403043746948242 0
4400 False 0.0 0.0 0
4500 False 0.0 0.0 0
4600 True 0.005859375 0.0273129940032959 0
4700 True 0.001953125 0.02853536605834961 0
4800 True 0.0751953125 0.026710987091064453 0
4900 False 0.0 0.0 0
5000 True 0.037109375 0.028699874877929688 0
5100 False 0.0 0.0 0
5200 False 0.0 0.0 0
5300 False 0.0 0.0 0
5400 False 0.0 0.0 0
5500 True 0.0078125 0.027364492416381836 0
5600 True 0.0068359375 0.029101848602294922 0
5700 True 0.0 0.02709817886352539 0
5800 False 0.0 0.0 0
5900 False 0.0 0.0 0
6000 True 0.0087890625 0.02869725227355957 0
6100 True 0.01171875 0.0279083251953125 0
6200 False 0.0 0.0 0
6300 False 0.0 0.0 0
6400 False 0.0 0.0 0
6500 False 0.0 0.0 0
6600 True 0.0302734375 0.028737545013427734 0
6700 True 0.0048828125 0.026707887649536133 0
6800 True 0.0478515625 0.02866196632385254 0
6900 False 0.0 0.0 0
7000 False 0.0 0.0 0
7100 True 0.033203125 0.026645898818969727 0
7200 False 0.0 0.0 0
7300 False 0.0 0.0 0
7400 False 0.0 0.0 0
7500 False 0.0 0.0 0
7600 False 0.0 0.0 0
7700 True 0.0283203125 0.028757810592651367 0
7800 True 0.0400390625 0.027446746826171875 0
7900 False 0.0 0.0 0
8000 True 0.0400390625 0.028536558151245117 0
8100 False 0.0 0.0 0
8200 False 0.0 0.0 0
8300 False 0.0 0.0 0
8400 False 0.0 0.0 0
8500 True 0.01171875 0.027309894561767578 0
8600 False 0.0 0.0 0
8700 False 0.0 0.0 0
8800 True 0.076171875 0.028343915939331055 0
8900 False 0.0 0.0 0
9000 False 0.0 0.0 0
9100 False 0.0 0.0 0
9200 True 0.0595703125 0.02653360366821289 0
9300 False 0.0 0.0 0
9400 True 0.009765625 0.028292179107666016 0
9500 False 0.0 0.0 0
9600 True 0.044921875 0.026546716690063477 0
9700 True 0.0263671875 0.02850198745727539 0
9800 False 0.0 0.0 0
9900 False 0.0 0.0 0
