0 True 0.005859375 0.03511929512023926 0
100 False 0.0 0.0 0
200 False 0.0 0.0 0
300 True 0.013671875 0.03506040573120117 0
400 True 0.033203125 0.034003257751464844 0
500 False 0.0 0.0 0
600 True 0.0087890625 0.035059452056884766 0
700 True 0.00390625 0.035103797912597656 0
800 True 0.015625 0.03456568717956543 0
900 False 0.0 0.0 0
1000 True 0.0234375 0.03472542762756348 0
1100 False 0.0 0.0 0
1200 False 0.0 0.0 0
1300 True 0.0146484375 0.03498435020446777 0
1400 True 0.0146484375 0.03404831886291504 0
1500 False 0.0 0.0 0
1600 False 0.0 0.0 0
1700 False 0.0 0.0 0
1800 False 0.0 0.0 0
1900 True 0.0234375 0.03470659255981445 0
2000 False 0.0 0.0 0
2100 False 0.0 0.0 0
2200 False 0.0 0.0 0
2300 True 0.0068359375 0.03420567512512207 0
2400 True 0.0517578125 0.03539276123046875 0
2500 False 0.0 0.0 0
2600 True 0.021484375 0.03402280807495117 0
2700 True 0.017578125 0.034230947494506836 0
2800 False 0.0 0.0 0
2900 False 0.0 0.0 0
3000 True 0.0341796875 0.0341641902923584 0
3100 True 0.0107421875 0.034467458724975586 0
3200 False 0.0 0.0 0
3300 False 0.0 0.0 0
3400 False 0.0 0.0 0
3500 True 0.0029296875 0.03486323356628418 0
3600 False 0.0 0.0 0
3700 False 0.0 0.0 0
3800 True 0.0068359375 0.03406977653503418 0
3900 False 0.0 0.0 0
4000 False 0.0 0.0 0
4100 True 0.0390625 0.0341029167175293 0
4200 False 0.0 0.0 0
4300 True 0.03125 0.03432464599609375 0
4400 False 0.0 0.0 0
4500 False 0.0 0.0 0
4600 False 0.0 0.0 0
4700 False 0.0 0.0 0
4800 True 0.0263671875 0.03420305252075195 0
4900 False 0.0 0.0 0
5000 True 0.009765625 0.03559255599975586 0
5100 True 0.0244140625 0.034203290939331055 0
5200 True 0.0263671875 0.03431582450866699 0
5300 False 0.0 0.0 0
5400 True 0.013671875 0.03453397750854492 0
5500 False 0.0 0.0 0
5600 False 0.0 0.0 0
5700 False 0.0 0.0 0
5800 False 0.0 0.0 0
5900 False 0.0 0.0 0
6000 True 0.0048828125 0.03460431098937988 0
6100 True 0.0205078125 0.034914255142211914 0
6200 False 0.0 0.0 0
6300 False 0.0 0.0 0
6400 False 0.0 0.0 0
6500 False 0.0 0.0 0
6600 True 0.048828125 0.03434133529663086 0
6700 False 0.0 0.0 0
6800 True 0.021484375 0.03430938720703125 0
6900 False 0.0 0.0 0
7000 False 0.0 0.0 0
7100 True 0.01171875 0.03409123420715332 0
7200 False 0.0 0.0 0
7300 True 0.0 0.03397870063781738 0
7400 True 0.001953125 0.03552675247192383 0
7500 True 0.01171875 0.03408646583557129 0
7600 False 0.0 0.0 0
7700 True 0.0234375 0.03410673141479492 0
7800 True 0.0146484375 0.03425145149230957 0
7900 False 0.0 0.0 0
8000 True 0.02734375 0.034088850021362305 0
8100 False 0.0 0.0 0
8200 False 0.0 0.0 0
8300 False 0.0 0.0 0
8400 False 0.0 0.0 0
8500 False 0.0 0.0 0
8600 True 0.0029296875 0.03527522087097168 0
8700 True 0.0107421875 0.03416705131530762 0
8800 True 0.0380859375 0.03406047821044922 0
8900 False 0.0 0.0 0
9000 True 0.0244140625 0.0356142520904541 0
9100 False 0.0 0.0 0
9200 True 0.04296875 0.03420138359069824 0
9300 False 0.0 0.0 0
9400 False 0.0 0.0 0
9500 False 0.0 0.0 0
9600 True 0.029296875 0.0348660945892334 0
9700 True 0.0283203125 0.03556561470031738 0
9800 False 0.0 0.0 0
9900 False 0.0 0.0 0
