0 True 0 0.004936695098876953 0
100 False 0 0.0 0
200 False 0 0.0 0
300 True 0 0.004376411437988281 0
400 True 1 0.00447845458984375 0
500 False 0 0.0 0
600 False 0 0.0 0
700 True 1 0.004327535629272461 0
800 False 0 0.0 0
900 False 0 0.0 0
1000 True 1 0.0044667720794677734 0
1100 False 0 0.0 0
1200 True 0 0.004554033279418945 0
1300 False 0 0.0 0
1400 False 0 0.0 0
1500 True 0 0.004440784454345703 0
1600 False 0 0.0 0
1700 False 0 0.0 0
1800 False 0 0.0 0
1900 True 1 0.0042803287506103516 0
2000 False 0 0.0 0
2100 False 0 0.0 0
2200 True 1 0.004483938217163086 0
2300 True 0 0.004518985748291016 0
2400 True 1 0.005296230316162109 0
2500 False 0 0.0 0
2600 True 1 0.004509925842285156 0
2700 False 0 0.0 0
2800 True 0 0.006295204162597656 0
2900 False 0 0.0 0
3000 True 1 0.0043752193450927734 0
3100 True 1 0.0056760311126708984 0
3200 False 0 0.0 0
3300 False 0 0.0 0
3400 False 0 0.0 0
3500 True 1 0.004668235778808594 0
3600 False 0 0.0 0
3700 False 0 0.0 0
3800 True 0 0.004409313201904297 0
3900 True 0 0.004853010177612305 0
4000 False 0 0.0 0
4100 True 1 0.0052950382232666016 0
4200 False 0 0.0 0
4300 True 1 0.004296779632568359 0
4400 False 0 0.0 0
4500 False 0 0.0 0
4600 True 0 0.0044176578521728516 0
4700 False 0 0.0 0
4800 True 1 0.004425048828125 0
4900 True 0 0.005026817321777344 0
5000 True 1 0.0043392181396484375 0
5100 True 0 0.004318714141845703 0
5200 True 1 0.004415750503540039 0
5300 False 0 0.0 0
5400 True 0 0.004425764083862305 0
5500 False 0 0.0 0
5600 False 0 0.0 0
5700 True 0 0.004544973373413086 0
5800 False 0 0.0 0
5900 False 0 0.0 0
6000 True 0 0.004341602325439453 0
6100 True 0 0.004328012466430664 0
6200 False 0 0.0 0
6300 False 0 0.0 0
6400 False 0 0.0 0
6500 False 0 0.0 0
6600 True 0 0.004511594772338867 0
6700 True 0 0.004389524459838867 0
6800 True 0 0.004614353179931641 0
6900 False 0 0.0 0
7000 False 0 0.0 0
7100 False 0 0.0 0
7200 False 0 0.0 0
7300 True 0 0.004346370697021484 0
7400 True 1 0.004513263702392578 0
7500 False 0 0.0 0
7600 False 0 0.0 0
7700 True 0 0.004735231399536133 0
7800 True 1 0.0043604373931884766 0
7900 False 0 0.0 0
8000 True 1 0.004331111907958984 0
8100 False 0 0.0 0
8200 False 0 0.0 0
8300 False 0 0.0 0
8400 False 0 0.0 0
8500 True 1 0.0045528411865234375 0
8600 False 0 0.0 0
8700 True 0 0.005295276641845703 0
8800 True 1 0.005327463150024414 0
8900 False 0 0.0 0
9000 True 1 0.004323005676269531 0
9100 False 0 0.0 0
9200 True 1 0.004453182220458984 0
9300 False 0 0.0 0
9400 True 0 0.0043599605560302734 0
9500 False 0 0.0 0
9600 True 1 0.004394054412841797 0
9700 True 1 0.0043332576751708984 0
9800 True 0 0.004477262496948242 0
9900 False 0 0.0 0
