0 True 0 0.005553245544433594 0
100 False 0 0.0 0
200 False 0 0.0 0
300 True 0 0.00506591796875 0
400 True 0 0.005036354064941406 0
500 False 0 0.0 0
600 True 0 0.005005598068237305 0
700 True 0 0.005062103271484375 0
800 True 0 0.005376100540161133 0
900 False 0 0.0 0
1000 True 0 0.0049631595611572266 0
1100 False 0 0.0 0
1200 False 0 0.0 0
1300 False 0 0.0 0
1400 True 0 0.005068778991699219 0
1500 False 0 0.0 0
1600 False 0 0.0 0
1700 False 0 0.0 0
1800 False 0 0.0 0
1900 True 0 0.005136728286743164 0
2000 False 0 0.0 0
2100 False 0 0.0 0
2200 True 0 0.00585484504699707 0
2300 False 0 0.0 0
2400 True 0 0.006539821624755859 0
2500 False 0 0.0 0
2600 True 0 0.0052394866943359375 0
2700 False 0 0.0 0
2800 False 0 0.0 0
2900 False 0 0.0 0
3000 True 0 0.0049457550048828125 0
3100 True 0 0.005097150802612305 0
3200 False 0 0.0 0
3300 False 0 0.0 0
3400 False 0 0.0 0
3500 True 0 0.00503993034362793 0
3600 False 0 0.0 0
3700 False 0 0.0 0
3800 True 0 0.005016803741455078 0
3900 False 0 0.0 0
4000 False 0 0.0 0
4100 True 0 0.005510568618774414 0
4200 True 0 0.005036115646362305 0
4300 True 0 0.0053369998931884766 0
4400 False 0 0.0 0
4500 False 0 0.0 0
4600 False 0 0.0 0
4700 False 0 0.0 0
4800 True 0 0.005060672760009766 0
4900 False 0 0.0 0
5000 True 0 0.0050122737884521484 0
5100 True 0 0.005302906036376953 0
5200 False 0 0.0 0
5300 False 0 0.0 0
5400 False 0 0.0 0
5500 True 0 0.0049474239349365234 0
5600 False 0 0.0 0
5700 True 0 0.005120754241943359 0
5800 False 0 0.0 0
5900 False 0 0.0 0
6000 True 0 0.005112886428833008 0
6100 True 0 0.005079030990600586 0
6200 False 0 0.0 0
6300 False 0 0.0 0
6400 False 0 0.0 0
6500 False 0 0.0 0
6600 True 0 0.005618572235107422 0
6700 True 0 0.006525516510009766 0
6800 True 0 0.0070002079010009766 0
6900 False 0 0.0 0
7000 False 0 0.0 0
7100 True 0 0.006027698516845703 0
7200 False 0 0.0 0
7300 False 0 0.0 0
7400 True 0 0.005566835403442383 0
7500 True 0 0.004916191101074219 0
7600 False 0 0.0 0
7700 True 0 0.004974365234375 0
7800 True 0 0.005064964294433594 0
7900 False 0 0.0 0
8000 True 0 0.005179166793823242 0
8100 False 0 0.0 0
8200 False 0 0.0 0
8300 False 0 0.0 0
8400 False 0 0.0 0
8500 False 0 0.0 0
8600 False 0 0.0 0
8700 False 0 0.0 0
8800 True 0 0.005151271820068359 0
8900 False 0 0.0 0
9000 True 0 0.00499725341796875 0
9100 False 0 0.0 0
9200 True 0 0.005013704299926758 0
9300 True 0 0.004982709884643555 0
9400 True 0 0.0050389766693115234 0
9500 True 0 0.005044221878051758 0
9600 True 0 0.005028247833251953 0
9700 True 0 0.005087852478027344 0
9800 True 0 0.004990816116333008 0
9900 False 0 0.0 0
