0 True 0 0.005467414855957031 0
100 False 0 0.0 0
200 False 0 0.0 0
300 True 1 0.005068540573120117 0
400 True 1 0.004692554473876953 0
500 True 0 0.005329132080078125 0
600 False 0 0.0 0
700 True 0 0.00475311279296875 0
800 True 1 0.005284786224365234 0
900 False 0 0.0 0
1000 True 1 0.005110025405883789 0
1100 False 0 0.0 0
1200 True 1 0.005289793014526367 0
1300 False 0 0.0 0
1400 True 1 0.0048215389251708984 0
1500 False 0 0.0 0
1600 False 0 0.0 0
1700 False 0 0.0 0
1800 False 0 0.0 0
1900 True 1 0.00523066520690918 0
2000 False 0 0.0 0
2100 False 0 0.0 0
2200 True 1 0.004863262176513672 0
2300 False 0 0.0 0
2400 True 1 0.0052356719970703125 0
2500 False 0 0.0 0
2600 True 1 0.004979848861694336 0
2700 False 0 0.0 0
2800 False 0 0.0 0
2900 True 1 0.00530552864074707 0
3000 True 1 0.004705667495727539 0
3100 True 1 0.005313396453857422 0
3200 False 0 0.0 0
3300 False 0 0.0 0
3400 True 1 0.004767656326293945 0
3500 False 0 0.0 0
3600 False 0 0.0 0
3700 False 0 0.0 0
3800 True 0 0.0050733089447021484 0
3900 False 0 0.0 0
4000 False 0 0.0 0
4100 True 1 0.005087614059448242 0
4200 False 0 0.0 0
4300 True 1 0.005178689956665039 0
4400 False 0 0.0 0
4500 False 0 0.0 0
4600 False 0 0.0 0
4700 False 0 0.0 0
4800 True 1 0.004627227783203125 0
4900 False 0 0.0 0
5000 True 0 0.005297422409057617 0
5100 True 0 0.005052328109741211 0
5200 True 0 0.005278587341308594 0
5300 False 0 0.0 0
5400 False 0 0.0 0
5500 False 0 0.0 0
5600 False 0 0.0 0
5700 True 1 0.005095481872558594 0
5800 False 0 0.0 0
5900 False 0 0.0 0
6000 True 0 0.0050046443939208984 0
6100 True 1 0.004746675491333008 0
6200 False 0 0.0 0
6300 False 0 0.0 0
6400 True 0 0.00514531135559082 0
6500 False 0 0.0 0
6600 True 1 0.004819154739379883 0
6700 False 0 0.0 0
6800 True 1 0.005075931549072266 0
6900 True 0 0.004766702651977539 0
7000 False 0 0.0 0
7100 True 1 0.005068063735961914 0
7200 False 0 0.0 0
7300 False 0 0.0 0
7400 False 0 0.0 0
7500 True 1 0.004681110382080078 0
7600 True 0 0.005522727966308594 0
7700 True 1 0.0049288272857666016 0
7800 True 1 0.005166053771972656 0
7900 False 0 0.0 0
8000 True 0 0.004731893539428711 0
8100 False 0 0.0 0
8200 False 0 0.0 0
8300 False 0 0.0 0
8400 False 0 0.0 0
8500 False 0 0.0 0
8600 True 1 0.0051724910736083984 0
8700 True 1 0.004736661911010742 0
8800 True 1 0.005204677581787109 0
8900 False 0 0.0 0
9000 True 1 0.004911661148071289 0
9100 False 0 0.0 0
9200 True 1 0.005187273025512695 0
9300 True 1 0.0048677921295166016 0
9400 True 1 0.005272626876831055 0
9500 False 0 0.0 0
9600 True 1 0.004824161529541016 0
9700 True 1 0.005048274993896484 0
9800 False 0 0.0 0
9900 False 0 0.0 0
