0 True 0 0.006788492202758789 0
100 True 0 0.005057811737060547 0
200 False 0 0.0 0
300 True 0 0.005219221115112305 0
400 True 1 0.005093812942504883 0
500 False 0 0.0 0
600 False 0 0.0 0
700 True 0 0.004971742630004883 0
800 True 0 0.0051422119140625 0
900 False 0 0.0 0
1000 True 0 0.005004405975341797 0
1100 False 0 0.0 0
1200 True 1 0.005042314529418945 0
1300 False 0 0.0 0
1400 True 0 0.005204200744628906 0
1500 True 0 0.005192279815673828 0
1600 False 0 0.0 0
1700 False 0 0.0 0
1800 True 0 0.005982160568237305 0
1900 True 1 0.006137847900390625 0
2000 False 0 0.0 0
2100 True 0 0.0050547122955322266 0
2200 True 0 0.005112648010253906 0
2300 False 0 0.0 0
2400 True 1 0.004961490631103516 0
2500 True 0 0.005233049392700195 0
2600 True 1 0.0049440860748291016 0
2700 True 0 0.005040884017944336 0
2800 True 0 0.005156993865966797 0
2900 False 0 0.0 0
3000 True 0 0.005029439926147461 0
3100 True 0 0.004973411560058594 0
3200 True 0 0.005007266998291016 0
3300 True 0 0.004948616027832031 0
3400 False 0 0.0 0
3500 True 0 0.005186319351196289 0
3600 False 0 0.0 0
3700 False 0 0.0 0
3800 True 0 0.0049245357513427734 0
3900 False 0 0.0 0
4000 False 0 0.0 0
4100 True 1 0.005144357681274414 0
4200 False 0 0.0 0
4300 True 0 0.004956483840942383 0
4400 False 0 0.0 0
4500 True 0 0.005091667175292969 0
4600 False 0 0.0 0
4700 False 0 0.0 0
4800 True 0 0.004917621612548828 0
4900 True 0 0.005025386810302734 0
5000 True 1 0.0050694942474365234 0
5100 False 0 0.0 0
5200 True 1 0.005055427551269531 0
5300 False 0 0.0 0
5400 False 0 0.0 0
5500 False 0 0.0 0
5600 True 0 0.004929304122924805 0
5700 True 0 0.005120038986206055 0
5800 False 0 0.0 0
5900 False 0 0.0 0
6000 True 0 0.004999876022338867 0
6100 True 0 0.005109071731567383 0
6200 False 0 0.0 0
6300 True 0 0.00487208366394043 0
6400 False 0 0.0 0
6500 False 0 0.0 0
6600 True 1 0.005049228668212891 0
6700 True 0 0.005179166793823242 0
6800 True 0 0.005138874053955078 0
6900 False 0 0.0 0
7000 False 0 0.0 0
7100 False 0 0.0 0
7200 False 0 0.0 0
7300 False 0 0.0 0
7400 True 0 0.005072832107543945 0
7500 True 0 0.007250547409057617 0
7600 False 0 0.0 0
7700 True 0 0.00529170036315918 0
7800 True 0 0.005568265914916992 0
7900 False 0 0.0 0
8000 True 0 0.0061075687408447266 0
8100 False 0 0.0 0
8200 False 0 0.0 0
8300 False 0 0.0 0
8400 False 0 0.0 0
8500 True 0 0.004981279373168945 0
8600 False 0 0.0 0
8700 True 0 0.004923820495605469 0
8800 True 1 0.005846500396728516 0
8900 True 0 0.004984855651855469 0
9000 True 1 0.005450725555419922 0
9100 False 0 0.0 0
9200 True 1 0.004916191101074219 0
9300 True 0 0.0049762725830078125 0
9400 True 0 0.005101203918457031 0
9500 True 0 0.005096435546875 0
9600 True 1 0.005136251449584961 0
9700 True 0 0.0050809383392333984 0
9800 True 0 0.0052530765533447266 0
9900 False 0 0.0 0
