0 False 0 0.0 0
100 False 0 0.0 0
200 False 0 0.0 0
300 True 0 0.008450031280517578 0
400 True 0 0.007247209548950195 0
500 False 0 0.0 0
600 True 0 0.007085323333740234 0
700 True 0 0.0073299407958984375 0
800 True 0 0.009389638900756836 0
900 False 0 0.0 0
1000 True 0 0.007146358489990234 0
1100 False 0 0.0 0
1200 True 0 0.007267951965332031 0
1300 False 0 0.0 0
1400 True 0 0.007184505462646484 0
1500 True 0 0.007410764694213867 0
1600 False 0 0.0 0
1700 False 0 0.0 0
1800 False 0 0.0 0
1900 True 0 0.008202552795410156 0
2000 False 0 0.0 0
2100 False 0 0.0 0
2200 True 0 0.00723576545715332 0
2300 False 0 0.0 0
2400 True 0 0.009418249130249023 0
2500 False 0 0.0 0
2600 True 0 0.008793830871582031 0
2700 True 0 0.0071849822998046875 0
2800 False 0 0.0 0
2900 False 0 0.0 0
3000 True 0 0.007344484329223633 0
3100 True 0 0.007155895233154297 0
3200 False 0 0.0 0
3300 True 0 0.007260799407958984 0
3400 False 0 0.0 0
3500 True 0 0.007381916046142578 0
3600 False 0 0.0 0
3700 False 0 0.0 0
3800 True 0 0.007180929183959961 0
3900 False 0 0.0 0
4000 False 0 0.0 0
4100 True 0 0.007275581359863281 0
4200 False 0 0.0 0
4300 True 0 0.007310628890991211 0
4400 False 0 0.0 0
4500 False 0 0.0 0
4600 False 0 0.0 0
4700 False 0 0.0 0
4800 True 0 0.0073430538177490234 0
4900 False 0 0.0 0
5000 True 0 0.007194042205810547 0
5100 True 0 0.007195711135864258 0
5200 True 0 0.0071833133697509766 0
5300 False 0 0.0 0
5400 True 0 0.007174491882324219 0
5500 True 0 0.007257938385009766 0
5600 False 0 0.0 0
5700 True 0 0.007070779800415039 0
5800 False 0 0.0 0
5900 True 0 0.0071337223052978516 0
6000 True 0 0.007297515869140625 0
6100 True 0 0.007201433181762695 0
6200 False 0 0.0 0
6300 True 0 0.008404016494750977 0
6400 False 0 0.0 0
6500 False 0 0.0 0
6600 True 0 0.007252693176269531 0
6700 True 0 0.00853586196899414 0
6800 True 0 0.00885629653930664 0
6900 False 0 0.0 0
7000 False 0 0.0 0
7100 True 0 0.007483482360839844 0
7200 False 0 0.0 0
7300 False 0 0.0 0
7400 True 0 0.007632255554199219 0
7500 True 0 0.007108449935913086 0
7600 False 0 0.0 0
7700 True 0 0.007130861282348633 0
7800 True 0 0.007100820541381836 0
7900 False 0 0.0 0
8000 True 0 0.007169246673583984 0
8100 True 0 0.0071828365325927734 0
8200 False 0 0.0 0
8300 False 0 0.0 0
8400 False 0 0.0 0
8500 True 0 0.007079601287841797 0
8600 True 0 0.007268667221069336 0
8700 False 0 0.0 0
8800 True 0 0.0069997310638427734 0
8900 False 0 0.0 0
9000 True 0 0.007180452346801758 0
9100 False 0 0.0 0
9200 True 0 0.007266521453857422 0
9300 True 0 0.0071790218353271484 0
9400 True 0 0.007113218307495117 0
9500 True 0 0.0071222782135009766 0
9600 True 0 0.007814645767211914 0
9700 True 0 0.007424592971801758 0
9800 True 0 0.0070803165435791016 0
9900 False 0 0.0 0
