0 True 0 0.014139890670776367 0
100 False 0 0.0 0
200 False 0 0.0 0
300 True 0 0.010231494903564453 0
400 True 1 0.018160343170166016 0
500 False 0 0.0 0
600 True 1 0.007328987121582031 0
700 True 1 0.007415771484375 0
800 True 1 0.007218122482299805 0
900 False 0 0.0 0
1000 True 1 0.012013673782348633 0
1100 False 0 0.0 0
1200 True 1 0.010423660278320312 0
1300 True 1 0.008608341217041016 0
1400 True 1 0.013020515441894531 0
1500 True 0 0.010576248168945312 0
1600 False 0 0.0 0
1700 False 0 0.0 0
1800 False 0 0.0 0
1900 True 1 0.011634349822998047 0
2000 False 0 0.0 0
2100 False 0 0.0 0
2200 True 1 0.01500558853149414 0
2300 False 0 0.0 0
2400 True 1 0.011062383651733398 0
2500 False 0 0.0 0
2600 True 1 0.008193731307983398 0
2700 True 1 0.014390230178833008 0
2800 True 0 0.008124589920043945 0
2900 False 0 0.0 0
3000 True 1 0.008456707000732422 0
3100 True 1 0.011769533157348633 0
3200 False 0 0.0 0
3300 False 0 0.0 0
3400 False 0 0.0 0
3500 True 1 0.011806488037109375 0
3600 False 0 0.0 0
3700 False 0 0.0 0
3800 True 1 0.010723352432250977 0
3900 False 0 0.0 0
4000 False 0 0.0 0
4100 True 1 0.012540578842163086 0
4200 False 0 0.0 0
4300 True 1 0.009319067001342773 0
4400 False 0 0.0 0
4500 True 0 0.012670516967773438 0
4600 False 0 0.0 0
4700 False 0 0.0 0
4800 True 1 0.012581586837768555 0
4900 False 0 0.0 0
5000 True 1 0.013398408889770508 0
5100 True 1 0.012927055358886719 0
5200 True 1 0.01147150993347168 0
5300 True 0 0.01230621337890625 0
5400 True 0 0.011872053146362305 0
5500 True 0 0.009561538696289062 0
5600 True 1 0.00987863540649414 0
5700 True 1 0.012157201766967773 0
5800 False 0 0.0 0
5900 False 0 0.0 0
6000 True 0 0.010832071304321289 0
6100 True 1 0.012298822402954102 0
6200 True 1 0.012487649917602539 0
6300 False 0 0.0 0
6400 True 1 0.009883403778076172 0
6500 False 0 0.0 0
6600 True 1 0.012055635452270508 0
6700 False 0 0.0 0
6800 True 0 0.011524677276611328 0
6900 False 0 0.0 0
7000 False 0 0.0 0
7100 True 0 0.00958108901977539 0
7200 True 0 0.011180639266967773 0
7300 False 0 0.0 0
7400 True 1 0.013594865798950195 0
7500 True 1 0.01325678825378418 0
7600 False 0 0.0 0
7700 True 1 0.008879661560058594 0
7800 True 0 0.009155035018920898 0
7900 False 0 0.0 0
8000 True 1 0.008562564849853516 0
8100 False 0 0.0 0
8200 False 0 0.0 0
8300 False 0 0.0 0
8400 True 1 0.008706808090209961 0
8500 True 0 0.011443614959716797 0
8600 True 1 0.012636423110961914 0
8700 True 1 0.012362241744995117 0
8800 True 1 0.012810468673706055 0
8900 True 1 0.008685111999511719 0
9000 True 1 0.01834559440612793 0
9100 False 0 0.0 0
9200 True 1 0.013179540634155273 0
9300 True 1 0.008971214294433594 0
9400 True 1 0.008881092071533203 0
9500 False 0 0.0 0
9600 True 1 0.008475065231323242 0
9700 True 1 0.012705802917480469 0
9800 True 1 0.008702754974365234 0
9900 True 1 0.012714385986328125 0
