0 False 0 0.0 0
100 False 0 0.0 0
200 False 0 0.0 0
300 True 0 0.01153421401977539 0
400 True 0 0.00810551643371582 0
500 False 0 0.0 0
600 True 0 0.008085966110229492 0
700 True 0 0.008139848709106445 0
800 True 0 0.009691715240478516 0
900 False 0 0.0 0
1000 True 0 0.009445667266845703 0
1100 False 0 0.0 0
1200 True 0 0.008131980895996094 0
1300 False 0 0.0 0
1400 True 0 0.008002758026123047 0
1500 True 0 0.007960081100463867 0
1600 False 0 0.0 0
1700 False 0 0.0 0
1800 False 0 0.0 0
1900 True 0 0.00802469253540039 0
2000 False 0 0.0 0
2100 False 0 0.0 0
2200 True 0 0.007930994033813477 0
2300 False 0 0.0 0
2400 True 0 0.008477210998535156 0
2500 False 0 0.0 0
2600 True 0 0.008001089096069336 0
2700 True 0 0.007996082305908203 0
2800 False 0 0.0 0
2900 False 0 0.0 0
3000 True 0 0.008030891418457031 0
3100 True 0 0.008009910583496094 0
3200 False 0 0.0 0
3300 False 0 0.0 0
3400 False 0 0.0 0
3500 True 0 0.008204221725463867 0
3600 False 0 0.0 0
3700 False 0 0.0 0
3800 True 0 0.008278608322143555 0
3900 False 0 0.0 0
4000 False 0 0.0 0
4100 True 0 0.00834965705871582 0
4200 False 0 0.0 0
4300 True 0 0.008026838302612305 0
4400 False 0 0.0 0
4500 False 0 0.0 0
4600 False 0 0.0 0
4700 False 0 0.0 0
4800 True 0 0.008134841918945312 0
4900 False 0 0.0 0
5000 True 0 0.007929086685180664 0
5100 True 0 0.008054733276367188 0
5200 True 0 0.007992744445800781 0
5300 False 0 0.0 0
5400 True 0 0.007977008819580078 0
5500 True 0 0.008047819137573242 0
5600 False 0 0.0 0
5700 True 0 0.007960796356201172 0
5800 False 0 0.0 0
5900 False 0 0.0 0
6000 True 0 0.00821232795715332 0
6100 True 0 0.007997989654541016 0
6200 False 0 0.0 0
6300 True 0 0.008376836776733398 0
6400 False 0 0.0 0
6500 False 0 0.0 0
6600 True 0 0.008075475692749023 0
6700 True 0 0.008004903793334961 0
6800 True 0 0.008102178573608398 0
6900 False 0 0.0 0
7000 False 0 0.0 0
7100 True 0 0.007963418960571289 0
7200 False 0 0.0 0
7300 False 0 0.0 0
7400 True 0 0.008183956146240234 0
7500 True 0 0.00803232192993164 0
7600 False 0 0.0 0
7700 True 0 0.007959604263305664 0
7800 True 0 0.008224964141845703 0
7900 False 0 0.0 0
8000 True 0 0.007977008819580078 0
8100 False 0 0.0 0
8200 False 0 0.0 0
8300 False 0 0.0 0
8400 True 0 0.008016109466552734 0
8500 True 0 0.007950305938720703 0
8600 True 0 0.008110523223876953 0
8700 True 0 0.008125066757202148 0
8800 True 0 0.008026838302612305 0
8900 False 0 0.0 0
9000 True 0 0.008448123931884766 0
9100 False 0 0.0 0
9200 True 0 0.008051395416259766 0
9300 True 0 0.00815725326538086 0
9400 True 0 0.00813150405883789 0
9500 True 0 0.008054971694946289 0
9600 True 0 0.00828695297241211 0
9700 True 0 0.00815892219543457 0
9800 True 0 0.009793758392333984 0
9900 False 0 0.0 0
