0 False 0.0 0.0 0
100 False 0.0 0.0 0
200 False 0.0 0.0 0
300 True 0.0 0.05918288230895996 0
400 True 0.0 0.05996537208557129 0
500 False 0.0 0.0 0
600 True 0.0 0.04469799995422363 0
700 True 0.0 0.048560142517089844 0
800 True 0.0 0.04574918746948242 0
900 False 0.0 0.0 0
1000 True 0.0 0.046105384826660156 0
1100 False 0.0 0.0 0
1200 True 0.0 0.049773454666137695 0
1300 False 0.0 0.0 0
1400 True 0.0 0.045807838439941406 0
1500 True 0.0 0.047107696533203125 0
1600 False 0.0 0.0 0
1700 False 0.0 0.0 0
1800 False 0.0 0.0 0
1900 True 0.0 0.046929359436035156 0
2000 False 0.0 0.0 0
2100 False 0.0 0.0 0
2200 True 0.0 0.048436880111694336 0
2300 False 0.0 0.0 0
2400 True 0.0 0.04934549331665039 0
2500 False 0.0 0.0 0
2600 True 0.0 0.0460658073425293 0
2700 True 0.0 0.05662679672241211 0
2800 False 0.0 0.0 0
2900 False 0.0 0.0 0
3000 True 0.0 0.04570579528808594 0
3100 True 0.0 0.04662060737609863 0
3200 False 0.0 0.0 0
3300 False 0.0 0.0 0
3400 False 0.0 0.0 0
3500 True 0.0 0.04496479034423828 0
3600 False 0.0 0.0 0
3700 False 0.0 0.0 0
3800 True 0.0 0.05693221092224121 0
3900 False 0.0 0.0 0
4000 False 0.0 0.0 0
4100 True 0.0 0.05664777755737305 0
4200 False 0.0 0.0 0
4300 True 0.0 0.045647382736206055 0
4400 False 0.0 0.0 0
4500 False 0.0 0.0 0
4600 False 0.0 0.0 0
4700 False 0.0 0.0 0
4800 True 0.0 0.04598855972290039 0
4900 False 0.0 0.0 0
5000 True 0.0 0.045449256896972656 0
5100 True 0.0 0.051720619201660156 0
5200 True 0.0 0.04706168174743652 0
5300 False 0.0 0.0 0
5400 True 0.0 0.04483175277709961 0
5500 True 0.0 0.05033087730407715 0
5600 False 0.0 0.0 0
5700 True 0.0 0.044914960861206055 0
5800 False 0.0 0.0 0
5900 False 0.0 0.0 0
6000 True 0.0 0.05031919479370117 0
6100 True 0.0 0.04535508155822754 0
6200 False 0.0 0.0 0
6300 True 0.0 0.04600930213928223 0
6400 False 0.0 0.0 0
6500 False 0.0 0.0 0
6600 True 0.0 0.04580879211425781 0
6700 True 0.0 0.045558929443359375 0
6800 True 0.0 0.04657745361328125 0
6900 False 0.0 0.0 0
7000 False 0.0 0.0 0
7100 True 0.0 0.04612612724304199 0
7200 False 0.0 0.0 0
7300 False 0.0 0.0 0
7400 True 0.0 0.045151472091674805 0
7500 True 0.0 0.046109914779663086 0
7600 False 0.0 0.0 0
7700 True 0.0 0.044756174087524414 0
7800 True 0.0 0.04712677001953125 0
7900 False 0.0 0.0 0
8000 True 0.0 0.04496455192565918 0
8100 False 0.0 0.0 0
8200 False 0.0 0.0 0
8300 False 0.0 0.0 0
8400 True 0.0 0.04612374305725098 0
8500 True 0.0 0.04584383964538574 0
8600 True 0.0 0.04583263397216797 0
8700 True 0.0 0.04635739326477051 0
8800 True 0.0 0.04639911651611328 0
8900 False 0.0 0.0 0
9000 True 0.0 0.044922590255737305 0
9100 False 0.0 0.0 0
9200 True 0.0 0.046112060546875 0
9300 True 0.0 0.045683860778808594 0
9400 True 0.0 0.04712533950805664 0
9500 True 0.0 0.04646182060241699 0
9600 True 0.0 0.05469202995300293 0
9700 True 0.0 0.05615067481994629 0
9800 True 0.0 0.045999765396118164 0
9900 False 0.0 0.0 0
