0 True 0.0126953125 0.0736384391784668 0
100 False 0.0 0.0 0
200 False 0.0 0.0 0
300 False 0.0 0.0 0
400 True 0.119140625 0.06271123886108398 0
500 False 0.0 0.0 0
600 True 0.046875 0.06205320358276367 0
700 True 0.0517578125 0.06508302688598633 0
800 True 0.017578125 0.06989789009094238 0
900 False 0.0 0.0 0
1000 True 0.02734375 0.062026023864746094 0
1100 False 0.0 0.0 0
1200 False 0.0 0.0 0
1300 True 0.126953125 0.06212019920349121 0
1400 True 0.03515625 0.06355023384094238 0
1500 False 0.0 0.0 0
1600 False 0.0 0.0 0
1700 False 0.0 0.0 0
1800 False 0.0 0.0 0
1900 True 0.060546875 0.0652005672454834 0
2000 False 0.0 0.0 0
2100 False 0.0 0.0 0
2200 True 0.0908203125 0.06656885147094727 0
2300 False 0.0 0.0 0
2400 True 0.1669921875 0.06584620475769043 0
2500 False 0.0 0.0 0
2600 True 0.0556640625 0.06516003608703613 0
2700 True 0.0341796875 0.06239914894104004 0
2800 False 0.0 0.0 0
2900 True 0.0537109375 0.06571125984191895 0
3000 True 0.0478515625 0.06392931938171387 0
3100 True 0.05859375 0.06232786178588867 0
3200 False 0.0 0.0 0
3300 False 0.0 0.0 0
3400 False 0.0 0.0 0
3500 True 0.0068359375 0.061888694763183594 0
3600 False 0.0 0.0 0
3700 False 0.0 0.0 0
3800 True 0.037109375 0.06193184852600098 0
3900 False 0.0 0.0 0
4000 False 0.0 0.0 0
4100 True 0.0810546875 0.06235861778259277 0
4200 False 0.0 0.0 0
4300 True 0.0419921875 0.06737899780273438 0
4400 False 0.0 0.0 0
4500 True 0.044921875 0.06475043296813965 0
4600 False 0.0 0.0 0
4700 True 0.00390625 0.06451630592346191 0
4800 True 0.103515625 0.062315940856933594 0
4900 False 0.0 0.0 0
5000 True 0.0244140625 0.06618690490722656 0
5100 True 0.0263671875 0.0630331039428711 0
5200 False 0.0 0.0 0
5300 False 0.0 0.0 0
5400 False 0.0 0.0 0
5500 False 0.0 0.0 0
5600 False 0.0 0.0 0
5700 True 0.037109375 0.061982154846191406 0
5800 False 0.0 0.0 0
5900 False 0.0 0.0 0
6000 False 0.0 0.0 0
6100 True 0.029296875 0.06533074378967285 0
6200 False 0.0 0.0 0
6300 False 0.0 0.0 0
6400 False 0.0 0.0 0
6500 False 0.0 0.0 0
6600 True 0.03515625 0.06211209297180176 0
6700 False 0.0 0.0 0
6800 True 0.017578125 0.06351184844970703 0
6900 True 0.0498046875 0.06711530685424805 0
7000 False 0.0 0.0 0
7100 True 0.11328125 0.06302523612976074 0
7200 False 0.0 0.0 0
7300 True 0.009765625 0.06370329856872559 0
7400 False 0.0 0.0 0
7500 True 0.064453125 0.06526589393615723 0
7600 False 0.0 0.0 0
7700 True 0.1025390625 0.06597471237182617 0
7800 True 0.046875 0.0623931884765625 0
7900 False 0.0 0.0 0
8000 True 0.0087890625 0.06222128868103027 0
8100 False 0.0 0.0 0
8200 False 0.0 0.0 0
8300 False 0.0 0.0 0
8400 False 0.0 0.0 0
8500 False 0.0 0.0 0
8600 True 0.04296875 0.06217670440673828 0
8700 True 0.09375 0.0622715950012207 0
8800 True 0.203125 0.06590485572814941 0
8900 False 0.0 0.0 0
9000 True 0.0126953125 0.06662583351135254 0
9100 False 0.0 0.0 0
9200 True 0.0595703125 0.06299948692321777 0
9300 True 0.013671875 0.06485986709594727 0
9400 True 0.0419921875 0.0651099681854248 0
9500 False 0.0 0.0 0
9600 True 0.021484375 0.0654759407043457 0
9700 True 0.044921875 0.06435179710388184 0
9800 True 0.0888671875 0.06375718116760254 0
9900 False 0.0 0.0 0
