0 True 0 0.011217355728149414 0
100 False 0 0.0 0
200 False 0 0.0 0
300 True 0 0.008178472518920898 0
400 True 0 0.00805211067199707 0
500 True 0 0.008024930953979492 0
600 True 0 0.008102178573608398 0
700 True 0 0.008017778396606445 0
800 True 0 0.008456230163574219 0
900 False 0 0.0 0
1000 True 0 0.008010625839233398 0
1100 False 0 0.0 0
1200 True 0 0.00837087631225586 0
1300 True 0 0.00893712043762207 0
1400 True 0 0.00853872299194336 0
1500 True 0 0.008373022079467773 0
1600 False 0 0.0 0
1700 False 0 0.0 0
1800 True 0 0.008539676666259766 0
1900 True 0 0.008098840713500977 0
2000 False 0 0.0 0
2100 False 0 0.0 0
2200 True 0 0.00825810432434082 0
2300 False 0 0.0 0
2400 True 0 0.008576393127441406 0
2500 True 0 0.008220911026000977 0
2600 True 0 0.008084297180175781 0
2700 False 0 0.0 0
2800 False 0 0.0 0
2900 False 0 0.0 0
3000 True 0 0.00824737548828125 0
3100 True 0 0.008248567581176758 0
3200 False 0 0.0 0
3300 True 0 0.009967803955078125 0
3400 False 0 0.0 0
3500 True 0 0.008060693740844727 0
3600 False 0 0.0 0
3700 False 0 0.0 0
3800 True 0 0.008637428283691406 0
3900 False 0 0.0 0
4000 False 0 0.0 0
4100 True 0 0.008693695068359375 0
4200 False 0 0.0 0
4300 True 0 0.008350849151611328 0
4400 False 0 0.0 0
4500 True 0 0.00796961784362793 0
4600 False 0 0.0 0
4700 False 0 0.0 0
4800 True 0 0.007945775985717773 0
4900 True 0 0.008111000061035156 0
5000 True 0 0.008030891418457031 0
5100 True 0 0.008001327514648438 0
5200 True 0 0.007933378219604492 0
5300 False 0 0.0 0
5400 False 0 0.0 0
5500 False 0 0.0 0
5600 True 0 0.008011341094970703 0
5700 False 0 0.0 0
5800 False 0 0.0 0
5900 False 0 0.0 0
6000 True 0 0.008060455322265625 0
6100 True 0 0.008116960525512695 0
6200 False 0 0.0 0
6300 True 0 0.00804591178894043 0
6400 False 0 0.0 0
6500 False 0 0.0 0
6600 True 0 0.008109092712402344 0
6700 True 0 0.008576154708862305 0
6800 True 0 0.008096933364868164 0
6900 False 0 0.0 0
7000 False 0 0.0 0
7100 False 0 0.0 0
7200 False 0 0.0 0
7300 False 0 0.0 0
7400 False 0 0.0 0
7500 True 0 0.008292436599731445 0
7600 False 0 0.0 0
7700 True 0 0.008137702941894531 0
7800 True 0 0.008286476135253906 0
7900 False 0 0.0 0
8000 True 0 0.008362770080566406 0
8100 False 0 0.0 0
8200 False 0 0.0 0
8300 False 0 0.0 0
8400 True 0 0.008198022842407227 0
8500 True 0 0.008068323135375977 0
8600 False 0 0.0 0
8700 True 0 0.00810384750366211 0
8800 True 0 0.009018659591674805 0
8900 False 0 0.0 0
9000 True 0 0.00858306884765625 0
9100 False 0 0.0 0
9200 True 0 0.008036613464355469 0
9300 True 0 0.008157014846801758 0
9400 True 0 0.00806736946105957 0
9500 True 0 0.008033990859985352 0
9600 True 0 0.008298873901367188 0
9700 True 0 0.008127212524414062 0
9800 True 0 0.008151769638061523 0
9900 False 0 0.0 0
