0 True 0.0 0.0772395133972168 0
100 True 0.0 0.0549771785736084 0
200 True 0.0 0.055323123931884766 0
300 True 0.0 0.055539846420288086 0
400 True 0.0 0.0550839900970459 0
500 True 0.0 0.06018948554992676 0
600 True 0.0 0.05525469779968262 0
700 True 0.0 0.05528092384338379 0
800 True 0.0 0.05599498748779297 0
900 False 0.0 0.0 0
1000 True 0.0 0.056391000747680664 0
1100 True 0.0 0.05756354331970215 0
1200 True 0.0 0.05749201774597168 0
1300 False 0.0 0.0 0
1400 False 0.0 0.0 0
1500 True 0.0 0.05629730224609375 0
1600 True 0.0 0.061647653579711914 0
1700 True 0.0 0.05628228187561035 0
1800 True 0.0 0.054978132247924805 0
1900 True 0.0 0.05717349052429199 0
2000 True 0.0 0.05710744857788086 0
2100 True 0.0 0.056649208068847656 0
2200 True 0.0 0.05526399612426758 0
2300 False 0.0 0.0 0
2400 True 0.0 0.05485248565673828 0
2500 False 0.0 0.0 0
2600 True 0.0 0.056226491928100586 0
2700 True 0.0 0.055104732513427734 0
2800 True 0.0 0.05527949333190918 0
2900 False 0.0 0.0 0
3000 True 0.0 0.05563950538635254 0
3100 True 0.0 0.05518913269042969 0
3200 True 0.0 0.055379390716552734 0
3300 True 0.0 0.05554509162902832 0
3400 False 0.0 0.0 0
3500 True 0.0 0.055203914642333984 0
3600 False 0.0 0.0 0
3700 True 0.0 0.05513191223144531 0
3800 True 0.0 0.0549921989440918 0
3900 False 0.0 0.0 0
4000 False 0.0 0.0 0
4100 True 0.0 0.05561041831970215 0
4200 True 0.0 0.05559110641479492 0
4300 True 0.0 0.055222272872924805 0
4400 True 0.0 0.05556797981262207 0
4500 True 0.0 0.055031538009643555 0
4600 True 0.0 0.055819034576416016 0
4700 True 0.0 0.05537915229797363 0
4800 True 0.0 0.055306196212768555 0
4900 True 0.0 0.05520272254943848 0
5000 True 0.0 0.055005550384521484 0
5100 True 0.0 0.05618023872375488 0
5200 True 0.0 0.055178165435791016 0
5300 True 0.0 0.055562734603881836 0
5400 True 0.0 0.05591177940368652 0
5500 True 0.0 0.0552220344543457 0
5600 True 0.0 0.05978107452392578 0
5700 False 0.0 0.0 0
5800 True 0.0 0.05499148368835449 0
5900 False 0.0 0.0 0
6000 True 0.0 0.055420875549316406 0
6100 True 0.0 0.05564475059509277 0
6200 True 0.0 0.05518364906311035 0
6300 True 0.0 0.057375431060791016 0
6400 True 0.0 0.05524492263793945 0
6500 True 0.0 0.05541086196899414 0
6600 True 0.0 0.05513191223144531 0
6700 True 0.0 0.0550076961517334 0
6800 True 0.0 0.05682778358459473 0
6900 True 0.0 0.05710411071777344 0
7000 False 0.0 0.0 0
7100 False 0.0 0.0 0
7200 True 0.0 0.05597376823425293 0
7300 False 0.0 0.0 0
7400 True 0.0 0.056995391845703125 0
7500 True 0.0 0.06236553192138672 0
7600 False 0.0 0.0 0
7700 True 0.0 0.07587409019470215 0
7800 True 0.0 0.057846784591674805 0
7900 True 0.0 0.056673526763916016 0
8000 True 0.0 0.05889606475830078 0
8100 True 0.0 0.05603456497192383 0
8200 False 0.0 0.0 0
8300 False 0.0 0.0 0
8400 True 0.0 0.054929256439208984 0
8500 True 0.0 0.0553431510925293 0
8600 True 0.0 0.05527377128601074 0
8700 True 0.0 0.05534863471984863 0
8800 True 0.0 0.05846834182739258 0
8900 True 0.0 0.05480170249938965 0
9000 True 0.0 0.05572628974914551 0
9100 True 0.0 0.055822134017944336 0
9200 True 0.0 0.055108070373535156 0
9300 False 0.0 0.0 0
9400 True 0.0 0.05549955368041992 0
9500 True 0.0 0.05502891540527344 0
9600 True 0.0 0.0580291748046875 0
9700 True 0.0 0.055757999420166016 0
9800 True 0.0 0.054912567138671875 0
9900 True 0.0 0.05591416358947754 0
