0 True 0.0 0.07453560829162598 0
100 False 0.0 0.0 0
200 True 0.0 0.05588483810424805 0
300 True 0.0 0.05604362487792969 0
400 True 0.0 0.0556645393371582 0
500 False 0.0 0.0 0
600 True 0.0 0.056182146072387695 0
700 True 0.0 0.05653715133666992 0
800 True 0.0 0.06185626983642578 0
900 False 0.0 0.0 0
1000 True 0.0 0.06229567527770996 0
1100 False 0.0 0.0 0
1200 True 0.0 0.06277894973754883 0
1300 False 0.0 0.0 0
1400 True 0.0 0.0623011589050293 0
1500 True 0.0 0.05629420280456543 0
1600 False 0.0 0.0 0
1700 True 0.0 0.05586886405944824 0
1800 True 0.0 0.05602383613586426 0
1900 True 0.0 0.055767059326171875 0
2000 True 0.0 0.055544137954711914 0
2100 True 0.0 0.056163787841796875 0
2200 True 0.0 0.05495190620422363 0
2300 True 0.0 0.05585169792175293 0
2400 True 0.0 0.055077552795410156 0
2500 False 0.0 0.0 0
2600 True 0.0 0.055329322814941406 0
2700 False 0.0 0.0 0
2800 False 0.0 0.0 0
2900 False 0.0 0.0 0
3000 True 0.0 0.059662818908691406 0
3100 True 0.0 0.055350542068481445 0
3200 False 0.0 0.0 0
3300 True 0.0 0.05556845664978027 0
3400 False 0.0 0.0 0
3500 True 0.0 0.05584144592285156 0
3600 False 0.0 0.0 0
3700 True 0.0 0.05546140670776367 0
3800 True 0.0 0.055493831634521484 0
3900 False 0.0 0.0 0
4000 False 0.0 0.0 0
4100 True 0.0 0.055077552795410156 0
4200 False 0.0 0.0 0
4300 True 0.0 0.05616402626037598 0
4400 False 0.0 0.0 0
4500 True 0.0 0.05512380599975586 0
4600 False 0.0 0.0 0
4700 True 0.0 0.05592942237854004 0
4800 True 0.0 0.05515336990356445 0
4900 False 0.0 0.0 0
5000 True 0.0 0.05534076690673828 0
5100 True 0.0 0.055649518966674805 0
5200 True 0.0 0.05525350570678711 0
5300 True 0.0 0.0555419921875 0
5400 True 0.0 0.05528116226196289 0
5500 True 0.0 0.0554499626159668 0
5600 True 0.0 0.05594348907470703 0
5700 False 0.0 0.0 0
5800 True 0.0 0.05507707595825195 0
5900 False 0.0 0.0 0
6000 True 0.0 0.05619025230407715 0
6100 True 0.0 0.05571341514587402 0
6200 True 0.0 0.055158376693725586 0
6300 True 0.0 0.05671811103820801 0
6400 True 0.0 0.061002492904663086 0
6500 False 0.0 0.0 0
6600 True 0.0 0.05573010444641113 0
6700 True 0.0 0.056833744049072266 0
6800 True 0.0 0.05551266670227051 0
6900 True 0.0 0.05605506896972656 0
7000 False 0.0 0.0 0
7100 False 0.0 0.0 0
7200 False 0.0 0.0 0
7300 False 0.0 0.0 0
7400 True 0.0 0.05602860450744629 0
7500 True 0.0 0.05544424057006836 0
7600 False 0.0 0.0 0
7700 True 0.0 0.05720782279968262 0
7800 True 0.0 0.06370306015014648 0
7900 False 0.0 0.0 0
8000 True 0.0 0.06185460090637207 0
8100 False 0.0 0.0 0
8200 False 0.0 0.0 0
8300 False 0.0 0.0 0
8400 True 0.0 0.055814266204833984 0
8500 True 0.0 0.05687689781188965 0
8600 True 0.0 0.06124401092529297 0
8700 False 0.0 0.0 0
8800 True 0.0 0.06362342834472656 0
8900 False 0.0 0.0 0
9000 True 0.0 0.08349609375 0
9100 False 0.0 0.0 0
9200 True 0.0 0.055194854736328125 0
9300 True 0.0 0.061446428298950195 0
9400 True 0.0 0.05518078804016113 0
9500 True 0.0 0.05560803413391113 0
9600 True 0.0 0.055489301681518555 0
9700 True 0.0 0.05582547187805176 0
9800 True 0.0 0.0558476448059082 0
9900 True 0.0 0.05579733848571777 0
