0 True 1 0.03418588638305664 0
100 False 0 0.0 0
200 False 0 0.0 0
300 True 1 0.009844779968261719 0
400 True 1 0.009939193725585938 0
500 False 0 0.0 0
600 True 1 0.009894609451293945 0
700 True 1 0.009971857070922852 0
800 True 1 0.00981593132019043 0
900 False 0 0.0 0
1000 True 1 0.009828329086303711 0
1100 False 0 0.0 0
1200 True 1 0.009781837463378906 0
1300 True 0 0.009919166564941406 0
1400 True 0 0.009864330291748047 0
1500 False 0 0.0 0
1600 False 0 0.0 0
1700 False 0 0.0 0
1800 False 0 0.0 0
1900 True 1 0.009836435317993164 0
2000 True 1 0.009768009185791016 0
2100 False 0 0.0 0
2200 True 1 0.009829521179199219 0
2300 False 0 0.0 0
2400 True 1 0.009751081466674805 0
2500 False 0 0.0 0
2600 True 1 0.01002812385559082 0
2700 True 1 0.009826183319091797 0
2800 True 0 0.009905338287353516 0
2900 False 0 0.0 0
3000 True 1 0.009869575500488281 0
3100 True 1 0.009886503219604492 0
3200 False 0 0.0 0
3300 True 1 0.00970602035522461 0
3400 False 0 0.0 0
3500 False 0 0.0 0
3600 False 0 0.0 0
3700 True 1 0.009802579879760742 0
3800 True 1 0.009719610214233398 0
3900 False 0 0.0 0
4000 False 0 0.0 0
4100 True 1 0.010614633560180664 0
4200 True 0 0.009925603866577148 0
4300 True 1 0.009637832641601562 0
4400 False 0 0.0 0
4500 True 1 0.010814428329467773 0
4600 False 0 0.0 0
4700 True 0 0.009760618209838867 0
4800 True 1 0.009631156921386719 0
4900 False 0 0.0 0
5000 True 1 0.009729146957397461 0
5100 True 1 0.009779214859008789 0
5200 True 1 0.009533882141113281 0
5300 False 0 0.0 0
5400 True 1 0.009462356567382812 0
5500 False 0 0.0 0
5600 True 1 0.009593009948730469 0
5700 True 1 0.01244664192199707 0
5800 False 0 0.0 0
5900 True 0 0.010019540786743164 0
6000 False 0 0.0 0
6100 True 1 0.01011204719543457 0
6200 True 0 0.009806632995605469 0
6300 True 0 0.009757041931152344 0
6400 True 1 0.009570121765136719 0
6500 False 0 0.0 0
6600 True 1 0.009560108184814453 0
6700 True 0 0.009784460067749023 0
6800 False 0 0.0 0
6900 True 1 0.009685993194580078 0
7000 False 0 0.0 0
7100 False 0 0.0 0
7200 True 0 0.009635686874389648 0
7300 False 0 0.0 0
7400 True 1 0.009757518768310547 0
7500 True 1 0.009802818298339844 0
7600 False 0 0.0 0
7700 True 1 0.00955510139465332 0
7800 True 0 0.0097503662109375 0
7900 False 0 0.0 0
8000 True 1 0.009825944900512695 0
8100 True 0 0.00980067253112793 0
8200 False 0 0.0 0
8300 False 0 0.0 0
8400 True 0 0.009553670883178711 0
8500 True 1 0.009682655334472656 0
8600 True 0 0.009503841400146484 0
8700 True 1 0.009690523147583008 0
8800 True 1 0.009836673736572266 0
8900 False 0 0.0 0
9000 True 1 0.009849071502685547 0
9100 False 0 0.0 0
9200 True 1 0.009915828704833984 0
9300 True 1 0.009825944900512695 0
9400 True 0 0.009782552719116211 0
9500 False 0 0.0 0
9600 True 1 0.009505748748779297 0
9700 True 1 0.009558439254760742 0
9800 True 1 0.009572267532348633 0
9900 True 1 0.009665966033935547 0
