0 True 0 0.03204464912414551 0
100 False 0 0.0 0
200 False 0 0.0 0
300 False 0 0.0 0
400 True 1 0.00989389419555664 0
500 False 0 0.0 0
600 False 0 0.0 0
700 False 0 0.0 0
800 False 0 0.0 0
900 False 0 0.0 0
1000 True 1 0.00988912582397461 0
1100 False 0 0.0 0
1200 True 0 0.009711742401123047 0
1300 False 0 0.0 0
1400 True 0 0.00976872444152832 0
1500 False 0 0.0 0
1600 False 0 0.0 0
1700 False 0 0.0 0
1800 False 0 0.0 0
1900 True 1 0.009692668914794922 0
2000 False 0 0.0 0
2100 False 0 0.0 0
2200 True 1 0.009843111038208008 0
2300 False 0 0.0 0
2400 True 1 0.009810924530029297 0
2500 False 0 0.0 0
2600 True 1 0.00958704948425293 0
2700 True 1 0.009899616241455078 0
2800 False 0 0.0 0
2900 True 0 0.00984048843383789 0
3000 True 1 0.00978851318359375 0
3100 True 1 0.00998067855834961 0
3200 False 0 0.0 0
3300 True 0 0.009781599044799805 0
3400 True 0 0.009808540344238281 0
3500 True 0 0.009737968444824219 0
3600 False 0 0.0 0
3700 True 0 0.009792804718017578 0
3800 True 0 0.009733438491821289 0
3900 False 0 0.0 0
4000 False 0 0.0 0
4100 True 1 0.009859561920166016 0
4200 True 1 0.01022195816040039 0
4300 True 1 0.00977182388305664 0
4400 False 0 0.0 0
4500 True 0 0.00968623161315918 0
4600 False 0 0.0 0
4700 False 0 0.0 0
4800 True 1 0.009965658187866211 0
4900 False 0 0.0 0
5000 True 0 0.009824752807617188 0
5100 True 0 0.012558937072753906 0
5200 False 0 0.0 0
5300 False 0 0.0 0
5400 True 0 0.010030508041381836 0
5500 False 0 0.0 0
5600 False 0 0.0 0
5700 True 0 0.009774208068847656 0
5800 False 0 0.0 0
5900 False 0 0.0 0
6000 False 0 0.0 0
6100 True 1 0.009644269943237305 0
6200 False 0 0.0 0
6300 False 0 0.0 0
6400 False 0 0.0 0
6500 False 0 0.0 0
6600 True 1 0.009665250778198242 0
6700 False 0 0.0 0
6800 True 1 0.009877204895019531 0
6900 True 0 0.009846925735473633 0
7000 False 0 0.0 0
7100 True 1 0.0098876953125 0
7200 True 0 0.0097808837890625 0
7300 False 0 0.0 0
7400 False 0 0.0 0
7500 True 0 0.009910345077514648 0
7600 True 0 0.009751319885253906 0
7700 True 1 0.00954890251159668 0
7800 True 1 0.009757280349731445 0
7900 False 0 0.0 0
8000 True 0 0.009641885757446289 0
8100 False 0 0.0 0
8200 False 0 0.0 0
8300 False 0 0.0 0
8400 False 0 0.0 0
8500 False 0 0.0 0
8600 True 0 0.009999513626098633 0
8700 True 1 0.009888172149658203 0
8800 True 1 0.009700298309326172 0
8900 False 0 0.0 0
9000 True 0 0.009652376174926758 0
9100 False 0 0.0 0
9200 True 1 0.009665489196777344 0
9300 False 0 0.0 0
9400 False 0 0.0 0
9500 False 0 0.0 0
9600 True 1 0.009866714477539062 0
9700 True 1 0.009805917739868164 0
9800 True 1 0.009673118591308594 0
9900 False 0 0.0 0
