0 True 0.0 0.0749058723449707 0
100 False 0.0 0.0 0
200 True 0.0 0.0570065975189209 0
300 True 0.0 0.05504655838012695 0
400 True 0.0 0.055505990982055664 0
500 True 0.0 0.055490732192993164 0
600 True 0.0 0.05561566352844238 0
700 True 0.0 0.055266618728637695 0
800 True 0.0 0.055310964584350586 0
900 False 0.0 0.0 0
1000 True 0.0 0.055284976959228516 0
1100 True 0.0 0.05549955368041992 0
1200 True 0.0 0.05613446235656738 0
1300 True 0.0 0.055559635162353516 0
1400 False 0.0 0.0 0
1500 True 0.0 0.05519437789916992 0
1600 True 0.0 0.055254220962524414 0
1700 True 0.0 0.05586123466491699 0
1800 True 0.0 0.056012868881225586 0
1900 True 0.0 0.055184364318847656 0
2000 True 0.0 0.05556154251098633 0
2100 True 0.0 0.05533719062805176 0
2200 True 0.0 0.056540727615356445 0
2300 False 0.0 0.0 0
2400 True 0.0 0.05557966232299805 0
2500 True 0.0 0.05546903610229492 0
2600 True 0.0 0.056067705154418945 0
2700 True 0.0 0.05510973930358887 0
2800 True 0.0 0.05510258674621582 0
2900 True 0.0 0.05574536323547363 0
3000 True 0.0 0.05550813674926758 0
3100 True 0.0 0.057743072509765625 0
3200 True 0.0 0.05489850044250488 0
3300 True 0.0 0.055550575256347656 0
3400 False 0.0 0.0 0
3500 True 0.0 0.05535244941711426 0
3600 False 0.0 0.0 0
3700 True 0.0 0.05688738822937012 0
3800 True 0.0 0.058209896087646484 0
3900 False 0.0 0.0 0
4000 False 0.0 0.0 0
4100 True 0.0 0.0556788444519043 0
4200 True 0.0 0.05770683288574219 0
4300 True 0.0 0.056383609771728516 0
4400 True 0.0 0.06428933143615723 0
4500 False 0.0 0.0 0
4600 True 0.0 0.06191611289978027 0
4700 True 0.0 0.05982637405395508 0
4800 True 0.0 0.05497264862060547 0
4900 True 0.0 0.05514097213745117 0
5000 True 0.0 0.05738544464111328 0
5100 True 0.0 0.05529475212097168 0
5200 True 0.0 0.056455135345458984 0
5300 True 0.0 0.05660843849182129 0
5400 True 0.0 0.05872154235839844 0
5500 True 0.0 0.059279441833496094 0
5600 True 0.0 0.05557823181152344 0
5700 True 0.0 0.056173086166381836 0
5800 True 0.0 0.05499148368835449 0
5900 False 0.0 0.0 0
6000 True 0.0 0.05556774139404297 0
6100 True 0.0 0.05553078651428223 0
6200 True 0.0 0.05514073371887207 0
6300 True 0.0 0.05623340606689453 0
6400 True 0.0 0.05527997016906738 0
6500 True 0.0 0.056000471115112305 0
6600 True 0.0 0.05512857437133789 0
6700 True 0.0 0.05533623695373535 0
6800 True 0.0 0.05594301223754883 0
6900 True 0.0 0.0551602840423584 0
7000 False 0.0 0.0 0
7100 True 0.0 0.05576133728027344 0
7200 True 0.0 0.055381059646606445 0
7300 False 0.0 0.0 0
7400 True 0.0 0.054850101470947266 0
7500 True 0.0 0.056160926818847656 0
7600 False 0.0 0.0 0
7700 True 0.0 0.054952383041381836 0
7800 True 0.0 0.05584979057312012 0
7900 True 0.0 0.05524039268493652 0
8000 True 0.0 0.05537748336791992 0
8100 True 0.0 0.0554351806640625 0
8200 True 0.0 0.0550541877746582 0
8300 False 0.0 0.0 0
8400 True 0.0 0.055869340896606445 0
8500 True 0.0 0.05516362190246582 0
8600 False 0.0 0.0 0
8700 True 0.0 0.056192636489868164 0
8800 True 0.0 0.05546712875366211 0
8900 True 0.0 0.05516409873962402 0
9000 True 0.0 0.05616903305053711 0
9100 True 0.0 0.05525994300842285 0
9200 True 0.0 0.058907508850097656 0
9300 True 0.0 0.055205345153808594 0
9400 True 0.0 0.05603337287902832 0
9500 True 0.0 0.05793619155883789 0
9600 True 0.0 0.05604910850524902 0
9700 True 0.0 0.058890342712402344 0
9800 True 0.0 0.058090925216674805 0
9900 True 0.0 0.056587934494018555 0
