0 False 0.0 0.0 0
100 True 0.0 0.05434703826904297 0
200 False 0.0 0.0 0
300 True 0.0 0.04362964630126953 0
400 True 0.0 0.04326748847961426 0
500 False 0.0 0.0 0
600 False 0.0 0.0 0
700 False 0.0 0.0 0
800 False 0.0 0.0 0
900 False 0.0 0.0 0
1000 False 0.0 0.0 0
1100 False 0.0 0.0 0
1200 False 0.0 0.0 0
1300 False 0.0 0.0 0
1400 False 0.0 0.0 0
1500 False 0.0 0.0 0
1600 False 0.0 0.0 0
1700 False 0.0 0.0 0
1800 False 0.0 0.0 0
1900 True 0.0 0.04507017135620117 0
2000 False 0.0 0.0 0
2100 False 0.0 0.0 0
2200 True 0.0 0.04314851760864258 0
2300 False 0.0 0.0 0
2400 True 0.0 0.045644521713256836 0
2500 False 0.0 0.0 0
2600 True 0.0 0.04310774803161621 0
2700 False 0.0 0.0 0
2800 False 0.0 0.0 0
2900 False 0.0 0.0 0
3000 False 0.0 0.0 0
3100 True 0.0 0.04410147666931152 0
3200 False 0.0 0.0 0
3300 False 0.0 0.0 0
3400 True 0.0 0.044493913650512695 0
3500 False 0.0 0.0 0
3600 True 0.0 0.044681549072265625 0
3700 False 0.0 0.0 0
3800 False 0.0 0.0 0
3900 False 0.0 0.0 0
4000 False 0.0 0.0 0
4100 False 0.0 0.0 0
4200 False 0.0 0.0 0
4300 True 0.0 0.06976938247680664 0
4400 False 0.0 0.0 0
4500 False 0.0 0.0 0
4600 False 0.0 0.0 0
4700 True 0.0 0.04521512985229492 0
4800 True 0.0 0.04475688934326172 0
4900 False 0.0 0.0 0
5000 False 0.0 0.0 0
5100 False 0.0 0.0 0
5200 False 0.0 0.0 0
5300 False 0.0 0.0 0
5400 True 0.0 0.044693946838378906 0
5500 False 0.0 0.0 0
5600 False 0.0 0.0 0
5700 False 0.0 0.0 0
5800 False 0.0 0.0 0
5900 False 0.0 0.0 0
6000 False 0.0 0.0 0
6100 True 0.0 0.052884817123413086 0
6200 False 0.0 0.0 0
6300 False 0.0 0.0 0
6400 False 0.0 0.0 0
6500 False 0.0 0.0 0
6600 False 0.0 0.0 0
6700 True 0.0 0.04617667198181152 0
6800 True 0.0 0.04326009750366211 0
6900 False 0.0 0.0 0
7000 False 0.0 0.0 0
7100 True 0.0 0.04421234130859375 0
7200 False 0.0 0.0 0
7300 False 0.0 0.0 0
7400 False 0.0 0.0 0
7500 False 0.0 0.0 0
7600 False 0.0 0.0 0
7700 True 0.0 0.04286909103393555 0
7800 True 0.0 0.04399299621582031 0
7900 False 0.0 0.0 0
8000 False 0.0 0.0 0
8100 True 0.0 0.0435640811920166 0
8200 False 0.0 0.0 0
8300 False 0.0 0.0 0
8400 False 0.0 0.0 0
8500 False 0.0 0.0 0
8600 False 0.0 0.0 0
8700 False 0.0 0.0 0
8800 True 0.0 0.04331374168395996 0
8900 False 0.0 0.0 0
9000 False 0.0 0.0 0
9100 False 0.0 0.0 0
9200 True 0.0 0.043827056884765625 0
9300 False 0.0 0.0 0
9400 True 0.0 0.04316830635070801 0
9500 False 0.0 0.0 0
9600 True 0.0 0.046869516372680664 0
9700 True 0.0 0.04326319694519043 0
9800 False 0.0 0.0 0
9900 False 0.0 0.0 0
