0 True 0 0.016336441040039062 0
100 False 0 0.0 0
200 True 0 0.00676417350769043 0
300 True 1 0.00701904296875 0
400 True 1 0.007047891616821289 0
500 False 0 0.0 0
600 True 1 0.006959438323974609 0
700 True 0 0.006888628005981445 0
800 True 1 0.0069425106048583984 0
900 False 0 0.0 0
1000 True 1 0.0069620609283447266 0
1100 False 0 0.0 0
1200 True 0 0.006785392761230469 0
1300 True 0 0.006858110427856445 0
1400 False 0 0.0 0
1500 True 1 0.006641387939453125 0
1600 False 0 0.0 0
1700 False 0 0.0 0
1800 False 0 0.0 0
1900 True 1 0.006872415542602539 0
2000 False 0 0.0 0
2100 False 0 0.0 0
2200 True 1 0.0068547725677490234 0
2300 True 0 0.006773233413696289 0
2400 True 1 0.0066602230072021484 0
2500 False 0 0.0 0
2600 True 1 0.006822347640991211 0
2700 False 0 0.0 0
2800 False 0 0.0 0
2900 False 0 0.0 0
3000 True 1 0.006890058517456055 0
3100 True 1 0.00669097900390625 0
3200 False 0 0.0 0
3300 False 0 0.0 0
3400 False 0 0.0 0
3500 True 1 0.00722956657409668 0
3600 False 0 0.0 0
3700 False 0 0.0 0
3800 True 1 0.006839752197265625 0
3900 False 0 0.0 0
4000 False 0 0.0 0
4100 True 1 0.006840229034423828 0
4200 False 0 0.0 0
4300 True 1 0.00668025016784668 0
4400 False 0 0.0 0
4500 True 0 0.00680994987487793 0
4600 False 0 0.0 0
4700 False 0 0.0 0
4800 True 1 0.0068225860595703125 0
4900 False 0 0.0 0
5000 True 1 0.006645679473876953 0
5100 True 1 0.006646633148193359 0
5200 False 0 0.0 0
5300 False 0 0.0 0
5400 True 1 0.0070362091064453125 0
5500 False 0 0.0 0
5600 False 0 0.0 0
5700 True 0 0.006949186325073242 0
5800 False 0 0.0 0
5900 False 0 0.0 0
6000 False 0 0.0 0
6100 True 1 0.006939411163330078 0
6200 False 0 0.0 0
6300 False 0 0.0 0
6400 False 0 0.0 0
6500 False 0 0.0 0
6600 True 1 0.007238149642944336 0
6700 True 0 0.007203578948974609 0
6800 True 0 0.007159233093261719 0
6900 True 0 0.007142782211303711 0
7000 False 0 0.0 0
7100 True 1 0.007187366485595703 0
7200 False 0 0.0 0
7300 False 0 0.0 0
7400 False 0 0.0 0
7500 False 0 0.0 0
7600 False 0 0.0 0
7700 True 1 0.007235527038574219 0
7800 True 1 0.007166147232055664 0
7900 False 0 0.0 0
8000 True 1 0.007157325744628906 0
8100 False 0 0.0 0
8200 False 0 0.0 0
8300 False 0 0.0 0
8400 False 0 0.0 0
8500 False 0 0.0 0
8600 False 0 0.0 0
8700 True 0 0.007139444351196289 0
8800 True 1 0.00697636604309082 0
8900 False 0 0.0 0
9000 True 1 0.007246255874633789 0
9100 False 0 0.0 0
9200 True 1 0.007050752639770508 0
9300 False 0 0.0 0
9400 True 1 0.007213115692138672 0
9500 True 0 0.007079601287841797 0
9600 True 1 0.0070536136627197266 0
9700 True 1 0.007126331329345703 0
9800 True 0 0.0070226192474365234 0
9900 False 0 0.0 0
