0 False 0 0.0 0
100 False 0 0.0 0
200 False 0 0.0 0
300 True 0 0.016370058059692383 0
400 True 1 0.0067996978759765625 0
500 False 0 0.0 0
600 True 1 0.007007122039794922 0
700 True 0 0.006689310073852539 0
800 True 0 0.0069048404693603516 0
900 False 0 0.0 0
1000 True 1 0.0069561004638671875 0
1100 False 0 0.0 0
1200 False 0 0.0 0
1300 False 0 0.0 0
1400 True 1 0.007050037384033203 0
1500 False 0 0.0 0
1600 False 0 0.0 0
1700 False 0 0.0 0
1800 False 0 0.0 0
1900 True 1 0.0068509578704833984 0
2000 False 0 0.0 0
2100 False 0 0.0 0
2200 True 1 0.0072100162506103516 0
2300 False 0 0.0 0
2400 True 1 0.007036447525024414 0
2500 False 0 0.0 0
2600 True 1 0.006847381591796875 0
2700 False 0 0.0 0
2800 False 0 0.0 0
2900 False 0 0.0 0
3000 True 1 0.00687861442565918 0
3100 True 1 0.006866455078125 0
3200 False 0 0.0 0
3300 False 0 0.0 0
3400 True 1 0.006726741790771484 0
3500 False 0 0.0 0
3600 False 0 0.0 0
3700 False 0 0.0 0
3800 False 0 0.0 0
3900 False 0 0.0 0
4000 False 0 0.0 0
4100 True 1 0.006840944290161133 0
4200 False 0 0.0 0
4300 True 1 0.006804704666137695 0
4400 True 0 0.007132291793823242 0
4500 True 1 0.006662130355834961 0
4600 False 0 0.0 0
4700 True 0 0.0068187713623046875 0
4800 True 1 0.0067746639251708984 0
4900 True 0 0.007107734680175781 0
5000 False 0 0.0 0
5100 False 0 0.0 0
5200 False 0 0.0 0
5300 True 0 0.0067903995513916016 0
5400 False 0 0.0 0
5500 False 0 0.0 0
5600 False 0 0.0 0
5700 False 0 0.0 0
5800 False 0 0.0 0
5900 False 0 0.0 0
6000 True 0 0.006945133209228516 0
6100 False 0 0.0 0
6200 False 0 0.0 0
6300 False 0 0.0 0
6400 False 0 0.0 0
6500 True 0 0.00678706169128418 0
6600 True 1 0.007235527038574219 0
6700 True 1 0.006844043731689453 0
6800 True 1 0.006772518157958984 0
6900 False 0 0.0 0
7000 False 0 0.0 0
7100 True 1 0.00701141357421875 0
7200 False 0 0.0 0
7300 False 0 0.0 0
7400 False 0 0.0 0
7500 False 0 0.0 0
7600 False 0 0.0 0
7700 True 1 0.007227659225463867 0
7800 True 1 0.006926059722900391 0
7900 False 0 0.0 0
8000 True 0 0.006949901580810547 0
8100 True 1 0.00699305534362793 0
8200 False 0 0.0 0
8300 False 0 0.0 0
8400 False 0 0.0 0
8500 False 0 0.0 0
8600 False 0 0.0 0
8700 False 0 0.0 0
8800 True 1 0.006927013397216797 0
8900 False 0 0.0 0
9000 False 0 0.0 0
9100 False 0 0.0 0
9200 True 1 0.006841182708740234 0
9300 False 0 0.0 0
9400 True 1 0.006788492202758789 0
9500 True 0 0.006897926330566406 0
9600 True 1 0.006764650344848633 0
9700 True 1 0.006771564483642578 0
9800 False 0 0.0 0
9900 True 1 0.006837129592895508 0
