0 False 0.0 0.0 0
100 False 0.0 0.0 0
200 False 0.0 0.0 0
300 True 0.0166015625 0.06945419311523438 0
400 True 0.125 0.059778690338134766 0
500 False 0.0 0.0 0
600 True 0.0439453125 0.05951642990112305 0
700 True 0.013671875 0.06004762649536133 0
800 True 0.025390625 0.060424089431762695 0
900 False 0.0 0.0 0
1000 True 0.0478515625 0.06153130531311035 0
1100 False 0.0 0.0 0
1200 False 0.0 0.0 0
1300 False 0.0 0.0 0
1400 True 0.0380859375 0.06342911720275879 0
1500 False 0.0 0.0 0
1600 False 0.0 0.0 0
1700 False 0.0 0.0 0
1800 False 0.0 0.0 0
1900 True 0.07421875 0.061537981033325195 0
2000 False 0.0 0.0 0
2100 False 0.0 0.0 0
2200 True 0.1328125 0.059694766998291016 0
2300 False 0.0 0.0 0
2400 True 0.099609375 0.05981898307800293 0
2500 False 0.0 0.0 0
2600 True 0.0771484375 0.0600743293762207 0
2700 False 0.0 0.0 0
2800 False 0.0 0.0 0
2900 False 0.0 0.0 0
3000 True 0.05859375 0.05977630615234375 0
3100 True 0.060546875 0.06009697914123535 0
3200 False 0.0 0.0 0
3300 False 0.0 0.0 0
3400 True 0.109375 0.05999112129211426 0
3500 False 0.0 0.0 0
3600 False 0.0 0.0 0
3700 False 0.0 0.0 0
3800 False 0.0 0.0 0
3900 False 0.0 0.0 0
4000 False 0.0 0.0 0
4100 True 0.0869140625 0.05986213684082031 0
4200 False 0.0 0.0 0
4300 True 0.05078125 0.059757232666015625 0
4400 True 0.015625 0.06029081344604492 0
4500 True 0.037109375 0.061330318450927734 0
4600 False 0.0 0.0 0
4700 True 0.0087890625 0.061597585678100586 0
4800 True 0.1484375 0.0615382194519043 0
4900 True 0.0205078125 0.05967116355895996 0
5000 False 0.0 0.0 0
5100 False 0.0 0.0 0
5200 False 0.0 0.0 0
5300 True 0.013671875 0.06354641914367676 0
5400 False 0.0 0.0 0
5500 False 0.0 0.0 0
5600 False 0.0 0.0 0
5700 False 0.0 0.0 0
5800 False 0.0 0.0 0
5900 False 0.0 0.0 0
6000 True 0.0068359375 0.06100893020629883 0
6100 False 0.0 0.0 0
6200 False 0.0 0.0 0
6300 False 0.0 0.0 0
6400 False 0.0 0.0 0
6500 True 0.0048828125 0.0595245361328125 0
6600 True 0.052734375 0.05966901779174805 0
6700 True 0.0400390625 0.05951523780822754 0
6800 True 0.0595703125 0.059628963470458984 0
6900 False 0.0 0.0 0
7000 False 0.0 0.0 0
7100 True 0.109375 0.05976676940917969 0
7200 False 0.0 0.0 0
7300 False 0.0 0.0 0
7400 False 0.0 0.0 0
7500 False 0.0 0.0 0
7600 False 0.0 0.0 0
7700 True 0.048828125 0.059832096099853516 0
7800 True 0.09765625 0.06136894226074219 0
7900 False 0.0 0.0 0
8000 True 0.029296875 0.06142759323120117 0
8100 True 0.0341796875 0.06135678291320801 0
8200 False 0.0 0.0 0
8300 False 0.0 0.0 0
8400 False 0.0 0.0 0
8500 False 0.0 0.0 0
8600 False 0.0 0.0 0
8700 False 0.0 0.0 0
8800 True 0.1787109375 0.06087136268615723 0
8900 False 0.0 0.0 0
9000 False 0.0 0.0 0
9100 False 0.0 0.0 0
9200 True 0.0634765625 0.05973649024963379 0
9300 False 0.0 0.0 0
9400 True 0.033203125 0.059830665588378906 0
9500 True 0.0185546875 0.05925464630126953 0
9600 True 0.0546875 0.06212759017944336 0
9700 True 0.095703125 0.06025099754333496 0
9800 False 0.0 0.0 0
9900 True 0.0390625 0.0597834587097168 0
