0 True 0.0048828125 0.07171964645385742 0
100 False 0.0 0.0 0
200 True 0.0068359375 0.06299614906311035 0
300 True 0.01171875 0.06350135803222656 0
400 True 0.0302734375 0.06310772895812988 0
500 False 0.0 0.0 0
600 True 0.0166015625 0.06275200843811035 0
700 True 0.0009765625 0.062233924865722656 0
800 True 0.017578125 0.06245279312133789 0
900 False 0.0 0.0 0
1000 True 0.02734375 0.06123924255371094 0
1100 False 0.0 0.0 0
1200 True 0.0048828125 0.059842586517333984 0
1300 True 0.00390625 0.060114383697509766 0
1400 False 0.0 0.0 0
1500 True 0.0244140625 0.06029915809631348 0
1600 False 0.0 0.0 0
1700 False 0.0 0.0 0
1800 False 0.0 0.0 0
1900 True 0.021484375 0.05965280532836914 0
2000 False 0.0 0.0 0
2100 False 0.0 0.0 0
2200 True 0.0146484375 0.05968761444091797 0
2300 True 0.005859375 0.06175827980041504 0
2400 True 0.021484375 0.06263518333435059 0
2500 False 0.0 0.0 0
2600 True 0.0205078125 0.06148576736450195 0
2700 False 0.0 0.0 0
2800 False 0.0 0.0 0
2900 False 0.0 0.0 0
3000 True 0.0322265625 0.05972862243652344 0
3100 True 0.0146484375 0.05975198745727539 0
3200 False 0.0 0.0 0
3300 False 0.0 0.0 0
3400 False 0.0 0.0 0
3500 True 0.0087890625 0.05962705612182617 0
3600 False 0.0 0.0 0
3700 False 0.0 0.0 0
3800 True 0.013671875 0.059922218322753906 0
3900 False 0.0 0.0 0
4000 False 0.0 0.0 0
4100 True 0.0244140625 0.0599980354309082 0
4200 False 0.0 0.0 0
4300 True 0.03125 0.0596311092376709 0
4400 False 0.0 0.0 0
4500 True 0.0009765625 0.06026649475097656 0
4600 False 0.0 0.0 0
4700 False 0.0 0.0 0
4800 True 0.02734375 0.0597689151763916 0
4900 False 0.0 0.0 0
5000 True 0.017578125 0.05967283248901367 0
5100 True 0.0234375 0.06109285354614258 0
5200 False 0.0 0.0 0
5300 False 0.0 0.0 0
5400 True 0.01171875 0.06148529052734375 0
5500 False 0.0 0.0 0
5600 False 0.0 0.0 0
5700 True 0.00390625 0.061342477798461914 0
5800 False 0.0 0.0 0
5900 False 0.0 0.0 0
6000 False 0.0 0.0 0
6100 True 0.01171875 0.05987429618835449 0
6200 False 0.0 0.0 0
6300 False 0.0 0.0 0
6400 False 0.0 0.0 0
6500 False 0.0 0.0 0
6600 True 0.0322265625 0.06218671798706055 0
6700 True 0.0048828125 0.059725284576416016 0
6800 True 0.0029296875 0.0605463981628418 0
6900 True 0.005859375 0.06036186218261719 0
7000 False 0.0 0.0 0
7100 True 0.017578125 0.05981945991516113 0
7200 False 0.0 0.0 0
7300 False 0.0 0.0 0
7400 False 0.0 0.0 0
7500 False 0.0 0.0 0
7600 False 0.0 0.0 0
7700 True 0.015625 0.06005978584289551 0
7800 True 0.015625 0.05977272987365723 0
7900 False 0.0 0.0 0
8000 True 0.0126953125 0.05938720703125 0
8100 False 0.0 0.0 0
8200 False 0.0 0.0 0
8300 False 0.0 0.0 0
8400 False 0.0 0.0 0
8500 False 0.0 0.0 0
8600 False 0.0 0.0 0
8700 True 0.00390625 0.06121420860290527 0
8800 True 0.0322265625 0.0615084171295166 0
8900 False 0.0 0.0 0
9000 True 0.025390625 0.06156158447265625 0
9100 False 0.0 0.0 0
9200 True 0.03125 0.059522151947021484 0
9300 False 0.0 0.0 0
9400 True 0.0078125 0.06020069122314453 0
9500 True 0.0 0.06069755554199219 0
9600 True 0.01953125 0.05987691879272461 0
9700 True 0.0234375 0.06195878982543945 0
9800 True 0.00390625 0.06007742881774902 0
9900 False 0.0 0.0 0
