0 True 0.0 0.05323052406311035 0
100 False 0.0 0.0 0
200 False 0.0 0.0 0
300 True 0.0 0.043679237365722656 0
400 True 0.0 0.04305243492126465 0
500 False 0.0 0.0 0
600 True 0.0 0.047269582748413086 0
700 True 0.0 0.04322385787963867 0
800 True 0.0 0.04609251022338867 0
900 False 0.0 0.0 0
1000 True 0.0 0.046202898025512695 0
1100 False 0.0 0.0 0
1200 True 0.0 0.042954206466674805 0
1300 False 0.0 0.0 0
1400 False 0.0 0.0 0
1500 True 0.0 0.04430270195007324 0
1600 False 0.0 0.0 0
1700 False 0.0 0.0 0
1800 False 0.0 0.0 0
1900 True 0.0 0.04299426078796387 0
2000 False 0.0 0.0 0
2100 False 0.0 0.0 0
2200 False 0.0 0.0 0
2300 True 0.0 0.05178093910217285 0
2400 True 0.0 0.04356074333190918 0
2500 True 0.0 0.04318070411682129 0
2600 True 0.0 0.04475522041320801 0
2700 True 0.0 0.043070077896118164 0
2800 False 0.0 0.0 0
2900 False 0.0 0.0 0
3000 True 0.0 0.047655344009399414 0
3100 True 0.0 0.04329967498779297 0
3200 False 0.0 0.0 0
3300 False 0.0 0.0 0
3400 False 0.0 0.0 0
3500 True 0.0 0.04319310188293457 0
3600 False 0.0 0.0 0
3700 True 0.0 0.0478205680847168 0
3800 True 0.0 0.046320199966430664 0
3900 False 0.0 0.0 0
4000 False 0.0 0.0 0
4100 True 0.0 0.04657602310180664 0
4200 True 0.0 0.04912614822387695 0
4300 True 0.0 0.04478263854980469 0
4400 False 0.0 0.0 0
4500 True 0.0 0.04710865020751953 0
4600 False 0.0 0.0 0
4700 True 0.0 0.04391837120056152 0
4800 True 0.0 0.04318737983703613 0
4900 True 0.0 0.04521465301513672 0
5000 True 0.0 0.04295182228088379 0
5100 True 0.0 0.04380440711975098 0
5200 True 0.0 0.04347944259643555 0
5300 True 0.0 0.04336237907409668 0
5400 True 0.0 0.04407835006713867 0
5500 True 0.0 0.04334855079650879 0
5600 True 0.0 0.043274879455566406 0
5700 True 0.0 0.04348325729370117 0
5800 False 0.0 0.0 0
5900 False 0.0 0.0 0
6000 True 0.0 0.04305720329284668 0
6100 True 0.0 0.04561972618103027 0
6200 False 0.0 0.0 0
6300 False 0.0 0.0 0
6400 False 0.0 0.0 0
6500 False 0.0 0.0 0
6600 True 0.0 0.043792724609375 0
6700 True 0.0 0.04629397392272949 0
6800 True 0.0 0.04336190223693848 0
6900 False 0.0 0.0 0
7000 False 0.0 0.0 0
7100 False 0.0 0.0 0
7200 False 0.0 0.0 0
7300 True 0.0 0.0436246395111084 0
7400 True 0.0 0.05101943016052246 0
7500 True 0.0 0.04407906532287598 0
7600 False 0.0 0.0 0
7700 False 0.0 0.0 0
7800 True 0.0 0.043212890625 0
7900 False 0.0 0.0 0
8000 True 0.0 0.043204307556152344 0
8100 False 0.0 0.0 0
8200 False 0.0 0.0 0
8300 False 0.0 0.0 0
8400 False 0.0 0.0 0
8500 True 0.0 0.043817758560180664 0
8600 False 0.0 0.0 0
8700 True 0.0 0.04376792907714844 0
8800 True 0.0 0.042966365814208984 0
8900 False 0.0 0.0 0
9000 True 0.0 0.04384589195251465 0
9100 False 0.0 0.0 0
9200 True 0.0 0.04280853271484375 0
9300 False 0.0 0.0 0
9400 False 0.0 0.0 0
9500 True 0.0 0.042840003967285156 0
9600 True 0.0 0.05347108840942383 0
9700 True 0.0 0.042896270751953125 0
9800 True 0.0 0.04344630241394043 0
9900 False 0.0 0.0 0
