0 False 0.0 0.0 0
100 True 0.0048828125 0.3581545352935791 0
200 False 0.0 0.0 0
300 True 0.0244140625 0.5465388298034668 0
400 True 0.0341796875 0.44489192962646484 0
500 False 0.0 0.0 0
600 False 0.0 0.0 0
700 True 0.0146484375 0.27049756050109863 0
800 False 0.0 0.0 0
900 False 0.0 0.0 0
1000 True 0.01171875 0.3128015995025635 0
1100 False 0.0 0.0 0
1200 False 0.0 0.0 0
1300 False 0.0 0.0 0
1400 True 0.0185546875 0.3667290210723877 0
1500 False 0.0 0.0 0
1600 False 0.0 0.0 0
1700 False 0.0 0.0 0
1800 False 0.0 0.0 0
1900 True 0.0205078125 0.3221733570098877 0
2000 False 0.0 0.0 0
2100 False 0.0 0.0 0
2200 True 0.0380859375 0.4620187282562256 0
2300 False 0.0 0.0 0
2400 True 0.0556640625 0.4707472324371338 0
2500 False 0.0 0.0 0
2600 True 0.0263671875 0.40958452224731445 0
2700 False 0.0 0.0 0
2800 False 0.0 0.0 0
2900 False 0.0 0.0 0
3000 True 0.0556640625 0.5314052104949951 0
3100 True 0.029296875 0.42375898361206055 0
3200 False 0.0 0.0 0
3300 False 0.0 0.0 0
3400 True 0.0078125 0.2392435073852539 0
3500 True 0.01953125 0.5097966194152832 0
3600 False 0.0 0.0 0
3700 False 0.0 0.0 0
3800 False 0.0 0.0 0
3900 False 0.0 0.0 0
4000 False 0.0 0.0 0
4100 True 0.0322265625 0.5762119293212891 0
4200 True 0.0078125 0.3283565044403076 0
4300 False 0.0 0.0 0
4400 False 0.0 0.0 0
4500 False 0.0 0.0 0
4600 False 0.0 0.0 0
4700 False 0.0 0.0 0
4800 True 0.03125 0.6030995845794678 0
4900 False 0.0 0.0 0
5000 True 0.015625 0.27966761589050293 0
5100 False 0.0 0.0 0
5200 True 0.017578125 0.37943410873413086 0
5300 False 0.0 0.0 0
5400 True 0.021484375 0.35667943954467773 0
5500 False 0.0 0.0 0
5600 False 0.0 0.0 0
5700 False 0.0 0.0 0
5800 False 0.0 0.0 0
5900 False 0.0 0.0 0
6000 False 0.0 0.0 0
6100 True 0.0068359375 0.38349246978759766 0
6200 False 0.0 0.0 0
6300 False 0.0 0.0 0
6400 False 0.0 0.0 0
6500 False 0.0 0.0 0
6600 False 0.0 0.0 0
6700 True 0.00390625 0.5733802318572998 0
6800 True 0.0107421875 0.45255565643310547 0
6900 False 0.0 0.0 0
7000 False 0.0 0.0 0
7100 True 0.037109375 0.5275437831878662 0
7200 False 0.0 0.0 0
7300 False 0.0 0.0 0
7400 False 0.0 0.0 0
7500 False 0.0 0.0 0
7600 False 0.0 0.0 0
7700 True 0.021484375 0.5843312740325928 0
7800 True 0.03515625 0.5317151546478271 0
7900 False 0.0 0.0 0
8000 True 0.03515625 0.4402048587799072 0
8100 False 0.0 0.0 0
8200 False 0.0 0.0 0
8300 False 0.0 0.0 0
8400 False 0.0 0.0 0
8500 True 0.015625 0.41530656814575195 0
8600 False 0.0 0.0 0
8700 False 0.0 0.0 0
8800 True 0.064453125 0.6971123218536377 0
8900 False 0.0 0.0 0
9000 False 0.0 0.0 0
9100 False 0.0 0.0 0
9200 True 0.0244140625 0.5050714015960693 0
9300 True 0.0068359375 0.4201242923736572 0
9400 False 0.0 0.0 0
9500 False 0.0 0.0 0
9600 True 0.0322265625 0.5634140968322754 0
9700 True 0.03515625 0.5696454048156738 0
9800 False 0.0 0.0 0
9900 False 0.0 0.0 0
