0 True 0.0078125 0.36446642875671387 0
100 False 0.0 0.0 0
200 False 0.0 0.0 0
300 True 0.0185546875 0.47487568855285645 0
400 True 0.015625 0.4093434810638428 0
500 False 0.0 0.0 0
600 True 0.00390625 0.249619722366333 0
700 True 0.001953125 0.2923464775085449 0
800 True 0.0048828125 0.34320902824401855 0
900 False 0.0 0.0 0
1000 True 0.017578125 0.5012669563293457 0
1100 False 0.0 0.0 0
1200 True 0.01171875 0.40592455863952637 0
1300 False 0.0 0.0 0
1400 True 0.005859375 0.37920689582824707 0
1500 True 0.009765625 0.4370136260986328 0
1600 False 0.0 0.0 0
1700 False 0.0 0.0 0
1800 False 0.0 0.0 0
1900 True 0.0087890625 0.42548227310180664 0
2000 False 0.0 0.0 0
2100 False 0.0 0.0 0
2200 True 0.03125 0.5430922508239746 0
2300 False 0.0 0.0 0
2400 True 0.0283203125 0.5286993980407715 0
2500 False 0.0 0.0 0
2600 True 0.0205078125 0.4440732002258301 0
2700 False 0.0 0.0 0
2800 False 0.0 0.0 0
2900 False 0.0 0.0 0
3000 True 0.037109375 0.5906243324279785 0
3100 True 0.0283203125 0.5954241752624512 0
3200 False 0.0 0.0 0
3300 False 0.0 0.0 0
3400 False 0.0 0.0 0
3500 True 0.009765625 0.409869909286499 0
3600 False 0.0 0.0 0
3700 False 0.0 0.0 0
3800 False 0.0 0.0 0
3900 False 0.0 0.0 0
4000 False 0.0 0.0 0
4100 True 0.0302734375 0.5751602649688721 0
4200 True 0.0029296875 0.2860596179962158 0
4300 True 0.0234375 0.5004391670227051 0
4400 False 0.0 0.0 0
4500 False 0.0 0.0 0
4600 False 0.0 0.0 0
4700 False 0.0 0.0 0
4800 True 0.0107421875 0.42377448081970215 0
4900 False 0.0 0.0 0
5000 True 0.0166015625 0.4402048587799072 0
5100 True 0.0068359375 0.38369107246398926 0
5200 True 0.017578125 0.44327759742736816 0
5300 False 0.0 0.0 0
5400 True 0.0078125 0.36678266525268555 0
5500 False 0.0 0.0 0
5600 False 0.0 0.0 0
5700 True 0.0029296875 0.31430602073669434 0
5800 False 0.0 0.0 0
5900 False 0.0 0.0 0
6000 True 0.0078125 0.3789217472076416 0
6100 True 0.01171875 0.4746546745300293 0
6200 False 0.0 0.0 0
6300 False 0.0 0.0 0
6400 False 0.0 0.0 0
6500 False 0.0 0.0 0
6600 True 0.01953125 0.47018980979919434 0
6700 False 0.0 0.0 0
6800 True 0.00390625 0.34473371505737305 0
6900 False 0.0 0.0 0
7000 False 0.0 0.0 0
7100 False 0.0 0.0 0
7200 False 0.0 0.0 0
7300 True 0.0009765625 0.2474222183227539 0
7400 True 0.0146484375 0.48999691009521484 0
7500 False 0.0 0.0 0
7600 True 0.0 0.11959338188171387 0
7700 True 0.009765625 0.4112083911895752 0
7800 True 0.0244140625 0.5604448318481445 0
7900 False 0.0 0.0 0
8000 True 0.025390625 0.39934754371643066 0
8100 False 0.0 0.0 0
8200 False 0.0 0.0 0
8300 False 0.0 0.0 0
8400 False 0.0 0.0 0
8500 True 0.0087890625 0.3323092460632324 0
8600 False 0.0 0.0 0
8700 True 0.0107421875 0.4321248531341553 0
8800 True 0.0380859375 0.5894975662231445 0
8900 False 0.0 0.0 0
9000 True 0.0107421875 0.4326610565185547 0
9100 False 0.0 0.0 0
9200 True 0.029296875 0.544978141784668 0
9300 False 0.0 0.0 0
9400 False 0.0 0.0 0
9500 False 0.0 0.0 0
9600 True 0.0205078125 0.5046570301055908 0
9700 True 0.015625 0.32598280906677246 0
9800 True 0.0048828125 0.37528300285339355 0
9900 False 0.0 0.0 0
