0 False 0.0 0.0 0
100 False 0.0 0.0 0
200 False 0.0 0.0 0
300 True 0.0361328125 0.4747302532196045 0
400 True 0.0791015625 0.7819795608520508 0
500 False 0.0 0.0 0
600 True 0.052734375 0.34153103828430176 0
700 False 0.0 0.0 0
800 False 0.0 0.0 0
900 False 0.0 0.0 0
1000 True 0.0546875 0.3910048007965088 0
1100 False 0.0 0.0 0
1200 False 0.0 0.0 0
1300 True 0.0712890625 0.5946111679077148 0
1400 True 0.0537109375 0.5216233730316162 0
1500 False 0.0 0.0 0
1600 False 0.0 0.0 0
1700 False 0.0 0.0 0
1800 False 0.0 0.0 0
1900 True 0.06640625 0.41918206214904785 0
2000 False 0.0 0.0 0
2100 False 0.0 0.0 0
2200 True 0.1044921875 0.43302392959594727 0
2300 False 0.0 0.0 0
2400 True 0.16015625 0.4510505199432373 0
2500 False 0.0 0.0 0
2600 True 0.095703125 0.5843906402587891 0
2700 False 0.0 0.0 0
2800 False 0.0 0.0 0
2900 False 0.0 0.0 0
3000 True 0.1142578125 0.5934486389160156 0
3100 True 0.0888671875 0.42917895317077637 0
3200 False 0.0 0.0 0
3300 False 0.0 0.0 0
3400 True 0.0703125 0.7010352611541748 0
3500 False 0.0 0.0 0
3600 True 0.0234375 0.3744981288909912 0
3700 False 0.0 0.0 0
3800 True 0.041015625 0.4320492744445801 0
3900 False 0.0 0.0 0
4000 True 0.0146484375 0.43750977516174316 0
4100 True 0.07421875 0.37975573539733887 0
4200 False 0.0 0.0 0
4300 False 0.0 0.0 0
4400 False 0.0 0.0 0
4500 False 0.0 0.0 0
4600 False 0.0 0.0 0
4700 False 0.0 0.0 0
4800 True 0.091796875 0.5029048919677734 0
4900 False 0.0 0.0 0
5000 False 0.0 0.0 0
5100 False 0.0 0.0 0
5200 False 0.0 0.0 0
5300 False 0.0 0.0 0
5400 False 0.0 0.0 0
5500 False 0.0 0.0 0
5600 False 0.0 0.0 0
5700 False 0.0 0.0 0
5800 False 0.0 0.0 0
5900 False 0.0 0.0 0
6000 True 0.0009765625 0.16084671020507812 0
6100 True 0.03125 0.32448291778564453 0
6200 False 0.0 0.0 0
6300 False 0.0 0.0 0
6400 False 0.0 0.0 0
6500 False 0.0 0.0 0
6600 False 0.0 0.0 0
6700 True 0.0166015625 0.29511356353759766 0
6800 True 0.0927734375 0.5583019256591797 0
6900 False 0.0 0.0 0
7000 False 0.0 0.0 0
7100 True 0.080078125 0.45778727531433105 0
7200 False 0.0 0.0 0
7300 False 0.0 0.0 0
7400 False 0.0 0.0 0
7500 False 0.0 0.0 0
7600 False 0.0 0.0 0
7700 True 0.0595703125 0.4380645751953125 0
7800 True 0.140625 0.43866801261901855 0
7900 False 0.0 0.0 0
8000 False 0.0 0.0 0
8100 False 0.0 0.0 0
8200 False 0.0 0.0 0
8300 False 0.0 0.0 0
8400 False 0.0 0.0 0
8500 False 0.0 0.0 0
8600 False 0.0 0.0 0
8700 False 0.0 0.0 0
8800 True 0.2001953125 0.45810413360595703 0
8900 False 0.0 0.0 0
9000 False 0.0 0.0 0
9100 False 0.0 0.0 0
9200 True 0.033203125 0.38714122772216797 0
9300 False 0.0 0.0 0
9400 True 0.046875 0.3938288688659668 0
9500 False 0.0 0.0 0
9600 True 0.056640625 0.4271066188812256 0
9700 True 0.0986328125 0.3916802406311035 0
9800 False 0.0 0.0 0
9900 True 0.0380859375 0.3698861598968506 0
