0 True 0 0.18092632293701172 0
100 False 0 0.0 0
200 False 0 0.0 0
300 True 0 0.4344460964202881 0
400 True 1 0.4233579635620117 0
500 False 0 0.0 0
600 True 0 0.19202518463134766 0
700 True 0 0.29385828971862793 0
800 True 0 0.2274167537689209 0
900 False 0 0.0 0
1000 True 1 0.5162241458892822 0
1100 False 0 0.0 0
1200 True 0 0.1238100528717041 0
1300 False 0 0.0 0
1400 True 0 0.16437458992004395 0
1500 True 0 0.06569933891296387 0
1600 False 0 0.0 0
1700 False 0 0.0 0
1800 False 0 0.0 0
1900 True 1 0.44331789016723633 0
2000 False 0 0.0 0
2100 False 0 0.0 0
2200 True 1 0.45087647438049316 0
2300 True 0 0.22550535202026367 0
2400 True 1 0.491743803024292 0
2500 False 0 0.0 0
2600 True 1 0.3368239402770996 0
2700 False 0 0.0 0
2800 False 0 0.0 0
2900 False 0 0.0 0
3000 True 1 0.4958505630493164 0
3100 True 0 0.42897701263427734 0
3200 False 0 0.0 0
3300 False 0 0.0 0
3400 False 0 0.0 0
3500 True 0 0.28864479064941406 0
3600 False 0 0.0 0
3700 False 0 0.0 0
3800 True 0 0.1957252025604248 0
3900 False 0 0.0 0
4000 False 0 0.0 0
4100 True 1 0.4651322364807129 0
4200 True 0 0.03275156021118164 0
4300 True 0 0.3322780132293701 0
4400 False 0 0.0 0
4500 False 0 0.0 0
4600 False 0 0.0 0
4700 False 0 0.0 0
4800 True 1 0.4293088912963867 0
4900 True 0 0.25043535232543945 0
5000 True 0 0.2259519100189209 0
5100 True 0 0.2007761001586914 0
5200 True 1 0.37566280364990234 0
5300 False 0 0.0 0
5400 True 0 0.12996292114257812 0
5500 False 0 0.0 0
5600 False 0 0.0 0
5700 True 0 0.06076335906982422 0
5800 False 0 0.0 0
5900 False 0 0.0 0
6000 True 0 0.20846128463745117 0
6100 True 0 0.3702127933502197 0
6200 True 0 0.09805679321289062 0
6300 False 0 0.0 0
6400 False 0 0.0 0
6500 False 0 0.0 0
6600 True 1 0.3596947193145752 0
6700 True 0 0.12651944160461426 0
6800 True 0 0.23656415939331055 0
6900 False 0 0.0 0
7000 False 0 0.0 0
7100 True 0 0.3174898624420166 0
7200 False 0 0.0 0
7300 False 0 0.0 0
7400 True 0 0.2799072265625 0
7500 True 0 0.18650507926940918 0
7600 False 0 0.0 0
7700 True 0 0.18809294700622559 0
7800 True 0 0.3352975845336914 0
7900 False 0 0.0 0
8000 True 0 0.3475306034088135 0
8100 False 0 0.0 0
8200 False 0 0.0 0
8300 False 0 0.0 0
8400 False 0 0.0 0
8500 True 0 0.22072601318359375 0
8600 False 0 0.0 0
8700 True 0 0.30919361114501953 0
8800 True 1 0.4844841957092285 0
8900 False 0 0.0 0
9000 True 1 0.506089448928833 0
9100 False 0 0.0 0
9200 True 1 0.3424417972564697 0
9300 False 0 0.0 0
9400 False 0 0.0 0
9500 False 0 0.0 0
9600 True 1 0.3219625949859619 0
9700 True 0 0.48485255241394043 0
9800 False 0 0.0 0
9900 False 0 0.0 0
