0 False 0 0.0 0
100 False 0 0.0 0
200 False 0 0.0 0
300 True 0 0.12635135650634766 0
400 True 0 0.10097646713256836 0
500 False 0 0.0 0
600 False 0 0.0 0
700 True 0 0.053571462631225586 0
800 False 0 0.0 0
900 False 0 0.0 0
1000 True 0 0.13008570671081543 0
1100 False 0 0.0 0
1200 False 0 0.0 0
1300 False 0 0.0 0
1400 True 0 0.13104796409606934 0
1500 False 0 0.0 0
1600 False 0 0.0 0
1700 False 0 0.0 0
1800 False 0 0.0 0
1900 True 0 0.1947486400604248 0
2000 False 0 0.0 0
2100 False 0 0.0 0
2200 True 0 0.17514300346374512 0
2300 False 0 0.0 0
2400 True 0 0.31752753257751465 0
2500 False 0 0.0 0
2600 True 0 0.17937350273132324 0
2700 False 0 0.0 0
2800 False 0 0.0 0
2900 False 0 0.0 0
3000 True 0 0.3333439826965332 0
3100 True 0 0.15716791152954102 0
3200 False 0 0.0 0
3300 False 0 0.0 0
3400 True 0 0.03264021873474121 0
3500 True 0 0.09853625297546387 0
3600 False 0 0.0 0
3700 False 0 0.0 0
3800 True 0 0.0667119026184082 0
3900 False 0 0.0 0
4000 False 0 0.0 0
4100 True 0 0.14197516441345215 0
4200 True 0 0.0343165397644043 0
4300 True 0 0.030652761459350586 0
4400 False 0 0.0 0
4500 False 0 0.0 0
4600 False 0 0.0 0
4700 True 0 0.053542375564575195 0
4800 True 0 0.12840032577514648 0
4900 True 0 0.03211498260498047 0
5000 True 0 0.11516761779785156 0
5100 False 0 0.0 0
5200 True 0 0.03307771682739258 0
5300 False 0 0.0 0
5400 True 0 0.0657656192779541 0
5500 False 0 0.0 0
5600 False 0 0.0 0
5700 False 0 0.0 0
5800 False 0 0.0 0
5900 False 0 0.0 0
6000 False 0 0.0 0
6100 True 0 0.0764627456665039 0
6200 False 0 0.0 0
6300 False 0 0.0 0
6400 False 0 0.0 0
6500 False 0 0.0 0
6600 True 0 0.09640622138977051 0
6700 True 0 0.02914285659790039 0
6800 True 0 0.0509793758392334 0
6900 False 0 0.0 0
7000 False 0 0.0 0
7100 True 0 0.13968205451965332 0
7200 False 0 0.0 0
7300 False 0 0.0 0
7400 False 0 0.0 0
7500 False 0 0.0 0
7600 False 0 0.0 0
7700 True 0 0.07435226440429688 0
7800 True 0 0.12434601783752441 0
7900 False 0 0.0 0
8000 True 0 0.12918353080749512 0
8100 False 0 0.0 0
8200 False 0 0.0 0
8300 False 0 0.0 0
8400 False 0 0.0 0
8500 False 0 0.0 0
8600 False 0 0.0 0
8700 False 0 0.0 0
8800 True 0 0.34897422790527344 0
8900 False 0 0.0 0
9000 True 0 0.09107542037963867 0
9100 False 0 0.0 0
9200 True 0 0.13276433944702148 0
9300 True 0 0.12922072410583496 0
9400 False 0 0.0 0
9500 False 0 0.0 0
9600 True 0 0.22954010963439941 0
9700 True 0 0.2227027416229248 0
9800 False 0 0.0 0
9900 False 0 0.0 0
