0 False 0.0 0.0 0
100 False 0.0 0.0 0
200 False 0.0 0.0 0
300 True 0.0458984375 1.8306472301483154 0
400 True 0.0927734375 2.6098079681396484 0
500 False 0.0 0.0 0
600 False 0.0 0.0 0
700 True 0.021484375 1.3990397453308105 0
800 True 0.0185546875 1.344189167022705 0
900 False 0.0 0.0 0
1000 True 0.025390625 1.33565092086792 0
1100 False 0.0 0.0 0
1200 False 0.0 0.0 0
1300 False 0.0 0.0 0
1400 True 0.021484375 1.7256832122802734 0
1500 False 0.0 0.0 0
1600 False 0.0 0.0 0
1700 False 0.0 0.0 0
1800 False 0.0 0.0 0
1900 False 0.0 0.0 0
2000 False 0.0 0.0 0
2100 False 0.0 0.0 0
2200 True 0.0400390625 2.6354527473449707 0
2300 False 0.0 0.0 0
2400 True 0.1279296875 4.327239990234375 0
2500 False 0.0 0.0 0
2600 True 0.07421875 1.5162644386291504 0
2700 True 0.0029296875 0.8588695526123047 0
2800 False 0.0 0.0 0
2900 False 0.0 0.0 0
3000 True 0.0595703125 1.4087700843811035 0
3100 True 0.0078125 0.9251368045806885 0
3200 False 0.0 0.0 0
3300 False 0.0 0.0 0
3400 True 0.0244140625 1.1215028762817383 0
3500 False 0.0 0.0 0
3600 False 0.0 0.0 0
3700 False 0.0 0.0 0
3800 False 0.0 0.0 0
3900 False 0.0 0.0 0
4000 False 0.0 0.0 0
4100 True 0.0732421875 2.9847915172576904 0
4200 False 0.0 0.0 0
4300 False 0.0 0.0 0
4400 False 0.0 0.0 0
4500 False 0.0 0.0 0
4600 False 0.0 0.0 0
4700 False 0.0 0.0 0
4800 True 0.03515625 1.685318946838379 0
4900 False 0.0 0.0 0
5000 False 0.0 0.0 0
5100 False 0.0 0.0 0
5200 False 0.0 0.0 0
5300 False 0.0 0.0 0
5400 False 0.0 0.0 0
5500 False 0.0 0.0 0
5600 False 0.0 0.0 0
5700 False 0.0 0.0 0
5800 False 0.0 0.0 0
5900 False 0.0 0.0 0
6000 False 0.0 0.0 0
6100 True 0.0146484375 1.527327299118042 0
6200 False 0.0 0.0 0
6300 False 0.0 0.0 0
6400 False 0.0 0.0 0
6500 False 0.0 0.0 0
6600 True 0.0390625 1.410501480102539 0
6700 True 0.01953125 1.5246012210845947 0
6800 True 0.03515625 1.229764699935913 0
6900 False 0.0 0.0 0
7000 False 0.0 0.0 0
7100 True 0.078125 1.1024236679077148 0
7200 False 0.0 0.0 0
7300 True 0.013671875 2.0145528316497803 0
7400 False 0.0 0.0 0
7500 False 0.0 0.0 0
7600 False 0.0 0.0 0
7700 True 0.0341796875 1.9664607048034668 0
7800 True 0.017578125 1.8166372776031494 0
7900 False 0.0 0.0 0
8000 True 0.0107421875 1.9255075454711914 0
8100 True 0.03515625 2.4648361206054688 0
8200 False 0.0 0.0 0
8300 False 0.0 0.0 0
8400 False 0.0 0.0 0
8500 False 0.0 0.0 0
8600 False 0.0 0.0 0
8700 False 0.0 0.0 0
8800 True 0.0390625 1.9252192974090576 0
8900 False 0.0 0.0 0
9000 False 0.0 0.0 0
9100 False 0.0 0.0 0
9200 True 0.017578125 1.5745916366577148 0
9300 False 0.0 0.0 0
9400 True 0.0322265625 1.4408156871795654 0
9500 False 0.0 0.0 0
9600 True 0.03515625 1.3484768867492676 0
9700 True 0.0859375 2.7818703651428223 0
9800 False 0.0 0.0 0
9900 False 0.0 0.0 0
