0 True 0.0009765625 68.73133373260498 0
100 False 0.0 0.0 0
200 False 0.0 0.0 0
300 True 0.0009765625 79.77798342704773 0
400 True 0.015625 120.6890001296997 1
500 False 0.0 0.0 0
600 True 0.0009765625 80.99370241165161 0
700 True 0.009765625 120.5002224445343 1
800 True 0.0078125 100.81790971755981 0
900 False 0.0 0.0 0
1000 True 0.0107421875 119.96501398086548 0
1100 False 0.0 0.0 0
1200 False 0.0 0.0 0
1300 False 0.0 0.0 0
1400 True 0.005859375 106.34305739402771 0
1500 False 0.0 0.0 0
1600 False 0.0 0.0 0
1700 False 0.0 0.0 0
1800 False 0.0 0.0 0
1900 True 0.0126953125 120.90210342407227 1
2000 False 0.0 0.0 0
2100 False 0.0 0.0 0
2200 True 0.009765625 106.8627667427063 0
2300 False 0.0 0.0 0
2400 True 0.01953125 121.0082139968872 1
2500 False 0.0 0.0 0
2600 True 0.01171875 120.51865458488464 1
2700 False 0.0 0.0 0
2800 False 0.0 0.0 0
2900 False 0.0 0.0 0
3000 True 0.013671875 121.06230926513672 1
3100 True 0.0087890625 106.54657816886902 0
3200 False 0.0 0.0 0
3300 False 0.0 0.0 0
3400 False 0.0 0.0 0
3500 True 0.0078125 103.04446029663086 0
3600 False 0.0 0.0 0
3700 False 0.0 0.0 0
3800 True 0.005859375 101.1322889328003 0
3900 False 0.0 0.0 0
4000 False 0.0 0.0 0
4100 True 0.0166015625 119.57706379890442 0
4200 True 0.001953125 77.14589285850525 0
4300 True 0.0087890625 101.10974597930908 0
4400 False 0.0 0.0 0
4500 False 0.0 0.0 0
4600 False 0.0 0.0 0
4700 False 0.0 0.0 0
4800 True 0.013671875 120.82577896118164 1
4900 False 0.0 0.0 0
5000 True 0.009765625 112.74235796928406 0
5100 True 0.00390625 79.60022497177124 0
5200 False 0.0 0.0 0
5300 False 0.0 0.0 0
5400 False 0.0 0.0 0
5500 True 0.0029296875 85.2190842628479 0
5600 False 0.0 0.0 0
5700 True 0.0068359375 102.71681594848633 0
5800 False 0.0 0.0 0
5900 False 0.0 0.0 0
6000 True 0.0029296875 84.8677773475647 0
6100 True 0.005859375 96.35934734344482 0
6200 False 0.0 0.0 0
6300 False 0.0 0.0 0
6400 False 0.0 0.0 0
6500 False 0.0 0.0 0
6600 True 0.013671875 120.81729435920715 1
6700 True 0.0029296875 85.80128741264343 0
6800 True 0.00390625 82.41469979286194 0
6900 False 0.0 0.0 0
7000 False 0.0 0.0 0
7100 True 0.0107421875 106.51090002059937 0
7200 False 0.0 0.0 0
7300 False 0.0 0.0 0
7400 True 0.005859375 101.8081362247467 0
7500 True 0.005859375 102.29450821876526 0
7600 False 0.0 0.0 0
7700 True 0.0078125 91.49629783630371 0
7800 True 0.009765625 103.0820677280426 0
7900 False 0.0 0.0 0
8000 True 0.0087890625 102.67154574394226 0
8100 False 0.0 0.0 0
8200 False 0.0 0.0 0
8300 False 0.0 0.0 0
8400 False 0.0 0.0 0
8500 False 0.0 0.0 0
8600 False 0.0 0.0 0
8700 False 0.0 0.0 0
8800 True 0.021484375 120.6358630657196 1
8900 False 0.0 0.0 0
9000 True 0.0107421875 111.11572527885437 0
9100 False 0.0 0.0 0
9200 True 0.013671875 118.60162615776062 0
9300 True 0.0068359375 111.65797305107117 0
9400 True 0.0048828125 100.03096508979797 0
9500 True 0.0 44.71886229515076 0
9600 True 0.013671875 115.96908330917358 0
9700 True 0.0087890625 103.36950778961182 0
9800 True 0.009765625 112.65587306022644 0
9900 False 0.0 0.0 0
