0 True 0.0 24.118947744369507 0
100 False 0.0 0.0 0
200 False 0.0 0.0 0
300 True 0.037109375 75.81055045127869 0
400 True 0.0361328125 72.3371524810791 0
500 True 0.01171875 60.1435022354126 0
600 False 0.0 0.0 0
700 True 0.0146484375 63.09244251251221 0
800 True 0.029296875 73.7320454120636 0
900 False 0.0 0.0 0
1000 True 0.03125 68.31552815437317 0
1100 False 0.0 0.0 0
1200 True 0.037109375 73.01988244056702 0
1300 False 0.0 0.0 0
1400 True 0.0263671875 70.45503330230713 0
1500 False 0.0 0.0 0
1600 False 0.0 0.0 0
1700 False 0.0 0.0 0
1800 False 0.0 0.0 0
1900 True 0.01953125 62.82457709312439 0
2000 False 0.0 0.0 0
2100 False 0.0 0.0 0
2200 True 0.07421875 84.35470128059387 0
2300 False 0.0 0.0 0
2400 True 0.060546875 78.45165586471558 0
2500 False 0.0 0.0 0
2600 True 0.0390625 74.85262608528137 0
2700 False 0.0 0.0 0
2800 False 0.0 0.0 0
2900 True 0.033203125 74.53111910820007 0
3000 True 0.02734375 74.22782921791077 0
3100 True 0.0205078125 65.70438885688782 0
3200 False 0.0 0.0 0
3300 False 0.0 0.0 0
3400 True 0.052734375 81.72005867958069 0
3500 False 0.0 0.0 0
3600 False 0.0 0.0 0
3700 False 0.0 0.0 0
3800 True 0.0029296875 44.733744621276855 0
3900 False 0.0 0.0 0
4000 False 0.0 0.0 0
4100 True 0.0654296875 78.45076942443848 0
4200 False 0.0 0.0 0
4300 True 0.0322265625 72.72325801849365 0
4400 False 0.0 0.0 0
4500 False 0.0 0.0 0
4600 False 0.0 0.0 0
4700 False 0.0 0.0 0
4800 True 0.0380859375 76.37819051742554 0
4900 False 0.0 0.0 0
5000 True 0.005859375 53.08458733558655 0
5100 True 0.0185546875 68.51112914085388 0
5200 True 0.009765625 59.50659966468811 0
5300 False 0.0 0.0 0
5400 False 0.0 0.0 0
5500 False 0.0 0.0 0
5600 False 0.0 0.0 0
5700 True 0.0185546875 67.59623098373413 0
5800 False 0.0 0.0 0
5900 False 0.0 0.0 0
6000 True 0.013671875 66.39736747741699 0
6100 True 0.0126953125 64.57084226608276 0
6200 False 0.0 0.0 0
6300 False 0.0 0.0 0
6400 True 0.005859375 53.04143714904785 0
6500 False 0.0 0.0 0
6600 True 0.021484375 73.47263360023499 0
6700 False 0.0 0.0 0
6800 True 0.0498046875 84.70171689987183 0
6900 True 0.0107421875 66.61199760437012 0
7000 False 0.0 0.0 0
7100 True 0.0537109375 88.45700001716614 0
7200 False 0.0 0.0 0
7300 False 0.0 0.0 0
7400 False 0.0 0.0 0
7500 True 0.03125 69.62019777297974 0
7600 True 0.005859375 54.54385232925415 0
7700 True 0.0439453125 84.9073429107666 0
7800 True 0.0732421875 77.91307711601257 0
7900 False 0.0 0.0 0
8000 True 0.015625 61.75775504112244 0
8100 False 0.0 0.0 0
8200 False 0.0 0.0 0
8300 False 0.0 0.0 0
8400 False 0.0 0.0 0
8500 False 0.0 0.0 0
8600 True 0.0283203125 74.98657393455505 0
8700 True 0.037109375 77.23592400550842 0
8800 True 0.068359375 80.29125165939331 0
8900 False 0.0 0.0 0
9000 True 0.0224609375 71.29215288162231 0
9100 False 0.0 0.0 0
9200 True 0.037109375 77.61262321472168 0
9300 True 0.044921875 81.62849688529968 0
9400 True 0.03515625 71.98136496543884 0
9500 False 0.0 0.0 0
9600 True 0.037109375 67.71349287033081 0
9700 True 0.0791015625 79.95314407348633 0
9800 False 0.0 0.0 0
9900 False 0.0 0.0 0
