0 False 0 0.0 0
100 False 0 0.0 0
200 True 0 1.2988107204437256 0
300 True 0 1.2797660827636719 0
400 False 0 0.0 0
500 False 0 0.0 0
600 False 0 0.0 0
700 False 0 0.0 0
800 True 0 1.3360776901245117 0
900 False 0 0.0 0
1000 True 0 1.378741979598999 0
1100 False 0 0.0 0
1200 False 0 0.0 0
1300 False 0 0.0 0
1400 True 0 1.3321912288665771 0
1500 True 0 1.2641456127166748 0
1600 False 0 0.0 0
1700 False 0 0.0 0
1800 False 0 0.0 0
1900 True 0 1.2687406539916992 0
2000 False 0 0.0 0
2100 False 0 0.0 0
2200 True 0 1.2845714092254639 0
2300 False 0 0.0 0
2400 True 0 1.261465311050415 0
2500 True 0 1.3055188655853271 0
2600 True 0 1.2884554862976074 0
2700 False 0 0.0 0
2800 False 0 0.0 0
2900 False 0 0.0 0
3000 True 0 1.2445862293243408 0
3100 True 0 1.3054380416870117 0
3200 False 0 0.0 0
3300 False 0 0.0 0
3400 False 0 0.0 0
3500 True 0 1.2796261310577393 0
3600 False 0 0.0 0
3700 False 0 0.0 0
3800 False 0 0.0 0
3900 False 0 0.0 0
4000 False 0 0.0 0
4100 True 0 1.2602558135986328 0
4200 True 0 1.2392289638519287 0
4300 True 0 1.3198230266571045 0
4400 False 0 0.0 0
4500 False 0 0.0 0
4600 False 0 0.0 0
4700 True 0 1.3370723724365234 0
4800 False 0 0.0 0
4900 True 0 1.3001348972320557 0
5000 False 0 0.0 0
5100 False 0 0.0 0
5200 False 0 0.0 0
5300 False 0 0.0 0
5400 True 0 1.3559386730194092 0
5500 False 0 0.0 0
5600 False 0 0.0 0
5700 False 0 0.0 0
5800 False 0 0.0 0
5900 False 0 0.0 0
6000 True 0 1.3473668098449707 0
6100 True 0 1.263251781463623 0
6200 False 0 0.0 0
6300 False 0 0.0 0
6400 False 0 0.0 0
6500 False 0 0.0 0
6600 True 0 1.2722482681274414 0
6700 True 0 1.311497688293457 0
6800 True 0 1.3506324291229248 0
6900 False 0 0.0 0
7000 False 0 0.0 0
7100 False 0 0.0 0
7200 False 0 0.0 0
7300 False 0 0.0 0
7400 True 0 1.2290592193603516 0
7500 False 0 0.0 0
7600 False 0 0.0 0
7700 True 0 1.2765870094299316 0
7800 True 0 1.2530763149261475 0
7900 False 0 0.0 0
8000 False 0 0.0 0
8100 False 0 0.0 0
8200 False 0 0.0 0
8300 False 0 0.0 0
8400 False 0 0.0 0
8500 True 0 1.3114941120147705 0
8600 False 0 0.0 0
8700 False 0 0.0 0
8800 True 0 1.36724853515625 0
8900 False 0 0.0 0
9000 False 0 0.0 0
9100 False 0 0.0 0
9200 True 0 1.255113124847412 0
9300 True 0 1.2552142143249512 0
9400 False 0 0.0 0
9500 False 0 0.0 0
9600 True 0 1.3549790382385254 0
9700 True 0 1.350766658782959 0
9800 True 0 1.3506898880004883 0
9900 False 0 0.0 0
