0 False 0.0 0.0 0
100 True 0.0048828125 68.24236941337585 0
200 False 0.0 0.0 0
300 True 0.03125 120.81825041770935 1
400 True 0.09375 120.91226768493652 1
500 False 0.0 0.0 0
600 False 0.0 0.0 0
700 True 0.0146484375 111.48654747009277 0
800 False 0.0 0.0 0
900 False 0.0 0.0 0
1000 True 0.0166015625 47.22364664077759 0
1100 False 0.0 0.0 0
1200 False 0.0 0.0 0
1300 False 0.0 0.0 0
1400 True 0.025390625 104.76382493972778 0
1500 False 0.0 0.0 0
1600 False 0.0 0.0 0
1700 False 0.0 0.0 0
1800 False 0.0 0.0 0
1900 True 0.021484375 121.08802962303162 1
2000 False 0.0 0.0 0
2100 False 0.0 0.0 0
2200 True 0.0625 121.00382614135742 1
2300 False 0.0 0.0 0
2400 True 0.140625 121.78590250015259 1
2500 False 0.0 0.0 0
2600 True 0.03125 123.04610180854797 1
2700 False 0.0 0.0 0
2800 False 0.0 0.0 0
2900 False 0.0 0.0 0
3000 True 0.09375 122.03438138961792 1
3100 True 0.046875 120.9645676612854 1
3200 False 0.0 0.0 0
3300 False 0.0 0.0 0
3400 True 0.015625 120.87257361412048 1
3500 True 0.0234375 120.98305034637451 1
3600 False 0.0 0.0 0
3700 False 0.0 0.0 0
3800 False 0.0 0.0 0
3900 False 0.0 0.0 0
4000 False 0.0 0.0 0
4100 True 0.046875 120.5904929637909 1
4200 True 0.0078125 66.68914937973022 0
4300 False 0.0 0.0 0
4400 False 0.0 0.0 0
4500 False 0.0 0.0 0
4600 False 0.0 0.0 0
4700 False 0.0 0.0 0
4800 True 0.0625 120.90068864822388 1
4900 False 0.0 0.0 0
5000 True 0.03125 121.17935109138489 1
5100 False 0.0 0.0 0
5200 True 0.03125 122.61258053779602 1
5300 False 0.0 0.0 0
5400 True 0.0234375 120.68446445465088 1
5500 False 0.0 0.0 0
5600 False 0.0 0.0 0
5700 False 0.0 0.0 0
5800 False 0.0 0.0 0
5900 False 0.0 0.0 0
6000 False 0.0 0.0 0
6100 True 0.0068359375 68.30839347839355 0
6200 False 0.0 0.0 0
6300 False 0.0 0.0 0
6400 False 0.0 0.0 0
6500 False 0.0 0.0 0
6600 False 0.0 0.0 0
6700 True 0.0068359375 70.69739246368408 0
6800 True 0.015625 120.79989647865295 1
6900 False 0.0 0.0 0
7000 False 0.0 0.0 0
7100 True 0.0625 120.85266590118408 1
7200 False 0.0 0.0 0
7300 False 0.0 0.0 0
7400 False 0.0 0.0 0
7500 False 0.0 0.0 0
7600 False 0.0 0.0 0
7700 True 0.046875 122.2108256816864 1
7800 True 0.03125 121.35929894447327 1
7900 False 0.0 0.0 0
8000 True 0.046875 122.84377932548523 1
8100 False 0.0 0.0 0
8200 False 0.0 0.0 0
8300 False 0.0 0.0 0
8400 False 0.0 0.0 0
8500 True 0.0166015625 82.38458776473999 0
8600 False 0.0 0.0 0
8700 False 0.0 0.0 0
8800 True 0.125 122.34404063224792 1
8900 False 0.0 0.0 0
9000 False 0.0 0.0 0
9100 False 0.0 0.0 0
9200 True 0.03515625 120.85592746734619 1
9300 True 0.017578125 89.02209401130676 0
9400 False 0.0 0.0 0
9500 False 0.0 0.0 0
9600 True 0.0625 103.54571723937988 0
9700 True 0.0625 124.48431897163391 1
9800 False 0.0 0.0 0
9900 False 0.0 0.0 0
