0 True 0.0146484375 82.27594923973083 0
100 False 0.0 0.0 0
200 False 0.0 0.0 0
300 True 0.0390625 123.27393460273743 1
400 True 0.0166015625 51.672226905822754 0
500 False 0.0 0.0 0
600 True 0.00390625 29.540059566497803 0
700 True 0.00390625 92.22487616539001 0
800 True 0.005859375 105.17557168006897 0
900 False 0.0 0.0 0
1000 True 0.02734375 123.11248660087585 1
1100 False 0.0 0.0 0
1200 True 0.01171875 39.980517864227295 0
1300 False 0.0 0.0 0
1400 True 0.005859375 69.76837253570557 0
1500 True 0.01171875 122.53978323936462 1
1600 False 0.0 0.0 0
1700 False 0.0 0.0 0
1800 False 0.0 0.0 0
1900 True 0.0126953125 99.67800903320312 0
2000 False 0.0 0.0 0
2100 False 0.0 0.0 0
2200 True 0.078125 120.71773886680603 1
2300 False 0.0 0.0 0
2400 True 0.060546875 114.42618918418884 0
2500 False 0.0 0.0 0
2600 True 0.0390625 106.98008370399475 0
2700 False 0.0 0.0 0
2800 False 0.0 0.0 0
2900 False 0.0 0.0 0
3000 True 0.0625 122.15898895263672 1
3100 True 0.046875 121.67301845550537 1
3200 False 0.0 0.0 0
3300 False 0.0 0.0 0
3400 False 0.0 0.0 0
3500 True 0.0166015625 64.35193085670471 0
3600 False 0.0 0.0 0
3700 False 0.0 0.0 0
3800 False 0.0 0.0 0
3900 False 0.0 0.0 0
4000 False 0.0 0.0 0
4100 True 0.046875 121.0922315120697 1
4200 True 0.0029296875 71.16041898727417 0
4300 True 0.03515625 84.50237369537354 0
4400 False 0.0 0.0 0
4500 False 0.0 0.0 0
4600 False 0.0 0.0 0
4700 False 0.0 0.0 0
4800 True 0.0126953125 66.14699292182922 0
4900 False 0.0 0.0 0
5000 True 0.0263671875 92.93974733352661 0
5100 True 0.009765625 97.97976994514465 0
5200 True 0.02734375 120.59543561935425 1
5300 False 0.0 0.0 0
5400 True 0.01171875 62.8023464679718 0
5500 False 0.0 0.0 0
5600 False 0.0 0.0 0
5700 True 0.00390625 44.45427227020264 0
5800 False 0.0 0.0 0
5900 False 0.0 0.0 0
6000 True 0.0107421875 93.96888184547424 0
6100 True 0.01171875 120.52866506576538 1
6200 False 0.0 0.0 0
6300 False 0.0 0.0 0
6400 False 0.0 0.0 0
6500 False 0.0 0.0 0
6600 True 0.029296875 121.9497971534729 1
6700 False 0.0 0.0 0
6800 True 0.0087890625 97.38029146194458 0
6900 False 0.0 0.0 0
7000 False 0.0 0.0 0
7100 False 0.0 0.0 0
7200 False 0.0 0.0 0
7300 True 0.0009765625 47.02600455284119 0
7400 True 0.01953125 114.50554084777832 0
7500 False 0.0 0.0 0
7600 True 0.0 27.141477823257446 0
7700 True 0.015625 120.85622024536133 1
7800 True 0.03125 120.63283967971802 1
7900 False 0.0 0.0 0
8000 True 0.03515625 120.77244520187378 1
8100 False 0.0 0.0 0
8200 False 0.0 0.0 0
8300 False 0.0 0.0 0
8400 False 0.0 0.0 0
8500 True 0.015625 79.69522285461426 0
8600 False 0.0 0.0 0
8700 True 0.0166015625 81.23346757888794 0
8800 True 0.09375 120.6468825340271 1
8900 False 0.0 0.0 0
9000 True 0.0146484375 79.85118389129639 0
9100 False 0.0 0.0 0
9200 True 0.037109375 120.57429647445679 1
9300 False 0.0 0.0 0
9400 False 0.0 0.0 0
9500 False 0.0 0.0 0
9600 True 0.0546875 121.53386950492859 1
9700 True 0.0263671875 89.73800373077393 0
9800 True 0.00390625 121.15228056907654 1
9900 False 0.0 0.0 0
