0 False 0.0 0.0 0
100 False 0.0 0.0 0
200 False 0.0 0.0 0
300 True 0.0185546875 56.48595070838928 0
400 True 0.0859375 121.05570006370544 1
500 False 0.0 0.0 0
600 True 0.046875 52.59660816192627 0
700 False 0.0 0.0 0
800 False 0.0 0.0 0
900 False 0.0 0.0 0
1000 True 0.021484375 44.84449601173401 0
1100 False 0.0 0.0 0
1200 False 0.0 0.0 0
1300 True 0.052734375 49.368481159210205 0
1400 True 0.05859375 122.49503493309021 1
1500 False 0.0 0.0 0
1600 False 0.0 0.0 0
1700 False 0.0 0.0 0
1800 False 0.0 0.0 0
1900 True 0.06640625 79.75472021102905 0
2000 False 0.0 0.0 0
2100 False 0.0 0.0 0
2200 True 0.0625 123.8178563117981 1
2300 False 0.0 0.0 0
2400 True 0.203125 122.67552185058594 1
2500 False 0.0 0.0 0
2600 True 0.09765625 122.81950855255127 1
2700 False 0.0 0.0 0
2800 False 0.0 0.0 0
2900 False 0.0 0.0 0
3000 True 0.12109375 80.90211296081543 0
3100 True 0.078125 122.19825148582458 1
3200 False 0.0 0.0 0
3300 False 0.0 0.0 0
3400 True 0.005859375 39.9043869972229 0
3500 False 0.0 0.0 0
3600 True 0.0107421875 62.563023805618286 0
3700 False 0.0 0.0 0
3800 True 0.0380859375 53.04835867881775 0
3900 False 0.0 0.0 0
4000 True 0.0146484375 60.62910532951355 0
4100 True 0.0625 123.53698563575745 1
4200 False 0.0 0.0 0
4300 False 0.0 0.0 0
4400 False 0.0 0.0 0
4500 False 0.0 0.0 0
4600 False 0.0 0.0 0
4700 False 0.0 0.0 0
4800 True 0.0888671875 104.21576118469238 0
4900 False 0.0 0.0 0
5000 False 0.0 0.0 0
5100 False 0.0 0.0 0
5200 False 0.0 0.0 0
5300 False 0.0 0.0 0
5400 False 0.0 0.0 0
5500 False 0.0 0.0 0
5600 False 0.0 0.0 0
5700 False 0.0 0.0 0
5800 False 0.0 0.0 0
5900 False 0.0 0.0 0
6000 True 0.0009765625 89.32568287849426 0
6100 True 0.037109375 54.777552127838135 0
6200 False 0.0 0.0 0
6300 False 0.0 0.0 0
6400 False 0.0 0.0 0
6500 False 0.0 0.0 0
6600 False 0.0 0.0 0
6700 True 0.0 22.49707865715027 0
6800 True 0.015625 33.49450922012329 0
6900 False 0.0 0.0 0
7000 False 0.0 0.0 0
7100 True 0.15625 120.6098701953888 1
7200 False 0.0 0.0 0
7300 False 0.0 0.0 0
7400 False 0.0 0.0 0
7500 False 0.0 0.0 0
7600 False 0.0 0.0 0
7700 True 0.0029296875 55.6520311832428 0
7800 True 0.140625 120.83182740211487 1
7900 False 0.0 0.0 0
8000 False 0.0 0.0 0
8100 False 0.0 0.0 0
8200 False 0.0 0.0 0
8300 False 0.0 0.0 0
8400 False 0.0 0.0 0
8500 False 0.0 0.0 0
8600 False 0.0 0.0 0
8700 False 0.0 0.0 0
8800 True 0.25 123.16009950637817 1
8900 False 0.0 0.0 0
9000 False 0.0 0.0 0
9100 False 0.0 0.0 0
9200 True 0.0400390625 88.7614414691925 0
9300 False 0.0 0.0 0
9400 True 0.0029296875 63.338401079177856 0
9500 False 0.0 0.0 0
9600 True 0.0859375 69.00584554672241 0
9700 True 0.09375 120.56489753723145 1
9800 False 0.0 0.0 0
9900 True 0.0361328125 74.63618516921997 0
