0 False 0.0 0.0 0
100 False 0.0 0.0 0
200 False 0.0 0.0 0
300 True 0.0087890625 62.487486362457275 0
400 True 0.080078125 120.91207575798035 1
500 False 0.0 0.0 0
600 False 0.0 0.0 0
700 False 0.0 0.0 0
800 True 0.017578125 107.5540599822998 0
900 False 0.0 0.0 0
1000 True 0.05078125 121.12951755523682 1
1100 False 0.0 0.0 0
1200 False 0.0 0.0 0
1300 True 0.017578125 62.49240231513977 0
1400 True 0.0185546875 47.9251663684845 0
1500 False 0.0 0.0 0
1600 False 0.0 0.0 0
1700 False 0.0 0.0 0
1800 False 0.0 0.0 0
1900 True 0.03515625 120.83434081077576 1
2000 False 0.0 0.0 0
2100 False 0.0 0.0 0
2200 True 0.07421875 121.67878890037537 1
2300 False 0.0 0.0 0
2400 True 0.04296875 120.63160371780396 1
2500 False 0.0 0.0 0
2600 True 0.0234375 124.81435251235962 1
2700 False 0.0 0.0 0
2800 False 0.0 0.0 0
2900 False 0.0 0.0 0
3000 True 0.0693359375 81.24093675613403 0
3100 True 0.05078125 109.79406785964966 0
3200 False 0.0 0.0 0
3300 True 0.00390625 31.719539165496826 0
3400 True 0.02734375 72.9357922077179 0
3500 True 0.001953125 30.54775643348694 0
3600 False 0.0 0.0 0
3700 False 0.0 0.0 0
3800 True 0.0107421875 34.964959383010864 0
3900 False 0.0 0.0 0
4000 False 0.0 0.0 0
4100 True 0.078125 120.96920013427734 1
4200 False 0.0 0.0 0
4300 True 0.0 127.20141553878784 1
4400 False 0.0 0.0 0
4500 False 0.0 0.0 0
4600 True 0.0009765625 33.16798496246338 0
4700 True 0.0 19.680205583572388 0
4800 True 0.0859375 121.00725793838501 1
4900 False 0.0 0.0 0
5000 True 0.0390625 120.82326769828796 1
5100 False 0.0 0.0 0
5200 False 0.0 0.0 0
5300 False 0.0 0.0 0
5400 False 0.0 0.0 0
5500 True 0.0048828125 35.698349714279175 0
5600 True 0.001953125 17.44965147972107 0
5700 True 0.0 55.915624141693115 0
5800 False 0.0 0.0 0
5900 False 0.0 0.0 0
6000 True 0.0048828125 112.89866995811462 0
6100 True 0.0048828125 44.57634878158569 0
6200 False 0.0 0.0 0
6300 False 0.0 0.0 0
6400 False 0.0 0.0 0
6500 False 0.0 0.0 0
6600 True 0.03515625 124.14135003089905 1
6700 True 0.0048828125 22.83070182800293 0
6800 True 0.013671875 96.77506256103516 0
6900 False 0.0 0.0 0
7000 False 0.0 0.0 0
7100 True 0.0390625 120.89900588989258 1
7200 False 0.0 0.0 0
7300 False 0.0 0.0 0
7400 False 0.0 0.0 0
7500 False 0.0 0.0 0
7600 False 0.0 0.0 0
7700 True 0.0146484375 90.24173521995544 0
7800 True 0.04296875 120.8894395828247 1
7900 False 0.0 0.0 0
8000 True 0.04296875 94.20938038825989 0
8100 False 0.0 0.0 0
8200 False 0.0 0.0 0
8300 False 0.0 0.0 0
8400 False 0.0 0.0 0
8500 True 0.0009765625 41.27788782119751 0
8600 False 0.0 0.0 0
8700 False 0.0 0.0 0
8800 True 0.0859375 121.97140431404114 1
8900 False 0.0 0.0 0
9000 False 0.0 0.0 0
9100 False 0.0 0.0 0
9200 True 0.05078125 121.20895981788635 1
9300 False 0.0 0.0 0
9400 True 0.001953125 35.50499749183655 0
9500 False 0.0 0.0 0
9600 True 0.046875 121.6622211933136 1
9700 True 0.03125 121.97158718109131 1
9800 False 0.0 0.0 0
9900 False 0.0 0.0 0
