0 False 0.0 0.0 0
100 True 0.001953125 49.04858326911926 0
200 False 0.0 0.0 0
300 True 0.0234375 120.65692400932312 1
400 True 0.041015625 122.1053318977356 1
500 False 0.0 0.0 0
600 False 0.0 0.0 0
700 True 0.03125 121.72472047805786 1
800 True 0.0087890625 109.77835774421692 0
900 False 0.0 0.0 0
1000 True 0.0126953125 69.19001364707947 0
1100 False 0.0 0.0 0
1200 False 0.0 0.0 0
1300 False 0.0 0.0 0
1400 False 0.0 0.0 0
1500 False 0.0 0.0 0
1600 False 0.0 0.0 0
1700 False 0.0 0.0 0
1800 False 0.0 0.0 0
1900 True 0.0087890625 91.51491832733154 0
2000 False 0.0 0.0 0
2100 False 0.0 0.0 0
2200 True 0.03125 121.56046462059021 1
2300 False 0.0 0.0 0
2400 True 0.03125 57.66044235229492 0
2500 False 0.0 0.0 0
2600 True 0.025390625 95.48361229896545 0
2700 False 0.0 0.0 0
2800 False 0.0 0.0 0
2900 False 0.0 0.0 0
3000 True 0.03125 121.78016233444214 1
3100 True 0.03125 120.62150287628174 1
3200 False 0.0 0.0 0
3300 False 0.0 0.0 0
3400 False 0.0 0.0 0
3500 True 0.01171875 64.59127354621887 0
3600 False 0.0 0.0 0
3700 False 0.0 0.0 0
3800 False 0.0 0.0 0
3900 False 0.0 0.0 0
4000 False 0.0 0.0 0
4100 True 0.03125 121.74159836769104 1
4200 False 0.0 0.0 0
4300 True 0.0166015625 94.66781187057495 0
4400 False 0.0 0.0 0
4500 False 0.0 0.0 0
4600 True 0.001953125 33.98981189727783 0
4700 False 0.0 0.0 0
4800 True 0.0166015625 77.44551992416382 0
4900 True 0.013671875 105.73596787452698 0
5000 True 0.0068359375 99.8547682762146 0
5100 True 0.0234375 120.6371705532074 1
5200 True 0.046875 121.07136058807373 1
5300 False 0.0 0.0 0
5400 False 0.0 0.0 0
5500 False 0.0 0.0 0
5600 False 0.0 0.0 0
5700 True 0.0068359375 95.75932216644287 0
5800 False 0.0 0.0 0
5900 False 0.0 0.0 0
6000 False 0.0 0.0 0
6100 True 0.01171875 75.84537959098816 0
6200 False 0.0 0.0 0
6300 False 0.0 0.0 0
6400 False 0.0 0.0 0
6500 False 0.0 0.0 0
6600 True 0.013671875 76.47048783302307 0
6700 True 0.0078125 72.71097707748413 0
6800 True 0.0068359375 66.7888433933258 0
6900 False 0.0 0.0 0
7000 False 0.0 0.0 0
7100 True 0.0087890625 39.4652841091156 0
7200 False 0.0 0.0 0
7300 True 0.0068359375 74.05239629745483 0
7400 False 0.0 0.0 0
7500 False 0.0 0.0 0
7600 True 0.0068359375 74.74848771095276 0
7700 True 0.01171875 122.35563588142395 1
7800 True 0.0 101.99318623542786 0
7900 False 0.0 0.0 0
8000 True 0.033203125 111.7214469909668 0
8100 False 0.0 0.0 0
8200 False 0.0 0.0 0
8300 False 0.0 0.0 0
8400 False 0.0 0.0 0
8500 True 0.0234375 101.73851609230042 0
8600 False 0.0 0.0 0
8700 True 0.01953125 120.50127100944519 1
8800 True 0.0634765625 119.32327628135681 0
8900 False 0.0 0.0 0
9000 True 0.0068359375 69.67897033691406 0
9100 False 0.0 0.0 0
9200 True 0.03515625 87.67373085021973 0
9300 False 0.0 0.0 0
9400 True 0.0078125 72.37623810768127 0
9500 False 0.0 0.0 0
9600 True 0.03515625 120.95981764793396 1
9700 True 0.0068359375 75.1964852809906 0
9800 True 0.01953125 121.42057967185974 1
9900 False 0.0 0.0 0
