0 False 0.0 0.0 0
100 True 0.0 0.22688889503479004 0
200 False 0.0 0.0 0
300 True 0.0 0.15691232681274414 0
400 True 0.0 0.24479126930236816 0
500 False 0.0 0.0 0
600 False 0.0 0.0 0
700 True 0.0 0.26224613189697266 0
800 False 0.0 0.0 0
900 False 0.0 0.0 0
1000 True 0.0 0.1402301788330078 0
1100 False 0.0 0.0 0
1200 False 0.0 0.0 0
1300 False 0.0 0.0 0
1400 True 0.0 0.13627243041992188 0
1500 False 0.0 0.0 0
1600 False 0.0 0.0 0
1700 False 0.0 0.0 0
1800 False 0.0 0.0 0
1900 True 0.0 0.12775158882141113 0
2000 False 0.0 0.0 0
2100 False 0.0 0.0 0
2200 True 0.0 0.18783330917358398 0
2300 False 0.0 0.0 0
2400 True 0.052734375 24.245914697647095 0
2500 False 0.0 0.0 0
2600 True 0.0 0.11907958984375 0
2700 False 0.0 0.0 0
2800 False 0.0 0.0 0
2900 False 0.0 0.0 0
3000 True 0.0 0.1476905345916748 0
3100 True 0.0 0.22468066215515137 0
3200 False 0.0 0.0 0
3300 False 0.0 0.0 0
3400 True 0.013671875 26.60492444038391 0
3500 True 0.0 0.16850757598876953 0
3600 False 0.0 0.0 0
3700 False 0.0 0.0 0
3800 False 0.0 0.0 0
3900 False 0.0 0.0 0
4000 False 0.0 0.0 0
4100 True 0.0 0.25583386421203613 0
4200 True 0.0 0.28137731552124023 0
4300 False 0.0 0.0 0
4400 False 0.0 0.0 0
4500 False 0.0 0.0 0
4600 False 0.0 0.0 0
4700 False 0.0 0.0 0
4800 True 0.0 0.11959028244018555 0
4900 False 0.0 0.0 0
5000 True 0.0 0.16762828826904297 0
5100 False 0.0 0.0 0
5200 True 0.0 0.2827012538909912 0
5300 False 0.0 0.0 0
5400 True 0.0 0.2389066219329834 0
5500 False 0.0 0.0 0
5600 False 0.0 0.0 0
5700 False 0.0 0.0 0
5800 False 0.0 0.0 0
5900 False 0.0 0.0 0
6000 False 0.0 0.0 0
6100 True 0.0 0.1498861312866211 0
6200 False 0.0 0.0 0
6300 False 0.0 0.0 0
6400 False 0.0 0.0 0
6500 False 0.0 0.0 0
6600 False 0.0 0.0 0
6700 True 0.0 0.1617734432220459 0
6800 True 0.0126953125 20.321483612060547 0
6900 False 0.0 0.0 0
7000 False 0.0 0.0 0
7100 True 0.0 0.2645900249481201 0
7200 False 0.0 0.0 0
7300 False 0.0 0.0 0
7400 False 0.0 0.0 0
7500 False 0.0 0.0 0
7600 False 0.0 0.0 0
7700 True 0.0 0.1476740837097168 0
7800 True 0.0419921875 46.892269134521484 0
7900 False 0.0 0.0 0
8000 True 0.0 0.23459124565124512 0
8100 False 0.0 0.0 0
8200 False 0.0 0.0 0
8300 False 0.0 0.0 0
8400 False 0.0 0.0 0
8500 True 0.0 0.23931646347045898 0
8600 False 0.0 0.0 0
8700 False 0.0 0.0 0
8800 True 0.0244140625 12.744014501571655 0
8900 False 0.0 0.0 0
9000 False 0.0 0.0 0
9100 False 0.0 0.0 0
9200 True 0.0 0.2701122760772705 0
9300 True 0.0 0.14282584190368652 0
9400 False 0.0 0.0 0
9500 False 0.0 0.0 0
9600 True 0.0 0.12046289443969727 0
9700 True 0.04296875 47.43570518493652 0
9800 False 0.0 0.0 0
9900 False 0.0 0.0 0
