0 False 0 0.0 0
100 True 0 0.028772354125976562 0
200 False 0 0.0 0
300 True 0 0.018579721450805664 0
400 True 0 0.025940656661987305 0
500 False 0 0.0 0
600 False 0 0.0 0
700 True 0 0.028222084045410156 0
800 False 0 0.0 0
900 False 0 0.0 0
1000 True 0 0.01524496078491211 0
1100 False 0 0.0 0
1200 False 0 0.0 0
1300 False 0 0.0 0
1400 True 0 0.016505718231201172 0
1500 False 0 0.0 0
1600 False 0 0.0 0
1700 False 0 0.0 0
1800 False 0 0.0 0
1900 True 0 0.014189720153808594 0
2000 False 0 0.0 0
2100 False 0 0.0 0
2200 True 0 0.02062368392944336 0
2300 False 0 0.0 0
2400 True 1 0.03233146667480469 0
2500 False 0 0.0 0
2600 True 0 0.014441967010498047 0
2700 False 0 0.0 0
2800 False 0 0.0 0
2900 False 0 0.0 0
3000 True 0 0.017487525939941406 0
3100 True 0 0.023903608322143555 0
3200 False 0 0.0 0
3300 False 0 0.0 0
3400 True 0 2.6576294898986816 0
3500 True 0 0.019657135009765625 0
3600 False 0 0.0 0
3700 False 0 0.0 0
3800 False 0 0.0 0
3900 False 0 0.0 0
4000 False 0 0.0 0
4100 True 0 0.02859640121459961 0
4200 True 0 0.03193950653076172 0
4300 False 0 0.0 0
4400 False 0 0.0 0
4500 False 0 0.0 0
4600 False 0 0.0 0
4700 False 0 0.0 0
4800 True 0 0.013191461563110352 0
4900 False 0 0.0 0
5000 True 0 0.019404172897338867 0
5100 False 0 0.0 0
5200 True 0 0.03112959861755371 0
5300 False 0 0.0 0
5400 True 0 0.02819061279296875 0
5500 False 0 0.0 0
5600 False 0 0.0 0
5700 False 0 0.0 0
5800 False 0 0.0 0
5900 False 0 0.0 0
6000 False 0 0.0 0
6100 True 0 0.016839027404785156 0
6200 False 0 0.0 0
6300 False 0 0.0 0
6400 False 0 0.0 0
6500 False 0 0.0 0
6600 False 0 0.0 0
6700 True 0 0.01758575439453125 0
6800 True 0 3.4311859607696533 0
6900 False 0 0.0 0
7000 False 0 0.0 0
7100 True 0 0.030396223068237305 0
7200 False 0 0.0 0
7300 False 0 0.0 0
7400 False 0 0.0 0
7500 False 0 0.0 0
7600 False 0 0.0 0
7700 True 0 0.016012191772460938 0
7800 True 1 0.03279685974121094 0
7900 False 0 0.0 0
8000 True 0 0.026102066040039062 0
8100 False 0 0.0 0
8200 False 0 0.0 0
8300 False 0 0.0 0
8400 False 0 0.0 0
8500 True 0 0.02742314338684082 0
8600 False 0 0.0 0
8700 False 0 0.0 0
8800 True 0 2.0876212120056152 0
8900 False 0 0.0 0
9000 False 0 0.0 0
9100 False 0 0.0 0
9200 True 0 0.030779123306274414 0
9300 True 0 0.015305519104003906 0
9400 False 0 0.0 0
9500 False 0 0.0 0
9600 True 0 0.013468265533447266 0
9700 True 1 0.035196542739868164 0
9800 False 0 0.0 0
9900 False 0 0.0 0
