0 False 0.0 0.0 0
100 True 0.0 0.21102452278137207 0
200 False 0.0 0.0 0
300 True 0.0 0.23322772979736328 0
400 True 0.0 0.25417494773864746 0
500 False 0.0 0.0 0
600 False 0.0 0.0 0
700 True 0.0 0.22777342796325684 0
800 True 0.0 0.13627099990844727 0
900 False 0.0 0.0 0
1000 True 0.0 0.15252971649169922 0
1100 False 0.0 0.0 0
1200 False 0.0 0.0 0
1300 False 0.0 0.0 0
1400 False 0.0 0.0 0
1500 False 0.0 0.0 0
1600 False 0.0 0.0 0
1700 False 0.0 0.0 0
1800 False 0.0 0.0 0
1900 True 0.0 0.14072489738464355 0
2000 False 0.0 0.0 0
2100 False 0.0 0.0 0
2200 True 0.0 0.1950371265411377 0
2300 False 0.0 0.0 0
2400 True 0.0068359375 7.32056736946106 0
2500 False 0.0 0.0 0
2600 True 0.0 0.13229942321777344 0
2700 False 0.0 0.0 0
2800 False 0.0 0.0 0
2900 False 0.0 0.0 0
3000 True 0.0 0.14870142936706543 0
3100 True 0.0 0.13449931144714355 0
3200 False 0.0 0.0 0
3300 False 0.0 0.0 0
3400 False 0.0 0.0 0
3500 True 0.0 0.1614980697631836 0
3600 False 0.0 0.0 0
3700 False 0.0 0.0 0
3800 False 0.0 0.0 0
3900 False 0.0 0.0 0
4000 False 0.0 0.0 0
4100 True 0.0 0.22819900512695312 0
4200 False 0.0 0.0 0
4300 True 0.0 0.13534855842590332 0
4400 False 0.0 0.0 0
4500 False 0.0 0.0 0
4600 True 0.0 0.14466571807861328 0
4700 False 0.0 0.0 0
4800 True 0.0 0.1351604461669922 0
4900 True 0.0 0.15444231033325195 0
5000 True 0.0 0.16329550743103027 0
5100 True 0.0 0.13433408737182617 0
5200 True 0.0 0.3110048770904541 0
5300 False 0.0 0.0 0
5400 False 0.0 0.0 0
5500 False 0.0 0.0 0
5600 False 0.0 0.0 0
5700 True 0.0 0.12353801727294922 0
5800 False 0.0 0.0 0
5900 False 0.0 0.0 0
6000 False 0.0 0.0 0
6100 True 0.0 0.15858101844787598 0
6200 False 0.0 0.0 0
6300 False 0.0 0.0 0
6400 False 0.0 0.0 0
6500 False 0.0 0.0 0
6600 True 0.0 0.14794254302978516 0
6700 True 0.0 0.1589040756225586 0
6800 True 0.0 0.16845059394836426 0
6900 False 0.0 0.0 0
7000 False 0.0 0.0 0
7100 True 0.0 0.15678143501281738 0
7200 False 0.0 0.0 0
7300 True 0.0 0.1330869197845459 0
7400 False 0.0 0.0 0
7500 False 0.0 0.0 0
7600 True 0.0 0.21435141563415527 0
7700 True 0.0 0.3143911361694336 0
7800 True 0.001953125 10.397293329238892 0
7900 False 0.0 0.0 0
8000 True 0.0 0.23468446731567383 0
8100 False 0.0 0.0 0
8200 False 0.0 0.0 0
8300 False 0.0 0.0 0
8400 False 0.0 0.0 0
8500 True 0.0 0.11377406120300293 0
8600 False 0.0 0.0 0
8700 True 0.0 0.14967989921569824 0
8800 True 0.0 0.12400436401367188 0
8900 False 0.0 0.0 0
9000 True 0.0 0.14546656608581543 0
9100 False 0.0 0.0 0
9200 True 0.0 0.17412018775939941 0
9300 False 0.0 0.0 0
9400 True 0.0 0.2671229839324951 0
9500 False 0.0 0.0 0
9600 True 0.0 0.1507105827331543 0
9700 True 0.0 0.127000093460083 0
9800 True 0.0 0.14551115036010742 0
9900 False 0.0 0.0 0
