0 True 0 0.30191636085510254 0
100 False 0 0.0 0
200 False 0 0.0 0
300 True 0 0.13406825065612793 0
400 True 0 0.2018876075744629 0
500 False 0 0.0 0
600 True 0 0.14307737350463867 0
700 True 0 0.17558026313781738 0
800 True 0 0.18558120727539062 0
900 False 0 0.0 0
1000 True 0 0.13277888298034668 0
1100 False 0 0.0 0
1200 False 0 0.0 0
1300 True 0 0.10691452026367188 0
1400 True 0 0.13475823402404785 0
1500 False 0 0.0 0
1600 False 0 0.0 0
1700 False 0 0.0 0
1800 False 0 0.0 0
1900 True 0 0.1963644027709961 0
2000 False 0 0.0 0
2100 False 0 0.0 0
2200 False 0 0.0 0
2300 True 0 0.10483908653259277 0
2400 True 0 0.27125978469848633 0
2500 False 0 0.0 0
2600 True 0 0.1725008487701416 0
2700 True 0 0.19227266311645508 0
2800 False 0 0.0 0
2900 False 0 0.0 0
3000 True 0 0.11690235137939453 0
3100 True 0 0.24668550491333008 0
3200 False 0 0.0 0
3300 False 0 0.0 0
3400 False 0 0.0 0
3500 True 0 0.1890854835510254 0
3600 False 0 0.0 0
3700 False 0 0.0 0
3800 True 0 0.1971116065979004 0
3900 False 0 0.0 0
4000 False 0 0.0 0
4100 True 0 0.15733718872070312 0
4200 False 0 0.0 0
4300 True 0 0.1720414161682129 0
4400 False 0 0.0 0
4500 False 0 0.0 0
4600 False 0 0.0 0
4700 False 0 0.0 0
4800 True 0 0.17883634567260742 0
4900 False 0 0.0 0
5000 True 0 0.18406105041503906 0
5100 True 1 0.30005550384521484 0
5200 True 0 0.2957572937011719 0
5300 False 0 0.0 0
5400 True 0 0.17995929718017578 0
5500 False 0 0.0 0
5600 False 0 0.0 0
5700 False 0 0.0 0
5800 False 0 0.0 0
5900 False 0 0.0 0
6000 True 0 1.8717031478881836 0
6100 True 0 2.4804093837738037 0
6200 False 0 0.0 0
6300 False 0 0.0 0
6400 False 0 0.0 0
6500 False 0 0.0 0
6600 True 0 0.16979432106018066 0
6700 False 0 0.0 0
6800 True 1 0.22925877571105957 0
6900 False 0 0.0 0
7000 False 0 0.0 0
7100 True 0 0.15114665031433105 0
7200 False 0 0.0 0
7300 True 0 0.24183320999145508 0
7400 True 0 0.2518799304962158 0
7500 True 0 0.2716515064239502 0
7600 False 0 0.0 0
7700 True 0 0.07792258262634277 0
7800 True 0 0.23094558715820312 0
7900 False 0 0.0 0
8000 True 0 0.26135706901550293 0
8100 False 0 0.0 0
8200 False 0 0.0 0
8300 False 0 0.0 0
8400 False 0 0.0 0
8500 False 0 0.0 0
8600 True 0 0.21787571907043457 0
8700 True 0 0.2328052520751953 0
8800 True 0 0.25740671157836914 0
8900 False 0 0.0 0
9000 True 0 0.16181445121765137 0
9100 False 0 0.0 0
9200 True 0 0.2121260166168213 0
9300 False 0 0.0 0
9400 False 0 0.0 0
9500 False 0 0.0 0
9600 True 0 0.1813673973083496 0
9700 True 0 0.2603015899658203 0
9800 False 0 0.0 0
9900 False 0 0.0 0
