0 True 0.0 2.333226442337036 0
100 False 0.0 0.0 0
200 False 0.0 0.0 0
300 True 0.0 2.2835757732391357 0
400 True 0.0 2.7849318981170654 0
500 False 0.0 0.0 0
600 False 0.0 0.0 0
700 True 0.0 2.870638132095337 0
800 False 0.0 0.0 0
900 False 0.0 0.0 0
1000 True 0.0 2.1017611026763916 0
1100 False 0.0 0.0 0
1200 True 0.0 2.0818958282470703 0
1300 False 0.0 0.0 0
1400 False 0.0 0.0 0
1500 True 0.0 2.111926794052124 0
1600 False 0.0 0.0 0
1700 False 0.0 0.0 0
1800 False 0.0 0.0 0
1900 True 0.0 2.0912559032440186 0
2000 False 0.0 0.0 0
2100 False 0.0 0.0 0
2200 True 0.0 2.289670467376709 0
2300 True 0.0 2.3373804092407227 0
2400 True 0.0 32343.48421549797 1
2500 False 0.0 0.0 0
2600 True 0.0 2.2003958225250244 0
2700 False 0.0 0.0 0
2800 True 0.0 2.114471197128296 0
2900 False 0.0 0.0 0
3000 True 0.0 2.7527427673339844 0
3100 True 0.0 2.0548617839813232 0
3200 False 0.0 0.0 0
3300 False 0.0 0.0 0
3400 False 0.0 0.0 0
3500 True 0.0 2.1442835330963135 0
3600 False 0.0 0.0 0
3700 False 0.0 0.0 0
3800 True 0.0 2.098917007446289 0
3900 True 0.0 2.063924789428711 0
4000 False 0.0 0.0 0
4100 True 0.0 2.1032750606536865 0
4200 False 0.0 0.0 0
4300 True 0.0 2.134124994277954 0
4400 False 0.0 0.0 0
4500 False 0.0 0.0 0
4600 True 0.0 2.6390938758850098 0
4700 False 0.0 0.0 0
4800 True 0.0 2.029658079147339 0
4900 True 0.0 1.9016664028167725 0
5000 True 0.0 2.097853899002075 0
5100 True 0.0 3925.1124839782715 1
5200 True 0.0 3.042299270629883 0
5300 False 0.0 0.0 0
5400 True 0.0 2.880413055419922 0
5500 False 0.0 0.0 0
5600 False 0.0 0.0 0
5700 True 0.0 2.1508967876434326 0
5800 False 0.0 0.0 0
5900 False 0.0 0.0 0
6000 True 0.0 2.180539846420288 0
6100 True 0.0 2.3147614002227783 0
6200 False 0.0 0.0 0
6300 False 0.0 0.0 0
6400 False 0.0 0.0 0
6500 False 0.0 0.0 0
6600 True 0.0 2.1321234703063965 0
6700 True 0.0 2.1504199504852295 0
6800 True 0.0 2.2646937370300293 0
6900 False 0.0 0.0 0
7000 False 0.0 0.0 0
7100 False 0.0 0.0 0
7200 False 0.0 0.0 0
7300 True 0.0 2.311147451400757 0
7400 True 0.0 2.618067979812622 0
7500 False 0.0 0.0 0
7600 False 0.0 0.0 0
7700 True 0.0 2.739654302597046 0
7800 True 0.0 16342.139352083206 1
7900 False 0.0 0.0 0
8000 True 0.0 2.1642091274261475 0
8100 False 0.0 0.0 0
8200 False 0.0 0.0 0
8300 False 0.0 0.0 0
8400 False 0.0 0.0 0
8500 True 0.0 2.7204666137695312 0
8600 False 0.0 0.0 0
8700 True 0.0 2.1671836376190186 0
8800 True 0.0 8593.117067337036 1
8900 False 0.0 0.0 0
9000 True 0.0 2.0100526809692383 0
9100 False 0.0 0.0 0
9200 True 0.0 2.0555663108825684 0
9300 False 0.0 0.0 0
9400 True 0.0 2.7441365718841553 0
9500 False 0.0 0.0 0
9600 True 0.0 1.9083399772644043 0
9700 True 0.0 150.98670506477356 1
9800 True 0.0 2.2405385971069336 0
9900 False 0.0 0.0 0
