0 False 0 0.0 0
100 True 0 6.865148067474365 0
200 False 0 0.0 0
300 True 1 6.773293495178223 0
400 True 1 6.864511966705322 0
500 False 0 0.0 0
600 False 0 0.0 0
700 True 1 6.754241943359375 0
800 False 0 0.0 0
900 False 0 0.0 0
1000 True 0 6.917805910110474 0
1100 False 0 0.0 0
1200 False 0 0.0 0
1300 False 0 0.0 0
1400 True 0 6.9020867347717285 0
1500 False 0 0.0 0
1600 False 0 0.0 0
1700 False 0 0.0 0
1800 False 0 0.0 0
1900 True 0 6.97809100151062 0
2000 False 0 0.0 0
2100 False 0 0.0 0
2200 True 1 6.950668811798096 0
2300 False 0 0.0 0
2400 True 1 6.991089820861816 0
2500 False 0 0.0 0
2600 True 1 7.037060976028442 0
2700 False 0 0.0 0
2800 False 0 0.0 0
2900 False 0 0.0 0
3000 True 1 7.09470272064209 0
3100 True 1 7.068094968795776 0
3200 False 0 0.0 0
3300 False 0 0.0 0
3400 True 0 7.135131359100342 0
3500 True 0 7.134330987930298 0
3600 False 0 0.0 0
3700 False 0 0.0 0
3800 False 0 0.0 0
3900 False 0 0.0 0
4000 False 0 0.0 0
4100 True 1 7.157222509384155 0
4200 True 0 7.129405736923218 0
4300 False 0 0.0 0
4400 False 0 0.0 0
4500 False 0 0.0 0
4600 False 0 0.0 0
4700 False 0 0.0 0
4800 True 1 7.180877447128296 0
4900 False 0 0.0 0
5000 True 1 7.144638299942017 0
5100 False 0 0.0 0
5200 True 1 7.233532428741455 0
5300 False 0 0.0 0
5400 True 0 7.166837453842163 0
5500 False 0 0.0 0
5600 False 0 0.0 0
5700 False 0 0.0 0
5800 False 0 0.0 0
5900 False 0 0.0 0
6000 False 0 0.0 0
6100 True 0 7.320874214172363 0
6200 False 0 0.0 0
6300 False 0 0.0 0
6400 False 0 0.0 0
6500 False 0 0.0 0
6600 False 0 0.0 0
6700 True 0 7.232232332229614 0
6800 True 1 7.302371978759766 0
6900 False 0 0.0 0
7000 False 0 0.0 0
7100 True 1 7.257648468017578 0
7200 False 0 0.0 0
7300 False 0 0.0 0
7400 False 0 0.0 0
7500 False 0 0.0 0
7600 False 0 0.0 0
7700 True 1 7.297704219818115 0
7800 True 1 7.250946998596191 0
7900 False 0 0.0 0
8000 True 1 7.321818828582764 0
8100 False 0 0.0 0
8200 False 0 0.0 0
8300 False 0 0.0 0
8400 False 0 0.0 0
8500 True 0 7.372463226318359 0
8600 False 0 0.0 0
8700 False 0 0.0 0
8800 True 1 7.458505392074585 0
8900 False 0 0.0 0
9000 False 0 0.0 0
9100 False 0 0.0 0
9200 True 1 7.310314893722534 0
9300 True 1 7.374875783920288 0
9400 False 0 0.0 0
9500 False 0 0.0 0
9600 True 1 7.317877531051636 0
9700 True 1 7.383517026901245 0
9800 False 0 0.0 0
9900 False 0 0.0 0
