0 True 1 1.0354609489440918 0
100 False 0 0.0 0
200 False 0 0.0 0
300 True 1 0.4404904842376709 0
400 True 1 0.433260440826416 0
500 False 0 0.0 0
600 True 1 0.5645239353179932 0
700 True 0 0.5743787288665771 0
800 True 1 0.5897562503814697 0
900 False 0 0.0 0
1000 True 1 0.45391321182250977 0
1100 False 0 0.0 0
1200 False 0 0.0 0
1300 True 1 0.5879485607147217 0
1400 True 1 0.6254339218139648 0
1500 False 0 0.0 0
1600 False 0 0.0 0
1700 False 0 0.0 0
1800 False 0 0.0 0
1900 True 1 0.48357439041137695 0
2000 False 0 0.0 0
2100 False 0 0.0 0
2200 False 0 0.0 0
2300 True 1 0.568483829498291 0
2400 True 1 0.6206538677215576 0
2500 False 0 0.0 0
2600 True 1 0.5091021060943604 0
2700 True 1 0.5032327175140381 0
2800 False 0 0.0 0
2900 False 0 0.0 0
3000 True 1 0.5272622108459473 0
3100 True 1 0.6197853088378906 0
3200 False 0 0.0 0
3300 False 0 0.0 0
3400 False 0 0.0 0
3500 True 0 0.6583929061889648 0
3600 False 0 0.0 0
3700 False 0 0.0 0
3800 True 1 0.5235140323638916 0
3900 False 0 0.0 0
4000 False 0 0.0 0
4100 True 1 0.5513520240783691 0
4200 False 0 0.0 0
4300 True 1 0.5253980159759521 0
4400 False 0 0.0 0
4500 False 0 0.0 0
4600 False 0 0.0 0
4700 False 0 0.0 0
4800 True 1 0.5907847881317139 0
4900 False 0 0.0 0
5000 True 1 0.6747925281524658 0
5100 True 1 0.5642006397247314 0
5200 True 1 0.5522375106811523 0
5300 False 0 0.0 0
5400 True 1 0.5846579074859619 0
5500 False 0 0.0 0
5600 False 0 0.0 0
5700 False 0 0.0 0
5800 False 0 0.0 0
5900 False 0 0.0 0
6000 True 1 0.5662195682525635 0
6100 True 1 0.8313488960266113 0
6200 False 0 0.0 0
6300 False 0 0.0 0
6400 False 0 0.0 0
6500 False 0 0.0 0
6600 True 1 0.621436357498169 0
6700 False 0 0.0 0
6800 True 1 0.6158819198608398 0
6900 False 0 0.0 0
7000 False 0 0.0 0
7100 True 1 0.6268525123596191 0
7200 False 0 0.0 0
7300 True 0 0.6255407333374023 0
7400 True 0 0.699852466583252 0
7500 True 1 0.7692966461181641 0
7600 False 0 0.0 0
7700 True 1 0.6491870880126953 0
7800 True 1 0.6392292976379395 0
7900 False 0 0.0 0
8000 True 1 0.6588995456695557 0
8100 False 0 0.0 0
8200 False 0 0.0 0
8300 False 0 0.0 0
8400 False 0 0.0 0
8500 False 0 0.0 0
8600 True 1 0.6890432834625244 0
8700 True 1 0.7969715595245361 0
8800 True 1 0.6883728504180908 0
8900 False 0 0.0 0
9000 True 1 0.7012083530426025 0
9100 False 0 0.0 0
9200 True 1 0.7004878520965576 0
9300 False 0 0.0 0
9400 False 0 0.0 0
9500 False 0 0.0 0
9600 True 1 0.830007791519165 0
9700 True 1 0.8363502025604248 0
9800 False 0 0.0 0
9900 False 0 0.0 0
