0 False 0.0 0.0 0
100 False 0.0 0.0 0
200 False 0.0 0.0 0
300 True 0.099609375 5.195324897766113 0
400 True 0.28515625 4.841001033782959 0
500 False 0.0 0.0 0
600 False 0.0 0.0 0
700 True 0.0654296875 5.721582651138306 0
800 True 0.0244140625 6.204659461975098 0
900 False 0.0 0.0 0
1000 True 0.14453125 6.786783218383789 0
1100 False 0.0 0.0 0
1200 False 0.0 0.0 0
1300 False 0.0 0.0 0
1400 True 0.130859375 7.637868642807007 0
1500 False 0.0 0.0 0
1600 False 0.0 0.0 0
1700 False 0.0 0.0 0
1800 False 0.0 0.0 0
1900 False 0.0 0.0 0
2000 False 0.0 0.0 0
2100 False 0.0 0.0 0
2200 True 0.103515625 8.520604372024536 0
2300 False 0.0 0.0 0
2400 True 0.4853515625 9.401792764663696 0
2500 False 0.0 0.0 0
2600 True 0.11328125 10.054027080535889 0
2700 True 0.0029296875 10.941336631774902 0
2800 False 0.0 0.0 0
2900 False 0.0 0.0 0
3000 True 0.0849609375 11.220447778701782 0
3100 True 0.0810546875 12.211204767227173 0
3200 False 0.0 0.0 0
3300 False 0.0 0.0 0
3400 True 0.140625 12.905917406082153 0
3500 False 0.0 0.0 0
3600 False 0.0 0.0 0
3700 False 0.0 0.0 0
3800 False 0.0 0.0 0
3900 False 0.0 0.0 0
4000 False 0.0 0.0 0
4100 True 0.12109375 14.18465805053711 0
4200 False 0.0 0.0 0
4300 False 0.0 0.0 0
4400 False 0.0 0.0 0
4500 False 0.0 0.0 0
4600 False 0.0 0.0 0
4700 False 0.0 0.0 0
4800 True 0.1884765625 15.222886323928833 0
4900 False 0.0 0.0 0
5000 False 0.0 0.0 0
5100 False 0.0 0.0 0
5200 False 0.0 0.0 0
5300 False 0.0 0.0 0
5400 False 0.0 0.0 0
5500 False 0.0 0.0 0
5600 False 0.0 0.0 0
5700 False 0.0 0.0 0
5800 False 0.0 0.0 0
5900 False 0.0 0.0 0
6000 False 0.0 0.0 0
6100 True 0.025390625 15.962626218795776 0
6200 False 0.0 0.0 0
6300 False 0.0 0.0 0
6400 False 0.0 0.0 0
6500 False 0.0 0.0 0
6600 True 0.0517578125 16.983383178710938 0
6700 True 0.04296875 17.316088438034058 0
6800 True 0.1591796875 18.4311306476593 0
6900 False 0.0 0.0 0
7000 False 0.0 0.0 0
7100 True 0.193359375 19.09526300430298 0
7200 False 0.0 0.0 0
7300 True 0.0634765625 20.52069354057312 0
7400 False 0.0 0.0 0
7500 False 0.0 0.0 0
7600 False 0.0 0.0 0
7700 True 0.1044921875 20.993502855300903 0
7800 True 0.1376953125 22.112555027008057 0
7900 False 0.0 0.0 0
8000 True 0.033203125 22.73095941543579 0
8100 True 0.107421875 24.23878288269043 0
8200 False 0.0 0.0 0
8300 False 0.0 0.0 0
8400 False 0.0 0.0 0
8500 False 0.0 0.0 0
8600 False 0.0 0.0 0
8700 False 0.0 0.0 0
8800 True 0.240234375 25.17479681968689 0
8900 False 0.0 0.0 0
9000 False 0.0 0.0 0
9100 False 0.0 0.0 0
9200 True 0.2421875 25.919110774993896 0
9300 False 0.0 0.0 0
9400 True 0.1044921875 27.04487109184265 0
9500 False 0.0 0.0 0
9600 True 0.2646484375 28.344606399536133 0
9700 True 0.30859375 28.651270151138306 0
9800 False 0.0 0.0 0
9900 False 0.0 0.0 0
