0 True 0.0 120.64079880714417 1
100 False 0.0 0.0 0
200 False 0.0 0.0 0
300 True 0.0234375 120.64153265953064 1
400 True 0.03125 120.63201785087585 1
500 False 0.0 0.0 0
600 False 0.0 0.0 0
700 True 0.015625 120.86735701560974 1
800 False 0.0 0.0 0
900 False 0.0 0.0 0
1000 True 0.0 120.63156533241272 1
1100 False 0.0 0.0 0
1200 True 0.0 120.63596653938293 1
1300 False 0.0 0.0 0
1400 False 0.0 0.0 0
1500 True 0.0 120.6364860534668 1
1600 False 0.0 0.0 0
1700 False 0.0 0.0 0
1800 False 0.0 0.0 0
1900 True 0.0 120.63830733299255 1
2000 False 0.0 0.0 0
2100 False 0.0 0.0 0
2200 True 0.046875 120.63761925697327 1
2300 True 0.0 120.6494493484497 1
2400 True 0.03125 120.63427925109863 1
2500 False 0.0 0.0 0
2600 True 0.0 120.63197493553162 1
2700 False 0.0 0.0 0
2800 True 0.0 120.62965512275696 1
2900 False 0.0 0.0 0
3000 True 0.0 120.63228583335876 1
3100 True 0.0 120.64039707183838 1
3200 False 0.0 0.0 0
3300 False 0.0 0.0 0
3400 False 0.0 0.0 0
3500 True 0.0 120.63641905784607 1
3600 False 0.0 0.0 0
3700 False 0.0 0.0 0
3800 True 0.0 120.63772487640381 1
3900 True 0.0 120.63507509231567 1
4000 False 0.0 0.0 0
4100 True 0.03125 120.6362657546997 1
4200 False 0.0 0.0 0
4300 True 0.0 120.63413310050964 1
4400 False 0.0 0.0 0
4500 False 0.0 0.0 0
4600 True 0.0 120.64075803756714 1
4700 False 0.0 0.0 0
4800 True 0.0 120.6319477558136 1
4900 True 0.0 120.63248753547668 1
5000 True 0.0 120.63297486305237 1
5100 True 0.0 120.63133788108826 1
5200 True 0.0625 120.63306021690369 1
5300 False 0.0 0.0 0
5400 True 0.0 120.63254880905151 1
5500 False 0.0 0.0 0
5600 False 0.0 0.0 0
5700 True 0.0 120.63327121734619 1
5800 False 0.0 0.0 0
5900 False 0.0 0.0 0
6000 True 0.0 120.63624906539917 1
6100 True 0.0 120.6341245174408 1
6200 False 0.0 0.0 0
6300 False 0.0 0.0 0
6400 False 0.0 0.0 0
6500 False 0.0 0.0 0
6600 True 0.0 120.6314287185669 1
6700 True 0.0 120.63344764709473 1
6800 True 0.0 120.63621115684509 1
6900 False 0.0 0.0 0
7000 False 0.0 0.0 0
7100 False 0.0 0.0 0
7200 False 0.0 0.0 0
7300 True 0.0 120.63168692588806 1
7400 True 0.0 120.63615083694458 1
7500 False 0.0 0.0 0
7600 False 0.0 0.0 0
7700 True 0.0 120.6312940120697 1
7800 True 0.0 120.63423919677734 1
7900 False 0.0 0.0 0
8000 True 0.0 120.5 1
8100 False 0.0 0.0 0
8200 False 0.0 0.0 0
8300 False 0.0 0.0 0
8400 False 0.0 0.0 0
8500 True 0.0 120.5 1
8600 False 0.0 0.0 0
8700 True 0.0 120.5 1
8800 True 0.0 120.5 1
8900 False 0.0 0.0 0
9000 True 0.0 120.5 1
9100 False 0.0 0.0 0
9200 True 0.0 120.5 1
9300 False 0.0 0.0 0
9400 True 0.0 120.5 1
9500 False 0.0 0.0 0
9600 True 0.0 120.5 1
9700 True 0.0 120.5 1
9800 True 0.0 120.5 1
9900 False 0.0 0.0 0
