0 True 1 14.039869546890259 0
100 False 0 0.0 0
200 False 0 0.0 0
300 True 1 14.035805940628052 0
400 True 1 14.30549931526184 0
500 False 0 0.0 0
600 False 0 0.0 0
700 True 1 14.295812606811523 0
800 False 0 0.0 0
900 False 0 0.0 0
1000 True 1 14.482901334762573 0
1100 False 0 0.0 0
1200 True 1 14.466537237167358 0
1300 False 0 0.0 0
1400 False 0 0.0 0
1500 True 1 14.621241092681885 0
1600 False 0 0.0 0
1700 False 0 0.0 0
1800 False 0 0.0 0
1900 True 1 14.531535863876343 0
2000 False 0 0.0 0
2100 False 0 0.0 0
2200 True 1 14.730043411254883 0
2300 True 1 14.485126733779907 0
2400 True 1 14.820733547210693 0
2500 False 0 0.0 0
2600 True 1 14.498534202575684 0
2700 False 0 0.0 0
2800 True 1 14.777824640274048 0
2900 False 0 0.0 0
3000 True 1 14.725723266601562 0
3100 True 1 14.908276796340942 0
3200 False 0 0.0 0
3300 False 0 0.0 0
3400 False 0 0.0 0
3500 True 1 14.801530122756958 0
3600 False 0 0.0 0
3700 False 0 0.0 0
3800 True 1 15.008430004119873 0
3900 True 0 14.668795585632324 0
4000 False 0 0.0 0
4100 True 1 15.043705940246582 0
4200 False 0 0.0 0
4300 True 1 14.772775173187256 0
4400 False 0 0.0 0
4500 False 0 0.0 0
4600 True 0 14.939124584197998 0
4700 False 0 0.0 0
4800 True 1 14.729552984237671 0
4900 True 1 15.02986741065979 0
5000 True 1 14.810113191604614 0
5100 True 1 14.920271635055542 0
5200 True 1 14.958625793457031 0
5300 False 0 0.0 0
5400 True 1 14.91399335861206 0
5500 False 0 0.0 0
5600 False 0 0.0 0
5700 True 1 14.89734411239624 0
5800 False 0 0.0 0
5900 False 0 0.0 0
6000 True 1 15.064888715744019 0
6100 True 1 14.889545679092407 0
6200 False 0 0.0 0
6300 False 0 0.0 0
6400 False 0 0.0 0
6500 False 0 0.0 0
6600 True 1 15.064943313598633 0
6700 True 1 14.890860080718994 0
6800 True 1 15.304604053497314 0
6900 False 0 0.0 0
7000 False 0 0.0 0
7100 False 0 0.0 0
7200 False 0 0.0 0
7300 True 1 15.275577068328857 0
7400 True 1 15.244823455810547 0
7500 False 0 0.0 0
7600 False 0 0.0 0
7700 True 1 15.206817388534546 0
7800 True 1 15.49393105506897 0
7900 False 0 0.0 0
8000 True 1 15.083196878433228 0
8100 False 0 0.0 0
8200 False 0 0.0 0
8300 False 0 0.0 0
8400 False 0 0.0 0
8500 True 1 15.509781122207642 0
8600 False 0 0.0 0
8700 True 1 15.552574634552002 0
8800 True 1 15.371489763259888 0
8900 False 0 0.0 0
9000 True 1 15.291993379592896 0
9100 False 0 0.0 0
9200 True 1 15.530390977859497 0
9300 False 0 0.0 0
9400 True 0 15.370538234710693 0
9500 False 0 0.0 0
9600 True 1 15.457029581069946 0
9700 True 1 15.468893766403198 0
9800 True 0 15.545140504837036 0
9900 False 0 0.0 0
