0 False 0 0.0 0
100 False 0 0.0 0
200 True 0 40.427565813064575 0
300 True 1 37.69436430931091 0
400 True 1 39.358766317367554 0
500 False 0 0.0 0
600 True 1 37.90964365005493 0
700 True 1 38.97565174102783 0
800 True 1 38.42368745803833 0
900 False 0 0.0 0
1000 True 1 39.34415555000305 0
1100 False 0 0.0 0
1200 True 1 38.51713585853577 0
1300 False 0 0.0 0
1400 False 0 0.0 0
1500 True 1 39.58994650840759 0
1600 True 0 38.49575924873352 0
1700 False 0 0.0 0
1800 True 1 39.69492506980896 0
1900 True 1 38.7725727558136 0
2000 False 0 0.0 0
2100 True 0 39.631059885025024 0
2200 True 0 38.843761920928955 0
2300 False 0 0.0 0
2400 True 1 39.72840070724487 0
2500 True 0 38.826874017715454 0
2600 True 1 39.25584077835083 0
2700 True 1 38.84419894218445 0
2800 True 0 39.691850900650024 0
2900 False 0 0.0 0
3000 True 1 38.91036081314087 0
3100 True 1 39.749691009521484 0
3200 False 0 0.0 0
3300 True 1 38.90926909446716 0
3400 False 0 0.0 0
3500 True 1 39.637348890304565 0
3600 False 0 0.0 0
3700 True 1 38.97903800010681 0
3800 True 1 39.887242555618286 0
3900 False 0 0.0 0
4000 False 0 0.0 0
4100 True 1 38.7836811542511 0
4200 True 0 39.662718772888184 0
4300 True 1 39.21568465232849 0
4400 False 0 0.0 0
4500 False 0 0.0 0
4600 False 0 0.0 0
4700 False 0 0.0 0
4800 True 1 39.93251347541809 0
4900 False 0 0.0 0
5000 True 1 39.15728545188904 0
5100 True 1 39.903125047683716 0
5200 True 1 39.54447150230408 0
5300 True 1 40.19323968887329 0
5400 True 1 39.5720591545105 0
5500 True 0 40.149335861206055 0
5600 True 1 39.599462270736694 0
5700 True 1 40.2681679725647 0
5800 False 0 0.0 0
5900 False 0 0.0 0
6000 True 1 39.27760124206543 0
6100 True 1 40.30026149749756 0
6200 True 0 39.298489570617676 0
6300 True 1 40.4386088848114 0
6400 True 0 39.541943311691284 0
6500 False 0 0.0 0
6600 True 1 40.40073108673096 0
6700 True 1 39.83323574066162 0
6800 True 1 40.65938997268677 0
6900 True 0 40.08836102485657 0
7000 False 0 0.0 0
7100 False 0 0.0 0
7200 False 0 0.0 0
7300 False 0 0.0 0
7400 True 1 40.64590501785278 0
7500 True 1 39.874377489089966 0
7600 False 0 0.0 0
7700 True 1 40.74631452560425 0
7800 True 1 39.785890340805054 0
7900 False 0 0.0 0
8000 True 1 40.6848578453064 0
8100 False 0 0.0 0
8200 False 0 0.0 0
8300 False 0 0.0 0
8400 True 1 40.12628698348999 0
8500 True 1 40.29250240325928 0
8600 True 0 39.83533239364624 0
8700 True 1 40.66408181190491 0
8800 True 1 40.73724913597107 0
8900 True 0 40.68686890602112 0
9000 True 1 40.25422692298889 0
9100 False 0 0.0 0
9200 True 1 40.876112937927246 0
9300 True 1 40.100075244903564 0
9400 True 1 40.80238127708435 0
9500 True 1 40.36074781417847 0
9600 True 1 41.10153126716614 0
9700 True 1 40.53758788108826 0
9800 True 1 40.93480587005615 0
9900 True 0 40.42298698425293 0
