0 True 0 36.39785647392273 0
100 False 0 0.0 0
200 True 0 36.03766584396362 0
300 True 1 37.09334588050842 0
400 True 1 36.39180946350098 0
500 False 0 0.0 0
600 True 1 38.1314697265625 0
700 True 1 36.217557191848755 0
800 True 1 36.83819913864136 0
900 True 1 36.27157139778137 0
1000 True 1 37.027238607406616 0
1100 False 0 0.0 0
1200 True 1 36.48227572441101 0
1300 True 1 37.34805130958557 0
1400 False 0 0.0 0
1500 True 1 36.897706747055054 0
1600 False 0 0.0 0
1700 False 0 0.0 0
1800 True 0 37.3548800945282 0
1900 True 1 36.79043436050415 0
2000 True 1 37.28463673591614 0
2100 False 0 0.0 0
2200 True 1 37.051048040390015 0
2300 False 0 0.0 0
2400 True 1 37.52223587036133 0
2500 True 0 37.08064365386963 0
2600 True 1 37.61892008781433 0
2700 True 1 37.16095209121704 0
2800 True 0 37.79190397262573 0
2900 False 0 0.0 0
3000 True 1 37.28560161590576 0
3100 True 1 37.95321989059448 0
3200 True 1 37.30400586128235 0
3300 True 1 38.00377321243286 0
3400 False 0 0.0 0
3500 True 1 37.312007188797 0
3600 False 0 0.0 0
3700 True 1 38.10617780685425 0
3800 True 1 37.31233358383179 0
3900 False 0 0.0 0
4000 False 0 0.0 0
4100 True 1 37.75550580024719 0
4200 False 0 0.0 0
4300 True 1 37.285032749176025 0
4400 False 0 0.0 0
4500 False 0 0.0 0
4600 True 1 37.95024228096008 0
4700 False 0 0.0 0
4800 True 1 37.507869243621826 0
4900 True 1 38.450037479400635 0
5000 True 1 37.53576350212097 0
5100 True 1 38.0100462436676 0
5200 True 1 38.2952139377594 0
5300 True 1 38.56610703468323 0
5400 True 0 37.65004754066467 0
5500 False 0 0.0 0
5600 True 1 38.573487997055054 0
5700 True 1 37.7025101184845 0
5800 False 0 0.0 0
5900 False 0 0.0 0
6000 True 1 38.538453340530396 0
6100 True 1 38.24687480926514 0
6200 False 0 0.0 0
6300 True 1 38.737818479537964 0
6400 False 0 0.0 0
6500 False 0 0.0 0
6600 True 1 38.155558824539185 0
6700 True 1 38.43878507614136 0
6800 True 1 38.03619384765625 0
6900 True 1 40.4427387714386 0
7000 False 0 0.0 0
7100 False 0 0.0 0
7200 True 1 37.86407732963562 0
7300 False 0 0.0 0
7400 True 1 38.410399198532104 0
7500 True 1 38.03965783119202 0
7600 False 0 0.0 0
7700 True 1 38.52464580535889 0
7800 True 1 38.36348867416382 0
7900 True 1 38.70832967758179 0
8000 True 1 38.090781688690186 0
8100 False 0 0.0 0
8200 False 0 0.0 0
8300 False 0 0.0 0
8400 True 1 38.99915552139282 0
8500 True 1 38.307854652404785 0
8600 False 0 0.0 0
8700 True 1 38.76166605949402 0
8800 True 1 38.16614603996277 0
8900 True 1 38.64154410362244 0
9000 True 1 38.2576789855957 0
9100 True 0 38.616944789886475 0
9200 True 1 38.232869148254395 0
9300 False 0 0.0 0
9400 True 1 39.35541009902954 0
9500 True 1 38.96257185935974 0
9600 True 1 39.4682731628418 0
9700 True 1 38.93027424812317 0
9800 True 1 39.43205809593201 0
9900 True 1 38.81281781196594 0
