0 True 1 2.5915632247924805 0
100 False 0 0.0 0
200 True 0 2.4793035984039307 0
300 True 1 2.838304281234741 0
400 True 1 2.540217399597168 0
500 False 0 0.0 0
600 True 1 2.569483518600464 0
700 True 1 2.5694501399993896 0
800 True 1 2.591885566711426 0
900 False 0 0.0 0
1000 True 1 2.6165106296539307 0
1100 False 0 0.0 0
1200 True 1 2.6016294956207275 0
1300 False 0 0.0 0
1400 True 0 2.6132266521453857 0
1500 True 0 2.805701732635498 0
1600 False 0 0.0 0
1700 True 0 2.7446844577789307 0
1800 True 0 2.674032688140869 0
1900 True 1 2.693784713745117 0
2000 True 0 2.7178404331207275 0
2100 True 0 2.7378597259521484 0
2200 True 0 2.7607295513153076 0
2300 True 0 2.751155138015747 0
2400 True 1 2.77243971824646 0
2500 False 0 0.0 0
2600 True 1 2.780186891555786 0
2700 False 0 0.0 0
2800 False 0 0.0 0
2900 False 0 0.0 0
3000 True 1 2.775969982147217 0
3100 True 1 2.7827227115631104 0
3200 False 0 0.0 0
3300 True 0 3.039430856704712 0
3400 False 0 0.0 0
3500 True 0 2.896629810333252 0
3600 False 0 0.0 0
3700 True 0 2.8449554443359375 0
3800 True 1 2.8193583488464355 0
3900 False 0 0.0 0
4000 False 0 0.0 0
4100 True 1 2.887737274169922 0
4200 False 0 0.0 0
4300 True 1 3.1441543102264404 0
4400 False 0 0.0 0
4500 True 0 2.868281841278076 0
4600 False 0 0.0 0
4700 True 0 2.9671499729156494 0
4800 True 1 2.979342222213745 0
4900 False 0 0.0 0
5000 True 1 2.9089207649230957 0
5100 True 1 2.922262668609619 0
5200 True 1 2.9563772678375244 0
5300 True 1 3.009394645690918 0
5400 True 1 3.019625425338745 0
5500 True 0 2.9866786003112793 0
5600 True 0 2.9662411212921143 0
5700 False 0 0.0 0
5800 True 0 3.1689000129699707 0
5900 False 0 0.0 0
6000 True 0 3.043984889984131 0
6100 True 1 3.032585382461548 0
6200 True 0 3.0920052528381348 0
6300 True 1 3.141200304031372 0
6400 True 0 3.0796735286712646 0
6500 False 0 0.0 0
6600 True 1 3.105234384536743 0
6700 True 1 3.281219720840454 0
6800 True 0 3.107048749923706 0
6900 True 1 3.100311279296875 0
7000 False 0 0.0 0
7100 False 0 0.0 0
7200 False 0 0.0 0
7300 False 0 0.0 0
7400 True 1 3.1206884384155273 0
7500 True 1 3.159024715423584 0
7600 False 0 0.0 0
7700 True 1 3.220064640045166 0
7800 True 1 3.145625591278076 0
7900 False 0 0.0 0
8000 True 1 3.1811163425445557 0
8100 False 0 0.0 0
8200 False 0 0.0 0
8300 False 0 0.0 0
8400 True 0 3.171473741531372 0
8500 True 1 3.1981565952301025 0
8600 True 0 3.2289109230041504 0
8700 False 0 0.0 0
8800 True 1 3.224515914916992 0
8900 False 0 0.0 0
9000 True 1 3.5333921909332275 0
9100 False 0 0.0 0
9200 True 1 3.3172826766967773 0
9300 True 0 3.305668592453003 0
9400 True 1 3.299478769302368 0
9500 True 0 3.3076398372650146 0
9600 True 1 3.296884059906006 0
9700 True 1 3.3337247371673584 0
9800 True 1 3.3885817527770996 0
9900 True 1 3.4555368423461914 0
