0 True 0.0009765625 7.300525903701782 0
100 False 0.0 0.0 0
200 True 0.0009765625 7.169869899749756 0
300 True 0.013671875 8.184454441070557 0
400 True 0.0107421875 8.47894549369812 0
500 True 0.001953125 9.338690519332886 0
600 True 0.009765625 10.484229803085327 0
700 True 0.01953125 11.436200618743896 0
800 True 0.0185546875 12.107333898544312 0
900 False 0.0 0.0 0
1000 True 0.0078125 12.82944369316101 0
1100 True 0.001953125 13.571126937866211 0
1200 True 0.0048828125 14.892762899398804 0
1300 True 0.001953125 15.410569429397583 0
1400 False 0.0 0.0 0
1500 True 0.013671875 16.325838327407837 0
1600 True 0.0048828125 17.720379114151 0
1700 True 0.0029296875 18.95440936088562 0
1800 True 0.0078125 19.598263025283813 0
1900 True 0.0283203125 20.96359658241272 0
2000 True 0.0048828125 21.685033321380615 0
2100 True 0.00390625 23.126082181930542 0
2200 True 0.0048828125 23.685553789138794 0
2300 False 0.0 0.0 0
2400 True 0.0166015625 25.08615779876709 0
2500 True 0.001953125 25.88455319404602 0
2600 True 0.009765625 26.924683570861816 0
2700 True 0.0029296875 28.19105362892151 0
2800 True 0.0048828125 29.261770486831665 0
2900 True 0.0029296875 30.26440691947937 0
3000 True 0.0009765625 31.26561188697815 0
3100 True 0.0029296875 31.579845428466797 0
3200 True 0.00390625 32.81710624694824 0
3300 True 0.005859375 34.92823266983032 0
3400 False 0.0 0.0 0
3500 True 0.005859375 34.76978039741516 0
3600 False 0.0 0.0 0
3700 True 0.0048828125 35.7455358505249 0
3800 True 0.0087890625 37.048614501953125 0
3900 False 0.0 0.0 0
4000 False 0.0 0.0 0
4100 True 0.0185546875 37.74487519264221 0
4200 True 0.0068359375 40.688982009887695 0
4300 True 0.005859375 45.4071319103241 0
4400 True 0.00390625 45.04451084136963 0
4500 False 0.0 0.0 0
4600 True 0.005859375 45.55256462097168 0
4700 True 0.0087890625 47.36547136306763 0
4800 True 0.01171875 46.34535241127014 0
4900 True 0.0029296875 50.597880840301514 0
5000 True 0.0244140625 48.492923974990845 0
5100 True 0.005859375 49.50490665435791 0
5200 True 0.0029296875 51.60411596298218 0
5300 True 0.009765625 56.27354645729065 0
5400 True 0.009765625 56.37770867347717 0
5500 True 0.0048828125 56.29257869720459 0
5600 True 0.001953125 58.193012714385986 0
5700 True 0.0029296875 60.40426850318909 0
5800 True 0.0029296875 57.18913531303406 0
5900 False 0.0 0.0 0
6000 True 0.00390625 56.30399966239929 0
6100 True 0.0078125 57.40658926963806 0
6200 True 0.0029296875 58.76125526428223 0
6300 True 0.0087890625 59.56933236122131 0
6400 True 0.0048828125 60.38351058959961 0
6500 True 0.0029296875 62.282859563827515 0
6600 True 0.0078125 63.27439832687378 0
6700 True 0.0009765625 64.3167712688446 0
6800 True 0.0009765625 66.01064682006836 0
6900 True 0.001953125 66.72268962860107 0
7000 False 0.0 0.0 0
7100 True 0.0009765625 68.48505353927612 0
7200 True 0.001953125 68.85196685791016 0
7300 False 0.0 0.0 0
7400 True 0.0 70.65457963943481 0
7500 True 0.0205078125 71.81642770767212 0
7600 False 0.0 0.0 0
7700 True 0.01171875 73.12014651298523 0
7800 True 0.0029296875 74.57229566574097 0
7900 True 0.0048828125 75.60914134979248 0
8000 True 0.0126953125 76.62051272392273 0
8100 True 0.0107421875 77.54504036903381 0
8200 True 0.0 80.2435553073883 0
8300 False 0.0 0.0 0
8400 True 0.001953125 81.20004987716675 0
8500 True 0.013671875 82.16735315322876 0
8600 False 0.0 0.0 0
8700 True 0.0009765625 84.17943072319031 0
8800 True 0.0068359375 83.98256182670593 0
8900 True 0.001953125 85.58160281181335 0
9000 True 0.0205078125 87.19489002227783 0
9100 True 0.00390625 88.57829141616821 0
9200 True 0.009765625 89.43971538543701 0
9300 True 0.0029296875 90.18548274040222 0
9400 True 0.017578125 91.92371249198914 0
9500 True 0.0107421875 94.83734321594238 0
9600 True 0.009765625 94.34144806861877 0
9700 True 0.0048828125 94.5842297077179 0
9800 True 0.0126953125 96.74987483024597 0
9900 True 0.0126953125 97.0477283000946 0
