0 True 1 2.4615464210510254 0
100 False 0 0.0 0
200 False 0 0.0 0
300 True 1 1.1408843994140625 0
400 True 1 0.7320206165313721 0
500 False 0 0.0 0
600 True 1 0.7857344150543213 0
700 True 1 0.6334924697875977 0
800 True 1 0.6318047046661377 0
900 False 0 0.0 0
1000 True 1 0.6403019428253174 0
1100 False 0 0.0 0
1200 True 1 0.648801326751709 0
1300 False 0 0.0 0
1400 False 0 0.0 0
1500 True 1 0.6570699214935303 0
1600 False 0 0.0 0
1700 False 0 0.0 0
1800 False 0 0.0 0
1900 True 1 0.6757400035858154 0
2000 False 0 0.0 0
2100 False 0 0.0 0
2200 False 0 0.0 0
2300 True 1 0.6947178840637207 0
2400 True 1 0.7061271667480469 0
2500 True 1 0.7115061283111572 0
2600 True 1 0.7224857807159424 0
2700 True 1 0.7193939685821533 0
2800 False 0 0.0 0
2900 False 0 0.0 0
3000 True 1 0.7262389659881592 0
3100 True 1 0.725346565246582 0
3200 False 0 0.0 0
3300 False 0 0.0 0
3400 False 0 0.0 0
3500 True 1 1.0392124652862549 0
3600 False 0 0.0 0
3700 True 1 0.9770987033843994 0
3800 True 1 1.0035347938537598 0
3900 False 0 0.0 0
4000 False 0 0.0 0
4100 True 1 1.016162395477295 0
4200 True 1 1.0206949710845947 0
4300 True 1 1.02420973777771 0
4400 False 0 0.0 0
4500 True 1 1.0714631080627441 0
4600 False 0 0.0 0
4700 True 1 1.2515628337860107 0
4800 True 1 1.2887921333312988 0
4900 True 1 1.6417999267578125 0
5000 True 1 1.8217694759368896 0
5100 True 1 1.9720001220703125 0
5200 True 1 1.987675666809082 0
5300 True 1 2.006544351577759 0
5400 True 0 2.0540072917938232 0
5500 True 1 2.025256395339966 0
5600 True 1 2.068603277206421 0
5700 True 1 2.115485429763794 0
5800 False 0 0.0 0
5900 False 0 0.0 0
6000 True 1 2.1530869007110596 0
6100 True 1 2.1753406524658203 0
6200 False 0 0.0 0
6300 False 0 0.0 0
6400 False 0 0.0 0
6500 False 0 0.0 0
6600 True 1 2.1358697414398193 0
6700 True 1 1.6928822994232178 0
6800 True 1 1.319310188293457 0
6900 False 0 0.0 0
7000 False 0 0.0 0
7100 False 0 0.0 0
7200 False 0 0.0 0
7300 True 1 1.0920026302337646 0
7400 True 1 1.0309956073760986 0
7500 True 1 1.0402026176452637 0
7600 False 0 0.0 0
7700 False 0 0.0 0
7800 True 1 1.0411269664764404 0
7900 False 0 0.0 0
8000 True 1 1.0620863437652588 0
8100 False 0 0.0 0
8200 False 0 0.0 0
8300 False 0 0.0 0
8400 False 0 0.0 0
8500 True 1 1.091599464416504 0
8600 False 0 0.0 0
8700 True 1 1.1934635639190674 0
8800 True 1 2.5826056003570557 0
8900 False 0 0.0 0
9000 True 1 2.5692076683044434 0
9100 False 0 0.0 0
9200 True 1 2.521812915802002 0
9300 False 0 0.0 0
9400 False 0 0.0 0
9500 True 1 2.549445390701294 0
9600 True 1 2.561354875564575 0
9700 True 1 2.573876142501831 0
9800 True 1 2.5972418785095215 0
9900 False 0 0.0 0
