0 False 0.0 0.0 0
100 False 0.0 0.0 0
200 False 0.0 0.0 0
300 False 0.0 0.0 0
400 False 0.0 0.0 0
500 True 0.0 120.5 1
600 True 0.0 120.5 1
700 True 0.0 120.5 1
800 False 0.0 0.0 0
900 False 0.0 0.0 0
1000 False 0.0 0.0 0
1100 True 0.0 120.5 1
1200 False 0.0 0.0 0
1300 False 0.0 0.0 0
1400 True 0.0 120.5 1
1500 False 0.0 0.0 0
1600 False 0.0 0.0 0
1700 False 0.0 0.0 0
1800 True 0.0 120.5 1
1900 False 0.0 0.0 0
2000 True 0.0 120.5 1
2100 False 0.0 0.0 0
2200 True 0.0 120.5 1
2300 False 0.0 0.0 0
2400 False 0.0 0.0 0
2500 False 0.0 0.0 0
2600 False 0.0 0.0 0
2700 True 0.0 120.5 1
2800 False 0.0 0.0 0
2900 False 0.0 0.0 0
3000 True 0.0 120.5 1
3100 False 0.0 0.0 0
3200 False 0.0 0.0 0
3300 False 0.0 0.0 0
3400 False 0.0 0.0 0
3500 False 0.0 0.0 0
3600 False 0.0 0.0 0
3700 False 0.0 0.0 0
3800 False 0.0 0.0 0
3900 True 0.0 120.5 1
4000 False 0.0 0.0 0
4100 False 0.0 0.0 0
4200 True 0.0 120.5 1
4300 False 0.0 0.0 0
4400 True 0.0 120.5 1
4500 False 0.0 0.0 0
4600 True 0.0 120.5 1
4700 False 0.0 0.0 0
4800 False 0.0 0.0 0
4900 False 0.0 0.0 0
5000 True 0.0 120.5 1
5100 False 0.0 0.0 0
5200 False 0.0 0.0 0
5300 False 0.0 0.0 0
5400 False 0.0 0.0 0
5500 False 0.0 0.0 0
5600 True 0.0 120.5 1
5700 True 0.0 120.5 1
5800 False 0.0 0.0 0
5900 False 0.0 0.0 0
6000 False 0.0 0.0 0
6100 False 0.0 0.0 0
6200 False 0.0 0.0 0
6300 False 0.0 0.0 0
6400 True 0.0 120.5 1
6500 False 0.0 0.0 0
6600 False 0.0 0.0 0
6700 False 0.0 0.0 0
6800 True 0.0 120.5 1
6900 False 0.0 0.0 0
7000 True 0.0 120.5 1
7100 True 0.0 120.5 1
7200 True 0.0 120.5 1
7300 True 0.0 120.5 1
7400 False 0.0 0.0 0
7500 True 0.0 120.5 1
7600 True 0.0 120.5 1
7700 False 0.0 0.0 0
7800 False 0.0 0.0 0
7900 False 0.0 0.0 0
8000 False 0.0 0.0 0
8100 True 0.0 120.5 1
8200 True 0.0 120.5 1
8300 False 0.0 0.0 0
8400 False 0.0 0.0 0
8500 False 0.0 0.0 0
8600 True 0.0 120.5 1
8700 False 0.0 0.0 0
8800 True 0.0 120.5 1
8900 False 0.0 0.0 0
9000 True 0.0 120.5 1
9100 False 0.0 0.0 0
9200 False 0.0 0.0 0
9300 True 0.0 120.5 1
9400 True 0.0 120.5 1
9500 True 0.0 120.5 1
9600 True 0.0 120.5 1
9700 True 0.0 120.5 1
9800 True 0.0 120.5 1
9900 True 0.0 120.5 1
