0 True 0 64.07746696472168 1
100 True 0 60.59241986274719 1
200 False 0 0.0 0
300 False 0 0.0 0
400 True 0 60.940460443496704 1
500 True 0 60.638041257858276 1
600 True 0 61.22610592842102 1
700 True 0 62.0486216545105 1
800 True 0 65.67788743972778 1
900 True 0 60.84764313697815 1
1000 True 0 68.17834830284119 1
1100 True 0 60.61996364593506 1
1200 False 0 0.0 0
1300 True 0 60.91957497596741 1
1400 True 0 60.5 1
1500 False 0 0.0 0
1600 False 0 0.0 0
1700 True 0 60.5 1
1800 True 0 60.5 1
1900 True 0 60.5 1
2000 True 0 60.5 1
2100 True 0 60.5 1
2200 True 0 60.5 1
2300 False 0 0.0 0
2400 True 0 60.5 1
2500 True 0 60.5 1
2600 True 0 60.5 1
2700 True 0 60.5 1
2800 True 0 60.5 1
2900 True 0 60.5 1
3000 True 0 60.5 1
3100 True 0 60.5 1
3200 True 0 60.5 1
3300 True 0 60.5 1
3400 True 0 60.5 1
3500 True 0 60.5 1
3600 False 0 0.0 0
3700 True 0 60.5 1
3800 True 0 60.5 1
3900 True 0 60.5 1
4000 True 0 60.5 1
4100 True 0 60.5 1
4200 True 0 60.5 1
4300 True 0 60.5 1
4400 True 0 60.5 1
4500 True 0 60.5 1
4600 True 0 60.5 1
4700 True 0 60.5 1
4800 True 0 60.5 1
4900 True 0 60.5 1
5000 True 0 60.5 1
5100 False 0 0.0 0
5200 True 0 60.5 1
5300 True 0 60.5 1
5400 True 0 60.5 1
5500 True 0 60.5 1
5600 False 0 0.0 0
5700 True 0 60.5 1
5800 True 0 60.5 1
5900 True 0 60.5 1
6000 True 0 60.5 1
6100 True 0 60.5 1
6200 True 0 60.5 1
6300 True 0 60.5 1
6400 True 0 60.5 1
6500 True 0 60.5 1
6600 True 0 60.5 1
6700 True 0 60.5 1
6800 True 0 60.5 1
6900 True 0 60.5 1
7000 True 0 60.5 1
7100 True 0 60.5 1
7200 False 0 0.0 0
7300 True 0 60.5 1
7400 True 0 60.5 1
7500 True 0 60.5 1
7600 True 0 60.5 1
7700 True 0 60.5 1
7800 False 0 0.0 0
7900 True 0 60.5 1
8000 True 0 60.5 1
8100 True 0 60.5 1
8200 True 0 60.5 1
8300 True 0 60.5 1
8400 True 0 60.5 1
8500 True 0 60.5 1
8600 True 0 60.5 1
8700 True 0 60.5 1
8800 True 0 60.5 1
8900 True 0 60.5 1
9000 True 0 60.5 1
9100 True 0 60.5 1
9200 True 0 60.5 1
9300 True 0 60.5 1
9400 True 0 60.5 1
9500 True 0 60.5 1
9600 False 0 0.0 0
9700 True 0 60.5 1
9800 True 0 60.5 1
9900 True 0 60.5 1
