0 True 0.1953125 71.92137145996094 0
100 True 0.0546875 72.05686831474304 0
200 True 0.0703125 76.6689944267273 0
300 False 0.0 0.0 0
400 False 0.0 0.0 0
500 True 0.171875 59.865994453430176 0
600 True 0.125 23.85785937309265 0
700 True 0.1796875 72.25672483444214 0
800 False 0.0 0.0 0
900 True 0.1015625 70.64313197135925 0
1000 True 0.0390625 76.09059810638428 0
1100 True 0.2109375 76.06162691116333 0
1200 False 0.0 0.0 0
1300 True 0.0703125 77.00553464889526 0
1400 True 0.1640625 71.19388222694397 0
1500 False 0.0 0.0 0
1600 True 0.140625 64.39312529563904 0
1700 True 0.1328125 72.25464415550232 0
1800 True 0.0 120.5 1
1900 True 0.140625 59.25356650352478 0
2000 True 0.0859375 72.36291646957397 0
2100 False 0.0 0.0 0
2200 False 0.0 0.0 0
2300 True 0.0 120.5 1
2400 False 0.0 0.0 0
2500 False 0.0 0.0 0
2600 True 0.046875 58.27793645858765 0
2700 True 0.1484375 72.01581716537476 0
2800 False 0.0 0.0 0
2900 True 0.03125 51.359593629837036 0
3000 True 0.109375 64.9081060886383 0
3100 False 0.0 0.0 0
3200 True 0.15625 48.06767392158508 0
3300 True 0.046875 57.95970940589905 0
3400 True 0.2109375 71.85810875892639 0
3500 True 0.2109375 71.82657861709595 0
3600 False 0.0 0.0 0
3700 True 0.1796875 70.97522735595703 0
3800 True 0.046875 65.5360746383667 0
3900 True 0.21875 51.19075584411621 0
4000 False 0.0 0.0 0
4100 True 0.0546875 69.76449775695801 0
4200 True 0.1796875 71.18718934059143 0
4300 False 0.0 0.0 0
4400 True 0.1015625 71.2536563873291 0
4500 False 0.0 0.0 0
4600 True 0.1484375 71.01626586914062 0
4700 True 0.125 23.812709093093872 0
4800 True 0.21875 52.41039848327637 0
4900 False 0.0 0.0 0
5000 True 0.125 24.48177981376648 0
5100 False 0.0 0.0 0
5200 True 0.078125 60.017874002456665 0
5300 True 0.046875 58.023330211639404 0
5400 True 0.046875 60.96270132064819 0
5500 True 0.171875 58.98091220855713 0
5600 True 0.109375 58.1196825504303 0
5700 True 0.140625 59.252267360687256 0
5800 True 0.1171875 69.56852889060974 0
5900 True 0.1953125 71.97452902793884 0
6000 False 0.0 0.0 0
6100 True 0.2109375 77.7875771522522 0
6200 True 0.0859375 76.49235272407532 0
6300 True 0.203125 59.47335124015808 0
6400 True 0.078125 58.26656365394592 0
6500 True 0.078125 57.93645358085632 0
6600 True 0.0234375 69.69317078590393 0
6700 False 0.0 0.0 0
6800 False 0.0 0.0 0
6900 True 0.0703125 70.98444437980652 0
7000 True 0.203125 60.53109407424927 0
7100 False 0.0 0.0 0
7200 True 0.078125 63.59939956665039 0
7300 True 0.203125 59.843130588531494 0
7400 True 0.0 120.5 1
7500 False 0.0 0.0 0
7600 True 0.2109375 71.39272475242615 0
7700 True 0.0625 35.04790425300598 0
7800 False 0.0 0.0 0
7900 True 0.1484375 72.6457896232605 0
8000 True 0.078125 58.451974868774414 0
8100 True 0.2265625 70.27870726585388 0
8200 True 0.1484375 70.64782857894897 0
8300 True 0.078125 59.06254768371582 0
8400 True 0.1953125 71.12765574455261 0
8500 True 0.2109375 70.82236170768738 0
8600 True 0.2265625 72.25489115715027 0
8700 True 0.1484375 78.01260304450989 0
8800 True 0.2109375 71.73706126213074 0
8900 True 0.1953125 70.16657900810242 0
9000 True 0.21875 48.28003454208374 0
9100 True 0.0546875 70.12690544128418 0
9200 True 0.1875 36.17040395736694 0
9300 True 0.125 24.682270050048828 0
9400 True 0.015625 58.63565015792847 0
9500 True 0.0625 38.339847564697266 0
9600 True 0.078125 60.0236918926239 0
9700 False 0.0 0.0 0
9800 True 0.09375 47.95154023170471 0
9900 False 0.0 0.0 0
