0 True 0 12.031062841415405 0
100 True 0 12.286048889160156 0
200 True 0 11.966347694396973 0
300 False 0 0.0 0
400 False 0 0.0 0
500 True 0 12.052243709564209 0
600 True 0 12.029798984527588 0
700 True 0 12.358865022659302 0
800 False 0 0.0 0
900 True 0 11.720015525817871 0
1000 True 0 12.113251686096191 0
1100 True 0 13.361851930618286 0
1200 False 0 0.0 0
1300 True 0 12.465337753295898 0
1400 True 0 12.185555458068848 0
1500 False 0 0.0 0
1600 True 0 12.005460262298584 0
1700 True 0 11.71529769897461 0
1800 True 0 12.110663175582886 0
1900 True 0 12.926763772964478 0
2000 True 0 12.249488115310669 0
2100 False 0 0.0 0
2200 False 0 0.0 0
2300 True 0 12.696452617645264 0
2400 False 0 0.0 0
2500 False 0 0.0 0
2600 True 0 11.993799924850464 0
2700 True 0 12.835490942001343 0
2800 False 0 0.0 0
2900 True 0 12.104994297027588 0
3000 True 0 13.558191061019897 0
3100 False 0 0.0 0
3200 True 0 13.160001754760742 0
3300 True 0 12.436326503753662 0
3400 True 0 13.153058290481567 0
3500 True 0 12.283691644668579 0
3600 False 0 0.0 0
3700 True 0 12.000703811645508 0
3800 True 0 12.426188945770264 0
3900 True 0 12.169594287872314 0
4000 False 0 0.0 0
4100 True 0 12.543381929397583 0
4200 True 0 12.347110986709595 0
4300 False 0 0.0 0
4400 True 0 12.65474534034729 0
4500 False 0 0.0 0
4600 True 0 12.103952169418335 0
4700 True 0 12.019525527954102 0
4800 True 0 11.972812175750732 0
4900 False 0 0.0 0
5000 True 0 12.231406688690186 0
5100 False 0 0.0 0
5200 True 0 12.354695320129395 0
5300 True 0 12.098730564117432 0
5400 True 0 12.108965873718262 0
5500 True 0 11.772752285003662 0
5600 True 0 11.999069929122925 0
5700 True 0 12.58240795135498 0
5800 True 0 12.0822594165802 0
5900 True 0 12.476244449615479 0
6000 False 0 0.0 0
6100 True 0 12.769620180130005 0
6200 True 0 13.378202438354492 0
6300 True 0 12.251579284667969 0
6400 True 0 12.39362382888794 0
6500 True 0 12.167049646377563 0
6600 True 0 12.361275672912598 0
6700 False 0 0.0 0
6800 False 0 0.0 0
6900 True 0 12.997216701507568 0
7000 True 0 12.67214846611023 0
7100 False 0 0.0 0
7200 True 0 11.91414499282837 0
7300 True 0 13.205685138702393 0
7400 True 0 11.991185426712036 0
7500 False 0 0.0 0
7600 True 0 12.308018684387207 0
7700 True 0 13.163743019104004 0
7800 False 0 0.0 0
7900 True 0 12.868433475494385 0
8000 True 0 12.33976435661316 0
8100 True 0 12.073467254638672 0
8200 True 0 12.003952503204346 0
8300 True 0 12.07586669921875 0
8400 True 0 12.20003628730774 0
8500 True 0 12.163590908050537 0
8600 True 0 13.364611625671387 0
8700 True 0 12.506970405578613 0
8800 True 0 13.262085199356079 0
8900 True 0 12.30260682106018 0
9000 True 0 12.059941530227661 0
9100 True 0 12.167917728424072 0
9200 True 0 12.152251482009888 0
9300 True 0 12.379899024963379 0
9400 True 0 12.102309703826904 0
9500 True 0 12.414414167404175 0
9600 True 0 11.860381126403809 0
9700 False 0 0.0 0
9800 True 0 12.190752506256104 0
9900 False 0 0.0 0
