0 True 1 12.08787727355957 0
100 True 1 11.94065546989441 0
200 False 0 0.0 0
300 False 0 0.0 0
400 True 0 11.774239540100098 0
500 True 1 11.342849493026733 0
600 True 1 11.5721595287323 0
700 True 1 11.52067232131958 0
800 True 1 12.735740900039673 0
900 True 0 11.799391984939575 0
1000 True 0 12.712262630462646 0
1100 True 1 11.88186764717102 0
1200 False 0 0.0 0
1300 True 1 11.570889234542847 0
1400 True 1 12.963554859161377 0
1500 False 0 0.0 0
1600 False 0 0.0 0
1700 True 1 12.22026014328003 0
1800 True 0 11.99616527557373 0
1900 True 0 11.757865190505981 0
2000 True 1 12.054176092147827 0
2100 True 1 11.534635782241821 0
2200 True 0 11.941781282424927 0
2300 False 0 0.0 0
2400 True 0 12.005822658538818 0
2500 True 1 12.06475281715393 0
2600 True 1 11.289331674575806 0
2700 True 1 12.03503704071045 0
2800 True 1 11.629574298858643 0
2900 True 0 12.038562059402466 0
3000 True 1 12.63268780708313 0
3100 True 1 12.417863845825195 0
3200 True 1 11.6792733669281 0
3300 True 1 11.687311172485352 0
3400 True 1 12.576486587524414 0
3500 True 1 11.682178497314453 0
3600 False 0 0.0 0
3700 True 1 11.762104272842407 0
3800 True 0 11.738617420196533 0
3900 True 1 11.758455753326416 0
4000 True 1 11.246031761169434 0
4100 True 1 11.68725061416626 0
4200 True 1 12.669803380966187 0
4300 True 0 11.850615978240967 0
4400 True 0 11.601883888244629 0
4500 True 0 11.565560579299927 0
4600 True 1 11.639453887939453 0
4700 True 1 11.71049451828003 0
4800 True 1 12.783200979232788 0
4900 True 0 11.654264211654663 0
5000 True 1 11.846927642822266 0
5100 False 0 0.0 0
5200 True 1 12.779194831848145 0
5300 True 1 11.899424314498901 0
5400 True 1 11.663269758224487 0
5500 True 1 11.332853078842163 0
5600 False 0 0.0 0
5700 True 1 11.230196952819824 0
5800 True 1 11.311015367507935 0
5900 True 0 12.131925821304321 0
6000 True 0 11.31853985786438 0
6100 True 1 12.747624158859253 0
6200 True 1 12.367616653442383 0
6300 True 1 11.713881254196167 0
6400 True 1 11.311314821243286 0
6500 True 1 11.881209373474121 0
6600 True 1 12.004297018051147 0
6700 True 0 11.51969313621521 0
6800 True 0 11.687237977981567 0
6900 True 1 11.829402923583984 0
7000 True 1 11.731414794921875 0
7100 True 1 12.714230060577393 0
7200 False 0 0.0 0
7300 True 1 11.89557671546936 0
7400 True 0 13.31823468208313 0
7500 True 1 11.656809329986572 0
7600 True 1 11.525643110275269 0
7700 True 1 11.353210687637329 0
7800 False 0 0.0 0
7900 True 0 11.695250034332275 0
8000 True 1 12.477898597717285 0
8100 True 1 11.292341947555542 0
8200 True 1 12.836089849472046 0
8300 True 1 12.603137493133545 0
8400 True 1 11.578720092773438 0
8500 True 1 12.066331148147583 0
8600 True 1 11.565263748168945 0
8700 True 1 11.925583124160767 0
8800 True 1 12.033644199371338 0
8900 True 1 11.29030966758728 0
9000 True 1 12.310650110244751 0
9100 True 1 12.14374041557312 0
9200 True 1 11.567053079605103 0
9300 True 1 11.758970260620117 0
9400 True 1 11.658230781555176 0
9500 True 1 11.938851356506348 0
9600 False 0 0.0 0
9700 True 0 12.615459680557251 0
9800 True 1 12.144073724746704 0
9900 True 1 12.222111463546753 0
