0 True 1 11.79133129119873 0
100 True 1 11.980987071990967 0
200 True 1 11.794368267059326 0
300 False 0 0.0 0
400 True 1 12.140781164169312 0
500 True 1 12.719290018081665 0
600 True 1 13.062046766281128 0
700 True 1 12.892145872116089 0
800 True 0 12.821770906448364 0
900 True 0 13.215270042419434 0
1000 True 0 12.771883487701416 0
1100 True 1 12.640522718429565 0
1200 False 0 0.0 0
1300 True 1 13.37796926498413 0
1400 True 1 12.471537590026855 0
1500 False 0 0.0 0
1600 True 1 12.152308464050293 0
1700 True 1 13.429400205612183 0
1800 False 0 0.0 0
1900 True 0 12.137937784194946 0
2000 True 1 12.225075721740723 0
2100 True 1 12.001972436904907 0
2200 True 1 11.940447568893433 0
2300 True 1 13.005925178527832 0
2400 True 1 12.352088689804077 0
2500 True 0 12.527066469192505 0
2600 True 1 13.050031900405884 0
2700 True 1 12.261368751525879 0
2800 True 1 13.069865465164185 0
2900 True 1 12.7505464553833 0
3000 True 1 13.209766149520874 0
3100 True 0 12.312833309173584 0
3200 True 1 12.089674234390259 0
3300 True 1 12.267171144485474 0
3400 True 1 12.380024671554565 0
3500 True 1 12.119894981384277 0
3600 True 1 11.754778385162354 0
3700 True 1 12.625990390777588 0
3800 True 1 12.51758861541748 0
3900 True 1 13.05023455619812 0
4000 False 0 0.0 0
4100 True 1 13.050503969192505 0
4200 True 1 12.116781234741211 0
4300 False 0 0.0 0
4400 True 0 12.713979482650757 0
4500 False 0 0.0 0
4600 True 1 12.069043159484863 0
4700 True 1 12.928382635116577 0
4800 True 1 12.583699226379395 0
4900 True 1 12.175064325332642 0
5000 True 1 12.13792085647583 0
5100 True 0 12.760941982269287 0
5200 True 1 12.397055625915527 0
5300 True 1 12.238583087921143 0
5400 True 1 12.814132928848267 0
5500 True 1 12.51348328590393 0
5600 False 0 0.0 0
5700 True 1 12.013805627822876 0
5800 True 1 11.775575876235962 0
5900 True 1 12.58426809310913 0
6000 True 1 12.972853660583496 0
6100 True 1 12.481391906738281 0
6200 True 1 11.947378396987915 0
6300 True 1 12.649977445602417 0
6400 False 0 0.0 0
6500 True 1 12.914529085159302 0
6600 True 1 12.464505910873413 0
6700 True 0 12.793534278869629 0
6800 True 1 12.584451675415039 0
6900 True 1 13.10709524154663 0
7000 True 1 12.236153841018677 0
7100 True 1 12.08148455619812 0
7200 True 1 12.286757707595825 0
7300 True 1 12.277438163757324 0
7400 True 1 12.76953649520874 0
7500 True 1 12.925178050994873 0
7600 True 1 12.704925298690796 0
7700 True 1 12.110718011856079 0
7800 False 0 0.0 0
7900 True 0 12.944319486618042 0
8000 True 1 12.464826345443726 0
8100 True 1 11.77291226387024 0
8200 True 1 12.963852405548096 0
8300 True 1 12.046052932739258 0
8400 True 1 12.390746116638184 0
8500 True 1 12.045484066009521 0
8600 True 1 13.107611894607544 0
8700 True 1 12.04573917388916 0
8800 True 1 12.55331039428711 0
8900 True 1 12.104367971420288 0
9000 True 1 11.75788950920105 0
9100 True 1 11.94225549697876 0
9200 True 1 12.88316297531128 0
9300 True 1 12.825916051864624 0
9400 True 1 12.810734987258911 0
9500 True 1 12.520795345306396 0
9600 True 1 12.235377550125122 0
9700 False 0 0.0 0
9800 True 1 12.48319387435913 0
9900 True 1 12.933803081512451 0
