0 True 0 34.171406507492065 0
100 True 0 35.10403513908386 0
200 True 0 30.110327005386353 0
300 True 0 35.62195706367493 0
400 True 0 34.18219065666199 0
500 True 1 33.138805627822876 0
600 True 0 34.65236020088196 0
700 True 0 34.63419485092163 0
800 True 0 33.47574257850647 0
900 True 0 35.72122621536255 0
1000 True 0 35.08191132545471 0
1100 True 0 34.30986666679382 0
1200 True 0 34.946396350860596 0
1300 True 0 34.918885231018066 0
1400 True 0 34.14058804512024 0
1500 False 0 0.0 0
1600 True 0 33.838907957077026 0
1700 True 0 33.45020794868469 0
1800 True 0 30.225202083587646 0
1900 True 0 34.78446054458618 0
2000 True 0 35.6054630279541 0
2100 True 0 34.599173069000244 0
2200 True 0 34.7898690700531 0
2300 True 0 33.945550203323364 0
2400 True 0 35.37670397758484 0
2500 True 0 35.18730163574219 0
2600 True 0 32.85043382644653 0
2700 True 0 34.47648620605469 0
2800 True 0 34.10378074645996 0
2900 True 0 34.49933385848999 0
3000 True 0 35.703686237335205 0
3100 True 0 34.62923860549927 0
3200 True 0 33.82736825942993 0
3300 True 0 34.574057817459106 0
3400 True 0 34.84523415565491 0
3500 True 0 34.17344427108765 0
3600 True 0 34.059962034225464 0
3700 True 0 34.80536341667175 0
3800 True 0 35.42051815986633 0
3900 True 0 34.900304555892944 0
4000 True 0 34.556713819503784 0
4100 True 0 32.126999855041504 0
4200 True 0 34.522376537323 0
4300 False 0 0.0 0
4400 True 0 35.409897565841675 0
4500 False 0 0.0 0
4600 True 0 34.199763774871826 0
4700 True 0 34.54540014266968 0
4800 True 0 35.1283974647522 0
4900 True 0 35.099613904953 0
5000 True 0 34.692546129226685 0
5100 True 0 34.95694065093994 0
5200 True 0 35.28974366188049 0
5300 True 0 35.20395040512085 0
5400 True 0 34.90734148025513 0
5500 True 0 34.50974798202515 0
5600 True 0 35.82901358604431 0
5700 True 0 34.40704107284546 0
5800 True 0 35.12011671066284 0
5900 True 0 34.70126962661743 0
6000 True 0 34.74914574623108 0
6100 True 1 34.92767930030823 0
6200 True 0 32.79165506362915 0
6300 True 0 35.61062693595886 0
6400 True 0 34.23798608779907 0
6500 True 0 35.377729177474976 0
6600 True 0 36.24019002914429 0
6700 True 0 35.865044593811035 0
6800 True 0 35.41252851486206 0
6900 True 0 35.57508897781372 0
7000 True 0 36.43805289268494 0
7100 True 0 35.35397744178772 0
7200 True 0 34.838722944259644 0
7300 True 0 34.163552045822144 0
7400 True 0 35.92775106430054 0
7500 True 0 34.33208608627319 0
7600 True 0 34.45223784446716 0
7700 True 0 36.62902879714966 0
7800 True 0 32.19512367248535 0
7900 True 0 32.08463501930237 0
8000 True 0 31.89184832572937 0
8100 True 0 34.970380544662476 0
8200 True 0 34.3099319934845 0
8300 True 0 32.4962158203125 0
8400 True 0 34.97907853126526 0
8500 True 1 32.46202063560486 0
8600 True 0 35.134889364242554 0
8700 True 0 35.51559233665466 0
8800 True 1 34.93264555931091 0
8900 True 0 34.90041136741638 0
9000 True 0 34.64115643501282 0
9100 True 0 35.5704927444458 0
9200 True 0 35.71789240837097 0
9300 True 0 35.07748031616211 0
9400 True 0 34.879531383514404 0
9500 True 0 34.738478660583496 0
9600 True 0 35.0582914352417 0
9700 True 0 35.01887512207031 0
9800 True 0 34.42477464675903 0
9900 True 0 34.360034704208374 0
