0 True 0.125 120.98469257354736 1
100 True 0.0 120.76070761680603 1
200 True 0.0625 120.59533667564392 1
300 True 0.0 120.89485812187195 1
400 True 0.0 120.86835956573486 1
500 True 0.125 120.87722373008728 1
600 True 0.125 120.8740873336792 1
700 True 0.125 120.7516987323761 1
800 True 0.125 120.93347835540771 1
900 True 0.0 120.60070848464966 1
1000 True 0.125 120.98909640312195 1
1100 True 0.125 120.97016263008118 1
1200 True 0.0 120.8172504901886 1
1300 True 0.125 120.90977311134338 1
1400 True 0.125 121.04271006584167 1
1500 False 0.0 0.0 0
1600 True 0.0 120.78739070892334 1
1700 True 0.125 120.60178208351135 1
1800 True 0.0 120.69235444068909 1
1900 True 0.0 120.80831837654114 1
2000 True 0.125 120.86845588684082 1
2100 True 0.125 120.56103372573853 1
2200 True 0.0 120.74511814117432 1
2300 True 0.0 120.66577959060669 1
2400 True 0.0 120.5264458656311 1
2500 True 0.0 120.51301050186157 1
2600 True 0.25 120.71702837944031 1
2700 True 0.0 120.62675070762634 1
2800 True 0.125 120.70335984230042 1
2900 True 0.0 120.93452501296997 1
3000 True 0.125 120.95120477676392 1
3100 True 0.0 120.53828597068787 1
3200 True 0.125 120.9536361694336 1
3300 True 0.125 120.72853398323059 1
3400 True 0.125 120.99586200714111 1
3500 True 0.125 120.86176943778992 1
3600 True 0.125 120.83966493606567 1
3700 True 0.125 120.97208142280579 1
3800 True 0.125 120.94808268547058 1
3900 True 0.125 120.96095204353333 1
4000 True 0.0 120.95875668525696 1
4100 True 0.125 120.935129404068 1
4200 True 0.125 121.05273103713989 1
4300 True 0.0 120.82673573493958 1
4400 True 0.125 120.98527646064758 1
4500 False 0.0 0.0 0
4600 True 0.125 120.68643355369568 1
4700 True 0.125 120.95495676994324 1
4800 True 0.125 120.73928165435791 1
4900 True 0.125 120.93261694908142 1
5000 True 0.125 120.67127513885498 1
5100 True 0.125 120.70169186592102 1
5200 True 0.125 120.53581357002258 1
5300 True 0.125 120.6629421710968 1
5400 True 0.125 120.96905541419983 1
5500 True 0.125 120.91149139404297 1
5600 True 0.125 120.55981040000916 1
5700 True 0.125 121.01903581619263 1
5800 True 0.125 120.65340662002563 1
5900 True 0.125 120.50280523300171 1
6000 True 0.125 120.96430134773254 1
6100 True 0.125 120.88057351112366 1
6200 True 0.125 120.61452388763428 1
6300 True 0.125 120.6803081035614 1
6400 True 0.0 120.63223552703857 1
6500 True 0.125 120.87929558753967 1
6600 True 0.0 120.70508813858032 1
6700 True 0.125 120.90183067321777 1
6800 True 0.125 120.91756463050842 1
6900 True 0.125 120.93637704849243 1
7000 True 0.125 120.82054042816162 1
7100 True 0.125 120.55523920059204 1
7200 True 0.0 120.52185773849487 1
7300 True 0.125 120.74944281578064 1
7400 True 0.0 120.71502470970154 1
7500 True 0.125 120.81902050971985 1
7600 True 0.125 120.5493552684784 1
7700 True 0.125 120.53632688522339 1
7800 False 0.0 0.0 0
7900 True 0.125 120.95579051971436 1
8000 True 0.125 120.63113021850586 1
8100 True 0.125 120.87479853630066 1
8200 True 0.125 120.57959914207458 1
8300 True 0.125 120.7210123538971 1
8400 True 0.125 120.58305478096008 1
8500 True 0.125 120.71950078010559 1
8600 True 0.125 120.81698894500732 1
8700 True 0.125 120.78441214561462 1
8800 True 0.125 120.95301461219788 1
8900 True 0.125 120.97119665145874 1
9000 True 0.125 120.65362334251404 1
9100 True 0.125 120.71771764755249 1
9200 True 0.125 121.01026940345764 1
9300 True 0.125 120.84595966339111 1
9400 True 0.125 120.99313759803772 1
9500 True 0.125 120.73749160766602 1
9600 True 0.125 121.06251072883606 1
9700 True 0.0 120.67224335670471 1
9800 True 0.125 120.874666929245 1
9900 True 0.125 120.65219855308533 1
