0 True 1 39.566545248031616 0
100 True 1 40.15842270851135 0
200 True 0 39.526044845581055 0
300 True 0 39.350019693374634 0
400 True 1 38.886486291885376 0
500 True 1 38.99345326423645 0
600 True 1 39.111722230911255 0
700 True 1 40.92312288284302 0
800 True 1 39.344560861587524 0
900 True 0 39.88698649406433 0
1000 True 1 39.779470443725586 0
1100 True 1 40.37715029716492 0
1200 True 0 40.191142320632935 0
1300 True 1 38.31890082359314 0
1400 True 1 38.30971884727478 0
1500 False 0 0.0 0
1600 True 1 38.47507190704346 0
1700 True 1 37.946720123291016 0
1800 True 0 39.75608968734741 0
1900 True 0 38.74516820907593 0
2000 True 1 39.43906044960022 0
2100 True 1 37.63623070716858 0
2200 True 0 38.67888116836548 0
2300 True 0 39.48855400085449 0
2400 True 1 39.07603716850281 0
2500 True 1 38.81752157211304 0
2600 True 1 37.78406095504761 0
2700 True 1 38.13575315475464 0
2800 True 1 38.24508500099182 0
2900 True 1 37.624900341033936 0
3000 True 1 38.23257780075073 0
3100 True 0 38.75269150733948 0
3200 True 1 37.94490027427673 0
3300 True 1 39.417869329452515 0
3400 True 1 38.453492641448975 0
3500 True 1 39.21433401107788 0
3600 True 1 38.61111378669739 0
3700 True 1 36.93464779853821 0
3800 True 1 37.978870153427124 0
3900 True 1 37.88973307609558 0
4000 True 1 38.207582235336304 0
4100 True 1 37.928579807281494 0
4200 True 1 37.50526738166809 0
4300 True 0 39.589855670928955 0
4400 True 1 39.10505986213684 0
4500 False 0 0.0 0
4600 True 1 37.64235186576843 0
4700 True 1 39.11399459838867 0
4800 True 1 38.65899586677551 0
4900 True 1 39.50283741950989 0
5000 True 1 37.764774799346924 0
5100 True 1 39.108190059661865 0
5200 True 1 38.37718987464905 0
5300 True 1 37.8894317150116 0
5400 True 1 38.09886145591736 0
5500 True 1 37.62651085853577 0
5600 True 1 37.85800004005432 0
5700 True 1 37.84354639053345 0
5800 True 1 37.49244451522827 0
5900 True 1 37.490057945251465 0
6000 True 1 37.673949241638184 0
6100 True 1 37.1618070602417 0
6200 True 1 37.7765474319458 0
6300 True 1 37.05704116821289 0
6400 True 1 37.605189085006714 0
6500 True 1 38.36199641227722 0
6600 True 1 39.59361553192139 0
6700 True 1 37.83444666862488 0
6800 True 1 38.54996919631958 0
6900 True 1 37.963683128356934 0
7000 True 1 38.01643395423889 0
7100 True 1 37.81842875480652 0
7200 True 0 37.99807333946228 0
7300 True 1 37.45806813240051 0
7400 True 1 37.88621520996094 0
7500 True 1 37.55073690414429 0
7600 True 1 37.5116913318634 0
7700 True 1 38.380733013153076 0
7800 False 0 0.0 0
7900 True 1 37.707257986068726 0
8000 True 1 37.7053759098053 0
8100 True 1 37.45532011985779 0
8200 True 1 37.64124512672424 0
8300 True 1 38.85258722305298 0
8400 True 1 37.49360966682434 0
8500 True 1 37.727694511413574 0
8600 True 1 37.561720848083496 0
8700 True 1 37.68270683288574 0
8800 True 1 37.77662467956543 0
8900 True 1 38.155802488327026 0
9000 True 1 37.64223051071167 0
9100 True 1 37.87926244735718 0
9200 True 1 40.38812756538391 0
9300 True 1 41.75374627113342 0
9400 True 1 38.329739570617676 0
9500 True 1 37.7639000415802 0
9600 True 1 37.36775493621826 0
9700 True 0 39.6210777759552 0
9800 True 1 38.03711199760437 0
9900 True 1 38.01785683631897 0
