0 True 0.25 120.78187155723572 1
100 True 0.0 120.82765817642212 1
200 True 0.125 120.8780267238617 1
300 False 0.0 0.0 0
400 True 0.0 120.9725489616394 1
500 True 0.25 120.70359635353088 1
600 True 0.25 120.93445467948914 1
700 False 0.0 0.0 0
800 True 0.375 120.90389680862427 1
900 True 0.0 120.70284628868103 1
1000 False 0.0 0.0 0
1100 True 0.25 120.73503160476685 1
1200 False 0.0 0.0 0
1300 True 0.25 120.89348149299622 1
1400 True 0.25 120.98640060424805 1
1500 False 0.0 0.0 0
1600 False 0.0 0.0 0
1700 True 0.25 120.66667866706848 1
1800 False 0.0 0.0 0
1900 False 0.0 0.0 0
2000 True 0.25 120.65825080871582 1
2100 True 0.25 120.73833894729614 1
2200 True 0.25 120.87630891799927 1
2300 False 0.0 0.0 0
2400 False 0.0 0.0 0
2500 False 0.0 0.0 0
2600 True 0.125 120.73087334632874 1
2700 True 0.25 120.74633693695068 1
2800 False 0.0 0.0 0
2900 False 0.0 0.0 0
3000 True 0.125 120.51822924613953 1
3100 True 0.125 120.90753173828125 1
3200 True 0.25 120.6231803894043 1
3300 True 0.25 120.71616554260254 1
3400 True 0.25 120.61681580543518 1
3500 True 0.25 120.5999653339386 1
3600 False 0.0 0.0 0
3700 True 0.25 120.82572412490845 1
3800 True 0.125 120.85381007194519 1
3900 True 0.25 121.00812673568726 1
4000 False 0.0 0.0 0
4100 False 0.0 0.0 0
4200 True 0.25 120.77768802642822 1
4300 False 0.0 0.0 0
4400 True 0.25 120.96931266784668 1
4500 True 0.0 120.92661595344543 1
4600 True 0.25 120.804452419281 1
4700 True 0.0 120.75753593444824 1
4800 True 0.25 121.00945496559143 1
4900 True 0.125 120.74464178085327 1
5000 True 0.25 120.89305758476257 1
5100 True 0.125 120.53356432914734 1
5200 True 0.25 120.74246311187744 1
5300 True 0.125 120.83466243743896 1
5400 False 0.0 0.0 0
5500 True 0.25 120.95670747756958 1
5600 True 0.25 121.0246639251709 1
5700 True 0.25 120.72033929824829 1
5800 True 0.25 121.04289937019348 1
5900 True 0.25 120.9803729057312 1
6000 True 0.25 120.51226854324341 1
6100 True 0.25 120.66053748130798 1
6200 True 0.25 120.54063034057617 1
6300 True 0.25 121.00395369529724 1
6400 False 0.0 0.0 0
6500 True 0.125 120.67685532569885 1
6600 False 0.0 0.0 0
6700 True 0.25 120.86232089996338 1
6800 True 0.25 120.86330103874207 1
6900 True 0.25 120.65330004692078 1
7000 True 0.25 120.8103928565979 1
7100 False 0.0 0.0 0
7200 True 0.375 120.80246210098267 1
7300 True 0.25 120.60500454902649 1
7400 True 0.25 120.9338481426239 1
7500 True 0.25 120.62515258789062 1
7600 True 0.25 120.61839151382446 1
7700 True 0.0 120.78063344955444 1
7800 False 0.0 0.0 0
7900 False 0.0 0.0 0
8000 True 0.25 120.55511927604675 1
8100 True 0.25 120.5290904045105 1
8200 True 0.25 120.68042397499084 1
8300 False 0.0 0.0 0
8400 True 0.25 120.98002314567566 1
8500 True 0.25 120.73733496665955 1
8600 True 0.25 120.99671816825867 1
8700 True 0.25 120.61971354484558 1
8800 True 0.25 120.78587579727173 1
8900 True 0.25 120.66392230987549 1
9000 True 0.25 120.61881613731384 1
9100 True 0.25 120.57980465888977 1
9200 True 0.0 120.54375433921814 1
9300 True 0.25 120.72603702545166 1
9400 True 0.125 120.69438552856445 1
9500 True 0.25 120.7220847606659 1
9600 True 0.125 120.81765294075012 1
9700 True 0.125 120.58856630325317 1
9800 True 0.25 120.7090003490448 1
9900 True 0.125 120.76833486557007 1
