0 True 0.25 1610.5539863109589 1
100 True 0.25 825.0033385753632 1
200 True 0.25 495.8955602645874 1
300 True 0.25 811.1121411323547 1
400 True 0.25 252.39434170722961 1
500 True 0.25 484.62711119651794 1
600 True 0.25 642.8549795150757 1
700 True 0.25 303.2168333530426 1
800 True 0.125 121.45455050468445 1
900 True 0.25 190.48505663871765 1
1000 True 0.25 443.90544962882996 1
1100 True 0.25 366.50788831710815 1
1200 True 0.125 120.93742537498474 1
1300 True 0.25 545.9978947639465 1
1400 True 0.25 470.5189838409424 1
1500 False 0.0 0.0 0
1600 True 0.0 121.01038312911987 1
1700 True 0.25 609.2173843383789 1
1800 True 0.125 120.50329399108887 1
1900 True 0.125 120.8620343208313 1
2000 True 0.125 120.65718746185303 1
2100 True 0.25 392.856162071228 1
2200 True 0.125 122.37069416046143 1
2300 True 0.25 1410.847514629364 1
2400 True 0.25 285.6228439807892 1
2500 True 0.25 341.2671947479248 1
2600 True 0.25 361.49471163749695 1
2700 True 0.25 262.9962658882141 1
2800 True 0.125 120.5272810459137 1
2900 True 0.125 120.71838426589966 1
3000 True 0.25 636.4166114330292 1
3100 True 0.25 217.13060450553894 1
3200 True 0.25 524.9449667930603 1
3300 True 0.25 601.4864315986633 1
3400 True 0.25 300.37316513061523 1
3500 True 0.25 605.7004852294922 1
3600 True 0.25 397.32511806488037 1
3700 True 0.25 332.6438446044922 1
3800 True 0.25 260.34105157852173 1
3900 True 0.25 477.87336778640747 1
4000 True 0.25 373.5667071342468 1
4100 True 0.125 120.74341893196106 1
4200 True 0.25 752.7789907455444 1
4300 False 0.0 0.0 0
4400 True 0.25 507.333078622818 1
4500 False 0.0 0.0 0
4600 True 0.25 284.0948450565338 1
4700 True 0.25 404.9135088920593 1
4800 True 0.25 680.622316122055 1
4900 True 0.25 328.56785774230957 1
5000 True 0.25 508.2742238044739 1
5100 True 0.25 326.2014174461365 1
5200 True 0.25 604.6175212860107 1
5300 True 0.25 604.6744682788849 1
5400 True 0.25 450.8508586883545 1
5500 True 0.25 301.74640417099 1
5600 False 0.0 0.0 0
5700 True 0.25 458.60136890411377 1
5800 True 0.25 451.18215799331665 1
5900 True 0.25 671.1683292388916 1
6000 True 0.25 413.3577449321747 1
6100 True 0.25 266.22610235214233 1
6200 True 0.25 386.9899082183838 1
6300 True 0.25 802.7709105014801 1
6400 True 0.1875 120.87216567993164 1
6500 True 0.25 289.565815448761 1
6600 True 0.25 572.3478844165802 1
6700 True 0.125 120.56590747833252 1
6800 True 0.25 342.1034915447235 1
6900 True 0.25 158.95430898666382 1
7000 True 0.25 727.892853975296 1
7100 True 0.25 481.80267333984375 1
7200 True 0.25 665.2069070339203 1
7300 True 0.25 529.350536108017 1
7400 True 0.25 343.4557726383209 1
7500 True 0.25 165.12795042991638 1
7600 True 0.25 637.0832681655884 1
7700 True 0.25 275.4401249885559 1
7800 True 0.0 120.53025436401367 1
7900 True 0.125 120.86435437202454 1
8000 True 0.25 500.4682800769806 1
8100 True 0.25 270.266144990921 1
8200 True 0.25 381.17845821380615 1
8300 True 0.25 626.315169095993 1
8400 True 0.25 725.5480806827545 1
8500 True 0.25 360.5526211261749 1
8600 True 0.25 191.48003792762756 1
8700 True 0.25 165.84262013435364 1
8800 True 0.25 335.976500749588 1
8900 True 0.25 929.0565147399902 1
9000 True 0.25 570.4261429309845 1
9100 True 0.25 402.6450877189636 1
9200 True 0.25 875.4524645805359 1
9300 True 0.25 533.0971145629883 1
9400 True 0.125 120.96961236000061 1
9500 True 0.125 120.68286466598511 1
9600 True 0.25 443.5719425678253 1
9700 False 0.0 0.0 0
9800 True 0.25 469.90789437294006 1
9900 True 0.25 120.51464581489563 1
