0 True 1 34.3972053527832 0
100 True 1 40.54043936729431 0
200 True 1 39.38780117034912 0
300 True 1 33.60322093963623 0
400 True 1 30.43699359893799 0
500 True 1 33.05387496948242 0
600 True 1 32.87002110481262 0
700 True 1 28.954399824142456 0
800 True 1 32.41335129737854 0
900 False 0 0.0 0
1000 True 1 31.587623119354248 0
1100 True 1 37.336880683898926 0
1200 True 1 39.57121682167053 0
1300 True 1 32.99522113800049 0
1400 True 1 32.89089870452881 0
1500 True 0 36.81823253631592 0
1600 True 1 31.893769025802612 0
1700 True 1 27.551483631134033 0
1800 True 1 36.73420190811157 0
1900 True 1 28.29635715484619 0
2000 True 1 35.426842212677 0
2100 True 1 31.83151340484619 0
2200 True 1 31.719510316848755 0
2300 True 1 30.829420804977417 0
2400 True 1 38.44084167480469 0
2500 True 1 30.767909288406372 0
2600 True 1 33.77697801589966 0
2700 True 1 41.00202035903931 0
2800 True 1 48.419760942459106 0
2900 True 1 45.77058529853821 0
3000 True 1 42.546143770217896 0
3100 True 1 34.70026922225952 0
3200 True 1 51.43811225891113 0
3300 True 1 31.67820429801941 0
3400 True 1 36.01751160621643 0
3500 True 1 32.21620416641235 0
3600 True 1 30.32367205619812 0
3700 True 1 40.94911241531372 0
3800 True 1 37.828248500823975 0
3900 True 1 29.89855933189392 0
4000 True 1 38.451796531677246 0
4100 True 1 32.39790725708008 0
4200 True 1 39.42890238761902 0
4300 True 0 37.16952919960022 0
4400 True 1 31.663106203079224 0
4500 True 0 31.687634468078613 0
4600 True 1 30.149933576583862 0
4700 True 1 31.895613193511963 0
4800 True 1 31.83033847808838 0
4900 True 1 31.167877674102783 0
5000 True 1 29.875536680221558 0
5100 True 1 39.28656339645386 0
5200 True 1 30.233935594558716 0
5300 True 1 31.525140047073364 0
5400 True 1 35.86046648025513 0
5500 True 1 37.0908989906311 0
5600 True 1 33.21000695228577 0
5700 True 1 32.30427598953247 0
5800 True 1 38.13864517211914 0
5900 True 1 29.794429540634155 0
6000 True 1 32.974852085113525 0
6100 True 1 29.52257251739502 0
6200 True 1 44.305007219314575 0
6300 True 1 33.55694794654846 0
6400 True 1 27.987018823623657 0
6500 True 1 36.363030672073364 0
6600 True 1 41.71661448478699 0
6700 True 1 36.13663601875305 0
6800 True 1 35.59167432785034 0
6900 True 1 35.16129970550537 0
7000 True 1 28.795126914978027 0
7100 True 1 29.91912293434143 0
7200 True 1 36.078341484069824 0
7300 True 1 36.64892339706421 0
7400 True 1 31.599148511886597 0
7500 True 1 32.158454179763794 0
7600 True 1 29.056015491485596 0
7700 True 1 35.568028688430786 0
7800 True 0 48.56474304199219 0
7900 True 1 29.295979976654053 0
8000 True 1 30.758092164993286 0
8100 True 1 28.457656383514404 0
8200 True 1 37.83204627037048 0
8300 True 1 39.53186106681824 0
8400 True 1 36.718829870224 0
8500 True 1 35.030205726623535 0
8600 True 1 30.35572910308838 0
8700 True 1 36.12437343597412 0
8800 True 1 33.84735465049744 0
8900 True 1 35.01360034942627 0
9000 True 1 37.09449124336243 0
9100 True 1 29.666961669921875 0
9200 True 1 29.02190613746643 0
9300 True 1 30.781543016433716 0
9400 True 1 35.68245315551758 0
9500 True 1 36.29175615310669 0
9600 True 1 30.78679656982422 0
9700 True 1 33.59109449386597 0
9800 True 1 31.252765417099 0
9900 True 1 34.374516010284424 0
