0 False 0 0.0 0
100 False 0 0.0 0
200 False 0 0.0 0
300 True 0 0.0242006778717041 0
400 True 1 0.07004284858703613 0
500 False 0 0.0 0
600 False 0 0.0 0
700 False 0 0.0 0
800 True 0 0.030429601669311523 0
900 False 0 0.0 0
1000 True 0 0.011574506759643555 0
1100 False 0 0.0 0
1200 False 0 0.0 0
1300 True 0 0.037017822265625 0
1400 True 0 0.012255430221557617 0
1500 False 0 0.0 0
1600 False 0 0.0 0
1700 False 0 0.0 0
1800 False 0 0.0 0
1900 True 0 0.03461718559265137 0
2000 False 0 0.0 0
2100 False 0 0.0 0
2200 True 0 0.022757768630981445 0
2300 False 0 0.0 0
2400 True 1 0.02973341941833496 0
2500 False 0 0.0 0
2600 True 0 0.012219905853271484 0
2700 False 0 0.0 0
2800 False 0 0.0 0
2900 False 0 0.0 0
3000 True 0 0.011398077011108398 0
3100 True 0 0.017538070678710938 0
3200 False 0 0.0 0
3300 True 0 0.03140687942504883 0
3400 True 0 0.012240886688232422 0
3500 True 0 0.016809940338134766 0
3600 False 0 0.0 0
3700 False 0 0.0 0
3800 True 0 0.013788223266601562 0
3900 False 0 0.0 0
4000 False 0 0.0 0
4100 True 0 0.039740800857543945 0
4200 False 0 0.0 0
4300 True 0 0.031084299087524414 0
4400 False 0 0.0 0
4500 False 0 0.0 0
4600 True 0 0.012779951095581055 0
4700 True 1 0.03876185417175293 0
4800 True 1 0.05237317085266113 0
4900 False 0 0.0 0
5000 True 0 0.02306079864501953 0
5100 False 0 0.0 0
5200 False 0 0.0 0
5300 False 0 0.0 0
5400 False 0 0.0 0
5500 True 0 0.031154155731201172 0
5600 True 0 0.030278444290161133 0
5700 True 0 0.03331160545349121 0
5800 False 0 0.0 0
5900 False 0 0.0 0
6000 True 0 0.03441119194030762 0
6100 True 0 0.012727499008178711 0
6200 False 0 0.0 0
6300 False 0 0.0 0
6400 False 0 0.0 0
6500 False 0 0.0 0
6600 True 0 0.028116941452026367 0
6700 True 1 0.039521217346191406 0
6800 True 1 0.04077959060668945 0
6900 False 0 0.0 0
7000 False 0 0.0 0
7100 True 0 0.026758193969726562 0
7200 False 0 0.0 0
7300 False 0 0.0 0
7400 False 0 0.0 0
7500 False 0 0.0 0
7600 False 0 0.0 0
7700 True 1 0.03967165946960449 0
7800 True 0 0.0352940559387207 0
7900 False 0 0.0 0
8000 True 0 0.03403496742248535 0
8100 False 0 0.0 0
8200 False 0 0.0 0
8300 False 0 0.0 0
8400 False 0 0.0 0
8500 True 0 0.026395082473754883 0
8600 False 0 0.0 0
8700 False 0 0.0 0
8800 True 0 0.031009435653686523 0
8900 False 0 0.0 0
9000 False 0 0.0 0
9100 False 0 0.0 0
9200 True 0 0.03937673568725586 0
9300 False 0 0.0 0
9400 True 0 0.05173134803771973 0
9500 False 0 0.0 0
9600 True 0 0.053354740142822266 0
9700 True 1 0.03061652183532715 0
9800 False 0 0.0 0
9900 False 0 0.0 0
