0 False 0.0 0.0 0
100 False 0.0 0.0 0
200 False 0.0 0.0 0
300 True 0.0 0.22124195098876953 0
400 True 0.044921875 0.531482458114624 0
500 False 0.0 0.0 0
600 True 0.0 0.18269634246826172 0
700 False 0.0 0.0 0
800 False 0.0 0.0 0
900 False 0.0 0.0 0
1000 True 0.0 0.08561825752258301 0
1100 False 0.0 0.0 0
1200 False 0.0 0.0 0
1300 True 0.0673828125 0.3677101135253906 0
1400 True 0.0 0.14035511016845703 0
1500 False 0.0 0.0 0
1600 False 0.0 0.0 0
1700 False 0.0 0.0 0
1800 False 0.0 0.0 0
1900 True 0.0 0.11799860000610352 0
2000 False 0.0 0.0 0
2100 False 0.0 0.0 0
2200 True 0.0 0.1844785213470459 0
2300 False 0.0 0.0 0
2400 True 0.0 0.23119878768920898 0
2500 False 0.0 0.0 0
2600 True 0.0 0.22020411491394043 0
2700 False 0.0 0.0 0
2800 False 0.0 0.0 0
2900 False 0.0 0.0 0
3000 True 0.0 0.21222949028015137 0
3100 True 0.0 0.2018277645111084 0
3200 False 0.0 0.0 0
3300 False 0.0 0.0 0
3400 True 0.0 0.1531972885131836 0
3500 False 0.0 0.0 0
3600 True 0.03125 0.32350897789001465 0
3700 False 0.0 0.0 0
3800 True 0.0322265625 0.4459812641143799 0
3900 False 0.0 0.0 0
4000 True 0.0 0.2521796226501465 0
4100 True 0.0 0.2827329635620117 0
4200 False 0.0 0.0 0
4300 False 0.0 0.0 0
4400 False 0.0 0.0 0
4500 False 0.0 0.0 0
4600 False 0.0 0.0 0
4700 False 0.0 0.0 0
4800 True 0.037109375 0.4373137950897217 0
4900 False 0.0 0.0 0
5000 False 0.0 0.0 0
5100 False 0.0 0.0 0
5200 False 0.0 0.0 0
5300 False 0.0 0.0 0
5400 False 0.0 0.0 0
5500 False 0.0 0.0 0
5600 False 0.0 0.0 0
5700 False 0.0 0.0 0
5800 False 0.0 0.0 0
5900 False 0.0 0.0 0
6000 True 0.0 0.2568187713623047 0
6100 True 0.0 0.2061481475830078 0
6200 False 0.0 0.0 0
6300 False 0.0 0.0 0
6400 False 0.0 0.0 0
6500 False 0.0 0.0 0
6600 False 0.0 0.0 0
6700 True 0.0751953125 0.30385541915893555 0
6800 True 0.09765625 0.3945431709289551 0
6900 False 0.0 0.0 0
7000 False 0.0 0.0 0
7100 True 0.0458984375 0.48709702491760254 0
7200 False 0.0 0.0 0
7300 False 0.0 0.0 0
7400 False 0.0 0.0 0
7500 False 0.0 0.0 0
7600 False 0.0 0.0 0
7700 True 0.0205078125 0.47127318382263184 0
7800 True 0.005859375 0.2342841625213623 0
7900 False 0.0 0.0 0
8000 False 0.0 0.0 0
8100 False 0.0 0.0 0
8200 False 0.0 0.0 0
8300 False 0.0 0.0 0
8400 False 0.0 0.0 0
8500 False 0.0 0.0 0
8600 False 0.0 0.0 0
8700 False 0.0 0.0 0
8800 True 0.0 0.15825891494750977 0
8900 False 0.0 0.0 0
9000 False 0.0 0.0 0
9100 False 0.0 0.0 0
9200 True 0.0 0.2475907802581787 0
9300 False 0.0 0.0 0
9400 True 0.0166015625 0.4984562397003174 0
9500 False 0.0 0.0 0
9600 True 0.0 0.2932116985321045 0
9700 True 0.0146484375 0.2316286563873291 0
9800 False 0.0 0.0 0
9900 True 0.0 0.2987203598022461 0
