0 True 0.0 2.512608766555786 0
100 False 0.0 0.0 0
200 False 0.0 0.0 0
300 True 0.0 2.0326826572418213 0
400 True 0.0 1.8827180862426758 0
500 False 0.0 0.0 0
600 True 0.0 1.520413875579834 0
700 True 0.0 1.837928295135498 0
800 True 0.0 1.5084333419799805 0
900 False 0.0 0.0 0
1000 True 0.0 1.4755215644836426 0
1100 False 0.0 0.0 0
1200 True 0.0 1.8572795391082764 0
1300 False 0.0 0.0 0
1400 True 0.0 1.4714806079864502 0
1500 True 0.0 1.4930803775787354 0
1600 False 0.0 0.0 0
1700 False 0.0 0.0 0
1800 False 0.0 0.0 0
1900 True 0.0 1.4798016548156738 0
2000 False 0.0 0.0 0
2100 False 0.0 0.0 0
2200 True 0.0 1.7604162693023682 0
2300 True 0.0 2.1209332942962646 0
2400 True 0.0234375 3.6819815635681152 0
2500 False 0.0 0.0 0
2600 True 0.0 1.4774806499481201 0
2700 False 0.0 0.0 0
2800 False 0.0 0.0 0
2900 False 0.0 0.0 0
3000 True 0.0 1.3507659435272217 0
3100 True 0.0 1.677262306213379 0
3200 False 0.0 0.0 0
3300 False 0.0 0.0 0
3400 False 0.0 0.0 0
3500 True 0.0 1.7355780601501465 0
3600 False 0.0 0.0 0
3700 False 0.0 0.0 0
3800 True 0.0 1.4496355056762695 0
3900 False 0.0 0.0 0
4000 False 0.0 0.0 0
4100 True 0.0 1.9464178085327148 0
4200 True 0.0 1.983551263809204 0
4300 True 0.0 1.6120645999908447 0
4400 False 0.0 0.0 0
4500 False 0.0 0.0 0
4600 False 0.0 0.0 0
4700 False 0.0 0.0 0
4800 True 0.0 1.4952521324157715 0
4900 True 0.0 1.476560354232788 0
5000 True 0.0 1.520927906036377 0
5100 True 0.0 1.9101576805114746 0
5200 True 0.0 1.8292829990386963 0
5300 False 0.0 0.0 0
5400 True 0.0 2.304094076156616 0
5500 False 0.0 0.0 0
5600 False 0.0 0.0 0
5700 True 0.0 1.860945463180542 0
5800 False 0.0 0.0 0
5900 False 0.0 0.0 0
6000 True 0.0 1.4455280303955078 0
6100 True 0.0 1.4818291664123535 0
6200 True 0.0 1.4315061569213867 0
6300 False 0.0 0.0 0
6400 False 0.0 0.0 0
6500 False 0.0 0.0 0
6600 True 0.0 1.5646979808807373 0
6700 True 0.0 1.562697172164917 0
6800 True 0.0 4.3854079246521 0
6900 False 0.0 0.0 0
7000 False 0.0 0.0 0
7100 True 0.0 1.5401713848114014 0
7200 False 0.0 0.0 0
7300 False 0.0 0.0 0
7400 True 0.0 1.8450922966003418 0
7500 True 0.0 1.453352928161621 0
7600 False 0.0 0.0 0
7700 True 0.0 1.8145661354064941 0
7800 True 0.0078125 3.328883647918701 0
7900 False 0.0 0.0 0
8000 True 0.0 2.249861001968384 0
8100 False 0.0 0.0 0
8200 False 0.0 0.0 0
8300 False 0.0 0.0 0
8400 False 0.0 0.0 0
8500 True 0.0 2.059685707092285 0
8600 False 0.0 0.0 0
8700 True 0.0 1.4969208240509033 0
8800 True 0.0078125 3.4180610179901123 0
8900 False 0.0 0.0 0
9000 True 0.0 1.5091891288757324 0
9100 False 0.0 0.0 0
9200 True 0.0 2.2819442749023438 0
9300 False 0.0 0.0 0
9400 False 0.0 0.0 0
9500 False 0.0 0.0 0
9600 True 0.0 1.5398061275482178 0
9700 True 0.0078125 3.3015105724334717 0
9800 False 0.0 0.0 0
9900 False 0.0 0.0 0
