0 True 0.0 2.2072832584381104 0
100 False 0.0 0.0 0
200 False 0.0 0.0 0
300 True 0.0 1.2478249073028564 0
400 True 0.0 1.7942345142364502 0
500 False 0.0 0.0 0
600 True 0.0 1.3464581966400146 0
700 True 0.0 1.5675206184387207 0
800 True 0.0 1.6048164367675781 0
900 False 0.0 0.0 0
1000 True 0.0 1.2339768409729004 0
1100 False 0.0 0.0 0
1200 False 0.0 0.0 0
1300 True 0.0 1.018296241760254 0
1400 True 0.0 1.1780059337615967 0
1500 False 0.0 0.0 0
1600 False 0.0 0.0 0
1700 False 0.0 0.0 0
1800 False 0.0 0.0 0
1900 True 0.0 1.7891016006469727 0
2000 False 0.0 0.0 0
2100 False 0.0 0.0 0
2200 False 0.0 0.0 0
2300 True 0.0 1.0125532150268555 0
2400 True 0.0 2.3799827098846436 0
2500 False 0.0 0.0 0
2600 True 0.0 1.5443165302276611 0
2700 True 0.0 1.7454614639282227 0
2800 False 0.0 0.0 0
2900 False 0.0 0.0 0
3000 True 0.0 1.0574305057525635 0
3100 True 0.0 2.3644540309906006 0
3200 False 0.0 0.0 0
3300 False 0.0 0.0 0
3400 False 0.0 0.0 0
3500 True 0.0 1.7067298889160156 0
3600 False 0.0 0.0 0
3700 False 0.0 0.0 0
3800 True 0.0 1.7978384494781494 0
3900 False 0.0 0.0 0
4000 False 0.0 0.0 0
4100 True 0.0 1.4510414600372314 0
4200 False 0.0 0.0 0
4300 True 0.0 1.5336511135101318 0
4400 False 0.0 0.0 0
4500 False 0.0 0.0 0
4600 False 0.0 0.0 0
4700 False 0.0 0.0 0
4800 True 0.0 1.5863621234893799 0
4900 False 0.0 0.0 0
5000 True 0.0 1.65665602684021 0
5100 True 0.0087890625 2.869394063949585 0
5200 True 0.0 2.6757147312164307 0
5300 False 0.0 0.0 0
5400 True 0.0 1.6538677215576172 0
5500 False 0.0 0.0 0
5600 False 0.0 0.0 0
5700 False 0.0 0.0 0
5800 False 0.0 0.0 0
5900 False 0.0 0.0 0
6000 True 0.0009765625 3.965475559234619 0
6100 True 0.0048828125 2.271461248397827 0
6200 False 0.0 0.0 0
6300 False 0.0 0.0 0
6400 False 0.0 0.0 0
6500 False 0.0 0.0 0
6600 True 0.0 1.4696605205535889 0
6700 False 0.0 0.0 0
6800 True 0.009765625 2.178447723388672 0
6900 False 0.0 0.0 0
7000 False 0.0 0.0 0
7100 True 0.0 1.4058339595794678 0
7200 False 0.0 0.0 0
7300 True 0.0 2.090573787689209 0
7400 True 0.0 2.3275558948516846 0
7500 True 0.0 2.48130202293396 0
7600 False 0.0 0.0 0
7700 True 0.0 0.7129824161529541 0
7800 True 0.0 2.094994306564331 0
7900 False 0.0 0.0 0
8000 True 0.0 2.0674383640289307 0
8100 False 0.0 0.0 0
8200 False 0.0 0.0 0
8300 False 0.0 0.0 0
8400 False 0.0 0.0 0
8500 False 0.0 0.0 0
8600 True 0.0 1.8858931064605713 0
8700 True 0.0 2.1596181392669678 0
8800 True 0.0 2.3914120197296143 0
8900 False 0.0 0.0 0
9000 True 0.0 1.424386978149414 0
9100 False 0.0 0.0 0
9200 True 0.0 1.8077356815338135 0
9300 False 0.0 0.0 0
9400 False 0.0 0.0 0
9500 False 0.0 0.0 0
9600 True 0.0 1.6792244911193848 0
9700 True 0.0 2.3278191089630127 0
9800 False 0.0 0.0 0
9900 False 0.0 0.0 0
