0 True 0.005859375 7.452193021774292 0
100 False 0.0 0.0 0
200 False 0.0 0.0 0
300 True 0.0244140625 8.652752876281738 0
400 True 0.0302734375 7.936503648757935 0
500 True 0.0 2.8938803672790527 0
600 False 0.0 0.0 0
700 True 0.0 4.107660293579102 0
800 True 0.0 2.8822567462921143 0
900 False 0.0 0.0 0
1000 True 0.0 2.7887187004089355 0
1100 False 0.0 0.0 0
1200 True 0.0 3.76946759223938 0
1300 False 0.0 0.0 0
1400 True 0.0 3.013768434524536 0
1500 False 0.0 0.0 0
1600 False 0.0 0.0 0
1700 False 0.0 0.0 0
1800 False 0.0 0.0 0
1900 True 0.0 3.5826807022094727 0
2000 False 0.0 0.0 0
2100 False 0.0 0.0 0
2200 True 0.0 3.2801334857940674 0
2300 False 0.0 0.0 0
2400 True 0.03515625 5.392046689987183 0
2500 False 0.0 0.0 0
2600 True 0.0 2.681925058364868 0
2700 False 0.0 0.0 0
2800 False 0.0 0.0 0
2900 True 0.015625 8.033905267715454 0
3000 True 0.0 3.391512393951416 0
3100 True 0.0 3.676243543624878 0
3200 False 0.0 0.0 0
3300 False 0.0 0.0 0
3400 True 0.021484375 9.871395587921143 0
3500 False 0.0 0.0 0
3600 False 0.0 0.0 0
3700 False 0.0 0.0 0
3800 True 0.0 3.1038594245910645 0
3900 False 0.0 0.0 0
4000 False 0.0 0.0 0
4100 True 0.0 4.202493190765381 0
4200 False 0.0 0.0 0
4300 True 0.0 3.233907461166382 0
4400 False 0.0 0.0 0
4500 False 0.0 0.0 0
4600 False 0.0 0.0 0
4700 False 0.0 0.0 0
4800 True 0.0419921875 8.073953628540039 0
4900 False 0.0 0.0 0
5000 True 0.0 2.9351134300231934 0
5100 True 0.0 4.420466661453247 0
5200 True 0.0 4.323626518249512 0
5300 False 0.0 0.0 0
5400 False 0.0 0.0 0
5500 False 0.0 0.0 0
5600 False 0.0 0.0 0
5700 True 0.0 4.071153163909912 0
5800 False 0.0 0.0 0
5900 False 0.0 0.0 0
6000 True 0.0048828125 9.385782718658447 0
6100 True 0.009765625 6.548449993133545 0
6200 False 0.0 0.0 0
6300 False 0.0 0.0 0
6400 True 0.0 3.163174867630005 0
6500 False 0.0 0.0 0
6600 True 0.0 4.15251612663269 0
6700 False 0.0 0.0 0
6800 True 0.03515625 9.075427770614624 0
6900 True 0.0 4.28926944732666 0
7000 False 0.0 0.0 0
7100 True 0.060546875 9.497307300567627 0
7200 False 0.0 0.0 0
7300 False 0.0 0.0 0
7400 False 0.0 0.0 0
7500 True 0.0 4.4951701164245605 0
7600 True 0.0 4.912433624267578 0
7700 True 0.0322265625 10.18383264541626 0
7800 True 0.0 2.688319206237793 0
7900 False 0.0 0.0 0
8000 True 0.0439453125 7.317327976226807 0
8100 False 0.0 0.0 0
8200 False 0.0 0.0 0
8300 False 0.0 0.0 0
8400 False 0.0 0.0 0
8500 False 0.0 0.0 0
8600 True 0.0 3.025279998779297 0
8700 True 0.0107421875 7.4546263217926025 0
8800 True 0.0 3.0060434341430664 0
8900 False 0.0 0.0 0
9000 True 0.0 3.7066688537597656 0
9100 False 0.0 0.0 0
9200 True 0.0 3.9749910831451416 0
9300 True 0.0 3.0602786540985107 0
9400 True 0.0 3.197726249694824 0
9500 False 0.0 0.0 0
9600 True 0.0 3.9477391242980957 0
9700 True 0.0244140625 5.548555374145508 0
9800 False 0.0 0.0 0
9900 False 0.0 0.0 0
