0 True 0 0.8344626426696777 0
100 False 0 0.0 0
200 False 0 0.0 0
300 True 0 0.912797212600708 0
400 True 0 0.8812551498413086 0
500 True 0 0.31228208541870117 0
600 False 0 0.0 0
700 True 0 0.4553704261779785 0
800 True 0 0.32106781005859375 0
900 False 0 0.0 0
1000 True 0 0.3159031867980957 0
1100 False 0 0.0 0
1200 True 0 0.3961496353149414 0
1300 False 0 0.0 0
1400 True 0 0.3465695381164551 0
1500 False 0 0.0 0
1600 False 0 0.0 0
1700 False 0 0.0 0
1800 False 0 0.0 0
1900 True 0 0.39896225929260254 0
2000 False 0 0.0 0
2100 False 0 0.0 0
2200 True 0 0.35986948013305664 0
2300 False 0 0.0 0
2400 True 1 0.5538394451141357 0
2500 False 0 0.0 0
2600 True 0 0.28929758071899414 0
2700 False 0 0.0 0
2800 False 0 0.0 0
2900 True 0 0.9126675128936768 0
3000 True 0 0.39272475242614746 0
3100 True 0 0.3929262161254883 0
3200 False 0 0.0 0
3300 False 0 0.0 0
3400 True 0 1.10679292678833 0
3500 False 0 0.0 0
3600 False 0 0.0 0
3700 False 0 0.0 0
3800 True 0 0.35348010063171387 0
3900 False 0 0.0 0
4000 False 0 0.0 0
4100 True 0 0.465407133102417 0
4200 False 0 0.0 0
4300 True 0 0.3323345184326172 0
4400 False 0 0.0 0
4500 False 0 0.0 0
4600 False 0 0.0 0
4700 False 0 0.0 0
4800 True 1 0.9172146320343018 0
4900 False 0 0.0 0
5000 True 0 0.3534812927246094 0
5100 True 0 0.4820694923400879 0
5200 True 0 0.48026371002197266 0
5300 False 0 0.0 0
5400 False 0 0.0 0
5500 False 0 0.0 0
5600 False 0 0.0 0
5700 True 0 0.4338722229003906 0
5800 False 0 0.0 0
5900 False 0 0.0 0
6000 True 0 0.9064810276031494 0
6100 True 0 0.661196231842041 0
6200 False 0 0.0 0
6300 False 0 0.0 0
6400 True 0 0.35181450843811035 0
6500 False 0 0.0 0
6600 True 0 0.44571495056152344 0
6700 False 0 0.0 0
6800 True 1 1.0433692932128906 0
6900 True 0 0.46675729751586914 0
7000 False 0 0.0 0
7100 True 1 1.1330225467681885 0
7200 False 0 0.0 0
7300 False 0 0.0 0
7400 False 0 0.0 0
7500 True 0 0.497849702835083 0
7600 True 0 0.5297760963439941 0
7700 True 1 1.10284423828125 0
7800 True 0 0.29253101348876953 0
7900 False 0 0.0 0
8000 True 1 0.8045523166656494 0
8100 False 0 0.0 0
8200 False 0 0.0 0
8300 False 0 0.0 0
8400 False 0 0.0 0
8500 False 0 0.0 0
8600 True 0 0.33860063552856445 0
8700 True 0 0.852888822555542 0
8800 True 0 0.33042144775390625 0
8900 False 0 0.0 0
9000 True 0 0.42581868171691895 0
9100 False 0 0.0 0
9200 True 0 0.424440860748291 0
9300 True 0 0.3248329162597656 0
9400 True 0 0.3511660099029541 0
9500 False 0 0.0 0
9600 True 0 0.42291784286499023 0
9700 True 0 0.6151695251464844 0
9800 False 0 0.0 0
9900 False 0 0.0 0
