0 False 0 0.0 0
100 False 0 0.0 0
200 True 0 21.77734112739563 0
300 True 0 23.68108892440796 0
400 True 0 20.950159311294556 0
500 False 0 0.0 0
600 True 0 21.239601373672485 0
700 True 0 24.017982006072998 0
800 True 0 20.910715103149414 0
900 False 0 0.0 0
1000 True 0 23.39706540107727 0
1100 False 0 0.0 0
1200 True 0 21.35309672355652 0
1300 False 0 0.0 0
1400 False 0 0.0 0
1500 True 0 21.06487774848938 0
1600 True 0 22.603533506393433 0
1700 False 0 0.0 0
1800 True 0 21.44218420982361 0
1900 True 0 19.869161128997803 0
2000 False 0 0.0 0
2100 True 0 21.35829758644104 0
2200 True 0 20.858561038970947 0
2300 False 0 0.0 0
2400 True 0 20.315852403640747 0
2500 True 0 22.79217553138733 0
2600 True 0 20.088839292526245 0
2700 True 0 21.61308455467224 0
2800 True 0 24.53914737701416 0
2900 False 0 0.0 0
3000 True 0 22.60860538482666 0
3100 True 0 38.44677925109863 0
3200 False 0 0.0 0
3300 True 0 21.256927490234375 0
3400 False 0 0.0 0
3500 True 0 42.86867952346802 0
3600 False 0 0.0 0
3700 True 0 21.74138879776001 0
3800 True 0 23.913490772247314 0
3900 False 0 0.0 0
4000 False 0 0.0 0
4100 True 0 22.072377920150757 0
4200 True 0 22.145033597946167 0
4300 True 0 20.8782000541687 0
4400 False 0 0.0 0
4500 False 0 0.0 0
4600 False 0 0.0 0
4700 False 0 0.0 0
4800 True 0 20.91062355041504 0
4900 False 0 0.0 0
5000 True 0 21.922200441360474 0
5100 True 0 24.49904489517212 0
5200 True 0 25.161694765090942 0
5300 True 0 48.34238362312317 0
5400 True 0 20.270416021347046 0
5500 True 0 20.206931114196777 0
5600 True 0 21.987969160079956 0
5700 True 0 43.29707741737366 0
5800 False 0 0.0 0
5900 False 0 0.0 0
6000 True 0 22.96630620956421 0
6100 True 0 21.217073917388916 0
6200 True 0 20.738555669784546 0
6300 True 0 46.760292768478394 0
6400 True 0 20.416101694107056 0
6500 False 0 0.0 0
6600 True 0 21.254751920700073 0
6700 True 0 48.20581579208374 0
6800 True 0 47.645646810531616 0
6900 True 0 21.142438173294067 0
7000 False 0 0.0 0
7100 False 0 0.0 0
7200 False 0 0.0 0
7300 False 0 0.0 0
7400 True 0 23.296244621276855 0
7500 True 0 20.305554628372192 0
7600 False 0 0.0 0
7700 True 0 48.775373220443726 0
7800 True 0 39.34336471557617 0
7900 False 0 0.0 0
8000 True 0 19.389309406280518 0
8100 False 0 0.0 0
8200 False 0 0.0 0
8300 False 0 0.0 0
8400 True 1 43.15322518348694 0
8500 True 0 22.334575176239014 0
8600 True 0 21.9540011882782 0
8700 True 0 46.16562366485596 0
8800 True 0 20.52832555770874 0
8900 True 0 21.572996854782104 0
9000 True 0 21.843265056610107 0
9100 False 0 0.0 0
9200 True 0 20.481399297714233 0
9300 True 0 24.77126979827881 0
9400 True 0 25.086491584777832 0
9500 True 0 24.289229154586792 0
9600 True 0 20.42626667022705 0
9700 True 0 21.167481422424316 0
9800 True 0 20.31101417541504 0
9900 True 0 19.405842781066895 0
