0 True 0 8.653969764709473 0
100 False 0 0.0 0
200 False 0 0.0 0
300 True 1 16.9832820892334 0
400 True 0 8.921525239944458 0
500 False 0 0.0 0
600 True 0 8.543142557144165 0
700 True 0 8.353875398635864 0
800 True 0 18.069026231765747 0
900 False 0 0.0 0
1000 True 0 18.376655101776123 0
1100 False 0 0.0 0
1200 True 0 8.610190868377686 0
1300 True 0 14.667275190353394 0
1400 True 0 8.513387441635132 0
1500 True 0 17.930211782455444 0
1600 False 0 0.0 0
1700 False 0 0.0 0
1800 False 0 0.0 0
1900 True 0 18.14576268196106 0
2000 False 0 0.0 0
2100 False 0 0.0 0
2200 True 0 8.050937175750732 0
2300 False 0 0.0 0
2400 True 0 8.899868726730347 0
2500 False 0 0.0 0
2600 True 0 17.75749707221985 0
2700 True 0 8.958664178848267 0
2800 True 0 8.403194904327393 0
2900 False 0 0.0 0
3000 True 0 9.476636171340942 0
3100 True 0 7.371240139007568 0
3200 False 0 0.0 0
3300 False 0 0.0 0
3400 False 0 0.0 0
3500 True 1 17.5737886428833 0
3600 False 0 0.0 0
3700 False 0 0.0 0
3800 True 0 10.14203143119812 0
3900 False 0 0.0 0
4000 False 0 0.0 0
4100 True 0 18.716780424118042 0
4200 False 0 0.0 0
4300 True 0 8.855178594589233 0
4400 False 0 0.0 0
4500 True 0 7.952060222625732 0
4600 False 0 0.0 0
4700 False 0 0.0 0
4800 True 0 9.42430567741394 0
4900 False 0 0.0 0
5000 True 0 9.107895612716675 0
5100 True 0 8.989507913589478 0
5200 True 0 8.871717929840088 0
5300 True 0 9.003400325775146 0
5400 True 0 8.098426342010498 0
5500 True 0 8.328919887542725 0
5600 True 0 9.04575228691101 0
5700 True 1 17.660596132278442 0
5800 False 0 0.0 0
5900 False 0 0.0 0
6000 True 0 9.015633344650269 0
6100 True 1 17.189738273620605 0
6200 True 1 17.9255530834198 0
6300 False 0 0.0 0
6400 True 0 9.611803531646729 0
6500 False 0 0.0 0
6600 True 0 9.155874013900757 0
6700 False 0 0.0 0
6800 True 1 17.08001732826233 0
6900 False 0 0.0 0
7000 False 0 0.0 0
7100 True 0 8.505266427993774 0
7200 True 0 8.651467323303223 0
7300 False 0 0.0 0
7400 True 0 10.063020944595337 0
7500 True 0 10.556915283203125 0
7600 False 0 0.0 0
7700 True 1 16.546287059783936 0
7800 True 0 8.191511631011963 0
7900 False 0 0.0 0
8000 True 0 8.345341920852661 0
8100 False 0 0.0 0
8200 False 0 0.0 0
8300 False 0 0.0 0
8400 True 0 8.893130540847778 0
8500 True 0 16.29376244544983 0
8600 True 0 8.461288928985596 0
8700 True 0 9.135098695755005 0
8800 True 0 8.593849182128906 0
8900 True 0 8.640250444412231 0
9000 True 0 8.980549812316895 0
9100 False 0 0.0 0
9200 True 0 17.51847243309021 0
9300 True 0 18.748347759246826 0
9400 True 1 18.10507583618164 0
9500 False 0 0.0 0
9600 True 1 17.84420132637024 0
9700 True 0 8.589503526687622 0
9800 True 0 18.737982511520386 0
9900 True 0 8.529722690582275 0
