0 True 0 60.747543811798096 1
100 False 0 0.0 0
200 True 0 60.578258991241455 1
300 True 0 60.56942868232727 1
400 True 0 60.62730550765991 1
500 False 0 0.0 0
600 True 0 60.6934072971344 1
700 True 0 60.58172106742859 1
800 True 0 60.921759605407715 1
900 False 0 0.0 0
1000 True 0 60.58506464958191 1
1100 False 0 0.0 0
1200 True 0 60.56457853317261 1
1300 False 0 0.0 0
1400 True 0 60.578906774520874 1
1500 True 0 60.67664361000061 1
1600 False 0 0.0 0
1700 True 0 60.5 1
1800 True 0 60.5 1
1900 True 0 60.5 1
2000 True 0 60.5 1
2100 True 0 60.5 1
2200 True 0 60.5 1
2300 True 0 60.5 1
2400 True 0 60.5 1
2500 False 0 0.0 0
2600 True 0 60.5 1
2700 False 0 0.0 0
2800 False 0 0.0 0
2900 False 0 0.0 0
3000 True 0 60.5 1
3100 True 0 60.5 1
3200 False 0 0.0 0
3300 True 0 60.5 1
3400 False 0 0.0 0
3500 True 0 60.5 1
3600 False 0 0.0 0
3700 True 0 60.5 1
3800 True 0 60.5 1
3900 False 0 0.0 0
4000 False 0 0.0 0
4100 True 0 60.5 1
4200 False 0 0.0 0
4300 True 0 60.5 1
4400 False 0 0.0 0
4500 True 0 60.5 1
4600 False 0 0.0 0
4700 True 0 60.5 1
4800 True 0 60.5 1
4900 False 0 0.0 0
5000 True 0 60.5 1
5100 True 0 60.5 1
5200 True 0 60.5 1
5300 True 0 60.5 1
5400 True 0 60.5 1
5500 True 0 60.5 1
5600 True 0 60.5 1
5700 False 0 0.0 0
5800 True 0 60.5 1
5900 False 0 0.0 0
6000 True 0 60.5 1
6100 True 0 60.5 1
6200 True 0 60.5 1
6300 True 0 60.5 1
6400 True 0 60.5 1
6500 False 0 0.0 0
6600 True 0 60.5 1
6700 True 0 60.5 1
6800 True 0 60.5 1
6900 True 0 60.5 1
7000 False 0 0.0 0
7100 False 0 0.0 0
7200 False 0 0.0 0
7300 False 0 0.0 0
7400 True 0 60.5 1
7500 True 0 60.5 1
7600 False 0 0.0 0
7700 True 0 60.5 1
7800 True 0 60.5 1
7900 False 0 0.0 0
8000 True 0 60.5 1
8100 False 0 0.0 0
8200 False 0 0.0 0
8300 False 0 0.0 0
8400 True 0 60.5 1
8500 True 0 60.5 1
8600 True 0 60.5 1
8700 False 0 0.0 0
8800 True 0 60.5 1
8900 False 0 0.0 0
9000 True 0 60.5 1
9100 False 0 0.0 0
9200 True 0 60.5 1
9300 True 0 60.5 1
9400 True 0 60.5 1
9500 True 0 60.5 1
9600 True 0 60.5 1
9700 True 0 60.5 1
9800 True 0 60.5 1
9900 True 0 60.5 1
