0 True 0 60.59382629394531 1
100 False 0 0.0 0
200 False 0 0.0 0
300 True 0 45.609230279922485 0
400 True 0 43.725977420806885 0
500 False 0 0.0 0
600 True 0 60.56461048126221 1
700 True 0 46.37507438659668 0
800 True 0 41.90133213996887 0
900 False 0 0.0 0
1000 True 0 41.797378063201904 0
1100 False 0 0.0 0
1200 True 0 46.62454175949097 0
1300 False 0 0.0 0
1400 False 0 0.0 0
1500 True 0 45.85320520401001 0
1600 False 0 0.0 0
1700 False 0 0.0 0
1800 False 0 0.0 0
1900 True 0 60.56501650810242 1
2000 False 0 0.0 0
2100 False 0 0.0 0
2200 False 0 0.0 0
2300 True 0 50.135629653930664 0
2400 True 0 46.643858432769775 0
2500 True 0 43.150232553482056 0
2600 True 0 60.56360721588135 1
2700 True 0 49.01006197929382 0
2800 False 0 0.0 0
2900 False 0 0.0 0
3000 True 0 48.51534557342529 0
3100 True 0 43.865790128707886 0
3200 False 0 0.0 0
3300 False 0 0.0 0
3400 False 0 0.0 0
3500 True 0 42.63520169258118 0
3600 False 0 0.0 0
3700 True 0 42.676528453826904 0
3800 True 0 43.272461891174316 0
3900 False 0 0.0 0
4000 False 0 0.0 0
4100 True 0 45.86067748069763 0
4200 True 0 41.287312030792236 0
4300 True 0 45.99837923049927 0
4400 False 0 0.0 0
4500 True 0 43.11623001098633 0
4600 False 0 0.0 0
4700 True 0 60.56238079071045 1
4800 True 0 45.93069362640381 0
4900 True 0 43.896732807159424 0
5000 True 0 45.784358978271484 0
5100 True 0 48.57889986038208 0
5200 True 0 49.85491442680359 0
5300 True 0 45.835325479507446 0
5400 True 0 42.62898826599121 0
5500 True 0 46.23857879638672 0
5600 True 0 46.260226249694824 0
5700 True 0 47.531336307525635 0
5800 False 0 0.0 0
5900 False 0 0.0 0
6000 True 0 60.56400108337402 1
6100 True 0 47.95354080200195 0
6200 False 0 0.0 0
6300 False 0 0.0 0
6400 False 0 0.0 0
6500 False 0 0.0 0
6600 True 0 44.58953261375427 0
6700 True 0 44.73872184753418 0
6800 True 0 46.958176136016846 0
6900 False 0 0.0 0
7000 False 0 0.0 0
7100 False 0 0.0 0
7200 False 0 0.0 0
7300 True 0 44.36441349983215 0
7400 True 0 47.89867448806763 0
7500 True 0 46.148667335510254 0
7600 False 0 0.0 0
7700 False 0 0.0 0
7800 True 0 42.815351247787476 0
7900 False 0 0.0 0
8000 True 0 44.36646103858948 0
8100 False 0 0.0 0
8200 False 0 0.0 0
8300 False 0 0.0 0
8400 False 0 0.0 0
8500 True 0 44.395501375198364 0
8600 False 0 0.0 0
8700 True 0 60.56336545944214 1
8800 True 0 54.89237332344055 0
8900 False 0 0.0 0
9000 True 0 45.084919691085815 0
9100 False 0 0.0 0
9200 True 0 60.56336164474487 1
9300 False 0 0.0 0
9400 False 0 0.0 0
9500 True 0 46.02697443962097 0
9600 True 0 60.57648682594299 1
9700 True 0 49.79947829246521 0
9800 True 0 46.680004358291626 0
9900 False 0 0.0 0
