0 True 0.0390625 0.24034857749938965 0
100 True 0.0234375 0.16936922073364258 0
200 True 0.0546875 0.16301584243774414 0
300 False 0.0 0.0 0
400 True 0.0390625 0.2146003246307373 0
500 True 0.0625 0.1834409236907959 0
600 True 0.046875 0.142958402633667 0
700 True 0.0390625 0.13391804695129395 0
800 True 0.0078125 0.1143639087677002 0
900 True 0.015625 0.16157937049865723 0
1000 True 0.0390625 0.13734149932861328 0
1100 True 0.0546875 0.17238402366638184 0
1200 False 0.0 0.0 0
1300 True 0.03125 0.13521242141723633 0
1400 True 0.0546875 0.1734921932220459 0
1500 False 0.0 0.0 0
1600 True 0.03125 0.12270355224609375 0
1700 True 0.0390625 0.19553446769714355 0
1800 False 0.0 0.0 0
1900 True 0.046875 0.1871175765991211 0
2000 True 0.0390625 0.18575096130371094 0
2100 True 0.0546875 0.21054840087890625 0
2200 True 0.015625 0.1184988021850586 0
2300 True 0.0078125 0.10992598533630371 0
2400 True 0.0234375 0.120635986328125 0
2500 True 0.0 0.04373812675476074 0
2600 True 0.046875 0.18758082389831543 0
2700 True 0.0234375 0.14509916305541992 0
2800 True 0.0390625 0.14057397842407227 0
2900 True 0.0390625 0.14059877395629883 0
3000 True 0.0234375 0.1707313060760498 0
3100 True 0.03125 0.16231513023376465 0
3200 True 0.0703125 0.22054600715637207 0
3300 True 0.0234375 0.16399097442626953 0
3400 True 0.0390625 0.1810622215270996 0
3500 True 0.0625 0.19124746322631836 0
3600 True 0.0390625 0.16495943069458008 0
3700 True 0.046875 0.22098064422607422 0
3800 True 0.03125 0.16930079460144043 0
3900 True 0.0546875 0.24019432067871094 0
4000 False 0.0 0.0 0
4100 True 0.046875 0.2086939811706543 0
4200 True 0.03125 0.16062712669372559 0
4300 False 0.0 0.0 0
4400 True 0.0234375 0.1599717140197754 0
4500 False 0.0 0.0 0
4600 True 0.0703125 0.1898493766784668 0
4700 True 0.0390625 0.1427750587463379 0
4800 True 0.046875 0.20131444931030273 0
4900 True 0.03125 0.15902996063232422 0
5000 True 0.0546875 0.19293689727783203 0
5100 True 0.0078125 0.07801485061645508 0
5200 True 0.0390625 0.160414457321167 0
5300 True 0.046875 0.17931365966796875 0
5400 True 0.0625 0.1509706974029541 0
5500 True 0.0546875 0.13506245613098145 0
5600 True 0.0 0.03197598457336426 0
5700 True 0.046875 0.15564894676208496 0
5800 True 0.0390625 0.173675537109375 0
5900 True 0.0390625 0.15217328071594238 0
6000 True 0.015625 0.08655834197998047 0
6100 True 0.0703125 0.1903996467590332 0
6200 True 0.0390625 0.13931512832641602 0
6300 True 0.0546875 0.19614768028259277 0
6400 True 0.0 0.08482241630554199 0
6500 True 0.0703125 0.16114377975463867 0
6600 True 0.03125 0.1366119384765625 0
6700 True 0.03125 0.11750960350036621 0
6800 True 0.03125 0.10935854911804199 0
6900 True 0.0390625 0.14202141761779785 0
7000 True 0.0390625 0.17111897468566895 0
7100 True 0.0546875 0.154099702835083 0
7200 True 0.0390625 0.19604110717773438 0
7300 True 0.0546875 0.20488262176513672 0
7400 True 0.03125 0.17401576042175293 0
7500 True 0.03125 0.15062236785888672 0
7600 True 0.0546875 0.19467973709106445 0
7700 True 0.03125 0.1682586669921875 0
7800 False 0.0 0.0 0
7900 True 0.0546875 0.19529962539672852 0
8000 True 0.0625 0.16420555114746094 0
8100 True 0.046875 0.2006239891052246 0
8200 True 0.0625 0.18900036811828613 0
8300 True 0.0546875 0.2062842845916748 0
8400 True 0.0625 0.186781644821167 0
8500 True 0.0703125 0.2026352882385254 0
8600 True 0.0390625 0.19150757789611816 0
8700 True 0.046875 0.21231317520141602 0
8800 True 0.078125 0.1793372631072998 0
8900 True 0.0546875 0.19267868995666504 0
9000 True 0.0546875 0.19419455528259277 0
9100 True 0.0703125 0.22727322578430176 0
9200 True 0.0546875 0.18419790267944336 0
9300 True 0.0546875 0.17245054244995117 0
9400 True 0.03125 0.16948413848876953 0
9500 True 0.0546875 0.20529794692993164 0
9600 True 0.0390625 0.1776411533355713 0
9700 True 0.0 0.02291703224182129 0
9800 True 0.0078125 0.11370372772216797 0
9900 True 0.03125 0.18484830856323242 0
