0 True 1 0.07438540458679199 0
100 True 0 0.021249771118164062 0
200 False 0 0.0 0
300 False 0 0.0 0
400 True 0 0.015861034393310547 0
500 True 1 0.026651382446289062 0
600 True 1 0.03245115280151367 0
700 True 0 0.02458667755126953 0
800 True 0 0.021405696868896484 0
900 True 0 0.014790534973144531 0
1000 True 0 0.010187625885009766 0
1100 True 1 0.024897336959838867 0
1200 False 0 0.0 0
1300 True 0 0.02514028549194336 0
1400 True 1 0.02415776252746582 0
1500 False 0 0.0 0
1600 False 0 0.0 0
1700 True 0 0.022800445556640625 0
1800 True 0 0.01266336441040039 0
1900 True 0 0.01966261863708496 0
2000 True 0 0.017058610916137695 0
2100 True 0 0.020340681076049805 0
2200 True 0 0.011868476867675781 0
2300 False 0 0.0 0
2400 True 0 0.013617277145385742 0
2500 True 0 0.01730036735534668 0
2600 True 0 0.03968000411987305 0
2700 True 0 0.03703880310058594 0
2800 True 0 0.023004531860351562 0
2900 True 0 0.005263090133666992 0
3000 True 0 0.03557324409484863 0
3100 True 0 0.028115510940551758 0
3200 True 1 0.028784990310668945 0
3300 True 0 0.018771648406982422 0
3400 True 1 0.029749393463134766 0
3500 True 1 0.027585506439208984 0
3600 False 0 0.0 0
3700 True 1 0.030048131942749023 0
3800 True 0 0.012315511703491211 0
3900 True 0 0.0328221321105957 0
4000 True 0 0.020018815994262695 0
4100 True 0 0.027517080307006836 0
4200 True 1 0.03219938278198242 0
4300 True 0 0.008194923400878906 0
4400 True 0 0.01795196533203125 0
4500 True 0 0.008972406387329102 0
4600 True 1 0.038228750228881836 0
4700 True 1 0.0323636531829834 0
4800 True 1 0.03506183624267578 0
4900 True 0 0.01777052879333496 0
5000 True 0 0.03234100341796875 0
5100 False 0 0.0 0
5200 True 1 0.03447222709655762 0
5300 True 0 0.02678847312927246 0
5400 True 0 0.027360200881958008 0
5500 True 0 0.03752470016479492 0
5600 False 0 0.0 0
5700 True 1 0.03571748733520508 0
5800 True 0 0.017920970916748047 0
5900 True 0 0.00969552993774414 0
6000 True 0 0.007285118103027344 0
6100 True 1 0.03273129463195801 0
6200 True 1 0.03445696830749512 0
6300 True 1 0.03553056716918945 0
6400 True 0 0.025815725326538086 0
6500 True 1 0.03802037239074707 0
6600 True 0 0.021596908569335938 0
6700 True 0 0.013608694076538086 0
6800 True 0 0.013442516326904297 0
6900 True 0 0.025133371353149414 0
7000 True 0 0.027945280075073242 0
7100 True 1 0.03214669227600098 0
7200 False 0 0.0 0
7300 True 0 0.015262126922607422 0
7400 True 0 0.018650531768798828 0
7500 True 0 0.03675508499145508 0
7600 True 0 0.03519773483276367 0
7700 True 0 0.03135418891906738 0
7800 False 0 0.0 0
7900 True 0 0.022356510162353516 0
8000 True 1 0.033821821212768555 0
8100 True 0 0.024759531021118164 0
8200 True 1 0.03029179573059082 0
8300 True 1 0.03231549263000488 0
8400 True 1 0.029211044311523438 0
8500 True 1 0.035017967224121094 0
8600 True 0 0.030332326889038086 0
8700 True 0 0.030922651290893555 0
8800 True 1 0.030648469924926758 0
8900 True 1 0.036579132080078125 0
9000 True 1 0.03452181816101074 0
9100 True 0 0.031032323837280273 0
9200 True 0 0.030212879180908203 0
9300 True 1 0.03908944129943848 0
9400 True 0 0.02928924560546875 0
9500 True 1 0.03666067123413086 0
9600 False 0 0.0 0
9700 True 0 0.015505313873291016 0
9800 True 0 0.029697418212890625 0
9900 True 0 0.03307294845581055 0
