0 True 1 14.365099906921387 0
100 True 0 0.028389930725097656 0
200 True 1 0.03679394721984863 0
300 False 0 0.0 0
400 True 0 0.041357994079589844 0
500 True 1 0.03399801254272461 0
600 True 1 0.034041404724121094 0
700 True 1 0.040720224380493164 0
800 True 0 0.010207176208496094 0
900 True 0 0.024751901626586914 0
1000 True 0 0.017443180084228516 0
1100 True 1 0.0343475341796875 0
1200 False 0 0.0 0
1300 True 0 0.03178286552429199 0
1400 True 1 0.034699201583862305 0
1500 False 0 0.0 0
1600 True 0 0.038195133209228516 0
1700 True 1 0.03562736511230469 0
1800 False 0 0.0 0
1900 True 0 0.025735855102539062 0
2000 True 0 0.04153108596801758 0
2100 True 0 0.0406193733215332 0
2200 True 1 0.040398359298706055 0
2300 True 0 0.03249502182006836 0
2400 True 0 0.03894519805908203 0
2500 True 0 0.016571044921875 0
2600 True 1 0.04438328742980957 0
2700 True 1 0.04532504081726074 0
2800 True 1 0.04587531089782715 0
2900 True 1 0.04320049285888672 0
3000 True 0 0.043358564376831055 0
3100 True 0 0.026799440383911133 0
3200 True 1 0.037743568420410156 0
3300 True 1 0.0425570011138916 0
3400 True 1 0.04766058921813965 0
3500 True 1 0.042258262634277344 0
3600 True 0 0.03629040718078613 0
3700 True 1 0.04806089401245117 0
3800 True 0 0.026739120483398438 0
3900 True 1 0.03560018539428711 0
4000 False 0 0.0 0
4100 True 0 0.03327751159667969 0
4200 True 1 0.04580092430114746 0
4300 False 0 0.0 0
4400 True 0 0.00811457633972168 0
4500 False 0 0.0 0
4600 True 1 0.04850363731384277 0
4700 True 1 0.0529632568359375 0
4800 True 1 0.038843631744384766 0
4900 True 1 0.03958392143249512 0
5000 True 0 0.030156373977661133 0
5100 True 0 0.007906913757324219 0
5200 True 0 0.03926968574523926 0
5300 True 1 0.0453951358795166 0
5400 True 1 0.04973292350769043 0
5500 True 1 0.03240466117858887 0
5600 False 0 0.0 0
5700 True 1 0.046594858169555664 0
5800 True 1 0.03193163871765137 0
5900 True 1 0.0428624153137207 0
6000 True 0 0.03858208656311035 0
6100 True 1 0.05196213722229004 0
6200 True 1 0.04614734649658203 0
6300 True 1 0.04720735549926758 0
6400 False 0 0.0 0
6500 True 1 0.04687380790710449 0
6600 True 0 0.028036832809448242 0
6700 True 0 0.013443946838378906 0
6800 True 1 0.03661513328552246 0
6900 True 1 0.04623985290527344 0
7000 True 0 0.04438328742980957 0
7100 True 1 0.04407358169555664 0
7200 True 0 0.03976798057556152 0
7300 True 1 0.0447850227355957 0
7400 True 1 0.0433201789855957 0
7500 True 1 0.046736717224121094 0
7600 True 1 0.04901695251464844 0
7700 True 1 0.046070098876953125 0
7800 False 0 0.0 0
7900 True 0 0.008634328842163086 0
8000 True 1 0.041056156158447266 0
8100 True 1 0.04543638229370117 0
8200 True 1 0.039655208587646484 0
8300 True 1 0.044132232666015625 0
8400 True 1 0.047058820724487305 0
8500 True 1 0.04215502738952637 0
8600 True 1 0.0471341609954834 0
8700 True 1 0.046410560607910156 0
8800 True 1 0.03225231170654297 0
8900 True 1 0.0328519344329834 0
9000 True 1 0.04417610168457031 0
9100 True 1 0.0461115837097168 0
9200 True 1 0.04513859748840332 0
9300 True 1 0.041222572326660156 0
9400 True 1 0.04336833953857422 0
9500 True 1 0.041937828063964844 0
9600 True 1 0.047504425048828125 0
9700 False 0 0.0 0
9800 True 0 0.042822837829589844 0
9900 True 1 0.05257010459899902 0
