0 True 0.0234375 0.1820511817932129 0
100 True 0.015625 0.12549328804016113 0
200 True 0.03125 0.1873304843902588 0
300 False 0.0 0.0 0
400 True 0.015625 0.13082480430603027 0
500 True 0.0390625 0.2137143611907959 0
600 True 0.015625 0.16504859924316406 0
700 True 0.0234375 0.12457680702209473 0
800 True 0.0 0.05953359603881836 0
900 True 0.0078125 0.08155989646911621 0
1000 True 0.0 0.0984354019165039 0
1100 True 0.03125 0.1605815887451172 0
1200 False 0.0 0.0 0
1300 True 0.015625 0.11467766761779785 0
1400 True 0.0234375 0.16607332229614258 0
1500 False 0.0 0.0 0
1600 True 0.015625 0.1347501277923584 0
1700 True 0.0234375 0.1790151596069336 0
1800 False 0.0 0.0 0
1900 True 0.0078125 0.12115740776062012 0
2000 True 0.015625 0.1461503505706787 0
2100 True 0.015625 0.13603734970092773 0
2200 True 0.015625 0.12848162651062012 0
2300 True 0.0078125 0.10104155540466309 0
2400 True 0.015625 0.13404202461242676 0
2500 True 0.0 0.06871390342712402 0
2600 True 0.03125 0.1902313232421875 0
2700 True 0.015625 0.1703345775604248 0
2800 True 0.0234375 0.1341550350189209 0
2900 True 0.0234375 0.16499614715576172 0
3000 True 0.015625 0.14253473281860352 0
3100 True 0.0078125 0.1333174705505371 0
3200 True 0.0234375 0.1908111572265625 0
3300 True 0.0234375 0.18195247650146484 0
3400 True 0.0234375 0.19529104232788086 0
3500 True 0.03125 0.16991090774536133 0
3600 True 0.015625 0.1257476806640625 0
3700 True 0.015625 0.18123579025268555 0
3800 True 0.015625 0.13281559944152832 0
3900 True 0.0234375 0.17848873138427734 0
4000 False 0.0 0.0 0
4100 True 0.0078125 0.1056826114654541 0
4200 True 0.015625 0.20473527908325195 0
4300 False 0.0 0.0 0
4400 True 0.0 0.06674528121948242 0
4500 False 0.0 0.0 0
4600 True 0.03125 0.24434518814086914 0
4700 True 0.015625 0.1713428497314453 0
4800 True 0.03125 0.18606066703796387 0
4900 True 0.0234375 0.1754286289215088 0
5000 True 0.0078125 0.15514063835144043 0
5100 True 0.0 0.04466867446899414 0
5200 True 0.015625 0.14497017860412598 0
5300 True 0.0234375 0.22746968269348145 0
5400 True 0.0234375 0.21536850929260254 0
5500 True 0.03125 0.16063427925109863 0
5600 False 0.0 0.0 0
5700 True 0.0234375 0.16943740844726562 0
5800 True 0.0234375 0.1671311855316162 0
5900 True 0.03125 0.1673297882080078 0
6000 True 0.015625 0.16328811645507812 0
6100 True 0.046875 0.21173763275146484 0
6200 True 0.03125 0.14601969718933105 0
6300 True 0.015625 0.1463024616241455 0
6400 False 0.0 0.0 0
6500 True 0.03125 0.15833258628845215 0
6600 True 0.0078125 0.12324309349060059 0
6700 True 0.0 0.08256173133850098 0
6800 True 0.03125 0.16472983360290527 0
6900 True 0.015625 0.15118980407714844 0
7000 True 0.015625 0.16421031951904297 0
7100 True 0.03125 0.17370104789733887 0
7200 True 0.015625 0.11515140533447266 0
7300 True 0.03125 0.18325352668762207 0
7400 True 0.0234375 0.1479659080505371 0
7500 True 0.0234375 0.1814866065979004 0
7600 True 0.015625 0.11545777320861816 0
7700 True 0.0234375 0.1730818748474121 0
7800 False 0.0 0.0 0
7900 True 0.0 0.030813217163085938 0
8000 True 0.0390625 0.13149428367614746 0
8100 True 0.0234375 0.16808271408081055 0
8200 True 0.03125 0.1622307300567627 0
8300 True 0.03125 0.13480067253112793 0
8400 True 0.0234375 0.16773104667663574 0
8500 True 0.0390625 0.17357301712036133 0
8600 True 0.0234375 0.1399211883544922 0
8700 True 0.015625 0.1604771614074707 0
8800 True 0.03125 0.18639016151428223 0
8900 True 0.0234375 0.19242215156555176 0
9000 True 0.03125 0.17950797080993652 0
9100 True 0.03125 0.18975281715393066 0
9200 True 0.015625 0.16381502151489258 0
9300 True 0.0234375 0.15967845916748047 0
9400 True 0.0234375 0.16519999504089355 0
9500 True 0.0234375 0.16939091682434082 0
9600 True 0.0234375 0.13445615768432617 0
9700 False 0.0 0.0 0
9800 True 0.015625 0.11194276809692383 0
9900 True 0.015625 0.12244987487792969 0
