0 True 0 0.035422563552856445 0
100 True 0 0.04218554496765137 0
200 True 0 0.04839205741882324 0
300 False 0 0.0 0
400 True 0 0.035187482833862305 0
500 True 0 0.01703166961669922 0
600 True 0 0.024796009063720703 0
700 True 0 0.02094101905822754 0
800 False 0 0.0 0
900 True 0 0.04008769989013672 0
1000 True 0 0.01650404930114746 0
1100 True 0 0.01948261260986328 0
1200 False 0 0.0 0
1300 True 0 0.01685643196105957 0
1400 True 0 0.020090341567993164 0
1500 False 0 0.0 0
1600 True 0 0.025040149688720703 0
1700 True 0 0.018102645874023438 0
1800 True 0 0.01759052276611328 0
1900 True 0 0.035063982009887695 0
2000 True 0 0.02010822296142578 0
2100 True 0 0.015484809875488281 0
2200 True 0 0.018987178802490234 0
2300 True 0 0.01811957359313965 0
2400 False 0 0.0 0
2500 False 0 0.0 0
2600 True 0 0.01870894432067871 0
2700 True 0 0.020887136459350586 0
2800 True 0 0.017948627471923828 0
2900 True 0 0.018976688385009766 0
3000 True 0 0.019017696380615234 0
3100 True 0 0.020835399627685547 0
3200 True 0 0.015755414962768555 0
3300 True 0 0.018343210220336914 0
3400 True 0 0.02068471908569336 0
3500 True 0 0.03365349769592285 0
3600 True 0 0.022644996643066406 0
3700 True 0 0.03378772735595703 0
3800 True 0 0.016297578811645508 0
3900 True 0 0.015845298767089844 0
4000 False 0 0.0 0
4100 True 0 0.015360116958618164 0
4200 True 0 0.016622304916381836 0
4300 False 0 0.0 0
4400 True 0 0.016133546829223633 0
4500 False 0 0.0 0
4600 True 0 0.01579761505126953 0
4700 True 0 0.016615867614746094 0
4800 True 0 0.018283843994140625 0
4900 True 0 0.015817880630493164 0
5000 True 0 0.01596808433532715 0
5100 False 0 0.0 0
5200 True 0 0.015938758850097656 0
5300 True 0 0.01670694351196289 0
5400 True 0 0.020511627197265625 0
5500 True 0 0.03623509407043457 0
5600 True 0 0.019528865814208984 0
5700 True 0 0.017118215560913086 0
5800 True 0 0.019735097885131836 0
5900 True 0 0.01887226104736328 0
6000 True 0 0.016981840133666992 0
6100 True 0 0.01761150360107422 0
6200 True 0 0.0164492130279541 0
6300 True 0 0.01696634292602539 0
6400 True 0 0.014934539794921875 0
6500 True 0 0.016046524047851562 0
6600 True 0 0.019135713577270508 0
6700 True 0 0.015331268310546875 0
6800 True 0 0.015413999557495117 0
6900 True 0 0.015744924545288086 0
7000 True 0 0.017082929611206055 0
7100 True 0 0.027070283889770508 0
7200 True 0 0.021144628524780273 0
7300 True 0 0.01957225799560547 0
7400 True 0 0.037279605865478516 0
7500 True 0 0.02349400520324707 0
7600 True 0 0.04207253456115723 0
7700 True 0 0.01637125015258789 0
7800 False 0 0.0 0
7900 True 0 0.02810835838317871 0
8000 True 0 0.01807093620300293 0
8100 True 0 0.019043684005737305 0
8200 True 0 0.0182650089263916 0
8300 True 0 0.018619537353515625 0
8400 True 0 0.02752399444580078 0
8500 True 0 0.034540653228759766 0
8600 True 0 0.02028036117553711 0
8700 True 0 0.02143120765686035 0
8800 True 0 0.044214487075805664 0
8900 True 0 0.034822702407836914 0
9000 True 0 0.037839412689208984 0
9100 True 0 0.03256797790527344 0
9200 True 0 0.019800901412963867 0
9300 True 0 0.02154541015625 0
9400 True 0 0.015737533569335938 0
9500 True 0 0.023369312286376953 0
9600 True 0 0.022593975067138672 0
9700 False 0 0.0 0
9800 True 0 0.015909194946289062 0
9900 True 0 0.017328500747680664 0
