0 True 0.015625 0.7756688594818115 0
100 True 0.0078125 0.5954880714416504 0
200 True 0.0234375 0.734525203704834 0
300 True 0.0078125 0.5083434581756592 0
400 True 0.015625 0.513136625289917 0
500 True 0.03125 0.8817501068115234 0
600 True 0.015625 0.788362979888916 0
700 True 0.015625 0.7564761638641357 0
800 True 0.015625 0.6850366592407227 0
900 True 0.0078125 0.47028398513793945 0
1000 True 0.0078125 0.502694845199585 0
1100 True 0.0234375 0.8467791080474854 0
1200 True 0.0 0.29999685287475586 0
1300 True 0.015625 0.6602628231048584 0
1400 True 0.015625 0.7960219383239746 0
1500 False 0.0 0.0 0
1600 True 0.0078125 0.5387310981750488 0
1700 True 0.015625 0.7180304527282715 0
1800 True 0.015625 0.4868743419647217 0
1900 True 0.015625 0.5748023986816406 0
2000 True 0.015625 0.6292178630828857 0
2100 True 0.0234375 0.6710395812988281 0
2200 True 0.0 0.35038161277770996 0
2300 True 0.0234375 0.6527183055877686 0
2400 True 0.0078125 0.5099236965179443 0
2500 True 0.015625 0.5391991138458252 0
2600 True 0.0234375 0.7986695766448975 0
2700 True 0.0078125 0.6849753856658936 0
2800 True 0.015625 0.712651252746582 0
2900 True 0.015625 0.7938573360443115 0
3000 True 0.015625 0.638343334197998 0
3100 True 0.0078125 0.4944193363189697 0
3200 True 0.015625 0.6111507415771484 0
3300 True 0.015625 0.6884114742279053 0
3400 True 0.015625 0.7191143035888672 0
3500 True 0.0234375 0.8723025321960449 0
3600 True 0.0234375 0.8702218532562256 0
3700 True 0.0234375 0.878455400466919 0
3800 True 0.015625 0.6746327877044678 0
3900 True 0.015625 0.6508078575134277 0
4000 True 0.0078125 0.5943467617034912 0
4100 True 0.0234375 0.8762705326080322 0
4200 True 0.015625 0.7037310600280762 0
4300 False 0.0 0.0 0
4400 True 0.0078125 0.49825382232666016 0
4500 False 0.0 0.0 0
4600 True 0.0234375 0.800607442855835 0
4700 True 0.015625 0.5221712589263916 0
4800 True 0.015625 0.834542989730835 0
4900 True 0.015625 0.5260283946990967 0
5000 True 0.015625 0.8300299644470215 0
5100 True 0.015625 0.7132978439331055 0
5200 True 0.015625 0.7425179481506348 0
5300 True 0.015625 0.8189845085144043 0
5400 True 0.0234375 0.7291922569274902 0
5500 True 0.0234375 0.8467977046966553 0
5600 True 0.0 0.14269804954528809 0
5700 True 0.0234375 0.8412628173828125 0
5800 True 0.015625 0.6025302410125732 0
5900 True 0.015625 0.8183984756469727 0
6000 True 0.0078125 0.4985325336456299 0
6100 True 0.0234375 0.8178374767303467 0
6200 True 0.015625 0.7327394485473633 0
6300 True 0.0234375 0.7607076168060303 0
6400 True 0.0078125 0.40392088890075684 0
6500 True 0.0234375 0.6675803661346436 0
6600 True 0.0078125 0.6068165302276611 0
6700 True 0.015625 0.6351413726806641 0
6800 True 0.015625 0.5759963989257812 0
6900 True 0.015625 0.5883946418762207 0
7000 True 0.015625 0.6484873294830322 0
7100 True 0.015625 0.6673581600189209 0
7200 True 0.0078125 0.5579662322998047 0
7300 True 0.015625 0.8151946067810059 0
7400 True 0.015625 0.5937976837158203 0
7500 True 0.015625 0.7713634967803955 0
7600 True 0.015625 0.7126829624176025 0
7700 True 0.0078125 0.5696384906768799 0
7800 True 0.0078125 0.479520320892334 0
7900 True 0.0234375 0.7325644493103027 0
8000 True 0.0234375 0.7079892158508301 0
8100 True 0.015625 0.7998044490814209 0
8200 True 0.0234375 0.744438886642456 0
8300 True 0.0234375 0.8218863010406494 0
8400 True 0.0234375 0.7535192966461182 0
8500 True 0.03125 0.8385508060455322 0
8600 True 0.015625 0.6768937110900879 0
8700 True 0.015625 0.6738269329071045 0
8800 True 0.03125 0.8258171081542969 0
8900 True 0.0234375 0.6979856491088867 0
9000 True 0.015625 0.6975681781768799 0
9100 True 0.0234375 0.8837246894836426 0
9200 True 0.015625 0.6960372924804688 0
9300 True 0.015625 0.584111213684082 0
9400 True 0.015625 0.751936674118042 0
9500 True 0.015625 0.6797308921813965 0
9600 True 0.015625 0.6902384757995605 0
9700 True 0.015625 0.6029345989227295 0
9800 True 0.015625 0.5532994270324707 0
9900 True 0.015625 0.7300004959106445 0
