0 True 0.1015625 0.7420847415924072 0
100 True 0.046875 0.5401148796081543 0
200 True 0.0546875 0.647946834564209 0
300 True 0.0078125 0.33238768577575684 0
400 True 0.0625 0.6384353637695312 0
500 True 0.1015625 0.7415292263031006 0
600 True 0.0859375 0.7360057830810547 0
700 True 0.0703125 0.8080620765686035 0
800 True 0.09375 0.7182865142822266 0
900 True 0.0390625 0.4850149154663086 0
1000 True 0.0546875 0.5876364707946777 0
1100 True 0.1015625 0.6522588729858398 0
1200 True 0.0078125 0.344524621963501 0
1300 True 0.0703125 0.6413853168487549 0
1400 True 0.1015625 0.6620450019836426 0
1500 False 0.0 0.0 0
1600 True 0.0703125 0.6258673667907715 0
1700 True 0.0703125 0.5899255275726318 0
1800 True 0.03125 0.5211715698242188 0
1900 True 0.0390625 0.538104772567749 0
2000 True 0.0546875 0.7303500175476074 0
2100 True 0.1015625 0.8962819576263428 0
2200 True 0.0234375 0.6379435062408447 0
2300 True 0.0390625 0.7662398815155029 0
2400 True 0.0390625 0.7128810882568359 0
2500 True 0.03125 0.5412933826446533 0
2600 True 0.1015625 0.7167806625366211 0
2700 True 0.09375 0.8852934837341309 0
2800 True 0.078125 0.6580135822296143 0
2900 True 0.0546875 0.741743803024292 0
3000 True 0.078125 0.598839521408081 0
3100 True 0.015625 0.37959718704223633 0
3200 True 0.1328125 0.686668872833252 0
3300 True 0.046875 0.6536655426025391 0
3400 True 0.1015625 0.8849420547485352 0
3500 True 0.109375 0.8667137622833252 0
3600 True 0.0703125 0.7130122184753418 0
3700 True 0.125 0.8502564430236816 0
3800 True 0.015625 0.5074031352996826 0
3900 True 0.0625 0.6603472232818604 0
4000 True 0.046875 0.6965935230255127 0
4100 True 0.1015625 1.029954433441162 0
4200 True 0.09375 0.8595623970031738 0
4300 True 0.0078125 0.40454792976379395 0
4400 True 0.0625 0.7093431949615479 0
4500 False 0.0 0.0 0
4600 True 0.109375 0.9233133792877197 0
4700 True 0.1015625 0.8894004821777344 0
4800 True 0.109375 0.9055371284484863 0
4900 True 0.046875 0.7308344841003418 0
5000 True 0.0703125 0.7328014373779297 0
5100 True 0.0546875 0.555051326751709 0
5200 True 0.0859375 0.6661622524261475 0
5300 True 0.109375 0.910503625869751 0
5400 True 0.09375 0.7096178531646729 0
5500 True 0.125 0.7813849449157715 0
5600 True 0.0859375 0.6841156482696533 0
5700 True 0.078125 0.6677138805389404 0
5800 True 0.0625 0.5621874332427979 0
5900 True 0.09375 0.6953787803649902 0
6000 True 0.046875 0.5333240032196045 0
6100 True 0.140625 0.9305589199066162 0
6200 True 0.125 0.7018845081329346 0
6300 True 0.1015625 0.8584387302398682 0
6400 True 0.046875 0.6506881713867188 0
6500 True 0.078125 0.6973185539245605 0
6600 True 0.03125 0.5072259902954102 0
6700 True 0.046875 0.6643714904785156 0
6800 True 0.078125 0.8706388473510742 0
6900 True 0.0546875 0.6425278186798096 0
7000 True 0.046875 0.7053694725036621 0
7100 True 0.109375 0.8065605163574219 0
7200 True 0.0078125 0.36518430709838867 0
7300 True 0.1015625 0.6848652362823486 0
7400 True 0.0234375 0.5429973602294922 0
7500 True 0.0703125 0.6649563312530518 0
7600 True 0.0859375 0.8112282752990723 0
7700 True 0.078125 0.7953734397888184 0
7800 False 0.0 0.0 0
7900 True 0.0625 0.6906728744506836 0
8000 True 0.0625 0.5750467777252197 0
8100 True 0.046875 0.5169339179992676 0
8200 True 0.09375 0.6311507225036621 0
8300 True 0.125 0.6419038772583008 0
8400 True 0.1015625 0.7970361709594727 0
8500 True 0.109375 0.8450844287872314 0
8600 True 0.0703125 0.642845630645752 0
8700 True 0.1171875 0.9169058799743652 0
8800 True 0.1015625 0.8094387054443359 0
8900 True 0.09375 0.6329045295715332 0
9000 True 0.0859375 0.6451823711395264 0
9100 True 0.109375 0.817711591720581 0
9200 True 0.0859375 0.7441027164459229 0
9300 True 0.1015625 0.7308430671691895 0
9400 True 0.078125 0.7569236755371094 0
9500 True 0.1328125 0.9223172664642334 0
9600 True 0.09375 0.8194804191589355 0
9700 True 0.0 0.18271589279174805 0
9800 True 0.046875 0.5200374126434326 0
9900 True 0.046875 0.5095770359039307 0
