0 True 0 0.13667607307434082 0
100 True 0 0.02921605110168457 0
200 True 0 0.09223794937133789 0
300 False 0 0.0 0
400 True 0 0.011715412139892578 0
500 True 0 0.10921907424926758 0
600 True 0 0.0627901554107666 0
700 False 0 0.0 0
800 True 0 0.05420565605163574 0
900 True 0 0.022250890731811523 0
1000 False 0 0.0 0
1100 True 0 0.08426618576049805 0
1200 False 0 0.0 0
1300 True 0 0.04593205451965332 0
1400 True 0 0.1098775863647461 0
1500 False 0 0.0 0
1600 False 0 0.0 0
1700 True 0 0.06432580947875977 0
1800 False 0 0.0 0
1900 False 0 0.0 0
2000 True 0 0.05453205108642578 0
2100 True 0 0.0903010368347168 0
2200 True 0 0.05661201477050781 0
2300 False 0 0.0 0
2400 False 0 0.0 0
2500 False 0 0.0 0
2600 True 0 0.062079429626464844 0
2700 True 0 0.07507872581481934 0
2800 False 0 0.0 0
2900 False 0 0.0 0
3000 True 0 0.03264617919921875 0
3100 True 0 0.08973217010498047 0
3200 True 0 0.025401592254638672 0
3300 True 0 0.08065652847290039 0
3400 True 0 0.08117341995239258 0
3500 True 0 0.07784748077392578 0
3600 False 0 0.0 0
3700 True 0 0.08116912841796875 0
3800 True 0 0.03816843032836914 0
3900 True 0 0.06435918807983398 0
4000 False 0 0.0 0
4100 False 0 0.0 0
4200 True 0 0.08734774589538574 0
4300 False 0 0.0 0
4400 True 0 0.04725146293640137 0
4500 True 0 0.01097726821899414 0
4600 True 0 0.07221460342407227 0
4700 True 0 0.050940752029418945 0
4800 True 0 0.09235382080078125 0
4900 True 0 0.02372884750366211 0
5000 True 0 0.06649112701416016 0
5100 True 0 0.027060985565185547 0
5200 True 0 0.06899189949035645 0
5300 True 0 0.055166006088256836 0
5400 False 0 0.0 0
5500 True 0 0.11929583549499512 0
5600 True 0 0.06299114227294922 0
5700 True 0 0.08727383613586426 0
5800 True 0 0.08124399185180664 0
5900 True 0 0.1062471866607666 0
6000 True 0 0.11368036270141602 0
6100 True 0 0.09083890914916992 0
6200 True 0 0.053885459899902344 0
6300 True 0 0.11867308616638184 0
6400 False 0 0.0 0
6500 True 0 0.011975288391113281 0
6600 False 0 0.0 0
6700 True 0 0.09116268157958984 0
6800 True 0 0.07056021690368652 0
6900 True 0 0.07068252563476562 0
7000 True 0 0.05536651611328125 0
7100 False 0 0.0 0
7200 True 0 0.04000496864318848 0
7300 True 0 0.10014748573303223 0
7400 True 0 0.07072758674621582 0
7500 True 0 0.05850815773010254 0
7600 True 0 0.10127854347229004 0
7700 True 0 0.024988174438476562 0
7800 False 0 0.0 0
7900 False 0 0.0 0
8000 True 0 0.12021684646606445 0
8100 True 0 0.12500286102294922 0
8200 True 0 0.12423563003540039 0
8300 False 0 0.0 0
8400 True 0 0.13402462005615234 0
8500 True 1 0.15399670600891113 0
8600 True 0 0.08882260322570801 0
8700 True 0 0.10678815841674805 0
8800 True 1 0.15918946266174316 0
8900 True 0 0.10381889343261719 0
9000 True 0 0.08271574974060059 0
9100 True 0 0.033440351486206055 0
9200 True 0 0.013274192810058594 0
9300 True 0 0.11699914932250977 0
9400 True 0 0.07024335861206055 0
9500 True 0 0.0754094123840332 0
9600 True 0 0.07874441146850586 0
9700 True 0 0.0820779800415039 0
9800 True 0 0.09751772880554199 0
9900 True 0 0.04204726219177246 0
