0 True 1 0.2043757438659668 0
100 True 0 0.0970163345336914 0
200 True 0 0.07593679428100586 0
300 True 0 0.02615809440612793 0
400 True 0 0.10173726081848145 0
500 True 1 0.17460179328918457 0
600 True 0 0.18020367622375488 0
700 True 0 0.10747170448303223 0
800 True 0 0.13585758209228516 0
900 True 0 0.0612635612487793 0
1000 True 0 0.09290289878845215 0
1100 True 1 0.14403176307678223 0
1200 True 0 0.026120424270629883 0
1300 True 0 0.0946342945098877 0
1400 True 1 0.12445998191833496 0
1500 False 0 0.0 0
1600 True 0 0.11215496063232422 0
1700 True 0 0.10497760772705078 0
1800 True 0 0.04840373992919922 0
1900 True 0 0.07753729820251465 0
2000 True 0 0.09612321853637695 0
2100 True 1 0.13179230690002441 0
2200 True 0 0.052073001861572266 0
2300 True 0 0.06902050971984863 0
2400 True 0 0.06347441673278809 0
2500 True 0 0.06649971008300781 0
2600 True 1 0.1349954605102539 0
2700 True 0 0.20033860206604004 0
2800 True 0 0.14459776878356934 0
2900 True 0 0.11624836921691895 0
3000 True 0 0.11578631401062012 0
3100 True 0 0.03682303428649902 0
3200 True 1 0.16797447204589844 0
3300 True 0 0.10722184181213379 0
3400 True 1 0.16499733924865723 0
3500 True 1 0.16219258308410645 0
3600 True 0 0.13636040687561035 0
3700 True 1 0.16266703605651855 0
3800 True 0 0.03606224060058594 0
3900 True 0 0.10909342765808105 0
4000 True 0 0.0857539176940918 0
4100 True 1 0.1845536231994629 0
4200 True 0 0.12456202507019043 0
4300 True 0 0.02550959587097168 0
4400 True 0 0.0782160758972168 0
4500 False 0 0.0 0
4600 True 1 0.1692190170288086 0
4700 True 1 0.16403508186340332 0
4800 True 1 0.16164350509643555 0
4900 True 0 0.08709478378295898 0
5000 True 0 0.09043502807617188 0
5100 True 0 0.07307696342468262 0
5200 True 0 0.11728882789611816 0
5300 True 1 0.1614546775817871 0
5400 True 1 0.18030381202697754 0
5500 True 1 0.15767312049865723 0
5600 True 0 0.1524667739868164 0
5700 True 0 0.15633845329284668 0
5800 True 0 0.11785292625427246 0
5900 True 1 0.15822696685791016 0
6000 True 0 0.07057857513427734 0
6100 True 1 0.16599249839782715 0
6200 True 1 0.16020870208740234 0
6300 True 1 0.15901803970336914 0
6400 True 0 0.08000993728637695 0
6500 True 0 0.15589427947998047 0
6600 True 0 0.05633282661437988 0
6700 True 0 0.07270431518554688 0
6800 True 0 0.15024566650390625 0
6900 True 0 0.09794068336486816 0
7000 True 0 0.08917784690856934 0
7100 True 1 0.16571497917175293 0
7200 True 0 0.029181241989135742 0
7300 True 1 0.1625993251800537 0
7400 True 0 0.05130815505981445 0
7500 True 0 0.1183626651763916 0
7600 True 0 0.1564640998840332 0
7700 True 0 0.14043879508972168 0
7800 False 0 0.0 0
7900 True 0 0.12357401847839355 0
8000 True 0 0.11379742622375488 0
8100 True 0 0.062296152114868164 0
8200 True 0 0.12283825874328613 0
8300 True 1 0.1273484230041504 0
8400 True 1 0.12501263618469238 0
8500 True 1 0.12057113647460938 0
8600 True 0 0.1359858512878418 0
8700 True 1 0.15408897399902344 0
8800 True 1 0.17442727088928223 0
8900 True 0 0.1807689666748047 0
9000 True 0 0.12490296363830566 0
9100 True 1 0.13200950622558594 0
9200 True 0 0.13771557807922363 0
9300 True 1 0.13043594360351562 0
9400 True 0 0.140702486038208 0
9500 True 1 0.13835644721984863 0
9600 True 0 0.17250823974609375 0
9700 True 0 0.01495981216430664 0
9800 True 0 0.08492159843444824 0
9900 True 0 0.07735013961791992 0
