0 True 0 5.584612131118774 0
100 True 0 0.10017013549804688 0
200 True 0 0.14878106117248535 0
300 True 0 0.02398681640625 0
400 True 0 0.12064123153686523 0
500 True 0 0.252241849899292 0
600 True 0 0.14505910873413086 0
700 True 0 0.15304279327392578 0
800 True 0 0.08141112327575684 0
900 True 0 0.0805509090423584 0
1000 True 0 0.0990133285522461 0
1100 True 0 0.22330689430236816 0
1200 True 0 0.06609368324279785 0
1300 True 0 0.17642974853515625 0
1400 True 0 0.22490549087524414 0
1500 False 0 0.0 0
1600 True 0 0.08995580673217773 0
1700 True 0 0.11412382125854492 0
1800 False 0 0.0 0
1900 True 0 0.12352728843688965 0
2000 True 0 0.11766552925109863 0
2100 True 0 0.17522358894348145 0
2200 True 0 0.10906004905700684 0
2300 True 0 0.11478662490844727 0
2400 True 0 0.14003705978393555 0
2500 True 0 0.0805046558380127 0
2600 True 0 0.20226168632507324 0
2700 True 0 0.13039374351501465 0
2800 True 0 0.1687471866607666 0
2900 True 0 0.14563298225402832 0
3000 True 0 0.15326333045959473 0
3100 True 0 0.1564617156982422 0
3200 True 0 0.15674567222595215 0
3300 True 0 0.11152505874633789 0
3400 True 0 0.12723875045776367 0
3500 True 0 0.1345069408416748 0
3600 True 0 0.1307668685913086 0
3700 True 0 0.17194390296936035 0
3800 True 0 0.10972380638122559 0
3900 True 0 0.15287256240844727 0
4000 False 0 0.0 0
4100 True 0 0.15411829948425293 0
4200 True 0 0.10846853256225586 0
4300 False 0 0.0 0
4400 True 0 0.10097527503967285 0
4500 False 0 0.0 0
4600 True 0 0.16114258766174316 0
4700 True 0 0.11737489700317383 0
4800 True 0 0.2061300277709961 0
4900 True 0 0.13280677795410156 0
5000 True 0 0.1620490550994873 0
5100 True 0 0.0793461799621582 0
5200 True 0 0.13053393363952637 0
5300 True 0 0.154587984085083 0
5400 True 0 0.1469419002532959 0
5500 True 0 0.14559173583984375 0
5600 False 0 0.0 0
5700 True 0 0.16385102272033691 0
5800 True 0 0.1281595230102539 0
5900 True 0 0.20006537437438965 0
6000 True 0 0.07851243019104004 0
6100 True 1 0.24289178848266602 0
6200 True 0 0.17018961906433105 0
6300 True 0 0.15500354766845703 0
6400 True 0 0.030274629592895508 0
6500 True 0 0.21114277839660645 0
6600 True 0 0.15323114395141602 0
6700 True 0 0.14124774932861328 0
6800 True 0 0.17331528663635254 0
6900 True 0 0.1021730899810791 0
7000 True 0 0.12639999389648438 0
7100 True 0 0.1623070240020752 0
7200 True 0 0.09290313720703125 0
7300 True 0 0.13341355323791504 0
7400 True 0 0.13746857643127441 0
7500 True 0 0.12578940391540527 0
7600 True 0 0.11649107933044434 0
7700 True 0 0.12077021598815918 0
7800 False 0 0.0 0
7900 True 0 0.09248113632202148 0
8000 True 1 0.23566818237304688 0
8100 True 0 0.1682436466217041 0
8200 True 1 0.2157132625579834 0
8300 True 0 0.19939851760864258 0
8400 True 0 0.18718791007995605 0
8500 True 1 0.24300646781921387 0
8600 True 0 0.1505143642425537 0
8700 True 0 0.12621808052062988 0
8800 True 0 0.1816692352294922 0
8900 True 0 0.11529660224914551 0
9000 True 0 0.15035581588745117 0
9100 True 0 0.14135432243347168 0
9200 True 0 0.16741466522216797 0
9300 True 0 0.12350702285766602 0
9400 True 0 0.1397709846496582 0
9500 True 0 0.07254600524902344 0
9600 True 0 0.12427258491516113 0
9700 False 0 0.0 0
9800 True 0 0.09919190406799316 0
9900 True 0 0.11372756958007812 0
