0 True 0 2.804286003112793 0
100 True 0 2.239189863204956 0
200 True 0 1.534712553024292 0
300 True 0 1.5166387557983398 0
400 True 0 1.4622063636779785 0
500 True 0 2.518690586090088 0
600 True 0 2.3528246879577637 0
700 True 0 2.4683384895324707 0
800 True 0 1.5921368598937988 0
900 True 0 1.5843870639801025 0
1000 True 0 1.692077875137329 0
1100 True 0 2.130016326904297 0
1200 True 0 1.5469465255737305 0
1300 True 0 2.171273708343506 0
1400 True 0 2.11285138130188 0
1500 False 0 0.0 0
1600 True 0 1.0340559482574463 0
1700 True 0 2.1746184825897217 0
1800 True 0 1.6245789527893066 0
1900 True 0 2.0434045791625977 0
2000 True 0 1.6575448513031006 0
2100 True 0 2.150270938873291 0
2200 True 0 1.368694543838501 0
2300 True 0 2.5825376510620117 0
2400 True 0 2.0842132568359375 0
2500 True 0 2.3459911346435547 0
2600 True 0 2.156845808029175 0
2700 True 0 2.0926690101623535 0
2800 True 0 2.210627794265747 0
2900 True 0 1.5720067024230957 0
3000 True 0 2.209282636642456 0
3100 True 0 1.478257417678833 0
3200 True 0 2.0174779891967773 0
3300 True 0 2.1459572315216064 0
3400 True 0 2.9284303188323975 0
3500 True 0 2.66951847076416 0
3600 True 0 2.245123863220215 0
3700 True 0 2.839352607727051 0
3800 True 0 1.5678317546844482 0
3900 True 0 1.598665714263916 0
4000 True 0 1.6714494228363037 0
4100 True 0 1.5768952369689941 0
4200 True 0 2.1834657192230225 0
4300 True 0 0.48853445053100586 0
4400 True 0 1.570472240447998 0
4500 False 0 0.0 0
4600 True 0 2.1170074939727783 0
4700 True 0 2.2374608516693115 0
4800 True 0 2.6461048126220703 0
4900 True 0 2.115560531616211 0
5000 True 0 2.530073881149292 0
5100 True 0 1.6298696994781494 0
5200 True 0 2.110549211502075 0
5300 True 0 1.5481038093566895 0
5400 True 0 2.7571401596069336 0
5500 True 0 2.699249505996704 0
5600 False 0 0.0 0
5700 True 0 2.137317657470703 0
5800 True 0 2.1556806564331055 0
5900 True 0 2.289425849914551 0
6000 True 0 1.5907416343688965 0
6100 True 0 2.0607526302337646 0
6200 True 0 2.0470292568206787 0
6300 True 0 2.144508123397827 0
6400 True 0 1.641535758972168 0
6500 True 0 2.606069326400757 0
6600 True 0 2.1704509258270264 0
6700 True 0 1.7981297969818115 0
6800 True 0 2.8133420944213867 0
6900 True 0 2.1463348865509033 0
7000 True 0 2.8354780673980713 0
7100 True 0 2.1286704540252686 0
7200 True 0 1.5581507682800293 0
7300 True 0 2.1461193561553955 0
7400 True 0 2.2700612545013428 0
7500 True 0 1.8350303173065186 0
7600 True 0 2.221953868865967 0
7700 True 0 2.1600537300109863 0
7800 True 0 1.5240294933319092 0
7900 True 0 1.6002497673034668 0
8000 True 0 2.083305835723877 0
8100 True 0 1.567035436630249 0
8200 True 0 1.806654453277588 0
8300 True 0 2.1808815002441406 0
8400 True 0 2.858469247817993 0
8500 True 0 3.171994209289551 0
8600 True 0 2.4387078285217285 0
8700 True 0 2.3379406929016113 0
8800 True 0 2.517469644546509 0
8900 True 0 1.543844223022461 0
9000 True 0 2.1498379707336426 0
9100 True 0 2.649291515350342 0
9200 True 0 2.1453306674957275 0
9300 True 0 2.117401599884033 0
9400 True 0 1.5498919486999512 0
9500 True 0 1.5964422225952148 0
9600 True 0 2.051797389984131 0
9700 True 0 0.919874906539917 0
9800 True 0 1.8981432914733887 0
9900 True 0 1.6354107856750488 0
