0 True 0 3.2671308517456055 0
100 True 0 2.83337664604187 0
200 True 0 2.466515302658081 0
300 True 0 2.1507279872894287 0
400 True 0 2.390207529067993 0
500 True 0 2.718876838684082 0
600 True 0 2.495820999145508 0
700 True 0 2.9218521118164062 0
800 True 0 2.3440606594085693 0
900 True 0 1.3305718898773193 0
1000 True 0 2.2282216548919678 0
1100 True 0 3.246232032775879 0
1200 True 0 1.3612957000732422 0
1300 True 0 2.5697638988494873 0
1400 True 0 2.307645559310913 0
1500 True 0 1.1947307586669922 0
1600 True 0 2.2393383979797363 0
1700 True 0 3.415975332260132 0
1800 True 0 2.1320083141326904 0
1900 True 0 2.1154422760009766 0
2000 True 0 2.142106771469116 0
2100 True 0 2.2695212364196777 0
2200 True 0 2.0759341716766357 0
2300 True 0 2.0151634216308594 0
2400 True 0 2.9517829418182373 0
2500 True 0 2.737183094024658 0
2600 True 0 3.2819631099700928 0
2700 True 0 2.178649663925171 0
2800 True 0 2.361598253250122 0
2900 True 0 2.112128496170044 0
3000 True 0 2.1378567218780518 0
3100 True 0 1.4137394428253174 0
3200 True 0 2.846511125564575 0
3300 True 0 2.7411410808563232 0
3400 True 0 3.683650493621826 0
3500 True 0 3.210747718811035 0
3600 True 0 2.928762435913086 0
3700 True 0 2.624606132507324 0
3800 True 0 2.4660277366638184 0
3900 True 0 3.090858221054077 0
4000 True 0 2.343594551086426 0
4100 True 0 2.757862091064453 0
4200 True 0 2.5428404808044434 0
4300 True 0 1.2969462871551514 0
4400 True 0 1.6553456783294678 0
4500 True 0 0.4169442653656006 0
4600 True 0 3.824993848800659 0
4700 True 0 2.6417882442474365 0
4800 True 0 3.7401645183563232 0
4900 True 0 2.1994080543518066 0
5000 True 0 2.602834463119507 0
5100 True 0 1.8064146041870117 0
5200 True 0 2.321200370788574 0
5300 True 0 2.394784450531006 0
5400 True 0 3.179753065109253 0
5500 True 0 3.40657114982605 0
5600 True 0 0.4678468704223633 0
5700 True 0 2.6154847145080566 0
5800 True 0 2.2227225303649902 0
5900 True 0 3.1052653789520264 0
6000 True 0 2.1259593963623047 0
6100 True 0 3.2085044384002686 0
6200 True 0 3.194948673248291 0
6300 True 0 2.732924222946167 0
6400 True 0 1.2195611000061035 0
6500 True 0 3.4842700958251953 0
6600 True 0 3.2799482345581055 0
6700 True 0 1.920036792755127 0
6800 True 0 3.1085877418518066 0
6900 True 0 3.1140687465667725 0
7000 True 0 2.7705397605895996 0
7100 True 0 2.1034915447235107 0
7200 True 0 2.1335995197296143 0
7300 True 0 2.8313870429992676 0
7400 True 0 2.650635004043579 0
7500 True 0 2.652482271194458 0
7600 True 0 4.036473989486694 0
7700 True 0 2.2544686794281006 0
7800 True 0 1.2907497882843018 0
7900 True 0 1.6441617012023926 0
8000 True 0 2.1837985515594482 0
8100 True 0 2.6450812816619873 0
8200 True 0 2.270714282989502 0
8300 True 0 3.1869335174560547 0
8400 True 0 2.722715377807617 0
8500 True 0 3.696972131729126 0
8600 True 0 3.5165627002716064 0
8700 True 0 2.6599762439727783 0
8800 True 0 3.1993062496185303 0
8900 True 0 2.675243854522705 0
9000 True 0 2.6585090160369873 0
9100 True 0 2.939929723739624 0
9200 True 0 3.2192649841308594 0
9300 True 0 4.1560657024383545 0
9400 True 0 1.8177356719970703 0
9500 True 0 1.8153095245361328 0
9600 True 0 3.159120559692383 0
9700 True 0 1.2734019756317139 0
9800 True 0 2.0716848373413086 0
9900 True 0 2.1959240436553955 0
