0 True 0 4.389209032058716 0
100 True 0 3.978727340698242 0
200 True 0 3.531313896179199 0
300 True 0 2.5806939601898193 0
400 True 0 3.9888579845428467 0
500 True 0 4.388882160186768 0
600 True 0 4.114156484603882 0
700 True 0 3.5067830085754395 0
800 True 0 2.2494025230407715 0
900 True 0 3.263423442840576 0
1000 True 0 4.279340744018555 0
1100 True 0 3.439344644546509 0
1200 True 0 2.0150811672210693 0
1300 True 0 3.0372657775878906 0
1400 True 0 2.800908327102661 0
1500 False 0 0.0 0
1600 True 0 0.3579719066619873 0
1700 True 0 3.878417491912842 0
1800 True 0 2.4887990951538086 0
1900 True 0 1.9521842002868652 0
2000 True 0 2.509819746017456 0
2100 True 0 4.407260894775391 0
2200 True 0 1.8183369636535645 0
2300 True 0 3.3871500492095947 0
2400 True 0 3.2714736461639404 0
2500 True 0 3.0655033588409424 0
2600 True 0 2.9774301052093506 0
2700 True 0 3.4268946647644043 0
2800 True 0 1.6898260116577148 0
2900 True 0 2.3487470149993896 0
3000 True 0 2.8525478839874268 0
3100 True 0 2.2289845943450928 0
3200 True 0 3.6369073390960693 0
3300 True 0 4.179331064224243 0
3400 True 0 3.890608549118042 0
3500 True 0 3.594853639602661 0
3600 True 0 3.3019073009490967 0
3700 True 0 2.180866003036499 0
3800 True 0 2.6296780109405518 0
3900 True 0 2.6051297187805176 0
4000 True 0 2.701653480529785 0
4100 True 0 1.9312260150909424 0
4200 True 0 2.6611990928649902 0
4300 False 0 0.0 0
4400 True 0 2.2688512802124023 0
4500 False 0 0.0 0
4600 True 0 3.988302707672119 0
4700 True 0 3.169999599456787 0
4800 True 0 3.6462771892547607 0
4900 True 0 3.599868059158325 0
5000 True 0 2.98549485206604 0
5100 True 0 2.4400794506073 0
5200 True 0 2.491604804992676 0
5300 True 0 3.30649995803833 0
5400 True 0 3.0924229621887207 0
5500 True 0 3.896918535232544 0
5600 False 0 0.0 0
5700 True 0 3.249959945678711 0
5800 True 0 3.756972312927246 0
5900 True 0 3.426647901535034 0
6000 True 0 2.2206430435180664 0
6100 True 0 2.919239044189453 0
6200 True 0 4.22345757484436 0
6300 True 0 3.4051249027252197 0
6400 True 0 2.3959388732910156 0
6500 True 0 3.392101287841797 0
6600 True 0 1.3302807807922363 0
6700 True 0 2.7201547622680664 0
6800 True 0 3.331705331802368 0
6900 True 0 3.5356531143188477 0
7000 True 0 3.6894679069519043 0
7100 True 0 2.5518364906311035 0
7200 True 0 3.000784158706665 0
7300 True 0 4.671599626541138 0
7400 True 0 4.104388236999512 0
7500 True 0 3.3140435218811035 0
7600 True 0 3.025716781616211 0
7700 True 0 3.325186014175415 0
7800 True 0 1.2342839241027832 0
7900 True 0 1.4591774940490723 0
8000 True 0 3.2682223320007324 0
8100 True 0 2.137493848800659 0
8200 True 0 4.313002347946167 0
8300 True 0 4.110862731933594 0
8400 True 0 3.9362523555755615 0
8500 True 0 4.196510076522827 0
8600 True 0 3.5104308128356934 0
8700 True 0 3.9137699604034424 0
8800 True 1 4.427388668060303 0
8900 True 0 3.0222206115722656 0
9000 True 0 4.092649459838867 0
9100 True 0 4.138893127441406 0
9200 True 0 3.5997257232666016 0
9300 True 1 4.193066835403442 0
9400 True 0 1.4408538341522217 0
9500 True 0 1.6926488876342773 0
9600 True 0 1.4856610298156738 0
9700 False 0 0.0 0
9800 True 0 2.69578218460083 0
9900 True 0 2.6573054790496826 0
