0 True 0.2421875 27.16015315055847 0
100 True 0.1875 25.86221170425415 0
200 True 0.1875 24.33414912223816 0
300 True 0.125 22.803885221481323 0
400 True 0.2109375 26.012781620025635 0
500 True 0.21875 26.057573795318604 0
600 True 0.21875 27.084125757217407 0
700 True 0.1953125 23.540926456451416 0
800 True 0.125 21.213820695877075 0
900 True 0.1796875 25.01358461380005 0
1000 True 0.25 24.928667306900024 0
1100 True 0.203125 27.105801105499268 0
1200 True 0.140625 22.49132204055786 0
1300 True 0.203125 26.383613348007202 0
1400 True 0.1640625 24.711668968200684 0
1500 False 0.0 0.0 0
1600 True 0.015625 12.789591312408447 0
1700 True 0.2421875 25.454237937927246 0
1800 True 0.1640625 24.293367385864258 0
1900 True 0.1328125 22.132140636444092 0
2000 True 0.1640625 24.48409390449524 0
2100 True 0.2734375 24.34522819519043 0
2200 True 0.109375 24.905123710632324 0
2300 True 0.2109375 30.258917331695557 0
2400 True 0.2265625 28.81437373161316 0
2500 True 0.1953125 25.1540367603302 0
2600 True 0.203125 26.063077211380005 0
2700 True 0.2265625 27.01633381843567 0
2800 True 0.1171875 23.3593909740448 0
2900 True 0.1484375 23.5867178440094 0
3000 True 0.1953125 27.1487238407135 0
3100 True 0.1484375 24.80192279815674 0
3200 True 0.2265625 27.0349862575531 0
3300 True 0.2578125 24.525960683822632 0
3400 True 0.265625 24.064048528671265 0
3500 True 0.2578125 24.642475605010986 0
3600 True 0.2265625 25.74668574333191 0
3700 True 0.1484375 23.892982959747314 0
3800 True 0.1796875 27.635419130325317 0
3900 True 0.1953125 23.060245752334595 0
4000 True 0.1953125 24.70626449584961 0
4100 True 0.140625 23.178343296051025 0
4200 True 0.171875 26.239330530166626 0
4300 False 0.0 0.0 0
4400 True 0.140625 23.388678550720215 0
4500 False 0.0 0.0 0
4600 True 0.28125 24.2761013507843 0
4700 True 0.2109375 26.417915105819702 0
4800 True 0.2265625 26.907132148742676 0
4900 True 0.234375 28.797077417373657 0
5000 True 0.2109375 25.560696125030518 0
5100 True 0.140625 24.078831911087036 0
5200 True 0.1640625 23.440959930419922 0
5300 True 0.2265625 25.8731906414032 0
5400 True 0.203125 25.49512028694153 0
5500 True 0.2421875 26.395989656448364 0
5600 False 0.0 0.0 0
5700 True 0.234375 24.92593479156494 0
5800 True 0.2578125 27.19281244277954 0
5900 True 0.25 23.156131982803345 0
6000 True 0.15625 23.941529512405396 0
6100 True 0.1953125 25.682080030441284 0
6200 True 0.265625 25.774983882904053 0
6300 True 0.21875 27.01150393486023 0
6400 True 0.15625 25.15013027191162 0
6500 True 0.2109375 27.13439702987671 0
6600 True 0.09375 22.26110315322876 0
6700 True 0.1640625 27.38669466972351 0
6800 True 0.2109375 26.67826795578003 0
6900 True 0.2265625 26.4257493019104 0
7000 True 0.25 22.370988845825195 0
7100 True 0.1640625 25.479869842529297 0
7200 True 0.203125 24.903247356414795 0
7300 True 0.2890625 27.010098218917847 0
7400 True 0.25 24.130833864212036 0
7500 True 0.21875 27.475444793701172 0
7600 True 0.2109375 25.19862127304077 0
7700 True 0.21875 30.728076934814453 0
7800 True 0.0625 22.464393615722656 0
7900 True 0.078125 22.067726135253906 0
8000 True 0.2109375 26.699021339416504 0
8100 True 0.1484375 23.27080512046814 0
8200 True 0.2578125 26.18063235282898 0
8300 True 0.2734375 25.751744270324707 0
8400 True 0.265625 24.97305917739868 0
8500 True 0.28125 25.347090482711792 0
8600 True 0.234375 24.461989164352417 0
8700 True 0.2578125 25.314000844955444 0
8800 True 0.296875 27.773200273513794 0
8900 True 0.1953125 25.523282766342163 0
9000 True 0.2734375 28.164351224899292 0
9100 True 0.2734375 27.63901925086975 0
9200 True 0.234375 27.58351707458496 0
9300 True 0.296875 25.70927333831787 0
9400 True 0.09375 22.891968488693237 0
9500 True 0.1171875 26.28646969795227 0
9600 True 0.1015625 23.670873641967773 0
9700 False 0.0 0.0 0
9800 True 0.171875 26.726910829544067 0
9900 True 0.1796875 23.881415843963623 0
