0 True 0.1484375 26.367871522903442 0
100 True 0.1484375 28.880274534225464 0
200 True 0.0625 21.486124277114868 0
300 True 0.125 22.440943002700806 0
400 True 0.078125 22.898438930511475 0
500 True 0.109375 24.581825017929077 0
600 True 0.1484375 27.666221618652344 0
700 True 0.1484375 24.876761436462402 0
800 True 0.1484375 27.26284909248352 0
900 False 0.0 0.0 0
1000 True 0.1328125 26.496423959732056 0
1100 True 0.140625 26.25745940208435 0
1200 True 0.078125 23.302990198135376 0
1300 True 0.1484375 27.347681522369385 0
1400 True 0.1328125 27.558242321014404 0
1500 True 0.0390625 18.83188533782959 0
1600 True 0.125 24.439995527267456 0
1700 True 0.15625 27.14936089515686 0
1800 True 0.1015625 25.20727777481079 0
1900 True 0.078125 27.10528588294983 0
2000 True 0.125 24.29686975479126 0
2100 True 0.15625 27.150649070739746 0
2200 True 0.125 24.627071619033813 0
2300 True 0.1484375 27.518350839614868 0
2400 True 0.125 23.501426219940186 0
2500 True 0.140625 26.53369951248169 0
2600 True 0.1484375 25.534862756729126 0
2700 True 0.1171875 26.34184980392456 0
2800 True 0.1171875 26.558797597885132 0
2900 True 0.125 23.510554313659668 0
3000 True 0.140625 26.261033535003662 0
3100 True 0.1015625 26.792809009552002 0
3200 True 0.140625 26.362184762954712 0
3300 True 0.1171875 26.035285711288452 0
3400 True 0.15625 26.153506755828857 0
3500 True 0.15625 26.196693658828735 0
3600 True 0.1328125 25.160019159317017 0
3700 True 0.1484375 27.79064655303955 0
3800 True 0.1328125 25.301586151123047 0
3900 True 0.1484375 24.37980079650879 0
4000 True 0.109375 25.841492176055908 0
4100 True 0.0859375 24.396015882492065 0
4200 True 0.1484375 27.570072650909424 0
4300 True 0.0234375 17.9381160736084 0
4400 True 0.109375 24.7070095539093 0
4500 True 0.0234375 17.98451328277588 0
4600 True 0.15625 29.34770154953003 0
4700 True 0.15625 28.20591139793396 0
4800 True 0.1484375 27.331496477127075 0
4900 True 0.1484375 27.472678661346436 0
5000 True 0.15625 26.472314834594727 0
5100 True 0.125 24.473525047302246 0
5200 True 0.15625 25.673964977264404 0
5300 True 0.15625 26.196415185928345 0
5400 True 0.15625 27.43710422515869 0
5500 True 0.1484375 25.891350269317627 0
5600 True 0.1484375 26.20021963119507 0
5700 True 0.1484375 25.582383632659912 0
5800 True 0.1484375 25.84386444091797 0
5900 True 0.15625 27.02170205116272 0
6000 True 0.15625 26.291719913482666 0
6100 True 0.1484375 27.661239624023438 0
6200 True 0.15625 27.86023449897766 0
6300 True 0.15625 29.07463026046753 0
6400 True 0.078125 24.35945415496826 0
6500 True 0.15625 28.07241463661194 0
6600 True 0.109375 26.025211811065674 0
6700 True 0.109375 26.383836269378662 0
6800 True 0.1484375 27.219523668289185 0
6900 True 0.1484375 26.799564838409424 0
7000 True 0.1484375 25.551612377166748 0
7100 True 0.125 23.551135778427124 0
7200 True 0.09375 23.915035247802734 0
7300 True 0.15625 27.281533241271973 0
7400 True 0.15625 28.22468090057373 0
7500 True 0.15625 25.97834300994873 0
7600 True 0.1484375 25.95111632347107 0
7700 True 0.15625 27.481489419937134 0
7800 True 0.0390625 21.71945548057556 0
7900 True 0.109375 25.73792815208435 0
8000 True 0.125 23.1046404838562 0
8100 True 0.1484375 24.416980981826782 0
8200 True 0.1484375 28.173678874969482 0
8300 True 0.15625 27.282156467437744 0
8400 True 0.1484375 26.639962196350098 0
8500 True 0.15625 27.12394070625305 0
8600 True 0.1484375 24.821980476379395 0
8700 True 0.1484375 27.66190791130066 0
8800 True 0.15625 27.519286394119263 0
8900 True 0.140625 27.076157569885254 0
9000 True 0.140625 26.27535629272461 0
9100 True 0.1484375 26.016658067703247 0
9200 True 0.15625 26.736557960510254 0
9300 True 0.15625 25.795910120010376 0
9400 True 0.0859375 24.48211979866028 0
9500 True 0.140625 25.991395950317383 0
9600 True 0.109375 27.020190477371216 0
9700 True 0.09375 24.311400651931763 0
9800 True 0.1484375 26.75956106185913 0
9900 True 0.1171875 27.700177431106567 0
