0 True 1 5.719725608825684 0
100 True 1 5.886963367462158 0
200 True 0 4.273422002792358 0
300 True 1 5.632832765579224 0
400 True 0 4.6418046951293945 0
500 True 1 4.9727256298065186 0
600 True 1 5.807096004486084 0
700 True 1 5.687289237976074 0
800 True 1 5.5910398960113525 0
900 False 0 0.0 0
1000 True 1 5.730300426483154 0
1100 True 1 5.663856744766235 0
1200 True 0 4.940062522888184 0
1300 True 1 5.3464906215667725 0
1400 True 1 5.9631383419036865 0
1500 True 0 2.3726916313171387 0
1600 True 1 5.756101131439209 0
1700 True 1 5.744910955429077 0
1800 True 1 5.555866718292236 0
1900 True 0 4.978644609451294 0
2000 True 1 5.609093189239502 0
2100 True 1 6.003924131393433 0
2200 True 1 5.84172511100769 0
2300 True 1 5.623614311218262 0
2400 True 1 5.824769020080566 0
2500 True 1 5.565104961395264 0
2600 True 1 5.789730072021484 0
2700 True 1 5.4954094886779785 0
2800 True 1 6.068344831466675 0
2900 True 1 5.7928032875061035 0
3000 True 1 5.495495796203613 0
3100 True 1 6.073320150375366 0
3200 True 1 5.878436326980591 0
3300 True 1 5.798497676849365 0
3400 True 1 5.758310794830322 0
3500 True 1 5.873786926269531 0
3600 True 1 5.660124778747559 0
3700 True 1 5.859047889709473 0
3800 True 1 5.687169790267944 0
3900 True 1 5.164407253265381 0
4000 True 1 5.889851093292236 0
4100 True 0 5.473266124725342 0
4200 True 1 5.714332818984985 0
4300 True 0 1.8621208667755127 0
4400 True 1 5.6768271923065186 0
4500 True 0 1.844684362411499 0
4600 True 1 5.962187051773071 0
4700 True 1 5.418473720550537 0
4800 True 1 5.802044153213501 0
4900 True 1 5.62489914894104 0
5000 True 1 5.689153432846069 0
5100 True 1 5.733760118484497 0
5200 True 1 5.759058237075806 0
5300 True 1 5.582446575164795 0
5400 True 1 5.647463083267212 0
5500 True 1 5.6120522022247314 0
5600 True 1 5.742607831954956 0
5700 True 1 5.716207504272461 0
5800 True 1 5.950079917907715 0
5900 True 1 5.675739049911499 0
6000 True 1 5.470806837081909 0
6100 True 1 5.961604356765747 0
6200 True 1 5.787608861923218 0
6300 True 1 5.829136848449707 0
6400 True 0 4.735679388046265 0
6500 True 1 5.656497478485107 0
6600 True 1 5.8383753299713135 0
6700 True 1 5.88020920753479 0
6800 True 1 6.046245098114014 0
6900 True 1 5.7353057861328125 0
7000 True 1 5.092941999435425 0
7100 True 1 6.043119668960571 0
7200 True 0 5.737626791000366 0
7300 True 1 5.3383097648620605 0
7400 True 1 6.039447069168091 0
7500 True 1 5.601280927658081 0
7600 True 1 5.109175682067871 0
7700 True 1 5.734060525894165 0
7800 True 0 2.731719493865967 0
7900 True 1 5.680753231048584 0
8000 True 1 5.626546144485474 0
8100 True 1 5.640684366226196 0
8200 True 1 5.799583435058594 0
8300 True 1 5.738939046859741 0
8400 True 1 5.4009153842926025 0
8500 True 1 6.0487589836120605 0
8600 True 1 5.638632297515869 0
8700 True 1 5.602909564971924 0
8800 True 1 6.088711261749268 0
8900 True 1 5.691770076751709 0
9000 True 1 5.508235931396484 0
9100 True 1 6.14873743057251 0
9200 True 1 5.647049427032471 0
9300 True 1 5.50782036781311 0
9400 True 0 5.322336912155151 0
9500 True 1 5.702430009841919 0
9600 True 1 5.587735652923584 0
9700 True 0 5.546620607376099 0
9800 True 1 5.763755798339844 0
9900 True 1 5.75478458404541 0
