0 True 0 9.362431287765503 0
100 True 0 5.523319244384766 0
200 True 0 9.271259307861328 0
300 True 0 4.372700452804565 0
400 True 0 5.883481979370117 0
500 True 1 9.388185024261475 0
600 True 0 6.432476758956909 0
700 True 0 4.38186240196228 0
800 True 0 6.70437479019165 0
900 True 0 2.4439592361450195 0
1000 True 0 3.394010543823242 0
1100 True 0 5.749360799789429 0
1200 True 0 4.656041860580444 0
1300 True 0 5.516394853591919 0
1400 True 0 5.4711010456085205 0
1500 True 0 1.1505730152130127 0
1600 True 0 5.206550598144531 0
1700 True 0 8.46389126777649 0
1800 True 0 3.359020709991455 0
1900 True 0 6.128665447235107 0
2000 True 0 5.225972890853882 0
2100 True 0 7.016561269760132 0
2200 True 0 6.079222679138184 0
2300 True 0 8.13370680809021 0
2400 True 0 5.527815818786621 0
2500 True 0 4.871106147766113 0
2600 True 0 8.066732168197632 0
2700 True 0 4.566461801528931 0
2800 True 0 7.728805303573608 0
2900 True 0 6.506145477294922 0
3000 True 0 4.559972524642944 0
3100 True 0 2.218193292617798 0
3200 True 0 5.433973550796509 0
3300 True 0 4.412335395812988 0
3400 True 0 5.080227375030518 0
3500 True 0 7.130535125732422 0
3600 True 0 6.8767454624176025 0
3700 True 0 6.718969345092773 0
3800 True 0 3.7696762084960938 0
3900 True 0 5.418951511383057 0
4000 True 0 2.912125587463379 0
4100 True 0 5.825613737106323 0
4200 True 0 7.398516416549683 0
4300 True 0 2.9152097702026367 0
4400 True 0 1.658717155456543 0
4500 True 0 1.2477636337280273 0
4600 True 0 8.30840277671814 0
4700 True 0 5.225687742233276 0
4800 True 0 7.0827531814575195 0
4900 True 0 6.866846323013306 0
5000 True 0 6.2331788539886475 0
5100 True 0 4.657171964645386 0
5200 True 0 3.928778886795044 0
5300 True 0 6.697431325912476 0
5400 True 0 7.453519344329834 0
5500 True 0 9.052648305892944 0
5600 False 0 0.0 0
5700 True 0 6.8355042934417725 0
5800 True 0 4.565193176269531 0
5900 True 0 7.413784027099609 0
6000 True 0 5.274200201034546 0
6100 True 1 8.6920645236969 0
6200 True 0 6.205394744873047 0
6300 True 0 5.878253936767578 0
6400 True 0 1.1730029582977295 0
6500 True 0 7.129030466079712 0
6600 True 0 4.998820543289185 0
6700 True 0 4.135093450546265 0
6800 True 0 8.550839185714722 0
6900 True 0 5.980435371398926 0
7000 True 0 4.047655820846558 0
7100 True 0 5.181851148605347 0
7200 True 0 5.207564353942871 0
7300 True 0 6.899083614349365 0
7400 True 0 6.4107825756073 0
7500 True 0 6.78441047668457 0
7600 True 0 6.62494969367981 0
7700 True 0 5.565236806869507 0
7800 True 0 4.36614727973938 0
7900 True 0 4.600610017776489 0
8000 True 1 8.830547571182251 0
8100 True 0 4.823413848876953 0
8200 True 1 8.685805082321167 0
8300 True 1 8.645357370376587 0
8400 True 0 7.272013425827026 0
8500 True 0 8.376408815383911 0
8600 True 0 4.659926652908325 0
8700 True 0 4.9499592781066895 0
8800 True 1 8.89828634262085 0
8900 True 0 4.668873310089111 0
9000 True 0 6.281448125839233 0
9100 True 0 8.155744552612305 0
9200 True 0 6.8512489795684814 0
9300 True 0 8.123660802841187 0
9400 True 0 6.027930736541748 0
9500 True 0 2.6768620014190674 0
9600 True 0 6.5345025062561035 0
9700 True 0 1.1102828979492188 0
9800 True 0 6.830608606338501 0
9900 True 0 4.124112606048584 0
