0 True 0.0078125 24.048267602920532 0
100 True 0.0078125 20.908547401428223 0
200 True 0.015625 21.98939347267151 0
300 True 0.0078125 17.34605383872986 0
400 True 0.0078125 18.934672594070435 0
500 True 0.0234375 26.144572496414185 0
600 True 0.0078125 21.03746223449707 0
700 True 0.0078125 16.32571530342102 0
800 True 0.0078125 21.156227350234985 0
900 True 0.0 9.627131223678589 0
1000 True 0.0 14.060952425003052 0
1100 True 0.0078125 18.693838119506836 0
1200 True 0.0078125 16.202086448669434 0
1300 True 0.0078125 18.267728567123413 0
1400 True 0.0078125 20.30382537841797 0
1500 True 0.0 7.549070358276367 0
1600 True 0.0078125 20.194687604904175 0
1700 True 0.015625 21.06597661972046 0
1800 True 0.0078125 15.783624172210693 0
1900 True 0.0078125 19.243122577667236 0
2000 True 0.0078125 18.98644256591797 0
2100 True 0.0078125 22.688735008239746 0
2200 True 0.0078125 21.333183526992798 0
2300 True 0.015625 21.640405654907227 0
2400 True 0.0078125 20.813899517059326 0
2500 True 0.0078125 17.466699838638306 0
2600 True 0.015625 21.78435254096985 0
2700 True 0.0078125 18.749364376068115 0
2800 True 0.015625 20.14010715484619 0
2900 True 0.0078125 20.825364112854004 0
3000 True 0.0078125 17.662120819091797 0
3100 True 0.0 11.521563529968262 0
3200 True 0.0078125 18.423176527023315 0
3300 True 0.0078125 17.221978902816772 0
3400 True 0.0078125 19.625040769577026 0
3500 True 0.0078125 21.951240062713623 0
3600 True 0.015625 20.64144539833069 0
3700 True 0.0078125 21.50744390487671 0
3800 True 0.0078125 16.512860536575317 0
3900 True 0.0078125 18.20488166809082 0
4000 True 0.0 13.341943264007568 0
4100 True 0.0078125 19.79593062400818 0
4200 True 0.015625 21.184693098068237 0
4300 True 0.0 12.988555908203125 0
4400 True 0.0 6.929406404495239 0
4500 True 0.0 6.2346367835998535 0
4600 True 0.015625 21.77683162689209 0
4700 True 0.0078125 18.35376262664795 0
4800 True 0.0078125 24.34684467315674 0
4900 True 0.0078125 20.54768395423889 0
5000 True 0.0078125 21.379674196243286 0
5100 True 0.0078125 17.588247299194336 0
5200 True 0.0078125 15.758597373962402 0
5300 True 0.0078125 21.461838483810425 0
5400 True 0.015625 20.603366374969482 0
5500 True 0.015625 23.839101791381836 0
5600 False 0.0 0.0 0
5700 True 0.0078125 19.645768642425537 0
5800 True 0.0078125 17.683383464813232 0
5900 True 0.015625 20.09110379219055 0
6000 True 0.0078125 19.475420236587524 0
6100 True 0.0234375 26.867788553237915 0
6200 True 0.0078125 21.068766117095947 0
6300 True 0.0078125 20.654134511947632 0
6400 True 0.0 6.9733476638793945 0
6500 True 0.0078125 23.42499351501465 0
6600 True 0.0078125 19.33470392227173 0
6700 True 0.0078125 17.125953435897827 0
6800 True 0.015625 22.277320384979248 0
6900 True 0.0078125 21.676944732666016 0
7000 True 0.0078125 16.71984076499939 0
7100 True 0.0078125 19.39312219619751 0
7200 True 0.0078125 18.002786874771118 0
7300 True 0.0078125 22.86033582687378 0
7400 True 0.0078125 21.65847873687744 0
7500 True 0.0078125 21.366129875183105 0
7600 True 0.0078125 21.93936252593994 0
7700 True 0.0078125 18.841737031936646 0
7800 True 0.0078125 16.04246973991394 0
7900 True 0.0078125 16.92329502105713 0
8000 True 0.0234375 27.807201623916626 0
8100 True 0.0078125 18.707287549972534 0
8200 True 0.0234375 29.112072229385376 0
8300 True 0.015625 25.821072340011597 0
8400 True 0.015625 20.675487279891968 0
8500 True 0.015625 22.022210597991943 0
8600 True 0.0078125 18.272444248199463 0
8700 True 0.0078125 18.943527221679688 0
8800 True 0.0234375 26.019893646240234 0
8900 True 0.0078125 17.595648527145386 0
9000 True 0.0078125 21.348777770996094 0
9100 True 0.015625 20.791893243789673 0
9200 True 0.0078125 21.55404496192932 0
9300 True 0.015625 22.126951694488525 0
9400 True 0.0078125 18.960991144180298 0
9500 True 0.0 13.673959016799927 0
9600 True 0.0078125 21.75323176383972 0
9700 True 0.0 7.257887840270996 0
9800 True 0.0078125 21.548607110977173 0
9900 True 0.0078125 16.958651065826416 0
