0 True 0.0 121.24089193344116 1
100 True 0.0 121.08835506439209 1
200 True 0.0 120.68935918807983 1
300 True 0.0 120.50315618515015 1
400 True 0.0 120.80465650558472 1
500 True 0.0 120.91484236717224 1
600 True 0.0 121.38920021057129 1
700 True 0.0 120.98307704925537 1
800 True 0.0 121.23455333709717 1
900 True 0.0 121.80052280426025 1
1000 True 0.0 121.26074004173279 1
1100 True 0.0 120.5 1
1200 True 0.0 120.5 1
1300 True 0.0 120.5 1
1400 True 0.0 120.5 1
1500 True 0.0 120.5 1
1600 True 0.0 120.5 1
1700 True 0.0 120.5 1
1800 True 0.0 120.5 1
1900 True 0.0 120.5 1
2000 True 0.0 120.5 1
2100 True 0.0 120.5 1
2200 True 0.0 120.5 1
2300 True 0.0 120.5 1
2400 True 0.0 120.5 1
2500 True 0.0 120.5 1
2600 True 0.0 120.5 1
2700 True 0.0 120.5 1
2800 True 0.0 120.5 1
2900 True 0.0 120.5 1
3000 True 0.0 120.5 1
3100 True 0.0 120.5 1
3200 True 0.0 120.5 1
3300 True 0.0 120.5 1
3400 True 0.0 120.5 1
3500 True 0.0 120.5 1
3600 True 0.0 120.5 1
3700 True 0.0 120.5 1
3800 True 0.0 120.5 1
3900 True 0.0 120.5 1
4000 True 0.0 120.5 1
4100 True 0.0 120.5 1
4200 True 0.0 120.5 1
4300 True 0.0 120.5 1
4400 True 0.0 120.5 1
4500 True 0.0 120.5 1
4600 True 0.0 120.5 1
4700 True 0.0 120.5 1
4800 True 0.0 120.5 1
4900 True 0.0 120.5 1
5000 True 0.0 120.5 1
5100 True 0.0 120.5 1
5200 True 0.0 120.5 1
5300 True 0.0 120.5 1
5400 True 0.0 120.5 1
5500 True 0.0 120.5 1
5600 True 0.0 120.5 1
5700 True 0.0 120.5 1
5800 True 0.0 120.5 1
5900 True 0.0 120.5 1
6000 True 0.0 120.5 1
6100 True 0.0 120.5 1
6200 True 0.0 120.5 1
6300 True 0.0 120.5 1
6400 True 0.0 120.5 1
6500 True 0.0 120.5 1
6600 True 0.0 120.5 1
6700 True 0.0 120.5 1
6800 True 0.0 120.5 1
6900 True 0.0 120.5 1
7000 True 0.0 120.5 1
7100 True 0.0 120.5 1
7200 True 0.0 120.5 1
7300 True 0.0 120.5 1
7400 True 0.0 120.5 1
7500 True 0.0 120.5 1
7600 True 0.0 120.5 1
7700 True 0.0 120.5 1
7800 True 0.0 120.5 1
7900 True 0.0 120.5 1
8000 True 0.0 120.5 1
8100 True 0.0 120.5 1
8200 True 0.0 120.5 1
8300 True 0.0 120.5 1
8400 True 0.0 120.5 1
8500 True 0.0 120.5 1
8600 True 0.0 120.5 1
8700 True 0.0 120.5 1
8800 True 0.0 120.5 1
8900 True 0.0 120.5 1
9000 True 0.0 120.5 1
9100 True 0.0 120.5 1
9200 True 0.0 120.5 1
9300 True 0.0 120.5 1
9400 True 0.0 120.5 1
9500 True 0.0 120.5 1
9600 True 0.0 120.5 1
9700 True 0.0 120.5 1
9800 True 0.0 120.5 1
9900 True 0.0 120.5 1
