0 True 0 21.637308359146118 0
100 True 0 29.9433753490448 0
200 True 0 35.154813051223755 0
300 True 0 14.06076955795288 0
400 True 0 20.304728269577026 0
500 True 0 42.22313165664673 0
600 True 0 28.51580238342285 0
700 True 0 21.025058031082153 0
800 True 0 28.38304591178894 0
900 True 0 7.095165014266968 0
1000 True 0 20.404099464416504 0
1100 True 0 28.004024982452393 0
1200 True 0 20.71843671798706 0
1300 True 0 21.326838731765747 0
1400 True 0 28.546913623809814 0
1500 True 0 7.409780025482178 0
1600 True 0 22.127251863479614 0
1700 True 0 35.753910064697266 0
1800 True 0 27.18437695503235 0
1900 True 0 20.8051335811615 0
2000 True 0 13.771387577056885 0
2100 True 0 28.905354976654053 0
2200 True 0 27.024773597717285 0
2300 True 0 33.61680459976196 0
2400 True 0 21.723900318145752 0
2500 True 0 20.659273624420166 0
2600 True 0 35.25814414024353 0
2700 True 0 21.21782398223877 0
2800 True 0 21.85826063156128 0
2900 True 0 28.36970329284668 0
3000 True 0 13.847978830337524 0
3100 True 0 7.0805041790008545 0
3200 True 0 27.812954664230347 0
3300 True 0 27.92704963684082 0
3400 True 0 22.65854024887085 0
3500 True 0 28.51903772354126 0
3600 True 0 35.474743127822876 0
3700 True 0 27.779205083847046 0
3800 True 0 20.574088096618652 0
3900 True 0 20.769731998443604 0
4000 True 0 13.157158374786377 0
4100 True 0 7.35893177986145 0
4200 True 0 28.490505695343018 0
4300 True 0 6.986927509307861 0
4400 True 0 21.143184661865234 0
4500 True 0 13.927396535873413 0
4600 True 0 40.704590797424316 0
4700 True 0 21.377487421035767 0
4800 True 0 28.223304271697998 0
4900 True 0 21.39600419998169 0
5000 True 0 29.223845720291138 0
5100 True 0 20.21820092201233 0
5200 True 0 21.390334367752075 0
5300 True 0 20.727163076400757 0
5400 True 0 34.47474813461304 0
5500 True 0 34.95283079147339 0
5600 True 0 6.901535749435425 0
5700 True 0 34.683003664016724 0
5800 True 0 27.460590839385986 0
5900 True 0 35.960973024368286 0
6000 True 0 20.847575664520264 0
6100 True 0 42.755457401275635 0
6200 True 0 28.63295078277588 0
6300 True 0 35.64727210998535 0
6400 True 0 21.58201289176941 0
6500 True 0 28.203933715820312 0
6600 True 0 29.284082889556885 0
6700 True 0 20.826213836669922 0
6800 True 0 35.86125469207764 0
6900 True 0 27.350322484970093 0
7000 True 0 13.142174005508423 0
7100 True 0 20.9479718208313 0
7200 True 0 21.458191633224487 0
7300 True 0 21.463623046875 0
7400 True 0 28.057639122009277 0
7500 True 0 22.050950050354004 0
7600 True 0 22.34093999862671 0
7700 True 0 14.547234296798706 0
7800 True 0 28.14016890525818 0
7900 True 0 13.974337339401245 0
8000 True 0 42.79788899421692 0
8100 True 0 20.948374271392822 0
8200 True 0 41.30776834487915 0
8300 True 0 41.51775527000427 0
8400 True 0 34.83055281639099 0
8500 True 0 36.88449740409851 0
8600 True 0 22.23759174346924 0
8700 True 0 21.61802077293396 0
8800 True 0 49.22114038467407 0
8900 True 0 28.918020963668823 0
9000 True 0 28.57354497909546 0
9100 True 0 41.6476469039917 0
9200 True 0 34.697705030441284 0
9300 True 0 35.9978973865509 0
9400 True 0 27.874662399291992 0
9500 True 0 20.689460515975952 0
9600 True 0 21.007296323776245 0
9700 True 0 14.064241647720337 0
9800 True 0 29.421689748764038 0
9900 True 0 21.358977556228638 0
