0 True 0.0 120.51892042160034 1
100 True 0.0 121.4019660949707 1
200 True 0.0 121.96843266487122 1
300 True 0.0 111.61789464950562 0
400 True 0.0 122.26485466957092 1
500 True 0.0 122.09238362312317 1
600 True 0.0 120.89308881759644 1
700 True 0.0 120.80552291870117 1
800 True 0.0 121.44072985649109 1
900 True 0.0 64.25804853439331 0
1000 True 0.0 109.28334665298462 0
1100 True 0.0 121.11355304718018 1
1200 True 0.0 104.77664542198181 0
1300 True 0.0 121.31368470191956 1
1400 True 0.0 121.87080073356628 1
1500 True 0.0 48.55653667449951 0
1600 True 0.0 106.80780673027039 0
1700 True 0.0 120.5982403755188 1
1800 True 0.0 121.67910885810852 1
1900 True 0.0 119.76428627967834 0
2000 True 0.0 98.8479208946228 0
2100 True 0.0 121.094233751297 1
2200 True 0.0 121.46039509773254 1
2300 True 0.0 120.6344051361084 1
2400 True 0.0 121.24528813362122 1
2500 True 0.0 119.1742799282074 0
2600 True 0.0 121.24493193626404 1
2700 True 0.0 114.26369833946228 0
2800 True 0.0 120.10026144981384 1
2900 True 0.0 121.28720688819885 1
3000 True 0.0 99.85468912124634 0
3100 True 0.0 49.44368267059326 0
3200 True 0.0 121.6014096736908 1
3300 True 0.0 121.55935788154602 1
3400 True 0.0 122.39879703521729 1
3500 True 0.0 121.18938660621643 1
3600 True 0.0 120.94974994659424 1
3700 True 0.0 121.85602736473083 1
3800 True 0.0 101.71271681785583 0
3900 True 0.0 119.04125761985779 0
4000 True 0.0 86.27694487571716 0
4100 True 0.0 64.27443528175354 0
4200 True 0.0 120.93331527709961 1
4300 True 0.0 71.09834313392639 0
4400 True 0.0 99.36504435539246 0
4500 True 0.0 70.69578003883362 0
4600 True 0.0 120.94467425346375 1
4700 True 0.0 120.60878944396973 1
4800 True 0.0 121.62866592407227 1
4900 True 0.0 112.95303153991699 0
5000 True 0.0 120.9375069141388 1
5100 True 0.0 112.187748670578 0
5200 True 0.0 116.8988835811615 0
5300 True 0.0 120.66436100006104 1
5400 True 0.0 120.75328731536865 1
5500 True 0.0 120.88683557510376 1
5600 True 0.0 50.214056968688965 0
5700 True 0.0 120.8630781173706 1
5800 True 0.0 121.81554770469666 1
5900 True 0.0 120.53005528450012 1
6000 True 0.0 119.9220016002655 0
6100 True 0.0 120.75994110107422 1
6200 True 0.0 121.67262434959412 1
6300 True 0.0 120.74639296531677 1
6400 True 0.0 104.70245313644409 0
6500 True 0.0 121.24098110198975 1
6600 True 0.0 120.59903478622437 1
6700 True 0.0 113.54697895050049 0
6800 True 0.0 120.71102952957153 1
6900 True 0.0 120.69981646537781 1
7000 True 0.0 85.68041324615479 0
7100 True 0.0 116.02912497520447 0
7200 True 0.0 105.46056509017944 0
7300 True 0.0 105.6054174900055 0
7400 True 0.0 120.92444014549255 1
7500 True 0.0 119.46616673469543 0
7600 True 0.0 113.10399198532104 0
7700 True 0.0 98.09221339225769 0
7800 True 0.0 121.55607104301453 1
7900 True 0.0 83.55276608467102 0
8000 True 0.0 122.19684886932373 1
8100 True 0.0 104.467533826828 0
8200 True 0.0 122.05945587158203 1
8300 True 0.0 122.17628836631775 1
8400 True 0.0 121.88093829154968 1
8500 True 0.0 121.01522636413574 1
8600 True 0.0 118.55072498321533 0
8700 True 0.0 112.71978235244751 0
8800 True 0.0 121.94738507270813 1
8900 True 0.0 122.13757967948914 1
9000 True 0.0 120.53045105934143 1
9100 True 0.0 121.26772499084473 1
9200 True 0.0 121.00820922851562 1
9300 True 0.0 121.1468517780304 1
9400 True 0.0 121.43269538879395 1
9500 True 0.0 112.70740294456482 0
9600 True 0.0 118.0547022819519 0
9700 True 0.0 72.66880202293396 0
9800 True 0.0 121.36365818977356 1
9900 True 0.0 114.00845646858215 0
