0 False 0.0 0.0 0
100 False 0.0 0.0 0
200 False 0.0 0.0 0
300 True 0.0361328125 0.018030881881713867 0
400 True 0.1240234375 0.017452716827392578 0
500 False 0.0 0.0 0
600 True 0.07421875 0.0183870792388916 0
700 False 0.0 0.0 0
800 False 0.0 0.0 0
900 False 0.0 0.0 0
1000 True 0.078125 0.017307519912719727 0
1100 False 0.0 0.0 0
1200 False 0.0 0.0 0
1300 True 0.0732421875 0.017923593521118164 0
1400 True 0.0712890625 0.017238855361938477 0
1500 False 0.0 0.0 0
1600 False 0.0 0.0 0
1700 False 0.0 0.0 0
1800 False 0.0 0.0 0
1900 True 0.06640625 0.017779111862182617 0
2000 False 0.0 0.0 0
2100 False 0.0 0.0 0
2200 True 0.111328125 0.017795324325561523 0
2300 False 0.0 0.0 0
2400 True 0.20703125 0.017767667770385742 0
2500 False 0.0 0.0 0
2600 True 0.09765625 0.018427371978759766 0
2700 False 0.0 0.0 0
2800 False 0.0 0.0 0
2900 False 0.0 0.0 0
3000 True 0.1162109375 0.017810821533203125 0
3100 True 0.08984375 0.017296552658081055 0
3200 False 0.0 0.0 0
3300 False 0.0 0.0 0
3400 True 0.072265625 0.01828908920288086 0
3500 False 0.0 0.0 0
3600 True 0.0244140625 0.017418384552001953 0
3700 False 0.0 0.0 0
3800 True 0.0419921875 0.018234968185424805 0
3900 False 0.0 0.0 0
4000 True 0.0146484375 0.01729440689086914 0
4100 True 0.0810546875 0.018550634384155273 0
4200 False 0.0 0.0 0
4300 False 0.0 0.0 0
4400 False 0.0 0.0 0
4500 False 0.0 0.0 0
4600 False 0.0 0.0 0
4700 False 0.0 0.0 0
4800 True 0.15625 0.017710208892822266 0
4900 False 0.0 0.0 0
5000 False 0.0 0.0 0
5100 False 0.0 0.0 0
5200 False 0.0 0.0 0
5300 False 0.0 0.0 0
5400 False 0.0 0.0 0
5500 False 0.0 0.0 0
5600 False 0.0 0.0 0
5700 False 0.0 0.0 0
5800 False 0.0 0.0 0
5900 False 0.0 0.0 0
6000 True 0.0009765625 0.017826318740844727 0
6100 True 0.037109375 0.017814159393310547 0
6200 False 0.0 0.0 0
6300 False 0.0 0.0 0
6400 False 0.0 0.0 0
6500 False 0.0 0.0 0
6600 False 0.0 0.0 0
6700 True 0.0166015625 0.017830610275268555 0
6800 True 0.1083984375 0.017366886138916016 0
6900 False 0.0 0.0 0
7000 False 0.0 0.0 0
7100 True 0.1865234375 0.017774105072021484 0
7200 False 0.0 0.0 0
7300 False 0.0 0.0 0
7400 False 0.0 0.0 0
7500 False 0.0 0.0 0
7600 False 0.0 0.0 0
7700 True 0.064453125 0.017362117767333984 0
7800 True 0.1435546875 0.01832866668701172 0
7900 False 0.0 0.0 0
8000 False 0.0 0.0 0
8100 False 0.0 0.0 0
8200 False 0.0 0.0 0
8300 False 0.0 0.0 0
8400 False 0.0 0.0 0
8500 False 0.0 0.0 0
8600 False 0.0 0.0 0
8700 False 0.0 0.0 0
8800 True 0.25390625 0.01745009422302246 0
8900 False 0.0 0.0 0
9000 False 0.0 0.0 0
9100 False 0.0 0.0 0
9200 True 0.0439453125 0.017714738845825195 0
9300 False 0.0 0.0 0
9400 True 0.0751953125 0.017237186431884766 0
9500 False 0.0 0.0 0
9600 True 0.0986328125 0.017914772033691406 0
9700 True 0.1025390625 0.017945528030395508 0
9800 False 0.0 0.0 0
9900 True 0.0400390625 0.017824172973632812 0
