0 False 0 0.0 0
100 False 0 0.0 0
200 False 0 0.0 0
300 True 1 0.002496004104614258 0
400 True 1 0.002366304397583008 0
500 False 0 0.0 0
600 True 1 0.0023708343505859375 0
700 False 0 0.0 0
800 False 0 0.0 0
900 False 0 0.0 0
1000 True 1 0.0024268627166748047 0
1100 False 0 0.0 0
1200 False 0 0.0 0
1300 True 1 0.0022721290588378906 0
1400 True 1 0.002459287643432617 0
1500 False 0 0.0 0
1600 False 0 0.0 0
1700 False 0 0.0 0
1800 False 0 0.0 0
1900 True 1 0.002399921417236328 0
2000 False 0 0.0 0
2100 False 0 0.0 0
2200 True 1 0.002354860305786133 0
2300 False 0 0.0 0
2400 True 1 0.0023288726806640625 0
2500 False 0 0.0 0
2600 True 1 0.0024149417877197266 0
2700 False 0 0.0 0
2800 False 0 0.0 0
2900 False 0 0.0 0
3000 True 1 0.002386808395385742 0
3100 True 1 0.0024776458740234375 0
3200 False 0 0.0 0
3300 False 0 0.0 0
3400 True 1 0.0023157596588134766 0
3500 False 0 0.0 0
3600 True 0 0.002232074737548828 0
3700 False 0 0.0 0
3800 True 1 0.0024340152740478516 0
3900 False 0 0.0 0
4000 True 0 0.0023148059844970703 0
4100 True 1 0.002210855484008789 0
4200 False 0 0.0 0
4300 False 0 0.0 0
4400 False 0 0.0 0
4500 False 0 0.0 0
4600 False 0 0.0 0
4700 False 0 0.0 0
4800 True 1 0.0024192333221435547 0
4900 False 0 0.0 0
5000 False 0 0.0 0
5100 False 0 0.0 0
5200 False 0 0.0 0
5300 False 0 0.0 0
5400 False 0 0.0 0
5500 False 0 0.0 0
5600 False 0 0.0 0
5700 False 0 0.0 0
5800 False 0 0.0 0
5900 False 0 0.0 0
6000 True 0 0.002268075942993164 0
6100 True 1 0.002272367477416992 0
6200 False 0 0.0 0
6300 False 0 0.0 0
6400 False 0 0.0 0
6500 False 0 0.0 0
6600 False 0 0.0 0
6700 True 0 0.002348661422729492 0
6800 True 1 0.0023169517517089844 0
6900 False 0 0.0 0
7000 False 0 0.0 0
7100 True 1 0.002310037612915039 0
7200 False 0 0.0 0
7300 False 0 0.0 0
7400 False 0 0.0 0
7500 False 0 0.0 0
7600 False 0 0.0 0
7700 True 1 0.0024263858795166016 0
7800 True 1 0.002279520034790039 0
7900 False 0 0.0 0
8000 False 0 0.0 0
8100 False 0 0.0 0
8200 False 0 0.0 0
8300 False 0 0.0 0
8400 False 0 0.0 0
8500 False 0 0.0 0
8600 False 0 0.0 0
8700 False 0 0.0 0
8800 True 1 0.002384185791015625 0
8900 False 0 0.0 0
9000 False 0 0.0 0
9100 False 0 0.0 0
9200 True 1 0.0023450851440429688 0
9300 False 0 0.0 0
9400 True 1 0.002345561981201172 0
9500 False 0 0.0 0
9600 True 1 0.0022666454315185547 0
9700 True 1 0.002460479736328125 0
9800 False 0 0.0 0
9900 True 1 0.0023648738861083984 0
