0 False 0.0 0.0 0
100 False 0.0 0.0 0
200 False 0.0 0.0 0
300 True 0.0 0.02212834358215332 0
400 True 0.0 0.021434545516967773 0
500 False 0.0 0.0 0
600 False 0.0 0.0 0
700 True 0.0 0.02123546600341797 0
800 False 0.0 0.0 0
900 False 0.0 0.0 0
1000 True 0.0 0.021326541900634766 0
1100 False 0.0 0.0 0
1200 False 0.0 0.0 0
1300 False 0.0 0.0 0
1400 True 0.0 0.02164292335510254 0
1500 False 0.0 0.0 0
1600 False 0.0 0.0 0
1700 False 0.0 0.0 0
1800 False 0.0 0.0 0
1900 True 0.0 0.02141547203063965 0
2000 False 0.0 0.0 0
2100 False 0.0 0.0 0
2200 True 0.0009765625 0.02146148681640625 0
2300 False 0.0 0.0 0
2400 True 0.001953125 0.021448135375976562 0
2500 False 0.0 0.0 0
2600 True 0.0 0.021471023559570312 0
2700 False 0.0 0.0 0
2800 False 0.0 0.0 0
2900 False 0.0 0.0 0
3000 True 0.0009765625 0.0218503475189209 0
3100 True 0.0 0.021381616592407227 0
3200 False 0.0 0.0 0
3300 False 0.0 0.0 0
3400 True 0.0 0.021641254425048828 0
3500 True 0.0 0.021895647048950195 0
3600 False 0.0 0.0 0
3700 False 0.0 0.0 0
3800 True 0.0 0.021429777145385742 0
3900 False 0.0 0.0 0
4000 False 0.0 0.0 0
4100 True 0.0009765625 0.021488189697265625 0
4200 True 0.0 0.021672725677490234 0
4300 True 0.0 0.021686315536499023 0
4400 False 0.0 0.0 0
4500 False 0.0 0.0 0
4600 False 0.0 0.0 0
4700 True 0.0 0.021483898162841797 0
4800 True 0.0 0.021584033966064453 0
4900 True 0.0 0.021724224090576172 0
5000 True 0.0 0.021755695343017578 0
5100 False 0.0 0.0 0
5200 True 0.0 0.021503925323486328 0
5300 False 0.0 0.0 0
5400 True 0.0 0.021487951278686523 0
5500 False 0.0 0.0 0
5600 False 0.0 0.0 0
5700 False 0.0 0.0 0
5800 False 0.0 0.0 0
5900 False 0.0 0.0 0
6000 False 0.0 0.0 0
6100 True 0.0 0.021985530853271484 0
6200 False 0.0 0.0 0
6300 False 0.0 0.0 0
6400 False 0.0 0.0 0
6500 False 0.0 0.0 0
6600 True 0.0 0.02159905433654785 0
6700 True 0.0 0.021511316299438477 0
6800 True 0.0 0.021537065505981445 0
6900 False 0.0 0.0 0
7000 False 0.0 0.0 0
7100 True 0.0009765625 0.02170085906982422 0
7200 False 0.0 0.0 0
7300 False 0.0 0.0 0
7400 False 0.0 0.0 0
7500 False 0.0 0.0 0
7600 False 0.0 0.0 0
7700 True 0.0 0.021651029586791992 0
7800 True 0.0 0.021681547164916992 0
7900 False 0.0 0.0 0
8000 True 0.0 0.021497488021850586 0
8100 False 0.0 0.0 0
8200 False 0.0 0.0 0
8300 False 0.0 0.0 0
8400 False 0.0 0.0 0
8500 False 0.0 0.0 0
8600 False 0.0 0.0 0
8700 False 0.0 0.0 0
8800 True 0.001953125 0.021470308303833008 0
8900 False 0.0 0.0 0
9000 True 0.0 0.02150726318359375 0
9100 False 0.0 0.0 0
9200 True 0.0009765625 0.021454334259033203 0
9300 True 0.0 0.021725893020629883 0
9400 False 0.0 0.0 0
9500 False 0.0 0.0 0
9600 True 0.0009765625 0.02149510383605957 0
9700 True 0.0009765625 0.021549463272094727 0
9800 False 0.0 0.0 0
9900 False 0.0 0.0 0
