0 True 0.0 0.022206783294677734 0
100 False 0.0 0.0 0
200 False 0.0 0.0 0
300 True 0.0 0.021569490432739258 0
400 True 0.0 0.02161693572998047 0
500 False 0.0 0.0 0
600 True 0.0 0.02163076400756836 0
700 True 0.0 0.02158498764038086 0
800 True 0.0 0.021823644638061523 0
900 False 0.0 0.0 0
1000 True 0.0 0.02147364616394043 0
1100 False 0.0 0.0 0
1200 True 0.0 0.021489381790161133 0
1300 False 0.0 0.0 0
1400 True 0.0 0.02160811424255371 0
1500 True 0.0 0.02144932746887207 0
1600 False 0.0 0.0 0
1700 False 0.0 0.0 0
1800 False 0.0 0.0 0
1900 True 0.0 0.021453380584716797 0
2000 False 0.0 0.0 0
2100 False 0.0 0.0 0
2200 True 0.0009765625 0.021322965621948242 0
2300 True 0.0 0.021605730056762695 0
2400 True 0.0009765625 0.0215456485748291 0
2500 False 0.0 0.0 0
2600 True 0.0 0.021619081497192383 0
2700 False 0.0 0.0 0
2800 False 0.0 0.0 0
2900 False 0.0 0.0 0
3000 True 0.0 0.021468639373779297 0
3100 True 0.0 0.021576404571533203 0
3200 False 0.0 0.0 0
3300 False 0.0 0.0 0
3400 False 0.0 0.0 0
3500 True 0.0 0.021472454071044922 0
3600 False 0.0 0.0 0
3700 False 0.0 0.0 0
3800 True 0.0 0.02158188819885254 0
3900 False 0.0 0.0 0
4000 False 0.0 0.0 0
4100 True 0.0 0.021492719650268555 0
4200 True 0.0 0.021512508392333984 0
4300 True 0.0 0.02153468132019043 0
4400 False 0.0 0.0 0
4500 False 0.0 0.0 0
4600 False 0.0 0.0 0
4700 False 0.0 0.0 0
4800 True 0.0 0.02148294448852539 0
4900 True 0.0 0.021656274795532227 0
5000 True 0.0 0.021369218826293945 0
5100 True 0.0 0.021473169326782227 0
5200 True 0.0 0.021338939666748047 0
5300 False 0.0 0.0 0
5400 True 0.0 0.021611690521240234 0
5500 False 0.0 0.0 0
5600 False 0.0 0.0 0
5700 True 0.0 0.021381616592407227 0
5800 False 0.0 0.0 0
5900 False 0.0 0.0 0
6000 True 0.0 0.02133345603942871 0
6100 True 0.0 0.021491289138793945 0
6200 True 0.0 0.021610736846923828 0
6300 False 0.0 0.0 0
6400 False 0.0 0.0 0
6500 False 0.0 0.0 0
6600 True 0.0 0.021617412567138672 0
6700 True 0.0 0.02159738540649414 0
6800 True 0.0 0.021693706512451172 0
6900 False 0.0 0.0 0
7000 False 0.0 0.0 0
7100 True 0.0 0.021758556365966797 0
7200 False 0.0 0.0 0
7300 False 0.0 0.0 0
7400 True 0.0 0.02154397964477539 0
7500 True 0.0 0.021767377853393555 0
7600 False 0.0 0.0 0
7700 True 0.0 0.02138376235961914 0
7800 True 0.0 0.02172565460205078 0
7900 False 0.0 0.0 0
8000 True 0.0 0.021524429321289062 0
8100 False 0.0 0.0 0
8200 False 0.0 0.0 0
8300 False 0.0 0.0 0
8400 False 0.0 0.0 0
8500 True 0.0 0.021680355072021484 0
8600 False 0.0 0.0 0
8700 True 0.0 0.02152085304260254 0
8800 True 0.0009765625 0.02179121971130371 0
8900 False 0.0 0.0 0
9000 True 0.0 0.021441936492919922 0
9100 False 0.0 0.0 0
9200 True 0.0 0.021463394165039062 0
9300 False 0.0 0.0 0
9400 False 0.0 0.0 0
9500 False 0.0 0.0 0
9600 True 0.0 0.02169346809387207 0
9700 True 0.0 0.021889925003051758 0
9800 False 0.0 0.0 0
9900 False 0.0 0.0 0
