0 True 0.0048828125 0.02352595329284668 0
100 False 0.0 0.0 0
200 False 0.0 0.0 0
300 True 0.013671875 0.021883726119995117 0
400 True 0.041015625 0.02175450325012207 0
500 False 0.0 0.0 0
600 True 0.005859375 0.021813154220581055 0
700 True 0.0029296875 0.02165699005126953 0
800 True 0.013671875 0.022349119186401367 0
900 False 0.0 0.0 0
1000 True 0.03125 0.021997451782226562 0
1100 False 0.0 0.0 0
1200 False 0.0 0.0 0
1300 True 0.017578125 0.022072553634643555 0
1400 True 0.0126953125 0.021769285202026367 0
1500 False 0.0 0.0 0
1600 False 0.0 0.0 0
1700 False 0.0 0.0 0
1800 False 0.0 0.0 0
1900 True 0.01953125 0.022966861724853516 0
2000 False 0.0 0.0 0
2100 False 0.0 0.0 0
2200 False 0.0 0.0 0
2300 True 0.0078125 0.022353649139404297 0
2400 True 0.046875 0.021655797958374023 0
2500 False 0.0 0.0 0
2600 True 0.0205078125 0.022711515426635742 0
2700 True 0.0224609375 0.021738767623901367 0
2800 False 0.0 0.0 0
2900 False 0.0 0.0 0
3000 True 0.0498046875 0.021519184112548828 0
3100 True 0.0087890625 0.022022247314453125 0
3200 False 0.0 0.0 0
3300 False 0.0 0.0 0
3400 False 0.0 0.0 0
3500 True 0.0029296875 0.021755695343017578 0
3600 False 0.0 0.0 0
3700 False 0.0 0.0 0
3800 True 0.0048828125 0.02170586585998535 0
3900 False 0.0 0.0 0
4000 False 0.0 0.0 0
4100 True 0.0361328125 0.022037744522094727 0
4200 False 0.0 0.0 0
4300 True 0.0283203125 0.021780967712402344 0
4400 False 0.0 0.0 0
4500 False 0.0 0.0 0
4600 False 0.0 0.0 0
4700 False 0.0 0.0 0
4800 True 0.0244140625 0.022075653076171875 0
4900 False 0.0 0.0 0
5000 True 0.0078125 0.02154827117919922 0
5100 True 0.0244140625 0.021673917770385742 0
5200 True 0.0234375 0.021570920944213867 0
5300 False 0.0 0.0 0
5400 True 0.0126953125 0.021577835083007812 0
5500 False 0.0 0.0 0
5600 False 0.0 0.0 0
5700 False 0.0 0.0 0
5800 False 0.0 0.0 0
5900 False 0.0 0.0 0
6000 True 0.0087890625 0.02234172821044922 0
6100 True 0.0224609375 0.02145981788635254 0
6200 False 0.0 0.0 0
6300 False 0.0 0.0 0
6400 False 0.0 0.0 0
6500 False 0.0 0.0 0
6600 True 0.044921875 0.021524906158447266 0
6700 False 0.0 0.0 0
6800 True 0.0234375 0.02173304557800293 0
6900 False 0.0 0.0 0
7000 False 0.0 0.0 0
7100 True 0.0126953125 0.021535634994506836 0
7200 False 0.0 0.0 0
7300 True 0.0 0.022091388702392578 0
7400 True 0.001953125 0.02205204963684082 0
7500 True 0.0087890625 0.021438121795654297 0
7600 False 0.0 0.0 0
7700 True 0.0263671875 0.021579980850219727 0
7800 True 0.0126953125 0.02166295051574707 0
7900 False 0.0 0.0 0
8000 True 0.02734375 0.022211551666259766 0
8100 False 0.0 0.0 0
8200 False 0.0 0.0 0
8300 False 0.0 0.0 0
8400 False 0.0 0.0 0
8500 False 0.0 0.0 0
8600 True 0.001953125 0.02161884307861328 0
8700 True 0.0087890625 0.0219728946685791 0
8800 True 0.0439453125 0.02158522605895996 0
8900 False 0.0 0.0 0
9000 True 0.01953125 0.021424293518066406 0
9100 False 0.0 0.0 0
9200 True 0.048828125 0.022508621215820312 0
9300 False 0.0 0.0 0
9400 False 0.0 0.0 0
9500 False 0.0 0.0 0
9600 True 0.025390625 0.02169632911682129 0
9700 True 0.025390625 0.02177906036376953 0
9800 False 0.0 0.0 0
9900 False 0.0 0.0 0
