0 True 0.0 0.022022247314453125 0
100 False 0.0 0.0 0
200 False 0.0 0.0 0
300 True 0.0 0.021288394927978516 0
400 True 0.0 0.02132725715637207 0
500 False 0.0 0.0 0
600 False 0.0 0.0 0
700 True 0.0 0.021292924880981445 0
800 False 0.0 0.0 0
900 False 0.0 0.0 0
1000 True 0.0 0.02122974395751953 0
1100 False 0.0 0.0 0
1200 True 0.0 0.021510839462280273 0
1300 False 0.0 0.0 0
1400 False 0.0 0.0 0
1500 True 0.0 0.021298646926879883 0
1600 False 0.0 0.0 0
1700 False 0.0 0.0 0
1800 False 0.0 0.0 0
1900 True 0.0 0.021322250366210938 0
2000 False 0.0 0.0 0
2100 False 0.0 0.0 0
2200 True 0.0009765625 0.02161121368408203 0
2300 True 0.0 0.021494626998901367 0
2400 True 0.0 0.02142047882080078 0
2500 False 0.0 0.0 0
2600 True 0.0 0.02159428596496582 0
2700 False 0.0 0.0 0
2800 True 0.0 0.021441936492919922 0
2900 False 0.0 0.0 0
3000 True 0.0 0.021290063858032227 0
3100 True 0.0 0.02161407470703125 0
3200 False 0.0 0.0 0
3300 False 0.0 0.0 0
3400 False 0.0 0.0 0
3500 True 0.0 0.02142810821533203 0
3600 False 0.0 0.0 0
3700 False 0.0 0.0 0
3800 True 0.0 0.021315336227416992 0
3900 True 0.0 0.021442890167236328 0
4000 False 0.0 0.0 0
4100 True 0.0 0.02148914337158203 0
4200 False 0.0 0.0 0
4300 True 0.0 0.021432161331176758 0
4400 False 0.0 0.0 0
4500 False 0.0 0.0 0
4600 True 0.0 0.021358966827392578 0
4700 False 0.0 0.0 0
4800 True 0.0 0.02143120765686035 0
4900 True 0.0 0.021462440490722656 0
5000 True 0.0 0.021387577056884766 0
5100 True 0.0 0.021232128143310547 0
5200 True 0.0 0.02142786979675293 0
5300 False 0.0 0.0 0
5400 True 0.0 0.021355628967285156 0
5500 False 0.0 0.0 0
5600 False 0.0 0.0 0
5700 True 0.0 0.021693706512451172 0
5800 False 0.0 0.0 0
5900 False 0.0 0.0 0
6000 True 0.0 0.02142500877380371 0
6100 True 0.0 0.02127218246459961 0
6200 False 0.0 0.0 0
6300 False 0.0 0.0 0
6400 False 0.0 0.0 0
6500 False 0.0 0.0 0
6600 True 0.0 0.021430492401123047 0
6700 True 0.0 0.021535396575927734 0
6800 True 0.0 0.02140641212463379 0
6900 False 0.0 0.0 0
7000 False 0.0 0.0 0
7100 False 0.0 0.0 0
7200 False 0.0 0.0 0
7300 True 0.0 0.021410703659057617 0
7400 True 0.0 0.021489381790161133 0
7500 False 0.0 0.0 0
7600 False 0.0 0.0 0
7700 True 0.0 0.02142810821533203 0
7800 True 0.0 0.02137160301208496 0
7900 False 0.0 0.0 0
8000 True 0.0 0.02148890495300293 0
8100 False 0.0 0.0 0
8200 False 0.0 0.0 0
8300 False 0.0 0.0 0
8400 False 0.0 0.0 0
8500 True 0.0 0.021518230438232422 0
8600 False 0.0 0.0 0
8700 True 0.0 0.021625757217407227 0
8800 True 0.0009765625 0.021424055099487305 0
8900 False 0.0 0.0 0
9000 True 0.0 0.021357059478759766 0
9100 False 0.0 0.0 0
9200 True 0.0 0.02127361297607422 0
9300 False 0.0 0.0 0
9400 True 0.0 0.02121877670288086 0
9500 False 0.0 0.0 0
9600 True 0.0 0.021198749542236328 0
9700 True 0.0 0.02140212059020996 0
9800 True 0.0 0.02155900001525879 0
9900 False 0.0 0.0 0
