0 True 0 0.013895273208618164 0
100 False 0 0.0 0
200 False 0 0.0 0
300 True 0 0.011010885238647461 0
400 True 0 0.01175379753112793 0
500 False 0 0.0 0
600 True 0 0.013746500015258789 0
700 True 0 0.012351274490356445 0
800 True 0 0.012706995010375977 0
900 False 0 0.0 0
1000 True 0 0.0125274658203125 0
1100 False 0 0.0 0
1200 False 0 0.0 0
1300 False 0 0.0 0
1400 True 0 0.012480497360229492 0
1500 False 0 0.0 0
1600 False 0 0.0 0
1700 False 0 0.0 0
1800 False 0 0.0 0
1900 True 0 0.011404037475585938 0
2000 False 0 0.0 0
2100 False 0 0.0 0
2200 True 0 0.010452032089233398 0
2300 False 0 0.0 0
2400 True 0 0.012131929397583008 0
2500 False 0 0.0 0
2600 True 0 0.011714696884155273 0
2700 False 0 0.0 0
2800 False 0 0.0 0
2900 False 0 0.0 0
3000 True 0 0.010665178298950195 0
3100 True 0 0.012008190155029297 0
3200 False 0 0.0 0
3300 False 0 0.0 0
3400 False 0 0.0 0
3500 True 0 0.01074528694152832 0
3600 False 0 0.0 0
3700 False 0 0.0 0
3800 True 0 0.011803388595581055 0
3900 False 0 0.0 0
4000 False 0 0.0 0
4100 True 0 0.010483503341674805 0
4200 True 0 0.012087106704711914 0
4300 True 0 0.012901544570922852 0
4400 False 0 0.0 0
4500 False 0 0.0 0
4600 False 0 0.0 0
4700 False 0 0.0 0
4800 True 0 0.013010978698730469 0
4900 False 0 0.0 0
5000 True 0 0.01029062271118164 0
5100 True 0 0.011117935180664062 0
5200 False 0 0.0 0
5300 False 0 0.0 0
5400 False 0 0.0 0
5500 True 0 0.011737823486328125 0
5600 False 0 0.0 0
5700 True 0 0.012589693069458008 0
5800 False 0 0.0 0
5900 False 0 0.0 0
6000 True 0 0.0124969482421875 0
6100 True 0 0.013302803039550781 0
6200 False 0 0.0 0
6300 False 0 0.0 0
6400 False 0 0.0 0
6500 False 0 0.0 0
6600 True 0 0.007599353790283203 0
6700 True 0 0.012493133544921875 0
6800 True 0 0.011397838592529297 0
6900 False 0 0.0 0
7000 False 0 0.0 0
7100 True 0 0.011955022811889648 0
7200 False 0 0.0 0
7300 False 0 0.0 0
7400 True 0 0.011913537979125977 0
7500 True 0 0.011952638626098633 0
7600 False 0 0.0 0
7700 True 0 0.011701822280883789 0
7800 True 0 0.012262344360351562 0
7900 False 0 0.0 0
8000 True 0 0.01191258430480957 0
8100 False 0 0.0 0
8200 False 0 0.0 0
8300 False 0 0.0 0
8400 False 0 0.0 0
8500 False 0 0.0 0
8600 False 0 0.0 0
8700 False 0 0.0 0
8800 True 0 0.012431621551513672 0
8900 False 0 0.0 0
9000 True 0 0.01019597053527832 0
9100 False 0 0.0 0
9200 True 0 0.010053873062133789 0
9300 True 0 0.010097980499267578 0
9400 True 0 0.01022481918334961 0
9500 True 0 0.0057299137115478516 0
9600 True 0 0.010304689407348633 0
9700 True 0 0.006087064743041992 0
9800 True 0 0.010713338851928711 0
9900 False 0 0.0 0
