0 True 0.0 0.025705814361572266 0
100 False 0.0 0.0 0
200 False 0.0 0.0 0
300 True 0.064453125 0.02538132667541504 0
400 True 0.166015625 0.025309324264526367 0
500 True 0.013671875 0.02602696418762207 0
600 False 0.0 0.0 0
700 True 0.015625 0.025112628936767578 0
800 True 0.05859375 0.025377511978149414 0
900 False 0.0 0.0 0
1000 True 0.080078125 0.025654315948486328 0
1100 False 0.0 0.0 0
1200 True 0.048828125 0.02568221092224121 0
1300 False 0.0 0.0 0
1400 True 0.037109375 0.025922775268554688 0
1500 False 0.0 0.0 0
1600 False 0.0 0.0 0
1700 False 0.0 0.0 0
1800 False 0.0 0.0 0
1900 True 0.08203125 0.026177406311035156 0
2000 False 0.0 0.0 0
2100 False 0.0 0.0 0
2200 True 0.14453125 0.025272369384765625 0
2300 False 0.0 0.0 0
2400 True 0.2080078125 0.02610015869140625 0
2500 False 0.0 0.0 0
2600 True 0.103515625 0.02662205696105957 0
2700 False 0.0 0.0 0
2800 False 0.0 0.0 0
2900 True 0.0546875 0.026325225830078125 0
3000 True 0.099609375 0.025415420532226562 0
3100 True 0.0771484375 0.02614617347717285 0
3200 False 0.0 0.0 0
3300 False 0.0 0.0 0
3400 True 0.0888671875 0.025490999221801758 0
3500 False 0.0 0.0 0
3600 False 0.0 0.0 0
3700 False 0.0 0.0 0
3800 True 0.00390625 0.02605915069580078 0
3900 False 0.0 0.0 0
4000 False 0.0 0.0 0
4100 True 0.13671875 0.02582693099975586 0
4200 False 0.0 0.0 0
4300 True 0.095703125 0.0263824462890625 0
4400 False 0.0 0.0 0
4500 False 0.0 0.0 0
4600 False 0.0 0.0 0
4700 False 0.0 0.0 0
4800 True 0.1015625 0.02498483657836914 0
4900 False 0.0 0.0 0
5000 True 0.005859375 0.02615666389465332 0
5100 True 0.0244140625 0.025368213653564453 0
5200 True 0.015625 0.02635812759399414 0
5300 False 0.0 0.0 0
5400 False 0.0 0.0 0
5500 False 0.0 0.0 0
5600 False 0.0 0.0 0
5700 True 0.0400390625 0.02533698081970215 0
5800 False 0.0 0.0 0
5900 False 0.0 0.0 0
6000 True 0.02734375 0.027111530303955078 0
6100 True 0.0380859375 0.025083541870117188 0
6200 False 0.0 0.0 0
6300 False 0.0 0.0 0
6400 True 0.005859375 0.026302576065063477 0
6500 False 0.0 0.0 0
6600 True 0.0732421875 0.02585577964782715 0
6700 False 0.0 0.0 0
6800 True 0.1396484375 0.026230573654174805 0
6900 True 0.017578125 0.024973630905151367 0
7000 False 0.0 0.0 0
7100 True 0.1181640625 0.02671051025390625 0
7200 False 0.0 0.0 0
7300 False 0.0 0.0 0
7400 False 0.0 0.0 0
7500 True 0.0341796875 0.024936676025390625 0
7600 True 0.005859375 0.02649235725402832 0
7700 True 0.1044921875 0.025321483612060547 0
7800 True 0.146484375 0.026648521423339844 0
7900 False 0.0 0.0 0
8000 True 0.0234375 0.025087833404541016 0
8100 False 0.0 0.0 0
8200 False 0.0 0.0 0
8300 False 0.0 0.0 0
8400 False 0.0 0.0 0
8500 False 0.0 0.0 0
8600 True 0.0498046875 0.026632308959960938 0
8700 True 0.09375 0.02565622329711914 0
8800 True 0.2607421875 0.026320934295654297 0
8900 False 0.0 0.0 0
9000 True 0.0576171875 0.025590896606445312 0
9100 False 0.0 0.0 0
9200 True 0.1142578125 0.026606082916259766 0
9300 True 0.0791015625 0.024824142456054688 0
9400 True 0.044921875 0.026642322540283203 0
9500 False 0.0 0.0 0
9600 True 0.1044921875 0.02488541603088379 0
9700 True 0.142578125 0.026633262634277344 0
9800 False 0.0 0.0 0
9900 False 0.0 0.0 0
