0 True 0 0.0037043094635009766 0
100 False 0 0.0 0
200 False 0 0.0 0
300 True 1 0.0030984878540039062 0
400 True 1 0.0034935474395751953 0
500 True 0 0.0031652450561523438 0
600 False 0 0.0 0
700 True 0 0.0034182071685791016 0
800 True 1 0.0031435489654541016 0
900 False 0 0.0 0
1000 True 1 0.0034160614013671875 0
1100 False 0 0.0 0
1200 True 1 0.0031061172485351562 0
1300 False 0 0.0 0
1400 True 1 0.0034012794494628906 0
1500 False 0 0.0 0
1600 False 0 0.0 0
1700 False 0 0.0 0
1800 False 0 0.0 0
1900 True 1 0.0031697750091552734 0
2000 False 0 0.0 0
2100 False 0 0.0 0
2200 True 1 0.0033826828002929688 0
2300 False 0 0.0 0
2400 True 1 0.0030486583709716797 0
2500 False 0 0.0 0
2600 True 1 0.003418445587158203 0
2700 False 0 0.0 0
2800 False 0 0.0 0
2900 True 1 0.0030281543731689453 0
3000 True 1 0.003550291061401367 0
3100 True 1 0.003405332565307617 0
3200 False 0 0.0 0
3300 False 0 0.0 0
3400 True 1 0.0033948421478271484 0
3500 False 0 0.0 0
3600 False 0 0.0 0
3700 False 0 0.0 0
3800 True 0 0.0031087398529052734 0
3900 False 0 0.0 0
4000 False 0 0.0 0
4100 True 1 0.0034265518188476562 0
4200 False 0 0.0 0
4300 True 1 0.0031180381774902344 0
4400 False 0 0.0 0
4500 False 0 0.0 0
4600 False 0 0.0 0
4700 False 0 0.0 0
4800 True 1 0.0033278465270996094 0
4900 False 0 0.0 0
5000 True 0 0.0029511451721191406 0
5100 True 0 0.0034477710723876953 0
5200 True 0 0.003141641616821289 0
5300 False 0 0.0 0
5400 False 0 0.0 0
5500 False 0 0.0 0
5600 False 0 0.0 0
5700 True 1 0.003296375274658203 0
5800 False 0 0.0 0
5900 False 0 0.0 0
6000 True 0 0.0032613277435302734 0
6100 True 1 0.0034368038177490234 0
6200 False 0 0.0 0
6300 False 0 0.0 0
6400 True 0 0.0029876232147216797 0
6500 False 0 0.0 0
6600 True 1 0.0032799243927001953 0
6700 False 0 0.0 0
6800 True 1 0.0030813217163085938 0
6900 True 0 0.003380298614501953 0
7000 False 0 0.0 0
7100 True 1 0.0030646324157714844 0
7200 False 0 0.0 0
7300 False 0 0.0 0
7400 False 0 0.0 0
7500 True 1 0.0035376548767089844 0
7600 True 0 0.003030061721801758 0
7700 True 1 0.0034003257751464844 0
7800 True 1 0.0030570030212402344 0
7900 False 0 0.0 0
8000 True 0 0.0034787654876708984 0
8100 False 0 0.0 0
8200 False 0 0.0 0
8300 False 0 0.0 0
8400 False 0 0.0 0
8500 False 0 0.0 0
8600 True 1 0.003214597702026367 0
8700 True 1 0.003535747528076172 0
8800 True 1 0.003129720687866211 0
8900 False 0 0.0 0
9000 True 1 0.0032224655151367188 0
9100 False 0 0.0 0
9200 True 1 0.0029747486114501953 0
9300 True 1 0.0035567283630371094 0
9400 True 1 0.003322124481201172 0
9500 False 0 0.0 0
9600 True 1 0.0033206939697265625 0
9700 True 1 0.003019094467163086 0
9800 False 0 0.0 0
9900 False 0 0.0 0
