0 True 0.0 0.1016087532043457 0
100 True 0.0 0.05607295036315918 0
200 False 0.0 0.0 0
300 True 0.0 0.09013152122497559 0
400 True 0.0 0.09153103828430176 0
500 False 0.0 0.0 0
600 False 0.0 0.0 0
700 True 0.0 0.08936142921447754 0
800 True 0.0 0.05433964729309082 0
900 False 0.0 0.0 0
1000 True 0.0 0.08764910697937012 0
1100 False 0.0 0.0 0
1200 True 0.0 0.08859848976135254 0
1300 False 0.0 0.0 0
1400 True 0.0 0.09235310554504395 0
1500 True 0.0 0.08872795104980469 0
1600 False 0.0 0.0 0
1700 False 0.0 0.0 0
1800 True 0.0 0.08633589744567871 0
1900 True 0.0 0.09681272506713867 0
2000 False 0.0 0.0 0
2100 True 0.0 0.09435439109802246 0
2200 True 0.0 0.09488463401794434 0
2300 False 0.0 0.0 0
2400 True 0.0 0.09272503852844238 0
2500 True 0.0 0.09571123123168945 0
2600 True 0.0 0.09200739860534668 0
2700 True 0.0 0.09856486320495605 0
2800 True 0.0 0.09749221801757812 0
2900 False 0.0 0.0 0
3000 True 0.0 0.09731936454772949 0
3100 True 0.0 0.05237531661987305 0
3200 True 0.0 0.09277534484863281 0
3300 True 0.0 0.09553790092468262 0
3400 False 0.0 0.0 0
3500 True 0.0 0.09810256958007812 0
3600 False 0.0 0.0 0
3700 False 0.0 0.0 0
3800 True 0.0 0.0963129997253418 0
3900 False 0.0 0.0 0
4000 False 0.0 0.0 0
4100 True 0.0 0.08431148529052734 0
4200 False 0.0 0.0 0
4300 True 0.0 0.08428955078125 0
4400 False 0.0 0.0 0
4500 True 0.0 0.08452129364013672 0
4600 False 0.0 0.0 0
4700 False 0.0 0.0 0
4800 True 0.0 0.0870201587677002 0
4900 True 0.0 0.08339428901672363 0
5000 True 0.0 0.08726286888122559 0
5100 False 0.0 0.0 0
5200 True 0.0 0.04637265205383301 0
5300 False 0.0 0.0 0
5400 False 0.0 0.0 0
5500 False 0.0 0.0 0
5600 True 0.0 0.04589104652404785 0
5700 True 0.0 0.10314249992370605 0
5800 False 0.0 0.0 0
5900 False 0.0 0.0 0
6000 True 0.0 0.10065102577209473 0
6100 True 0.0 0.09840250015258789 0
6200 False 0.0 0.0 0
6300 True 0.0 0.09628772735595703 0
6400 False 0.0 0.0 0
6500 False 0.0 0.0 0
6600 True 0.0 0.09619450569152832 0
6700 True 0.0 0.09548735618591309 0
6800 True 0.0 0.09612393379211426 0
6900 False 0.0 0.0 0
7000 False 0.0 0.0 0
7100 False 0.0 0.0 0
7200 False 0.0 0.0 0
7300 False 0.0 0.0 0
7400 True 0.0 0.09924983978271484 0
7500 True 0.0 0.09600520133972168 0
7600 False 0.0 0.0 0
7700 True 0.0 0.09132981300354004 0
7800 True 0.0 0.09523868560791016 0
7900 False 0.0 0.0 0
8000 True 0.0 0.053893327713012695 0
8100 False 0.0 0.0 0
8200 False 0.0 0.0 0
8300 False 0.0 0.0 0
8400 False 0.0 0.0 0
8500 True 0.0 0.09226775169372559 0
8600 False 0.0 0.0 0
8700 True 0.0 0.09809112548828125 0
8800 True 0.0 0.09816336631774902 0
8900 True 0.0 0.09722232818603516 0
9000 True 0.0 0.09442925453186035 0
9100 False 0.0 0.0 0
9200 True 0.0 0.0966336727142334 0
9300 True 0.0 0.09389448165893555 0
9400 True 0.0 0.09581398963928223 0
9500 True 0.0 0.08909869194030762 0
9600 True 0.0 0.09598612785339355 0
9700 True 0.0 0.09724974632263184 0
9800 True 0.0 0.09087085723876953 0
9900 False 0.0 0.0 0
