0 False 0 0.0 0
100 False 0 0.0 0
200 False 0 0.0 0
300 True 0 0.01477360725402832 0
400 True 0 0.011889934539794922 0
500 False 0 0.0 0
600 True 0 0.014516353607177734 0
700 True 0 0.010977029800415039 0
800 True 0 0.012414932250976562 0
900 False 0 0.0 0
1000 True 0 0.011867046356201172 0
1100 False 0 0.0 0
1200 True 0 0.010967493057250977 0
1300 False 0 0.0 0
1400 True 0 0.014154672622680664 0
1500 True 0 0.015619039535522461 0
1600 False 0 0.0 0
1700 False 0 0.0 0
1800 False 0 0.0 0
1900 True 0 0.021157026290893555 0
2000 False 0 0.0 0
2100 False 0 0.0 0
2200 True 0 0.01986861228942871 0
2300 False 0 0.0 0
2400 True 0 0.022179603576660156 0
2500 False 0 0.0 0
2600 True 0 0.021209239959716797 0
2700 True 0 0.021795988082885742 0
2800 False 0 0.0 0
2900 False 0 0.0 0
3000 True 0 0.021294116973876953 0
3100 True 0 0.023563385009765625 0
3200 False 0 0.0 0
3300 True 0 0.020674467086791992 0
3400 False 0 0.0 0
3500 True 0 0.020270824432373047 0
3600 False 0 0.0 0
3700 False 0 0.0 0
3800 True 0 0.020607471466064453 0
3900 False 0 0.0 0
4000 False 0 0.0 0
4100 True 0 0.019671916961669922 0
4200 False 0 0.0 0
4300 True 0 0.022395849227905273 0
4400 False 0 0.0 0
4500 False 0 0.0 0
4600 False 0 0.0 0
4700 False 0 0.0 0
4800 True 0 0.018580913543701172 0
4900 False 0 0.0 0
5000 True 0 0.020615577697753906 0
5100 True 0 0.020499229431152344 0
5200 True 0 0.022469520568847656 0
5300 False 0 0.0 0
5400 True 0 0.02099323272705078 0
5500 True 0 0.02106475830078125 0
5600 False 0 0.0 0
5700 True 0 0.02054429054260254 0
5800 False 0 0.0 0
5900 True 0 0.02034592628479004 0
6000 True 0 0.020090818405151367 0
6100 True 0 0.02128434181213379 0
6200 False 0 0.0 0
6300 True 0 0.021350860595703125 0
6400 False 0 0.0 0
6500 False 0 0.0 0
6600 True 0 0.01934051513671875 0
6700 True 0 0.019757747650146484 0
6800 True 0 0.02170705795288086 0
6900 False 0 0.0 0
7000 False 0 0.0 0
7100 True 0 0.02039790153503418 0
7200 False 0 0.0 0
7300 False 0 0.0 0
7400 True 0 0.019900798797607422 0
7500 True 0 0.02044224739074707 0
7600 False 0 0.0 0
7700 True 0 0.02093052864074707 0
7800 True 0 0.02029109001159668 0
7900 False 0 0.0 0
8000 True 0 0.02011585235595703 0
8100 True 0 0.020504474639892578 0
8200 False 0 0.0 0
8300 False 0 0.0 0
8400 False 0 0.0 0
8500 True 0 0.01994776725769043 0
8600 True 0 0.021531105041503906 0
8700 False 0 0.0 0
8800 True 0 0.02045273780822754 0
8900 False 0 0.0 0
9000 True 0 0.021294355392456055 0
9100 False 0 0.0 0
9200 True 0 0.0204775333404541 0
9300 True 0 0.020615339279174805 0
9400 True 0 0.020096778869628906 0
9500 True 0 0.021164894104003906 0
9600 True 0 0.020622968673706055 0
9700 True 0 0.02094554901123047 0
9800 True 0 0.020784616470336914 0
9900 False 0 0.0 0
