0 True 0 0.018558979034423828 0
100 False 0 0.0 0
200 True 0 0.014751434326171875 0
300 True 0 0.015497684478759766 0
400 True 0 0.01540517807006836 0
500 False 0 0.0 0
600 True 0 0.016617298126220703 0
700 True 0 0.016766071319580078 0
800 True 0 0.016152143478393555 0
900 True 0 0.017949581146240234 0
1000 True 0 0.017128705978393555 0
1100 False 0 0.0 0
1200 True 0 0.015466451644897461 0
1300 True 0 0.01574397087097168 0
1400 False 0 0.0 0
1500 True 0 0.015811443328857422 0
1600 False 0 0.0 0
1700 False 0 0.0 0
1800 True 0 0.015495538711547852 0
1900 True 0 0.017047405242919922 0
2000 True 0 0.01638960838317871 0
2100 False 0 0.0 0
2200 True 0 0.015998363494873047 0
2300 False 0 0.0 0
2400 True 0 0.015485525131225586 0
2500 True 0 0.014883756637573242 0
2600 True 0 0.015813350677490234 0
2700 True 0 0.01599574089050293 0
2800 True 0 0.016634702682495117 0
2900 False 0 0.0 0
3000 True 0 0.015534162521362305 0
3100 True 0 0.015404224395751953 0
3200 True 0 0.016466140747070312 0
3300 True 0 0.015239715576171875 0
3400 False 0 0.0 0
3500 True 0 0.01702737808227539 0
3600 False 0 0.0 0
3700 True 0 0.016378164291381836 0
3800 True 0 0.01632547378540039 0
3900 False 0 0.0 0
4000 False 0 0.0 0
4100 True 0 0.014121055603027344 0
4200 False 0 0.0 0
4300 True 0 0.016078948974609375 0
4400 False 0 0.0 0
4500 False 0 0.0 0
4600 True 0 0.0165712833404541 0
4700 False 0 0.0 0
4800 True 0 0.01695704460144043 0
4900 True 0 0.016251087188720703 0
5000 True 0 0.016146183013916016 0
5100 True 0 0.01588606834411621 0
5200 True 0 0.01714634895324707 0
5300 True 0 0.015188932418823242 0
5400 True 0 0.015452861785888672 0
5500 False 0 0.0 0
5600 True 0 0.017522335052490234 0
5700 True 0 0.016971349716186523 0
5800 False 0 0.0 0
5900 False 0 0.0 0
6000 True 0 0.015255451202392578 0
6100 True 0 0.016066789627075195 0
6200 False 0 0.0 0
6300 True 0 0.0174410343170166 0
6400 False 0 0.0 0
6500 False 0 0.0 0
6600 True 0 0.016054630279541016 0
6700 True 0 0.015876054763793945 0
6800 True 0 0.016417503356933594 0
6900 True 0 0.01611495018005371 0
7000 False 0 0.0 0
7100 False 0 0.0 0
7200 True 0 0.016781091690063477 0
7300 False 0 0.0 0
7400 True 0 0.01514291763305664 0
7500 True 0 0.01574540138244629 0
7600 False 0 0.0 0
7700 True 0 0.017024517059326172 0
7800 True 0 0.016249895095825195 0
7900 True 0 0.01495361328125 0
8000 True 0 0.016321659088134766 0
8100 False 0 0.0 0
8200 False 0 0.0 0
8300 False 0 0.0 0
8400 True 0 0.0167086124420166 0
8500 True 0 0.015675783157348633 0
8600 False 0 0.0 0
8700 True 0 0.015887022018432617 0
8800 True 0 0.016882896423339844 0
8900 True 0 0.017378807067871094 0
9000 True 0 0.01647043228149414 0
9100 True 0 0.01670527458190918 0
9200 True 0 0.016198396682739258 0
9300 False 0 0.0 0
9400 True 0 0.016562461853027344 0
9500 True 0 0.017257213592529297 0
9600 True 0 0.015822887420654297 0
9700 True 0 0.015642166137695312 0
9800 True 0 0.015413045883178711 0
9900 True 0 0.016119718551635742 0
