0 True 0.0 0.06871223449707031 0
100 False 0.0 0.0 0
200 True 0.0 0.0739431381225586 0
300 True 0.0 0.08647847175598145 0
400 True 0.0 0.05306363105773926 0
500 False 0.0 0.0 0
600 True 0.0 0.05065584182739258 0
700 True 0.0 0.10597443580627441 0
800 True 0.0 0.062253475189208984 0
900 False 0.0 0.0 0
1000 True 0.0 0.04923868179321289 0
1100 False 0.0 0.0 0
1200 True 0.0 0.051025390625 0
1300 False 0.0 0.0 0
1400 True 0.0 0.047803640365600586 0
1500 True 0.0 0.07639217376708984 0
1600 False 0.0 0.0 0
1700 True 0.0 0.0485076904296875 0
1800 True 0.0 0.07727336883544922 0
1900 True 0.0 0.04911541938781738 0
2000 True 0.0 0.04844164848327637 0
2100 True 0.0 0.07333016395568848 0
2200 True 0.0 0.047704458236694336 0
2300 True 0.0 0.047796010971069336 0
2400 True 0.0 0.057741403579711914 0
2500 False 0.0 0.0 0
2600 True 0.0 0.05402088165283203 0
2700 False 0.0 0.0 0
2800 False 0.0 0.0 0
2900 False 0.0 0.0 0
3000 True 0.0 0.06725645065307617 0
3100 True 0.0 0.05596923828125 0
3200 False 0.0 0.0 0
3300 True 0.0 0.09046125411987305 0
3400 False 0.0 0.0 0
3500 True 0.0 0.07286310195922852 0
3600 False 0.0 0.0 0
3700 True 0.0 0.04879164695739746 0
3800 True 0.0 0.0519413948059082 0
3900 False 0.0 0.0 0
4000 False 0.0 0.0 0
4100 True 0.0 0.07375669479370117 0
4200 False 0.0 0.0 0
4300 True 0.0 0.05152106285095215 0
4400 False 0.0 0.0 0
4500 True 0.0 0.05724453926086426 0
4600 False 0.0 0.0 0
4700 True 0.0 0.07285714149475098 0
4800 True 0.0 0.06890583038330078 0
4900 False 0.0 0.0 0
5000 True 0.0 0.05303239822387695 0
5100 True 0.0 0.10159158706665039 0
5200 True 0.0 0.07949542999267578 0
5300 True 0.0 0.05001544952392578 0
5400 True 0.0 0.10643792152404785 0
5500 True 0.0 0.04940009117126465 0
5600 True 0.0 0.05033993721008301 0
5700 False 0.0 0.0 0
5800 True 0.0 0.12307333946228027 0
5900 False 0.0 0.0 0
6000 True 0.0 0.048293113708496094 0
6100 True 0.0 0.04979276657104492 0
6200 True 0.0 0.07358813285827637 0
6300 True 0.0 0.07485032081604004 0
6400 True 0.0 0.07056069374084473 0
6500 False 0.0 0.0 0
6600 True 0.0 0.04736065864562988 0
6700 True 0.0 0.04848456382751465 0
6800 True 0.0 0.06197786331176758 0
6900 True 0.0 0.047853708267211914 0
7000 False 0.0 0.0 0
7100 False 0.0 0.0 0
7200 False 0.0 0.0 0
7300 False 0.0 0.0 0
7400 True 0.0 0.06207990646362305 0
7500 True 0.0 0.048084259033203125 0
7600 False 0.0 0.0 0
7700 True 0.0 0.062293291091918945 0
7800 True 0.0 0.049944400787353516 0
7900 False 0.0 0.0 0
8000 True 0.0 0.05805540084838867 0
8100 False 0.0 0.0 0
8200 False 0.0 0.0 0
8300 False 0.0 0.0 0
8400 True 0.0 0.06734156608581543 0
8500 True 0.0 0.07340359687805176 0
8600 True 0.0 0.05840897560119629 0
8700 False 0.0 0.0 0
8800 True 0.0 0.04890322685241699 0
8900 False 0.0 0.0 0
9000 True 0.0 0.049727439880371094 0
9100 False 0.0 0.0 0
9200 True 0.0 0.04707455635070801 0
9300 True 0.0 0.04903912544250488 0
9400 True 0.0 0.04819846153259277 0
9500 True 0.0 0.08305072784423828 0
9600 True 0.0 0.06526732444763184 0
9700 True 0.0 0.054009437561035156 0
9800 True 0.0 0.050567626953125 0
9900 True 0.0 0.10568022727966309 0
