0 True 0.0 0.10814189910888672 0
100 True 0.0 0.06973004341125488 0
200 True 0.0 0.05787372589111328 0
300 True 0.0 0.08296799659729004 0
400 True 0.0 0.049121856689453125 0
500 True 0.0 0.0869746208190918 0
600 True 0.0 0.06196093559265137 0
700 True 0.0 0.054563045501708984 0
800 True 0.0 0.05103111267089844 0
900 False 0.0 0.0 0
1000 True 0.0 0.04777932167053223 0
1100 True 0.0 0.05702996253967285 0
1200 True 0.0 0.0510711669921875 0
1300 False 0.0 0.0 0
1400 False 0.0 0.0 0
1500 True 0.0 0.04956197738647461 0
1600 True 0.0 0.07173824310302734 0
1700 True 0.0 0.04953479766845703 0
1800 True 0.0 0.10512161254882812 0
1900 True 0.0 0.04718971252441406 0
2000 True 0.0 0.048998117446899414 0
2100 True 0.0 0.062349557876586914 0
2200 True 0.0 0.04824399948120117 0
2300 False 0.0 0.0 0
2400 True 0.0 0.05641961097717285 0
2500 False 0.0 0.0 0
2600 True 0.0 0.05108952522277832 0
2700 True 0.0 0.0485231876373291 0
2800 True 0.0 0.05093979835510254 0
2900 False 0.0 0.0 0
3000 True 0.0 0.06408548355102539 0
3100 True 0.0 0.04871630668640137 0
3200 True 0.0 0.06976795196533203 0
3300 True 0.0 0.05675959587097168 0
3400 False 0.0 0.0 0
3500 True 0.0 0.06868457794189453 0
3600 False 0.0 0.0 0
3700 True 0.0 0.054901123046875 0
3800 True 0.0 0.04842782020568848 0
3900 False 0.0 0.0 0
4000 False 0.0 0.0 0
4100 True 0.0 0.048584699630737305 0
4200 True 0.0 0.08682680130004883 0
4300 True 0.0 0.05954337120056152 0
4400 True 0.0 0.0562281608581543 0
4500 True 0.0 0.06290173530578613 0
4600 True 0.0 0.07924914360046387 0
4700 True 0.0 0.06723952293395996 0
4800 True 0.0 0.10658073425292969 0
4900 True 0.0 0.056578636169433594 0
5000 True 0.0 0.08574604988098145 0
5100 True 0.0 0.057713985443115234 0
5200 True 0.0 0.04898214340209961 0
5300 True 0.0 0.0731654167175293 0
5400 True 0.0 0.05007314682006836 0
5500 True 0.0 0.06963849067687988 0
5600 True 0.0 0.06763553619384766 0
5700 False 0.0 0.0 0
5800 True 0.0 0.048813581466674805 0
5900 False 0.0 0.0 0
6000 True 0.0 0.08055305480957031 0
6100 True 0.0 0.050353288650512695 0
6200 True 0.0 0.04952359199523926 0
6300 True 0.0 0.11111831665039062 0
6400 True 0.0 0.04904747009277344 0
6500 True 0.0 0.0474238395690918 0
6600 True 0.0 0.0703270435333252 0
6700 True 0.0 0.04999089241027832 0
6800 True 0.0 0.06344461441040039 0
6900 True 0.0 0.07235932350158691 0
7000 False 0.0 0.0 0
7100 False 0.0 0.0 0
7200 True 0.0 0.049560546875 0
7300 False 0.0 0.0 0
7400 True 0.0 0.04740715026855469 0
7500 True 0.0 0.04871225357055664 0
7600 False 0.0 0.0 0
7700 True 0.0 0.04967164993286133 0
7800 True 0.0 0.07826972007751465 0
7900 True 0.0 0.04950594902038574 0
8000 True 0.0 0.04933738708496094 0
8100 True 0.0 0.061853647232055664 0
8200 False 0.0 0.0 0
8300 False 0.0 0.0 0
8400 True 0.0 0.04882049560546875 0
8500 True 0.0 0.049779653549194336 0
8600 True 0.0 0.05956244468688965 0
8700 True 0.0 0.051854848861694336 0
8800 True 0.0 0.07744169235229492 0
8900 True 0.0 0.0546572208404541 0
9000 True 0.0 0.048119306564331055 0
9100 True 0.0 0.08194136619567871 0
9200 True 0.0 0.04737496376037598 0
9300 False 0.0 0.0 0
9400 True 0.0 0.06258225440979004 0
9500 True 0.0 0.04911375045776367 0
9600 True 0.0 0.050048112869262695 0
9700 True 0.0 0.05061674118041992 0
9800 True 0.0 0.08303976058959961 0
9900 True 0.0 0.05022406578063965 0
