0 True 0 0.003316640853881836 0
100 True 0 0.0029685497283935547 0
200 True 0 0.0028264522552490234 0
300 True 0 0.002666950225830078 0
400 True 0 0.002312898635864258 0
500 True 0 0.003409147262573242 0
600 True 0 0.0024781227111816406 0
700 True 0 0.0026559829711914062 0
800 True 0 0.0031096935272216797 0
900 True 0 0.002701282501220703 0
1000 True 0 0.0035185813903808594 0
1100 True 0 0.0031740665435791016 0
1200 True 0 0.002139568328857422 0
1300 True 0 0.0023882389068603516 0
1400 True 0 0.002287149429321289 0
1500 True 0 0.0025548934936523438 0
1600 True 0 0.0021321773529052734 0
1700 True 0 0.0027811527252197266 0
1800 True 0 0.0031845569610595703 0
1900 True 0 0.002816438674926758 0
2000 True 0 0.0030155181884765625 0
2100 True 0 0.00226593017578125 0
2200 True 0 0.003999471664428711 0
2300 True 0 0.002513408660888672 0
2400 True 0 0.002992391586303711 0
2500 True 0 0.002793550491333008 0
2600 True 0 0.002359151840209961 0
2700 True 0 0.002443075180053711 0
2800 True 0 0.0025398731231689453 0
2900 True 0 0.002791881561279297 0
3000 True 0 0.0028638839721679688 0
3100 True 0 0.0030548572540283203 0
3200 True 0 0.0026655197143554688 0
3300 True 0 0.0021419525146484375 0
3400 True 0 0.002597332000732422 0
3500 True 0 0.0022394657135009766 0
3600 True 0 0.0023679733276367188 0
3700 True 0 0.0023915767669677734 0
3800 True 0 0.0027806758880615234 0
3900 True 0 0.002988576889038086 0
4000 True 0 0.002652883529663086 0
4100 True 0 0.003015756607055664 0
4200 True 0 0.002672433853149414 0
4300 True 0 0.002955913543701172 0
4400 True 0 0.0028378963470458984 0
4500 True 0 0.0027735233306884766 0
4600 True 0 0.00299072265625 0
4700 True 0 0.0029401779174804688 0
4800 True 0 0.0031185150146484375 0
4900 True 0 0.0027730464935302734 0
5000 True 0 0.002760648727416992 0
5100 True 0 0.003058195114135742 0
5200 True 0 0.002685546875 0
5300 True 0 0.0027115345001220703 0
5400 True 0 0.002928018569946289 0
5500 True 0 0.0028421878814697266 0
5600 True 0 0.002959728240966797 0
5700 True 0 0.002283334732055664 0
5800 True 0 0.0028350353240966797 0
5900 True 0 0.0022318363189697266 0
6000 True 0 0.002097606658935547 0
6100 True 0 0.0023577213287353516 0
6200 True 0 0.0027730464935302734 0
6300 True 0 0.0021169185638427734 0
6400 True 0 0.002748250961303711 0
6500 True 0 0.002393007278442383 0
6600 True 0 0.002336263656616211 0
6700 True 0 0.0021033287048339844 0
6800 True 0 0.0022640228271484375 0
6900 True 0 0.0024232864379882812 0
7000 True 0 0.0024116039276123047 0
7100 True 0 0.002790689468383789 0
7200 True 0 0.0028874874114990234 0
7300 True 0 0.0029463768005371094 0
7400 True 0 0.0028350353240966797 0
7500 True 0 0.0034193992614746094 0
7600 True 0 0.002526998519897461 0
7700 True 0 0.002859830856323242 0
7800 True 0 0.002921581268310547 0
7900 True 0 0.0030095577239990234 0
8000 True 0 0.002880096435546875 0
8100 True 0 0.0028769969940185547 0
8200 True 0 0.0028138160705566406 0
8300 True 0 0.0025548934936523438 0
8400 True 0 0.00237274169921875 0
8500 True 0 0.0031495094299316406 0
8600 True 0 0.003541231155395508 0
8700 True 0 0.0028922557830810547 0
8800 True 0 0.0028350353240966797 0
8900 True 0 0.002723217010498047 0
9000 True 0 0.002953052520751953 0
9100 True 0 0.002932310104370117 0
9200 True 0 0.0032949447631835938 0
9300 True 0 0.003022909164428711 0
9400 True 0 0.0027627944946289062 0
9500 True 0 0.0030410289764404297 0
9600 True 0 0.0027976036071777344 0
9700 True 0 0.002887725830078125 0
9800 True 0 0.002337932586669922 0
9900 True 0 0.0024285316467285156 0
