0 True 0 0.0030357837677001953 0
100 True 0 0.002349853515625 0
200 True 0 0.002386808395385742 0
300 True 0 0.0025336742401123047 0
400 True 0 0.002421855926513672 0
500 True 0 0.0023844242095947266 0
600 True 0 0.0021910667419433594 0
700 True 0 0.0021915435791015625 0
800 True 0 0.0022058486938476562 0
900 False 0 0.0 0
1000 True 0 0.002851247787475586 0
1100 True 0 0.0032792091369628906 0
1200 True 0 0.0032548904418945312 0
1300 True 0 0.0034754276275634766 0
1400 True 0 0.0035352706909179688 0
1500 True 0 0.003214120864868164 0
1600 True 0 0.0031790733337402344 0
1700 True 0 0.002869129180908203 0
1800 True 0 0.0031731128692626953 0
1900 True 0 0.0029954910278320312 0
2000 True 0 0.002799510955810547 0
2100 True 0 0.0029036998748779297 0
2200 True 0 0.0028629302978515625 0
2300 True 0 0.00289154052734375 0
2400 True 0 0.0029506683349609375 0
2500 True 0 0.002838611602783203 0
2600 True 0 0.0031948089599609375 0
2700 True 0 0.0028281211853027344 0
2800 True 0 0.002850055694580078 0
2900 True 0 0.0030469894409179688 0
3000 True 0 0.003084421157836914 0
3100 True 0 0.003204345703125 0
3200 True 0 0.003143787384033203 0
3300 True 0 0.0029783248901367188 0
3400 True 0 0.0029871463775634766 0
3500 True 0 0.0029337406158447266 0
3600 True 0 0.0028848648071289062 0
3700 True 0 0.002928495407104492 0
3800 True 0 0.0026941299438476562 0
3900 True 0 0.003232717514038086 0
4000 True 0 0.0032334327697753906 0
4100 True 0 0.0036780834197998047 0
4200 True 0 0.007418632507324219 0
4300 True 0 0.0032744407653808594 0
4400 True 0 0.0032248497009277344 0
4500 True 0 0.0021979808807373047 0
4600 True 0 0.0028362274169921875 0
4700 True 0 0.0031385421752929688 0
4800 True 0 0.0030481815338134766 0
4900 True 0 0.0027990341186523438 0
5000 True 0 0.0029714107513427734 0
5100 True 0 0.003144979476928711 0
5200 True 0 0.003183126449584961 0
5300 True 0 0.0031003952026367188 0
5400 True 0 0.002688169479370117 0
5500 True 0 0.0031414031982421875 0
5600 True 0 0.0027170181274414062 0
5700 True 0 0.003106355667114258 0
5800 True 0 0.0032510757446289062 0
5900 True 0 0.0032873153686523438 0
6000 True 0 0.0033431053161621094 0
6100 True 0 0.003328084945678711 0
6200 True 0 0.00328826904296875 0
6300 True 0 0.0030295848846435547 0
6400 True 0 0.002880096435546875 0
6500 True 0 0.003298044204711914 0
6600 True 0 0.0030641555786132812 0
6700 True 0 0.0029401779174804688 0
6800 True 0 0.00308990478515625 0
6900 True 0 0.003090381622314453 0
7000 True 0 0.003199338912963867 0
7100 True 0 0.0032486915588378906 0
7200 True 0 0.003091096878051758 0
7300 True 0 0.002872943878173828 0
7400 True 0 0.003240346908569336 0
7500 True 0 0.003183603286743164 0
7600 True 0 0.003198862075805664 0
7700 True 0 0.0028841495513916016 0
7800 True 0 0.003180980682373047 0
7900 True 0 0.0029878616333007812 0
8000 True 0 0.003033876419067383 0
8100 True 0 0.004451751708984375 0
8200 True 0 0.003345012664794922 0
8300 True 0 0.0036420822143554688 0
8400 True 0 0.003099679946899414 0
8500 True 0 0.003142118453979492 0
8600 True 0 0.0030469894409179688 0
8700 True 0 0.002948760986328125 0
8800 True 0 0.0029480457305908203 0
8900 True 0 0.003021717071533203 0
9000 True 0 0.0025014877319335938 0
9100 True 0 0.0030777454376220703 0
9200 True 0 0.003117799758911133 0
9300 True 0 0.003049612045288086 0
9400 True 0 0.0029883384704589844 0
9500 True 0 0.0028982162475585938 0
9600 True 0 0.002911806106567383 0
9700 True 0 0.002896547317504883 0
9800 True 0 0.0028181076049804688 0
9900 True 0 0.003276824951171875 0
