0 True 0.02715425686791635 0.005295753479003906 0
100 True 0.025939578575529112 0.003517627716064453 0
200 True 0.013831504763256758 0.0025594234466552734 0
300 True 0.017027970424005955 0.0023856163024902344 0
400 True 0.008045606961553953 0.002862215042114258 0
500 True 0.023914273138388953 0.0032160282135009766 0
600 True 0.023339720427161724 0.003436565399169922 0
700 True 0.01702221516339769 0.0029671192169189453 0
800 True 0.01354302765704271 0.002272367477416992 0
900 False 0.0 0.0 0
1000 True 0.01410517524368149 0.0025453567504882812 0
1100 True 0.024873392445968333 0.0027618408203125 0
1200 True 0.009689877192971838 0.002324342727661133 0
1300 True 0.034177040845000735 0.0026891231536865234 0
1400 True 0.016488640071246907 0.0025420188903808594 0
1500 True 0.0045162923038937685 0.0030126571655273438 0
1600 True 0.020840693841997916 0.002867460250854492 0
1700 True 0.019175879336748934 0.003534078598022461 0
1800 True 0.012580207076354197 0.0034942626953125 0
1900 True 0.0127235416343752 0.0037865638732910156 0
2000 True 0.016744773591779775 0.002886533737182617 0
2100 True 0.023804213113189875 0.0025908946990966797 0
2200 True 0.018946179827691253 0.003660440444946289 0
2300 True 0.027307448946193708 0.0022721290588378906 0
2400 True 0.014636929767104862 0.0024230480194091797 0
2500 True 0.017405685681327082 0.002420663833618164 0
2600 True 0.017994745087362606 0.0024182796478271484 0
2700 True 0.013380975568079224 0.0025496482849121094 0
2800 True 0.016096346976161087 0.0024442672729492188 0
2900 True 0.010742820859835755 0.002321004867553711 0
3000 True 0.01275936049338852 0.003159761428833008 0
3100 True 0.016936643298310395 0.003323078155517578 0
3200 True 0.018906422708611578 0.0025746822357177734 0
3300 True 0.01999763451598594 0.0028853416442871094 0
3400 True 0.03418085595876121 0.003315448760986328 0
3500 True 0.032287214997463544 0.0031251907348632812 0
3600 True 0.010333239864147059 0.003377199172973633 0
3700 True 0.02350270039864682 0.003216266632080078 0
3800 True 0.013466168978016654 0.0033779144287109375 0
3900 True 0.018156402402549017 0.0024902820587158203 0
4000 True 0.014190805469105398 0.0032033920288085938 0
4100 True 0.008043682152078256 0.003329753875732422 0
4200 True 0.029852326614906093 0.002631664276123047 0
4300 True 0.005264316183561549 0.002362489700317383 0
4400 True 0.01673497681806877 0.002579212188720703 0
4500 True 0.0014081301357849504 0.0024836063385009766 0
4600 True 0.042772745307376174 0.0031898021697998047 0
4700 True 0.019426113256940564 0.0027735233306884766 0
4800 True 0.029457161598461377 0.003041505813598633 0
4900 True 0.020965935221996 0.0030975341796875 0
5000 True 0.030285807167543755 0.002882719039916992 0
5100 True 0.015141980318240052 0.0031485557556152344 0
5200 True 0.029142573230511202 0.002989530563354492 0
5300 True 0.01854307864153479 0.002978086471557617 0
5400 True 0.025569461532358236 0.0029985904693603516 0
5500 True 0.02390346466131246 0.0027611255645751953 0
5600 True 0.006287628937441746 0.002814054489135742 0
5700 True 0.02633768506494479 0.002727031707763672 0
5800 True 0.012088865798947116 0.003318309783935547 0
5900 True 0.030941840994985717 0.0032253265380859375 0
6000 True 0.02158636780345115 0.003186464309692383 0
6100 True 0.027213647957158225 0.0031943321228027344 0
6200 True 0.02134024279972833 0.003439188003540039 0
6300 True 0.03135579541465322 0.00315093994140625 0
6400 True 0.005874239100039043 0.003281831741333008 0
6500 True 0.026994964181969557 0.0032227039337158203 0
6600 True 0.04717182724014622 0.003004312515258789 0
6700 True 0.023125498004116198 0.002767324447631836 0
6800 True 0.022945245665205765 0.0032758712768554688 0
6900 True 0.01861637375153959 0.0026679039001464844 0
7000 True 0.023173763050498064 0.0029616355895996094 0
7100 True 0.022580402137293048 0.002582073211669922 0
7200 True 0.011081208619041175 0.0028765201568603516 0
7300 True 0.016817952168837302 0.002711057662963867 0
7400 True 0.030897954751831238 0.0028836727142333984 0
7500 True 0.02490072967926744 0.0028815269470214844 0
7600 True 0.022891831164087162 0.0025854110717773438 0
7700 True 0.018976466591469943 0.0028095245361328125 0
7800 True 0.00605494745224526 0.0029201507568359375 0
7900 True 0.006592762426478579 0.002886056900024414 0
8000 True 0.013191175074719029 0.0028171539306640625 0
8100 True 0.011873626244185925 0.0024895668029785156 0
8200 True 0.015765274561570477 0.0027322769165039062 0
8300 True 0.026363551730238657 0.0026586055755615234 0
8400 True 0.022371098146360978 0.0024328231811523438 0
8500 True 0.03582613652554181 0.002640962600708008 0
8600 True 0.020696910682389047 0.003815174102783203 0
8700 True 0.01987301471732364 0.0027093887329101562 0
8800 True 0.0464300533612337 0.0028700828552246094 0
8900 True 0.020151308539886916 0.0035734176635742188 0
9000 True 0.023741111770932934 0.0026955604553222656 0
9100 True 0.036936050587216655 0.002804994583129883 0
9200 True 0.020372478486968805 0.0030591487884521484 0
9300 True 0.03255597651197261 0.0028247833251953125 0
9400 True 0.011435918065003773 0.0027647018432617188 0
9500 True 0.013060295665870017 0.002823352813720703 0
9600 True 0.02699263855259387 0.002847433090209961 0
9700 True 0.010712801503435829 0.0032227039337158203 0
9800 True 0.02025402873084785 0.002719879150390625 0
9900 True 0.023727617761252706 0.0024535655975341797 0
