0 True 0.0219853968251652 0.0039174556732177734 0
100 True 0.022687786986577276 0.0027549266815185547 0
200 True 0.021276536965084924 0.0029599666595458984 0
300 True 0.007446108365925868 0.0029675960540771484 0
400 True 0.016165964272818467 0.0022017955780029297 0
500 True 0.04060408745731734 0.0027120113372802734 0
600 True 0.025313059618673295 0.002690553665161133 0
700 True 0.014684108026423707 0.003348827362060547 0
800 True 0.020666714992969615 0.0027608871459960938 0
900 True 0.006417144722191185 0.0027811527252197266 0
1000 True 0.009289986021231402 0.0025801658630371094 0
1100 True 0.02192862324249781 0.002781391143798828 0
1200 True 0.012147326750738352 0.0026412010192871094 0
1300 True 0.01555662511432551 0.0028150081634521484 0
1400 True 0.021976016550143838 0.0026268959045410156 0
1500 True 0.002581525820332824 0.0026938915252685547 0
1600 True 0.011811047964237476 0.0026543140411376953 0
1700 True 0.029118992087328616 0.002722024917602539 0
1800 True 0.006099760704174989 0.0026743412017822266 0
1900 True 0.013506201392037582 0.003078460693359375 0
2000 True 0.017524501865856416 0.0029888153076171875 0
2100 True 0.025516498885686884 0.0028057098388671875 0
2200 True 0.018241699328212135 0.002644777297973633 0
2300 True 0.025796603588945765 0.002999544143676758 0
2400 True 0.016257275598451346 0.002365589141845703 0
2500 True 0.014478549154852305 0.003141641616821289 0
2600 True 0.029335343226441594 0.003426790237426758 0
2700 True 0.016675230582223463 0.003083467483520508 0
2800 True 0.030193431237856012 0.00304412841796875 0
2900 True 0.017993202209288697 0.0029854774475097656 0
3000 True 0.01677353915019788 0.002945423126220703 0
3100 True 0.004961521413870384 0.0030019283294677734 0
3200 True 0.012953224231857392 0.0023467540740966797 0
3300 True 0.016561699420102792 0.002546072006225586 0
3400 True 0.023963335852191996 0.002426624298095703 0
3500 True 0.02851538537706522 0.0025069713592529297 0
3600 True 0.020033498299744386 0.0029439926147460938 0
3700 True 0.025310118097458763 0.003245830535888672 0
3800 True 0.011243565476841645 0.00244903564453125 0
3900 True 0.02065213873753657 0.0030031204223632812 0
4000 True 0.00607228746571276 0.002998828887939453 0
4100 True 0.01037835398917195 0.003114461898803711 0
4200 True 0.022167898101145868 0.0029649734497070312 0
4300 True 0.005662541098285033 0.003076314926147461 0
4400 True 0.002077601880894519 0.0029516220092773438 0
4500 True 0.0019751527519937116 0.003274679183959961 0
4600 True 0.033785490991140296 0.0029249191284179688 0
4700 True 0.021959699532615146 0.0031893253326416016 0
4800 True 0.028988584417585242 0.0029773712158203125 0
4900 True 0.020806375133539834 0.0033609867095947266 0
5000 True 0.026857572210933833 0.002843618392944336 0
5100 True 0.012436694785730664 0.003414154052734375 0
5200 True 0.018515892281084762 0.002902507781982422 0
5300 True 0.023233444746816507 0.002939939498901367 0
5400 True 0.03407978598411335 0.002919435501098633 0
5500 True 0.026833711935023666 0.0030913352966308594 0
5600 False 0.0 0.0 0
5700 True 0.028115015153967804 0.002674102783203125 0
5800 True 0.014399424833203035 0.0030579566955566406 0
5900 True 0.030511718498543727 0.0030295848846435547 0
6000 True 0.016916993387561734 0.003353118896484375 0
6100 True 0.038677884346869744 0.0028896331787109375 0
6200 True 0.024109310092398802 0.0027697086334228516 0
6300 True 0.023982231418943234 0.0026314258575439453 0
6400 True 0.0015659253479998329 0.0031592845916748047 0
6500 True 0.03005919508564125 0.002844572067260742 0
6600 True 0.019574348081134993 0.0027511119842529297 0
6700 True 0.01386567556433531 0.003700733184814453 0
6800 True 0.0219829136350507 0.003065824508666992 0
6900 True 0.02765214991489183 0.0028917789459228516 0
7000 True 0.018998841673941887 0.0032830238342285156 0
7100 True 0.01362427495377052 0.002918243408203125 0
7200 True 0.015610408490341572 0.0033254623413085938 0
7300 True 0.020564232134357117 0.002953052520751953 0
7400 True 0.01979431401008668 0.0024390220642089844 0
7500 True 0.02658990780213261 0.0029282569885253906 0
7600 True 0.023155353025073537 0.003247976303100586 0
7700 True 0.02301302920233604 0.003094196319580078 0
7800 True 0.006611000890242935 0.0032711029052734375 0
7900 True 0.012695153151273546 0.0029561519622802734 0
8000 True 0.034930016344350515 0.002409696578979492 0
8100 True 0.0180314711688047 0.0022630691528320312 0
8200 True 0.030392688353326407 0.002735137939453125 0
8300 True 0.037337774091366495 0.0027294158935546875 0
8400 True 0.03293263732780855 0.0034983158111572266 0
8500 True 0.034679415556318566 0.003011465072631836 0
8600 True 0.0211382001444218 0.0029306411743164062 0
8700 True 0.017772989417177306 0.0029773712158203125 0
8800 True 0.04581143047104541 0.002808809280395508 0
8900 True 0.022515599162762818 0.0027794837951660156 0
9000 True 0.020511918203772708 0.0027778148651123047 0
9100 True 0.03992033435172827 0.002800464630126953 0
9200 True 0.025060822796086926 0.003217935562133789 0
9300 True 0.0233656660535443 0.0024771690368652344 0
9400 True 0.01983156576244101 0.0026946067810058594 0
9500 True 0.004031586166709413 0.0027170181274414062 0
9600 True 0.024799563470536485 0.0026183128356933594 0
9700 True 0.0017357961807927277 0.002629518508911133 0
9800 True 0.01181046227175584 0.0030908584594726562 0
9900 True 0.016058111562693832 0.002892017364501953 0
