0 True 0.008745247214200037 0.004907131195068359 0
100 True 0.013495170609177024 0.002749204635620117 0
200 True 0.004640950816701203 0.003101348876953125 0
300 True 0.006377037246576865 0.0032165050506591797 0
400 True 0.006767741091666401 0.003345012664794922 0
500 True 0.012134059965378889 0.003444671630859375 0
600 True 0.009143453060270276 0.002903461456298828 0
700 True 0.006550067577767753 0.003484964370727539 0
800 True 0.005874079721005219 0.003584146499633789 0
900 True 0.0012561164305305622 0.003446817398071289 0
1000 True 0.0037325369202064612 0.003384113311767578 0
1100 True 0.0075380197467518 0.003190279006958008 0
1200 True 0.0034483537828184315 0.003420591354370117 0
1300 True 0.009092420052153981 0.003892183303833008 0
1400 True 0.008853626393457333 0.003333568572998047 0
1500 True 0.0005498555832652778 0.0032079219818115234 0
1600 True 0.005842167358969263 0.0031189918518066406 0
1700 True 0.00892739440050446 0.0035173892974853516 0
1800 True 0.007545857576364593 0.003205537796020508 0
1900 True 0.004707130753069743 0.0033922195434570312 0
2000 True 0.00847982580889205 0.0032842159271240234 0
2100 True 0.007769746451443311 0.0031859874725341797 0
2200 True 0.007284977998885352 0.0033452510833740234 0
2300 True 0.008646391565953749 0.0032095909118652344 0
2400 True 0.007543255984739431 0.0035676956176757812 0
2500 True 0.00844992668173356 0.0033876895904541016 0
2600 True 0.008984135070671381 0.0032205581665039062 0
2700 True 0.005564189507425673 0.0032334327697753906 0
2800 True 0.007950503528515914 0.0035533905029296875 0
2900 True 0.0048013776358819885 0.0036988258361816406 0
3000 True 0.006273143403274512 0.0032281875610351562 0
3100 True 0.0037909580287748532 0.0033278465270996094 0
3200 True 0.0069431540096174795 0.0032172203063964844 0
3300 True 0.009601852015137611 0.0034949779510498047 0
3400 True 0.009133166442551804 0.003393411636352539 0
3500 True 0.010948142578130364 0.003252744674682617 0
3600 True 0.00879448155229012 0.0034933090209960938 0
3700 True 0.010745261809018317 0.0033159255981445312 0
3800 True 0.006463343926691933 0.0034711360931396484 0
3900 True 0.006590287688526247 0.003298521041870117 0
4000 True 0.005137460879153381 0.0032417774200439453 0
4100 True 0.006493395621925455 0.003316164016723633 0
4200 True 0.009301106776797768 0.003253936767578125 0
4300 True 0.0014909142827256338 0.003366231918334961 0
4400 True 0.004348858105502204 0.0028693675994873047 0
4500 True 3.372283754696157e-05 0.0027892589569091797 0
4600 True 0.012262770427489158 0.0032739639282226562 0
4700 True 0.006576624771267276 0.004242420196533203 0
4800 True 0.009220116383077214 0.003803253173828125 0
4900 True 0.006270537097309799 0.0034236907958984375 0
5000 True 0.009984024096419413 0.003328084945678711 0
5100 True 0.005443906915370074 0.00738072395324707 0
5200 True 0.0065671304999727325 0.0032956600189208984 0
5300 True 0.006664187334558425 0.0033559799194335938 0
5400 True 0.010644115622494005 0.0034046173095703125 0
5500 True 0.01442751409203075 0.0033195018768310547 0
5600 True 0.0004914800016328537 0.0031867027282714844 0
5700 True 0.007338525030168398 0.0031130313873291016 0
5800 True 0.006577257560171098 0.003263235092163086 0
5900 True 0.01025779178910185 0.0031735897064208984 0
6000 True 0.006675249524335122 0.0033779144287109375 0
6100 True 0.011158351078216723 0.0032715797424316406 0
6200 True 0.007642345711022476 0.003110170364379883 0
6300 True 0.008329287483794762 0.0033140182495117188 0
6400 True 0.004399684500316644 0.0033659934997558594 0
6500 True 0.010630862184172203 0.0031480789184570312 0
6600 True 0.009165320722702295 0.003235340118408203 0
6700 True 0.010090104901385932 0.0033147335052490234 0
6800 True 0.010244168377430257 0.0033261775970458984 0
6900 True 0.011800417765511986 0.003308534622192383 0
7000 True 0.007212177765969803 0.0030944347381591797 0
7100 True 0.0053117497570694065 0.003439664840698242 0
7200 True 0.004532439066928978 0.0032253265380859375 0
7300 True 0.005586865849971368 0.003422260284423828 0
7400 True 0.0062121332565878585 0.0034241676330566406 0
7500 True 0.008178942167332786 0.0033397674560546875 0
7600 True 0.00815285327431688 0.003151416778564453 0
7700 True 0.0064852831550656275 0.003274679183959961 0
7800 True 0.00721616497782693 0.003499746322631836 0
7900 True 0.0033122547062663142 0.003206968307495117 0
8000 True 0.006135122211300646 0.0031290054321289062 0
8100 True 0.0048788248685135045 0.0031490325927734375 0
8200 True 0.010917955981849045 0.003192901611328125 0
8300 True 0.0111481017236394 0.0035140514373779297 0
8400 True 0.008839461438821899 0.0032482147216796875 0
8500 True 0.013107519275016407 0.0033419132232666016 0
8600 True 0.006653620439213134 0.0032427310943603516 0
8700 True 0.005435986038626624 0.004082918167114258 0
8800 True 0.014113419114759178 0.00451207160949707 0
8900 True 0.0064918158418583605 0.0033524036407470703 0
9000 True 0.00857470272072165 0.003393888473510742 0
9100 True 0.012474938385076495 0.003446340560913086 0
9200 True 0.008400027502580983 0.0032165050506591797 0
9300 True 0.010457029093713446 0.003128528594970703 0
9400 True 0.004744402657801486 0.003414154052734375 0
9500 True 0.0038455627764909742 0.0037097930908203125 0
9600 True 0.008335904840035185 0.003735065460205078 0
9700 True 0.002955267125543026 0.003194570541381836 0
9800 True 0.008036599284857622 0.002859354019165039 0
9900 True 0.009884603413680249 0.0031015872955322266 0
