0 True 0 0.0051043033599853516 0
100 True 0 0.0034837722778320312 0
200 True 0 0.003396272659301758 0
300 True 0 0.0032296180725097656 0
400 True 0 0.003963470458984375 0
500 True 0 0.0038313865661621094 0
600 True 0 0.003172636032104492 0
700 True 0 0.0032172203063964844 0
800 True 0 0.003430604934692383 0
900 True 0 0.0033609867095947266 0
1000 True 0 0.0032896995544433594 0
1100 True 0 0.0032999515533447266 0
1200 True 0 0.0033512115478515625 0
1300 True 0 0.003195047378540039 0
1400 True 0 0.0034639835357666016 0
1500 True 0 0.0033333301544189453 0
1600 True 0 0.003139972686767578 0
1700 True 0 0.0032172203063964844 0
1800 True 0 0.003351926803588867 0
1900 True 0 0.002737760543823242 0
2000 True 0 0.003153562545776367 0
2100 True 0 0.0028667449951171875 0
2200 True 0 0.003429412841796875 0
2300 True 0 0.0028557777404785156 0
2400 True 0 0.0034906864166259766 0
2500 True 0 0.002798318862915039 0
2600 True 0 0.0030961036682128906 0
2700 True 0 0.0029671192169189453 0
2800 True 0 0.002752065658569336 0
2900 True 0 0.0026671886444091797 0
3000 True 0 0.0028145313262939453 0
3100 True 0 0.0027146339416503906 0
3200 True 0 0.003467082977294922 0
3300 True 0 0.002686023712158203 0
3400 True 0 0.0031096935272216797 0
3500 True 0 0.0032482147216796875 0
3600 True 0 0.0032341480255126953 0
3700 True 0 0.002772092819213867 0
3800 True 0 0.004206180572509766 0
3900 True 0 0.002841472625732422 0
4000 True 0 0.0035233497619628906 0
4100 True 0 0.003361225128173828 0
4200 True 0 0.0031685829162597656 0
4300 True 0 0.0031952857971191406 0
4400 True 0 0.0032968521118164062 0
4500 True 0 0.003236532211303711 0
4600 True 0 0.0030863285064697266 0
4700 True 0 0.003212451934814453 0
4800 True 0 0.0028619766235351562 0
4900 True 0 0.003360271453857422 0
5000 True 0 0.0033593177795410156 0
5100 True 0 0.0026102066040039062 0
5200 True 0 0.003124237060546875 0
5300 True 0 0.003287792205810547 0
5400 True 0 0.0027894973754882812 0
5500 True 0 0.0033333301544189453 0
5600 True 0 0.0033905506134033203 0
5700 True 0 0.0033042430877685547 0
5800 True 0 0.003489971160888672 0
5900 True 0 0.0031604766845703125 0
6000 True 0 0.002584218978881836 0
6100 True 0 0.002942800521850586 0
6200 True 0 0.0034689903259277344 0
6300 True 0 0.003345012664794922 0
6400 True 0 0.0035581588745117188 0
6500 True 0 0.003324270248413086 0
6600 True 0 0.003093719482421875 0
6700 True 0 0.0035872459411621094 0
6800 True 0 0.0031211376190185547 0
6900 True 0 0.0028183460235595703 0
7000 True 0 0.0032629966735839844 0
7100 True 0 0.0034055709838867188 0
7200 True 0 0.003285646438598633 0
7300 True 0 0.003292560577392578 0
7400 True 0 0.003731250762939453 0
7500 True 0 0.0035104751586914062 0
7600 True 0 0.0029947757720947266 0
7700 True 0 0.003152132034301758 0
7800 True 0 0.004332304000854492 0
7900 True 0 0.0033288002014160156 0
8000 True 0 0.003491640090942383 0
8100 True 0 0.002588987350463867 0
8200 True 0 0.002964496612548828 0
8300 True 0 0.003490447998046875 0
8400 True 0 0.002881765365600586 0
8500 True 0 0.0034761428833007812 0
8600 True 0 0.0033042430877685547 0
8700 True 0 0.003144502639770508 0
8800 True 0 0.002739429473876953 0
8900 True 0 0.003787517547607422 0
9000 True 0 0.0027129650115966797 0
9100 True 0 0.002736330032348633 0
9200 True 0 0.003194570541381836 0
9300 True 0 0.003505706787109375 0
9400 True 0 0.0032033920288085938 0
9500 True 0 0.0037338733673095703 0
9600 True 0 0.0033004283905029297 0
9700 True 0 0.0032508373260498047 0
9800 True 0 0.003113985061645508 0
9900 True 0 0.0032112598419189453 0
