0 True 0 0.0049440860748291016 0
100 True 0 0.0028870105743408203 0
200 True 0 0.004268646240234375 0
300 True 0 0.0038106441497802734 0
400 True 0 0.003950834274291992 0
500 True 0 0.003915548324584961 0
600 True 0 0.0036880970001220703 0
700 True 0 0.0032243728637695312 0
800 True 0 0.0037474632263183594 0
900 True 0 0.003619670867919922 0
1000 True 0 0.00357818603515625 0
1100 True 0 0.003682374954223633 0
1200 True 0 0.003944873809814453 0
1300 True 0 0.00363922119140625 0
1400 True 0 0.003907203674316406 0
1500 True 0 0.0034799575805664062 0
1600 True 0 0.0031800270080566406 0
1700 True 0 0.002802610397338867 0
1800 True 0 0.003574371337890625 0
1900 True 0 0.003582477569580078 0
2000 True 0 0.0037469863891601562 0
2100 True 0 0.003205537796020508 0
2200 True 0 0.0032570362091064453 0
2300 True 0 0.0032660961151123047 0
2400 True 0 0.003406524658203125 0
2500 True 0 0.0026786327362060547 0
2600 True 0 0.002902984619140625 0
2700 True 0 0.002953767776489258 0
2800 True 0 0.003500699996948242 0
2900 True 0 0.00321197509765625 0
3000 True 0 0.003951072692871094 0
3100 True 0 0.004515171051025391 0
3200 True 0 0.003343343734741211 0
3300 True 0 0.0032019615173339844 0
3400 True 0 0.003379344940185547 0
3500 True 0 0.003241300582885742 0
3600 True 0 0.003176450729370117 0
3700 True 0 0.0033330917358398438 0
3800 True 0 0.003556966781616211 0
3900 True 0 0.0033788681030273438 0
4000 True 0 0.003381013870239258 0
4100 True 0 0.0033898353576660156 0
4200 True 0 0.0033125877380371094 0
4300 True 0 0.0032112598419189453 0
4400 True 0 0.003324270248413086 0
4500 False 0 0.0 0
4600 True 0 0.003306150436401367 0
4700 True 0 0.0032601356506347656 0
4800 True 0 0.002744913101196289 0
4900 True 0 0.0031654834747314453 0
5000 True 0 0.0032138824462890625 0
5100 True 0 0.003432035446166992 0
5200 True 0 0.0033206939697265625 0
5300 True 0 0.0032644271850585938 0
5400 True 0 0.0033228397369384766 0
5500 True 0 0.0031113624572753906 0
5600 True 0 0.0033843517303466797 0
5700 True 0 0.00400996208190918 0
5800 True 0 0.004291534423828125 0
5900 True 0 0.003591299057006836 0
6000 True 0 0.003357410430908203 0
6100 True 0 0.0031974315643310547 0
6200 True 0 0.003256082534790039 0
6300 True 0 0.003342866897583008 0
6400 True 0 0.0032587051391601562 0
6500 True 0 0.0032227039337158203 0
6600 True 0 0.003760814666748047 0
6700 True 0 0.003459930419921875 0
6800 True 0 0.0033473968505859375 0
6900 True 0 0.003830432891845703 0
7000 True 0 0.003316640853881836 0
7100 True 0 0.0036056041717529297 0
7200 True 0 0.003237485885620117 0
7300 True 0 0.003339052200317383 0
7400 True 0 0.003168821334838867 0
7500 True 0 0.0036466121673583984 0
7600 True 0 0.0031499862670898438 0
7700 True 0 0.0031213760375976562 0
7800 True 0 0.0032219886779785156 0
7900 True 0 0.0034546852111816406 0
8000 True 0 0.003458261489868164 0
8100 True 0 0.0034246444702148438 0
8200 True 0 0.003436565399169922 0
8300 True 0 0.0031931400299072266 0
8400 True 0 0.003412485122680664 0
8500 True 0 0.003340482711791992 0
8600 True 0 0.0032176971435546875 0
8700 True 0 0.0036678314208984375 0
8800 True 0 0.003148794174194336 0
8900 True 0 0.0033359527587890625 0
9000 True 0 0.002873659133911133 0
9100 True 0 0.003435373306274414 0
9200 True 0 0.0031807422637939453 0
9300 True 0 0.0031883716583251953 0
9400 True 0 0.0031909942626953125 0
9500 True 0 0.003216266632080078 0
9600 True 0 0.003403902053833008 0
9700 True 0 0.0042912960052490234 0
9800 True 0 0.0033316612243652344 0
9900 True 0 0.0031118392944335938 0
