0 True 0 0.0050356388092041016 0
100 True 0 0.003392457962036133 0
200 True 0 0.0034351348876953125 0
300 True 0 0.003360271453857422 0
400 True 0 0.0034880638122558594 0
500 True 0 0.0036149024963378906 0
600 True 0 0.0033502578735351562 0
700 True 0 0.003667593002319336 0
800 True 0 0.0034322738647460938 0
900 False 0 0.0 0
1000 True 0 0.003206968307495117 0
1100 True 0 0.003498077392578125 0
1200 True 0 0.0032587051391601562 0
1300 True 0 0.003509044647216797 0
1400 True 0 0.003512859344482422 0
1500 True 0 0.003209352493286133 0
1600 True 0 0.003315448760986328 0
1700 True 0 0.003216266632080078 0
1800 True 0 0.0035164356231689453 0
1900 True 0 0.0032281875610351562 0
2000 True 0 0.0032486915588378906 0
2100 True 0 0.0035393238067626953 0
2200 True 0 0.0028600692749023438 0
2300 True 0 0.003534555435180664 0
2400 True 0 0.0034503936767578125 0
2500 True 0 0.0034265518188476562 0
2600 True 0 0.003300905227661133 0
2700 True 0 0.0031783580780029297 0
2800 True 0 0.003452301025390625 0
2900 True 0 0.003353118896484375 0
3000 True 0 0.0033178329467773438 0
3100 True 0 0.0033888816833496094 0
3200 True 0 0.003130674362182617 0
3300 True 0 0.00324249267578125 0
3400 True 0 0.0047304630279541016 0
3500 True 0 0.004433870315551758 0
3600 True 0 0.003465414047241211 0
3700 True 0 0.003724336624145508 0
3800 True 0 0.003538370132446289 0
3900 True 0 0.0031409263610839844 0
4000 True 0 0.0032396316528320312 0
4100 True 0 0.003335714340209961 0
4200 True 0 0.0034008026123046875 0
4300 True 0 0.0031363964080810547 0
4400 True 0 0.0034456253051757812 0
4500 False 0 0.0 0
4600 True 0 0.003286600112915039 0
4700 True 0 0.0032591819763183594 0
4800 True 0 0.002806425094604492 0
4900 True 0 0.002679586410522461 0
5000 True 0 0.0034971237182617188 0
5100 True 0 0.00311279296875 0
5200 True 0 0.0043964385986328125 0
5300 True 0 0.003451824188232422 0
5400 True 0 0.003294229507446289 0
5500 True 0 0.0033364295959472656 0
5600 True 0 0.003338336944580078 0
5700 True 0 0.0038390159606933594 0
5800 True 0 0.003179311752319336 0
5900 True 0 0.0031685829162597656 0
6000 True 0 0.003077268600463867 0
6100 True 0 0.0031630992889404297 0
6200 True 0 0.003134012222290039 0
6300 True 0 0.0032644271850585938 0
6400 True 0 0.0032410621643066406 0
6500 True 0 0.003293752670288086 0
6600 True 0 0.003272533416748047 0
6700 True 0 0.003470182418823242 0
6800 True 0 0.003275632858276367 0
6900 True 0 0.0032448768615722656 0
7000 True 0 0.003264188766479492 0
7100 True 0 0.0032477378845214844 0
7200 True 0 0.003336668014526367 0
7300 True 0 0.0032782554626464844 0
7400 True 0 0.003119945526123047 0
7500 True 0 0.004105567932128906 0
7600 True 0 0.003354310989379883 0
7700 True 0 0.003316164016723633 0
7800 True 0 0.0043261051177978516 0
7900 True 0 0.003810882568359375 0
8000 True 0 0.003592967987060547 0
8100 True 0 0.003627300262451172 0
8200 True 0 0.003698110580444336 0
8300 True 0 0.0034117698669433594 0
8400 True 0 0.0031828880310058594 0
8500 True 0 0.0032885074615478516 0
8600 True 0 0.0030679702758789062 0
8700 True 0 0.0031969547271728516 0
8800 True 0 0.003435373306274414 0
8900 True 0 0.0033397674560546875 0
9000 True 0 0.0030274391174316406 0
9100 True 0 0.003195524215698242 0
9200 True 0 0.003437519073486328 0
9300 True 0 0.0031549930572509766 0
9400 True 0 0.003429889678955078 0
9500 True 0 0.004120349884033203 0
9600 True 0 0.003657817840576172 0
9700 True 0 0.0037169456481933594 0
9800 True 0 0.0033998489379882812 0
9900 True 0 0.0034101009368896484 0
