0 True 0 0.0037565231323242188 0
100 True 1 0.002793550491333008 0
200 True 1 0.0042760372161865234 0
300 True 0 0.0031168460845947266 0
400 True 0 0.003153562545776367 0
500 True 1 0.003167867660522461 0
600 True 1 0.003204822540283203 0
700 True 0 0.003651142120361328 0
800 True 0 0.003435373306274414 0
900 True 0 0.003162860870361328 0
1000 True 0 0.0035583972930908203 0
1100 True 1 0.0034656524658203125 0
1200 True 0 0.0034182071685791016 0
1300 True 1 0.003184795379638672 0
1400 True 1 0.0033953189849853516 0
1500 True 0 0.0031239986419677734 0
1600 True 0 0.0034263134002685547 0
1700 True 1 0.0033478736877441406 0
1800 True 0 0.003449678421020508 0
1900 True 0 0.003651142120361328 0
2000 True 0 0.003301858901977539 0
2100 True 1 0.0038442611694335938 0
2200 True 1 0.0034034252166748047 0
2300 True 1 0.0031905174255371094 0
2400 True 0 0.0034704208374023438 0
2500 True 0 0.003447294235229492 0
2600 True 1 0.003198862075805664 0
2700 True 0 0.0031442642211914062 0
2800 True 0 0.0030591487884521484 0
2900 True 1 0.0031294822692871094 0
3000 True 0 0.003197908401489258 0
3100 True 0 0.0032224655151367188 0
3200 True 1 0.003283977508544922 0
3300 True 1 0.004349470138549805 0
3400 True 1 0.003171205520629883 0
3500 True 1 0.0031402111053466797 0
3600 True 1 0.0028638839721679688 0
3700 True 1 0.0031142234802246094 0
3800 True 0 0.003126382827758789 0
3900 True 0 0.003390789031982422 0
4000 True 0 0.002741575241088867 0
4100 True 0 0.003405332565307617 0
4200 True 1 0.003101348876953125 0
4300 True 0 0.0034477710723876953 0
4400 True 0 0.0038766860961914062 0
4500 True 0 0.003094911575317383 0
4600 True 1 0.003312826156616211 0
4700 True 1 0.002859830856323242 0
4800 True 1 0.003635883331298828 0
4900 True 0 0.0030057430267333984 0
5000 True 1 0.0030798912048339844 0
5100 True 1 0.003269672393798828 0
5200 True 0 0.003388643264770508 0
5300 True 1 0.0032939910888671875 0
5400 True 1 0.0030798912048339844 0
5500 True 1 0.0032041072845458984 0
5600 True 0 0.0033729076385498047 0
5700 True 1 0.0033626556396484375 0
5800 True 0 0.0033071041107177734 0
5900 True 1 0.003245115280151367 0
6000 True 1 0.0031614303588867188 0
6100 True 1 0.003381967544555664 0
6200 True 1 0.0031561851501464844 0
6300 True 1 0.0031354427337646484 0
6400 True 0 0.0035789012908935547 0
6500 True 1 0.0033104419708251953 0
6600 True 0 0.0031833648681640625 0
6700 True 1 0.0033845901489257812 0
6800 True 1 0.0031080245971679688 0
6900 True 1 0.003369569778442383 0
7000 True 0 0.003050565719604492 0
7100 True 0 0.0033636093139648438 0
7200 True 0 0.0031578540802001953 0
7300 True 0 0.003273487091064453 0
7400 True 1 0.003630399703979492 0
7500 True 1 0.003459930419921875 0
7600 True 0 0.0032749176025390625 0
7700 True 0 0.003292083740234375 0
7800 True 0 0.003054380416870117 0
7900 True 0 0.003437519073486328 0
8000 True 1 0.0031828880310058594 0
8100 True 0 0.0035943984985351562 0
8200 True 1 0.003075838088989258 0
8300 True 1 0.0026557445526123047 0
8400 True 1 0.0027832984924316406 0
8500 True 1 0.003391265869140625 0
8600 True 0 0.003000497817993164 0
8700 True 1 0.003282308578491211 0
8800 True 1 0.0028069019317626953 0
8900 True 1 0.002883434295654297 0
9000 True 0 0.0030515193939208984 0
9100 True 1 0.0032787322998046875 0
9200 True 1 0.0026700496673583984 0
9300 True 1 0.002707958221435547 0
9400 True 1 0.0032196044921875 0
9500 True 0 0.0033681392669677734 0
9600 True 1 0.0027430057525634766 0
9700 True 0 0.0028543472290039062 0
9800 True 0 0.0030951499938964844 0
9900 True 1 0.0026900768280029297 0
