0 True 0 0.0036127567291259766 0
100 True 0 0.004067182540893555 0
200 True 0 0.0036776065826416016 0
300 True 0 0.0038309097290039062 0
400 True 0 0.0038068294525146484 0
500 True 0 0.00348663330078125 0
600 True 0 0.0034723281860351562 0
700 True 0 0.003100872039794922 0
800 True 0 0.0038089752197265625 0
900 True 0 0.0030057430267333984 0
1000 True 0 0.011614084243774414 0
1100 True 0 0.004801750183105469 0
1200 True 0 0.0039331912994384766 0
1300 True 0 0.002795696258544922 0
1400 True 0 0.0033881664276123047 0
1500 True 0 0.0032033920288085938 0
1600 True 0 0.003324270248413086 0
1700 True 0 0.002750873565673828 0
1800 True 0 0.002939462661743164 0
1900 True 0 0.0030333995819091797 0
2000 True 0 0.0032324790954589844 0
2100 True 0 0.0028426647186279297 0
2200 True 0 0.003280162811279297 0
2300 True 0 0.0030667781829833984 0
2400 True 0 0.003145933151245117 0
2500 True 0 0.003192901611328125 0
2600 True 0 0.00321197509765625 0
2700 True 0 0.0035839080810546875 0
2800 True 0 0.003587007522583008 0
2900 True 0 0.0035381317138671875 0
3000 True 0 0.0037326812744140625 0
3100 True 0 0.0037839412689208984 0
3200 True 0 0.0035228729248046875 0
3300 True 0 0.0035898685455322266 0
3400 True 0 0.003516674041748047 0
3500 True 0 0.0029761791229248047 0
3600 True 0 0.003529071807861328 0
3700 True 0 0.00868368148803711 0
3800 True 0 0.004771709442138672 0
3900 True 0 0.0027108192443847656 0
4000 True 0 0.003960847854614258 0
4100 True 0 0.0036864280700683594 0
4200 True 0 0.003924846649169922 0
4300 True 0 0.0038852691650390625 0
4400 True 0 0.003774404525756836 0
4500 True 0 0.00386810302734375 0
4600 True 0 0.0036911964416503906 0
4700 True 0 0.003988027572631836 0
4800 True 0 0.004544734954833984 0
4900 True 0 0.0033986568450927734 0
5000 True 0 0.003573179244995117 0
5100 True 0 0.0027849674224853516 0
5200 True 0 0.0034296512603759766 0
5300 True 0 0.0034329891204833984 0
5400 True 0 0.003435850143432617 0
5500 True 0 0.003183126449584961 0
5600 True 0 0.0034723281860351562 0
5700 True 0 0.0033817291259765625 0
5800 True 0 0.003425121307373047 0
5900 True 0 0.003565073013305664 0
6000 True 0 0.0037169456481933594 0
6100 True 0 0.003448963165283203 0
6200 True 0 0.003354310989379883 0
6300 True 0 0.0035805702209472656 0
6400 True 0 0.003368854522705078 0
6500 True 0 0.002851724624633789 0
6600 True 0 0.0035157203674316406 0
6700 True 0 0.0033206939697265625 0
6800 True 0 0.0038182735443115234 0
6900 True 0 0.0034401416778564453 0
7000 True 0 0.0033636093139648438 0
7100 True 0 0.003293275833129883 0
7200 True 0 0.003451108932495117 0
7300 True 0 0.0034515857696533203 0
7400 True 0 0.0034737586975097656 0
7500 True 0 0.0034246444702148438 0
7600 True 0 0.0032973289489746094 0
7700 True 0 0.00336456298828125 0
7800 True 0 0.0028684139251708984 0
7900 True 0 0.0027675628662109375 0
8000 True 0 0.0031173229217529297 0
8100 True 0 0.0034596920013427734 0
8200 True 0 0.003411531448364258 0
8300 True 0 0.003568887710571289 0
8400 True 0 0.0035817623138427734 0
8500 True 0 0.0033016204833984375 0
8600 True 0 0.0032715797424316406 0
8700 True 0 0.003426790237426758 0
8800 True 0 0.003430604934692383 0
8900 True 0 0.003597259521484375 0
9000 True 0 0.0033583641052246094 0
9100 True 0 0.002928018569946289 0
9200 True 0 0.0033125877380371094 0
9300 True 0 0.0027005672454833984 0
9400 True 0 0.003629446029663086 0
9500 True 0 0.002886533737182617 0
9600 True 0 0.0034689903259277344 0
9700 True 0 0.003178834915161133 0
9800 True 0 0.003465890884399414 0
9900 True 0 0.002948284149169922 0
