0 True 0.009273496414443657 0.004431962966918945 0
100 True 0.0144689043717381 0.0039861202239990234 0
200 True 0.005603991382172918 0.003932952880859375 0
300 True 0.006420357483691937 0.0037407875061035156 0
400 True 0.009372019586990878 0.00524139404296875 0
500 True 0.01427613480649561 0.0033905506134033203 0
600 True 0.00986186979145494 0.0035190582275390625 0
700 True 0.007872753691117706 0.003106832504272461 0
800 True 0.005654766894406614 0.00357818603515625 0
900 True 0.0015605965271578443 0.0033888816833496094 0
1000 True 0.00650145446107556 0.003415346145629883 0
1100 True 0.009296019286252783 0.004380702972412109 0
1200 True 0.004913948313506054 0.0038301944732666016 0
1300 True 0.011381400444976032 0.0034990310668945312 0
1400 True 0.009471649330520955 0.0030088424682617188 0
1500 True 0.0014907954821747628 0.0027534961700439453 0
1600 True 0.006655569354889456 0.003198385238647461 0
1700 True 0.012506571349271321 0.004616498947143555 0
1800 True 0.009527609600528182 0.0034110546112060547 0
1900 True 0.005544049169784256 0.003611326217651367 0
2000 True 0.00869865185897235 0.0035200119018554688 0
2100 True 0.009376954065623638 0.0040950775146484375 0
2200 True 0.008997893408383032 0.0037376880645751953 0
2300 True 0.010618502032363813 0.0037620067596435547 0
2400 True 0.007562237300545143 0.0037975311279296875 0
2500 True 0.00926159346737637 0.003065824508666992 0
2600 True 0.009654476044533157 0.003790140151977539 0
2700 True 0.006198207514779401 0.0035161972045898438 0
2800 True 0.008977764612871088 0.003599405288696289 0
2900 True 0.006278952761914474 0.0034105777740478516 0
3000 True 0.006940622678766064 0.003389120101928711 0
3100 True 0.005815455453173275 0.003328084945678711 0
3200 True 0.010076289815603932 0.003535032272338867 0
3300 True 0.011490978260260291 0.003389120101928711 0
3400 True 0.01059616586454709 0.0036776065826416016 0
3500 True 0.01248475579306437 0.0034656524658203125 0
3600 True 0.009438143687278537 0.003461599349975586 0
3700 True 0.010914105317062956 0.003495931625366211 0
3800 True 0.0069852393574311835 0.0031480789184570312 0
3900 True 0.008491771956670583 0.0033516883850097656 0
4000 True 0.006032946639305845 0.0028100013732910156 0
4100 True 0.008744584282106158 0.0034050941467285156 0
4200 True 0.010125664479815706 0.002908468246459961 0
4300 True 0.001376221974952224 0.0028519630432128906 0
4400 True 0.006060379513655993 0.0038466453552246094 0
4500 False 0.0 0.0 0
4600 True 0.014202609246616007 0.003204822540283203 0
4700 True 0.008041415628525818 0.003392934799194336 0
4800 True 0.010027810809025577 0.0034995079040527344 0
4900 True 0.006974628403104975 0.0034275054931640625 0
5000 True 0.011201287918198922 0.004424333572387695 0
5100 True 0.0054438727684751045 0.0037746429443359375 0
5200 True 0.007622531079384534 0.0035071372985839844 0
5300 True 0.00901271743240614 0.0035483837127685547 0
5400 True 0.01076927157228664 0.00344085693359375 0
5500 True 0.01574967604905004 0.003391742706298828 0
5600 True 0.0006414001748169353 0.0034842491149902344 0
5700 True 0.010407831799317669 0.0034914016723632812 0
5800 True 0.007309847546469173 0.0035042762756347656 0
5900 True 0.013494188704342202 0.003525257110595703 0
6000 True 0.006807070602361816 0.003574371337890625 0
6100 True 0.014177886087132571 0.0032842159271240234 0
6200 True 0.008450183592369383 0.0033740997314453125 0
6300 True 0.009356795335338109 0.0034933090209960938 0
6400 True 0.005408088329373403 0.0038716793060302734 0
6500 True 0.012257470541390947 0.0030176639556884766 0
6600 True 0.010356274563202204 0.0034406185150146484 0
6700 True 0.009565852295038991 0.0036230087280273438 0
6800 True 0.011279493626000671 0.0033915042877197266 0
6900 True 0.013183565378681842 0.003419160842895508 0
7000 True 0.0088428909498038 0.003503084182739258 0
7100 True 0.006014290068850231 0.0048291683197021484 0
7200 True 0.006082534106715147 0.0035948753356933594 0
7300 True 0.005986370852270468 0.0030775070190429688 0
7400 True 0.00925783838525624 0.0033273696899414062 0
7500 True 0.010188766783622717 0.003480195999145508 0
7600 True 0.009241030225258844 0.003594636917114258 0
7700 True 0.008082980696937051 0.0033333301544189453 0
7800 True 0.007300466654439353 0.003937721252441406 0
7900 True 0.003947982359396287 0.004023075103759766 0
8000 True 0.00890181437693252 0.0035953521728515625 0
8100 True 0.005860608328392581 0.0030438899993896484 0
8200 True 0.012716312401325995 0.0035581588745117188 0
8300 True 0.014414302197279516 0.003508329391479492 0
8400 True 0.010041445137385047 0.003385305404663086 0
8500 True 0.015601736366340343 0.005076169967651367 0
8600 True 0.007951843946723483 0.0035009384155273438 0
8700 True 0.006032048432084282 0.003331422805786133 0
8800 True 0.017165058153443786 0.0037856101989746094 0
8900 True 0.007713942646149188 0.0034732818603515625 0
9000 True 0.008481813662597693 0.003437519073486328 0
9100 True 0.015724417389787484 0.003397703170776367 0
9200 True 0.00936500270535347 0.003569364547729492 0
9300 True 0.010642157835324188 0.003567218780517578 0
9400 True 0.004969911001314033 0.0034720897674560547 0
9500 True 0.005560830905511497 0.0035839080810546875 0
9600 True 0.009064128904882026 0.0035812854766845703 0
9700 True 0.0025485837819899802 0.003417491912841797 0
9800 True 0.00927276278400097 0.003496408462524414 0
9900 True 0.010737818481410354 0.003487825393676758 0
