0 True 0.018280421228175768 0.004264354705810547 0
100 True 0.021756303092578425 0.003786802291870117 0
200 True 0.02532010335753268 0.003371715545654297 0
300 True 0.0194919663227014 0.003832578659057617 0
400 True 0.018704178794858015 0.0041124820709228516 0
500 True 0.04136840265639854 0.003384113311767578 0
600 True 0.02164968080124152 0.003573894500732422 0
700 True 0.016102650219582407 0.004179477691650391 0
800 True 0.016613472220422094 0.004706621170043945 0
900 True 0.0035331411981124566 0.0037958621978759766 0
1000 True 0.013559368669643216 0.003973722457885742 0
1100 True 0.02092505187142668 0.0030455589294433594 0
1200 True 0.013383453300385175 0.007952690124511719 0
1300 True 0.020357786056983133 0.003584146499633789 0
1400 True 0.021783129816994862 0.004000425338745117 0
1500 True 0.004046471301869816 0.0038499832153320312 0
1600 True 0.012056375162676335 0.0038280487060546875 0
1700 True 0.027057618126970735 0.003840923309326172 0
1800 True 0.021917441012632915 0.0037674903869628906 0
1900 True 0.013136520293307963 0.003514528274536133 0
2000 True 0.016692777011425405 0.0035457611083984375 0
2100 True 0.025854224534345598 0.0033884048461914062 0
2200 True 0.022117469084194173 0.0037708282470703125 0
2300 True 0.026402839402683488 0.0031468868255615234 0
2400 True 0.014479996853572125 0.003922462463378906 0
2500 True 0.018375227740605175 0.003366708755493164 0
2600 True 0.028422270455342097 0.003429889678955078 0
2700 True 0.012424193757173522 0.0033829212188720703 0
2800 True 0.020711705903464772 0.003468036651611328 0
2900 True 0.022759916265779136 0.003740549087524414 0
3000 True 0.013225812926082714 0.003354787826538086 0
3100 True 0.01538626078154976 0.0034499168395996094 0
3200 True 0.02706462609639601 0.00348663330078125 0
3300 True 0.022306269019863677 0.0035009384155273438 0
3400 True 0.020823195245401376 0.0034210681915283203 0
3500 True 0.025640607023208143 0.003454923629760742 0
3600 True 0.02343255115912623 0.004071950912475586 0
3700 True 0.021090964588668725 0.0034110546112060547 0
3800 True 0.012729926900185328 0.0033783912658691406 0
3900 True 0.015135821165375351 0.003422975540161133 0
4000 True 0.008926589595667373 0.003485441207885742 0
4100 True 0.014920799829795618 0.0030379295349121094 0
4200 True 0.02501381389109699 0.0036139488220214844 0
4300 True 0.008884187861398555 0.0035614967346191406 0
4400 True 0.01085962247896798 0.003616809844970703 0
4500 True 6.195525292656947e-05 0.002989053726196289 0
4600 True 0.04295333091709268 0.003409862518310547 0
4700 True 0.01749754680419886 0.004229068756103516 0
4800 True 0.01924061408211184 0.003612995147705078 0
4900 True 0.011090776980077417 0.003354310989379883 0
5000 True 0.023624933734696305 0.003394603729248047 0
5100 True 0.01900482772446874 0.003559112548828125 0
5200 True 0.013417529878246784 0.0033371448516845703 0
5300 True 0.022390241906113332 0.003546476364135742 0
5400 True 0.025890299689965052 0.003660440444946289 0
5500 True 0.03338816768477767 0.0033884048461914062 0
5600 True 0.0033475697135220603 0.003476858139038086 0
5700 True 0.02502518225562693 0.003551006317138672 0
5800 True 0.02019998599432954 0.0037474632263183594 0
5900 True 0.028673389306863133 0.003255128860473633 0
6000 True 0.014959163579460602 0.003525257110595703 0
6100 True 0.0318316228436216 0.003796815872192383 0
6200 True 0.01734905909436504 0.0036339759826660156 0
6300 True 0.02368293803234109 0.003277301788330078 0
6400 True 0.01172642720358309 0.0034296512603759766 0
6500 True 0.02638164041509454 0.0034487247467041016 0
6600 True 0.015433152206123442 0.003503084182739258 0
6700 True 0.016761289240802998 0.0034236907958984375 0
6800 True 0.028628697096558783 0.0035309791564941406 0
6900 True 0.024773949651637588 0.003473997116088867 0
7000 True 0.013205357848262966 0.003574371337890625 0
7100 True 0.01381197055561062 0.0029022693634033203 0
7200 True 0.014072889734761054 0.0033206939697265625 0
7300 True 0.012175030221733212 0.0039081573486328125 0
7400 True 0.016908511664583084 0.0034732818603515625 0
7500 True 0.0233764999782716 0.0035240650177001953 0
7600 True 0.018187529279825705 0.0033261775970458984 0
7700 True 0.016748866080839267 0.0036623477935791016 0
7800 True 0.02016950178389853 0.003389120101928711 0
7900 True 0.010498418997263653 0.0035555362701416016 0
8000 True 0.02442967446814163 0.0033495426177978516 0
8100 True 0.014383042250385662 0.003565549850463867 0
8200 True 0.03097545198414518 0.003546476364135742 0
8300 True 0.046224905823118244 0.0035741329193115234 0
8400 True 0.019263458259131186 0.003525257110595703 0
8500 True 0.03262121068376475 0.003374814987182617 0
8600 True 0.01773923482333114 0.0035674571990966797 0
8700 True 0.01878701803498884 0.004721879959106445 0
8800 True 0.04759760063748682 0.0031626224517822266 0
8900 True 0.022391494862984893 0.003553628921508789 0
9000 True 0.01657104071366761 0.0035169124603271484 0
9100 True 0.042150911373478726 0.003410816192626953 0
9200 True 0.024112162912850055 0.0036873817443847656 0
9300 True 0.029229989596390962 0.003521442413330078 0
9400 True 0.0131865456344911 0.0035200119018554688 0
9500 True 0.01402610751227706 0.0034198760986328125 0
9600 True 0.02572340889341652 0.0034890174865722656 0
9700 True 0.0014188298298794544 0.0034873485565185547 0
9800 True 0.016907389953766803 0.003548145294189453 0
9900 True 0.021290539394103806 0.0033025741577148438 0
