0 True 0.05781120362088198 0.003687143325805664 0
100 True 0.07337248359972476 0.002912282943725586 0
200 True 0.038780821694338934 0.002857208251953125 0
300 True 0.045631038834374235 0.003351449966430664 0
400 True 0.06204162776269382 0.0031261444091796875 0
500 True 0.11202482171993448 0.003335714340209961 0
600 True 0.10127656200867025 0.003350973129272461 0
700 True 0.0419225646770694 0.0033500194549560547 0
800 True 0.014640797555526415 0.0029897689819335938 0
900 True 0.011908733335731716 0.0033583641052246094 0
1000 True 0.025385288393316694 0.0033333301544189453 0
1100 True 0.044901072513263834 0.0033218860626220703 0
1200 True 0.018863315373999212 0.0048980712890625 0
1300 True 0.07600782566322091 0.0037055015563964844 0
1400 True 0.06935155583203642 0.0032606124877929688 0
1500 True 0.0027380048843108074 0.0032851696014404297 0
1600 True 0.028883294658766955 0.0033779144287109375 0
1700 True 0.0719582326594288 0.003354787826538086 0
1800 True 0.030268737443099263 0.003015279769897461 0
1900 True 0.02272554455311518 0.0030362606048583984 0
2000 True 0.09171876575058428 0.003243684768676758 0
2100 True 0.06367758559635459 0.0034456253051757812 0
2200 True 0.09352199867756084 0.0028154850006103516 0
2300 True 0.06421239371342018 0.0028657913208007812 0
2400 True 0.029601588056677355 0.0033028125762939453 0
2500 True 0.09333632885981931 0.003336191177368164 0
2600 True 0.047552299571696065 0.003330230712890625 0
2700 True 0.03566128886280489 0.003346681594848633 0
2800 True 0.03370330627310018 0.0033788681030273438 0
2900 True 0.03685354940951689 0.003347635269165039 0
3000 True 0.04098865420396131 0.003929615020751953 0
3100 True 0.014190411347022433 0.003420114517211914 0
3200 True 0.03863165228154727 0.0034432411193847656 0
3300 True 0.0637362601683644 0.0033693313598632812 0
3400 True 0.05033019775196269 0.0028922557830810547 0
3500 True 0.07181156952709297 0.003279447555541992 0
3600 True 0.053872680328582855 0.004810810089111328 0
3700 True 0.056167056482163996 0.0035071372985839844 0
3800 True 0.0354613911791045 0.00327301025390625 0
3900 True 0.039521330737906674 0.0035102367401123047 0
4000 True 0.022960784232115804 0.0029141902923583984 0
4100 True 0.031018403617388474 0.0031523704528808594 0
4200 True 0.07275988281083196 0.0033309459686279297 0
4300 True 0.002558626788268072 0.0035963058471679688 0
4400 True 0.045931055302124504 0.003175973892211914 0
4500 True 0.003089721530178606 0.003580808639526367 0
4600 True 0.11694929965358544 0.003376007080078125 0
4700 True 0.023812268744122414 0.0030324459075927734 0
4800 True 0.0592801548168029 0.0029304027557373047 0
4900 True 0.03122882512834949 0.003107309341430664 0
5000 True 0.06595455565744072 0.0027077198028564453 0
5100 True 0.03360539679718452 0.002941608428955078 0
5200 True 0.06392316150735934 0.003115415573120117 0
5300 True 0.04158885585062475 0.003618955612182617 0
5400 True 0.06622044994422564 0.003355741500854492 0
5500 True 0.08587828655620419 0.0036220550537109375 0
5600 True 0.015778499233767996 0.0034415721893310547 0
5700 True 0.07148413686489624 0.003587961196899414 0
5800 True 0.0393979372215701 0.003370523452758789 0
5900 True 0.05603680060505472 0.0034494400024414062 0
6000 True 0.03618251049994748 0.003554105758666992 0
6100 True 0.05226941927853476 0.0038788318634033203 0
6200 True 0.035336056577047206 0.002876758575439453 0
6300 True 0.06643372422268329 0.003362417221069336 0
6400 True 0.022835502605400227 0.00348663330078125 0
6500 True 0.0735866339129834 0.0034644603729248047 0
6600 True 0.04778638160307827 0.0031299591064453125 0
6700 True 0.03805193885179689 0.0035893917083740234 0
6800 True 0.12747406150775006 0.0029680728912353516 0
6900 True 0.11954205372651155 0.0030150413513183594 0
7000 True 0.03439083123329252 0.002846240997314453 0
7100 True 0.05938813206563101 0.002908468246459961 0
7200 True 0.02396047880763712 0.00421452522277832 0
7300 True 0.038690842730020984 0.003831148147583008 0
7400 True 0.06737102932034712 0.0029959678649902344 0
7500 True 0.03239620224363131 0.0035524368286132812 0
7600 True 0.06451899280781273 0.003715991973876953 0
7700 True 0.01998469260374009 0.0034322738647460938 0
7800 True 0.05091130924445432 0.0034852027893066406 0
7900 True 0.024050242546200785 0.003525257110595703 0
8000 True 0.04110141816571331 0.003420114517211914 0
8100 True 0.024388759118022154 0.003312349319458008 0
8200 True 0.09120941329600038 0.003495454788208008 0
8300 True 0.08981495006495209 0.0029778480529785156 0
8400 True 0.05673252479144027 0.0034427642822265625 0
8500 True 0.06532820941266736 0.003346681594848633 0
8600 True 0.03416873455916128 0.003317117691040039 0
8700 True 0.03750063722465558 0.0035400390625 0
8800 True 0.15050951769112433 0.0033037662506103516 0
8900 True 0.03277614005196122 0.0035567283630371094 0
9000 True 0.05474817688100748 0.003765106201171875 0
9100 True 0.09164550168849302 0.0033965110778808594 0
9200 True 0.06286611618893383 0.003541231155395508 0
9300 True 0.17089464114809894 0.003454923629760742 0
9400 True 0.040563036653545825 0.0036287307739257812 0
9500 True 0.0672227786673546 0.003765106201171875 0
9600 True 0.11022070065606138 0.003505229949951172 0
9700 True 0.02506539651047405 0.003469705581665039 0
9800 True 0.06760164837924286 0.0035719871520996094 0
9900 True 0.04077039010157765 0.0037279129028320312 0
