0 True 0 0.005389690399169922 0
100 True 0 0.004357099533081055 0
200 True 0 0.0035910606384277344 0
300 True 0 0.0039708614349365234 0
400 True 0 0.0046503543853759766 0
500 True 0 0.004503011703491211 0
600 True 0 0.004790067672729492 0
700 True 0 0.003496885299682617 0
800 True 0 0.0035085678100585938 0
900 False 0 0.0 0
1000 True 0 0.004036426544189453 0
1100 True 0 0.003431558609008789 0
1200 True 0 0.003602266311645508 0
1300 True 0 0.003525257110595703 0
1400 True 0 0.0030629634857177734 0
1500 True 0 0.0034673213958740234 0
1600 True 0 0.003778219223022461 0
1700 True 0 0.003930091857910156 0
1800 True 0 0.0038709640502929688 0
1900 True 0 0.0036535263061523438 0
2000 True 0 0.003580808639526367 0
2100 True 0 0.0035886764526367188 0
2200 True 0 0.002922534942626953 0
2300 True 0 0.003607511520385742 0
2400 True 0 0.0035202503204345703 0
2500 True 0 0.0034542083740234375 0
2600 True 0 0.003559112548828125 0
2700 True 0 0.0038611888885498047 0
2800 True 0 0.004304170608520508 0
2900 True 0 0.003606557846069336 0
3000 True 0 0.0046215057373046875 0
3100 True 0 0.0038089752197265625 0
3200 True 0 0.003658294677734375 0
3300 True 0 0.0036356449127197266 0
3400 True 0 0.004065036773681641 0
3500 True 0 0.003905057907104492 0
3600 True 0 0.003803730010986328 0
3700 True 0 0.0033261775970458984 0
3800 True 0 0.003178834915161133 0
3900 True 0 0.003387451171875 0
4000 True 0 0.0033731460571289062 0
4100 True 0 0.003510713577270508 0
4200 True 0 0.003634214401245117 0
4300 True 0 0.0034046173095703125 0
4400 True 0 0.0030181407928466797 0
4500 False 0 0.0 0
4600 True 0 0.004065513610839844 0
4700 True 0 0.004351377487182617 0
4800 True 0 0.003437042236328125 0
4900 True 0 0.003499269485473633 0
5000 True 0 0.0035953521728515625 0
5100 True 0 0.003421306610107422 0
5200 True 0 0.0036275386810302734 0
5300 True 0 0.0034062862396240234 0
5400 True 0 0.003403902053833008 0
5500 True 0 0.0033423900604248047 0
5600 True 0 0.003573894500732422 0
5700 True 0 0.0034189224243164062 0
5800 True 0 0.0033087730407714844 0
5900 True 0 0.003570556640625 0
6000 True 0 0.0035469532012939453 0
6100 True 0 0.003426074981689453 0
6200 True 0 0.0035181045532226562 0
6300 True 0 0.0028192996978759766 0
6400 True 0 0.003329753875732422 0
6500 True 0 0.003741025924682617 0
6600 True 0 0.0036013126373291016 0
6700 True 0 0.0037250518798828125 0
6800 True 0 0.004010677337646484 0
6900 True 0 0.0035429000854492188 0
7000 True 0 0.0034945011138916016 0
7100 True 0 0.003467082977294922 0
7200 True 0 0.0035300254821777344 0
7300 True 0 0.002816438674926758 0
7400 True 0 0.002905130386352539 0
7500 True 0 0.0037508010864257812 0
7600 True 0 0.0033817291259765625 0
7700 True 0 0.0033855438232421875 0
7800 True 0 0.0036268234252929688 0
7900 True 0 0.003473997116088867 0
8000 True 0 0.0035440921783447266 0
8100 True 0 0.0031807422637939453 0
8200 True 0 0.0035805702209472656 0
8300 True 0 0.0033800601959228516 0
8400 True 0 0.003673553466796875 0
8500 True 0 0.003536701202392578 0
8600 True 0 0.003376483917236328 0
8700 True 0 0.0026879310607910156 0
8800 True 0 0.0027010440826416016 0
8900 True 0 0.003045320510864258 0
9000 True 0 0.004913806915283203 0
9100 True 0 0.00391077995300293 0
9200 True 0 0.002746105194091797 0
9300 True 0 0.0034422874450683594 0
9400 True 0 0.003486156463623047 0
9500 True 0 0.0036318302154541016 0
9600 True 0 0.003937721252441406 0
9700 True 0 0.004021167755126953 0
9800 True 0 0.003595590591430664 0
9900 True 0 0.003976345062255859 0
