0 True 0 0.004193305969238281 0
100 True 0 0.0040891170501708984 0
200 True 0 0.0035157203674316406 0
300 True 0 0.0036613941192626953 0
400 True 0 0.0038194656372070312 0
500 True 1 0.0038280487060546875 0
600 True 1 0.003543853759765625 0
700 True 0 0.0035262107849121094 0
800 True 0 0.0034694671630859375 0
900 True 0 0.0038433074951171875 0
1000 True 0 0.003470182418823242 0
1100 True 0 0.0037076473236083984 0
1200 True 0 0.0035648345947265625 0
1300 True 0 0.0035212039947509766 0
1400 True 0 0.0033998489379882812 0
1500 True 0 0.003720521926879883 0
1600 True 0 0.0035064220428466797 0
1700 True 0 0.0034852027893066406 0
1800 True 0 0.003349781036376953 0
1900 True 0 0.0035495758056640625 0
2000 True 0 0.0033388137817382812 0
2100 True 0 0.003272533416748047 0
2200 True 0 0.0034139156341552734 0
2300 True 0 0.0036058425903320312 0
2400 True 0 0.003331422805786133 0
2500 True 0 0.0033376216888427734 0
2600 True 0 0.0034515857696533203 0
2700 True 0 0.003383159637451172 0
2800 True 0 0.0034952163696289062 0
2900 True 0 0.003466367721557617 0
3000 True 0 0.0033991336822509766 0
3100 True 0 0.0035157203674316406 0
3200 True 0 0.003573894500732422 0
3300 True 0 0.003557920455932617 0
3400 True 0 0.0033495426177978516 0
3500 True 0 0.0033082962036132812 0
3600 True 0 0.0035767555236816406 0
3700 True 0 0.003486156463623047 0
3800 True 0 0.003359079360961914 0
3900 True 0 0.0035572052001953125 0
4000 True 0 0.003311634063720703 0
4100 True 0 0.003671407699584961 0
4200 True 0 0.003590822219848633 0
4300 True 0 0.0033974647521972656 0
4400 True 0 0.003512144088745117 0
4500 True 0 0.0035991668701171875 0
4600 True 1 0.0035507678985595703 0
4700 True 0 0.0034227371215820312 0
4800 True 0 0.003637552261352539 0
4900 True 0 0.002980470657348633 0
5000 True 0 0.003390789031982422 0
5100 True 0 0.0032668113708496094 0
5200 True 0 0.0037102699279785156 0
5300 True 0 0.003652811050415039 0
5400 True 0 0.0035300254821777344 0
5500 True 0 0.0034220218658447266 0
5600 True 0 0.003505229949951172 0
5700 True 0 0.004965305328369141 0
5800 True 0 0.003973722457885742 0
5900 True 0 0.0035881996154785156 0
6000 True 0 0.0035190582275390625 0
6100 True 0 0.0033380985260009766 0
6200 True 0 0.0036296844482421875 0
6300 True 0 0.0035953521728515625 0
6400 True 0 0.0035271644592285156 0
6500 True 0 0.0035161972045898438 0
6600 True 0 0.0033898353576660156 0
6700 True 0 0.003554105758666992 0
6800 True 1 0.0034248828887939453 0
6900 True 1 0.0026922225952148438 0
7000 True 0 0.0028693675994873047 0
7100 True 0 0.0031926631927490234 0
7200 True 0 0.003813028335571289 0
7300 True 0 0.0036878585815429688 0
7400 True 0 0.0033884048461914062 0
7500 True 0 0.0033822059631347656 0
7600 True 0 0.0033180713653564453 0
7700 True 0 0.0033118724822998047 0
7800 True 0 0.0034503936767578125 0
7900 True 0 0.003294706344604492 0
8000 True 0 0.003365755081176758 0
8100 True 0 0.004972934722900391 0
8200 True 0 0.0036203861236572266 0
8300 True 0 0.003365755081176758 0
8400 True 0 0.0035657882690429688 0
8500 True 0 0.002771139144897461 0
8600 True 0 0.002719402313232422 0
8700 True 0 0.0035681724548339844 0
8800 True 1 0.0033864974975585938 0
8900 True 0 0.0027892589569091797 0
9000 True 0 0.0033707618713378906 0
9100 True 0 0.0033397674560546875 0
9200 True 0 0.003623485565185547 0
9300 True 1 0.0036318302154541016 0
9400 True 0 0.003422975540161133 0
9500 True 0 0.0035278797149658203 0
9600 True 1 0.0036482810974121094 0
9700 True 0 0.0034470558166503906 0
9800 True 0 0.0034461021423339844 0
9900 True 0 0.0037078857421875 0
