0 True 0 0.004639148712158203 0
100 True 1 0.003579378128051758 0
200 True 1 0.0032587051391601562 0
300 True 0 0.003393411636352539 0
400 True 0 0.0036163330078125 0
500 True 1 0.0034050941467285156 0
600 True 1 0.004229307174682617 0
700 True 0 0.0035660266876220703 0
800 True 0 0.003284931182861328 0
900 True 0 0.0033326148986816406 0
1000 True 0 0.003484964370727539 0
1100 True 0 0.003405332565307617 0
1200 True 0 0.003429889678955078 0
1300 True 1 0.0036902427673339844 0
1400 True 1 0.002823352813720703 0
1500 True 0 0.0035071372985839844 0
1600 True 0 0.0033800601959228516 0
1700 True 1 0.0030646324157714844 0
1800 True 0 0.003528118133544922 0
1900 True 0 0.0033004283905029297 0
2000 True 1 0.0030477046966552734 0
2100 True 1 0.0033736228942871094 0
2200 True 0 0.003393411636352539 0
2300 True 0 0.0035238265991210938 0
2400 True 0 0.004666805267333984 0
2500 True 0 0.0037186145782470703 0
2600 True 1 0.0034606456756591797 0
2700 True 0 0.003509521484375 0
2800 True 1 0.0034432411193847656 0
2900 True 1 0.003782033920288086 0
3000 True 0 0.0032007694244384766 0
3100 True 0 0.003299236297607422 0
3200 True 1 0.0034737586975097656 0
3300 True 0 0.003214597702026367 0
3400 True 0 0.0033922195434570312 0
3500 True 1 0.0034208297729492188 0
3600 True 1 0.003461122512817383 0
3700 True 1 0.0035202503204345703 0
3800 True 0 0.0033898353576660156 0
3900 True 0 0.003273487091064453 0
4000 True 0 0.003396749496459961 0
4100 True 0 0.003210306167602539 0
4200 True 1 0.003270387649536133 0
4300 True 0 0.003360748291015625 0
4400 True 0 0.003180980682373047 0
4500 True 0 0.0028998851776123047 0
4600 True 1 0.0038700103759765625 0
4700 True 0 0.003342866897583008 0
4800 True 0 0.00472712516784668 0
4900 True 0 0.003573179244995117 0
5000 True 1 0.0033164024353027344 0
5100 True 0 0.003397703170776367 0
5200 True 0 0.007709503173828125 0
5300 True 0 0.003314495086669922 0
5400 True 1 0.003972053527832031 0
5500 True 1 0.003515481948852539 0
5600 True 0 0.0037491321563720703 0
5700 True 1 0.0033528804779052734 0
5800 True 0 0.0034508705139160156 0
5900 True 1 0.003422975540161133 0
6000 True 0 0.0033926963806152344 0
6100 True 1 0.0033228397369384766 0
6200 True 1 0.0033435821533203125 0
6300 True 1 0.0035858154296875 0
6400 True 0 0.0035195350646972656 0
6500 True 1 0.0033409595489501953 0
6600 True 1 0.0033957958221435547 0
6700 True 1 0.0036144256591796875 0
6800 True 1 0.0035200119018554688 0
6900 True 1 0.003363370895385742 0
7000 True 0 0.003602743148803711 0
7100 True 0 0.003524303436279297 0
7200 True 0 0.003248929977416992 0
7300 True 0 0.003484964370727539 0
7400 True 0 0.003437519073486328 0
7500 True 1 0.0035927295684814453 0
7600 True 1 0.0032379627227783203 0
7700 True 0 0.003429889678955078 0
7800 True 0 0.003554821014404297 0
7900 True 0 0.0028028488159179688 0
8000 True 1 0.0031952857971191406 0
8100 True 0 0.0030939579010009766 0
8200 True 1 0.0033164024353027344 0
8300 True 1 0.0033178329467773438 0
8400 True 1 0.003670930862426758 0
8500 True 1 0.0034995079040527344 0
8600 True 1 0.0045926570892333984 0
8700 True 0 0.0033082962036132812 0
8800 True 1 0.003377199172973633 0
8900 True 1 0.0032155513763427734 0
9000 True 0 0.003449678421020508 0
9100 True 1 0.0033860206604003906 0
9200 True 1 0.0034742355346679688 0
9300 True 1 0.0032885074615478516 0
9400 True 1 0.0033566951751708984 0
9500 True 0 0.0032262802124023438 0
9600 True 1 0.003440380096435547 0
9700 True 0 0.003139972686767578 0
9800 True 0 0.0032372474670410156 0
9900 True 1 0.003718852996826172 0
