0 True 0.023727126149349985 0.004332304000854492 0
100 True 0.029431517719012673 0.003391265869140625 0
200 True 0.03749179213097476 0.0037102699279785156 0
300 True 0.021127491409102393 0.004518985748291016 0
400 True 0.018639300404434882 0.004172086715698242 0
500 True 0.05384521455396742 0.0057947635650634766 0
600 True 0.02947846553260429 0.004056215286254883 0
700 True 0.020432929603533736 0.00400090217590332 0
800 True 0.020653383865029913 0.0053288936614990234 0
900 True 0.0035059884601277734 0.005098819732666016 0
1000 True 0.027722013205422977 0.004093170166015625 0
1100 True 0.030572985100077138 0.003801107406616211 0
1200 True 0.016465239775178105 0.003692150115966797 0
1300 True 0.026921987875547213 0.004536151885986328 0
1400 True 0.03127086589011107 0.004583597183227539 0
1500 True 0.006137605478080934 0.0039026737213134766 0
1600 True 0.014306163599418017 0.003898143768310547 0
1700 True 0.037737525109681355 0.004246234893798828 0
1800 True 0.026844117288303777 0.004000425338745117 0
1900 True 0.020154357913450636 0.004224300384521484 0
2000 True 0.027766557629781863 0.00422978401184082 0
2100 True 0.031663949283863305 0.0044019222259521484 0
2200 True 0.025961643420524774 0.00423741340637207 0
2300 True 0.024338166636226205 0.0037915706634521484 0
2400 True 0.019478882181738183 0.0032820701599121094 0
2500 True 0.026151820554449465 0.004146575927734375 0
2600 True 0.0488564197383505 0.003339529037475586 0
2700 True 0.015522517658334884 0.00470280647277832 0
2800 True 0.02690154453422979 0.0032198429107666016 0
2900 True 0.02222526595044027 0.003354787826538086 0
3000 True 0.02146697546050869 0.003298044204711914 0
3100 True 0.017595462119918654 0.003949880599975586 0
3200 True 0.03391590826426016 0.004701852798461914 0
3300 True 0.024785881501008668 0.004835605621337891 0
3400 True 0.02704207679034191 0.0031621456146240234 0
3500 True 0.030201051195425706 0.0033931732177734375 0
3600 True 0.023659966236992538 0.003278970718383789 0
3700 True 0.03518909729166071 0.0031065940856933594 0
3800 True 0.02413282923623235 0.0030486583709716797 0
3900 True 0.0190904981081601 0.003276824951171875 0
4000 True 0.013541114870136315 0.003194093704223633 0
4100 True 0.0265892934082844 0.0033156871795654297 0
4200 True 0.028055437040528815 0.0033097267150878906 0
4300 True 0.010103091210708655 0.0032241344451904297 0
4400 True 0.012125904014024996 0.0032167434692382812 0
4500 True 0.0013490811688812972 0.0035495758056640625 0
4600 True 0.05368907507121751 0.003753185272216797 0
4700 True 0.024967008181740493 0.004008769989013672 0
4800 True 0.02793282522144249 0.005672931671142578 0
4900 True 0.014458033078218333 0.004365205764770508 0
5000 True 0.026908903655077445 0.003403186798095703 0
5100 True 0.027430897956618124 0.004295825958251953 0
5200 True 0.02255060610235362 0.004462003707885742 0
5300 True 0.031773629070364864 0.004014015197753906 0
5400 True 0.03153845968714106 0.004199981689453125 0
5500 True 0.04754196633961514 0.004197120666503906 0
5600 True 0.006564191145942388 0.0037293434143066406 0
5700 True 0.03154982905135527 0.0039522647857666016 0
5800 True 0.023225277260793913 0.0036308765411376953 0
5900 True 0.03722795954034406 0.0038843154907226562 0
6000 True 0.02540740922193332 0.0037910938262939453 0
6100 True 0.04433506700001407 0.003928422927856445 0
6200 True 0.02658181814574223 0.0033864974975585938 0
6300 True 0.02740056865335947 0.0037641525268554688 0
6400 True 0.010012335159486088 0.003900289535522461 0
6500 True 0.038491218052858954 0.003876209259033203 0
6600 True 0.018418081158476703 0.003879070281982422 0
6700 True 0.022946430896568767 0.003106832504272461 0
6800 True 0.041313784011634304 0.0037572383880615234 0
6900 True 0.035981949139946415 0.0042612552642822266 0
7000 True 0.01662007548172517 0.00441741943359375 0
7100 True 0.015609773413007268 0.0044689178466796875 0
7200 True 0.02095769738134118 0.00416874885559082 0
7300 True 0.023279513753110746 0.004171133041381836 0
7400 True 0.014488667432597293 0.004358530044555664 0
7500 True 0.03551650755729217 0.004161357879638672 0
7600 True 0.022511007249978218 0.0034973621368408203 0
7700 True 0.023138283595843516 0.0036842823028564453 0
7800 True 0.02330180557908735 0.0044591426849365234 0
7900 True 0.019549585324608643 0.004173755645751953 0
8000 True 0.02574369014948244 0.004152774810791016 0
8100 True 0.020305151679146222 0.004213094711303711 0
8200 True 0.04034099278851746 0.0041103363037109375 0
8300 True 0.05011878545624944 0.003462553024291992 0
8400 True 0.02824200807253901 0.004171609878540039 0
8500 True 0.05147423624653462 0.004436016082763672 0
8600 True 0.021829986254934965 0.004096031188964844 0
8700 True 0.025373728958471273 0.004302024841308594 0
8800 True 0.05665131755199444 0.004118204116821289 0
8900 True 0.033294079712578264 0.0049631595611572266 0
9000 True 0.0316452396296402 0.003927707672119141 0
9100 True 0.05512255557918981 0.004607439041137695 0
9200 True 0.027917400948081053 0.004225254058837891 0
9300 True 0.036948046529025134 0.004487276077270508 0
9400 True 0.0204316356061558 0.004397392272949219 0
9500 True 0.014407492290187073 0.004108428955078125 0
9600 True 0.0389627905978912 0.00423121452331543 0
9700 True 0.009614587897111145 0.004289865493774414 0
9800 True 0.023158984376662566 0.003556489944458008 0
9900 True 0.03541001058358 0.003780364990234375 0
