0 True 0 0.005417585372924805 0
100 True 0 0.005211830139160156 0
200 True 0 0.004845142364501953 0
300 True 0 0.0036203861236572266 0
400 True 0 0.003848552703857422 0
500 True 0 0.0035300254821777344 0
600 True 0 0.0035240650177001953 0
700 True 0 0.003548145294189453 0
800 True 0 0.004925727844238281 0
900 True 0 0.005290031433105469 0
1000 True 0 0.0038590431213378906 0
1100 True 0 0.007824897766113281 0
1200 True 0 0.003963470458984375 0
1300 True 0 0.0038299560546875 0
1400 True 0 0.003926277160644531 0
1500 True 0 0.003659486770629883 0
1600 True 0 0.0037865638732910156 0
1700 True 0 0.0037212371826171875 0
1800 True 0 0.008899688720703125 0
1900 True 0 0.00429534912109375 0
2000 True 0 0.0039751529693603516 0
2100 True 0 0.003835439682006836 0
2200 True 0 0.00394749641418457 0
2300 True 0 0.003874540328979492 0
2400 True 0 0.0038919448852539062 0
2500 True 0 0.003963947296142578 0
2600 True 0 0.0037653446197509766 0
2700 True 0 0.003909587860107422 0
2800 True 0 0.003672361373901367 0
2900 True 0 0.0037920475006103516 0
3000 True 0 0.005038738250732422 0
3100 True 0 0.005580902099609375 0
3200 True 0 0.0031290054321289062 0
3300 True 0 0.0032405853271484375 0
3400 True 0 0.004104137420654297 0
3500 True 0 0.003905057907104492 0
3600 True 0 0.003983020782470703 0
3700 True 0 0.004464864730834961 0
3800 True 0 0.003939390182495117 0
3900 True 0 0.004136800765991211 0
4000 True 0 0.003677845001220703 0
4100 True 0 0.003974199295043945 0
4200 True 0 0.0038776397705078125 0
4300 True 0 0.0038912296295166016 0
4400 True 0 0.004031658172607422 0
4500 True 0 0.0037679672241210938 0
4600 True 0 0.00391077995300293 0
4700 True 0 0.00391387939453125 0
4800 True 0 0.003999471664428711 0
4900 True 0 0.0045397281646728516 0
5000 True 0 0.004437685012817383 0
5100 True 0 0.003950357437133789 0
5200 True 0 0.003979206085205078 0
5300 True 0 0.0032737255096435547 0
5400 True 0 0.0036334991455078125 0
5500 True 0 0.0038046836853027344 0
5600 True 0 0.003805875778198242 0
5700 True 0 0.004009723663330078 0
5800 True 0 0.0038123130798339844 0
5900 True 0 0.0037555694580078125 0
6000 True 0 0.003903627395629883 0
6100 True 0 0.0040378570556640625 0
6200 True 0 0.003880739212036133 0
6300 True 0 0.0037050247192382812 0
6400 True 0 0.003938913345336914 0
6500 True 0 0.0037326812744140625 0
6600 True 0 0.0035104751586914062 0
6700 True 0 0.004403114318847656 0
6800 True 0 0.004663228988647461 0
6900 True 0 0.004767894744873047 0
7000 True 0 0.0038497447967529297 0
7100 True 0 0.003932952880859375 0
7200 True 0 0.003676891326904297 0
7300 True 0 0.003813028335571289 0
7400 True 0 0.003841876983642578 0
7500 True 0 0.0037860870361328125 0
7600 True 0 0.003773927688598633 0
7700 True 0 0.0035965442657470703 0
7800 True 0 0.003935337066650391 0
7900 True 0 0.0037310123443603516 0
8000 True 0 0.0040853023529052734 0
8100 True 0 0.0035390853881835938 0
8200 True 0 0.004151344299316406 0
8300 True 0 0.0038521289825439453 0
8400 True 0 0.0036935806274414062 0
8500 True 0 0.0038237571716308594 0
8600 True 0 0.003985166549682617 0
8700 True 0 0.0038709640502929688 0
8800 True 0 0.003885507583618164 0
8900 True 0 0.0030791759490966797 0
9000 True 0 0.0038251876831054688 0
9100 True 0 0.003829479217529297 0
9200 True 0 0.003789186477661133 0
9300 True 0 0.0037834644317626953 0
9400 True 0 0.003862619400024414 0
9500 True 0 0.004322528839111328 0
9600 True 0 0.003737211227416992 0
9700 True 0 0.0032143592834472656 0
9800 True 0 0.00396418571472168 0
9900 True 0 0.003935813903808594 0
