0 True 0.012903221438400536 0.01157832145690918 0
100 True 0.030100531294268432 0.0036530494689941406 0
200 True 0.005942662467684148 0.0033669471740722656 0
300 True 0.010738891216631387 0.0033333301544189453 0
400 True 0.010895573339558644 0.003401517868041992 0
500 True 0.027884890437229894 0.0034453868865966797 0
600 True 0.02379661384740205 0.0032989978790283203 0
700 True 0.013481281436424112 0.0034067630767822266 0
800 True 0.005390397594168876 0.0032999515533447266 0
900 False 0.0 0.0 0
1000 True 0.007482642996467021 0.0034859180450439453 0
1100 True 0.009952162996489275 0.0033545494079589844 0
1200 True 0.00596227810455912 0.0033502578735351562 0
1300 True 0.022701462601435435 0.0032334327697753906 0
1400 True 0.009757393309406155 0.0033359527587890625 0
1500 True 0.0010562883506480864 0.0035436153411865234 0
1600 True 0.0076718740855152515 0.004078865051269531 0
1700 True 0.011449153726210087 0.004463911056518555 0
1800 True 0.012915393488595142 0.004522562026977539 0
1900 True 0.0054217864145622305 0.005480766296386719 0
2000 True 0.01979380429856984 0.0037145614624023438 0
2100 True 0.017107627278883628 0.0055162906646728516 0
2200 True 0.016980952631527033 0.004977226257324219 0
2300 True 0.01538900821571973 0.0050199031829833984 0
2400 True 0.011110794659996842 0.004199504852294922 0
2500 True 0.023126175522196247 0.0036270618438720703 0
2600 True 0.013191697435608184 0.003638744354248047 0
2700 True 0.0055025225792777795 0.003454446792602539 0
2800 True 0.010758568109011896 0.003652811050415039 0
2900 True 0.010394446754145574 0.00568699836730957 0
3000 True 0.010271477861073984 0.003679513931274414 0
3100 True 0.006693665811397414 0.005173921585083008 0
3200 True 0.01383091804563383 0.0035796165466308594 0
3300 True 0.027536286184365964 0.003614664077758789 0
3400 True 0.014842901388003196 0.003599882125854492 0
3500 True 0.02771932976618373 0.0036897659301757812 0
3600 True 0.00857119656276783 0.0035953521728515625 0
3700 True 0.020619351990226246 0.004406452178955078 0
3800 True 0.009663268725517314 0.003560304641723633 0
3900 True 0.014227445587180889 0.0035173892974853516 0
4000 True 0.012049151298564273 0.0038995742797851562 0
4100 True 0.006202227554228446 0.0034792423248291016 0
4200 True 0.018310273767720504 0.0036666393280029297 0
4300 True 0.001876212533436952 0.0036089420318603516 0
4400 True 0.011173013247549235 0.0034477710723876953 0
4500 False 0.0 0.0 0
4600 True 0.026039163892484982 0.003367900848388672 0
4700 True 0.012407920933922722 0.0033190250396728516 0
4800 True 0.013198266686227103 0.003259897232055664 0
4900 True 0.008492706475299403 0.0033435821533203125 0
5000 True 0.019051212371617186 0.003606081008911133 0
5100 True 0.00938770264694308 0.0034036636352539062 0
5200 True 0.011851907016996012 0.0034329891204833984 0
5300 True 0.013401487420234216 0.003502368927001953 0
5400 True 0.016617079631116534 0.0034608840942382812 0
5500 True 0.02275829160012982 0.0034842491149902344 0
5600 True 0.000996914581794007 0.003725290298461914 0
5700 True 0.019841544573119183 0.0034029483795166016 0
5800 True 0.013582589663420899 0.003461599349975586 0
5900 True 0.019961736046853494 0.004645824432373047 0
6000 True 0.008563083953285379 0.0034332275390625 0
6100 True 0.025417954480894737 0.0034694671630859375 0
6200 True 0.010364987059353783 0.003386259078979492 0
6300 True 0.015329340603732632 0.003529071807861328 0
6400 True 0.004268567164201492 0.003359556198120117 0
6500 True 0.02001829652034251 0.0034668445587158203 0
6600 True 0.022735983157329814 0.0034639835357666016 0
6700 True 0.012546482081896251 0.0035636425018310547 0
6800 True 0.0129759293603173 0.0034334659576416016 0
6900 True 0.0189421680305374 0.00347137451171875 0
7000 True 0.0140821607024127 0.0033371448516845703 0
7100 True 0.01233076915173712 0.003477334976196289 0
7200 True 0.00602873185392929 0.003351449966430664 0
7300 True 0.008821059784255281 0.003317594528198242 0
7400 True 0.014395279492115946 0.003396749496459961 0
7500 True 0.011620457497435621 0.0035300254821777344 0
7600 True 0.01325313495479368 0.003429412841796875 0
7700 True 0.013622053797136898 0.0035543441772460938 0
7800 True 0.013231986810210615 0.003519296646118164 0
7900 True 0.007190408353782774 0.0034418106079101562 0
8000 True 0.010304247143649962 0.0033447742462158203 0
8100 True 0.009027610278388071 0.003346681594848633 0
8200 True 0.021935564702528852 0.0033838748931884766 0
8300 True 0.019297104140835897 0.003308534622192383 0
8400 True 0.02148868646022768 0.003489971160888672 0
8500 True 0.022096021769561672 0.0042572021484375 0
8600 True 0.013573925745443312 0.0035233497619628906 0
8700 True 0.013711956660905725 0.003455638885498047 0
8800 True 0.02387989277295203 0.003376007080078125 0
8900 True 0.012610331069027264 0.0032906532287597656 0
9000 True 0.01802500818346677 0.0035352706909179688 0
9100 True 0.020597192256812554 0.0033686161041259766 0
9200 True 0.016484379855643595 0.0033884048461914062 0
9300 True 0.020058320134387984 0.0038487911224365234 0
9400 True 0.003953982249409238 0.00417017936706543 0
9500 True 0.005721785737603979 0.0056781768798828125 0
9600 True 0.017089574415886214 0.006018400192260742 0
9700 True 0.012908524567575807 0.006084442138671875 0
9800 True 0.013409203500658051 0.005110502243041992 0
9900 True 0.014618860184696382 0.00579071044921875 0
