0 True 0 0.007032632827758789 0
100 True 0 0.003529071807861328 0
200 True 0 0.0034775733947753906 0
300 True 0 0.003480672836303711 0
400 True 0 0.003935575485229492 0
500 True 0 0.0035848617553710938 0
600 True 0 0.003191232681274414 0
700 True 0 0.0039038658142089844 0
800 True 0 0.0033211708068847656 0
900 False 0 0.0 0
1000 True 0 0.004397153854370117 0
1100 True 0 0.003953456878662109 0
1200 True 0 0.003495454788208008 0
1300 True 0 0.005992412567138672 0
1400 True 0 0.003992557525634766 0
1500 True 0 0.0035600662231445312 0
1600 True 0 0.003454446792602539 0
1700 True 0 0.003646373748779297 0
1800 True 0 0.0033545494079589844 0
1900 True 0 0.0032198429107666016 0
2000 True 0 0.0033719539642333984 0
2100 True 0 0.0033218860626220703 0
2200 True 0 0.0031862258911132812 0
2300 True 0 0.0032091140747070312 0
2400 True 0 0.006853580474853516 0
2500 True 0 0.003441333770751953 0
2600 True 0 0.0033576488494873047 0
2700 True 0 0.003239154815673828 0
2800 True 0 0.0032320022583007812 0
2900 True 0 0.0033507347106933594 0
3000 True 0 0.003552675247192383 0
3100 True 0 0.0031888484954833984 0
3200 True 0 0.003354310989379883 0
3300 True 0 0.0038449764251708984 0
3400 True 0 0.0032472610473632812 0
3500 True 0 0.0032248497009277344 0
3600 True 0 0.006596088409423828 0
3700 True 0 0.003388643264770508 0
3800 True 0 0.0032384395599365234 0
3900 True 0 0.007555961608886719 0
4000 True 0 0.003871917724609375 0
4100 True 0 0.0034799575805664062 0
4200 True 0 0.003293275833129883 0
4300 True 0 0.0033333301544189453 0
4400 True 0 0.0033202171325683594 0
4500 False 0 0.0 0
4600 True 0 0.0032889842987060547 0
4700 True 0 0.0033185482025146484 0
4800 True 0 0.0032465457916259766 0
4900 True 0 0.0032236576080322266 0
5000 True 0 0.003366708755493164 0
5100 True 0 0.0034227371215820312 0
5200 True 0 0.003364086151123047 0
5300 True 0 0.0032329559326171875 0
5400 True 0 0.0033533573150634766 0
5500 True 0 0.0035448074340820312 0
5600 True 0 0.003314495086669922 0
5700 True 0 0.0032606124877929688 0
5800 True 0 0.003362894058227539 0
5900 True 0 0.003258228302001953 0
6000 True 0 0.003171205520629883 0
6100 True 0 0.0031807422637939453 0
6200 True 0 0.0033311843872070312 0
6300 True 0 0.003391265869140625 0
6400 True 0 0.0033118724822998047 0
6500 True 0 0.003238201141357422 0
6600 True 0 0.003435850143432617 0
6700 True 0 0.0032007694244384766 0
6800 True 0 0.003218412399291992 0
6900 True 0 0.0033636093139648438 0
7000 True 0 0.003297090530395508 0
7100 True 0 0.0032308101654052734 0
7200 True 0 0.0032896995544433594 0
7300 True 0 0.003134489059448242 0
7400 True 0 0.0031528472900390625 0
7500 True 0 0.0031599998474121094 0
7600 True 0 0.0031735897064208984 0
7700 True 0 0.0031058788299560547 0
7800 True 0 0.0032494068145751953 0
7900 True 0 0.00310516357421875 0
8000 True 0 0.0032007694244384766 0
8100 True 0 0.0032045841217041016 0
8200 True 0 0.0032873153686523438 0
8300 True 0 0.003144979476928711 0
8400 True 0 0.0032248497009277344 0
8500 True 0 0.0031652450561523438 0
8600 True 0 0.0032432079315185547 0
8700 True 0 0.003147125244140625 0
8800 True 0 0.003198862075805664 0
8900 True 0 0.003101348876953125 0
9000 True 0 0.0034775733947753906 0
9100 True 0 0.003930330276489258 0
9200 True 0 0.0040433406829833984 0
9300 True 0 0.004315853118896484 0
9400 True 0 0.0037119388580322266 0
9500 True 0 0.0033333301544189453 0
9600 True 0 0.0034787654876708984 0
9700 True 0 0.0034508705139160156 0
9800 True 0 0.0038034915924072266 0
9900 True 0 0.003274202346801758 0
