0 True 0.13211084147720353 0.006758213043212891 0
100 True 0.13549661478181482 0.004289150238037109 0
200 True 0.061968595996609345 0.003206968307495117 0
300 True 0.07910835909336895 0.00414276123046875 0
400 True 0.04278313154250993 0.003269195556640625 0
500 True 0.13344512571750153 0.006388664245605469 0
600 True 0.1413083254328549 0.004381656646728516 0
700 True 0.06481190024322211 0.00402522087097168 0
800 True 0.04044973112208736 0.0032663345336914062 0
900 True 0.03556930898317931 0.004050493240356445 0
1000 True 0.049041636445479056 0.0036215782165527344 0
1100 True 0.06753808278314927 0.003286600112915039 0
1200 True 0.041370387136937366 0.003850221633911133 0
1300 True 0.11580033709000033 0.003415822982788086 0
1400 True 0.06727972211797102 0.0032269954681396484 0
1500 True 0.019146307830255813 0.003845691680908203 0
1600 True 0.028072031074598932 0.0034170150756835938 0
1700 True 0.059754894067813896 0.0033416748046875 0
1800 True 0.08464955790652913 0.0032532215118408203 0
1900 True 0.03836863167057857 0.003890514373779297 0
2000 True 0.09082464001292757 0.003737926483154297 0
2100 True 0.07638622046363315 0.0033745765686035156 0
2200 True 0.1082839975232978 0.0037610530853271484 0
2300 True 0.06125029926534425 0.0038106441497802734 0
2400 True 0.04573876998412292 0.0036687850952148438 0
2500 True 0.12212237149412351 0.004124164581298828 0
2600 True 0.0751053189621753 0.0035080909729003906 0
2700 True 0.050677502723746805 0.00379180908203125 0
2800 True 0.04777090557213525 0.00420689582824707 0
2900 True 0.06295109762979462 0.0036880970001220703 0
3000 True 0.04826008841734959 0.003595113754272461 0
3100 True 0.029392666702482438 0.004373073577880859 0
3200 True 0.08531688302649862 0.0031669139862060547 0
3300 True 0.1377053422329075 0.0038399696350097656 0
3400 True 0.1490385564886021 0.004122018814086914 0
3500 True 0.10368107697981441 0.003807544708251953 0
3600 True 0.03453083459373415 0.0036334991455078125 0
3700 True 0.1267917365813301 0.004280805587768555 0
3800 True 0.06662425927321733 0.0036346912384033203 0
3900 True 0.053745416405997094 0.003369569778442383 0
4000 True 0.03753402356055443 0.004485130310058594 0
4100 True 0.025259250953334127 0.003323793411254883 0
4200 True 0.16857514833328593 0.003314971923828125 0
4300 True 0.02134479133286281 0.0034940242767333984 0
4400 True 0.03480993229609659 0.0034601688385009766 0
4500 True 0.004189680410200356 0.004871368408203125 0
4600 True 0.1306065469328331 0.004490375518798828 0
4700 True 0.05157707805326405 0.004283905029296875 0
4800 True 0.11150863912544909 0.0039594173431396484 0
4900 True 0.04140585077123 0.0046539306640625 0
5000 True 0.10007844492009577 0.00434112548828125 0
5100 True 0.06269284810349089 0.003863096237182617 0
5200 True 0.08501157777822405 0.0036530494689941406 0
5300 True 0.06602572250593325 0.00400853157043457 0
5400 True 0.048199293671712315 0.0032472610473632812 0
5500 True 0.1356744310805105 0.004700660705566406 0
5600 True 0.025294044709013818 0.004316568374633789 0
5700 True 0.12134032924222277 0.0037093162536621094 0
5800 True 0.06120369927511038 0.003270387649536133 0
5900 True 0.12867194218234002 0.003920316696166992 0
6000 True 0.04356131319767294 0.0032813549041748047 0
6100 True 0.11059416938240149 0.003243684768676758 0
6200 True 0.06544868903561295 0.003895998001098633 0
6300 True 0.14072111720163166 0.0035829544067382812 0
6400 True 0.030561542150062147 0.00319671630859375 0
6500 True 0.0853966135664521 0.0038700103759765625 0
6600 True 0.07257432839457259 0.0033140182495117188 0
6700 True 0.09046955615811726 0.003458738327026367 0
6800 True 0.13050608022850224 0.003969669342041016 0
6900 True 0.12616575181298748 0.003431558609008789 0
7000 True 0.06209144265199012 0.0032622814178466797 0
7100 True 0.057426216232361896 0.0035338401794433594 0
7200 True 0.03388567261364242 0.003549337387084961 0
7300 True 0.06056118223640509 0.003305196762084961 0
7400 True 0.09563156536031008 0.0032520294189453125 0
7500 True 0.074716831529411 0.004926204681396484 0
7600 True 0.059506008164310856 0.0037224292755126953 0
7700 True 0.04792097392470375 0.0033903121948242188 0
7800 True 0.09227522882082924 0.004197359085083008 0
7900 True 0.026407124941731804 0.004594564437866211 0
8000 True 0.054677792093593906 0.0033674240112304688 0
8100 True 0.046029988282742976 0.004041194915771484 0
8200 True 0.09770197804411193 0.003312826156616211 0
8300 True 0.10004516414621552 0.0035164356231689453 0
8400 True 0.11457312069384684 0.0036706924438476562 0
8500 True 0.11973107833233333 0.003973960876464844 0
8600 True 0.06575767361884327 0.003670930862426758 0
8700 True 0.07763887112399899 0.003876209259033203 0
8800 True 0.16682720516605784 0.00370025634765625 0
8900 True 0.07656903843782373 0.003694772720336914 0
9000 True 0.09199404030537042 0.004003763198852539 0
9100 True 0.14894894928462662 0.0038971900939941406 0
9200 True 0.08284433121493866 0.003556489944458008 0
9300 True 0.20764548947185835 0.0040204524993896484 0
9400 True 0.03884683059268149 0.003273487091064453 0
9500 True 0.04813189431638043 0.0037364959716796875 0
9600 True 0.1279784947849205 0.003665924072265625 0
9700 True 0.056080445961215024 0.00488591194152832 0
9800 True 0.07426287073427389 0.0037317276000976562 0
9900 True 0.08447783946858678 0.003225088119506836 0
