0 True 0.004094859543320453 1.4905426502227783 0
100 True 0.0018620347943743385 0.0046176910400390625 0
200 True 0.004608168917940944 0.004114389419555664 0
300 True 0.0011292794537192572 0.006059885025024414 0
400 True 0.001619058668733135 0.006776332855224609 0
500 True 0.008088173039368303 0.004114627838134766 0
600 True 0.002169887632351932 0.004193305969238281 0
700 True 0.0021700539985671265 0.00393366813659668 0
800 True 0.0016915495673068969 0.00455021858215332 0
900 True 0.0008210458865785215 0.00406193733215332 0
1000 True 0.00394186812155295 0.004031658172607422 0
1100 True 0.004222088485144801 0.021536588668823242 0
1200 True 0.00079367571860425 0.0040130615234375 0
1300 True 0.0032922237276556943 0.004088640213012695 0
1400 True 0.0023338872512945817 0.00403141975402832 0
1500 False 0.0 0.0 0
1600 True 0.003425217178776394 0.0040225982666015625 0
1700 True 0.0015693247118200612 0.0042073726654052734 0
1800 True 0.0012504778630756032 0.00439906120300293 0
1900 True 0.0015183612173233312 0.00792837142944336 0
2000 True 0.0020911966871407003 0.004027605056762695 0
2100 True 0.004137564530373016 0.0039768218994140625 0
2200 True 0.0012106498743672893 0.003945827484130859 0
2300 True 0.004635266322552837 0.004445552825927734 0
2400 True 0.003369496459783351 0.00449061393737793 0
2500 True 0.001984610291648735 0.004177570343017578 0
2600 True 0.0022992162281020656 0.00400996208190918 0
2700 True 0.003658883646314807 0.003929853439331055 0
2800 True 0.002469427139006867 0.004106998443603516 0
2900 True 0.003470772284707448 0.004054069519042969 0
3000 True 0.0020833228459376405 0.02082347869873047 0
3100 True 0.0033062583971130853 0.004208087921142578 0
3200 True 0.005012654655870701 0.004107236862182617 0
3300 True 0.003911492366616996 0.004159688949584961 0
3400 True 0.004086528398507268 0.0039708614349365234 0
3500 True 0.004352033209838581 0.0041310787200927734 0
3600 True 0.0024488112305494593 0.004095315933227539 0
3700 True 0.00427782214964835 0.00400090217590332 0
3800 True 0.0018158848653109742 0.021840572357177734 0
3900 True 0.002546247860602314 0.006979465484619141 0
4000 True 0.001281832092427119 0.015267133712768555 0
4100 True 0.0028269771681529677 0.006474494934082031 0
4200 True 0.003971093661216158 0.021750450134277344 0
4300 True 0.0012050449184695848 0.01763916015625 0
4400 True 0.001770417886522806 0.023188114166259766 0
4500 False 0.0 0.0 0
4600 True 0.007940970386503822 0.00418853759765625 0
4700 True 0.004376345263519975 0.003960371017456055 0
4800 True 0.004408654997125407 0.004459857940673828 0
4900 True 0.0032308714665662797 0.004111051559448242 0
5000 True 0.0065395496322241415 0.004057407379150391 0
5100 True 0.0036490554254338735 0.003892183303833008 0
5200 True 0.004377559257232573 0.004303693771362305 0
5300 True 0.002088944728151298 0.004015445709228516 0
5400 True 0.0031502174974701604 0.004086971282958984 0
5500 True 0.004034809658056558 0.004563570022583008 0
5600 True 0.001558542148003637 0.004439353942871094 0
5700 True 0.0066698563446093255 0.004237651824951172 0
5800 True 0.004617368302092669 0.004857301712036133 0
5900 True 0.004110861482401307 0.004550457000732422 0
6000 True 0.002462045557442267 0.004114866256713867 0
6100 True 0.0038776985131113288 0.004011631011962891 0
6200 True 0.004838391742443642 0.003954887390136719 0
6300 True 0.0041411506204228465 0.005013465881347656 0
6400 True 0.0006649125686446503 0.004990339279174805 0
6500 True 0.0033556832848110085 0.004114389419555664 0
6600 True 0.0025672582639570353 0.004599571228027344 0
6700 True 0.0022545921563875897 0.004184722900390625 0
6800 True 0.002010113350818865 0.003996849060058594 0
6900 True 0.0020577173850819634 0.0039865970611572266 0
7000 True 0.002351444180412469 0.004709720611572266 0
7100 True 0.0023345080692678977 0.004407405853271484 0
7200 True 0.0018936679104547736 0.022777557373046875 0
7300 True 0.0036882373677640215 0.022466659545898438 0
7400 True 0.0022987315437319484 0.009433984756469727 0
7500 True 0.0021912637072646146 0.004511356353759766 0
7600 True 0.0025034868436396187 0.0041179656982421875 0
7700 True 0.00427392024948803 0.004060983657836914 0
7800 True 0.0029474818117166688 0.004337310791015625 0
7900 True 0.0015330469048395919 0.0040721893310546875 0
8000 True 0.0033910175324743594 0.004372596740722656 0
8100 True 0.0021255409114829212 0.004039287567138672 0
8200 True 0.002178768197075795 0.00894474983215332 0
8300 True 0.002633678702636369 0.004252433776855469 0
8400 True 0.004399994566251263 0.004692554473876953 0
8500 True 0.004458655348990756 0.004345417022705078 0
8600 True 0.0025987510113775953 0.003969669342041016 0
8700 True 0.004332454483608772 0.004575014114379883 0
8800 True 0.0031653257801097755 0.004601716995239258 0
8900 True 0.005032950237568663 0.005480766296386719 0
9000 True 0.003562168352931041 0.003979921340942383 0
9100 True 0.007529191570643337 0.004173994064331055 0
9200 True 0.0021641901378030306 0.004065036773681641 0
9300 True 0.004131592178168089 0.0039157867431640625 0
9400 True 0.0037395457808559462 0.003962993621826172 0
9500 True 0.0028083670037323412 0.004021406173706055 0
9600 True 0.0027649705594263727 0.0046405792236328125 0
9700 True 0.0009553799445835079 0.0039615631103515625 0
9800 True 0.001289730517948018 0.00404667854309082 0
9900 True 0.0022480074570334664 0.004099130630493164 0
