0 True 0 1.7494275569915771 0
100 True 0 0.004542112350463867 0
200 True 0 0.004240512847900391 0
300 True 0 0.004047870635986328 0
400 True 0 0.003933429718017578 0
500 True 0 0.00397801399230957 0
600 True 0 0.0043413639068603516 0
700 True 0 0.004652976989746094 0
800 True 0 0.004106283187866211 0
900 True 0 0.004637002944946289 0
1000 True 0 0.003993988037109375 0
1100 True 0 0.003952980041503906 0
1200 True 0 0.00468754768371582 0
1300 True 0 0.004682779312133789 0
1400 True 0 0.007039546966552734 0
1500 False 0 0.0 0
1600 True 0 0.004658937454223633 0
1700 True 0 0.004607677459716797 0
1800 True 0 0.005695819854736328 0
1900 True 0 0.004297018051147461 0
2000 True 0 0.004817962646484375 0
2100 True 0 0.0049092769622802734 0
2200 True 0 0.00440669059753418 0
2300 True 0 0.0042285919189453125 0
2400 True 0 0.004065275192260742 0
2500 True 0 0.004302978515625 0
2600 True 0 0.004350900650024414 0
2700 True 0 0.004996299743652344 0
2800 True 0 0.004158973693847656 0
2900 True 0 0.0042629241943359375 0
3000 True 0 0.0044634342193603516 0
3100 True 0 0.004185199737548828 0
3200 True 0 0.004433393478393555 0
3300 True 0 0.021752595901489258 0
3400 True 0 0.02271890640258789 0
3500 True 0 0.02317523956298828 0
3600 True 0 0.00988626480102539 0
3700 True 0 0.02412247657775879 0
3800 True 0 0.016199588775634766 0
3900 True 0 0.0236358642578125 0
4000 True 0 0.017899036407470703 0
4100 True 0 0.00458216667175293 0
4200 True 0 0.004276275634765625 0
4300 True 0 0.003897428512573242 0
4400 True 0 0.0038611888885498047 0
4500 False 0 0.0 0
4600 True 0 0.004105091094970703 0
4700 True 0 0.004461765289306641 0
4800 True 0 0.004787921905517578 0
4900 True 0 0.0047760009765625 0
5000 True 0 0.004684925079345703 0
5100 True 0 0.004153251647949219 0
5200 True 0 0.017363309860229492 0
5300 True 0 0.004748821258544922 0
5400 True 0 0.003962993621826172 0
5500 True 0 0.004118442535400391 0
5600 True 0 0.0046770572662353516 0
5700 True 0 0.00455784797668457 0
5800 True 0 0.004069089889526367 0
5900 True 0 0.0044879913330078125 0
6000 True 0 0.004018068313598633 0
6100 True 0 0.004793643951416016 0
6200 True 0 0.004249095916748047 0
6300 True 0 0.004197120666503906 0
6400 True 0 0.004587650299072266 0
6500 True 0 0.004855155944824219 0
6600 True 0 0.022132158279418945 0
6700 True 0 0.0056760311126708984 0
6800 True 0 0.006819725036621094 0
6900 True 0 0.005855083465576172 0
7000 True 0 0.004101276397705078 0
7100 True 0 0.004320859909057617 0
7200 True 0 0.004557609558105469 0
7300 True 0 0.004717588424682617 0
7400 True 0 0.0041141510009765625 0
7500 True 0 0.0042171478271484375 0
7600 True 0 0.004278659820556641 0
7700 True 0 0.0045146942138671875 0
7800 True 0 0.004226207733154297 0
7900 True 0 0.0046672821044921875 0
8000 True 0 0.003974437713623047 0
8100 True 0 0.004572391510009766 0
8200 True 0 0.008557796478271484 0
8300 True 0 0.004372358322143555 0
8400 True 0 0.004114866256713867 0
8500 True 0 0.0043964385986328125 0
8600 True 0 0.004685401916503906 0
8700 True 0 0.004692792892456055 0
8800 True 0 0.004472255706787109 0
8900 True 0 0.004681825637817383 0
9000 True 0 0.0043375492095947266 0
9100 True 0 0.0046176910400390625 0
9200 True 0 0.0043222904205322266 0
9300 True 0 0.004634857177734375 0
9400 True 0 0.016544580459594727 0
9500 True 0 0.0041964054107666016 0
9600 True 0 0.0047910213470458984 0
9700 True 0 0.004518032073974609 0
9800 True 0 0.00422358512878418 0
9900 True 0 0.004213809967041016 0
