0 True 0 2.184779405593872 0
100 True 0 0.004250526428222656 0
200 False 0 0.0 0
300 False 0 0.0 0
400 False 0 0.0 0
500 False 0 0.0 0
600 False 0 0.0 0
700 True 0 0.004169940948486328 0
800 True 0 0.004698753356933594 0
900 True 0 0.004575252532958984 0
1000 False 0 0.0 0
1100 True 0 0.007659912109375 0
1200 True 0 0.004840373992919922 0
1300 False 0 0.0 0
1400 False 0 0.0 0
1500 False 0 0.0 0
1600 False 0 0.0 0
1700 True 0 0.0047321319580078125 0
1800 False 0 0.0 0
1900 False 0 0.0 0
2000 False 0 0.0 0
2100 False 0 0.0 0
2200 False 0 0.0 0
2300 False 0 0.0 0
2400 False 0 0.0 0
2500 False 0 0.0 0
2600 True 0 0.0046007633209228516 0
2700 True 0 0.004054069519042969 0
2800 False 0 0.0 0
2900 False 0 0.0 0
3000 True 0 0.004025936126708984 0
3100 False 0 0.0 0
3200 False 0 0.0 0
3300 False 0 0.0 0
3400 True 0 0.004610538482666016 0
3500 False 0 0.0 0
3600 False 0 0.0 0
3700 False 0 0.0 0
3800 False 0 0.0 0
3900 True 0 0.004411458969116211 0
4000 False 0 0.0 0
4100 False 0 0.0 0
4200 True 0 0.004551887512207031 0
4300 False 0 0.0 0
4400 False 0 0.0 0
4500 False 0 0.0 0
4600 False 0 0.0 0
4700 False 0 0.0 0
4800 True 0 0.005150556564331055 0
4900 False 0 0.0 0
5000 False 0 0.0 0
5100 False 0 0.0 0
5200 False 0 0.0 0
5300 False 0 0.0 0
5400 False 0 0.0 0
5500 False 0 0.0 0
5600 True 0 0.004091024398803711 0
5700 False 0 0.0 0
5800 False 0 0.0 0
5900 False 0 0.0 0
6000 False 0 0.0 0
6100 False 0 0.0 0
6200 False 0 0.0 0
6300 False 0 0.0 0
6400 True 0 0.004682302474975586 0
6500 False 0 0.0 0
6600 False 0 0.0 0
6700 False 0 0.0 0
6800 False 0 0.0 0
6900 True 0 0.004190206527709961 0
7000 True 0 0.004691123962402344 0
7100 False 0 0.0 0
7200 False 0 0.0 0
7300 True 0 0.0041027069091796875 0
7400 False 0 0.0 0
7500 False 0 0.0 0
7600 True 0 0.004427909851074219 0
7700 False 0 0.0 0
7800 False 0 0.0 0
7900 False 0 0.0 0
8000 False 0 0.0 0
8100 True 0 0.0042841434478759766 0
8200 True 0 0.004263401031494141 0
8300 False 0 0.0 0
8400 False 0 0.0 0
8500 False 0 0.0 0
8600 True 0 0.004166841506958008 0
8700 False 0 0.0 0
8800 False 0 0.0 0
8900 False 0 0.0 0
9000 True 0 0.004098415374755859 0
9100 False 0 0.0 0
9200 True 0 0.004212379455566406 0
9300 False 0 0.0 0
9400 False 0 0.0 0
9500 False 0 0.0 0
9600 False 0 0.0 0
9700 False 0 0.0 0
9800 True 0 0.0041081905364990234 0
9900 True 0 0.017245769500732422 0
