0 True 0.014881360910863065 2.303013801574707 0
100 True 0.012353301884279888 0.011364221572875977 0
200 True 0.019280441281618713 0.022058725357055664 0
300 True 0.0032801145406276956 0.022116899490356445 0
400 True 0.01396086554270683 0.004398822784423828 0
500 True 0.016352272271429123 0.004082918167114258 0
600 True 0.011213788615195622 0.005866527557373047 0
700 True 0.05046222401305926 0.004826784133911133 0
800 True 0.007409244871877546 0.0041046142578125 0
900 False 0.0 0.0 0
1000 True 0.007388697055160567 0.0041162967681884766 0
1100 True 0.01681242302761481 0.00443267822265625 0
1200 True 0.005863726971664948 0.005082368850708008 0
1300 True 0.008926011823163306 0.004731655120849609 0
1400 True 0.011220710516667629 0.004262685775756836 0
1500 False 0.0 0.0 0
1600 True 0.012456718609055976 0.004146575927734375 0
1700 True 0.04167410027636484 0.004011631011962891 0
1800 True 0.0048749578329684885 0.004038572311401367 0
1900 True 0.011707896892486 0.0044209957122802734 0
2000 True 0.0083335831983939 0.004246711730957031 0
2100 True 0.010847988358270064 0.0041828155517578125 0
2200 True 0.005540574294706395 0.004682064056396484 0
2300 True 0.008514573230583588 0.004799365997314453 0
2400 True 0.012132977084108822 0.004610300064086914 0
2500 True 0.007819523413840705 0.004570960998535156 0
2600 True 0.009356175916542272 0.004011392593383789 0
2700 True 0.009331385276300433 0.021685123443603516 0
2800 True 0.005344779535557462 0.005172252655029297 0
2900 True 0.008445067069066654 0.004244089126586914 0
3000 True 0.010114865234628009 0.004091024398803711 0
3100 True 0.012048050114164531 0.004032611846923828 0
3200 True 0.007525501669897702 0.004174709320068359 0
3300 True 0.013056864473402678 0.004178285598754883 0
3400 True 0.013209539039257203 0.007640838623046875 0
3500 True 0.019883145031641163 0.004140138626098633 0
3600 True 0.00862359050462435 0.004738807678222656 0
3700 True 0.008498184058487063 0.004073381423950195 0
3800 True 0.009832980429385095 0.004675149917602539 0
3900 True 0.016903130946771306 0.004164457321166992 0
4000 True 0.007115961614981192 0.0041697025299072266 0
4100 True 0.008901058932468462 0.0039675235748291016 0
4200 True 0.019538032860339456 0.0045719146728515625 0
4300 True 0.00017980647058805262 0.004315853118896484 0
4400 True 0.008615912996744125 0.0034236907958984375 0
4500 False 0.0 0.0 0
4600 True 0.016348081378064164 0.0045146942138671875 0
4700 True 0.007498918966753308 0.004634857177734375 0
4800 True 0.015410690464652628 0.004110813140869141 0
4900 True 0.003882087628974327 0.0042722225189208984 0
5000 True 0.01633280678712018 0.004171609878540039 0
5100 True 0.0075255011903207015 0.004236936569213867 0
5200 True 0.007504544634553235 0.004353761672973633 0
5300 True 0.00898842193442083 0.004724979400634766 0
5400 True 0.028091674403025197 0.004727602005004883 0
5500 True 0.013346392992662246 0.004532575607299805 0
5600 True 0.004257227433888533 0.0044820308685302734 0
5700 True 0.016350016200299692 0.004157304763793945 0
5800 True 0.00752539232634159 0.004527568817138672 0
5900 True 0.00828766526256248 0.004585742950439453 0
6000 True 0.007635866245443754 0.019317626953125 0
6100 True 0.010121440943285837 0.022495508193969727 0
6200 True 0.007525522771285723 0.013511180877685547 0
6300 True 0.01090199183689939 0.008498430252075195 0
6400 True 0.009610204661668679 0.022577524185180664 0
6500 True 0.031078932307324666 0.021671533584594727 0
6600 True 0.014765964918601925 0.0217893123626709 0
6700 True 0.010798569566585448 0.021667003631591797 0
6800 True 0.013006998607228894 0.004296779632568359 0
6900 True 0.011353288622865427 0.004191160202026367 0
7000 True 0.02831385962762794 0.004205942153930664 0
7100 True 0.010430484636422488 0.004185676574707031 0
7200 True 0.0061335255952833945 0.004125833511352539 0
7300 True 0.012269833295645613 0.00412297248840332 0
7400 True 0.010668273346574718 0.004639387130737305 0
7500 True 0.009106483891782029 0.004565238952636719 0
7600 True 0.04156034344516794 0.0042951107025146484 0
7700 True 0.007483886494657567 0.004601955413818359 0
7800 False 0.0 0.0 0
7900 True 0.011131312786309664 0.004229068756103516 0
8000 True 0.015221773924304117 0.004060029983520508 0
8100 True 0.010702745512702753 0.004040241241455078 0
8200 True 0.01480098987401641 0.0047452449798583984 0
8300 True 0.00782939000158211 0.004709720611572266 0
8400 True 0.00981704382953403 0.004297494888305664 0
8500 True 0.010013288656443051 0.004667758941650391 0
8600 True 0.026680749802390897 0.005011320114135742 0
8700 True 0.0075013218478988545 0.004820108413696289 0
8800 True 0.019134056672850685 0.004693031311035156 0
8900 True 0.007508281183907857 0.004631996154785156 0
9000 True 0.014855771290383488 0.004758358001708984 0
9100 True 0.016362419094857486 0.004523754119873047 0
9200 True 0.055094011048768085 0.004723787307739258 0
9300 True 0.05957056029470572 0.013591766357421875 0
9400 True 0.008945038034401376 0.012337684631347656 0
9500 True 0.010794091410077589 0.02517533302307129 0
9600 True 0.03872267326882395 0.025610923767089844 0
9700 True 0.002603754250429987 0.004559040069580078 0
9800 True 0.014399972394807418 0.004120588302612305 0
9900 True 0.00875347053039906 0.004225254058837891 0
