0 True 0.0006176656102044589 1.7394630908966064 0
100 True 0.00032399603289418066 0.004498481750488281 0
200 False 0.0 0.0 0
300 False 0.0 0.0 0
400 False 0.0 0.0 0
500 False 0.0 0.0 0
600 False 0.0 0.0 0
700 True 0.0013818708268860602 0.0041544437408447266 0
800 True 0.0004093427177020065 0.004116058349609375 0
900 True 0.0014255097280780195 0.004254817962646484 0
1000 False 0.0 0.0 0
1100 True 0.0006176586226970326 0.004076242446899414 0
1200 True 0.0004093427177020065 0.00457453727722168 0
1300 False 0.0 0.0 0
1400 False 0.0 0.0 0
1500 False 0.0 0.0 0
1600 False 0.0 0.0 0
1700 True 0.0013777545604860663 0.013620376586914062 0
1800 False 0.0 0.0 0
1900 False 0.0 0.0 0
2000 False 0.0 0.0 0
2100 False 0.0 0.0 0
2200 False 0.0 0.0 0
2300 False 0.0 0.0 0
2400 False 0.0 0.0 0
2500 False 0.0 0.0 0
2600 True 0.0004093427177020065 0.004756927490234375 0
2700 True 0.0006166605737196404 0.004144191741943359 0
2800 False 0.0 0.0 0
2900 False 0.0 0.0 0
3000 True 0.0003240018837471847 0.0041255950927734375 0
3100 False 0.0 0.0 0
3200 False 0.0 0.0 0
3300 False 0.0 0.0 0
3400 True 0.0006176681722905152 0.004904508590698242 0
3500 False 0.0 0.0 0
3600 False 0.0 0.0 0
3700 False 0.0 0.0 0
3800 False 0.0 0.0 0
3900 True 0.0025238409191480067 0.004337787628173828 0
4000 False 0.0 0.0 0
4100 False 0.0 0.0 0
4200 True 0.0006176602531154321 0.00412440299987793 0
4300 False 0.0 0.0 0
4400 False 0.0 0.0 0
4500 False 0.0 0.0 0
4600 False 0.0 0.0 0
4700 False 0.0 0.0 0
4800 True 0.0006176642127029736 0.021753311157226562 0
4900 False 0.0 0.0 0
5000 False 0.0 0.0 0
5100 False 0.0 0.0 0
5200 False 0.0 0.0 0
5300 False 0.0 0.0 0
5400 False 0.0 0.0 0
5500 False 0.0 0.0 0
5600 True 0.0006176106418127052 0.0197446346282959 0
5700 False 0.0 0.0 0
5800 False 0.0 0.0 0
5900 False 0.0 0.0 0
6000 False 0.0 0.0 0
6100 False 0.0 0.0 0
6200 False 0.0 0.0 0
6300 False 0.0 0.0 0
6400 True 0.0013778668352374837 0.019549131393432617 0
6500 False 0.0 0.0 0
6600 False 0.0 0.0 0
6700 False 0.0 0.0 0
6800 False 0.0 0.0 0
6900 True 0.00032400670209671746 0.023663759231567383 0
7000 True 0.00138187112700367 0.0064127445220947266 0
7100 False 0.0 0.0 0
7200 False 0.0 0.0 0
7300 True 0.0006176693368750863 0.004193782806396484 0
7400 False 0.0 0.0 0
7500 False 0.0 0.0 0
7600 True 0.0025238411869531203 0.004462003707885742 0
7700 False 0.0 0.0 0
7800 False 0.0 0.0 0
7900 False 0.0 0.0 0
8000 False 0.0 0.0 0
8100 True 0.002523841722563348 0.004652738571166992 0
8200 True 0.00031554177974853995 0.023381948471069336 0
8300 False 0.0 0.0 0
8400 False 0.0 0.0 0
8500 False 0.0 0.0 0
8600 True 0.00138187112700367 0.004235982894897461 0
8700 False 0.0 0.0 0
8800 False 0.0 0.0 0
8900 False 0.0 0.0 0
9000 True 0.0006168168609690756 0.005040645599365234 0
9100 False 0.0 0.0 0
9200 True 0.0025238409191480067 0.0041446685791015625 0
9300 False 0.0 0.0 0
9400 False 0.0 0.0 0
9500 False 0.0 0.0 0
9600 False 0.0 0.0 0
9700 False 0.0 0.0 0
9800 True 0.0013778778067115637 0.0046596527099609375 0
9900 True 0.0004093424320615858 0.004767894744873047 0
