0 True 0 1.4454615116119385 0
100 True 0 0.003794431686401367 0
200 True 0 0.003934621810913086 0
300 True 0 0.0040283203125 0
400 True 0 0.0044994354248046875 0
500 True 0 0.003962039947509766 0
600 True 0 0.0040857791900634766 0
700 True 0 0.004051923751831055 0
800 True 0 0.0038852691650390625 0
900 True 0 0.003962278366088867 0
1000 True 0 0.003709554672241211 0
1100 True 0 0.00423884391784668 0
1200 False 0 0.0 0
1300 True 0 0.004469156265258789 0
1400 True 0 0.0045986175537109375 0
1500 False 0 0.0 0
1600 True 0 0.003937721252441406 0
1700 True 0 0.004053831100463867 0
1800 True 0 0.004223823547363281 0
1900 True 0 0.0038955211639404297 0
2000 True 0 0.005915641784667969 0
2100 True 0 0.004328727722167969 0
2200 True 0 0.0043408870697021484 0
2300 True 0 0.004776716232299805 0
2400 True 0 0.0045964717864990234 0
2500 True 0 0.004113197326660156 0
2600 True 0 0.004481315612792969 0
2700 True 0 0.02180314064025879 0
2800 True 0 0.02411031723022461 0
2900 True 0 0.02171802520751953 0
3000 True 0 0.0221402645111084 0
3100 True 0 0.019573211669921875 0
3200 True 0 0.01907658576965332 0
3300 True 0 0.02338886260986328 0
3400 True 0 0.010684967041015625 0
3500 True 0 0.003993511199951172 0
3600 True 0 0.003983020782470703 0
3700 True 0 0.004643678665161133 0
3800 True 0 0.003935575485229492 0
3900 True 0 0.00437617301940918 0
4000 True 0 0.004096269607543945 0
4100 True 0 0.00396728515625 0
4200 True 0 0.004739284515380859 0
4300 True 0 0.003965616226196289 0
4400 True 0 0.004398345947265625 0
4500 False 0 0.0 0
4600 True 0 0.004622936248779297 0
4700 True 0 0.004469394683837891 0
4800 True 0 0.004543781280517578 0
4900 True 0 0.004555940628051758 0
5000 True 0 0.004598379135131836 0
5100 True 0 0.004431247711181641 0
5200 True 0 0.004578590393066406 0
5300 True 0 0.004241943359375 0
5400 True 0 0.004451751708984375 0
5500 True 0 0.0046999454498291016 0
5600 False 0 0.0 0
5700 True 0 0.004437923431396484 0
5800 True 0 0.024029970169067383 0
5900 True 0 0.02154374122619629 0
6000 True 0 0.007868766784667969 0
6100 True 0 0.004423618316650391 0
6200 True 0 0.004469633102416992 0
6300 True 0 0.004518747329711914 0
6400 True 0 0.004691362380981445 0
6500 True 0 0.004556179046630859 0
6600 True 0 0.004656553268432617 0
6700 True 0 0.0046138763427734375 0
6800 True 0 0.004340648651123047 0
6900 True 0 0.004498720169067383 0
7000 True 0 0.004303693771362305 0
7100 True 0 0.004422187805175781 0
7200 True 0 0.004572868347167969 0
7300 True 0 0.005323171615600586 0
7400 True 0 0.004040718078613281 0
7500 True 0 0.003873109817504883 0
7600 True 0 0.004330873489379883 0
7700 True 0 0.003996133804321289 0
7800 False 0 0.0 0
7900 True 0 0.004605770111083984 0
8000 True 0 0.003991842269897461 0
8100 True 0 0.004152059555053711 0
8200 True 0 0.004152536392211914 0
8300 True 0 0.003895282745361328 0
8400 True 0 0.004225015640258789 0
8500 True 0 0.0045223236083984375 0
8600 True 0 0.0044422149658203125 0
8700 True 0 0.004088401794433594 0
8800 True 0 0.004578113555908203 0
8900 True 0 0.004647493362426758 0
9000 True 0 0.003968477249145508 0
9100 True 0 0.004048347473144531 0
9200 True 0 0.0044956207275390625 0
9300 True 0 0.0044023990631103516 0
9400 True 0 0.004004716873168945 0
9500 True 0 0.00408625602722168 0
9600 True 0 0.003766298294067383 0
9700 True 0 0.004561662673950195 0
9800 True 0 0.004363536834716797 0
9900 True 0 0.004616260528564453 0
