0 True 0.00702162930418695 1.9053618907928467 0
100 True 0.004124598864426062 0.003942728042602539 0
200 True 0.004105344922081648 0.004116058349609375 0
300 True 0.0003513886623459065 0.0039501190185546875 0
400 True 0.0017571452516182112 0.004316091537475586 0
500 True 0.008749899270834059 0.004139423370361328 0
600 True 0.0057149008976888 0.019277095794677734 0
700 True 0.005874041059858596 0.0044977664947509766 0
800 True 0.0028657074641530106 0.00457000732421875 0
900 True 0.00028675080889248246 0.004148006439208984 0
1000 True 0.002843120024203557 0.004548549652099609 0
1100 True 0.006264465512140063 0.004154205322265625 0
1200 False 0.0 0.0 0
1300 True 0.005608205606380179 0.004055023193359375 0
1400 True 0.004715386530682905 0.021842479705810547 0
1500 False 0.0 0.0 0
1600 True 0.003185020714520821 0.004980802536010742 0
1700 True 0.005200799124650621 0.00429844856262207 0
1800 True 0.0009159590322432612 0.003926992416381836 0
1900 True 0.002959861233709635 0.0041429996490478516 0
2000 True 0.005271061557979522 0.0045430660247802734 0
2100 True 0.005892542518312865 0.003911495208740234 0
2200 True 0.003867336411443268 0.004033803939819336 0
2300 True 0.0035323984121019697 0.004094123840332031 0
2400 True 0.003264661812061496 0.003897428512573242 0
2500 True 0.004447264413139569 0.0037860870361328125 0
2600 True 0.0038667820399386136 0.003803253173828125 0
2700 True 0.004870386010371614 0.0039408206939697266 0
2800 True 0.0022584290963948606 0.004692792892456055 0
2900 True 0.0029984248468471757 0.003857851028442383 0
3000 True 0.00442667336033054 0.004593849182128906 0
3100 True 0.00424137569570633 0.004368782043457031 0
3200 True 0.006220507377852058 0.0041692256927490234 0
3300 True 0.005927551080669272 0.003942966461181641 0
3400 True 0.006983974594878629 0.021539926528930664 0
3500 True 0.006745314682968613 0.01797628402709961 0
3600 True 0.0029934812527879894 0.02173304557800293 0
3700 True 0.005657101624965094 0.023067951202392578 0
3800 True 0.004853967918075256 0.006666421890258789 0
3900 True 0.00569914554647852 0.007120847702026367 0
4000 True 0.0009232818599712126 0.007347822189331055 0
4100 True 0.0030337314615719183 0.008214235305786133 0
4200 True 0.006723413243009924 0.01969146728515625 0
4300 True 0.0018846495591479746 0.004151344299316406 0
4400 True 0.001958337949769124 0.004708290100097656 0
4500 False 0.0 0.0 0
4600 True 0.008998145470256813 0.004967451095581055 0
4700 True 0.0053225898585816805 0.004697322845458984 0
4800 True 0.007483532606473658 0.0048122406005859375 0
4900 True 0.001930765498736792 0.004760026931762695 0
5000 True 0.0062290573852533775 0.004567861557006836 0
5100 True 0.004010200674542657 0.004745006561279297 0
5200 True 0.006744555828214586 0.0039288997650146484 0
5300 True 0.00404957351124652 0.004235029220581055 0
5400 True 0.00545746857043196 0.004316568374633789 0
5500 True 0.00622287335492278 0.004229307174682617 0
5600 False 0.0 0.0 0
5700 True 0.0062605461182921145 0.004323482513427734 0
5800 True 0.004146231244178179 0.004256248474121094 0
5900 True 0.006923223168745144 0.003937959671020508 0
6000 True 0.003392091116027947 0.004587411880493164 0
6100 True 0.007954859616246309 0.0039000511169433594 0
6200 True 0.0075335121617225624 0.00412440299987793 0
6300 True 0.0058635039817684885 0.004060268402099609 0
6400 True 0.0006238133055374958 0.0038232803344726562 0
6500 True 0.008730118281020023 0.019273996353149414 0
6600 True 0.005194854951236201 0.024362802505493164 0
6700 True 0.0030225155352226964 0.022049903869628906 0
6800 True 0.0059861934801629215 0.0046994686126708984 0
6900 True 0.00496479405878412 0.004137992858886719 0
7000 True 0.005751884145380957 0.004179716110229492 0
7100 True 0.0041585614778053386 0.004075527191162109 0
7200 True 0.003311574891781923 0.004010438919067383 0
7300 True 0.007157814973350607 0.004425525665283203 0
7400 True 0.004990345356509156 0.004195451736450195 0
7500 True 0.003492991719165551 0.004379987716674805 0
7600 True 0.0063115975480429925 0.003920793533325195 0
7700 True 0.005110592380828826 0.004195690155029297 0
7800 False 0.0 0.0 0
7900 True 0.00255229568851212 0.0040149688720703125 0
8000 True 0.00625397608885233 0.005053043365478516 0
8100 True 0.006011013635432838 0.004546165466308594 0
8200 True 0.006385138908432209 0.0040781497955322266 0
8300 True 0.005414595563372956 0.005148410797119141 0
8400 True 0.007903888508313793 0.004143714904785156 0
8500 True 0.008117428395209306 0.0038557052612304688 0
8600 True 0.006603603118286744 0.004035472869873047 0
8700 True 0.0057456421795137325 0.004259824752807617 0
8800 True 0.0070957983738944444 0.0048601627349853516 0
8900 True 0.007168092916199749 0.004037380218505859 0
9000 True 0.006913823233957743 0.003978729248046875 0
9100 True 0.008769711313886364 0.0047168731689453125 0
9200 True 0.005680932330280974 0.004797697067260742 0
9300 True 0.005267964685217064 0.0039980411529541016 0
9400 True 0.005933964476899261 0.003965139389038086 0
9500 True 0.003582933401483177 0.004093647003173828 0
9600 True 0.0055481892977274705 0.004907846450805664 0
9700 True 0.002237472731251767 0.004081249237060547 0
9800 True 0.003043195349658373 0.004175662994384766 0
9900 True 0.002882520430883722 0.00397038459777832 0
