0 True 0 0.002455472946166992 0
100 False 0 0.0 0
200 False 0 0.0 0
300 True 0 0.002111673355102539 0
400 True 0 0.0019936561584472656 0
500 False 0 0.0 0
600 True 0 0.002036571502685547 0
700 True 0 0.0021190643310546875 0
800 True 0 0.0021991729736328125 0
900 False 0 0.0 0
1000 True 0 0.002185821533203125 0
1100 False 0 0.0 0
1200 True 0 0.002048969268798828 0
1300 False 0 0.0 0
1400 True 0 0.002160310745239258 0
1500 True 0 0.002187490463256836 0
1600 False 0 0.0 0
1700 False 0 0.0 0
1800 False 0 0.0 0
1900 True 0 0.002193450927734375 0
2000 False 0 0.0 0
2100 False 0 0.0 0
2200 True 0 0.002185821533203125 0
2300 False 0 0.0 0
2400 True 0 0.0021865367889404297 0
2500 False 0 0.0 0
2600 True 0 0.0021605491638183594 0
2700 False 0 0.0 0
2800 False 0 0.0 0
2900 False 0 0.0 0
3000 True 0 0.002258777618408203 0
3100 True 0 0.002103567123413086 0
3200 False 0 0.0 0
3300 False 0 0.0 0
3400 False 0 0.0 0
3500 True 0 0.002122640609741211 0
3600 False 0 0.0 0
3700 False 0 0.0 0
3800 False 0 0.0 0
3900 False 0 0.0 0
4000 False 0 0.0 0
4100 True 0 0.002088308334350586 0
4200 True 0 0.0021898746490478516 0
4300 True 0 0.002154827117919922 0
4400 False 0 0.0 0
4500 False 0 0.0 0
4600 False 0 0.0 0
4700 False 0 0.0 0
4800 True 0 0.0021054744720458984 0
4900 False 0 0.0 0
5000 True 0 0.0021572113037109375 0
5100 True 0 0.0022258758544921875 0
5200 True 0 0.002049684524536133 0
5300 False 0 0.0 0
5400 True 0 0.0022101402282714844 0
5500 False 0 0.0 0
5600 False 0 0.0 0
5700 True 0 0.002187490463256836 0
5800 False 0 0.0 0
5900 False 0 0.0 0
6000 True 0 0.0021317005157470703 0
6100 True 0 0.00205230712890625 0
6200 False 0 0.0 0
6300 False 0 0.0 0
6400 False 0 0.0 0
6500 False 0 0.0 0
6600 True 0 0.0021848678588867188 0
6700 False 0 0.0 0
6800 True 0 0.0021829605102539062 0
6900 False 0 0.0 0
7000 False 0 0.0 0
7100 False 0 0.0 0
7200 False 0 0.0 0
7300 True 0 0.002057790756225586 0
7400 True 0 0.002256631851196289 0
7500 False 0 0.0 0
7600 True 0 0.0021660327911376953 0
7700 True 0 0.0021524429321289062 0
7800 True 0 0.0021796226501464844 0
7900 False 0 0.0 0
8000 True 0 0.002091646194458008 0
8100 False 0 0.0 0
8200 False 0 0.0 0
8300 False 0 0.0 0
8400 False 0 0.0 0
8500 True 0 0.0021266937255859375 0
8600 False 0 0.0 0
8700 True 0 0.0021576881408691406 0
8800 True 0 0.0022008419036865234 0
8900 False 0 0.0 0
9000 True 0 0.0019516944885253906 0
9100 False 0 0.0 0
9200 True 0 0.0021839141845703125 0
9300 False 0 0.0 0
9400 False 0 0.0 0
9500 False 0 0.0 0
9600 True 0 0.002104520797729492 0
9700 True 0 0.0022125244140625 0
9800 True 0 0.0021774768829345703 0
9900 False 0 0.0 0
