0 False 0.0 0.0 0
100 False 0.0 0.0 0
200 False 0.0 0.0 0
300 True 8.1855955957597e-05 0.0022492408752441406 0
400 True 0.0 0.0016694068908691406 0
500 False 0.0 0.0 0
600 False 0.0 0.0 0
700 False 0.0 0.0 0
800 True 0.0 0.0018229484558105469 0
900 False 0.0 0.0 0
1000 True 0.0 0.0016160011291503906 0
1100 False 0.0 0.0 0
1200 False 0.0 0.0 0
1300 True 1.5805795715796607e-05 0.002266407012939453 0
1400 True 0.0 0.001743316650390625 0
1500 False 0.0 0.0 0
1600 False 0.0 0.0 0
1700 False 0.0 0.0 0
1800 False 0.0 0.0 0
1900 True 0.0 0.0018270015716552734 0
2000 False 0.0 0.0 0
2100 False 0.0 0.0 0
2200 True 0.0001851822853653519 0.0020351409912109375 0
2300 False 0.0 0.0 0
2400 True 7.396424948820037e-05 0.002199888229370117 0
2500 False 0.0 0.0 0
2600 True 0.0 0.0018117427825927734 0
2700 False 0.0 0.0 0
2800 False 0.0 0.0 0
2900 False 0.0 0.0 0
3000 True 0.0001167213960335989 0.002130746841430664 0
3100 True 0.00015980970972614747 0.0022161006927490234 0
3200 False 0.0 0.0 0
3300 True 0.0 0.0018439292907714844 0
3400 True 0.0 0.0015001296997070312 0
3500 True 0.0 0.0018837451934814453 0
3600 False 0.0 0.0 0
3700 False 0.0 0.0 0
3800 True 0.0 0.0017266273498535156 0
3900 False 0.0 0.0 0
4000 False 0.0 0.0 0
4100 True 4.405333819006997e-05 0.002295970916748047 0
4200 False 0.0 0.0 0
4300 True 0.0 0.0016362667083740234 0
4400 False 0.0 0.0 0
4500 False 0.0 0.0 0
4600 True 4.236444630850698e-05 0.002207040786743164 0
4700 True 0.00015787323994668467 0.0021500587463378906 0
4800 True 0.0 0.0019192695617675781 0
4900 False 0.0 0.0 0
5000 True 0.0 0.001691579818725586 0
5100 False 0.0 0.0 0
5200 False 0.0 0.0 0
5300 False 0.0 0.0 0
5400 False 0.0 0.0 0
5500 True 0.0 0.0018720626831054688 0
5600 True 0.00010843383830458642 0.002160787582397461 0
5700 True 0.0 0.0018582344055175781 0
5800 False 0.0 0.0 0
5900 False 0.0 0.0 0
6000 True 0.0 0.0016846656799316406 0
6100 True 0.0 0.0018732547760009766 0
6200 False 0.0 0.0 0
6300 False 0.0 0.0 0
6400 False 0.0 0.0 0
6500 False 0.0 0.0 0
6600 True 5.2566322971311314e-05 0.0019538402557373047 0
6700 True 8.738214666624537e-06 0.002250194549560547 0
6800 True 0.0001082615580171543 0.0022399425506591797 0
6900 False 0.0 0.0 0
7000 False 0.0 0.0 0
7100 True 0.0 0.0018200874328613281 0
7200 False 0.0 0.0 0
7300 False 0.0 0.0 0
7400 False 0.0 0.0 0
7500 False 0.0 0.0 0
7600 False 0.0 0.0 0
7700 True 0.00010785604304551831 0.002022266387939453 0
7800 True 0.00013465273836793867 0.0027246475219726562 0
7900 False 0.0 0.0 0
8000 True 0.0 0.0015316009521484375 0
8100 False 0.0 0.0 0
8200 False 0.0 0.0 0
8300 False 0.0 0.0 0
8400 False 0.0 0.0 0
8500 True 0.0 0.0018794536590576172 0
8600 False 0.0 0.0 0
8700 False 0.0 0.0 0
8800 True 0.0001804269712430541 0.0020761489868164062 0
8900 False 0.0 0.0 0
9000 False 0.0 0.0 0
9100 False 0.0 0.0 0
9200 True 0.0 0.0018343925476074219 0
9300 False 0.0 0.0 0
9400 True 8.339703669218713e-05 0.002044200897216797 0
9500 False 0.0 0.0 0
9600 True 0.0 0.001989603042602539 0
9700 True 5.7350757568686315e-05 0.0020084381103515625 0
9800 False 0.0 0.0 0
9900 False 0.0 0.0 0
