0 False 0.0 0.0 0
100 False 0.0 0.0 0
200 False 0.0 0.0 0
300 True 0.0001292810246567245 0.002760171890258789 0
400 True 0.00010783947954228987 0.0023369789123535156 0
500 False 0.0 0.0 0
600 False 0.0 0.0 0
700 True 3.665757861987063e-05 0.002353191375732422 0
800 False 0.0 0.0 0
900 False 0.0 0.0 0
1000 True 0.00018623379126247186 0.002493619918823242 0
1100 False 0.0 0.0 0
1200 False 0.0 0.0 0
1300 False 0.0 0.0 0
1400 True 0.00012136863358648557 0.0023419857025146484 0
1500 False 0.0 0.0 0
1600 False 0.0 0.0 0
1700 False 0.0 0.0 0
1800 False 0.0 0.0 0
1900 True 0.0002599287808289909 0.0023338794708251953 0
2000 False 0.0 0.0 0
2100 False 0.0 0.0 0
2200 True 0.00039986286653797724 0.002326488494873047 0
2300 False 0.0 0.0 0
2400 True 0.0007956025067948894 0.002232789993286133 0
2500 False 0.0 0.0 0
2600 True 0.0002564759218744286 0.002347707748413086 0
2700 False 0.0 0.0 0
2800 False 0.0 0.0 0
2900 False 0.0 0.0 0
3000 True 0.00047956225475118044 0.0022025108337402344 0
3100 True 0.0003232155004179405 0.0023221969604492188 0
3200 False 0.0 0.0 0
3300 False 0.0 0.0 0
3400 True 6.5419245525658105e-06 0.0022916793823242188 0
3500 True 0.00017523272622089786 0.0023992061614990234 0
3600 False 0.0 0.0 0
3700 False 0.0 0.0 0
3800 True 7.438812459215327e-05 0.002246856689453125 0
3900 False 0.0 0.0 0
4000 False 0.0 0.0 0
4100 True 0.00041458528926755433 0.0023641586303710938 0
4200 True 7.385037715685625e-06 0.0022988319396972656 0
4300 True 3.484058291784022e-05 0.0023419857025146484 0
4400 False 0.0 0.0 0
4500 False 0.0 0.0 0
4600 False 0.0 0.0 0
4700 True 4.1296403277552397e-05 0.0022089481353759766 0
4800 True 0.00018503105310307575 0.0023229122161865234 0
4900 True 4.841334248421772e-05 0.00238037109375 0
5000 True 0.00012955030238459445 0.0023310184478759766 0
5100 False 0.0 0.0 0
5200 True 1.2051598880163204e-05 0.002240419387817383 0
5300 False 0.0 0.0 0
5400 True 8.495145285348118e-05 0.0022377967834472656 0
5500 False 0.0 0.0 0
5600 False 0.0 0.0 0
5700 False 0.0 0.0 0
5800 False 0.0 0.0 0
5900 False 0.0 0.0 0
6000 False 0.0 0.0 0
6100 True 0.00012666703819835877 0.002254009246826172 0
6200 False 0.0 0.0 0
6300 False 0.0 0.0 0
6400 False 0.0 0.0 0
6500 False 0.0 0.0 0
6600 True 0.00011584246697595193 0.0022733211517333984 0
6700 True 2.772257996262452e-05 0.002302885055541992 0
6800 True 9.614327785349964e-05 0.002254962921142578 0
6900 False 0.0 0.0 0
7000 False 0.0 0.0 0
7100 True 0.00030003834091119796 0.002412557601928711 0
7200 False 0.0 0.0 0
7300 False 0.0 0.0 0
7400 False 0.0 0.0 0
7500 False 0.0 0.0 0
7600 False 0.0 0.0 0
7700 True 0.00012152290401765329 0.002267599105834961 0
7800 True 0.00022186998162928767 0.0023021697998046875 0
7900 False 0.0 0.0 0
8000 True 0.00014980917343518756 0.002312898635864258 0
8100 False 0.0 0.0 0
8200 False 0.0 0.0 0
8300 False 0.0 0.0 0
8400 False 0.0 0.0 0
8500 False 0.0 0.0 0
8600 False 0.0 0.0 0
8700 False 0.0 0.0 0
8800 True 0.0009079638614057472 0.002172231674194336 0
8900 False 0.0 0.0 0
9000 True 0.00012722106770709653 0.0022933483123779297 0
9100 False 0.0 0.0 0
9200 True 0.0002471952788922125 0.0022499561309814453 0
9300 True 7.497141367021599e-05 0.002282381057739258 0
9400 False 0.0 0.0 0
9500 False 0.0 0.0 0
9600 True 0.0002817765392297885 0.002187490463256836 0
9700 True 0.00047284679911648736 0.002282857894897461 0
9800 False 0.0 0.0 0
9900 False 0.0 0.0 0
