0 False 0 0.0 0
100 False 0 0.0 0
200 False 0 0.0 0
300 True 0 0.004610538482666016 0
400 True 0 0.00478816032409668 0
500 False 0 0.0 0
600 True 0 0.006188631057739258 0
700 True 0 0.004845619201660156 0
800 True 0 0.0061206817626953125 0
900 False 0 0.0 0
1000 True 0 0.004978179931640625 0
1100 False 0 0.0 0
1200 True 0 0.00701904296875 0
1300 False 0 0.0 0
1400 False 0 0.0 0
1500 True 0 0.005742788314819336 0
1600 False 0 0.0 0
1700 True 0 0.006398916244506836 0
1800 True 0 0.0070421695709228516 0
1900 True 0 0.004425048828125 0
2000 False 0 0.0 0
2100 False 0 0.0 0
2200 True 0 0.006920337677001953 0
2300 False 0 0.0 0
2400 True 0 0.005698680877685547 0
2500 True 0 0.005065202713012695 0
2600 True 0 0.006368160247802734 0
2700 True 0 0.004876375198364258 0
2800 False 0 0.0 0
2900 False 0 0.0 0
3000 True 0 0.005473613739013672 0
3100 True 0 0.006235837936401367 0
3200 False 0 0.0 0
3300 True 0 0.00642848014831543 0
3400 False 0 0.0 0
3500 True 0 0.0042724609375 0
3600 False 0 0.0 0
3700 False 0 0.0 0
3800 True 0 0.004578828811645508 0
3900 False 0 0.0 0
4000 False 0 0.0 0
4100 True 0 0.006335020065307617 0
4200 False 0 0.0 0
4300 True 0 0.0045757293701171875 0
4400 False 0 0.0 0
4500 True 0 0.0059854984283447266 0
4600 False 0 0.0 0
4700 False 0 0.0 0
4800 True 0 0.005421161651611328 0
4900 False 0 0.0 0
5000 True 0 0.0037190914154052734 0
5100 True 0 0.005732059478759766 0
5200 True 0 0.0060307979583740234 0
5300 False 0 0.0 0
5400 True 0 0.006273508071899414 0
5500 True 0 0.005647897720336914 0
5600 True 0 0.005836009979248047 0
5700 True 0 0.0041844844818115234 0
5800 False 0 0.0 0
5900 False 0 0.0 0
6000 True 0 0.006846904754638672 0
6100 True 0 0.005047798156738281 0
6200 False 0 0.0 0
6300 True 0 0.006361484527587891 0
6400 False 0 0.0 0
6500 False 0 0.0 0
6600 True 0 0.004821062088012695 0
6700 True 0 0.006293058395385742 0
6800 True 0 0.004822731018066406 0
6900 False 0 0.0 0
7000 False 0 0.0 0
7100 False 0 0.0 0
7200 False 0 0.0 0
7300 False 0 0.0 0
7400 True 0 0.004500150680541992 0
7500 True 0 0.006600141525268555 0
7600 False 0 0.0 0
7700 True 0 0.006391763687133789 0
7800 True 0 0.006058454513549805 0
7900 False 0 0.0 0
8000 True 0 0.00482487678527832 0
8100 False 0 0.0 0
8200 False 0 0.0 0
8300 False 0 0.0 0
8400 False 0 0.0 0
8500 True 0 0.006209611892700195 0
8600 False 0 0.0 0
8700 True 0 0.005129575729370117 0
8800 True 0 0.0067157745361328125 0
8900 False 0 0.0 0
9000 True 0 0.0065155029296875 0
9100 False 0 0.0 0
9200 True 0 0.0061533451080322266 0
9300 True 0 0.005830287933349609 0
9400 True 0 0.004228830337524414 0
9500 True 0 0.006836891174316406 0
9600 True 0 0.007141590118408203 0
9700 True 0 0.006735563278198242 0
9800 True 0 0.004715919494628906 0
9900 False 0 0.0 0
