0 True 0.0 0.002252817153930664 0
100 False 0.0 0.0 0
200 False 0.0 0.0 0
300 True 0.0 0.0019969940185546875 0
400 True 0.0 0.002253293991088867 0
500 False 0.0 0.0 0
600 True 0.0 0.0020439624786376953 0
700 True 0.0 0.0023720264434814453 0
800 True 0.0 0.0019326210021972656 0
900 False 0.0 0.0 0
1000 True 0.0 0.0021886825561523438 0
1100 False 0.0 0.0 0
1200 True 0.0 0.001903533935546875 0
1300 False 0.0 0.0 0
1400 False 0.0 0.0 0
1500 False 0.0 0.0 0
1600 True 0.0 0.0022008419036865234 0
1700 False 0.0 0.0 0
1800 False 0.0 0.0 0
1900 True 0.0 0.0021829605102539062 0
2000 False 0.0 0.0 0
2100 False 0.0 0.0 0
2200 True 0.0 0.0022966861724853516 0
2300 False 0.0 0.0 0
2400 True 8.574863687042718e-10 0.002476930618286133 0
2500 False 0.0 0.0 0
2600 True 0.0 0.0020918846130371094 0
2700 True 0.0 0.002096414566040039 0
2800 False 0.0 0.0 0
2900 True 0.0 0.0022325515747070312 0
3000 True 0.0 0.0022165775299072266 0
3100 True 0.0 0.0022666454315185547 0
3200 False 0.0 0.0 0
3300 True 0.0 0.0021178722381591797 0
3400 False 0.0 0.0 0
3500 True 0.0 0.0021810531616210938 0
3600 False 0.0 0.0 0
3700 True 0.0 0.002216815948486328 0
3800 True 0.0 0.0023126602172851562 0
3900 False 0.0 0.0 0
4000 False 0.0 0.0 0
4100 True 0.0 0.0020723342895507812 0
4200 False 0.0 0.0 0
4300 True 0.0 0.0022919178009033203 0
4400 False 0.0 0.0 0
4500 True 0.0 0.00205230712890625 0
4600 False 0.0 0.0 0
4700 False 0.0 0.0 0
4800 True 0.0 0.0021245479583740234 0
4900 False 0.0 0.0 0
5000 True 0.0 0.0022077560424804688 0
5100 True 0.0 0.0022437572479248047 0
5200 True 0.0 0.0021965503692626953 0
5300 False 0.0 0.0 0
5400 True 0.0 0.002313375473022461 0
5500 False 0.0 0.0 0
5600 False 0.0 0.0 0
5700 True 0.0 0.0022122859954833984 0
5800 False 0.0 0.0 0
5900 False 0.0 0.0 0
6000 True 0.0 0.002166271209716797 0
6100 True 0.0 0.002185821533203125 0
6200 True 0.0 0.001966714859008789 0
6300 False 0.0 0.0 0
6400 False 0.0 0.0 0
6500 False 0.0 0.0 0
6600 True 0.0 0.0021409988403320312 0
6700 True 0.0 0.002385377883911133 0
6800 False 0.0 0.0 0
6900 False 0.0 0.0 0
7000 False 0.0 0.0 0
7100 True 0.0 0.002115011215209961 0
7200 False 0.0 0.0 0
7300 True 0.0 0.0020678043365478516 0
7400 True 0.0 0.0021669864654541016 0
7500 True 0.0 0.0023648738861083984 0
7600 False 0.0 0.0 0
7700 True 0.0 0.002246379852294922 0
7800 True 0.0 0.0022728443145751953 0
7900 False 0.0 0.0 0
8000 True 0.0 0.0021102428436279297 0
8100 False 0.0 0.0 0
8200 False 0.0 0.0 0
8300 False 0.0 0.0 0
8400 True 0.0 0.0022690296173095703 0
8500 True 0.0 0.002098560333251953 0
8600 True 0.0 0.002283811569213867 0
8700 True 0.0 0.0020530223846435547 0
8800 True 0.0 0.0020999908447265625 0
8900 True 2.5299336025011475e-07 0.0025806427001953125 0
9000 True 0.0 0.0020380020141601562 0
9100 False 0.0 0.0 0
9200 True 3.0867532037715836e-07 0.00246429443359375 0
9300 False 0.0 0.0 0
9400 True 0.0 0.002200603485107422 0
9500 True 0.0 0.0022497177124023438 0
9600 True 0.0 0.0022826194763183594 0
9700 True 0.0 0.0020599365234375 0
9800 True 0.0 0.002284526824951172 0
9900 False 0.0 0.0 0
