0 True 0.0 0.0021800994873046875 0
100 False 0.0 0.0 0
200 False 0.0 0.0 0
300 True 0.0 0.0020978450775146484 0
400 True 0.0 0.0023162364959716797 0
500 True 0.0 0.002171754837036133 0
600 False 0.0 0.0 0
700 True 0.0 0.0022165775299072266 0
800 True 0.0 0.002029895782470703 0
900 False 0.0 0.0 0
1000 True 0.0 0.002384185791015625 0
1100 False 0.0 0.0 0
1200 True 0.0 0.0019497871398925781 0
1300 False 0.0 0.0 0
1400 True 0.0 0.002259492874145508 0
1500 False 0.0 0.0 0
1600 False 0.0 0.0 0
1700 False 0.0 0.0 0
1800 False 0.0 0.0 0
1900 True 0.0 0.0020837783813476562 0
2000 False 0.0 0.0 0
2100 False 0.0 0.0 0
2200 True 5.64386106790113e-08 0.002753734588623047 0
2300 False 0.0 0.0 0
2400 True 1.0601652238539204e-07 0.0024297237396240234 0
2500 False 0.0 0.0 0
2600 True 0.0 0.0023479461669921875 0
2700 False 0.0 0.0 0
2800 False 0.0 0.0 0
2900 True 0.0 0.0018804073333740234 0
3000 True 0.0 0.0020868778228759766 0
3100 True 0.0 0.002116680145263672 0
3200 False 0.0 0.0 0
3300 False 0.0 0.0 0
3400 True 0.0 0.0023772716522216797 0
3500 False 0.0 0.0 0
3600 False 0.0 0.0 0
3700 False 0.0 0.0 0
3800 True 0.0 0.0019731521606445312 0
3900 False 0.0 0.0 0
4000 False 0.0 0.0 0
4100 True 0.0 0.002324819564819336 0
4200 False 0.0 0.0 0
4300 True 1.5797814361986118e-08 0.0022678375244140625 0
4400 False 0.0 0.0 0
4500 False 0.0 0.0 0
4600 False 0.0 0.0 0
4700 False 0.0 0.0 0
4800 True 0.0 0.002341032028198242 0
4900 False 0.0 0.0 0
5000 True 0.0 0.002077341079711914 0
5100 True 0.0 0.0022339820861816406 0
5200 True 0.0 0.0019829273223876953 0
5300 False 0.0 0.0 0
5400 False 0.0 0.0 0
5500 False 0.0 0.0 0
5600 False 0.0 0.0 0
5700 True 0.0 0.002158641815185547 0
5800 False 0.0 0.0 0
5900 False 0.0 0.0 0
6000 True 0.0 0.0018868446350097656 0
6100 True 0.0 0.0022134780883789062 0
6200 False 0.0 0.0 0
6300 False 0.0 0.0 0
6400 True 0.0 0.0020339488983154297 0
6500 False 0.0 0.0 0
6600 True 0.0 0.0022640228271484375 0
6700 False 0.0 0.0 0
6800 True 0.0 0.001918792724609375 0
6900 True 0.0 0.0023806095123291016 0
7000 False 0.0 0.0 0
7100 True 0.0 0.002068042755126953 0
7200 False 0.0 0.0 0
7300 False 0.0 0.0 0
7400 False 0.0 0.0 0
7500 True 0.0 0.002174854278564453 0
7600 True 0.0 0.001954793930053711 0
7700 True 0.0 0.0021152496337890625 0
7800 True 1.0916773913283197e-07 0.002176523208618164 0
7900 False 0.0 0.0 0
8000 True 0.0 0.0021812915802001953 0
8100 False 0.0 0.0 0
8200 False 0.0 0.0 0
8300 False 0.0 0.0 0
8400 False 0.0 0.0 0
8500 False 0.0 0.0 0
8600 True 0.0 0.001954317092895508 0
8700 True 0.0 0.001957416534423828 0
8800 True 1.718488773475972e-07 0.0022590160369873047 0
8900 False 0.0 0.0 0
9000 True 0.0 0.0023260116577148438 0
9100 False 0.0 0.0 0
9200 True 1.2407984577532828e-07 0.0021927356719970703 0
9300 True 0.0 0.002015829086303711 0
9400 True 0.0 0.002140522003173828 0
9500 False 0.0 0.0 0
9600 True 7.497901905562095e-08 0.002685546875 0
9700 True 1.418786003547293e-07 0.002554655075073242 0
9800 False 0.0 0.0 0
9900 False 0.0 0.0 0
