0 False 0.0 0.0 0
100 False 0.0 0.0 0
200 True 6.554393156424436e-07 0.012696027755737305 0
300 True 6.556484962581317e-06 0.00763702392578125 0
400 True 5.575116421982844e-06 0.010178565979003906 0
500 False 0.0 0.0 0
600 True 4.264081743240484e-06 0.008126258850097656 0
700 True 5.730972401944478e-06 0.009935617446899414 0
800 True 1.2874089289424818e-05 0.008423566818237305 0
900 False 0.0 0.0 0
1000 True 9.254201031622872e-06 0.009455680847167969 0
1100 False 0.0 0.0 0
1200 True 3.649073311776504e-06 0.011133432388305664 0
1300 False 0.0 0.0 0
1400 False 0.0 0.0 0
1500 True 5.664504623084418e-06 0.008821487426757812 0
1600 True 1.5775423750950096e-06 0.008500337600708008 0
1700 False 0.0 0.0 0
1800 True 3.7816341872639926e-06 0.010488033294677734 0
1900 True 8.255795562570252e-06 0.010518789291381836 0
2000 False 0.0 0.0 0
2100 True 1.0359308622954407e-06 0.008320331573486328 0
2200 True 6.799459140100592e-07 0.012115240097045898 0
2300 False 0.0 0.0 0
2400 True 1.0094711893244561e-05 0.010061502456665039 0
2500 True 2.5485755640754913e-07 0.011772871017456055 0
2600 True 9.11276117546054e-06 0.010404109954833984 0
2700 True 3.6053841610732004e-06 0.012111663818359375 0
2800 True 4.730760025376238e-07 0.010237693786621094 0
2900 False 0.0 0.0 0
3000 True 7.80390983769107e-06 0.007707834243774414 0
3100 True 3.2225714091589815e-06 0.008555889129638672 0
3200 False 0.0 0.0 0
3300 True 2.599872443731722e-06 0.010747194290161133 0
3400 False 0.0 0.0 0
3500 True 2.3082840071428797e-06 0.010029315948486328 0
3600 False 0.0 0.0 0
3700 True 9.585571449314036e-07 0.010329246520996094 0
3800 True 5.152393991541036e-06 0.00806879997253418 0
3900 False 0.0 0.0 0
4000 False 0.0 0.0 0
4100 True 1.4281001924275063e-05 0.0077838897705078125 0
4200 True 1.3921418240336973e-07 0.011124372482299805 0
4300 True 7.10626135641383e-06 0.010076045989990234 0
4400 False 0.0 0.0 0
4500 False 0.0 0.0 0
4600 False 0.0 0.0 0
4700 False 0.0 0.0 0
4800 True 1.0705570529630407e-05 0.009469032287597656 0
4900 False 0.0 0.0 0
5000 True 9.980709299750517e-06 0.010214090347290039 0
5100 True 1.4039957382944465e-06 0.008126258850097656 0
5200 True 3.6312527107718105e-06 0.008305549621582031 0
5300 True 3.6196446332156534e-06 0.010259866714477539 0
5400 True 3.4122802033958534e-06 0.010334014892578125 0
5500 True 4.7334565516114225e-07 0.010172367095947266 0
5600 True 1.7550077751331886e-06 0.010679006576538086 0
5700 True 2.6399432191851615e-06 0.010901927947998047 0
5800 False 0.0 0.0 0
5900 False 0.0 0.0 0
6000 True 4.077308200888662e-06 0.008334875106811523 0
6100 True 3.3837617917814287e-06 0.012109994888305664 0
6200 True 1.4985414178987415e-06 0.009697914123535156 0
6300 True 3.950656153804826e-06 0.008034944534301758 0
6400 True 5.7301456291057115e-08 0.008935928344726562 0
6500 False 0.0 0.0 0
6600 True 1.3165115416083029e-05 0.009957313537597656 0
6700 True 4.3085655020007015e-06 0.008191108703613281 0
6800 True 1.9930910587271392e-06 0.01135396957397461 0
6900 True 8.940183708578205e-07 0.010369062423706055 0
7000 False 0.0 0.0 0
7100 False 0.0 0.0 0
7200 False 0.0 0.0 0
7300 False 0.0 0.0 0
7400 True 9.910451203734186e-07 0.010524511337280273 0
7500 True 7.213195113468443e-06 0.010275602340698242 0
7600 False 0.0 0.0 0
7700 True 6.25929612039515e-06 0.011216878890991211 0
7800 True 4.2619871618174905e-06 0.008093595504760742 0
7900 False 0.0 0.0 0
8000 True 6.814384559973999e-06 0.009533405303955078 0
8100 False 0.0 0.0 0
8200 False 0.0 0.0 0
8300 False 0.0 0.0 0
8400 True 2.7048412918968134e-06 0.010152339935302734 0
8500 True 3.5610116223351247e-06 0.008548259735107422 0
8600 True 4.14964512872129e-07 0.01031494140625 0
8700 True 1.474115332607822e-06 0.012329578399658203 0
8800 True 1.0838024875756474e-05 0.010402917861938477 0
8900 True 6.573308217750507e-07 0.010912179946899414 0
9000 True 1.3272875784978364e-05 0.011406183242797852 0
9100 False 0.0 0.0 0
9200 True 6.453719595511197e-06 0.010728120803833008 0
9300 True 3.2455685049269213e-06 0.00943899154663086 0
9400 True 6.717054002498013e-06 0.008728742599487305 0
9500 True 4.5537413418496385e-06 0.010203361511230469 0
9600 True 4.699981847928226e-06 0.007058382034301758 0
9700 True 2.9376456518078807e-06 0.007700204849243164 0
9800 True 8.649376026370155e-06 0.01503443717956543 0
9900 True 6.793617818805477e-07 0.010697603225708008 0
