0 False 0.0 0.0 0
100 False 0.0 0.0 0
200 False 0.0 0.0 0
300 True 0.0 0.007014751434326172 0
400 True 0.0 0.004730701446533203 0
500 False 0.0 0.0 0
600 True 0.0 0.00467991828918457 0
700 True 0.0 0.005570411682128906 0
800 True 0.0 0.006415605545043945 0
900 False 0.0 0.0 0
1000 True 0.0 0.006803989410400391 0
1100 False 0.0 0.0 0
1200 True 0.0 0.005342006683349609 0
1300 True 0.0 0.005052804946899414 0
1400 True 0.0 0.007275819778442383 0
1500 False 0.0 0.0 0
1600 False 0.0 0.0 0
1700 False 0.0 0.0 0
1800 False 0.0 0.0 0
1900 True 0.0 0.004923582077026367 0
2000 False 0.0 0.0 0
2100 False 0.0 0.0 0
2200 True 4.049089813829989e-12 0.00537562370300293 0
2300 False 0.0 0.0 0
2400 True 1.3393279347799419e-12 0.0058596134185791016 0
2500 False 0.0 0.0 0
2600 True 0.0 0.005128145217895508 0
2700 True 0.0 0.005013942718505859 0
2800 False 0.0 0.0 0
2900 False 0.0 0.0 0
3000 True 0.0 0.005848884582519531 0
3100 True 2.294206847217774e-12 0.007292032241821289 0
3200 False 0.0 0.0 0
3300 True 0.0 0.007025957107543945 0
3400 True 6.785552061165102e-12 0.005335807800292969 0
3500 True 0.0 0.0049626827239990234 0
3600 False 0.0 0.0 0
3700 False 0.0 0.0 0
3800 True 0.0 0.005912303924560547 0
3900 False 0.0 0.0 0
4000 False 0.0 0.0 0
4100 True 0.0 0.006406068801879883 0
4200 False 0.0 0.0 0
4300 True 0.0 0.005141019821166992 0
4400 False 0.0 0.0 0
4500 True 0.0 0.007009267807006836 0
4600 False 0.0 0.0 0
4700 False 0.0 0.0 0
4800 True 0.0 0.005023479461669922 0
4900 False 0.0 0.0 0
5000 True 0.0 0.0069010257720947266 0
5100 True 0.0 0.009421110153198242 0
5200 False 0.0 0.0 0
5300 False 0.0 0.0 0
5400 True 0.0 0.005604267120361328 0
5500 False 0.0 0.0 0
5600 False 0.0 0.0 0
5700 False 0.0 0.0 0
5800 False 0.0 0.0 0
5900 False 0.0 0.0 0
6000 False 0.0 0.0 0
6100 True 0.0 0.005548238754272461 0
6200 False 0.0 0.0 0
6300 False 0.0 0.0 0
6400 False 0.0 0.0 0
6500 False 0.0 0.0 0
6600 True 0.0 0.007020711898803711 0
6700 True 0.0 0.009027719497680664 0
6800 True 0.0 0.005163908004760742 0
6900 True 0.0 0.006862640380859375 0
7000 False 0.0 0.0 0
7100 True 0.0 0.007294178009033203 0
7200 True 0.0 0.006833791732788086 0
7300 False 0.0 0.0 0
7400 False 0.0 0.0 0
7500 True 0.0 0.004479408264160156 0
7600 False 0.0 0.0 0
7700 True 6.721935880200929e-12 0.006034374237060547 0
7800 True 0.0 0.005038022994995117 0
7900 False 0.0 0.0 0
8000 True 0.0 0.00941014289855957 0
8100 False 0.0 0.0 0
8200 False 0.0 0.0 0
8300 False 0.0 0.0 0
8400 False 0.0 0.0 0
8500 False 0.0 0.0 0
8600 True 0.0 0.0049190521240234375 0
8700 True 0.0 0.0048830509185791016 0
8800 True 1.3714528408410166e-12 0.005341053009033203 0
8900 False 0.0 0.0 0
9000 True 0.0 0.005060672760009766 0
9100 False 0.0 0.0 0
9200 True 3.1034867294149314e-12 0.007353782653808594 0
9300 True 0.0 0.006082773208618164 0
9400 True 0.0 0.006290435791015625 0
9500 False 0.0 0.0 0
9600 True 2.5130787280743865e-12 0.006701946258544922 0
9700 True 4.740525924275084e-13 0.006069660186767578 0
9800 True 0.0 0.007676839828491211 0
9900 False 0.0 0.0 0
