0 False 0 0.0 0
100 False 0 0.0 0
200 False 0 0.0 0
300 True 0 0.00817108154296875 0
400 True 0 0.004932403564453125 0
500 False 0 0.0 0
600 True 0 0.008531808853149414 0
700 True 0 0.004759073257446289 0
800 True 0 0.007882118225097656 0
900 False 0 0.0 0
1000 True 0 0.005304574966430664 0
1100 False 0 0.0 0
1200 True 0 0.005110263824462891 0
1300 True 0 0.0053827762603759766 0
1400 True 0 0.006247043609619141 0
1500 False 0 0.0 0
1600 False 0 0.0 0
1700 False 0 0.0 0
1800 False 0 0.0 0
1900 True 0 0.0057697296142578125 0
2000 False 0 0.0 0
2100 False 0 0.0 0
2200 True 0 0.007362842559814453 0
2300 False 0 0.0 0
2400 True 0 0.005023956298828125 0
2500 False 0 0.0 0
2600 True 0 0.007103681564331055 0
2700 True 0 0.006415843963623047 0
2800 False 0 0.0 0
2900 False 0 0.0 0
3000 True 0 0.006661891937255859 0
3100 True 0 0.005764007568359375 0
3200 False 0 0.0 0
3300 True 0 0.006178379058837891 0
3400 True 0 0.00526738166809082 0
3500 True 0 0.006990671157836914 0
3600 False 0 0.0 0
3700 False 0 0.0 0
3800 True 0 0.0052738189697265625 0
3900 False 0 0.0 0
4000 False 0 0.0 0
4100 True 0 0.005522727966308594 0
4200 False 0 0.0 0
4300 True 0 0.0051534175872802734 0
4400 False 0 0.0 0
4500 True 0 0.0050618648529052734 0
4600 False 0 0.0 0
4700 False 0 0.0 0
4800 True 0 0.00567317008972168 0
4900 False 0 0.0 0
5000 True 0 0.007043361663818359 0
5100 True 0 0.007635354995727539 0
5200 False 0 0.0 0
5300 False 0 0.0 0
5400 True 0 0.00568699836730957 0
5500 False 0 0.0 0
5600 False 0 0.0 0
5700 False 0 0.0 0
5800 False 0 0.0 0
5900 False 0 0.0 0
6000 False 0 0.0 0
6100 True 0 0.005585670471191406 0
6200 False 0 0.0 0
6300 False 0 0.0 0
6400 False 0 0.0 0
6500 False 0 0.0 0
6600 True 0 0.005760669708251953 0
6700 True 0 0.005125761032104492 0
6800 True 0 0.006515979766845703 0
6900 True 0 0.006071567535400391 0
7000 False 0 0.0 0
7100 True 0 0.0058863162994384766 0
7200 True 0 0.006254911422729492 0
7300 False 0 0.0 0
7400 False 0 0.0 0
7500 True 0 0.005739927291870117 0
7600 False 0 0.0 0
7700 True 0 0.006249427795410156 0
7800 True 0 0.0067327022552490234 0
7900 False 0 0.0 0
8000 True 0 0.006455421447753906 0
8100 False 0 0.0 0
8200 False 0 0.0 0
8300 False 0 0.0 0
8400 False 0 0.0 0
8500 False 0 0.0 0
8600 True 0 0.006459951400756836 0
8700 True 0 0.0070722103118896484 0
8800 True 0 0.007941961288452148 0
8900 False 0 0.0 0
9000 True 0 0.0066814422607421875 0
9100 False 0 0.0 0
9200 True 0 0.007237911224365234 0
9300 True 0 0.0070989131927490234 0
9400 True 0 0.004986763000488281 0
9500 False 0 0.0 0
9600 True 0 0.007451295852661133 0
9700 True 0 0.009429931640625 0
9800 True 0 0.00462651252746582 0
9900 False 0 0.0 0
