0 True 0 0.009820938110351562 0
100 False 0 0.0 0
200 True 0 0.007335186004638672 0
300 True 0 0.00999760627746582 0
400 True 0 0.009554147720336914 0
500 False 0 0.0 0
600 True 0 0.008179187774658203 0
700 True 0 0.007956266403198242 0
800 True 0 0.008340835571289062 0
900 True 0 0.007809162139892578 0
1000 True 0 0.010312557220458984 0
1100 False 0 0.0 0
1200 True 0 0.009699106216430664 0
1300 True 0 0.008137702941894531 0
1400 False 0 0.0 0
1500 True 0 0.010058879852294922 0
1600 False 0 0.0 0
1700 False 0 0.0 0
1800 True 0 0.009260892868041992 0
1900 True 0 0.009931087493896484 0
2000 True 0 0.007512331008911133 0
2100 False 0 0.0 0
2200 True 0 0.006185770034790039 0
2300 False 0 0.0 0
2400 True 0 0.006686687469482422 0
2500 True 0 0.009842872619628906 0
2600 True 0 0.00949716567993164 0
2700 True 0 0.010339736938476562 0
2800 True 0 0.008233785629272461 0
2900 False 0 0.0 0
3000 True 0 0.008156061172485352 0
3100 True 0 0.010719537734985352 0
3200 True 0 0.010855913162231445 0
3300 True 0 0.01113581657409668 0
3400 False 0 0.0 0
3500 True 0 0.007857799530029297 0
3600 False 0 0.0 0
3700 True 0 0.01198434829711914 0
3800 True 0 0.008222818374633789 0
3900 False 0 0.0 0
4000 False 0 0.0 0
4100 True 0 0.01020956039428711 0
4200 False 0 0.0 0
4300 True 0 0.010228395462036133 0
4400 False 0 0.0 0
4500 False 0 0.0 0
4600 True 0 0.01106405258178711 0
4700 False 0 0.0 0
4800 True 0 0.007471799850463867 0
4900 True 0 0.008329629898071289 0
5000 True 0 0.007391452789306641 0
5100 True 0 0.012234926223754883 0
5200 True 0 0.010691165924072266 0
5300 True 0 0.009932756423950195 0
5400 True 0 0.010495424270629883 0
5500 False 0 0.0 0
5600 True 0 0.010083913803100586 0
5700 True 0 0.009932279586791992 0
5800 False 0 0.0 0
5900 False 0 0.0 0
6000 True 0 0.008928775787353516 0
6100 True 0 0.010399580001831055 0
6200 False 0 0.0 0
6300 True 0 0.011224985122680664 0
6400 False 0 0.0 0
6500 False 0 0.0 0
6600 True 0 0.011564493179321289 0
6700 True 0 0.01019597053527832 0
6800 True 0 0.01123356819152832 0
6900 True 0 0.010337114334106445 0
7000 False 0 0.0 0
7100 False 0 0.0 0
7200 True 0 0.010367631912231445 0
7300 False 0 0.0 0
7400 True 0 0.010942697525024414 0
7500 True 0 0.010818243026733398 0
7600 False 0 0.0 0
7700 True 0 0.012598037719726562 0
7800 True 0 0.008257865905761719 0
7900 True 0 0.010647296905517578 0
8000 True 0 0.010962724685668945 0
8100 False 0 0.0 0
8200 False 0 0.0 0
8300 False 0 0.0 0
8400 True 0 0.010872840881347656 0
8500 True 0 0.011129140853881836 0
8600 False 0 0.0 0
8700 True 0 0.01228475570678711 0
8800 True 0 0.010807275772094727 0
8900 True 0 0.010700464248657227 0
9000 True 0 0.010386466979980469 0
9100 True 0 0.008574962615966797 0
9200 True 0 0.008558034896850586 0
9300 False 0 0.0 0
9400 True 0 0.010300874710083008 0
9500 True 0 0.01054525375366211 0
9600 True 0 0.011567831039428711 0
9700 True 0 0.012004375457763672 0
9800 True 0 0.012655258178710938 0
9900 True 0 0.00988459587097168 0
