0 False 0.0 0.0 0
100 False 0.0 0.0 0
200 False 0.0 0.0 0
300 True 5.1404208911685104e-09 0.9115273952484131 0
400 True 8.433306822713048e-09 0.011667490005493164 0
500 False 0.0 0.0 0
600 True 2.4446876350472883e-09 0.011645078659057617 0
700 True 3.1817056727675926e-09 0.011824607849121094 0
800 True 1.3860041403227763e-08 0.011744260787963867 0
900 False 0.0 0.0 0
1000 True 6.996904952246739e-09 0.011668682098388672 0
1100 False 0.0 0.0 0
1200 True 5.452517615643852e-09 0.011631011962890625 0
1300 False 0.0 0.0 0
1400 False 0.0 0.0 0
1500 True 4.4139323072099666e-09 0.0116119384765625 0
1600 False 0.0 0.0 0
1700 True 2.572414847643169e-10 0.011595487594604492 0
1800 True 1.1924083994344991e-09 0.011658668518066406 0
1900 True 9.474329425066028e-09 0.011557340621948242 0
2000 False 0.0 0.0 0
2100 False 0.0 0.0 0
2200 True 2.315192239664874e-09 0.011621713638305664 0
2300 False 0.0 0.0 0
2400 True 9.614329940697305e-09 0.01161050796508789 0
2500 True 1.6043429847750844e-09 0.011533260345458984 0
2600 True 8.538415519038447e-09 0.011451959609985352 0
2700 True 1.4663146842932903e-09 0.011728286743164062 0
2800 False 0.0 0.0 0
2900 False 0.0 0.0 0
3000 True 5.825978353828292e-09 0.011687517166137695 0
3100 True 4.121666096620633e-09 0.01177525520324707 0
3200 False 0.0 0.0 0
3300 True 1.78461179925967e-09 0.011536121368408203 0
3400 False 0.0 0.0 0
3500 True 1.338936604073072e-09 0.011465072631835938 0
3600 False 0.0 0.0 0
3700 True 3.2920047125758206e-10 0.0116729736328125 0
3800 True 4.562716374567616e-09 0.011618614196777344 0
3900 False 0.0 0.0 0
4000 False 0.0 0.0 0
4100 True 1.269847836130327e-08 0.011566877365112305 0
4200 False 0.0 0.0 0
4300 True 7.507090202568215e-09 0.011893033981323242 0
4400 False 0.0 0.0 0
4500 False 0.0 0.0 0
4600 False 0.0 0.0 0
4700 False 0.0 0.0 0
4800 True 9.66718119719516e-09 0.011669397354125977 0
4900 False 0.0 0.0 0
5000 True 1.1642188397731301e-08 0.011616230010986328 0
5100 True 1.4646845328033927e-09 0.01159358024597168 0
5200 True 3.734727047425478e-09 0.01177668571472168 0
5300 True 2.4680945151698957e-09 0.01165628433227539 0
5400 False 0.0 0.0 0
5500 True 1.6346676569781459e-09 0.011530399322509766 0
5600 True 1.7676835915138885e-09 0.011666536331176758 0
5700 True 1.4867385282099712e-10 0.011664628982543945 0
5800 True 1.94678432716253e-10 0.011563777923583984 0
5900 False 0.0 0.0 0
6000 True 4.229484109265537e-09 0.011789083480834961 0
6100 True 4.488360327326273e-09 0.011534929275512695 0
6200 True 1.5051244564892328e-09 0.011582136154174805 0
6300 True 2.2919215755652913e-09 0.011639595031738281 0
6400 False 0.0 0.0 0
6500 False 0.0 0.0 0
6600 True 1.368153228554034e-08 0.011523723602294922 0
6700 True 3.01420601533982e-09 0.011603116989135742 0
6800 True 6.081330574346648e-10 0.011835813522338867 0
6900 False 0.0 0.0 0
7000 False 0.0 0.0 0
7100 False 0.0 0.0 0
7200 False 0.0 0.0 0
7300 False 0.0 0.0 0
7400 True 8.351211546153817e-10 0.011663436889648438 0
7500 True 7.989737278453237e-09 0.011554956436157227 0
7600 False 0.0 0.0 0
7700 True 5.302313727405766e-09 0.011556386947631836 0
7800 True 3.817194523850185e-09 0.011622190475463867 0
7900 False 0.0 0.0 0
8000 True 5.1537138225468184e-09 0.011679410934448242 0
8100 False 0.0 0.0 0
8200 False 0.0 0.0 0
8300 True 2.0282997868198815e-10 0.011645793914794922 0
8400 False 0.0 0.0 0
8500 True 4.2229283617946496e-09 0.01138615608215332 0
8600 False 0.0 0.0 0
8700 True 2.0711322130846084e-09 0.01161646842956543 0
8800 True 8.659375601950172e-09 0.011627435684204102 0
8900 True 1.9032505777215352e-10 0.01157236099243164 0
9000 True 1.3899732026428476e-08 0.011538505554199219 0
9100 False 0.0 0.0 0
9200 True 5.366074351010301e-09 0.011560201644897461 0
9300 True 1.1997162153802928e-09 0.011595487594604492 0
9400 True 5.887152575945307e-09 0.011692047119140625 0
9500 True 3.239322628289931e-09 0.01163935661315918 0
9600 True 5.016497287044968e-09 0.01156926155090332 0
9700 True 3.203286093608165e-09 0.011487960815429688 0
9800 True 9.743863232532574e-09 0.011607885360717773 0
9900 True 1.4835256813062784e-10 0.011584997177124023 0
