0 True 0.0 0.011172294616699219 0
100 False 0.0 0.0 0
200 False 0.0 0.0 0
300 False 0.0 0.0 0
400 True 0.0 0.011010169982910156 0
500 False 0.0 0.0 0
600 True 0.0 0.01150822639465332 0
700 True 0.0 0.011524438858032227 0
800 True 0.0 0.011203765869140625 0
900 False 0.0 0.0 0
1000 True 0.0 0.01116180419921875 0
1100 False 0.0 0.0 0
1200 False 0.0 0.0 0
1300 True 0.0 0.011107921600341797 0
1400 True 0.0 0.011349678039550781 0
1500 False 0.0 0.0 0
1600 False 0.0 0.0 0
1700 False 0.0 0.0 0
1800 False 0.0 0.0 0
1900 True 4.938426518880826e-14 0.8901195526123047 0
2000 False 0.0 0.0 0
2100 False 0.0 0.0 0
2200 True 1.5511694645033396e-13 0.011639595031738281 0
2300 False 0.0 0.0 0
2400 True 2.1385598837985455e-13 0.011488914489746094 0
2500 False 0.0 0.0 0
2600 True 3.631481976738855e-14 0.011999368667602539 0
2700 True 0.0 0.01184535026550293 0
2800 False 0.0 0.0 0
2900 True 0.0 0.01124119758605957 0
3000 True 0.0 0.011176109313964844 0
3100 True 1.307474219921661e-13 0.011538982391357422 0
3200 False 0.0 0.0 0
3300 False 0.0 0.0 0
3400 False 0.0 0.0 0
3500 True 0.0 0.011128902435302734 0
3600 False 0.0 0.0 0
3700 False 0.0 0.0 0
3800 True 0.0 0.011279582977294922 0
3900 False 0.0 0.0 0
4000 False 0.0 0.0 0
4100 True 0.0 0.011043310165405273 0
4200 False 0.0 0.0 0
4300 True 0.0 0.011125564575195312 0
4400 False 0.0 0.0 0
4500 True 0.0 0.0111083984375 0
4600 False 0.0 0.0 0
4700 True 0.0 0.011245489120483398 0
4800 True 0.0 0.011240482330322266 0
4900 False 0.0 0.0 0
5000 True 0.0 0.011062145233154297 0
5100 True 0.0 0.011175870895385742 0
5200 False 0.0 0.0 0
5300 False 0.0 0.0 0
5400 False 0.0 0.0 0
5500 False 0.0 0.0 0
5600 False 0.0 0.0 0
5700 True 0.0 0.011289358139038086 0
5800 False 0.0 0.0 0
5900 False 0.0 0.0 0
6000 False 0.0 0.0 0
6100 True 0.0 0.011705636978149414 0
6200 False 0.0 0.0 0
6300 False 0.0 0.0 0
6400 False 0.0 0.0 0
6500 False 0.0 0.0 0
6600 True 0.0 0.011651992797851562 0
6700 False 0.0 0.0 0
6800 True 0.0 0.011113166809082031 0
6900 True 0.0 0.011291027069091797 0
7000 False 0.0 0.0 0
7100 True 0.0 0.011212348937988281 0
7200 False 0.0 0.0 0
7300 True 0.0 0.011214256286621094 0
7400 False 0.0 0.0 0
7500 True 0.0 0.011245965957641602 0
7600 False 0.0 0.0 0
7700 True 4.260317808085002e-14 0.011508941650390625 0
7800 True 1.345657518490321e-13 0.011556148529052734 0
7900 False 0.0 0.0 0
8000 True 0.0 0.011229276657104492 0
8100 False 0.0 0.0 0
8200 False 0.0 0.0 0
8300 False 0.0 0.0 0
8400 False 0.0 0.0 0
8500 False 0.0 0.0 0
8600 True 0.0 0.011178731918334961 0
8700 True 0.0 0.011157035827636719 0
8800 True 2.8732184154678403e-13 0.011617660522460938 0
8900 False 0.0 0.0 0
9000 True 0.0 0.011286020278930664 0
9100 False 0.0 0.0 0
9200 True 0.0 0.011082887649536133 0
9300 True 0.0 0.011194705963134766 0
9400 True 0.0 0.011300086975097656 0
9500 False 0.0 0.0 0
9600 True 0.0 0.011103630065917969 0
9700 True 1.3703153332209458e-13 0.011641979217529297 0
9800 True 0.0 0.011461973190307617 0
9900 False 0.0 0.0 0
