0 True 8.295038573994761e-11 0.8847517967224121 0
100 False 0.0 0.0 0
200 False 0.0 0.0 0
300 True 2.8789202775107855e-09 0.011533260345458984 0
400 True 6.188579865396412e-09 0.011299371719360352 0
500 True 7.286084308942336e-10 0.011652469635009766 0
600 True 8.990021187258104e-10 0.011494636535644531 0
700 True 2.983279560945756e-09 0.011731386184692383 0
800 True 9.076181085615853e-09 0.011463165283203125 0
900 False 0.0 0.0 0
1000 True 4.060319542272428e-09 0.011684179306030273 0
1100 False 0.0 0.0 0
1200 True 1.7695859888129299e-09 0.011421680450439453 0
1300 True 1.3804342494330122e-10 0.011675357818603516 0
1400 True 7.123940481444309e-10 0.01132822036743164 0
1500 True 3.8957693808148625e-09 0.011979103088378906 0
1600 False 0.0 0.0 0
1700 False 0.0 0.0 0
1800 True 1.2632105794453364e-09 0.011376380920410156 0
1900 True 6.085343661742888e-09 0.011730432510375977 0
2000 False 0.0 0.0 0
2100 False 0.0 0.0 0
2200 True 3.4964983395960514e-09 0.011390209197998047 0
2300 False 0.0 0.0 0
2400 True 4.36491980051398e-09 0.011385917663574219 0
2500 True 1.1492761981765178e-09 0.011345148086547852 0
2600 True 6.444002739982054e-09 0.011514425277709961 0
2700 False 0.0 0.0 0
2800 False 0.0 0.0 0
2900 False 0.0 0.0 0
3000 True 4.4541771531290695e-09 0.01145172119140625 0
3100 True 2.777940572453214e-09 0.01168203353881836 0
3200 False 0.0 0.0 0
3300 True 2.320404685799665e-09 0.011414051055908203 0
3400 False 0.0 0.0 0
3500 True 7.814700826505973e-11 0.011622190475463867 0
3600 False 0.0 0.0 0
3700 False 0.0 0.0 0
3800 True 2.3463384499260574e-09 0.011514663696289062 0
3900 False 0.0 0.0 0
4000 False 0.0 0.0 0
4100 True 7.894390450141515e-09 0.011701583862304688 0
4200 False 0.0 0.0 0
4300 True 5.402857640711646e-09 0.011663198471069336 0
4400 False 0.0 0.0 0
4500 True 7.070003065566994e-10 0.011571407318115234 0
4600 False 0.0 0.0 0
4700 False 0.0 0.0 0
4800 True 5.248392346114312e-09 0.011580467224121094 0
4900 True 1.4959839803566234e-10 0.011691808700561523 0
5000 True 4.8495726267296705e-09 0.011779546737670898 0
5100 True 2.018694682710832e-09 0.011628866195678711 0
5200 True 2.968329180802218e-09 0.011622905731201172 0
5300 False 0.0 0.0 0
5400 False 0.0 0.0 0
5500 False 0.0 0.0 0
5600 True 1.8483603673870157e-09 0.011589765548706055 0
5700 False 0.0 0.0 0
5800 False 0.0 0.0 0
5900 False 0.0 0.0 0
6000 True 4.16486836324051e-09 0.011574983596801758 0
6100 True 3.988285767703273e-09 0.011759042739868164 0
6200 False 0.0 0.0 0
6300 True 6.176604645507033e-10 0.011680841445922852 0
6400 False 0.0 0.0 0
6500 False 0.0 0.0 0
6600 True 6.694436278302495e-09 0.01157689094543457 0
6700 True 1.681780916785612e-09 0.011484384536743164 0
6800 True 7.388490557140673e-10 0.011564970016479492 0
6900 False 0.0 0.0 0
7000 False 0.0 0.0 0
7100 False 0.0 0.0 0
7200 False 0.0 0.0 0
7300 False 0.0 0.0 0
7400 False 0.0 0.0 0
7500 True 3.6225946121012282e-09 0.011672258377075195 0
7600 False 0.0 0.0 0
7700 True 1.131411986874248e-09 0.011600494384765625 0
7800 True 1.827535454597949e-09 0.011728763580322266 0
7900 False 0.0 0.0 0
8000 True 4.603102931767171e-09 0.011628389358520508 0
8100 False 0.0 0.0 0
8200 False 0.0 0.0 0
8300 False 0.0 0.0 0
8400 True 7.93192475832669e-10 0.01161956787109375 0
8500 True 1.5523331319038313e-09 0.011587381362915039 0
8600 False 0.0 0.0 0
8700 True 1.5692728464463127e-09 0.011647701263427734 0
8800 True 6.614064660910693e-09 0.011635303497314453 0
8900 False 0.0 0.0 0
9000 True 6.385240740549947e-09 0.011593341827392578 0
9100 False 0.0 0.0 0
9200 True 5.42173565564588e-09 0.011659860610961914 0
9300 True 7.993434062231006e-10 0.011502742767333984 0
9400 True 2.6994373758926484e-10 0.01160430908203125 0
9500 True 2.309102711041212e-09 0.011681079864501953 0
9600 True 4.5399288790339494e-09 0.011711835861206055 0
9700 True 2.7795394034993958e-09 0.011455059051513672 0
9800 True 4.531242370182351e-09 0.01157379150390625 0
9900 False 0.0 0.0 0
