0 False 0 0.0 0
100 True 0 0.0035703182220458984 0
200 False 0 0.0 0
300 True 0 0.004871368408203125 0
400 True 0 0.0029556751251220703 0
500 False 0 0.0 0
600 False 0 0.0 0
700 False 0 0.0 0
800 False 0 0.0 0
900 False 0 0.0 0
1000 False 0 0.0 0
1100 False 0 0.0 0
1200 False 0 0.0 0
1300 False 0 0.0 0
1400 False 0 0.0 0
1500 False 0 0.0 0
1600 False 0 0.0 0
1700 False 0 0.0 0
1800 False 0 0.0 0
1900 True 0 0.0035092830657958984 0
2000 False 0 0.0 0
2100 False 0 0.0 0
2200 True 0 0.005913496017456055 0
2300 False 0 0.0 0
2400 True 0 0.0027806758880615234 0
2500 False 0 0.0 0
2600 True 0 0.003065347671508789 0
2700 False 0 0.0 0
2800 False 0 0.0 0
2900 False 0 0.0 0
3000 False 0 0.0 0
3100 True 0 0.007050514221191406 0
3200 False 0 0.0 0
3300 False 0 0.0 0
3400 True 0 0.004590511322021484 0
3500 False 0 0.0 0
3600 True 0 0.0059392452239990234 0
3700 False 0 0.0 0
3800 False 0 0.0 0
3900 False 0 0.0 0
4000 False 0 0.0 0
4100 False 0 0.0 0
4200 False 0 0.0 0
4300 True 0 0.0052814483642578125 0
4400 False 0 0.0 0
4500 False 0 0.0 0
4600 False 0 0.0 0
4700 True 0 0.0033578872680664062 0
4800 True 0 0.00439143180847168 0
4900 False 0 0.0 0
5000 False 0 0.0 0
5100 False 0 0.0 0
5200 False 0 0.0 0
5300 False 0 0.0 0
5400 True 0 0.003785848617553711 0
5500 False 0 0.0 0
5600 False 0 0.0 0
5700 False 0 0.0 0
5800 False 0 0.0 0
5900 False 0 0.0 0
6000 False 0 0.0 0
6100 True 0 0.0029935836791992188 0
6200 False 0 0.0 0
6300 False 0 0.0 0
6400 False 0 0.0 0
6500 False 0 0.0 0
6600 False 0 0.0 0
6700 True 0 0.0037353038787841797 0
6800 True 0 0.004435539245605469 0
6900 False 0 0.0 0
7000 False 0 0.0 0
7100 True 0 0.0027582645416259766 0
7200 False 0 0.0 0
7300 False 0 0.0 0
7400 False 0 0.0 0
7500 False 0 0.0 0
7600 False 0 0.0 0
7700 True 0 0.0068531036376953125 0
7800 True 0 0.003588438034057617 0
7900 False 0 0.0 0
8000 False 0 0.0 0
8100 True 0 0.006937265396118164 0
8200 False 0 0.0 0
8300 False 0 0.0 0
8400 False 0 0.0 0
8500 False 0 0.0 0
8600 False 0 0.0 0
8700 False 0 0.0 0
8800 True 0 0.005365610122680664 0
8900 False 0 0.0 0
9000 False 0 0.0 0
9100 False 0 0.0 0
9200 True 0 0.004263639450073242 0
9300 False 0 0.0 0
9400 True 0 0.0036535263061523438 0
9500 False 0 0.0 0
9600 True 0 0.003543853759765625 0
9700 True 0 0.00914764404296875 0
9800 False 0 0.0 0
9900 False 0 0.0 0
