0 False 0.0 0.0 0
100 False 0.0 0.0 0
200 False 0.0 0.0 0
300 True 2.3553027352907297e-17 0.021564245223999023 0
400 True 0.0 0.014358758926391602 0
500 False 0.0 0.0 0
600 True 0.0 0.013834953308105469 0
700 True 0.0 0.0027985572814941406 0
800 True 1.0075480397724285e-17 0.005969047546386719 0
900 False 0.0 0.0 0
1000 True 0.0 0.0032112598419189453 0
1100 False 0.0 0.0 0
1200 False 0.0 0.0 0
1300 False 0.0 0.0 0
1400 True 0.0 0.00680994987487793 0
1500 False 0.0 0.0 0
1600 False 0.0 0.0 0
1700 False 0.0 0.0 0
1800 False 0.0 0.0 0
1900 True 2.2951830828448345e-17 0.003772258758544922 0
2000 False 0.0 0.0 0
2100 False 0.0 0.0 0
2200 True 7.758063214935714e-17 0.0033576488494873047 0
2300 False 0.0 0.0 0
2400 True 2.3236018738481764e-16 0.0032205581665039062 0
2500 False 0.0 0.0 0
2600 True 1.6470669004484284e-17 0.006845951080322266 0
2700 False 0.0 0.0 0
2800 False 0.0 0.0 0
2900 False 0.0 0.0 0
3000 True 8.081698155425426e-17 0.004222393035888672 0
3100 True 0.0 0.008540630340576172 0
3200 False 0.0 0.0 0
3300 False 0.0 0.0 0
3400 True 3.1184377737026944e-17 0.00298309326171875 0
3500 False 0.0 0.0 0
3600 False 0.0 0.0 0
3700 False 0.0 0.0 0
3800 False 0.0 0.0 0
3900 False 0.0 0.0 0
4000 False 0.0 0.0 0
4100 True 0.0 0.005898952484130859 0
4200 False 0.0 0.0 0
4300 True 0.0 0.0038552284240722656 0
4400 True 0.0 0.007932424545288086 0
4500 True 2.0057507412958313e-17 0.003003835678100586 0
4600 False 0.0 0.0 0
4700 True 2.690445459116656e-18 0.0061495304107666016 0
4800 True 0.0 0.010512113571166992 0
4900 True 2.021038438799888e-17 0.0052263736724853516 0
5000 False 0.0 0.0 0
5100 False 0.0 0.0 0
5200 False 0.0 0.0 0
5300 True 0.0 0.007137298583984375 0
5400 False 0.0 0.0 0
5500 False 0.0 0.0 0
5600 False 0.0 0.0 0
5700 False 0.0 0.0 0
5800 False 0.0 0.0 0
5900 False 0.0 0.0 0
6000 True 0.0 0.005213499069213867 0
6100 False 0.0 0.0 0
6200 False 0.0 0.0 0
6300 False 0.0 0.0 0
6400 False 0.0 0.0 0
6500 True 0.0 0.0037720203399658203 0
6600 True 6.078187325993546e-18 0.0037424564361572266 0
6700 True 0.0 0.0039060115814208984 0
6800 True 1.7551476148968312e-17 0.005560636520385742 0
6900 False 0.0 0.0 0
7000 False 0.0 0.0 0
7100 True 0.0 0.007953882217407227 0
7200 False 0.0 0.0 0
7300 False 0.0 0.0 0
7400 False 0.0 0.0 0
7500 False 0.0 0.0 0
7600 False 0.0 0.0 0
7700 True 2.787493842314328e-17 0.003942728042602539 0
7800 True 1.6254311008720937e-16 0.005437374114990234 0
7900 False 0.0 0.0 0
8000 True 0.0 0.0027239322662353516 0
8100 True 0.0 0.006214141845703125 0
8200 False 0.0 0.0 0
8300 False 0.0 0.0 0
8400 False 0.0 0.0 0
8500 False 0.0 0.0 0
8600 False 0.0 0.0 0
8700 False 0.0 0.0 0
8800 True 1.9275478435844447e-16 0.003002166748046875 0
8900 False 0.0 0.0 0
9000 False 0.0 0.0 0
9100 False 0.0 0.0 0
9200 True 0.0 0.009262323379516602 0
9300 False 0.0 0.0 0
9400 True 6.916423492082633e-18 0.00417327880859375 0
9500 True 0.0 0.003818988800048828 0
9600 True 0.0 0.005133152008056641 0
9700 True 1.0822362274468197e-16 0.005288600921630859 0
9800 False 0.0 0.0 0
9900 True 0.0 0.0061206817626953125 0
