0 True 3.0180135818533796e-17 0.004031181335449219 0
100 False 0.0 0.0 0
200 True 0.0 0.0061283111572265625 0
300 True 3.098029164213959e-16 0.005575418472290039 0
400 True 0.0 0.0032143592834472656 0
500 False 0.0 0.0 0
600 True 0.0 0.008027315139770508 0
700 True 0.0 0.005952358245849609 0
800 True 0.0 0.006378173828125 0
900 False 0.0 0.0 0
1000 True 0.0 0.0074465274810791016 0
1100 False 0.0 0.0 0
1200 True 0.0 0.003561258316040039 0
1300 True 0.0 0.0028524398803710938 0
1400 False 0.0 0.0 0
1500 True 0.0 0.004164695739746094 0
1600 False 0.0 0.0 0
1700 False 0.0 0.0 0
1800 False 0.0 0.0 0
1900 True 3.157028103202302e-16 0.004024505615234375 0
2000 False 0.0 0.0 0
2100 False 0.0 0.0 0
2200 True 3.5479775394307886e-16 0.004213571548461914 0
2300 True 0.0 0.005118846893310547 0
2400 True 5.069494752098685e-17 0.009388923645019531 0
2500 False 0.0 0.0 0
2600 True 2.9371053208984824e-16 0.0058438777923583984 0
2700 False 0.0 0.0 0
2800 False 0.0 0.0 0
2900 False 0.0 0.0 0
3000 True 4.061066815131864e-17 0.005715131759643555 0
3100 True 3.388494082669798e-16 0.005466938018798828 0
3200 False 0.0 0.0 0
3300 False 0.0 0.0 0
3400 False 0.0 0.0 0
3500 True 0.0 0.003995656967163086 0
3600 False 0.0 0.0 0
3700 False 0.0 0.0 0
3800 True 0.0 0.008187055587768555 0
3900 False 0.0 0.0 0
4000 False 0.0 0.0 0
4100 True 2.665190884128354e-16 0.00728154182434082 0
4200 False 0.0 0.0 0
4300 True 1.381928833130726e-16 0.0066356658935546875 0
4400 False 0.0 0.0 0
4500 True 0.0 0.006560087203979492 0
4600 False 0.0 0.0 0
4700 False 0.0 0.0 0
4800 True 0.0 0.003020763397216797 0
4900 False 0.0 0.0 0
5000 True 0.0 0.006130218505859375 0
5100 True 5.743249130028863e-18 0.0042498111724853516 0
5200 False 0.0 0.0 0
5300 False 0.0 0.0 0
5400 True 0.0 0.004597187042236328 0
5500 False 0.0 0.0 0
5600 False 0.0 0.0 0
5700 True 0.0 0.0025839805603027344 0
5800 False 0.0 0.0 0
5900 False 0.0 0.0 0
6000 False 0.0 0.0 0
6100 True 0.0 0.0028705596923828125 0
6200 False 0.0 0.0 0
6300 False 0.0 0.0 0
6400 False 0.0 0.0 0
6500 False 0.0 0.0 0
6600 True 4.725488189353254e-16 0.002595663070678711 0
6700 True 4.603840596459493e-17 0.0031824111938476562 0
6800 True 1.2557052640970826e-16 0.0030066967010498047 0
6900 True 0.0 0.002464771270751953 0
7000 False 0.0 0.0 0
7100 True 0.0 0.004484653472900391 0
7200 False 0.0 0.0 0
7300 False 0.0 0.0 0
7400 False 0.0 0.0 0
7500 False 0.0 0.0 0
7600 False 0.0 0.0 0
7700 True 1.150430418453682e-16 0.010280609130859375 0
7800 True 3.914460232482784e-16 0.0073697566986083984 0
7900 False 0.0 0.0 0
8000 True 0.0 0.004961252212524414 0
8100 False 0.0 0.0 0
8200 False 0.0 0.0 0
8300 False 0.0 0.0 0
8400 False 0.0 0.0 0
8500 False 0.0 0.0 0
8600 False 0.0 0.0 0
8700 True 4.0963152844379234e-17 0.002750873565673828 0
8800 True 3.3543491623652686e-16 0.005782127380371094 0
8900 False 0.0 0.0 0
9000 True 0.0 0.0033979415893554688 0
9100 False 0.0 0.0 0
9200 True 2.234516863195321e-16 0.003414630889892578 0
9300 False 0.0 0.0 0
9400 True 6.198146259078463e-17 0.003809690475463867 0
9500 True 0.0 0.006411075592041016 0
9600 True 1.0688920308274944e-16 0.002976655960083008 0
9700 True 0.0 0.003952741622924805 0
9800 True 0.0 0.005213022232055664 0
9900 False 0.0 0.0 0
