0 True 0 0.01867985725402832 0
100 False 0 0.0 0
200 True 0 0.009563207626342773 0
300 True 0 0.008528947830200195 0
400 True 0 0.002689838409423828 0
500 False 0 0.0 0
600 True 0 0.006283998489379883 0
700 True 0 0.004080533981323242 0
800 True 0 0.0044629573822021484 0
900 False 0 0.0 0
1000 True 0 0.00729823112487793 0
1100 False 0 0.0 0
1200 True 0 0.005243539810180664 0
1300 True 0 0.0031554698944091797 0
1400 False 0 0.0 0
1500 True 0 0.00876927375793457 0
1600 False 0 0.0 0
1700 False 0 0.0 0
1800 False 0 0.0 0
1900 True 0 0.002660989761352539 0
2000 False 0 0.0 0
2100 False 0 0.0 0
2200 True 0 0.009339570999145508 0
2300 True 0 0.004918098449707031 0
2400 True 0 0.0034067630767822266 0
2500 False 0 0.0 0
2600 True 0 0.0032236576080322266 0
2700 False 0 0.0 0
2800 False 0 0.0 0
2900 False 0 0.0 0
3000 True 0 0.002972841262817383 0
3100 True 0 0.010134458541870117 0
3200 False 0 0.0 0
3300 False 0 0.0 0
3400 False 0 0.0 0
3500 True 0 0.0027272701263427734 0
3600 False 0 0.0 0
3700 False 0 0.0 0
3800 True 0 0.0032815933227539062 0
3900 False 0 0.0 0
4000 False 0 0.0 0
4100 True 0 0.0047454833984375 0
4200 False 0 0.0 0
4300 True 0 0.0077517032623291016 0
4400 False 0 0.0 0
4500 True 0 0.004076480865478516 0
4600 False 0 0.0 0
4700 False 0 0.0 0
4800 True 0 0.002796649932861328 0
4900 False 0 0.0 0
5000 True 0 0.006403923034667969 0
5100 True 0 0.003979921340942383 0
5200 False 0 0.0 0
5300 False 0 0.0 0
5400 True 0 0.0063533782958984375 0
5500 False 0 0.0 0
5600 False 0 0.0 0
5700 True 0 0.005349636077880859 0
5800 False 0 0.0 0
5900 False 0 0.0 0
6000 False 0 0.0 0
6100 True 0 0.004217386245727539 0
6200 False 0 0.0 0
6300 False 0 0.0 0
6400 False 0 0.0 0
6500 False 0 0.0 0
6600 True 0 0.00751805305480957 0
6700 True 0 0.0028922557830810547 0
6800 True 0 0.008058309555053711 0
6900 True 0 0.0032172203063964844 0
7000 False 0 0.0 0
7100 True 0 0.005222320556640625 0
7200 False 0 0.0 0
7300 False 0 0.0 0
7400 False 0 0.0 0
7500 False 0 0.0 0
7600 False 0 0.0 0
7700 True 0 0.005239248275756836 0
7800 True 0 0.0043332576751708984 0
7900 False 0 0.0 0
8000 True 0 0.007088184356689453 0
8100 False 0 0.0 0
8200 False 0 0.0 0
8300 False 0 0.0 0
8400 False 0 0.0 0
8500 False 0 0.0 0
8600 False 0 0.0 0
8700 True 0 0.005378246307373047 0
8800 True 0 0.005475044250488281 0
8900 False 0 0.0 0
9000 True 0 0.0028679370880126953 0
9100 False 0 0.0 0
9200 True 0 0.0060122013092041016 0
9300 False 0 0.0 0
9400 True 0 0.005072355270385742 0
9500 True 0 0.003381490707397461 0
9600 True 0 0.007782936096191406 0
9700 True 0 0.011004209518432617 0
9800 True 0 0.005929708480834961 0
9900 False 0 0.0 0
