0 True 0 0.01852583885192871 0
100 False 0 0.0 0
200 False 0 0.0 0
300 True 0 0.0032815933227539062 0
400 True 0 0.0030031204223632812 0
500 False 0 0.0 0
600 True 0 0.0071887969970703125 0
700 True 0 0.0028247833251953125 0
800 True 0 0.006228208541870117 0
900 False 0 0.0 0
1000 True 0 0.004245758056640625 0
1100 False 0 0.0 0
1200 True 0 0.003958463668823242 0
1300 False 0 0.0 0
1400 False 0 0.0 0
1500 True 0 0.009163618087768555 0
1600 False 0 0.0 0
1700 False 0 0.0 0
1800 False 0 0.0 0
1900 True 0 0.004389286041259766 0
2000 False 0 0.0 0
2100 False 0 0.0 0
2200 False 0 0.0 0
2300 True 0 0.0045473575592041016 0
2400 True 0 0.0029523372650146484 0
2500 True 0 0.0037484169006347656 0
2600 True 0 0.003439664840698242 0
2700 True 0 0.004306316375732422 0
2800 False 0 0.0 0
2900 False 0 0.0 0
3000 True 0 0.00487971305847168 0
3100 True 0 0.004312038421630859 0
3200 False 0 0.0 0
3300 False 0 0.0 0
3400 False 0 0.0 0
3500 True 0 0.002838134765625 0
3600 False 0 0.0 0
3700 True 0 0.007790327072143555 0
3800 True 0 0.0046041011810302734 0
3900 False 0 0.0 0
4000 False 0 0.0 0
4100 True 0 0.0027837753295898438 0
4200 True 0 0.00342559814453125 0
4300 True 0 0.00886678695678711 0
4400 False 0 0.0 0
4500 True 0 0.0027086734771728516 0
4600 False 0 0.0 0
4700 True 0 0.002682209014892578 0
4800 True 0 0.004812955856323242 0
4900 True 0 0.0035963058471679688 0
5000 True 0 0.0028052330017089844 0
5100 True 0 0.0028879642486572266 0
5200 True 0 0.0028982162475585938 0
5300 True 0 0.003937244415283203 0
5400 True 0 0.0029382705688476562 0
5500 True 0 0.005121707916259766 0
5600 True 0 0.004903316497802734 0
5700 True 0 0.0029861927032470703 0
5800 False 0 0.0 0
5900 False 0 0.0 0
6000 True 0 0.004230976104736328 0
6100 True 0 0.005823850631713867 0
6200 False 0 0.0 0
6300 False 0 0.0 0
6400 False 0 0.0 0
6500 False 0 0.0 0
6600 True 0 0.005596160888671875 0
6700 True 0 0.004800558090209961 0
6800 True 0 0.0027589797973632812 0
6900 False 0 0.0 0
7000 False 0 0.0 0
7100 False 0 0.0 0
7200 False 0 0.0 0
7300 True 0 0.004692792892456055 0
7400 True 0 0.004247903823852539 0
7500 True 0 0.002651691436767578 0
7600 False 0 0.0 0
7700 False 0 0.0 0
7800 True 0 0.002913236618041992 0
7900 False 0 0.0 0
8000 True 0 0.005862712860107422 0
8100 False 0 0.0 0
8200 False 0 0.0 0
8300 False 0 0.0 0
8400 False 0 0.0 0
8500 True 0 0.0028603076934814453 0
8600 False 0 0.0 0
8700 True 0 0.004367351531982422 0
8800 True 0 0.00467371940612793 0
8900 False 0 0.0 0
9000 True 0 0.0041925907135009766 0
9100 False 0 0.0 0
9200 True 0 0.0026979446411132812 0
9300 False 0 0.0 0
9400 False 0 0.0 0
9500 True 0 0.0027997493743896484 0
9600 True 0 0.0064733028411865234 0
9700 True 0 0.006157636642456055 0
9800 True 0 0.0028145313262939453 0
9900 False 0 0.0 0
