0 False 0 0.0 0
100 True 0 16.09259796142578 0
200 False 0 0.0 0
300 True 1 35.40290641784668 0
400 True 1 47.34678101539612 0
500 False 0 0.0 0
600 False 0 0.0 0
700 True 0 25.87153196334839 0
800 False 0 0.0 0
900 False 0 0.0 0
1000 True 0 4.557285308837891 0
1100 False 0 0.0 0
1200 False 0 0.0 0
1300 False 0 0.0 0
1400 True 0 15.139788627624512 0
1500 False 0 0.0 0
1600 False 0 0.0 0
1700 False 0 0.0 0
1800 False 0 0.0 0
1900 True 0 28.559059858322144 0
2000 False 0 0.0 0
2100 False 0 0.0 0
2200 True 1 38.554657220840454 0
2300 False 0 0.0 0
2400 True 1 13.239803314208984 0
2500 False 0 0.0 0
2600 True 1 38.747748136520386 0
2700 False 0 0.0 0
2800 False 0 0.0 0
2900 False 0 0.0 0
3000 True 1 31.971434354782104 0
3100 True 1 31.84583830833435 0
3200 False 0 0.0 0
3300 False 0 0.0 0
3400 True 0 21.14503002166748 0
3500 True 0 9.560763120651245 0
3600 False 0 0.0 0
3700 False 0 0.0 0
3800 False 0 0.0 0
3900 False 0 0.0 0
4000 False 0 0.0 0
4100 True 1 45.593780517578125 0
4200 True 0 14.972614526748657 0
4300 False 0 0.0 0
4400 False 0 0.0 0
4500 False 0 0.0 0
4600 False 0 0.0 0
4700 False 0 0.0 0
4800 True 1 39.642786264419556 0
4900 False 0 0.0 0
5000 True 1 43.98344683647156 0
5100 False 0 0.0 0
5200 True 1 49.18853282928467 0
5300 False 0 0.0 0
5400 True 0 5.849818229675293 0
5500 False 0 0.0 0
5600 False 0 0.0 0
5700 False 0 0.0 0
5800 False 0 0.0 0
5900 False 0 0.0 0
6000 False 0 0.0 0
6100 True 0 8.876418590545654 0
6200 False 0 0.0 0
6300 False 0 0.0 0
6400 False 0 0.0 0
6500 False 0 0.0 0
6600 False 0 0.0 0
6700 True 0 9.582000017166138 0
6800 True 0 22.057887315750122 0
6900 False 0 0.0 0
7000 False 0 0.0 0
7100 True 1 34.966514348983765 0
7200 False 0 0.0 0
7300 False 0 0.0 0
7400 False 0 0.0 0
7500 False 0 0.0 0
7600 False 0 0.0 0
7700 True 1 42.36250114440918 0
7800 True 1 18.185667037963867 0
7900 False 0 0.0 0
8000 True 1 45.75188136100769 0
8100 False 0 0.0 0
8200 False 0 0.0 0
8300 False 0 0.0 0
8400 False 0 0.0 0
8500 True 0 14.271252632141113 0
8600 False 0 0.0 0
8700 False 0 0.0 0
8800 True 1 17.731021642684937 0
8900 False 0 0.0 0
9000 False 0 0.0 0
9100 False 0 0.0 0
9200 True 1 44.270055055618286 0
9300 True 0 10.792256355285645 0
9400 False 0 0.0 0
9500 False 0 0.0 0
9600 True 1 37.70431327819824 0
9700 True 1 20.09293031692505 0
9800 False 0 0.0 0
9900 False 0 0.0 0
