0 True 1 13.39617395401001 0
100 False 0 0.0 0
200 False 0 0.0 0
300 True 1 17.548403024673462 0
400 True 1 6.924628019332886 0
500 False 0 0.0 0
600 True 0 0.764305591583252 0
700 True 0 15.241631269454956 0
800 True 0 16.549567222595215 0
900 False 0 0.0 0
1000 True 1 13.35081696510315 0
1100 False 0 0.0 0
1200 True 1 6.737405300140381 0
1300 False 0 0.0 0
1400 True 0 6.3728485107421875 0
1500 True 1 13.294865608215332 0
1600 False 0 0.0 0
1700 False 0 0.0 0
1800 False 0 0.0 0
1900 True 1 19.419025897979736 0
2000 False 0 0.0 0
2100 False 0 0.0 0
2200 True 1 6.304939031600952 0
2300 False 0 0.0 0
2400 True 1 8.012457847595215 0
2500 False 0 0.0 0
2600 True 1 14.99760103225708 0
2700 False 0 0.0 0
2800 False 0 0.0 0
2900 False 0 0.0 0
3000 True 1 14.373008489608765 0
3100 True 1 19.385632753372192 0
3200 False 0 0.0 0
3300 False 0 0.0 0
3400 False 0 0.0 0
3500 True 1 12.03841757774353 0
3600 False 0 0.0 0
3700 False 0 0.0 0
3800 False 0 0.0 0
3900 False 0 0.0 0
4000 False 0 0.0 0
4100 True 1 12.344630002975464 0
4200 True 0 4.335943222045898 0
4300 True 1 6.507072448730469 0
4400 False 0 0.0 0
4500 False 0 0.0 0
4600 False 0 0.0 0
4700 False 0 0.0 0
4800 True 1 7.474551677703857 0
4900 False 0 0.0 0
5000 True 1 11.716914653778076 0
5100 True 1 14.479542016983032 0
5200 True 1 7.2705771923065186 0
5300 False 0 0.0 0
5400 True 1 19.654120445251465 0
5500 False 0 0.0 0
5600 False 0 0.0 0
5700 True 0 3.9392032623291016 0
5800 False 0 0.0 0
5900 False 0 0.0 0
6000 True 1 13.39941668510437 0
6100 True 1 18.953620672225952 0
6200 False 0 0.0 0
6300 False 0 0.0 0
6400 False 0 0.0 0
6500 False 0 0.0 0
6600 True 1 8.419861793518066 0
6700 False 0 0.0 0
6800 True 1 11.773395776748657 0
6900 False 0 0.0 0
7000 False 0 0.0 0
7100 False 0 0.0 0
7200 False 0 0.0 0
7300 True 0 1.2666902542114258 0
7400 True 1 19.225658893585205 0
7500 False 0 0.0 0
7600 True 0 2.051457405090332 0
7700 True 1 19.694583654403687 0
7800 True 1 8.33256483078003 0
7900 False 0 0.0 0
8000 True 1 14.671941757202148 0
8100 False 0 0.0 0
8200 False 0 0.0 0
8300 False 0 0.0 0
8400 False 0 0.0 0
8500 True 1 15.816277027130127 0
8600 False 0 0.0 0
8700 True 1 17.310951471328735 0
8800 True 1 14.008089303970337 0
8900 False 0 0.0 0
9000 True 1 14.42275619506836 0
9100 False 0 0.0 0
9200 True 1 6.489874601364136 0
9300 False 0 0.0 0
9400 False 0 0.0 0
9500 False 0 0.0 0
9600 True 1 11.475927352905273 0
9700 True 1 13.779356241226196 0
9800 True 0 13.389930486679077 0
9900 False 0 0.0 0
