0 False 0 0.0 0
100 False 0 0.0 0
200 False 0 0.0 0
300 True 1 13.784732103347778 0
400 True 1 6.672358512878418 0
500 False 0 0.0 0
600 False 0 0.0 0
700 False 0 0.0 0
800 True 1 8.440094470977783 0
900 False 0 0.0 0
1000 True 1 6.230494737625122 0
1100 False 0 0.0 0
1200 False 0 0.0 0
1300 True 0 4.836944103240967 0
1400 True 1 10.886850357055664 0
1500 False 0 0.0 0
1600 False 0 0.0 0
1700 False 0 0.0 0
1800 False 0 0.0 0
1900 True 1 17.754666328430176 0
2000 False 0 0.0 0
2100 False 0 0.0 0
2200 True 1 7.578157424926758 0
2300 False 0 0.0 0
2400 True 1 17.51572060585022 0
2500 False 0 0.0 0
2600 True 1 7.482621192932129 0
2700 False 0 0.0 0
2800 False 0 0.0 0
2900 False 0 0.0 0
3000 True 1 13.151912689208984 0
3100 True 1 21.723689079284668 0
3200 False 0 0.0 0
3300 True 0 2.9947195053100586 0
3400 True 1 3.003556251525879 0
3500 True 0 2.9407753944396973 0
3600 False 0 0.0 0
3700 False 0 0.0 0
3800 True 1 7.027011394500732 0
3900 False 0 0.0 0
4000 False 0 0.0 0
4100 True 1 5.738052845001221 0
4200 False 0 0.0 0
4300 True 1 16.33941411972046 0
4400 False 0 0.0 0
4500 False 0 0.0 0
4600 True 0 2.996638059616089 0
4700 True 0 2.0404744148254395 0
4800 True 1 7.0188069343566895 0
4900 False 0 0.0 0
5000 True 1 12.197566509246826 0
5100 False 0 0.0 0
5200 False 0 0.0 0
5300 False 0 0.0 0
5400 False 0 0.0 0
5500 True 0 7.803694248199463 0
5600 True 0 0.725999116897583 0
5700 True 0 14.400765657424927 0
5800 False 0 0.0 0
5900 False 0 0.0 0
6000 True 0 16.7817063331604 0
6100 True 0 11.054553508758545 0
6200 False 0 0.0 0
6300 False 0 0.0 0
6400 False 0 0.0 0
6500 False 0 0.0 0
6600 True 1 14.451131820678711 0
6700 True 0 1.9821560382843018 0
6800 True 1 14.852555751800537 0
6900 False 0 0.0 0
7000 False 0 0.0 0
7100 True 1 19.87252640724182 0
7200 False 0 0.0 0
7300 False 0 0.0 0
7400 False 0 0.0 0
7500 False 0 0.0 0
7600 False 0 0.0 0
7700 True 1 17.207887887954712 0
7800 True 1 13.483919858932495 0
7900 False 0 0.0 0
8000 True 1 12.858482360839844 0
8100 False 0 0.0 0
8200 False 0 0.0 0
8300 False 0 0.0 0
8400 False 0 0.0 0
8500 True 0 5.702547073364258 0
8600 False 0 0.0 0
8700 False 0 0.0 0
8800 True 1 8.523409843444824 0
8900 False 0 0.0 0
9000 False 0 0.0 0
9100 False 0 0.0 0
9200 True 1 10.571824073791504 0
9300 False 0 0.0 0
9400 True 0 2.566310405731201 0
9500 False 0 0.0 0
9600 True 1 7.63664436340332 0
9700 True 1 6.745231866836548 0
9800 False 0 0.0 0
9900 False 0 0.0 0
