0 True 0 16.4181866645813 0
100 False 0 0.0 0
200 False 0 0.0 0
300 True 0 62.049795389175415 1
400 True 0 62.3726019859314 1
500 False 0 0.0 0
600 True 0 16.408514261245728 0
700 True 0 63.55407762527466 1
800 True 0 62.71457123756409 1
900 False 0 0.0 0
1000 True 0 60.78073072433472 1
1100 False 0 0.0 0
1200 True 0 13.169719219207764 0
1300 False 0 0.0 0
1400 True 0 60.74221110343933 1
1500 True 0 60.994338035583496 1
1600 False 0 0.0 0
1700 False 0 0.0 0
1800 False 0 0.0 0
1900 True 0 60.681665897369385 1
2000 False 0 0.0 0
2100 False 0 0.0 0
2200 True 0 62.200836420059204 1
2300 True 0 63.138391733169556 1
2400 True 0 65.68190360069275 1
2500 False 0 0.0 0
2600 True 0 60.5440137386322 1
2700 False 0 0.0 0
2800 False 0 0.0 0
2900 False 0 0.0 0
3000 True 0 65.49612021446228 1
3100 True 0 65.816237449646 1
3200 False 0 0.0 0
3300 False 0 0.0 0
3400 False 0 0.0 0
3500 True 0 11.905774593353271 0
3600 False 0 0.0 0
3700 False 0 0.0 0
3800 True 0 60.54625988006592 1
3900 False 0 0.0 0
4000 False 0 0.0 0
4100 True 0 63.65130662918091 1
4200 True 0 42.578004598617554 0
4300 True 0 62.1275110244751 1
4400 False 0 0.0 0
4500 False 0 0.0 0
4600 False 0 0.0 0
4700 False 0 0.0 0
4800 True 0 61.82914733886719 1
4900 True 0 61.545698404312134 1
5000 True 0 62.15647077560425 1
5100 True 0 60.568217039108276 1
5200 True 0 61.20803713798523 1
5300 False 0 0.0 0
5400 True 0 13.812450885772705 0
5500 False 0 0.0 0
5600 False 0 0.0 0
5700 True 0 30.732709169387817 0
5800 False 0 0.0 0
5900 False 0 0.0 0
6000 True 0 60.6072838306427 1
6100 True 0 60.62230587005615 1
6200 True 0 9.486525774002075 0
6300 False 0 0.0 0
6400 False 0 0.0 0
6500 False 0 0.0 0
6600 True 0 61.726704120635986 1
6700 True 0 54.05631947517395 0
6800 True 0 52.311314821243286 0
6900 False 0 0.0 0
7000 False 0 0.0 0
7100 True 0 61.88747763633728 1
7200 False 0 0.0 0
7300 False 0 0.0 0
7400 True 0 60.810707330703735 1
7500 True 0 48.759989500045776 0
7600 False 0 0.0 0
7700 True 0 63.88045835494995 1
7800 True 0 65.39911842346191 1
7900 False 0 0.0 0
8000 True 0 61.56427264213562 1
8100 False 0 0.0 0
8200 False 0 0.0 0
8300 False 0 0.0 0
8400 False 0 0.0 0
8500 True 0 64.25666451454163 1
8600 False 0 0.0 0
8700 True 0 65.72457838058472 1
8800 True 0 64.04381942749023 1
8900 False 0 0.0 0
9000 True 0 64.25997495651245 1
9100 False 0 0.0 0
9200 True 0 63.9767484664917 1
9300 False 0 0.0 0
9400 False 0 0.0 0
9500 False 0 0.0 0
9600 True 0 62.056588888168335 1
9700 True 0 60.9125018119812 1
9800 False 0 0.0 0
9900 False 0 0.0 0
