0 False 0 0.0 0
100 False 0 0.0 0
200 False 0 0.0 0
300 True 0 60.80050468444824 1
400 True 1 47.86976957321167 0
500 False 0 0.0 0
600 False 0 0.0 0
700 True 0 63.339898347854614 1
800 True 0 26.596806287765503 0
900 False 0 0.0 0
1000 True 0 60.710026264190674 1
1100 False 0 0.0 0
1200 False 0 0.0 0
1300 False 0 0.0 0
1400 True 0 65.02989101409912 1
1500 False 0 0.0 0
1600 False 0 0.0 0
1700 False 0 0.0 0
1800 False 0 0.0 0
1900 False 0 0.0 0
2000 False 0 0.0 0
2100 False 0 0.0 0
2200 True 1 49.64824199676514 0
2300 False 0 0.0 0
2400 True 0 60.700539350509644 1
2500 False 0 0.0 0
2600 True 1 55.68035864830017 0
2700 True 0 4.773735284805298 0
2800 False 0 0.0 0
2900 False 0 0.0 0
3000 True 1 26.00533103942871 0
3100 True 0 23.35118269920349 0
3200 False 0 0.0 0
3300 False 0 0.0 0
3400 True 1 32.69050598144531 0
3500 False 0 0.0 0
3600 False 0 0.0 0
3700 False 0 0.0 0
3800 False 0 0.0 0
3900 False 0 0.0 0
4000 False 0 0.0 0
4100 True 1 37.23579406738281 0
4200 False 0 0.0 0
4300 False 0 0.0 0
4400 False 0 0.0 0
4500 False 0 0.0 0
4600 False 0 0.0 0
4700 False 0 0.0 0
4800 True 1 33.244590520858765 0
4900 False 0 0.0 0
5000 False 0 0.0 0
5100 False 0 0.0 0
5200 False 0 0.0 0
5300 False 0 0.0 0
5400 False 0 0.0 0
5500 False 0 0.0 0
5600 False 0 0.0 0
5700 False 0 0.0 0
5800 False 0 0.0 0
5900 False 0 0.0 0
6000 False 0 0.0 0
6100 True 0 14.367594242095947 0
6200 False 0 0.0 0
6300 False 0 0.0 0
6400 False 0 0.0 0
6500 False 0 0.0 0
6600 True 0 62.31353831291199 1
6700 True 0 60.929264307022095 1
6800 True 1 31.104047775268555 0
6900 False 0 0.0 0
7000 False 0 0.0 0
7100 True 1 45.687767028808594 0
7200 False 0 0.0 0
7300 True 0 4.588981866836548 0
7400 False 0 0.0 0
7500 False 0 0.0 0
7600 False 0 0.0 0
7700 True 1 41.08542203903198 0
7800 True 0 60.94583082199097 1
7900 False 0 0.0 0
8000 True 0 60.5 1
8100 True 0 65.22493386268616 1
8200 False 0 0.0 0
8300 False 0 0.0 0
8400 False 0 0.0 0
8500 False 0 0.0 0
8600 False 0 0.0 0
8700 False 0 0.0 0
8800 True 1 48.858744382858276 0
8900 False 0 0.0 0
9000 False 0 0.0 0
9100 False 0 0.0 0
9200 True 0 3.6210222244262695 0
9300 False 0 0.0 0
9400 True 0 26.010291814804077 0
9500 False 0 0.0 0
9600 True 0 3.7187724113464355 0
9700 True 0 60.60887336730957 1
9800 False 0 0.0 0
9900 False 0 0.0 0
