0 True 0.0 21.10065460205078 0
100 False 0.0 0.0 0
200 False 0.0 0.0 0
300 True 0.0 120.92571520805359 1
400 True 0.0 121.33684158325195 1
500 False 0.0 0.0 0
600 True 0.0 120.54320216178894 1
700 True 0.0 120.5 1
800 True 0.0 120.5 1
900 False 0.0 0.0 0
1000 True 0.0 123.23198056221008 1
1100 False 0.0 0.0 0
1200 False 0.0 0.0 0
1300 True 0.0 123.69466280937195 1
1400 True 0.0 134.76056599617004 1
1500 False 0.0 0.0 0
1600 False 0.0 0.0 0
1700 False 0.0 0.0 0
1800 False 0.0 0.0 0
1900 True 0.0 122.24615383148193 1
2000 False 0.0 0.0 0
2100 False 0.0 0.0 0
2200 False 0.0 0.0 0
2300 True 0.0 37.68090772628784 0
2400 True 0.0 122.59829568862915 1
2500 False 0.0 0.0 0
2600 True 0.0 122.49897527694702 1
2700 True 0.0 128.7632122039795 1
2800 False 0.0 0.0 0
2900 False 0.0 0.0 0
3000 True 0.0 120.65545463562012 1
3100 True 0.0 120.59455108642578 1
3200 False 0.0 0.0 0
3300 False 0.0 0.0 0
3400 False 0.0 0.0 0
3500 True 0.0 94.75798988342285 0
3600 False 0.0 0.0 0
3700 False 0.0 0.0 0
3800 True 0.0 121.51878619194031 1
3900 False 0.0 0.0 0
4000 False 0.0 0.0 0
4100 True 0.0 120.5 1
4200 False 0.0 0.0 0
4300 True 0.0 120.5 1
4400 False 0.0 0.0 0
4500 False 0.0 0.0 0
4600 False 0.0 0.0 0
4700 False 0.0 0.0 0
4800 True 0.0 120.70351576805115 1
4900 False 0.0 0.0 0
5000 True 0.0 120.5 1
5100 True 0.0 123.72182989120483 1
5200 True 0.0 120.9440848827362 1
5300 False 0.0 0.0 0
5400 True 0.0 120.5 1
5500 False 0.0 0.0 0
5600 False 0.0 0.0 0
5700 False 0.0 0.0 0
5800 False 0.0 0.0 0
5900 False 0.0 0.0 0
6000 True 0.0 120.5 1
6100 True 0.0 130.2500777244568 1
6200 False 0.0 0.0 0
6300 False 0.0 0.0 0
6400 False 0.0 0.0 0
6500 False 0.0 0.0 0
6600 True 0.0 120.5 1
6700 False 0.0 0.0 0
6800 True 0.0 120.5 1
6900 False 0.0 0.0 0
7000 False 0.0 0.0 0
7100 True 0.0 120.5 1
7200 False 0.0 0.0 0
7300 True 0.0 120.5 1
7400 True 0.0 120.5 1
7500 True 0.0 120.5 1
7600 False 0.0 0.0 0
7700 True 0.0 120.5 1
7800 True 0.0 120.5 1
7900 False 0.0 0.0 0
8000 True 0.0 120.5 1
8100 False 0.0 0.0 0
8200 False 0.0 0.0 0
8300 False 0.0 0.0 0
8400 False 0.0 0.0 0
8500 False 0.0 0.0 0
8600 True 0.0 120.5 1
8700 True 0.0 120.5 1
8800 True 0.0 120.5 1
8900 False 0.0 0.0 0
9000 True 0.0 120.5 1
9100 False 0.0 0.0 0
9200 True 0.0 120.5 1
9300 False 0.0 0.0 0
9400 False 0.0 0.0 0
9500 False 0.0 0.0 0
9600 True 0.0 120.5 1
9700 True 0.0 120.5 1
9800 False 0.0 0.0 0
9900 False 0.0 0.0 0
