0 False 0.0 0.0 0
100 False 0.0 0.0 0
200 False 0.0 0.0 0
300 True 0.0 120.50992393493652 1
400 True 0.0 31.543043613433838 0
500 False 0.0 0.0 0
600 False 0.0 0.0 0
700 True 0.0 135.63915944099426 1
800 True 0.0 132.78833198547363 1
900 False 0.0 0.0 0
1000 True 0.0 129.81582307815552 1
1100 False 0.0 0.0 0
1200 False 0.0 0.0 0
1300 False 0.0 0.0 0
1400 True 0.0 124.47885274887085 1
1500 False 0.0 0.0 0
1600 False 0.0 0.0 0
1700 False 0.0 0.0 0
1800 False 0.0 0.0 0
1900 False 0.0 0.0 0
2000 False 0.0 0.0 0
2100 False 0.0 0.0 0
2200 True 0.0 122.17271757125854 1
2300 False 0.0 0.0 0
2400 True 0.0 120.61793661117554 1
2500 False 0.0 0.0 0
2600 True 0.0625 121.00151538848877 1
2700 True 0.001953125 81.22515273094177 0
2800 False 0.0 0.0 0
2900 False 0.0 0.0 0
3000 True 0.0625 121.00151443481445 1
3100 True 0.0 120.81002950668335 1
3200 False 0.0 0.0 0
3300 False 0.0 0.0 0
3400 True 0.0625 121.41149687767029 1
3500 False 0.0 0.0 0
3600 False 0.0 0.0 0
3700 False 0.0 0.0 0
3800 False 0.0 0.0 0
3900 False 0.0 0.0 0
4000 False 0.0 0.0 0
4100 True 0.0625 120.69420003890991 1
4200 False 0.0 0.0 0
4300 False 0.0 0.0 0
4400 False 0.0 0.0 0
4500 False 0.0 0.0 0
4600 False 0.0 0.0 0
4700 False 0.0 0.0 0
4800 True 0.0 120.99272894859314 1
4900 False 0.0 0.0 0
5000 False 0.0 0.0 0
5100 False 0.0 0.0 0
5200 False 0.0 0.0 0
5300 False 0.0 0.0 0
5400 False 0.0 0.0 0
5500 False 0.0 0.0 0
5600 False 0.0 0.0 0
5700 False 0.0 0.0 0
5800 False 0.0 0.0 0
5900 False 0.0 0.0 0
6000 False 0.0 0.0 0
6100 True 0.0 123.7945249080658 1
6200 False 0.0 0.0 0
6300 False 0.0 0.0 0
6400 False 0.0 0.0 0
6500 False 0.0 0.0 0
6600 True 0.0 129.54056358337402 1
6700 True 0.0 135.59605598449707 1
6800 True 0.0 121.3082664012909 1
6900 False 0.0 0.0 0
7000 False 0.0 0.0 0
7100 True 0.0 132.13948488235474 1
7200 False 0.0 0.0 0
7300 True 0.001953125 92.22422575950623 0
7400 False 0.0 0.0 0
7500 False 0.0 0.0 0
7600 False 0.0 0.0 0
7700 True 0.0 120.98712730407715 1
7800 True 0.0 125.49595880508423 1
7900 False 0.0 0.0 0
8000 True 0.0 34.073899030685425 0
8100 True 0.0 125.71396088600159 1
8200 False 0.0 0.0 0
8300 False 0.0 0.0 0
8400 False 0.0 0.0 0
8500 False 0.0 0.0 0
8600 False 0.0 0.0 0
8700 False 0.0 0.0 0
8800 True 0.0 120.86580038070679 1
8900 False 0.0 0.0 0
9000 False 0.0 0.0 0
9100 False 0.0 0.0 0
9200 True 0.00390625 120.68484568595886 1
9300 False 0.0 0.0 0
9400 True 0.0 122.06137251853943 1
9500 False 0.0 0.0 0
9600 True 0.0087890625 114.0231511592865 0
9700 True 0.0 125.96730470657349 1
9800 False 0.0 0.0 0
9900 False 0.0 0.0 0
