0 True 0 0.5416414737701416 0
100 True 0 0.4842195510864258 0
200 True 0 0.3574049472808838 0
300 False 0 0.0 0
400 False 0 0.0 0
500 True 0 0.45447206497192383 0
600 True 0 0.4075145721435547 0
700 True 0 0.41442155838012695 0
800 False 0 0.0 0
900 True 0 0.5624210834503174 0
1000 True 0 0.48266172409057617 0
1100 True 0 0.46250486373901367 0
1200 False 0 0.0 0
1300 True 0 0.41741299629211426 0
1400 True 0 0.39838123321533203 0
1500 False 0 0.0 0
1600 True 0 0.4468064308166504 0
1700 True 0 0.5038859844207764 0
1800 True 0 0.5926468372344971 0
1900 True 0 0.48445916175842285 0
2000 True 0 0.4949991703033447 0
2100 False 0 0.0 0
2200 False 0 0.0 0
2300 True 0 0.5372359752655029 0
2400 False 0 0.0 0
2500 False 0 0.0 0
2600 True 0 0.4349234104156494 0
2700 True 0 0.4732792377471924 0
2800 False 0 0.0 0
2900 True 0 0.4349226951599121 0
3000 True 0 0.5780725479125977 0
3100 False 0 0.0 0
3200 True 0 0.4167499542236328 0
3300 True 0 0.5380964279174805 0
3400 True 0 0.488417387008667 0
3500 True 0 0.48185276985168457 0
3600 False 0 0.0 0
3700 True 0 0.519982099533081 0
3800 True 0 0.5572981834411621 0
3900 True 0 0.4789857864379883 0
4000 False 0 0.0 0
4100 True 0 0.5634167194366455 0
4200 True 0 0.43659114837646484 0
4300 False 0 0.0 0
4400 True 0 0.5223178863525391 0
4500 False 0 0.0 0
4600 True 0 0.47760868072509766 0
4700 True 0 0.4586517810821533 0
4800 True 0 0.45790910720825195 0
4900 False 0 0.0 0
5000 True 0 0.5767917633056641 0
5100 False 0 0.0 0
5200 True 0 0.5314733982086182 0
5300 True 0 0.5652241706848145 0
5400 True 0 0.5561676025390625 0
5500 True 0 0.5856108665466309 0
5600 True 0 0.4826815128326416 0
5700 True 0 0.5017440319061279 0
5800 True 0 0.47762107849121094 0
5900 True 0 0.537243127822876 0
6000 False 0 0.0 0
6100 True 0 0.46266841888427734 0
6200 True 0 0.46927404403686523 0
6300 True 0 0.4139077663421631 0
6400 True 0 0.7025556564331055 0
6500 True 0 0.4714334011077881 0
6600 True 0 0.4415876865386963 0
6700 False 0 0.0 0
6800 False 0 0.0 0
6900 True 0 0.5715091228485107 0
7000 True 0 0.4414653778076172 0
7100 False 0 0.0 0
7200 True 0 0.5360345840454102 0
7300 True 0 0.484454870223999 0
7400 True 0 0.5293409824371338 0
7500 False 0 0.0 0
7600 True 0 0.4485294818878174 0
7700 True 0 0.6117539405822754 0
7800 False 0 0.0 0
7900 True 0 0.4566500186920166 0
8000 True 0 0.46700310707092285 0
8100 True 0 0.4320523738861084 0
8200 True 0 0.4669320583343506 0
8300 True 0 0.4297604560852051 0
8400 True 0 0.4862039089202881 0
8500 True 0 0.553013801574707 0
8600 True 0 0.5181765556335449 0
8700 True 0 0.4757070541381836 0
8800 True 0 0.46389031410217285 0
8900 True 0 0.48623108863830566 0
9000 True 0 0.5306470394134521 0
9100 True 0 0.44759273529052734 0
9200 True 0 0.5219242572784424 0
9300 True 0 0.4264109134674072 0
9400 True 0 0.47642016410827637 0
9500 True 0 0.49467039108276367 0
9600 True 0 0.4926903247833252 0
9700 False 0 0.0 0
9800 True 0 0.4179189205169678 0
9900 False 0 0.0 0
