0 True 0.109375 2.537391424179077 0
100 True 0.0390625 2.773015022277832 0
200 True 0.0546875 2.4257638454437256 0
300 False 0.0 0.0 0
400 False 0.0 0.0 0
500 True 0.125 2.540212631225586 0
600 True 0.078125 2.593318462371826 0
700 True 0.109375 2.7640938758850098 0
800 False 0.0 0.0 0
900 True 0.0625 2.6564390659332275 0
1000 True 0.0234375 2.409996747970581 0
1100 True 0.140625 2.7268660068511963 0
1200 False 0.0 0.0 0
1300 True 0.0390625 2.3753302097320557 0
1400 True 0.109375 2.442962884902954 0
1500 False 0.0 0.0 0
1600 True 0.09375 2.5368599891662598 0
1700 True 0.078125 2.715654134750366 0
1800 True 0.0 2.327404499053955 0
1900 True 0.0859375 2.1619837284088135 0
2000 True 0.0625 2.680424451828003 0
2100 False 0.0 0.0 0
2200 False 0.0 0.0 0
2300 True 0.0 2.186818838119507 0
2400 False 0.0 0.0 0
2500 False 0.0 0.0 0
2600 True 0.03125 2.115086317062378 0
2700 True 0.078125 2.480055093765259 0
2800 False 0.0 0.0 0
2900 True 0.0234375 2.269606590270996 0
3000 True 0.0703125 2.445124864578247 0
3100 False 0.0 0.0 0
3200 True 0.109375 2.5599958896636963 0
3300 True 0.0234375 2.2218539714813232 0
3400 True 0.109375 2.757929563522339 0
3500 True 0.125 2.528555154800415 0
3600 False 0.0 0.0 0
3700 True 0.109375 2.4764132499694824 0
3800 True 0.03125 2.565955638885498 0
3900 True 0.125 2.5874993801116943 0
4000 False 0.0 0.0 0
4100 True 0.046875 2.331238031387329 0
4200 True 0.1015625 2.6668436527252197 0
4300 False 0.0 0.0 0
4400 True 0.0703125 2.514049530029297 0
4500 False 0.0 0.0 0
4600 True 0.109375 2.3508358001708984 0
4700 True 0.078125 2.5844006538391113 0
4800 True 0.125 2.716689348220825 0
4900 False 0.0 0.0 0
5000 True 0.09375 2.485629081726074 0
5100 False 0.0 0.0 0
5200 True 0.046875 2.644737482070923 0
5300 True 0.0234375 2.3575587272644043 0
5400 True 0.03125 2.646514415740967 0
5500 True 0.109375 2.431292772293091 0
5600 True 0.0625 2.530956506729126 0
5700 True 0.1015625 2.45310115814209 0
5800 True 0.0859375 2.2224631309509277 0
5900 True 0.125 2.761353015899658 0
6000 False 0.0 0.0 0
6100 True 0.1328125 2.676480531692505 0
6200 True 0.0625 2.5090651512145996 0
6300 True 0.1328125 2.3720579147338867 0
6400 True 0.046875 2.4008243083953857 0
6500 True 0.0625 2.2805874347686768 0
6600 True 0.015625 2.3940067291259766 0
6700 False 0.0 0.0 0
6800 False 0.0 0.0 0
6900 True 0.046875 2.358140468597412 0
7000 True 0.109375 2.7731986045837402 0
7100 False 0.0 0.0 0
7200 True 0.0546875 2.394822120666504 0
7300 True 0.1171875 2.3983850479125977 0
7400 True 0.0 2.205763101577759 0
7500 False 0.0 0.0 0
7600 True 0.125 2.594083070755005 0
7700 True 0.0390625 2.5508570671081543 0
7800 False 0.0 0.0 0
7900 True 0.1015625 2.466524839401245 0
8000 True 0.046875 2.484006881713867 0
8100 True 0.140625 2.688279867172241 0
8200 True 0.109375 2.532350540161133 0
8300 True 0.0546875 2.247694969177246 0
8400 True 0.1171875 2.6224329471588135 0
8500 True 0.1328125 2.492244243621826 0
8600 True 0.1328125 2.6199488639831543 0
8700 True 0.1015625 2.3846192359924316 0
8800 True 0.140625 2.6102454662323 0
8900 True 0.1328125 2.480851888656616 0
9000 True 0.1328125 2.6130752563476562 0
9100 True 0.0390625 2.5403506755828857 0
9200 True 0.109375 2.682494878768921 0
9300 True 0.0703125 2.6959047317504883 0
9400 True 0.0078125 2.4408013820648193 0
9500 True 0.0390625 2.5270352363586426 0
9600 True 0.0546875 2.7133641242980957 0
9700 False 0.0 0.0 0
9800 True 0.0625 2.616457939147949 0
9900 False 0.0 0.0 0
