0 True 0.0859375 3.2497918605804443 0
100 True 0.046875 2.9395904541015625 0
200 True 0.0859375 2.705004930496216 0
300 False 0.0 0.0 0
400 True 0.0546875 2.981738805770874 0
500 True 0.109375 2.8584742546081543 0
600 True 0.0625 2.911912679672241 0
700 True 0.0703125 2.8982086181640625 0
800 True 0.0078125 2.6883254051208496 0
900 True 0.03125 3.03932785987854 0
1000 True 0.0625 2.7062082290649414 0
1100 True 0.1015625 2.710801601409912 0
1200 False 0.0 0.0 0
1300 True 0.046875 2.872638702392578 0
1400 True 0.09375 2.7139639854431152 0
1500 False 0.0 0.0 0
1600 True 0.046875 2.7147793769836426 0
1700 True 0.0546875 2.8776285648345947 0
1800 False 0.0 0.0 0
1900 True 0.0625 2.6007487773895264 0
2000 True 0.0546875 2.8931634426116943 0
2100 True 0.0703125 2.6731436252593994 0
2200 True 0.0234375 2.644669771194458 0
2300 True 0.0078125 2.692530393600464 0
2400 True 0.03125 2.683030605316162 0
2500 True 0.0 2.8208444118499756 0
2600 True 0.0703125 2.696511745452881 0
2700 True 0.0546875 2.872828722000122 0
2800 True 0.0625 2.8742806911468506 0
2900 True 0.046875 2.8369853496551514 0
3000 True 0.046875 2.795344591140747 0
3100 True 0.0390625 2.830091953277588 0
3200 True 0.09375 2.674640655517578 0
3300 True 0.046875 2.820488452911377 0
3400 True 0.0859375 2.9564857482910156 0
3500 True 0.078125 2.8561599254608154 0
3600 True 0.046875 2.801060438156128 0
3700 True 0.078125 2.730727434158325 0
3800 True 0.0390625 2.7835400104522705 0
3900 True 0.078125 2.976954460144043 0
4000 False 0.0 0.0 0
4100 True 0.0703125 2.5461573600769043 0
4200 True 0.078125 3.0262532234191895 0
4300 False 0.0 0.0 0
4400 True 0.046875 2.530503749847412 0
4500 False 0.0 0.0 0
4600 True 0.109375 2.8096582889556885 0
4700 True 0.0625 2.8103466033935547 0
4800 True 0.1015625 2.850327730178833 0
4900 True 0.0546875 2.701695442199707 0
5000 True 0.078125 2.422731399536133 0
5100 True 0.0078125 2.244385242462158 0
5200 True 0.046875 2.720273494720459 0
5300 True 0.078125 2.6624109745025635 0
5400 True 0.09375 2.7827939987182617 0
5500 True 0.078125 2.640443801879883 0
5600 True 0.0 2.528808832168579 0
5700 True 0.078125 2.7341318130493164 0
5800 True 0.0546875 2.5749125480651855 0
5900 True 0.0703125 2.720231056213379 0
6000 True 0.015625 2.7739784717559814 0
6100 True 0.09375 2.6364409923553467 0
6200 True 0.0625 2.692556858062744 0
6300 True 0.078125 2.7148149013519287 0
6400 True 0.0 2.8374972343444824 0
6500 True 0.09375 2.6766269207000732 0
6600 True 0.0390625 3.0145914554595947 0
6700 True 0.0390625 2.8197860717773438 0
6800 True 0.046875 2.7412827014923096 0
6900 True 0.0546875 2.830259084701538 0
7000 True 0.0703125 2.938627004623413 0
7100 True 0.0703125 2.779195547103882 0
7200 True 0.0625 2.7097413539886475 0
7300 True 0.0859375 2.6509201526641846 0
7400 True 0.0546875 2.792809247970581 0
7500 True 0.03125 2.663459062576294 0
7600 True 0.078125 2.813816547393799 0
7700 True 0.046875 2.6749751567840576 0
7800 False 0.0 0.0 0
7900 True 0.0703125 2.554147958755493 0
8000 True 0.09375 2.6484599113464355 0
8100 True 0.078125 2.8572022914886475 0
8200 True 0.09375 2.6994283199310303 0
8300 True 0.0859375 2.5270767211914062 0
8400 True 0.0859375 2.6572062969207764 0
8500 True 0.1015625 2.7909152507781982 0
8600 True 0.078125 3.0199930667877197 0
8700 True 0.0859375 2.62095046043396 0
8800 True 0.1328125 2.65665602684021 0
8900 True 0.0859375 2.842233419418335 0
9000 True 0.0859375 2.810716152191162 0
9100 True 0.1015625 2.913203477859497 0
9200 True 0.078125 2.7328341007232666 0
9300 True 0.0703125 2.888864755630493 0
9400 True 0.0390625 2.891141176223755 0
9500 True 0.0703125 2.571885108947754 0
9600 True 0.0625 2.773151159286499 0
9700 True 0.0 2.8685195446014404 0
9800 True 0.015625 2.8136749267578125 0
9900 True 0.046875 2.969548463821411 0
