0 True 0.125 2.747429609298706 0
100 True 0.046875 2.2619686126708984 0
200 False 0.0 0.0 0
300 False 0.0 0.0 0
400 True 0.0546875 2.098220109939575 0
500 True 0.1953125 2.430581569671631 0
600 True 0.125 2.5853042602539062 0
700 True 0.1015625 2.177107334136963 0
800 True 0.0546875 2.2204606533050537 0
900 True 0.0390625 2.41641902923584 0
1000 True 0.015625 2.382357120513916 0
1100 True 0.140625 2.56642746925354 0
1200 False 0.0 0.0 0
1300 True 0.078125 2.206134080886841 0
1400 True 0.1328125 2.155061960220337 0
1500 False 0.0 0.0 0
1600 False 0.0 0.0 0
1700 True 0.0703125 2.6183738708496094 0
1800 True 0.03125 2.058115005493164 0
1900 True 0.0546875 2.093815326690674 0
2000 True 0.0703125 2.4762229919433594 0
2100 True 0.0703125 2.260765552520752 0
2200 True 0.0546875 2.2090578079223633 0
2300 False 0.0 0.0 0
2400 True 0.0390625 2.4243996143341064 0
2500 True 0.0625 2.3209633827209473 0
2600 True 0.109375 2.219036340713501 0
2700 True 0.1015625 2.3817033767700195 0
2800 True 0.078125 2.2167649269104004 0
2900 True 0.0 2.0713729858398438 0
3000 True 0.078125 2.328967571258545 0
3100 True 0.078125 2.4894402027130127 0
3200 True 0.1328125 2.0130696296691895 0
3300 True 0.078125 2.3156843185424805 0
3400 True 0.140625 2.688000202178955 0
3500 True 0.171875 2.0748043060302734 0
3600 False 0.0 0.0 0
3700 True 0.125 2.6460378170013428 0
3800 True 0.0234375 2.2658393383026123 0
3900 True 0.1484375 2.631326675415039 0
4000 True 0.0703125 2.365412950515747 0
4100 True 0.0859375 2.1775548458099365 0
4200 True 0.1171875 2.396946430206299 0
4300 True 0.0234375 2.380810260772705 0
4400 True 0.046875 2.209747791290283 0
4500 True 0.0234375 2.383868932723999 0
4600 True 0.15625 2.4679737091064453 0
4700 True 0.125 2.288112163543701 0
4800 True 0.1484375 2.473461151123047 0
4900 True 0.0546875 2.4292526245117188 0
5000 True 0.078125 2.3543124198913574 0
5100 False 0.0 0.0 0
5200 True 0.109375 2.470262289047241 0
5300 True 0.109375 2.2249605655670166 0
5400 True 0.09375 2.5954091548919678 0
5500 True 0.1484375 2.4551002979278564 0
5600 False 0.0 0.0 0
5700 True 0.1328125 2.563156843185425 0
5800 True 0.0546875 1.8210785388946533 0
5900 True 0.046875 2.262589454650879 0
6000 True 0.0078125 1.9863941669464111 0
6100 True 0.140625 2.4308929443359375 0
6200 True 0.1484375 2.319268226623535 0
6300 True 0.1171875 2.3852896690368652 0
6400 True 0.0859375 2.2339327335357666 0
6500 True 0.1171875 2.2633016109466553 0
6600 True 0.0625 2.549778461456299 0
6700 True 0.0234375 1.965968132019043 0
6800 True 0.03125 2.155146598815918 0
6900 True 0.078125 2.462924003601074 0
7000 True 0.140625 2.749528408050537 0
7100 True 0.1171875 2.118387222290039 0
7200 False 0.0 0.0 0
7300 True 0.109375 2.1509060859680176 0
7400 True 0.0390625 2.1458396911621094 0
7500 True 0.1015625 2.30562686920166 0
7600 True 0.125 2.60493803024292 0
7700 True 0.0859375 2.4076943397521973 0
7800 False 0.0 0.0 0
7900 True 0.0546875 2.1165130138397217 0
8000 True 0.140625 1.931760549545288 0
8100 True 0.1640625 2.5218253135681152 0
8200 True 0.1484375 2.2118496894836426 0
8300 True 0.140625 1.9230985641479492 0
8400 True 0.125 2.469935417175293 0
8500 True 0.1640625 2.4081270694732666 0
8600 True 0.15625 2.6464624404907227 0
8700 True 0.1015625 2.2289397716522217 0
8800 True 0.140625 2.1394009590148926 0
8900 True 0.15625 2.6161868572235107 0
9000 True 0.1640625 2.6742055416107178 0
9100 True 0.1640625 2.3082377910614014 0
9200 True 0.109375 2.1810245513916016 0
9300 True 0.1328125 2.719794511795044 0
9400 True 0.09375 2.232064723968506 0
9500 True 0.140625 2.119353771209717 0
9600 False 0.0 0.0 0
9700 True 0.0390625 2.3130264282226562 0
9800 True 0.1015625 2.2940144538879395 0
9900 True 0.0859375 2.3861255645751953 0
