0 False 0 0.0 0
100 False 0 0.0 0
200 False 0 0.0 0
300 False 0 0.0 0
400 False 0 0.0 0
500 True 0 0.40207839012145996 0
600 True 0 0.40764832496643066 0
700 True 0 0.3388481140136719 0
800 False 0 0.0 0
900 False 0 0.0 0
1000 False 0 0.0 0
1100 True 0 0.4086785316467285 0
1200 False 0 0.0 0
1300 False 0 0.0 0
1400 True 0 0.35871291160583496 0
1500 False 0 0.0 0
1600 False 0 0.0 0
1700 False 0 0.0 0
1800 True 0 0.4129664897918701 0
1900 False 0 0.0 0
2000 True 0 0.4071176052093506 0
2100 False 0 0.0 0
2200 True 1 0.3980264663696289 0
2300 False 0 0.0 0
2400 False 0 0.0 0
2500 False 0 0.0 0
2600 False 0 0.0 0
2700 True 1 0.39540672302246094 0
2800 False 0 0.0 0
2900 False 0 0.0 0
3000 True 0 0.3558623790740967 0
3100 False 0 0.0 0
3200 False 0 0.0 0
3300 False 0 0.0 0
3400 False 0 0.0 0
3500 False 0 0.0 0
3600 False 0 0.0 0
3700 False 0 0.0 0
3800 False 0 0.0 0
3900 True 1 0.41130971908569336 0
4000 False 0 0.0 0
4100 False 0 0.0 0
4200 True 1 0.3985481262207031 0
4300 False 0 0.0 0
4400 True 1 0.33380675315856934 0
4500 False 0 0.0 0
4600 True 0 0.3640098571777344 0
4700 False 0 0.0 0
4800 False 0 0.0 0
4900 False 0 0.0 0
5000 True 0 0.37039947509765625 0
5100 False 0 0.0 0
5200 False 0 0.0 0
5300 False 0 0.0 0
5400 False 0 0.0 0
5500 False 0 0.0 0
5600 True 1 0.4136650562286377 0
5700 True 0 0.3954193592071533 0
5800 False 0 0.0 0
5900 False 0 0.0 0
6000 False 0 0.0 0
6100 False 0 0.0 0
6200 False 0 0.0 0
6300 False 0 0.0 0
6400 True 0 0.4241518974304199 0
6500 False 0 0.0 0
6600 False 0 0.0 0
6700 False 0 0.0 0
6800 True 1 0.36792564392089844 0
6900 False 0 0.0 0
7000 True 0 0.48795151710510254 0
7100 True 0 0.31931638717651367 0
7200 True 0 0.4814019203186035 0
7300 True 1 0.31809091567993164 0
7400 False 0 0.0 0
7500 True 0 0.45585179328918457 0
7600 True 0 0.3488783836364746 0
7700 False 0 0.0 0
7800 False 0 0.0 0
7900 False 0 0.0 0
8000 False 0 0.0 0
8100 True 1 0.34992241859436035 0
8200 True 1 0.35605311393737793 0
8300 False 0 0.0 0
8400 False 0 0.0 0
8500 False 0 0.0 0
8600 True 1 0.3063089847564697 0
8700 False 0 0.0 0
8800 True 1 0.3855772018432617 0
8900 False 0 0.0 0
9000 True 0 0.43962645530700684 0
9100 False 0 0.0 0
9200 False 0 0.0 0
9300 True 1 0.3277268409729004 0
9400 True 0 0.3475484848022461 0
9500 True 1 0.29129481315612793 0
9600 True 0 0.4964735507965088 0
9700 True 0 0.3712007999420166 0
9800 True 1 0.35190773010253906 0
9900 True 0 0.4704585075378418 0
