0 True 0.03125 2.7921717166900635 0
100 True 0.015625 2.750030279159546 0
200 True 0.0390625 2.6221730709075928 0
300 False 0.0 0.0 0
400 True 0.015625 2.5507681369781494 0
500 True 0.0546875 2.671478033065796 0
600 True 0.0234375 2.7862207889556885 0
700 True 0.03125 2.635115385055542 0
800 True 0.0 2.4523651599884033 0
900 True 0.0078125 2.705545425415039 0
1000 True 0.0078125 2.5428898334503174 0
1100 True 0.046875 2.5419299602508545 0
1200 False 0.0 0.0 0
1300 True 0.015625 2.6285653114318848 0
1400 True 0.03125 2.605841875076294 0
1500 False 0.0 0.0 0
1600 True 0.015625 2.4834063053131104 0
1700 True 0.0390625 2.561633586883545 0
1800 False 0.0 0.0 0
1900 True 0.0078125 2.571981191635132 0
2000 True 0.0234375 2.7320730686187744 0
2100 True 0.0234375 2.446429491043091 0
2200 True 0.0234375 2.442220687866211 0
2300 True 0.0078125 2.5946969985961914 0
2400 True 0.015625 2.645047187805176 0
2500 True 0.0 2.469651222229004 0
2600 True 0.0390625 2.5665881633758545 0
2700 True 0.0234375 2.446491003036499 0
2800 True 0.03125 2.600081443786621 0
2900 True 0.0234375 2.5689010620117188 0
3000 True 0.0234375 2.719552516937256 0
3100 True 0.0078125 2.4487454891204834 0
3200 True 0.0390625 2.6343929767608643 0
3300 True 0.03125 2.731386423110962 0
3400 True 0.03125 2.760645627975464 0
3500 True 0.0390625 2.640695095062256 0
3600 True 0.015625 2.506002902984619 0
3700 True 0.03125 2.690802574157715 0
3800 True 0.015625 2.5928704738616943 0
3900 True 0.03125 2.6460609436035156 0
4000 False 0.0 0.0 0
4100 True 0.0078125 2.5196282863616943 0
4200 True 0.015625 2.636962652206421 0
4300 False 0.0 0.0 0
4400 True 0.0 2.473635196685791 0
4500 False 0.0 0.0 0
4600 True 0.046875 2.73353910446167 0
4700 True 0.0234375 2.5659141540527344 0
4800 True 0.046875 2.9313015937805176 0
4900 True 0.0234375 2.6373846530914307 0
5000 True 0.015625 2.611581563949585 0
5100 True 0.0 2.537311315536499 0
5200 True 0.015625 2.628305673599243 0
5300 True 0.03125 2.679259777069092 0
5400 True 0.0390625 2.841599464416504 0
5500 True 0.03125 2.551254987716675 0
5600 False 0.0 0.0 0
5700 True 0.0234375 2.6617252826690674 0
5800 True 0.03125 2.7102670669555664 0
5900 True 0.0390625 2.7304484844207764 0
6000 True 0.015625 2.591621160507202 0
6100 True 0.0625 2.715207815170288 0
6200 True 0.03125 2.6458749771118164 0
6300 True 0.0234375 2.506911277770996 0
6400 False 0.0 0.0 0
6500 True 0.0390625 2.758572578430176 0
6600 True 0.0078125 2.6293365955352783 0
6700 True 0.0 2.60170578956604 0
6800 True 0.0390625 3.0084521770477295 0
6900 True 0.0234375 2.531918525695801 0
7000 True 0.0234375 2.896993398666382 0
7100 True 0.0390625 2.593339681625366 0
7200 True 0.015625 2.577335834503174 0
7300 True 0.0390625 2.6577646732330322 0
7400 True 0.03125 2.784414291381836 0
7500 True 0.03125 2.6761715412139893 0
7600 True 0.0234375 2.65838623046875 0
7700 True 0.0234375 2.729966878890991 0
7800 False 0.0 0.0 0
7900 True 0.0 2.6558163166046143 0
8000 True 0.0546875 2.553466320037842 0
8100 True 0.03125 2.708841323852539 0
8200 True 0.046875 2.606362819671631 0
8300 True 0.0390625 2.3719120025634766 0
8400 True 0.0390625 2.6160645484924316 0
8500 True 0.046875 2.480356454849243 0
8600 True 0.03125 2.83595609664917 0
8700 True 0.0234375 2.735964775085449 0
8800 True 0.046875 2.548795700073242 0
8900 True 0.03125 2.7490508556365967 0
9000 True 0.0546875 2.700690507888794 0
9100 True 0.046875 2.590496063232422 0
9200 True 0.0234375 2.6471121311187744 0
9300 True 0.03125 2.6037940979003906 0
9400 True 0.0234375 2.6357858180999756 0
9500 True 0.0234375 2.5682175159454346 0
9600 True 0.0390625 2.5397980213165283 0
9700 False 0.0 0.0 0
9800 True 0.015625 2.5747368335723877 0
9900 True 0.0234375 2.569117307662964 0
