0 False 0 0.0 0
100 True 0 0.004633426666259766 0
200 False 0 0.0 0
300 True 0 0.003917217254638672 0
400 True 0 0.0039365291595458984 0
500 False 0 0.0 0
600 False 0 0.0 0
700 True 0 0.004026174545288086 0
800 False 0 0.0 0
900 False 0 0.0 0
1000 True 0 0.003785848617553711 0
1100 False 0 0.0 0
1200 False 0 0.0 0
1300 False 0 0.0 0
1400 True 0 0.0037949085235595703 0
1500 False 0 0.0 0
1600 False 0 0.0 0
1700 False 0 0.0 0
1800 False 0 0.0 0
1900 True 0 0.004107475280761719 0
2000 False 0 0.0 0
2100 False 0 0.0 0
2200 True 0 0.004251718521118164 0
2300 False 0 0.0 0
2400 True 1 0.004080057144165039 0
2500 False 0 0.0 0
2600 True 0 0.003716707229614258 0
2700 False 0 0.0 0
2800 False 0 0.0 0
2900 False 0 0.0 0
3000 True 1 0.0044667720794677734 0
3100 True 0 0.003665924072265625 0
3200 False 0 0.0 0
3300 False 0 0.0 0
3400 True 0 0.0037610530853271484 0
3500 True 0 0.003791332244873047 0
3600 False 0 0.0 0
3700 False 0 0.0 0
3800 False 0 0.0 0
3900 False 0 0.0 0
4000 False 0 0.0 0
4100 True 0 0.0044977664947509766 0
4200 True 0 0.0037398338317871094 0
4300 False 0 0.0 0
4400 False 0 0.0 0
4500 False 0 0.0 0
4600 False 0 0.0 0
4700 False 0 0.0 0
4800 True 0 0.0037631988525390625 0
4900 False 0 0.0 0
5000 True 0 0.011703729629516602 0
5100 False 0 0.0 0
5200 True 0 0.004172325134277344 0
5300 False 0 0.0 0
5400 True 0 0.003856182098388672 0
5500 False 0 0.0 0
5600 False 0 0.0 0
5700 False 0 0.0 0
5800 False 0 0.0 0
5900 False 0 0.0 0
6000 False 0 0.0 0
6100 True 0 0.003790616989135742 0
6200 False 0 0.0 0
6300 False 0 0.0 0
6400 False 0 0.0 0
6500 False 0 0.0 0
6600 False 0 0.0 0
6700 True 0 0.0038156509399414062 0
6800 True 0 0.0037047863006591797 0
6900 False 0 0.0 0
7000 False 0 0.0 0
7100 True 0 0.0037941932678222656 0
7200 False 0 0.0 0
7300 False 0 0.0 0
7400 False 0 0.0 0
7500 False 0 0.0 0
7600 False 0 0.0 0
7700 True 0 0.004136800765991211 0
7800 True 0 0.004213809967041016 0
7900 False 0 0.0 0
8000 True 0 0.0036568641662597656 0
8100 False 0 0.0 0
8200 False 0 0.0 0
8300 False 0 0.0 0
8400 False 0 0.0 0
8500 True 0 0.004166841506958008 0
8600 False 0 0.0 0
8700 False 0 0.0 0
8800 True 1 0.004564762115478516 0
8900 False 0 0.0 0
9000 False 0 0.0 0
9100 False 0 0.0 0
9200 True 0 0.0036923885345458984 0
9300 True 0 0.0041217803955078125 0
9400 False 0 0.0 0
9500 False 0 0.0 0
9600 True 0 0.003757953643798828 0
9700 True 1 0.004609584808349609 0
9800 False 0 0.0 0
9900 False 0 0.0 0
