0 False 0 0.0 0
100 True 0 0.01521444320678711 0
200 False 0 0.0 0
300 True 1 0.004734039306640625 0
400 True 1 0.004146575927734375 0
500 False 0 0.0 0
600 False 0 0.0 0
700 True 1 0.004884481430053711 0
800 True 1 0.004675388336181641 0
900 False 0 0.0 0
1000 True 1 0.004143476486206055 0
1100 False 0 0.0 0
1200 False 0 0.0 0
1300 False 0 0.0 0
1400 False 0 0.0 0
1500 False 0 0.0 0
1600 False 0 0.0 0
1700 False 0 0.0 0
1800 False 0 0.0 0
1900 True 1 0.0040721893310546875 0
2000 False 0 0.0 0
2100 False 0 0.0 0
2200 True 1 0.004175424575805664 0
2300 False 0 0.0 0
2400 True 1 0.004172801971435547 0
2500 False 0 0.0 0
2600 True 1 0.005167484283447266 0
2700 False 0 0.0 0
2800 False 0 0.0 0
2900 False 0 0.0 0
3000 True 1 0.003977060317993164 0
3100 True 1 0.004308938980102539 0
3200 False 0 0.0 0
3300 False 0 0.0 0
3400 False 0 0.0 0
3500 True 1 0.0042035579681396484 0
3600 False 0 0.0 0
3700 False 0 0.0 0
3800 False 0 0.0 0
3900 False 0 0.0 0
4000 False 0 0.0 0
4100 True 1 0.004275798797607422 0
4200 False 0 0.0 0
4300 True 1 0.004502296447753906 0
4400 False 0 0.0 0
4500 False 0 0.0 0
4600 True 1 0.004096269607543945 0
4700 False 0 0.0 0
4800 True 1 0.004185199737548828 0
4900 True 1 0.004192829132080078 0
5000 True 1 0.004664421081542969 0
5100 True 1 0.004489421844482422 0
5200 True 1 0.004219532012939453 0
5300 False 0 0.0 0
5400 False 0 0.0 0
5500 False 0 0.0 0
5600 False 0 0.0 0
5700 True 1 0.004055023193359375 0
5800 False 0 0.0 0
5900 False 0 0.0 0
6000 False 0 0.0 0
6100 True 1 0.004177570343017578 0
6200 False 0 0.0 0
6300 False 0 0.0 0
6400 False 0 0.0 0
6500 False 0 0.0 0
6600 True 1 0.004129171371459961 0
6700 True 1 0.004107475280761719 0
6800 True 1 0.004194498062133789 0
6900 False 0 0.0 0
7000 False 0 0.0 0
7100 True 1 0.004128694534301758 0
7200 False 0 0.0 0
7300 True 1 0.0043714046478271484 0
7400 False 0 0.0 0
7500 False 0 0.0 0
7600 True 1 0.004113674163818359 0
7700 True 1 0.00414586067199707 0
7800 True 0 0.003968715667724609 0
7900 False 0 0.0 0
8000 True 1 0.0045604705810546875 0
8100 False 0 0.0 0
8200 False 0 0.0 0
8300 False 0 0.0 0
8400 False 0 0.0 0
8500 True 1 0.004150867462158203 0
8600 False 0 0.0 0
8700 True 1 0.004044294357299805 0
8800 True 1 0.004127979278564453 0
8900 False 0 0.0 0
9000 True 1 0.0046579837799072266 0
9100 False 0 0.0 0
9200 True 1 0.004349470138549805 0
9300 False 0 0.0 0
9400 True 1 0.004183530807495117 0
9500 False 0 0.0 0
9600 True 1 0.004069328308105469 0
9700 True 1 0.004644632339477539 0
9800 True 1 0.004167795181274414 0
9900 False 0 0.0 0
