0 True 0.001953125 0.3703010082244873 0
100 False 0.0 0.0 0
200 False 0.0 0.0 0
300 True 0.0087890625 0.39192652702331543 0
400 True 0.0107421875 0.3614077568054199 0
500 False 0.0 0.0 0
600 True 0.001953125 0.3624560832977295 0
700 True 0.00390625 0.3633887767791748 0
800 True 0.001953125 0.36496710777282715 0
900 False 0.0 0.0 0
1000 True 0.0078125 0.38272881507873535 0
1100 False 0.0 0.0 0
1200 True 0.0009765625 0.3404994010925293 0
1300 False 0.0 0.0 0
1400 True 0.001953125 0.36611366271972656 0
1500 True 0.0 0.3603541851043701 0
1600 False 0.0 0.0 0
1700 False 0.0 0.0 0
1800 False 0.0 0.0 0
1900 True 0.01171875 0.3649637699127197 0
2000 False 0.0 0.0 0
2100 False 0.0 0.0 0
2200 True 0.0126953125 0.37221527099609375 0
2300 True 0.001953125 0.3895900249481201 0
2400 True 0.015625 0.3684849739074707 0
2500 False 0.0 0.0 0
2600 True 0.009765625 0.36858081817626953 0
2700 False 0.0 0.0 0
2800 False 0.0 0.0 0
2900 False 0.0 0.0 0
3000 True 0.0126953125 0.3784458637237549 0
3100 True 0.0087890625 0.3801848888397217 0
3200 False 0.0 0.0 0
3300 False 0.0 0.0 0
3400 False 0.0 0.0 0
3500 True 0.0048828125 0.37928080558776855 0
3600 False 0.0 0.0 0
3700 False 0.0 0.0 0
3800 True 0.0029296875 0.36128973960876465 0
3900 False 0.0 0.0 0
4000 False 0.0 0.0 0
4100 True 0.013671875 0.3761458396911621 0
4200 True 0.0 0.36121582984924316 0
4300 True 0.009765625 0.3717978000640869 0
4400 False 0.0 0.0 0
4500 False 0.0 0.0 0
4600 False 0.0 0.0 0
4700 False 0.0 0.0 0
4800 True 0.009765625 0.3620796203613281 0
4900 True 0.0048828125 0.36083340644836426 0
5000 True 0.0048828125 0.3728823661804199 0
5100 True 0.0048828125 0.38078880310058594 0
5200 True 0.009765625 0.3749377727508545 0
5300 False 0.0 0.0 0
5400 True 0.0009765625 0.3614518642425537 0
5500 False 0.0 0.0 0
5600 False 0.0 0.0 0
5700 True 0.0 0.36689019203186035 0
5800 False 0.0 0.0 0
5900 False 0.0 0.0 0
6000 True 0.00390625 0.37056517601013184 0
6100 True 0.0078125 0.385603666305542 0
6200 True 0.0 0.3465089797973633 0
6300 False 0.0 0.0 0
6400 False 0.0 0.0 0
6500 False 0.0 0.0 0
6600 True 0.0087890625 0.3663594722747803 0
6700 True 0.0009765625 0.384427547454834 0
6800 True 0.0029296875 0.3963027000427246 0
6900 False 0.0 0.0 0
7000 False 0.0 0.0 0
7100 True 0.0078125 0.3778092861175537 0
7200 False 0.0 0.0 0
7300 False 0.0 0.0 0
7400 True 0.0029296875 0.36378026008605957 0
7500 True 0.001953125 0.34967970848083496 0
7600 False 0.0 0.0 0
7700 True 0.001953125 0.3922891616821289 0
7800 True 0.005859375 0.35857582092285156 0
7900 False 0.0 0.0 0
8000 True 0.005859375 0.3543362617492676 0
8100 False 0.0 0.0 0
8200 False 0.0 0.0 0
8300 False 0.0 0.0 0
8400 False 0.0 0.0 0
8500 True 0.00390625 0.36185526847839355 0
8600 False 0.0 0.0 0
8700 True 0.0048828125 0.3676590919494629 0
8800 True 0.017578125 0.3670024871826172 0
8900 False 0.0 0.0 0
9000 True 0.0087890625 0.36507344245910645 0
9100 False 0.0 0.0 0
9200 True 0.01171875 0.36305785179138184 0
9300 False 0.0 0.0 0
9400 False 0.0 0.0 0
9500 False 0.0 0.0 0
9600 True 0.01171875 0.37675023078918457 0
9700 True 0.0078125 0.3619246482849121 0
9800 False 0.0 0.0 0
9900 False 0.0 0.0 0
