0 False 0 0.0 0
100 False 0 0.0 0
200 False 0 0.0 0
300 True 0 0.051097869873046875 0
400 True 0 0.029235363006591797 0
500 False 0 0.0 0
600 False 0 0.0 0
700 True 0 0.041260480880737305 0
800 False 0 0.0 0
900 False 0 0.0 0
1000 True 0 0.04053688049316406 0
1100 False 0 0.0 0
1200 False 0 0.0 0
1300 False 0 0.0 0
1400 True 0 0.029738187789916992 0
1500 False 0 0.0 0
1600 False 0 0.0 0
1700 False 0 0.0 0
1800 False 0 0.0 0
1900 True 0 0.03930258750915527 0
2000 False 0 0.0 0
2100 False 0 0.0 0
2200 True 0 0.0430908203125 0
2300 False 0 0.0 0
2400 True 0 0.03549075126647949 0
2500 False 0 0.0 0
2600 True 0 0.0295712947845459 0
2700 False 0 0.0 0
2800 False 0 0.0 0
2900 False 0 0.0 0
3000 True 0 0.040991783142089844 0
3100 True 0 0.043935537338256836 0
3200 False 0 0.0 0
3300 False 0 0.0 0
3400 True 0 0.05132269859313965 0
3500 True 0 0.04475092887878418 0
3600 False 0 0.0 0
3700 False 0 0.0 0
3800 True 0 0.039910316467285156 0
3900 False 0 0.0 0
4000 False 0 0.0 0
4100 True 0 0.0427088737487793 0
4200 True 0 0.044385433197021484 0
4300 True 0 0.04510021209716797 0
4400 False 0 0.0 0
4500 False 0 0.0 0
4600 False 0 0.0 0
4700 True 0 0.04287242889404297 0
4800 True 0 0.02902531623840332 0
4900 True 0 0.038024187088012695 0
5000 True 0 0.04275178909301758 0
5100 False 0 0.0 0
5200 True 0 0.04536771774291992 0
5300 False 0 0.0 0
5400 True 0 0.04322528839111328 0
5500 False 0 0.0 0
5600 False 0 0.0 0
5700 False 0 0.0 0
5800 False 0 0.0 0
5900 False 0 0.0 0
6000 False 0 0.0 0
6100 True 0 0.04331183433532715 0
6200 False 0 0.0 0
6300 False 0 0.0 0
6400 False 0 0.0 0
6500 False 0 0.0 0
6600 True 0 0.0421137809753418 0
6700 True 0 0.04752826690673828 0
6800 True 0 0.034215688705444336 0
6900 False 0 0.0 0
7000 False 0 0.0 0
7100 True 0 0.029793977737426758 0
7200 False 0 0.0 0
7300 False 0 0.0 0
7400 False 0 0.0 0
7500 False 0 0.0 0
7600 False 0 0.0 0
7700 True 0 0.034421443939208984 0
7800 True 0 0.02747321128845215 0
7900 False 0 0.0 0
8000 True 0 0.028485774993896484 0
8100 False 0 0.0 0
8200 False 0 0.0 0
8300 False 0 0.0 0
8400 False 0 0.0 0
8500 False 0 0.0 0
8600 False 0 0.0 0
8700 False 0 0.0 0
8800 True 0 0.03776741027832031 0
8900 False 0 0.0 0
9000 True 0 0.0393373966217041 0
9100 False 0 0.0 0
9200 True 0 0.0365908145904541 0
9300 True 0 0.030321598052978516 0
9400 False 0 0.0 0
9500 False 0 0.0 0
9600 True 0 0.02920818328857422 0
9700 True 0 0.026953935623168945 0
9800 False 0 0.0 0
9900 False 0 0.0 0
