0 False 0 0.0 0
100 False 0 0.0 0
200 False 0 0.0 0
300 True 0 3.4069976806640625 0
400 True 1 2.453362464904785 0
500 False 0 0.0 0
600 True 0 2.5515124797821045 0
700 True 0 1.8491158485412598 0
800 True 0 2.227940559387207 0
900 False 0 0.0 0
1000 True 1 2.503451347351074 0
1100 False 0 0.0 0
1200 True 0 2.5920746326446533 0
1300 False 0 0.0 0
1400 False 0 0.0 0
1500 True 0 1.8133842945098877 0
1600 False 0 0.0 0
1700 True 0 1.4825091361999512 0
1800 True 0 1.465709924697876 0
1900 True 1 1.4156742095947266 0
2000 False 0 0.0 0
2100 False 0 0.0 0
2200 True 0 3.2589035034179688 0
2300 False 0 0.0 0
2400 True 1 1.6393449306488037 0
2500 True 0 2.455963134765625 0
2600 True 0 2.3707499504089355 0
2700 True 0 1.6657028198242188 0
2800 False 0 0.0 0
2900 False 0 0.0 0
3000 True 0 2.7529733180999756 0
3100 True 0 4.242309331893921 0
3200 False 0 0.0 0
3300 True 0 2.4033749103546143 0
3400 False 0 0.0 0
3500 True 0 1.5422112941741943 0
3600 False 0 0.0 0
3700 False 0 0.0 0
3800 True 0 2.094241142272949 0
3900 False 0 0.0 0
4000 False 0 0.0 0
4100 True 1 2.5897128582000732 0
4200 False 0 0.0 0
4300 True 1 3.185520887374878 0
4400 False 0 0.0 0
4500 True 0 2.4000651836395264 0
4600 False 0 0.0 0
4700 False 0 0.0 0
4800 True 0 1.452960729598999 0
4900 False 0 0.0 0
5000 True 1 2.258021831512451 0
5100 True 0 3.094285011291504 0
5200 True 0 3.3551838397979736 0
5300 False 0 0.0 0
5400 True 0 2.2212021350860596 0
5500 True 0 1.6242868900299072 0
5600 True 0 2.7388598918914795 0
5700 True 0 2.3748855590820312 0
5800 False 0 0.0 0
5900 False 0 0.0 0
6000 True 0 1.8436453342437744 0
6100 True 0 2.354681968688965 0
6200 False 0 0.0 0
6300 True 0 1.771099328994751 0
6400 False 0 0.0 0
6500 False 0 0.0 0
6600 True 1 2.1918094158172607 0
6700 True 0 2.764183282852173 0
6800 True 0 2.9308667182922363 0
6900 False 0 0.0 0
7000 False 0 0.0 0
7100 False 0 0.0 0
7200 False 0 0.0 0
7300 False 0 0.0 0
7400 True 0 1.6470987796783447 0
7500 True 0 1.50355863571167 0
7600 False 0 0.0 0
7700 True 0 1.3888366222381592 0
7800 True 0 2.131632089614868 0
7900 False 0 0.0 0
8000 True 0 2.4691829681396484 0
8100 False 0 0.0 0
8200 False 0 0.0 0
8300 False 0 0.0 0
8400 False 0 0.0 0
8500 True 0 3.0581114292144775 0
8600 False 0 0.0 0
8700 True 0 2.089777946472168 0
8800 True 1 2.328434705734253 0
8900 False 0 0.0 0
9000 True 1 2.5209410190582275 0
9100 False 0 0.0 0
9200 True 1 2.93998122215271 0
9300 True 0 1.7865469455718994 0
9400 True 0 1.3680777549743652 0
9500 True 0 1.8409416675567627 0
9600 True 0 1.4051239490509033 0
9700 True 0 1.3768670558929443 0
9800 True 0 1.6188247203826904 0
9900 False 0 0.0 0
