0 True 0.0009765625 40.95537877082825 0
100 True 0.0 37.31823921203613 0
200 False 0.0 0.0 0
300 True 0.0009765625 30.439745664596558 0
400 True 0.005859375 29.98830819129944 0
500 False 0.0 0.0 0
600 False 0.0 0.0 0
700 True 0.001953125 26.71290135383606 0
800 True 0.00390625 49.901105880737305 0
900 False 0.0 0.0 0
1000 True 0.0029296875 31.55223798751831 0
1100 False 0.0 0.0 0
1200 True 0.00390625 44.26720571517944 0
1300 False 0.0 0.0 0
1400 True 0.0 41.276914834976196 0
1500 True 0.001953125 41.144596099853516 0
1600 False 0.0 0.0 0
1700 False 0.0 0.0 0
1800 True 0.0009765625 29.28024959564209 0
1900 True 0.0048828125 50.26812124252319 0
2000 False 0.0 0.0 0
2100 True 0.0 49.103315591812134 0
2200 True 0.0 27.264636516571045 0
2300 False 0.0 0.0 0
2400 True 0.005859375 40.990668058395386 0
2500 True 0.0 47.47977089881897 0
2600 True 0.00390625 54.328328132629395 0
2700 True 0.001953125 41.67630863189697 0
2800 True 0.0009765625 36.45669150352478 0
2900 False 0.0 0.0 0
3000 True 0.0029296875 31.310142040252686 0
3100 True 0.00390625 58.7062783241272 0
3200 True 0.0009765625 46.32723689079285 0
3300 True 0.0009765625 38.37848973274231 0
3400 False 0.0 0.0 0
3500 True 0.0 53.53693747520447 0
3600 False 0.0 0.0 0
3700 False 0.0 0.0 0
3800 True 0.0009765625 46.594191789627075 0
3900 False 0.0 0.0 0
4000 False 0.0 0.0 0
4100 True 0.0048828125 30.395592212677002 0
4200 False 0.0 0.0 0
4300 True 0.0029296875 38.25416445732117 0
4400 False 0.0 0.0 0
4500 True 0.0 58.11504411697388 0
4600 False 0.0 0.0 0
4700 False 0.0 0.0 0
4800 True 0.00390625 29.98249125480652 0
4900 True 0.0 29.724623918533325 0
5000 True 0.005859375 31.04869270324707 0
5100 False 0.0 0.0 0
5200 True 0.0029296875 31.700260639190674 0
5300 False 0.0 0.0 0
5400 False 0.0 0.0 0
5500 False 0.0 0.0 0
5600 True 0.0009765625 31.082677364349365 0
5700 True 0.0009765625 43.61249923706055 0
5800 False 0.0 0.0 0
5900 False 0.0 0.0 0
6000 True 0.001953125 30.34881615638733 0
6100 True 0.0029296875 51.724748611450195 0
6200 False 0.0 0.0 0
6300 True 0.0009765625 32.510209798812866 0
6400 False 0.0 0.0 0
6500 False 0.0 0.0 0
6600 True 0.0048828125 30.925352334976196 0
6700 True 0.0 31.01184058189392 0
6800 True 0.0009765625 32.83698320388794 0
6900 False 0.0 0.0 0
7000 False 0.0 0.0 0
7100 False 0.0 0.0 0
7200 False 0.0 0.0 0
7300 False 0.0 0.0 0
7400 True 0.0009765625 35.843164920806885 0
7500 True 0.0009765625 30.030038356781006 0
7600 False 0.0 0.0 0
7700 True 0.0029296875 32.892470836639404 0
7800 True 0.0029296875 27.995228052139282 0
7900 False 0.0 0.0 0
8000 True 0.001953125 28.02633810043335 0
8100 False 0.0 0.0 0
8200 False 0.0 0.0 0
8300 False 0.0 0.0 0
8400 False 0.0 0.0 0
8500 True 0.00390625 28.894867181777954 0
8600 False 0.0 0.0 0
8700 True 0.0009765625 41.62282609939575 0
8800 True 0.0087890625 28.244144916534424 0
8900 True 0.0 58.55819797515869 0
9000 True 0.0048828125 53.648698568344116 0
9100 False 0.0 0.0 0
9200 True 0.00390625 36.585679054260254 0
9300 True 0.0009765625 29.50753116607666 0
9400 True 0.0009765625 28.7712721824646 0
9500 True 0.0009765625 33.095325231552124 0
9600 True 0.0048828125 30.03944492340088 0
9700 True 0.00390625 29.50162124633789 0
9800 True 0.0048828125 27.375899076461792 0
9900 False 0.0 0.0 0
