0 False 0 0.0 0
100 False 0 0.0 0
200 True 0 60.64414858818054 1
300 True 0 57.13546681404114 0
400 True 0 60.79002404212952 1
500 False 0 0.0 0
600 True 0 59.27122640609741 0
700 True 0 54.02037167549133 0
800 True 0 60.804840087890625 1
900 False 0 0.0 0
1000 True 0 60.81756138801575 1
1100 False 0 0.0 0
1200 True 0 51.59458637237549 0
1300 False 0 0.0 0
1400 False 0 0.0 0
1500 True 0 56.764989376068115 0
1600 True 0 60.871214389801025 1
1700 False 0 0.0 0
1800 True 0 54.411975622177124 0
1900 True 0 60.78608536720276 1
2000 False 0 0.0 0
2100 True 0 60.827874422073364 1
2200 True 0 49.43162512779236 0
2300 False 0 0.0 0
2400 True 0 55.21051573753357 0
2500 True 0 55.32203769683838 0
2600 True 0 60.81014585494995 1
2700 True 0 53.45650887489319 0
2800 True 0 56.40970993041992 0
2900 False 0 0.0 0
3000 True 0 57.2581524848938 0
3100 True 0 46.05457901954651 0
3200 False 0 0.0 0
3300 True 0 57.34379291534424 0
3400 False 0 0.0 0
3500 True 0 58.142457008361816 0
3600 False 0 0.0 0
3700 True 0 52.78208565711975 0
3800 True 0 51.55477809906006 0
3900 False 0 0.0 0
4000 False 0 0.0 0
4100 True 0 60.83538794517517 1
4200 True 0 55.22055792808533 0
4300 True 0 60.06380486488342 1
4400 False 0 0.0 0
4500 False 0 0.0 0
4600 False 0 0.0 0
4700 False 0 0.0 0
4800 True 0 56.52875995635986 0
4900 False 0 0.0 0
5000 True 0 60.8096239566803 1
5100 True 0 60.89063882827759 1
5200 True 0 60.834993839263916 1
5300 True 0 60.77587151527405 1
5400 True 0 48.21982455253601 0
5500 True 0 58.48644828796387 0
5600 True 0 60.83313345909119 1
5700 True 0 60.811689615249634 1
5800 False 0 0.0 0
5900 False 0 0.0 0
6000 True 0 55.784491539001465 0
6100 True 0 58.803130865097046 0
6200 True 0 48.47923278808594 0
6300 True 0 60.891278982162476 1
6400 True 0 60.86332726478577 1
6500 False 0 0.0 0
6600 True 0 55.4211859703064 0
6700 True 0 60.81389617919922 1
6800 True 0 60.84605312347412 1
6900 True 0 60.83941078186035 1
7000 False 0 0.0 0
7100 False 0 0.0 0
7200 False 0 0.0 0
7300 False 0 0.0 0
7400 True 0 51.33939170837402 0
7500 True 0 50.643571853637695 0
7600 False 0 0.0 0
7700 True 0 57.37281847000122 0
7800 True 0 45.042227029800415 0
7900 False 0 0.0 0
8000 True 0 59.568103075027466 0
8100 False 0 0.0 0
8200 False 0 0.0 0
8300 False 0 0.0 0
8400 True 0 58.689682960510254 0
8500 True 0 53.48285150527954 0
8600 True 0 56.33357071876526 0
8700 True 0 59.122546672821045 0
8800 True 0 43.036659717559814 0
8900 True 0 60.89537334442139 1
9000 True 0 49.078543186187744 0
9100 False 0 0.0 0
9200 True 0 53.30888295173645 0
9300 True 0 52.387964725494385 0
9400 True 0 53.601686000823975 0
9500 True 0 60.853349447250366 1
9600 True 0 51.43609666824341 0
9700 True 0 55.98469376564026 0
9800 True 0 60.787813663482666 1
9900 True 0 49.814669609069824 0
