0 False 0.0 0.0 0
100 False 0.0 0.0 0
200 False 0.0 0.0 0
300 True 0.0 120.890798330307 1
400 True 0.0 120.66956281661987 1
500 False 0.0 0.0 0
600 True 0.0 120.70485305786133 1
700 True 0.0 120.66370797157288 1
800 True 0.0 120.67938351631165 1
900 False 0.0 0.0 0
1000 True 0.0 120.6458032131195 1
1100 False 0.0 0.0 0
1200 True 0.0 120.6232078075409 1
1300 True 0.0 120.70741367340088 1
1400 True 0.0 120.6945447921753 1
1500 False 0.0 0.0 0
1600 False 0.0 0.0 0
1700 False 0.0 0.0 0
1800 False 0.0 0.0 0
1900 True 0.0 120.6307303905487 1
2000 False 0.0 0.0 0
2100 False 0.0 0.0 0
2200 True 0.0 120.5895676612854 1
2300 False 0.0 0.0 0
2400 True 0.0 120.5 1
2500 False 0.0 0.0 0
2600 True 0.0 120.5 1
2700 True 0.0 120.5 1
2800 False 0.0 0.0 0
2900 False 0.0 0.0 0
3000 True 0.0 120.5 1
3100 True 0.0 120.5 1
3200 False 0.0 0.0 0
3300 True 0.0 120.5 1
3400 True 0.0 120.5 1
3500 True 0.0 120.5 1
3600 False 0.0 0.0 0
3700 False 0.0 0.0 0
3800 True 0.0 120.5 1
3900 False 0.0 0.0 0
4000 False 0.0 0.0 0
4100 True 0.0 120.5 1
4200 False 0.0 0.0 0
4300 True 0.0 120.5 1
4400 False 0.0 0.0 0
4500 True 0.0 120.5 1
4600 False 0.0 0.0 0
4700 False 0.0 0.0 0
4800 True 0.0 120.5 1
4900 False 0.0 0.0 0
5000 True 0.0 120.5 1
5100 True 0.0 120.5 1
5200 False 0.0 0.0 0
5300 False 0.0 0.0 0
5400 True 0.0 120.5 1
5500 False 0.0 0.0 0
5600 False 0.0 0.0 0
5700 False 0.0 0.0 0
5800 False 0.0 0.0 0
5900 False 0.0 0.0 0
6000 False 0.0 0.0 0
6100 True 0.0 120.5 1
6200 False 0.0 0.0 0
6300 False 0.0 0.0 0
6400 False 0.0 0.0 0
6500 False 0.0 0.0 0
6600 True 0.0 120.5 1
6700 True 0.0 120.5 1
6800 True 0.0 120.5 1
6900 True 0.0 120.5 1
7000 False 0.0 0.0 0
7100 True 0.0 120.5 1
7200 True 0.0 120.5 1
7300 False 0.0 0.0 0
7400 False 0.0 0.0 0
7500 True 0.0 120.5 1
7600 False 0.0 0.0 0
7700 True 0.0 120.5 1
7800 True 0.0 120.5 1
7900 False 0.0 0.0 0
8000 True 0.0 120.5 1
8100 False 0.0 0.0 0
8200 False 0.0 0.0 0
8300 False 0.0 0.0 0
8400 False 0.0 0.0 0
8500 False 0.0 0.0 0
8600 True 0.0 120.5 1
8700 True 0.0 120.5 1
8800 True 0.0 120.5 1
8900 False 0.0 0.0 0
9000 True 0.0 120.5 1
9100 False 0.0 0.0 0
9200 True 0.0 120.5 1
9300 True 0.0 120.5 1
9400 True 0.0 120.5 1
9500 False 0.0 0.0 0
9600 True 0.0 120.5 1
9700 True 0.0 120.5 1
9800 True 0.0 120.5 1
9900 False 0.0 0.0 0
