0 True 0.0 120.06261324882507 1
100 False 0.0 0.0 0
200 False 0.0 0.0 0
300 True 0.0 120.07721209526062 1
400 True 0.0 120.10182404518127 1
500 False 0.0 0.0 0
600 True 0.0 120.06358408927917 1
700 True 0.0 120.08642220497131 1
800 True 0.0 120.06921887397766 1
900 False 0.0 0.0 0
1000 True 0.0 120.09493279457092 1
1100 False 0.0 0.0 0
1200 True 0.0 120.09387636184692 1
1300 False 0.0 0.0 0
1400 True 0.0 120.05578279495239 1
1500 False 0.0 0.0 0
1600 False 0.0 0.0 0
1700 False 0.0 0.0 0
1800 True 0.0 120.06111216545105 1
1900 True 0.0 120.08958530426025 1
2000 False 0.0 0.0 0
2100 False 0.0 0.0 0
2200 False 0.0 0.0 0
2300 False 0.0 0.0 0
2400 True 0.0 120.05 1
2500 False 0.0 0.0 0
2600 True 0.0 120.05 1
2700 True 0.0 120.05 1
2800 False 0.0 0.0 0
2900 False 0.0 0.0 0
3000 True 0.0 120.05 1
3100 True 0.0 120.05 1
3200 True 0.0 120.05 1
3300 True 0.0 120.05 1
3400 True 0.0 120.05 1
3500 True 0.0 120.05 1
3600 False 0.0 0.0 0
3700 False 0.0 0.0 0
3800 True 0.0 120.05 1
3900 False 0.0 0.0 0
4000 False 0.0 0.0 0
4100 True 0.0 120.05 1
4200 True 0.0 120.05 1
4300 True 0.0 120.05 1
4400 False 0.0 0.0 0
4500 True 0.0 120.05 1
4600 False 0.0 0.0 0
4700 False 0.0 0.0 0
4800 True 0.0 120.05 1
4900 True 0.0 120.05 1
5000 True 0.0 120.05 1
5100 True 0.0 120.05 1
5200 True 0.0 120.05 1
5300 False 0.0 0.0 0
5400 True 0.0 120.05 1
5500 False 0.0 0.0 0
5600 True 0.0 120.05 1
5700 True 0.0 120.05 1
5800 False 0.0 0.0 0
5900 False 0.0 0.0 0
6000 True 0.0 120.05 1
6100 True 0.0 120.05 1
6200 True 0.0 120.05 1
6300 False 0.0 0.0 0
6400 True 0.0 120.05 1
6500 False 0.0 0.0 0
6600 True 0.0 120.05 1
6700 True 0.0 120.05 1
6800 True 0.0 120.05 1
6900 True 0.0 120.05 1
7000 False 0.0 0.0 0
7100 False 0.0 0.0 0
7200 True 0.0 120.05 1
7300 False 0.0 0.0 0
7400 True 0.0 120.05 1
7500 True 0.0 120.05 1
7600 False 0.0 0.0 0
7700 True 0.0 120.05 1
7800 True 0.0 120.05 1
7900 False 0.0 0.0 0
8000 True 0.0 120.05 1
8100 True 0.0 120.05 1
8200 False 0.0 0.0 0
8300 False 0.0 0.0 0
8400 True 0.0 120.05 1
8500 True 0.0 120.05 1
8600 True 0.0 120.05 1
8700 True 0.0 120.05 1
8800 True 0.0 120.05 1
8900 True 0.0 120.05 1
9000 True 0.0 120.05 1
9100 False 0.0 0.0 0
9200 True 0.0 120.05 1
9300 True 0.0 120.05 1
9400 True 0.0 120.05 1
9500 True 0.0 120.05 1
9600 True 0.0 120.05 1
9700 True 0.0 120.05 1
9800 True 0.0 120.05 1
9900 True 0.0 120.05 1
