0 False 0 0.0 0
100 True 0 17.300593852996826 0
200 False 0 0.0 0
300 True 0 16.10476326942444 0
400 True 0 16.452221632003784 0
500 False 0 0.0 0
600 False 0 0.0 0
700 False 0 0.0 0
800 False 0 0.0 0
900 False 0 0.0 0
1000 False 0 0.0 0
1100 False 0 0.0 0
1200 False 0 0.0 0
1300 False 0 0.0 0
1400 False 0 0.0 0
1500 False 0 0.0 0
1600 False 0 0.0 0
1700 False 0 0.0 0
1800 False 0 0.0 0
1900 True 0 16.872769117355347 0
2000 False 0 0.0 0
2100 False 0 0.0 0
2200 True 0 15.897834539413452 0
2300 False 0 0.0 0
2400 True 0 15.51002836227417 0
2500 False 0 0.0 0
2600 True 0 17.382206678390503 0
2700 False 0 0.0 0
2800 False 0 0.0 0
2900 False 0 0.0 0
3000 False 0 0.0 0
3100 True 0 15.255937576293945 0
3200 False 0 0.0 0
3300 False 0 0.0 0
3400 True 0 18.236127138137817 0
3500 False 0 0.0 0
3600 True 0 16.739510536193848 0
3700 False 0 0.0 0
3800 False 0 0.0 0
3900 False 0 0.0 0
4000 False 0 0.0 0
4100 False 0 0.0 0
4200 False 0 0.0 0
4300 True 0 15.410938739776611 0
4400 False 0 0.0 0
4500 False 0 0.0 0
4600 False 0 0.0 0
4700 True 0 17.631912231445312 0
4800 True 0 17.162285089492798 0
4900 False 0 0.0 0
5000 False 0 0.0 0
5100 False 0 0.0 0
5200 False 0 0.0 0
5300 False 0 0.0 0
5400 True 0 15.49760127067566 0
5500 False 0 0.0 0
5600 False 0 0.0 0
5700 False 0 0.0 0
5800 False 0 0.0 0
5900 False 0 0.0 0
6000 False 0 0.0 0
6100 True 0 18.212574005126953 0
6200 False 0 0.0 0
6300 False 0 0.0 0
6400 False 0 0.0 0
6500 False 0 0.0 0
6600 False 0 0.0 0
6700 True 0 18.368833780288696 0
6800 True 0 16.517579793930054 0
6900 False 0 0.0 0
7000 False 0 0.0 0
7100 True 0 16.790170907974243 0
7200 False 0 0.0 0
7300 False 0 0.0 0
7400 False 0 0.0 0
7500 False 0 0.0 0
7600 False 0 0.0 0
7700 True 0 17.850573301315308 0
7800 True 0 15.823111057281494 0
7900 False 0 0.0 0
8000 False 0 0.0 0
8100 True 0 17.195518970489502 0
8200 False 0 0.0 0
8300 False 0 0.0 0
8400 False 0 0.0 0
8500 False 0 0.0 0
8600 False 0 0.0 0
8700 False 0 0.0 0
8800 True 0 16.611095428466797 0
8900 False 0 0.0 0
9000 False 0 0.0 0
9100 False 0 0.0 0
9200 True 0 16.13904070854187 0
9300 False 0 0.0 0
9400 True 0 16.572685956954956 0
9500 False 0 0.0 0
9600 True 0 16.214667081832886 0
9700 True 0 15.239433288574219 0
9800 False 0 0.0 0
9900 False 0 0.0 0
