0 True 0 2.5778965950012207 0
100 False 0 0.0 0
200 False 0 0.0 0
300 True 1 2.9441311359405518 0
400 True 1 1.725569248199463 0
500 False 0 0.0 0
600 True 1 2.506131172180176 0
700 True 1 2.6099853515625 0
800 True 1 2.1742637157440186 0
900 False 0 0.0 0
1000 True 1 2.794154405593872 0
1100 False 0 0.0 0
1200 True 1 1.572451114654541 0
1300 False 0 0.0 0
1400 False 0 0.0 0
1500 True 1 2.0980064868927 0
1600 False 0 0.0 0
1700 False 0 0.0 0
1800 False 0 0.0 0
1900 True 1 1.6711313724517822 0
2000 False 0 0.0 0
2100 False 0 0.0 0
2200 False 0 0.0 0
2300 True 0 4.332454442977905 0
2400 True 1 2.72123384475708 0
2500 True 0 3.588135004043579 0
2600 True 1 2.2748396396636963 0
2700 True 0 2.044820547103882 0
2800 False 0 0.0 0
2900 False 0 0.0 0
3000 True 1 1.7956719398498535 0
3100 True 1 2.509995222091675 0
3200 False 0 0.0 0
3300 False 0 0.0 0
3400 False 0 0.0 0
3500 True 0 3.4968535900115967 0
3600 False 0 0.0 0
3700 True 1 2.013404130935669 0
3800 True 1 4.401424407958984 0
3900 False 0 0.0 0
4000 False 0 0.0 0
4100 True 1 2.3217809200286865 0
4200 True 1 2.717683792114258 0
4300 True 1 2.229844331741333 0
4400 False 0 0.0 0
4500 True 0 2.1310837268829346 0
4600 False 0 0.0 0
4700 True 0 4.010910749435425 0
4800 True 1 1.824446201324463 0
4900 True 1 2.3973758220672607 0
5000 True 1 2.663658380508423 0
5100 True 0 2.9111812114715576 0
5200 True 1 1.9566726684570312 0
5300 True 1 3.718055248260498 0
5400 True 0 2.028930425643921 0
5500 True 1 3.2672226428985596 0
5600 True 0 3.1844849586486816 0
5700 True 1 2.866061210632324 0
5800 False 0 0.0 0
5900 False 0 0.0 0
6000 True 1 2.6937639713287354 0
6100 True 1 3.2539823055267334 0
6200 False 0 0.0 0
6300 False 0 0.0 0
6400 False 0 0.0 0
6500 False 0 0.0 0
6600 True 1 1.8756027221679688 0
6700 True 0 4.928454875946045 0
6800 True 0 4.180703639984131 0
6900 False 0 0.0 0
7000 False 0 0.0 0
7100 False 0 0.0 0
7200 False 0 0.0 0
7300 True 0 2.993421792984009 0
7400 True 1 1.837789535522461 0
7500 True 1 2.1363308429718018 0
7600 False 0 0.0 0
7700 False 0 0.0 0
7800 True 0 2.00675892829895 0
7900 False 0 0.0 0
8000 True 1 2.039708137512207 0
8100 False 0 0.0 0
8200 False 0 0.0 0
8300 False 0 0.0 0
8400 False 0 0.0 0
8500 True 1 2.1732027530670166 0
8600 False 0 0.0 0
8700 True 1 2.3948252201080322 0
8800 True 1 1.9439561367034912 0
8900 False 0 0.0 0
9000 True 1 1.8890855312347412 0
9100 False 0 0.0 0
9200 True 1 1.7805778980255127 0
9300 False 0 0.0 0
9400 False 0 0.0 0
9500 True 0 4.207246780395508 0
9600 True 1 2.268663167953491 0
9700 True 0 2.6305155754089355 0
9800 True 1 1.8424499034881592 0
9900 False 0 0.0 0
