0 True 1 10.593080759048462 0
100 True 1 10.753004312515259 0
200 True 1 7.268494367599487 0
300 False 0 0.0 0
400 True 0 0.9929983615875244 0
500 True 1 8.62903380393982 0
600 True 1 9.460266590118408 0
700 True 1 10.405357837677002 0
800 True 0 3.341625690460205 0
900 True 0 3.0697402954101562 0
1000 True 1 7.802565813064575 0
1100 True 1 10.098519086837769 0
1200 False 0 0.0 0
1300 True 1 9.465417861938477 0
1400 True 1 8.21621561050415 0
1500 False 0 0.0 0
1600 True 0 4.323906898498535 0
1700 True 1 9.229675054550171 0
1800 False 0 0.0 0
1900 True 1 7.541110277175903 0
2000 True 1 9.72107458114624 0
2100 True 1 6.715497970581055 0
2200 True 0 6.3006556034088135 0
2300 True 0 2.8421707153320312 0
2400 True 0 3.7737350463867188 0
2500 True 0 4.913221597671509 0
2600 True 1 9.111151933670044 0
2700 True 1 8.879608392715454 0
2800 True 1 7.948992490768433 0
2900 True 0 2.810866117477417 0
3000 True 1 8.829842329025269 0
3100 True 0 7.056553363800049 0
3200 True 1 6.158314943313599 0
3300 True 1 8.084851503372192 0
3400 True 1 9.043304920196533 0
3500 True 1 10.994741439819336 0
3600 True 1 8.309823036193848 0
3700 True 1 7.900654077529907 0
3800 True 0 5.866546869277954 0
3900 True 1 9.040282964706421 0
4000 False 0 0.0 0
4100 True 1 7.718824148178101 0
4200 True 1 9.489938259124756 0
4300 False 0 0.0 0
4400 True 0 4.03862452507019 0
4500 False 0 0.0 0
4600 True 1 7.581968784332275 0
4700 True 1 10.379761219024658 0
4800 True 1 8.71406626701355 0
4900 True 1 8.673428773880005 0
5000 True 1 7.74491024017334 0
5100 True 0 3.6514124870300293 0
5200 True 1 9.278207063674927 0
5300 True 1 7.248498439788818 0
5400 True 1 7.491387844085693 0
5500 True 1 7.628733158111572 0
5600 True 0 4.282052278518677 0
5700 True 1 11.526901245117188 0
5800 True 1 6.768984317779541 0
5900 True 1 8.786022186279297 0
6000 True 0 5.137650012969971 0
6100 True 1 7.518362045288086 0
6200 True 1 7.5392115116119385 0
6300 True 1 7.311887502670288 0
6400 True 0 3.541584014892578 0
6500 True 1 7.259952545166016 0
6600 True 0 4.994740724563599 0
6700 True 0 2.7415242195129395 0
6800 True 0 5.301734924316406 0
6900 True 1 10.876898527145386 0
7000 True 1 11.210142612457275 0
7100 True 1 9.565150022506714 0
7200 True 1 7.157104253768921 0
7300 True 1 8.389287948608398 0
7400 True 1 9.736087083816528 0
7500 True 1 7.741660833358765 0
7600 True 1 8.671484470367432 0
7700 True 1 11.156695365905762 0
7800 False 0 0.0 0
7900 True 1 7.58002781867981 0
8000 True 1 7.693123817443848 0
8100 True 1 9.280254125595093 0
8200 True 1 7.674168109893799 0
8300 True 1 7.590627431869507 0
8400 True 1 8.421831369400024 0
8500 True 1 6.744128465652466 0
8600 True 1 9.576716184616089 0
8700 True 1 8.422505855560303 0
8800 True 1 7.988801002502441 0
8900 True 1 8.339581966400146 0
9000 True 1 9.777030229568481 0
9100 True 1 7.4460601806640625 0
9200 True 1 9.611603260040283 0
9300 True 1 8.285442590713501 0
9400 True 0 3.1902716159820557 0
9500 True 1 7.649458646774292 0
9600 True 1 10.867722749710083 0
9700 True 0 2.112698793411255 0
9800 True 0 4.176350831985474 0
9900 True 1 9.476424932479858 0
