0 True 0 1.5562293529510498 0
100 True 0 1.5701913833618164 0
200 True 0 1.0931930541992188 0
300 False 0 0.0 0
400 False 0 0.0 0
500 True 0 2.5833072662353516 0
600 True 0 1.3573477268218994 0
700 True 0 5.101592540740967 0
800 False 0 0.0 0
900 True 0 1.510481834411621 0
1000 True 0 2.761796474456787 0
1100 True 0 2.503866672515869 0
1200 False 0 0.0 0
1300 True 0 1.7575652599334717 0
1400 True 0 2.4579951763153076 0
1500 False 0 0.0 0
1600 True 0 1.2574162483215332 0
1700 True 0 1.5799365043640137 0
1800 True 0 2.6656205654144287 0
1900 True 0 2.9580652713775635 0
2000 True 0 1.4789538383483887 0
2100 False 0 0.0 0
2200 False 0 0.0 0
2300 True 0 1.2625555992126465 0
2400 False 0 0.0 0
2500 False 0 0.0 0
2600 True 0 2.4399678707122803 0
2700 True 0 1.6891305446624756 0
2800 False 0 0.0 0
2900 True 0 1.3771674633026123 0
3000 True 0 3.568920850753784 0
3100 False 0 0.0 0
3200 True 0 2.319899559020996 0
3300 True 0 1.7136075496673584 0
3400 True 0 7.2187347412109375 0
3500 True 1 12.149188041687012 0
3600 False 0 0.0 0
3700 True 0 9.139097690582275 0
3800 True 0 1.498244285583496 0
3900 True 1 12.5981924533844 0
4000 False 0 0.0 0
4100 True 0 1.2040421962738037 0
4200 True 0 1.7873258590698242 0
4300 False 0 0.0 0
4400 True 0 1.841679573059082 0
4500 False 0 0.0 0
4600 True 0 1.4115302562713623 0
4700 True 0 2.674760580062866 0
4800 True 1 12.632634162902832 0
4900 False 0 0.0 0
5000 True 0 1.3577508926391602 0
5100 False 0 0.0 0
5200 True 0 1.5136566162109375 0
5300 True 0 1.1798527240753174 0
5400 True 0 3.3864824771881104 0
5500 True 0 2.329176664352417 0
5600 True 0 2.46390700340271 0
5700 True 0 1.3220560550689697 0
5800 True 0 2.4625024795532227 0
5900 True 0 1.2415695190429688 0
6000 False 0 0.0 0
6100 True 0 3.9643325805664062 0
6200 True 0 1.3889989852905273 0
6300 True 0 1.2947521209716797 0
6400 True 0 2.664121389389038 0
6500 True 0 1.1316094398498535 0
6600 True 0 1.3729441165924072 0
6700 False 0 0.0 0
6800 False 0 0.0 0
6900 True 0 1.5822036266326904 0
7000 True 1 14.26125955581665 0
7100 False 0 0.0 0
7200 True 0 1.1308035850524902 0
7300 True 0 5.997910737991333 0
7400 True 0 2.6461269855499268 0
7500 False 0 0.0 0
7600 True 1 14.16321611404419 0
7700 True 0 1.3737444877624512 0
7800 False 0 0.0 0
7900 True 0 2.8763768672943115 0
8000 True 0 1.3471870422363281 0
8100 True 0 12.990396499633789 0
8200 True 0 1.2518181800842285 0
8300 True 0 1.193138599395752 0
8400 True 0 8.74595832824707 0
8500 True 0 4.849921703338623 0
8600 True 1 13.366385698318481 0
8700 True 0 2.468738079071045 0
8800 True 0 1.151906967163086 0
8900 True 0 2.4402384757995605 0
9000 True 0 1.5625085830688477 0
9100 True 0 2.3659141063690186 0
9200 True 0 3.003894329071045 0
9300 True 0 1.7422294616699219 0
9400 True 0 1.0762403011322021 0
9500 True 0 2.4629669189453125 0
9600 True 0 1.350067377090454 0
9700 False 0 0.0 0
9800 True 0 1.361790657043457 0
9900 False 0 0.0 0
