0 False 0 0.0 0
100 False 0 0.0 0
200 False 0 0.0 0
300 False 0 0.0 0
400 False 0 0.0 0
500 True 0 4.944917917251587 0
600 True 1 4.6110522747039795 0
700 True 1 4.786501169204712 0
800 False 0 0.0 0
900 False 0 0.0 0
1000 False 0 0.0 0
1100 True 1 5.570673227310181 0
1200 False 0 0.0 0
1300 False 0 0.0 0
1400 True 0 2.5512990951538086 0
1500 False 0 0.0 0
1600 False 0 0.0 0
1700 False 0 0.0 0
1800 True 1 5.18101167678833 0
1900 False 0 0.0 0
2000 True 1 11.464307308197021 0
2100 False 0 0.0 0
2200 True 1 7.504536867141724 0
2300 False 0 0.0 0
2400 False 0 0.0 0
2500 False 0 0.0 0
2600 False 0 0.0 0
2700 True 1 4.82783842086792 0
2800 False 0 0.0 0
2900 False 0 0.0 0
3000 True 0 4.943505525588989 0
3100 False 0 0.0 0
3200 False 0 0.0 0
3300 False 0 0.0 0
3400 False 0 0.0 0
3500 False 0 0.0 0
3600 False 0 0.0 0
3700 False 0 0.0 0
3800 False 0 0.0 0
3900 True 1 4.775646924972534 0
4000 False 0 0.0 0
4100 False 0 0.0 0
4200 True 1 4.5132763385772705 0
4300 False 0 0.0 0
4400 True 1 4.009048700332642 0
4500 False 0 0.0 0
4600 True 1 4.674749851226807 0
4700 False 0 0.0 0
4800 False 0 0.0 0
4900 False 0 0.0 0
5000 True 0 1.776918888092041 0
5100 False 0 0.0 0
5200 False 0 0.0 0
5300 False 0 0.0 0
5400 False 0 0.0 0
5500 False 0 0.0 0
5600 True 1 4.827719211578369 0
5700 True 0 1.0982763767242432 0
5800 False 0 0.0 0
5900 False 0 0.0 0
6000 False 0 0.0 0
6100 False 0 0.0 0
6200 False 0 0.0 0
6300 False 0 0.0 0
6400 True 0 1.3795607089996338 0
6500 False 0 0.0 0
6600 False 0 0.0 0
6700 False 0 0.0 0
6800 True 1 7.216770172119141 0
6900 False 0 0.0 0
7000 True 1 12.729469060897827 0
7100 True 1 6.445557117462158 0
7200 True 0 2.8374619483947754 0
7300 True 1 8.00145411491394 0
7400 False 0 0.0 0
7500 True 0 1.7265996932983398 0
7600 True 1 7.019521951675415 0
7700 False 0 0.0 0
7800 False 0 0.0 0
7900 False 0 0.0 0
8000 False 0 0.0 0
8100 True 1 3.8875672817230225 0
8200 True 1 6.341956377029419 0
8300 False 0 0.0 0
8400 False 0 0.0 0
8500 False 0 0.0 0
8600 True 1 5.71734881401062 0
8700 False 0 0.0 0
8800 True 1 4.571195363998413 0
8900 False 0 0.0 0
9000 True 0 3.264519453048706 0
9100 False 0 0.0 0
9200 False 0 0.0 0
9300 True 1 4.157325267791748 0
9400 True 0 2.589615821838379 0
9500 True 1 3.785794734954834 0
9600 True 1 7.031980037689209 0
9700 True 0 1.6750893592834473 0
9800 True 1 5.075086832046509 0
9900 True 0 2.069572925567627 0
