0 True 0.1484375 32.390934467315674 0
100 True 0.1171875 25.680946826934814 0
200 False 0.0 0.0 0
300 False 0.0 0.0 0
400 True 0.0703125 11.051126480102539 0
500 True 0.1953125 31.25758981704712 0
600 True 0.1796875 25.699377298355103 0
700 True 0.1328125 25.760486364364624 0
800 True 0.15625 21.75493025779724 0
900 True 0.046875 26.76582908630371 0
1000 True 0.0546875 31.00913715362549 0
1100 True 0.1640625 37.97024154663086 0
1200 False 0.0 0.0 0
1300 True 0.1328125 25.154099702835083 0
1400 True 0.1640625 24.439186096191406 0
1500 False 0.0 0.0 0
1600 False 0.0 0.0 0
1700 True 0.1484375 35.26708674430847 0
1800 True 0.046875 16.6247079372406 0
1900 True 0.0625 14.302042961120605 0
2000 True 0.125 31.674625158309937 0
2100 True 0.1171875 21.6738600730896 0
2200 True 0.0546875 12.955172777175903 0
2300 False 0.0 0.0 0
2400 True 0.0703125 19.756425142288208 0
2500 True 0.109375 32.46933150291443 0
2600 True 0.265625 26.788041591644287 0
2700 True 0.109375 28.208990573883057 0
2800 True 0.1171875 31.74875020980835 0
2900 True 0.0 16.22502899169922 0
3000 True 0.140625 30.871777534484863 0
3100 True 0.1171875 28.77863645553589 0
3200 True 0.203125 28.7373206615448 0
3300 True 0.1328125 31.206971406936646 0
3400 True 0.1484375 38.2133367061615 0
3500 True 0.1796875 23.467185974121094 0
3600 False 0.0 0.0 0
3700 True 0.171875 39.64848566055298 0
3800 True 0.03125 10.342089414596558 0
3900 True 0.171875 43.41812562942505 0
4000 True 0.1171875 22.784281730651855 0
4100 True 0.140625 14.917549848556519 0
4200 True 0.125 48.44693422317505 0
4300 True 0.0390625 16.93515396118164 0
4400 True 0.0546875 21.350531101226807 0
4500 True 0.03125 8.959272384643555 0
4600 True 0.15625 25.941243171691895 0
4700 True 0.171875 35.24911546707153 0
4800 True 0.1640625 37.51995348930359 0
4900 True 0.0546875 15.502864122390747 0
5000 True 0.1015625 40.75145602226257 0
5100 False 0.0 0.0 0
5200 True 0.1328125 35.248268842697144 0
5300 True 0.1484375 33.303059339523315 0
5400 True 0.1328125 23.064290285110474 0
5500 True 0.171875 40.22190546989441 0
5600 False 0.0 0.0 0
5700 True 0.1640625 31.71093487739563 0
5800 True 0.1484375 25.97368311882019 0
5900 True 0.046875 28.448856592178345 0
6000 True 0.0078125 15.90797734260559 0
6100 True 0.1796875 35.98784613609314 0
6200 True 0.2109375 34.97361373901367 0
6300 True 0.15625 31.35451602935791 0
6400 True 0.1640625 28.486321926116943 0
6500 True 0.125 35.25548505783081 0
6600 True 0.1015625 36.32797169685364 0
6700 True 0.03125 14.665546178817749 0
6800 True 0.0546875 22.797752380371094 0
6900 True 0.140625 32.535683393478394 0
7000 True 0.15625 39.1614203453064 0
7100 True 0.1328125 27.536457061767578 0
7200 False 0.0 0.0 0
7300 True 0.1328125 38.86107158660889 0
7400 True 0.09375 32.741273403167725 0
7500 True 0.2265625 35.0155246257782 0
7600 True 0.1328125 24.03899621963501 0
7700 True 0.1640625 45.717045068740845 0
7800 False 0.0 0.0 0
7900 True 0.0625 21.23589515686035 0
8000 True 0.1796875 25.028425216674805 0
8100 True 0.1796875 37.72909617424011 0
8200 True 0.1953125 28.058289051055908 0
8300 True 0.1796875 27.639806747436523 0
8400 True 0.1484375 26.008311986923218 0
8500 True 0.1796875 36.7218062877655 0
8600 True 0.1796875 44.258487939834595 0
8700 True 0.15625 40.76301884651184 0
8800 True 0.15625 20.08917212486267 0
8900 True 0.1796875 46.90828514099121 0
9000 True 0.1796875 31.22333312034607 0
9100 True 0.171875 38.47018265724182 0
9200 True 0.1171875 28.44066858291626 0
9300 True 0.1640625 28.403127431869507 0
9400 True 0.1015625 26.129080295562744 0
9500 True 0.1484375 26.95176863670349 0
9600 False 0.0 0.0 0
9700 True 0.0859375 24.13561201095581 0
9800 True 0.140625 29.910499334335327 0
9900 True 0.1796875 31.027980089187622 0
