0 True 0.046875 22.699716329574585 0
100 True 0.0390625 30.888848781585693 0
200 True 0.09375 27.917003393173218 0
300 False 0.0 0.0 0
400 True 0.03125 12.047582387924194 0
500 True 0.140625 43.21067571640015 0
600 True 0.0625 29.1627094745636 0
700 True 0.0625 28.224740743637085 0
800 True 0.0 28.660758018493652 0
900 True 0.0078125 18.7952241897583 0
1000 True 0.0078125 21.964093923568726 0
1100 True 0.0703125 24.47320032119751 0
1200 False 0.0 0.0 0
1300 True 0.0390625 38.05993700027466 0
1400 True 0.0703125 31.273773431777954 0
1500 False 0.0 0.0 0
1600 True 0.03125 24.476627349853516 0
1700 True 0.078125 33.365965366363525 0
1800 False 0.0 0.0 0
1900 True 0.015625 15.133388757705688 0
2000 True 0.0390625 31.39033079147339 0
2100 True 0.0390625 29.48477816581726 0
2200 True 0.0546875 38.445122957229614 0
2300 True 0.0234375 22.295861959457397 0
2400 True 0.0390625 28.645601272583008 0
2500 True 0.0078125 18.243544340133667 0
2600 True 0.078125 32.452780961990356 0
2700 True 0.046875 31.242311716079712 0
2800 True 0.0625 25.778188705444336 0
2900 True 0.046875 29.69800591468811 0
3000 True 0.0390625 31.368640184402466 0
3100 True 0.015625 18.953097820281982 0
3200 True 0.078125 37.39205741882324 0
3300 True 0.0625 28.348658323287964 0
3400 True 0.0546875 27.474286794662476 0
3500 True 0.0703125 31.65913963317871 0
3600 True 0.0234375 21.801505088806152 0
3700 True 0.046875 37.543241024017334 0
3800 True 0.0390625 31.74852681159973 0
3900 True 0.0546875 36.4276967048645 0
4000 False 0.0 0.0 0
4100 True 0.015625 20.40521550178528 0
4200 True 0.03125 18.81625461578369 0
4300 False 0.0 0.0 0
4400 True 0.0 18.79241132736206 0
4500 False 0.0 0.0 0
4600 True 0.0859375 43.423643827438354 0
4700 True 0.0546875 37.841097593307495 0
4800 True 0.0703125 27.56723141670227 0
4900 True 0.0390625 24.028581857681274 0
5000 True 0.0234375 25.04575204849243 0
5100 True 0.0 16.7931866645813 0
5200 True 0.03125 36.20161819458008 0
5300 True 0.0703125 27.25825262069702 0
5400 True 0.0859375 37.078036069869995 0
5500 True 0.078125 29.426192045211792 0
5600 False 0.0 0.0 0
5700 True 0.0546875 40.49909520149231 0
5800 True 0.0703125 34.09627652168274 0
5900 True 0.0859375 39.723880767822266 0
6000 True 0.0390625 23.869061946868896 0
6100 True 0.1171875 52.18316912651062 0
6200 True 0.0703125 29.625767707824707 0
6300 True 0.0390625 26.316925287246704 0
6400 False 0.0 0.0 0
6500 True 0.078125 33.71514129638672 0
6600 True 0.03125 32.004942893981934 0
6700 True 0.0078125 17.50638461112976 0
6800 True 0.078125 33.552775144577026 0
6900 True 0.0546875 31.949666738510132 0
7000 True 0.046875 30.062474966049194 0
7100 True 0.078125 28.577338933944702 0
7200 True 0.03125 23.63062334060669 0
7300 True 0.078125 32.643675088882446 0
7400 True 0.0625 23.776888370513916 0
7500 True 0.078125 29.079999923706055 0
7600 True 0.0546875 34.16320013999939 0
7700 True 0.0390625 27.6598539352417 0
7800 False 0.0 0.0 0
7900 True 0.0 12.08249282836914 0
8000 True 0.109375 26.045999765396118 0
8100 True 0.0546875 32.66169452667236 0
8200 True 0.0859375 38.180840253829956 0
8300 True 0.0625 28.35591220855713 0
8400 True 0.0625 27.06938099861145 0
8500 True 0.1015625 39.03904962539673 0
8600 True 0.0625 24.247175455093384 0
8700 True 0.046875 26.407371282577515 0
8800 True 0.0859375 34.188244581222534 0
8900 True 0.0703125 32.65318846702576 0
9000 True 0.09375 24.58396339416504 0
9100 True 0.0859375 43.721932888031006 0
9200 True 0.0546875 29.780297994613647 0
9300 True 0.0625 24.76603674888611 0
9400 True 0.046875 23.53507137298584 0
9500 True 0.0390625 22.634983777999878 0
9600 True 0.0859375 34.45571494102478 0
9700 False 0.0 0.0 0
9800 True 0.03125 30.258505821228027 0
9900 True 0.0546875 33.29223895072937 0
