0 True 1 7.392915725708008 0
100 True 1 9.569626331329346 0
200 True 1 7.080614328384399 0
300 False 0 0.0 0
400 True 1 6.998187303543091 0
500 True 1 7.007779836654663 0
600 True 1 8.69776701927185 0
700 True 1 6.951495409011841 0
800 True 0 8.151147603988647 0
900 True 0 2.1695406436920166 0
1000 True 0 2.9676270484924316 0
1100 True 1 6.544649124145508 0
1200 False 0 0.0 0
1300 True 1 7.435698747634888 0
1400 True 1 12.376742124557495 0
1500 False 0 0.0 0
1600 True 1 6.621874094009399 0
1700 True 1 8.104826927185059 0
1800 False 0 0.0 0
1900 True 0 1.4714436531066895 0
2000 True 1 7.222943544387817 0
2100 True 1 6.131317377090454 0
2200 True 1 7.176576137542725 0
2300 True 1 7.419260025024414 0
2400 True 1 6.982380390167236 0
2500 True 0 1.5695693492889404 0
2600 True 1 6.8703083992004395 0
2700 True 1 8.489940643310547 0
2800 True 1 6.639326572418213 0
2900 True 1 7.783935785293579 0
3000 True 1 7.445930242538452 0
3100 True 1 9.072778224945068 0
3200 True 1 5.989954471588135 0
3300 True 1 5.921303033828735 0
3400 True 1 5.722581386566162 0
3500 True 1 7.70686936378479 0
3600 True 1 7.668318748474121 0
3700 True 1 7.643850088119507 0
3800 True 1 7.243382930755615 0
3900 True 1 7.176374673843384 0
4000 False 0 0.0 0
4100 True 1 5.790252447128296 0
4200 True 1 4.7026331424713135 0
4300 False 0 0.0 0
4400 True 0 6.508427143096924 0
4500 False 0 0.0 0
4600 True 1 9.291630983352661 0
4700 True 1 12.796720027923584 0
4800 True 1 7.107964515686035 0
4900 True 1 8.711419343948364 0
5000 True 1 6.4340245723724365 0
5100 True 0 2.9731149673461914 0
5200 True 1 6.160394906997681 0
5300 True 1 6.812695264816284 0
5400 True 1 6.449617147445679 0
5500 True 1 6.63905668258667 0
5600 False 0 0.0 0
5700 True 1 7.466596364974976 0
5800 True 1 6.8604254722595215 0
5900 True 1 7.719652891159058 0
6000 True 1 6.400012493133545 0
6100 True 1 9.83459210395813 0
6200 True 1 6.538412094116211 0
6300 True 1 8.1551673412323 0
6400 False 0 0.0 0
6500 True 1 6.9364118576049805 0
6600 True 1 6.493372440338135 0
6700 True 0 2.0478219985961914 0
6800 True 1 5.25483250617981 0
6900 True 1 7.228329420089722 0
7000 True 1 6.97741436958313 0
7100 True 1 6.990292549133301 0
7200 True 1 5.457269668579102 0
7300 True 1 6.741374492645264 0
7400 True 1 5.130315542221069 0
7500 True 1 8.264085054397583 0
7600 True 1 6.9542341232299805 0
7700 True 1 7.885923385620117 0
7800 False 0 0.0 0
7900 True 0 1.361452341079712 0
8000 True 1 5.944848299026489 0
8100 True 1 6.950055837631226 0
8200 True 1 6.765554428100586 0
8300 True 1 7.258655548095703 0
8400 True 1 6.99004602432251 0
8500 True 1 6.497583389282227 0
8600 True 1 7.190018653869629 0
8700 True 1 6.242456912994385 0
8800 True 1 6.042951345443726 0
8900 True 1 7.441062927246094 0
9000 True 1 8.47399091720581 0
9100 True 1 6.535973787307739 0
9200 True 1 6.907503604888916 0
9300 True 1 5.992615461349487 0
9400 True 1 6.6110758781433105 0
9500 True 1 5.8658201694488525 0
9600 True 1 5.677250623703003 0
9700 False 0 0.0 0
9800 True 1 7.285022258758545 0
9900 True 1 7.427322149276733 0
