0 True 0 60.5 1
100 True 0 30.368715524673462 0
200 True 0 29.63084125518799 0
300 False 0 0.0 0
400 True 0 28.63234567642212 0
500 True 0 60.5 1
600 True 0 28.392258405685425 0
700 True 0 30.080116510391235 0
800 False 0 0.0 0
900 True 0 32.80191349983215 0
1000 True 0 60.5 1
1100 True 0 29.671401739120483 0
1200 False 0 0.0 0
1300 True 0 60.5 1
1400 True 0 29.331773042678833 0
1500 False 0 0.0 0
1600 True 0 29.809140920639038 0
1700 True 0 30.272464275360107 0
1800 True 0 32.09815311431885 0
1900 True 0 29.934713125228882 0
2000 True 0 29.53750705718994 0
2100 True 0 29.793196439743042 0
2200 True 0 30.492353439331055 0
2300 True 0 60.5 1
2400 False 0 0.0 0
2500 False 0 0.0 0
2600 True 0 60.5 1
2700 True 0 60.5 1
2800 True 0 28.082712173461914 0
2900 True 0 29.132429361343384 0
3000 True 0 29.605034112930298 0
3100 True 0 60.5 1
3200 True 0 27.891875505447388 0
3300 True 0 60.5 1
3400 True 0 31.97499942779541 0
3500 True 0 28.176244020462036 0
3600 True 0 30.25512194633484 0
3700 True 0 29.88769221305847 0
3800 True 0 60.5 1
3900 True 0 29.41601252555847 0
4000 False 0 0.0 0
4100 True 0 60.5 1
4200 True 0 60.5 1
4300 False 0 0.0 0
4400 True 0 60.5 1
4500 False 0 0.0 0
4600 True 0 60.5 1
4700 True 0 30.32388210296631 0
4800 True 0 60.5 1
4900 True 0 30.04942536354065 0
5000 True 0 32.314793825149536 0
5100 False 0 0.0 0
5200 True 0 29.34304690361023 0
5300 True 0 30.056743621826172 0
5400 True 0 30.328007459640503 0
5500 True 0 29.507864236831665 0
5600 True 0 29.90743851661682 0
5700 True 0 60.5 1
5800 True 0 29.981686115264893 0
5900 True 0 30.250001430511475 0
6000 True 0 60.5 1
6100 True 0 29.991235733032227 0
6200 True 0 30.500325202941895 0
6300 True 0 28.785358667373657 0
6400 True 0 32.67288684844971 0
6500 True 0 31.401599168777466 0
6600 True 0 30.45670461654663 0
6700 True 0 60.5 1
6800 True 0 30.181811094284058 0
6900 True 0 60.5 1
7000 True 0 60.5 1
7100 True 0 32.543599128723145 0
7200 True 0 28.562488555908203 0
7300 True 0 29.314972400665283 0
7400 True 0 60.5 1
7500 True 0 29.978620529174805 0
7600 True 0 29.636085987091064 0
7700 True 0 31.676581859588623 0
7800 False 0 0.0 0
7900 True 0 31.91561484336853 0
8000 True 0 28.303642988204956 0
8100 True 0 30.087730169296265 0
8200 True 0 29.5061616897583 0
8300 True 0 29.44001865386963 0
8400 True 0 28.73384189605713 0
8500 True 0 28.27952814102173 0
8600 True 0 60.5 1
8700 True 0 60.5 1
8800 True 0 29.838202714920044 0
8900 True 0 30.49251890182495 0
9000 True 0 60.5 1
9100 True 0 60.5 1
9200 True 0 31.531635284423828 0
9300 True 0 60.5 1
9400 True 0 28.866607427597046 0
9500 True 0 30.320472478866577 0
9600 True 0 30.522400379180908 0
9700 False 0 0.0 0
9800 True 0 29.811153411865234 0
9900 True 0 29.402167797088623 0
