0 True 1 16.904094457626343 0
100 True 0 3.0160977840423584 0
200 True 0 6.61812949180603 0
300 False 0 0.0 0
400 True 0 2.427844524383545 0
500 True 1 22.616666078567505 0
600 True 1 18.498024940490723 0
700 False 0 0.0 0
800 True 1 20.754085063934326 0
900 True 0 6.512182712554932 0
1000 False 0 0.0 0
1100 True 1 20.647129774093628 0
1200 False 0 0.0 0
1300 True 1 18.20109272003174 0
1400 True 1 16.759825944900513 0
1500 False 0 0.0 0
1600 False 0 0.0 0
1700 True 1 19.776594877243042 0
1800 False 0 0.0 0
1900 False 0 0.0 0
2000 True 1 20.24394655227661 0
2100 True 0 7.634308099746704 0
2200 True 1 20.32036590576172 0
2300 False 0 0.0 0
2400 False 0 0.0 0
2500 False 0 0.0 0
2600 True 0 12.81509804725647 0
2700 True 1 15.469256401062012 0
2800 False 0 0.0 0
2900 False 0 0.0 0
3000 True 0 4.5255231857299805 0
3100 True 0 8.189669132232666 0
3200 True 1 21.112751722335815 0
3300 True 1 20.239598751068115 0
3400 True 1 17.309428453445435 0
3500 True 1 17.691542863845825 0
3600 False 0 0.0 0
3700 True 1 19.497020959854126 0
3800 True 0 4.598324775695801 0
3900 True 1 16.82844066619873 0
4000 False 0 0.0 0
4100 False 0 0.0 0
4200 True 1 15.455982685089111 0
4300 False 0 0.0 0
4400 True 1 16.075231075286865 0
4500 True 0 6.759484052658081 0
4600 True 1 19.629915475845337 0
4700 True 0 8.080097675323486 0
4800 True 1 17.09940481185913 0
4900 True 0 3.9559192657470703 0
5000 True 1 21.299926042556763 0
5100 True 0 21.465707540512085 0
5200 True 1 19.170904636383057 0
5300 True 0 4.217118501663208 0
5400 False 0 0.0 0
5500 True 1 19.930394172668457 0
5600 True 1 15.303540706634521 0
5700 True 1 18.636131286621094 0
5800 True 1 22.277719259262085 0
5900 True 1 15.059889793395996 0
6000 True 1 15.782602787017822 0
6100 True 1 18.46944284439087 0
6200 True 1 21.803714275360107 0
6300 True 1 16.82662034034729 0
6400 False 0 0.0 0
6500 True 0 9.745400190353394 0
6600 False 0 0.0 0
6700 True 1 17.52859354019165 0
6800 True 0 6.655714988708496 0
6900 True 1 16.458669185638428 0
7000 True 1 17.324564933776855 0
7100 False 0 0.0 0
7200 True 1 20.177547454833984 0
7300 True 1 22.414490222930908 0
7400 True 1 17.862769603729248 0
7500 True 0 4.132486581802368 0
7600 True 1 15.912765264511108 0
7700 True 0 11.01848030090332 0
7800 False 0 0.0 0
7900 False 0 0.0 0
8000 True 1 17.798230171203613 0
8100 True 1 16.818002700805664 0
8200 True 1 16.784590482711792 0
8300 False 0 0.0 0
8400 True 1 17.94072198867798 0
8500 True 1 16.44176697731018 0
8600 True 1 16.97067666053772 0
8700 True 1 17.998380184173584 0
8800 True 1 19.642595529556274 0
8900 True 1 18.740504503250122 0
9000 True 1 18.233243465423584 0
9100 True 1 19.62716817855835 0
9200 True 0 1.9661674499511719 0
9300 True 1 15.196455955505371 0
9400 True 0 7.298199892044067 0
9500 True 1 17.54391050338745 0
9600 True 0 8.021950960159302 0
9700 True 0 5.274614095687866 0
9800 True 0 11.426262855529785 0
9900 True 0 4.880441904067993 0
