0 True 1 24.727514266967773 0
100 True 1 30.15968084335327 0
200 True 0 9.705732583999634 0
300 True 0 5.793251276016235 0
400 True 0 2.7573189735412598 0
500 True 1 30.61441707611084 0
600 True 1 21.956174850463867 0
700 True 1 28.548696279525757 0
800 True 1 29.860391855239868 0
900 True 0 8.47234320640564 0
1000 True 1 30.559031009674072 0
1100 True 1 28.370925426483154 0
1200 True 0 3.052246332168579 0
1300 True 1 27.6764976978302 0
1400 True 1 24.646321773529053 0
1500 False 0 0.0 0
1600 True 1 30.333171367645264 0
1700 True 1 30.14385414123535 0
1800 True 0 17.058640003204346 0
1900 True 0 5.228415250778198 0
2000 True 1 25.33467721939087 0
2100 True 1 26.16001582145691 0
2200 True 0 21.99670934677124 0
2300 True 0 18.095163345336914 0
2400 True 1 35.365278244018555 0
2500 True 1 31.06306791305542 0
2600 True 1 23.0701687335968 0
2700 True 1 30.10517406463623 0
2800 True 1 28.046538591384888 0
2900 True 1 23.832523822784424 0
3000 True 1 23.547741889953613 0
3100 True 0 14.709162950515747 0
3200 True 1 23.313433408737183 0
3300 True 1 34.58095955848694 0
3400 True 1 25.857621431350708 0
3500 True 1 24.520017385482788 0
3600 True 1 28.185680150985718 0
3700 True 1 24.452799320220947 0
3800 True 1 26.79761004447937 0
3900 True 1 30.719300746917725 0
4000 True 1 28.91330599784851 0
4100 True 1 27.8106050491333 0
4200 True 1 25.453160762786865 0
4300 True 0 34.70001769065857 0
4400 True 1 29.081411838531494 0
4500 False 0 0.0 0
4600 True 1 23.00074291229248 0
4700 True 1 27.675868034362793 0
4800 True 1 23.406846523284912 0
4900 True 1 29.296870231628418 0
5000 True 1 29.629719257354736 0
5100 True 1 23.636150360107422 0
5200 True 1 23.51925563812256 0
5300 True 1 26.964240312576294 0
5400 True 1 30.23998737335205 0
5500 True 1 22.61228656768799 0
5600 True 1 26.285279989242554 0
5700 True 1 28.137917041778564 0
5800 True 1 26.93969988822937 0
5900 True 1 26.05321455001831 0
6000 True 1 23.949132442474365 0
6100 True 1 24.21645998954773 0
6200 True 1 26.60881519317627 0
6300 True 1 27.803316116333008 0
6400 True 1 22.272611141204834 0
6500 True 1 31.342535495758057 0
6600 True 1 31.9063401222229 0
6700 True 1 24.365020751953125 0
6800 True 1 30.26682996749878 0
6900 True 1 24.354258060455322 0
7000 True 1 28.227951288223267 0
7100 True 1 26.320570945739746 0
7200 True 0 8.981246948242188 0
7300 True 1 20.38641858100891 0
7400 True 1 26.022750854492188 0
7500 True 1 25.92380714416504 0
7600 True 1 22.808735370635986 0
7700 True 1 27.602508068084717 0
7800 False 0 0.0 0
7900 True 1 29.081489086151123 0
8000 True 1 25.200592279434204 0
8100 True 1 23.265390396118164 0
8200 True 1 24.191487312316895 0
8300 True 1 29.69733738899231 0
8400 True 1 22.823962450027466 0
8500 True 1 23.698052883148193 0
8600 True 1 27.42556405067444 0
8700 True 1 24.358539819717407 0
8800 True 1 24.730403184890747 0
8900 True 1 30.70201063156128 0
9000 True 1 25.47028684616089 0
9100 True 1 25.72433066368103 0
9200 True 1 29.333054065704346 0
9300 True 1 28.305100679397583 0
9400 True 1 27.652978897094727 0
9500 True 1 26.5448739528656 0
9600 True 1 26.23876667022705 0
9700 True 0 3.6197469234466553 0
9800 True 1 25.658272981643677 0
9900 True 1 28.800196409225464 0
