0 True 0.0011684491708326872 0.003631591796875 0
100 True 0.0004540010847943746 0.003240823745727539 0
200 True 0.000502938481053397 0.0032677650451660156 0
300 False 0.0 0.0 0
400 False 0.0 0.0 0
500 True 0.0012326791672312943 0.003309488296508789 0
600 True 0.0008032704076523543 0.0030460357666015625 0
700 True 0.0016796915531252807 0.002300739288330078 0
800 False 0.0 0.0 0
900 True 0.0006915623015964561 0.0023665428161621094 0
1000 True 0.0001936796140416491 0.0024404525756835938 0
1100 True 0.001514837339606845 0.0023190975189208984 0
1200 False 0.0 0.0 0
1300 True 0.00034896505361189944 0.002712249755859375 0
1400 True 0.001002273174279664 0.003059864044189453 0
1500 False 0.0 0.0 0
1600 True 0.0010117546730715678 0.0025043487548828125 0
1700 True 0.0008115319577105313 0.002649068832397461 0
1800 True 2.4501534587631013e-05 0.0024673938751220703 0
1900 True 0.0011896660724240646 0.002363443374633789 0
2000 True 0.0005948542107780967 0.0022783279418945312 0
2100 False 0.0 0.0 0
2200 False 0.0 0.0 0
2300 True 2.70472672888e-05 0.0026519298553466797 0
2400 False 0.0 0.0 0
2500 False 0.0 0.0 0
2600 True 0.0003223178603824783 0.0024824142456054688 0
2700 True 0.0009151551901842751 0.0025184154510498047 0
2800 False 0.0 0.0 0
2900 True 0.00014445732167553833 0.0025336742401123047 0
3000 True 0.0006258334625664722 0.002747058868408203 0
3100 False 0.0 0.0 0
3200 True 0.0009001957602690377 0.0028378963470458984 0
3300 True 0.00024648407765967225 0.0024826526641845703 0
3400 True 0.0012492341700654007 0.0029306411743164062 0
3500 True 0.00144429497429226 0.0041294097900390625 0
3600 False 0.0 0.0 0
3700 True 0.0009864614936494261 0.0027358531951904297 0
3800 True 0.00032792177227347873 0.0027239322662353516 0
3900 True 0.001920271646689816 0.0027587413787841797 0
4000 False 0.0 0.0 0
4100 True 0.00026475412567222357 0.002794027328491211 0
4200 True 0.0010761783473264611 0.0028655529022216797 0
4300 False 0.0 0.0 0
4400 True 0.0009708728989177623 0.003262042999267578 0
4500 False 0.0 0.0 0
4600 True 0.0011179095971355277 0.0030891895294189453 0
4700 True 0.0006858092666744173 0.00279998779296875 0
4800 True 0.0013262249348605485 0.003139972686767578 0
4900 False 0.0 0.0 0
5000 True 0.0008104086806167555 0.0028781890869140625 0
5100 False 0.0 0.0 0
5200 True 0.0005047511629661963 0.002820253372192383 0
5300 True 0.00027848512181860536 0.002761363983154297 0
5400 True 0.0003913024471530761 0.002814769744873047 0
5500 True 0.0010948795087831076 0.002689361572265625 0
5600 True 0.000529020902099885 0.0028734207153320312 0
5700 True 0.0009789519901902835 0.002735137939453125 0
5800 True 0.0005343223633094453 0.002705812454223633 0
5900 True 0.0011496851562806585 0.0027794837951660156 0
6000 False 0.0 0.0 0
6100 True 0.0011274258560103468 0.002940654754638672 0
6200 True 0.000309003407900276 0.002682924270629883 0
6300 True 0.0013037417128045682 0.0033380985260009766 0
6400 True 0.0004435276344598896 0.003025531768798828 0
6500 True 0.00044853088592325315 0.0035886764526367188 0
6600 True 0.00014515451706713942 0.0031061172485351562 0
6700 False 0.0 0.0 0
6800 False 0.0 0.0 0
6900 True 0.0003934128195866516 0.002929210662841797 0
7000 True 0.001665459712736492 0.002731800079345703 0
7100 False 0.0 0.0 0
7200 True 0.0005419985159254195 0.0029146671295166016 0
7300 True 0.0012833691574274957 0.002360820770263672 0
7400 True 2.7720271034054475e-05 0.0026531219482421875 0
7500 False 0.0 0.0 0
7600 True 0.0018435045062230062 0.003389120101928711 0
7700 True 0.0003192286526440265 0.0026836395263671875 0
7800 False 0.0 0.0 0
7900 True 0.0012368279408705406 0.002973318099975586 0
8000 True 0.0005321968338021399 0.0028209686279296875 0
8100 True 0.0016294590267127403 0.002935647964477539 0
8200 True 0.001184695347036396 0.0029709339141845703 0
8300 True 0.0004218251946848534 0.0029058456420898438 0
8400 True 0.0012356995421550008 0.002825498580932617 0
8500 True 0.0010985892071650445 0.0027091503143310547 0
8600 True 0.0020080524395417886 0.0027382373809814453 0
8700 True 0.0006732303347791883 0.00283050537109375 0
8800 True 0.0017272603961914108 0.002739429473876953 0
8900 True 0.0008337744488016939 0.0028994083404541016 0
9000 True 0.0014018819079202368 0.0028295516967773438 0
9100 True 0.0003025155737760163 0.0028104782104492188 0
9200 True 0.0014841090091894172 0.0028176307678222656 0
9300 True 0.0007263258074343067 0.002871990203857422 0
9400 True 0.0001233487674410195 0.0028123855590820312 0
9500 True 0.00033680328005096185 0.002823352813720703 0
9600 True 0.0005374331459306335 0.0022916793823242188 0
9700 False 0.0 0.0 0
9800 True 0.0004999640932866504 0.002542734146118164 0
9900 False 0.0 0.0 0
