0 True 0.0032964375374402942 0.0029692649841308594 0
100 True 0.001992586889562911 0.004262208938598633 0
200 True 0.0026282695160134697 0.0029501914978027344 0
300 False 0.0 0.0 0
400 True 0.001765008553167042 0.004921674728393555 0
500 True 0.00372165495664441 0.003044605255126953 0
600 True 0.002354316584412784 0.0029397010803222656 0
700 True 0.0025702424410162547 0.002705812454223633 0
800 True 0.00023980297985448851 0.0027179718017578125 0
900 True 0.001056615696724543 0.0025610923767089844 0
1000 True 0.0020137711310103568 0.003043651580810547 0
1100 True 0.0034488626952786463 0.002928495407104492 0
1200 False 0.0 0.0 0
1300 True 0.0018236695365476704 0.0026721954345703125 0
1400 True 0.0037811722050232806 0.0027692317962646484 0
1500 False 0.0 0.0 0
1600 True 0.0011655799370892176 0.0026259422302246094 0
1700 True 0.002429085689323004 0.002504110336303711 0
1800 False 0.0 0.0 0
1900 True 0.002358488840280944 0.0024178028106689453 0
2000 True 0.002495110242942479 0.0025026798248291016 0
2100 True 0.0020478700114339022 0.0026230812072753906 0
2200 True 0.0007805008214687116 0.0026450157165527344 0
2300 True 0.0003420970692641904 0.002544403076171875 0
2400 True 0.0007711359128644169 0.0025424957275390625 0
2500 True 0.00011246516858617702 0.0027420520782470703 0
2600 True 0.0031476046587104087 0.0025696754455566406 0
2700 True 0.0016309300164873061 0.0025970935821533203 0
2800 True 0.0020514555543871735 0.003071308135986328 0
2900 True 0.0012412836443261308 0.0025610923767089844 0
3000 True 0.0017043111592370745 0.003418445587158203 0
3100 True 0.0013577475947763812 0.0026323795318603516 0
3200 True 0.00321307471198988 0.002627849578857422 0
3300 True 0.0010431439764655712 0.002579212188720703 0
3400 True 0.003141940869338782 0.002877950668334961 0
3500 True 0.0032140431583383188 0.002896547317504883 0
3600 True 0.0015279177818812901 0.0024080276489257812 0
3700 True 0.0029054549220629555 0.002668619155883789 0
3800 True 0.0017773558293390193 0.002565145492553711 0
3900 True 0.0033720800757082526 0.0026171207427978516 0
4000 False 0.0 0.0 0
4100 True 0.002062354823048194 0.0025992393493652344 0
4200 True 0.0026277499568715776 0.003071308135986328 0
4300 False 0.0 0.0 0
4400 True 0.001290931452737118 0.003413677215576172 0
4500 False 0.0 0.0 0
4600 True 0.004541946307292417 0.0028128623962402344 0
4700 True 0.002252637197717891 0.0036454200744628906 0
4800 True 0.003783790337952789 0.003020048141479492 0
4900 True 0.001567725846680668 0.0027348995208740234 0
5000 True 0.0021645305258723062 0.0025887489318847656 0
5100 True 0.00020652175568768182 0.002595663070678711 0
5200 True 0.0015897374997270077 0.002966642379760742 0
5300 True 0.0027268022000602825 0.0036127567291259766 0
5400 True 0.0026208224377546594 0.002894878387451172 0
5500 True 0.002987680628928424 0.0029163360595703125 0
5600 True 5.960800545320867e-06 0.0031540393829345703 0
5700 True 0.002616401318788895 0.0030252933502197266 0
5800 True 0.001812077661187499 0.0030968189239501953 0
5900 True 0.002931426687113898 0.003048419952392578 0
6000 True 0.0003739842424274682 0.0029833316802978516 0
6100 True 0.0032516425164358003 0.0030946731567382812 0
6200 True 0.002314909742773246 0.003194570541381836 0
6300 True 0.0024026572539027316 0.0030744075775146484 0
6400 True 0.00022021224356273442 0.003096342086791992 0
6500 True 0.0029773616913312158 0.0030858516693115234 0
6600 True 0.0016051370216798523 0.0027992725372314453 0
6700 True 0.0014879764197976767 0.0036487579345703125 0
6800 True 0.001359447004764032 0.0031044483184814453 0
6900 True 0.002151640974438101 0.0031681060791015625 0
7000 True 0.0038372329657387393 0.0029692649841308594 0
7100 True 0.0022504793707406098 0.0029137134552001953 0
7200 True 0.0021154770887703333 0.002839326858520508 0
7300 True 0.0030931519909436784 0.0027501583099365234 0
7400 True 0.0021170280422368026 0.0023632049560546875 0
7500 True 0.001301055535298969 0.0026743412017822266 0
7600 True 0.003423447120355028 0.0026946067810058594 0
7700 True 0.0015985237285977383 0.0026273727416992188 0
7800 False 0.0 0.0 0
7900 True 0.00304407319014434 0.002677440643310547 0
8000 True 0.00312781543547953 0.002619028091430664 0
8100 True 0.002757247404805317 0.0025963783264160156 0
8200 True 0.0034965821866157995 0.0023658275604248047 0
8300 True 0.0027347870818140896 0.002469301223754883 0
8400 True 0.002810989797471792 0.003134012222290039 0
8500 True 0.0037423079013724054 0.002793550491333008 0
8600 True 0.0037750839403132494 0.003001689910888672 0
8700 True 0.0027364524083257585 0.0028634071350097656 0
8800 True 0.004891166283888105 0.002618074417114258 0
8900 True 0.0030192569637365434 0.003118753433227539 0
9000 True 0.0034199840762675414 0.002824068069458008 0
9100 True 0.003574540065890712 0.002466440200805664 0
9200 True 0.0039038098648869492 0.0025701522827148438 0
9300 True 0.0029143090391844572 0.002577066421508789 0
9400 True 0.0009475250655229068 0.002719879150390625 0
9500 True 0.002398310396558974 0.003125429153442383 0
9600 True 0.002335208639031374 0.0025360584259033203 0
9700 True 4.391287117780029e-06 0.0031633377075195312 0
9800 True 0.00034914855403432723 0.0030786991119384766 0
9900 True 0.0025527255319617694 0.003571748733520508 0
