0 True 0 0.002939462661743164 0
100 True 0 0.003093719482421875 0
200 True 0 0.0033266544342041016 0
300 False 0 0.0 0
400 True 0 0.0031957626342773438 0
500 True 0 0.0029876232147216797 0
600 True 0 0.0028710365295410156 0
700 True 0 0.0024051666259765625 0
800 True 0 0.0024929046630859375 0
900 True 0 0.002678394317626953 0
1000 True 0 0.0027153491973876953 0
1100 True 0 0.002576589584350586 0
1200 False 0 0.0 0
1300 True 0 0.002477407455444336 0
1400 True 0 0.0025377273559570312 0
1500 False 0 0.0 0
1600 True 0 0.0024862289428710938 0
1700 True 0 0.0026807785034179688 0
1800 False 0 0.0 0
1900 True 0 0.0027990341186523438 0
2000 True 0 0.0029277801513671875 0
2100 True 0 0.002741575241088867 0
2200 True 0 0.003587007522583008 0
2300 True 0 0.0024366378784179688 0
2400 True 0 0.0027217864990234375 0
2500 True 0 0.003648996353149414 0
2600 True 0 0.002738475799560547 0
2700 True 0 0.0028204917907714844 0
2800 True 0 0.0031113624572753906 0
2900 True 0 0.002894163131713867 0
3000 True 0 0.0029535293579101562 0
3100 True 0 0.0027360916137695312 0
3200 True 0 0.00267791748046875 0
3300 True 0 0.003078460693359375 0
3400 True 0 0.0028526782989501953 0
3500 True 0 0.0034096240997314453 0
3600 True 0 0.003099203109741211 0
3700 True 0 0.0034999847412109375 0
3800 True 0 0.0027341842651367188 0
3900 True 0 0.002966642379760742 0
4000 False 0 0.0 0
4100 True 0 0.002716541290283203 0
4200 True 0 0.0029866695404052734 0
4300 False 0 0.0 0
4400 True 0 0.0031015872955322266 0
4500 False 0 0.0 0
4600 True 0 0.0036821365356445312 0
4700 True 0 0.0038585662841796875 0
4800 True 0 0.002825498580932617 0
4900 True 0 0.002758026123046875 0
5000 True 0 0.0034940242767333984 0
5100 True 0 0.0029680728912353516 0
5200 True 0 0.0029129981994628906 0
5300 True 0 0.0030210018157958984 0
5400 True 0 0.0029506683349609375 0
5500 True 0 0.0028922557830810547 0
5600 True 0 0.0044405460357666016 0
5700 True 0 0.0026776790618896484 0
5800 True 0 0.0039942264556884766 0
5900 True 0 0.002718210220336914 0
6000 True 0 0.002935171127319336 0
6100 True 0 0.0029494762420654297 0
6200 True 0 0.0029516220092773438 0
6300 True 0 0.003122091293334961 0
6400 True 0 0.002955913543701172 0
6500 True 0 0.002845287322998047 0
6600 True 0 0.00289154052734375 0
6700 True 0 0.00299072265625 0
6800 True 0 0.002927541732788086 0
6900 True 0 0.0026950836181640625 0
7000 True 0 0.0027124881744384766 0
7100 True 0 0.0025758743286132812 0
7200 True 0 0.0029268264770507812 0
7300 True 0 0.0028121471405029297 0
7400 True 0 0.0028562545776367188 0
7500 True 0 0.0030553340911865234 0
7600 True 0 0.003658771514892578 0
7700 True 0 0.0026602745056152344 0
7800 False 0 0.0 0
7900 True 0 0.0029900074005126953 0
8000 True 0 0.002827882766723633 0
8100 True 0 0.0025167465209960938 0
8200 True 0 0.002868175506591797 0
8300 True 0 0.0027942657470703125 0
8400 True 0 0.0026595592498779297 0
8500 True 0 0.002652883529663086 0
8600 True 0 0.0027916431427001953 0
8700 True 0 0.0026159286499023438 0
8800 True 0 0.003022909164428711 0
8900 True 0 0.00276947021484375 0
9000 True 0 0.002927064895629883 0
9100 True 0 0.0029172897338867188 0
9200 True 0 0.0028340816497802734 0
9300 True 0 0.0028231143951416016 0
9400 True 0 0.0026657581329345703 0
9500 True 0 0.002750396728515625 0
9600 True 0 0.0030727386474609375 0
9700 True 0 0.0030732154846191406 0
9800 True 0 0.003049135208129883 0
9900 True 0 0.003059864044189453 0
