0 True 0 0.002985715866088867 0
100 True 0 0.0029761791229248047 0
200 True 0 0.004247188568115234 0
300 False 0 0.0 0
400 False 0 0.0 0
500 True 0 0.0031669139862060547 0
600 True 0 0.0028171539306640625 0
700 True 0 0.0023534297943115234 0
800 False 0 0.0 0
900 True 0 0.0024199485778808594 0
1000 True 0 0.0022258758544921875 0
1100 True 0 0.0023071765899658203 0
1200 False 0 0.0 0
1300 True 0 0.0022325515747070312 0
1400 True 0 0.0030503273010253906 0
1500 False 0 0.0 0
1600 True 0 0.0035262107849121094 0
1700 True 0 0.002758502960205078 0
1800 True 0 0.0030896663665771484 0
1900 True 0 0.0032050609588623047 0
2000 True 0 0.003215789794921875 0
2100 False 0 0.0 0
2200 False 0 0.0 0
2300 True 0 0.002870321273803711 0
2400 False 0 0.0 0
2500 False 0 0.0 0
2600 True 0 0.004651784896850586 0
2700 True 0 0.0030298233032226562 0
2800 False 0 0.0 0
2900 True 0 0.00318145751953125 0
3000 True 0 0.002862215042114258 0
3100 False 0 0.0 0
3200 True 0 0.002690553665161133 0
3300 True 0 0.002868175506591797 0
3400 True 0 0.00275421142578125 0
3500 True 0 0.002648591995239258 0
3600 False 0 0.0 0
3700 True 0 0.0027725696563720703 0
3800 True 0 0.0025398731231689453 0
3900 True 0 0.0027277469635009766 0
4000 False 0 0.0 0
4100 True 0 0.002791166305541992 0
4200 True 0 0.0026879310607910156 0
4300 False 0 0.0 0
4400 True 0 0.0027039051055908203 0
4500 False 0 0.0 0
4600 True 0 0.004263639450073242 0
4700 True 0 0.002688169479370117 0
4800 True 0 0.0028400421142578125 0
4900 False 0 0.0 0
5000 True 0 0.0031464099884033203 0
5100 False 0 0.0 0
5200 True 0 0.0034356117248535156 0
5300 True 0 0.0028274059295654297 0
5400 True 0 0.002772092819213867 0
5500 True 0 0.002651691436767578 0
5600 True 0 0.002751588821411133 0
5700 True 0 0.0026655197143554688 0
5800 True 0 0.0026581287384033203 0
5900 True 0 0.003012418746948242 0
6000 False 0 0.0 0
6100 True 0 0.002965688705444336 0
6200 True 0 0.0030791759490966797 0
6300 True 0 0.0029268264770507812 0
6400 True 0 0.0030176639556884766 0
6500 True 0 0.0029060840606689453 0
6600 True 0 0.0032231807708740234 0
6700 False 0 0.0 0
6800 False 0 0.0 0
6900 True 0 0.0029592514038085938 0
7000 True 0 0.0028831958770751953 0
7100 False 0 0.0 0
7200 True 0 0.004328489303588867 0
7300 True 0 0.0029058456420898438 0
7400 True 0 0.002787351608276367 0
7500 False 0 0.0 0
7600 True 0 0.0044384002685546875 0
7700 True 0 0.002758502960205078 0
7800 False 0 0.0 0
7900 True 0 0.002817869186401367 0
8000 True 0 0.0046007633209228516 0
8100 True 0 0.0032885074615478516 0
8200 True 0 0.0029561519622802734 0
8300 True 0 0.0029358863830566406 0
8400 True 0 0.002975940704345703 0
8500 True 0 0.0028319358825683594 0
8600 True 0 0.003049135208129883 0
8700 True 0 0.003198862075805664 0
8800 True 0 0.003042936325073242 0
8900 True 0 0.0028655529022216797 0
9000 True 0 0.003029346466064453 0
9100 True 0 0.0029425621032714844 0
9200 True 0 0.003011465072631836 0
9300 True 0 0.0029947757720947266 0
9400 True 0 0.0029807090759277344 0
9500 True 0 0.0039136409759521484 0
9600 True 0 0.0027844905853271484 0
9700 False 0 0.0 0
9800 True 0 0.002874135971069336 0
9900 False 0 0.0 0
