0 True 0.004826485438159123 0.003157377243041992 0
100 True 0.0005840419388541494 0.0030755996704101562 0
200 False 0.0 0.0 0
300 False 0.0 0.0 0
400 True 0.000980821765293593 0.003262758255004883 0
500 True 0.0037663782903112875 0.003109455108642578 0
600 True 0.0022834155705156694 0.003100156784057617 0
700 True 0.0019430282089611403 0.0025696754455566406 0
800 True 0.0014068321587448276 0.002412080764770508 0
900 True 0.0008490546258680636 0.0023012161254882812 0
1000 True 0.0009606949058775914 0.0023124217987060547 0
1100 True 0.00416737402495451 0.002279043197631836 0
1200 False 0.0 0.0 0
1300 True 0.0018391314112365792 0.002475261688232422 0
1400 True 0.0011491886163393914 0.002532482147216797 0
1500 False 0.0 0.0 0
1600 False 0.0 0.0 0
1700 True 0.002850326195493309 0.002563953399658203 0
1800 True 0.0009903023497063385 0.002861499786376953 0
1900 True 0.0011303697759046235 0.0027387142181396484 0
2000 True 0.0012519883352079245 0.0024695396423339844 0
2100 True 0.0018030503153313464 0.0029473304748535156 0
2200 True 0.0004477378257336168 0.0026426315307617188 0
2300 False 0.0 0.0 0
2400 True 0.0011680677786044726 0.0029675960540771484 0
2500 True 0.0007442558622422692 0.0026123523712158203 0
2600 True 0.0015437925109093175 0.0025894641876220703 0
2700 True 0.003002546290690519 0.002699613571166992 0
2800 True 0.0015517850425994608 0.002737760543823242 0
2900 True 0.00011664504968306672 0.003222227096557617 0
3000 True 0.0013618856397253425 0.0027170181274414062 0
3100 True 0.0022724725634887108 0.0026330947875976562 0
3200 True 0.0020231227885528905 0.0035986900329589844 0
3300 True 0.002006010038362349 0.0032362937927246094 0
3400 True 0.00545008704045782 0.003195524215698242 0
3500 True 0.0026667511175373863 0.003380298614501953 0
3600 False 0.0 0.0 0
3700 True 0.002731606075558859 0.0032432079315185547 0
3800 True 0.00044127410452499897 0.003153562545776367 0
3900 True 0.003676529093651496 0.003115415573120117 0
4000 True 0.0017742370969844577 0.003263235092163086 0
4100 True 0.0008107559596510488 0.0031125545501708984 0
4200 True 0.004626198330720149 0.0031681060791015625 0
4300 True 0.00040781954898945 0.0028808116912841797 0
4400 True 0.0009499915757189735 0.0026144981384277344 0
4500 True 0.00042446497675355303 0.002696514129638672 0
4600 True 0.004153826740551395 0.0026731491088867188 0
4700 True 0.0019994990894162145 0.0026149749755859375 0
4800 True 0.00525448071717468 0.003139495849609375 0
4900 True 0.0020919388863173253 0.002781391143798828 0
5000 True 0.002283614899856781 0.003777027130126953 0
5100 False 0.0 0.0 0
5200 True 0.0019525700146855818 0.0028171539306640625 0
5300 True 0.001699166355622598 0.0031118392944335938 0
5400 True 0.002459625885192566 0.0030198097229003906 0
5500 True 0.0020805230959638457 0.003041982650756836 0
5600 False 0.0 0.0 0
5700 True 0.004267724823695471 0.0030508041381835938 0
5800 True 0.001456224411846655 0.0030701160430908203 0
5900 True 0.0013674681881764132 0.003087282180786133 0
6000 True 0.0001853378579760047 0.0032300949096679688 0
6100 True 0.0028754467129824637 0.0029413700103759766 0
6200 True 0.001897135397109891 0.0036818981170654297 0
6300 True 0.002126495336962612 0.0026748180389404297 0
6400 True 0.0014173919308200756 0.0025789737701416016 0
6500 True 0.0030347070617968708 0.00267791748046875 0
6600 True 0.0014792180148980258 0.003100156784057617 0
6700 True 0.0005519131828547461 0.0026826858520507812 0
6800 True 0.0009781282382117567 0.002577543258666992 0
6900 True 0.0014152565704498518 0.0028629302978515625 0
7000 True 0.00267436567189131 0.002532958984375 0
7100 True 0.001207917803055437 0.002973318099975586 0
7200 False 0.0 0.0 0
7300 True 0.003000895807401237 0.0027594566345214844 0
7400 True 0.001282382011230775 0.002724170684814453 0
7500 True 0.0022128189080846106 0.002791166305541992 0
7600 True 0.0026738380861880146 0.0026972293853759766 0
7700 True 0.0018200648575570002 0.0027298927307128906 0
7800 False 0.0 0.0 0
7900 True 0.0008659170086345424 0.0026853084564208984 0
8000 True 0.002036922211635295 0.0034639835357666016 0
8100 True 0.002418225164054422 0.0029675960540771484 0
8200 True 0.0014829495185088408 0.002762317657470703 0
8300 True 0.0014186398502748498 0.002750873565673828 0
8400 True 0.002433276314213532 0.002835988998413086 0
8500 True 0.0024041838713648417 0.0037152767181396484 0
8600 True 0.0028520790893197703 0.002813100814819336 0
8700 True 0.0018319103201818398 0.003358602523803711 0
8800 True 0.00267419583777826 0.0031871795654296875 0
8900 True 0.0022779902903122804 0.0032935142517089844 0
9000 True 0.0037649007102561216 0.002785921096801758 0
9100 True 0.0036850631237591363 0.003026723861694336 0
9200 True 0.00176908310490833 0.003055572509765625 0
9300 True 0.0029678614833434885 0.002834796905517578 0
9400 True 0.0015200516979063646 0.0028688907623291016 0
9500 True 0.002455920526592479 0.0027022361755371094 0
9600 False 0.0 0.0 0
9700 True 0.0010319715802939713 0.002766847610473633 0
9800 True 0.002686366259559294 0.0028524398803710938 0
9900 True 0.0020932683568176498 0.006136178970336914 0
