0 False 0 0.0 0
100 False 0 0.0 0
200 False 0 0.0 0
300 False 0 0.0 0
400 False 0 0.0 0
500 True 0 0.003553628921508789 0
600 True 0 0.0030891895294189453 0
700 True 0 0.003914356231689453 0
800 False 0 0.0 0
900 False 0 0.0 0
1000 False 0 0.0 0
1100 True 0 0.003905057907104492 0
1200 False 0 0.0 0
1300 False 0 0.0 0
1400 True 0 0.0028324127197265625 0
1500 False 0 0.0 0
1600 False 0 0.0 0
1700 False 0 0.0 0
1800 True 0 0.002814769744873047 0
1900 False 0 0.0 0
2000 True 0 0.0027420520782470703 0
2100 False 0 0.0 0
2200 True 0 0.0029709339141845703 0
2300 False 0 0.0 0
2400 False 0 0.0 0
2500 False 0 0.0 0
2600 False 0 0.0 0
2700 True 0 0.0028460025787353516 0
2800 False 0 0.0 0
2900 False 0 0.0 0
3000 True 0 0.003025531768798828 0
3100 False 0 0.0 0
3200 False 0 0.0 0
3300 False 0 0.0 0
3400 False 0 0.0 0
3500 False 0 0.0 0
3600 False 0 0.0 0
3700 False 0 0.0 0
3800 False 0 0.0 0
3900 True 0 0.0031936168670654297 0
4000 False 0 0.0 0
4100 False 0 0.0 0
4200 True 0 0.0032470226287841797 0
4300 False 0 0.0 0
4400 True 0 0.0028150081634521484 0
4500 False 0 0.0 0
4600 True 0 0.0030431747436523438 0
4700 False 0 0.0 0
4800 False 0 0.0 0
4900 False 0 0.0 0
5000 True 0 0.0028734207153320312 0
5100 False 0 0.0 0
5200 False 0 0.0 0
5300 False 0 0.0 0
5400 False 0 0.0 0
5500 False 0 0.0 0
5600 True 0 0.00274658203125 0
5700 True 0 0.0028035640716552734 0
5800 False 0 0.0 0
5900 False 0 0.0 0
6000 False 0 0.0 0
6100 False 0 0.0 0
6200 False 0 0.0 0
6300 False 0 0.0 0
6400 True 0 0.0028460025787353516 0
6500 False 0 0.0 0
6600 False 0 0.0 0
6700 False 0 0.0 0
6800 True 0 0.002840280532836914 0
6900 False 0 0.0 0
7000 True 0 0.0032033920288085938 0
7100 True 0 0.0032567977905273438 0
7200 True 0 0.003224611282348633 0
7300 True 0 0.003099679946899414 0
7400 False 0 0.0 0
7500 True 0 0.0032002925872802734 0
7600 True 0 0.002905607223510742 0
7700 False 0 0.0 0
7800 False 0 0.0 0
7900 False 0 0.0 0
8000 False 0 0.0 0
8100 True 0 0.003110170364379883 0
8200 True 0 0.0030694007873535156 0
8300 False 0 0.0 0
8400 False 0 0.0 0
8500 False 0 0.0 0
8600 True 0 0.004811286926269531 0
8700 False 0 0.0 0
8800 True 0 0.0031099319458007812 0
8900 False 0 0.0 0
9000 True 0 0.003016233444213867 0
9100 False 0 0.0 0
9200 False 0 0.0 0
9300 True 0 0.003220796585083008 0
9400 True 0 0.0032155513763427734 0
9500 True 0 0.0028307437896728516 0
9600 True 0 0.0028061866760253906 0
9700 True 0 0.003236055374145508 0
9800 True 0 0.002858400344848633 0
9900 True 0 0.0030698776245117188 0
