0 False 0.0 0.0 0
100 False 0.0 0.0 0
200 False 0.0 0.0 0
300 False 0.0 0.0 0
400 False 0.0 0.0 0
500 True 0.00010233312873189211 0.003027677536010742 0
600 True 3.234407925212548e-05 0.00423884391784668 0
700 True 0.0006644076346034486 0.003037691116333008 0
800 False 0.0 0.0 0
900 False 0.0 0.0 0
1000 False 0.0 0.0 0
1100 True 0.0004420610463764338 0.0037946701049804688 0
1200 False 0.0 0.0 0
1300 False 0.0 0.0 0
1400 True 3.223851467053359e-05 0.0025360584259033203 0
1500 False 0.0 0.0 0
1600 False 0.0 0.0 0
1700 False 0.0 0.0 0
1800 True 0.00018056421487693886 0.0020818710327148438 0
1900 False 0.0 0.0 0
2000 True 3.2444992935143134e-05 0.0022089481353759766 0
2100 False 0.0 0.0 0
2200 True 0.0003067369798097503 0.002247333526611328 0
2300 False 0.0 0.0 0
2400 False 0.0 0.0 0
2500 False 0.0 0.0 0
2600 False 0.0 0.0 0
2700 True 0.00028927011705664904 0.002417325973510742 0
2800 False 0.0 0.0 0
2900 False 0.0 0.0 0
3000 True 3.2334344813249174e-05 0.002472400665283203 0
3100 False 0.0 0.0 0
3200 False 0.0 0.0 0
3300 False 0.0 0.0 0
3400 False 0.0 0.0 0
3500 False 0.0 0.0 0
3600 False 0.0 0.0 0
3700 False 0.0 0.0 0
3800 False 0.0 0.0 0
3900 True 0.0006643747813201072 0.002142667770385742 0
4000 False 0.0 0.0 0
4100 False 0.0 0.0 0
4200 True 0.00028933838508617414 0.0028002262115478516 0
4300 False 0.0 0.0 0
4400 True 0.0003370082971499883 0.002766847610473633 0
4500 False 0.0 0.0 0
4600 True 0.00010241328585269104 0.002953767776489258 0
4700 False 0.0 0.0 0
4800 False 0.0 0.0 0
4900 False 0.0 0.0 0
5000 True 0.0001024311141440071 0.0034346580505371094 0
5100 False 0.0 0.0 0
5200 False 0.0 0.0 0
5300 False 0.0 0.0 0
5400 False 0.0 0.0 0
5500 False 0.0 0.0 0
5600 True 0.00033694469619519816 0.0027599334716796875 0
5700 True 0.0006150306318393535 0.002819538116455078 0
5800 False 0.0 0.0 0
5900 False 0.0 0.0 0
6000 False 0.0 0.0 0
6100 False 0.0 0.0 0
6200 False 0.0 0.0 0
6300 False 0.0 0.0 0
6400 True 0.00016062533173632598 0.0027587413787841797 0
6500 False 0.0 0.0 0
6600 False 0.0 0.0 0
6700 False 0.0 0.0 0
6800 True 0.00030672196391276035 0.0029189586639404297 0
6900 False 0.0 0.0 0
7000 True 0.0006644962520124616 0.0028820037841796875 0
7100 True 0.00030672196391276035 0.002906322479248047 0
7200 True 0.0013673298836369306 0.0027217864990234375 0
7300 True 0.000336849746902502 0.0029811859130859375 0
7400 False 0.0 0.0 0
7500 True 9.454634561836753e-05 0.0030002593994140625 0
7600 True 0.0004114674566620056 0.002931833267211914 0
7700 False 0.0 0.0 0
7800 False 0.0 0.0 0
7900 False 0.0 0.0 0
8000 False 0.0 0.0 0
8100 True 0.0006012857320577977 0.0029087066650390625 0
8200 True 0.000772821553233133 0.0027647018432617188 0
8300 False 0.0 0.0 0
8400 False 0.0 0.0 0
8500 False 0.0 0.0 0
8600 True 0.0006013603312425279 0.0029616355895996094 0
8700 False 0.0 0.0 0
8800 True 0.0004924883484386457 0.002977132797241211 0
8900 False 0.0 0.0 0
9000 True 0.0005656372696061153 0.0030090808868408203 0
9100 False 0.0 0.0 0
9200 False 0.0 0.0 0
9300 True 0.0003371876960516909 0.0032203197479248047 0
9400 True 4.8364915346655834e-06 0.0033981800079345703 0
9500 True 0.0004924711445034082 0.00287628173828125 0
9600 True 2.2987103701342095e-05 0.002701997756958008 0
9700 True 7.182444800687094e-05 0.002750873565673828 0
9800 True 0.0011122079052485257 0.0028579235076904297 0
9900 True 0.0007256684357274903 0.002831697463989258 0
