0 True 0.0026278719462767214 0.0036106109619140625 0
100 True 0.00222722738917702 0.003576040267944336 0
200 True 0.0035639580119590417 0.004044532775878906 0
300 False 0.0 0.0 0
400 True 0.0015555177440700707 0.0034089088439941406 0
500 True 0.00498046979084807 0.0024476051330566406 0
600 True 0.0033005102012890323 0.0025191307067871094 0
700 True 0.0026716535217742275 0.002939462661743164 0
800 True 0.00027796206278003647 0.002988100051879883 0
900 True 0.0008208170460028441 0.002867460250854492 0
1000 True 0.000904692326976436 0.003011465072631836 0
1100 True 0.004137574940346025 0.0027294158935546875 0
1200 False 0.0 0.0 0
1300 True 0.0012613047167153914 0.0030472278594970703 0
1400 True 0.004046539874983433 0.0026454925537109375 0
1500 False 0.0 0.0 0
1600 True 0.0013356481312300009 0.0029833316802978516 0
1700 True 0.00228798528784426 0.0028367042541503906 0
1800 False 0.0 0.0 0
1900 True 0.0008957329678303319 0.0031027793884277344 0
2000 True 0.0024978051164889635 0.003212451934814453 0
2100 True 0.0015400970408124867 0.0033960342407226562 0
2200 True 0.0018411901984242036 0.003129720687866211 0
2300 True 0.001000429717298715 0.0029888153076171875 0
2400 True 0.0014298839814538846 0.0029783248901367188 0
2500 True 0.0005845932061012865 0.0026416778564453125 0
2600 True 0.0035872027897287354 0.0028417110443115234 0
2700 True 0.0022708457979278614 0.002843618392944336 0
2800 True 0.003285161280156589 0.00293731689453125 0
2900 True 0.001991529956555392 0.0028128623962402344 0
3000 True 0.0022578596815019418 0.003439664840698242 0
3100 True 0.0008439755665268361 0.0037958621978759766 0
3200 True 0.0040310146083815295 0.0033178329467773438 0
3300 True 0.0024658618748491213 0.0030558109283447266 0
3400 True 0.0029651253452315693 0.0029981136322021484 0
3500 True 0.004223669613181089 0.0029315948486328125 0
3600 True 0.0011590856785509472 0.002834320068359375 0
3700 True 0.0036200331554369723 0.0029380321502685547 0
3800 True 0.0020068671219338457 0.003003358840942383 0
3900 True 0.002627600940541251 0.002988576889038086 0
4000 False 0.0 0.0 0
4100 True 0.0009635723123588369 0.0028676986694335938 0
4200 True 0.0015515514476891134 0.0028226375579833984 0
4300 False 0.0 0.0 0
4400 True 0.000180650653146212 0.002784252166748047 0
4500 False 0.0 0.0 0
4600 True 0.004470016485037607 0.002838134765625 0
4700 True 0.002928985536918267 0.002652883529663086 0
4800 True 0.003751388769491342 0.0027227401733398438 0
4900 True 0.0022464582174913958 0.0027916431427001953 0
5000 True 0.0014041057323855085 0.0027053356170654297 0
5100 True 5.059414577348847e-05 0.002625703811645508 0
5200 True 0.0020651198049614155 0.0028159618377685547 0
5300 True 0.00284310409823944 0.0026633739471435547 0
5400 True 0.003624290099097542 0.0028257369995117188 0
5500 True 0.0032085078515921876 0.0031557083129882812 0
5600 False 0.0 0.0 0
5700 True 0.0026607296088163317 0.003186941146850586 0
5800 True 0.002106160649850176 0.002646207809448242 0
5900 True 0.004342402907476663 0.002660036087036133 0
6000 True 0.001929707556434643 0.002666950225830078 0
6100 True 0.006137499196530561 0.003177642822265625 0
6200 True 0.002732953541955422 0.003840208053588867 0
6300 True 0.0026658762771769426 0.0025451183319091797 0
6400 False 0.0 0.0 0
6500 True 0.002945229909282101 0.0026803016662597656 0
6600 True 0.00102719808473124 0.002635478973388672 0
6700 True 0.0003752369515149764 0.002620220184326172 0
6800 True 0.0022907696494916642 0.0026853084564208984 0
6900 True 0.0024582701790774246 0.0028281211853027344 0
7000 True 0.0032070658208646556 0.0028281211853027344 0
7100 True 0.003593712438271287 0.0026979446411132812 0
7200 True 0.0013659773463791133 0.0027425289154052734 0
7300 True 0.0031058440382295835 0.002872943878173828 0
7400 True 0.0026750148889203183 0.0028045177459716797 0
7500 True 0.003089387823876158 0.003688812255859375 0
7600 True 0.0034206440136431713 0.0029304027557373047 0
7700 True 0.002256916956579784 0.0030350685119628906 0
7800 False 0.0 0.0 0
7900 True 8.786696129754011e-05 0.0030517578125 0
8000 True 0.004482432270949221 0.002755403518676758 0
8100 True 0.0025904640912858155 0.0028367042541503906 0
8200 True 0.003780830799099094 0.0029201507568359375 0
8300 True 0.002450797853654624 0.0027663707733154297 0
8400 True 0.004573922325951276 0.0027170181274414062 0
8500 True 0.004500337713882577 0.003446817398071289 0
8600 True 0.004051169891248183 0.0028395652770996094 0
8700 True 0.002762158120650669 0.002669095993041992 0
8800 True 0.0039273771622545745 0.0024864673614501953 0
8900 True 0.0037603476867452456 0.0027365684509277344 0
9000 True 0.004100904300687222 0.002739429473876953 0
9100 True 0.004137791603206235 0.002740144729614258 0
9200 True 0.003027834515445445 0.002581357955932617 0
9300 True 0.003414746484989866 0.002133607864379883 0
9400 True 0.00240465848346027 0.0037233829498291016 0
9500 True 0.0015730899811044244 0.0023069381713867188 0
9600 True 0.0031281790356522394 0.0031020641326904297 0
9700 False 0.0 0.0 0
9800 True 0.0019528389143409633 0.002466440200805664 0
9900 True 0.0027693716029738493 0.002256155014038086 0
