0 True 0 0.0034608840942382812 0
100 True 0 0.002737760543823242 0
200 True 0 0.0034492015838623047 0
300 False 0 0.0 0
400 True 0 0.003696441650390625 0
500 True 0 0.0023784637451171875 0
600 True 0 0.002398967742919922 0
700 True 0 0.0023310184478759766 0
800 True 0 0.002660036087036133 0
900 True 0 0.002706289291381836 0
1000 True 0 0.0026154518127441406 0
1100 True 0 0.0028710365295410156 0
1200 False 0 0.0 0
1300 True 0 0.003242015838623047 0
1400 True 0 0.003088235855102539 0
1500 False 0 0.0 0
1600 True 0 0.002888202667236328 0
1700 True 0 0.0030460357666015625 0
1800 False 0 0.0 0
1900 True 0 0.0033380985260009766 0
2000 True 0 0.0027840137481689453 0
2100 True 0 0.0025610923767089844 0
2200 True 0 0.0026276111602783203 0
2300 True 0 0.002546548843383789 0
2400 True 0 0.003171205520629883 0
2500 True 0 0.003252267837524414 0
2600 True 0 0.0027561187744140625 0
2700 True 0 0.002823352813720703 0
2800 True 0 0.002726316452026367 0
2900 True 0 0.002943277359008789 0
3000 True 0 0.0027570724487304688 0
3100 True 0 0.0028846263885498047 0
3200 True 0 0.0028662681579589844 0
3300 True 0 0.002893686294555664 0
3400 True 0 0.0031309127807617188 0
3500 True 0 0.003112316131591797 0
3600 True 0 0.002735614776611328 0
3700 True 0 0.002718687057495117 0
3800 True 0 0.0027244091033935547 0
3900 True 0 0.0028388500213623047 0
4000 False 0 0.0 0
4100 True 0 0.0026578903198242188 0
4200 True 0 0.0031974315643310547 0
4300 False 0 0.0 0
4400 True 0 0.0028350353240966797 0
4500 False 0 0.0 0
4600 True 0 0.0027153491973876953 0
4700 True 0 0.0023844242095947266 0
4800 True 0 0.0026450157165527344 0
4900 True 0 0.0025777816772460938 0
5000 True 0 0.0025844573974609375 0
5100 True 0 0.002569437026977539 0
5200 True 0 0.0027441978454589844 0
5300 True 0 0.002627134323120117 0
5400 True 0 0.004038810729980469 0
5500 True 0 0.0029036998748779297 0
5600 False 0 0.0 0
5700 True 0 0.0027387142181396484 0
5800 True 0 0.002811431884765625 0
5900 True 0 0.002617359161376953 0
6000 True 0 0.0025937557220458984 0
6100 True 0 0.0026221275329589844 0
6200 True 0 0.002706289291381836 0
6300 True 0 0.0026869773864746094 0
6400 False 0 0.0 0
6500 True 0 0.002579212188720703 0
6600 True 0 0.0027418136596679688 0
6700 True 0 0.0025670528411865234 0
6800 True 0 0.002529621124267578 0
6900 True 0 0.002729654312133789 0
7000 True 0 0.0027663707733154297 0
7100 True 0 0.0030066967010498047 0
7200 True 0 0.0030803680419921875 0
7300 True 0 0.0027818679809570312 0
7400 True 0 0.0038487911224365234 0
7500 True 0 0.002618551254272461 0
7600 True 0 0.0024933815002441406 0
7700 True 0 0.0027306079864501953 0
7800 False 0 0.0 0
7900 True 0 0.0033135414123535156 0
8000 True 0 0.002886533737182617 0
8100 True 0 0.00319671630859375 0
8200 True 0 0.0029723644256591797 0
8300 True 0 0.002836942672729492 0
8400 True 0 0.0030472278594970703 0
8500 True 0 0.0026314258575439453 0
8600 True 0 0.0026290416717529297 0
8700 True 0 0.003057718276977539 0
8800 True 0 0.002920389175415039 0
8900 True 0 0.0032935142517089844 0
9000 True 0 0.002989053726196289 0
9100 True 0 0.0028955936431884766 0
9200 True 0 0.0024499893188476562 0
9300 True 0 0.0027055740356445312 0
9400 True 0 0.002935647964477539 0
9500 True 0 0.002453327178955078 0
9600 True 0 0.003069639205932617 0
9700 False 0 0.0 0
9800 True 0 0.0026831626892089844 0
9900 True 0 0.0029015541076660156 0
