0 True 0 0.0043506622314453125 0
100 True 0 0.0036475658416748047 0
200 True 0 0.003447294235229492 0
300 True 0 0.004250288009643555 0
400 True 0 0.002288818359375 0
500 True 0 0.0023508071899414062 0
600 True 0 0.0023190975189208984 0
700 True 0 0.002280712127685547 0
800 True 0 0.0025589466094970703 0
900 True 0 0.003463268280029297 0
1000 True 0 0.002597332000732422 0
1100 True 0 0.0026073455810546875 0
1200 True 0 0.0031328201293945312 0
1300 True 0 0.0025708675384521484 0
1400 True 0 0.0034799575805664062 0
1500 False 0 0.0 0
1600 True 0 0.0036249160766601562 0
1700 True 0 0.003640413284301758 0
1800 True 0 0.0029888153076171875 0
1900 True 0 0.0034017562866210938 0
2000 True 0 0.0033266544342041016 0
2100 True 0 0.003307819366455078 0
2200 True 0 0.003226757049560547 0
2300 True 0 0.0032444000244140625 0
2400 True 0 0.0034301280975341797 0
2500 True 0 0.0043065547943115234 0
2600 True 0 0.0034770965576171875 0
2700 True 0 0.002961397171020508 0
2800 True 0 0.002962827682495117 0
2900 True 0 0.003039836883544922 0
3000 True 0 0.003777027130126953 0
3100 True 0 0.0029430389404296875 0
3200 True 0 0.002850055694580078 0
3300 True 0 0.0031185150146484375 0
3400 True 0 0.003238677978515625 0
3500 True 0 0.002786397933959961 0
3600 True 0 0.0029604434967041016 0
3700 True 0 0.003728151321411133 0
3800 True 0 0.0031778812408447266 0
3900 True 0 0.0029888153076171875 0
4000 True 0 0.002817869186401367 0
4100 True 0 0.0028638839721679688 0
4200 True 0 0.0030078887939453125 0
4300 False 0 0.0 0
4400 True 0 0.003763437271118164 0
4500 False 0 0.0 0
4600 True 0 0.0031337738037109375 0
4700 True 0 0.003464221954345703 0
4800 True 0 0.0036127567291259766 0
4900 True 0 0.0034592151641845703 0
5000 True 0 0.003348827362060547 0
5100 True 0 0.0031652450561523438 0
5200 True 0 0.0036618709564208984 0
5300 True 0 0.0033037662506103516 0
5400 True 0 0.0034027099609375 0
5500 True 0 0.002870798110961914 0
5600 True 0 0.0029494762420654297 0
5700 True 0 0.002986431121826172 0
5800 True 0 0.0031096935272216797 0
5900 True 0 0.003177642822265625 0
6000 True 0 0.002870321273803711 0
6100 True 0 0.002974987030029297 0
6200 True 0 0.002881765365600586 0
6300 True 0 0.0028226375579833984 0
6400 True 0 0.0033621788024902344 0
6500 True 0 0.002955198287963867 0
6600 True 0 0.003034353256225586 0
6700 True 0 0.00305938720703125 0
6800 True 0 0.002969503402709961 0
6900 True 0 0.0031392574310302734 0
7000 True 0 0.0032105445861816406 0
7100 True 0 0.0028243064880371094 0
7200 True 0 0.0030012130737304688 0
7300 True 0 0.002876758575439453 0
7400 True 0 0.002991199493408203 0
7500 True 0 0.0030913352966308594 0
7600 True 0 0.0032629966735839844 0
7700 True 0 0.0030257701873779297 0
7800 True 0 0.0026247501373291016 0
7900 True 0 0.0027074813842773438 0
8000 True 0 0.004749298095703125 0
8100 True 0 0.0032167434692382812 0
8200 True 0 0.003003358840942383 0
8300 True 0 0.0029344558715820312 0
8400 True 0 0.0026068687438964844 0
8500 True 0 0.002421140670776367 0
8600 True 0 0.003983974456787109 0
8700 True 0 0.0031099319458007812 0
8800 True 0 0.003171205520629883 0
8900 True 0 0.0029096603393554688 0
9000 True 0 0.0025348663330078125 0
9100 True 0 0.0026068687438964844 0
9200 True 0 0.002721548080444336 0
9300 True 0 0.002656221389770508 0
9400 True 0 0.002753734588623047 0
9500 True 0 0.0030171871185302734 0
9600 True 0 0.002703428268432617 0
9700 True 0 0.002959012985229492 0
9800 True 0 0.0029306411743164062 0
9900 True 0 0.0030012130737304688 0
