0 True 0.0007192551521074504 0.0035986900329589844 0
100 True 0.00037106841201916857 0.003920316696166992 0
200 True 0.00032766899193632993 0.005185842514038086 0
300 False 0.0 0.0 0
400 True 0.0004456590499606973 0.0036690235137939453 0
500 True 0.0009250370937023266 0.002279043197631836 0
600 True 0.0005844692123519601 0.00244903564453125 0
700 True 0.0007953870891803798 0.002315998077392578 0
800 False 0.0 0.0 0
900 True 0.00022939760992334195 0.002719879150390625 0
1000 True 0.0001785204732955174 0.002862215042114258 0
1100 True 0.0007944818089936213 0.0027151107788085938 0
1200 False 0.0 0.0 0
1300 True 0.0003073679464692767 0.0024721622467041016 0
1400 True 0.0007578123811671917 0.0027298927307128906 0
1500 False 0.0 0.0 0
1600 True 0.0002278010888806457 0.002660512924194336 0
1700 True 0.0006830367663325576 0.0029289722442626953 0
1800 True 0.00013686062839497276 0.0024695396423339844 0
1900 True 0.0005543013296307855 0.002882719039916992 0
2000 True 0.0005274917359332452 0.0025222301483154297 0
2100 True 0.00018822599970731087 0.002545595169067383 0
2200 True 1.7343586700156484e-06 0.002675294876098633 0
2300 True 0.00019393637588906504 0.0025773048400878906 0
2400 False 0.0 0.0 0
2500 False 0.0 0.0 0
2600 True 0.0005188249630424238 0.0029709339141845703 0
2700 True 0.0005090345418309936 0.0030956268310546875 0
2800 True 0.00035045975165561813 0.0028345584869384766 0
2900 True 3.0612887669489703e-06 0.0028340816497802734 0
3000 True 0.0005139591566266983 0.0027980804443359375 0
3100 True 4.867342769678476e-05 0.002820730209350586 0
3200 True 0.0004415914057026512 0.002888917922973633 0
3300 True 0.00010516874185727887 0.0027608871459960938 0
3400 True 0.0007372212879717123 0.002885103225708008 0
3500 True 0.0008100919610545574 0.0030126571655273438 0
3600 True 0.00022862511021610432 0.0027456283569335938 0
3700 True 0.0007018215347192564 0.002832651138305664 0
3800 True 0.00021909400180017053 0.00289154052734375 0
3900 True 0.0007043394942342337 0.0026428699493408203 0
4000 False 0.0 0.0 0
4100 True 0.00031514988734451804 0.002815723419189453 0
4200 True 0.0006273220580027953 0.0031158924102783203 0
4300 False 0.0 0.0 0
4400 True 0.0004166678465024855 0.0032219886779785156 0
4500 False 0.0 0.0 0
4600 True 0.0007034322242897278 0.002932310104370117 0
4700 True 0.00027316603212944286 0.003155231475830078 0
4800 True 0.0007861365210879204 0.0027701854705810547 0
4900 True 5.569374845410247e-05 0.00284576416015625 0
5000 True 0.0006713148347518499 0.0028619766235351562 0
5100 False 0.0 0.0 0
5200 True 0.0004921024902656292 0.002527952194213867 0
5300 True 0.0004938737442244687 0.002805948257446289 0
5400 True 0.00042418010574468934 0.0028846263885498047 0
5500 True 0.0007511662282667881 0.002929210662841797 0
5600 True 0.0002222371617949481 0.002881765365600586 0
5700 True 0.0007032993584382394 0.004111289978027344 0
5800 True 0.0002505577672498616 0.003346681594848633 0
5900 True 0.0005997013772196091 0.0033104419708251953 0
6000 True 9.613634264741195e-05 0.0032019615173339844 0
6100 True 0.0008879505575839775 0.0029621124267578125 0
6200 True 0.00028494399355116534 0.0032715797424316406 0
6300 True 0.0007259662447090952 0.0032711029052734375 0
6400 True 7.710220458655213e-05 0.0029561519622802734 0
6500 True 0.00047712568508579843 0.003447294235229492 0
6600 True 0.0002084649147003543 0.0029468536376953125 0
6700 True 3.880786146241179e-05 0.0031752586364746094 0
6800 True 9.25181255396161e-05 0.0029277801513671875 0
6900 True 0.0004576684511515197 0.0028498172760009766 0
7000 True 0.0006706316291367035 0.002988100051879883 0
7100 True 0.00025906988149011014 0.00293731689453125 0
7200 True 0.0002957065818504427 0.0028917789459228516 0
7300 True 0.0005556978337957623 0.002959012985229492 0
7400 True 0.0004935591044175641 0.00286102294921875 0
7500 True 9.812819742810599e-05 0.003030061721801758 0
7600 True 0.0006804801741694789 0.00287628173828125 0
7700 True 0.0001316219528771719 0.0029418468475341797 0
7800 False 0.0 0.0 0
7900 True 0.0005301186396020555 0.0030732154846191406 0
8000 True 0.00036412440412508643 0.0030126571655273438 0
8100 True 0.0005515164844214036 0.0031991004943847656 0
8200 True 0.000590294823958451 0.0033044815063476562 0
8300 True 0.0005457104764287098 0.0032875537872314453 0
8400 True 0.0008558996608957387 0.004031181335449219 0
8500 True 0.0009176850690838196 0.0030515193939208984 0
8600 True 0.0007239192791044975 0.0030252933502197266 0
8700 True 0.00038981005320086595 0.0028879642486572266 0
8800 True 0.001074672526572166 0.0028367042541503906 0
8900 True 0.0004304820538930802 0.0029740333557128906 0
9000 True 0.0007556476991502525 0.0029556751251220703 0
9100 True 0.0007228602698981008 0.0030336380004882812 0
9200 True 0.00058176554424723 0.0029752254486083984 0
9300 True 0.00076241703085838 0.002903461456298828 0
9400 True 0.00017847063386047395 0.0030994415283203125 0
9500 True 0.0001765225467838428 0.0030853748321533203 0
9600 True 0.0002884453535031415 0.00293731689453125 0
9700 False 0.0 0.0 0
9800 True 0.000499446588340171 0.003657817840576172 0
9900 True 0.0003559426181356411 0.0034055709838867188 0
