0 True 0 0.003885030746459961 0
100 True 0 0.0033321380615234375 0
200 True 0 0.004842996597290039 0
300 False 0 0.0 0
400 True 0 0.0039484500885009766 0
500 True 0 0.0033507347106933594 0
600 True 0 0.0030944347381591797 0
700 False 0 0.0 0
800 True 0 0.003523111343383789 0
900 True 0 0.0024831295013427734 0
1000 False 0 0.0 0
1100 True 0 0.002432107925415039 0
1200 False 0 0.0 0
1300 True 0 0.002408266067504883 0
1400 True 0 0.0023894309997558594 0
1500 False 0 0.0 0
1600 False 0 0.0 0
1700 True 0 0.0025963783264160156 0
1800 False 0 0.0 0
1900 False 0 0.0 0
2000 True 0 0.0024890899658203125 0
2100 True 0 0.0029959678649902344 0
2200 True 0 0.003574848175048828 0
2300 False 0 0.0 0
2400 False 0 0.0 0
2500 False 0 0.0 0
2600 True 0 0.003179788589477539 0
2700 True 0 0.0031065940856933594 0
2800 False 0 0.0 0
2900 False 0 0.0 0
3000 True 0 0.0030896663665771484 0
3100 True 0 0.003082275390625 0
3200 True 0 0.004134178161621094 0
3300 True 0 0.004858255386352539 0
3400 True 0 0.0030252933502197266 0
3500 True 0 0.003263711929321289 0
3600 False 0 0.0 0
3700 True 0 0.0031499862670898438 0
3800 True 0 0.0031554698944091797 0
3900 True 0 0.003181934356689453 0
4000 False 0 0.0 0
4100 False 0 0.0 0
4200 True 0 0.0028641223907470703 0
4300 False 0 0.0 0
4400 True 0 0.0037424564361572266 0
4500 True 0 0.0028810501098632812 0
4600 True 0 0.002978086471557617 0
4700 True 0 0.0030252933502197266 0
4800 True 0 0.002863645553588867 0
4900 True 0 0.002950429916381836 0
5000 True 0 0.0027887821197509766 0
5100 True 0 0.0038950443267822266 0
5200 True 0 0.0028569698333740234 0
5300 True 0 0.004453420639038086 0
5400 False 0 0.0 0
5500 True 0 0.0029883384704589844 0
5600 True 0 0.003041505813598633 0
5700 True 0 0.002785921096801758 0
5800 True 0 0.008657455444335938 0
5900 True 0 0.004093170166015625 0
6000 True 0 0.003787994384765625 0
6100 True 0 0.0032601356506347656 0
6200 True 0 0.0033452510833740234 0
6300 True 0 0.0027840137481689453 0
6400 False 0 0.0 0
6500 True 0 0.002895832061767578 0
6600 False 0 0.0 0
6700 True 0 0.0029175281524658203 0
6800 True 0 0.0032792091369628906 0
6900 True 0 0.002848386764526367 0
7000 True 0 0.003713369369506836 0
7100 False 0 0.0 0
7200 True 0 0.002939462661743164 0
7300 True 0 0.0036547183990478516 0
7400 True 0 0.0037527084350585938 0
7500 True 0 0.0032792091369628906 0
7600 True 0 0.0033860206604003906 0
7700 True 0 0.0028541088104248047 0
7800 False 0 0.0 0
7900 False 0 0.0 0
8000 True 0 0.0053253173828125 0
8100 True 0 0.0029103755950927734 0
8200 True 0 0.004700660705566406 0
8300 False 0 0.0 0
8400 True 0 0.0029535293579101562 0
8500 True 0 0.002742767333984375 0
8600 True 0 0.002853870391845703 0
8700 True 0 0.003654003143310547 0
8800 True 0 0.003374814987182617 0
8900 True 0 0.004784107208251953 0
9000 True 0 0.0030159950256347656 0
9100 True 0 0.002947568893432617 0
9200 True 0 0.00292205810546875 0
9300 True 0 0.003000497817993164 0
9400 True 0 0.003453493118286133 0
9500 True 0 0.003513813018798828 0
9600 True 0 0.0029897689819335938 0
9700 True 0 0.0027265548706054688 0
9800 True 0 0.003124237060546875 0
9900 True 0 0.004471778869628906 0
