0 True 0.0011038318743726329 0.004935503005981445 0
100 True 0.0001881284919989751 0.0031659603118896484 0
200 True 0.0009679005882160711 0.003899097442626953 0
300 False 0.0 0.0 0
400 True 9.982606855668315e-05 0.0033185482025146484 0
500 True 0.0008955550012723147 0.003378152847290039 0
600 True 0.000674515784464719 0.0032317638397216797 0
700 False 0.0 0.0 0
800 True 0.0005013187344909403 0.0026102066040039062 0
900 True 0.00016328066001960852 0.0027458667755126953 0
1000 False 0.0 0.0 0
1100 True 0.0007930766199285893 0.0044939517974853516 0
1200 False 0.0 0.0 0
1300 True 0.0005462294256045087 0.0028145313262939453 0
1400 True 0.0008778620721287578 0.002911090850830078 0
1500 False 0.0 0.0 0
1600 False 0.0 0.0 0
1700 True 0.0005131011808541593 0.0030150413513183594 0
1800 False 0.0 0.0 0
1900 False 0.0 0.0 0
2000 True 0.0006728590448791236 0.002750873565673828 0
2100 True 0.00011723387239580457 0.0030221939086914062 0
2200 True 0.000510476136234112 0.002725839614868164 0
2300 False 0.0 0.0 0
2400 False 0.0 0.0 0
2500 False 0.0 0.0 0
2600 True 0.0008076071334408591 0.0028824806213378906 0
2700 True 0.0010542056989559826 0.003162860870361328 0
2800 False 0.0 0.0 0
2900 False 0.0 0.0 0
3000 True 0.0001716136037003696 0.0026721954345703125 0
3100 True 0.00017985988944943466 0.0028715133666992188 0
3200 True 0.00010023847314881094 0.005005836486816406 0
3300 True 0.0005692165488491367 0.0031325817108154297 0
3400 True 0.0011037249595655051 0.002909421920776367 0
3500 True 0.0005690830090911792 0.0029714107513427734 0
3600 False 0.0 0.0 0
3700 True 0.0011073828537697217 0.002963542938232422 0
3800 True 0.00035228888525825236 0.0028183460235595703 0
3900 True 0.0007474468001541668 0.004400968551635742 0
4000 False 0.0 0.0 0
4100 False 0.0 0.0 0
4200 True 0.00110368555186416 0.003409147262573242 0
4300 False 0.0 0.0 0
4400 True 0.00033250670643350874 0.0032591819763183594 0
4500 True 1.4356989280648133e-05 0.003112316131591797 0
4600 True 0.0010304611197382914 0.002858877182006836 0
4700 True 0.00023547327845281686 0.0034377574920654297 0
4800 True 0.0011041062433541728 0.0030035972595214844 0
4900 True 0.0001136656164456806 0.002934694290161133 0
5000 True 0.0009391028669732799 0.0031442642211914062 0
5100 True 0.00056728071118026 0.0029048919677734375 0
5200 True 0.0006029837172287977 0.003459930419921875 0
5300 True 1.9259952866601974e-05 0.0032727718353271484 0
5400 False 0.0 0.0 0
5500 True 0.0005686729219641478 0.003481149673461914 0
5600 True 0.0007232950615395662 0.0035893917083740234 0
5700 True 0.0006481035089868973 0.003083467483520508 0
5800 True 0.00010041883727448308 0.0037593841552734375 0
5900 True 0.0007438049186168645 0.002984285354614258 0
6000 True 0.0005773072559286884 0.0027267932891845703 0
6100 True 0.0007659173439673166 0.002729654312133789 0
6200 True 0.0005938844367454917 0.0034346580505371094 0
6300 True 0.0009778229112882644 0.0026776790618896484 0
6400 False 0.0 0.0 0
6500 True 6.19121385960918e-05 0.002913236618041992 0
6600 False 0.0 0.0 0
6700 True 0.0005688552668514813 0.0027823448181152344 0
6800 True 0.00012086239126891425 0.0027036666870117188 0
6900 True 0.00042396346993780847 0.0027894973754882812 0
7000 True 0.0006697217545138074 0.0027632713317871094 0
7100 False 0.0 0.0 0
7200 True 0.0005766036437257639 0.004206418991088867 0
7300 True 0.0011035915445070377 0.0038285255432128906 0
7400 True 0.00036569140514363605 0.003020048141479492 0
7500 True 1.925531470817534e-05 0.0030701160430908203 0
7600 True 0.0007337417197149143 0.0028035640716552734 0
7700 True 1.4237195077626046e-05 0.0027549266815185547 0
7800 False 0.0 0.0 0
7900 False 0.0 0.0 0
8000 True 0.0005618521929807704 0.0027761459350585938 0
8100 True 0.0005514652369062023 0.002844095230102539 0
8200 True 0.00044249144198235977 0.0030426979064941406 0
8300 False 0.0 0.0 0
8400 True 0.0011027456890943857 0.0028409957885742188 0
8500 True 0.0011028694868275497 0.0026624202728271484 0
8600 True 0.0005873188154180006 0.0040814876556396484 0
8700 True 0.0005769758029457498 0.0029714107513427734 0
8800 True 0.001053950826707703 0.0030095577239990234 0
8900 True 0.00023880353306953464 0.002979278564453125 0
9000 True 0.0011039721429443776 0.0048236846923828125 0
9100 True 0.00024100530378530401 0.0030384063720703125 0
9200 True 1.8132581691088823e-05 0.002947092056274414 0
9300 True 0.0007794793803923149 0.0030519962310791016 0
9400 True 0.00011718722010933038 0.003140687942504883 0
9500 True 0.0009524787644998731 0.003126382827758789 0
9600 True 0.00021669094642251936 0.0033483505249023438 0
9700 True 0.00037808808466221225 0.003397703170776367 0
9800 True 0.0009140430151456747 0.003256082534790039 0
9900 True 0.0008362977958942051 0.003121614456176758 0
