0 True 0.002066211516627917 0.003838062286376953 0
100 True 0.0014080703857303654 0.0055332183837890625 0
200 True 0.0016679681188570146 0.0036766529083251953 0
300 True 5.192466143102367e-05 0.0037980079650878906 0
400 True 0.001350137644493768 0.0038106441497802734 0
500 True 0.0027645333537961686 0.0031604766845703125 0
600 True 0.001686880091322877 0.002979755401611328 0
700 True 0.0023957640096945124 0.004553318023681641 0
800 True 0.0015816741299278414 0.0031876564025878906 0
900 True 0.0007746911374597254 0.003280162811279297 0
1000 True 0.0016437039901951473 0.0031871795654296875 0
1100 True 0.00306713448668822 0.003190279006958008 0
1200 True 0.0005329045395587466 0.004046916961669922 0
1300 True 0.002534750694978092 0.003255605697631836 0
1400 True 0.002122332719589211 0.0035572052001953125 0
1500 False 0.0 0.0 0
1600 True 0.0014882160556050651 0.0036237239837646484 0
1700 True 0.0016107360059229052 0.0035741329193115234 0
1800 True 0.0008139574580482119 0.003239154815673828 0
1900 True 0.001311541954431281 0.004876852035522461 0
2000 True 0.0018392411913616864 0.0032739639282226562 0
2100 True 0.001684099328105038 0.0032808780670166016 0
2200 True 0.0006376464836492293 0.003724336624145508 0
2300 True 0.001188103057223473 0.0033349990844726562 0
2400 True 0.0013145375928598564 0.0032024383544921875 0
2500 True 0.0018295034286419526 0.0032007694244384766 0
2600 True 0.0023312658630383794 0.0032477378845214844 0
2700 True 0.0019486206489371825 0.0031194686889648438 0
2800 True 0.002069209023418649 0.0034949779510498047 0
2900 True 0.0015491207475716074 0.003198862075805664 0
3000 True 0.0012668752431534782 0.0035352706909179688 0
3100 True 0.0010319276646728636 0.0033686161041259766 0
3200 True 0.0020991873642132054 0.0030820369720458984 0
3300 True 0.0015264778876624978 0.0030312538146972656 0
3400 True 0.0021260594642124055 0.0038383007049560547 0
3500 True 0.002420206008302363 0.0030503273010253906 0
3600 True 0.0016198025695632525 0.003126382827758789 0
3700 True 0.0025032030823619383 0.0030035972595214844 0
3800 True 0.0006262651346798031 0.003207683563232422 0
3900 True 0.0018603494103761789 0.0031130313873291016 0
4000 True 0.001025179733842642 0.003218412399291992 0
4100 True 0.0017323870311466711 0.003718137741088867 0
4200 True 0.0020813338064246565 0.003062725067138672 0
4300 True 0.00026468543212096967 0.002938985824584961 0
4400 True 0.0016591943983714432 0.0029878616333007812 0
4500 False 0.0 0.0 0
4600 True 0.002921271263192216 0.003797292709350586 0
4700 True 0.0019826032672557426 0.003118753433227539 0
4800 True 0.0021365084977921023 0.0030350685119628906 0
4900 True 0.0011842802776345668 0.0031270980834960938 0
5000 True 0.002097426690509614 0.0031151771545410156 0
5100 True 0.0006716234068024574 0.003153085708618164 0
5200 True 0.002346745254187541 0.003367900848388672 0
5300 True 0.0021798923588511737 0.003915548324584961 0
5400 True 0.0029786526358707844 0.0035791397094726562 0
5500 True 0.002303945450588485 0.003348112106323242 0
5600 True 0.001240328511904633 0.004957914352416992 0
5700 True 0.0025893928800778 0.0032188892364501953 0
5800 True 0.0018566755974247777 0.0035212039947509766 0
5900 True 0.002908749680861521 0.0030641555786132812 0
6000 True 0.0010895783054520468 0.003035306930541992 0
6100 True 0.002812751375135064 0.003215789794921875 0
6200 True 0.0017837861363705187 0.003382444381713867 0
6300 True 0.0027050046362903928 0.004849433898925781 0
6400 True 0.0005600650005250454 0.003165006637573242 0
6500 True 0.002766758226096275 0.0028939247131347656 0
6600 True 0.0016015063923547305 0.004171133041381836 0
6700 True 0.0010113489576231696 0.0032973289489746094 0
6800 True 0.0024862688213081584 0.005668163299560547 0
6900 True 0.0012221666106194786 0.005323171615600586 0
7000 True 0.002659851031579432 0.003904581069946289 0
7100 True 0.002836924467263914 0.0034453868865966797 0
7200 True 6.647012642323533e-05 0.003650665283203125 0
7300 True 0.0013653991287207404 0.003850698471069336 0
7400 True 0.0012078856583047984 0.004708290100097656 0
7500 True 0.0023312165421183794 0.005049943923950195 0
7600 True 0.0026439118498978627 0.004610538482666016 0
7700 True 0.0022672364444234388 0.003290891647338867 0
7800 False 0.0 0.0 0
7900 True 0.0019369005873866104 0.005021572113037109 0
8000 True 0.0014354237234648732 0.0052297115325927734 0
8100 True 0.0015057613742483062 0.0033898353576660156 0
8200 True 0.001701453412973828 0.00414586067199707 0
8300 True 0.0019299954503391068 0.0033724308013916016 0
8400 True 0.002509775041409231 0.003083944320678711 0
8500 True 0.002906811924813898 0.0032491683959960938 0
8600 True 0.003002679826713371 0.003154277801513672 0
8700 True 0.002042276350592167 0.003222942352294922 0
8800 True 0.0032380918925804763 0.0027618408203125 0
8900 True 0.002173182144818016 0.0036268234252929688 0
9000 True 0.002858480916029377 0.003014802932739258 0
9100 True 0.002517039662296493 0.002747058868408203 0
9200 True 0.0022984016583427833 0.002943754196166992 0
9300 True 0.0037266211356046354 0.0029463768005371094 0
9400 True 0.0014489286601662237 0.002663850784301758 0
9500 True 0.003565279355930969 0.003472566604614258 0
9600 True 0.0042513605647486186 0.003391742706298828 0
9700 True 5.0967713811032514e-05 0.003053426742553711 0
9800 True 0.0014986556622221007 0.003017425537109375 0
9900 True 0.002369565752178039 0.0028982162475585938 0
