0 True 0.0013595627369905293 0.003224611282348633 0
100 True 0.0014647558372945235 0.003025531768798828 0
200 True 0.0022866886135019786 0.0031137466430664062 0
300 True 0.00010262146299018668 0.0030355453491210938 0
400 True 0.0010216598795220546 0.0033941268920898438 0
500 True 0.0028667641446320207 0.0033109188079833984 0
600 True 0.002065781189892165 0.0031249523162841797 0
700 True 0.0014332771974556377 0.0030944347381591797 0
800 True 0.00028984299525220526 0.002925395965576172 0
900 True 0.00035463499253938244 0.0029249191284179688 0
1000 True 0.0006446292431825381 0.002919912338256836 0
1100 True 0.001681237821558151 0.0032982826232910156 0
1200 True 0.00040874982586905134 0.003221750259399414 0
1300 True 0.001374650689776332 0.003195524215698242 0
1400 True 0.002123424049287012 0.0031347274780273438 0
1500 False 0.0 0.0 0
1600 True 0.0007389624653432083 0.0032444000244140625 0
1700 True 0.001274369099316267 0.003283262252807617 0
1800 False 0.0 0.0 0
1900 True 0.0009119624455549839 0.0033004283905029297 0
2000 True 0.0013739811958384186 0.0029125213623046875 0
2100 True 0.0012877845155823287 0.0031785964965820312 0
2200 True 0.0006866962121467988 0.0031816959381103516 0
2300 True 0.0008365010146963134 0.003736734390258789 0
2400 True 0.0008571919897164758 0.0029554367065429688 0
2500 True 0.000440726661075927 0.002933025360107422 0
2600 True 0.0021094382062246102 0.002928018569946289 0
2700 True 0.0010736912723660554 0.002895355224609375 0
2800 True 0.0015735316938176014 0.0032684803009033203 0
2900 True 0.0011451949086474917 0.003251314163208008 0
3000 True 0.0013171730166245373 0.0034685134887695312 0
3100 True 0.0009358262563031782 0.0031986236572265625 0
3200 True 0.0022428127766194873 0.0033686161041259766 0
3300 True 0.0012418512768922571 0.0032057762145996094 0
3400 True 0.0016523477417892236 0.0031194686889648438 0
3500 True 0.0021476901939630247 0.0033600330352783203 0
3600 True 0.0013395407746805044 0.0031571388244628906 0
3700 True 0.002007141737921005 0.0033905506134033203 0
3800 True 0.0010635282279653276 0.003305673599243164 0
3900 True 0.0014089603077027284 0.003370523452758789 0
4000 False 0.0 0.0 0
4100 True 0.0008203111905261422 0.0033533573150634766 0
4200 True 0.0011939489753458538 0.0033953189849853516 0
4300 False 0.0 0.0 0
4400 True 0.0004995906967430136 0.0032012462615966797 0
4500 False 0.0 0.0 0
4600 True 0.0023467596647964366 0.003267526626586914 0
4700 True 0.0015297951283012071 0.0029458999633789062 0
4800 True 0.0020886308013868 0.004304409027099609 0
4900 True 0.0013563167032275513 0.0032806396484375 0
5000 True 0.0011430036826266484 0.0032777786254882812 0
5100 True 0.0007605148911874459 0.003640413284301758 0
5200 True 0.001323820640125779 0.003161907196044922 0
5300 True 0.0018412331929371915 0.0032231807708740234 0
5400 True 0.0027788708487632417 0.003448009490966797 0
5500 True 0.0019876991414833206 0.0032389163970947266 0
5600 False 0.0 0.0 0
5700 True 0.0015258158863199456 0.004414081573486328 0
5800 True 0.0012176374591933695 0.0032074451446533203 0
5900 True 0.002153052666765978 0.00429224967956543 0
6000 True 0.0006154991082816227 0.002952098846435547 0
6100 True 0.00293479923992838 0.0030732154846191406 0
6200 True 0.0018167611815582327 0.002943277359008789 0
6300 True 0.0013194440413901642 0.004739284515380859 0
6400 True 8.745891237002593e-05 0.003355264663696289 0
6500 True 0.0024304906004665016 0.003954648971557617 0
6600 True 0.0011791725806769135 0.0032455921173095703 0
6700 True 0.0008047570975200109 0.0037364959716796875 0
6800 True 0.001065092569289175 0.0034732818603515625 0
6900 True 0.001481159695928781 0.0034062862396240234 0
7000 True 0.0016559496362070656 0.004954338073730469 0
7100 True 0.0011606593767163394 0.003987312316894531 0
7200 True 0.0007847925067138305 0.003461599349975586 0
7300 True 0.0016368150569653491 0.0034036636352539062 0
7400 True 0.0017897686454415342 0.0037653446197509766 0
7500 True 0.0013127180806145502 0.0036160945892333984 0
7600 True 0.001684437761203653 0.0055637359619140625 0
7700 True 0.0012577726990542762 0.003966331481933594 0
7800 False 0.0 0.0 0
7900 True 0.0003796165275031397 0.00404667854309082 0
8000 True 0.002250966767909276 0.0033609867095947266 0
8100 True 0.0013806952577894787 0.0031175613403320312 0
8200 True 0.0024080566935184536 0.0032591819763183594 0
8300 True 0.0020118904393023286 0.003171205520629883 0
8400 True 0.0018541964719168233 0.003497600555419922 0
8500 True 0.0028412035713975946 0.0039937496185302734 0
8600 True 0.0019759813062716737 0.0033712387084960938 0
8700 True 0.0016950685095587768 0.0039463043212890625 0
8800 True 0.002358246270195203 0.003343343734741211 0
8900 True 0.002050406461306555 0.0029468536376953125 0
9000 True 0.0018679113277503957 0.0028264522552490234 0
9100 True 0.0023407193626239415 0.002814054489135742 0
9200 True 0.0016183893208619228 0.002933502197265625 0
9300 True 0.0016761777311567023 0.002873659133911133 0
9400 True 0.0017740721967482512 0.0028753280639648438 0
9500 True 0.0006234812882891301 0.0028040409088134766 0
9600 True 0.001878678340650022 0.0029921531677246094 0
9700 False 0.0 0.0 0
9800 True 0.0009099035308857449 0.0030128955841064453 0
9900 True 0.0014618170611215466 0.0030007362365722656 0
