0 True 0 0.0033571720123291016 0
100 True 0 0.0025224685668945312 0
200 True 0 0.0027952194213867188 0
300 True 0 0.002627849578857422 0
400 True 0 0.0028657913208007812 0
500 True 0 0.0026960372924804688 0
600 True 0 0.0031261444091796875 0
700 True 0 0.0027594566345214844 0
800 True 0 0.0028166770935058594 0
900 True 0 0.002743959426879883 0
1000 True 0 0.0026476383209228516 0
1100 True 0 0.002777576446533203 0
1200 True 0 0.003461599349975586 0
1300 True 0 0.0031087398529052734 0
1400 True 0 0.0030210018157958984 0
1500 True 0 0.002193927764892578 0
1600 True 0 0.0023772716522216797 0
1700 True 0 0.0022461414337158203 0
1800 True 0 0.002286672592163086 0
1900 True 0 0.0027391910552978516 0
2000 True 0 0.0027794837951660156 0
2100 True 0 0.0027244091033935547 0
2200 True 0 0.003148794174194336 0
2300 True 0 0.002879619598388672 0
2400 True 0 0.003184795379638672 0
2500 True 0 0.0029599666595458984 0
2600 True 0 0.002711772918701172 0
2700 True 0 0.0029325485229492188 0
2800 True 0 0.002608060836791992 0
2900 True 0 0.002973794937133789 0
3000 True 0 0.0030181407928466797 0
3100 True 0 0.0025959014892578125 0
3200 True 0 0.0029196739196777344 0
3300 True 0 0.0029668807983398438 0
3400 True 0 0.0030443668365478516 0
3500 True 0 0.0030586719512939453 0
3600 True 0 0.002941608428955078 0
3700 True 0 0.002976655960083008 0
3800 True 0 0.0024843215942382812 0
3900 True 0 0.002257108688354492 0
4000 True 0 0.0025153160095214844 0
4100 True 0 0.0030586719512939453 0
4200 True 0 0.003731966018676758 0
4300 True 0 0.0033524036407470703 0
4400 True 0 0.0028176307678222656 0
4500 True 0 0.0030176639556884766 0
4600 True 0 0.002881288528442383 0
4700 True 0 0.002450227737426758 0
4800 True 0 0.0033261775970458984 0
4900 True 0 0.0027108192443847656 0
5000 True 0 0.0035822391510009766 0
5100 True 0 0.0035300254821777344 0
5200 True 0 0.003349781036376953 0
5300 True 0 0.0030059814453125 0
5400 True 0 0.0031304359436035156 0
5500 True 0 0.002588987350463867 0
5600 True 0 0.0025920867919921875 0
5700 True 0 0.0030329227447509766 0
5800 True 0 0.002961874008178711 0
5900 True 0 0.002675771713256836 0
6000 True 0 0.0028793811798095703 0
6100 True 0 0.0028769969940185547 0
6200 True 0 0.003537416458129883 0
6300 True 0 0.002333402633666992 0
6400 True 0 0.0020987987518310547 0
6500 True 0 0.002281665802001953 0
6600 True 0 0.002529621124267578 0
6700 True 0 0.0028901100158691406 0
6800 True 0 0.002611398696899414 0
6900 True 0 0.002858877182006836 0
7000 True 0 0.0030143260955810547 0
7100 True 0 0.0031228065490722656 0
7200 True 0 0.002819061279296875 0
7300 True 0 0.0033631324768066406 0
7400 True 0 0.002766847610473633 0
7500 True 0 0.002917051315307617 0
7600 True 0 0.003159046173095703 0
7700 True 0 0.002766847610473633 0
7800 True 0 0.0028464794158935547 0
7900 True 0 0.0022771358489990234 0
8000 True 0 0.002767324447631836 0
8100 True 0 0.0027081966400146484 0
8200 True 0 0.003195047378540039 0
8300 True 0 0.002965688705444336 0
8400 True 0 0.0028007030487060547 0
8500 True 0 0.002772808074951172 0
8600 True 0 0.002885103225708008 0
8700 True 0 0.0026352405548095703 0
8800 True 0 0.003169536590576172 0
8900 True 0 0.003160715103149414 0
9000 True 0 0.003642559051513672 0
9100 True 0 0.0029506683349609375 0
9200 True 0 0.0027778148651123047 0
9300 True 0 0.002727031707763672 0
9400 True 0 0.003450632095336914 0
9500 True 0 0.0029320716857910156 0
9600 True 0 0.002599000930786133 0
9700 True 0 0.0028450489044189453 0
9800 True 0 0.0028777122497558594 0
9900 True 0 0.002760171890258789 0
