0 True 0.0001678245185641495 0.003093719482421875 0
100 True 0.00017174821073268065 0.003474712371826172 0
200 True 0.0001700984822496479 0.002886056900024414 0
300 True 9.583333495629582e-05 0.003145456314086914 0
400 True 0.00014597841026517535 0.002589702606201172 0
500 True 0.00025355944047591306 0.0030710697174072266 0
600 True 0.0001657242442205207 0.0030739307403564453 0
700 True 0.00015738521769161719 0.0036780834197998047 0
800 True 0.00011833517124698363 0.0028891563415527344 0
900 True 2.4003569139516444e-05 0.003233671188354492 0
1000 True 8.25014525423864e-05 0.002590179443359375 0
1100 True 0.00020482947376577147 0.0033750534057617188 0
1200 True 6.593541505979958e-05 0.0027740001678466797 0
1300 True 0.00016281129334160452 0.0026810169219970703 0
1400 True 0.00019567212505447308 0.010284900665283203 0
1500 True 1.8701563049068306e-05 0.002791881561279297 0
1600 True 0.00011771256178143483 0.0022258758544921875 0
1700 True 0.00019087648770331817 0.0024766921997070312 0
1800 True 9.466482831044476e-05 0.0026924610137939453 0
1900 True 0.0001355055867662964 0.002550363540649414 0
2000 True 0.000139735413467803 0.0026993751525878906 0
2100 True 0.00017649768667377493 0.0025081634521484375 0
2200 True 0.000125672542808313 0.002504110336303711 0
2300 True 0.00018599745773616543 0.00255584716796875 0
2400 True 0.0001191777411843687 0.002714395523071289 0
2500 True 0.0001292046240157264 0.0026493072509765625 0
2600 True 0.0002181895805710282 0.0033369064331054688 0
2700 True 0.00010241100869211622 0.002758026123046875 0
2800 True 0.00011887980642035166 0.002507448196411133 0
2900 True 0.00011048946144101575 0.003495454788208008 0
3000 True 0.0001239843143145327 0.0029456615447998047 0
3100 True 5.219843455278095e-05 0.0028192996978759766 0
3200 True 0.0002133717228305087 0.0030670166015625 0
3300 True 0.00011581323403924894 0.003068208694458008 0
3400 True 0.00021029833949786944 0.0025887489318847656 0
3500 True 0.0002234489043710401 0.0026259422302246094 0
3600 True 0.00019242545561711712 0.0031075477600097656 0
3700 True 0.0001902610418152329 0.0025489330291748047 0
3800 True 0.00011153048840093293 0.002899646759033203 0
3900 True 0.00015545506651816777 0.0031468868255615234 0
4000 True 7.633433305493272e-05 0.002933025360107422 0
4100 True 0.00013297514802571784 0.0025916099548339844 0
4200 True 0.0001704557547820731 0.002367734909057617 0
4300 True 7.058003758685358e-05 0.002854585647583008 0
4400 True 3.989970350202702e-05 0.002650022506713867 0
4500 True 2.1494975166574083e-06 0.0028252601623535156 0
4600 True 0.0002768043005504919 0.002504110336303711 0
4700 True 0.0001640046010975563 0.0029211044311523438 0
4800 True 0.00019293736129666534 0.0027954578399658203 0
4900 True 0.00011962374981771808 0.0024900436401367188 0
5000 True 0.00017139600134959636 0.0023910999298095703 0
5100 True 0.00013878740550762086 0.0026025772094726562 0
5200 True 0.00011335513533797646 0.0025005340576171875 0
5300 True 0.0001901643768695303 0.002468109130859375 0
5400 True 0.00020586274292585936 0.003808259963989258 0
5500 True 0.00026890607288693685 0.0026009082794189453 0
5600 True 1.4325364087782517e-05 0.0021734237670898438 0
5700 True 0.00018665878166641706 0.0032727718353271484 0
5800 True 0.0001316745910576804 0.0024268627166748047 0
5900 True 0.0002341278785960507 0.0024993419647216797 0
6000 True 0.0001126392499292841 0.0023000240325927734 0
6100 True 0.00026730997701631195 0.0027565956115722656 0
6200 True 0.00021569941163092715 0.002145051956176758 0
6300 True 0.00018739119542874938 0.0029196739196777344 0
6400 True 7.273868185669259e-05 0.002318143844604492 0
6500 True 0.0002459657019750305 0.002438783645629883 0
6600 True 0.00014791867368851768 0.0028862953186035156 0
6700 True 0.00012677623530281613 0.0027871131896972656 0
6800 True 0.00018839628834987253 0.0025691986083984375 0
6900 True 0.00016810647805735985 0.0029740333557128906 0
7000 True 0.00014935632669521516 0.002917051315307617 0
7100 True 0.00012334440724671032 0.002437114715576172 0
7200 True 0.00013345911044760378 0.0023865699768066406 0
7300 True 0.00011996683091326808 0.002840280532836914 0
7400 True 0.00014942457618589308 0.0030450820922851562 0
7500 True 0.0001894543861856129 0.0026938915252685547 0
7600 True 0.00016918421053793427 0.0027282238006591797 0
7700 True 0.00014936184708421187 0.002466917037963867 0
7800 True 9.068719971199964e-05 0.002736806869506836 0
7900 True 8.70512025046532e-05 0.0029754638671875 0
8000 True 0.0001485517269317623 0.0027692317962646484 0
8100 True 0.00014518206768257148 0.0024356842041015625 0
8200 True 0.00018007587227691034 0.002732515335083008 0
8300 True 0.00029087047767754583 0.002396821975708008 0
8400 True 0.00017311485708952916 0.002414226531982422 0
8500 True 0.0003184465036479254 0.0029213428497314453 0
8600 True 0.00017950231534850255 0.003029346466064453 0
8700 True 0.00012434080882667368 0.0028204917907714844 0
8800 True 0.0003065292825029196 0.003276824951171875 0
8900 True 0.00018184346947398085 0.0028972625732421875 0
9000 True 0.00020883176009914563 0.0021102428436279297 0
9100 True 0.00027532908554636035 0.003566265106201172 0
9200 True 0.0001969199755229465 0.003247499465942383 0
9300 True 0.00021040579068125177 0.002560853958129883 0
9400 True 0.00012312178319804823 0.0030727386474609375 0
9500 True 6.91999278784891e-05 0.002869844436645508 0
9600 True 0.00016010062395425715 0.002476930618286133 0
9700 True 2.875760349172866e-05 0.0027620792388916016 0
9800 True 9.706944796802378e-05 0.002829313278198242 0
9900 True 0.0001567666239962185 0.0023810863494873047 0
