0 True 0 0.002768993377685547 0
100 True 0 0.0027387142181396484 0
200 True 0 0.0025751590728759766 0
300 True 0 0.0023217201232910156 0
400 True 0 0.0037491321563720703 0
500 True 0 0.0027418136596679688 0
600 True 0 0.0027740001678466797 0
700 True 0 0.0028336048126220703 0
800 True 0 0.0024890899658203125 0
900 False 0 0.0 0
1000 True 0 0.0024955272674560547 0
1100 True 0 0.0028581619262695312 0
1200 True 0 0.003098726272583008 0
1300 True 0 0.0031554698944091797 0
1400 True 0 0.002987384796142578 0
1500 True 0 0.0025534629821777344 0
1600 True 0 0.0029599666595458984 0
1700 True 0 0.0027060508728027344 0
1800 True 0 0.002524852752685547 0
1900 True 0 0.003998756408691406 0
2000 True 0 0.002493143081665039 0
2100 True 0 0.002498626708984375 0
2200 True 0 0.0021698474884033203 0
2300 True 0 0.002601146697998047 0
2400 True 0 0.002767801284790039 0
2500 True 0 0.002549409866333008 0
2600 True 0 0.0023164749145507812 0
2700 True 0 0.003083944320678711 0
2800 True 0 0.0026230812072753906 0
2900 True 0 0.0032684803009033203 0
3000 True 0 0.0030274391174316406 0
3100 True 0 0.0025627613067626953 0
3200 True 0 0.0023734569549560547 0
3300 True 0 0.002208709716796875 0
3400 True 0 0.0026121139526367188 0
3500 True 0 0.002986907958984375 0
3600 True 0 0.002930879592895508 0
3700 True 0 0.002590179443359375 0
3800 True 0 0.002213716506958008 0
3900 True 0 0.002058267593383789 0
4000 True 0 0.002531766891479492 0
4100 True 0 0.0025718212127685547 0
4200 True 0 0.002798318862915039 0
4300 True 0 0.011803627014160156 0
4400 True 0 0.004530668258666992 0
4500 True 0 0.003173351287841797 0
4600 True 0 0.002171754837036133 0
4700 True 0 0.003081798553466797 0
4800 True 0 0.002226114273071289 0
4900 True 0 0.0030112266540527344 0
5000 True 0 0.003057241439819336 0
5100 True 0 0.003032684326171875 0
5200 True 0 0.0025453567504882812 0
5300 True 0 0.003080129623413086 0
5400 True 0 0.0028228759765625 0
5500 True 0 0.0029799938201904297 0
5600 True 0 0.0029027462005615234 0
5700 True 0 0.0023849010467529297 0
5800 True 0 0.002180337905883789 0
5900 True 0 0.002640962600708008 0
6000 True 0 0.002875089645385742 0
6100 True 0 0.002470254898071289 0
6200 True 0 0.002033710479736328 0
6300 True 0 0.002389192581176758 0
6400 True 0 0.0023059844970703125 0
6500 True 0 0.002459287643432617 0
6600 True 0 0.003751039505004883 0
6700 True 0 0.0027725696563720703 0
6800 True 0 0.00246429443359375 0
6900 True 0 0.0027544498443603516 0
7000 True 0 0.0025243759155273438 0
7100 True 0 0.0024106502532958984 0
7200 True 0 0.0030176639556884766 0
7300 True 0 0.0025250911712646484 0
7400 True 0 0.0024938583374023438 0
7500 True 0 0.0033054351806640625 0
7600 True 0 0.0027968883514404297 0
7700 True 0 0.0028798580169677734 0
7800 True 0 0.0030591487884521484 0
7900 True 0 0.0029370784759521484 0
8000 True 0 0.0025243759155273438 0
8100 True 0 0.0028133392333984375 0
8200 True 0 0.003170013427734375 0
8300 True 0 0.0028409957885742188 0
8400 True 0 0.003022432327270508 0
8500 True 0 0.0028641223907470703 0
8600 True 0 0.007733345031738281 0
8700 True 0 0.0028450489044189453 0
8800 True 0 0.003001689910888672 0
8900 True 0 0.002561330795288086 0
9000 True 0 0.0026166439056396484 0
9100 True 0 0.0029811859130859375 0
9200 True 0 0.0023293495178222656 0
9300 True 0 0.002567291259765625 0
9400 True 0 0.002512693405151367 0
9500 True 0 0.0026946067810058594 0
9600 True 0 0.0027163028717041016 0
9700 True 0 0.003645181655883789 0
9800 True 0 0.0025272369384765625 0
9900 True 0 0.0025224685668945312 0
