0 True 0 0.0033087730407714844 0
100 True 0 0.0024476051330566406 0
200 True 0 0.003456592559814453 0
300 True 0 0.003152132034301758 0
400 True 0 0.00252532958984375 0
500 True 0 0.0025985240936279297 0
600 True 0 0.002845287322998047 0
700 True 0 0.0032339096069335938 0
800 True 0 0.002870798110961914 0
900 True 0 0.002878427505493164 0
1000 True 0 0.0027189254760742188 0
1100 True 0 0.002614259719848633 0
1200 True 0 0.00397181510925293 0
1300 True 0 0.0035026073455810547 0
1400 True 0 0.0027437210083007812 0
1500 False 0 0.0 0
1600 True 0 0.003381967544555664 0
1700 True 0 0.0031087398529052734 0
1800 True 0 0.0026056766510009766 0
1900 True 0 0.003203868865966797 0
2000 True 0 0.003042936325073242 0
2100 True 0 0.0026373863220214844 0
2200 True 0 0.0029113292694091797 0
2300 True 0 0.0031087398529052734 0
2400 True 0 0.002577066421508789 0
2500 True 0 0.0028009414672851562 0
2600 True 0 0.002950906753540039 0
2700 True 0 0.002554178237915039 0
2800 True 0 0.0026426315307617188 0
2900 True 0 0.003253459930419922 0
3000 True 0 0.0028917789459228516 0
3100 True 0 0.002480745315551758 0
3200 True 0 0.0026328563690185547 0
3300 True 0 0.0029511451721191406 0
3400 True 0 0.0024449825286865234 0
3500 True 0 0.0027823448181152344 0
3600 True 0 0.002567768096923828 0
3700 True 0 0.0025818347930908203 0
3800 True 0 0.0027196407318115234 0
3900 True 0 0.002593994140625 0
4000 True 0 0.0024831295013427734 0
4100 True 0 0.0033681392669677734 0
4200 True 0 0.0025110244750976562 0
4300 False 0 0.0 0
4400 True 0 0.0021209716796875 0
4500 False 0 0.0 0
4600 True 0 0.0023598670959472656 0
4700 True 0 0.0031511783599853516 0
4800 True 0 0.0028688907623291016 0
4900 True 0 0.0028023719787597656 0
5000 True 0 0.0029973983764648438 0
5100 True 0 0.0025446414947509766 0
5200 True 0 0.003175020217895508 0
5300 True 0 0.0028886795043945312 0
5400 True 0 0.002544879913330078 0
5500 True 0 0.0034453868865966797 0
5600 False 0 0.0 0
5700 True 0 0.0027005672454833984 0
5800 True 0 0.0021648406982421875 0
5900 True 0 0.0027375221252441406 0
6000 True 0 0.002426624298095703 0
6100 True 0 0.00305938720703125 0
6200 True 0 0.0027153491973876953 0
6300 True 0 0.0028443336486816406 0
6400 True 0 0.0025827884674072266 0
6500 True 0 0.002821207046508789 0
6600 True 0 0.0031838417053222656 0
6700 True 0 0.002702951431274414 0
6800 True 0 0.002593994140625 0
6900 True 0 0.0023152828216552734 0
7000 True 0 0.002266407012939453 0
7100 True 0 0.0023865699768066406 0
7200 True 0 0.002766132354736328 0
7300 True 0 0.0028650760650634766 0
7400 True 0 0.002629995346069336 0
7500 True 0 0.0033605098724365234 0
7600 True 0 0.0029053688049316406 0
7700 True 0 0.002627134323120117 0
7800 True 0 0.0027964115142822266 0
7900 True 0 0.0028896331787109375 0
8000 True 0 0.003086090087890625 0
8100 True 0 0.0029325485229492188 0
8200 True 0 0.0027027130126953125 0
8300 True 0 0.002911806106567383 0
8400 True 0 0.003069639205932617 0
8500 True 0 0.0029439926147460938 0
8600 True 0 0.0028257369995117188 0
8700 True 0 0.002234935760498047 0
8800 True 0 0.002822399139404297 0
8900 True 0 0.002625703811645508 0
9000 True 0 0.002825021743774414 0
9100 True 0 0.002968311309814453 0
9200 True 0 0.0025467872619628906 0
9300 True 0 0.003133535385131836 0
9400 True 0 0.0028438568115234375 0
9500 True 0 0.0027947425842285156 0
9600 True 0 0.00365447998046875 0
9700 False 0 0.0 0
9800 True 0 0.0034418106079101562 0
9900 True 0 0.002532958984375 0
