0 True 0.00023978725511158207 0.0035965442657470703 0
100 True 0.00022906088989791507 0.002420663833618164 0
200 True 0.00012213987133498442 0.002774953842163086 0
300 True 0.00015036647101256218 0.003034353256225586 0
400 True 7.104716265803762e-05 0.0032427310943603516 0
500 True 0.00021117631770274216 0.0034627914428710938 0
600 True 0.00020610273837362017 0.003080606460571289 0
700 True 0.00015031562600841103 0.003299713134765625 0
800 True 0.00011959248047887818 0.003131389617919922 0
900 False 0.0 0.0 0
1000 True 0.00012455651372184282 0.002707958221435547 0
1100 True 0.00021964593483605752 0.0029730796813964844 0
1200 True 8.556699895338858e-05 0.0029273033142089844 0
1300 True 0.0003018022581684742 0.0022542476654052734 0
1400 True 0.00014560383405925982 0.0031061172485351562 0
1500 True 3.98813607215154e-05 0.00783848762512207 0
1600 True 0.00018403487872752124 0.0070950984954833984 0
1700 True 0.00016933366795690726 0.002740621566772461 0
1800 True 0.00011109024944931087 0.002396821975708008 0
1900 True 0.00011235592785446546 0.003663301467895508 0
2000 True 0.0001478656435180323 0.0027065277099609375 0
2100 True 0.0002102043500026008 0.0023682117462158203 0
2200 True 0.00016730526407274116 0.0025177001953125 0
2300 True 0.00024113996547468514 0.0023925304412841797 0
2400 True 0.0001292522215834778 0.0031480789184570312 0
2500 True 0.00015370189554966655 0.00469970703125 0
2600 True 0.0001589036185991063 0.0027959346771240234 0
2700 True 0.00011816146803324452 0.0022656917572021484 0
2800 True 0.0001421396472785441 0.0022134780883789062 0
2900 True 9.486510904237781e-05 0.0023109912872314453 0
3000 True 0.00011267225091408958 0.0035779476165771484 0
3100 True 0.00014955996970029436 0.0025560855865478516 0
3200 True 0.0001669542652046918 0.002765178680419922 0
3300 True 0.00017659024043599378 0.0027632713317871094 0
3400 True 0.0003018359274771924 0.0030965805053710938 0
3500 True 0.0002851140460169736 0.008195638656616211 0
3600 True 9.124824876850783e-05 0.0034317970275878906 0
3700 True 0.00020754188593800945 0.0030395984649658203 0
3800 True 0.00011891375338418634 0.0026938915252685547 0
3900 True 0.0001603311386416547 0.0029282569885253906 0
4000 True 0.00012531269618188767 0.003144979476928711 0
4100 True 7.103016325673241e-05 0.0026988983154296875 0
4200 True 0.0002636126896605143 0.002988100051879883 0
4300 True 4.648682091762671e-05 0.0023984909057617188 0
4400 True 0.0001477791896802561 0.0023469924926757812 0
4500 True 1.2434534673480508e-05 0.002743959426879883 0
4600 True 0.0003777071040285629 0.0033643245697021484 0
4700 True 0.00017154339228209517 0.0021626949310302734 0
4800 True 0.00026012310223018413 0.002515554428100586 0
4900 True 0.0001851408935440446 0.0023026466369628906 0
5000 True 0.0002674405029701883 0.0025484561920166016 0
5100 True 0.00013371214751194715 0.0029404163360595703 0
5200 True 0.00025734511216745504 0.002917766571044922 0
5300 True 0.00016374570578708733 0.0020117759704589844 0
5400 True 0.0002257925316502145 0.002458810806274414 0
5500 True 0.00021108090778589349 0.002339601516723633 0
5600 True 5.55232764821678e-05 0.0031757354736328125 0
5700 True 0.00023257639137278164 0.0035605430603027344 0
5800 True 0.00010675141102856865 0.003107786178588867 0
5900 True 0.0002732336136009725 0.0025467872619628906 0
6000 True 0.00019061964008577168 0.0024657249450683594 0
6100 True 0.00024031161289353326 0.002847909927368164 0
6200 True 0.00018844619977576626 0.002543210983276367 0
6300 True 0.00027688911812550455 0.002701997756958008 0
6400 True 5.187279476457818e-05 0.0027844905853271484 0
6500 True 0.00023838053113621797 0.002603769302368164 0
6600 True 0.0004165534831796422 0.002932310104370117 0
6700 True 0.0002042110236943522 0.0030481815338134766 0
6800 True 0.00020261924893631247 0.0028960704803466797 0
6900 True 0.0001643928909341225 0.0021219253540039062 0
7000 True 0.00020463725569306606 0.0022668838500976562 0
7100 True 0.00019939753135777015 0.0024497509002685547 0
7200 True 9.785321969109575e-05 0.0025751590728759766 0
7300 True 0.00014851183140292276 0.0025844573974609375 0
7400 True 0.0002728461251462703 0.0024750232696533203 0
7500 True 0.00021988727699767883 0.0029113292694091797 0
7600 True 0.0002021476238337514 0.0029668807983398438 0
7700 True 0.0001675727426297054 0.0021390914916992188 0
7800 True 5.3468530989338596e-05 0.0024766921997070312 0
7900 True 5.8217754922177554e-05 0.002765655517578125 0
8000 True 0.00011648540444156785 0.0029735565185546875 0
8100 True 0.0001048507622803514 0.003083944320678711 0
8200 True 0.00013921615314117143 0.002891063690185547 0
8300 True 0.00023280478753961293 0.0021500587463378906 0
8400 True 0.00019754920937372597 0.0024089813232421875 0
8500 True 0.0003163646892045706 0.0021359920501708984 0
8600 True 0.00018276521976799296 0.0024118423461914062 0
8700 True 0.00017548982003755837 0.002511739730834961 0
8800 True 0.00041000309032944774 0.003097057342529297 0
8900 True 0.00017794723748960407 0.002851724624633789 0
9000 True 0.00020964720662601733 0.0024919509887695312 0
9100 True 0.00032616588752724544 0.003017425537109375 0
9200 True 0.00017990032106202623 0.0023310184478759766 0
9300 True 0.00028748735950410303 0.002200603485107422 0
9400 True 0.00010098545744862428 0.0029668807983398438 0
9500 True 0.00011532966654964428 0.002923727035522461 0
9600 True 0.00023835999453679645 0.003545045852661133 0
9700 True 9.459999764097967e-05 0.0031731128692626953 0
9800 True 0.0001788543074611726 0.002715587615966797 0
9900 True 0.00020952806447789064 0.002942800521850586 0
