0 True 0 0.019304990768432617 0
100 True 0 0.0030808448791503906 0
200 True 0 0.002409219741821289 0
300 True 0 0.0026013851165771484 0
400 True 0 0.0022268295288085938 0
500 True 0 0.0024116039276123047 0
600 True 0 0.0036902427673339844 0
700 True 0 0.0023627281188964844 0
800 True 0 0.003649473190307617 0
900 True 0 0.003129243850708008 0
1000 True 0 0.002888917922973633 0
1100 True 0 0.0027670860290527344 0
1200 True 0 0.002978086471557617 0
1300 True 0 0.0024330615997314453 0
1400 True 0 0.002683401107788086 0
1500 True 0 0.0027022361755371094 0
1600 True 0 0.0028727054595947266 0
1700 True 0 0.0023441314697265625 0
1800 True 0 0.0028679370880126953 0
1900 True 0 0.002786874771118164 0
2000 True 0 0.0028040409088134766 0
2100 True 0 0.002816438674926758 0
2200 True 0 0.002512216567993164 0
2300 True 0 0.002425670623779297 0
2400 True 0 0.0027801990509033203 0
2500 True 0 0.002655506134033203 0
2600 True 0 0.002302408218383789 0
2700 True 0 0.002744913101196289 0
2800 True 0 0.002699613571166992 0
2900 True 0 0.0033996105194091797 0
3000 True 0 0.0028820037841796875 0
3100 True 0 0.002636432647705078 0
3200 True 0 0.002117156982421875 0
3300 True 0 0.0027294158935546875 0
3400 True 0 0.002203226089477539 0
3500 True 0 0.0026693344116210938 0
3600 True 0 0.002384185791015625 0
3700 True 0 0.002544403076171875 0
3800 True 0 0.002476215362548828 0
3900 True 0 0.0028319358825683594 0
4000 True 0 0.0024716854095458984 0
4100 True 0 0.0025010108947753906 0
4200 True 0 0.002516031265258789 0
4300 True 0 0.002595663070678711 0
4400 True 0 0.002763032913208008 0
4500 True 0 0.003640890121459961 0
4600 True 0 0.003226757049560547 0
4700 True 0 0.002780437469482422 0
4800 True 0 0.0031197071075439453 0
4900 True 0 0.0027680397033691406 0
5000 True 0 0.0028009414672851562 0
5100 True 0 0.0028982162475585938 0
5200 True 0 0.002530813217163086 0
5300 True 0 0.0025522708892822266 0
5400 True 0 0.0025267601013183594 0
5500 True 0 0.002431154251098633 0
5600 False 0 0.0 0
5700 True 0 0.002477884292602539 0
5800 True 0 0.0023009777069091797 0
5900 True 0 0.002460002899169922 0
6000 True 0 0.002576589584350586 0
6100 True 0 0.0027878284454345703 0
6200 True 0 0.002828359603881836 0
6300 True 0 0.002225160598754883 0
6400 True 0 0.0021491050720214844 0
6500 True 0 0.002632617950439453 0
6600 True 0 0.0027701854705810547 0
6700 True 0 0.002384662628173828 0
6800 True 0 0.002760648727416992 0
6900 True 0 0.0026619434356689453 0
7000 True 0 0.0024826526641845703 0
7100 True 0 0.0027420520782470703 0
7200 True 0 0.003376007080078125 0
7300 True 0 0.003020048141479492 0
7400 True 0 0.0025110244750976562 0
7500 True 0 0.002859354019165039 0
7600 True 0 0.0026502609252929688 0
7700 True 0 0.0026276111602783203 0
7800 True 0 0.003197193145751953 0
7900 True 0 0.002624034881591797 0
8000 True 0 0.0027179718017578125 0
8100 True 0 0.002861499786376953 0
8200 True 0 0.002972126007080078 0
8300 True 0 0.0025386810302734375 0
8400 True 0 0.0029108524322509766 0
8500 True 0 0.002695322036743164 0
8600 True 0 0.003393888473510742 0
8700 True 0 0.002841472625732422 0
8800 True 0 0.0025086402893066406 0
8900 True 0 0.0024204254150390625 0
9000 True 0 0.0035858154296875 0
9100 True 0 0.003464221954345703 0
9200 True 0 0.002632617950439453 0
9300 True 0 0.0027930736541748047 0
9400 True 0 0.002816438674926758 0
9500 True 0 0.0026514530181884766 0
9600 True 0 0.0028581619262695312 0
9700 True 0 0.0025877952575683594 0
9800 True 0 0.0024366378784179688 0
9900 True 0 0.002437591552734375 0
