0 True 0 0.00765681266784668 0
100 True 0 0.004053592681884766 0
200 True 0 0.003966569900512695 0
300 True 0 0.003815174102783203 0
400 True 0 0.003969669342041016 0
500 True 0 0.004163980484008789 0
600 True 0 0.005236625671386719 0
700 True 0 0.003969430923461914 0
800 True 0 0.005506992340087891 0
900 True 0 0.004426240921020508 0
1000 True 0 0.004586696624755859 0
1100 True 0 0.0038633346557617188 0
1200 True 0 0.0038487911224365234 0
1300 True 0 0.005552768707275391 0
1400 True 0 0.0039348602294921875 0
1500 True 0 0.0033528804779052734 0
1600 True 0 0.003817319869995117 0
1700 True 0 0.003863096237182617 0
1800 True 0 0.004230499267578125 0
1900 True 0 0.004341840744018555 0
2000 True 0 0.003834247589111328 0
2100 True 0 0.003758668899536133 0
2200 True 0 0.0032074451446533203 0
2300 True 0 0.003114461898803711 0
2400 True 0 0.003945589065551758 0
2500 True 0 0.0038068294525146484 0
2600 True 0 0.003991127014160156 0
2700 True 0 0.003884553909301758 0
2800 True 0 0.004065513610839844 0
2900 True 0 0.00394129753112793 0
3000 True 0 0.0046885013580322266 0
3100 True 0 0.004349231719970703 0
3200 True 0 0.0039615631103515625 0
3300 True 0 0.003934383392333984 0
3400 True 0 0.003908395767211914 0
3500 True 0 0.003998994827270508 0
3600 True 0 0.0037856101989746094 0
3700 True 0 0.003880739212036133 0
3800 True 0 0.0058689117431640625 0
3900 True 0 0.003882884979248047 0
4000 True 0 0.004442453384399414 0
4100 True 0 0.0042266845703125 0
4200 True 0 0.0042073726654052734 0
4300 True 0 0.00376129150390625 0
4400 True 0 0.0039768218994140625 0
4500 True 0 0.006665706634521484 0
4600 True 0 0.003857135772705078 0
4700 True 0 0.0050067901611328125 0
4800 True 0 0.005572080612182617 0
4900 True 0 0.0037937164306640625 0
5000 True 0 0.004173755645751953 0
5100 True 0 0.0031719207763671875 0
5200 True 0 0.00431513786315918 0
5300 True 0 0.0039081573486328125 0
5400 True 0 0.003932952880859375 0
5500 True 0 0.0038499832153320312 0
5600 True 0 0.0037856101989746094 0
5700 True 0 0.004370689392089844 0
5800 True 0 0.0033376216888427734 0
5900 True 0 0.007589101791381836 0
6000 True 0 0.004397392272949219 0
6100 True 0 0.004357576370239258 0
6200 True 0 0.004971027374267578 0
6300 True 0 0.006364583969116211 0
6400 True 0 0.008971452713012695 0
6500 True 0 0.0075871944427490234 0
6600 True 0 0.004191398620605469 0
6700 True 0 0.004309415817260742 0
6800 True 0 0.0042591094970703125 0
6900 True 0 0.004827022552490234 0
7000 True 0 0.00515437126159668 0
7100 True 0 0.00429987907409668 0
7200 True 0 0.004737377166748047 0
7300 True 0 0.005457162857055664 0
7400 True 0 0.005056142807006836 0
7500 True 0 0.009366750717163086 0
7600 True 0 0.0055005550384521484 0
7700 True 0 0.0037889480590820312 0
7800 True 0 0.004509925842285156 0
7900 True 0 0.0068395137786865234 0
8000 True 0 0.005098581314086914 0
8100 True 0 0.008162975311279297 0
8200 True 0 0.008091211318969727 0
8300 True 0 0.005224466323852539 0
8400 True 0 0.003906726837158203 0
8500 True 0 0.0041179656982421875 0
8600 True 0 0.004168033599853516 0
8700 True 0 0.004178285598754883 0
8800 True 0 0.004354238510131836 0
8900 True 0 0.0040743350982666016 0
9000 True 0 0.0040018558502197266 0
9100 True 0 0.003958702087402344 0
9200 True 0 0.004415988922119141 0
9300 True 0 0.0034978389739990234 0
9400 True 0 0.0059778690338134766 0
9500 True 0 0.0073261260986328125 0
9600 True 0 0.007328033447265625 0
9700 True 0 0.007842063903808594 0
9800 True 0 0.0073986053466796875 0
9900 True 0 0.007544040679931641 0
