0 True 0 0.0061719417572021484 0
100 True 0 0.003387928009033203 0
200 True 0 0.003947734832763672 0
300 True 0 0.004454135894775391 0
400 True 0 0.003515005111694336 0
500 True 0 0.0038254261016845703 0
600 True 0 0.0043179988861083984 0
700 True 0 0.0046787261962890625 0
800 True 0 0.003551483154296875 0
900 True 0 0.0047664642333984375 0
1000 True 0 0.00412440299987793 0
1100 True 0 0.0037736892700195312 0
1200 True 0 0.003656625747680664 0
1300 True 0 0.003730297088623047 0
1400 True 0 0.004050731658935547 0
1500 True 0 0.0039556026458740234 0
1600 True 0 0.003854036331176758 0
1700 True 0 0.00446319580078125 0
1800 True 0 0.004178047180175781 0
1900 True 0 0.0037641525268554688 0
2000 True 0 0.004266023635864258 0
2100 True 0 0.003503084182739258 0
2200 True 0 0.0038797855377197266 0
2300 True 0 0.0036530494689941406 0
2400 True 0 0.0036902427673339844 0
2500 True 0 0.004158735275268555 0
2600 True 0 0.004171133041381836 0
2700 True 0 0.008586406707763672 0
2800 True 0 0.004465818405151367 0
2900 True 0 0.00396418571472168 0
3000 True 0 0.0038576126098632812 0
3100 True 0 0.0036897659301757812 0
3200 True 0 0.003826618194580078 0
3300 True 0 0.003159046173095703 0
3400 True 0 0.0040283203125 0
3500 True 0 0.0038604736328125 0
3600 True 0 0.003543376922607422 0
3700 True 0 0.0036163330078125 0
3800 True 0 0.004029273986816406 0
3900 True 0 0.003910541534423828 0
4000 True 0 0.004299163818359375 0
4100 True 0 0.003962993621826172 0
4200 True 0 0.003994941711425781 0
4300 True 0 0.0036885738372802734 0
4400 True 0 0.0033211708068847656 0
4500 True 0 0.0034711360931396484 0
4600 True 0 0.0034613609313964844 0
4700 True 0 0.0037145614624023438 0
4800 True 0 0.0034151077270507812 0
4900 True 0 0.0034775733947753906 0
5000 True 0 0.0038619041442871094 0
5100 True 0 0.0036830902099609375 0
5200 True 0 0.0033228397369384766 0
5300 True 0 0.003954172134399414 0
5400 True 0 0.0033218860626220703 0
5500 True 0 0.0031173229217529297 0
5600 True 0 0.0035135746002197266 0
5700 True 0 0.003402233123779297 0
5800 True 0 0.0032634735107421875 0
5900 True 0 0.0036966800689697266 0
6000 True 0 0.00487971305847168 0
6100 True 0 0.004136562347412109 0
6200 True 0 0.003699064254760742 0
6300 True 0 0.003846406936645508 0
6400 True 0 0.0035860538482666016 0
6500 True 0 0.004145622253417969 0
6600 True 0 0.0035660266876220703 0
6700 True 0 0.003758668899536133 0
6800 True 0 0.004931926727294922 0
6900 True 0 0.0038385391235351562 0
7000 True 0 0.0038275718688964844 0
7100 True 0 0.0037772655487060547 0
7200 True 0 0.003302335739135742 0
7300 True 0 0.003178834915161133 0
7400 True 0 0.003289461135864258 0
7500 True 0 0.0036623477935791016 0
7600 True 0 0.0032596588134765625 0
7700 True 0 0.003094196319580078 0
7800 True 0 0.0035996437072753906 0
7900 True 0 0.003381013870239258 0
8000 True 0 0.0032355785369873047 0
8100 True 0 0.0035359859466552734 0
8200 True 0 0.003911733627319336 0
8300 True 0 0.0033750534057617188 0
8400 True 0 0.003851175308227539 0
8500 True 0 0.0039560794830322266 0
8600 True 0 0.003740549087524414 0
8700 True 0 0.0038061141967773438 0
8800 True 0 0.0031044483184814453 0
8900 True 0 0.003064870834350586 0
9000 True 0 0.004197120666503906 0
9100 True 0 0.0040743350982666016 0
9200 True 0 0.004502534866333008 0
9300 True 0 0.004806041717529297 0
9400 True 0 0.00741124153137207 0
9500 True 0 0.005385875701904297 0
9600 True 0 0.004926443099975586 0
9700 True 0 0.004202365875244141 0
9800 True 0 0.0037889480590820312 0
9900 True 0 0.0037615299224853516 0
