0 True 0 0.008139371871948242 0
100 True 0 0.003553628921508789 0
200 True 0 0.0037260055541992188 0
300 True 0 0.003934383392333984 0
400 True 0 0.003777027130126953 0
500 True 0 0.003780841827392578 0
600 True 0 0.003874063491821289 0
700 True 0 0.004143714904785156 0
800 True 0 0.0039403438568115234 0
900 True 0 0.004244089126586914 0
1000 True 0 0.004167318344116211 0
1100 True 0 0.004014015197753906 0
1200 True 0 0.0031881332397460938 0
1300 True 0 0.005422830581665039 0
1400 True 0 0.0050814151763916016 0
1500 True 0 0.00337982177734375 0
1600 True 0 0.003858804702758789 0
1700 True 0 0.0037300586700439453 0
1800 True 0 0.004142045974731445 0
1900 True 0 0.0040590763092041016 0
2000 True 0 0.0035779476165771484 0
2100 True 0 0.003095388412475586 0
2200 True 0 0.003339052200317383 0
2300 True 0 0.006293058395385742 0
2400 True 0 0.004457712173461914 0
2500 True 0 0.008165121078491211 0
2600 True 0 0.005743980407714844 0
2700 True 0 0.007508754730224609 0
2800 True 0 0.0051343441009521484 0
2900 True 0 0.003935337066650391 0
3000 True 0 0.003961086273193359 0
3100 True 0 0.003968954086303711 0
3200 True 0 0.0038225650787353516 0
3300 True 0 0.003989696502685547 0
3400 True 0 0.0036618709564208984 0
3500 True 0 0.0040094852447509766 0
3600 True 0 0.004368305206298828 0
3700 True 0 0.003853321075439453 0
3800 True 0 0.004744529724121094 0
3900 True 0 0.0046694278717041016 0
4000 True 0 0.0038154125213623047 0
4100 True 0 0.004014015197753906 0
4200 True 0 0.003917694091796875 0
4300 True 0 0.004868745803833008 0
4400 True 0 0.0051479339599609375 0
4500 False 0 0.0 0
4600 True 0 0.003937244415283203 0
4700 True 0 0.004010677337646484 0
4800 True 0 0.004462718963623047 0
4900 True 0 0.003945827484130859 0
5000 True 0 0.004127979278564453 0
5100 True 0 0.0037729740142822266 0
5200 True 0 0.004110097885131836 0
5300 True 0 0.0038938522338867188 0
5400 True 0 0.004164695739746094 0
5500 True 0 0.004141330718994141 0
5600 True 0 0.0038673877716064453 0
5700 True 0 0.004140138626098633 0
5800 True 0 0.004068613052368164 0
5900 True 0 0.0034368038177490234 0
6000 True 0 0.003615140914916992 0
6100 True 0 0.00532841682434082 0
6200 True 0 0.006322145462036133 0
6300 True 0 0.00848698616027832 0
6400 True 0 0.006730794906616211 0
6500 True 0 0.004806995391845703 0
6600 True 0 0.005133628845214844 0
6700 True 0 0.004529714584350586 0
6800 True 0 0.0042073726654052734 0
6900 True 0 0.0039825439453125 0
7000 True 0 0.004306793212890625 0
7100 True 0 0.0038840770721435547 0
7200 True 0 0.0038924217224121094 0
7300 True 0 0.005056619644165039 0
7400 True 0 0.003816366195678711 0
7500 True 0 0.006310224533081055 0
7600 True 0 0.00470733642578125 0
7700 True 0 0.003776073455810547 0
7800 True 0 0.0040929317474365234 0
7900 True 0 0.0038967132568359375 0
8000 True 0 0.0039017200469970703 0
8100 True 0 0.003920078277587891 0
8200 True 0 0.003953218460083008 0
8300 True 0 0.004977226257324219 0
8400 True 0 0.0038688182830810547 0
8500 True 0 0.0038328170776367188 0
8600 True 0 0.003902912139892578 0
8700 True 0 0.0034170150756835938 0
8800 True 0 0.004024028778076172 0
8900 True 0 0.0039272308349609375 0
9000 True 0 0.0038242340087890625 0
9100 True 0 0.0037708282470703125 0
9200 True 0 0.0038499832153320312 0
9300 True 0 0.0033502578735351562 0
9400 True 0 0.003972053527832031 0
9500 True 0 0.004134178161621094 0
9600 True 0 0.00463414192199707 0
9700 True 0 0.005586385726928711 0
9800 True 0 0.007936716079711914 0
9900 True 0 0.008791446685791016 0
