0 True 3.7694505714677435e-06 0.008347749710083008 0
100 True 8.528159686646551e-06 0.003936290740966797 0
200 True 2.9581220125934096e-06 0.003728628158569336 0
300 True 3.2058651748673594e-06 0.0043299198150634766 0
400 True 3.8080209876709473e-06 0.004410505294799805 0
500 True 7.846359736427076e-06 0.004374504089355469 0
600 True 3.925911666348424e-06 0.00694584846496582 0
700 True 1.6793697277069732e-06 0.0038220882415771484 0
800 True 2.192507002576906e-06 0.0038175582885742188 0
900 True 1.121243952954083e-06 0.004528999328613281 0
1000 True 2.096269000429351e-06 0.003666400909423828 0
1100 True 2.377069044882184e-06 0.005032539367675781 0
1200 True 1.7350973710035182e-06 0.0056421756744384766 0
1300 True 4.422022103499727e-06 0.005506038665771484 0
1400 True 2.044013004901505e-06 0.00688481330871582 0
1500 True 2.975995971198952e-07 0.008528470993041992 0
1600 True 1.586687083663603e-06 0.004086732864379883 0
1700 True 3.4688790931888822e-06 0.0053980350494384766 0
1800 True 5.267291044957366e-06 0.0038764476776123047 0
1900 True 1.13723763091888e-06 0.0041768550872802734 0
2000 True 4.557085823854104e-06 0.0049877166748046875 0
2100 True 3.351213345681567e-06 0.005345821380615234 0
2200 True 5.089174889811757e-06 0.0055277347564697266 0
2300 True 4.070649803944274e-06 0.0037229061126708984 0
2400 True 4.12793753363804e-06 0.0036771297454833984 0
2500 True 5.548968845443115e-06 0.004605293273925781 0
2600 True 4.5407938206469644e-06 0.003943443298339844 0
2700 True 1.9746241771214857e-06 0.003862142562866211 0
2800 True 3.3446802881047665e-06 0.0037758350372314453 0
2900 True 3.223692716877252e-06 0.003281116485595703 0
3000 True 1.0924577070130309e-06 0.004035472869873047 0
3100 True 2.0810883583122724e-06 0.0039136409759521484 0
3200 True 3.7892470731214697e-06 0.0048367977142333984 0
3300 True 4.404125139463068e-06 0.004764080047607422 0
3400 True 3.4629599681995798e-06 0.005090475082397461 0
3500 True 5.6675387239481224e-06 0.004752397537231445 0
3600 True 3.126449436973781e-06 0.005191802978515625 0
3700 True 5.6014649178311335e-06 0.004168033599853516 0
3800 True 2.2029161695644143e-06 0.0039577484130859375 0
3900 True 2.0448856856528788e-06 0.003795623779296875 0
4000 True 1.3831335597552195e-06 0.003766775131225586 0
4100 True 2.6224120898992985e-06 0.003972530364990234 0
4200 True 4.827902584172875e-06 0.003833293914794922 0
4300 True 6.413592091422949e-08 0.003988981246948242 0
4400 True 1.924368416428185e-06 0.004064321517944336 0
4500 False 0.0 0.0 0
4600 True 6.468603230188696e-06 0.00416254997253418 0
4700 True 1.6539262074608076e-06 0.003876209259033203 0
4800 True 3.7068571999084893e-06 0.0038127899169921875 0
4900 True 1.396868319745407e-06 0.004117250442504883 0
5000 True 6.530539706541143e-06 0.0037641525268554688 0
5100 True 2.4106100896460463e-06 0.003812074661254883 0
5200 True 4.022800096636378e-06 0.0038547515869140625 0
5300 True 2.5616482448370145e-06 0.003834962844848633 0
5400 True 4.5374082714458985e-06 0.0037164688110351562 0
5500 True 8.185384819323068e-06 0.0032563209533691406 0
5600 True 2.9898815953875017e-07 0.0037419795989990234 0
5700 True 3.650491806896233e-06 0.004010200500488281 0
5800 True 2.351435672444888e-06 0.0041370391845703125 0
5900 True 4.457393915166513e-06 0.003785371780395508 0
6000 True 2.6313573692160385e-06 0.004096269607543945 0
6100 True 5.158718776860745e-06 0.0037689208984375 0
6200 True 1.8764154860023626e-06 0.0055501461029052734 0
6300 True 5.51383194212929e-06 0.006438493728637695 0
6400 True 2.4486707791196603e-06 0.00592803955078125 0
6500 True 5.14620782537773e-06 0.00772404670715332 0
6600 True 3.7442003334425594e-06 0.007833242416381836 0
6700 True 4.542792804300585e-06 0.004922151565551758 0
6800 True 7.77432813423187e-06 0.0037872791290283203 0
6900 True 7.362399897439124e-06 0.0039520263671875 0
7000 True 2.9083382383118845e-06 0.006981611251831055 0
7100 True 1.0647172934768316e-06 0.003970623016357422 0
7200 True 1.5979640455178087e-06 0.006886720657348633 0
7300 True 1.904564433120198e-06 0.008441448211669922 0
7400 True 4.885908051056919e-06 0.0038886070251464844 0
7500 True 3.5454116483021395e-06 0.004173994064331055 0
7600 True 2.641131946878805e-06 0.004909515380859375 0
7700 True 2.2880069415892055e-06 0.0037488937377929688 0
7800 True 3.781259271889318e-06 0.005373954772949219 0
7900 True 1.4756239987568537e-06 0.004904270172119141 0
8000 True 3.0330222893212917e-06 0.004923582077026367 0
8100 True 1.2100760866869852e-06 0.005518674850463867 0
8200 True 4.500060175327552e-06 0.0037488937377929688 0
8300 True 5.330592366066979e-06 0.00484776496887207 0
8400 True 4.694940644117404e-06 0.003965616226196289 0
8500 True 4.40309974099439e-06 0.003767728805541992 0
8600 True 1.871544878084226e-06 0.00397801399230957 0
8700 True 3.0637634399867504e-06 0.003962516784667969 0
8800 True 8.434615934565134e-06 0.0037593841552734375 0
8900 True 4.011841954394096e-06 0.003899812698364258 0
9000 True 3.0452807359484287e-06 0.003513813018798828 0
9100 True 4.850856762630416e-06 0.0032339096069335938 0
9200 True 4.047123973973345e-06 0.003887653350830078 0
9300 True 5.473988662670638e-06 0.0043261051177978516 0
9400 True 1.3744975663296586e-06 0.00448155403137207 0
9500 True 2.0577766893293383e-06 0.004189491271972656 0
9600 True 6.740568484990141e-06 0.007844209671020508 0
9700 True 1.5278435908867249e-06 0.0046977996826171875 0
9800 True 2.840076968386109e-06 0.003793001174926758 0
9900 True 5.287096755224542e-06 0.00415349006652832 0
