0 True 2.355520670517322e-06 0.007763385772705078 0
100 True 3.3477684153287477e-06 0.003309965133666992 0
200 True 3.847958653225997e-06 0.0037431716918945312 0
300 True 1.406160758800088e-06 0.003390073776245117 0
400 True 1.9593078149725385e-06 0.003515005111694336 0
500 True 5.9216131284804154e-06 0.003371000289916992 0
600 True 3.328204318415559e-06 0.0033261775970458984 0
700 True 2.3766428984722495e-06 0.0033888816833496094 0
800 True 2.5495989117793687e-06 0.003262042999267578 0
900 True 3.0065217975436124e-07 0.003164529800415039 0
1000 True 2.1603037055823755e-06 0.0036780834197998047 0
1100 True 2.9564473641907104e-06 0.0035152435302734375 0
1200 True 1.3806820285039e-06 0.003893136978149414 0
1300 True 2.9210052581048723e-06 0.005202054977416992 0
1400 True 3.1206130040964004e-06 0.0038650035858154297 0
1500 True 3.317877428712878e-07 0.003238677978515625 0
1600 True 1.4575004171517753e-06 0.003744363784790039 0
1700 True 3.967890402602671e-06 0.003949642181396484 0
1800 True 2.013413891477856e-06 0.003560304641723633 0
1900 True 2.4350983984697633e-06 0.0037720203399658203 0
2000 True 2.5884495879412023e-06 0.0035817623138427734 0
2100 True 2.89582035392066e-06 0.004174470901489258 0
2200 True 2.6376039872241572e-06 0.003854036331176758 0
2300 True 3.760356446846271e-06 0.0036706924438476562 0
2400 True 2.3666764650662153e-06 0.0035195350646972656 0
2500 True 2.1970534558671702e-06 0.004022836685180664 0
2600 True 3.1982834123152236e-06 0.0038840770721435547 0
2700 True 1.8837768776242787e-06 0.003542661666870117 0
2800 True 2.5664611860681763e-06 0.004065990447998047 0
2900 True 3.1751153378357678e-06 0.004022359848022461 0
3000 True 1.7818711483473394e-06 0.003519296646118164 0
3100 True 1.6261747653903802e-07 0.004006385803222656 0
3200 True 2.863845024987045e-06 0.003915309906005859 0
3300 True 2.9233930125381678e-06 0.0040950775146484375 0
3400 True 2.78369718591909e-06 0.0035877227783203125 0
3500 True 4.034443456711679e-06 0.003380298614501953 0
3600 True 3.1685632248475073e-06 0.0033495426177978516 0
3700 True 4.302936453485935e-06 0.0035338401794433594 0
3800 True 2.1079326770475944e-06 0.0039522647857666016 0
3900 True 2.468428012048322e-06 0.0037190914154052734 0
4000 True 6.699992520974609e-07 0.003509044647216797 0
4100 True 1.6201222053955256e-07 0.0037364959716796875 0
4200 True 3.1369968139018313e-06 0.0036857128143310547 0
4300 True 8.324632406904963e-07 0.003598928451538086 0
4400 True 1.5483326685228616e-06 0.0038301944732666016 0
4500 True 8.124015517682615e-07 0.0033707618713378906 0
4600 True 5.357514646582244e-06 0.0035414695739746094 0
4700 True 2.820829784489791e-06 0.0035686492919921875 0
4800 True 2.7351130382214995e-06 0.0038826465606689453 0
4900 True 1.842579731265722e-06 0.0033218860626220703 0
5000 True 3.183339350716084e-06 0.003687143325805664 0
5100 True 2.6318287982211374e-06 0.003719329833984375 0
5200 True 2.579747135312896e-06 0.0036542415618896484 0
5300 True 3.1305342916839396e-06 0.0037605762481689453 0
5400 True 4.423134323895877e-06 0.00341796875 0
5500 True 4.6060326664097794e-06 0.0031888484954833984 0
5600 True 2.3783156019578743e-07 0.004225015640258789 0
5700 True 4.295287274259753e-06 0.003392934799194336 0
5800 True 2.3573699111923725e-06 0.0036225318908691406 0
5900 True 4.4677021507975975e-06 0.0036406517028808594 0
6000 True 2.8980258961116863e-06 0.003992795944213867 0
6100 True 4.669084732258342e-06 0.0035669803619384766 0
6200 True 3.822275608374653e-06 0.003574848175048828 0
6300 True 4.705313913100808e-06 0.004484891891479492 0
6400 True 1.1135215763519383e-06 0.003928661346435547 0
6500 True 3.56745035347741e-06 0.00412750244140625 0
6600 True 2.4879697754235786e-06 0.00404810905456543 0
6700 True 2.8780350060010206e-06 0.003671407699584961 0
6800 True 4.211421915041585e-06 0.003418445587158203 0
6900 True 3.697632760377777e-06 0.003333568572998047 0
7000 True 1.646777562151304e-06 0.003950834274291992 0
7100 True 1.3191724183760239e-06 0.003557443618774414 0
7200 True 1.2174477003851395e-06 0.003941059112548828 0
7300 True 2.487886064952347e-06 0.0038161277770996094 0
7400 True 3.0878384547284757e-06 0.00424504280090332 0
7500 True 2.8549404002568627e-06 0.003492593765258789 0
7600 True 2.357121987622966e-06 0.0038383007049560547 0
7700 True 2.0462022386733224e-06 0.0037178993225097656 0
7800 True 1.8469341448026455e-06 0.007524967193603516 0
7900 True 8.898647662170038e-07 0.004133701324462891 0
8000 True 4.433725881179438e-06 0.004332304000854492 0
8100 True 2.211329952926958e-06 0.003949165344238281 0
8200 True 4.469796566518067e-06 0.004225015640258789 0
8300 True 5.624860492014281e-06 0.00397801399230957 0
8400 True 4.476185895639941e-06 0.0033419132232666016 0
8500 True 5.273592035629281e-06 0.0035858154296875 0
8600 True 2.3638695821956124e-06 0.005715370178222656 0
8700 True 2.9261208170543747e-06 0.003793478012084961 0
8800 True 5.76970304504359e-06 0.003300189971923828 0
8900 True 3.4193713543610735e-06 0.0033447742462158203 0
9000 True 2.2754743969620705e-06 0.004544734954833984 0
9100 True 5.452925256710455e-06 0.004255056381225586 0
9200 True 3.611899786997823e-06 0.0037915706634521484 0
9300 True 3.470245406278664e-06 0.0041751861572265625 0
9400 True 3.1237430045529583e-06 0.0038938522338867188 0
9500 True 8.076051249325965e-07 0.0035812854766845703 0
9600 True 3.0144189252993802e-06 0.004095554351806641 0
9700 True 8.146349603256913e-07 0.00403141975402832 0
9800 True 1.7707377642441755e-06 0.0034406185150146484 0
9900 True 2.8774929186068105e-06 0.0034894943237304688 0
