0 True 0 0.009588956832885742 0
100 True 0 0.007418394088745117 0
200 True 0 0.007191658020019531 0
300 True 0 0.007366180419921875 0
400 True 0 0.007138252258300781 0
500 True 0 0.007310390472412109 0
600 True 0 0.0068476200103759766 0
700 True 0 0.006579399108886719 0
800 True 0 0.01103353500366211 0
900 True 0 0.011876583099365234 0
1000 True 0 0.011744976043701172 0
1100 True 0 0.011770486831665039 0
1200 True 0 0.011382341384887695 0
1300 True 0 0.008399724960327148 0
1400 True 0 0.0069408416748046875 0
1500 True 0 0.007892370223999023 0
1600 True 0 0.007127285003662109 0
1700 True 0 0.008681058883666992 0
1800 True 0 0.011605501174926758 0
1900 True 0 0.007078886032104492 0
2000 True 0 0.01141214370727539 0
2100 True 0 0.008461475372314453 0
2200 True 0 0.007226228713989258 0
2300 True 0 0.007300615310668945 0
2400 True 0 0.007193326950073242 0
2500 True 0 0.008903741836547852 0
2600 True 0 0.008500099182128906 0
2700 True 0 0.008475303649902344 0
2800 True 0 0.007178068161010742 0
2900 True 0 0.007013082504272461 0
3000 True 0 0.0063478946685791016 0
3100 True 0 0.007041215896606445 0
3200 True 0 0.007166624069213867 0
3300 True 0 0.007240772247314453 0
3400 True 0 0.006345987319946289 0
3500 True 0 0.006470918655395508 0
3600 True 0 0.009195804595947266 0
3700 True 0 0.012129545211791992 0
3800 True 0 0.01148843765258789 0
3900 True 0 0.013349056243896484 0
4000 True 0 0.01273345947265625 0
4100 True 0 0.008777379989624023 0
4200 True 0 0.00698542594909668 0
4300 True 0 0.0071942806243896484 0
4400 True 0 0.0070154666900634766 0
4500 True 0 0.007151365280151367 0
4600 True 0 0.007138967514038086 0
4700 True 0 0.008449316024780273 0
4800 True 0 0.011257648468017578 0
4900 True 0 0.01104426383972168 0
5000 True 0 0.007238864898681641 0
5100 True 0 0.007162809371948242 0
5200 True 0 0.007184267044067383 0
5300 True 0 0.008834600448608398 0
5400 True 0 0.008835315704345703 0
5500 True 0 0.008555412292480469 0
5600 True 0 0.015763521194458008 0
5700 True 0 0.007053852081298828 0
5800 True 0 0.007104635238647461 0
5900 True 0 0.007102251052856445 0
6000 True 0 0.007066965103149414 0
6100 True 0 0.006983757019042969 0
6200 True 0 0.0070743560791015625 0
6300 True 0 0.007315397262573242 0
6400 True 0 0.0065860748291015625 0
6500 True 0 0.01142573356628418 0
6600 True 0 0.009572744369506836 0
6700 True 0 0.013268709182739258 0
6800 True 0 0.013365507125854492 0
6900 True 0 0.011314868927001953 0
7000 True 0 0.008404970169067383 0
7100 True 0 0.007357120513916016 0
7200 True 0 0.008159399032592773 0
7300 True 0 0.007039785385131836 0
7400 True 0 0.006661891937255859 0
7500 True 0 0.007171630859375 0
7600 True 0 0.008361577987670898 0
7700 True 0 0.0075054168701171875 0
7800 True 0 0.008458852767944336 0
7900 True 0 0.0071125030517578125 0
8000 True 0 0.0074808597564697266 0
8100 True 0 0.008527040481567383 0
8200 True 0 0.008572816848754883 0
8300 True 0 0.007243633270263672 0
8400 True 0 0.009662628173828125 0
8500 True 0 0.009694576263427734 0
8600 True 0 0.007233619689941406 0
8700 True 0 0.0062160491943359375 0
8800 True 0 0.006755352020263672 0
8900 True 0 0.006447315216064453 0
9000 True 0 0.0071659088134765625 0
9100 True 0 0.007155418395996094 0
9200 True 0 0.007250070571899414 0
9300 True 0 0.007054328918457031 0
9400 True 0 0.007235050201416016 0
9500 True 0 0.007326364517211914 0
9600 True 0 0.006359100341796875 0
9700 True 0 0.006136894226074219 0
9800 True 0 0.011330127716064453 0
9900 True 0 0.009961843490600586 0
