0 True 0 0.01294851303100586 0
100 True 0 0.007126331329345703 0
200 True 0 0.007068157196044922 0
300 True 0 0.0069615840911865234 0
400 True 0 0.007325887680053711 0
500 True 0 0.007035493850708008 0
600 True 0 0.006964683532714844 0
700 True 0 0.010982990264892578 0
800 True 0 0.007055759429931641 0
900 True 0 0.0068454742431640625 0
1000 True 0 0.008211612701416016 0
1100 True 0 0.00746464729309082 0
1200 True 0 0.008124351501464844 0
1300 True 0 0.006780147552490234 0
1400 True 0 0.006744384765625 0
1500 True 0 0.0070002079010009766 0
1600 True 0 0.008853673934936523 0
1700 True 0 0.008400201797485352 0
1800 True 0 0.008515357971191406 0
1900 True 0 0.00922250747680664 0
2000 True 0 0.0070574283599853516 0
2100 True 0 0.006623029708862305 0
2200 True 0 0.00683140754699707 0
2300 True 0 0.006891727447509766 0
2400 True 0 0.006943225860595703 0
2500 True 0 0.006932497024536133 0
2600 True 0 0.006247520446777344 0
2700 True 0 0.008364677429199219 0
2800 True 0 0.008577346801757812 0
2900 True 0 0.008633136749267578 0
3000 True 0 0.01048421859741211 0
3100 True 0 0.012438058853149414 0
3200 True 0 0.011506080627441406 0
3300 True 0 0.007312297821044922 0
3400 True 0 0.007035732269287109 0
3500 True 0 0.007395029067993164 0
3600 True 0 0.006869077682495117 0
3700 True 0 0.006888866424560547 0
3800 True 0 0.007848978042602539 0
3900 True 0 0.0073244571685791016 0
4000 True 0 0.011283636093139648 0
4100 True 0 0.00891423225402832 0
4200 True 0 0.006917476654052734 0
4300 True 0 0.008646965026855469 0
4400 True 0 0.008537530899047852 0
4500 False 0 0.0 0
4600 True 0 0.008496284484863281 0
4700 True 0 0.007811784744262695 0
4800 True 0 0.008562326431274414 0
4900 True 0 0.006925344467163086 0
5000 True 0 0.006735086441040039 0
5100 True 0 0.006864070892333984 0
5200 True 0 0.0071561336517333984 0
5300 True 0 0.006928682327270508 0
5400 True 0 0.0070149898529052734 0
5500 True 0 0.006639003753662109 0
5600 True 0 0.006483554840087891 0
5700 True 0 0.007148265838623047 0
5800 True 0 0.007324934005737305 0
5900 True 0 0.007432222366333008 0
6000 True 0 0.007875680923461914 0
6100 True 0 0.008747100830078125 0
6200 True 0 0.01038050651550293 0
6300 True 0 0.011603355407714844 0
6400 True 0 0.007142066955566406 0
6500 True 0 0.00711512565612793 0
6600 True 0 0.00791311264038086 0
6700 True 0 0.0068912506103515625 0
6800 True 0 0.007285594940185547 0
6900 True 0 0.011498212814331055 0
7000 True 0 0.021562814712524414 0
7100 True 0 0.011153459548950195 0
7200 True 0 0.007119894027709961 0
7300 True 0 0.008446693420410156 0
7400 True 0 0.006871461868286133 0
7500 True 0 0.009694099426269531 0
7600 True 0 0.006998777389526367 0
7700 True 0 0.008670806884765625 0
7800 True 0 0.00702214241027832 0
7900 True 0 0.0072710514068603516 0
8000 True 0 0.006676197052001953 0
8100 True 0 0.007010936737060547 0
8200 True 0 0.0068378448486328125 0
8300 True 0 0.007039785385131836 0
8400 True 0 0.0070645809173583984 0
8500 True 0 0.0068662166595458984 0
8600 True 0 0.007008075714111328 0
8700 True 0 0.006533622741699219 0
8800 True 0 0.006466388702392578 0
8900 True 0 0.008399248123168945 0
9000 True 0 0.007317066192626953 0
9100 True 0 0.0073604583740234375 0
9200 True 0 0.00884389877319336 0
9300 True 0 0.008371591567993164 0
9400 True 0 0.01306462287902832 0
9500 True 0 0.008423089981079102 0
9600 True 0 0.008252143859863281 0
9700 True 0 0.007140398025512695 0
9800 True 0 0.007174015045166016 0
9900 True 0 0.007211208343505859 0
