0 True 9.850662041792925e-08 0.012224912643432617 0
100 True 1.1723689862981953e-07 0.006526470184326172 0
200 True 1.3644095000455275e-07 0.006430387496948242 0
300 True 1.0503521391396814e-07 0.006108522415161133 0
400 True 1.0079007437464717e-07 0.007157087326049805 0
500 True 2.229195259279309e-07 0.0075261592864990234 0
600 True 1.1666237547653422e-07 0.007867097854614258 0
700 True 8.67714077938289e-08 0.008311033248901367 0
800 True 8.95240312798987e-08 0.009626626968383789 0
900 True 1.9038855098509875e-08 0.010396003723144531 0
1000 True 7.306655300474955e-08 0.008621692657470703 0
1100 True 1.1275760831606625e-07 0.006943702697753906 0
1200 True 7.211861405895181e-08 0.00699162483215332 0
1300 True 1.0970079292121268e-07 0.008131742477416992 0
1400 True 1.1738149729230555e-07 0.0068471431732177734 0
1500 True 2.1804991436518455e-08 0.007146358489990234 0
1600 True 6.496747920510948e-08 0.00786280632019043 0
1700 True 1.458038053784354e-07 0.007017850875854492 0
1800 True 1.1810523822099221e-07 0.008377552032470703 0
1900 True 7.078798688461327e-08 0.007157802581787109 0
2000 True 8.995138281247718e-08 0.007119655609130859 0
2100 True 1.3931913707501218e-07 0.008616209030151367 0
2200 True 1.1918309236353514e-07 0.008594989776611328 0
2300 True 1.4227542544038625e-07 0.007149934768676758 0
2400 True 7.80275554939261e-08 0.007169485092163086 0
2500 True 9.901750486452281e-08 0.007667064666748047 0
2600 True 1.5315738902888563e-07 0.009083747863769531 0
2700 True 6.694955085133379e-08 0.007208108901977539 0
2800 True 1.1160796224531257e-07 0.006398916244506836 0
2900 True 1.2264500934373121e-07 0.007252693176269531 0
3000 True 7.126910719303484e-08 0.007090091705322266 0
3100 True 8.291102986857391e-08 0.007027387619018555 0
3200 True 1.4584154360303616e-07 0.007265329360961914 0
3300 True 1.2020049129076517e-07 0.007112979888916016 0
3400 True 1.1220869217300304e-07 0.0062410831451416016 0
3500 True 1.381680165787135e-07 0.007959127426147461 0
3600 True 1.262696222270941e-07 0.009606122970581055 0
3700 True 1.1365161532374963e-07 0.009435653686523438 0
3800 True 6.859701319155692e-08 0.009603023529052734 0
3900 True 8.156150077949143e-08 0.011497974395751953 0
4000 True 4.8102177695783134e-08 0.008599281311035156 0
4100 True 8.040277803601041e-08 0.007149934768676758 0
4200 True 1.3479044175358358e-07 0.007113456726074219 0
4300 True 4.787368972776309e-08 0.0076944828033447266 0
4400 True 5.8518609496267115e-08 0.007149457931518555 0
4500 True 3.3383701304658563e-10 0.007250785827636719 0
4600 True 2.3146008746633773e-07 0.008062601089477539 0
4700 True 9.428797827843779e-08 0.0071375370025634766 0
4800 True 1.0368073085197475e-07 0.007791280746459961 0
4900 True 5.976421136469719e-08 0.008571147918701172 0
5000 True 1.273062897325365e-07 0.009491205215454102 0
5100 True 1.024101999072173e-07 0.009389877319335938 0
5200 True 7.230226637394803e-08 0.009691238403320312 0
5300 True 1.206529783035174e-07 0.007084846496582031 0
5400 True 1.395135558207041e-07 0.00860595703125 0
5500 True 1.7991686144979134e-07 0.007647275924682617 0
5600 True 1.803884419744147e-08 0.0073850154876708984 0
5700 True 1.348517373114081e-07 0.007291078567504883 0
5800 True 1.088504888770943e-07 0.0071697235107421875 0
5900 True 1.545106027744428e-07 0.007158994674682617 0
6000 True 8.06095386981003e-08 0.007053375244140625 0
6100 True 1.7152925022576745e-07 0.007055521011352539 0
6200 True 9.348787102286382e-08 0.0069026947021484375 0
6300 True 1.2761889479605415e-07 0.006228208541870117 0
6400 True 6.318955196425688e-08 0.006331443786621094 0
6500 True 1.42161155712926e-07 0.008419275283813477 0
6600 True 8.316373436711099e-08 0.009673833847045898 0
6700 True 9.03205514558414e-08 0.009462833404541016 0
6800 True 1.5426973495696978e-07 0.011837244033813477 0
6900 True 1.334979375179149e-07 0.011484146118164062 0
7000 True 7.115893361092052e-08 0.0068492889404296875 0
7100 True 7.442777077949611e-08 0.007018566131591797 0
7200 True 7.583378164515638e-08 0.007077455520629883 0
7300 True 6.56068921568182e-08 0.007058382034301758 0
7400 True 9.111391770373973e-08 0.0069696903228759766 0
7500 True 1.2596756914646018e-07 0.007071495056152344 0
7600 True 9.800606544073104e-08 0.007615566253662109 0
7700 True 9.025363136731936e-08 0.007163047790527344 0
7800 True 1.0868617161879331e-07 0.007996797561645508 0
7900 True 5.657220707572442e-08 0.007972240447998047 0
8000 True 1.3164278480866844e-07 0.006993770599365234 0
8100 True 7.750510455232832e-08 0.006953001022338867 0
8200 True 1.669156179329794e-07 0.006977558135986328 0
8300 True 2.4908942773027645e-07 0.007012844085693359 0
8400 True 1.0380384708764193e-07 0.00844573974609375 0
8500 True 1.7578400746327118e-07 0.008724451065063477 0
8600 True 9.55903554913386e-08 0.013171911239624023 0
8700 True 1.0123650837486604e-07 0.007101297378540039 0
8800 True 2.564863894795023e-07 0.006352901458740234 0
8900 True 1.2065969237360402e-07 0.007556438446044922 0
9000 True 8.929542476034445e-08 0.0073282718658447266 0
9100 True 2.271360648144878e-07 0.007085084915161133 0
9200 True 1.2993180573041793e-07 0.007111549377441406 0
9300 True 1.575098974287378e-07 0.007485151290893555 0
9400 True 7.105757421755388e-08 0.006987333297729492 0
9500 True 7.558163404213605e-08 0.006438255310058594 0
9600 True 1.386142413554767e-07 0.006505250930786133 0
9700 True 7.645555326659217e-09 0.0061779022216796875 0
9800 True 9.110783571527326e-08 0.008394002914428711 0
9900 True 1.1472706544395322e-07 0.008819103240966797 0
