0 True 8.708882188482543e-08 0.6368322372436523 0
100 True 1.136642995490063e-07 0.00764155387878418 0
200 True 1.2480736937315068e-07 0.006765842437744141 0
300 True 7.422803937447401e-08 0.006654500961303711 0
400 True 8.809998773440474e-08 0.006796598434448242 0
500 True 2.3398732752451325e-07 0.006787538528442383 0
600 True 1.1717341388717043e-07 0.006261348724365234 0
700 True 8.720725778490954e-08 0.007218837738037109 0
800 True 9.154211114508152e-08 0.006486415863037109 0
900 True 4.468420648028529e-09 0.006830453872680664 0
1000 True 7.824192202801728e-08 0.006059169769287109 0
1100 True 1.0637826762106801e-07 0.006493091583251953 0
1200 True 4.524929237556688e-08 0.007181406021118164 0
1300 True 1.0936260843705633e-07 0.006624937057495117 0
1400 True 1.2692174044657217e-07 0.0062215328216552734 0
1500 True 2.3519268109380286e-08 0.0065250396728515625 0
1600 True 4.667746147938644e-08 0.0069277286529541016 0
1700 True 1.3649426409145503e-07 0.007162570953369141 0
1800 True 9.238690381315008e-08 0.0065152645111083984 0
1900 True 7.455192792474797e-08 0.00668787956237793 0
2000 True 1.0851424541720336e-07 0.006745100021362305 0
2100 True 1.3431340472017256e-07 0.006525754928588867 0
2200 True 1.0132888337570195e-07 0.006673097610473633 0
2300 True 9.5118166867799e-08 0.006356716156005859 0
2400 True 9.027360235280392e-08 0.006241321563720703 0
2500 True 9.334070915661941e-08 0.00641942024230957 0
2600 True 1.320432365927423e-07 0.006155967712402344 0
2700 True 6.55777658583473e-08 0.0062634944915771484 0
2800 True 1.249138991717412e-07 0.006178379058837891 0
2900 True 1.2435556117596353e-07 0.006368160247802734 0
3000 True 7.310007343948794e-08 0.006250858306884766 0
3100 True 2.9234955274903404e-08 0.0063629150390625 0
3200 True 1.3303596455981596e-07 0.006246328353881836 0
3300 True 1.067969477453471e-07 0.00643610954284668 0
3400 True 9.97909925876623e-08 0.0062334537506103516 0
3500 True 1.5729952741470708e-07 0.008590221405029297 0
3600 True 1.1669732236372077e-07 0.006290435791015625 0
3700 True 1.7312015650928149e-07 0.007735013961791992 0
3800 True 7.508247575432825e-08 0.007385969161987305 0
3900 True 8.939024832238968e-08 0.0064504146575927734 0
4000 True 2.970142768418007e-08 0.0062901973724365234 0
4100 True 1.8330365896318754e-08 0.006548881530761719 0
4200 True 1.2884977890307093e-07 0.006889820098876953 0
4300 True 4.286506295764633e-08 0.00972294807434082 0
4400 True 5.8133543787027e-08 0.0074880123138427734 0
4500 True 6.0449063672049635e-09 0.007456064224243164 0
4600 True 2.0405597481833584e-07 0.006162881851196289 0
4700 True 8.766430973156361e-08 0.006664752960205078 0
4800 True 1.0497024912193824e-07 0.006421566009521484 0
4900 True 8.32412769183473e-08 0.006552934646606445 0
5000 True 1.1654730328623688e-07 0.006557464599609375 0
5100 True 8.350168367565063e-08 0.006209135055541992 0
5200 True 1.0189628197801361e-07 0.006993532180786133 0
5300 True 1.0054606469809693e-07 0.007268667221069336 0
5400 True 1.7839169687261272e-07 0.006415605545043945 0
5500 True 2.0901580571243158e-07 0.006313800811767578 0
5600 True 2.9593340071654596e-10 0.006884098052978516 0
5700 True 1.489244539741051e-07 0.007270336151123047 0
5800 True 8.426981077539688e-08 0.0061779022216796875 0
5900 True 1.9459265262842177e-07 0.006623983383178711 0
6000 True 9.739720407722601e-08 0.007040500640869141 0
6100 True 1.7554103647206257e-07 0.007192850112915039 0
6200 True 1.2126542558969084e-07 0.007035732269287109 0
6300 True 1.4395408955089532e-07 0.006948947906494141 0
6400 True 2.085294360173544e-08 0.0066967010498046875 0
6500 True 1.5801356057915872e-07 0.00678563117980957 0
6600 True 1.222081438756989e-07 0.006887674331665039 0
6700 True 1.1653883491343807e-07 0.006819963455200195 0
6800 True 1.5248190433819797e-07 0.006860494613647461 0
6900 True 1.2728058396174716e-07 0.0065441131591796875 0
7000 True 8.659600434002354e-08 0.00704646110534668 0
7100 True 5.919433545684961e-08 0.00696110725402832 0
7200 True 4.8928785182212346e-08 0.006487607955932617 0
7300 True 8.249196808096118e-08 0.009659290313720703 0
7400 True 1.0461049754181148e-07 0.007265329360961914 0
7500 True 1.2971468563663347e-07 0.0067708492279052734 0
7600 True 1.1073771509331262e-07 0.0065097808837890625 0
7700 True 8.430323235968524e-08 0.00658726692199707 0
7800 True 5.386236478913557e-08 0.007967472076416016 0
7900 True 4.682236959489598e-08 0.0067119598388671875 0
8000 True 1.9290458706334592e-07 0.006865739822387695 0
8100 True 8.597763216951953e-08 0.008846759796142578 0
8200 True 1.6113470872620446e-07 0.0064465999603271484 0
8300 True 1.8538949185012899e-07 0.006357669830322266 0
8400 True 1.742827231355551e-07 0.007174015045166016 0
8500 True 2.0345296610612465e-07 0.007241249084472656 0
8600 True 1.0881102022247252e-07 0.007176399230957031 0
8700 True 9.474891767263151e-08 0.007325172424316406 0
8800 True 2.2844139681946878e-07 0.012848854064941406 0
8900 True 1.2694446511995852e-07 0.007185697555541992 0
9000 True 8.732759598873959e-08 0.007111549377441406 0
9100 True 1.6524445542435088e-07 0.006276607513427734 0
9200 True 1.321255590346502e-07 0.006331443786621094 0
9300 True 1.3278200934892973e-07 0.006224632263183594 0
9400 True 1.2287863477962466e-07 0.007722616195678711 0
9500 True 4.05017734457657e-09 0.007953405380249023 0
9600 True 1.14740295126041e-07 0.008067607879638672 0
9700 True 1.8123085203858378e-08 0.008789539337158203 0
9800 True 7.558011743938006e-08 0.010923385620117188 0
9900 True 1.1040272945920937e-07 0.018491506576538086 0
