0 False 0.0 0.0 0
100 True 0.0 0.22948908805847168 0
200 False 0.0 0.0 0
300 True 0.0 0.18323945999145508 0
400 True 0.0 0.2708911895751953 0
500 False 0.0 0.0 0
600 False 0.0 0.0 0
700 True 0.0 0.2957139015197754 0
800 False 0.0 0.0 0
900 False 0.0 0.0 0
1000 True 0.0 0.17196154594421387 0
1100 False 0.0 0.0 0
1200 False 0.0 0.0 0
1300 False 0.0 0.0 0
1400 True 0.0 0.17744183540344238 0
1500 False 0.0 0.0 0
1600 False 0.0 0.0 0
1700 False 0.0 0.0 0
1800 False 0.0 0.0 0
1900 True 0.0 0.1567838191986084 0
2000 False 0.0 0.0 0
2100 False 0.0 0.0 0
2200 True 0.0 0.244584321975708 0
2300 False 0.0 0.0 0
2400 True 0.052734375 0.38902878761291504 0
2500 False 0.0 0.0 0
2600 True 0.0 0.14345097541809082 0
2700 False 0.0 0.0 0
2800 False 0.0 0.0 0
2900 False 0.0 0.0 0
3000 True 0.0 0.1793069839477539 0
3100 True 0.0 0.25078582763671875 0
3200 False 0.0 0.0 0
3300 False 0.0 0.0 0
3400 True 0.0107421875 0.5687763690948486 0
3500 True 0.0 0.2057173252105713 0
3600 False 0.0 0.0 0
3700 False 0.0 0.0 0
3800 False 0.0 0.0 0
3900 False 0.0 0.0 0
4000 False 0.0 0.0 0
4100 True 0.0 0.2883641719818115 0
4200 True 0.0 0.3175785541534424 0
4300 False 0.0 0.0 0
4400 False 0.0 0.0 0
4500 False 0.0 0.0 0
4600 False 0.0 0.0 0
4700 False 0.0 0.0 0
4800 True 0.0 0.14290928840637207 0
4900 False 0.0 0.0 0
5000 True 0.0 0.19776105880737305 0
5100 False 0.0 0.0 0
5200 True 0.0 0.32423996925354004 0
5300 False 0.0 0.0 0
5400 True 0.0 0.2767758369445801 0
5500 False 0.0 0.0 0
5600 False 0.0 0.0 0
5700 False 0.0 0.0 0
5800 False 0.0 0.0 0
5900 False 0.0 0.0 0
6000 False 0.0 0.0 0
6100 True 0.0 0.1867368221282959 0
6200 False 0.0 0.0 0
6300 False 0.0 0.0 0
6400 False 0.0 0.0 0
6500 False 0.0 0.0 0
6600 False 0.0 0.0 0
6700 True 0.0 0.19830322265625 0
6800 True 0.01171875 0.676328182220459 0
6900 False 0.0 0.0 0
7000 False 0.0 0.0 0
