0 True 0.0 0.24391627311706543 0
100 False 0.0 0.0 0
200 False 0.0 0.0 0
300 True 0.0 0.3440208435058594 0
400 True 0.0 0.295764684677124 0
500 False 0.0 0.0 0
600 True 0.0 0.17975187301635742 0
700 True 0.0 0.302807092666626 0
800 True 0.0 0.21279096603393555 0
900 False 0.0 0.0 0
1000 True 0.0 0.3128631114959717 0
1100 False 0.0 0.0 0
1200 True 0.0 0.2327115535736084 0
1300 False 0.0 0.0 0
1400 True 0.0 0.1699073314666748 0
1500 True 0.0 0.14536309242248535 0
1600 False 0.0 0.0 0
1700 False 0.0 0.0 0
1800 False 0.0 0.0 0
1900 True 0.0 0.1572864055633545 0
2000 False 0.0 0.0 0
2100 False 0.0 0.0 0
2200 True 0.0 0.30524158477783203 0
2300 False 0.0 0.0 0
2400 True 0.04296875 0.37176942825317383 0
2500 False 0.0 0.0 0
2600 True 0.0 0.15352416038513184 0
2700 False 0.0 0.0 0
2800 False 0.0 0.0 0
2900 False 0.0 0.0 0
3000 True 0.0 0.17943620681762695 0
3100 True 0.0 0.1941370964050293 0
3200 False 0.0 0.0 0
3300 False 0.0 0.0 0
3400 False 0.0 0.0 0
3500 True 0.0 0.2064990997314453 0
3600 False 0.0 0.0 0
3700 False 0.0 0.0 0
3800 False 0.0 0.0 0
3900 False 0.0 0.0 0
4000 False 0.0 0.0 0
4100 True 0.0 0.2978694438934326 0
4200 True 0.0 0.30690431594848633 0
4300 True 0.0 0.16149640083312988 0
4400 False 0.0 0.0 0
4500 False 0.0 0.0 0
4600 False 0.0 0.0 0
4700 False 0.0 0.0 0
4800 True 0.0 0.14531254768371582 0
4900 False 0.0 0.0 0
5000 True 0.0 0.20402836799621582 0
5100 True 0.0 0.21065020561218262 0
5200 True 0.0 0.36963868141174316 0
5300 False 0.0 0.0 0
5400 True 0.0 0.33963966369628906 0
5500 False 0.0 0.0 0
5600 False 0.0 0.0 0
5700 True 0.0 0.19051504135131836 0
5800 False 0.0 0.0 0
5900 False 0.0 0.0 0
6000 True 0.0 0.15115141868591309 0
6100 True 0.0 0.39791035652160645 0
6200 False 0.0 0.0 0
6300 False 0.0 0.0 0
6400 False 0.0 0.0 0
6500 False 0.0 0.0 0
6600 True 0.0 0.15192484855651855 0
6700 False 0.0 0.0 0
6800 True 0.0 0.24016904830932617 0
6900 False 0.0 0.0 0
7000 False 0.0 0.0 0
7100 False 0.0 0.0 0
7200 False 0.0 0.0 0
7300 True 0.0 0.1849069595336914 0
7400 True 0.0 0.29105544090270996 0
7500 False 0.0 0.0 0
7600 True 0.0 0.21472644805908203 0
7700 True 0.0 0.338916540145874 0
7800 True 0.0126953125 0.36672377586364746 0
7900 False 0.0 0.0 0
8000 True 0.0 0.1903214454650879 0
8100 False 0.0 0.0 0
8200 False 0.0 0.0 0
8300 False 0.0 0.0 0
8400 False 0.0 0.0 0
8500 True 0.0 0.3512074947357178 0
8600 False 0.0 0.0 0
8700 True 0.0 0.17446017265319824 0
8800 True 0.017578125 0.39081740379333496 0
8900 False 0.0 0.0 0
9000 True 0.0 0.23024797439575195 0
9100 False 0.0 0.0 0
9200 True 0.0 0.14577054977416992 0
9300 False 0.0 0.0 0
9400 False 0.0 0.0 0
9500 False 0.0 0.0 0
9600 True 0.0 0.14594006538391113 0
9700 True 0.013671875 0.37384867668151855 0
9800 True 0.0 0.16554832458496094 0
9900 False 0.0 0.0 0
