0 True 0 0.035547494888305664 0
100 False 0 0.0 0
200 False 0 0.0 0
300 True 0 0.06791520118713379 0
400 True 0 0.036057233810424805 0
500 False 0 0.0 0
600 True 0 0.021083593368530273 0
700 True 0 0.03435063362121582 0
800 True 0 0.023595571517944336 0
900 False 0 0.0 0
1000 True 0 0.03472566604614258 0
1100 False 0 0.0 0
1200 True 0 0.025526762008666992 0
1300 False 0 0.0 0
1400 True 0 0.019909381866455078 0
1500 True 0 0.014757633209228516 0
1600 False 0 0.0 0
1700 False 0 0.0 0
1800 False 0 0.0 0
1900 True 0 0.01696157455444336 0
2000 False 0 0.0 0
2100 False 0 0.0 0
2200 True 0 0.036048173904418945 0
2300 False 0 0.0 0
2400 True 1 0.039813995361328125 0
2500 False 0 0.0 0
2600 True 0 0.016229867935180664 0
2700 False 0 0.0 0
2800 False 0 0.0 0
2900 False 0 0.0 0
3000 True 0 0.0205538272857666 0
3100 True 0 0.023937463760375977 0
3200 False 0 0.0 0
3300 False 0 0.0 0
3400 False 0 0.0 0
3500 True 0 0.022717952728271484 0
3600 False 0 0.0 0
3700 False 0 0.0 0
3800 False 0 0.0 0
3900 False 0 0.0 0
4000 False 0 0.0 0
4100 True 0 0.04099607467651367 0
4200 True 0 0.033080339431762695 0
4300 True 0 0.017946481704711914 0
4400 False 0 0.0 0
4500 False 0 0.0 0
4600 False 0 0.0 0
4700 False 0 0.0 0
4800 True 0 0.015535116195678711 0
4900 False 0 0.0 0
5000 True 0 0.02115321159362793 0
5100 True 0 0.02364373207092285 0
5200 True 0 0.04091048240661621 0
5300 False 0 0.0 0
5400 True 0 0.037375450134277344 0
5500 False 0 0.0 0
5600 False 0 0.0 0
5700 True 0 0.02193617820739746 0
5800 False 0 0.0 0
5900 False 0 0.0 0
6000 True 0 0.017151832580566406 0
6100 True 0 0.05135536193847656 0
6200 False 0 0.0 0
6300 False 0 0.0 0
6400 False 0 0.0 0
6500 False 0 0.0 0
6600 True 0 0.015432596206665039 0
6700 False 0 0.0 0
6800 True 0 0.02738022804260254 0
6900 False 0 0.0 0
7000 False 0 0.0 0
7100 False 0 0.0 0
7200 False 0 0.0 0
7300 True 0 0.020790576934814453 0
7400 True 0 0.03340291976928711 0
7500 False 0 0.0 0
7600 True 0 0.023052215576171875 0
7700 True 0 0.03990626335144043 0
7800 True 1 0.03770732879638672 0
7900 False 0 0.0 0
8000 True 0 0.016962289810180664 0
8100 False 0 0.0 0
8200 False 0 0.0 0
8300 False 0 0.0 0
8400 False 0 0.0 0
8500 True 0 0.03829002380371094 0
8600 False 0 0.0 0
8700 True 0 0.019158124923706055 0
8800 True 1 0.04116511344909668 0
8900 False 0 0.0 0
9000 True 0 0.023398876190185547 0
9100 False 0 0.0 0
9200 True 0 0.015472173690795898 0
9300 False 0 0.0 0
9400 False 0 0.0 0
9500 False 0 0.0 0
9600 True 0 0.01641225814819336 0
9700 True 1 0.03743290901184082 0
9800 True 0 0.019245147705078125 0
9900 False 0 0.0 0
