0 False 0.0 0.0 0
100 True 0.0 0.23279500007629395 0
200 False 0.0 0.0 0
300 True 0.0 0.2725236415863037 0
400 True 0.0 0.29830312728881836 0
500 False 0.0 0.0 0
600 False 0.0 0.0 0
700 True 0.0 0.30441808700561523 0
800 True 0.0 0.16331052780151367 0
900 False 0.0 0.0 0
1000 True 0.0 0.18453121185302734 0
1100 False 0.0 0.0 0
1200 False 0.0 0.0 0
1300 False 0.0 0.0 0
1400 False 0.0 0.0 0
1500 False 0.0 0.0 0
1600 False 0.0 0.0 0
1700 False 0.0 0.0 0
1800 False 0.0 0.0 0
1900 True 0.0 0.16453957557678223 0
2000 False 0.0 0.0 0
2100 False 0.0 0.0 0
2200 True 0.0 0.2344217300415039 0
2300 False 0.0 0.0 0
2400 True 0.0068359375 0.3120279312133789 0
2500 False 0.0 0.0 0
2600 True 0.0 0.1782546043395996 0
2700 False 0.0 0.0 0
2800 False 0.0 0.0 0
2900 False 0.0 0.0 0
3000 True 0.0 0.1791086196899414 0
3100 True 0.0 0.17244935035705566 0
3200 False 0.0 0.0 0
3300 False 0.0 0.0 0
3400 False 0.0 0.0 0
3500 True 0.0 0.19214606285095215 0
3600 False 0.0 0.0 0
3700 False 0.0 0.0 0
3800 False 0.0 0.0 0
3900 False 0.0 0.0 0
4000 False 0.0 0.0 0
4100 True 0.0 0.2723989486694336 0
4200 False 0.0 0.0 0
4300 True 0.0 0.1541900634765625 0
4400 False 0.0 0.0 0
4500 False 0.0 0.0 0
4600 True 0.0 0.18404173851013184 0
4700 False 0.0 0.0 0
4800 True 0.0 0.17333269119262695 0
4900 True 0.0 0.19102787971496582 0
5000 True 0.0 0.20830464363098145 0
5100 True 0.0 0.16041135787963867 0
5200 True 0.0 0.33965444564819336 0
5300 False 0.0 0.0 0
5400 False 0.0 0.0 0
5500 False 0.0 0.0 0
5600 False 0.0 0.0 0
5700 True 0.0 0.16028380393981934 0
5800 False 0.0 0.0 0
5900 False 0.0 0.0 0
6000 False 0.0 0.0 0
6100 True 0.0 0.1964871883392334 0
6200 False 0.0 0.0 0
6300 False 0.0 0.0 0
6400 False 0.0 0.0 0
6500 False 0.0 0.0 0
6600 True 0.0 0.1932206153869629 0
6700 True 0.0 0.1859912872314453 0
6800 True 0.0 0.20817327499389648 0
6900 False 0.0 0.0 0
7000 False 0.0 0.0 0
7100 True 0.0 0.18849658966064453 0
7200 False 0.0 0.0 0
7300 True 0.0 0.16309618949890137 0
7400 False 0.0 0.0 0
7500 False 0.0 0.0 0
7600 True 0.0 0.2539350986480713 0
7700 True 0.0 0.36806702613830566 0
7800 True 0.001953125 0.33264994621276855 0
7900 False 0.0 0.0 0
8000 True 0.0 0.2729225158691406 0
8100 False 0.0 0.0 0
8200 False 0.0 0.0 0
8300 False 0.0 0.0 0
8400 False 0.0 0.0 0
8500 True 0.0 0.14389872550964355 0
8600 False 0.0 0.0 0
8700 True 0.0 0.1822519302368164 0
8800 True 0.0 0.14781904220581055 0
8900 False 0.0 0.0 0
9000 True 0.0 0.17435288429260254 0
9100 False 0.0 0.0 0
9200 True 0.0 0.20745539665222168 0
9300 False 0.0 0.0 0
9400 True 0.0 0.3048710823059082 0
9500 False 0.0 0.0 0
9600 True 0.0 0.17447376251220703 0
9700 True 0.0 0.14642000198364258 0
9800 True 0.0 0.1680164337158203 0
9900 False 0.0 0.0 0
