0 True 0.015625 0.0005838871002197266 0
100 True 0.015625 0.0005555152893066406 0
200 True 0.015625 0.0007033348083496094 0
300 False 0.0 0.0 0
400 False 0.0 0.0 0
500 True 0.015625 0.0005266666412353516 0
600 True 0.015625 0.0005052089691162109 0
700 True 0.015625 0.0006039142608642578 0
800 False 0.0 0.0 0
900 True 0.015625 0.000457763671875 0
1000 True 0.015625 0.0007162094116210938 0
1100 True 0.015625 0.0005755424499511719 0
1200 False 0.0 0.0 0
1300 True 0.015625 0.0004987716674804688 0
1400 True 0.015625 0.0005719661712646484 0
1500 False 0.0 0.0 0
1600 True 0.015625 0.0005025863647460938 0
1700 True 0.015625 0.0005617141723632812 0
1800 True 0.015625 0.00048661231994628906 0
1900 True 0.015625 0.0005159378051757812 0
2000 True 0.015625 0.0005133152008056641 0
2100 False 0.0 0.0 0
2200 False 0.0 0.0 0
2300 True 0.015625 0.0005271434783935547 0
2400 False 0.0 0.0 0
2500 False 0.0 0.0 0
2600 True 0.015625 0.0005228519439697266 0
2700 True 0.015625 0.0005304813385009766 0
2800 False 0.0 0.0 0
2900 True 0.015625 0.0005850791931152344 0
3000 True 0.015625 0.0005133152008056641 0
3100 False 0.0 0.0 0
3200 True 0.015625 0.0005118846893310547 0
3300 True 0.015625 0.0004937648773193359 0
3400 True 0.015625 0.0006074905395507812 0
3500 True 0.015625 0.0006232261657714844 0
3600 False 0.0 0.0 0
3700 True 0.015625 0.0005288124084472656 0
3800 True 0.015625 0.0005156993865966797 0
3900 True 0.015625 0.00048661231994628906 0
4000 False 0.0 0.0 0
4100 True 0.015625 0.0005085468292236328 0
4200 True 0.015625 0.0005609989166259766 0
4300 False 0.0 0.0 0
4400 True 0.015625 0.000598907470703125 0
4500 False 0.0 0.0 0
4600 True 0.015625 0.0005145072937011719 0
4700 True 0.015625 0.0005197525024414062 0
4800 True 0.015625 0.0005218982696533203 0
4900 False 0.0 0.0 0
5000 True 0.015625 0.0004949569702148438 0
5100 False 0.0 0.0 0
5200 True 0.015625 0.0005745887756347656 0
5300 True 0.015625 0.0005741119384765625 0
5400 True 0.015625 0.0004937648773193359 0
5500 True 0.015625 0.0005400180816650391 0
5600 True 0.015625 0.0005209445953369141 0
5700 True 0.015625 0.0005033016204833984 0
5800 True 0.015625 0.0005218982696533203 0
5900 True 0.015625 0.000606536865234375 0
6000 False 0.0 0.0 0
6100 True 0.015625 0.0005223751068115234 0
6200 True 0.015625 0.0005130767822265625 0
6300 True 0.015625 0.0005946159362792969 0
6400 True 0.015625 0.0004742145538330078 0
6500 True 0.015625 0.0005009174346923828 0
6600 True 0.015625 0.0005090236663818359 0
6700 False 0.0 0.0 0
6800 False 0.0 0.0 0
6900 True 0.015625 0.0005514621734619141 0
7000 True 0.015625 0.0005376338958740234 0
7100 False 0.0 0.0 0
7200 True 0.015625 0.0005173683166503906 0
7300 True 0.015625 0.0004923343658447266 0
7400 True 0.015625 0.0005052089691162109 0
7500 False 0.0 0.0 0
7600 True 0.015625 0.00048041343688964844 0
7700 True 0.015625 0.0005075931549072266 0
7800 False 0.0 0.0 0
7900 True 0.015625 0.0004909038543701172 0
8000 True 0.015625 0.0004849433898925781 0
8100 True 0.015625 0.0005307197570800781 0
8200 True 0.015625 0.00048232078552246094 0
8300 True 0.015625 0.0004794597625732422 0
8400 True 0.015625 0.0005068778991699219 0
8500 True 0.015625 0.0004925727844238281 0
8600 True 0.015625 0.00048661231994628906 0
8700 True 0.015625 0.0004787445068359375 0
8800 True 0.015625 0.00047278404235839844 0
8900 True 0.015625 0.0004889965057373047 0
9000 True 0.015625 0.0004982948303222656 0
9100 True 0.015625 0.0006763935089111328 0
9200 True 0.015625 0.0004992485046386719 0
9300 True 0.015625 0.0005297660827636719 0
9400 True 0.015625 0.0004742145538330078 0
9500 True 0.015625 0.0006132125854492188 0
9600 True 0.015625 0.0005047321319580078 0
9700 False 0.0 0.0 0
9800 True 0.015625 0.0005190372467041016 0
9900 False 0.0 0.0 0
