0 True 1 0.0008242130279541016 0
100 True 1 0.0005323886871337891 0
200 True 1 0.0004734992980957031 0
300 False 0 0.0 0
400 True 1 0.0005581378936767578 0
500 True 1 0.0005385875701904297 0
600 True 1 0.0005252361297607422 0
700 True 1 0.0005002021789550781 0
800 True 1 0.0005102157592773438 0
900 True 1 0.0005152225494384766 0
1000 True 1 0.0005133152008056641 0
1100 True 1 0.0004966259002685547 0
1200 False 0 0.0 0
1300 True 1 0.0005102157592773438 0
1400 True 1 0.0006020069122314453 0
1500 False 0 0.0 0
1600 True 1 0.0004990100860595703 0
1700 True 1 0.0005064010620117188 0
1800 False 0 0.0 0
1900 True 1 0.0005314350128173828 0
2000 True 1 0.0005230903625488281 0
2100 True 1 0.0006017684936523438 0
2200 True 1 0.0005307197570800781 0
2300 True 1 0.0005102157592773438 0
2400 True 1 0.0005276203155517578 0
2500 True 1 0.0005452632904052734 0
2600 True 1 0.000614166259765625 0
2700 True 1 0.0005261898040771484 0
2800 True 1 0.0005199909210205078 0
2900 True 1 0.0004980564117431641 0
3000 True 1 0.0007658004760742188 0
3100 True 1 0.0006518363952636719 0
3200 True 1 0.0005624294281005859 0
3300 True 1 0.0005660057067871094 0
3400 True 1 0.0005123615264892578 0
3500 True 1 0.0004839897155761719 0
3600 True 1 0.0004787445068359375 0
3700 True 1 0.00046634674072265625 0
3800 True 1 0.00046706199645996094 0
3900 True 1 0.00047707557678222656 0
4000 False 0 0.0 0
4100 True 1 0.00046372413635253906 0
4200 True 1 0.00047516822814941406 0
4300 False 0 0.0 0
4400 True 1 0.00048089027404785156 0
4500 False 0 0.0 0
4600 True 1 0.0004611015319824219 0
4700 True 1 0.000476837158203125 0
4800 True 1 0.0004937648773193359 0
4900 True 1 0.0004963874816894531 0
5000 True 1 0.0004773139953613281 0
5100 True 1 0.0004742145538330078 0
5200 True 1 0.0004589557647705078 0
5300 True 1 0.0004825592041015625 0
5400 True 1 0.00047850608825683594 0
5500 True 1 0.0004878044128417969 0
5600 True 1 0.00045943260192871094 0
5700 True 1 0.0004553794860839844 0
5800 True 1 0.0005190372467041016 0
5900 True 1 0.0004792213439941406 0
6000 True 1 0.0004799365997314453 0
6100 True 1 0.0004935264587402344 0
6200 True 1 0.0005342960357666016 0
6300 True 1 0.0004923343658447266 0
6400 True 1 0.0005145072937011719 0
6500 True 1 0.0004725456237792969 0
6600 True 1 0.0005633831024169922 0
6700 True 1 0.0004773139953613281 0
6800 True 1 0.00046896934509277344 0
6900 True 1 0.000469207763671875 0
7000 True 1 0.00047707557678222656 0
7100 True 1 0.00046753883361816406 0
7200 True 1 0.0004684925079345703 0
7300 True 1 0.0004642009735107422 0
7400 True 1 0.00045943260192871094 0
7500 True 1 0.0004889965057373047 0
7600 True 1 0.00046539306640625 0
7700 True 1 0.0004811286926269531 0
7800 False 0 0.0 0
7900 True 1 0.0005352497100830078 0
8000 True 1 0.00047969818115234375 0
8100 True 1 0.0004916191101074219 0
8200 True 1 0.0005035400390625 0
8300 True 1 0.0006594657897949219 0
8400 True 1 0.0006365776062011719 0
8500 True 1 0.0004889965057373047 0
8600 True 1 0.0004715919494628906 0
8700 True 1 0.0004837512969970703 0
8800 True 1 0.0005385875701904297 0
8900 True 1 0.0004951953887939453 0
9000 True 1 0.0006151199340820312 0
9100 True 1 0.0006961822509765625 0
9200 True 1 0.0005550384521484375 0
9300 True 1 0.0004734992980957031 0
9400 True 1 0.0005841255187988281 0
9500 True 1 0.0004775524139404297 0
9600 True 1 0.0005035400390625 0
9700 True 1 0.00046372413635253906 0
9800 True 1 0.00047087669372558594 0
9900 True 1 0.0004775524139404297 0
