0 True 1 0.0007455348968505859 0
100 True 1 0.0004553794860839844 0
200 True 1 0.0005009174346923828 0
300 False 0 0.0 0
400 False 0 0.0 0
500 True 1 0.0005686283111572266 0
600 True 1 0.0005478858947753906 0
700 True 1 0.0005776882171630859 0
800 False 0 0.0 0
900 True 1 0.0004990100860595703 0
1000 True 1 0.0004978179931640625 0
1100 True 1 0.00047969818115234375 0
1200 False 0 0.0 0
1300 True 1 0.0005104541778564453 0
1400 True 1 0.0004963874816894531 0
1500 False 0 0.0 0
1600 True 1 0.0005090236663818359 0
1700 True 1 0.0005190372467041016 0
1800 True 1 0.0005087852478027344 0
1900 True 1 0.0005178451538085938 0
2000 True 1 0.0004322528839111328 0
2100 False 0 0.0 0
2200 False 0 0.0 0
2300 True 1 0.0005419254302978516 0
2400 False 0 0.0 0
2500 False 0 0.0 0
2600 True 1 0.0004601478576660156 0
2700 True 1 0.0005159378051757812 0
2800 False 0 0.0 0
2900 True 1 0.0005345344543457031 0
3000 True 1 0.0005204677581787109 0
3100 False 0 0.0 0
3200 True 1 0.00057220458984375 0
3300 True 1 0.0004944801330566406 0
3400 True 1 0.0005843639373779297 0
3500 True 1 0.0005490779876708984 0
3600 False 0 0.0 0
3700 True 1 0.0004811286926269531 0
3800 True 1 0.0005037784576416016 0
3900 True 1 0.0004992485046386719 0
4000 False 0 0.0 0
4100 True 1 0.000476837158203125 0
4200 True 1 0.0005295276641845703 0
4300 False 0 0.0 0
4400 True 1 0.0004534721374511719 0
4500 False 0 0.0 0
4600 True 1 0.0005090236663818359 0
4700 True 1 0.00052642822265625 0
4800 True 1 0.0005311965942382812 0
4900 False 0 0.0 0
5000 True 1 0.000522613525390625 0
5100 False 0 0.0 0
5200 True 1 0.0005834102630615234 0
5300 True 1 0.0005259513854980469 0
5400 True 1 0.0005431175231933594 0
5500 True 1 0.0004973411560058594 0
5600 True 1 0.0006916522979736328 0
5700 True 1 0.00047016143798828125 0
5800 True 1 0.0005574226379394531 0
5900 True 1 0.0006647109985351562 0
6000 False 0 0.0 0
6100 True 1 0.0005195140838623047 0
6200 True 1 0.0006237030029296875 0
6300 True 1 0.0005016326904296875 0
6400 True 1 0.0005033016204833984 0
6500 True 1 0.00044083595275878906 0
6600 True 1 0.0005652904510498047 0
6700 False 0 0.0 0
6800 False 0 0.0 0
6900 True 1 0.0005822181701660156 0
7000 True 1 0.0006163120269775391 0
7100 False 0 0.0 0
7200 True 1 0.000579833984375 0
7300 True 1 0.0005238056182861328 0
7400 True 1 0.0005621910095214844 0
7500 False 0 0.0 0
7600 True 1 0.0006594657897949219 0
7700 True 1 0.0005314350128173828 0
7800 False 0 0.0 0
7900 True 1 0.0005083084106445312 0
8000 True 1 0.000518798828125 0
8100 True 1 0.0004837512969970703 0
8200 True 1 0.0005033016204833984 0
8300 True 1 0.0004932880401611328 0
8400 True 1 0.0005345344543457031 0
8500 True 1 0.00051116943359375 0
8600 True 1 0.0005609989166259766 0
8700 True 1 0.000499725341796875 0
8800 True 1 0.0005052089691162109 0
8900 True 1 0.0005652904510498047 0
9000 True 1 0.0005085468292236328 0
9100 True 1 0.0005502700805664062 0
9200 True 1 0.0005347728729248047 0
9300 True 1 0.00047397613525390625 0
9400 True 1 0.0005719661712646484 0
9500 True 1 0.0005197525024414062 0
9600 True 1 0.0004971027374267578 0
9700 False 0 0.0 0
9800 True 1 0.0005345344543457031 0
9900 False 0 0.0 0
