0 True 0.015625 0.0005161762237548828 0
100 True 0.015625 0.0004849433898925781 0
200 True 0.015625 0.00048804283142089844 0
300 False 0.0 0.0 0
400 True 0.015625 0.0005152225494384766 0
500 True 0.015625 0.0005409717559814453 0
600 True 0.015625 0.0005888938903808594 0
700 True 0.015625 0.0005383491516113281 0
800 True 0.015625 0.00048422813415527344 0
900 True 0.015625 0.0004832744598388672 0
1000 True 0.015625 0.0004792213439941406 0
1100 True 0.015625 0.0004830360412597656 0
1200 False 0.0 0.0 0
1300 True 0.015625 0.0004820823669433594 0
1400 True 0.015625 0.0005404949188232422 0
1500 False 0.0 0.0 0
1600 True 0.015625 0.00048160552978515625 0
1700 True 0.015625 0.0004932880401611328 0
1800 False 0.0 0.0 0
1900 True 0.015625 0.00048542022705078125 0
2000 True 0.015625 0.0005085468292236328 0
2100 True 0.015625 0.001024484634399414 0
2200 True 0.015625 0.0005235671997070312 0
2300 True 0.015625 0.0005028247833251953 0
2400 True 0.015625 0.0004918575286865234 0
2500 True 0.015625 0.0004856586456298828 0
2600 True 0.015625 0.0004875659942626953 0
2700 True 0.015625 0.0005116462707519531 0
2800 True 0.015625 0.00048041343688964844 0
2900 True 0.015625 0.00048828125 0
3000 True 0.015625 0.00046443939208984375 0
3100 True 0.015625 0.0004801750183105469 0
3200 True 0.015625 0.0004832744598388672 0
3300 True 0.015625 0.0005774497985839844 0
3400 True 0.015625 0.0005066394805908203 0
3500 True 0.015625 0.0005059242248535156 0
3600 True 0.015625 0.0005068778991699219 0
3700 True 0.015625 0.0004782676696777344 0
3800 True 0.015625 0.0005230903625488281 0
3900 True 0.015625 0.0005238056182861328 0
4000 False 0.0 0.0 0
4100 True 0.015625 0.0004909038543701172 0
4200 True 0.015625 0.0005497932434082031 0
4300 False 0.0 0.0 0
4400 True 0.015625 0.0004916191101074219 0
4500 False 0.0 0.0 0
4600 True 0.015625 0.0004749298095703125 0
4700 True 0.015625 0.0005002021789550781 0
4800 True 0.015625 0.0004787445068359375 0
4900 True 0.015625 0.0006132125854492188 0
5000 True 0.015625 0.00048232078552246094 0
5100 True 0.015625 0.0004761219024658203 0
5200 True 0.015625 0.0004825592041015625 0
5300 True 0.015625 0.00048661231994628906 0
5400 True 0.015625 0.0004849433898925781 0
5500 True 0.015625 0.0008168220520019531 0
5600 True 0.015625 0.0005054473876953125 0
5700 True 0.015625 0.0004916191101074219 0
5800 True 0.015625 0.00048542022705078125 0
5900 True 0.015625 0.0005178451538085938 0
6000 True 0.015625 0.0007023811340332031 0
6100 True 0.015625 0.0004975795745849609 0
6200 True 0.015625 0.0004892349243164062 0
6300 True 0.015625 0.0004837512969970703 0
6400 True 0.015625 0.0004966259002685547 0
6500 True 0.015625 0.0005724430084228516 0
6600 True 0.015625 0.0004918575286865234 0
6700 True 0.015625 0.0004832744598388672 0
6800 True 0.015625 0.0004937648773193359 0
6900 True 0.015625 0.0005252361297607422 0
7000 True 0.015625 0.00048804283142089844 0
7100 True 0.015625 0.00048279762268066406 0
7200 True 0.015625 0.0005908012390136719 0
7300 True 0.015625 0.0004818439483642578 0
7400 True 0.015625 0.0004940032958984375 0
7500 True 0.015625 0.000499725341796875 0
7600 True 0.015625 0.0004937648773193359 0
7700 True 0.015625 0.0004754066467285156 0
7800 False 0.0 0.0 0
7900 True 0.015625 0.0005128383636474609 0
8000 True 0.015625 0.0004918575286865234 0
8100 True 0.015625 0.00046443939208984375 0
8200 True 0.015625 0.000492095947265625 0
8300 True 0.015625 0.0004940032958984375 0
8400 True 0.015625 0.0004813671112060547 0
8500 True 0.015625 0.000476837158203125 0
8600 True 0.015625 0.0004811286926269531 0
8700 True 0.015625 0.0005309581756591797 0
8800 True 0.015625 0.00047969818115234375 0
8900 True 0.015625 0.00047898292541503906 0
9000 True 0.015625 0.0004937648773193359 0
9100 True 0.015625 0.0004715919494628906 0
9200 True 0.015625 0.0005729198455810547 0
9300 True 0.015625 0.0004703998565673828 0
9400 True 0.015625 0.0004963874816894531 0
9500 True 0.015625 0.0005006790161132812 0
9600 True 0.015625 0.0005271434783935547 0
9700 True 0.015625 0.0004992485046386719 0
9800 True 0.015625 0.0004763603210449219 0
9900 True 0.015625 0.00048422813415527344 0
