0 True 1 0.0009784698486328125 0
100 True 1 0.0006651878356933594 0
200 False 0 0.0 0
300 False 0 0.0 0
400 True 1 0.0006785392761230469 0
500 True 1 0.0006608963012695312 0
600 True 1 0.0006587505340576172 0
700 True 1 0.0007257461547851562 0
800 True 1 0.0007252693176269531 0
900 True 1 0.0006766319274902344 0
1000 True 1 0.0007600784301757812 0
1100 True 1 0.0006458759307861328 0
1200 False 0 0.0 0
1300 True 1 0.0006308555603027344 0
1400 True 1 0.0006270408630371094 0
1500 False 0 0.0 0
1600 False 0 0.0 0
1700 True 1 0.0006327629089355469 0
1800 True 1 0.0006117820739746094 0
1900 True 1 0.0006246566772460938 0
2000 True 1 0.0006535053253173828 0
2100 True 1 0.0006189346313476562 0
2200 True 1 0.0006647109985351562 0
2300 False 0 0.0 0
2400 True 1 0.0006732940673828125 0
2500 True 1 0.0006093978881835938 0
2600 True 1 0.0006191730499267578 0
2700 True 1 0.0006256103515625 0
2800 True 1 0.0006184577941894531 0
2900 True 1 0.0006597042083740234 0
3000 True 1 0.0010051727294921875 0
3100 True 1 0.0007061958312988281 0
3200 True 1 0.0006992816925048828 0
3300 True 1 0.0007936954498291016 0
3400 True 1 0.0006201267242431641 0
3500 True 1 0.0006480216979980469 0
3600 False 0 0.0 0
3700 True 1 0.0006146430969238281 0
3800 True 1 0.0006086826324462891 0
3900 True 1 0.0006017684936523438 0
4000 True 1 0.0006403923034667969 0
4100 True 1 0.0006246566772460938 0
4200 True 1 0.0006115436553955078 0
4300 True 1 0.0006124973297119141 0
4400 True 1 0.0006191730499267578 0
4500 True 1 0.0005881786346435547 0
4600 True 1 0.0006213188171386719 0
4700 True 1 0.0006866455078125 0
4800 True 1 0.0006182193756103516 0
4900 True 1 0.0007531642913818359 0
5000 True 1 0.00061798095703125 0
5100 False 0 0.0 0
5200 True 1 0.0006725788116455078 0
5300 True 1 0.0006384849548339844 0
5400 True 1 0.0006577968597412109 0
5500 True 1 0.0009343624114990234 0
5600 False 0 0.0 0
5700 True 1 0.0006530284881591797 0
5800 True 1 0.0006089210510253906 0
5900 True 1 0.0006361007690429688 0
6000 True 1 0.0006229877471923828 0
6100 True 1 0.0006630420684814453 0
6200 True 1 0.0006377696990966797 0
6300 True 1 0.0006196498870849609 0
6400 True 1 0.0006742477416992188 0
6500 True 1 0.0006215572357177734 0
6600 True 1 0.0006902217864990234 0
6700 True 1 0.0006272792816162109 0
6800 True 1 0.0006856918334960938 0
6900 True 1 0.0006442070007324219 0
7000 True 1 0.0006406307220458984 0
7100 True 1 0.0006163120269775391 0
7200 False 0 0.0 0
7300 True 1 0.0006239414215087891 0
7400 True 1 0.0007119178771972656 0
7500 True 1 0.0009856224060058594 0
7600 True 1 0.0009145736694335938 0
7700 True 1 0.0006320476531982422 0
7800 False 0 0.0 0
7900 True 1 0.00063323974609375 0
8000 True 1 0.0006325244903564453 0
8100 True 1 0.0006358623504638672 0
8200 True 1 0.0006339550018310547 0
8300 True 1 0.0006468296051025391 0
8400 True 1 0.0006556510925292969 0
8500 True 1 0.0006098747253417969 0
8600 True 1 0.0007193088531494141 0
8700 True 1 0.0005660057067871094 0
8800 True 1 0.00064849853515625 0
8900 True 1 0.0006206035614013672 0
9000 True 1 0.0005936622619628906 0
9100 True 1 0.0007283687591552734 0
9200 True 1 0.0006666183471679688 0
9300 True 1 0.000682830810546875 0
9400 True 1 0.0006251335144042969 0
9500 True 1 0.0007903575897216797 0
9600 False 0 0.0 0
9700 True 1 0.0007145404815673828 0
9800 True 1 0.000637054443359375 0
9900 True 1 0.0006258487701416016 0
