0 True 0.015625 0.0005776882171630859 0
100 True 0.015625 0.0004875659942626953 0
200 True 0.015625 0.00048351287841796875 0
300 False 0.0 0.0 0
400 True 0.015625 0.0004813671112060547 0
500 True 0.015625 0.0004875659942626953 0
600 True 0.015625 0.0005223751068115234 0
700 True 0.015625 0.0005002021789550781 0
800 True 0.015625 0.0004928112030029297 0
900 True 0.015625 0.0006053447723388672 0
1000 True 0.015625 0.0007486343383789062 0
1100 True 0.015625 0.0005950927734375 0
1200 False 0.0 0.0 0
1300 True 0.015625 0.0004909038543701172 0
1400 True 0.015625 0.0005590915679931641 0
1500 False 0.0 0.0 0
1600 True 0.015625 0.0005850791931152344 0
1700 True 0.015625 0.00067138671875 0
1800 False 0.0 0.0 0
1900 True 0.015625 0.0004973411560058594 0
2000 True 0.015625 0.0004963874816894531 0
2100 True 0.015625 0.0008082389831542969 0
2200 True 0.015625 0.0005526542663574219 0
2300 True 0.015625 0.0005483627319335938 0
2400 True 0.015625 0.0005309581756591797 0
2500 True 0.015625 0.0004937648773193359 0
2600 True 0.015625 0.0004787445068359375 0
2700 True 0.015625 0.0005028247833251953 0
2800 True 0.015625 0.0005881786346435547 0
2900 True 0.015625 0.0005028247833251953 0
3000 True 0.015625 0.0004909038543701172 0
3100 True 0.015625 0.0006079673767089844 0
3200 True 0.015625 0.0004947185516357422 0
3300 True 0.015625 0.0004754066467285156 0
3400 True 0.015625 0.0008718967437744141 0
3500 True 0.015625 0.0005178451538085938 0
3600 True 0.015625 0.0005290508270263672 0
3700 True 0.015625 0.0005261898040771484 0
3800 True 0.015625 0.0004973411560058594 0
3900 True 0.015625 0.0004889965057373047 0
4000 False 0.0 0.0 0
4100 True 0.015625 0.0008656978607177734 0
4200 True 0.015625 0.0007572174072265625 0
4300 False 0.0 0.0 0
4400 True 0.015625 0.0005176067352294922 0
4500 False 0.0 0.0 0
4600 True 0.015625 0.0004897117614746094 0
4700 True 0.015625 0.0005013942718505859 0
4800 True 0.015625 0.0004923343658447266 0
4900 True 0.015625 0.0004849433898925781 0
5000 True 0.015625 0.0004875659942626953 0
5100 True 0.015625 0.0005030632019042969 0
5200 True 0.015625 0.0004851818084716797 0
5300 True 0.015625 0.0004980564117431641 0
5400 True 0.015625 0.00047469139099121094 0
5500 True 0.015625 0.0004985332489013672 0
5600 False 0.0 0.0 0
5700 True 0.015625 0.00047707557678222656 0
5800 True 0.015625 0.0004856586456298828 0
5900 True 0.015625 0.0004971027374267578 0
6000 True 0.015625 0.0010221004486083984 0
6100 True 0.015625 0.0007045269012451172 0
6200 True 0.015625 0.0005784034729003906 0
6300 True 0.015625 0.0004971027374267578 0
6400 False 0.0 0.0 0
6500 True 0.015625 0.0004906654357910156 0
6600 True 0.015625 0.0005235671997070312 0
6700 True 0.015625 0.00048804283142089844 0
6800 True 0.015625 0.0005357265472412109 0
6900 True 0.015625 0.0005044937133789062 0
7000 True 0.015625 0.00048470497131347656 0
7100 True 0.015625 0.00048089027404785156 0
7200 True 0.015625 0.00047850608825683594 0
7300 True 0.015625 0.00046944618225097656 0
7400 True 0.015625 0.00054168701171875 0
7500 True 0.015625 0.0004715919494628906 0
7600 True 0.015625 0.0005223751068115234 0
7700 True 0.015625 0.00048065185546875 0
7800 False 0.0 0.0 0
7900 True 0.015625 0.0006415843963623047 0
8000 True 0.015625 0.0004734992980957031 0
8100 True 0.015625 0.0004868507385253906 0
8200 True 0.015625 0.0004818439483642578 0
8300 True 0.015625 0.0004942417144775391 0
8400 True 0.015625 0.0005323886871337891 0
8500 True 0.015625 0.00063323974609375 0
8600 True 0.015625 0.00047850608825683594 0
8700 True 0.015625 0.0004868507385253906 0
8800 True 0.015625 0.0004825592041015625 0
8900 True 0.015625 0.0008461475372314453 0
9000 True 0.015625 0.0005471706390380859 0
9100 True 0.015625 0.0005238056182861328 0
9200 True 0.015625 0.0005269050598144531 0
9300 True 0.015625 0.0005068778991699219 0
9400 True 0.015625 0.0005099773406982422 0
9500 True 0.015625 0.0005056858062744141 0
9600 True 0.015625 0.0005271434783935547 0
9700 False 0.0 0.0 0
9800 True 0.015625 0.0005028247833251953 0
9900 True 0.015625 0.0005519390106201172 0
