0 True 1 0.0012848377227783203 0
100 True 1 0.0005335807800292969 0
200 True 1 0.0005922317504882812 0
300 False 0 0.0 0
400 True 1 0.0004942417144775391 0
500 True 1 0.0006136894226074219 0
600 True 1 0.0005872249603271484 0
700 True 1 0.0006690025329589844 0
800 True 1 0.0005533695220947266 0
900 True 1 0.0005867481231689453 0
1000 True 1 0.0005695819854736328 0
1100 True 1 0.0005631446838378906 0
1200 False 0 0.0 0
1300 True 1 0.0005004405975341797 0
1400 True 1 0.0007193088531494141 0
1500 False 0 0.0 0
1600 True 1 0.0004913806915283203 0
1700 True 1 0.0004978179931640625 0
1800 False 0 0.0 0
1900 True 1 0.0004696846008300781 0
2000 True 1 0.0004944801330566406 0
2100 True 1 0.0005242824554443359 0
2200 True 1 0.0005059242248535156 0
2300 True 1 0.0005574226379394531 0
2400 True 1 0.0005364418029785156 0
2500 True 1 0.0005085468292236328 0
2600 True 1 0.0005168914794921875 0
2700 True 1 0.0006144046783447266 0
2800 True 1 0.0005118846893310547 0
2900 True 1 0.0005939006805419922 0
3000 True 1 0.0004711151123046875 0
3100 True 1 0.000629425048828125 0
3200 True 1 0.0005280971527099609 0
3300 True 1 0.0005519390106201172 0
3400 True 1 0.0006320476531982422 0
3500 True 1 0.0005745887756347656 0
3600 True 1 0.0004780292510986328 0
3700 True 1 0.00055694580078125 0
3800 True 1 0.0004763603210449219 0
3900 True 1 0.0004956722259521484 0
4000 False 0 0.0 0
4100 True 1 0.0004782676696777344 0
4200 True 1 0.0005381107330322266 0
4300 False 0 0.0 0
4400 True 1 0.00048351287841796875 0
4500 False 0 0.0 0
4600 True 1 0.0008296966552734375 0
4700 True 1 0.0005550384521484375 0
4800 True 1 0.0006353855133056641 0
4900 True 1 0.0008563995361328125 0
5000 True 1 0.0005183219909667969 0
5100 True 1 0.0004992485046386719 0
5200 True 1 0.0006053447723388672 0
5300 True 1 0.0006611347198486328 0
5400 True 1 0.0006082057952880859 0
5500 True 1 0.0004818439483642578 0
5600 False 0 0.0 0
5700 True 1 0.0004744529724121094 0
5800 True 1 0.0006167888641357422 0
5900 True 1 0.0004813671112060547 0
6000 True 1 0.0005087852478027344 0
6100 True 1 0.0005304813385009766 0
6200 True 1 0.0005347728729248047 0
6300 True 1 0.0004444122314453125 0
6400 False 0 0.0 0
6500 True 1 0.0004813671112060547 0
6600 True 1 0.0004801750183105469 0
6700 True 1 0.0004744529724121094 0
6800 True 1 0.0004892349243164062 0
6900 True 1 0.0006186962127685547 0
7000 True 1 0.000499725341796875 0
7100 True 1 0.0008459091186523438 0
7200 True 1 0.0005810260772705078 0
7300 True 1 0.00048041343688964844 0
7400 True 1 0.00048065185546875 0
7500 True 1 0.00048542022705078125 0
7600 True 1 0.00048613548278808594 0
7700 True 1 0.0004994869232177734 0
7800 False 0 0.0 0
7900 True 1 0.0005116462707519531 0
8000 True 1 0.0004801750183105469 0
8100 True 1 0.0005013942718505859 0
8200 True 1 0.0004923343658447266 0
8300 True 1 0.0004513263702392578 0
8400 True 1 0.00048804283142089844 0
8500 True 1 0.0005638599395751953 0
8600 True 1 0.0004754066467285156 0
8700 True 1 0.0005125999450683594 0
8800 True 1 0.0007925033569335938 0
8900 True 1 0.0005075931549072266 0
9000 True 1 0.0006644725799560547 0
9100 True 1 0.0004892349243164062 0
9200 True 1 0.0006272792816162109 0
9300 True 1 0.0004889965057373047 0
9400 True 1 0.0009298324584960938 0
9500 True 1 0.0005345344543457031 0
9600 True 1 0.0007574558258056641 0
9700 False 0 0.0 0
9800 True 1 0.0005962848663330078 0
9900 True 1 0.0006265640258789062 0
