0 True 1 0.0005970001220703125 0
100 True 1 0.0009541511535644531 0
200 True 1 0.0007071495056152344 0
300 False 0 0.0 0
400 True 1 0.0009996891021728516 0
500 True 1 0.0006349086761474609 0
600 True 1 0.0009176731109619141 0
700 True 1 0.0008542537689208984 0
800 False 0 0.0 0
900 True 1 0.0009126663208007812 0
1000 True 1 0.0007789134979248047 0
1100 True 1 0.0007829666137695312 0
1200 False 0 0.0 0
1300 True 1 0.0009872913360595703 0
1400 True 1 0.0008268356323242188 0
1500 False 0 0.0 0
1600 True 1 0.0011224746704101562 0
1700 True 1 0.0006773471832275391 0
1800 True 1 0.0007092952728271484 0
1900 True 1 0.0006802082061767578 0
2000 True 1 0.0006768703460693359 0
2100 True 1 0.0007598400115966797 0
2200 True 1 0.0006475448608398438 0
2300 True 1 0.0006210803985595703 0
2400 False 0 0.0 0
2500 False 0 0.0 0
2600 True 1 0.0006685256958007812 0
2700 True 1 0.0007619857788085938 0
2800 True 1 0.0009438991546630859 0
2900 True 1 0.0008192062377929688 0
3000 True 1 0.000827789306640625 0
3100 True 1 0.0007491111755371094 0
3200 True 1 0.0008406639099121094 0
3300 True 1 0.0008189678192138672 0
3400 True 1 0.0007750988006591797 0
3500 True 1 0.0006673336029052734 0
3600 True 1 0.0008172988891601562 0
3700 True 1 0.0007650852203369141 0
3800 True 1 0.0007488727569580078 0
3900 True 1 0.0008409023284912109 0
4000 False 0 0.0 0
4100 True 1 0.0007529258728027344 0
4200 True 1 0.0009012222290039062 0
4300 False 0 0.0 0
4400 True 1 0.0007958412170410156 0
4500 False 0 0.0 0
4600 True 1 0.0008347034454345703 0
4700 True 1 0.0007627010345458984 0
4800 True 1 0.0007340908050537109 0
4900 True 1 0.0008592605590820312 0
5000 True 1 0.0006692409515380859 0
5100 False 0 0.0 0
5200 True 1 0.0008280277252197266 0
5300 True 1 0.0005958080291748047 0
5400 True 1 0.0005557537078857422 0
5500 True 1 0.0005502700805664062 0
5600 True 1 0.0005502700805664062 0
5700 True 1 0.0005621910095214844 0
5800 True 1 0.000576019287109375 0
5900 True 1 0.000583648681640625 0
6000 True 1 0.0005733966827392578 0
6100 True 1 0.0005772113800048828 0
6200 True 1 0.0009586811065673828 0
6300 True 1 0.0005819797515869141 0
6400 True 1 0.0005996227264404297 0
6500 True 1 0.0006144046783447266 0
6600 True 1 0.0006425380706787109 0
6700 True 1 0.0008490085601806641 0
6800 True 1 0.0006210803985595703 0
6900 True 1 0.0005736351013183594 0
7000 True 1 0.0006802082061767578 0
7100 True 1 0.0006301403045654297 0
7200 True 1 0.0006413459777832031 0
7300 True 1 0.0005624294281005859 0
7400 True 1 0.0006661415100097656 0
7500 True 1 0.0005664825439453125 0
7600 True 1 0.0006048679351806641 0
7700 True 1 0.0006074905395507812 0
7800 False 0 0.0 0
7900 True 1 0.0005619525909423828 0
8000 True 1 0.0005681514739990234 0
8100 True 1 0.0005550384521484375 0
8200 True 1 0.0005791187286376953 0
8300 True 1 0.0005707740783691406 0
8400 True 1 0.0005636215209960938 0
8500 True 1 0.0005731582641601562 0
8600 True 1 0.0006155967712402344 0
8700 True 1 0.0007777214050292969 0
8800 True 1 0.0005724430084228516 0
8900 True 1 0.0005643367767333984 0
9000 True 1 0.0005574226379394531 0
9100 True 1 0.0005626678466796875 0
9200 True 1 0.0005538463592529297 0
9300 True 1 0.0006163120269775391 0
9400 True 1 0.0005617141723632812 0
9500 True 1 0.0005822181701660156 0
9600 True 1 0.0005688667297363281 0
9700 False 0 0.0 0
9800 True 1 0.0006136894226074219 0
9900 True 1 0.000568389892578125 0
