0 True 0.015625 0.0005819797515869141 0
100 True 0.015625 0.0006358623504638672 0
200 True 0.015625 0.0006749629974365234 0
300 False 0.0 0.0 0
400 True 0.015625 0.0005784034729003906 0
500 True 0.015625 0.0005655288696289062 0
600 True 0.015625 0.0005764961242675781 0
700 True 0.015625 0.0005710124969482422 0
800 False 0.0 0.0 0
900 True 0.015625 0.0005757808685302734 0
1000 True 0.015625 0.0006566047668457031 0
1100 True 0.015625 0.0006196498870849609 0
1200 False 0.0 0.0 0
1300 True 0.015625 0.0006496906280517578 0
1400 True 0.015625 0.0005550384521484375 0
1500 False 0.0 0.0 0
1600 True 0.015625 0.0005695819854736328 0
1700 True 0.015625 0.0005688667297363281 0
1800 True 0.015625 0.0005729198455810547 0
1900 True 0.015625 0.000568389892578125 0
2000 True 0.015625 0.0005984306335449219 0
2100 True 0.015625 0.0005600452423095703 0
2200 True 0.015625 0.0005731582641601562 0
2300 True 0.015625 0.0005865097045898438 0
2400 False 0.0 0.0 0
2500 False 0.0 0.0 0
2600 True 0.015625 0.0005714893341064453 0
2700 True 0.015625 0.0006623268127441406 0
2800 True 0.015625 0.0005946159362792969 0
2900 True 0.015625 0.0007688999176025391 0
3000 True 0.015625 0.0005786418914794922 0
3100 True 0.015625 0.0005991458892822266 0
3200 True 0.015625 0.0005960464477539062 0
3300 True 0.015625 0.0005862712860107422 0
3400 True 0.015625 0.0006368160247802734 0
3500 True 0.015625 0.0005774497985839844 0
3600 True 0.015625 0.0005888938903808594 0
3700 True 0.015625 0.0005743503570556641 0
3800 True 0.015625 0.0008199214935302734 0
3900 True 0.015625 0.0005686283111572266 0
4000 False 0.0 0.0 0
4100 True 0.015625 0.0005753040313720703 0
4200 True 0.015625 0.0005724430084228516 0
4300 False 0.0 0.0 0
4400 True 0.015625 0.0005829334259033203 0
4500 False 0.0 0.0 0
4600 True 0.015625 0.0005948543548583984 0
4700 True 0.015625 0.0005862712860107422 0
4800 True 0.015625 0.0005886554718017578 0
4900 True 0.015625 0.0005729198455810547 0
5000 True 0.015625 0.0005645751953125 0
5100 False 0.0 0.0 0
5200 True 0.015625 0.0006089210510253906 0
5300 True 0.015625 0.0006256103515625 0
5400 True 0.015625 0.0005855560302734375 0
5500 True 0.015625 0.0006392002105712891 0
5600 True 0.015625 0.0006139278411865234 0
5700 True 0.015625 0.0005631446838378906 0
5800 True 0.015625 0.0005967617034912109 0
5900 True 0.015625 0.000614166259765625 0
6000 True 0.015625 0.0005545616149902344 0
6100 True 0.015625 0.0006613731384277344 0
6200 True 0.015625 0.0005965232849121094 0
6300 True 0.015625 0.0005817413330078125 0
6400 True 0.015625 0.0005831718444824219 0
6500 True 0.015625 0.0005755424499511719 0
6600 True 0.015625 0.0005719661712646484 0
6700 True 0.015625 0.0005719661712646484 0
6800 True 0.015625 0.0005536079406738281 0
6900 True 0.015625 0.0006000995635986328 0
7000 True 0.015625 0.0005736351013183594 0
7100 True 0.015625 0.0006053447723388672 0
7200 True 0.015625 0.0005941390991210938 0
7300 True 0.015625 0.0005972385406494141 0
7400 True 0.015625 0.0006427764892578125 0
7500 True 0.015625 0.0005590915679931641 0
7600 True 0.015625 0.0006043910980224609 0
7700 True 0.015625 0.0006611347198486328 0
7800 False 0.0 0.0 0
7900 True 0.015625 0.0008900165557861328 0
8000 True 0.015625 0.0006008148193359375 0
8100 True 0.015625 0.0006246566772460938 0
8200 True 0.015625 0.0005762577056884766 0
8300 True 0.015625 0.0006406307220458984 0
8400 True 0.015625 0.0005934238433837891 0
8500 True 0.015625 0.0006272792816162109 0
8600 True 0.015625 0.0005574226379394531 0
8700 True 0.015625 0.0006203651428222656 0
8800 True 0.015625 0.0005590915679931641 0
8900 True 0.015625 0.0006334781646728516 0
9000 True 0.015625 0.0005609989166259766 0
9100 True 0.015625 0.0006144046783447266 0
9200 True 0.015625 0.0005717277526855469 0
9300 True 0.015625 0.0008416175842285156 0
9400 True 0.015625 0.0005991458892822266 0
9500 True 0.015625 0.0007288455963134766 0
9600 True 0.015625 0.0006487369537353516 0
9700 False 0.0 0.0 0
9800 True 0.015625 0.0005745887756347656 0
9900 True 0.015625 0.0006537437438964844 0
