0 True 1 0.0013997554779052734 0
100 True 1 0.0008139610290527344 0
200 True 1 0.0007686614990234375 0
300 False 0 0.0 0
400 True 1 0.0007817745208740234 0
500 True 1 0.0008587837219238281 0
600 True 1 0.0008213520050048828 0
700 False 0 0.0 0
800 True 1 0.0008623600006103516 0
900 True 1 0.0008068084716796875 0
1000 False 0 0.0 0
1100 True 1 0.0014166831970214844 0
1200 False 0 0.0 0
1300 True 1 0.0009682178497314453 0
1400 True 1 0.0007481575012207031 0
1500 False 0 0.0 0
1600 False 0 0.0 0
1700 True 1 0.0007343292236328125 0
1800 False 0 0.0 0
1900 False 0 0.0 0
2000 True 1 0.0007281303405761719 0
2100 True 1 0.0007059574127197266 0
2200 True 1 0.0007622241973876953 0
2300 False 0 0.0 0
2400 False 0 0.0 0
2500 False 0 0.0 0
2600 True 1 0.0007724761962890625 0
2700 True 1 0.0007073879241943359 0
2800 False 0 0.0 0
2900 False 0 0.0 0
3000 True 1 0.0007109642028808594 0
3100 True 1 0.0007469654083251953 0
3200 True 1 0.0007255077362060547 0
3300 True 1 0.000720977783203125 0
3400 True 1 0.0007097721099853516 0
3500 True 1 0.0007112026214599609 0
3600 False 0 0.0 0
3700 True 1 0.0007722377777099609 0
3800 True 1 0.0007176399230957031 0
3900 True 1 0.0007240772247314453 0
4000 False 0 0.0 0
4100 False 0 0.0 0
4200 True 1 0.0007653236389160156 0
4300 False 0 0.0 0
4400 True 1 0.0007326602935791016 0
4500 True 1 0.0007297992706298828 0
4600 True 1 0.0007317066192626953 0
4700 True 1 0.0007839202880859375 0
4800 True 1 0.0007374286651611328 0
4900 True 1 0.0007805824279785156 0
5000 True 1 0.0007164478302001953 0
5100 True 1 0.0007231235504150391 0
5200 True 1 0.0007162094116210938 0
5300 True 1 0.0007238388061523438 0
5400 False 0 0.0 0
5500 True 1 0.0007903575897216797 0
5600 True 1 0.0007660388946533203 0
5700 True 1 0.0007402896881103516 0
5800 True 1 0.0007336139678955078 0
5900 True 1 0.0007464885711669922 0
6000 True 1 0.0007810592651367188 0
6100 True 1 0.0007534027099609375 0
6200 True 1 0.000728607177734375 0
6300 True 1 0.0007252693176269531 0
6400 False 0 0.0 0
6500 True 1 0.0006890296936035156 0
6600 False 0 0.0 0
6700 True 1 0.0007097721099853516 0
6800 True 1 0.0007703304290771484 0
6900 True 1 0.0007250308990478516 0
7000 True 1 0.0007407665252685547 0
7100 False 0 0.0 0
7200 True 1 0.0007178783416748047 0
7300 True 1 0.0007309913635253906 0
7400 True 1 0.0007393360137939453 0
7500 True 1 0.0007138252258300781 0
7600 True 1 0.0007131099700927734 0
7700 True 1 0.0007152557373046875 0
7800 False 0 0.0 0
7900 False 0 0.0 0
8000 True 1 0.0007648468017578125 0
8100 True 1 0.0008242130279541016 0
8200 True 1 0.0010612010955810547 0
8300 False 0 0.0 0
8400 True 1 0.0007302761077880859 0
8500 True 1 0.0008594989776611328 0
8600 True 1 0.0007443428039550781 0
8700 True 1 0.0007412433624267578 0
8800 True 1 0.0007367134094238281 0
8900 True 1 0.0008475780487060547 0
9000 True 1 0.0007486343383789062 0
9100 True 1 0.0007405281066894531 0
9200 True 1 0.0008418560028076172 0
9300 True 1 0.0007493495941162109 0
9400 True 1 0.0007793903350830078 0
9500 True 1 0.0007295608520507812 0
9600 True 1 0.0007300376892089844 0
9700 True 1 0.0007848739624023438 0
9800 True 1 0.000736236572265625 0
9900 True 1 0.0007555484771728516 0
