0 True 0.015625 0.0008819103240966797 0
100 True 0.015625 0.0007612705230712891 0
200 True 0.015625 0.0007193088531494141 0
300 True 0.015625 0.0008654594421386719 0
400 True 0.015625 0.0007979869842529297 0
500 True 0.015625 0.000743865966796875 0
600 True 0.015625 0.0009133815765380859 0
700 True 0.015625 0.0007853507995605469 0
800 True 0.015625 0.001041412353515625 0
900 True 0.015625 0.000835418701171875 0
1000 True 0.015625 0.0007593631744384766 0
1100 True 0.015625 0.0010700225830078125 0
1200 True 0.015625 0.0008807182312011719 0
1300 True 0.015625 0.0009214878082275391 0
1400 True 0.015625 0.0008919239044189453 0
1500 False 0.0 0.0 0
1600 True 0.015625 0.0010111331939697266 0
1700 True 0.015625 0.0009171962738037109 0
1800 True 0.015625 0.0007653236389160156 0
1900 True 0.015625 0.0007748603820800781 0
2000 True 0.015625 0.0007987022399902344 0
2100 True 0.015625 0.0007815361022949219 0
2200 True 0.015625 0.0007789134979248047 0
2300 True 0.015625 0.0009033679962158203 0
2400 True 0.015625 0.0007412433624267578 0
2500 True 0.015625 0.0009448528289794922 0
2600 True 0.015625 0.0007297992706298828 0
2700 True 0.015625 0.0013875961303710938 0
2800 True 0.015625 0.0007395744323730469 0
2900 True 0.015625 0.0007293224334716797 0
3000 True 0.015625 0.0011680126190185547 0
3100 True 0.015625 0.0008378028869628906 0
3200 True 0.015625 0.0008513927459716797 0
3300 True 0.015625 0.0007925033569335938 0
3400 True 0.015625 0.0009059906005859375 0
3500 True 0.015625 0.0009944438934326172 0
3600 True 0.015625 0.0007913112640380859 0
3700 True 0.015625 0.00077056884765625 0
3800 True 0.015625 0.0007152557373046875 0
3900 True 0.015625 0.0011138916015625 0
4000 True 0.015625 0.0007915496826171875 0
4100 True 0.015625 0.0007364749908447266 0
4200 True 0.015625 0.000713348388671875 0
4300 True 0.015625 0.0007538795471191406 0
4400 True 0.015625 0.0008630752563476562 0
4500 False 0.0 0.0 0
4600 True 0.015625 0.0007951259613037109 0
4700 True 0.015625 0.0009143352508544922 0
4800 True 0.015625 0.0007996559143066406 0
4900 True 0.015625 0.0007765293121337891 0
5000 True 0.015625 0.0007231235504150391 0
5100 True 0.015625 0.0007405281066894531 0
5200 True 0.015625 0.0012280941009521484 0
5300 True 0.015625 0.0009064674377441406 0
5400 True 0.015625 0.0007865428924560547 0
5500 True 0.015625 0.0007736682891845703 0
5600 True 0.015625 0.0008029937744140625 0
5700 True 0.015625 0.0007421970367431641 0
5800 True 0.015625 0.0006997585296630859 0
5900 True 0.015625 0.0007598400115966797 0
6000 True 0.015625 0.000732421875 0
6100 True 0.015625 0.0007076263427734375 0
6200 True 0.015625 0.0007069110870361328 0
6300 True 0.015625 0.0007233619689941406 0
6400 True 0.015625 0.0006928443908691406 0
6500 True 0.015625 0.0006825923919677734 0
6600 True 0.015625 0.0006537437438964844 0
6700 True 0.015625 0.0007205009460449219 0
6800 True 0.015625 0.0007679462432861328 0
6900 True 0.015625 0.0008292198181152344 0
7000 True 0.015625 0.0007781982421875 0
7100 True 0.015625 0.0007388591766357422 0
7200 True 0.015625 0.0008296966552734375 0
7300 True 0.015625 0.0007236003875732422 0
7400 True 0.015625 0.0007309913635253906 0
7500 True 0.015625 0.0008060932159423828 0
7600 True 0.015625 0.0006878376007080078 0
7700 True 0.015625 0.0007305145263671875 0
7800 False 0.0 0.0 0
7900 True 0.015625 0.0006990432739257812 0
8000 True 0.015625 0.0008704662322998047 0
8100 True 0.015625 0.0007662773132324219 0
8200 True 0.015625 0.0007305145263671875 0
8300 True 0.015625 0.0008158683776855469 0
8400 True 0.015625 0.0007917881011962891 0
8500 True 0.015625 0.0007371902465820312 0
8600 True 0.015625 0.0007202625274658203 0
8700 True 0.015625 0.0007188320159912109 0
8800 True 0.015625 0.0006923675537109375 0
8900 True 0.015625 0.000713348388671875 0
9000 True 0.015625 0.0007214546203613281 0
9100 True 0.015625 0.0007150173187255859 0
9200 True 0.015625 0.0007653236389160156 0
9300 True 0.015625 0.0007646083831787109 0
9400 True 0.015625 0.0007309913635253906 0
9500 True 0.015625 0.0007567405700683594 0
9600 True 0.015625 0.0007755756378173828 0
9700 True 0.015625 0.0007636547088623047 0
9800 True 0.015625 0.0007467269897460938 0
9900 True 0.015625 0.0007634162902832031 0
