0 True 1 0.0005452632904052734 0
100 True 1 0.000667572021484375 0
200 True 1 0.0005848407745361328 0
300 True 1 0.0005636215209960938 0
400 True 1 0.0005388259887695312 0
500 True 1 0.0006244182586669922 0
600 True 1 0.0005176067352294922 0
700 True 1 0.000579833984375 0
800 True 1 0.0006172657012939453 0
900 True 1 0.0005586147308349609 0
1000 True 1 0.0006866455078125 0
1100 True 1 0.0005693435668945312 0
1200 True 1 0.0006074905395507812 0
1300 True 1 0.0005509853363037109 0
1400 True 1 0.0006556510925292969 0
1500 False 0 0.0 0
1600 True 1 0.0006499290466308594 0
1700 True 1 0.0005257129669189453 0
1800 False 0 0.0 0
1900 True 1 0.0006365776062011719 0
2000 True 1 0.0005652904510498047 0
2100 True 1 0.0006465911865234375 0
2200 True 1 0.0006010532379150391 0
2300 True 1 0.0006067752838134766 0
2400 True 1 0.0005629062652587891 0
2500 True 1 0.0006334781646728516 0
2600 True 1 0.0005528926849365234 0
2700 True 1 0.0006830692291259766 0
2800 True 1 0.0005519390106201172 0
2900 True 1 0.0007164478302001953 0
3000 True 1 0.0006835460662841797 0
3100 True 1 0.0006487369537353516 0
3200 True 1 0.0005779266357421875 0
3300 True 1 0.0006313323974609375 0
3400 True 1 0.0005757808685302734 0
3500 True 1 0.0006213188171386719 0
3600 True 1 0.0006358623504638672 0
3700 True 1 0.0005784034729003906 0
3800 True 1 0.0005974769592285156 0
3900 True 1 0.0005915164947509766 0
4000 False 0 0.0 0
4100 True 1 0.0006377696990966797 0
4200 True 1 0.0006549358367919922 0
4300 False 0 0.0 0
4400 True 1 0.0005698204040527344 0
4500 False 0 0.0 0
4600 True 1 0.0006113052368164062 0
4700 True 1 0.0005552768707275391 0
4800 True 1 0.000640869140625 0
4900 True 1 0.0005326271057128906 0
5000 True 1 0.0006377696990966797 0
5100 True 1 0.0005056858062744141 0
5200 True 1 0.0006611347198486328 0
5300 True 1 0.0005059242248535156 0
5400 True 1 0.0007658004760742188 0
5500 True 1 0.0006256103515625 0
5600 False 0 0.0 0
5700 True 1 0.0006797313690185547 0
5800 True 1 0.0005590915679931641 0
5900 True 1 0.0005769729614257812 0
6000 True 1 0.0006067752838134766 0
6100 True 1 0.0005619525909423828 0
6200 True 1 0.0005705356597900391 0
6300 True 1 0.0005726814270019531 0
6400 True 1 0.0007812976837158203 0
6500 True 1 0.0005846023559570312 0
6600 True 1 0.0006747245788574219 0
6700 True 1 0.0005888938903808594 0
6800 True 1 0.0006287097930908203 0
6900 True 1 0.0005710124969482422 0
7000 True 1 0.0005371570587158203 0
7100 True 1 0.0006077289581298828 0
7200 True 1 0.0007157325744628906 0
7300 True 1 0.0006349086761474609 0
7400 True 1 0.0006291866302490234 0
7500 True 1 0.0005950927734375 0
7600 True 1 0.0006091594696044922 0
7700 True 1 0.0005736351013183594 0
7800 False 0 0.0 0
7900 True 1 0.0005352497100830078 0
8000 True 1 0.0005340576171875 0
8100 True 1 0.0005981922149658203 0
8200 True 1 0.0005643367767333984 0
8300 True 1 0.0005679130554199219 0
8400 True 1 0.0006632804870605469 0
8500 True 1 0.0005660057067871094 0
8600 True 1 0.0006957054138183594 0
8700 True 1 0.0006115436553955078 0
8800 True 1 0.0006852149963378906 0
8900 True 1 0.0005538463592529297 0
9000 True 1 0.0006246566772460938 0
9100 True 1 0.0005650520324707031 0
9200 True 1 0.0006246566772460938 0
9300 True 1 0.0005736351013183594 0
9400 True 1 0.0006024837493896484 0
9500 True 1 0.0005359649658203125 0
9600 True 1 0.0006499290466308594 0
9700 False 0 0.0 0
9800 True 1 0.00057220458984375 0
9900 True 1 0.0005626678466796875 0
