0 True 0.015625 0.0007312297821044922 0
100 True 0.015625 0.0008471012115478516 0
200 True 0.015625 0.0007038116455078125 0
300 True 0.015625 0.0006871223449707031 0
400 True 0.015625 0.0007100105285644531 0
500 True 0.015625 0.0008087158203125 0
600 True 0.015625 0.0007076263427734375 0
700 True 0.015625 0.0008335113525390625 0
800 True 0.015625 0.0007100105285644531 0
900 True 0.015625 0.0007293224334716797 0
1000 True 0.015625 0.0006618499755859375 0
1100 True 0.015625 0.0007240772247314453 0
1200 True 0.015625 0.0009653568267822266 0
1300 True 0.015625 0.0008227825164794922 0
1400 True 0.015625 0.0008471012115478516 0
1500 False 0.0 0.0 0
1600 True 0.015625 0.0007114410400390625 0
1700 True 0.015625 0.0008106231689453125 0
1800 True 0.015625 0.0007202625274658203 0
1900 True 0.015625 0.0007297992706298828 0
2000 True 0.015625 0.0007381439208984375 0
2100 True 0.015625 0.0007090568542480469 0
2200 True 0.015625 0.0007822513580322266 0
2300 True 0.015625 0.0007088184356689453 0
2400 True 0.015625 0.0007998943328857422 0
2500 True 0.015625 0.0007455348968505859 0
2600 True 0.015625 0.0007197856903076172 0
2700 True 0.015625 0.0006978511810302734 0
2800 True 0.015625 0.0008544921875 0
2900 True 0.015625 0.0007116794586181641 0
3000 True 0.015625 0.0009317398071289062 0
3100 True 0.015625 0.0008213520050048828 0
3200 True 0.015625 0.0007040500640869141 0
3300 True 0.015625 0.0009062290191650391 0
3400 True 0.015625 0.0007009506225585938 0
3500 True 0.015625 0.0006988048553466797 0
3600 True 0.015625 0.0008869171142578125 0
3700 True 0.015625 0.0007100105285644531 0
3800 True 0.015625 0.0010294914245605469 0
3900 True 0.015625 0.0007066726684570312 0
4000 True 0.015625 0.000713348388671875 0
4100 True 0.015625 0.0007047653198242188 0
4200 True 0.015625 0.0008020401000976562 0
4300 True 0.015625 0.0007495880126953125 0
4400 True 0.015625 0.000720977783203125 0
4500 False 0.0 0.0 0
4600 True 0.015625 0.0007188320159912109 0
4700 True 0.015625 0.0010356903076171875 0
4800 True 0.015625 0.0007944107055664062 0
4900 True 0.015625 0.0008828639984130859 0
5000 True 0.015625 0.0008916854858398438 0
5100 True 0.015625 0.000736236572265625 0
5200 True 0.015625 0.0007660388946533203 0
5300 True 0.015625 0.0007071495056152344 0
5400 True 0.015625 0.0008437633514404297 0
5500 True 0.015625 0.0008294582366943359 0
5600 False 0.0 0.0 0
5700 True 0.015625 0.0007159709930419922 0
5800 True 0.015625 0.0007784366607666016 0
5900 True 0.015625 0.000720977783203125 0
6000 True 0.015625 0.0007922649383544922 0
6100 True 0.015625 0.0007982254028320312 0
6200 True 0.015625 0.0008490085601806641 0
6300 True 0.015625 0.0010111331939697266 0
6400 True 0.015625 0.0011255741119384766 0
6500 True 0.015625 0.0007524490356445312 0
6600 True 0.015625 0.0007455348968505859 0
6700 True 0.015625 0.0007700920104980469 0
6800 True 0.015625 0.0007386207580566406 0
6900 True 0.015625 0.00074005126953125 0
7000 True 0.015625 0.0007221698760986328 0
7100 True 0.015625 0.0007088184356689453 0
7200 True 0.015625 0.0007288455963134766 0
7300 True 0.015625 0.0007615089416503906 0
7400 True 0.015625 0.000751495361328125 0
7500 True 0.015625 0.0009698867797851562 0
7600 True 0.015625 0.001032114028930664 0
7700 True 0.015625 0.0009822845458984375 0
7800 True 0.015625 0.0007390975952148438 0
7900 True 0.015625 0.0006806850433349609 0
8000 True 0.015625 0.0011687278747558594 0
8100 True 0.015625 0.0007793903350830078 0
8200 True 0.015625 0.0009548664093017578 0
8300 True 0.015625 0.0007956027984619141 0
8400 True 0.015625 0.0007565021514892578 0
8500 True 0.015625 0.000732421875 0
8600 True 0.015625 0.0007462501525878906 0
8700 True 0.015625 0.0007793903350830078 0
8800 True 0.015625 0.0007257461547851562 0
8900 True 0.015625 0.0010101795196533203 0
9000 True 0.015625 0.0009703636169433594 0
9100 True 0.015625 0.0007596015930175781 0
9200 True 0.015625 0.0007421970367431641 0
9300 True 0.015625 0.001279592514038086 0
9400 True 0.015625 0.0007865428924560547 0
9500 True 0.015625 0.0008289813995361328 0
9600 True 0.015625 0.0007202625274658203 0
9700 True 0.015625 0.0011115074157714844 0
9800 True 0.015625 0.0008487701416015625 0
9900 True 0.015625 0.0008118152618408203 0
