0 True 1 0.0011568069458007812 0
100 True 1 0.0007891654968261719 0
200 True 1 0.0007607936859130859 0
300 True 1 0.0008487701416015625 0
400 True 1 0.00078582763671875 0
500 True 1 0.0009388923645019531 0
600 True 1 0.0006954669952392578 0
700 True 1 0.0008165836334228516 0
800 True 1 0.0006501674652099609 0
900 True 1 0.0007779598236083984 0
1000 True 1 0.0009260177612304688 0
1100 True 1 0.0008158683776855469 0
1200 True 1 0.0006413459777832031 0
1300 True 1 0.0007503032684326172 0
1400 True 1 0.0007526874542236328 0
1500 False 0 0.0 0
1600 True 1 0.0007913112640380859 0
1700 True 1 0.0008664131164550781 0
1800 True 1 0.00075531005859375 0
1900 True 1 0.0007040500640869141 0
2000 True 1 0.0007236003875732422 0
2100 True 1 0.0007147789001464844 0
2200 True 1 0.0008976459503173828 0
2300 True 1 0.0010297298431396484 0
2400 True 1 0.0011725425720214844 0
2500 True 1 0.0008857250213623047 0
2600 True 1 0.0007281303405761719 0
2700 True 1 0.0007598400115966797 0
2800 True 1 0.0007412433624267578 0
2900 True 1 0.0006871223449707031 0
3000 True 1 0.0009243488311767578 0
3100 True 1 0.000789642333984375 0
3200 True 1 0.0007543563842773438 0
3300 True 1 0.0008122920989990234 0
3400 True 1 0.0007271766662597656 0
3500 True 1 0.0006763935089111328 0
3600 True 1 0.0006759166717529297 0
3700 True 1 0.0008442401885986328 0
3800 True 1 0.0007123947143554688 0
3900 True 1 0.0007445812225341797 0
4000 True 1 0.0007054805755615234 0
4100 True 1 0.0008614063262939453 0
4200 True 1 0.0007936954498291016 0
4300 True 1 0.0007388591766357422 0
4400 True 1 0.0007266998291015625 0
4500 False 0 0.0 0
4600 True 1 0.0007529258728027344 0
4700 True 1 0.0007419586181640625 0
4800 True 1 0.0007264614105224609 0
4900 True 1 0.0008161067962646484 0
5000 True 1 0.0007059574127197266 0
5100 True 1 0.0008111000061035156 0
5200 True 1 0.0007183551788330078 0
5300 True 1 0.0009696483612060547 0
5400 True 1 0.0008413791656494141 0
5500 True 1 0.0007154941558837891 0
5600 False 0 0.0 0
5700 True 1 0.0007030963897705078 0
5800 True 1 0.0008130073547363281 0
5900 True 1 0.0008208751678466797 0
6000 True 1 0.0007536411285400391 0
6100 True 1 0.0007443428039550781 0
6200 True 1 0.0007059574127197266 0
6300 True 1 0.0007543563842773438 0
6400 True 1 0.0007460117340087891 0
6500 True 1 0.0007159709930419922 0
6600 True 1 0.0007100105285644531 0
6700 True 1 0.0007679462432861328 0
6800 True 1 0.0007498264312744141 0
6900 True 1 0.0007708072662353516 0
7000 True 1 0.0010623931884765625 0
7100 True 1 0.0009443759918212891 0
7200 True 1 0.0007469654083251953 0
7300 True 1 0.0010318756103515625 0
7400 True 1 0.000978231430053711 0
7500 True 1 0.0007002353668212891 0
7600 True 1 0.0007054805755615234 0
7700 True 1 0.0007476806640625 0
7800 True 1 0.0007314682006835938 0
7900 True 1 0.0007848739624023438 0
8000 True 1 0.0010612010955810547 0
8100 True 1 0.0010173320770263672 0
8200 True 1 0.0011446475982666016 0
8300 True 1 0.0006918907165527344 0
8400 True 1 0.0006587505340576172 0
8500 True 1 0.0007181167602539062 0
8600 True 1 0.0009810924530029297 0
8700 True 1 0.0007050037384033203 0
8800 True 1 0.0007085800170898438 0
8900 True 1 0.0006871223449707031 0
9000 True 1 0.0007078647613525391 0
9100 True 1 0.0006825923919677734 0
9200 True 1 0.0006744861602783203 0
9300 True 1 0.0006997585296630859 0
9400 True 1 0.0007126331329345703 0
9500 True 1 0.0007944107055664062 0
9600 True 1 0.000732421875 0
9700 True 1 0.0008111000061035156 0
9800 True 1 0.000698089599609375 0
9900 True 1 0.0007433891296386719 0
