0 True 0.015625 0.0006535053253173828 0
100 True 0.015625 0.0006747245788574219 0
200 True 0.015625 0.0006699562072753906 0
300 True 0.015625 0.0006537437438964844 0
400 True 0.015625 0.0007054805755615234 0
500 True 0.015625 0.0010831356048583984 0
600 True 0.015625 0.0007967948913574219 0
700 True 0.015625 0.0006651878356933594 0
800 True 0.015625 0.0007593631744384766 0
900 True 0.015625 0.0006699562072753906 0
1000 True 0.015625 0.0006792545318603516 0
1100 True 0.015625 0.0006794929504394531 0
1200 True 0.015625 0.0006735324859619141 0
1300 True 0.015625 0.0007183551788330078 0
1400 True 0.015625 0.0006651878356933594 0
1500 True 0.015625 0.0007493495941162109 0
1600 True 0.015625 0.0006613731384277344 0
1700 True 0.015625 0.0006759166717529297 0
1800 True 0.015625 0.0007681846618652344 0
1900 True 0.015625 0.0006687641143798828 0
2000 True 0.015625 0.0006697177886962891 0
2100 True 0.015625 0.0007054805755615234 0
2200 True 0.015625 0.0007681846618652344 0
2300 True 0.015625 0.0006730556488037109 0
2400 True 0.015625 0.0006935596466064453 0
2500 True 0.015625 0.0008161067962646484 0
2600 True 0.015625 0.0006699562072753906 0
2700 True 0.015625 0.0006561279296875 0
2800 True 0.015625 0.0008504390716552734 0
2900 True 0.015625 0.0007991790771484375 0
3000 True 0.015625 0.0006933212280273438 0
3100 True 0.015625 0.0006849765777587891 0
3200 True 0.015625 0.0006706714630126953 0
3300 True 0.015625 0.0006995201110839844 0
3400 True 0.015625 0.0007357597351074219 0
3500 True 0.015625 0.0006692409515380859 0
3600 True 0.015625 0.0007226467132568359 0
3700 True 0.015625 0.0006723403930664062 0
3800 True 0.015625 0.0007150173187255859 0
3900 True 0.015625 0.0006704330444335938 0
4000 True 0.015625 0.0006723403930664062 0
4100 True 0.015625 0.0006811618804931641 0
4200 True 0.015625 0.0006692409515380859 0
4300 True 0.015625 0.0007028579711914062 0
4400 True 0.015625 0.0006613731384277344 0
4500 True 0.015625 0.0006692409515380859 0
4600 True 0.015625 0.0006792545318603516 0
4700 True 0.015625 0.0007219314575195312 0
4800 True 0.015625 0.0006618499755859375 0
4900 True 0.015625 0.0007190704345703125 0
5000 True 0.015625 0.000965118408203125 0
5100 True 0.015625 0.0007266998291015625 0
5200 True 0.015625 0.0006568431854248047 0
5300 True 0.015625 0.0007104873657226562 0
5400 True 0.015625 0.0006885528564453125 0
5500 True 0.015625 0.0006661415100097656 0
5600 True 0.015625 0.00128936767578125 0
5700 True 0.015625 0.0008044242858886719 0
5800 True 0.015625 0.0007100105285644531 0
5900 True 0.015625 0.0008194446563720703 0
6000 True 0.015625 0.0006856918334960938 0
6100 True 0.015625 0.0006959438323974609 0
6200 True 0.015625 0.0009236335754394531 0
6300 True 0.015625 0.0007460117340087891 0
6400 True 0.015625 0.000995635986328125 0
6500 True 0.015625 0.0008344650268554688 0
6600 True 0.015625 0.0007739067077636719 0
6700 True 0.015625 0.0007152557373046875 0
6800 True 0.015625 0.0007231235504150391 0
6900 True 0.015625 0.0007271766662597656 0
7000 True 0.015625 0.0006515979766845703 0
7100 True 0.015625 0.0006716251373291016 0
7200 True 0.015625 0.0006487369537353516 0
7300 True 0.015625 0.0006773471832275391 0
7400 True 0.015625 0.0007731914520263672 0
7500 True 0.015625 0.0006859302520751953 0
7600 True 0.015625 0.0007004737854003906 0
7700 True 0.015625 0.0006716251373291016 0
7800 True 0.015625 0.0006811618804931641 0
7900 True 0.015625 0.0007312297821044922 0
8000 True 0.015625 0.0006692409515380859 0
8100 True 0.015625 0.0007107257843017578 0
8200 True 0.015625 0.0006496906280517578 0
8300 True 0.015625 0.0006620883941650391 0
8400 True 0.015625 0.001085519790649414 0
8500 True 0.015625 0.0006496906280517578 0
8600 True 0.015625 0.0006256103515625 0
8700 True 0.015625 0.0006806850433349609 0
8800 True 0.015625 0.0006515979766845703 0
8900 True 0.015625 0.0006673336029052734 0
9000 True 0.015625 0.0006697177886962891 0
9100 True 0.015625 0.0006690025329589844 0
9200 True 0.015625 0.000667572021484375 0
9300 True 0.015625 0.000675201416015625 0
9400 True 0.015625 0.0006573200225830078 0
9500 True 0.015625 0.0006616115570068359 0
9600 True 0.015625 0.001378774642944336 0
9700 True 0.015625 0.0006773471832275391 0
9800 True 0.015625 0.0007040500640869141 0
9900 True 0.015625 0.0008637905120849609 0
