0 True 0.015625 0.0008416175842285156 0
100 True 0.015625 0.0008082389831542969 0
200 True 0.015625 0.0008099079132080078 0
300 True 0.015625 0.0008361339569091797 0
400 True 0.015625 0.0008816719055175781 0
500 True 0.015625 0.0008466243743896484 0
600 True 0.015625 0.0008523464202880859 0
700 True 0.015625 0.001222848892211914 0
800 True 0.015625 0.0008444786071777344 0
900 False 0.0 0.0 0
1000 True 0.015625 0.0012946128845214844 0
1100 True 0.015625 0.0008587837219238281 0
1200 True 0.015625 0.0008664131164550781 0
1300 True 0.015625 0.0008251667022705078 0
1400 True 0.015625 0.0008089542388916016 0
1500 True 0.015625 0.0008158683776855469 0
1600 True 0.015625 0.0008115768432617188 0
1700 True 0.015625 0.0008318424224853516 0
1800 True 0.015625 0.0008349418640136719 0
1900 True 0.015625 0.0008282661437988281 0
2000 True 0.015625 0.0008289813995361328 0
2100 True 0.015625 0.0008215904235839844 0
2200 True 0.015625 0.0008034706115722656 0
2300 True 0.015625 0.0008590221405029297 0
2400 True 0.015625 0.0008289813995361328 0
2500 True 0.015625 0.0008666515350341797 0
2600 True 0.015625 0.0008211135864257812 0
2700 True 0.015625 0.0008039474487304688 0
2800 True 0.015625 0.0008146762847900391 0
2900 True 0.015625 0.0007991790771484375 0
3000 True 0.015625 0.0008044242858886719 0
3100 True 0.015625 0.0008137226104736328 0
3200 True 0.015625 0.0008344650268554688 0
3300 True 0.015625 0.0008280277252197266 0
3400 True 0.015625 0.0008730888366699219 0
3500 True 0.015625 0.0008034706115722656 0
3600 True 0.015625 0.0008795261383056641 0
3700 True 0.015625 0.000835418701171875 0
3800 True 0.015625 0.0008552074432373047 0
3900 True 0.015625 0.0008165836334228516 0
4000 True 0.015625 0.0008130073547363281 0
4100 True 0.015625 0.0008046627044677734 0
4200 True 0.015625 0.0008082389831542969 0
4300 True 0.015625 0.0008831024169921875 0
4400 True 0.015625 0.0008733272552490234 0
4500 True 0.015625 0.0012924671173095703 0
4600 True 0.015625 0.0009462833404541016 0
4700 True 0.015625 0.0009126663208007812 0
4800 True 0.015625 0.0009100437164306641 0
4900 True 0.015625 0.0009884834289550781 0
5000 True 0.015625 0.0010879039764404297 0
5100 True 0.015625 0.0009846687316894531 0
5200 True 0.015625 0.0009734630584716797 0
5300 True 0.015625 0.0008990764617919922 0
5400 True 0.015625 0.0008831024169921875 0
5500 True 0.015625 0.0009531974792480469 0
5600 True 0.015625 0.0009508132934570312 0
5700 True 0.015625 0.0010297298431396484 0
5800 True 0.015625 0.0009014606475830078 0
5900 True 0.015625 0.0009512901306152344 0
6000 True 0.015625 0.0009295940399169922 0
6100 True 0.015625 0.0009324550628662109 0
6200 True 0.015625 0.0009200572967529297 0
6300 True 0.015625 0.0009291172027587891 0
6400 True 0.015625 0.0010457038879394531 0
6500 True 0.015625 0.0008859634399414062 0
6600 True 0.015625 0.0010709762573242188 0
6700 True 0.015625 0.0009701251983642578 0
6800 True 0.015625 0.0009295940399169922 0
6900 True 0.015625 0.0008392333984375 0
7000 True 0.015625 0.0008866786956787109 0
7100 True 0.015625 0.0009312629699707031 0
7200 True 0.015625 0.0008790493011474609 0
7300 True 0.015625 0.0008802413940429688 0
7400 True 0.015625 0.0008535385131835938 0
7500 True 0.015625 0.0009763240814208984 0
7600 True 0.015625 0.0008871555328369141 0
7700 True 0.015625 0.0008702278137207031 0
7800 True 0.015625 0.0009610652923583984 0
7900 True 0.015625 0.0009753704071044922 0
8000 True 0.015625 0.0009272098541259766 0
8100 True 0.015625 0.0008673667907714844 0
8200 True 0.015625 0.0008542537689208984 0
8300 True 0.015625 0.0008971691131591797 0
8400 True 0.015625 0.0009095668792724609 0
8500 True 0.015625 0.0009915828704833984 0
8600 True 0.015625 0.0008711814880371094 0
8700 True 0.015625 0.0009655952453613281 0
8800 True 0.015625 0.0008420944213867188 0
8900 True 0.015625 0.0008728504180908203 0
9000 True 0.015625 0.0008594989776611328 0
9100 True 0.015625 0.0008854866027832031 0
9200 True 0.015625 0.000980377197265625 0
9300 True 0.015625 0.0009455680847167969 0
9400 True 0.015625 0.0010154247283935547 0
9500 True 0.015625 0.000850677490234375 0
9600 True 0.015625 0.0008442401885986328 0
9700 True 0.015625 0.0009448528289794922 0
9800 True 0.015625 0.0008587837219238281 0
9900 True 0.015625 0.0008499622344970703 0
