0 True 1 0.0017600059509277344 0
100 True 1 0.000843048095703125 0
200 True 1 0.0007212162017822266 0
300 True 1 0.0007121562957763672 0
400 True 1 0.0008218288421630859 0
500 True 1 0.000978231430053711 0
600 True 1 0.0009126663208007812 0
700 True 1 0.0007226467132568359 0
800 True 1 0.0007216930389404297 0
900 True 1 0.0007040500640869141 0
1000 True 1 0.0007991790771484375 0
1100 True 1 0.0007038116455078125 0
1200 True 1 0.0007936954498291016 0
1300 True 1 0.0007193088531494141 0
1400 True 1 0.0007166862487792969 0
1500 True 1 0.0006976127624511719 0
1600 True 1 0.0006866455078125 0
1700 True 1 0.0007619857788085938 0
1800 True 1 0.0008983612060546875 0
1900 True 1 0.001054525375366211 0
2000 True 1 0.0007078647613525391 0
2100 True 1 0.0007393360137939453 0
2200 True 1 0.0006887912750244141 0
2300 True 1 0.0006628036499023438 0
2400 True 1 0.0006608963012695312 0
2500 True 1 0.0006670951843261719 0
2600 True 1 0.0006639957427978516 0
2700 True 1 0.0007011890411376953 0
2800 True 1 0.0006854534149169922 0
2900 True 1 0.0006744861602783203 0
3000 True 1 0.0007040500640869141 0
3100 True 1 0.0006859302520751953 0
3200 True 1 0.000659942626953125 0
3300 True 1 0.0006763935089111328 0
3400 True 1 0.0006549358367919922 0
3500 True 1 0.0006899833679199219 0
3600 True 1 0.0006718635559082031 0
3700 True 1 0.0006582736968994141 0
3800 True 1 0.0007135868072509766 0
3900 True 1 0.0006802082061767578 0
4000 True 1 0.0007393360137939453 0
4100 True 1 0.0006835460662841797 0
4200 True 1 0.0007457733154296875 0
4300 True 1 0.0006861686706542969 0
4400 True 1 0.0008096694946289062 0
4500 True 1 0.0006611347198486328 0
4600 True 1 0.0007846355438232422 0
4700 True 1 0.0006761550903320312 0
4800 True 1 0.000732421875 0
4900 True 1 0.0006971359252929688 0
5000 True 1 0.0007505416870117188 0
5100 True 1 0.0006563663482666016 0
5200 True 1 0.0007605552673339844 0
5300 True 1 0.0006654262542724609 0
5400 True 1 0.0009212493896484375 0
5500 True 1 0.0006647109985351562 0
5600 False 0 0.0 0
5700 True 1 0.0011475086212158203 0
5800 True 1 0.0006933212280273438 0
5900 True 1 0.0006694793701171875 0
6000 True 1 0.0009064674377441406 0
6100 True 1 0.0007202625274658203 0
6200 True 1 0.0011200904846191406 0
6300 True 1 0.0006716251373291016 0
6400 True 1 0.0006608963012695312 0
6500 True 1 0.0006656646728515625 0
6600 True 1 0.0007290840148925781 0
6700 True 1 0.0008337497711181641 0
6800 True 1 0.0007598400115966797 0
6900 True 1 0.0006747245788574219 0
7000 True 1 0.0007784366607666016 0
7100 True 1 0.0007357597351074219 0
7200 True 1 0.0007367134094238281 0
7300 True 1 0.0007259845733642578 0
7400 True 1 0.0007183551788330078 0
7500 True 1 0.0007252693176269531 0
7600 True 1 0.0006856918334960938 0
7700 True 1 0.00072479248046875 0
7800 True 1 0.0008401870727539062 0
7900 True 1 0.0008399486541748047 0
8000 True 1 0.0007495880126953125 0
8100 True 1 0.0007202625274658203 0
8200 True 1 0.0007069110870361328 0
8300 True 1 0.0007643699645996094 0
8400 True 1 0.0006973743438720703 0
8500 True 1 0.0008292198181152344 0
8600 True 1 0.0007066726684570312 0
8700 True 1 0.0008091926574707031 0
8800 True 1 0.0006902217864990234 0
8900 True 1 0.0006997585296630859 0
9000 True 1 0.0006585121154785156 0
9100 True 1 0.0007283687591552734 0
9200 True 1 0.0009477138519287109 0
9300 True 1 0.0008263587951660156 0
9400 True 1 0.0006744861602783203 0
9500 True 1 0.0007040500640869141 0
9600 True 1 0.0006597042083740234 0
9700 True 1 0.0006787776947021484 0
9800 True 1 0.0006971359252929688 0
9900 True 1 0.0006644725799560547 0
