0 True 0.015625 0.0014340877532958984 0
100 True 0.015625 0.0014393329620361328 0
200 True 0.015625 0.0012562274932861328 0
300 True 0.015625 0.0011658668518066406 0
400 True 0.015625 0.0012373924255371094 0
500 True 0.015625 0.001073598861694336 0
600 True 0.015625 0.0010464191436767578 0
700 True 0.015625 0.0010826587677001953 0
800 True 0.015625 0.0011417865753173828 0
900 True 0.015625 0.0010232925415039062 0
1000 True 0.015625 0.001077890396118164 0
1100 True 0.015625 0.0009534358978271484 0
1200 True 0.015625 0.0009562969207763672 0
1300 True 0.015625 0.000990152359008789 0
1400 True 0.015625 0.0009691715240478516 0
1500 True 0.015625 0.0009391307830810547 0
1600 True 0.015625 0.0009596347808837891 0
1700 True 0.015625 0.0009703636169433594 0
1800 True 0.015625 0.0010094642639160156 0
1900 True 0.015625 0.0009613037109375 0
2000 True 0.015625 0.0009975433349609375 0
2100 True 0.015625 0.0009846687316894531 0
2200 True 0.015625 0.0010890960693359375 0
2300 True 0.015625 0.0009999275207519531 0
2400 True 0.015625 0.0009815692901611328 0
2500 True 0.015625 0.0009620189666748047 0
2600 True 0.015625 0.001018524169921875 0
2700 True 0.015625 0.000982522964477539 0
2800 True 0.015625 0.0010409355163574219 0
2900 True 0.015625 0.0009479522705078125 0
3000 True 0.015625 0.0009694099426269531 0
3100 True 0.015625 0.0015408992767333984 0
3200 True 0.015625 0.0010111331939697266 0
3300 True 0.015625 0.0010089874267578125 0
3400 True 0.015625 0.0009760856628417969 0
3500 True 0.015625 0.0009648799896240234 0
3600 True 0.015625 0.0010364055633544922 0
3700 True 0.015625 0.000995635986328125 0
3800 True 0.015625 0.0009975433349609375 0
3900 True 0.015625 0.00102996826171875 0
4000 True 0.015625 0.0009639263153076172 0
4100 True 0.015625 0.0014739036560058594 0
4200 True 0.015625 0.0009615421295166016 0
4300 True 0.015625 0.0009665489196777344 0
4400 True 0.015625 0.001018524169921875 0
4500 True 0.015625 0.0009582042694091797 0
4600 True 0.015625 0.000980377197265625 0
4700 True 0.015625 0.0009815692901611328 0
4800 True 0.015625 0.0010404586791992188 0
4900 True 0.015625 0.0009615421295166016 0
5000 True 0.015625 0.00106048583984375 0
5100 True 0.015625 0.0009894371032714844 0
5200 True 0.015625 0.0009489059448242188 0
5300 True 0.015625 0.0010428428649902344 0
5400 True 0.015625 0.0009486675262451172 0
5500 True 0.015625 0.0010058879852294922 0
5600 True 0.015625 0.0010988712310791016 0
5700 True 0.015625 0.0009624958038330078 0
5800 True 0.015625 0.0009524822235107422 0
5900 True 0.015625 0.0009992122650146484 0
6000 True 0.015625 0.0009629726409912109 0
6100 True 0.015625 0.0010080337524414062 0
6200 True 0.015625 0.0009477138519287109 0
6300 True 0.015625 0.0009922981262207031 0
6400 True 0.015625 0.001087188720703125 0
6500 True 0.015625 0.001146078109741211 0
6600 True 0.015625 0.0009598731994628906 0
6700 True 0.015625 0.0010569095611572266 0
6800 True 0.015625 0.0009558200836181641 0
6900 True 0.015625 0.0009415149688720703 0
7000 True 0.015625 0.0010528564453125 0
7100 True 0.015625 0.0009744167327880859 0
7200 True 0.015625 0.0009827613830566406 0
7300 True 0.015625 0.0010082721710205078 0
7400 True 0.015625 0.0010304450988769531 0
7500 True 0.015625 0.0010423660278320312 0
7600 True 0.015625 0.0009737014770507812 0
7700 True 0.015625 0.0009760856628417969 0
7800 True 0.015625 0.0009610652923583984 0
7900 True 0.015625 0.0009567737579345703 0
8000 True 0.015625 0.0010395050048828125 0
8100 True 0.015625 0.001039743423461914 0
8200 True 0.015625 0.0012984275817871094 0
8300 True 0.015625 0.0010352134704589844 0
8400 True 0.015625 0.0010132789611816406 0
8500 True 0.015625 0.0009739398956298828 0
8600 True 0.015625 0.0009603500366210938 0
8700 True 0.015625 0.0010094642639160156 0
8800 True 0.015625 0.0010344982147216797 0
8900 True 0.015625 0.0009765625 0
9000 True 0.015625 0.0009610652923583984 0
9100 True 0.015625 0.0009968280792236328 0
9200 True 0.015625 0.0009260177612304688 0
9300 True 0.015625 0.0009570121765136719 0
9400 True 0.015625 0.0009865760803222656 0
9500 True 0.015625 0.00098419189453125 0
9600 True 0.015625 0.0010161399841308594 0
9700 True 0.015625 0.0009877681732177734 0
9800 True 0.015625 0.0009534358978271484 0
9900 True 0.015625 0.0010528564453125 0
