0 True 0.015625 0.0011756420135498047 0
100 True 0.015625 0.001138448715209961 0
200 True 0.015625 0.001116037368774414 0
300 True 0.015625 0.00109100341796875 0
400 True 0.015625 0.0011458396911621094 0
500 True 0.015625 0.0010962486267089844 0
600 True 0.015625 0.0010950565338134766 0
700 True 0.015625 0.0011515617370605469 0
800 True 0.015625 0.0010943412780761719 0
900 True 0.015625 0.0017762184143066406 0
1000 True 0.015625 0.0011572837829589844 0
1100 True 0.015625 0.0011267662048339844 0
1200 True 0.015625 0.001661062240600586 0
1300 True 0.015625 0.0011897087097167969 0
1400 True 0.015625 0.0010936260223388672 0
1500 True 0.015625 0.001123666763305664 0
1600 True 0.015625 0.0011320114135742188 0
1700 True 0.015625 0.0015094280242919922 0
1800 True 0.015625 0.0012819766998291016 0
1900 True 0.015625 0.0011303424835205078 0
2000 True 0.015625 0.0011184215545654297 0
2100 True 0.015625 0.0012218952178955078 0
2200 True 0.015625 0.0012617111206054688 0
2300 True 0.015625 0.0010933876037597656 0
2400 True 0.015625 0.0013341903686523438 0
2500 True 0.015625 0.0011734962463378906 0
2600 True 0.015625 0.0012309551239013672 0
2700 True 0.015625 0.0011532306671142578 0
2800 True 0.015625 0.001058340072631836 0
2900 True 0.015625 0.001176595687866211 0
3000 True 0.015625 0.0010502338409423828 0
3100 True 0.015625 0.0010600090026855469 0
3200 True 0.015625 0.001138448715209961 0
3300 True 0.015625 0.0010976791381835938 0
3400 True 0.015625 0.0010933876037597656 0
3500 True 0.015625 0.0011448860168457031 0
3600 True 0.015625 0.0010597705841064453 0
3700 True 0.015625 0.00116729736328125 0
3800 True 0.015625 0.0010881423950195312 0
3900 True 0.015625 0.001092672348022461 0
4000 True 0.015625 0.0011563301086425781 0
4100 True 0.015625 0.0011188983917236328 0
4200 True 0.015625 0.0011057853698730469 0
4300 True 0.015625 0.0011742115020751953 0
4400 True 0.015625 0.0011057853698730469 0
4500 False 0.0 0.0 0
4600 True 0.015625 0.0010938644409179688 0
4700 True 0.015625 0.0015921592712402344 0
4800 True 0.015625 0.0012226104736328125 0
4900 True 0.015625 0.0012614727020263672 0
5000 True 0.015625 0.001155853271484375 0
5100 True 0.015625 0.0012216567993164062 0
5200 True 0.015625 0.0010788440704345703 0
5300 True 0.015625 0.0011789798736572266 0
5400 True 0.015625 0.0011615753173828125 0
5500 True 0.015625 0.001165628433227539 0
5600 True 0.015625 0.0011627674102783203 0
5700 True 0.015625 0.0011065006256103516 0
5800 True 0.015625 0.0011167526245117188 0
5900 True 0.015625 0.0011744499206542969 0
6000 True 0.015625 0.0011150836944580078 0
6100 True 0.015625 0.0011019706726074219 0
6200 True 0.015625 0.0011029243469238281 0
6300 True 0.015625 0.0011093616485595703 0
6400 True 0.015625 0.0011210441589355469 0
6500 True 0.015625 0.0011363029479980469 0
6600 True 0.015625 0.0011143684387207031 0
6700 True 0.015625 0.001577615737915039 0
6800 True 0.015625 0.0011701583862304688 0
6900 True 0.015625 0.0012769699096679688 0
7000 True 0.015625 0.0011568069458007812 0
7100 True 0.015625 0.0011203289031982422 0
7200 True 0.015625 0.001104593276977539 0
7300 True 0.015625 0.0011589527130126953 0
7400 True 0.015625 0.0011069774627685547 0
7500 True 0.015625 0.0011970996856689453 0
7600 True 0.015625 0.0015108585357666016 0
7700 True 0.015625 0.0011107921600341797 0
7800 True 0.015625 0.00130462646484375 0
7900 True 0.015625 0.0013120174407958984 0
8000 True 0.015625 0.0012316703796386719 0
8100 True 0.015625 0.0011730194091796875 0
8200 True 0.015625 0.0011413097381591797 0
8300 True 0.015625 0.0011208057403564453 0
8400 True 0.015625 0.001169443130493164 0
8500 True 0.015625 0.0011682510375976562 0
8600 True 0.015625 0.0011560916900634766 0
8700 True 0.015625 0.0013015270233154297 0
8800 True 0.015625 0.0011048316955566406 0
8900 True 0.015625 0.0015652179718017578 0
9000 True 0.015625 0.0011136531829833984 0
9100 True 0.015625 0.0011169910430908203 0
9200 True 0.015625 0.001123189926147461 0
9300 True 0.015625 0.001123666763305664 0
9400 True 0.015625 0.0011188983917236328 0
9500 True 0.015625 0.0011875629425048828 0
9600 True 0.015625 0.0011148452758789062 0
9700 True 0.015625 0.0011131763458251953 0
9800 True 0.015625 0.00116729736328125 0
9900 True 0.015625 0.0011627674102783203 0
