0 True 1 0.002047300338745117 0
100 True 1 0.0012717247009277344 0
200 True 1 0.0010726451873779297 0
300 True 1 0.0010938644409179688 0
400 True 1 0.0017991065979003906 0
500 True 1 0.0011687278747558594 0
600 True 1 0.0010690689086914062 0
700 True 1 0.0010619163513183594 0
800 True 1 0.0011796951293945312 0
900 True 1 0.0011746883392333984 0
1000 True 1 0.0015397071838378906 0
1100 True 1 0.0011518001556396484 0
1200 True 1 0.0011379718780517578 0
1300 True 1 0.0011317729949951172 0
1400 True 1 0.0012090206146240234 0
1500 True 1 0.0011169910430908203 0
1600 True 1 0.0011298656463623047 0
1700 True 1 0.0011210441589355469 0
1800 True 1 0.001066446304321289 0
1900 True 1 0.001140594482421875 0
2000 True 1 0.001222372055053711 0
2100 True 1 0.0010852813720703125 0
2200 True 1 0.0010409355163574219 0
2300 True 1 0.001184225082397461 0
2400 True 1 0.0010731220245361328 0
2500 True 1 0.0012049674987792969 0
2600 True 1 0.0014393329620361328 0
2700 True 1 0.0010819435119628906 0
2800 True 1 0.0018134117126464844 0
2900 True 1 0.0014896392822265625 0
3000 True 1 0.001657247543334961 0
3100 True 1 0.0011243820190429688 0
3200 True 1 0.0011353492736816406 0
3300 True 1 0.0012350082397460938 0
3400 True 1 0.0011606216430664062 0
3500 True 1 0.0013229846954345703 0
3600 True 1 0.0013706684112548828 0
3700 True 1 0.0011036396026611328 0
3800 True 1 0.0010728836059570312 0
3900 True 1 0.0011303424835205078 0
4000 True 1 0.0013272762298583984 0
4100 True 1 0.0017518997192382812 0
4200 True 1 0.0011723041534423828 0
4300 True 1 0.0011751651763916016 0
4400 True 1 0.0011365413665771484 0
4500 True 1 0.0011720657348632812 0
4600 True 1 0.001178741455078125 0
4700 True 1 0.001195669174194336 0
4800 True 1 0.0010654926300048828 0
4900 True 1 0.001056671142578125 0
5000 True 1 0.0011131763458251953 0
5100 True 1 0.0011425018310546875 0
5200 True 1 0.0014476776123046875 0
5300 True 1 0.0013184547424316406 0
5400 True 1 0.0010328292846679688 0
5500 True 1 0.001127481460571289 0
5600 True 1 0.0010509490966796875 0
5700 True 1 0.001081228256225586 0
5800 True 1 0.0011446475982666016 0
5900 True 1 0.0010509490966796875 0
6000 True 1 0.0010859966278076172 0
6100 True 1 0.0010731220245361328 0
6200 True 1 0.0010819435119628906 0
6300 True 1 0.0011067390441894531 0
6400 True 1 0.0010528564453125 0
6500 True 1 0.0010690689086914062 0
6600 True 1 0.0011560916900634766 0
6700 True 1 0.0010573863983154297 0
6800 True 1 0.001117706298828125 0
6900 True 1 0.0010607242584228516 0
7000 True 1 0.0010514259338378906 0
7100 True 1 0.0011584758758544922 0
7200 True 1 0.0010616779327392578 0
7300 True 1 0.001062631607055664 0
7400 True 1 0.0012488365173339844 0
7500 True 1 0.001247406005859375 0
7600 True 1 0.001119375228881836 0
7700 True 1 0.0011298656463623047 0
7800 True 1 0.0010333061218261719 0
7900 True 1 0.001115560531616211 0
8000 True 1 0.0010836124420166016 0
8100 True 1 0.0011386871337890625 0
8200 True 1 0.0011463165283203125 0
8300 True 1 0.0010080337524414062 0
8400 True 1 0.0012950897216796875 0
8500 True 1 0.0010409355163574219 0
8600 True 1 0.0010273456573486328 0
8700 True 1 0.0010728836059570312 0
8800 True 1 0.00107574462890625 0
8900 True 1 0.0013928413391113281 0
9000 True 1 0.0011227130889892578 0
9100 True 1 0.0010800361633300781 0
9200 True 1 0.001027822494506836 0
9300 True 1 0.0010533332824707031 0
9400 True 1 0.0010573863983154297 0
9500 True 1 0.0011789798736572266 0
9600 True 1 0.0010633468627929688 0
9700 True 1 0.0010466575622558594 0
9800 True 1 0.0011305809020996094 0
9900 True 1 0.0010457038879394531 0
