0 True 0.015625 0.0016849040985107422 0
100 True 0.015625 0.0011665821075439453 0
200 True 0.015625 0.0012247562408447266 0
300 True 0.015625 0.0011336803436279297 0
400 True 0.015625 0.0013163089752197266 0
500 True 0.015625 0.0011105537414550781 0
600 True 0.015625 0.0010552406311035156 0
700 True 0.015625 0.0010881423950195312 0
800 True 0.015625 0.001149892807006836 0
900 True 0.015625 0.001039266586303711 0
1000 True 0.015625 0.0014796257019042969 0
1100 True 0.015625 0.0012874603271484375 0
1200 True 0.015625 0.0012323856353759766 0
1300 True 0.015625 0.001107931137084961 0
1400 True 0.015625 0.0010561943054199219 0
1500 True 0.015625 0.0012581348419189453 0
1600 True 0.015625 0.001195669174194336 0
1700 True 0.015625 0.0010673999786376953 0
1800 True 0.015625 0.0010836124420166016 0
1900 True 0.015625 0.0010607242584228516 0
2000 True 0.015625 0.0012042522430419922 0
2100 True 0.015625 0.001726388931274414 0
2200 True 0.015625 0.001094818115234375 0
2300 True 0.015625 0.0010828971862792969 0
2400 True 0.015625 0.0011324882507324219 0
2500 True 0.015625 0.0010540485382080078 0
2600 True 0.015625 0.0011944770812988281 0
2700 True 0.015625 0.0010905265808105469 0
2800 True 0.015625 0.001050710678100586 0
2900 True 0.015625 0.0010449886322021484 0
3000 True 0.015625 0.0010380744934082031 0
3100 True 0.015625 0.0011057853698730469 0
3200 True 0.015625 0.0010514259338378906 0
3300 True 0.015625 0.0010342597961425781 0
3400 True 0.015625 0.0011055469512939453 0
3500 True 0.015625 0.0011403560638427734 0
3600 True 0.015625 0.0010607242584228516 0
3700 True 0.015625 0.001058816909790039 0
3800 True 0.015625 0.0013327598571777344 0
3900 True 0.015625 0.0011093616485595703 0
4000 True 0.015625 0.0019419193267822266 0
4100 True 0.015625 0.0011374950408935547 0
4200 True 0.015625 0.0011286735534667969 0
4300 True 0.015625 0.001252889633178711 0
4400 True 0.015625 0.0011410713195800781 0
4500 False 0.0 0.0 0
4600 True 0.015625 0.0013132095336914062 0
4700 True 0.015625 0.0011162757873535156 0
4800 True 0.015625 0.0011420249938964844 0
4900 True 0.015625 0.0013599395751953125 0
5000 True 0.015625 0.0011248588562011719 0
5100 True 0.015625 0.0012333393096923828 0
5200 True 0.015625 0.0010998249053955078 0
5300 True 0.015625 0.0011186599731445312 0
5400 True 0.015625 0.0012216567993164062 0
5500 True 0.015625 0.0011284351348876953 0
5600 True 0.015625 0.0013217926025390625 0
5700 True 0.015625 0.0011882781982421875 0
5800 True 0.015625 0.0011143684387207031 0
5900 True 0.015625 0.0011284351348876953 0
6000 True 0.015625 0.001119375228881836 0
6100 True 0.015625 0.0010581016540527344 0
6200 True 0.015625 0.0020635128021240234 0
6300 True 0.015625 0.0012352466583251953 0
6400 True 0.015625 0.0011339187622070312 0
6500 True 0.015625 0.00112152099609375 0
6600 True 0.015625 0.0011577606201171875 0
6700 True 0.015625 0.001062631607055664 0
6800 True 0.015625 0.0010585784912109375 0
6900 True 0.015625 0.0011494159698486328 0
7000 True 0.015625 0.0011706352233886719 0
7100 True 0.015625 0.001047372817993164 0
7200 True 0.015625 0.0010683536529541016 0
7300 True 0.015625 0.0010688304901123047 0
7400 True 0.015625 0.0014739036560058594 0
7500 True 0.015625 0.0014901161193847656 0
7600 True 0.015625 0.0011069774627685547 0
7700 True 0.015625 0.0010657310485839844 0
7800 True 0.015625 0.0011293888092041016 0
7900 True 0.015625 0.0011096000671386719 0
8000 True 0.015625 0.002233743667602539 0
8100 True 0.015625 0.0021126270294189453 0
8200 True 0.015625 0.0010695457458496094 0
8300 True 0.015625 0.0011668205261230469 0
8400 True 0.015625 0.0010845661163330078 0
8500 True 0.015625 0.0010714530944824219 0
8600 True 0.015625 0.0011925697326660156 0
8700 True 0.015625 0.0010917186737060547 0
8800 True 0.015625 0.0014193058013916016 0
8900 True 0.015625 0.0011816024780273438 0
9000 True 0.015625 0.0016736984252929688 0
9100 True 0.015625 0.0011761188507080078 0
9200 True 0.015625 0.0011036396026611328 0
9300 True 0.015625 0.0012590885162353516 0
9400 True 0.015625 0.0010683536529541016 0
9500 True 0.015625 0.0010857582092285156 0
9600 True 0.015625 0.0011317729949951172 0
9700 True 0.015625 0.001062154769897461 0
9800 True 0.015625 0.001056671142578125 0
9900 True 0.015625 0.0010144710540771484 0
