0 True 0.015625 0.0017046928405761719 0
100 True 0.015625 0.0013723373413085938 0
200 True 0.015625 0.0013782978057861328 0
300 True 0.015625 0.0013439655303955078 0
400 True 0.015625 0.0013134479522705078 0
500 True 0.015625 0.0015070438385009766 0
600 True 0.015625 0.0013091564178466797 0
700 True 0.015625 0.0014691352844238281 0
800 True 0.015625 0.0012774467468261719 0
900 True 0.015625 0.0012786388397216797 0
1000 True 0.015625 0.0013508796691894531 0
1100 True 0.015625 0.0012471675872802734 0
1200 True 0.015625 0.0012102127075195312 0
1300 True 0.015625 0.0012683868408203125 0
1400 True 0.015625 0.0012695789337158203 0
1500 True 0.015625 0.0012903213500976562 0
1600 True 0.015625 0.0012710094451904297 0
1700 True 0.015625 0.0012123584747314453 0
1800 True 0.015625 0.001649618148803711 0
1900 True 0.015625 0.0013556480407714844 0
2000 True 0.015625 0.0012824535369873047 0
2100 True 0.015625 0.0012547969818115234 0
2200 True 0.015625 0.001291036605834961 0
2300 True 0.015625 0.0012145042419433594 0
2400 True 0.015625 0.0014758110046386719 0
2500 True 0.015625 0.0012886524200439453 0
2600 True 0.015625 0.001142740249633789 0
2700 True 0.015625 0.0011861324310302734 0
2800 True 0.015625 0.0013844966888427734 0
2900 True 0.015625 0.0012307167053222656 0
3000 True 0.015625 0.0014541149139404297 0
3100 True 0.015625 0.0016720294952392578 0
3200 True 0.015625 0.0011289119720458984 0
3300 True 0.015625 0.0012526512145996094 0
3400 True 0.015625 0.0012333393096923828 0
3500 True 0.015625 0.001399993896484375 0
3600 True 0.015625 0.0013737678527832031 0
3700 True 0.015625 0.0012509822845458984 0
3800 True 0.015625 0.0012054443359375 0
3900 True 0.015625 0.0012853145599365234 0
4000 True 0.015625 0.0016252994537353516 0
4100 True 0.015625 0.0012774467468261719 0
4200 True 0.015625 0.001277923583984375 0
4300 True 0.015625 0.0013616085052490234 0
4400 True 0.015625 0.0015192031860351562 0
4500 True 0.015625 0.0017039775848388672 0
4600 True 0.015625 0.0012264251708984375 0
4700 True 0.015625 0.002430438995361328 0
4800 True 0.015625 0.0013785362243652344 0
4900 True 0.015625 0.0013904571533203125 0
5000 True 0.015625 0.0013043880462646484 0
5100 True 0.015625 0.001271963119506836 0
5200 True 0.015625 0.0016243457794189453 0
5300 True 0.015625 0.0012784004211425781 0
5400 True 0.015625 0.0012493133544921875 0
5500 True 0.015625 0.0012688636779785156 0
5600 True 0.015625 0.0012111663818359375 0
5700 True 0.015625 0.0012481212615966797 0
5800 True 0.015625 0.0016624927520751953 0
5900 True 0.015625 0.00131988525390625 0
6000 True 0.015625 0.0012290477752685547 0
6100 True 0.015625 0.001512289047241211 0
6200 True 0.015625 0.0012586116790771484 0
6300 True 0.015625 0.0012249946594238281 0
6400 True 0.015625 0.0013110637664794922 0
6500 True 0.015625 0.0012867450714111328 0
6600 True 0.015625 0.0012297630310058594 0
6700 True 0.015625 0.0012135505676269531 0
6800 True 0.015625 0.0016968250274658203 0
6900 True 0.015625 0.0012447834014892578 0
7000 True 0.015625 0.0016217231750488281 0
7100 True 0.015625 0.001491546630859375 0
7200 True 0.015625 0.0013849735260009766 0
7300 True 0.015625 0.0011584758758544922 0
7400 True 0.015625 0.001306295394897461 0
7500 True 0.015625 0.0012662410736083984 0
7600 True 0.015625 0.0011637210845947266 0
7700 True 0.015625 0.0012841224670410156 0
7800 True 0.015625 0.0013751983642578125 0
7900 True 0.015625 0.0012545585632324219 0
8000 True 0.015625 0.001276254653930664 0
8100 True 0.015625 0.0013539791107177734 0
8200 True 0.015625 0.0012695789337158203 0
8300 True 0.015625 0.001323699951171875 0
8400 True 0.015625 0.0014147758483886719 0
8500 True 0.015625 0.0012967586517333984 0
8600 True 0.015625 0.00133514404296875 0
8700 True 0.015625 0.0012438297271728516 0
8800 True 0.015625 0.0013568401336669922 0
8900 True 0.015625 0.0012102127075195312 0
9000 True 0.015625 0.0011966228485107422 0
9100 True 0.015625 0.0015306472778320312 0
9200 True 0.015625 0.0013210773468017578 0
9300 True 0.015625 0.0014057159423828125 0
9400 True 0.015625 0.0013537406921386719 0
9500 True 0.015625 0.001386880874633789 0
9600 True 0.015625 0.0013129711151123047 0
9700 True 0.015625 0.0013222694396972656 0
9800 True 0.015625 0.0015425682067871094 0
9900 True 0.015625 0.0012722015380859375 0
