0 True 0.015625 0.0012600421905517578 0
100 True 0.015625 0.0012636184692382812 0
200 True 0.015625 0.0013363361358642578 0
300 True 0.015625 0.0015058517456054688 0
400 True 0.015625 0.0012462139129638672 0
500 True 0.015625 0.0011827945709228516 0
600 True 0.015625 0.001294851303100586 0
700 True 0.015625 0.0014729499816894531 0
800 True 0.015625 0.0012097358703613281 0
900 False 0.0 0.0 0
1000 True 0.015625 0.0012700557708740234 0
1100 True 0.015625 0.0013995170593261719 0
1200 True 0.015625 0.0012505054473876953 0
1300 True 0.015625 0.0012710094451904297 0
1400 True 0.015625 0.0012853145599365234 0
1500 True 0.015625 0.0013191699981689453 0
1600 True 0.015625 0.0011899471282958984 0
1700 True 0.015625 0.0012347698211669922 0
1800 True 0.015625 0.0013027191162109375 0
1900 True 0.015625 0.0011928081512451172 0
2000 True 0.015625 0.0011894702911376953 0
2100 True 0.015625 0.001308441162109375 0
2200 True 0.015625 0.0011820793151855469 0
2300 True 0.015625 0.0012407302856445312 0
2400 True 0.015625 0.0018000602722167969 0
2500 True 0.015625 0.0012173652648925781 0
2600 True 0.015625 0.0012547969818115234 0
2700 True 0.015625 0.0013720989227294922 0
2800 True 0.015625 0.0012476444244384766 0
2900 True 0.015625 0.0012581348419189453 0
3000 True 0.015625 0.0013248920440673828 0
3100 True 0.015625 0.0012807846069335938 0
3200 True 0.015625 0.0012633800506591797 0
3300 True 0.015625 0.001325368881225586 0
3400 True 0.015625 0.0012505054473876953 0
3500 True 0.015625 0.0013031959533691406 0
3600 True 0.015625 0.0013599395751953125 0
3700 True 0.015625 0.0012595653533935547 0
3800 True 0.015625 0.0012581348419189453 0
3900 True 0.015625 0.001355886459350586 0
4000 True 0.015625 0.0012826919555664062 0
4100 True 0.015625 0.0012881755828857422 0
4200 True 0.015625 0.001262664794921875 0
4300 True 0.015625 0.00130462646484375 0
4400 True 0.015625 0.0013020038604736328 0
4500 False 0.0 0.0 0
4600 True 0.015625 0.0014078617095947266 0
4700 True 0.015625 0.0012390613555908203 0
4800 True 0.015625 0.0012917518615722656 0
4900 True 0.015625 0.0013530254364013672 0
5000 True 0.015625 0.001199960708618164 0
5100 True 0.015625 0.0011944770812988281 0
5200 True 0.015625 0.00119781494140625 0
5300 True 0.015625 0.0011818408966064453 0
5400 True 0.015625 0.0011792182922363281 0
5500 True 0.015625 0.0012187957763671875 0
5600 True 0.015625 0.0012218952178955078 0
5700 True 0.015625 0.0011706352233886719 0
5800 True 0.015625 0.0012028217315673828 0
5900 True 0.015625 0.0012540817260742188 0
6000 True 0.015625 0.00121307373046875 0
6100 True 0.015625 0.00118255615234375 0
6200 True 0.015625 0.001277923583984375 0
6300 True 0.015625 0.0011568069458007812 0
6400 True 0.015625 0.0012383460998535156 0
6500 True 0.015625 0.0012984275817871094 0
6600 True 0.015625 0.001153707504272461 0
6700 True 0.015625 0.0012209415435791016 0
6800 True 0.015625 0.001249551773071289 0
6900 True 0.015625 0.0012063980102539062 0
7000 True 0.015625 0.0012235641479492188 0
7100 True 0.015625 0.0012922286987304688 0
7200 True 0.015625 0.0012660026550292969 0
7300 True 0.015625 0.0012125968933105469 0
7400 True 0.015625 0.0011849403381347656 0
7500 True 0.015625 0.0012998580932617188 0
7600 True 0.015625 0.0011899471282958984 0
7700 True 0.015625 0.0012292861938476562 0
7800 True 0.015625 0.0012362003326416016 0
7900 True 0.015625 0.0011813640594482422 0
8000 True 0.015625 0.0011854171752929688 0
8100 True 0.015625 0.001239776611328125 0
8200 True 0.015625 0.0012362003326416016 0
8300 True 0.015625 0.0013415813446044922 0
8400 True 0.015625 0.001306772232055664 0
8500 True 0.015625 0.001249551773071289 0
8600 True 0.015625 0.0012068748474121094 0
8700 True 0.015625 0.0013086795806884766 0
8800 True 0.015625 0.0011990070343017578 0
8900 True 0.015625 0.00122833251953125 0
9000 True 0.015625 0.0012841224670410156 0
9100 True 0.015625 0.001207590103149414 0
9200 True 0.015625 0.0016887187957763672 0
9300 True 0.015625 0.0015573501586914062 0
9400 True 0.015625 0.0014605522155761719 0
9500 True 0.015625 0.0012333393096923828 0
9600 True 0.015625 0.0013439655303955078 0
9700 True 0.015625 0.0014138221740722656 0
9800 True 0.015625 0.0012292861938476562 0
9900 True 0.015625 0.0012004375457763672 0
