0 True 1 0.0016055107116699219 0
100 True 1 0.0012400150299072266 0
200 True 1 0.0013799667358398438 0
300 True 1 0.0012133121490478516 0
400 True 1 0.001184225082397461 0
500 True 1 0.0012748241424560547 0
600 True 1 0.001375436782836914 0
700 True 1 0.0011546611785888672 0
800 True 1 0.001316070556640625 0
900 True 1 0.0012166500091552734 0
1000 True 1 0.0012028217315673828 0
1100 True 1 0.0012035369873046875 0
1200 True 1 0.002023458480834961 0
1300 True 1 0.0011529922485351562 0
1400 True 1 0.00160980224609375 0
1500 True 1 0.0015726089477539062 0
1600 True 1 0.0011572837829589844 0
1700 True 1 0.001462697982788086 0
1800 True 1 0.0013608932495117188 0
1900 True 1 0.0012781620025634766 0
2000 True 1 0.0012259483337402344 0
2100 True 1 0.0012998580932617188 0
2200 True 1 0.0012581348419189453 0
2300 True 1 0.001222848892211914 0
2400 True 1 0.0011069774627685547 0
2500 True 1 0.0011653900146484375 0
2600 True 1 0.0011141300201416016 0
2700 True 1 0.0011036396026611328 0
2800 True 1 0.0012066364288330078 0
2900 True 1 0.0011551380157470703 0
3000 True 1 0.001188516616821289 0
3100 True 1 0.0011792182922363281 0
3200 True 1 0.0012001991271972656 0
3300 True 1 0.0011243820190429688 0
3400 True 1 0.0011322498321533203 0
3500 True 1 0.0011143684387207031 0
3600 True 1 0.0011718273162841797 0
3700 True 1 0.0012226104736328125 0
3800 True 1 0.0011837482452392578 0
3900 True 1 0.0011928081512451172 0
4000 True 1 0.0012521743774414062 0
4100 True 1 0.0015001296997070312 0
4200 True 1 0.0011820793151855469 0
4300 True 1 0.0012810230255126953 0
4400 True 1 0.0011265277862548828 0
4500 True 1 0.0011820793151855469 0
4600 True 1 0.0011565685272216797 0
4700 True 1 0.001142740249633789 0
4800 True 1 0.0011401176452636719 0
4900 True 1 0.0012569427490234375 0
5000 True 1 0.0011658668518066406 0
5100 True 1 0.001134634017944336 0
5200 True 1 0.0011410713195800781 0
5300 True 1 0.0011682510375976562 0
5400 True 1 0.0011506080627441406 0
5500 True 1 0.0011472702026367188 0
5600 True 1 0.0011889934539794922 0
5700 True 1 0.0011060237884521484 0
5800 True 1 0.001295328140258789 0
5900 True 1 0.0011239051818847656 0
6000 True 1 0.0011653900146484375 0
6100 True 1 0.001107931137084961 0
6200 True 1 0.0011851787567138672 0
6300 True 1 0.0011677742004394531 0
6400 True 1 0.0011377334594726562 0
6500 True 1 0.0011324882507324219 0
6600 True 1 0.0012040138244628906 0
6700 True 1 0.0011334419250488281 0
6800 True 1 0.0011608600616455078 0
6900 True 1 0.001177072525024414 0
7000 True 1 0.0013778209686279297 0
7100 True 1 0.0011522769927978516 0
7200 True 1 0.0011353492736816406 0
7300 True 1 0.001192331314086914 0
7400 True 1 0.0011374950408935547 0
7500 True 1 0.0011522769927978516 0
7600 True 1 0.0011258125305175781 0
7700 True 1 0.0011878013610839844 0
7800 True 1 0.0011646747589111328 0
7900 True 1 0.0011248588562011719 0
8000 True 1 0.0011086463928222656 0
8100 True 1 0.0011703968048095703 0
8200 True 1 0.0011150836944580078 0
8300 True 1 0.0012028217315673828 0
8400 True 1 0.0011248588562011719 0
8500 True 1 0.0012149810791015625 0
8600 True 1 0.0011484622955322266 0
8700 True 1 0.001291036605834961 0
8800 True 1 0.0012481212615966797 0
8900 True 1 0.0013086795806884766 0
9000 True 1 0.0012042522430419922 0
9100 True 1 0.0011668205261230469 0
9200 True 1 0.0017504692077636719 0
9300 True 1 0.0013146400451660156 0
9400 True 1 0.0011570453643798828 0
9500 True 1 0.0017063617706298828 0
9600 True 1 0.0014667510986328125 0
9700 True 1 0.0013747215270996094 0
9800 True 1 0.001405477523803711 0
9900 True 1 0.002020597457885742 0
