0 True 0.015625 0.0016193389892578125 0
100 True 0.015625 0.0011668205261230469 0
200 True 0.015625 0.0012159347534179688 0
300 True 0.015625 0.0014064311981201172 0
400 True 0.015625 0.0012440681457519531 0
500 True 0.015625 0.0011780261993408203 0
600 True 0.015625 0.0013027191162109375 0
700 True 0.015625 0.0011720657348632812 0
800 True 0.015625 0.0011811256408691406 0
900 True 0.015625 0.0011718273162841797 0
1000 True 0.015625 0.0012431144714355469 0
1100 True 0.015625 0.001186370849609375 0
1200 True 0.015625 0.001222372055053711 0
1300 True 0.015625 0.0015430450439453125 0
1400 True 0.015625 0.0011861324310302734 0
1500 True 0.015625 0.0011959075927734375 0
1600 True 0.015625 0.0012443065643310547 0
1700 True 0.015625 0.0011966228485107422 0
1800 True 0.015625 0.0011725425720214844 0
1900 True 0.015625 0.0012269020080566406 0
2000 True 0.015625 0.0013201236724853516 0
2100 True 0.015625 0.0017032623291015625 0
2200 True 0.015625 0.0012464523315429688 0
2300 True 0.015625 0.0011782646179199219 0
2400 True 0.015625 0.0011868476867675781 0
2500 True 0.015625 0.0012023448944091797 0
2600 True 0.015625 0.0014688968658447266 0
2700 True 0.015625 0.0011925697326660156 0
2800 True 0.015625 0.001188516616821289 0
2900 True 0.015625 0.00128173828125 0
3000 True 0.015625 0.0011713504791259766 0
3100 True 0.015625 0.0012459754943847656 0
3200 True 0.015625 0.0013093948364257812 0
3300 True 0.015625 0.0014102458953857422 0
3400 True 0.015625 0.0011587142944335938 0
3500 True 0.015625 0.0012423992156982422 0
3600 True 0.015625 0.0011782646179199219 0
3700 True 0.015625 0.001161336898803711 0
3800 True 0.015625 0.001191854476928711 0
3900 True 0.015625 0.0013191699981689453 0
4000 True 0.015625 0.0012333393096923828 0
4100 True 0.015625 0.0012178421020507812 0
4200 True 0.015625 0.0011889934539794922 0
4300 True 0.015625 0.0013370513916015625 0
4400 True 0.015625 0.0012264251708984375 0
4500 True 0.015625 0.0012469291687011719 0
4600 True 0.015625 0.0013468265533447266 0
4700 True 0.015625 0.0012235641479492188 0
4800 True 0.015625 0.0011639595031738281 0
4900 True 0.015625 0.0012884140014648438 0
5000 True 0.015625 0.001172780990600586 0
5100 True 0.015625 0.001195669174194336 0
5200 True 0.015625 0.001241445541381836 0
5300 True 0.015625 0.0012700557708740234 0
5400 True 0.015625 0.001249074935913086 0
5500 True 0.015625 0.00128173828125 0
5600 True 0.015625 0.0011682510375976562 0
5700 True 0.015625 0.0011110305786132812 0
5800 True 0.015625 0.0015716552734375 0
5900 True 0.015625 0.0012500286102294922 0
6000 True 0.015625 0.00121307373046875 0
6100 True 0.015625 0.001180887222290039 0
6200 True 0.015625 0.0013353824615478516 0
6300 True 0.015625 0.0011286735534667969 0
6400 True 0.015625 0.0011277198791503906 0
6500 True 0.015625 0.0010883808135986328 0
6600 True 0.015625 0.0010986328125 0
6700 True 0.015625 0.0011408329010009766 0
6800 True 0.015625 0.0012938976287841797 0
6900 True 0.015625 0.0010900497436523438 0
7000 True 0.015625 0.0011670589447021484 0
7100 True 0.015625 0.0012912750244140625 0
7200 True 0.015625 0.0010905265808105469 0
7300 True 0.015625 0.001331329345703125 0
7400 True 0.015625 0.0012264251708984375 0
7500 True 0.015625 0.001104593276977539 0
7600 True 0.015625 0.0012085437774658203 0
7700 True 0.015625 0.0012755393981933594 0
7800 True 0.015625 0.0013842582702636719 0
7900 True 0.015625 0.0011861324310302734 0
8000 True 0.015625 0.0014705657958984375 0
8100 True 0.015625 0.001678466796875 0
8200 True 0.015625 0.0012104511260986328 0
8300 True 0.015625 0.0013210773468017578 0
8400 True 0.015625 0.001155853271484375 0
8500 True 0.015625 0.0011913776397705078 0
8600 True 0.015625 0.0012586116790771484 0
8700 True 0.015625 0.0012669563293457031 0
8800 True 0.015625 0.0011622905731201172 0
8900 True 0.015625 0.001791238784790039 0
9000 True 0.015625 0.0011768341064453125 0
9100 True 0.015625 0.0012028217315673828 0
9200 True 0.015625 0.0012214183807373047 0
9300 True 0.015625 0.0011262893676757812 0
9400 True 0.015625 0.0013134479522705078 0
9500 True 0.015625 0.0011463165283203125 0
9600 True 0.015625 0.001125335693359375 0
9700 True 0.015625 0.001302957534790039 0
9800 True 0.015625 0.0012459754943847656 0
9900 True 0.015625 0.0012145042419433594 0
