0 True 1 0.002315521240234375 0
100 True 1 0.0015311241149902344 0
200 True 1 0.0013282299041748047 0
300 True 1 0.0018587112426757812 0
400 True 1 0.0015497207641601562 0
500 True 1 0.0013918876647949219 0
600 True 1 0.0013456344604492188 0
700 True 1 0.001422882080078125 0
800 True 1 0.0013439655303955078 0
900 False 0 0.0 0
1000 True 1 0.0013971328735351562 0
1100 True 1 0.00125885009765625 0
1200 True 1 0.0014774799346923828 0
1300 True 1 0.0013604164123535156 0
1400 True 1 0.0014977455139160156 0
1500 True 1 0.001379251480102539 0
1600 True 1 0.0015413761138916016 0
1700 True 1 0.0015740394592285156 0
1800 True 1 0.0016474723815917969 0
1900 True 1 0.0013577938079833984 0
2000 True 1 0.0013666152954101562 0
2100 True 1 0.0014832019805908203 0
2200 True 1 0.0013871192932128906 0
2300 True 1 0.0013301372528076172 0
2400 True 1 0.001336812973022461 0
2500 True 1 0.0013759136199951172 0
2600 True 1 0.0013422966003417969 0
2700 True 1 0.0013263225555419922 0
2800 True 1 0.0013179779052734375 0
2900 True 1 0.0015170574188232422 0
3000 True 1 0.001332998275756836 0
3100 True 1 0.0013098716735839844 0
3200 True 1 0.00133514404296875 0
3300 True 1 0.0014655590057373047 0
3400 True 1 0.00140380859375 0
3500 True 1 0.0012760162353515625 0
3600 True 1 0.0012848377227783203 0
3700 True 1 0.0012924671173095703 0
3800 True 1 0.0014405250549316406 0
3900 True 1 0.0013175010681152344 0
4000 True 1 0.0012903213500976562 0
4100 True 1 0.0012845993041992188 0
4200 True 1 0.0013136863708496094 0
4300 True 1 0.0012676715850830078 0
4400 True 1 0.001268625259399414 0
4500 False 0 0.0 0
4600 True 1 0.0012657642364501953 0
4700 True 1 0.0012655258178710938 0
4800 True 1 0.0012712478637695312 0
4900 True 1 0.0021491050720214844 0
5000 True 1 0.0015938282012939453 0
5100 True 1 0.0015835762023925781 0
5200 True 1 0.0013849735260009766 0
5300 True 1 0.0014801025390625 0
5400 True 1 0.0020017623901367188 0
5500 True 1 0.0018029212951660156 0
5600 True 1 0.0013589859008789062 0
5700 True 1 0.0013210773468017578 0
5800 True 1 0.0015180110931396484 0
5900 True 1 0.0012924671173095703 0
6000 True 1 0.0013842582702636719 0
6100 True 1 0.0015327930450439453 0
6200 True 1 0.001271963119506836 0
6300 True 1 0.0012717247009277344 0
6400 True 1 0.0012669563293457031 0
6500 True 1 0.0013246536254882812 0
6600 True 1 0.0012357234954833984 0
6700 True 1 0.001230001449584961 0
6800 True 1 0.0013127326965332031 0
6900 True 1 0.0012631416320800781 0
7000 True 1 0.0012516975402832031 0
7100 True 1 0.0012590885162353516 0
7200 True 1 0.0013086795806884766 0
7300 True 1 0.0018613338470458984 0
7400 True 1 0.0013072490692138672 0
7500 True 1 0.0014281272888183594 0
7600 True 1 0.0013930797576904297 0
7700 True 1 0.0016856193542480469 0
7800 True 1 0.001356363296508789 0
7900 True 1 0.0013878345489501953 0
8000 True 1 0.0014901161193847656 0
8100 True 1 0.001405954360961914 0
8200 True 1 0.0013706684112548828 0
8300 True 1 0.0013005733489990234 0
8400 True 1 0.0014200210571289062 0
8500 True 1 0.0013091564178466797 0
8600 True 1 0.001592874526977539 0
8700 True 1 0.001605987548828125 0
8800 True 1 0.0014376640319824219 0
8900 True 1 0.0016314983367919922 0
9000 True 1 0.0016345977783203125 0
9100 True 1 0.001604318618774414 0
9200 True 1 0.001697540283203125 0
9300 True 1 0.0016036033630371094 0
9400 True 1 0.0016105175018310547 0
9500 True 1 0.001596212387084961 0
9600 True 1 0.0016491413116455078 0
9700 True 1 0.0013680458068847656 0
9800 True 1 0.0013365745544433594 0
9900 True 1 0.0013091564178466797 0
