0 True 0.015625 0.0019207000732421875 0
100 True 0.015625 0.0013473033905029297 0
200 True 0.015625 0.0014300346374511719 0
300 True 0.015625 0.0013620853424072266 0
400 True 0.015625 0.0013527870178222656 0
500 True 0.015625 0.0014636516571044922 0
600 True 0.015625 0.0014300346374511719 0
700 True 0.015625 0.0014972686767578125 0
800 True 0.015625 0.00146484375 0
900 False 0.0 0.0 0
1000 True 0.015625 0.001483917236328125 0
1100 True 0.015625 0.0014748573303222656 0
1200 True 0.015625 0.00138092041015625 0
1300 True 0.015625 0.0013813972473144531 0
1400 True 0.015625 0.0015549659729003906 0
1500 True 0.015625 0.0015401840209960938 0
1600 True 0.015625 0.0013189315795898438 0
1700 True 0.015625 0.0013844966888427734 0
1800 True 0.015625 0.0018682479858398438 0
1900 True 0.015625 0.0014300346374511719 0
2000 True 0.015625 0.0013544559478759766 0
2100 True 0.015625 0.0013661384582519531 0
2200 True 0.015625 0.0014278888702392578 0
2300 True 0.015625 0.0013585090637207031 0
2400 True 0.015625 0.001378774642944336 0
2500 True 0.015625 0.0014317035675048828 0
2600 True 0.015625 0.0015101432800292969 0
2700 True 0.015625 0.0018091201782226562 0
2800 True 0.015625 0.0014584064483642578 0
2900 True 0.015625 0.001413106918334961 0
3000 True 0.015625 0.0014674663543701172 0
3100 True 0.015625 0.0014100074768066406 0
3200 True 0.015625 0.0014600753784179688 0
3300 True 0.015625 0.002054929733276367 0
3400 True 0.015625 0.0014328956604003906 0
3500 True 0.015625 0.0015180110931396484 0
3600 True 0.015625 0.001379251480102539 0
3700 True 0.015625 0.0014119148254394531 0
3800 True 0.015625 0.0014684200286865234 0
3900 True 0.015625 0.0013620853424072266 0
4000 True 0.015625 0.0014045238494873047 0
4100 True 0.015625 0.001584768295288086 0
4200 True 0.015625 0.0014247894287109375 0
4300 True 0.015625 0.0013468265533447266 0
4400 True 0.015625 0.001344919204711914 0
4500 False 0.0 0.0 0
4600 True 0.015625 0.0017054080963134766 0
4700 True 0.015625 0.001505136489868164 0
4800 True 0.015625 0.00141143798828125 0
4900 True 0.015625 0.0014297962188720703 0
5000 True 0.015625 0.0018815994262695312 0
5100 True 0.015625 0.001714944839477539 0
5200 True 0.015625 0.0016260147094726562 0
5300 True 0.015625 0.0015168190002441406 0
5400 True 0.015625 0.001744985580444336 0
5500 True 0.015625 0.0013365745544433594 0
5600 True 0.015625 0.0014984607696533203 0
5700 True 0.015625 0.001373291015625 0
5800 True 0.015625 0.0015256404876708984 0
5900 True 0.015625 0.001401662826538086 0
6000 True 0.015625 0.0014238357543945312 0
6100 True 0.015625 0.0015001296997070312 0
6200 True 0.015625 0.0013458728790283203 0
6300 True 0.015625 0.0013303756713867188 0
6400 True 0.015625 0.001417398452758789 0
6500 True 0.015625 0.0013437271118164062 0
6600 True 0.015625 0.0013551712036132812 0
6700 True 0.015625 0.0013992786407470703 0
6800 True 0.015625 0.0013501644134521484 0
6900 True 0.015625 0.0013794898986816406 0
7000 True 0.015625 0.0014133453369140625 0
7100 True 0.015625 0.001489400863647461 0
7200 True 0.015625 0.002504110336303711 0
7300 True 0.015625 0.0015566349029541016 0
7400 True 0.015625 0.001583099365234375 0
7500 True 0.015625 0.0014929771423339844 0
7600 True 0.015625 0.0016884803771972656 0
7700 True 0.015625 0.0016314983367919922 0
7800 True 0.015625 0.002491474151611328 0
7900 True 0.015625 0.0023026466369628906 0
8000 True 0.015625 0.0014960765838623047 0
8100 True 0.015625 0.001508951187133789 0
8200 True 0.015625 0.0013871192932128906 0
8300 True 0.015625 0.0014178752899169922 0
8400 True 0.015625 0.0013735294342041016 0
8500 True 0.015625 0.0014200210571289062 0
8600 True 0.015625 0.0013422966003417969 0
8700 True 0.015625 0.001420736312866211 0
8800 True 0.015625 0.0015060901641845703 0
8900 True 0.015625 0.0014498233795166016 0
9000 True 0.015625 0.0013778209686279297 0
9100 True 0.015625 0.0013308525085449219 0
9200 True 0.015625 0.0014605522155761719 0
9300 True 0.015625 0.0013878345489501953 0
9400 True 0.015625 0.0013713836669921875 0
9500 True 0.015625 0.0015931129455566406 0
9600 True 0.015625 0.001592874526977539 0
9700 True 0.015625 0.0013699531555175781 0
9800 True 0.015625 0.0014472007751464844 0
9900 True 0.015625 0.0014171600341796875 0
