0 True 1 0.0023522377014160156 0
100 True 1 0.001474618911743164 0
200 True 1 0.001338958740234375 0
300 True 1 0.0015957355499267578 0
400 True 1 0.0016427040100097656 0
500 True 1 0.0014424324035644531 0
600 True 1 0.0013248920440673828 0
700 True 1 0.0015287399291992188 0
800 True 1 0.0013909339904785156 0
900 True 1 0.001314401626586914 0
1000 True 1 0.0013360977172851562 0
1100 True 1 0.0016057491302490234 0
1200 True 1 0.0014271736145019531 0
1300 True 1 0.0013167858123779297 0
1400 True 1 0.0013096332550048828 0
1500 True 1 0.0014014244079589844 0
1600 True 1 0.0013041496276855469 0
1700 True 1 0.0013179779052734375 0
1800 True 1 0.0013072490692138672 0
1900 True 1 0.0014317035675048828 0
2000 True 1 0.0013616085052490234 0
2100 True 1 0.0012552738189697266 0
2200 True 1 0.0014340877532958984 0
2300 True 1 0.001318216323852539 0
2400 True 1 0.0012698173522949219 0
2500 True 1 0.0013005733489990234 0
2600 True 1 0.0013728141784667969 0
2700 True 1 0.0013256072998046875 0
2800 True 1 0.0014500617980957031 0
2900 True 1 0.0013527870178222656 0
3000 True 1 0.0013337135314941406 0
3100 True 1 0.0014276504516601562 0
3200 True 1 0.0020079612731933594 0
3300 True 1 0.0014286041259765625 0
3400 True 1 0.0013017654418945312 0
3500 True 1 0.001356363296508789 0
3600 True 1 0.001500844955444336 0
3700 True 1 0.0015797615051269531 0
3800 True 1 0.0017011165618896484 0
3900 True 1 0.0016417503356933594 0
4000 True 1 0.0012843608856201172 0
4100 True 1 0.0015649795532226562 0
4200 True 1 0.0016164779663085938 0
4300 True 1 0.0016596317291259766 0
4400 True 1 0.0013051033020019531 0
4500 True 1 0.0014107227325439453 0
4600 True 1 0.0015916824340820312 0
4700 True 1 0.0016219615936279297 0
4800 True 1 0.0015978813171386719 0
4900 True 1 0.001386404037475586 0
5000 True 1 0.0013275146484375 0
5100 True 1 0.001627206802368164 0
5200 True 1 0.0013310909271240234 0
5300 True 1 0.0014023780822753906 0
5400 True 1 0.0012774467468261719 0
5500 True 1 0.0015125274658203125 0
5600 True 1 0.0012784004211425781 0
5700 True 1 0.0014159679412841797 0
5800 True 1 0.0014085769653320312 0
5900 True 1 0.0013778209686279297 0
6000 True 1 0.0012950897216796875 0
6100 True 1 0.0013153553009033203 0
6200 True 1 0.0016338825225830078 0
6300 True 1 0.0013933181762695312 0
6400 True 1 0.0012612342834472656 0
6500 True 1 0.0013995170593261719 0
6600 True 1 0.0014832019805908203 0
6700 True 1 0.0015819072723388672 0
6800 True 1 0.001371622085571289 0
6900 True 1 0.0013439655303955078 0
7000 True 1 0.001497507095336914 0
7100 True 1 0.0013120174407958984 0
7200 True 1 0.0015211105346679688 0
7300 True 1 0.0016412734985351562 0
7400 True 1 0.001459360122680664 0
7500 True 1 0.0014519691467285156 0
7600 True 1 0.0016014575958251953 0
7700 True 1 0.0013625621795654297 0
7800 True 1 0.0014073848724365234 0
7900 True 1 0.0015153884887695312 0
8000 True 1 0.0013973712921142578 0
8100 True 1 0.0013222694396972656 0
8200 True 1 0.0015757083892822266 0
8300 True 1 0.0014202594757080078 0
8400 True 1 0.001584768295288086 0
8500 True 1 0.0015764236450195312 0
8600 True 1 0.0015244483947753906 0
8700 True 1 0.0013480186462402344 0
8800 True 1 0.001398324966430664 0
8900 True 1 0.001373291015625 0
9000 True 1 0.0013191699981689453 0
9100 True 1 0.0013232231140136719 0
9200 True 1 0.0013546943664550781 0
9300 True 1 0.0013098716735839844 0
9400 True 1 0.0013594627380371094 0
9500 True 1 0.0013332366943359375 0
9600 True 1 0.0013298988342285156 0
9700 True 1 0.0012977123260498047 0
9800 True 1 0.0012705326080322266 0
9900 True 1 0.0013997554779052734 0
