0 True 1 0.0017337799072265625 0
100 True 1 0.0011637210845947266 0
200 True 1 0.0011556148529052734 0
300 True 1 0.0013227462768554688 0
400 True 1 0.0011601448059082031 0
500 True 1 0.00115966796875 0
600 True 1 0.0012559890747070312 0
700 True 1 0.0012326240539550781 0
800 True 1 0.0011506080627441406 0
900 True 1 0.0012218952178955078 0
1000 True 1 0.0011165142059326172 0
1100 True 1 0.0011644363403320312 0
1200 True 1 0.001299142837524414 0
1300 True 1 0.0011403560638427734 0
1400 True 1 0.0011441707611083984 0
1500 True 1 0.001325845718383789 0
1600 True 1 0.0011184215545654297 0
1700 True 1 0.0015902519226074219 0
1800 True 1 0.0012538433074951172 0
1900 True 1 0.001234292984008789 0
2000 True 1 0.0011930465698242188 0
2100 True 1 0.0012183189392089844 0
2200 True 1 0.0013554096221923828 0
2300 True 1 0.0012011528015136719 0
2400 True 1 0.0012497901916503906 0
2500 True 1 0.0012483596801757812 0
2600 True 1 0.001161336898803711 0
2700 True 1 0.0011713504791259766 0
2800 True 1 0.0012073516845703125 0
2900 True 1 0.0012869834899902344 0
3000 True 1 0.0011737346649169922 0
3100 True 1 0.0011758804321289062 0
3200 True 1 0.0013093948364257812 0
3300 True 1 0.0011188983917236328 0
3400 True 1 0.0011332035064697266 0
3500 True 1 0.0012633800506591797 0
3600 True 1 0.0012366771697998047 0
3700 True 1 0.0011839866638183594 0
3800 True 1 0.001177072525024414 0
3900 True 1 0.0012345314025878906 0
4000 True 1 0.0015683174133300781 0
4100 True 1 0.0012018680572509766 0
4200 True 1 0.0012896060943603516 0
4300 True 1 0.0011222362518310547 0
4400 True 1 0.0011692047119140625 0
4500 True 1 0.00164794921875 0
4600 True 1 0.001270294189453125 0
4700 True 1 0.00118255615234375 0
4800 True 1 0.00118255615234375 0
4900 True 1 0.0012078285217285156 0
5000 True 1 0.0012145042419433594 0
5100 True 1 0.0011699199676513672 0
5200 True 1 0.0011827945709228516 0
5300 True 1 0.0013310909271240234 0
5400 True 1 0.0011670589447021484 0
5500 True 1 0.001226186752319336 0
5600 True 1 0.0011878013610839844 0
5700 True 1 0.0012292861938476562 0
5800 True 1 0.0011398792266845703 0
5900 True 1 0.001455068588256836 0
6000 True 1 0.0012366771697998047 0
6100 True 1 0.0011489391326904297 0
6200 True 1 0.0012083053588867188 0
6300 True 1 0.0012791156768798828 0
6400 True 1 0.0011703968048095703 0
6500 True 1 0.0011858940124511719 0
6600 True 1 0.0012786388397216797 0
6700 True 1 0.0012009143829345703 0
6800 True 1 0.0012295246124267578 0
6900 True 1 0.0012552738189697266 0
7000 True 1 0.0012159347534179688 0
7100 True 1 0.0011856555938720703 0
7200 True 1 0.0017333030700683594 0
7300 True 1 0.0011894702911376953 0
7400 True 1 0.0011739730834960938 0
7500 True 1 0.0012521743774414062 0
7600 True 1 0.0011868476867675781 0
7700 True 1 0.0015246868133544922 0
7800 True 1 0.0013997554779052734 0
7900 True 1 0.0012059211730957031 0
8000 True 1 0.00142669677734375 0
8100 True 1 0.0012180805206298828 0
8200 True 1 0.0013370513916015625 0
8300 True 1 0.0011301040649414062 0
8400 True 1 0.001611948013305664 0
8500 True 1 0.0014295578002929688 0
8600 True 1 0.0014469623565673828 0
8700 True 1 0.0015254020690917969 0
8800 True 1 0.0015332698822021484 0
8900 True 1 0.0015919208526611328 0
9000 True 1 0.0011818408966064453 0
9100 True 1 0.001186370849609375 0
9200 True 1 0.0015707015991210938 0
9300 True 1 0.0012612342834472656 0
9400 True 1 0.0012891292572021484 0
9500 True 1 0.0011658668518066406 0
9600 True 1 0.0011632442474365234 0
9700 True 1 0.0012218952178955078 0
9800 True 1 0.001201629638671875 0
9900 True 1 0.0011563301086425781 0
