0 True 1 0.0013332366943359375 0
100 True 1 0.0009875297546386719 0
200 True 1 0.0011649131774902344 0
300 True 1 0.0010266304016113281 0
400 True 1 0.0010128021240234375 0
500 True 1 0.001195669174194336 0
600 True 1 0.0009784698486328125 0
700 True 1 0.000989675521850586 0
800 True 1 0.0013141632080078125 0
900 True 1 0.0009846687316894531 0
1000 True 1 0.0010104179382324219 0
1100 True 1 0.0010673999786376953 0
1200 True 1 0.0009799003601074219 0
1300 True 1 0.0009489059448242188 0
1400 True 1 0.0009274482727050781 0
1500 False 0 0.0 0
1600 True 1 0.0010170936584472656 0
1700 True 1 0.000997304916381836 0
1800 True 1 0.0010075569152832031 0
1900 True 1 0.0010020732879638672 0
2000 True 1 0.001226186752319336 0
2100 True 1 0.0009911060333251953 0
2200 True 1 0.0010328292846679688 0
2300 True 1 0.0010292530059814453 0
2400 True 1 0.0011456012725830078 0
2500 True 1 0.0009353160858154297 0
2600 True 1 0.0009379386901855469 0
2700 True 1 0.0011339187622070312 0
2800 True 1 0.0009477138519287109 0
2900 True 1 0.0009503364562988281 0
3000 True 1 0.0009818077087402344 0
3100 True 1 0.0009791851043701172 0
3200 True 1 0.0010938644409179688 0
3300 True 1 0.0009768009185791016 0
3400 True 1 0.0010073184967041016 0
3500 True 1 0.0010199546813964844 0
3600 True 1 0.0009303092956542969 0
3700 True 1 0.0012996196746826172 0
3800 True 1 0.0008778572082519531 0
3900 True 1 0.000934600830078125 0
4000 True 1 0.0010423660278320312 0
4100 True 1 0.0009186267852783203 0
4200 True 1 0.0009546279907226562 0
4300 True 1 0.0009717941284179688 0
4400 True 1 0.0009777545928955078 0
4500 False 0 0.0 0
4600 True 1 0.0009479522705078125 0
4700 True 1 0.0009725093841552734 0
4800 True 1 0.0009899139404296875 0
4900 True 1 0.0010042190551757812 0
5000 True 1 0.0009794235229492188 0
5100 True 1 0.0009775161743164062 0
5200 True 1 0.0009136199951171875 0
5300 True 1 0.0009138584136962891 0
5400 True 1 0.0009696483612060547 0
5500 True 1 0.0009958744049072266 0
5600 True 1 0.0010271072387695312 0
5700 True 1 0.0010223388671875 0
5800 True 1 0.0009322166442871094 0
5900 True 1 0.0011713504791259766 0
6000 True 1 0.0008919239044189453 0
6100 True 1 0.0009732246398925781 0
6200 True 1 0.0009176731109619141 0
6300 True 1 0.0009512901306152344 0
6400 True 1 0.0009200572967529297 0
6500 True 1 0.0009725093841552734 0
6600 True 1 0.0009124279022216797 0
6700 True 1 0.000997304916381836 0
6800 True 1 0.0009133815765380859 0
6900 True 1 0.000942230224609375 0
7000 True 1 0.0009143352508544922 0
7100 True 1 0.0009241104125976562 0
7200 True 1 0.0009591579437255859 0
7300 True 1 0.0009584426879882812 0
7400 True 1 0.0008881092071533203 0
7500 True 1 0.0009696483612060547 0
7600 True 1 0.0009295940399169922 0
7700 True 1 0.000896453857421875 0
7800 True 1 0.0009846687316894531 0
7900 True 1 0.0009109973907470703 0
8000 True 1 0.001071929931640625 0
8100 True 1 0.0012249946594238281 0
8200 True 1 0.0009019374847412109 0
8300 True 1 0.0009677410125732422 0
8400 True 1 0.0009400844573974609 0
8500 True 1 0.0009183883666992188 0
8600 True 1 0.0009579658508300781 0
8700 True 1 0.0009348392486572266 0
8800 True 1 0.0009396076202392578 0
8900 True 1 0.0009336471557617188 0
9000 True 1 0.0009276866912841797 0
9100 True 1 0.001310586929321289 0
9200 True 1 0.001287221908569336 0
9300 True 1 0.0013327598571777344 0
9400 True 1 0.0009353160858154297 0
9500 True 1 0.00122833251953125 0
9600 True 1 0.0010478496551513672 0
9700 True 1 0.0009648799896240234 0
9800 True 1 0.0013916492462158203 0
9900 True 1 0.0010154247283935547 0
