0 True 1 0.0010569095611572266 0
100 True 1 0.0010097026824951172 0
200 False 0 0.0 0
300 False 0 0.0 0
400 False 0 0.0 0
500 False 0 0.0 0
600 False 0 0.0 0
700 True 1 0.0011687278747558594 0
800 True 1 0.001199960708618164 0
900 True 1 0.0011246204376220703 0
1000 False 0 0.0 0
1100 True 1 0.0010886192321777344 0
1200 True 1 0.001069784164428711 0
1300 False 0 0.0 0
1400 False 0 0.0 0
1500 False 0 0.0 0
1600 False 0 0.0 0
1700 True 1 0.001088857650756836 0
1800 False 0 0.0 0
1900 False 0 0.0 0
2000 False 0 0.0 0
2100 False 0 0.0 0
2200 False 0 0.0 0
2300 False 0 0.0 0
2400 False 0 0.0 0
2500 False 0 0.0 0
2600 True 1 0.001163482666015625 0
2700 True 1 0.0010559558868408203 0
2800 False 0 0.0 0
2900 False 0 0.0 0
3000 True 1 0.0011031627655029297 0
3100 False 0 0.0 0
3200 False 0 0.0 0
3300 False 0 0.0 0
3400 True 1 0.0011010169982910156 0
3500 False 0 0.0 0
3600 False 0 0.0 0
3700 False 0 0.0 0
3800 False 0 0.0 0
3900 True 1 0.0014836788177490234 0
4000 False 0 0.0 0
4100 False 0 0.0 0
4200 True 1 0.0011463165283203125 0
4300 False 0 0.0 0
4400 False 0 0.0 0
4500 False 0 0.0 0
4600 False 0 0.0 0
4700 False 0 0.0 0
4800 True 1 0.0011827945709228516 0
4900 False 0 0.0 0
5000 False 0 0.0 0
5100 False 0 0.0 0
5200 False 0 0.0 0
5300 False 0 0.0 0
5400 False 0 0.0 0
5500 False 0 0.0 0
5600 True 1 0.0020067691802978516 0
5700 False 0 0.0 0
5800 False 0 0.0 0
5900 False 0 0.0 0
6000 False 0 0.0 0
6100 False 0 0.0 0
6200 False 0 0.0 0
6300 False 0 0.0 0
6400 True 1 0.0012555122375488281 0
6500 False 0 0.0 0
6600 False 0 0.0 0
6700 False 0 0.0 0
6800 False 0 0.0 0
6900 True 1 0.001299142837524414 0
7000 True 1 0.0011260509490966797 0
7100 False 0 0.0 0
7200 False 0 0.0 0
7300 True 1 0.0013110637664794922 0
7400 False 0 0.0 0
7500 False 0 0.0 0
7600 True 1 0.001176595687866211 0
7700 False 0 0.0 0
7800 False 0 0.0 0
7900 False 0 0.0 0
8000 False 0 0.0 0
8100 True 1 0.0011234283447265625 0
8200 True 1 0.0011429786682128906 0
8300 False 0 0.0 0
8400 False 0 0.0 0
8500 False 0 0.0 0
8600 True 1 0.0010559558868408203 0
8700 False 0 0.0 0
8800 False 0 0.0 0
8900 False 0 0.0 0
9000 True 1 0.0010406970977783203 0
9100 False 0 0.0 0
9200 True 1 0.0010862350463867188 0
9300 False 0 0.0 0
9400 False 0 0.0 0
9500 False 0 0.0 0
9600 False 0 0.0 0
9700 False 0 0.0 0
9800 True 1 0.0011544227600097656 0
9900 True 1 0.0011258125305175781 0
