0 True 0.015625 0.0010943412780761719 0
100 True 0.015625 0.0012252330780029297 0
200 True 0.015625 0.0009560585021972656 0
300 True 0.015625 0.0009520053863525391 0
400 True 0.015625 0.0010287761688232422 0
500 True 0.015625 0.0009610652923583984 0
600 True 0.015625 0.0011069774627685547 0
700 True 0.015625 0.0010232925415039062 0
800 True 0.015625 0.0010552406311035156 0
900 False 0.0 0.0 0
1000 True 0.015625 0.001068115234375 0
1100 True 0.015625 0.0010497570037841797 0
1200 True 0.015625 0.0010223388671875 0
1300 True 0.015625 0.0011370182037353516 0
1400 True 0.015625 0.0010116100311279297 0
1500 False 0.0 0.0 0
1600 True 0.015625 0.0010075569152832031 0
1700 True 0.015625 0.0012006759643554688 0
1800 True 0.015625 0.0009894371032714844 0
1900 True 0.015625 0.0010406970977783203 0
2000 True 0.015625 0.0010790824890136719 0
2100 True 0.015625 0.0010921955108642578 0
2200 True 0.015625 0.0011241436004638672 0
2300 True 0.015625 0.00106048583984375 0
2400 True 0.015625 0.0012362003326416016 0
2500 True 0.015625 0.0011243820190429688 0
2600 True 0.015625 0.0009846687316894531 0
2700 True 0.015625 0.0010499954223632812 0
2800 True 0.015625 0.0009911060333251953 0
2900 True 0.015625 0.0010802745819091797 0
3000 True 0.015625 0.0012011528015136719 0
3100 True 0.015625 0.0011067390441894531 0
3200 True 0.015625 0.0011439323425292969 0
3300 True 0.015625 0.0011439323425292969 0
3400 True 0.015625 0.0011854171752929688 0
3500 True 0.015625 0.0010712146759033203 0
3600 True 0.015625 0.0012164115905761719 0
3700 True 0.015625 0.0011620521545410156 0
3800 True 0.015625 0.0010991096496582031 0
3900 True 0.015625 0.001119852066040039 0
4000 True 0.015625 0.001033782958984375 0
4100 True 0.015625 0.0011179447174072266 0
4200 True 0.015625 0.0009899139404296875 0
4300 True 0.015625 0.0010259151458740234 0
4400 True 0.015625 0.0011637210845947266 0
4500 False 0.0 0.0 0
4600 True 0.015625 0.001135110855102539 0
4700 True 0.015625 0.0010139942169189453 0
4800 True 0.015625 0.0010595321655273438 0
4900 True 0.015625 0.001035451889038086 0
5000 True 0.015625 0.00119781494140625 0
5100 True 0.015625 0.0011570453643798828 0
5200 True 0.015625 0.0010786056518554688 0
5300 True 0.015625 0.001131296157836914 0
5400 True 0.015625 0.0010721683502197266 0
5500 True 0.015625 0.0010402202606201172 0
5600 True 0.015625 0.0011096000671386719 0
5700 True 0.015625 0.0010695457458496094 0
5800 True 0.015625 0.0010704994201660156 0
5900 True 0.015625 0.0011641979217529297 0
6000 True 0.015625 0.0010364055633544922 0
6100 True 0.015625 0.0010721683502197266 0
6200 True 0.015625 0.0010631084442138672 0
6300 True 0.015625 0.0010631084442138672 0
6400 True 0.015625 0.0011904239654541016 0
6500 True 0.015625 0.0010693073272705078 0
6600 True 0.015625 0.0010623931884765625 0
6700 True 0.015625 0.0011188983917236328 0
6800 True 0.015625 0.001065969467163086 0
6900 True 0.015625 0.0010864734649658203 0
7000 True 0.015625 0.0010840892791748047 0
7100 True 0.015625 0.001062631607055664 0
7200 True 0.015625 0.0011072158813476562 0
7300 True 0.015625 0.0010650157928466797 0
7400 True 0.015625 0.0010654926300048828 0
7500 True 0.015625 0.0011339187622070312 0
7600 True 0.015625 0.0010406970977783203 0
7700 True 0.015625 0.0011467933654785156 0
7800 False 0.0 0.0 0
7900 True 0.015625 0.0011429786682128906 0
8000 True 0.015625 0.0012240409851074219 0
8100 True 0.015625 0.0010857582092285156 0
8200 True 0.015625 0.0011248588562011719 0
8300 True 0.015625 0.0010724067687988281 0
8400 True 0.015625 0.0012462139129638672 0
8500 True 0.015625 0.0011737346649169922 0
8600 True 0.015625 0.0014710426330566406 0
8700 True 0.015625 0.0012118816375732422 0
8800 True 0.015625 0.0011577606201171875 0
8900 True 0.015625 0.0010631084442138672 0
9000 True 0.015625 0.0010974407196044922 0
9100 True 0.015625 0.0011515617370605469 0
9200 True 0.015625 0.0011014938354492188 0
9300 True 0.015625 0.0010638236999511719 0
9400 True 0.015625 0.0011208057403564453 0
9500 True 0.015625 0.0010211467742919922 0
9600 True 0.015625 0.0011107921600341797 0
9700 True 0.015625 0.0011649131774902344 0
9800 True 0.015625 0.0010831356048583984 0
9900 True 0.015625 0.0010635852813720703 0
