0 True 1 0.0010921955108642578 0
100 True 1 0.0010786056518554688 0
200 True 1 0.0011069774627685547 0
300 True 1 0.0010650157928466797 0
400 True 1 0.0010685920715332031 0
500 True 1 0.0011289119720458984 0
600 True 1 0.0010559558868408203 0
700 True 1 0.0011281967163085938 0
800 True 1 0.0011107921600341797 0
900 False 0 0.0 0
1000 True 1 0.001104116439819336 0
1100 True 1 0.0010485649108886719 0
1200 True 1 0.0011196136474609375 0
1300 True 1 0.0010902881622314453 0
1400 True 1 0.0010809898376464844 0
1500 False 0 0.0 0
1600 True 1 0.0011363029479980469 0
1700 True 1 0.001176595687866211 0
1800 True 1 0.0010998249053955078 0
1900 True 1 0.0010898113250732422 0
2000 True 1 0.001087188720703125 0
2100 True 1 0.0010552406311035156 0
2200 True 1 0.001123189926147461 0
2300 True 1 0.0011653900146484375 0
2400 True 1 0.0010995864868164062 0
2500 True 1 0.0010848045349121094 0
2600 True 1 0.001096487045288086 0
2700 True 1 0.0010881423950195312 0
2800 True 1 0.0011332035064697266 0
2900 True 1 0.0011136531829833984 0
3000 True 1 0.0010962486267089844 0
3100 True 1 0.0010938644409179688 0
3200 True 1 0.001085042953491211 0
3300 True 1 0.001068115234375 0
3400 True 1 0.0010802745819091797 0
3500 True 1 0.0010972023010253906 0
3600 True 1 0.0010564327239990234 0
3700 True 1 0.0011134147644042969 0
3800 True 1 0.0010981559753417969 0
3900 True 1 0.0010564327239990234 0
4000 True 1 0.0011279582977294922 0
4100 True 1 0.0010733604431152344 0
4200 True 1 0.0011265277862548828 0
4300 True 1 0.0011439323425292969 0
4400 True 1 0.0011065006256103516 0
4500 False 0 0.0 0
4600 True 1 0.0010874271392822266 0
4700 True 1 0.0010809898376464844 0
4800 True 1 0.0011515617370605469 0
4900 True 1 0.0010557174682617188 0
5000 True 1 0.0010461807250976562 0
5100 True 1 0.0011036396026611328 0
5200 True 1 0.0011105537414550781 0
5300 True 1 0.0011019706726074219 0
5400 True 1 0.0011563301086425781 0
5500 True 1 0.0010981559753417969 0
5600 True 1 0.0010762214660644531 0
5700 True 1 0.0010721683502197266 0
5800 True 1 0.0009434223175048828 0
5900 True 1 0.001065969467163086 0
6000 True 1 0.0009927749633789062 0
6100 True 1 0.0009348392486572266 0
6200 True 1 0.0010571479797363281 0
6300 True 1 0.0009624958038330078 0
6400 True 1 0.0010137557983398438 0
6500 True 1 0.00096893310546875 0
6600 True 1 0.0010225772857666016 0
6700 True 1 0.0011322498321533203 0
6800 True 1 0.0010213851928710938 0
6900 True 1 0.0010302066802978516 0
7000 True 1 0.0010523796081542969 0
7100 True 1 0.0010921955108642578 0
7200 True 1 0.0011341571807861328 0
7300 True 1 0.0010876655578613281 0
7400 True 1 0.001531839370727539 0
7500 True 1 0.001215219497680664 0
7600 True 1 0.001621246337890625 0
7700 True 1 0.0010685920715332031 0
7800 False 0 0.0 0
7900 True 1 0.001050710678100586 0
8000 True 1 0.001005411148071289 0
8100 True 1 0.0013184547424316406 0
8200 True 1 0.0011415481567382812 0
8300 True 1 0.001047372817993164 0
8400 True 1 0.0010800361633300781 0
8500 True 1 0.0011227130889892578 0
8600 True 1 0.0010335445404052734 0
8700 True 1 0.0011572837829589844 0
8800 True 1 0.0010929107666015625 0
8900 True 1 0.0010766983032226562 0
9000 True 1 0.0012280941009521484 0
9100 True 1 0.0011425018310546875 0
9200 True 1 0.0012004375457763672 0
9300 True 1 0.001172780990600586 0
9400 True 1 0.0011112689971923828 0
9500 True 1 0.002814769744873047 0
9600 True 1 0.001129150390625 0
9700 True 1 0.0010223388671875 0
9800 True 1 0.0010654926300048828 0
9900 True 1 0.001168966293334961 0
