0 True 1 0.0013246536254882812 0
100 True 1 0.0010764598846435547 0
200 True 1 0.0010085105895996094 0
300 True 1 0.0012238025665283203 0
400 True 1 0.001203298568725586 0
500 True 1 0.0009682178497314453 0
600 True 1 0.001196146011352539 0
700 True 1 0.0011072158813476562 0
800 True 1 0.001008749008178711 0
900 True 1 0.0009758472442626953 0
1000 True 1 0.0010445117950439453 0
1100 True 1 0.0009682178497314453 0
1200 False 0 0.0 0
1300 True 1 0.0009722709655761719 0
1400 True 1 0.0011074542999267578 0
1500 False 0 0.0 0
1600 True 1 0.0012552738189697266 0
1700 True 1 0.0012047290802001953 0
1800 True 1 0.0010933876037597656 0
1900 True 1 0.0009915828704833984 0
2000 True 1 0.0011858940124511719 0
2100 True 1 0.0009968280792236328 0
2200 True 1 0.001070261001586914 0
2300 True 1 0.0010406970977783203 0
2400 True 1 0.0009822845458984375 0
2500 True 1 0.0009877681732177734 0
2600 True 1 0.0009775161743164062 0
2700 True 1 0.0009975433349609375 0
2800 True 1 0.0010879039764404297 0
2900 True 1 0.0009627342224121094 0
3000 True 1 0.0010063648223876953 0
3100 True 1 0.0010874271392822266 0
3200 True 1 0.0009484291076660156 0
3300 True 1 0.0014224052429199219 0
3400 True 1 0.0009377002716064453 0
3500 True 1 0.0009431838989257812 0
3600 True 1 0.0009992122650146484 0
3700 True 1 0.0012934207916259766 0
3800 True 1 0.0010149478912353516 0
3900 True 1 0.0010607242584228516 0
4000 True 1 0.0012142658233642578 0
4100 True 1 0.0011224746704101562 0
4200 True 1 0.0010004043579101562 0
4300 True 1 0.0009832382202148438 0
4400 True 1 0.0010266304016113281 0
4500 False 0 0.0 0
4600 True 1 0.001039266586303711 0
4700 True 1 0.0012722015380859375 0
4800 True 1 0.0011527538299560547 0
4900 True 1 0.0009455680847167969 0
5000 True 1 0.000988006591796875 0
5100 True 1 0.0009272098541259766 0
5200 True 1 0.0012705326080322266 0
5300 True 1 0.0010101795196533203 0
5400 True 1 0.0009860992431640625 0
5500 True 1 0.0009639263153076172 0
5600 False 0 0.0 0
5700 True 1 0.0010380744934082031 0
5800 True 1 0.0009398460388183594 0
5900 True 1 0.0009372234344482422 0
6000 True 1 0.001184701919555664 0
6100 True 1 0.0015308856964111328 0
6200 True 1 0.0012044906616210938 0
6300 True 1 0.0012888908386230469 0
6400 True 1 0.0010733604431152344 0
6500 True 1 0.0010526180267333984 0
6600 True 1 0.0009644031524658203 0
6700 True 1 0.0009894371032714844 0
6800 True 1 0.001018524169921875 0
6900 True 1 0.0009684562683105469 0
7000 True 1 0.0010421276092529297 0
7100 True 1 0.0009486675262451172 0
7200 True 1 0.0010170936584472656 0
7300 True 1 0.0010471343994140625 0
7400 True 1 0.0010082721710205078 0
7500 True 1 0.0010635852813720703 0
7600 True 1 0.0010182857513427734 0
7700 True 1 0.001028299331665039 0
7800 False 0 0.0 0
7900 True 1 0.0011768341064453125 0
8000 True 1 0.0010113716125488281 0
8100 True 1 0.001001596450805664 0
8200 True 1 0.0011072158813476562 0
8300 True 1 0.000997781753540039 0
8400 True 1 0.0009822845458984375 0
8500 True 1 0.0011131763458251953 0
8600 True 1 0.0010704994201660156 0
8700 True 1 0.0010752677917480469 0
8800 True 1 0.0009450912475585938 0
8900 True 1 0.0009181499481201172 0
9000 True 1 0.0015125274658203125 0
9100 True 1 0.0009477138519287109 0
9200 True 1 0.0009641647338867188 0
9300 True 1 0.0009200572967529297 0
9400 True 1 0.0009214878082275391 0
9500 True 1 0.0012688636779785156 0
9600 True 1 0.0009326934814453125 0
9700 True 1 0.0009703636169433594 0
9800 True 1 0.000957489013671875 0
9900 True 1 0.001260995864868164 0
