0 True 0.1875 3.710763454437256 0
100 True 0.109375 2.6430439949035645 0
200 True 0.1484375 2.4760842323303223 0
300 False 0.0 0.0 0
400 True 0.09375 1.9496185779571533 0
500 True 0.25 3.2943437099456787 0
600 True 0.1953125 1.4973969459533691 0
700 True 0.140625 1.5589768886566162 0
800 True 0.015625 2.9006783962249756 0
900 True 0.0546875 2.3251001834869385 0
1000 True 0.1328125 1.9275870323181152 0
1100 True 0.1875 1.5007760524749756 0
1200 False 0.0 0.0 0
1300 True 0.1484375 1.5687780380249023 0
1400 True 0.2109375 1.9419662952423096 0
1500 False 0.0 0.0 0
1600 True 0.09375 1.5294325351715088 0
1700 True 0.15625 2.373593330383301 0
1800 False 0.0 0.0 0
1900 True 0.1015625 1.5273525714874268 0
2000 True 0.140625 1.5294134616851807 0
2100 True 0.171875 2.004079580307007 0
2200 True 0.046875 1.5069072246551514 0
2300 True 0.015625 1.5674262046813965 0
2400 True 0.0859375 2.457350492477417 0
2500 True 0.0078125 2.059560537338257 0
2600 True 0.2421875 2.4885175228118896 0
2700 True 0.125 1.5652852058410645 0
2800 True 0.1015625 1.520646095275879 0
2900 True 0.09375 1.5037076473236084 0
3000 True 0.1015625 1.5401086807250977 0
3100 True 0.0859375 1.528320550918579 0
3200 True 0.1953125 1.535287618637085 0
3300 True 0.125 1.4937427043914795 0
3400 True 0.2265625 2.061333179473877 0
3500 True 0.265625 2.0205531120300293 0
3600 True 0.109375 1.5484416484832764 0
3700 True 0.1953125 1.5254762172698975 0
3800 True 0.09375 1.5363249778747559 0
3900 True 0.1875 1.5585238933563232 0
4000 False 0.0 0.0 0
4100 True 0.125 1.5815181732177734 0
4200 True 0.15625 1.5630643367767334 0
4300 False 0.0 0.0 0
4400 True 0.09375 1.589566707611084 0
4500 False 0.0 0.0 0
4600 True 0.234375 1.5905911922454834 0
4700 True 0.15625 1.5455715656280518 0
4800 True 0.25 1.532379388809204 0
4900 True 0.1015625 1.536304235458374 0
5000 True 0.171875 1.5812735557556152 0
5100 True 0.0078125 1.581883430480957 0
5200 True 0.125 1.5180816650390625 0
5300 True 0.2265625 1.518221378326416 0
5400 True 0.15625 1.5037221908569336 0
5500 True 0.203125 1.5220074653625488 0
5600 True 0.0 1.4977598190307617 0
5700 True 0.1953125 1.514075517654419 0
5800 True 0.1484375 1.5012030601501465 0
5900 True 0.2109375 1.5076227188110352 0
6000 True 0.0390625 2.0433189868927 0
6100 True 0.234375 1.6195647716522217 0
6200 True 0.21875 1.534341812133789 0
6300 True 0.1640625 1.528775930404663 0
6400 True 0.015625 1.5142803192138672 0
6500 True 0.171875 1.4966413974761963 0
6600 True 0.078125 1.542733907699585 0
6700 True 0.0859375 1.51116943359375 0
6800 True 0.1015625 1.5102386474609375 0
6900 True 0.1640625 1.5258500576019287 0
7000 True 0.1640625 1.5691478252410889 0
7100 True 0.1953125 1.540391206741333 0
7200 True 0.1171875 1.5134496688842773 0
7300 True 0.1796875 1.487541913986206 0
7400 True 0.1171875 1.5007367134094238 0
7500 True 0.1015625 1.5776658058166504 0
7600 True 0.1640625 1.528714656829834 0
7700 True 0.1171875 1.526132583618164 0
7800 False 0.0 0.0 0
7900 True 0.109375 1.4633097648620605 0
8000 True 0.234375 1.4971404075622559 0
8100 True 0.1171875 1.4907522201538086 0
8200 True 0.1875 1.5060749053955078 0
8300 True 0.2109375 1.5569679737091064 0
8400 True 0.2109375 1.5459988117218018 0
8500 True 0.2734375 1.4882326126098633 0
8600 True 0.1796875 1.5470478534698486 0
8700 True 0.1875 1.4955089092254639 0
8800 True 0.28125 2.515974283218384 0
8900 True 0.203125 1.5346894264221191 0
9000 True 0.1953125 1.5409321784973145 0
9100 True 0.1875 1.5010814666748047 0
9200 True 0.1484375 1.5403542518615723 0
9300 True 0.203125 1.5097661018371582 0
9400 True 0.0625 2.037865161895752 0
9500 True 0.171875 1.5180888175964355 0
9600 True 0.140625 1.5211493968963623 0
9700 True 0.0 1.479283332824707 0
9800 True 0.0234375 1.4928200244903564 0
9900 True 0.1953125 1.4882287979125977 0
