0 True 1 1.1360523700714111 0
100 True 1 0.25360894203186035 0
200 True 1 0.2547750473022461 0
300 False 0 0.0 0
400 True 0 0.25754356384277344 0
500 True 1 0.2568068504333496 0
600 True 1 0.25896239280700684 0
700 True 1 0.2575559616088867 0
800 True 0 0.26280808448791504 0
900 True 0 0.2582366466522217 0
1000 True 1 0.2572042942047119 0
1100 True 1 0.2555663585662842 0
1200 False 0 0.0 0
1300 True 1 0.269848108291626 0
1400 True 1 0.25970888137817383 0
1500 False 0 0.0 0
1600 True 0 0.25340819358825684 0
1700 True 1 0.25436973571777344 0
1800 False 0 0.0 0
1900 True 1 0.2525756359100342 0
2000 True 1 0.2473583221435547 0
2100 True 1 0.26179027557373047 0
2200 True 0 0.25594210624694824 0
2300 True 0 0.2597391605377197 0
2400 True 0 0.2512543201446533 0
2500 True 0 0.24788880348205566 0
2600 True 1 0.2520570755004883 0
2700 True 1 0.2683713436126709 0
2800 True 1 0.2601306438446045 0
2900 True 0 0.24913668632507324 0
3000 True 1 0.2683119773864746 0
3100 True 0 0.2623906135559082 0
3200 True 1 0.2576477527618408 0
3300 True 1 0.25572681427001953 0
3400 True 1 0.26120948791503906 0
3500 True 1 0.2521505355834961 0
3600 True 1 0.25045108795166016 0
3700 True 1 0.23521089553833008 0
3800 True 0 0.2535858154296875 0
3900 True 1 0.25642895698547363 0
4000 False 0 0.0 0
4100 True 1 0.25313615798950195 0
4200 True 1 0.2437598705291748 0
4300 False 0 0.0 0
4400 True 0 0.2458484172821045 0
4500 False 0 0.0 0
4600 True 1 0.24527883529663086 0
4700 True 1 0.2695784568786621 0
4800 True 1 0.2578885555267334 0
4900 True 1 0.24814939498901367 0
5000 True 1 0.2846710681915283 0
5100 True 0 0.25716257095336914 0
5200 True 1 0.2528564929962158 0
5300 True 1 0.24931669235229492 0
5400 True 1 0.2492232322692871 0
5500 True 1 0.25087451934814453 0
5600 True 0 0.24846625328063965 0
5700 True 1 0.24207830429077148 0
5800 True 1 0.25801706314086914 0
5900 True 1 0.2594010829925537 0
6000 True 0 0.25760364532470703 0
6100 True 1 0.2515711784362793 0
6200 True 1 0.25618934631347656 0
6300 True 1 0.25466179847717285 0
6400 True 0 0.2461082935333252 0
6500 True 1 0.25612306594848633 0
6600 True 0 0.2617177963256836 0
6700 True 0 0.25862860679626465 0
6800 True 1 0.2589278221130371 0
6900 True 1 0.2506904602050781 0
7000 True 1 0.25559377670288086 0
7100 True 1 0.2470872402191162 0
7200 True 1 0.2580239772796631 0
7300 True 1 0.2513444423675537 0
7400 True 1 0.24719500541687012 0
7500 True 1 0.2715001106262207 0
7600 True 1 0.260178804397583 0
7700 True 1 0.26851391792297363 0
7800 False 0 0.0 0
7900 True 1 0.2521169185638428 0
8000 True 1 0.2613945007324219 0
8100 True 1 0.25372838973999023 0
8200 True 1 0.2514042854309082 0
8300 True 1 0.26349329948425293 0
8400 True 1 0.25052428245544434 0
8500 True 1 0.25612831115722656 0
8600 True 1 0.2580084800720215 0
8700 True 1 0.2472400665283203 0
8800 True 1 0.24994111061096191 0
8900 True 1 0.24981427192687988 0
9000 True 1 0.2502174377441406 0
9100 True 1 0.25009727478027344 0
9200 True 1 0.2560274600982666 0
9300 True 1 0.24954462051391602 0
9400 True 0 0.25793027877807617 0
9500 True 1 0.25557422637939453 0
9600 True 1 0.24206805229187012 0
9700 True 0 0.2455761432647705 0
9800 True 0 0.2443397045135498 0
9900 True 1 0.2603590488433838 0
