0 True 1 1.0472350120544434 0
100 True 0 0.252413272857666 0
200 True 0 0.24373698234558105 0
300 False 0 0.0 0
400 False 0 0.0 0
500 True 0 0.2382950782775879 0
600 True 0 0.25402188301086426 0
700 True 0 0.25057554244995117 0
800 False 0 0.0 0
900 True 0 0.2558009624481201 0
1000 True 0 0.24439120292663574 0
1100 True 0 0.2564394474029541 0
1200 False 0 0.0 0
1300 True 0 0.25615620613098145 0
1400 True 0 0.26177453994750977 0
1500 False 0 0.0 0
1600 True 0 0.24516701698303223 0
1700 True 0 0.24003052711486816 0
1800 True 0 0.24515557289123535 0
1900 True 0 0.26228761672973633 0
2000 True 0 0.24557733535766602 0
2100 False 0 0.0 0
2200 False 0 0.0 0
2300 True 0 0.2607910633087158 0
2400 False 0 0.0 0
2500 False 0 0.0 0
2600 True 0 0.24982905387878418 0
2700 True 0 0.25902485847473145 0
2800 False 0 0.0 0
2900 True 0 0.2421875 0
3000 True 0 0.24161982536315918 0
3100 False 0 0.0 0
3200 True 0 0.2513251304626465 0
3300 True 0 0.24510669708251953 0
3400 True 1 0.2507665157318115 0
3500 True 1 0.2510237693786621 0
3600 False 0 0.0 0
3700 True 1 0.24257111549377441 0
3800 True 0 0.2510859966278076 0
3900 True 1 0.2521533966064453 0
4000 False 0 0.0 0
4100 True 0 0.24843168258666992 0
4200 True 1 0.2517068386077881 0
4300 False 0 0.0 0
4400 True 0 0.24657487869262695 0
4500 False 0 0.0 0
4600 True 0 0.2550394535064697 0
4700 True 0 0.24685168266296387 0
4800 True 1 0.24885869026184082 0
4900 False 0 0.0 0
5000 True 0 0.2555689811706543 0
5100 False 0 0.0 0
5200 True 0 0.25061869621276855 0
5300 True 0 0.2528500556945801 0
5400 True 0 0.24174904823303223 0
5500 True 0 0.2541384696960449 0
5600 True 0 0.24614739418029785 0
5700 True 0 0.24784016609191895 0
5800 True 0 0.24728751182556152 0
5900 True 1 0.2519397735595703 0
6000 False 0 0.0 0
6100 True 1 0.2429029941558838 0
6200 True 0 0.25719785690307617 0
6300 True 0 0.2346360683441162 0
6400 True 0 0.24434280395507812 0
6500 True 0 0.24071836471557617 0
6600 True 0 0.24196243286132812 0
6700 False 0 0.0 0
6800 False 0 0.0 0
6900 True 0 0.24174189567565918 0
7000 True 1 0.255479097366333 0
7100 False 0 0.0 0
7200 True 0 0.24456429481506348 0
7300 True 1 0.25316715240478516 0
7400 True 0 0.24643278121948242 0
7500 False 0 0.0 0
7600 True 1 0.24381804466247559 0
7700 True 0 0.2675964832305908 0
7800 False 0 0.0 0
7900 True 0 0.25985002517700195 0
8000 True 0 0.2379472255706787 0
8100 True 1 0.23946523666381836 0
8200 True 0 0.2435600757598877 0
8300 True 0 0.2563354969024658 0
8400 True 1 0.24222135543823242 0
8500 True 0 0.24981904029846191 0
8600 True 1 0.2508676052093506 0
8700 True 0 0.24721503257751465 0
8800 True 1 0.24917960166931152 0
8900 True 1 0.23971772193908691 0
9000 True 1 0.24541735649108887 0
9100 True 0 0.24484992027282715 0
9200 True 1 0.24625706672668457 0
9300 True 0 0.2583186626434326 0
9400 True 0 0.24071955680847168 0
9500 True 0 0.24445104598999023 0
9600 True 0 0.2448406219482422 0
9700 False 0 0.0 0
9800 True 0 0.24706768989562988 0
9900 False 0 0.0 0
