0 True 0.296875 3.726902723312378 0
100 True 0.109375 2.997485637664795 0
200 True 0.09375 1.8195269107818604 0
300 False 0.0 0.0 0
400 False 0.0 0.0 0
500 True 0.2421875 2.8239099979400635 0
600 True 0.21875 1.8421156406402588 0
700 True 0.2890625 1.9284136295318604 0
800 False 0.0 0.0 0
900 True 0.140625 3.031268835067749 0
1000 True 0.1171875 1.598445177078247 0
1100 True 0.2890625 1.5247089862823486 0
1200 False 0.0 0.0 0
1300 True 0.140625 1.5714409351348877 0
1400 True 0.2265625 1.571929931640625 0
1500 False 0.0 0.0 0
1600 True 0.1875 2.2989540100097656 0
1700 True 0.1796875 2.298421621322632 0
1800 True 0.0 2.792621612548828 0
1900 True 0.2265625 1.5670082569122314 0
2000 True 0.1328125 2.005152463912964 0
2100 False 0.0 0.0 0
2200 False 0.0 0.0 0
2300 True 0.0078125 1.5046613216400146 0
2400 False 0.0 0.0 0
2500 False 0.0 0.0 0
2600 True 0.0859375 2.435446262359619 0
2700 True 0.2734375 2.4230780601501465 0
2800 False 0.0 0.0 0
2900 True 0.0390625 2.5179364681243896 0
3000 True 0.1953125 1.4875929355621338 0
3100 False 0.0 0.0 0
3200 True 0.21875 1.4903934001922607 0
3300 True 0.0703125 2.102614164352417 0
3400 True 0.375 3.475979804992676 0
3500 True 0.328125 3.361222505569458 0
3600 False 0.0 0.0 0
3700 True 0.3359375 1.463533878326416 0
3800 True 0.0703125 1.480060338973999 0
3900 True 0.359375 2.5990986824035645 0
4000 False 0.0 0.0 0
4100 True 0.078125 1.4301197528839111 0
4200 True 0.328125 1.4808669090270996 0
4300 False 0.0 0.0 0
4400 True 0.1484375 1.5369551181793213 0
4500 False 0.0 0.0 0
4600 True 0.2109375 2.190870761871338 0
4700 True 0.1796875 1.5330839157104492 0
4800 True 0.3671875 1.5180652141571045 0
4900 False 0.0 0.0 0
5000 True 0.1875 1.479832649230957 0
5100 False 0.0 0.0 0
5200 True 0.1328125 1.5158493518829346 0
5300 True 0.0859375 1.4751055240631104 0
5400 True 0.0703125 1.5223617553710938 0
5500 True 0.2265625 1.5000905990600586 0
5600 True 0.171875 1.4995653629302979 0
5700 True 0.1875 1.493401288986206 0
5800 True 0.21875 1.4848246574401855 0
5900 True 0.3203125 2.051300525665283 0
6000 False 0.0 0.0 0
6100 True 0.3046875 1.5183634757995605 0
6200 True 0.2578125 2.218005418777466 0
6300 True 0.2734375 1.515538215637207 0
6400 True 0.0859375 1.4567177295684814 0
6500 True 0.125 1.425694227218628 0
6600 True 0.0390625 1.5007030963897705 0
6700 False 0.0 0.0 0
6800 False 0.0 0.0 0
6900 True 0.0859375 1.4799962043762207 0
7000 True 0.3515625 2.129899024963379 0
7100 False 0.0 0.0 0
7200 True 0.140625 1.5226771831512451 0
7300 True 0.3359375 1.4699251651763916 0
7400 True 0.0 1.5416016578674316 0
7500 False 0.0 0.0 0
7600 True 0.328125 1.5140793323516846 0
7700 True 0.09375 1.5376996994018555 0
7800 False 0.0 0.0 0
7900 True 0.2109375 1.5034127235412598 0
8000 True 0.1328125 1.4540996551513672 0
8100 True 0.328125 1.4852676391601562 0
8200 True 0.171875 1.4926631450653076 0
8300 True 0.09375 1.4760181903839111 0
8400 True 0.375 1.5102715492248535 0
8500 True 0.296875 1.4326930046081543 0
8600 True 0.375 1.55131196975708 0
8700 True 0.234375 1.5119400024414062 0
8800 True 0.3125 1.480027198791504 0
8900 True 0.3203125 1.4910788536071777 0
9000 True 0.359375 1.4453370571136475 0
9100 True 0.0625 1.5917952060699463 0
9200 True 0.3515625 1.5124776363372803 0
9300 True 0.2109375 1.52382230758667 0
9400 True 0.15625 2.3728761672973633 0
9500 True 0.0859375 1.497483730316162 0
9600 True 0.15625 1.5905578136444092 0
9700 False 0.0 0.0 0
9800 True 0.125 1.5507442951202393 0
9900 False 0.0 0.0 0
