0 False 0.0 0.0 0
100 False 0.0 0.0 0
200 False 0.0 0.0 0
300 False 0.0 0.0 0
400 False 0.0 0.0 0
500 True 0.28125 3.861097574234009 0
600 True 0.453125 2.828641891479492 0
700 True 0.40625 2.7053780555725098 0
800 False 0.0 0.0 0
900 False 0.0 0.0 0
1000 False 0.0 0.0 0
1100 True 0.3046875 2.031320571899414 0
1200 False 0.0 0.0 0
1300 False 0.0 0.0 0
1400 True 0.1953125 3.4636693000793457 0
1500 False 0.0 0.0 0
1600 False 0.0 0.0 0
1700 False 0.0 0.0 0
1800 True 0.4765625 2.7293989658355713 0
1900 False 0.0 0.0 0
2000 True 0.40625 1.8209261894226074 0
2100 False 0.0 0.0 0
2200 True 0.3125 2.9294145107269287 0
2300 False 0.0 0.0 0
2400 False 0.0 0.0 0
2500 False 0.0 0.0 0
2600 False 0.0 0.0 0
2700 True 0.4921875 2.2158548831939697 0
2800 False 0.0 0.0 0
2900 False 0.0 0.0 0
3000 True 0.140625 2.9352242946624756 0
3100 False 0.0 0.0 0
3200 False 0.0 0.0 0
3300 False 0.0 0.0 0
3400 False 0.0 0.0 0
3500 False 0.0 0.0 0
3600 False 0.0 0.0 0
3700 False 0.0 0.0 0
3800 False 0.0 0.0 0
3900 True 0.3671875 2.694884777069092 0
4000 False 0.0 0.0 0
4100 False 0.0 0.0 0
4200 True 0.328125 2.261310577392578 0
4300 False 0.0 0.0 0
4400 True 0.4609375 1.786402702331543 0
4500 False 0.0 0.0 0
4600 True 0.3046875 1.823267936706543 0
4700 False 0.0 0.0 0
4800 False 0.0 0.0 0
4900 False 0.0 0.0 0
5000 True 0.0546875 3.795935869216919 0
5100 False 0.0 0.0 0
5200 False 0.0 0.0 0
5300 False 0.0 0.0 0
5400 False 0.0 0.0 0
5500 False 0.0 0.0 0
5600 True 0.359375 1.789212942123413 0
5700 True 0.2265625 2.769986867904663 0
5800 False 0.0 0.0 0
5900 False 0.0 0.0 0
6000 False 0.0 0.0 0
6100 False 0.0 0.0 0
6200 False 0.0 0.0 0
6300 False 0.0 0.0 0
6400 True 0.2578125 2.9218909740448 0
6500 False 0.0 0.0 0
6600 False 0.0 0.0 0
6700 False 0.0 0.0 0
6800 True 0.3046875 1.7672016620635986 0
6900 False 0.0 0.0 0
7000 True 0.3671875 1.7861106395721436 0
7100 True 0.3046875 1.8180179595947266 0
7200 True 0.1796875 2.8253729343414307 0
7300 True 0.3515625 2.387953758239746 0
7400 False 0.0 0.0 0
7500 True 0.3984375 2.8597121238708496 0
7600 True 0.34375 1.7766737937927246 0
7700 False 0.0 0.0 0
7800 False 0.0 0.0 0
7900 False 0.0 0.0 0
8000 False 0.0 0.0 0
8100 True 0.4375 2.321812629699707 0
8200 True 0.4453125 1.7335877418518066 0
8300 False 0.0 0.0 0
8400 False 0.0 0.0 0
8500 False 0.0 0.0 0
8600 True 0.34375 1.808246374130249 0
8700 False 0.0 0.0 0
8800 True 0.3203125 1.7835865020751953 0
8900 False 0.0 0.0 0
9000 True 0.234375 2.3917908668518066 0
9100 False 0.0 0.0 0
9200 False 0.0 0.0 0
9300 True 0.3359375 1.7835843563079834 0
9400 True 0.0703125 3.7697198390960693 0
9500 True 0.3203125 1.708479881286621 0
9600 True 0.3203125 1.8192200660705566 0
9700 True 0.0390625 2.628861427307129 0
9800 True 0.3359375 1.7928926944732666 0
9900 True 0.1484375 1.7963149547576904 0
