0 True 1 1.1606941223144531 0
100 True 1 0.3078632354736328 0
200 False 0 0.0 0
300 False 0 0.0 0
400 True 0 0.29850149154663086 0
500 True 1 0.29526567459106445 0
600 True 1 0.2947063446044922 0
700 True 1 0.2934682369232178 0
800 True 1 0.29260945320129395 0
900 True 0 0.28281259536743164 0
1000 True 0 0.2819538116455078 0
1100 True 1 0.2845799922943115 0
1200 False 0 0.0 0
1300 True 1 0.30597901344299316 0
1400 True 1 0.2826690673828125 0
1500 False 0 0.0 0
1600 False 0 0.0 0
1700 True 1 0.29640626907348633 0
1800 True 0 0.281583309173584 0
1900 True 0 0.2960050106048584 0
2000 True 1 0.2878844738006592 0
2100 True 1 0.3071932792663574 0
2200 True 0 0.3131253719329834 0
2300 False 0 0.0 0
2400 True 0 0.30783677101135254 0
2500 True 1 0.29299187660217285 0
2600 True 1 0.3116581439971924 0
2700 True 1 0.30857372283935547 0
2800 True 1 0.2948615550994873 0
2900 True 0 0.29808712005615234 0
3000 True 1 0.2974863052368164 0
3100 True 1 0.2902703285217285 0
3200 True 1 0.3066399097442627 0
3300 True 1 0.29421329498291016 0
3400 True 1 0.29085612297058105 0
3500 True 1 0.2891578674316406 0
3600 False 0 0.0 0
3700 True 1 0.282381534576416 0
3800 True 0 0.29136013984680176 0
3900 True 1 0.2886354923248291 0
4000 True 1 0.2769339084625244 0
4100 True 1 0.29395198822021484 0
4200 True 1 0.28522419929504395 0
4300 True 0 0.2840893268585205 0
4400 True 0 0.282839298248291 0
4500 True 0 0.3192739486694336 0
4600 True 1 0.3014187812805176 0
4700 True 1 0.28394293785095215 0
4800 True 1 0.29601097106933594 0
4900 True 1 0.3134307861328125 0
5000 True 1 0.3037068843841553 0
5100 False 0 0.0 0
5200 True 1 0.2884533405303955 0
5300 True 1 0.2915501594543457 0
5400 True 1 0.2830522060394287 0
5500 True 1 0.2949254512786865 0
5600 False 0 0.0 0
5700 True 1 0.2833127975463867 0
5800 True 1 0.28474998474121094 0
5900 True 0 0.28034496307373047 0
6000 True 0 0.2989211082458496 0
6100 True 1 0.27562427520751953 0
6200 True 1 0.28127384185791016 0
6300 True 1 0.2814035415649414 0
6400 True 1 0.28023838996887207 0
6500 True 1 0.2845726013183594 0
6600 True 1 0.2756636142730713 0
6700 True 0 0.2856898307800293 0
6800 True 0 0.2737548351287842 0
6900 True 1 0.2906179428100586 0
7000 True 1 0.30349230766296387 0
7100 True 1 0.28994297981262207 0
7200 False 0 0.0 0
7300 True 1 0.300900936126709 0
7400 True 0 0.28485536575317383 0
7500 True 1 0.29797863960266113 0
7600 True 1 0.29085373878479004 0
7700 True 1 0.28240513801574707 0
7800 False 0 0.0 0
7900 True 0 0.2816345691680908 0
8000 True 1 0.28163814544677734 0
8100 True 1 0.28438472747802734 0
8200 True 1 0.2817838191986084 0
8300 True 1 0.29973602294921875 0
8400 True 1 0.28563404083251953 0
8500 True 1 0.2823338508605957 0
8600 True 1 0.2993276119232178 0
8700 True 1 0.3029468059539795 0
8800 True 1 0.30071306228637695 0
8900 True 1 0.2922186851501465 0
9000 True 1 0.2815980911254883 0
9100 True 1 0.29076504707336426 0
9200 True 1 0.281674861907959 0
9300 True 1 0.29431891441345215 0
9400 True 1 0.2928812503814697 0
9500 True 1 0.2834444046020508 0
9600 False 0 0.0 0
9700 True 0 0.29088282585144043 0
9800 True 1 0.2895517349243164 0
9900 True 1 0.2981123924255371 0
