0 True 0.046875 3.607654571533203 0
100 True 0.046875 1.5009312629699707 0
200 True 0.09375 2.285954236984253 0
300 False 0.0 0.0 0
400 True 0.03125 1.8214375972747803 0
500 True 0.1640625 2.771796941757202 0
600 True 0.0625 2.1717183589935303 0
700 True 0.0625 1.5550189018249512 0
800 True 0.0 2.284252643585205 0
900 True 0.0078125 1.5184836387634277 0
1000 True 0.015625 1.904893159866333 0
1100 True 0.0703125 1.5515334606170654 0
1200 False 0.0 0.0 0
1300 True 0.0390625 1.4994704723358154 0
1400 True 0.0703125 1.5319275856018066 0
1500 False 0.0 0.0 0
1600 True 0.03125 1.516873836517334 0
1700 True 0.078125 1.9024415016174316 0
1800 False 0.0 0.0 0
1900 True 0.015625 1.4841094017028809 0
2000 True 0.0390625 1.5221500396728516 0
2100 True 0.046875 1.4954485893249512 0
2200 True 0.0546875 1.5195212364196777 0
2300 True 0.0234375 1.5677180290222168 0
2400 True 0.0390625 1.4928100109100342 0
2500 True 0.0078125 1.4968457221984863 0
2600 True 0.078125 1.5013797283172607 0
2700 True 0.046875 1.5110929012298584 0
2800 True 0.0703125 1.5114164352416992 0
2900 True 0.046875 1.5385737419128418 0
3000 True 0.0390625 1.5104966163635254 0
3100 True 0.015625 1.5175604820251465 0
3200 True 0.078125 1.5129239559173584 0
3300 True 0.0625 1.5948951244354248 0
3400 True 0.0546875 1.508582353591919 0
3500 True 0.0703125 1.5361063480377197 0
3600 True 0.0234375 1.5116856098175049 0
3700 True 0.046875 1.5038948059082031 0
3800 True 0.046875 1.5189831256866455 0
3900 True 0.0546875 1.5552289485931396 0
4000 False 0.0 0.0 0
4100 True 0.015625 1.5058653354644775 0
4200 True 0.03125 1.5089237689971924 0
4300 False 0.0 0.0 0
4400 True 0.0 1.5209708213806152 0
4500 False 0.0 0.0 0
4600 True 0.0859375 1.5230860710144043 0
4700 True 0.0546875 1.521505355834961 0
4800 True 0.0703125 1.4995718002319336 0
4900 True 0.0390625 1.528076410293579 0
5000 True 0.0234375 1.5963466167449951 0
5100 True 0.0 1.524683952331543 0
5200 True 0.03125 1.5213406085968018 0
5300 True 0.0703125 1.5511143207550049 0
5400 True 0.0859375 1.482710361480713 0
5500 True 0.09375 1.5505955219268799 0
5600 False 0.0 0.0 0
5700 True 0.0546875 1.5235486030578613 0
5800 True 0.1015625 1.5314230918884277 0
5900 True 0.0859375 1.5354788303375244 0
6000 True 0.0390625 1.462824821472168 0
6100 True 0.125 2.4566802978515625 0
6200 True 0.0859375 1.5839722156524658 0
6300 True 0.0390625 1.5608367919921875 0
6400 False 0.0 0.0 0
6500 True 0.078125 1.5513122081756592 0
6600 True 0.03125 1.5379562377929688 0
6700 True 0.0078125 1.5093159675598145 0
6800 True 0.078125 1.483229160308838 0
6900 True 0.0546875 1.5045340061187744 0
7000 True 0.046875 1.4819984436035156 0
7100 True 0.078125 1.4979565143585205 0
7200 True 0.0390625 1.4803626537322998 0
7300 True 0.078125 1.5155363082885742 0
7400 True 0.0625 1.4971225261688232 0
7500 True 0.1015625 1.49995756149292 0
7600 True 0.0546875 1.5200071334838867 0
7700 True 0.0390625 1.5047667026519775 0
7800 False 0.0 0.0 0
7900 True 0.0 1.4944233894348145 0
8000 True 0.171875 1.9298779964447021 0
8100 True 0.0546875 1.5017101764678955 0
8200 True 0.09375 1.5247793197631836 0
8300 True 0.0625 1.4891316890716553 0
8400 True 0.0703125 1.4918456077575684 0
8500 True 0.1015625 1.496208667755127 0
8600 True 0.0625 1.4995858669281006 0
8700 True 0.046875 1.5164821147918701 0
8800 True 0.0859375 1.4845051765441895 0
8900 True 0.0703125 1.502232313156128 0
9000 True 0.1171875 1.9115476608276367 0
9100 True 0.0859375 1.4892489910125732 0
9200 True 0.0546875 1.5678629875183105 0
9300 True 0.0625 1.5094010829925537 0
9400 True 0.046875 1.5146162509918213 0
9500 True 0.0390625 1.488830804824829 0
9600 True 0.0859375 1.5272009372711182 0
9700 False 0.0 0.0 0
9800 True 0.03125 1.5154595375061035 0
9900 True 0.0625 1.5241725444793701 0
