0 True 0.2109375 3.9250192642211914 0
100 True 0.1875 2.0725767612457275 0
200 True 0.125 2.7295167446136475 0
300 True 0.0390625 3.030663013458252 0
400 True 0.1171875 2.775235891342163 0
500 True 0.2734375 3.9372527599334717 0
600 True 0.2265625 2.5038387775421143 0
700 True 0.171875 2.596132516860962 0
800 True 0.1171875 1.7264196872711182 0
900 True 0.046875 2.262888193130493 0
1000 True 0.0859375 2.639066219329834 0
1100 True 0.203125 1.830688714981079 0
1200 True 0.015625 2.722292184829712 0
1300 True 0.171875 1.7580652236938477 0
1400 True 0.1953125 1.7471427917480469 0
1500 False 0.0 0.0 0
1600 True 0.046875 1.7485072612762451 0
1700 True 0.1640625 2.187278985977173 0
1800 True 0.0859375 1.7361514568328857 0
1900 True 0.125 1.7398087978363037 0
2000 True 0.1328125 1.7560176849365234 0
2100 True 0.171875 1.7032074928283691 0
2200 True 0.015625 1.7171423435211182 0
2300 True 0.1328125 1.7243599891662598 0
2400 True 0.109375 1.7201976776123047 0
2500 True 0.140625 2.2480881214141846 0
2600 True 0.2109375 1.6940293312072754 0
2700 True 0.1328125 1.735591173171997 0
2800 True 0.1328125 1.790132999420166 0
2900 True 0.125 1.7640538215637207 0
3000 True 0.125 1.7403895854949951 0
3100 True 0.078125 1.7360572814941406 0
3200 True 0.2265625 1.7097022533416748 0
3300 True 0.109375 1.7233242988586426 0
3400 True 0.2109375 1.7425169944763184 0
3500 True 0.25 2.2294702529907227 0
3600 True 0.1640625 1.836256742477417 0
3700 True 0.1875 1.7966561317443848 0
3800 True 0.125 1.737816333770752 0
3900 True 0.1796875 1.724313497543335 0
4000 True 0.0390625 1.7334942817687988 0
4100 True 0.1328125 1.7263481616973877 0
4200 True 0.171875 1.7255442142486572 0
4300 False 0.0 0.0 0
4400 True 0.0859375 1.6891016960144043 0
4500 False 0.0 0.0 0
4600 True 0.234375 2.268354892730713 0
4700 True 0.171875 1.727842092514038 0
4800 True 0.2265625 1.7324614524841309 0
4900 True 0.09375 2.235135078430176 0
5000 True 0.171875 1.7941389083862305 0
5100 True 0.109375 1.830202341079712 0
5200 True 0.15625 1.7741436958312988 0
5300 True 0.1953125 1.772676944732666 0
5400 True 0.15625 1.7210516929626465 0
5500 True 0.25 1.700099229812622 0
5600 True 0.0 2.3492352962493896 0
5700 True 0.1796875 1.7061643600463867 0
5800 True 0.171875 1.706134557723999 0
5900 True 0.21875 1.7030918598175049 0
6000 True 0.0703125 2.20796275138855 0
6100 True 0.2421875 1.746262788772583 0
6200 True 0.234375 1.7190520763397217 0
6300 True 0.1875 1.828559160232544 0
6400 True 0.0234375 1.739344596862793 0
6500 True 0.21875 1.7326574325561523 0
6600 True 0.125 1.6792082786560059 0
6700 True 0.15625 1.7040202617645264 0
6800 True 0.1484375 1.7607605457305908 0
6900 True 0.1796875 1.7145912647247314 0
7000 True 0.171875 1.7033154964447021 0
7100 True 0.203125 1.7290599346160889 0
7200 True 0.1015625 1.678929090499878 0
7300 True 0.1796875 1.7632782459259033 0
7400 True 0.1484375 1.7087419033050537 0
7500 True 0.15625 1.7246203422546387 0
7600 True 0.1875 1.7006030082702637 0
7700 True 0.140625 1.7292683124542236 0
7800 True 0.046875 1.7423253059387207 0
7900 True 0.09375 1.735151767730713 0
8000 True 0.171875 1.7410199642181396 0
8100 True 0.15625 1.7331576347351074 0
8200 True 0.234375 1.7509710788726807 0
8300 True 0.265625 1.705956220626831 0
8400 True 0.2109375 1.6747732162475586 0
8500 True 0.2578125 1.688645601272583 0
8600 True 0.1875 1.7273845672607422 0
8700 True 0.1796875 1.8082916736602783 0
8800 True 0.3125 3.3648414611816406 0
8900 True 0.234375 1.714526891708374 0
9000 True 0.203125 1.7484426498413086 0
9100 True 0.1875 1.7787017822265625 0
9200 True 0.171875 1.7115941047668457 0
9300 True 0.2109375 1.7326810359954834 0
9400 True 0.125 1.7015581130981445 0
9500 True 0.1171875 1.7366206645965576 0
9600 True 0.15625 1.7267909049987793 0
9700 True 0.078125 1.762587547302246 0
9800 True 0.140625 1.7138936519622803 0
9900 True 0.125 1.735595941543579 0
