0 True 1 1.1144564151763916 0
100 True 0 0.28476667404174805 0
200 True 0 0.2935059070587158 0
300 False 0 0.0 0
400 True 0 0.2821009159088135 0
500 True 0 0.28457164764404297 0
600 True 1 0.29369306564331055 0
700 True 1 0.28673505783081055 0
800 False 0 0.0 0
900 True 0 0.28679466247558594 0
1000 True 0 0.28348708152770996 0
1100 True 1 0.28568196296691895 0
1200 False 0 0.0 0
1300 True 0 0.28412461280822754 0
1400 True 0 0.2902414798736572 0
1500 False 0 0.0 0
1600 True 0 0.28522658348083496 0
1700 True 0 0.27760767936706543 0
1800 True 0 0.29604387283325195 0
1900 True 0 0.3084995746612549 0
2000 True 0 0.2912445068359375 0
2100 True 0 0.28778791427612305 0
2200 True 0 0.30032992362976074 0
2300 True 0 0.28597521781921387 0
2400 False 0 0.0 0
2500 False 0 0.0 0
2600 True 0 0.2859368324279785 0
2700 True 1 0.2830932140350342 0
2800 True 0 0.2913036346435547 0
2900 True 0 0.2874462604522705 0
3000 True 0 0.2839035987854004 0
3100 True 0 0.2805919647216797 0
3200 True 1 0.29537010192871094 0
3300 True 0 0.28488588333129883 0
3400 True 1 0.28584933280944824 0
3500 True 1 0.2824263572692871 0
3600 True 0 0.2845625877380371 0
3700 True 1 0.29654407501220703 0
3800 True 0 0.2827746868133545 0
3900 True 1 0.30377769470214844 0
4000 False 0 0.0 0
4100 True 0 0.27892065048217773 0
4200 True 1 0.28307056427001953 0
4300 False 0 0.0 0
4400 True 0 0.28122472763061523 0
4500 False 0 0.0 0
4600 True 0 0.2871415615081787 0
4700 True 0 0.2803080081939697 0
4800 True 1 0.2959153652191162 0
4900 True 0 0.2838866710662842 0
5000 True 0 0.2821614742279053 0
5100 False 0 0.0 0
5200 True 0 0.28470873832702637 0
5300 True 0 0.2817671298980713 0
5400 True 0 0.27981114387512207 0
5500 True 0 0.2887914180755615 0
5600 True 0 0.2858409881591797 0
5700 True 0 0.2860896587371826 0
5800 True 0 0.28800535202026367 0
5900 True 0 0.28777480125427246 0
6000 True 0 0.2915527820587158 0
6100 True 1 0.29430675506591797 0
6200 True 0 0.2893850803375244 0
6300 True 1 0.30527186393737793 0
6400 True 0 0.291393518447876 0
6500 True 0 0.2970552444458008 0
6600 True 0 0.28166627883911133 0
6700 True 0 0.28472280502319336 0
6800 True 0 0.2784855365753174 0
6900 True 0 0.28220605850219727 0
7000 True 1 0.27698755264282227 0
7100 True 0 0.28551816940307617 0
7200 True 0 0.2742292881011963 0
7300 True 1 0.28734779357910156 0
7400 True 0 0.2934572696685791 0
7500 True 0 0.2865781784057617 0
7600 True 1 0.2931549549102783 0
7700 True 0 0.28636932373046875 0
7800 False 0 0.0 0
7900 True 0 0.2999250888824463 0
8000 True 0 0.31749486923217773 0
8100 True 1 0.3040165901184082 0
8200 True 0 0.2911098003387451 0
8300 True 0 0.28733062744140625 0
8400 True 1 0.2896876335144043 0
8500 True 1 0.28609538078308105 0
8600 True 1 0.29439234733581543 0
8700 True 1 0.2785778045654297 0
8800 True 1 0.2750980854034424 0
8900 True 1 0.29029417037963867 0
9000 True 0 0.29610204696655273 0
9100 True 0 0.2862234115600586 0
9200 True 1 0.2910280227661133 0
9300 True 1 0.2880086898803711 0
9400 True 0 0.28938984870910645 0
9500 True 0 0.2808680534362793 0
9600 True 0 0.2920703887939453 0
9700 False 0 0.0 0
9800 True 0 0.29164767265319824 0
9900 True 0 0.2947564125061035 0
