0 True 0.25 4.187228441238403 0
100 True 0.1171875 3.468097448348999 0
200 True 0.078125 2.6302363872528076 0
300 True 0.03125 2.9813807010650635 0
400 True 0.109375 2.0338711738586426 0
500 True 0.25 2.0385122299194336 0
600 True 0.140625 3.5792620182037354 0
700 True 0.1640625 2.982407569885254 0
800 True 0.3671875 3.344376564025879 0
900 True 0.0625 2.429389238357544 0
1000 True 0.1796875 2.502617359161377 0
1100 True 0.2421875 3.440091133117676 0
1200 True 0.078125 2.0276756286621094 0
1300 True 0.3125 3.101994514465332 0
1400 True 0.1796875 2.0272226333618164 0
1500 False 0.0 0.0 0
1600 True 0.1015625 2.5200483798980713 0
1700 True 0.2109375 2.989847183227539 0
1800 True 0.0703125 2.134704113006592 0
1900 True 0.046875 2.547236680984497 0
2000 True 0.1328125 2.509826898574829 0
2100 True 0.2421875 2.017571210861206 0
2200 True 0.0703125 2.015949010848999 0
2300 True 0.0703125 1.9954066276550293 0
2400 True 0.1953125 2.637791156768799 0
2500 True 0.109375 2.0225512981414795 0
2600 True 0.3046875 3.068113327026367 0
2700 True 0.1640625 2.029444932937622 0
2800 True 0.1796875 2.048574447631836 0
2900 True 0.25 1.9960095882415771 0
3000 True 0.15625 2.0153138637542725 0
3100 True 0.078125 2.0045206546783447 0
3200 True 0.25 2.014376401901245 0
3300 True 0.1484375 2.006309986114502 0
3400 True 0.21875 2.6003687381744385 0
3500 True 0.3828125 4.409524440765381 0
3600 True 0.1328125 1.961733341217041 0
3700 True 0.3359375 2.54709792137146 0
3800 True 0.15625 1.9938545227050781 0
3900 True 0.2421875 1.9897394180297852 0
4000 True 0.1328125 1.987036943435669 0
4100 True 0.1484375 1.9709997177124023 0
4200 True 0.171875 2.0066332817077637 0
4300 True 0.0078125 3.202042579650879 0
4400 True 0.1328125 1.9862256050109863 0
4500 False 0.0 0.0 0
4600 True 0.1875 1.969940423965454 0
4700 True 0.25 2.0007283687591553 0
4800 True 0.2265625 1.9995057582855225 0
4900 True 0.1484375 2.019892454147339 0
5000 True 0.171875 2.0372912883758545 0
5100 True 0.1484375 1.979116678237915 0
5200 True 0.3046875 2.0156259536743164 0
5300 True 0.2109375 2.056603193283081 0
5400 True 0.203125 2.0250895023345947 0
5500 True 0.3125 2.0234954357147217 0
5600 True 0.125 1.9576969146728516 0
5700 True 0.21875 2.0343527793884277 0
5800 True 0.2734375 2.7541985511779785 0
5900 True 0.3125 1.9925081729888916 0
6000 True 0.2265625 1.9474577903747559 0
6100 True 0.3203125 1.9855339527130127 0
6200 True 0.21875 1.9889538288116455 0
6300 True 0.2265625 2.0316872596740723 0
6400 True 0.15625 2.008869171142578 0
6500 True 0.1796875 1.9807636737823486 0
6600 True 0.1875 2.0215656757354736 0
6700 True 0.3125 1.9905710220336914 0
6800 True 0.1953125 2.0031588077545166 0
6900 True 0.1484375 1.9834799766540527 0
7000 True 0.1484375 2.0169882774353027 0
7100 True 0.21875 1.9577620029449463 0
7200 True 0.0703125 1.9909393787384033 0
7300 True 0.1953125 2.0207083225250244 0
7400 True 0.1171875 1.990839958190918 0
7500 True 0.25 1.9757592678070068 0
7600 True 0.1640625 1.9628520011901855 0
7700 True 0.2578125 1.9609403610229492 0
7800 False 0.0 0.0 0
7900 True 0.1484375 1.9493389129638672 0
8000 True 0.2421875 1.996067762374878 0
8100 True 0.140625 1.989839792251587 0
8200 True 0.1640625 1.9846460819244385 0
8300 True 0.203125 1.9787609577178955 0
8400 True 0.296875 1.9765772819519043 0
8500 True 0.3515625 3.0361487865448 0
8600 True 0.21875 1.9798839092254639 0
8700 True 0.21875 2.040546178817749 0
8800 True 0.1953125 1.9965693950653076 0
8900 True 0.1953125 1.9729523658752441 0
9000 True 0.1875 1.979898452758789 0
9100 True 0.25 1.9622702598571777 0
9200 True 0.15625 1.9762718677520752 0
9300 True 0.2265625 1.9742546081542969 0
9400 True 0.21875 1.9698066711425781 0
9500 True 0.203125 1.992427110671997 0
9600 True 0.234375 2.0115952491760254 0
9700 True 0.0078125 1.9765381813049316 0
9800 True 0.2109375 1.9297478199005127 0
9900 True 0.28125 2.6631712913513184 0
