0 True 1 1.1659326553344727 0
100 True 1 0.3137657642364502 0
200 True 0 0.31054019927978516 0
300 True 0 0.31798386573791504 0
400 True 1 0.3303349018096924 0
500 True 1 0.31131982803344727 0
600 True 1 0.3133363723754883 0
700 True 1 0.3212416172027588 0
800 True 1 0.3239145278930664 0
900 True 0 0.3149845600128174 0
1000 True 1 0.33135223388671875 0
1100 True 1 0.32430100440979004 0
1200 True 0 0.3457210063934326 0
1300 True 1 0.327289342880249 0
1400 True 1 0.32772326469421387 0
1500 False 0 0.0 0
1600 True 1 0.31241631507873535 0
1700 True 1 0.32866668701171875 0
1800 True 0 0.30890989303588867 0
1900 True 0 0.3267693519592285 0
2000 True 1 0.31690359115600586 0
2100 True 1 0.34026479721069336 0
2200 True 0 0.31374430656433105 0
2300 True 0 0.3213229179382324 0
2400 True 1 0.30707478523254395 0
2500 True 1 0.3099849224090576 0
2600 True 1 0.32035040855407715 0
2700 True 1 0.3060424327850342 0
2800 True 1 0.3013651371002197 0
2900 True 1 0.31074976921081543 0
3000 True 1 0.31454968452453613 0
3100 True 0 0.3097386360168457 0
3200 True 1 0.3219027519226074 0
3300 True 1 0.3218076229095459 0
3400 True 1 0.33323216438293457 0
3500 True 1 0.31972479820251465 0
3600 True 1 0.3213515281677246 0
3700 True 1 0.33040380477905273 0
3800 True 1 0.3229093551635742 0
3900 True 1 0.32211780548095703 0
4000 True 1 0.3245859146118164 0
4100 True 1 0.3139982223510742 0
4200 True 1 0.32001423835754395 0
4300 True 0 0.3029918670654297 0
4400 True 1 0.3114311695098877 0
4500 False 0 0.0 0
4600 True 1 0.31513094902038574 0
4700 True 1 0.3130960464477539 0
4800 True 1 0.3240320682525635 0
4900 True 1 0.3239274024963379 0
5000 True 1 0.3303377628326416 0
5100 True 1 0.324601411819458 0
5200 True 1 0.3207213878631592 0
5300 True 1 0.313856840133667 0
5400 True 1 0.30910754203796387 0
5500 True 1 0.32177138328552246 0
5600 True 1 0.31863903999328613 0
5700 True 1 0.3271772861480713 0
5800 True 1 0.3043951988220215 0
5900 True 1 0.31668543815612793 0
6000 True 1 0.3179163932800293 0
6100 True 1 0.30791354179382324 0
6200 True 1 0.3175067901611328 0
6300 True 1 0.31351447105407715 0
6400 True 1 0.29956912994384766 0
6500 True 1 0.30924439430236816 0
6600 True 1 0.30301785469055176 0
6700 True 1 0.29730939865112305 0
6800 True 1 0.3082315921783447 0
6900 True 1 0.30936217308044434 0
7000 True 1 0.32513880729675293 0
7100 True 1 0.30944371223449707 0
7200 True 0 0.31340861320495605 0
7300 True 1 0.33233165740966797 0
7400 True 1 0.33303308486938477 0
7500 True 1 0.31131505966186523 0
7600 True 1 0.3009984493255615 0
7700 True 1 0.31186890602111816 0
7800 False 0 0.0 0
7900 True 1 0.3290832042694092 0
8000 True 1 0.3057515621185303 0
8100 True 1 0.3042604923248291 0
8200 True 1 0.31310439109802246 0
8300 True 1 0.3009324073791504 0
8400 True 1 0.31551504135131836 0
8500 True 1 0.31783390045166016 0
8600 True 1 0.32725977897644043 0
8700 True 1 0.341749906539917 0
8800 True 1 0.31043004989624023 0
8900 True 1 0.31337642669677734 0
9000 True 1 0.29349374771118164 0
9100 True 1 0.32077765464782715 0
9200 True 1 0.3159310817718506 0
9300 True 1 0.30678749084472656 0
9400 True 1 0.318526029586792 0
9500 True 1 0.3208937644958496 0
9600 True 1 0.31665778160095215 0
9700 True 0 0.30133914947509766 0
9800 True 1 0.30727720260620117 0
9900 True 1 0.31681227684020996 0
