0 True 0.046875 3.7988779544830322 0
100 True 0.0546875 1.7314453125 0
200 True 0.109375 2.517982244491577 0
300 True 0.0 2.2927725315093994 0
400 True 0.0546875 1.7199599742889404 0
500 True 0.125 3.0314931869506836 0
600 True 0.0703125 2.4347498416900635 0
700 True 0.0546875 1.6965827941894531 0
800 True 0.0078125 1.704030990600586 0
900 True 0.0078125 1.7478313446044922 0
1000 True 0.0234375 2.0814099311828613 0
1100 True 0.0625 1.6684885025024414 0
1200 True 0.015625 1.6900835037231445 0
1300 True 0.0703125 1.7116806507110596 0
1400 True 0.0859375 2.0753729343414307 0
1500 False 0.0 0.0 0
1600 True 0.0234375 1.7078919410705566 0
1700 True 0.078125 1.7174851894378662 0
1800 False 0.0 0.0 0
1900 True 0.046875 1.6930739879608154 0
2000 True 0.03125 2.0768306255340576 0
2100 True 0.0546875 1.7043790817260742 0
2200 True 0.046875 1.7359435558319092 0
2300 True 0.0390625 1.6840834617614746 0
2400 True 0.0390625 1.7658863067626953 0
2500 True 0.0234375 1.6922810077667236 0
2600 True 0.078125 1.7167387008666992 0
2700 True 0.0546875 1.7108519077301025 0
2800 True 0.0625 1.703648328781128 0
2900 True 0.046875 1.7384796142578125 0
3000 True 0.0546875 1.7162456512451172 0
3100 True 0.03125 1.700270175933838 0
3200 True 0.0859375 1.7086825370788574 0
3300 True 0.078125 1.7017767429351807 0
3400 True 0.0546875 1.7270076274871826 0
3500 True 0.09375 2.4172165393829346 0
3600 True 0.046875 1.7965283393859863 0
3700 True 0.0546875 1.7247698307037354 0
3800 True 0.046875 1.7416365146636963 0
3900 True 0.0625 1.723937749862671 0
4000 False 0.0 0.0 0
4100 True 0.0390625 1.747739553451538 0
4200 True 0.0390625 1.731203317642212 0
4300 False 0.0 0.0 0
4400 True 0.03125 1.722853183746338 0
4500 False 0.0 0.0 0
4600 True 0.109375 1.7142908573150635 0
4700 True 0.0546875 1.7179267406463623 0
4800 True 0.078125 1.7406094074249268 0
4900 True 0.046875 1.7773418426513672 0
5000 True 0.046875 1.7379064559936523 0
5100 True 0.0234375 1.726327657699585 0
5200 True 0.0390625 1.7696254253387451 0
5300 True 0.0703125 1.7145311832427979 0
5400 True 0.0859375 1.7718470096588135 0
5500 True 0.0859375 1.7836241722106934 0
5600 False 0.0 0.0 0
5700 True 0.0625 1.78648042678833 0
5800 True 0.078125 1.7753043174743652 0
5900 True 0.0859375 1.7899975776672363 0
6000 True 0.0390625 1.767263650894165 0
6100 True 0.1171875 1.7578039169311523 0
6200 True 0.078125 1.720015287399292 0
6300 True 0.0546875 1.7388839721679688 0
6400 True 0.0 1.762397289276123 0
6500 True 0.09375 1.7832353115081787 0
6600 True 0.0546875 1.7874820232391357 0
6700 True 0.0390625 1.6961567401885986 0
6800 True 0.0546875 1.7337617874145508 0
6900 True 0.046875 1.706165075302124 0
7000 True 0.0546875 1.7410728931427002 0
7100 True 0.0546875 1.7253429889678955 0
7200 True 0.03125 1.698502540588379 0
7300 True 0.078125 1.7008130550384521 0
7400 True 0.078125 1.712890863418579 0
7500 True 0.0859375 1.7187633514404297 0
7600 True 0.0859375 1.7058985233306885 0
7700 True 0.046875 1.746375560760498 0
7800 False 0.0 0.0 0
7900 True 0.0078125 1.7567882537841797 0
8000 True 0.1328125 1.7069060802459717 0
8100 True 0.046875 1.7144787311553955 0
8200 True 0.09375 1.7319631576538086 0
8300 True 0.109375 1.8241026401519775 0
8400 True 0.0703125 1.7543234825134277 0
8500 True 0.1015625 1.8062853813171387 0
8600 True 0.0625 1.792107343673706 0
8700 True 0.0625 1.7686553001403809 0
8800 True 0.109375 1.7067811489105225 0
8900 True 0.0703125 1.6819424629211426 0
9000 True 0.0859375 1.7227044105529785 0
9100 True 0.0859375 1.723609209060669 0
9200 True 0.0546875 1.7143878936767578 0
9300 True 0.078125 1.7044737339019775 0
9400 True 0.0546875 1.767019271850586 0
9500 True 0.03125 1.807870864868164 0
9600 True 0.078125 1.821854591369629 0
9700 False 0.0 0.0 0
9800 True 0.046875 1.77040696144104 0
9900 True 0.0625 1.7242639064788818 0
