0 True 1 1.2186942100524902 0
100 True 1 0.3351783752441406 0
200 True 1 0.32377195358276367 0
300 True 1 0.3477284908294678 0
400 True 1 0.32309913635253906 0
500 True 1 0.325634241104126 0
600 True 1 0.3168361186981201 0
700 True 1 0.31833529472351074 0
800 True 1 0.31020259857177734 0
900 True 0 0.3169066905975342 0
1000 True 1 0.3241996765136719 0
1100 True 1 0.32279062271118164 0
1200 True 1 0.31643080711364746 0
1300 True 1 0.3346221446990967 0
1400 True 1 0.32493090629577637 0
1500 True 0 0.3178074359893799 0
1600 True 1 0.32837677001953125 0
1700 True 1 0.3240985870361328 0
1800 True 1 0.3225901126861572 0
1900 True 1 0.34611082077026367 0
2000 True 1 0.33109045028686523 0
2100 True 1 0.3222959041595459 0
2200 True 1 0.32689595222473145 0
2300 True 1 0.3376309871673584 0
2400 True 1 0.3310081958770752 0
2500 True 1 0.3374342918395996 0
2600 True 1 0.32322072982788086 0
2700 True 1 0.31438136100769043 0
2800 True 1 0.32175230979919434 0
2900 True 1 0.3433043956756592 0
3000 True 1 0.3459739685058594 0
3100 True 0 0.33684372901916504 0
3200 True 1 0.34093642234802246 0
3300 True 1 0.3093552589416504 0
3400 True 1 0.30236101150512695 0
3500 True 1 0.3108665943145752 0
3600 True 1 0.322066068649292 0
3700 True 1 0.3155498504638672 0
3800 True 1 0.3197503089904785 0
3900 True 1 0.31768178939819336 0
4000 True 1 0.32425999641418457 0
4100 True 1 0.3180210590362549 0
4200 True 1 0.3201916217803955 0
4300 True 1 0.314849853515625 0
4400 True 1 0.3070180416107178 0
4500 True 0 0.323444128036499 0
4600 True 1 0.3210906982421875 0
4700 True 1 0.3242955207824707 0
4800 True 1 0.32346391677856445 0
4900 True 1 0.3292968273162842 0
5000 True 1 0.31532883644104004 0
5100 True 1 0.32616329193115234 0
5200 True 1 0.32230138778686523 0
5300 True 1 0.3202095031738281 0
5400 True 1 0.3173048496246338 0
5500 True 1 0.33263587951660156 0
5600 True 0 0.3295454978942871 0
5700 True 1 0.3286397457122803 0
5800 True 1 0.3244781494140625 0
5900 True 1 0.3300352096557617 0
6000 True 1 0.31505751609802246 0
6100 True 1 0.33011555671691895 0
6200 True 1 0.31684398651123047 0
6300 True 1 0.3033266067504883 0
6400 True 1 0.31082630157470703 0
6500 True 1 0.3137321472167969 0
6600 True 1 0.32123398780822754 0
6700 True 1 0.33689236640930176 0
6800 True 1 0.3303642272949219 0
6900 True 1 0.3165605068206787 0
7000 True 1 0.3262498378753662 0
7100 True 1 0.3231852054595947 0
7200 True 1 0.32086610794067383 0
7300 True 1 0.33028197288513184 0
7400 True 1 0.30525732040405273 0
7500 True 1 0.33652400970458984 0
7600 True 1 0.32163405418395996 0
7700 True 1 0.3205225467681885 0
7800 True 1 0.31380701065063477 0
7900 True 1 0.3160581588745117 0
8000 True 1 0.32393479347229004 0
8100 True 1 0.3322625160217285 0
8200 True 1 0.31604528427124023 0
8300 True 1 0.3361022472381592 0
8400 True 1 0.33631110191345215 0
8500 True 1 0.33727073669433594 0
8600 True 1 0.3097407817840576 0
8700 True 1 0.335174560546875 0
8800 True 1 0.3297386169433594 0
8900 True 1 0.33761024475097656 0
9000 True 1 0.3347005844116211 0
9100 True 1 0.33385705947875977 0
9200 True 1 0.33389854431152344 0
9300 True 1 0.33655428886413574 0
9400 True 1 0.33654189109802246 0
9500 True 1 0.32401371002197266 0
9600 True 1 0.3139522075653076 0
9700 True 0 0.32270336151123047 0
9800 True 1 0.31860995292663574 0
9900 True 1 0.30933403968811035 0
