0 True 0.1796875 4.290715932846069 0
100 True 0.171875 1.949087142944336 0
200 True 0.1328125 2.5524299144744873 0
300 True 0.1484375 2.31655216217041 0
400 True 0.171875 1.9865596294403076 0
500 True 0.2265625 2.9144446849823 0
600 True 0.203125 2.6974775791168213 0
700 True 0.1953125 2.3333075046539307 0
800 True 0.140625 2.0937349796295166 0
900 True 0.046875 3.4762961864471436 0
1000 True 0.125 2.046505928039551 0
1100 True 0.1953125 1.984952688217163 0
1200 True 0.1015625 3.3460934162139893 0
1300 True 0.1796875 2.005747079849243 0
1400 True 0.171875 2.007347583770752 0
1500 True 0.0234375 2.7958927154541016 0
1600 True 0.125 2.0755159854888916 0
1700 True 0.2109375 1.993356704711914 0
1800 True 0.1328125 2.0379128456115723 0
1900 True 0.15625 2.415515422821045 0
2000 True 0.1484375 2.001066207885742 0
2100 True 0.171875 1.9487168788909912 0
2200 True 0.15625 1.9743702411651611 0
2300 True 0.171875 2.0214107036590576 0
2400 True 0.171875 2.025428295135498 0
2500 True 0.15625 1.9906811714172363 0
2600 True 0.2109375 1.9881925582885742 0
2700 True 0.171875 1.9770634174346924 0
2800 True 0.1484375 1.9842853546142578 0
2900 True 0.15625 1.9447674751281738 0
3000 True 0.1484375 1.9146335124969482 0
3100 True 0.078125 2.795541286468506 0
3200 True 0.203125 2.0099282264709473 0
3300 True 0.1484375 1.9741168022155762 0
3400 True 0.1953125 1.9217827320098877 0
3500 True 0.1953125 1.9219496250152588 0
3600 True 0.1796875 1.9970862865447998 0
3700 True 0.1796875 2.007733106613159 0
3800 True 0.140625 1.9852697849273682 0
3900 True 0.1640625 1.9549181461334229 0
4000 True 0.1328125 1.950624704360962 0
4100 True 0.140625 1.9567203521728516 0
4200 True 0.1875 1.932375192642212 0
4300 True 0.09375 1.9438674449920654 0
4400 True 0.09375 1.9787235260009766 0
4500 True 0.0 2.443236827850342 0
4600 True 0.234375 2.400238275527954 0
4700 True 0.1875 1.9921116828918457 0
4800 True 0.1953125 1.9798908233642578 0
4900 True 0.140625 1.9152870178222656 0
5000 True 0.1640625 1.9195408821105957 0
5100 True 0.140625 2.0428009033203125 0
5200 True 0.140625 1.9666428565979004 0
5300 True 0.21875 1.9007482528686523 0
5400 True 0.203125 1.9161098003387451 0
5500 True 0.2109375 1.918041467666626 0
5600 True 0.0234375 1.9801409244537354 0
5700 True 0.1953125 1.9216318130493164 0
5800 True 0.15625 1.9345667362213135 0
5900 True 0.21875 1.959794044494629 0
6000 True 0.140625 2.0062897205352783 0
6100 True 0.21875 1.9659357070922852 0
6200 True 0.1875 1.9374475479125977 0
6300 True 0.1796875 1.915287971496582 0
6400 True 0.1171875 2.4100592136383057 0
6500 True 0.1953125 1.9571805000305176 0
6600 True 0.1484375 1.9850335121154785 0
6700 True 0.15625 2.0070979595184326 0
6800 True 0.1953125 1.9427077770233154 0
6900 True 0.171875 1.9551918506622314 0
7000 True 0.1640625 1.9489176273345947 0
7100 True 0.1640625 1.9568870067596436 0
7200 True 0.15625 1.9537019729614258 0
7300 True 0.1640625 1.9626846313476562 0
7400 True 0.1640625 1.9630823135375977 0
7500 True 0.1953125 1.9248840808868408 0
7600 True 0.1796875 1.9343299865722656 0
7700 True 0.1640625 1.9391224384307861 0
7800 True 0.1015625 1.9510269165039062 0
7900 True 0.125 1.9714806079864502 0
8000 True 0.171875 1.996361255645752 0
8100 True 0.171875 1.9783434867858887 0
8200 True 0.21875 1.8959884643554688 0
8300 True 0.2421875 1.9365458488464355 0
8400 True 0.1640625 2.098588705062866 0
8500 True 0.2265625 1.9197418689727783 0
8600 True 0.1953125 1.9105472564697266 0
8700 True 0.140625 1.9441723823547363 0
8800 True 0.25 4.298561096191406 0
8900 True 0.1875 1.9033141136169434 0
9000 True 0.1953125 1.9280016422271729 0
9100 True 0.21875 1.9326727390289307 0
9200 True 0.1875 1.9475116729736328 0
9300 True 0.2109375 1.987027645111084 0
9400 True 0.140625 1.961318016052246 0
9500 True 0.109375 1.9821720123291016 0
9600 True 0.203125 1.9559040069580078 0
9700 True 0.0703125 2.435222864151001 0
9800 True 0.15625 1.9331786632537842 0
9900 True 0.140625 1.934678316116333 0
