0 True 1 1.2821986675262451 0
100 True 1 0.35315489768981934 0
200 True 0 0.3410651683807373 0
300 True 1 0.35386061668395996 0
400 True 1 0.3567664623260498 0
500 True 1 0.36266636848449707 0
600 True 1 0.362443208694458 0
700 True 1 0.3691883087158203 0
800 True 0 0.36225008964538574 0
900 True 1 0.39469361305236816 0
1000 True 1 0.36119890213012695 0
1100 True 1 0.36524033546447754 0
1200 True 1 0.371732234954834 0
1300 True 1 0.3534579277038574 0
1400 True 1 0.3479156494140625 0
1500 False 0 0.0 0
1600 True 0 0.359255313873291 0
1700 True 1 0.3706223964691162 0
1800 True 1 0.38953471183776855 0
1900 True 0 0.36017537117004395 0
2000 True 1 0.3623645305633545 0
2100 True 1 0.35654425621032715 0
2200 True 1 0.3762216567993164 0
2300 True 1 0.3613545894622803 0
2400 True 1 0.35897135734558105 0
2500 True 1 0.3542912006378174 0
2600 True 1 0.3908054828643799 0
2700 True 1 0.36559486389160156 0
2800 True 1 0.34343791007995605 0
2900 True 1 0.37264084815979004 0
3000 True 1 0.3761861324310303 0
3100 True 1 0.37120985984802246 0
3200 True 1 0.3648488521575928 0
3300 True 1 0.36937475204467773 0
3400 True 1 0.3622274398803711 0
3500 True 1 0.3584415912628174 0
3600 True 1 0.36727452278137207 0
3700 True 1 0.370013952255249 0
3800 True 1 0.36643242835998535 0
3900 True 1 0.3798508644104004 0
4000 True 1 0.3618428707122803 0
4100 True 1 0.35273003578186035 0
4200 True 1 0.3768045902252197 0
4300 False 0 0.0 0
4400 True 1 0.3913092613220215 0
4500 False 0 0.0 0
4600 True 1 0.3839542865753174 0
4700 True 1 0.3750619888305664 0
4800 True 1 0.3737800121307373 0
4900 True 1 0.37312984466552734 0
5000 True 1 0.36167049407958984 0
5100 True 1 0.3736999034881592 0
5200 True 1 0.3551061153411865 0
5300 True 1 0.3576953411102295 0
5400 True 1 0.3768167495727539 0
5500 True 1 0.3676290512084961 0
5600 False 0 0.0 0
5700 True 1 0.3944671154022217 0
5800 True 1 0.36649274826049805 0
5900 True 1 0.35984325408935547 0
6000 True 1 0.3420593738555908 0
6100 True 1 0.3675248622894287 0
6200 True 1 0.3600733280181885 0
6300 True 1 0.38376641273498535 0
6400 True 1 0.3550381660461426 0
6500 True 1 0.35904526710510254 0
6600 True 1 0.3834562301635742 0
6700 True 1 0.36240434646606445 0
6800 True 1 0.3616058826446533 0
6900 True 1 0.36074137687683105 0
7000 True 1 0.36664319038391113 0
7100 True 1 0.347012996673584 0
7200 True 1 0.3602564334869385 0
7300 True 1 0.36421728134155273 0
7400 True 1 0.35631704330444336 0
7500 True 1 0.3901081085205078 0
7600 True 1 0.39002251625061035 0
7700 True 1 0.3603358268737793 0
7800 True 0 0.3472111225128174 0
7900 True 1 0.3592381477355957 0
8000 True 1 0.3624436855316162 0
8100 True 1 0.3709747791290283 0
8200 True 1 0.3653593063354492 0
8300 True 1 0.35791754722595215 0
8400 True 1 0.3754699230194092 0
8500 True 1 0.36430907249450684 0
8600 True 1 0.3568153381347656 0
8700 True 1 0.3607149124145508 0
8800 True 1 0.3625142574310303 0
8900 True 1 0.3465132713317871 0
9000 True 1 0.3813915252685547 0
9100 True 1 0.35921525955200195 0
9200 True 1 0.3634757995605469 0
9300 True 1 0.3781914710998535 0
9400 True 1 0.39350223541259766 0
9500 True 1 0.3619246482849121 0
9600 True 1 0.36524391174316406 0
9700 False 0 0.0 0
9800 True 1 0.3703575134277344 0
9900 True 1 0.37000608444213867 0
