0 True 0.3125 4.262537717819214 0
100 True 0.3125 2.194009304046631 0
200 True 0.296875 2.990281820297241 0
300 True 0.296875 2.21315860748291 0
400 True 0.3046875 2.192143678665161 0
500 True 0.3203125 2.1562061309814453 0
600 True 0.3125 2.1451528072357178 0
700 True 0.3046875 2.2231409549713135 0
800 True 0.265625 2.773826837539673 0
900 True 0.3046875 2.2363531589508057 0
1000 True 0.3125 2.1961519718170166 0
1100 True 0.3046875 2.219998836517334 0
1200 True 0.296875 2.212923765182495 0
1300 True 0.3125 2.212139368057251 0
1400 True 0.3046875 2.1445682048797607 0
1500 False 0.0 0.0 0
1600 True 0.015625 3.9374144077301025 0
1700 True 0.3125 2.262265920639038 0
1800 True 0.296875 2.1904196739196777 0
1900 True 0.28125 2.5545904636383057 0
2000 True 0.3046875 2.191283702850342 0
2100 True 0.3125 2.285614490509033 0
2200 True 0.3046875 2.2420737743377686 0
2300 True 0.3046875 2.259807586669922 0
2400 True 0.3046875 2.2448949813842773 0
2500 True 0.3046875 2.2561521530151367 0
2600 True 0.3125 2.257274627685547 0
2700 True 0.3203125 2.178281545639038 0
2800 True 0.3046875 2.148818254470825 0
2900 True 0.3046875 2.1553492546081543 0
3000 True 0.3046875 2.1756675243377686 0
3100 True 0.3046875 2.147911548614502 0
3200 True 0.3046875 2.179192543029785 0
3300 True 0.3125 2.20910906791687 0
3400 True 0.3125 2.264216184616089 0
3500 True 0.3125 2.1715071201324463 0
3600 True 0.3125 2.1211864948272705 0
3700 True 0.3125 2.132723093032837 0
3800 True 0.3046875 2.1572530269622803 0
3900 True 0.3046875 2.1985268592834473 0
4000 True 0.3046875 2.154862880706787 0
4100 True 0.3046875 2.1049439907073975 0
4200 True 0.3125 2.18570613861084 0
4300 False 0.0 0.0 0
4400 True 0.3046875 2.142183303833008 0
4500 False 0.0 0.0 0
4600 True 0.3203125 2.144540309906006 0
4700 True 0.3125 2.1474108695983887 0
4800 True 0.3125 2.1217851638793945 0
4900 True 0.3125 2.100248336791992 0
5000 True 0.3046875 2.1516621112823486 0
5100 True 0.3046875 2.1468088626861572 0
5200 True 0.3125 2.094034194946289 0
5300 True 0.3046875 2.167788505554199 0
5400 True 0.3125 2.2025463581085205 0
5500 True 0.3125 2.137409210205078 0
5600 False 0.0 0.0 0
5700 True 0.3125 2.1141209602355957 0
5800 True 0.3046875 2.172795295715332 0
5900 True 0.3125 2.1499156951904297 0
6000 True 0.3046875 2.1445047855377197 0
6100 True 0.3125 2.1563591957092285 0
6200 True 0.3125 2.1710610389709473 0
6300 True 0.3125 2.1526904106140137 0
6400 True 0.296875 2.0954790115356445 0
6500 True 0.3203125 2.0837066173553467 0
6600 True 0.3046875 2.1125855445861816 0
6700 True 0.3046875 2.1583685874938965 0
6800 True 0.3125 2.1521239280700684 0
6900 True 0.3125 2.1073367595672607 0
7000 True 0.3125 2.131082534790039 0
7100 True 0.3046875 2.146879196166992 0
7200 True 0.3125 2.1126129627227783 0
7300 True 0.3125 2.1114563941955566 0
7400 True 0.3046875 2.1219406127929688 0
7500 True 0.3046875 2.2240047454833984 0
7600 True 0.3046875 2.149251937866211 0
7700 True 0.3046875 2.135349988937378 0
7800 True 0.0859375 3.2156107425689697 0
7900 True 0.296875 2.168302297592163 0
8000 True 0.3046875 2.1459970474243164 0
8100 True 0.3046875 2.152780771255493 0
8200 True 0.3125 2.1272196769714355 0
8300 True 0.3203125 2.2769949436187744 0
8400 True 0.3125 2.1796646118164062 0
8500 True 0.3203125 2.163285493850708 0
8600 True 0.3046875 2.1423404216766357 0
8700 True 0.3125 2.223289728164673 0
8800 True 0.3203125 2.1795127391815186 0
8900 True 0.3046875 2.2300214767456055 0
9000 True 0.3125 2.1955807209014893 0
9100 True 0.3203125 2.2043144702911377 0
9200 True 0.3046875 2.2019903659820557 0
9300 True 0.3125 2.2266385555267334 0
9400 True 0.296875 2.188291549682617 0
9500 True 0.3046875 2.1736679077148438 0
9600 True 0.3046875 2.232192277908325 0
9700 False 0.0 0.0 0
9800 True 0.3125 2.196460008621216 0
9900 True 0.3046875 2.2335054874420166 0
