0 True 1 1.1901628971099854 0
100 True 1 0.32576847076416016 0
200 True 1 0.3368096351623535 0
300 True 1 0.3293788433074951 0
400 True 1 0.3165912628173828 0
500 True 1 0.31244802474975586 0
600 True 1 0.3126096725463867 0
700 True 1 0.3393371105194092 0
800 True 1 0.3246474266052246 0
900 True 0 0.32723498344421387 0
1000 True 1 0.32793354988098145 0
1100 True 1 0.3188440799713135 0
1200 True 1 0.32374143600463867 0
1300 True 1 0.32947611808776855 0
1400 True 1 0.3311140537261963 0
1500 True 0 0.32567524909973145 0
1600 True 1 0.3325326442718506 0
1700 True 1 0.3295474052429199 0
1800 True 1 0.33272552490234375 0
1900 True 1 0.33066511154174805 0
2000 True 1 0.3307487964630127 0
2100 True 1 0.33543992042541504 0
2200 True 1 0.3407776355743408 0
2300 True 1 0.32599949836730957 0
2400 True 1 0.3354976177215576 0
2500 True 1 0.3162117004394531 0
2600 True 1 0.3296363353729248 0
2700 True 1 0.32236170768737793 0
2800 True 1 0.3297295570373535 0
2900 True 1 0.32006359100341797 0
3000 True 1 0.33037471771240234 0
3100 True 1 0.3172791004180908 0
3200 True 1 0.31470274925231934 0
3300 True 1 0.31363463401794434 0
3400 True 1 0.32521796226501465 0
3500 True 1 0.32265686988830566 0
3600 True 1 0.31400132179260254 0
3700 True 1 0.30777883529663086 0
3800 True 1 0.3087189197540283 0
3900 True 1 0.31439900398254395 0
4000 True 1 0.3209228515625 0
4100 True 1 0.30951738357543945 0
4200 True 1 0.3222329616546631 0
4300 True 1 0.3143341541290283 0
4400 True 0 0.3168935775756836 0
4500 True 0 0.32587623596191406 0
4600 True 1 0.32587742805480957 0
4700 True 1 0.3192451000213623 0
4800 True 1 0.3255321979522705 0
4900 True 1 0.32207202911376953 0
5000 True 1 0.31514763832092285 0
5100 True 1 0.319838285446167 0
5200 True 1 0.3158438205718994 0
5300 True 1 0.3140897750854492 0
5400 True 1 0.3166158199310303 0
5500 True 1 0.3029792308807373 0
5600 False 0 0.0 0
5700 True 1 0.31912755966186523 0
5800 True 1 0.3152902126312256 0
5900 True 1 0.315319299697876 0
6000 True 1 0.32631921768188477 0
6100 True 1 0.3144104480743408 0
6200 True 1 0.3194389343261719 0
6300 True 1 0.3160400390625 0
6400 True 0 0.3106961250305176 0
6500 True 1 0.3163280487060547 0
6600 True 1 0.3352546691894531 0
6700 True 1 0.3300337791442871 0
6800 True 1 0.3165309429168701 0
6900 True 1 0.3155684471130371 0
7000 True 1 0.3116881847381592 0
7100 True 1 0.3089163303375244 0
7200 True 1 0.3148648738861084 0
7300 True 1 0.3139832019805908 0
7400 True 1 0.32317352294921875 0
7500 True 1 0.3129398822784424 0
7600 True 1 0.3179597854614258 0
7700 True 1 0.3217921257019043 0
7800 True 1 0.323711633682251 0
7900 True 1 0.3246340751647949 0
8000 True 1 0.3263058662414551 0
8100 True 1 0.3224172592163086 0
8200 True 1 0.31983375549316406 0
8300 True 1 0.31653714179992676 0
8400 True 1 0.3121376037597656 0
8500 True 1 0.32163548469543457 0
8600 True 1 0.31579089164733887 0
8700 True 1 0.31304359436035156 0
8800 True 1 0.3074514865875244 0
8900 True 1 0.3269460201263428 0
9000 True 1 0.31882286071777344 0
9100 True 1 0.3152456283569336 0
9200 True 1 0.31049680709838867 0
9300 True 1 0.3125646114349365 0
9400 True 1 0.31850600242614746 0
9500 True 0 0.3197808265686035 0
9600 True 1 0.3235905170440674 0
9700 True 0 0.32048726081848145 0
9800 True 1 0.3186657428741455 0
9900 True 1 0.3193631172180176 0
