0 True 1 1.337373971939087 0
100 True 1 0.4246230125427246 0
200 True 1 0.4214451313018799 0
300 True 1 0.4239077568054199 0
400 True 1 0.4254128932952881 0
500 True 1 0.43523550033569336 0
600 True 1 0.4220292568206787 0
700 True 1 0.41524195671081543 0
800 True 1 0.44330525398254395 0
900 True 0 0.4359283447265625 0
1000 True 1 0.4282410144805908 0
1100 True 1 0.434600830078125 0
1200 True 0 0.4314403533935547 0
1300 True 1 0.43095993995666504 0
1400 True 1 0.42116808891296387 0
1500 True 0 0.4275391101837158 0
1600 True 0 0.4223802089691162 0
1700 True 1 0.43476414680480957 0
1800 True 1 0.43868446350097656 0
1900 True 1 0.4632377624511719 0
2000 True 1 0.4425351619720459 0
2100 True 1 0.4237184524536133 0
2200 True 1 0.4370293617248535 0
2300 True 1 0.4388160705566406 0
2400 True 1 0.4248628616333008 0
2500 True 1 0.4304952621459961 0
2600 True 1 0.4532308578491211 0
2700 True 1 0.4404590129852295 0
2800 True 1 0.46754026412963867 0
2900 True 1 0.4683964252471924 0
3000 True 1 0.46958231925964355 0
3100 True 1 0.43340635299682617 0
3200 True 1 0.44083356857299805 0
3300 True 1 0.43494653701782227 0
3400 True 1 0.4318959712982178 0
3500 True 1 0.43348002433776855 0
3600 True 1 0.43262481689453125 0
3700 True 1 0.43117618560791016 0
3800 True 1 0.4201223850250244 0
3900 True 1 0.4284062385559082 0
4000 True 1 0.44199419021606445 0
4100 True 1 0.42728495597839355 0
4200 True 1 0.4486362934112549 0
4300 True 0 0.44634246826171875 0
4400 True 1 0.440840482711792 0
4500 True 0 0.44175171852111816 0
4600 True 1 0.44252562522888184 0
4700 True 1 0.43431639671325684 0
4800 True 1 0.43485403060913086 0
4900 True 1 0.43759894371032715 0
5000 True 1 0.4319190979003906 0
5100 True 1 0.42653536796569824 0
5200 True 1 0.43140339851379395 0
5300 True 1 0.4398958683013916 0
5400 True 1 0.4538543224334717 0
5500 True 1 0.43262577056884766 0
5600 True 0 0.43976807594299316 0
5700 True 1 0.4361140727996826 0
5800 True 1 0.4660017490386963 0
5900 True 1 0.4544358253479004 0
6000 True 1 0.4225471019744873 0
6100 True 1 0.41919946670532227 0
6200 True 1 0.44696569442749023 0
6300 True 1 0.4436924457550049 0
6400 True 0 0.43006300926208496 0
6500 True 1 0.43171167373657227 0
6600 True 1 0.4419691562652588 0
6700 True 1 0.4403684139251709 0
6800 True 1 0.4393341541290283 0
6900 True 1 0.43686699867248535 0
7000 True 1 0.44988012313842773 0
7100 True 1 0.4198744297027588 0
7200 True 1 0.4468836784362793 0
7300 True 1 0.42873263359069824 0
7400 True 1 0.43726062774658203 0
7500 True 1 0.4374382495880127 0
7600 True 1 0.4397544860839844 0
7700 True 1 0.4270491600036621 0
7800 True 1 0.4353625774383545 0
7900 True 1 0.42251062393188477 0
8000 True 1 0.4215874671936035 0
8100 True 1 0.41733837127685547 0
8200 True 1 0.4344053268432617 0
8300 True 1 0.4231104850769043 0
8400 True 1 0.43497753143310547 0
8500 True 1 0.4494004249572754 0
8600 True 1 0.45954203605651855 0
8700 True 1 0.44020867347717285 0
8800 True 1 0.4368627071380615 0
8900 True 1 0.4270439147949219 0
9000 True 1 0.43264269828796387 0
9100 True 1 0.4313666820526123 0
9200 True 1 0.43999314308166504 0
9300 True 1 0.4283874034881592 0
9400 True 1 0.4371376037597656 0
9500 True 1 0.42545151710510254 0
9600 True 1 0.45284414291381836 0
9700 True 0 0.437180757522583 0
9800 True 1 0.4393789768218994 0
9900 True 1 0.43121767044067383 0
