0 True 1 1.2581331729888916 0
100 True 1 0.4322700500488281 0
200 True 1 0.41668128967285156 0
300 True 1 0.4205770492553711 0
400 True 1 0.4176161289215088 0
500 True 1 0.42111659049987793 0
600 True 1 0.4397876262664795 0
700 True 1 0.4459562301635742 0
800 True 1 0.4235880374908447 0
900 True 0 0.4638345241546631 0
1000 True 1 0.43404078483581543 0
1100 True 1 0.4176361560821533 0
1200 True 1 0.41510939598083496 0
1300 True 1 0.4459376335144043 0
1400 True 1 0.4508533477783203 0
1500 True 0 0.42095065116882324 0
1600 True 1 0.4352896213531494 0
1700 True 1 0.40908384323120117 0
1800 True 1 0.43126797676086426 0
1900 True 1 0.44000983238220215 0
2000 True 1 0.4344050884246826 0
2100 True 1 0.4264793395996094 0
2200 True 1 0.44963860511779785 0
2300 True 1 0.43950867652893066 0
2400 True 1 0.41760993003845215 0
2500 True 1 0.42621326446533203 0
2600 True 1 0.4474360942840576 0
2700 True 1 0.4485175609588623 0
2800 True 1 0.4145042896270752 0
2900 True 1 0.4240431785583496 0
3000 True 1 0.43349123001098633 0
3100 True 1 0.42205262184143066 0
3200 True 1 0.4169197082519531 0
3300 True 1 0.4209303855895996 0
3400 True 1 0.4161226749420166 0
3500 True 1 0.4362177848815918 0
3600 True 1 0.4208681583404541 0
3700 True 1 0.4251728057861328 0
3800 True 1 0.41875410079956055 0
3900 True 1 0.4275827407836914 0
4000 True 1 0.42737698554992676 0
4100 True 1 0.4262528419494629 0
4200 True 1 0.42418503761291504 0
4300 True 1 0.4228687286376953 0
4400 True 1 0.4084494113922119 0
4500 True 0 0.4341616630554199 0
4600 True 1 0.41253042221069336 0
4700 True 1 0.41640782356262207 0
4800 True 1 0.4418017864227295 0
4900 True 1 0.4277775287628174 0
5000 True 1 0.4247164726257324 0
5100 True 1 0.45351386070251465 0
5200 True 1 0.46335625648498535 0
5300 True 1 0.45395660400390625 0
5400 True 1 0.44490885734558105 0
5500 True 1 0.4296305179595947 0
5600 True 0 0.42663121223449707 0
5700 True 1 0.44153666496276855 0
5800 True 1 0.4272501468658447 0
5900 True 1 0.4289064407348633 0
6000 True 1 0.4279661178588867 0
6100 True 1 0.4183187484741211 0
6200 True 1 0.43058347702026367 0
6300 True 1 0.4251875877380371 0
6400 True 1 0.43013787269592285 0
6500 True 1 0.44033098220825195 0
6600 True 1 0.4504845142364502 0
6700 True 1 0.4449729919433594 0
6800 True 1 0.44220542907714844 0
6900 True 1 0.4285750389099121 0
7000 True 1 0.43288087844848633 0
7100 True 1 0.41481447219848633 0
7200 True 1 0.4454984664916992 0
7300 True 1 0.44344377517700195 0
7400 True 1 0.42243075370788574 0
7500 True 1 0.4327981472015381 0
7600 True 1 0.4535536766052246 0
7700 True 1 0.4147017002105713 0
7800 True 1 0.4523167610168457 0
7900 True 1 0.4465796947479248 0
8000 True 1 0.4570779800415039 0
8100 True 1 0.4585599899291992 0
8200 True 1 0.44534850120544434 0
8300 True 1 0.4231090545654297 0
8400 True 1 0.41866254806518555 0
8500 True 1 0.4215695858001709 0
8600 True 1 0.44296979904174805 0
8700 True 1 0.4383683204650879 0
8800 True 1 0.46488046646118164 0
8900 True 1 0.46962714195251465 0
9000 True 1 0.44086742401123047 0
9100 True 1 0.4213576316833496 0
9200 True 1 0.43973612785339355 0
9300 True 1 0.4566833972930908 0
9400 True 1 0.4171290397644043 0
9500 True 1 0.4316582679748535 0
9600 True 1 0.44338560104370117 0
9700 True 0 0.42116236686706543 0
9800 True 1 0.4274265766143799 0
9900 True 1 0.44222569465637207 0
