0 True 0.1796875 4.838776350021362 0
100 True 0.1953125 3.5327463150024414 0
200 True 0.1484375 3.205744981765747 0
300 True 0.140625 2.57694673538208 0
400 True 0.1640625 2.935661792755127 0
500 True 0.28125 4.338130950927734 0
600 True 0.171875 2.611591100692749 0
700 True 0.171875 2.5385353565216064 0
800 True 0.140625 2.6186280250549316 0
900 True 0.0234375 4.354108810424805 0
1000 True 0.1328125 2.9350390434265137 0
1100 True 0.1953125 2.5808894634246826 0
1200 True 0.1171875 3.822234869003296 0
1300 True 0.1640625 2.5767171382904053 0
1400 True 0.1796875 2.6015844345092773 0
1500 True 0.0625 3.4973349571228027 0
1600 True 0.1015625 3.056272506713867 0
1700 True 0.203125 3.0099687576293945 0
1800 True 0.140625 2.553884983062744 0
1900 True 0.1171875 2.540337324142456 0
2000 True 0.15625 2.5850231647491455 0
2100 True 0.203125 2.609220027923584 0
2200 True 0.1953125 2.575425624847412 0
2300 True 0.171875 2.4781787395477295 0
2400 True 0.15625 2.548487424850464 0
2500 True 0.171875 2.5751852989196777 0
2600 True 0.2109375 2.5222389698028564 0
2700 True 0.15625 2.5724072456359863 0
2800 True 0.1640625 2.4968507289886475 0
2900 True 0.15625 2.6131060123443604 0
3000 True 0.1484375 2.593261480331421 0
3100 True 0.1328125 2.5880298614501953 0
3200 True 0.1640625 2.556925058364868 0
3300 True 0.1328125 2.582730770111084 0
3400 True 0.1953125 2.502610683441162 0
3500 True 0.1875 2.5436208248138428 0
3600 True 0.203125 2.54396390914917 0
3700 True 0.171875 2.493238925933838 0
3800 True 0.1640625 2.476407766342163 0
3900 True 0.1640625 2.525463819503784 0
4000 True 0.1484375 2.5478851795196533 0
4100 True 0.109375 2.5250887870788574 0
4200 True 0.2109375 2.489689588546753 0
4300 True 0.109375 2.549574851989746 0
4400 True 0.125 2.5224759578704834 0
4500 True 0.03125 3.456295967102051 0
4600 True 0.2578125 3.476135730743408 0
4700 True 0.15625 2.527348518371582 0
4800 True 0.2109375 2.5807697772979736 0
4900 True 0.140625 2.5946295261383057 0
5000 True 0.1640625 2.584895610809326 0
5100 True 0.1484375 2.641979455947876 0
5200 True 0.1484375 2.5887176990509033 0
5300 True 0.1953125 2.6114513874053955 0
5400 True 0.2109375 2.5810327529907227 0
5500 True 0.2265625 3.5800464153289795 0
5600 True 0.0859375 3.0350840091705322 0
5700 True 0.171875 2.5961358547210693 0
5800 True 0.171875 2.5115091800689697 0
5900 True 0.203125 2.5059306621551514 0
6000 True 0.1328125 2.559622287750244 0
6100 True 0.1953125 2.651000499725342 0
6200 True 0.171875 2.5393922328948975 0
6300 True 0.1796875 2.5422916412353516 0
6400 True 0.125 2.615095853805542 0
6500 True 0.21875 2.5368893146514893 0
6600 True 0.1484375 2.5133004188537598 0
6700 True 0.15625 2.5492043495178223 0
6800 True 0.234375 3.0668299198150635 0
6900 True 0.203125 2.580550193786621 0
7000 True 0.1640625 2.534494400024414 0
7100 True 0.125 2.5605051517486572 0
7200 True 0.15625 2.572357416152954 0
7300 True 0.171875 2.597919464111328 0
7400 True 0.1484375 2.5907351970672607 0
7500 True 0.203125 2.5144662857055664 0
7600 True 0.1875 2.506211757659912 0
7700 True 0.15625 2.617748737335205 0
7800 True 0.140625 2.6123838424682617 0
7900 True 0.125 2.5654261112213135 0
8000 True 0.1640625 2.607398509979248 0
8100 True 0.171875 2.607332468032837 0
8200 True 0.21875 2.5700933933258057 0
8300 True 0.2578125 2.57861590385437 0
8400 True 0.1875 2.611687660217285 0
8500 True 0.2265625 2.6634390354156494 0
8600 True 0.1796875 2.5876710414886475 0
8700 True 0.15625 2.5940768718719482 0
8800 True 0.34375 4.069662094116211 0
8900 True 0.1875 2.5438780784606934 0
9000 True 0.2109375 2.527263879776001 0
9100 True 0.265625 3.1055500507354736 0
9200 True 0.1796875 2.617238759994507 0
9300 True 0.234375 2.6778738498687744 0
9400 True 0.1640625 2.5646588802337646 0
9500 True 0.140625 2.613365650177002 0
9600 True 0.171875 2.530679225921631 0
9700 True 0.0078125 3.150865316390991 0
9800 True 0.171875 2.6248769760131836 0
9900 True 0.15625 2.5608723163604736 0
