0 True 0.3359375 4.723708629608154 0
100 True 0.34375 3.143454074859619 0
200 True 0.3046875 3.4894843101501465 0
300 True 0.3203125 2.9159297943115234 0
400 True 0.328125 2.5658485889434814 0
500 True 0.3515625 2.5488595962524414 0
600 True 0.3359375 2.5958073139190674 0
700 True 0.328125 2.5540614128112793 0
800 True 0.328125 2.5550169944763184 0
900 True 0.109375 4.236841440200806 0
1000 True 0.3046875 2.5176968574523926 0
1100 True 0.3359375 2.572402238845825 0
1200 True 0.25 3.442023515701294 0
1300 True 0.328125 2.575894832611084 0
1400 True 0.328125 2.6051888465881348 0
1500 True 0.0546875 3.842043876647949 0
1600 True 0.2890625 2.9479851722717285 0
1700 True 0.34375 2.550516128540039 0
1800 True 0.3125 2.5839080810546875 0
1900 True 0.296875 2.5090150833129883 0
2000 True 0.3125 2.5035219192504883 0
2100 True 0.328125 2.5721242427825928 0
2200 True 0.328125 2.549471855163574 0
2300 True 0.3359375 2.496960401535034 0
2400 True 0.328125 2.556994915008545 0
2500 True 0.3125 2.606318712234497 0
2600 True 0.34375 2.586240530014038 0
2700 True 0.3203125 2.576918125152588 0
2800 True 0.3359375 2.566424608230591 0
2900 True 0.3125 2.5687122344970703 0
3000 True 0.3203125 2.5870401859283447 0
3100 True 0.296875 2.5890345573425293 0
3200 True 0.3359375 2.562711715698242 0
3300 True 0.3203125 2.571279525756836 0
3400 True 0.3359375 2.5075371265411377 0
3500 True 0.34375 2.6294689178466797 0
3600 True 0.3359375 2.6310534477233887 0
3700 True 0.328125 2.6027820110321045 0
3800 True 0.3125 2.550548791885376 0
3900 True 0.3359375 2.573155403137207 0
4000 True 0.3046875 2.5705108642578125 0
4100 True 0.3203125 2.5378432273864746 0
4200 True 0.34375 2.6668801307678223 0
4300 True 0.09375 2.96571683883667 0
4400 True 0.3046875 2.5108895301818848 0
4500 True 0.0 3.3306801319122314 0
4600 True 0.3515625 2.580024242401123 0
4700 True 0.328125 2.606964111328125 0
4800 True 0.34375 2.549299478530884 0
4900 True 0.3125 2.5704472064971924 0
5000 True 0.328125 2.5311734676361084 0
5100 True 0.3125 2.5496933460235596 0
5200 True 0.3125 2.568981885910034 0
5300 True 0.3203125 2.508798599243164 0
5400 True 0.34375 2.586857318878174 0
5500 True 0.359375 3.036970853805542 0
5600 True 0.0625 3.31955623626709 0
5700 True 0.3359375 2.5733721256256104 0
5800 True 0.3125 2.5082132816314697 0
5900 True 0.3359375 2.598292827606201 0
6000 True 0.328125 2.5410690307617188 0
6100 True 0.3359375 2.607731819152832 0
6200 True 0.3359375 2.5937352180480957 0
6300 True 0.328125 2.583672523498535 0
6400 True 0.234375 4.57451319694519 0
6500 True 0.3515625 2.5391733646392822 0
6600 True 0.3203125 2.553670883178711 0
6700 True 0.328125 2.6116340160369873 0
6800 True 0.3515625 2.527224063873291 0
6900 True 0.3359375 2.5575685501098633 0
7000 True 0.3359375 2.5551843643188477 0
7100 True 0.328125 2.5179288387298584 0
7200 True 0.3125 2.605902910232544 0
7300 True 0.328125 2.556000232696533 0
7400 True 0.3125 2.5699923038482666 0
7500 True 0.3203125 2.6095380783081055 0
7600 True 0.3359375 2.5675575733184814 0
7700 True 0.328125 2.5726819038391113 0
7800 True 0.3046875 2.597236156463623 0
7900 True 0.3046875 2.560133218765259 0
8000 True 0.3125 2.5680298805236816 0
8100 True 0.3359375 2.5499627590179443 0
8200 True 0.34375 2.556797742843628 0
8300 True 0.359375 2.5611326694488525 0
8400 True 0.328125 2.5900309085845947 0
8500 True 0.34375 2.510366916656494 0
8600 True 0.34375 2.5045008659362793 0
8700 True 0.3125 2.568070411682129 0
8800 True 0.375 4.521565675735474 0
8900 True 0.328125 2.5527877807617188 0
9000 True 0.34375 2.492772102355957 0
9100 True 0.3515625 2.4791183471679688 0
9200 True 0.34375 2.5392067432403564 0
9300 True 0.3515625 2.553948163986206 0
9400 True 0.3046875 2.559072732925415 0
9500 True 0.296875 2.592391014099121 0
9600 True 0.3359375 2.522883892059326 0
9700 True 0.296875 2.5705020427703857 0
9800 True 0.3359375 2.5937023162841797 0
9900 True 0.3125 2.6189091205596924 0
