0 True 1 1.296320915222168 0
100 True 1 0.4521067142486572 0
200 True 1 0.45264697074890137 0
300 True 1 0.4755439758300781 0
400 True 1 0.46187353134155273 0
500 True 1 0.4521510601043701 0
600 True 1 0.4832139015197754 0
700 True 1 0.5120217800140381 0
800 True 1 0.518038272857666 0
900 True 1 0.5203921794891357 0
1000 True 1 0.518547534942627 0
1100 True 1 0.5294358730316162 0
1200 True 1 0.5140752792358398 0
1300 True 1 0.5239312648773193 0
1400 True 1 0.5309116840362549 0
1500 True 0 0.5432224273681641 0
1600 True 1 0.5295228958129883 0
1700 True 1 0.45446133613586426 0
1800 True 1 0.4487302303314209 0
1900 True 1 0.45722103118896484 0
2000 True 1 0.4506692886352539 0
2100 True 1 0.4597187042236328 0
2200 True 1 0.48023104667663574 0
2300 True 1 0.46848273277282715 0
2400 True 1 0.4752328395843506 0
2500 True 1 0.4645540714263916 0
2600 True 1 0.4553544521331787 0
2700 True 1 0.4621748924255371 0
2800 True 1 0.46808338165283203 0
2900 True 1 0.4590904712677002 0
3000 True 1 0.4915344715118408 0
3100 True 1 0.4810373783111572 0
3200 True 1 0.48043251037597656 0
3300 True 1 0.47430849075317383 0
3400 True 1 0.4865903854370117 0
3500 True 1 0.4804096221923828 0
3600 True 1 0.4815998077392578 0
3700 True 1 0.48809289932250977 0
3800 True 1 0.4946858882904053 0
3900 True 1 0.4820525646209717 0
4000 True 1 0.5094938278198242 0
4100 True 1 0.4808225631713867 0
4200 True 1 0.4766695499420166 0
4300 True 0 0.5086226463317871 0
4400 True 1 0.48507165908813477 0
4500 False 0 0.0 0
4600 True 1 0.4962778091430664 0
4700 True 1 0.4891331195831299 0
4800 True 1 0.49294209480285645 0
4900 True 1 0.48194408416748047 0
5000 True 1 0.4789407253265381 0
5100 True 1 0.4759328365325928 0
5200 True 1 0.4663665294647217 0
5300 True 1 0.4787323474884033 0
5400 True 1 0.47548651695251465 0
5500 True 1 0.45055484771728516 0
5600 True 1 0.4463810920715332 0
5700 True 1 0.480466365814209 0
5800 True 1 0.45011067390441895 0
5900 True 1 0.4647202491760254 0
6000 True 1 0.455263614654541 0
6100 True 1 0.48807287216186523 0
6200 True 1 0.45199131965637207 0
6300 True 1 0.48067355155944824 0
6400 True 1 0.4732811450958252 0
6500 True 1 0.4666421413421631 0
6600 True 1 0.4554629325866699 0
6700 True 1 0.4657411575317383 0
6800 True 1 0.4653613567352295 0
6900 True 1 0.44829559326171875 0
7000 True 1 0.4499228000640869 0
7100 True 1 0.4526329040527344 0
7200 True 1 0.45519185066223145 0
7300 True 1 0.4659111499786377 0
7400 True 1 0.46029186248779297 0
7500 True 1 0.45894885063171387 0
7600 True 1 0.4576129913330078 0
7700 True 1 0.465043306350708 0
7800 True 1 0.4495058059692383 0
7900 True 1 0.44752931594848633 0
8000 True 1 0.476609468460083 0
8100 True 1 0.47987985610961914 0
8200 True 1 0.47045302391052246 0
8300 True 1 0.45269346237182617 0
8400 True 1 0.4626924991607666 0
8500 True 1 0.48101115226745605 0
8600 True 1 0.4599924087524414 0
8700 True 1 0.4811890125274658 0
8800 True 1 0.455782413482666 0
8900 True 1 0.4411633014678955 0
9000 True 1 0.45874595642089844 0
9100 True 1 0.4750514030456543 0
9200 True 1 0.46132373809814453 0
9300 True 1 0.4508960247039795 0
9400 True 1 0.47417211532592773 0
9500 True 1 0.46808385848999023 0
9600 True 1 0.4585719108581543 0
9700 True 1 0.4625861644744873 0
9800 True 1 0.45485854148864746 0
9900 True 1 0.45685482025146484 0
