0 True 1 1.3664600849151611 0
100 True 1 0.46387672424316406 0
200 True 1 0.4688239097595215 0
300 True 1 0.449268102645874 0
400 True 1 0.4785914421081543 0
500 True 1 0.4812755584716797 0
600 True 1 0.4738442897796631 0
700 True 1 0.4654386043548584 0
800 True 1 0.46929502487182617 0
900 False 0 0.0 0
1000 True 1 0.48246288299560547 0
1100 True 1 0.47540807723999023 0
1200 True 0 0.4395561218261719 0
1300 True 1 0.4865899085998535 0
1400 True 1 0.46721792221069336 0
1500 True 1 0.49239230155944824 0
1600 True 0 0.49738025665283203 0
1700 True 1 0.5125854015350342 0
1800 True 1 0.44980692863464355 0
1900 True 1 0.4621145725250244 0
2000 True 1 0.4813663959503174 0
2100 True 1 0.49988341331481934 0
2200 True 1 0.44806337356567383 0
2300 True 1 0.4755246639251709 0
2400 True 1 0.47246384620666504 0
2500 True 1 0.4393739700317383 0
2600 True 1 0.4460432529449463 0
2700 True 1 0.45955824851989746 0
2800 True 1 0.467099666595459 0
2900 True 1 0.46535491943359375 0
3000 True 1 0.4803276062011719 0
3100 True 1 0.45551109313964844 0
3200 True 1 0.47800397872924805 0
3300 True 1 0.4617929458618164 0
3400 True 1 0.49191761016845703 0
3500 True 1 0.4955155849456787 0
3600 True 1 0.48063087463378906 0
3700 True 1 0.4510917663574219 0
3800 True 1 0.4579496383666992 0
3900 True 1 0.45903968811035156 0
4000 True 1 0.4759819507598877 0
4100 True 1 0.4561190605163574 0
4200 True 1 0.45749497413635254 0
4300 True 0 0.4582803249359131 0
4400 True 1 0.4531443119049072 0
4500 False 0 0.0 0
4600 True 1 0.4699523448944092 0
4700 True 1 0.4778299331665039 0
4800 True 1 0.466749906539917 0
4900 True 1 0.4861488342285156 0
5000 True 1 0.45517516136169434 0
5100 True 1 0.45360875129699707 0
5200 True 1 0.45728373527526855 0
5300 True 1 0.47272586822509766 0
5400 True 1 0.49192142486572266 0
5500 True 1 0.4485800266265869 0
5600 True 1 0.47268033027648926 0
5700 True 1 0.46006011962890625 0
5800 True 1 0.4454081058502197 0
5900 True 1 0.4631526470184326 0
6000 True 1 0.4569978713989258 0
6100 True 1 0.4877495765686035 0
6200 True 1 0.47188687324523926 0
6300 True 1 0.457294225692749 0
6400 True 1 0.45182275772094727 0
6500 True 1 0.45241880416870117 0
6600 True 1 0.44461798667907715 0
6700 True 1 0.44511866569519043 0
6800 True 1 0.46068334579467773 0
6900 True 1 0.4558756351470947 0
7000 True 1 0.47626638412475586 0
7100 True 1 0.475827693939209 0
7200 True 1 0.4776272773742676 0
7300 True 1 0.4517381191253662 0
7400 True 1 0.4646608829498291 0
7500 True 1 0.4673116207122803 0
7600 True 1 0.48604750633239746 0
7700 True 1 0.466259241104126 0
7800 True 1 0.475130558013916 0
7900 True 1 0.46344542503356934 0
8000 True 1 0.46897149085998535 0
8100 True 1 0.4707770347595215 0
8200 True 1 0.4596259593963623 0
8300 True 1 0.46682262420654297 0
8400 True 1 0.463198184967041 0
8500 True 1 0.4892613887786865 0
8600 True 1 0.4827423095703125 0
8700 True 1 0.5289311408996582 0
8800 True 1 0.45807313919067383 0
8900 True 1 0.44887471199035645 0
9000 True 1 0.4719111919403076 0
9100 True 1 0.44567084312438965 0
9200 True 1 0.4481227397918701 0
9300 True 1 0.4450397491455078 0
9400 True 1 0.4533882141113281 0
9500 True 1 0.46179819107055664 0
9600 True 1 0.44608187675476074 0
9700 True 0 0.46828126907348633 0
9800 True 1 0.4413135051727295 0
9900 True 1 0.45313286781311035 0
