0 True 1 1.294227123260498 0
100 True 1 0.4236619472503662 0
200 True 1 0.40555381774902344 0
300 True 1 0.4037172794342041 0
400 True 1 0.4339015483856201 0
500 True 1 0.44521212577819824 0
600 True 1 0.4210197925567627 0
700 True 1 0.42885565757751465 0
800 True 1 0.44878196716308594 0
900 True 0 0.446002721786499 0
1000 True 1 0.43293237686157227 0
1100 True 1 0.4055142402648926 0
1200 True 1 0.4229390621185303 0
1300 True 1 0.40395045280456543 0
1400 True 1 0.4046180248260498 0
1500 True 0 0.4048182964324951 0
1600 True 1 0.412799596786499 0
1700 True 1 0.42465639114379883 0
1800 True 1 0.43656349182128906 0
1900 True 1 0.41188573837280273 0
2000 True 1 0.40508174896240234 0
2100 True 1 0.42819809913635254 0
2200 True 1 0.41756534576416016 0
2300 True 1 0.4259004592895508 0
2400 True 1 0.42574024200439453 0
2500 True 1 0.4089360237121582 0
2600 True 1 0.41232824325561523 0
2700 True 1 0.4209744930267334 0
2800 True 1 0.4154179096221924 0
2900 True 1 0.4428069591522217 0
3000 True 1 0.4356060028076172 0
3100 True 0 0.4419088363647461 0
3200 True 1 0.45088982582092285 0
3300 True 1 0.41057443618774414 0
3400 True 1 0.41289448738098145 0
3500 True 1 0.4302356243133545 0
3600 True 1 0.4219057559967041 0
3700 True 1 0.40610194206237793 0
3800 True 1 0.40441298484802246 0
3900 True 1 0.42899346351623535 0
4000 True 1 0.4264538288116455 0
4100 True 0 0.41423463821411133 0
4200 True 1 0.4242737293243408 0
4300 True 1 0.4173595905303955 0
4400 True 1 0.4260745048522949 0
4500 True 1 0.4246969223022461 0
4600 True 1 0.4067111015319824 0
4700 True 1 0.40086913108825684 0
4800 True 1 0.4182393550872803 0
4900 True 1 0.40221333503723145 0
5000 True 1 0.41973328590393066 0
5100 True 1 0.4110908508300781 0
5200 True 1 0.4140183925628662 0
5300 True 1 0.3953859806060791 0
5400 True 1 0.4101135730743408 0
5500 True 1 0.4076194763183594 0
5600 True 0 0.41309046745300293 0
5700 True 1 0.4311039447784424 0
5800 True 1 0.42661261558532715 0
5900 True 1 0.42941951751708984 0
6000 True 1 0.41533803939819336 0
6100 True 1 0.420971155166626 0
6200 True 1 0.41404199600219727 0
6300 True 1 0.44924449920654297 0
6400 True 1 0.4730336666107178 0
6500 True 1 0.45763564109802246 0
6600 True 1 0.43442535400390625 0
6700 True 1 0.45261049270629883 0
6800 True 1 0.43126940727233887 0
6900 True 1 0.4231081008911133 0
7000 True 1 0.44130563735961914 0
7100 True 1 0.43438029289245605 0
7200 True 1 0.449188232421875 0
7300 True 1 0.43411707878112793 0
7400 True 1 0.42908310890197754 0
7500 True 1 0.42529749870300293 0
7600 True 1 0.44492673873901367 0
7700 True 1 0.4409139156341553 0
7800 True 1 0.43218088150024414 0
7900 True 1 0.4292275905609131 0
8000 True 1 0.42847657203674316 0
8100 True 1 0.42353153228759766 0
8200 True 1 0.4327535629272461 0
8300 True 1 0.4105064868927002 0
8400 True 1 0.41828298568725586 0
8500 True 1 0.42629027366638184 0
8600 True 1 0.42386698722839355 0
8700 True 1 0.4153316020965576 0
8800 True 1 0.42847633361816406 0
8900 True 1 0.43628478050231934 0
9000 True 1 0.45290088653564453 0
9100 True 1 0.41940760612487793 0
9200 True 1 0.42133212089538574 0
9300 True 1 0.42928385734558105 0
9400 True 1 0.411116361618042 0
9500 True 1 0.4869496822357178 0
9600 True 1 0.4241302013397217 0
9700 True 1 0.42617225646972656 0
9800 True 1 0.43468523025512695 0
9900 True 1 0.43975353240966797 0
