0 True 1 1.3667457103729248 0
100 True 1 0.48522377014160156 0
200 True 1 0.47629714012145996 0
300 True 1 0.4697282314300537 0
400 True 1 0.488283634185791 0
500 True 1 0.4664146900177002 0
600 True 1 0.4489860534667969 0
700 True 1 0.4465770721435547 0
800 True 1 0.4655013084411621 0
900 True 0 0.4506394863128662 0
1000 True 1 0.46419334411621094 0
1100 True 1 0.47252869606018066 0
1200 True 1 0.44843626022338867 0
1300 True 1 0.44710326194763184 0
1400 True 1 0.4476158618927002 0
1500 True 0 0.48977112770080566 0
1600 True 1 0.44951605796813965 0
1700 True 1 0.440112829208374 0
1800 True 1 0.4429800510406494 0
1900 True 1 0.45256733894348145 0
2000 True 1 0.45230937004089355 0
2100 True 1 0.4530220031738281 0
2200 True 1 0.47307920455932617 0
2300 True 1 0.4647948741912842 0
2400 True 1 0.45390748977661133 0
2500 True 1 0.4540259838104248 0
2600 True 1 0.462416410446167 0
2700 True 1 0.46380043029785156 0
2800 True 1 0.444350004196167 0
2900 True 1 0.47107982635498047 0
3000 True 1 0.4738767147064209 0
3100 True 1 0.4554457664489746 0
3200 True 1 0.4567127227783203 0
3300 True 1 0.49194860458374023 0
3400 True 1 0.5220000743865967 0
3500 True 1 0.4436802864074707 0
3600 True 1 0.48898887634277344 0
3700 True 1 0.5365586280822754 0
3800 True 1 0.47200727462768555 0
3900 True 1 0.4828941822052002 0
4000 True 1 0.4777202606201172 0
4100 True 1 0.4648463726043701 0
4200 True 1 0.462634801864624 0
4300 True 1 0.4566614627838135 0
4400 True 1 0.45839715003967285 0
4500 True 0 0.4585089683532715 0
4600 True 1 0.45784568786621094 0
4700 True 1 0.4417097568511963 0
4800 True 1 0.44724011421203613 0
4900 True 1 0.4479696750640869 0
5000 True 1 0.45764827728271484 0
5100 True 1 0.4474778175354004 0
5200 True 1 0.45124030113220215 0
5300 True 1 0.4515957832336426 0
5400 True 1 0.4576120376586914 0
5500 True 1 0.4639737606048584 0
5600 True 0 0.45203471183776855 0
5700 True 1 0.4578728675842285 0
5800 True 1 0.46337294578552246 0
5900 True 1 0.4363555908203125 0
6000 True 1 0.4423489570617676 0
6100 True 1 0.45180296897888184 0
6200 True 1 0.4533390998840332 0
6300 True 1 0.453275203704834 0
6400 True 1 0.4494469165802002 0
6500 True 1 0.46151161193847656 0
6600 True 1 0.4445919990539551 0
6700 True 1 0.44306039810180664 0
6800 True 1 0.4426102638244629 0
6900 True 1 0.45001792907714844 0
7000 True 1 0.458392858505249 0
7100 True 1 0.44620227813720703 0
7200 True 1 0.44008302688598633 0
7300 True 1 0.4494507312774658 0
7400 True 1 0.45028090476989746 0
7500 True 1 0.4576404094696045 0
7600 True 1 0.43949246406555176 0
7700 True 1 0.4527420997619629 0
7800 True 1 0.45808839797973633 0
7900 True 1 0.45892834663391113 0
8000 True 1 0.45113253593444824 0
8100 True 1 0.44530606269836426 0
8200 True 1 0.46364784240722656 0
8300 True 1 0.45699477195739746 0
8400 True 1 0.4460940361022949 0
8500 True 1 0.43486738204956055 0
8600 True 1 0.43151402473449707 0
8700 True 1 0.44170212745666504 0
8800 True 1 0.4594876766204834 0
8900 True 1 0.4642446041107178 0
9000 True 1 0.44531846046447754 0
9100 True 1 0.42990827560424805 0
9200 True 1 0.47885847091674805 0
9300 True 1 0.5052046775817871 0
9400 True 1 0.5604147911071777 0
9500 True 1 0.49024176597595215 0
9600 True 1 0.4724850654602051 0
9700 True 0 0.45848846435546875 0
9800 True 1 0.4598989486694336 0
9900 True 1 0.4481241703033447 0
