0 True 1 1.430410623550415 0
100 True 1 0.49427103996276855 0
200 True 1 0.4913163185119629 0
300 True 1 0.49858999252319336 0
400 True 1 0.5090575218200684 0
500 True 1 0.49643373489379883 0
600 True 1 0.4862830638885498 0
700 True 1 0.48328661918640137 0
800 True 1 0.4846651554107666 0
900 True 1 0.477062463760376 0
1000 True 1 0.48555898666381836 0
1100 True 1 0.49170875549316406 0
1200 True 1 0.49704480171203613 0
1300 True 1 0.4991898536682129 0
1400 True 1 0.4700660705566406 0
1500 True 0 0.48525547981262207 0
1600 True 0 0.5063366889953613 0
1700 True 1 0.5032958984375 0
1800 True 1 0.4946274757385254 0
1900 True 1 0.4816710948944092 0
2000 True 1 0.5040216445922852 0
2100 True 1 0.5312643051147461 0
2200 True 1 0.47535061836242676 0
2300 True 1 0.4688560962677002 0
2400 True 1 0.5021176338195801 0
2500 True 1 0.48657774925231934 0
2600 True 1 0.49533534049987793 0
2700 True 1 0.5032048225402832 0
2800 True 1 0.4982109069824219 0
2900 True 1 0.4893009662628174 0
3000 True 1 0.49388957023620605 0
3100 True 1 0.47898244857788086 0
3200 True 1 0.47585248947143555 0
3300 True 1 0.4785292148590088 0
3400 True 1 0.4785122871398926 0
3500 True 1 0.47376036643981934 0
3600 True 1 0.4802684783935547 0
3700 True 1 0.4751865863800049 0
3800 True 1 0.48168277740478516 0
3900 True 1 0.47318267822265625 0
4000 True 1 0.4954836368560791 0
4100 True 1 0.4842851161956787 0
4200 True 1 0.5398898124694824 0
4300 True 1 0.4969477653503418 0
4400 True 1 0.5295705795288086 0
4500 True 0 0.4929318428039551 0
4600 True 1 0.493649959564209 0
4700 True 1 0.48611879348754883 0
4800 True 1 0.4947030544281006 0
4900 True 1 0.4919729232788086 0
5000 True 1 0.48772335052490234 0
5100 True 1 0.48546814918518066 0
5200 True 1 0.4918978214263916 0
5300 True 1 0.4913811683654785 0
5400 True 1 0.47608089447021484 0
5500 True 1 0.4866907596588135 0
5600 True 1 0.48969554901123047 0
5700 True 1 0.468137264251709 0
5800 True 1 0.48783373832702637 0
5900 True 1 0.4775960445404053 0
6000 True 1 0.47606992721557617 0
6100 True 1 0.4833049774169922 0
6200 True 1 0.48967576026916504 0
6300 True 1 0.5092589855194092 0
6400 True 1 0.4957404136657715 0
6500 True 1 0.4839591979980469 0
6600 True 1 0.5056812763214111 0
6700 True 1 0.5197889804840088 0
6800 True 1 0.4786529541015625 0
6900 True 1 0.49138522148132324 0
7000 True 1 0.4934811592102051 0
7100 True 1 0.48805785179138184 0
7200 True 1 0.47147464752197266 0
7300 True 1 0.4628157615661621 0
7400 True 1 0.479550838470459 0
7500 True 1 0.4733774662017822 0
7600 True 1 0.47165513038635254 0
7700 True 1 0.47890257835388184 0
7800 True 1 0.49442219734191895 0
7900 True 1 0.47571325302124023 0
8000 True 1 0.47699642181396484 0
8100 True 1 0.49141573905944824 0
8200 True 1 0.4874396324157715 0
8300 True 1 0.48470544815063477 0
8400 True 1 0.4728505611419678 0
8500 True 1 0.4809567928314209 0
8600 True 1 0.4772162437438965 0
8700 True 1 0.47385573387145996 0
8800 True 1 0.4684433937072754 0
8900 True 1 0.5253000259399414 0
9000 True 1 0.5399258136749268 0
9100 True 1 0.49717020988464355 0
9200 True 1 0.5234932899475098 0
9300 True 1 0.49216747283935547 0
9400 True 1 0.48476481437683105 0
9500 True 1 0.4687991142272949 0
9600 True 1 0.49672818183898926 0
9700 True 0 0.477877140045166 0
9800 True 1 0.4928908348083496 0
9900 True 1 0.49840354919433594 0
