0 True 1 1.3033032417297363 0
100 True 1 0.45281171798706055 0
200 True 1 0.44693946838378906 0
300 True 1 0.4587676525115967 0
400 True 1 0.45000457763671875 0
500 True 1 0.44429636001586914 0
600 True 1 0.44097137451171875 0
700 True 1 0.44195079803466797 0
800 True 1 0.4384734630584717 0
900 True 0 0.4341888427734375 0
1000 True 1 0.4426443576812744 0
1100 True 1 0.4538249969482422 0
1200 True 1 0.449005126953125 0
1300 True 1 0.4453907012939453 0
1400 True 1 0.44013118743896484 0
1500 True 0 0.4488387107849121 0
1600 True 1 0.4454646110534668 0
1700 True 1 0.45044445991516113 0
1800 True 1 0.4531431198120117 0
1900 True 1 0.4597611427307129 0
2000 True 1 0.44921278953552246 0
2100 True 1 0.46689391136169434 0
2200 True 1 0.44437265396118164 0
2300 True 1 0.4578676223754883 0
2400 True 1 0.47066688537597656 0
2500 True 1 0.46606922149658203 0
2600 True 1 0.4554924964904785 0
2700 True 1 0.45067548751831055 0
2800 True 1 0.4554157257080078 0
2900 True 1 0.4543297290802002 0
3000 True 1 0.43385934829711914 0
3100 True 1 0.4698612689971924 0
3200 True 1 0.46277928352355957 0
3300 True 1 0.4605872631072998 0
3400 True 1 0.45157289505004883 0
3500 True 1 0.45899009704589844 0
3600 True 1 0.47168827056884766 0
3700 True 1 0.45156073570251465 0
3800 True 1 0.45743536949157715 0
3900 True 1 0.4924476146697998 0
4000 True 1 0.4694526195526123 0
4100 True 0 0.46137261390686035 0
4200 True 1 0.4570577144622803 0
4300 True 1 0.4556422233581543 0
4400 True 1 0.4594602584838867 0
4500 True 0 0.469296932220459 0
4600 True 1 0.44507908821105957 0
4700 True 1 0.45236754417419434 0
4800 True 1 0.462050199508667 0
4900 True 1 0.4777512550354004 0
5000 True 1 0.45026183128356934 0
5100 True 1 0.4649357795715332 0
5200 True 1 0.4497108459472656 0
5300 True 1 0.4519045352935791 0
5400 True 1 0.45015883445739746 0
5500 True 1 0.44354748725891113 0
5600 True 0 0.43518805503845215 0
5700 True 1 0.4553041458129883 0
5800 True 1 0.4422893524169922 0
5900 True 1 0.45309972763061523 0
6000 True 1 0.44801855087280273 0
6100 True 1 0.440563440322876 0
6200 True 1 0.46022462844848633 0
6300 True 1 0.4570307731628418 0
6400 True 1 0.4825270175933838 0
6500 True 1 0.49124789237976074 0
6600 True 1 0.454129695892334 0
6700 True 1 0.4534492492675781 0
6800 True 1 0.4525730609893799 0
6900 True 1 0.4429018497467041 0
7000 True 1 0.44346117973327637 0
7100 True 1 0.4441111087799072 0
7200 True 1 0.44009852409362793 0
7300 True 1 0.5018324851989746 0
7400 True 1 0.4475219249725342 0
7500 True 1 0.45681190490722656 0
7600 True 1 0.4511733055114746 0
7700 True 1 0.46584010124206543 0
7800 True 1 0.45855283737182617 0
7900 True 1 0.4818553924560547 0
8000 True 1 0.44837355613708496 0
8100 True 1 0.4495854377746582 0
8200 True 1 0.4564342498779297 0
8300 True 1 0.4775400161743164 0
8400 True 1 0.456606388092041 0
8500 True 1 0.4661092758178711 0
8600 True 1 0.4714961051940918 0
8700 True 1 0.4586820602416992 0
8800 True 1 0.484649658203125 0
8900 True 1 0.47504425048828125 0
9000 True 1 0.47171449661254883 0
9100 True 1 0.4538109302520752 0
9200 True 1 0.4540519714355469 0
9300 True 1 0.45047616958618164 0
9400 True 1 0.4522573947906494 0
9500 True 0 0.463620662689209 0
9600 True 1 0.4461240768432617 0
9700 True 0 0.4525637626647949 0
9800 True 1 0.45458340644836426 0
9900 True 1 0.4531686305999756 0
