0 True 0.0703125 4.99618935585022 0
100 True 0.109375 3.3487985134124756 0
200 True 0.1171875 2.7937774658203125 0
300 True 0.078125 3.1116979122161865 0
400 True 0.109375 2.863204002380371 0
500 True 0.203125 4.0633544921875 0
600 True 0.109375 2.7520878314971924 0
700 True 0.0625 2.795045852661133 0
800 True 0.09375 3.045823812484741 0
900 True 0.0 3.758065938949585 0
1000 True 0.046875 3.478158950805664 0
1100 True 0.109375 2.7679100036621094 0
1200 True 0.0546875 2.7521727085113525 0
1300 True 0.09375 2.803715229034424 0
1400 True 0.109375 2.7170276641845703 0
1500 True 0.015625 3.11028790473938 0
1600 True 0.03125 3.2583024501800537 0
1700 True 0.109375 2.8023064136505127 0
1800 True 0.078125 2.6967217922210693 0
1900 True 0.0703125 2.813793897628784 0
2000 True 0.0625 2.705970525741577 0
2100 True 0.1328125 3.9732236862182617 0
2200 True 0.0859375 2.828840732574463 0
2300 True 0.125 2.743842601776123 0
2400 True 0.1015625 2.736635208129883 0
2500 True 0.0703125 2.698091745376587 0
2600 True 0.1484375 3.1877171993255615 0
2700 True 0.046875 2.6965065002441406 0
2800 True 0.09375 2.8124101161956787 0
2900 True 0.09375 2.6968767642974854 0
3000 True 0.0546875 2.7525711059570312 0
3100 True 0.0234375 2.696192741394043 0
3200 True 0.109375 2.6974337100982666 0
3300 True 0.1015625 2.7647018432617188 0
3400 True 0.078125 2.7621586322784424 0
3500 True 0.109375 2.7251391410827637 0
3600 True 0.1015625 2.733419418334961 0
3700 True 0.09375 2.68782901763916 0
3800 True 0.0546875 2.720409393310547 0
3900 True 0.078125 2.727262496948242 0
4000 True 0.0234375 2.7490289211273193 0
4100 True 0.0078125 2.7102434635162354 0
4200 True 0.09375 2.692183494567871 0
4300 True 0.0390625 2.684962749481201 0
4400 True 0.0625 2.753580331802368 0
4500 True 0.0 2.7612462043762207 0
4600 True 0.1875 3.212953567504883 0
4700 True 0.078125 2.7179818153381348 0
4800 True 0.1015625 2.730346202850342 0
4900 True 0.0859375 2.713000535964966 0
5000 True 0.109375 2.762209415435791 0
5100 True 0.046875 2.711181402206421 0
5200 True 0.0546875 2.6787946224212646 0
5300 True 0.09375 2.706939458847046 0
5400 True 0.171875 3.630695343017578 0
5500 True 0.15625 3.169438362121582 0
5600 True 0.0 2.7541136741638184 0
5700 True 0.1171875 2.72869610786438 0
5800 True 0.078125 2.7415316104888916 0
5900 True 0.140625 2.723102331161499 0
6000 True 0.0703125 2.712681293487549 0
6100 True 0.1484375 2.7283458709716797 0
6200 True 0.09375 2.683683395385742 0
6300 True 0.1015625 2.7515146732330322 0
6400 True 0.0234375 2.751586437225342 0
6500 True 0.140625 2.7055861949920654 0
6600 True 0.09375 2.7454469203948975 0
6700 True 0.09375 2.726433753967285 0
6800 True 0.140625 2.7680752277374268 0
6900 True 0.1015625 2.7112748622894287 0
7000 True 0.0703125 2.703601598739624 0
7100 True 0.0859375 2.7216758728027344 0
7200 True 0.0546875 2.735790729522705 0
7300 True 0.078125 2.6975462436676025 0
7400 True 0.0625 2.6925714015960693 0
7500 True 0.09375 2.7419474124908447 0
7600 True 0.09375 2.718980073928833 0
7700 True 0.0703125 2.6955363750457764 0
7800 True 0.0546875 2.7522387504577637 0
7900 True 0.0546875 2.7567477226257324 0
8000 True 0.1953125 2.764115810394287 0
8100 True 0.0703125 2.7298521995544434 0
8200 True 0.1484375 2.760544776916504 0
8300 True 0.1328125 2.8889763355255127 0
8400 True 0.140625 2.831873655319214 0
8500 True 0.1953125 2.7043659687042236 0
8600 True 0.09375 2.7964847087860107 0
8700 True 0.0546875 2.7457034587860107 0
8800 True 0.2109375 2.7517995834350586 0
8900 True 0.078125 2.745015859603882 0
9000 True 0.09375 2.7976675033569336 0
9100 True 0.1484375 2.7825090885162354 0
9200 True 0.1171875 2.7049198150634766 0
9300 True 0.125 2.705040454864502 0
9400 True 0.1015625 2.764683246612549 0
9500 True 0.0 2.7165415287017822 0
9600 True 0.09375 2.746687650680542 0
9700 True 0.015625 2.6934804916381836 0
9800 True 0.09375 2.7519125938415527 0
9900 True 0.0859375 2.7818219661712646 0
