0 True 0.203125 5.273184299468994 0
100 True 0.1875 3.2980551719665527 0
200 True 0.1796875 4.00649881362915 0
300 True 0.1640625 3.3919403553009033 0
400 True 0.1796875 3.0792789459228516 0
500 True 0.265625 4.746969223022461 0
600 True 0.1953125 3.0580477714538574 0
700 True 0.1953125 2.9924135208129883 0
800 True 0.15625 3.0063912868499756 0
900 True 0.03125 4.5833375453948975 0
1000 True 0.1796875 3.0172641277313232 0
1100 True 0.1875 2.9742863178253174 0
1200 True 0.1640625 2.9953558444976807 0
1300 True 0.1875 2.9972994327545166 0
1400 True 0.203125 2.9896721839904785 0
1500 True 0.09375 4.419663667678833 0
1600 True 0.1015625 3.021423101425171 0
1700 True 0.203125 2.974802017211914 0
1800 True 0.15625 3.0465426445007324 0
1900 True 0.125 3.8035054206848145 0
2000 True 0.171875 2.983199119567871 0
2100 True 0.1953125 3.013270378112793 0
2200 True 0.1796875 3.0223207473754883 0
2300 True 0.1953125 2.9788804054260254 0
2400 True 0.15625 2.9784421920776367 0
2500 True 0.1640625 2.9460062980651855 0
2600 True 0.2265625 3.8346972465515137 0
2700 True 0.171875 2.9902520179748535 0
2800 True 0.1640625 2.9788217544555664 0
2900 True 0.15625 2.9720277786254883 0
3000 True 0.1640625 3.06158447265625 0
3100 True 0.140625 3.4504590034484863 0
3200 True 0.1953125 2.958176851272583 0
3300 True 0.1640625 2.9563241004943848 0
3400 True 0.2265625 3.0203990936279297 0
3500 True 0.1875 2.996055841445923 0
3600 True 0.1640625 3.0328116416931152 0
3700 True 0.1953125 2.9728567600250244 0
3800 True 0.171875 2.96513295173645 0
3900 True 0.1875 2.9556212425231934 0
4000 True 0.1171875 3.454694986343384 0
4100 True 0.15625 3.059244155883789 0
4200 True 0.2109375 3.092305898666382 0
4300 True 0.140625 3.1388680934906006 0
4400 True 0.140625 3.0500905513763428 0
4500 True 0.015625 3.95361065864563 0
4600 True 0.2890625 3.9870142936706543 0
4700 True 0.1953125 3.0372328758239746 0
4800 True 0.2265625 2.9831130504608154 0
4900 True 0.15625 2.971788167953491 0
5000 True 0.171875 2.993347406387329 0
5100 True 0.15625 2.9642322063446045 0
5200 True 0.171875 2.9870388507843018 0
5300 True 0.203125 2.9881885051727295 0
5400 True 0.203125 2.933298349380493 0
5500 True 0.25 3.541811943054199 0
5600 True 0.109375 2.9715912342071533 0
5700 True 0.1875 2.9841339588165283 0
5800 True 0.1796875 2.949728488922119 0
5900 True 0.2265625 2.962038278579712 0
6000 True 0.1796875 3.106996774673462 0
6100 True 0.265625 3.014937400817871 0
6200 True 0.1875 2.987276077270508 0
6300 True 0.1796875 2.991206407546997 0
6400 True 0.1015625 3.0361030101776123 0
6500 True 0.2265625 3.0228428840637207 0
6600 True 0.125 2.9880926609039307 0
6700 True 0.1640625 3.0887064933776855 0
6800 True 0.2421875 3.517360210418701 0
6900 True 0.21875 3.0409786701202393 0
7000 True 0.1796875 3.0159080028533936 0
7100 True 0.140625 3.035939931869507 0
7200 True 0.15625 2.9989748001098633 0
7300 True 0.203125 2.9846978187561035 0
7400 True 0.1328125 2.975506544113159 0
7500 True 0.1875 2.9685215950012207 0
7600 True 0.1796875 2.988243341445923 0
7700 True 0.1953125 3.008209228515625 0
7800 True 0.1328125 3.0179924964904785 0
7900 True 0.15625 3.0164012908935547 0
8000 True 0.1640625 2.9363420009613037 0
8100 True 0.1875 2.947589159011841 0
8200 True 0.2265625 3.018612861633301 0
8300 True 0.2578125 3.011873960494995 0
8400 True 0.1953125 3.009936809539795 0
8500 True 0.2578125 2.983675479888916 0
8600 True 0.1953125 3.031662702560425 0
8700 True 0.15625 3.0623228549957275 0
8800 True 0.3359375 4.575582027435303 0
8900 True 0.1953125 3.0000641345977783 0
9000 True 0.203125 2.9817214012145996 0
9100 True 0.328125 2.9864895343780518 0
9200 True 0.1796875 2.9888916015625 0
9300 True 0.265625 3.0141050815582275 0
9400 True 0.140625 3.0881855487823486 0
9500 True 0.125 2.987121820449829 0
9600 True 0.203125 2.9918923377990723 0
9700 True 0.125 2.987966775894165 0
9800 True 0.171875 3.1224777698516846 0
9900 True 0.15625 2.9688894748687744 0
