0 True 1 1.446664571762085 0
100 True 1 0.5549829006195068 0
200 True 1 0.5349106788635254 0
300 True 1 0.5550365447998047 0
400 True 1 0.5300483703613281 0
500 True 1 0.5324122905731201 0
600 True 1 0.5287106037139893 0
700 True 1 0.5387461185455322 0
800 True 1 0.543717622756958 0
900 False 0 0.0 0
1000 True 1 0.5310623645782471 0
1100 True 1 0.533902645111084 0
1200 True 0 0.5299177169799805 0
1300 True 1 0.533421516418457 0
1400 True 1 0.5258579254150391 0
1500 True 0 0.5251765251159668 0
1600 True 1 0.5292646884918213 0
1700 True 1 0.5461652278900146 0
1800 True 1 0.5266990661621094 0
1900 True 1 0.55191969871521 0
2000 True 1 0.5431749820709229 0
2100 True 1 0.5281808376312256 0
2200 True 1 0.5334270000457764 0
2300 True 1 0.5267848968505859 0
2400 True 1 0.5436000823974609 0
2500 True 1 0.5341739654541016 0
2600 True 1 0.5348384380340576 0
2700 True 1 0.5220475196838379 0
2800 True 1 0.5341181755065918 0
2900 True 1 0.5485279560089111 0
3000 True 1 0.5415596961975098 0
3100 True 1 0.5409531593322754 0
3200 True 1 0.5280554294586182 0
3300 True 1 0.5314512252807617 0
3400 True 1 0.5259261131286621 0
3500 True 1 0.5296065807342529 0
3600 True 1 0.5242164134979248 0
3700 True 1 0.5299539566040039 0
3800 True 1 0.5338456630706787 0
3900 True 1 0.5210492610931396 0
4000 True 1 0.5227692127227783 0
4100 True 1 0.5298500061035156 0
4200 True 1 0.5193798542022705 0
4300 True 1 0.5300116539001465 0
4400 True 1 0.5238559246063232 0
4500 False 0 0.0 0
4600 True 1 0.5311241149902344 0
4700 True 1 0.5328834056854248 0
4800 True 1 0.5289919376373291 0
4900 True 1 0.5319781303405762 0
5000 True 1 0.5287289619445801 0
5100 True 1 0.5276110172271729 0
5200 True 1 0.530388355255127 0
5300 True 1 0.5304100513458252 0
5400 True 1 0.5397405624389648 0
5500 True 1 0.539055347442627 0
5600 True 1 0.536952018737793 0
5700 True 1 0.5178782939910889 0
5800 True 1 0.529132604598999 0
5900 True 1 0.5453410148620605 0
6000 True 1 0.5326442718505859 0
6100 True 1 0.5388016700744629 0
6200 True 1 0.5341625213623047 0
6300 True 1 0.5457725524902344 0
6400 True 0 0.5333468914031982 0
6500 True 1 0.5296316146850586 0
6600 True 1 0.5413434505462646 0
6700 True 1 0.5327394008636475 0
6800 True 1 0.5269279479980469 0
6900 True 1 0.5206456184387207 0
7000 True 1 0.5375182628631592 0
7100 True 1 0.524491548538208 0
7200 True 1 0.5273642539978027 0
7300 True 1 0.5369775295257568 0
7400 True 1 0.5437517166137695 0
7500 True 1 0.5233209133148193 0
7600 True 1 0.5770413875579834 0
7700 True 1 0.5420267581939697 0
7800 True 1 0.5341050624847412 0
7900 True 1 0.5320649147033691 0
8000 True 1 0.5329630374908447 0
8100 True 1 0.5424628257751465 0
8200 True 1 0.5440170764923096 0
8300 True 1 0.5343241691589355 0
8400 True 1 0.5312776565551758 0
8500 True 1 0.5396733283996582 0
8600 True 1 0.5389444828033447 0
8700 True 1 0.5324656963348389 0
8800 True 1 0.5377039909362793 0
8900 True 1 0.529132604598999 0
9000 True 1 0.5222759246826172 0
9100 True 1 0.52010178565979 0
9200 True 1 0.5233249664306641 0
9300 True 1 0.5257065296173096 0
9400 True 1 0.5441210269927979 0
9500 True 1 0.53652024269104 0
9600 True 1 0.5375266075134277 0
9700 True 0 0.5369946956634521 0
9800 True 1 0.5264506340026855 0
9900 True 1 0.5276885032653809 0
