0 True 0.4921875 5.315423250198364 0
100 True 0.4921875 3.2399680614471436 0
200 True 0.25 4.500081777572632 0
300 True 0.2890625 3.9243459701538086 0
400 True 0.2265625 4.971042633056641 0
500 True 0.4921875 3.221400499343872 0
600 True 0.4921875 3.275278091430664 0
700 True 0.2421875 3.596841335296631 0
800 True 0.25 3.308380603790283 0
900 True 0.203125 3.9648149013519287 0
1000 True 0.2265625 3.269104242324829 0
1100 True 0.328125 4.77691650390625 0
1200 True 0.234375 3.1685001850128174 0
1300 True 0.4921875 3.1478192806243896 0
1400 True 0.25 3.1803805828094482 0
1500 True 0.1953125 3.5620241165161133 0
1600 True 0.140625 4.504638195037842 0
1700 True 0.4375 4.104674577713013 0
1800 True 0.2421875 3.2838494777679443 0
1900 True 0.203125 3.2493982315063477 0
2000 True 0.2421875 3.247634172439575 0
2100 True 0.25 3.2844762802124023 0
2200 True 0.4921875 3.1489005088806152 0
2300 True 0.2578125 3.208487033843994 0
2400 True 0.25 3.1816294193267822 0
2500 True 0.4921875 3.2698636054992676 0
2600 True 0.375 4.666238784790039 0
2700 True 0.21875 3.196843385696411 0
2800 True 0.25 3.1760222911834717 0
2900 True 0.2265625 3.2396798133850098 0
3000 True 0.234375 3.2783331871032715 0
3100 True 0.2109375 3.2056756019592285 0
3200 True 0.2421875 3.198451042175293 0
3300 True 0.4921875 3.16048526763916 0
3400 True 0.4921875 3.2296316623687744 0
3500 True 0.4921875 3.222930908203125 0
3600 True 0.21875 3.190657377243042 0
3700 True 0.4921875 3.196038246154785 0
3800 True 0.234375 3.1963651180267334 0
3900 True 0.25 3.19781756401062 0
4000 True 0.2109375 3.181501865386963 0
4100 True 0.15625 4.237022876739502 0
4200 True 0.4921875 3.219184637069702 0
4300 True 0.203125 3.283574104309082 0
4400 True 0.1953125 3.180601119995117 0
4500 True 0.0390625 5.318157911300659 0
4600 True 0.4921875 3.2258529663085938 0
4700 True 0.296875 3.778191328048706 0
4800 True 0.4921875 3.14676570892334 0
4900 True 0.2421875 3.176638126373291 0
5000 True 0.4921875 3.1688733100891113 0
5100 True 0.2109375 3.2624974250793457 0
5200 True 0.25 3.1712827682495117 0
5300 True 0.2890625 3.145681381225586 0
5400 True 0.328125 3.167006492614746 0
5500 True 0.4921875 3.273261070251465 0
5600 True 0.2109375 3.124471426010132 0
5700 True 0.4921875 3.1657984256744385 0
5800 True 0.234375 3.2048957347869873 0
5900 True 0.4921875 3.2050795555114746 0
6000 True 0.2421875 3.2468576431274414 0
6100 True 0.4921875 3.173952341079712 0
6200 True 0.328125 3.245548963546753 0
6300 True 0.4921875 3.241920232772827 0
6400 True 0.2109375 3.19168758392334 0
6500 True 0.2734375 3.765719413757324 0
6600 True 0.203125 3.299462080001831 0
6700 True 0.3515625 4.323972702026367 0
6800 True 0.4921875 3.2332561016082764 0
6900 True 0.4921875 3.2389755249023438 0
7000 True 0.2578125 3.163756847381592 0
7100 True 0.203125 3.13883638381958 0
7200 True 0.21875 3.172032356262207 0
7300 True 0.25 3.224717617034912 0
7400 True 0.4921875 3.229485273361206 0
7500 True 0.28125 3.221970558166504 0
7600 True 0.2734375 3.2214629650115967 0
7700 True 0.3125 3.739777088165283 0
7800 True 0.25 3.2598772048950195 0
7900 True 0.234375 3.1732707023620605 0
8000 True 0.390625 3.8247742652893066 0
8100 True 0.2578125 3.191305160522461 0
8200 True 0.2578125 3.159473180770874 0
8300 True 0.4375 3.1505415439605713 0
8400 True 0.4921875 3.227616310119629 0
8500 True 0.4921875 3.2401185035705566 0
8600 True 0.265625 3.242633104324341 0
8700 True 0.2265625 3.1416919231414795 0
8800 True 0.4921875 3.253312110900879 0
8900 True 0.265625 3.300048351287842 0
9000 True 0.2421875 3.303161144256592 0
9100 True 0.4921875 3.124389171600342 0
9200 True 0.234375 3.2055137157440186 0
9300 True 0.4921875 3.124436378479004 0
9400 True 0.203125 3.162787437438965 0
9500 True 0.21875 3.239614248275757 0
9600 True 0.4921875 3.2575371265411377 0
9700 True 0.203125 3.205397844314575 0
9800 True 0.328125 3.253695011138916 0
9900 True 0.2734375 3.2144792079925537 0
