0 True 0.1171875 5.265358209609985 0
100 True 0.1171875 3.002227783203125 0
200 True 0.1484375 4.197075605392456 0
300 True 0.078125 3.6501946449279785 0
400 True 0.125 3.3683059215545654 0
500 True 0.1875 4.06624174118042 0
600 True 0.1015625 3.34904408454895 0
700 True 0.1328125 3.0276050567626953 0
800 True 0.0859375 3.024334669113159 0
900 True 0.0078125 4.1515052318573 0
1000 True 0.0859375 2.9988551139831543 0
1100 True 0.1171875 3.014463186264038 0
1200 True 0.0703125 3.5782859325408936 0
1300 True 0.109375 3.0216095447540283 0
1400 True 0.125 2.99746036529541 0
1500 True 0.015625 3.5080089569091797 0
1600 True 0.0234375 2.996494770050049 0
1700 True 0.140625 2.984005928039551 0
1800 True 0.0859375 3.0133039951324463 0
1900 True 0.046875 3.8447391986846924 0
2000 True 0.109375 3.0777180194854736 0
2100 True 0.1328125 3.039024829864502 0
2200 True 0.1171875 3.0155913829803467 0
2300 True 0.1328125 3.117112636566162 0
2400 True 0.0859375 3.007100820541382 0
2500 True 0.0859375 2.998126268386841 0
2600 True 0.1640625 3.855886220932007 0
2700 True 0.078125 3.023080348968506 0
2800 True 0.0859375 3.0737714767456055 0
2900 True 0.125 3.0411269664764404 0
3000 True 0.0703125 3.029803514480591 0
3100 True 0.0546875 3.025623083114624 0
3200 True 0.109375 3.0050721168518066 0
3300 True 0.09375 3.0140981674194336 0
3400 True 0.140625 3.040086030960083 0
3500 True 0.1328125 2.997746706008911 0
3600 True 0.109375 3.0476319789886475 0
3700 True 0.09375 3.0286777019500732 0
3800 True 0.078125 3.0292177200317383 0
3900 True 0.1171875 3.0050129890441895 0
4000 True 0.0234375 3.0214264392852783 0
4100 True 0.0703125 3.0130293369293213 0
4200 True 0.140625 2.97330379486084 0
4300 True 0.0625 2.9784858226776123 0
4400 True 0.046875 2.9868361949920654 0
4500 True 0.0078125 3.017852544784546 0
4600 True 0.1953125 3.034693479537964 0
4700 True 0.1015625 3.040264844894409 0
4800 True 0.140625 3.0172202587127686 0
4900 True 0.0859375 2.977604389190674 0
5000 True 0.1015625 2.9673147201538086 0
5100 True 0.0625 3.0164806842803955 0
5200 True 0.1015625 3.0392115116119385 0
5300 True 0.1484375 3.0797040462493896 0
5400 True 0.1328125 3.082876682281494 0
5500 True 0.1640625 3.000699996948242 0
5600 True 0.03125 3.436924934387207 0
5700 True 0.1328125 3.015139579772949 0
5800 True 0.09375 3.0197317600250244 0
5900 True 0.15625 3.0432088375091553 0
6000 True 0.09375 3.027146816253662 0
6100 True 0.1171875 3.065434217453003 0
6200 True 0.1015625 3.0243794918060303 0
6300 True 0.109375 3.0119245052337646 0
6400 True 0.0390625 3.0242013931274414 0
6500 True 0.15625 2.982515573501587 0
6600 True 0.078125 2.994058609008789 0
6700 True 0.09375 2.9915623664855957 0
6800 True 0.125 3.039109468460083 0
6900 True 0.125 3.063640832901001 0
7000 True 0.09375 3.0077123641967773 0
7100 True 0.078125 3.007021188735962 0
7200 True 0.046875 2.989255905151367 0
7300 True 0.1171875 3.0410044193267822 0
7400 True 0.0546875 3.0475945472717285 0
7500 True 0.125 3.046551465988159 0
7600 True 0.1171875 3.0404176712036133 0
7700 True 0.09375 3.0527920722961426 0
7800 True 0.09375 3.0304067134857178 0
7900 True 0.0390625 3.0312678813934326 0
8000 True 0.09375 3.009044885635376 0
8100 True 0.09375 3.0062994956970215 0
8200 True 0.15625 3.0406360626220703 0
8300 True 0.1640625 3.0359156131744385 0
8400 True 0.125 3.0655531883239746 0
8500 True 0.1875 3.0259974002838135 0
8600 True 0.1328125 2.9741039276123047 0
8700 True 0.078125 3.068263530731201 0
8800 True 0.1875 3.026136636734009 0
8900 True 0.1171875 3.055525064468384 0
9000 True 0.1171875 3.040189743041992 0
9100 True 0.234375 3.9230222702026367 0
9200 True 0.0859375 2.993854522705078 0
9300 True 0.1484375 3.0293662548065186 0
9400 True 0.09375 3.008228063583374 0
9500 True 0.0390625 2.9884581565856934 0
9600 True 0.125 3.0050902366638184 0
9700 True 0.0546875 3.1703903675079346 0
9800 True 0.09375 3.035118579864502 0
9900 True 0.0625 3.0513410568237305 0
