0 True 0.1875 4.685984134674072 0
100 True 0.140625 3.3569705486297607 0
200 True 0.1015625 3.8506662845611572 0
300 True 0.0390625 3.6125314235687256 0
400 True 0.140625 2.4965832233428955 0
500 True 0.234375 3.2912027835845947 0
600 True 0.1796875 3.38848876953125 0
700 True 0.1796875 2.5440406799316406 0
800 True 0.1484375 2.522970199584961 0
900 True 0.0078125 3.489039659500122 0
1000 True 0.09375 2.516453981399536 0
1100 True 0.203125 2.8509163856506348 0
1200 True 0.046875 2.8826847076416016 0
1300 True 0.1640625 2.9380533695220947 0
1400 True 0.1875 2.454439163208008 0
1500 False 0.0 0.0 0
1600 True 0.0625 3.4099085330963135 0
1700 True 0.15625 2.4930732250213623 0
1800 True 0.0546875 2.4596803188323975 0
1900 True 0.09375 2.508535623550415 0
2000 True 0.1171875 2.9151570796966553 0
2100 True 0.15625 2.4843192100524902 0
2200 True 0.0546875 2.503047466278076 0
2300 True 0.140625 2.5376224517822266 0
2400 True 0.1171875 2.5944600105285645 0
2500 True 0.125 2.852323293685913 0
2600 True 0.234375 2.457848072052002 0
2700 True 0.140625 2.501621723175049 0
2800 True 0.1171875 2.573850154876709 0
2900 True 0.125 2.469043731689453 0
3000 True 0.140625 2.4712789058685303 0
3100 True 0.109375 2.5422778129577637 0
3200 True 0.234375 2.4900543689727783 0
3300 True 0.1328125 2.4902923107147217 0
3400 True 0.21875 2.9256622791290283 0
3500 True 0.203125 2.566401958465576 0
3600 True 0.140625 2.524484157562256 0
3700 True 0.1796875 2.6145968437194824 0
3800 True 0.125 2.4911692142486572 0
3900 True 0.1640625 2.4680094718933105 0
4000 True 0.0390625 2.569591522216797 0
4100 True 0.1640625 2.4670305252075195 0
4200 True 0.1640625 2.538646697998047 0
4300 True 0.0234375 2.9075968265533447 0
4400 True 0.1015625 2.4955945014953613 0
4500 False 0.0 0.0 0
4600 True 0.203125 2.499804735183716 0
4700 True 0.1875 2.4643311500549316 0
4800 True 0.2265625 2.4934444427490234 0
4900 True 0.109375 2.460752010345459 0
5000 True 0.15625 2.47031831741333 0
5100 True 0.1171875 2.447650194168091 0
5200 True 0.1484375 2.52146577835083 0
5300 True 0.25 5.193593978881836 0
5400 True 0.1953125 2.5093421936035156 0
5500 True 0.203125 2.5384867191314697 0
5600 True 0.046875 2.509510040283203 0
5700 True 0.1796875 2.4777252674102783 0
5800 True 0.140625 2.4647181034088135 0
5900 True 0.1796875 2.4527082443237305 0
6000 True 0.0859375 3.0078296661376953 0
6100 True 0.2265625 2.4707841873168945 0
6200 True 0.2265625 2.486166000366211 0
6300 True 0.171875 2.5016345977783203 0
6400 True 0.046875 2.4564340114593506 0
6500 True 0.203125 2.4823737144470215 0
6600 True 0.078125 2.4420199394226074 0
6700 True 0.09375 2.5120747089385986 0
6800 True 0.171875 2.493576765060425 0
6900 True 0.15625 2.5386767387390137 0
7000 True 0.1484375 2.4958534240722656 0
7100 True 0.1796875 2.492607831954956 0
7200 True 0.15625 2.480452060699463 0
7300 True 0.1875 2.430656671524048 0
7400 True 0.1484375 2.4664995670318604 0
7500 True 0.203125 2.4822890758514404 0
7600 True 0.1796875 2.552659273147583 0
7700 True 0.171875 2.5847384929656982 0
7800 True 0.0625 2.5086448192596436 0
7900 True 0.109375 2.55745792388916 0
8000 True 0.1640625 2.476292371749878 0
8100 True 0.1640625 2.610006093978882 0
8200 True 0.1953125 2.620976686477661 0
8300 True 0.2578125 2.6047496795654297 0
8400 True 0.1875 2.48775577545166 0
8500 True 0.2265625 2.485893964767456 0
8600 True 0.1875 2.4690463542938232 0
8700 True 0.1953125 2.5080013275146484 0
8800 True 0.2734375 2.996461868286133 0
8900 True 0.21875 2.518815755844116 0
9000 True 0.171875 2.524284601211548 0
9100 True 0.1875 2.5247702598571777 0
9200 True 0.1796875 2.6771984100341797 0
9300 True 0.2109375 2.54182767868042 0
9400 True 0.109375 2.468618154525757 0
9500 True 0.1171875 2.515730381011963 0
9600 True 0.15625 2.4787662029266357 0
9700 True 0.0390625 2.566030740737915 0
9800 True 0.1484375 2.475863218307495 0
9900 True 0.1328125 2.483935594558716 0
