0 True 1 1.2661573886871338 0
100 True 1 0.39452123641967773 0
200 True 1 0.40227770805358887 0
300 True 0 0.39981818199157715 0
400 True 1 0.3940713405609131 0
500 True 1 0.38976502418518066 0
600 True 1 0.4359464645385742 0
700 True 1 0.40577125549316406 0
800 True 1 0.4097590446472168 0
900 True 0 0.4169623851776123 0
1000 True 0 0.41089892387390137 0
1100 True 1 0.40467333793640137 0
1200 True 0 0.4108262062072754 0
1300 True 1 0.4109170436859131 0
1400 True 1 0.4037132263183594 0
1500 False 0 0.0 0
1600 True 0 0.41298413276672363 0
1700 True 1 0.41977834701538086 0
1800 True 0 0.41732072830200195 0
1900 True 1 0.4169025421142578 0
2000 True 1 0.4220428466796875 0
2100 True 1 0.4177267551422119 0
2200 True 0 0.41066551208496094 0
2300 True 1 0.4033329486846924 0
2400 True 1 0.40849947929382324 0
2500 True 1 0.4125051498413086 0
2600 True 1 0.4132375717163086 0
2700 True 1 0.4081261157989502 0
2800 True 1 0.4042191505432129 0
2900 True 1 0.4116847515106201 0
3000 True 1 0.40483808517456055 0
3100 True 1 0.4058990478515625 0
3200 True 1 0.39607667922973633 0
3300 True 1 0.39789581298828125 0
3400 True 1 0.403522253036499 0
3500 True 1 0.41194915771484375 0
3600 True 1 0.44058752059936523 0
3700 True 1 0.3994154930114746 0
3800 True 1 0.41008615493774414 0
3900 True 1 0.39940333366394043 0
4000 True 0 0.4177987575531006 0
4100 True 1 0.40932345390319824 0
4200 True 1 0.4034874439239502 0
4300 True 0 0.39575695991516113 0
4400 True 1 0.40659570693969727 0
4500 False 0 0.0 0
4600 True 1 0.4132668972015381 0
4700 True 1 0.39281296730041504 0
4800 True 1 0.39636731147766113 0
4900 True 1 0.39723896980285645 0
5000 True 1 0.41706180572509766 0
5100 True 1 0.40242624282836914 0
5200 True 1 0.4022488594055176 0
5300 True 1 0.40285634994506836 0
5400 True 1 0.4109945297241211 0
5500 True 1 0.4249565601348877 0
5600 True 0 0.4406008720397949 0
5700 True 1 0.4342842102050781 0
5800 True 1 0.40027451515197754 0
5900 True 1 0.3987281322479248 0
6000 True 0 0.3991274833679199 0
6100 True 1 0.40079522132873535 0
6200 True 1 0.39685535430908203 0
6300 True 1 0.4104182720184326 0
6400 True 0 0.4139225482940674 0
6500 True 1 0.41719579696655273 0
6600 True 0 0.40453505516052246 0
6700 True 0 0.39965367317199707 0
6800 True 1 0.3954203128814697 0
6900 True 1 0.3950364589691162 0
7000 True 1 0.4011993408203125 0
7100 True 1 0.40050506591796875 0
7200 True 1 0.4030640125274658 0
7300 True 1 0.40329694747924805 0
7400 True 1 0.4033782482147217 0
7500 True 1 0.41792964935302734 0
7600 True 1 0.41009998321533203 0
7700 True 1 0.40103816986083984 0
7800 True 0 0.41237568855285645 0
7900 True 1 0.41778087615966797 0
8000 True 1 0.41054797172546387 0
8100 True 1 0.4214036464691162 0
8200 True 1 0.448932409286499 0
8300 True 1 0.4405834674835205 0
8400 True 1 0.412996768951416 0
8500 True 1 0.413862943649292 0
8600 True 1 0.4001636505126953 0
8700 True 1 0.4101705551147461 0
8800 True 1 0.39841341972351074 0
8900 True 1 0.3962392807006836 0
9000 True 1 0.39812397956848145 0
9100 True 1 0.40291500091552734 0
9200 True 1 0.39577460289001465 0
9300 True 1 0.4019913673400879 0
9400 True 1 0.4168376922607422 0
9500 True 1 0.42328691482543945 0
9600 True 1 0.42705512046813965 0
9700 True 0 0.4000124931335449 0
9800 True 1 0.3942830562591553 0
9900 True 1 0.3855278491973877 0
