0 True 0.1953125 4.819314241409302 0
100 True 0.15625 3.536212682723999 0
200 True 0.2578125 4.266337633132935 0
300 True 0.140625 3.32364821434021 0
400 True 0.203125 3.0084476470947266 0
500 True 0.375 4.380635738372803 0
600 True 0.171875 3.179436445236206 0
700 True 0.171875 2.6818745136260986 0
800 True 0.25 2.720726251602173 0
900 False 0.0 0.0 0
1000 True 0.171875 2.695560932159424 0
1100 True 0.2265625 3.633679151535034 0
1200 True 0.109375 4.516040325164795 0
1300 True 0.1953125 2.705674648284912 0
1400 True 0.1796875 2.8692564964294434 0
1500 False 0.0 0.0 0
1600 True 0.1328125 3.3107542991638184 0
1700 True 0.3359375 4.050816297531128 0
1800 True 0.046875 4.218543529510498 0
1900 True 0.03125 3.157759428024292 0
2000 True 0.1484375 2.6977458000183105 0
2100 True 0.140625 2.7011895179748535 0
2200 True 0.2265625 2.6784908771514893 0
2300 True 0.109375 2.6692092418670654 0
2400 True 0.140625 2.676988124847412 0
2500 True 0.1328125 2.6929123401641846 0
2600 True 0.359375 3.806089401245117 0
2700 True 0.1484375 2.702946424484253 0
2800 True 0.3828125 2.653992176055908 0
2900 True 0.1640625 2.682461738586426 0
3000 True 0.1484375 2.720320224761963 0
3100 True 0.15625 2.652825117111206 0
3200 True 0.375 2.703835964202881 0
3300 True 0.1875 2.683079481124878 0
3400 True 0.2109375 2.6698598861694336 0
3500 True 0.234375 3.2276692390441895 0
3600 True 0.1328125 2.705595016479492 0
3700 True 0.171875 2.7231757640838623 0
3800 True 0.1640625 2.6902225017547607 0
3900 True 0.203125 2.8325765132904053 0
4000 True 0.1015625 3.242011547088623 0
4100 True 0.390625 3.2978618144989014 0
4200 True 0.15625 2.6752490997314453 0
4300 True 0.0234375 3.830965042114258 0
4400 True 0.046875 2.6663994789123535 0
4500 False 0.0 0.0 0
4600 True 0.328125 2.6671524047851562 0
4700 True 0.3671875 2.753662109375 0
4800 True 0.2265625 2.6883528232574463 0
4900 True 0.15625 2.7111153602600098 0
5000 True 0.234375 2.68963885307312 0
5100 True 0.25 2.9215376377105713 0
5200 True 0.15625 2.9320852756500244 0
5300 True 0.3828125 2.7189888954162598 0
5400 True 0.2734375 3.324759006500244 0
5500 True 0.2421875 2.7180495262145996 0
5600 True 0.1015625 2.7088184356689453 0
5700 True 0.3046875 3.8117353916168213 0
5800 True 0.296875 2.7251155376434326 0
5900 True 0.21875 2.6776280403137207 0
6000 True 0.28125 3.3221521377563477 0
6100 True 0.265625 2.6742780208587646 0
6200 True 0.484375 4.686143636703491 0
6300 True 0.25 2.664769411087036 0
6400 True 0.2734375 2.695146083831787 0
6500 True 0.234375 2.74174427986145 0
6600 True 0.203125 2.732228994369507 0
6700 True 0.140625 2.7598936557769775 0
6800 True 0.171875 2.6903703212738037 0
6900 True 0.15625 2.679622173309326 0
7000 True 0.1953125 2.7341575622558594 0
7100 True 0.2734375 2.6817641258239746 0
7200 True 0.0546875 2.774632215499878 0
7300 True 0.2109375 2.815936326980591 0
7400 True 0.2109375 2.718315839767456 0
7500 True 0.3515625 3.4401583671569824 0
7600 True 0.1953125 2.6338307857513428 0
7700 True 0.15625 2.716648578643799 0
7800 False 0.0 0.0 0
7900 True 0.140625 2.682027816772461 0
8000 True 0.203125 2.6810972690582275 0
8100 True 0.1953125 2.7598865032196045 0
8200 True 0.203125 2.6847667694091797 0
8300 True 0.3359375 2.7654507160186768 0
8400 True 0.171875 2.6862056255340576 0
8500 True 0.2578125 2.728320598602295 0
8600 True 0.2265625 2.6685991287231445 0
8700 True 0.3203125 3.396420955657959 0
8800 True 0.2890625 2.7116763591766357 0
8900 True 0.203125 2.684999942779541 0
9000 True 0.203125 2.7118148803710938 0
9100 True 0.3515625 2.708465099334717 0
9200 True 0.15625 2.6296916007995605 0
9300 True 0.203125 2.7215542793273926 0
9400 True 0.0234375 2.730288028717041 0
9500 True 0.2734375 2.661996603012085 0
9600 True 0.3828125 2.6576356887817383 0
9700 True 0.0546875 2.6507701873779297 0
9800 True 0.3125 2.6411819458007812 0
9900 True 0.25 2.680901527404785 0
