0 True 0.4453125 4.847191333770752 0
100 True 0.078125 4.107511758804321 0
200 False 0.0 0.0 0
300 False 0.0 0.0 0
400 False 0.0 0.0 0
500 False 0.0 0.0 0
600 False 0.0 0.0 0
700 True 0.4921875 3.3125157356262207 0
800 True 0.4921875 2.65281081199646 0
900 True 0.4921875 2.7668588161468506 0
1000 False 0.0 0.0 0
1100 True 0.4609375 3.0685653686523438 0
1200 True 0.3515625 4.161925554275513 0
1300 False 0.0 0.0 0
1400 False 0.0 0.0 0
1500 False 0.0 0.0 0
1600 False 0.0 0.0 0
1700 True 0.4921875 2.946929693222046 0
1800 False 0.0 0.0 0
1900 False 0.0 0.0 0
2000 False 0.0 0.0 0
2100 False 0.0 0.0 0
2200 False 0.0 0.0 0
2300 False 0.0 0.0 0
2400 False 0.0 0.0 0
2500 False 0.0 0.0 0
2600 True 0.4921875 2.7724437713623047 0
2700 True 0.3984375 4.054759979248047 0
2800 False 0.0 0.0 0
2900 False 0.0 0.0 0
3000 True 0.3671875 3.058542013168335 0
3100 False 0.0 0.0 0
3200 False 0.0 0.0 0
3300 False 0.0 0.0 0
3400 True 0.3984375 2.6769564151763916 0
3500 False 0.0 0.0 0
3600 False 0.0 0.0 0
3700 False 0.0 0.0 0
3800 False 0.0 0.0 0
3900 True 0.4921875 2.8098204135894775 0
4000 False 0.0 0.0 0
4100 False 0.0 0.0 0
4200 True 0.4609375 2.6977410316467285 0
4300 False 0.0 0.0 0
4400 False 0.0 0.0 0
4500 False 0.0 0.0 0
4600 False 0.0 0.0 0
4700 False 0.0 0.0 0
4800 True 0.3984375 2.710230588912964 0
4900 False 0.0 0.0 0
5000 False 0.0 0.0 0
5100 False 0.0 0.0 0
5200 False 0.0 0.0 0
5300 False 0.0 0.0 0
5400 False 0.0 0.0 0
5500 False 0.0 0.0 0
5600 True 0.3828125 3.1035068035125732 0
5700 False 0.0 0.0 0
5800 False 0.0 0.0 0
5900 False 0.0 0.0 0
6000 False 0.0 0.0 0
6100 False 0.0 0.0 0
6200 False 0.0 0.0 0
6300 False 0.0 0.0 0
6400 True 0.4921875 2.6312873363494873 0
6500 False 0.0 0.0 0
6600 False 0.0 0.0 0
6700 False 0.0 0.0 0
6800 False 0.0 0.0 0
6900 True 0.03125 3.9325215816497803 0
7000 True 0.4921875 2.6803674697875977 0
7100 False 0.0 0.0 0
7200 False 0.0 0.0 0
7300 True 0.46875 3.1213395595550537 0
7400 False 0.0 0.0 0
7500 False 0.0 0.0 0
7600 True 0.4921875 2.6447930335998535 0
7700 False 0.0 0.0 0
7800 False 0.0 0.0 0
7900 False 0.0 0.0 0
8000 False 0.0 0.0 0
8100 True 0.484375 2.648496150970459 0
8200 True 0.4921875 2.621312141418457 0
8300 False 0.0 0.0 0
8400 False 0.0 0.0 0
8500 False 0.0 0.0 0
8600 True 0.4921875 2.769629955291748 0
8700 False 0.0 0.0 0
8800 False 0.0 0.0 0
8900 False 0.0 0.0 0
9000 True 0.3984375 2.6803064346313477 0
9100 False 0.0 0.0 0
9200 True 0.4921875 2.6599748134613037 0
9300 False 0.0 0.0 0
9400 False 0.0 0.0 0
9500 False 0.0 0.0 0
9600 False 0.0 0.0 0
9700 False 0.0 0.0 0
9800 True 0.4921875 2.7187511920928955 0
9900 True 0.4296875 3.5006051063537598 0
