0 True 0.046875 4.734396457672119 0
100 True 0.03125 2.924132823944092 0
200 True 0.0390625 2.6743087768554688 0
300 True 0.0 3.150775909423828 0
400 True 0.0234375 2.844083786010742 0
500 True 0.09375 3.599503993988037 0
600 True 0.0625 3.189297914505005 0
700 True 0.0546875 2.5544848442077637 0
800 True 0.0234375 2.5113272666931152 0
900 True 0.0 2.523289918899536 0
1000 True 0.015625 2.5657575130462646 0
1100 True 0.0546875 2.671560525894165 0
1200 False 0.0 0.0 0
1300 True 0.046875 2.5822763442993164 0
1400 True 0.046875 2.4944205284118652 0
1500 False 0.0 0.0 0
1600 True 0.015625 2.5112977027893066 0
1700 True 0.046875 2.5215044021606445 0
1800 True 0.0 2.5378806591033936 0
1900 True 0.03125 2.5258679389953613 0
2000 True 0.03125 2.5078229904174805 0
2100 True 0.0390625 2.477778911590576 0
2200 True 0.0390625 2.45310640335083 0
2300 True 0.0625 2.506343364715576 0
2400 True 0.03125 2.559788942337036 0
2500 True 0.03125 2.586261749267578 0
2600 True 0.078125 2.9271719455718994 0
2700 True 0.0390625 2.5125443935394287 0
2800 True 0.0390625 2.484848976135254 0
2900 True 0.0234375 2.5436198711395264 0
3000 True 0.03125 2.5608713626861572 0
3100 True 0.0234375 2.492867946624756 0
3200 True 0.046875 2.4682223796844482 0
3300 True 0.0625 2.531890869140625 0
3400 True 0.046875 2.485521078109741 0
3500 True 0.0625 2.4872570037841797 0
3600 True 0.0234375 2.5188870429992676 0
3700 True 0.03125 2.5848848819732666 0
3800 True 0.0390625 2.490116596221924 0
3900 True 0.0390625 2.511573553085327 0
4000 True 0.0 2.5309789180755615 0
4100 True 0.0234375 2.5036685466766357 0
4200 True 0.0390625 2.451734781265259 0
4300 True 0.0078125 2.5277488231658936 0
4400 True 0.015625 2.4931867122650146 0
4500 False 0.0 0.0 0
4600 True 0.109375 2.8983380794525146 0
4700 True 0.0546875 2.513373374938965 0
4800 True 0.0703125 2.480588436126709 0
4900 True 0.015625 2.6203134059906006 0
5000 True 0.1015625 2.528554677963257 0
5100 True 0.03125 2.68207049369812 0
5200 True 0.046875 2.548652172088623 0
5300 True 0.046875 2.529726982116699 0
5400 True 0.0625 2.505232334136963 0
5500 True 0.046875 2.559300184249878 0
5600 False 0.0 0.0 0
5700 True 0.046875 2.4605519771575928 0
5800 True 0.0546875 2.541686773300171 0
5900 True 0.0546875 2.4726431369781494 0
6000 True 0.0234375 2.5113601684570312 0
6100 True 0.078125 2.453230142593384 0
6200 True 0.0703125 2.480344295501709 0
6300 True 0.046875 2.4799232482910156 0
6400 True 0.0 2.472496747970581 0
6500 True 0.0859375 2.4850921630859375 0
6600 True 0.0390625 2.5073015689849854 0
6700 True 0.0234375 2.560148239135742 0
6800 True 0.0625 2.5817506313323975 0
6900 True 0.0390625 2.4969840049743652 0
7000 True 0.046875 2.5165116786956787 0
7100 True 0.0625 2.495619297027588 0
7200 True 0.0390625 2.505704402923584 0
7300 True 0.078125 2.5015716552734375 0
7400 True 0.046875 2.5093345642089844 0
7500 True 0.0625 2.4929916858673096 0
7600 True 0.0546875 2.583324432373047 0
7700 True 0.03125 2.5411224365234375 0
7800 False 0.0 0.0 0
7900 True 0.03125 2.497769594192505 0
8000 True 0.0703125 2.681267023086548 0
8100 True 0.0546875 2.6659162044525146 0
8200 True 0.078125 2.5096733570098877 0
8300 True 0.0546875 2.4636356830596924 0
8400 True 0.0625 2.481003522872925 0
8500 True 0.078125 2.517843008041382 0
8600 True 0.0703125 2.514174222946167 0
8700 True 0.046875 2.540130615234375 0
8800 True 0.1171875 2.5548293590545654 0
8900 True 0.0625 2.540830373764038 0
9000 True 0.0546875 2.492353916168213 0
9100 True 0.109375 2.5319511890411377 0
9200 True 0.0703125 2.5239357948303223 0
9300 True 0.0625 2.4968504905700684 0
9400 True 0.0390625 2.5459604263305664 0
9500 True 0.0390625 2.4497013092041016 0
9600 True 0.046875 2.4750783443450928 0
9700 True 0.015625 2.6070556640625 0
9800 True 0.03125 2.4928157329559326 0
9900 True 0.03125 2.469623327255249 0
