0 True 1 1.2667450904846191 0
100 True 1 0.4041767120361328 0
200 True 1 0.3937497138977051 0
300 True 0 0.4091463088989258 0
400 True 1 0.4036526679992676 0
500 True 1 0.405193567276001 0
600 True 1 0.40450286865234375 0
700 True 1 0.4158768653869629 0
800 True 1 0.41044116020202637 0
900 True 0 0.407825231552124 0
1000 True 0 0.41341662406921387 0
1100 True 1 0.424318790435791 0
1200 False 0 0.0 0
1300 True 1 0.43161702156066895 0
1400 True 1 0.4207127094268799 0
1500 False 0 0.0 0
1600 True 0 0.40994715690612793 0
1700 True 1 0.4200785160064697 0
1800 True 0 0.4224693775177002 0
1900 True 1 0.4038228988647461 0
2000 True 1 0.40665698051452637 0
2100 True 1 0.41848254203796387 0
2200 True 1 0.4158895015716553 0
2300 True 1 0.4138214588165283 0
2400 True 1 0.41097164154052734 0
2500 True 1 0.416884183883667 0
2600 True 1 0.41526365280151367 0
2700 True 1 0.43019580841064453 0
2800 True 1 0.4127991199493408 0
2900 True 1 0.4109766483306885 0
3000 True 1 0.4179232120513916 0
3100 True 1 0.4142341613769531 0
3200 True 1 0.4128398895263672 0
3300 True 1 0.4099864959716797 0
3400 True 1 0.42484426498413086 0
3500 True 1 0.4228663444519043 0
3600 True 1 0.4317784309387207 0
3700 True 1 0.42339634895324707 0
3800 True 1 0.4153432846069336 0
3900 True 1 0.421464204788208 0
4000 True 0 0.40952324867248535 0
4100 True 1 0.42707109451293945 0
4200 True 1 0.41263556480407715 0
4300 True 0 0.45478153228759766 0
4400 True 0 0.46080732345581055 0
4500 False 0 0.0 0
4600 True 1 0.4274861812591553 0
4700 True 1 0.4096944332122803 0
4800 True 1 0.41978001594543457 0
4900 True 0 0.4271519184112549 0
5000 True 1 0.4449748992919922 0
5100 True 1 0.42154741287231445 0
5200 True 1 0.4272313117980957 0
5300 True 1 0.40744495391845703 0
5400 True 1 0.42085981369018555 0
5500 True 1 0.4098536968231201 0
5600 False 0 0.0 0
5700 True 1 0.4155235290527344 0
5800 True 1 0.402571439743042 0
5900 True 1 0.41118764877319336 0
6000 True 1 0.4005446434020996 0
6100 True 1 0.4371774196624756 0
6200 True 1 0.43970799446105957 0
6300 True 1 0.39512205123901367 0
6400 True 0 0.41222143173217773 0
6500 True 1 0.41499996185302734 0
6600 True 1 0.415363073348999 0
6700 True 1 0.41689276695251465 0
6800 True 1 0.4170691967010498 0
6900 True 1 0.41287755966186523 0
7000 True 1 0.41135454177856445 0
7100 True 1 0.41710782051086426 0
7200 True 1 0.4051022529602051 0
7300 True 1 0.4057285785675049 0
7400 True 1 0.39801478385925293 0
7500 True 1 0.40889596939086914 0
7600 True 1 0.42550206184387207 0
7700 True 1 0.41195082664489746 0
7800 False 0 0.0 0
7900 True 1 0.4019014835357666 0
8000 True 1 0.3994476795196533 0
8100 True 1 0.39926600456237793 0
8200 True 1 0.40973973274230957 0
8300 True 1 0.39946436882019043 0
8400 True 1 0.4183957576751709 0
8500 True 1 0.39846038818359375 0
8600 True 1 0.41055774688720703 0
8700 True 1 0.4095730781555176 0
8800 True 1 0.405134916305542 0
8900 True 1 0.41103434562683105 0
9000 True 1 0.4500582218170166 0
9100 True 1 0.44506072998046875 0
9200 True 1 0.4190182685852051 0
9300 True 1 0.40360164642333984 0
9400 True 1 0.41611528396606445 0
9500 True 1 0.42426156997680664 0
9600 True 1 0.418071985244751 0
9700 True 1 0.40361618995666504 0
9800 True 1 0.3901183605194092 0
9900 True 1 0.39696812629699707 0
