0 True 0.078125 0.06410670280456543 0
100 True 0.0390625 0.03362917900085449 0
200 True 0.0859375 0.06955432891845703 0
300 False 0.0 0.0 0
400 True 0.046875 0.05846428871154785 0
500 True 0.1015625 0.05388164520263672 0
600 True 0.0625 0.03124547004699707 0
700 True 0.0625 0.03154182434082031 0
800 True 0.0078125 0.030640602111816406 0
900 True 0.0234375 0.029407978057861328 0
1000 True 0.0625 0.031141996383666992 0
1100 True 0.09375 0.05346965789794922 0
1200 False 0.0 0.0 0
1300 True 0.046875 0.04454445838928223 0
1400 True 0.0859375 0.03032541275024414 0
1500 False 0.0 0.0 0
1600 True 0.0390625 0.031165599822998047 0
1700 True 0.0546875 0.030571699142456055 0
1800 False 0.0 0.0 0
1900 True 0.0625 0.030377864837646484 0
2000 True 0.0546875 0.03107476234436035 0
2100 True 0.0703125 0.030363798141479492 0
2200 True 0.0234375 0.05437636375427246 0
2300 True 0.0078125 0.03132939338684082 0
2400 True 0.03125 0.02982640266418457 0
2500 True 0.0 0.03206300735473633 0
2600 True 0.0703125 0.032608747482299805 0
2700 True 0.0546875 0.03151369094848633 0
2800 True 0.0625 0.029294490814208984 0
2900 True 0.046875 0.033353328704833984 0
3000 True 0.0390625 0.033922672271728516 0
3100 True 0.0390625 0.030261754989624023 0
3200 True 0.09375 0.03057861328125 0
3300 True 0.046875 0.03242921829223633 0
3400 True 0.078125 0.03425240516662598 0
3500 True 0.078125 0.031033039093017578 0
3600 True 0.0390625 0.030731916427612305 0
3700 True 0.0703125 0.03340554237365723 0
3800 True 0.0390625 0.030310630798339844 0
3900 True 0.078125 0.03200387954711914 0
4000 False 0.0 0.0 0
4100 True 0.0703125 0.03129005432128906 0
4200 True 0.0703125 0.05432248115539551 0
4300 False 0.0 0.0 0
4400 True 0.0390625 0.029632091522216797 0
4500 False 0.0 0.0 0
4600 True 0.109375 0.033243417739868164 0
4700 True 0.0625 0.033115386962890625 0
4800 True 0.09375 0.03986167907714844 0
4900 True 0.0546875 0.04736781120300293 0
5000 True 0.078125 0.029755353927612305 0
5100 True 0.0078125 0.0465700626373291 0
5200 True 0.046875 0.031039714813232422 0
5300 True 0.078125 0.02971673011779785 0
5400 True 0.0859375 0.030761003494262695 0
5500 True 0.0703125 0.02944636344909668 0
5600 True 0.0 0.030063867568969727 0
5700 True 0.078125 0.031210660934448242 0
5800 True 0.0546875 0.0460050106048584 0
5900 True 0.0703125 0.031225204467773438 0
6000 True 0.015625 0.0301663875579834 0
6100 True 0.09375 0.03209996223449707 0
6200 True 0.0625 0.03501558303833008 0
6300 True 0.078125 0.032132863998413086 0
6400 True 0.0 0.030009031295776367 0
6500 True 0.09375 0.0304415225982666 0
6600 True 0.0390625 0.02990126609802246 0
6700 True 0.0390625 0.046677589416503906 0
6800 True 0.0390625 0.030520915985107422 0
6900 True 0.0546875 0.03016185760498047 0
7000 True 0.0625 0.029012680053710938 0
7100 True 0.0703125 0.031889915466308594 0
7200 True 0.0625 0.03029346466064453 0
7300 True 0.0859375 0.02934575080871582 0
7400 True 0.0546875 0.03652524948120117 0
7500 True 0.03125 0.029336929321289062 0
7600 True 0.0703125 0.03442549705505371 0
7700 True 0.046875 0.03291821479797363 0
7800 False 0.0 0.0 0
7900 True 0.0703125 0.029524564743041992 0
8000 True 0.0859375 0.03115248680114746 0
8100 True 0.0703125 0.04725933074951172 0
8200 True 0.09375 0.02972722053527832 0
8300 True 0.078125 0.031117677688598633 0
8400 True 0.078125 0.030069589614868164 0
8500 True 0.1015625 0.03022146224975586 0
8600 True 0.0703125 0.030652284622192383 0
8700 True 0.0859375 0.031211376190185547 0
8800 True 0.125 0.04532003402709961 0
8900 True 0.0859375 0.03177785873413086 0
9000 True 0.078125 0.031591176986694336 0
9100 True 0.1015625 0.030447006225585938 0
9200 True 0.0703125 0.029543399810791016 0
9300 True 0.0703125 0.031850576400756836 0
9400 True 0.0390625 0.030089378356933594 0
9500 True 0.0703125 0.030278444290161133 0
9600 True 0.0625 0.03399252891540527 0
9700 True 0.0 0.030606746673583984 0
9800 True 0.015625 0.02883744239807129 0
9900 True 0.046875 0.03078460693359375 0
