0 True 0.125 0.06264853477478027 0
100 True 0.046875 0.03256654739379883 0
200 False 0.0 0.0 0
300 False 0.0 0.0 0
400 True 0.0390625 0.04500412940979004 0
500 True 0.1171875 0.04392695426940918 0
600 True 0.109375 0.04362034797668457 0
700 True 0.0625 0.0435335636138916 0
800 True 0.0546875 0.043541908264160156 0
900 True 0.0390625 0.03267812728881836 0
1000 True 0.015625 0.04383134841918945 0
1100 True 0.1328125 0.0329585075378418 0
1200 False 0.0 0.0 0
1300 True 0.0703125 0.044153690338134766 0
1400 True 0.109375 0.04674696922302246 0
1500 False 0.0 0.0 0
1600 False 0.0 0.0 0
1700 True 0.0703125 0.04369544982910156 0
1800 True 0.03125 0.043845415115356445 0
1900 True 0.0546875 0.05104231834411621 0
2000 True 0.0625 0.04639101028442383 0
2100 True 0.0703125 0.029651641845703125 0
2200 True 0.03125 0.04545760154724121 0
2300 False 0.0 0.0 0
2400 True 0.0390625 0.04433727264404297 0
2500 True 0.0625 0.030210018157958984 0
2600 True 0.1015625 0.029114484786987305 0
2700 True 0.09375 0.0467982292175293 0
2800 True 0.0703125 0.03110790252685547 0
2900 True 0.0 0.03117537498474121 0
3000 True 0.0703125 0.030353546142578125 0
3100 True 0.078125 0.03062891960144043 0
3200 True 0.1328125 0.032738685607910156 0
3300 True 0.0390625 0.03323698043823242 0
3400 True 0.1328125 0.04241490364074707 0
3500 True 0.171875 0.029524564743041992 0
3600 False 0.0 0.0 0
3700 True 0.125 0.04073023796081543 0
3800 True 0.015625 0.0362701416015625 0
3900 True 0.1015625 0.0360107421875 0
4000 True 0.0703125 0.060176849365234375 0
4100 True 0.0859375 0.04012036323547363 0
4200 True 0.109375 0.03469133377075195 0
4300 True 0.015625 0.045233726501464844 0
4400 True 0.046875 0.0440211296081543 0
4500 True 0.0234375 0.04477524757385254 0
4600 True 0.140625 0.047469377517700195 0
4700 True 0.1171875 0.039830923080444336 0
4800 True 0.140625 0.044379234313964844 0
4900 True 0.046875 0.04552054405212402 0
5000 True 0.0703125 0.04628777503967285 0
5100 False 0.0 0.0 0
5200 True 0.109375 0.03264737129211426 0
5300 True 0.078125 0.0305025577545166 0
5400 True 0.0703125 0.03968405723571777 0
5500 True 0.1171875 0.035703182220458984 0
5600 False 0.0 0.0 0
5700 True 0.125 0.04117870330810547 0
5800 True 0.0546875 0.04433155059814453 0
5900 True 0.0234375 0.028956174850463867 0
6000 True 0.0078125 0.04428911209106445 0
6100 True 0.140625 0.04290318489074707 0
6200 True 0.1484375 0.03142285346984863 0
6300 True 0.109375 0.03098273277282715 0
6400 True 0.0703125 0.05179858207702637 0
6500 True 0.109375 0.04479527473449707 0
6600 True 0.0546875 0.045035600662231445 0
6700 True 0.0234375 0.0525209903717041 0
6800 True 0.0234375 0.05540800094604492 0
6900 True 0.0703125 0.03043842315673828 0
7000 True 0.0859375 0.044408559799194336 0
7100 True 0.1015625 0.0455474853515625 0
7200 False 0.0 0.0 0
7300 True 0.0390625 0.043138742446899414 0
7400 True 0.0390625 0.03169059753417969 0
7500 True 0.09375 0.04453539848327637 0
7600 True 0.09375 0.044111013412475586 0
7700 True 0.0859375 0.04723978042602539 0
7800 False 0.0 0.0 0
7900 True 0.0546875 0.031781911849975586 0
8000 True 0.125 0.045011043548583984 0
8100 True 0.078125 0.030394315719604492 0
8200 True 0.1484375 0.04389667510986328 0
8300 True 0.109375 0.03013896942138672 0
8400 True 0.125 0.04216408729553223 0
8500 True 0.1640625 0.02953958511352539 0
8600 True 0.09375 0.02964472770690918 0
8700 True 0.09375 0.04349637031555176 0
8800 True 0.109375 0.04162287712097168 0
8900 True 0.125 0.04212164878845215 0
9000 True 0.140625 0.04350161552429199 0
9100 True 0.078125 0.03080272674560547 0
9200 True 0.09375 0.029690027236938477 0
9300 True 0.109375 0.038489341735839844 0
9400 True 0.0859375 0.051371097564697266 0
9500 True 0.140625 0.04341292381286621 0
9600 False 0.0 0.0 0
9700 True 0.03125 0.029114723205566406 0
9800 True 0.0859375 0.04571795463562012 0
9900 True 0.078125 0.02953505516052246 0
