0 True 1 0.044002532958984375 0
100 True 0 0.005659818649291992 0
200 False 0 0.0 0
300 False 0 0.0 0
400 True 0 0.006090879440307617 0
500 True 1 0.0057713985443115234 0
600 True 1 0.0050508975982666016 0
700 True 0 0.007746458053588867 0
800 True 0 0.005609989166259766 0
900 True 0 0.005341529846191406 0
1000 True 0 0.00534510612487793 0
1100 True 1 0.006102800369262695 0
1200 False 0 0.0 0
1300 True 0 0.006288290023803711 0
1400 True 1 0.006374359130859375 0
1500 False 0 0.0 0
1600 False 0 0.0 0
1700 True 0 0.006422519683837891 0
1800 True 0 0.005021572113037109 0
1900 True 0 0.005158901214599609 0
2000 True 0 0.0050585269927978516 0
2100 True 0 0.005198240280151367 0
2200 True 0 0.005186557769775391 0
2300 False 0 0.0 0
2400 True 0 0.00628972053527832 0
2500 True 0 0.00648808479309082 0
2600 True 1 0.0066068172454833984 0
2700 True 0 0.0061054229736328125 0
2800 True 0 0.005112171173095703 0
2900 True 0 0.004991292953491211 0
3000 True 0 0.006456136703491211 0
3100 True 0 0.005578279495239258 0
3200 True 1 0.005717039108276367 0
3300 True 0 0.009001731872558594 0
3400 True 1 0.008796453475952148 0
3500 True 1 0.0063898563385009766 0
3600 False 0 0.0 0
3700 True 1 0.0066912174224853516 0
3800 True 0 0.005374908447265625 0
3900 True 1 0.006351470947265625 0
4000 True 0 0.0063838958740234375 0
4100 True 0 0.0067138671875 0
4200 True 1 0.014313936233520508 0
4300 True 0 0.0068607330322265625 0
4400 True 0 0.0063021183013916016 0
4500 True 0 0.0061185359954833984 0
4600 True 1 0.00722813606262207 0
4700 True 1 0.008504152297973633 0
4800 True 1 0.005529642105102539 0
4900 True 0 0.007233142852783203 0
5000 True 0 0.007021427154541016 0
5100 False 0 0.0 0
5200 True 1 0.005447864532470703 0
5300 True 0 0.006392240524291992 0
5400 True 0 0.007375001907348633 0
5500 True 1 0.0053441524505615234 0
5600 False 0 0.0 0
5700 True 1 0.006549835205078125 0
5800 True 0 0.013227462768554688 0
5900 True 0 0.012989044189453125 0
6000 True 0 0.005431413650512695 0
6100 True 1 0.03564929962158203 0
6200 True 1 0.0064618587493896484 0
6300 True 1 0.006556987762451172 0
6400 True 0 0.013532876968383789 0
6500 True 1 0.006292819976806641 0
6600 True 0 0.006829738616943359 0
6700 True 0 0.0067594051361083984 0
6800 True 0 0.006855964660644531 0
6900 True 0 0.0066068172454833984 0
7000 True 0 0.006690263748168945 0
7100 True 1 0.006513118743896484 0
7200 False 0 0.0 0
7300 True 0 0.006531476974487305 0
7400 True 0 0.006863832473754883 0
7500 True 1 0.006814479827880859 0
7600 True 0 0.006381034851074219 0
7700 True 0 0.0068433284759521484 0
7800 False 0 0.0 0
7900 True 0 0.006456136703491211 0
8000 True 1 0.006909847259521484 0
8100 True 0 0.007551431655883789 0
8200 True 1 0.0069561004638671875 0
8300 True 1 0.005507230758666992 0
8400 True 1 0.0052454471588134766 0
8500 True 1 0.0074367523193359375 0
8600 True 0 0.006877899169921875 0
8700 True 1 0.006543159484863281 0
8800 True 1 0.0065958499908447266 0
8900 True 1 0.006644725799560547 0
9000 True 1 0.006790637969970703 0
9100 True 0 0.007181882858276367 0
9200 True 0 0.005704402923583984 0
9300 True 1 0.009154796600341797 0
9400 True 0 0.009305715560913086 0
9500 True 1 0.0076067447662353516 0
9600 False 0 0.0 0
9700 True 0 0.0061223506927490234 0
9800 True 0 0.006605863571166992 0
9900 True 0 0.009032011032104492 0
