0 True 1 2.0351412296295166 0
100 True 1 0.00807332992553711 0
200 True 1 0.006584644317626953 0
300 False 0 0.0 0
400 True 0 0.006410121917724609 0
500 True 1 0.006003618240356445 0
600 True 1 0.005918025970458984 0
700 True 1 0.006850481033325195 0
800 True 0 0.0074503421783447266 0
900 True 0 0.014898300170898438 0
1000 True 0 0.006926536560058594 0
1100 True 1 0.00722813606262207 0
1200 False 0 0.0 0
1300 True 0 0.006143808364868164 0
1400 True 1 0.0063478946685791016 0
1500 False 0 0.0 0
1600 True 0 0.006371736526489258 0
1700 True 1 0.006670951843261719 0
1800 False 0 0.0 0
1900 True 0 0.007689237594604492 0
2000 True 1 0.006820201873779297 0
2100 True 1 0.006733417510986328 0
2200 True 1 0.0066509246826171875 0
2300 True 0 0.005974531173706055 0
2400 True 1 0.012354850769042969 0
2500 True 0 0.006989717483520508 0
2600 True 1 0.006379842758178711 0
2700 True 1 0.009348869323730469 0
2800 True 1 0.006151437759399414 0
2900 True 1 0.005552530288696289 0
3000 True 1 0.005386829376220703 0
3100 True 0 0.0052874088287353516 0
3200 True 1 0.0055119991302490234 0
3300 True 1 0.005792856216430664 0
3400 True 1 0.005241870880126953 0
3500 True 1 0.0072591304779052734 0
3600 True 0 0.005771160125732422 0
3700 True 1 0.007235288619995117 0
3800 True 0 0.005768775939941406 0
3900 True 1 0.00823974609375 0
4000 False 0 0.0 0
4100 True 0 0.00556635856628418 0
4200 True 1 0.006628513336181641 0
4300 False 0 0.0 0
4400 True 0 0.008573770523071289 0
4500 False 0 0.0 0
4600 True 1 0.005897998809814453 0
4700 True 1 0.007932662963867188 0
4800 True 1 0.005717039108276367 0
4900 True 1 0.006085872650146484 0
5000 True 0 0.006999969482421875 0
5100 True 0 0.005853176116943359 0
5200 True 1 0.007685422897338867 0
5300 True 1 0.005949735641479492 0
5400 True 1 0.005712032318115234 0
5500 True 1 0.00568842887878418 0
5600 False 0 0.0 0
5700 True 1 0.005722761154174805 0
5800 True 1 0.006144046783447266 0
5900 True 1 0.0056340694427490234 0
6000 True 1 0.008042335510253906 0
6100 True 1 0.00791025161743164 0
6200 True 1 0.005980730056762695 0
6300 True 1 0.005948305130004883 0
6400 False 0 0.0 0
6500 True 1 0.005553245544433594 0
6600 True 0 0.005873918533325195 0
6700 True 0 0.006658315658569336 0
6800 True 1 0.006844043731689453 0
6900 True 1 0.007032871246337891 0
7000 True 1 0.005821943283081055 0
7100 True 1 0.005811452865600586 0
7200 True 0 0.006026506423950195 0
7300 True 1 0.0055866241455078125 0
7400 True 1 0.006246328353881836 0
7500 True 1 0.007037162780761719 0
7600 True 1 0.00561070442199707 0
7700 True 1 0.005648612976074219 0
7800 False 0 0.0 0
7900 True 0 0.005831718444824219 0
8000 True 1 0.011852025985717773 0
8100 True 1 0.0073909759521484375 0
8200 True 1 0.0061070919036865234 0
8300 True 1 0.005385160446166992 0
8400 True 1 0.00572657585144043 0
8500 True 1 0.008128643035888672 0
8600 True 1 0.00574040412902832 0
8700 True 1 0.006785392761230469 0
8800 True 1 0.006781339645385742 0
8900 True 1 0.0051839351654052734 0
9000 True 1 0.007063627243041992 0
9100 True 1 0.005567073822021484 0
9200 True 1 0.010921478271484375 0
9300 True 1 0.0063610076904296875 0
9400 True 1 0.005448818206787109 0
9500 True 1 0.005715131759643555 0
9600 True 1 0.005828142166137695 0
9700 False 0 0.0 0
9800 True 0 0.005364179611206055 0
9900 True 1 0.005324602127075195 0
