0 True 0.03125 0.06378388404846191 0
100 True 0.015625 0.03214430809020996 0
200 True 0.0390625 0.0328214168548584 0
300 False 0.0 0.0 0
400 True 0.015625 0.032440900802612305 0
500 True 0.0546875 0.05290937423706055 0
600 True 0.0234375 0.031232833862304688 0
700 True 0.0234375 0.03129839897155762 0
800 True 0.0 0.029693126678466797 0
900 True 0.0078125 0.029761791229248047 0
1000 True 0.0078125 0.029831886291503906 0
1100 True 0.046875 0.030048131942749023 0
1200 False 0.0 0.0 0
1300 True 0.015625 0.03443145751953125 0
1400 True 0.03125 0.046276092529296875 0
1500 False 0.0 0.0 0
1600 True 0.015625 0.02979755401611328 0
1700 True 0.03125 0.04410839080810547 0
1800 False 0.0 0.0 0
1900 True 0.0078125 0.02949833869934082 0
2000 True 0.015625 0.04422879219055176 0
2100 True 0.0234375 0.04519391059875488 0
2200 True 0.0234375 0.02987980842590332 0
2300 True 0.0078125 0.044966697692871094 0
2400 True 0.015625 0.04407501220703125 0
2500 True 0.0 0.0430757999420166 0
2600 True 0.0390625 0.04531598091125488 0
2700 True 0.0234375 0.04419898986816406 0
2800 True 0.03125 0.049024343490600586 0
2900 True 0.0234375 0.02903008460998535 0
3000 True 0.0234375 0.044028520584106445 0
3100 True 0.0078125 0.02989506721496582 0
3200 True 0.0390625 0.044193267822265625 0
3300 True 0.0234375 0.043743133544921875 0
3400 True 0.03125 0.04418754577636719 0
3500 True 0.0390625 0.040810346603393555 0
3600 True 0.015625 0.045223236083984375 0
3700 True 0.03125 0.029884815216064453 0
3800 True 0.015625 0.02949237823486328 0
3900 True 0.03125 0.03342080116271973 0
4000 False 0.0 0.0 0
4100 True 0.0078125 0.030653953552246094 0
4200 True 0.015625 0.03380632400512695 0
4300 False 0.0 0.0 0
4400 True 0.0 0.03025960922241211 0
4500 False 0.0 0.0 0
4600 True 0.0390625 0.0301055908203125 0
4700 True 0.0234375 0.031165599822998047 0
4800 True 0.0390625 0.030057668685913086 0
4900 True 0.0234375 0.04621243476867676 0
5000 True 0.015625 0.03140616416931152 0
5100 True 0.0 0.0783853530883789 0
5200 True 0.015625 0.030504226684570312 0
5300 True 0.03125 0.03278207778930664 0
5400 True 0.0390625 0.04868721961975098 0
5500 True 0.03125 0.031246662139892578 0
5600 False 0.0 0.0 0
5700 True 0.0234375 0.03119635581970215 0
5800 True 0.03125 0.0306851863861084 0
5900 True 0.0390625 0.032901763916015625 0
6000 True 0.015625 0.03270363807678223 0
6100 True 0.0625 0.030214786529541016 0
6200 True 0.03125 0.03129386901855469 0
6300 True 0.0234375 0.0296933650970459 0
6400 False 0.0 0.0 0
6500 True 0.0390625 0.05023527145385742 0
6600 True 0.0078125 0.031260013580322266 0
6700 True 0.0 0.03114008903503418 0
6800 True 0.0390625 0.046439170837402344 0
6900 True 0.0234375 0.03095841407775879 0
7000 True 0.0234375 0.030184268951416016 0
7100 True 0.0390625 0.02988123893737793 0
7200 True 0.015625 0.029963254928588867 0
7300 True 0.0390625 0.03086996078491211 0
7400 True 0.03125 0.030696868896484375 0
7500 True 0.03125 0.03072190284729004 0
7600 True 0.0234375 0.04399442672729492 0
7700 True 0.0234375 0.04566526412963867 0
7800 False 0.0 0.0 0
7900 True 0.0 0.030263662338256836 0
8000 True 0.0546875 0.0350799560546875 0
8100 True 0.03125 0.04571342468261719 0
8200 True 0.046875 0.044389963150024414 0
8300 True 0.0390625 0.03208136558532715 0
8400 True 0.0390625 0.03059244155883789 0
8500 True 0.046875 0.04421496391296387 0
8600 True 0.03125 0.02954411506652832 0
8700 True 0.0234375 0.03020310401916504 0
8800 True 0.046875 0.029166460037231445 0
8900 True 0.03125 0.029941558837890625 0
9000 True 0.046875 0.03597879409790039 0
9100 True 0.0390625 0.029708147048950195 0
9200 True 0.0234375 0.04592013359069824 0
9300 True 0.03125 0.030138015747070312 0
9400 True 0.0234375 0.03147435188293457 0
9500 True 0.0234375 0.031548500061035156 0
9600 True 0.0390625 0.031087160110473633 0
9700 False 0.0 0.0 0
9800 True 0.015625 0.02945542335510254 0
9900 True 0.0234375 0.03827834129333496 0
