0 True 0 0.0590362548828125 0
100 True 0 0.031165361404418945 0
200 True 0 0.02976226806640625 0
300 True 0 0.02977156639099121 0
400 True 0 0.0294039249420166 0
500 True 0 0.01833820343017578 0
600 True 0 0.037656307220458984 0
700 True 0 0.03161740303039551 0
800 True 0 0.021331787109375 0
900 True 0 0.02597355842590332 0
1000 True 0 0.019945859909057617 0
1100 True 0 0.022027969360351562 0
1200 True 0 0.021843433380126953 0
1300 True 0 0.019339323043823242 0
1400 True 0 0.019643306732177734 0
1500 False 0 0.0 0
1600 True 0 0.01893925666809082 0
1700 True 0 0.03401827812194824 0
1800 True 0 0.0220947265625 0
1900 True 0 0.020187854766845703 0
2000 True 0 0.031160593032836914 0
2100 True 0 0.03831672668457031 0
2200 True 0 0.019585132598876953 0
2300 True 0 0.03017115592956543 0
2400 True 0 0.0185699462890625 0
2500 True 0 0.019878625869750977 0
2600 True 0 0.019005537033081055 0
2700 True 0 0.018466949462890625 0
2800 True 0 0.019640207290649414 0
2900 True 0 0.019128799438476562 0
3000 True 0 0.018525362014770508 0
3100 True 0 0.018532752990722656 0
3200 True 0 0.018310070037841797 0
3300 True 0 0.02102518081665039 0
3400 True 0 0.019761085510253906 0
3500 True 0 0.030285358428955078 0
3600 True 0 0.029604196548461914 0
3700 True 0 0.018162012100219727 0
3800 True 0 0.02952742576599121 0
3900 True 0 0.02936720848083496 0
4000 True 0 0.029587268829345703 0
4100 True 0 0.029639005661010742 0
4200 True 0 0.019444942474365234 0
4300 False 0 0.0 0
4400 True 0 0.03191018104553223 0
4500 False 0 0.0 0
4600 True 0 0.02972102165222168 0
4700 True 0 0.02974414825439453 0
4800 True 0 0.029650211334228516 0
4900 True 0 0.022005319595336914 0
5000 True 0 0.018972396850585938 0
5100 True 0 0.029668569564819336 0
5200 True 0 0.02974843978881836 0
5300 True 0 0.029508113861083984 0
5400 True 0 0.031095027923583984 0
5500 True 0 0.03456997871398926 0
5600 True 0 0.031244993209838867 0
5700 True 0 0.029478788375854492 0
5800 True 0 0.04201340675354004 0
5900 True 0 0.030088186264038086 0
6000 True 0 0.018194913864135742 0
6100 True 0 0.01821732521057129 0
6200 True 0 0.031653642654418945 0
6300 True 0 0.030313730239868164 0
6400 True 0 0.02981710433959961 0
6500 True 0 0.029549598693847656 0
6600 True 0 0.030049562454223633 0
6700 True 0 0.019252777099609375 0
6800 True 0 0.03873777389526367 0
6900 True 0 0.02968621253967285 0
7000 True 0 0.029825210571289062 0
7100 True 0 0.018227100372314453 0
7200 True 0 0.029917478561401367 0
7300 True 0 0.031128883361816406 0
7400 True 0 0.030188798904418945 0
7500 True 0 0.029744863510131836 0
7600 True 0 0.019264936447143555 0
7700 True 0 0.01982569694519043 0
7800 True 0 0.029603958129882812 0
7900 True 0 0.018055200576782227 0
8000 True 0 0.017856597900390625 0
8100 True 0 0.029680967330932617 0
8200 True 0 0.029510021209716797 0
8300 True 0 0.029596567153930664 0
8400 True 0 0.030422449111938477 0
8500 True 0 0.02918219566345215 0
8600 True 0 0.029498815536499023 0
8700 True 0 0.02983236312866211 0
8800 True 0 0.029573917388916016 0
8900 True 0 0.029483795166015625 0
9000 True 0 0.029376745223999023 0
9100 True 0 0.034017324447631836 0
9200 True 0 0.018379926681518555 0
9300 True 0 0.030313491821289062 0
9400 True 0 0.0297391414642334 0
9500 True 0 0.03017401695251465 0
9600 True 0 0.01837468147277832 0
9700 True 0 0.03353381156921387 0
9800 True 0 0.0312347412109375 0
9900 True 0 0.01930093765258789 0
