0 True 0.046875 0.2603433132171631 0
100 True 0.03125 0.18005037307739258 0
200 True 0.0546875 0.17771673202514648 0
300 False 0.0 0.0 0
400 True 0.046875 0.1891331672668457 0
500 True 0.0703125 0.1063535213470459 0
600 True 0.046875 0.18021035194396973 0
700 True 0.046875 0.10525631904602051 0
800 False 0.0 0.0 0
900 True 0.03125 0.19486737251281738 0
1000 True 0.03125 0.18009614944458008 0
1100 True 0.0703125 0.11251354217529297 0
1200 False 0.0 0.0 0
1300 True 0.03125 0.11354660987854004 0
1400 True 0.0625 0.10864567756652832 0
1500 False 0.0 0.0 0
1600 True 0.0390625 0.10885167121887207 0
1700 True 0.046875 0.182297945022583 0
1800 True 0.0234375 0.11097025871276855 0
1900 True 0.0546875 0.1151113510131836 0
2000 True 0.0390625 0.18143963813781738 0
2100 True 0.0390625 0.11829304695129395 0
2200 True 0.0 0.18057513236999512 0
2300 True 0.03125 0.18040800094604492 0
2400 False 0.0 0.0 0
2500 False 0.0 0.0 0
2600 True 0.0546875 0.11018776893615723 0
2700 True 0.0390625 0.18290305137634277 0
2800 True 0.0390625 0.1125638484954834 0
2900 True 0.0 0.17919659614562988 0
3000 True 0.046875 0.11032414436340332 0
3100 True 0.0078125 0.17940759658813477 0
3200 True 0.0546875 0.12357497215270996 0
3300 True 0.015625 0.1092219352722168 0
3400 True 0.0546875 0.1813945770263672 0
3500 True 0.0703125 0.19041681289672852 0
3600 True 0.0390625 0.1647036075592041 0
3700 True 0.0625 0.2056267261505127 0
3800 True 0.0234375 0.17963480949401855 0
3900 True 0.0546875 0.10572552680969238 0
4000 False 0.0 0.0 0
4100 True 0.046875 0.1065514087677002 0
4200 True 0.046875 0.18899917602539062 0
4300 False 0.0 0.0 0
4400 True 0.03125 0.18119335174560547 0
4500 False 0.0 0.0 0
4600 True 0.0546875 0.1891307830810547 0
4700 True 0.03125 0.11843657493591309 0
4800 True 0.0546875 0.18074631690979004 0
4900 True 0.0078125 0.179396390914917 0
5000 True 0.046875 0.1892683506011963 0
5100 False 0.0 0.0 0
5200 True 0.046875 0.18482303619384766 0
5300 True 0.046875 0.18207526206970215 0
5400 True 0.046875 0.16324186325073242 0
5500 True 0.0625 0.23270058631896973 0
5600 True 0.03125 0.1830921173095703 0
5700 True 0.0546875 0.1794297695159912 0
5800 True 0.0390625 0.23138809204101562 0
5900 True 0.0546875 0.181473970413208 0
6000 True 0.015625 0.2312631607055664 0
6100 True 0.0703125 0.1807403564453125 0
6200 True 0.0390625 0.17980051040649414 0
6300 True 0.0546875 0.18021869659423828 0
6400 True 0.015625 0.17930817604064941 0
6500 True 0.0546875 0.17921161651611328 0
6600 True 0.0234375 0.1799004077911377 0
6700 True 0.0 0.17908930778503418 0
6800 True 0.015625 0.18066811561584473 0
6900 True 0.0390625 0.17988061904907227 0
7000 True 0.0390625 0.1817493438720703 0
7100 True 0.03125 0.18705272674560547 0
7200 True 0.0390625 0.17992734909057617 0
7300 True 0.0546875 0.18069815635681152 0
7400 True 0.046875 0.20546722412109375 0
7500 True 0.015625 0.18539190292358398 0
7600 True 0.0546875 0.23216676712036133 0
7700 True 0.015625 0.12902545928955078 0
7800 False 0.0 0.0 0
7900 True 0.0546875 0.1819627285003662 0
8000 True 0.0390625 0.1793370246887207 0
8100 True 0.0546875 0.17048144340515137 0
8200 True 0.0625 0.21791410446166992 0
8300 True 0.0625 0.18333172798156738 0
8400 True 0.0625 0.1875770092010498 0
8500 True 0.078125 0.18105816841125488 0
8600 True 0.0546875 0.18483638763427734 0
8700 True 0.046875 0.1125345230102539 0
8800 True 0.0859375 0.10919356346130371 0
8900 True 0.0546875 0.12234616279602051 0
9000 True 0.0546875 0.18233966827392578 0
9100 True 0.0625 0.10976362228393555 0
9200 True 0.046875 0.11385869979858398 0
9300 True 0.046875 0.18222475051879883 0
9400 True 0.03125 0.1093301773071289 0
9500 True 0.03125 0.18869590759277344 0
9600 True 0.03125 0.17992854118347168 0
9700 False 0.0 0.0 0
9800 True 0.046875 0.1802351474761963 0
9900 True 0.03125 0.18082523345947266 0
