0 True 1 0.056528568267822266 0
100 True 0 0.01843571662902832 0
200 True 0 0.01763296127319336 0
300 True 0 0.017966270446777344 0
400 True 0 0.01790142059326172 0
500 True 1 0.01775193214416504 0
600 True 0 0.017663955688476562 0
700 True 0 0.017934322357177734 0
800 True 0 0.017622947692871094 0
900 True 0 0.017838478088378906 0
1000 True 0 0.01790785789489746 0
1100 True 1 0.017556190490722656 0
1200 True 0 0.01822972297668457 0
1300 True 0 0.017876386642456055 0
1400 True 1 0.017832040786743164 0
1500 False 0 0.0 0
1600 True 0 0.02062249183654785 0
1700 True 0 0.017778873443603516 0
1800 True 0 0.017944812774658203 0
1900 True 0 0.017876863479614258 0
2000 True 0 0.018011808395385742 0
2100 True 1 0.02989649772644043 0
2200 True 0 0.02971959114074707 0
2300 True 0 0.017815828323364258 0
2400 True 0 0.018256664276123047 0
2500 True 0 0.018294095993041992 0
2600 True 1 0.037489891052246094 0
2700 True 1 0.03758120536804199 0
2800 True 0 0.01912069320678711 0
2900 True 0 0.03808736801147461 0
3000 True 0 0.029193639755249023 0
3100 True 0 0.02947854995727539 0
3200 True 1 0.029195547103881836 0
3300 True 0 0.030777692794799805 0
3400 True 1 0.01818680763244629 0
3500 True 1 0.02906942367553711 0
3600 True 0 0.030024051666259766 0
3700 True 1 0.02887415885925293 0
3800 True 0 0.02922987937927246 0
3900 True 0 0.029391765594482422 0
4000 True 0 0.030518770217895508 0
4100 True 1 0.018269777297973633 0
4200 True 1 0.030022621154785156 0
4300 True 0 0.029062509536743164 0
4400 True 0 0.018047809600830078 0
4500 False 0 0.0 0
4600 True 1 0.03861713409423828 0
4700 True 1 0.029860496520996094 0
4800 True 1 0.017961502075195312 0
4900 True 0 0.0178987979888916 0
5000 True 0 0.038297176361083984 0
5100 True 0 0.029665708541870117 0
5200 True 0 0.01772451400756836 0
5300 True 1 0.029953479766845703 0
5400 True 1 0.02231454849243164 0
5500 True 1 0.0391690731048584 0
5600 True 0 0.029163837432861328 0
5700 True 0 0.017707109451293945 0
5800 True 0 0.020220518112182617 0
5900 True 1 0.03739523887634277 0
6000 True 0 0.03704071044921875 0
6100 True 1 0.03726768493652344 0
6200 True 1 0.02031087875366211 0
6300 True 1 0.02919793128967285 0
6400 True 0 0.01745772361755371 0
6500 True 0 0.018049955368041992 0
6600 True 0 0.01880645751953125 0
6700 True 0 0.01810145378112793 0
6800 True 0 0.03775668144226074 0
6900 True 0 0.018848896026611328 0
7000 True 0 0.0177767276763916 0
7100 True 1 0.017938613891601562 0
7200 True 0 0.017440080642700195 0
7300 True 1 0.029052019119262695 0
7400 True 0 0.028830766677856445 0
7500 True 0 0.0292971134185791 0
7600 True 0 0.02889227867126465 0
7700 True 0 0.029383182525634766 0
7800 False 0 0.0 0
7900 True 0 0.02906489372253418 0
8000 True 0 0.029080629348754883 0
8100 True 0 0.028753995895385742 0
8200 True 0 0.01779794692993164 0
8300 True 1 0.02893805503845215 0
8400 True 1 0.029657840728759766 0
8500 True 1 0.029230117797851562 0
8600 True 0 0.02924823760986328 0
8700 True 1 0.017847537994384766 0
8800 True 1 0.01767420768737793 0
8900 True 1 0.01776862144470215 0
9000 True 1 0.018037080764770508 0
9100 True 1 0.017940759658813477 0
9200 True 0 0.017843008041381836 0
9300 True 1 0.0176393985748291 0
9400 True 0 0.017632007598876953 0
9500 True 1 0.017720460891723633 0
9600 True 1 0.017904043197631836 0
9700 True 0 0.02939748764038086 0
9800 True 0 0.02923893928527832 0
9900 True 0 0.018695831298828125 0
