0 True 0.015625 0.22826790809631348 0
100 True 0.0078125 0.1755521297454834 0
200 True 0.03125 0.27962470054626465 0
300 True 0.0 0.11226511001586914 0
400 True 0.015625 0.11080479621887207 0
500 True 0.03125 0.10762357711791992 0
600 True 0.015625 0.10673975944519043 0
700 True 0.015625 0.12268543243408203 0
800 True 0.0 0.19066262245178223 0
900 True 0.0 0.18323230743408203 0
1000 True 0.0078125 0.18810653686523438 0
1100 True 0.0234375 0.18359613418579102 0
1200 True 0.0078125 0.23329782485961914 0
1300 True 0.015625 0.18245840072631836 0
1400 True 0.0234375 0.13881421089172363 0
1500 False 0.0 0.0 0
1600 True 0.0078125 0.18243837356567383 0
1700 True 0.015625 0.19135022163391113 0
1800 False 0.0 0.0 0
1900 True 0.015625 0.1828444004058838 0
2000 True 0.0078125 0.1944265365600586 0
2100 True 0.015625 0.18193674087524414 0
2200 True 0.0078125 0.18097543716430664 0
2300 True 0.0078125 0.17963242530822754 0
2400 True 0.015625 0.18368744850158691 0
2500 True 0.0078125 0.14888358116149902 0
2600 True 0.0234375 0.14527106285095215 0
2700 True 0.015625 0.1367936134338379 0
2800 True 0.0234375 0.15021681785583496 0
2900 True 0.015625 0.15959835052490234 0
3000 True 0.015625 0.18198776245117188 0
3100 True 0.015625 0.18044734001159668 0
3200 True 0.0234375 0.179304838180542 0
3300 True 0.015625 0.1512739658355713 0
3400 True 0.015625 0.12578105926513672 0
3500 True 0.0234375 0.17940974235534668 0
3600 True 0.015625 0.1792135238647461 0
3700 True 0.0234375 0.22279620170593262 0
3800 True 0.0078125 0.10680413246154785 0
3900 True 0.015625 0.10776233673095703 0
4000 False 0.0 0.0 0
4100 True 0.015625 0.14198732376098633 0
4200 True 0.015625 0.10900354385375977 0
4300 False 0.0 0.0 0
4400 True 0.0078125 0.11973404884338379 0
4500 False 0.0 0.0 0
4600 True 0.03125 0.18143177032470703 0
4700 True 0.015625 0.18071222305297852 0
4800 True 0.0234375 0.10627365112304688 0
4900 True 0.015625 0.13646602630615234 0
5000 True 0.015625 0.18899226188659668 0
5100 True 0.0078125 0.17997241020202637 0
5200 True 0.015625 0.1795501708984375 0
5300 True 0.0234375 0.1840662956237793 0
5400 True 0.0234375 0.10971736907958984 0
5500 True 0.0234375 0.17549848556518555 0
5600 False 0.0 0.0 0
5700 True 0.015625 0.17965364456176758 0
5800 True 0.015625 0.18003273010253906 0
5900 True 0.0234375 0.1905050277709961 0
6000 True 0.0078125 0.12079930305480957 0
6100 True 0.03125 0.23191070556640625 0
6200 True 0.0234375 0.18024063110351562 0
6300 True 0.015625 0.18003416061401367 0
6400 True 0.0 0.18057990074157715 0
6500 True 0.03125 0.18065619468688965 0
6600 True 0.015625 0.1854410171508789 0
6700 True 0.015625 0.18128108978271484 0
6800 True 0.0234375 0.18094873428344727 0
6900 True 0.015625 0.18115711212158203 0
7000 True 0.015625 0.18198752403259277 0
7100 True 0.015625 0.1816413402557373 0
7200 True 0.0078125 0.18143534660339355 0
7300 True 0.0234375 0.1798267364501953 0
7400 True 0.0234375 0.19202089309692383 0
7500 True 0.015625 0.1814415454864502 0
7600 True 0.0234375 0.1810619831085205 0
7700 True 0.015625 0.18062138557434082 0
7800 False 0.0 0.0 0
7900 True 0.0078125 0.15047430992126465 0
8000 True 0.0390625 0.12017679214477539 0
8100 True 0.015625 0.10787558555603027 0
8200 True 0.03125 0.18467116355895996 0
8300 True 0.03125 0.1337418556213379 0
8400 True 0.0234375 0.18192005157470703 0
8500 True 0.0390625 0.11299920082092285 0
8600 True 0.0234375 0.16749072074890137 0
8700 True 0.015625 0.18736028671264648 0
8800 True 0.03125 0.18168258666992188 0
8900 True 0.0234375 0.1797950267791748 0
9000 True 0.0234375 0.18154454231262207 0
9100 True 0.0234375 0.18649005889892578 0
9200 True 0.0234375 0.18112468719482422 0
9300 True 0.0234375 0.18056416511535645 0
9400 True 0.0234375 0.13810062408447266 0
9500 True 0.0078125 0.17379093170166016 0
9600 True 0.0234375 0.19243693351745605 0
9700 False 0.0 0.0 0
9800 True 0.015625 0.18318819999694824 0
9900 True 0.015625 0.20108556747436523 0
