0 True 1 0.07603955268859863 0
100 True 0 0.029747962951660156 0
200 True 1 0.018082380294799805 0
300 True 0 0.02951526641845703 0
400 True 0 0.02929067611694336 0
500 True 1 0.02926468849182129 0
600 True 1 0.029080629348754883 0
700 True 1 0.029425382614135742 0
800 True 0 0.018134593963623047 0
900 True 0 0.022081613540649414 0
1000 True 0 0.029603242874145508 0
1100 True 1 0.026532888412475586 0
1200 True 0 0.0312957763671875 0
1300 True 1 0.01882004737854004 0
1400 True 1 0.032258033752441406 0
1500 False 0 0.0 0
1600 True 0 0.030928611755371094 0
1700 True 1 0.03371596336364746 0
1800 False 0 0.0 0
1900 True 1 0.02920985221862793 0
2000 True 0 0.019461631774902344 0
2100 True 1 0.01942610740661621 0
2200 True 0 0.019326210021972656 0
2300 True 0 0.018503665924072266 0
2400 True 0 0.019695758819580078 0
2500 True 0 0.019443511962890625 0
2600 True 1 0.030033111572265625 0
2700 True 0 0.021142005920410156 0
2800 True 1 0.030906200408935547 0
2900 True 0 0.0180203914642334 0
3000 True 0 0.0311279296875 0
3100 True 0 0.018180370330810547 0
3200 True 1 0.029134511947631836 0
3300 True 1 0.029131650924682617 0
3400 True 1 0.019434690475463867 0
3500 True 1 0.018230199813842773 0
3600 True 1 0.029466629028320312 0
3700 True 1 0.01934218406677246 0
3800 True 0 0.029763221740722656 0
3900 True 1 0.029083251953125 0
4000 False 0 0.0 0
4100 True 0 0.028819799423217773 0
4200 True 0 0.01800394058227539 0
4300 False 0 0.0 0
4400 True 0 0.029257535934448242 0
4500 False 0 0.0 0
4600 True 1 0.017785310745239258 0
4700 True 1 0.029458045959472656 0
4800 True 1 0.018657922744750977 0
4900 True 0 0.029300451278686523 0
5000 True 0 0.030956506729125977 0
5100 True 0 0.029700756072998047 0
5200 True 0 0.030973434448242188 0
5300 True 1 0.029705286026000977 0
5400 True 1 0.028912067413330078 0
5500 True 1 0.02932000160217285 0
5600 False 0 0.0 0
5700 True 1 0.01965498924255371 0
5800 True 1 0.03215599060058594 0
5900 True 1 0.02098703384399414 0
6000 True 0 0.019689559936523438 0
6100 True 1 0.030837535858154297 0
6200 True 1 0.03137397766113281 0
6300 True 1 0.02941584587097168 0
6400 True 0 0.02927875518798828 0
6500 True 1 0.02936410903930664 0
6600 True 0 0.0292971134185791 0
6700 True 0 0.029562950134277344 0
6800 True 1 0.029046058654785156 0
6900 True 0 0.029433727264404297 0
7000 True 0 0.029779434204101562 0
7100 True 1 0.029261112213134766 0
7200 True 0 0.029262781143188477 0
7300 True 1 0.028961658477783203 0
7400 True 1 0.01889324188232422 0
7500 True 1 0.029432296752929688 0
7600 True 1 0.029137372970581055 0
7700 True 0 0.02905726432800293 0
7800 False 0 0.0 0
7900 True 0 0.029395580291748047 0
8000 True 1 0.02912759780883789 0
8100 True 1 0.02936387062072754 0
8200 True 1 0.029306411743164062 0
8300 True 1 0.029236316680908203 0
8400 True 1 0.02943110466003418 0
8500 True 1 0.028952598571777344 0
8600 True 1 0.029779434204101562 0
8700 True 1 0.018008708953857422 0
8800 True 1 0.029288530349731445 0
8900 True 1 0.029374361038208008 0
9000 True 1 0.017908096313476562 0
9100 True 1 0.029451370239257812 0
9200 True 1 0.02923130989074707 0
9300 True 1 0.03008866310119629 0
9400 True 1 0.02969980239868164 0
9500 True 0 0.029601097106933594 0
9600 True 1 0.031114578247070312 0
9700 False 0 0.0 0
9800 True 0 0.029224872589111328 0
9900 True 1 0.030519962310791016 0
