0 True 0 0.4021332263946533 0
100 True 0 0.256603479385376 0
200 True 0 0.2518191337585449 0
300 True 0 0.25863170623779297 0
400 True 0 0.25733280181884766 0
500 True 0 0.2722053527832031 0
600 True 0 0.270632266998291 0
700 True 0 0.27406811714172363 0
800 True 0 0.2758920192718506 0
900 True 0 0.27513957023620605 0
1000 True 0 0.27528953552246094 0
1100 True 0 0.38610053062438965 0
1200 True 0 0.3201735019683838 0
1300 True 0 0.2554919719696045 0
1400 True 0 0.24549007415771484 0
1500 False 0 0.0 0
1600 True 0 0.3815312385559082 0
1700 True 0 0.3108043670654297 0
1800 True 0 0.2569448947906494 0
1900 True 0 0.38004231452941895 0
2000 True 0 0.39723896980285645 0
2100 True 0 0.390064001083374 0
2200 True 0 0.39246559143066406 0
2300 True 0 0.3847060203552246 0
2400 True 0 0.3890101909637451 0
2500 True 0 0.283372163772583 0
2600 True 0 0.25690460205078125 0
2700 True 0 0.3804194927215576 0
2800 True 0 0.39246201515197754 0
2900 True 0 0.39498448371887207 0
3000 True 0 0.3900620937347412 0
3100 True 0 0.33673644065856934 0
3200 True 0 0.3514668941497803 0
3300 True 0 0.3334343433380127 0
3400 True 0 0.3648056983947754 0
3500 True 0 0.33365511894226074 0
3600 True 0 0.36664605140686035 0
3700 True 0 0.34622645378112793 0
3800 True 0 0.32157158851623535 0
3900 True 0 0.345059871673584 0
4000 True 0 0.33833932876586914 0
4100 True 0 0.25432276725769043 0
4200 True 0 0.2585880756378174 0
4300 True 0 0.2596261501312256 0
4400 True 0 0.25686025619506836 0
4500 False 0 0.0 0
4600 True 0 0.26328444480895996 0
4700 True 0 0.2590165138244629 0
4800 True 0 0.4039192199707031 0
4900 True 0 0.25909996032714844 0
5000 True 0 0.2745213508605957 0
5100 True 0 0.37035179138183594 0
5200 True 0 0.38307762145996094 0
5300 True 0 0.3837873935699463 0
5400 True 0 0.3945779800415039 0
5500 True 0 0.38762497901916504 0
5600 False 0 0.0 0
5700 True 0 0.39285826683044434 0
5800 True 0 0.39362001419067383 0
5900 True 0 0.3910536766052246 0
6000 True 0 0.3830578327178955 0
6100 True 0 0.37984561920166016 0
6200 True 0 0.3800015449523926 0
6300 True 0 0.3874495029449463 0
6400 True 0 0.46037936210632324 0
6500 True 0 0.38980674743652344 0
6600 True 0 0.3857579231262207 0
6700 True 0 0.39484357833862305 0
6800 True 0 0.38193750381469727 0
6900 True 0 0.3843569755554199 0
7000 True 0 0.39016222953796387 0
7100 True 0 0.39050722122192383 0
7200 True 0 0.3163743019104004 0
7300 True 0 0.25725245475769043 0
7400 True 0 0.38453078269958496 0
7500 True 0 0.38254857063293457 0
7600 True 0 0.39318037033081055 0
7700 True 0 0.3929581642150879 0
7800 True 0 0.37642955780029297 0
7900 True 0 0.3890705108642578 0
8000 True 0 0.39246129989624023 0
8100 True 0 0.38896632194519043 0
8200 True 0 0.38999104499816895 0
8300 True 0 0.255950927734375 0
8400 True 0 0.3853724002838135 0
8500 True 0 0.2901475429534912 0
8600 True 0 0.27965807914733887 0
8700 True 0 0.2771873474121094 0
8800 True 0 0.2770881652832031 0
8900 True 0 0.2790403366088867 0
9000 True 0 0.38074779510498047 0
9100 True 0 0.3919699192047119 0
9200 True 0 0.38658785820007324 0
9300 True 0 0.39329051971435547 0
9400 True 0 0.274059534072876 0
9500 True 0 0.25354528427124023 0
9600 True 0 0.27730870246887207 0
9700 True 0 0.2770063877105713 0
9800 True 0 0.2569849491119385 0
9900 True 0 0.38722658157348633 0
