0 True 1 0.43851161003112793 0
100 True 1 0.3271768093109131 0
200 True 0 0.2909262180328369 0
300 True 1 0.2879958152770996 0
400 True 1 0.2878267765045166 0
500 True 1 0.2885305881500244 0
600 True 1 0.3055574893951416 0
700 True 1 0.3027000427246094 0
800 True 1 0.2895526885986328 0
900 False 0 0.0 0
1000 True 1 0.3984999656677246 0
1100 True 1 0.41280651092529297 0
1200 True 0 0.4102139472961426 0
1300 True 1 0.4098024368286133 0
1400 True 1 0.4120793342590332 0
1500 True 0 0.40802431106567383 0
1600 True 1 0.417891263961792 0
1700 True 1 0.41403818130493164 0
1800 True 1 0.5272207260131836 0
1900 True 1 0.4093315601348877 0
2000 True 1 0.40163159370422363 0
2100 True 1 0.42025136947631836 0
2200 True 1 0.4727213382720947 0
2300 True 1 0.4351835250854492 0
2400 True 1 0.4216489791870117 0
2500 True 1 0.4382138252258301 0
2600 True 1 0.40988826751708984 0
2700 True 1 0.3726496696472168 0
2800 True 1 0.41541576385498047 0
2900 True 1 0.4112858772277832 0
3000 True 1 0.4078333377838135 0
3100 True 1 0.4365963935852051 0
3200 True 1 0.4133286476135254 0
3300 True 1 0.40483903884887695 0
3400 True 1 0.3936488628387451 0
3500 True 1 0.4075047969818115 0
3600 True 1 0.4466407299041748 0
3700 True 1 0.40091753005981445 0
3800 True 1 0.40717172622680664 0
3900 True 1 0.4851953983306885 0
4000 True 1 0.42768430709838867 0
4100 True 0 0.45099425315856934 0
4200 True 1 0.4369940757751465 0
4300 True 0 0.45363950729370117 0
4400 True 1 0.42031002044677734 0
4500 True 0 0.44036102294921875 0
4600 True 1 0.4301483631134033 0
4700 True 1 0.28295469284057617 0
4800 True 1 0.38988423347473145 0
4900 True 1 0.4198291301727295 0
5000 True 1 0.41179537773132324 0
5100 True 1 0.4318561553955078 0
5200 True 1 0.4244964122772217 0
5300 True 1 0.448899507522583 0
5400 True 1 0.4029090404510498 0
5500 True 1 0.4298057556152344 0
5600 True 1 0.4284026622772217 0
5700 True 1 0.4289569854736328 0
5800 True 1 0.43473339080810547 0
5900 True 1 0.44045448303222656 0
6000 True 1 0.44341540336608887 0
6100 True 1 0.4495422840118408 0
6200 True 1 0.4477109909057617 0
6300 True 1 0.4449608325958252 0
6400 True 0 0.4372365474700928 0
6500 True 1 0.4351797103881836 0
6600 True 1 0.4494667053222656 0
6700 True 1 0.43537282943725586 0
6800 True 1 0.4445970058441162 0
6900 True 1 0.46022939682006836 0
7000 True 1 0.43319034576416016 0
7100 True 1 0.43221163749694824 0
7200 True 1 0.44618964195251465 0
7300 True 1 0.449326753616333 0
7400 True 1 0.42557644844055176 0
7500 True 1 0.40133070945739746 0
7600 True 1 0.4011847972869873 0
7700 True 1 0.4128730297088623 0
7800 True 0 0.44115233421325684 0
7900 True 1 0.4663097858428955 0
8000 True 1 0.4364755153656006 0
8100 True 1 0.4359405040740967 0
8200 True 1 0.4467294216156006 0
8300 True 1 0.43686914443969727 0
8400 True 1 0.43238043785095215 0
8500 True 1 0.43647289276123047 0
8600 True 1 0.41219353675842285 0
8700 True 1 0.42203450202941895 0
8800 True 1 0.4156355857849121 0
8900 True 1 0.400862455368042 0
9000 True 1 0.40292811393737793 0
9100 True 1 0.40298962593078613 0
9200 True 1 0.4189889430999756 0
9300 True 1 0.4241156578063965 0
9400 True 0 0.41026949882507324 0
9500 True 1 0.402069091796875 0
9600 True 1 0.4054291248321533 0
9700 True 1 0.42346644401550293 0
9800 True 1 0.413576602935791 0
9900 True 1 0.42096734046936035 0
