0 True 0.2890625 2.0009634494781494 0
100 True 0.2109375 1.7554292678833008 0
200 True 0.1171875 1.8462412357330322 0
300 True 0.15625 2.760211229324341 0
400 True 0.25 2.153627634048462 0
500 True 0.2421875 2.2287299633026123 0
600 True 0.21875 2.3906211853027344 0
700 True 0.2421875 2.377575159072876 0
800 True 0.1484375 2.3680245876312256 0
900 True 0.2265625 2.2421071529388428 0
1000 True 0.2734375 2.2561168670654297 0
1100 True 0.234375 2.690206289291382 0
1200 True 0.140625 2.1519243717193604 0
1300 True 0.2421875 2.3890721797943115 0
1400 True 0.2109375 2.1322691440582275 0
1500 False 0.0 0.0 0
1600 True 0.015625 2.062055826187134 0
1700 True 0.25 2.499215841293335 0
1800 True 0.1640625 2.3665828704833984 0
1900 True 0.140625 2.180453300476074 0
2000 True 0.171875 2.4413905143737793 0
2100 True 0.265625 2.6764910221099854 0
2200 True 0.1328125 2.394101142883301 0
2300 True 0.25 1.8008782863616943 0
2400 True 0.2265625 1.758225917816162 0
2500 True 0.2265625 1.850639820098877 0
2600 True 0.2421875 1.9683232307434082 0
2700 True 0.2734375 2.63006854057312 0
2800 True 0.140625 2.3870320320129395 0
2900 True 0.1953125 1.7298765182495117 0
3000 True 0.2421875 1.951308012008667 0
3100 True 0.171875 1.897975206375122 0
3200 True 0.234375 1.8430604934692383 0
3300 True 0.28125 2.9666173458099365 0
3400 True 0.296875 2.592222213745117 0
3500 True 0.25 1.9716532230377197 0
3600 True 0.265625 1.8580412864685059 0
3700 True 0.1796875 1.8638603687286377 0
3800 True 0.203125 2.222419261932373 0
3900 True 0.21875 2.430302619934082 0
4000 True 0.1953125 2.4062163829803467 0
4100 True 0.1640625 2.8497726917266846 0
4200 True 0.2421875 2.501392364501953 0
4300 False 0.0 0.0 0
4400 True 0.1875 2.5505943298339844 0
4500 False 0.0 0.0 0
4600 True 0.2890625 2.5215134620666504 0
4700 True 0.2265625 2.422640562057495 0
4800 True 0.2734375 2.5672900676727295 0
4900 True 0.2421875 2.4027981758117676 0
5000 True 0.21875 2.613049030303955 0
5100 True 0.1640625 2.431138753890991 0
5200 True 0.203125 2.5206634998321533 0
5300 True 0.2421875 2.304959774017334 0
5400 True 0.234375 2.4401166439056396 0
5500 True 0.28125 2.5815725326538086 0
5600 False 0.0 0.0 0
5700 True 0.2578125 2.539497137069702 0
5800 True 0.28125 2.6004600524902344 0
5900 True 0.2578125 2.555553436279297 0
6000 True 0.1796875 2.3836140632629395 0
6100 True 0.234375 2.4515464305877686 0
6200 True 0.2265625 2.5108067989349365 0
6300 True 0.25 2.636678457260132 0
6400 True 0.125 2.4100403785705566 0
6500 True 0.25 2.531236410140991 0
6600 True 0.109375 2.6854002475738525 0
6700 True 0.203125 2.4453446865081787 0
6800 True 0.2578125 2.637511730194092 0
6900 True 0.25 2.5777528285980225 0
7000 True 0.296875 2.8382647037506104 0
7100 True 0.203125 2.4091644287109375 0
7200 True 0.2109375 2.4525701999664307 0
7300 True 0.296875 2.640946626663208 0
7400 True 0.2421875 2.4246695041656494 0
7500 True 0.2421875 2.5572261810302734 0
7600 True 0.2578125 2.7344460487365723 0
7700 True 0.2421875 2.433234214782715 0
7800 True 0.0703125 2.5752828121185303 0
7900 True 0.09375 2.5799612998962402 0
8000 True 0.2265625 2.47261643409729 0
8100 True 0.1796875 2.4218640327453613 0
8200 True 0.2734375 2.538665533065796 0
8300 True 0.2890625 2.5376925468444824 0
8400 True 0.28125 2.562023639678955 0
8500 True 0.296875 2.5703532695770264 0
8600 True 0.2421875 2.4670825004577637 0
8700 True 0.2890625 2.683887004852295 0
8800 True 0.296875 2.637502431869507 0
8900 True 0.234375 2.390416145324707 0
9000 True 0.265625 2.4812533855438232 0
9100 True 0.2734375 3.104763984680176 0
9200 True 0.2578125 2.528160810470581 0
9300 True 0.296875 2.5764999389648438 0
9400 True 0.1015625 2.4480648040771484 0
9500 True 0.1953125 1.9651987552642822 0
9600 True 0.15625 2.5878686904907227 0
9700 False 0.0 0.0 0
9800 True 0.1875 2.3963215351104736 0
9900 True 0.1953125 2.4265308380126953 0
