0 True 0 0.5079550743103027 0
100 True 0 0.44713354110717773 0
200 True 0 0.43219709396362305 0
300 True 0 0.4421377182006836 0
400 True 0 0.4089484214782715 0
500 True 0 0.4158768653869629 0
600 True 0 0.3474586009979248 0
700 True 0 0.42040467262268066 0
800 True 0 0.43633532524108887 0
900 True 0 0.46453189849853516 0
1000 True 0 0.42148828506469727 0
1100 True 0 0.4463460445404053 0
1200 True 0 0.42233848571777344 0
1300 True 0 0.4464445114135742 0
1400 True 0 0.4388425350189209 0
1500 False 0 0.0 0
1600 True 0 0.4433741569519043 0
1700 True 0 0.38897180557250977 0
1800 True 0 0.45964884757995605 0
1900 True 0 0.44899606704711914 0
2000 True 0 0.4815676212310791 0
2100 True 0 0.41065168380737305 0
2200 True 0 0.45011210441589355 0
2300 True 0 0.4431936740875244 0
2400 True 0 0.44411563873291016 0
2500 True 0 0.4436647891998291 0
2600 True 0 0.44895029067993164 0
2700 True 0 0.41045618057250977 0
2800 True 0 0.444718599319458 0
2900 True 0 0.45157694816589355 0
3000 True 0 0.4576125144958496 0
3100 True 0 0.4395430088043213 0
3200 True 0 0.4565882682800293 0
3300 True 0 0.45978498458862305 0
3400 True 1 0.42226219177246094 0
3500 True 0 0.4315192699432373 0
3600 True 0 0.45027780532836914 0
3700 True 0 0.4430656433105469 0
3800 True 0 0.4343898296356201 0
3900 True 0 0.43371081352233887 0
4000 True 0 0.4366178512573242 0
4100 True 0 0.4354228973388672 0
4200 True 0 0.4284639358520508 0
4300 False 0 0.0 0
4400 True 0 0.4369065761566162 0
4500 False 0 0.0 0
4600 True 0 0.412569522857666 0
4700 True 0 0.44025540351867676 0
4800 True 0 0.4218776226043701 0
4900 True 0 0.44239234924316406 0
5000 True 0 0.43917417526245117 0
5100 True 0 0.47590088844299316 0
5200 True 0 0.4339911937713623 0
5300 True 0 0.4229774475097656 0
5400 True 0 0.44116783142089844 0
5500 True 0 0.43877410888671875 0
5600 False 0 0.0 0
5700 True 0 0.4173848628997803 0
5800 True 0 0.33397817611694336 0
5900 True 0 0.47542548179626465 0
6000 True 0 0.4457428455352783 0
6100 True 0 0.4412548542022705 0
6200 True 0 0.45854926109313965 0
6300 True 0 0.44907331466674805 0
6400 True 0 0.456831693649292 0
6500 True 0 0.4511270523071289 0
6600 True 0 0.45662355422973633 0
6700 True 0 0.45772290229797363 0
6800 True 0 0.45714831352233887 0
6900 True 0 0.43222546577453613 0
7000 True 1 0.41950154304504395 0
7100 True 0 0.4504570960998535 0
7200 True 0 0.4503927230834961 0
7300 True 1 0.413149356842041 0
7400 True 0 0.446028470993042 0
7500 True 0 0.4548783302307129 0
7600 True 0 0.37445807456970215 0
7700 True 0 0.438596248626709 0
7800 True 0 0.4421355724334717 0
7900 True 0 0.4508175849914551 0
8000 True 0 0.44760799407958984 0
8100 True 0 0.4230802059173584 0
8200 True 0 0.4493520259857178 0
8300 True 0 0.4467754364013672 0
8400 True 0 0.31392979621887207 0
8500 True 1 0.39579343795776367 0
8600 True 0 0.42726778984069824 0
8700 True 0 0.439319372177124 0
8800 True 1 0.4363749027252197 0
8900 True 0 0.43459010124206543 0
9000 True 0 0.44297194480895996 0
9100 True 0 0.44005250930786133 0
9200 True 0 0.4114954471588135 0
9300 True 1 0.43227672576904297 0
9400 True 0 0.44750213623046875 0
9500 True 0 0.427001953125 0
9600 True 0 0.44269466400146484 0
9700 False 0 0.0 0
9800 True 0 0.43845176696777344 0
9900 True 0 0.4391331672668457 0
