0 True 0.0234375 1.9382939338684082 0
100 True 0.0234375 1.8712708950042725 0
200 True 0.03125 1.9933686256408691 0
300 True 0.0078125 1.9933347702026367 0
400 True 0.0234375 1.8845014572143555 0
500 True 0.046875 2.720421075820923 0
600 True 0.0234375 2.0147945880889893 0
700 True 0.015625 2.267457962036133 0
800 True 0.0234375 2.0971553325653076 0
900 True 0.0078125 1.925234079360962 0
1000 True 0.0078125 2.025920867919922 0
1100 True 0.0234375 1.9974994659423828 0
1200 True 0.015625 2.022618293762207 0
1300 True 0.015625 1.9569685459136963 0
1400 True 0.0234375 1.9497029781341553 0
1500 True 0.0 1.966050148010254 0
1600 True 0.015625 1.9923498630523682 0
1700 True 0.03125 2.486855983734131 0
1800 True 0.0078125 1.9235930442810059 0
1900 True 0.015625 2.3508412837982178 0
2000 True 0.015625 2.087036609649658 0
2100 True 0.03125 1.9290976524353027 0
2200 True 0.0234375 1.932776927947998 0
2300 True 0.03125 1.921494483947754 0
2400 True 0.0234375 1.924433946609497 0
2500 True 0.015625 1.945831060409546 0
2600 True 0.03125 1.9229423999786377 0
2700 True 0.015625 1.9344725608825684 0
2800 True 0.03125 1.9303207397460938 0
2900 True 0.0234375 1.930053472518921 0
3000 True 0.015625 1.9279873371124268 0
3100 True 0.0078125 1.9002342224121094 0
3200 True 0.015625 1.900468349456787 0
3300 True 0.0234375 1.9150259494781494 0
3400 True 0.0234375 1.9493701457977295 0
3500 True 0.03125 1.9261555671691895 0
3600 True 0.0234375 1.9209496974945068 0
3700 True 0.0234375 1.9224553108215332 0
3800 True 0.0078125 1.931471586227417 0
3900 True 0.015625 1.9350807666778564 0
4000 True 0.0078125 1.9170417785644531 0
4100 True 0.015625 1.9526803493499756 0
4200 True 0.03125 2.6362831592559814 0
4300 True 0.0078125 2.2289419174194336 0
4400 True 0.0 2.050652503967285 0
4500 True 0.0 1.9102222919464111 0
4600 True 0.0390625 1.8845865726470947 0
4700 True 0.015625 2.40700364112854 0
4800 True 0.03125 3.171294689178467 0
4900 True 0.0234375 2.0796315670013428 0
5000 True 0.0234375 2.1560635566711426 0
5100 True 0.015625 1.924712896347046 0
5200 True 0.015625 1.9444160461425781 0
5300 True 0.0234375 1.9250600337982178 0
5400 True 0.0390625 1.9422249794006348 0
5500 True 0.03125 1.9298713207244873 0
5600 False 0.0 0.0 0
5700 True 0.0234375 1.996692180633545 0
5800 True 0.015625 1.9181780815124512 0
5900 True 0.03125 1.942955732345581 0
6000 True 0.015625 1.925642728805542 0
6100 True 0.0390625 1.9173758029937744 0
6200 True 0.0234375 1.9407215118408203 0
6300 True 0.0234375 1.9423000812530518 0
6400 True 0.0 1.8997564315795898 0
6500 True 0.03125 1.932377815246582 0
6600 True 0.0234375 2.7444732189178467 0
6700 True 0.015625 2.0094850063323975 0
6800 True 0.03125 1.9584989547729492 0
6900 True 0.0234375 1.9542198181152344 0
7000 True 0.015625 1.9655506610870361 0
7100 True 0.015625 2.0730555057525635 0
7200 True 0.015625 1.9077930450439453 0
7300 True 0.0234375 1.9129669666290283 0
7400 True 0.0234375 1.8856408596038818 0
7500 True 0.0234375 1.8817167282104492 0
7600 True 0.0234375 2.0152618885040283 0
7700 True 0.015625 1.989591360092163 0
7800 True 0.015625 1.9519054889678955 0
7900 True 0.015625 1.9317598342895508 0
8000 True 0.046875 1.9260482788085938 0
8100 True 0.015625 1.9275829792022705 0
8200 True 0.0390625 1.9070098400115967 0
8300 True 0.0390625 1.9184234142303467 0
8400 True 0.03125 1.9257311820983887 0
8500 True 0.03125 1.9290640354156494 0
8600 True 0.015625 1.9513452053070068 0
8700 True 0.015625 1.9212431907653809 0
8800 True 0.046875 1.920539379119873 0
8900 True 0.0234375 2.2733561992645264 0
9000 True 0.0234375 2.7423183917999268 0
9100 True 0.0390625 2.7349705696105957 0
9200 True 0.0234375 1.9052119255065918 0
9300 True 0.0234375 2.7881693840026855 0
9400 True 0.0234375 2.2285733222961426 0
9500 True 0.0078125 2.111894369125366 0
9600 True 0.0234375 2.121809720993042 0
9700 True 0.0 2.122661590576172 0
9800 True 0.0234375 1.9902007579803467 0
9900 True 0.015625 1.8672056198120117 0
