0 True 0 6.122280120849609 0
100 True 0 5.9955503940582275 0
200 True 0 5.841065168380737 0
300 True 0 6.086333513259888 0
400 True 0 5.828473091125488 0
500 True 0 6.247105360031128 0
600 True 0 5.868958950042725 0
700 True 0 5.622540712356567 0
800 True 0 5.573309659957886 0
900 True 0 5.566086053848267 0
1000 True 0 5.313770771026611 0
1100 True 0 6.196311712265015 0
1200 True 0 5.583006858825684 0
1300 True 0 5.4170122146606445 0
1400 True 0 5.916361331939697 0
1500 True 0 5.573920011520386 0
1600 True 0 5.810915946960449 0
1700 True 0 6.045149803161621 0
1800 True 0 5.994282484054565 0
1900 True 0 5.791826248168945 0
2000 True 0 6.171315670013428 0
2100 True 0 6.074348211288452 0
2200 True 0 5.757841110229492 0
2300 True 0 5.794069766998291 0
2400 True 0 6.179623603820801 0
2500 True 0 6.445260286331177 0
2600 True 0 5.852245330810547 0
2700 True 0 5.929376602172852 0
2800 True 0 6.146116256713867 0
2900 True 0 5.648310661315918 0
3000 True 0 5.6959381103515625 0
3100 True 0 5.663950204849243 0
3200 True 0 5.779891490936279 0
3300 True 0 5.424173593521118 0
3400 True 0 5.634299278259277 0
3500 True 0 5.792606353759766 0
3600 True 0 5.934694528579712 0
3700 True 0 5.520061254501343 0
3800 True 0 5.615752935409546 0
3900 True 0 5.5327043533325195 0
4000 True 0 5.64556884765625 0
4100 True 0 5.654078722000122 0
4200 True 0 5.90492844581604 0
4300 True 0 5.547516584396362 0
4400 True 0 5.896211624145508 0
4500 True 0 5.77311372756958 0
4600 True 0 5.78624415397644 0
4700 True 0 5.936861515045166 0
4800 True 0 5.710806608200073 0
4900 True 0 5.831435680389404 0
5000 True 0 5.613219261169434 0
5100 True 0 5.931073188781738 0
5200 True 0 5.8013014793396 0
5300 True 0 5.689415216445923 0
5400 True 0 5.8990771770477295 0
5500 True 0 5.8508100509643555 0
5600 True 0 5.809441089630127 0
5700 True 0 6.399441480636597 0
5800 True 0 5.778984546661377 0
5900 True 0 5.8624420166015625 0
6000 True 0 6.218410491943359 0
6100 True 0 6.08730936050415 0
6200 True 0 5.794071435928345 0
6300 True 0 6.027013778686523 0
6400 True 0 6.491023540496826 0
6500 True 0 6.444539785385132 0
6600 True 0 5.762962341308594 0
6700 True 0 5.867738246917725 0
6800 True 0 5.868727445602417 0
6900 True 0 5.500861406326294 0
7000 True 0 5.644823789596558 0
7100 True 0 5.711410284042358 0
7200 True 0 5.632105827331543 0
7300 True 0 5.315032720565796 0
7400 True 0 6.152629137039185 0
7500 True 0 5.468404054641724 0
7600 True 0 5.760005950927734 0
7700 True 0 5.467608690261841 0
7800 True 0 5.6146650314331055 0
7900 True 0 5.614305734634399 0
8000 True 0 6.022398948669434 0
8100 True 0 5.827996253967285 0
8200 True 0 6.352515459060669 0
8300 True 0 5.816695690155029 0
8400 True 0 6.077531337738037 0
8500 True 0 5.759160757064819 0
8600 True 0 4.771976947784424 0
8700 True 0 4.655573129653931 0
8800 True 0 4.654539585113525 0
8900 True 0 4.2698564529418945 0
9000 True 0 4.212141036987305 0
9100 True 0 4.827834606170654 0
9200 True 0 4.3644678592681885 0
9300 True 0 4.426496982574463 0
9400 True 0 4.399859428405762 0
9500 True 0 4.666819095611572 0
9600 True 0 4.371510744094849 0
9700 True 0 4.717178106307983 0
9800 True 0 4.310425281524658 0
9900 True 0 5.504760026931763 0
