0 True 0.0625 34.33273148536682 0
100 True 0.046875 33.57589936256409 0
200 True 0.0390625 32.52390003204346 0
300 True 0.046875 32.2364239692688 0
400 True 0.046875 32.71552538871765 0
500 True 0.0703125 33.726505517959595 0
600 True 0.0546875 32.39808368682861 0
700 True 0.0546875 32.549153566360474 0
800 True 0.046875 32.16048836708069 0
900 True 0.015625 32.70410084724426 0
1000 True 0.0390625 32.13693952560425 0
1100 True 0.0546875 33.720489501953125 0
1200 True 0.03125 35.026825189590454 0
1300 True 0.0546875 32.06488251686096 0
1400 True 0.0625 36.27723240852356 0
1500 True 0.0234375 32.83194947242737 0
1600 True 0.0390625 32.421831130981445 0
1700 True 0.0625 33.87168478965759 0
1800 True 0.046875 32.77903366088867 0
1900 True 0.046875 32.094409465789795 0
2000 True 0.046875 32.32039141654968 0
2100 True 0.0625 34.73024940490723 0
2200 True 0.0625 33.176223039627075 0
2300 True 0.0546875 33.43849062919617 0
2400 True 0.0546875 32.355656147003174 0
2500 True 0.0625 36.64181399345398 0
2600 True 0.0546875 34.051408767700195 0
2700 True 0.0546875 32.83206272125244 0
2800 True 0.046875 32.10130834579468 0
2900 True 0.046875 32.48277807235718 0
3000 True 0.0390625 33.13861441612244 0
3100 True 0.0390625 33.724427700042725 0
3200 True 0.0546875 32.51867151260376 0
3300 True 0.046875 32.80894875526428 0
3400 True 0.0625 34.9305305480957 0
3500 True 0.0625 34.12275815010071 0
3600 True 0.0546875 31.172121047973633 0
3700 True 0.0625 33.949214220047 0
3800 True 0.0546875 32.755826473236084 0
3900 True 0.0546875 33.44708752632141 0
4000 True 0.046875 33.73726439476013 0
4100 True 0.0390625 31.73568868637085 0
4200 True 0.0625 34.41760611534119 0
4300 True 0.03125 31.951356410980225 0
4400 True 0.0390625 33.11140775680542 0
4500 True 0.015625 35.07669520378113 0
4600 True 0.0703125 33.30001640319824 0
4700 True 0.046875 32.346778869628906 0
4800 True 0.0625 31.343996047973633 0
4900 True 0.046875 25.838173151016235 0
5000 True 0.0546875 28.632741689682007 0
5100 True 0.0390625 29.393079042434692 0
5200 True 0.0546875 27.866863250732422 0
5300 True 0.0546875 25.74440360069275 0
5400 True 0.0625 31.248152256011963 0
5500 True 0.0625 34.62656927108765 0
5600 True 0.0234375 32.053942918777466 0
5700 True 0.0546875 32.229121923446655 0
5800 True 0.0546875 32.42273259162903 0
5900 True 0.0625 35.421953439712524 0
6000 True 0.0390625 32.60963535308838 0
6100 True 0.0625 33.62704825401306 0
6200 True 0.0546875 32.998719215393066 0
6300 True 0.0546875 32.80688142776489 0
6400 True 0.0390625 30.908456325531006 0
6500 True 0.0625 33.74188470840454 0
6600 True 0.0546875 32.23621106147766 0
6700 True 0.0390625 32.380707025527954 0
6800 True 0.0703125 34.825509548187256 0
6900 True 0.0546875 31.87222456932068 0
7000 True 0.0625 34.75063610076904 0
7100 True 0.0390625 32.11351919174194 0
7200 True 0.046875 31.920847415924072 0
7300 True 0.0546875 33.861384868621826 0
7400 True 0.046875 33.17050862312317 0
7500 True 0.0546875 31.880379676818848 0
7600 True 0.0625 33.967456102371216 0
7700 True 0.046875 32.988542556762695 0
7800 True 0.046875 30.800313711166382 0
7900 True 0.0390625 32.166892290115356 0
8000 True 0.0546875 32.53491497039795 0
8100 True 0.0546875 32.804107427597046 0
8200 True 0.0625 33.114341497421265 0
8300 True 0.0625 33.5509512424469 0
8400 True 0.0546875 32.84255361557007 0
8500 True 0.0625 33.548975229263306 0
8600 True 0.0546875 32.781986951828 0
8700 True 0.046875 32.00059652328491 0
8800 True 0.0703125 34.08429789543152 0
8900 True 0.0546875 31.15368962287903 0
9000 True 0.0625 33.68994116783142 0
9100 True 0.0703125 34.236899852752686 0
9200 True 0.0625 34.115612506866455 0
9300 True 0.0703125 34.61287879943848 0
9400 True 0.0546875 32.769906520843506 0
9500 True 0.0390625 31.46011996269226 0
9600 True 0.0546875 32.90499925613403 0
9700 True 0.0078125 30.65125799179077 0
9800 True 0.0546875 31.65119171142578 0
9900 True 0.046875 31.833152532577515 0
