0 True 0 6.302106142044067 0
100 True 0 5.702056646347046 0
200 True 0 5.540203809738159 0
300 True 0 5.6119911670684814 0
400 True 0 5.344496965408325 0
500 True 0 5.686218738555908 0
600 True 0 5.318947792053223 0
700 True 0 5.9648354053497314 0
800 True 0 5.285165309906006 0
900 True 0 5.589481353759766 0
1000 True 0 5.568647861480713 0
1100 True 0 5.229101657867432 0
1200 True 0 5.428042650222778 0
1300 True 0 5.390671014785767 0
1400 True 0 5.540287971496582 0
1500 True 0 5.853414535522461 0
1600 True 0 5.71282958984375 0
1700 True 0 5.54296875 0
1800 True 0 5.437872886657715 0
1900 True 0 5.89929461479187 0
2000 True 0 4.860102415084839 0
2100 True 0 4.615609645843506 0
2200 True 0 4.561086654663086 0
2300 True 0 4.7252442836761475 0
2400 True 0 4.290287017822266 0
2500 True 0 4.687721014022827 0
2600 True 0 4.33390736579895 0
2700 True 0 4.700781583786011 0
2800 True 0 4.4587507247924805 0
2900 True 0 4.622049570083618 0
3000 True 0 4.381620168685913 0
3100 True 0 4.443065166473389 0
3200 True 0 5.553786039352417 0
3300 True 0 5.5004966259002686 0
3400 True 0 5.671780109405518 0
3500 True 0 5.595977067947388 0
3600 True 0 5.614896297454834 0
3700 True 0 5.659904718399048 0
3800 True 0 6.372483968734741 0
3900 True 0 6.1237475872039795 0
4000 True 0 5.689905405044556 0
4100 True 0 5.781517505645752 0
4200 True 0 5.44923996925354 0
4300 True 0 5.92565655708313 0
4400 True 0 5.8885657787323 0
4500 True 0 5.975735425949097 0
4600 True 0 5.902621269226074 0
4700 True 0 5.8702473640441895 0
4800 True 0 5.9722137451171875 0
4900 True 0 5.777495622634888 0
5000 True 0 5.603723764419556 0
5100 True 0 5.798723220825195 0
5200 True 0 5.851574420928955 0
5300 True 0 5.742126226425171 0
5400 True 0 6.018319368362427 0
5500 True 0 5.8617002964019775 0
5600 True 0 5.957218885421753 0
5700 True 0 5.6890950202941895 0
5800 True 0 5.96738076210022 0
5900 True 0 6.024176359176636 0
6000 True 0 5.770911693572998 0
6100 True 0 5.478107929229736 0
6200 True 0 5.679864883422852 0
6300 True 0 5.994303941726685 0
6400 True 0 5.71158504486084 0
6500 True 0 5.680505037307739 0
6600 True 0 6.224685430526733 0
6700 True 0 5.8318023681640625 0
6800 True 0 5.724319696426392 0
6900 True 0 6.05595326423645 0
7000 True 0 6.9578540325164795 0
7100 True 0 6.000781774520874 0
7200 True 0 6.284184694290161 0
7300 True 0 5.892396688461304 0
7400 True 0 5.605528116226196 0
7500 True 0 5.950680255889893 0
7600 True 0 6.383204936981201 0
7700 True 0 6.137815713882446 0
7800 True 0 5.470731019973755 0
7900 True 0 5.632080554962158 0
8000 True 0 5.767090082168579 0
8100 True 0 5.398883581161499 0
8200 True 0 5.416319370269775 0
8300 True 0 5.879819393157959 0
8400 True 0 6.024181842803955 0
8500 True 0 5.44153904914856 0
8600 True 0 5.642903089523315 0
8700 True 0 6.070799350738525 0
8800 True 0 5.740491151809692 0
8900 True 0 5.997204542160034 0
9000 True 0 6.071443319320679 0
9100 True 0 5.8964879512786865 0
9200 True 0 5.690532445907593 0
9300 True 0 6.260921955108643 0
9400 True 0 6.107306718826294 0
9500 True 0 5.6650543212890625 0
9600 True 0 5.517510652542114 0
9700 True 0 5.516660451889038 0
9800 True 0 5.385998249053955 0
9900 True 0 5.744495391845703 0
