0 True 0.1640625 31.453693389892578 0
100 True 0.171875 30.386802673339844 0
200 True 0.1328125 29.900538206100464 0
300 True 0.15625 29.48899269104004 0
400 True 0.1484375 28.64814853668213 0
500 True 0.1796875 23.18631863594055 0
600 True 0.171875 24.77230978012085 0
700 True 0.1875 25.340242385864258 0
800 True 0.125 27.313481330871582 0
900 True 0.09375 26.872689485549927 0
1000 True 0.1484375 27.074385404586792 0
1100 True 0.140625 27.850543975830078 0
1200 True 0.1015625 27.88948345184326 0
1300 True 0.1640625 24.923723697662354 0
1400 True 0.15625 23.144833087921143 0
1500 True 0.046875 22.95794177055359 0
1600 True 0.0859375 25.304174661636353 0
1700 True 0.171875 28.21884322166443 0
1800 True 0.1484375 28.70423650741577 0
1900 True 0.0859375 28.18073558807373 0
2000 True 0.140625 28.42470908164978 0
2100 True 0.1875 29.054339170455933 0
2200 True 0.171875 28.915726900100708 0
2300 True 0.1640625 28.380268096923828 0
2400 True 0.1484375 29.25975751876831 0
2500 True 0.1640625 27.92919421195984 0
2600 True 0.1796875 29.44270896911621 0
2700 True 0.140625 27.675522089004517 0
2800 True 0.1328125 28.024450302124023 0
2900 True 0.1328125 28.10239338874817 0
3000 True 0.140625 27.87143588066101 0
3100 True 0.1328125 27.971834897994995 0
3200 True 0.15625 28.069862842559814 0
3300 True 0.125 28.626354455947876 0
3400 True 0.1875 29.69755792617798 0
3500 True 0.15625 27.65709400177002 0
3600 True 0.1328125 28.28885006904602 0
3700 True 0.1875 30.534029006958008 0
3800 True 0.15625 27.895705461502075 0
3900 True 0.1484375 28.107904195785522 0
4000 True 0.0859375 27.46172046661377 0
4100 True 0.1171875 28.301276206970215 0
4200 True 0.15625 29.361379623413086 0
4300 True 0.0078125 27.322994709014893 0
4400 True 0.1015625 27.945732831954956 0
4500 False 0.0 0.0 0
4600 True 0.1953125 29.00022554397583 0
4700 True 0.1328125 27.532079219818115 0
4800 True 0.1875 29.41920781135559 0
4900 True 0.1328125 28.180835962295532 0
5000 True 0.1484375 27.822903394699097 0
5100 True 0.125 27.860360383987427 0
5200 True 0.1796875 29.371963024139404 0
5300 True 0.171875 27.624547481536865 0
5400 True 0.1640625 28.006139278411865 0
5500 True 0.1953125 29.166253089904785 0
5600 True 0.1015625 28.503126859664917 0
5700 True 0.171875 27.903440713882446 0
5800 True 0.1484375 27.924082040786743 0
5900 True 0.1875 28.873610019683838 0
6000 True 0.15625 28.848097801208496 0
6100 True 0.1640625 28.371551990509033 0
6200 True 0.140625 28.178465604782104 0
6300 True 0.1796875 28.233712911605835 0
6400 True 0.1484375 28.508262157440186 0
6500 True 0.1796875 28.16080617904663 0
6600 True 0.09375 28.333625316619873 0
6700 True 0.109375 29.90061092376709 0
6800 True 0.1796875 29.56371021270752 0
6900 True 0.1875 29.99554944038391 0
7000 True 0.171875 28.994840145111084 0
7100 True 0.0625 28.792983055114746 0
7200 True 0.09375 28.359150648117065 0
7300 True 0.1640625 28.76594042778015 0
7400 True 0.15625 28.505075216293335 0
7500 True 0.140625 29.03045415878296 0
7600 True 0.1875 31.016933917999268 0
7700 True 0.1484375 29.780944347381592 0
7800 True 0.1484375 29.64459776878357 0
7900 True 0.1328125 29.500223875045776 0
8000 True 0.140625 29.189222812652588 0
8100 True 0.1875 30.698879718780518 0
8200 True 0.1875 30.0494122505188 0
8300 True 0.1796875 29.411139249801636 0
8400 True 0.1796875 30.81793785095215 0
8500 True 0.1796875 28.865398406982422 0
8600 True 0.171875 29.321857929229736 0
8700 True 0.171875 29.022265195846558 0
8800 True 0.1953125 30.772903203964233 0
8900 True 0.1875 31.17354464530945 0
9000 True 0.140625 29.179415702819824 0
9100 True 0.1875 31.090139150619507 0
9200 True 0.1875 29.515618562698364 0
9300 True 0.1875 30.655094385147095 0
9400 True 0.078125 27.96486473083496 0
9500 True 0.1015625 28.37950110435486 0
9600 True 0.171875 29.188885927200317 0
9700 True 0.078125 28.432344436645508 0
9800 True 0.1328125 29.202699422836304 0
9900 True 0.1484375 30.253480672836304 0
