0 True 0 5.4104883670806885 0
100 True 0 5.3391618728637695 0
200 True 0 5.3938307762146 0
300 True 0 5.706592559814453 0
400 True 0 5.143057823181152 0
500 True 0 5.287383079528809 0
600 True 0 5.227454423904419 0
700 True 0 5.243478775024414 0
800 True 0 5.247064828872681 0
900 False 0 0.0 0
1000 True 0 5.437183141708374 0
1100 True 0 5.574427843093872 0
1200 True 0 5.56734037399292 0
1300 True 0 5.223944425582886 0
1400 True 0 5.220065116882324 0
1500 True 0 5.237798690795898 0
1600 True 0 5.209124803543091 0
1700 True 0 5.206352472305298 0
1800 True 0 5.192000865936279 0
1900 True 0 5.021188974380493 0
2000 True 0 5.315065860748291 0
2100 True 0 5.108557939529419 0
2200 True 0 5.420144081115723 0
2300 True 0 5.635453462600708 0
2400 True 0 5.237964391708374 0
2500 True 0 5.313372850418091 0
2600 True 0 5.16358757019043 0
2700 True 0 5.214369058609009 0
2800 True 0 5.2565248012542725 0
2900 True 0 5.177159070968628 0
3000 True 0 5.344659328460693 0
3100 True 0 5.50393533706665 0
3200 True 0 5.144610166549683 0
3300 True 0 5.098212003707886 0
3400 True 0 5.386896371841431 0
3500 True 0 5.121127128601074 0
3600 True 0 5.213898181915283 0
3700 True 0 5.121181488037109 0
3800 True 0 5.337522029876709 0
3900 True 0 5.208876371383667 0
4000 True 0 5.4265663623809814 0
4100 True 0 5.238399267196655 0
4200 True 0 5.130491256713867 0
4300 True 0 5.220166206359863 0
4400 True 0 5.2396159172058105 0
4500 False 0 0.0 0
4600 True 0 5.127203941345215 0
4700 True 0 5.338613271713257 0
4800 True 0 5.2540199756622314 0
4900 True 0 5.1690919399261475 0
5000 True 0 5.165693044662476 0
5100 True 0 5.077776908874512 0
5200 True 0 5.634679079055786 0
5300 True 0 5.042515754699707 0
5400 True 0 5.411493301391602 0
5500 True 0 5.6716532707214355 0
5600 True 0 5.306372880935669 0
5700 True 0 5.286808490753174 0
5800 True 0 5.339244842529297 0
5900 True 0 5.360997200012207 0
6000 True 0 5.24505615234375 0
6100 True 0 5.299350023269653 0
6200 True 0 5.285309076309204 0
6300 True 0 5.37675404548645 0
6400 True 0 5.155052185058594 0
6500 True 0 5.164199113845825 0
6600 True 0 5.291621208190918 0
6700 True 0 5.180461168289185 0
6800 True 0 5.236485958099365 0
6900 True 0 5.310648441314697 0
7000 True 0 5.5720319747924805 0
7100 True 0 5.0310280323028564 0
7200 True 0 5.2410149574279785 0
7300 True 0 5.278030157089233 0
7400 True 0 5.262829542160034 0
7500 True 0 5.439446926116943 0
7600 True 0 5.5938568115234375 0
7700 True 0 5.219811916351318 0
7800 True 0 5.10019326210022 0
7900 True 0 5.212411642074585 0
8000 True 0 5.12670111656189 0
8100 True 0 5.161235094070435 0
8200 True 0 5.160223484039307 0
8300 True 0 5.1924192905426025 0
8400 True 0 5.2659571170806885 0
8500 True 0 5.341905832290649 0
8600 True 0 5.530785799026489 0
8700 True 0 5.190957546234131 0
8800 True 0 5.1358020305633545 0
8900 True 0 5.1965491771698 0
9000 True 0 5.1834800243377686 0
9100 True 0 5.357447147369385 0
9200 True 0 5.369147777557373 0
9300 True 0 5.203676700592041 0
9400 True 0 5.055324554443359 0
9500 True 0 5.28411078453064 0
9600 True 0 5.235831022262573 0
9700 True 0 5.3205811977386475 0
9800 True 0 5.1286940574646 0
9900 True 0 5.3783533573150635 0
