0 True 1 5.174836874008179 0
100 True 1 4.797801494598389 0
200 True 1 4.876983404159546 0
300 True 1 4.752077341079712 0
400 True 1 4.596056222915649 0
500 True 1 4.666301727294922 0
600 True 1 4.784602642059326 0
700 True 1 4.734948396682739 0
800 True 1 4.906853199005127 0
900 True 0 4.5918378829956055 0
1000 True 1 4.567488193511963 0
1100 True 1 5.378252029418945 0
1200 True 1 5.258516550064087 0
1300 True 1 5.038353681564331 0
1400 True 1 4.59066104888916 0
1500 True 0 4.973730564117432 0
1600 True 0 4.563443899154663 0
1700 True 1 4.40704083442688 0
1800 True 1 4.72043514251709 0
1900 True 0 4.547680377960205 0
2000 True 1 4.584959268569946 0
2100 True 1 4.920135021209717 0
2200 True 1 4.961216926574707 0
2300 True 1 4.881001234054565 0
2400 True 1 4.598743200302124 0
2500 True 1 4.968369007110596 0
2600 True 1 4.563063621520996 0
2700 True 1 5.182853698730469 0
2800 True 1 4.620744228363037 0
2900 True 1 4.655016183853149 0
3000 True 1 4.863738059997559 0
3100 True 1 4.809866666793823 0
3200 True 1 5.178684711456299 0
3300 True 1 4.845794439315796 0
3400 True 1 4.459532022476196 0
3500 True 1 5.36834454536438 0
3600 True 1 4.425216197967529 0
3700 True 1 4.710334062576294 0
3800 True 1 5.069957733154297 0
3900 True 1 4.835968971252441 0
4000 True 0 4.4402899742126465 0
4100 True 1 4.436206102371216 0
4200 True 1 4.777353286743164 0
4300 True 0 4.620574951171875 0
4400 True 1 4.48608136177063 0
4500 False 0 0.0 0
4600 True 1 4.8470070362091064 0
4700 True 1 4.537404298782349 0
4800 True 1 5.233671188354492 0
4900 True 1 4.486346244812012 0
5000 True 1 4.9310362339019775 0
5100 True 1 5.30814790725708 0
5200 True 1 4.783649444580078 0
5300 True 1 4.612340450286865 0
5400 True 1 5.1034674644470215 0
5500 True 1 5.32212495803833 0
5600 True 1 4.777549982070923 0
5700 True 1 5.083903074264526 0
5800 True 1 4.715351343154907 0
5900 True 1 4.833991050720215 0
6000 True 1 4.800875663757324 0
6100 True 1 5.017932176589966 0
6200 True 1 4.653017044067383 0
6300 True 1 5.2605156898498535 0
6400 True 1 4.835848808288574 0
6500 True 1 4.35753059387207 0
6600 True 1 4.744305372238159 0
6700 True 1 4.586427688598633 0
6800 True 1 4.7859485149383545 0
6900 True 1 4.747440576553345 0
7000 True 1 5.193570613861084 0
7100 True 0 4.815472602844238 0
7200 True 0 5.2141194343566895 0
7300 True 1 5.085376024246216 0
7400 True 1 4.861253499984741 0
7500 True 1 4.533876657485962 0
7600 True 1 5.179052829742432 0
7700 True 1 4.838256597518921 0
7800 True 1 4.518386602401733 0
7900 True 1 4.791776180267334 0
8000 True 1 4.5481040477752686 0
8100 True 1 4.50226092338562 0
8200 True 1 4.7505364418029785 0
8300 True 1 4.60570216178894 0
8400 True 1 4.876602649688721 0
8500 True 1 4.40185809135437 0
8600 True 1 4.390841960906982 0
8700 True 1 4.442202806472778 0
8800 True 1 4.903263092041016 0
8900 True 1 5.066205978393555 0
9000 True 1 4.9264655113220215 0
9100 True 1 4.396090745925903 0
9200 True 1 4.587686538696289 0
9300 True 1 5.065406560897827 0
9400 True 0 5.073400497436523 0
9500 True 1 4.583317279815674 0
9600 True 1 4.982231140136719 0
9700 True 0 4.845970869064331 0
9800 True 1 4.828142166137695 0
9900 True 1 4.735501766204834 0
