0 True 0.0078125 26.555434942245483 0
100 True 0.015625 31.3466374874115 0
200 True 0.0234375 31.87843418121338 0
300 True 0.0078125 33.40857720375061 0
400 True 0.015625 32.688271284103394 0
500 True 0.03125 32.50694751739502 0
600 True 0.015625 33.192309617996216 0
700 True 0.0078125 33.453620195388794 0
800 True 0.015625 33.44798254966736 0
900 True 0.0 31.57524800300598 0
1000 True 0.0078125 34.162620306015015 0
1100 True 0.015625 32.83535385131836 0
1200 True 0.0078125 34.0198495388031 0
1300 True 0.015625 31.251173734664917 0
1400 True 0.015625 26.317322254180908 0
1500 True 0.0 28.588464498519897 0
1600 True 0.0078125 28.24319815635681 0
1700 True 0.0234375 26.43777585029602 0
1800 True 0.015625 31.58404016494751 0
1900 True 0.015625 36.11190676689148 0
2000 True 0.0078125 32.61088252067566 0
2100 True 0.015625 31.44858694076538 0
2200 True 0.015625 32.46950674057007 0
2300 True 0.0234375 32.013957500457764 0
2400 True 0.015625 32.130698442459106 0
2500 True 0.0078125 34.3803927898407 0
2600 True 0.015625 33.06950354576111 0
2700 True 0.0078125 34.256399631500244 0
2800 True 0.015625 31.65098762512207 0
2900 True 0.015625 25.433151483535767 0
3000 True 0.0078125 25.01524591445923 0
3100 True 0.0 32.98827385902405 0
3200 True 0.015625 32.08271312713623 0
3300 True 0.015625 30.623995542526245 0
3400 True 0.015625 32.29485559463501 0
3500 True 0.015625 31.212438821792603 0
3600 True 0.015625 31.304256439208984 0
3700 True 0.015625 29.394883394241333 0
3800 True 0.0078125 26.66053557395935 0
3900 True 0.0078125 27.88035273551941 0
4000 True 0.0078125 32.29444932937622 0
4100 True 0.0 32.469404220581055 0
4200 True 0.015625 32.88728904724121 0
4300 True 0.0078125 31.76880931854248 0
4400 True 0.0078125 32.318058490753174 0
4500 True 0.0 33.5219509601593 0
4600 True 0.0234375 32.36494493484497 0
4700 True 0.015625 32.970749855041504 0
4800 True 0.015625 32.32292461395264 0
4900 True 0.0078125 33.232897996902466 0
5000 True 0.015625 32.9716374874115 0
5100 True 0.0078125 33.25170302391052 0
5200 True 0.0078125 34.069371700286865 0
5300 True 0.015625 33.257075548172 0
5400 True 0.0234375 32.24465489387512 0
5500 True 0.0234375 33.671395778656006 0
5600 True 0.0 32.81760334968567 0
5700 True 0.015625 34.133636474609375 0
5800 True 0.015625 32.06617736816406 0
5900 True 0.015625 32.28517007827759 0
6000 True 0.0078125 35.95602607727051 0
6100 True 0.0234375 32.34158444404602 0
6200 True 0.015625 33.05800247192383 0
6300 True 0.015625 32.44325137138367 0
6400 True 0.0078125 32.19796657562256 0
6500 True 0.015625 32.85987949371338 0
6600 True 0.015625 32.77485179901123 0
6700 True 0.015625 33.342633962631226 0
6800 True 0.0234375 32.47997570037842 0
6900 True 0.015625 33.37241721153259 0
7000 True 0.0078125 32.62201285362244 0
7100 True 0.0078125 31.792744874954224 0
7200 True 0.0078125 32.15448760986328 0
7300 True 0.015625 34.00212335586548 0
7400 True 0.015625 34.37237739562988 0
7500 True 0.015625 32.686267375946045 0
7600 True 0.0078125 32.689839601516724 0
7700 True 0.0078125 32.8704047203064 0
7800 True 0.015625 35.060027837753296 0
7900 True 0.0078125 32.68253517150879 0
8000 True 0.0234375 31.381311416625977 0
8100 True 0.0078125 33.98856472969055 0
8200 True 0.0234375 32.361109495162964 0
8300 True 0.0234375 33.12091422080994 0
8400 True 0.015625 33.032021284103394 0
8500 True 0.0234375 34.78977942466736 0
8600 True 0.0078125 32.34065866470337 0
8700 True 0.0078125 34.61702799797058 0
8800 True 0.03125 33.76658248901367 0
8900 True 0.015625 33.37859773635864 0
9000 True 0.015625 32.327229022979736 0
9100 True 0.0234375 32.48069167137146 0
9200 True 0.015625 32.305808544158936 0
9300 True 0.015625 31.284557580947876 0
9400 True 0.015625 32.222631216049194 0
9500 True 0.0078125 31.780585050582886 0
9600 True 0.015625 32.84652256965637 0
9700 True 0.0078125 32.54868841171265 0
9800 True 0.015625 32.6908164024353 0
9900 True 0.0078125 34.53277373313904 0
