0 True 0 21.008174896240234 0
100 True 0 18.013435125350952 0
200 True 0 16.23626184463501 0
300 True 0 16.870592832565308 0
400 True 0 19.623843669891357 0
500 True 0 17.704620122909546 0
600 True 0 17.070667266845703 0
700 True 0 18.976957321166992 0
800 True 0 17.431988954544067 0
900 True 0 17.92300295829773 0
1000 True 0 17.392589569091797 0
1100 True 0 19.657743453979492 0
1200 True 0 17.697937965393066 0
1300 True 0 16.586212158203125 0
1400 True 0 19.167290925979614 0
1500 True 0 17.497739791870117 0
1600 True 0 16.679554224014282 0
1700 True 0 16.574710845947266 0
1800 True 0 19.688241004943848 0
1900 True 0 16.717286348342896 0
2000 True 0 17.447161197662354 0
2100 True 0 18.161004543304443 0
2200 True 0 19.040491342544556 0
2300 True 0 16.765233993530273 0
2400 True 0 17.553858518600464 0
2500 True 0 18.25269341468811 0
2600 True 0 21.808918237686157 0
2700 True 0 21.429726600646973 0
2800 True 0 17.979159593582153 0
2900 True 0 16.36909246444702 0
3000 True 0 17.90596580505371 0
3100 True 0 18.632821321487427 0
3200 True 0 16.621312856674194 0
3300 True 0 16.753892183303833 0
3400 True 0 16.571834087371826 0
3500 True 0 17.321847438812256 0
3600 True 0 17.090803623199463 0
3700 True 0 16.861926317214966 0
3800 True 0 17.210129737854004 0
3900 True 0 16.990005016326904 0
4000 True 0 17.49702501296997 0
4100 True 0 16.47834849357605 0
4200 True 0 17.001524448394775 0
4300 True 0 17.23527765274048 0
4400 True 0 17.73380446434021 0
4500 True 0 17.419132709503174 0
4600 True 0 17.33897876739502 0
4700 True 0 16.66889500617981 0
4800 True 0 16.344349145889282 0
4900 True 0 16.36854338645935 0
5000 True 0 16.94599175453186 0
5100 True 0 16.312167644500732 0
5200 True 0 17.285322427749634 0
5300 True 0 17.273812770843506 0
5400 True 0 16.635939836502075 0
5500 True 0 16.888465642929077 0
5600 True 0 17.617417097091675 0
5700 True 0 17.1733660697937 0
5800 True 0 17.478222131729126 0
5900 True 0 17.22066330909729 0
6000 True 0 17.732949256896973 0
6100 True 0 16.64022946357727 0
6200 True 0 16.444759130477905 0
6300 True 0 16.981919288635254 0
6400 True 0 16.562841176986694 0
6500 True 0 17.178904056549072 0
6600 True 0 16.945752382278442 0
6700 True 0 16.869176387786865 0
6800 True 0 16.365469694137573 0
6900 True 0 17.43285584449768 0
7000 True 0 16.99370765686035 0
7100 True 0 16.78408193588257 0
7200 True 0 16.825073719024658 0
7300 True 0 16.870576858520508 0
7400 True 0 17.421385765075684 0
7500 True 0 16.487224102020264 0
7600 True 0 16.475828886032104 0
7700 True 0 16.724565505981445 0
7800 True 0 16.374281883239746 0
7900 True 0 16.950061082839966 0
8000 True 0 16.76779341697693 0
8100 True 0 17.240623712539673 0
8200 True 0 16.686195373535156 0
8300 True 0 17.014291763305664 0
8400 True 0 16.606788873672485 0
8500 True 0 16.601152658462524 0
8600 True 0 16.130348205566406 0
8700 True 0 16.718905687332153 0
8800 True 0 16.720818519592285 0
8900 True 0 16.365310668945312 0
9000 True 0 17.108827352523804 0
9100 True 0 16.969762802124023 0
9200 True 0 17.400187492370605 0
9300 True 0 17.06511163711548 0
9400 True 0 16.560545444488525 0
9500 True 0 16.758567571640015 0
9600 True 0 16.638695240020752 0
9700 True 0 17.741725206375122 0
9800 True 0 17.475244283676147 0
9900 True 0 17.043360948562622 0
