0 True 0 21.454365491867065 0
100 True 0 18.27684783935547 0
200 True 0 22.372573614120483 0
300 True 0 23.84077477455139 0
400 True 0 20.880370616912842 0
500 True 0 19.002516746520996 0
600 True 0 18.334268808364868 0
700 True 0 18.545246362686157 0
800 True 0 18.1868155002594 0
900 True 0 18.567593336105347 0
1000 True 0 19.087350368499756 0
1100 True 0 18.66267704963684 0
1200 True 0 18.835811376571655 0
1300 True 0 18.683356046676636 0
1400 True 0 17.920623540878296 0
1500 True 0 18.922284603118896 0
1600 True 0 18.045392274856567 0
1700 True 0 18.58180570602417 0
1800 True 0 18.519816637039185 0
1900 True 0 18.1861732006073 0
2000 True 0 18.49154019355774 0
2100 True 0 17.446033716201782 0
2200 True 0 18.71890640258789 0
2300 True 0 18.54147434234619 0
2400 True 0 18.806081295013428 0
2500 True 0 17.832787036895752 0
2600 True 0 18.306316375732422 0
2700 True 0 18.76049280166626 0
2800 True 0 17.61361336708069 0
2900 True 0 18.850067853927612 0
3000 True 0 18.36190390586853 0
3100 True 0 18.800241708755493 0
3200 True 0 18.057145833969116 0
3300 True 0 18.259466648101807 0
3400 True 0 18.632158517837524 0
3500 True 0 18.32612109184265 0
3600 True 0 18.26586103439331 0
3700 True 0 18.636639833450317 0
3800 True 0 18.948034286499023 0
3900 True 0 19.268973350524902 0
4000 True 0 17.96663522720337 0
4100 True 0 18.89756679534912 0
4200 True 0 18.798970460891724 0
4300 True 0 17.886036157608032 0
4400 True 0 18.65366220474243 0
4500 False 0 0.0 0
4600 True 0 18.83094096183777 0
4700 True 0 18.932387351989746 0
4800 True 0 18.446240663528442 0
4900 True 0 18.7309513092041 0
5000 True 0 18.80362582206726 0
5100 True 0 18.200767993927002 0
5200 True 0 18.431743621826172 0
5300 True 0 18.93327784538269 0
5400 True 0 18.26371192932129 0
5500 True 0 18.34036636352539 0
5600 True 0 18.781760454177856 0
5700 True 0 18.610738277435303 0
5800 True 0 17.976086378097534 0
5900 True 0 18.270899057388306 0
6000 True 0 19.369004249572754 0
6100 True 0 18.526771783828735 0
6200 True 0 18.968031644821167 0
6300 True 0 18.507598400115967 0
6400 True 0 18.69485902786255 0
6500 True 0 18.287832975387573 0
6600 True 0 18.749542236328125 0
6700 True 0 18.177420139312744 0
6800 True 0 18.489624977111816 0
6900 True 0 18.40696954727173 0
7000 True 0 18.65704321861267 0
7100 True 0 18.29436707496643 0
7200 True 0 18.67026376724243 0
7300 True 0 18.45011591911316 0
7400 True 0 19.39080572128296 0
7500 True 0 19.26612663269043 0
7600 True 0 19.31092095375061 0
7700 True 0 18.484904050827026 0
7800 True 0 18.188731908798218 0
7900 True 0 17.750088691711426 0
8000 True 0 18.754208087921143 0
8100 True 0 18.670503616333008 0
8200 True 0 18.141735315322876 0
8300 True 0 17.954652309417725 0
8400 True 0 17.99702548980713 0
8500 True 0 17.99856972694397 0
8600 True 0 18.607086420059204 0
8700 True 0 18.262807369232178 0
8800 True 0 19.19374442100525 0
8900 True 0 18.117448091506958 0
9000 True 0 18.441650390625 0
9100 True 0 18.450053691864014 0
9200 True 0 18.08567500114441 0
9300 True 0 17.827505588531494 0
9400 True 0 18.61655044555664 0
9500 True 0 17.96431255340576 0
9600 True 0 17.53127884864807 0
9700 True 0 18.93436074256897 0
9800 True 0 18.45452046394348 0
9900 True 0 18.09040641784668 0
