0 True 0 29.595768213272095 0
100 True 0 24.359955310821533 0
200 True 0 30.61202383041382 0
300 True 0 25.35723900794983 0
400 True 0 26.693593502044678 0
500 True 0 30.994877815246582 0
600 True 0 29.268710374832153 0
700 True 0 29.955272674560547 0
800 True 0 22.335649728775024 0
900 False 0 0.0 0
1000 True 0 19.471542358398438 0
1100 True 0 19.603057622909546 0
1200 True 0 19.567821741104126 0
1300 True 0 20.25044083595276 0
1400 True 0 20.184894561767578 0
1500 True 0 20.490461826324463 0
1600 True 0 19.254066467285156 0
1700 True 0 19.29425811767578 0
1800 True 0 19.07275676727295 0
1900 True 0 19.34077548980713 0
2000 True 0 19.267239809036255 0
2100 True 0 19.016499519348145 0
2200 True 0 19.400721311569214 0
2300 True 0 19.297444581985474 0
2400 True 0 19.587857961654663 0
2500 True 0 19.22081208229065 0
2600 True 0 19.098100423812866 0
2700 True 0 19.331236124038696 0
2800 True 0 18.999215841293335 0
2900 True 0 19.03325390815735 0
3000 True 0 19.50537633895874 0
3100 True 0 19.146333932876587 0
3200 True 0 18.955657482147217 0
3300 True 0 18.935818910598755 0
3400 True 0 19.56440305709839 0
3500 True 0 18.960193634033203 0
3600 True 0 19.412906169891357 0
3700 True 0 19.32384705543518 0
3800 True 0 19.427645206451416 0
3900 True 0 19.35182213783264 0
4000 True 0 18.86681580543518 0
4100 True 0 19.06678867340088 0
4200 True 0 19.25660014152527 0
4300 True 0 19.240923643112183 0
4400 True 0 19.0312602519989 0
4500 False 0 0.0 0
4600 True 0 19.10735821723938 0
4700 True 0 19.673372745513916 0
4800 True 0 19.2768235206604 0
4900 True 0 19.35899829864502 0
5000 True 0 19.33294653892517 0
5100 True 0 19.274094104766846 0
5200 True 0 19.506468534469604 0
5300 True 0 19.21933078765869 0
5400 True 0 19.179567337036133 0
5500 True 0 19.0890851020813 0
5600 True 0 18.89311933517456 0
5700 True 0 19.193694353103638 0
5800 True 0 18.94905662536621 0
5900 True 0 19.599690198898315 0
6000 True 0 19.09276580810547 0
6100 True 0 18.749587774276733 0
6200 True 0 18.989250659942627 0
6300 True 0 18.915916442871094 0
6400 True 0 18.92236042022705 0
6500 True 0 19.062543153762817 0
6600 True 0 19.926278352737427 0
6700 True 0 19.4961359500885 0
6800 True 0 19.279194593429565 0
6900 True 0 19.532920122146606 0
7000 True 0 19.343510389328003 0
7100 True 0 19.090437173843384 0
7200 True 0 19.113496780395508 0
7300 True 0 19.192761421203613 0
7400 True 0 19.279886484146118 0
7500 True 0 19.19632124900818 0
7600 True 0 19.515533685684204 0
7700 True 0 19.336047410964966 0
7800 True 0 18.842028617858887 0
7900 True 0 19.030061721801758 0
8000 True 0 19.12126088142395 0
8100 True 0 19.165157318115234 0
8200 True 0 18.96985673904419 0
8300 True 0 18.870465993881226 0
8400 True 0 19.288904905319214 0
8500 True 0 19.420791625976562 0
8600 True 0 19.221211194992065 0
8700 True 0 19.11427903175354 0
8800 True 0 18.56874418258667 0
8900 True 0 19.034795999526978 0
9000 True 0 19.30692720413208 0
9100 True 0 19.164510488510132 0
9200 True 0 19.620752096176147 0
9300 True 0 19.365500926971436 0
9400 True 0 19.241650819778442 0
9500 True 0 19.17203712463379 0
9600 True 0 19.355323553085327 0
9700 True 0 19.456045150756836 0
9800 True 0 19.659111738204956 0
9900 True 0 19.642468690872192 0
