0 True 1 22.392946481704712 0
100 True 1 18.916552305221558 0
200 True 1 19.07586693763733 0
300 True 1 19.942217111587524 0
400 True 1 19.179655075073242 0
500 True 1 18.766467094421387 0
600 True 1 19.338826894760132 0
700 True 1 20.107736110687256 0
800 True 1 18.812775373458862 0
900 True 0 18.98124933242798 0
1000 True 1 19.159883499145508 0
1100 True 1 19.746578216552734 0
1200 True 1 19.88076162338257 0
1300 True 1 19.40105104446411 0
1400 True 1 19.326282262802124 0
1500 True 0 20.174452304840088 0
1600 True 0 19.08946681022644 0
1700 True 1 19.22459387779236 0
1800 True 0 18.99070167541504 0
1900 True 0 19.50535225868225 0
2000 True 1 19.783085107803345 0
2100 True 1 19.77929377555847 0
2200 True 1 19.30608105659485 0
2300 True 1 18.979026079177856 0
2400 True 1 19.135361433029175 0
2500 True 1 19.52258563041687 0
2600 True 1 19.259984016418457 0
2700 True 1 19.209922313690186 0
2800 True 1 19.95332932472229 0
2900 True 1 19.411346435546875 0
3000 True 1 19.557061672210693 0
3100 True 0 19.318443775177002 0
3200 True 1 19.864998817443848 0
3300 True 1 19.43476414680481 0
3400 True 1 18.59372067451477 0
3500 True 1 19.41009259223938 0
3600 True 1 19.039116144180298 0
3700 True 1 20.227275133132935 0
3800 True 1 19.300007581710815 0
3900 True 1 19.370104551315308 0
4000 True 1 19.325822830200195 0
4100 True 0 18.413745880126953 0
4200 True 1 19.057861328125 0
4300 True 0 18.78026843070984 0
4400 True 0 19.563419818878174 0
4500 True 0 17.681718826293945 0
4600 True 1 15.498823165893555 0
4700 True 1 15.79897427558899 0
4800 True 1 15.723960638046265 0
4900 True 1 16.582144260406494 0
5000 True 1 19.0120632648468 0
5100 True 1 19.406040906906128 0
5200 True 1 19.25249671936035 0
5300 True 1 19.40207839012146 0
5400 True 1 19.631099224090576 0
5500 True 1 19.26715111732483 0
5600 True 1 19.55304980278015 0
5700 True 1 19.02135920524597 0
5800 True 1 19.478049993515015 0
5900 True 1 18.46246314048767 0
6000 True 1 18.824333667755127 0
6100 True 1 19.03052258491516 0
6200 True 1 18.62088894844055 0
6300 True 1 19.520269632339478 0
6400 True 0 19.172449827194214 0
6500 True 1 18.85805058479309 0
6600 True 0 19.61671209335327 0
6700 True 1 18.947717428207397 0
6800 True 1 19.088521003723145 0
6900 True 1 18.907986402511597 0
7000 True 1 19.377660989761353 0
7100 True 0 18.96639895439148 0
7200 True 1 18.671213626861572 0
7300 True 1 19.032625913619995 0
7400 True 1 19.54460859298706 0
7500 True 1 19.048877477645874 0
7600 True 1 18.657245874404907 0
7700 True 1 20.206941604614258 0
7800 True 1 19.192376613616943 0
7900 True 1 19.109026670455933 0
8000 True 1 19.667450428009033 0
8100 True 1 19.379760026931763 0
8200 True 1 18.986865758895874 0
8300 True 1 18.514442682266235 0
8400 True 1 20.012017965316772 0
8500 True 1 19.48837423324585 0
8600 True 1 18.571749210357666 0
8700 True 1 18.96944236755371 0
8800 True 1 19.47830557823181 0
8900 True 1 19.00542116165161 0
9000 True 1 19.52542233467102 0
9100 True 1 18.582614421844482 0
9200 True 1 18.880216598510742 0
9300 True 1 18.992271423339844 0
9400 True 1 19.573076963424683 0
9500 True 1 18.564828157424927 0
9600 True 1 19.42313575744629 0
9700 True 0 19.675915479660034 0
9800 True 1 18.84185028076172 0
9900 True 1 18.692928791046143 0
