0 True 0.0078125 100.14162611961365 0
100 True 0.0078125 95.6012315750122 0
200 True 0.015625 92.22568106651306 0
300 True 0.0078125 96.92548727989197 0
400 True 0.0078125 95.71396017074585 0
500 True 0.015625 97.87607884407043 0
600 True 0.0078125 97.70380973815918 0
700 True 0.0078125 96.748126745224 0
800 True 0.0078125 94.21083664894104 0
900 True 0.0 95.06712436676025 0
1000 True 0.0078125 94.37855577468872 0
1100 True 0.0078125 93.09976744651794 0
1200 True 0.0 96.78784322738647 0
1300 True 0.0078125 95.40006399154663 0
1400 True 0.0078125 97.97477722167969 0
1500 True 0.0 99.74158120155334 0
1600 True 0.0078125 95.64485573768616 0
1700 True 0.015625 96.020179271698 0
1800 True 0.0078125 94.49216556549072 0
1900 True 0.0078125 95.93154788017273 0
2000 True 0.0078125 95.45557975769043 0
2100 True 0.015625 97.08993673324585 0
2200 True 0.0078125 93.78875064849854 0
2300 True 0.0078125 95.56988096237183 0
2400 True 0.0078125 96.08958506584167 0
2500 True 0.0078125 96.49498558044434 0
2600 True 0.015625 99.16593313217163 0
2700 True 0.0078125 97.54100108146667 0
2800 True 0.0078125 97.97337102890015 0
2900 True 0.0078125 100.22439217567444 0
3000 True 0.0078125 94.85431289672852 0
3100 True 0.0078125 93.92975735664368 0
3200 True 0.015625 95.10107588768005 0
3300 True 0.0078125 96.12253403663635 0
3400 True 0.0078125 98.48853898048401 0
3500 True 0.015625 102.35496377944946 0
3600 True 0.015625 104.56407737731934 0
3700 True 0.0078125 101.6050443649292 0
3800 True 0.0078125 109.8306622505188 0
3900 True 0.0078125 109.84528660774231 0
4000 True 0.0078125 109.18844389915466 0
4100 True 0.0 109.38667559623718 0
4200 True 0.0078125 111.92810130119324 0
4300 True 0.0 111.94996404647827 0
4400 True 0.0078125 110.56760025024414 0
4500 True 0.0 110.33145952224731 0
4600 True 0.015625 110.26121234893799 0
4700 True 0.0078125 110.31421971321106 0
4800 True 0.0078125 109.01439023017883 0
4900 True 0.0078125 109.23273062705994 0
5000 True 0.0078125 108.61624240875244 0
5100 True 0.0078125 109.9266951084137 0
5200 True 0.0078125 110.44304871559143 0
5300 True 0.0078125 106.47404313087463 0
5400 True 0.015625 110.271799325943 0
5500 True 0.015625 108.79806423187256 0
5600 True 0.0 110.17199468612671 0
5700 True 0.0078125 110.35284805297852 0
5800 True 0.0078125 107.67958521842957 0
5900 True 0.015625 109.38253235816956 0
6000 True 0.0078125 107.15997242927551 0
6100 True 0.015625 108.40481209754944 0
6200 True 0.0078125 109.01716780662537 0
6300 True 0.0078125 108.3491485118866 0
6400 True 0.0 106.28768134117126 0
6500 True 0.0078125 107.74116015434265 0
6600 True 0.0078125 107.12600684165955 0
6700 True 0.0078125 110.14764332771301 0
6800 True 0.015625 109.7501609325409 0
6900 True 0.0078125 109.35792422294617 0
7000 True 0.0078125 111.24891257286072 0
7100 True 0.0078125 108.31607913970947 0
7200 True 0.0078125 109.03418946266174 0
7300 True 0.0078125 109.19392418861389 0
7400 True 0.0078125 108.47237777709961 0
7500 True 0.0078125 110.65160369873047 0
7600 True 0.0078125 110.78714513778687 0
7700 True 0.0078125 108.42601346969604 0
7800 True 0.0078125 108.14289283752441 0
7900 True 0.0078125 109.74616384506226 0
8000 True 0.015625 108.87871217727661 0
8100 True 0.0078125 111.11860966682434 0
8200 True 0.015625 110.35057544708252 0
8300 True 0.015625 108.10225009918213 0
8400 True 0.015625 108.7249825000763 0
8500 True 0.015625 110.90145111083984 0
8600 True 0.0078125 110.13317823410034 0
8700 True 0.0078125 105.08120512962341 0
8800 True 0.0234375 110.24279952049255 0
8900 True 0.0078125 104.57718086242676 0
9000 True 0.0078125 106.40881967544556 0
9100 True 0.015625 107.07905554771423 0
9200 True 0.0078125 109.12867712974548 0
9300 True 0.0078125 103.18460369110107 0
9400 True 0.0078125 101.81985926628113 0
9500 True 0.0 103.2780876159668 0
9600 True 0.0078125 104.80727791786194 0
9700 True 0.0 105.07614493370056 0
9800 True 0.0078125 100.53169560432434 0
9900 True 0.0078125 95.06686925888062 0
