0 True 0 2.199065923690796 0
100 True 0 2.0502772331237793 0
200 True 0 1.9684455394744873 0
300 True 0 2.0639395713806152 0
400 True 0 2.0390827655792236 0
500 True 0 2.050551176071167 0
600 True 0 2.073784828186035 0
700 True 0 2.064481496810913 0
800 True 0 2.089808702468872 0
900 True 0 2.046006917953491 0
1000 True 0 2.048851728439331 0
1100 True 0 2.045836925506592 0
1200 True 0 2.164715051651001 0
1300 True 0 2.0793297290802 0
1400 True 0 2.076019287109375 0
1500 False 0 0.0 0
1600 True 0 2.0165774822235107 0
1700 True 0 2.0760793685913086 0
1800 True 0 2.0354223251342773 0
1900 True 0 2.024573564529419 0
2000 True 0 2.071676254272461 0
2100 True 0 2.056044578552246 0
2200 True 0 2.0716755390167236 0
2300 True 0 2.023984432220459 0
2400 True 0 2.1148715019226074 0
2500 True 0 2.082551956176758 0
2600 True 0 2.006427526473999 0
2700 True 0 2.0832412242889404 0
2800 True 0 2.0359716415405273 0
2900 True 0 2.072754144668579 0
3000 True 0 2.053558588027954 0
3100 True 0 2.06870698928833 0
3200 True 0 2.262495756149292 0
3300 True 0 2.18637752532959 0
3400 True 0 2.0211021900177 0
3500 True 0 2.046236991882324 0
3600 True 0 2.0174760818481445 0
3700 True 0 2.0377817153930664 0
3800 True 0 2.1004040241241455 0
3900 True 0 2.0082905292510986 0
4000 True 0 2.0375993251800537 0
4100 True 0 2.0521395206451416 0
4200 True 0 2.0552330017089844 0
4300 True 0 2.041445255279541 0
4400 True 0 2.015630006790161 0
4500 False 0 0.0 0
4600 True 0 2.035404682159424 0
4700 True 0 2.015474796295166 0
4800 True 0 2.1113669872283936 0
4900 True 0 2.064756393432617 0
5000 True 0 2.047651767730713 0
5100 True 0 2.041482448577881 0
5200 True 0 2.0500733852386475 0
5300 True 0 2.019606113433838 0
5400 True 0 2.0534324645996094 0
5500 True 0 2.041992664337158 0
5600 True 0 2.052321434020996 0
5700 True 0 2.033717393875122 0
5800 True 0 2.3542494773864746 0
5900 True 0 2.0382883548736572 0
6000 True 0 2.028505802154541 0
6100 True 0 2.0204379558563232 0
6200 True 0 2.00034761428833 0
6300 True 0 1.9788367748260498 0
6400 True 0 1.999607801437378 0
6500 True 0 2.0064005851745605 0
6600 True 0 2.4773876667022705 0
6700 True 0 2.0676350593566895 0
6800 True 0 2.0337142944335938 0
6900 True 0 2.0786144733428955 0
7000 True 0 2.097081422805786 0
7100 True 0 2.0401580333709717 0
7200 True 0 2.044811248779297 0
7300 True 0 2.0435073375701904 0
7400 True 0 2.014699935913086 0
7500 True 0 2.058791160583496 0
7600 True 0 2.0656468868255615 0
7700 True 0 2.093216896057129 0
7800 True 0 1.99318265914917 0
7900 True 0 2.0168516635894775 0
8000 True 0 1.9878778457641602 0
8100 True 0 2.0273022651672363 0
8200 True 0 2.034926414489746 0
8300 True 0 2.015732526779175 0
8400 True 0 2.0317769050598145 0
8500 True 0 2.033787250518799 0
8600 True 0 2.0708060264587402 0
8700 True 0 2.016906976699829 0
8800 True 0 2.012418508529663 0
8900 True 0 2.040189743041992 0
9000 True 0 2.0495667457580566 0
9100 True 0 2.024843692779541 0
9200 True 0 2.029934883117676 0
9300 True 0 2.0545613765716553 0
9400 True 0 2.0259461402893066 0
9500 True 0 2.2011725902557373 0
9600 True 0 2.034118413925171 0
9700 True 0 2.079200267791748 0
9800 True 0 2.043584108352661 0
9900 True 0 2.027841329574585 0
