0 True 0 2.2249326705932617 0
100 True 0 2.0986311435699463 0
200 True 0 2.1010053157806396 0
300 False 0 0.0 0
400 True 0 2.1041321754455566 0
500 True 0 2.100698232650757 0
600 True 0 2.147327423095703 0
700 True 0 2.1279425621032715 0
800 False 0 0.0 0
900 True 0 2.155735492706299 0
1000 False 0 0.0 0
1100 True 0 2.2558085918426514 0
1200 False 0 0.0 0
1300 True 0 2.0613009929656982 0
1400 True 0 2.2036643028259277 0
1500 False 0 0.0 0
1600 True 0 2.1017587184906006 0
1700 True 0 2.1845059394836426 0
1800 True 0 2.0938475131988525 0
1900 True 0 2.1165380477905273 0
2000 True 0 2.4249331951141357 0
2100 True 0 2.2362382411956787 0
2200 False 0 0.0 0
2300 True 0 2.1144587993621826 0
2400 False 0 0.0 0
2500 False 0 0.0 0
2600 True 0 2.09584903717041 0
2700 True 0 2.1324350833892822 0
2800 True 0 2.1239049434661865 0
2900 True 0 2.1510813236236572 0
3000 True 0 2.12766695022583 0
3100 True 0 2.1183269023895264 0
3200 False 0 0.0 0
3300 True 0 2.140864610671997 0
3400 True 0 2.1425108909606934 0
3500 True 0 2.101524829864502 0
3600 True 0 2.134082317352295 0
3700 True 0 2.1017520427703857 0
3800 True 0 2.094294548034668 0
3900 True 0 2.0950417518615723 0
4000 False 0 0.0 0
4100 True 0 2.0654947757720947 0
4200 True 0 2.123270273208618 0
4300 True 0 2.2375426292419434 0
4400 True 0 2.1344974040985107 0
4500 False 0 0.0 0
4600 True 0 2.073707103729248 0
4700 False 0 0.0 0
4800 True 0 2.075748920440674 0
4900 True 0 2.137781858444214 0
5000 True 0 2.1401638984680176 0
5100 False 0 0.0 0
5200 True 0 2.1399898529052734 0
5300 True 0 2.104250431060791 0
5400 True 0 2.137402057647705 0
5500 True 0 2.1980741024017334 0
5600 True 0 2.440922260284424 0
5700 True 0 2.282487392425537 0
5800 False 0 0.0 0
5900 True 0 2.076594591140747 0
6000 False 0 0.0 0
6100 True 0 2.1182284355163574 0
6200 False 0 0.0 0
6300 True 0 2.1362740993499756 0
6400 True 0 2.126460552215576 0
6500 True 0 2.0951521396636963 0
6600 True 0 2.146648406982422 0
6700 True 0 2.47110915184021 0
6800 True 0 2.2154269218444824 0
6900 True 0 2.1259195804595947 0
7000 True 0 2.0878546237945557 0
7100 True 0 2.086439847946167 0
7200 False 0 0.0 0
7300 True 0 2.1286780834198 0
7400 True 0 2.1817445755004883 0
7500 True 0 2.086198568344116 0
7600 True 0 2.154527187347412 0
7700 True 0 2.088533878326416 0
7800 False 0 0.0 0
7900 True 0 2.2188727855682373 0
8000 True 0 2.1125223636627197 0
8100 True 0 2.094665288925171 0
8200 True 0 2.1151351928710938 0
8300 True 0 2.1414380073547363 0
8400 True 0 2.089177131652832 0
8500 True 0 2.077178955078125 0
8600 True 0 2.1179678440093994 0
8700 False 0 0.0 0
8800 True 0 2.0996439456939697 0
8900 False 0 0.0 0
9000 True 0 2.0950722694396973 0
9100 True 0 2.13606333732605 0
9200 True 0 2.0765209197998047 0
9300 True 0 2.12335467338562 0
9400 False 0 0.0 0
9500 True 0 2.100921154022217 0
9600 True 0 2.1312944889068604 0
9700 False 0 0.0 0
9800 True 0 2.1466262340545654 0
9900 True 0 2.095198631286621 0
