0 True 0.046875 9.28836464881897 0
100 True 0.0234375 9.10942029953003 0
200 False 0.0 0.0 0
300 False 0.0 0.0 0
400 False 0.0 0.0 0
500 False 0.0 0.0 0
600 False 0.0 0.0 0
700 True 0.015625 9.332276582717896 0
800 True 0.0546875 8.779247283935547 0
900 True 0.0234375 9.064306735992432 0
1000 False 0.0 0.0 0
1100 True 0.0625 8.590748310089111 0
1200 True 0.0625 8.765269041061401 0
1300 False 0.0 0.0 0
1400 False 0.0 0.0 0
1500 False 0.0 0.0 0
1600 False 0.0 0.0 0
1700 True 0.015625 8.879448175430298 0
1800 False 0.0 0.0 0
1900 False 0.0 0.0 0
2000 False 0.0 0.0 0
2100 False 0.0 0.0 0
2200 False 0.0 0.0 0
2300 False 0.0 0.0 0
2400 False 0.0 0.0 0
2500 False 0.0 0.0 0
2600 True 0.0234375 8.619778156280518 0
2700 True 0.03125 9.422215938568115 0
2800 False 0.0 0.0 0
2900 False 0.0 0.0 0
3000 True 0.0703125 9.26125717163086 0
3100 False 0.0 0.0 0
3200 False 0.0 0.0 0
3300 False 0.0 0.0 0
3400 True 0.0390625 9.078608274459839 0
3500 False 0.0 0.0 0
3600 False 0.0 0.0 0
3700 False 0.0 0.0 0
3800 False 0.0 0.0 0
3900 True 0.015625 8.740309000015259 0
4000 False 0.0 0.0 0
4100 False 0.0 0.0 0
4200 True 0.0390625 9.010794401168823 0
4300 False 0.0 0.0 0
4400 False 0.0 0.0 0
4500 False 0.0 0.0 0
4600 False 0.0 0.0 0
4700 False 0.0 0.0 0
4800 True 0.0078125 8.8264741897583 0
4900 False 0.0 0.0 0
5000 False 0.0 0.0 0
5100 False 0.0 0.0 0
5200 False 0.0 0.0 0
5300 False 0.0 0.0 0
5400 False 0.0 0.0 0
5500 False 0.0 0.0 0
5600 True 0.046875 8.687896251678467 0
5700 False 0.0 0.0 0
5800 False 0.0 0.0 0
5900 False 0.0 0.0 0
6000 False 0.0 0.0 0
6100 False 0.0 0.0 0
6200 False 0.0 0.0 0
6300 False 0.0 0.0 0
6400 True 0.0546875 8.624643325805664 0
6500 False 0.0 0.0 0
6600 False 0.0 0.0 0
6700 False 0.0 0.0 0
6800 False 0.0 0.0 0
6900 True 0.0234375 8.807453155517578 0
7000 True 0.015625 9.317861080169678 0
7100 False 0.0 0.0 0
7200 False 0.0 0.0 0
7300 True 0.0234375 8.906887292861938 0
7400 False 0.0 0.0 0
7500 False 0.0 0.0 0
7600 True 0.0078125 9.339314460754395 0
7700 False 0.0 0.0 0
7800 False 0.0 0.0 0
7900 False 0.0 0.0 0
8000 False 0.0 0.0 0
8100 True 0.0703125 8.840018510818481 0
8200 True 0.0625 8.214625120162964 0
8300 False 0.0 0.0 0
8400 False 0.0 0.0 0
8500 False 0.0 0.0 0
8600 True 0.0078125 9.097920179367065 0
8700 False 0.0 0.0 0
8800 False 0.0 0.0 0
8900 False 0.0 0.0 0
9000 True 0.0234375 8.894248485565186 0
9100 False 0.0 0.0 0
9200 True 0.0234375 8.92492127418518 0
9300 False 0.0 0.0 0
9400 False 0.0 0.0 0
9500 False 0.0 0.0 0
9600 False 0.0 0.0 0
9700 False 0.0 0.0 0
9800 True 0.0234375 8.630201816558838 0
9900 True 0.015625 8.628612518310547 0
