0 True 0 2.3969452381134033 0
100 True 0 1.9830899238586426 0
200 False 0 0.0 0
300 False 0 0.0 0
400 False 0 0.0 0
500 False 0 0.0 0
600 False 0 0.0 0
700 True 0 1.9067094326019287 0
800 True 0 1.900094985961914 0
900 True 0 1.9422311782836914 0
1000 False 0 0.0 0
1100 True 0 1.9665930271148682 0
1200 True 0 1.9367551803588867 0
1300 False 0 0.0 0
1400 False 0 0.0 0
1500 False 0 0.0 0
1600 False 0 0.0 0
1700 True 0 1.9356706142425537 0
1800 False 0 0.0 0
1900 False 0 0.0 0
2000 False 0 0.0 0
2100 False 0 0.0 0
2200 False 0 0.0 0
2300 False 0 0.0 0
2400 False 0 0.0 0
2500 False 0 0.0 0
2600 True 0 1.92171049118042 0
2700 True 0 2.1247150897979736 0
2800 False 0 0.0 0
2900 False 0 0.0 0
3000 True 0 1.9328889846801758 0
3100 False 0 0.0 0
3200 False 0 0.0 0
3300 False 0 0.0 0
3400 True 0 2.048369884490967 0
3500 False 0 0.0 0
3600 False 0 0.0 0
3700 False 0 0.0 0
3800 False 0 0.0 0
3900 True 0 1.9523766040802002 0
4000 False 0 0.0 0
4100 False 0 0.0 0
4200 True 0 2.0535106658935547 0
4300 False 0 0.0 0
4400 False 0 0.0 0
4500 False 0 0.0 0
4600 False 0 0.0 0
4700 False 0 0.0 0
4800 True 0 1.8992679119110107 0
4900 False 0 0.0 0
5000 False 0 0.0 0
5100 False 0 0.0 0
5200 False 0 0.0 0
5300 False 0 0.0 0
5400 False 0 0.0 0
5500 False 0 0.0 0
5600 True 0 1.8790292739868164 0
5700 False 0 0.0 0
5800 False 0 0.0 0
5900 False 0 0.0 0
6000 False 0 0.0 0
6100 False 0 0.0 0
6200 False 0 0.0 0
6300 False 0 0.0 0
6400 True 0 1.880387783050537 0
6500 False 0 0.0 0
6600 False 0 0.0 0
6700 False 0 0.0 0
6800 False 0 0.0 0
6900 True 0 1.9223167896270752 0
7000 True 0 1.8912429809570312 0
7100 False 0 0.0 0
7200 False 0 0.0 0
7300 True 0 2.0158982276916504 0
7400 False 0 0.0 0
7500 False 0 0.0 0
7600 True 0 1.8568971157073975 0
7700 False 0 0.0 0
7800 False 0 0.0 0
7900 False 0 0.0 0
8000 False 0 0.0 0
8100 True 0 1.897538661956787 0
8200 True 0 1.8916058540344238 0
8300 False 0 0.0 0
8400 False 0 0.0 0
8500 False 0 0.0 0
8600 True 0 1.8856749534606934 0
8700 False 0 0.0 0
8800 False 0 0.0 0
8900 False 0 0.0 0
9000 True 0 1.8844549655914307 0
9100 False 0 0.0 0
9200 True 0 2.0632588863372803 0
9300 False 0 0.0 0
9400 False 0 0.0 0
9500 False 0 0.0 0
9600 False 0 0.0 0
9700 False 0 0.0 0
9800 True 0 1.8789727687835693 0
9900 True 0 1.8941590785980225 0
