0 True 0 3.3759267330169678 0
100 True 0 1.3284616470336914 0
200 True 0 1.2445499897003174 0
300 True 0 1.2758245468139648 0
400 True 0 1.229356288909912 0
500 True 0 1.2332534790039062 0
600 True 0 1.2659673690795898 0
700 True 0 1.2570693492889404 0
800 True 0 1.245286226272583 0
900 True 0 1.258812427520752 0
1000 True 0 1.2541747093200684 0
1100 True 0 1.2425532341003418 0
1200 False 0 0.0 0
1300 True 0 1.2554702758789062 0
1400 True 0 1.239337682723999 0
1500 False 0 0.0 0
1600 True 0 1.2408497333526611 0
1700 True 0 1.2433817386627197 0
1800 True 0 1.236692190170288 0
1900 True 0 1.2358567714691162 0
2000 True 0 1.2548716068267822 0
2100 True 0 1.2426464557647705 0
2200 True 0 1.2885050773620605 0
2300 True 0 1.2285645008087158 0
2400 True 0 1.2972309589385986 0
2500 True 0 1.2680046558380127 0
2600 True 0 1.2367546558380127 0
2700 True 0 1.2560293674468994 0
2800 True 0 1.2539927959442139 0
2900 True 0 1.2662091255187988 0
3000 True 0 1.2822375297546387 0
3100 True 0 1.3615355491638184 0
3200 True 0 1.3090596199035645 0
3300 True 0 2.049053907394409 0
3400 True 0 1.7270777225494385 0
3500 True 0 1.236043930053711 0
3600 True 0 1.2555723190307617 0
3700 True 0 1.253610372543335 0
3800 True 0 1.2979893684387207 0
3900 True 0 1.313504934310913 0
4000 True 0 1.6858000755310059 0
4100 True 0 1.7712702751159668 0
4200 True 0 2.0478434562683105 0
4300 True 0 1.5076758861541748 0
4400 True 0 1.908280611038208 0
4500 False 0 0.0 0
4600 True 0 2.0414552688598633 0
4700 True 0 2.02466082572937 0
4800 True 0 1.9574196338653564 0
4900 True 0 1.2588586807250977 0
5000 True 0 1.6049537658691406 0
5100 True 0 1.715991735458374 0
5200 True 0 2.0169384479522705 0
5300 True 0 2.030146837234497 0
5400 True 0 1.3101527690887451 0
5500 True 0 1.3889362812042236 0
5600 False 0 0.0 0
5700 True 0 1.306288719177246 0
5800 True 0 1.2775707244873047 0
5900 True 0 1.2624890804290771 0
6000 True 0 2.025153875350952 0
6100 True 0 2.166841506958008 0
6200 True 0 2.1343443393707275 0
6300 True 0 2.019118547439575 0
6400 True 0 2.149832248687744 0
6500 True 0 2.016761302947998 0
6600 True 0 2.087855339050293 0
6700 True 0 2.036100149154663 0
6800 True 0 2.025050163269043 0
6900 True 0 2.045206308364868 0
7000 True 0 2.125155448913574 0
7100 True 0 2.0491087436676025 0
7200 True 0 2.0399553775787354 0
7300 True 0 2.103193998336792 0
7400 True 0 2.0572030544281006 0
7500 True 0 2.013857364654541 0
7600 True 0 2.046243667602539 0
7700 True 0 2.1691455841064453 0
7800 False 0 0.0 0
7900 True 0 2.071328639984131 0
8000 True 0 2.0134081840515137 0
8100 True 0 2.022627115249634 0
8200 True 0 2.0177431106567383 0
8300 True 0 2.0116729736328125 0
8400 True 0 2.0177762508392334 0
8500 True 0 2.0214896202087402 0
8600 True 0 2.05621075630188 0
8700 True 0 2.058321952819824 0
8800 True 0 2.0208005905151367 0
8900 True 0 2.1074306964874268 0
9000 True 0 2.011657238006592 0
9100 True 0 2.079793930053711 0
9200 True 0 2.062762498855591 0
9300 True 0 2.043213129043579 0
9400 True 0 2.0327517986297607 0
9500 True 0 1.9769814014434814 0
9600 True 0 2.030259609222412 0
9700 True 0 2.1124963760375977 0
9800 True 0 2.359052896499634 0
9900 True 0 2.2392349243164062 0
