0 False 0 0.0 0
100 False 0 0.0 0
200 False 0 0.0 0
300 True 1 0.004092216491699219 0
400 True 1 0.004230976104736328 0
500 False 0 0.0 0
600 True 1 0.003946781158447266 0
700 False 0 0.0 0
800 False 0 0.0 0
900 False 0 0.0 0
1000 True 1 0.004073381423950195 0
1100 False 0 0.0 0
1200 False 0 0.0 0
1300 True 1 0.004172086715698242 0
1400 True 1 0.003917217254638672 0
1500 False 0 0.0 0
1600 False 0 0.0 0
1700 False 0 0.0 0
1800 False 0 0.0 0
1900 True 1 0.004064321517944336 0
2000 False 0 0.0 0
2100 False 0 0.0 0
2200 True 1 0.004233121871948242 0
2300 False 0 0.0 0
2400 True 1 0.003978252410888672 0
2500 False 0 0.0 0
2600 True 1 0.004067897796630859 0
2700 False 0 0.0 0
2800 False 0 0.0 0
2900 False 0 0.0 0
3000 True 1 0.004286527633666992 0
3100 True 1 0.004334211349487305 0
3200 False 0 0.0 0
3300 False 0 0.0 0
3400 True 1 0.00422358512878418 0
3500 False 0 0.0 0
3600 True 0 0.004260063171386719 0
3700 False 0 0.0 0
3800 True 1 0.004128217697143555 0
3900 False 0 0.0 0
4000 True 0 0.0039691925048828125 0
4100 True 1 0.0041730403900146484 0
4200 False 0 0.0 0
4300 False 0 0.0 0
4400 False 0 0.0 0
4500 False 0 0.0 0
4600 False 0 0.0 0
4700 False 0 0.0 0
4800 True 1 0.00412297248840332 0
4900 False 0 0.0 0
5000 False 0 0.0 0
5100 False 0 0.0 0
5200 False 0 0.0 0
5300 False 0 0.0 0
5400 False 0 0.0 0
5500 False 0 0.0 0
5600 False 0 0.0 0
5700 False 0 0.0 0
5800 False 0 0.0 0
5900 False 0 0.0 0
6000 True 0 0.003941535949707031 0
6100 True 1 0.004252195358276367 0
6200 False 0 0.0 0
6300 False 0 0.0 0
6400 False 0 0.0 0
6500 False 0 0.0 0
6600 False 0 0.0 0
6700 True 0 0.003976583480834961 0
6800 True 1 0.004067659378051758 0
6900 False 0 0.0 0
7000 False 0 0.0 0
7100 True 1 0.004157543182373047 0
7200 False 0 0.0 0
7300 False 0 0.0 0
7400 False 0 0.0 0
7500 False 0 0.0 0
7600 False 0 0.0 0
7700 True 1 0.003936767578125 0
7800 True 1 0.003949880599975586 0
7900 False 0 0.0 0
8000 False 0 0.0 0
8100 False 0 0.0 0
8200 False 0 0.0 0
8300 False 0 0.0 0
8400 False 0 0.0 0
8500 False 0 0.0 0
8600 False 0 0.0 0
8700 False 0 0.0 0
8800 True 1 0.004198312759399414 0
8900 False 0 0.0 0
9000 False 0 0.0 0
9100 False 0 0.0 0
9200 True 1 0.004067420959472656 0
9300 False 0 0.0 0
9400 True 1 0.00393366813659668 0
9500 False 0 0.0 0
9600 True 1 0.003975868225097656 0
9700 True 1 0.004233360290527344 0
9800 False 0 0.0 0
9900 True 1 0.00397181510925293 0
