0 True 1 0.0066661834716796875 0
100 False 0 0.0 0
200 False 0 0.0 0
300 True 1 0.0062351226806640625 0
400 True 1 0.006220102310180664 0
500 False 0 0.0 0
600 False 0 0.0 0
700 True 1 0.006138801574707031 0
800 False 0 0.0 0
900 False 0 0.0 0
1000 True 1 0.006125926971435547 0
1100 False 0 0.0 0
1200 True 1 0.006123065948486328 0
1300 False 0 0.0 0
1400 False 0 0.0 0
1500 True 1 0.0063343048095703125 0
1600 False 0 0.0 0
1700 False 0 0.0 0
1800 False 0 0.0 0
1900 True 1 0.006311178207397461 0
2000 False 0 0.0 0
2100 False 0 0.0 0
2200 True 1 0.007911920547485352 0
2300 True 1 0.0074465274810791016 0
2400 True 1 0.0075604915618896484 0
2500 False 0 0.0 0
2600 True 1 0.00771784782409668 0
2700 False 0 0.0 0
2800 True 1 0.00613856315612793 0
2900 False 0 0.0 0
3000 True 1 0.00606083869934082 0
3100 True 1 0.0061187744140625 0
3200 False 0 0.0 0
3300 False 0 0.0 0
3400 False 0 0.0 0
3500 True 1 0.006090402603149414 0
3600 False 0 0.0 0
3700 False 0 0.0 0
3800 True 1 0.0059735774993896484 0
3900 True 0 0.006047487258911133 0
4000 False 0 0.0 0
4100 True 1 0.0060901641845703125 0
4200 False 0 0.0 0
4300 True 1 0.006048917770385742 0
4400 False 0 0.0 0
4500 False 0 0.0 0
4600 True 0 0.0059947967529296875 0
4700 False 0 0.0 0
4800 True 1 0.006072998046875 0
4900 True 1 0.006064653396606445 0
5000 True 1 0.00628209114074707 0
5100 True 1 0.0062808990478515625 0
5200 True 1 0.006548643112182617 0
5300 False 0 0.0 0
5400 True 1 0.008266448974609375 0
5500 False 0 0.0 0
5600 False 0 0.0 0
5700 True 1 0.0060749053955078125 0
5800 False 0 0.0 0
5900 False 0 0.0 0
6000 True 1 0.00618743896484375 0
6100 True 1 0.008641719818115234 0
6200 False 0 0.0 0
6300 False 0 0.0 0
6400 False 0 0.0 0
6500 False 0 0.0 0
6600 True 1 0.0061452388763427734 0
6700 True 1 0.006346225738525391 0
6800 True 1 0.0062181949615478516 0
6900 False 0 0.0 0
7000 False 0 0.0 0
7100 False 0 0.0 0
7200 False 0 0.0 0
7300 True 1 0.006280422210693359 0
7400 True 1 0.0060079097747802734 0
7500 False 0 0.0 0
7600 False 0 0.0 0
7700 True 1 0.006087064743041992 0
7800 True 1 0.006196737289428711 0
7900 False 0 0.0 0
8000 True 1 0.006070137023925781 0
8100 False 0 0.0 0
8200 False 0 0.0 0
8300 False 0 0.0 0
8400 False 0 0.0 0
8500 True 1 0.006189823150634766 0
8600 False 0 0.0 0
8700 True 1 0.006147861480712891 0
8800 True 1 0.00612187385559082 0
8900 False 0 0.0 0
9000 True 1 0.0061032772064208984 0
9100 False 0 0.0 0
9200 True 1 0.005987405776977539 0
9300 False 0 0.0 0
9400 True 0 0.006118297576904297 0
9500 False 0 0.0 0
9600 True 1 0.006314277648925781 0
9700 True 1 0.006125926971435547 0
9800 True 0 0.006179332733154297 0
9900 False 0 0.0 0
