0 True 0 0.4831404685974121 0
100 False 0 0.0 0
200 False 0 0.0 0
300 True 0 0.47750401496887207 0
400 True 1 0.4736180305480957 0
500 False 0 0.0 0
600 True 1 0.47658491134643555 0
700 True 1 0.4758260250091553 0
800 True 1 0.4710421562194824 0
900 False 0 0.0 0
1000 True 1 0.47597575187683105 0
1100 False 0 0.0 0
1200 True 1 0.47445178031921387 0
1300 True 1 0.4675445556640625 0
1400 True 1 0.4746067523956299 0
1500 True 0 0.46622133255004883 0
1600 False 0 0.0 0
1700 False 0 0.0 0
1800 False 0 0.0 0
1900 True 1 0.47719526290893555 0
2000 False 0 0.0 0
2100 False 0 0.0 0
2200 True 1 0.4740877151489258 0
2300 False 0 0.0 0
2400 True 1 0.46402478218078613 0
2500 False 0 0.0 0
2600 True 1 0.4732224941253662 0
2700 True 1 0.4721808433532715 0
2800 True 0 0.4674501419067383 0
2900 False 0 0.0 0
3000 True 1 0.471088171005249 0
3100 True 1 0.4737100601196289 0
3200 False 0 0.0 0
3300 False 0 0.0 0
3400 False 0 0.0 0
3500 True 1 0.46460676193237305 0
3600 False 0 0.0 0
3700 False 0 0.0 0
3800 True 1 0.474778413772583 0
3900 False 0 0.0 0
4000 False 0 0.0 0
4100 True 1 0.4730253219604492 0
4200 False 0 0.0 0
4300 True 1 0.4689514636993408 0
4400 False 0 0.0 0
4500 True 0 0.4653608798980713 0
4600 False 0 0.0 0
4700 False 0 0.0 0
4800 True 1 0.47823429107666016 0
4900 False 0 0.0 0
5000 True 1 0.46352362632751465 0
5100 True 1 0.4720778465270996 0
5200 True 1 0.46811556816101074 0
5300 True 0 0.4772038459777832 0
5400 True 1 0.47241759300231934 0
5500 True 0 0.47016263008117676 0
5600 True 0 0.47191524505615234 0
5700 True 1 0.46773600578308105 0
5800 False 0 0.0 0
5900 False 0 0.0 0
6000 True 0 0.4732825756072998 0
6100 True 1 0.4691791534423828 0
6200 True 1 0.4759650230407715 0
6300 False 0 0.0 0
6400 True 1 0.4721660614013672 0
6500 False 0 0.0 0
6600 True 1 0.4765307903289795 0
6700 False 0 0.0 0
6800 True 0 0.4734318256378174 0
6900 False 0 0.0 0
7000 False 0 0.0 0
7100 True 0 0.4680745601654053 0
7200 True 0 0.47095799446105957 0
7300 False 0 0.0 0
7400 True 1 0.46591734886169434 0
7500 True 1 0.47032833099365234 0
7600 False 0 0.0 0
7700 True 1 0.46959567070007324 0
7800 True 0 0.47874021530151367 0
7900 False 0 0.0 0
8000 True 0 0.4661285877227783 0
8100 False 0 0.0 0
8200 False 0 0.0 0
8300 False 0 0.0 0
8400 True 1 0.46138882637023926 0
8500 True 0 0.47032976150512695 0
8600 True 1 0.4601151943206787 0
8700 True 1 0.47292065620422363 0
8800 True 1 0.46533656120300293 0
8900 True 1 0.4666585922241211 0
9000 True 1 0.4621114730834961 0
9100 False 0 0.0 0
9200 True 1 0.4707038402557373 0
9300 True 1 0.4650139808654785 0
9400 True 1 0.4657731056213379 0
9500 False 0 0.0 0
9600 True 1 0.4620232582092285 0
9700 True 1 0.4723477363586426 0
9800 True 1 0.4630093574523926 0
9900 True 1 0.4635732173919678 0
