0 True 0.0 2.919703245162964 0
100 False 0.0 0.0 0
200 True 0.0 2.9225897789001465 0
300 True 0.0029296875 2.920727014541626 0
400 True 0.0068359375 2.9153850078582764 0
500 False 0.0 0.0 0
600 True 0.0029296875 2.916863441467285 0
700 True 0.001953125 2.920712947845459 0
800 True 0.005859375 2.9249682426452637 0
900 True 0.0009765625 2.9311416149139404 0
1000 True 0.0048828125 2.9265782833099365 0
1100 False 0.0 0.0 0
1200 True 0.0048828125 2.9252586364746094 0
1300 True 0.0009765625 2.9344632625579834 0
1400 False 0.0 0.0 0
1500 True 0.0048828125 2.933520555496216 0
1600 False 0.0 0.0 0
1700 False 0.0 0.0 0
1800 True 0.0009765625 2.9356555938720703 0
1900 True 0.0048828125 2.9412178993225098 0
2000 True 0.0009765625 2.9442906379699707 0
2100 False 0.0 0.0 0
2200 True 0.001953125 2.9401257038116455 0
2300 False 0.0 0.0 0
2400 True 0.0087890625 2.9430129528045654 0
2500 True 0.0 2.9436066150665283 0
2600 True 0.00390625 2.947877883911133 0
2700 True 0.0029296875 2.94997501373291 0
2800 True 0.0 2.9512417316436768 0
2900 False 0.0 0.0 0
3000 True 0.00390625 2.9533917903900146 0
3100 True 0.0029296875 2.9575345516204834 0
3200 True 0.0029296875 2.9552080631256104 0
3300 True 0.001953125 2.955512762069702 0
3400 False 0.0 0.0 0
3500 True 0.001953125 2.960906744003296 0
3600 False 0.0 0.0 0
3700 True 0.0009765625 2.9582133293151855 0
3800 True 0.0029296875 2.9594719409942627 0
3900 False 0.0 0.0 0
4000 False 0.0 0.0 0
4100 True 0.0048828125 2.960921049118042 0
4200 False 0.0 0.0 0
4300 True 0.0048828125 2.96091628074646 0
4400 False 0.0 0.0 0
4500 False 0.0 0.0 0
4600 True 0.001953125 2.9706013202667236 0
4700 False 0.0 0.0 0
4800 True 0.0048828125 2.9680957794189453 0
4900 True 0.0009765625 2.9673566818237305 0
5000 True 0.0048828125 2.970177173614502 0
5100 True 0.001953125 2.971994400024414 0
5200 True 0.0048828125 2.970393419265747 0
5300 True 0.0009765625 2.9678382873535156 0
5400 True 0.0009765625 2.967890977859497 0
5500 False 0.0 0.0 0
5600 True 0.001953125 2.9794068336486816 0
5700 True 0.0029296875 2.9769225120544434 0
5800 False 0.0 0.0 0
5900 False 0.0 0.0 0
6000 True 0.00390625 2.9757494926452637 0
6100 True 0.001953125 2.975264310836792 0
6200 False 0.0 0.0 0
6300 True 0.0009765625 2.9749629497528076 0
6400 False 0.0 0.0 0
6500 False 0.0 0.0 0
6600 True 0.005859375 2.975874185562134 0
6700 True 0.0029296875 2.9791808128356934 0
6800 True 0.0009765625 2.9874675273895264 0
6900 True 0.001953125 2.9851648807525635 0
7000 False 0.0 0.0 0
7100 False 0.0 0.0 0
7200 True 0.001953125 2.985790491104126 0
7300 False 0.0 0.0 0
7400 True 0.00390625 2.980623245239258 0
7500 True 0.00390625 2.9826436042785645 0
7600 False 0.0 0.0 0
7700 True 0.001953125 2.9838221073150635 0
7800 True 0.0029296875 2.9855308532714844 0
7900 True 0.0029296875 2.9842357635498047 0
8000 True 0.00390625 2.9869134426116943 0
8100 False 0.0 0.0 0
8200 False 0.0 0.0 0
8300 False 0.0 0.0 0
8400 True 0.0009765625 2.9835593700408936 0
8500 True 0.00390625 2.985764980316162 0
8600 False 0.0 0.0 0
8700 True 0.001953125 2.984384298324585 0
8800 True 0.0078125 2.983593225479126 0
8900 True 0.001953125 2.98919415473938 0
9000 True 0.0068359375 2.989305019378662 0
9100 True 0.0 2.9911601543426514 0
9200 True 0.0048828125 2.986769676208496 0
9300 False 0.0 0.0 0
9400 True 0.001953125 2.9912633895874023 0
9500 True 0.00390625 2.9948203563690186 0
9600 True 0.0029296875 2.9926109313964844 0
9700 True 0.00390625 2.9925057888031006 0
9800 True 0.005859375 2.991985559463501 0
9900 True 0.001953125 2.993321180343628 0
