0 False 0.0 0.0 0
100 False 0.0 0.0 0
200 True 0.0048828125 0.501420259475708 0
300 True 0.001953125 0.42346620559692383 0
400 False 0.0 0.0 0
500 False 0.0 0.0 0
600 False 0.0 0.0 0
700 False 0.0 0.0 0
800 True 0.0009765625 0.4241218566894531 0
900 False 0.0 0.0 0
1000 True 0.00390625 0.4246346950531006 0
1100 False 0.0 0.0 0
1200 False 0.0 0.0 0
1300 False 0.0 0.0 0
1400 True 0.001953125 0.4228477478027344 0
1500 True 0.0048828125 0.42559337615966797 0
1600 False 0.0 0.0 0
1700 False 0.0 0.0 0
1800 False 0.0 0.0 0
1900 True 0.005859375 0.425304651260376 0
2000 False 0.0 0.0 0
2100 False 0.0 0.0 0
2200 True 0.005859375 0.42582106590270996 0
2300 False 0.0 0.0 0
2400 True 0.0078125 0.42383551597595215 0
2500 True 0.0009765625 0.4256775379180908 0
2600 True 0.0048828125 0.42476582527160645 0
2700 False 0.0 0.0 0
2800 False 0.0 0.0 0
2900 False 0.0 0.0 0
3000 True 0.0048828125 0.42368102073669434 0
3100 True 0.00390625 0.4248237609863281 0
3200 False 0.0 0.0 0
3300 False 0.0 0.0 0
3400 False 0.0 0.0 0
3500 True 0.0009765625 0.42635011672973633 0
3600 False 0.0 0.0 0
3700 False 0.0 0.0 0
3800 False 0.0 0.0 0
3900 False 0.0 0.0 0
4000 False 0.0 0.0 0
4100 True 0.0029296875 0.4274895191192627 0
4200 True 0.001953125 0.42371177673339844 0
4300 True 0.00390625 0.4259207248687744 0
4400 False 0.0 0.0 0
4500 False 0.0 0.0 0
4600 False 0.0 0.0 0
4700 True 0.001953125 0.4267261028289795 0
4800 False 0.0 0.0 0
4900 True 0.001953125 0.42388916015625 0
5000 False 0.0 0.0 0
5100 False 0.0 0.0 0
5200 False 0.0 0.0 0
5300 False 0.0 0.0 0
5400 True 0.001953125 0.42539548873901367 0
5500 False 0.0 0.0 0
5600 False 0.0 0.0 0
5700 False 0.0 0.0 0
5800 False 0.0 0.0 0
5900 False 0.0 0.0 0
6000 True 0.0009765625 0.4256887435913086 0
6100 True 0.001953125 0.42659807205200195 0
6200 False 0.0 0.0 0
6300 False 0.0 0.0 0
6400 False 0.0 0.0 0
6500 False 0.0 0.0 0
6600 True 0.00390625 0.4282376766204834 0
6700 True 0.0 0.42731595039367676 0
6800 True 0.001953125 0.4269735813140869 0
6900 False 0.0 0.0 0
7000 False 0.0 0.0 0
7100 False 0.0 0.0 0
7200 False 0.0 0.0 0
7300 False 0.0 0.0 0
7400 True 0.001953125 0.42530012130737305 0
7500 False 0.0 0.0 0
7600 False 0.0 0.0 0
7700 True 0.001953125 0.4264235496520996 0
7800 True 0.0048828125 0.4291691780090332 0
7900 False 0.0 0.0 0
8000 False 0.0 0.0 0
8100 False 0.0 0.0 0
8200 False 0.0 0.0 0
8300 False 0.0 0.0 0
8400 False 0.0 0.0 0
8500 True 0.0029296875 0.4259490966796875 0
8600 False 0.0 0.0 0
8700 False 0.0 0.0 0
8800 True 0.005859375 0.4275481700897217 0
8900 False 0.0 0.0 0
9000 False 0.0 0.0 0
9100 False 0.0 0.0 0
9200 True 0.0048828125 0.43599677085876465 0
9300 True 0.00390625 0.4257063865661621 0
9400 False 0.0 0.0 0
9500 False 0.0 0.0 0
9600 True 0.00390625 0.4278581142425537 0
9700 True 0.001953125 0.42847609519958496 0
9800 True 0.0068359375 0.42642784118652344 0
9900 False 0.0 0.0 0
