0 False 0 0.0 0
100 True 0 0.0043182373046875 0
200 False 0 0.0 0
300 True 1 0.00418543815612793 0
400 True 1 0.004135608673095703 0
500 False 0 0.0 0
600 False 0 0.0 0
700 True 0 0.004284858703613281 0
800 False 0 0.0 0
900 False 0 0.0 0
1000 True 0 0.004146099090576172 0
1100 False 0 0.0 0
1200 False 0 0.0 0
1300 False 0 0.0 0
1400 True 0 0.004071474075317383 0
1500 False 0 0.0 0
1600 False 0 0.0 0
1700 False 0 0.0 0
1800 False 0 0.0 0
1900 True 0 0.004035234451293945 0
2000 False 0 0.0 0
2100 False 0 0.0 0
2200 True 1 0.004198312759399414 0
2300 False 0 0.0 0
2400 True 1 0.0042798519134521484 0
2500 False 0 0.0 0
2600 True 0 0.0040836334228515625 0
2700 False 0 0.0 0
2800 False 0 0.0 0
2900 False 0 0.0 0
3000 True 1 0.004282951354980469 0
3100 True 1 0.004364013671875 0
3200 False 0 0.0 0
3300 False 0 0.0 0
3400 True 0 0.004210710525512695 0
3500 True 0 0.006330251693725586 0
3600 False 0 0.0 0
3700 False 0 0.0 0
3800 False 0 0.0 0
3900 False 0 0.0 0
4000 False 0 0.0 0
4100 True 1 0.004165172576904297 0
4200 True 0 0.004423856735229492 0
4300 False 0 0.0 0
4400 False 0 0.0 0
4500 False 0 0.0 0
4600 False 0 0.0 0
4700 False 0 0.0 0
4800 True 1 0.0041697025299072266 0
4900 False 0 0.0 0
5000 True 0 0.005087614059448242 0
5100 False 0 0.0 0
5200 True 0 0.0042095184326171875 0
5300 False 0 0.0 0
5400 True 0 0.0043566226959228516 0
5500 False 0 0.0 0
5600 False 0 0.0 0
5700 False 0 0.0 0
5800 False 0 0.0 0
5900 False 0 0.0 0
6000 False 0 0.0 0
6100 True 0 0.004090070724487305 0
6200 False 0 0.0 0
6300 False 0 0.0 0
6400 False 0 0.0 0
6500 False 0 0.0 0
6600 False 0 0.0 0
6700 True 0 0.004370927810668945 0
6800 True 0 0.004099607467651367 0
6900 False 0 0.0 0
7000 False 0 0.0 0
7100 True 1 0.004106283187866211 0
7200 False 0 0.0 0
7300 False 0 0.0 0
7400 False 0 0.0 0
7500 False 0 0.0 0
7600 False 0 0.0 0
7700 True 1 0.004174232482910156 0
7800 True 1 0.004156351089477539 0
7900 False 0 0.0 0
8000 True 1 0.004453897476196289 0
8100 False 0 0.0 0
8200 False 0 0.0 0
8300 False 0 0.0 0
8400 False 0 0.0 0
8500 True 0 0.004407644271850586 0
8600 False 0 0.0 0
8700 False 0 0.0 0
8800 True 1 0.0040624141693115234 0
8900 False 0 0.0 0
9000 False 0 0.0 0
9100 False 0 0.0 0
9200 True 0 0.005591630935668945 0
9300 True 0 0.004181623458862305 0
9400 False 0 0.0 0
9500 False 0 0.0 0
9600 True 1 0.004407405853271484 0
9700 True 1 0.004267215728759766 0
9800 False 0 0.0 0
9900 False 0 0.0 0
