0 True 0.01171875 0.03300070762634277 0
100 False 0.0 0.0 0
200 False 0.0 0.0 0
300 True 0.0263671875 0.034160614013671875 0
400 True 0.0166015625 0.03289461135864258 0
500 False 0.0 0.0 0
600 True 0.00390625 0.03382134437561035 0
700 True 0.0029296875 0.03293561935424805 0
800 True 0.0048828125 0.03357338905334473 0
900 False 0.0 0.0 0
1000 True 0.0244140625 0.04025840759277344 0
1100 False 0.0 0.0 0
1200 True 0.01171875 0.03336739540100098 0
1300 False 0.0 0.0 0
1400 True 0.005859375 0.03366374969482422 0
1500 True 0.0107421875 0.03333401679992676 0
1600 False 0.0 0.0 0
1700 False 0.0 0.0 0
1800 False 0.0 0.0 0
1900 True 0.01171875 0.03295159339904785 0
2000 False 0.0 0.0 0
2100 False 0.0 0.0 0
2200 True 0.0478515625 0.033308982849121094 0
2300 False 0.0 0.0 0
2400 True 0.0537109375 0.03296637535095215 0
2500 False 0.0 0.0 0
2600 True 0.0283203125 0.03682112693786621 0
2700 False 0.0 0.0 0
2800 False 0.0 0.0 0
2900 False 0.0 0.0 0
3000 True 0.052734375 0.03420901298522949 0
3100 True 0.037109375 0.04180288314819336 0
3200 False 0.0 0.0 0
3300 False 0.0 0.0 0
3400 False 0.0 0.0 0
3500 True 0.013671875 0.032904863357543945 0
3600 False 0.0 0.0 0
3700 False 0.0 0.0 0
3800 False 0.0 0.0 0
3900 False 0.0 0.0 0
4000 False 0.0 0.0 0
4100 True 0.041015625 0.03410053253173828 0
4200 True 0.0029296875 0.03403425216674805 0
4300 True 0.025390625 0.03472733497619629 0
4400 False 0.0 0.0 0
4500 False 0.0 0.0 0
4600 False 0.0 0.0 0
4700 False 0.0 0.0 0
4800 True 0.01171875 0.032994985580444336 0
4900 False 0.0 0.0 0
5000 True 0.0224609375 0.033907175064086914 0
5100 True 0.0087890625 0.03322958946228027 0
5200 True 0.0234375 0.034338951110839844 0
5300 False 0.0 0.0 0
5400 True 0.009765625 0.033852577209472656 0
5500 False 0.0 0.0 0
5600 False 0.0 0.0 0
5700 True 0.0029296875 0.034842729568481445 0
5800 False 0.0 0.0 0
5900 False 0.0 0.0 0
6000 True 0.0087890625 0.03551626205444336 0
6100 True 0.0146484375 0.03411507606506348 0
6200 False 0.0 0.0 0
6300 False 0.0 0.0 0
6400 False 0.0 0.0 0
6500 False 0.0 0.0 0
6600 True 0.0234375 0.056894540786743164 0
6700 False 0.0 0.0 0
6800 True 0.0078125 0.042647361755371094 0
6900 False 0.0 0.0 0
7000 False 0.0 0.0 0
7100 False 0.0 0.0 0
7200 False 0.0 0.0 0
7300 True 0.0009765625 0.033248186111450195 0
7400 True 0.0166015625 0.0339665412902832 0
7500 False 0.0 0.0 0
7600 True 0.0 0.033111572265625 0
7700 True 0.015625 0.03389716148376465 0
7800 True 0.029296875 0.03300833702087402 0
7900 False 0.0 0.0 0
8000 True 0.033203125 0.03352856636047363 0
8100 False 0.0 0.0 0
8200 False 0.0 0.0 0
8300 False 0.0 0.0 0
8400 False 0.0 0.0 0
8500 True 0.01171875 0.03298759460449219 0
8600 False 0.0 0.0 0
8700 True 0.013671875 0.03522658348083496 0
8800 True 0.0654296875 0.03481483459472656 0
8900 False 0.0 0.0 0
9000 True 0.013671875 0.03347158432006836 0
9100 False 0.0 0.0 0
9200 True 0.0341796875 0.03284573554992676 0
9300 False 0.0 0.0 0
9400 False 0.0 0.0 0
9500 False 0.0 0.0 0
9600 True 0.0341796875 0.03318023681640625 0
9700 True 0.0234375 0.03731417655944824 0
9800 True 0.0048828125 0.03400254249572754 0
9900 False 0.0 0.0 0
