0 False 0 0.0 0
100 False 0 0.0 0
200 False 0 0.0 0
300 True 1 0.004630088806152344 0
400 True 1 0.004187822341918945 0
500 False 0 0.0 0
600 False 0 0.0 0
700 False 0 0.0 0
800 True 1 0.004101991653442383 0
900 False 0 0.0 0
1000 True 1 0.00391697883605957 0
1100 False 0 0.0 0
1200 False 0 0.0 0
1300 True 1 0.004048824310302734 0
1400 True 1 0.004052877426147461 0
1500 False 0 0.0 0
1600 False 0 0.0 0
1700 False 0 0.0 0
1800 False 0 0.0 0
1900 True 1 0.003983974456787109 0
2000 False 0 0.0 0
2100 False 0 0.0 0
2200 True 1 0.004111528396606445 0
2300 False 0 0.0 0
2400 True 1 0.0038814544677734375 0
2500 False 0 0.0 0
2600 True 1 0.004107236862182617 0
2700 False 0 0.0 0
2800 False 0 0.0 0
2900 False 0 0.0 0
3000 True 1 0.004065036773681641 0
3100 True 1 0.004075765609741211 0
3200 False 0 0.0 0
3300 True 0 0.003933429718017578 0
3400 True 1 0.004152059555053711 0
3500 True 0 0.004143238067626953 0
3600 False 0 0.0 0
3700 False 0 0.0 0
3800 True 1 0.003922224044799805 0
3900 False 0 0.0 0
4000 False 0 0.0 0
4100 True 1 0.004095792770385742 0
4200 False 0 0.0 0
4300 True 1 0.00403594970703125 0
4400 False 0 0.0 0
4500 False 0 0.0 0
4600 True 0 0.0040149688720703125 0
4700 True 0 0.00421142578125 0
4800 True 1 0.003943443298339844 0
4900 False 0 0.0 0
5000 True 1 0.00414586067199707 0
5100 False 0 0.0 0
5200 False 0 0.0 0
5300 False 0 0.0 0
5400 False 0 0.0 0
5500 True 1 0.004124164581298828 0
5600 True 0 0.004078865051269531 0
5700 True 0 0.003999948501586914 0
5800 False 0 0.0 0
5900 False 0 0.0 0
6000 True 1 0.004024028778076172 0
6100 True 1 0.004170894622802734 0
6200 False 0 0.0 0
6300 False 0 0.0 0
6400 False 0 0.0 0
6500 False 0 0.0 0
6600 True 1 0.003985166549682617 0
6700 True 0 0.003943681716918945 0
6800 True 1 0.00411677360534668 0
6900 False 0 0.0 0
7000 False 0 0.0 0
7100 True 1 0.004002809524536133 0
7200 False 0 0.0 0
7300 False 0 0.0 0
7400 False 0 0.0 0
7500 False 0 0.0 0
7600 False 0 0.0 0
7700 True 1 0.003965616226196289 0
7800 True 1 0.004072427749633789 0
7900 False 0 0.0 0
8000 True 1 0.004003047943115234 0
8100 False 0 0.0 0
8200 False 0 0.0 0
8300 False 0 0.0 0
8400 False 0 0.0 0
8500 True 1 0.004053354263305664 0
8600 False 0 0.0 0
8700 False 0 0.0 0
8800 True 1 0.004026651382446289 0
8900 False 0 0.0 0
9000 False 0 0.0 0
9100 False 0 0.0 0
9200 True 1 0.00397944450378418 0
9300 False 0 0.0 0
9400 True 1 0.004172563552856445 0
9500 False 0 0.0 0
9600 True 1 0.004122018814086914 0
9700 True 1 0.004083871841430664 0
9800 False 0 0.0 0
9900 False 0 0.0 0
