0 False 0 0.0 0
100 False 0 0.0 0
200 False 0 0.0 0
300 True 0 0.006612539291381836 0
400 True 0 0.006195783615112305 0
500 False 0 0.0 0
600 False 0 0.0 0
700 True 0 0.0060689449310302734 0
800 False 0 0.0 0
900 False 0 0.0 0
1000 True 0 0.005984067916870117 0
1100 False 0 0.0 0
1200 False 0 0.0 0
1300 False 0 0.0 0
1400 True 0 0.006142616271972656 0
1500 False 0 0.0 0
1600 False 0 0.0 0
1700 False 0 0.0 0
1800 False 0 0.0 0
1900 True 0 0.006100177764892578 0
2000 False 0 0.0 0
2100 False 0 0.0 0
2200 True 1 0.0060939788818359375 0
2300 False 0 0.0 0
2400 True 1 0.006055355072021484 0
2500 False 0 0.0 0
2600 True 0 0.0077817440032958984 0
2700 False 0 0.0 0
2800 False 0 0.0 0
2900 False 0 0.0 0
3000 True 1 0.006113290786743164 0
3100 True 0 0.006111860275268555 0
3200 False 0 0.0 0
3300 False 0 0.0 0
3400 True 0 0.006133079528808594 0
3500 True 0 0.0061795711517333984 0
3600 False 0 0.0 0
3700 False 0 0.0 0
3800 True 0 0.006363391876220703 0
3900 False 0 0.0 0
4000 False 0 0.0 0
4100 True 0 0.006067037582397461 0
4200 True 0 0.007700443267822266 0
4300 True 0 0.0062520503997802734 0
4400 False 0 0.0 0
4500 False 0 0.0 0
4600 False 0 0.0 0
4700 True 0 0.006944179534912109 0
4800 True 0 0.007710933685302734 0
4900 True 0 0.00755000114440918 0
5000 True 0 0.006303310394287109 0
5100 False 0 0.0 0
5200 True 0 0.006051540374755859 0
5300 False 0 0.0 0
5400 True 0 0.006116390228271484 0
5500 False 0 0.0 0
5600 False 0 0.0 0
5700 False 0 0.0 0
5800 False 0 0.0 0
5900 False 0 0.0 0
6000 False 0 0.0 0
6100 True 0 0.006082296371459961 0
6200 False 0 0.0 0
6300 False 0 0.0 0
6400 False 0 0.0 0
6500 False 0 0.0 0
6600 True 0 0.006089925765991211 0
6700 True 0 0.006094932556152344 0
6800 True 0 0.006115436553955078 0
6900 False 0 0.0 0
7000 False 0 0.0 0
7100 True 0 0.005982637405395508 0
7200 False 0 0.0 0
7300 False 0 0.0 0
7400 False 0 0.0 0
7500 False 0 0.0 0
7600 False 0 0.0 0
7700 True 0 0.006195545196533203 0
7800 True 0 0.006282806396484375 0
7900 False 0 0.0 0
8000 True 0 0.006118297576904297 0
8100 False 0 0.0 0
8200 False 0 0.0 0
8300 False 0 0.0 0
8400 False 0 0.0 0
8500 False 0 0.0 0
8600 False 0 0.0 0
8700 False 0 0.0 0
8800 True 1 0.0062122344970703125 0
8900 False 0 0.0 0
9000 True 0 0.006095170974731445 0
9100 False 0 0.0 0
9200 True 1 0.006196737289428711 0
9300 True 0 0.006070137023925781 0
9400 False 0 0.0 0
9500 False 0 0.0 0
9600 True 0 0.006059169769287109 0
9700 True 1 0.0061795711517333984 0
9800 False 0 0.0 0
9900 False 0 0.0 0
