0 False 0.0 0.0 0
100 False 0.0 0.0 0
200 False 0.0 0.0 0
300 True 0.0185546875 0.05061674118041992 0
400 True 0.0224609375 0.05072832107543945 0
500 False 0.0 0.0 0
600 False 0.0 0.0 0
700 True 0.0048828125 0.05021309852600098 0
800 False 0.0 0.0 0
900 False 0.0 0.0 0
1000 True 0.0185546875 0.051370859146118164 0
1100 False 0.0 0.0 0
1200 False 0.0 0.0 0
1300 False 0.0 0.0 0
1400 True 0.0205078125 0.05013728141784668 0
1500 False 0.0 0.0 0
1600 False 0.0 0.0 0
1700 False 0.0 0.0 0
1800 False 0.0 0.0 0
1900 True 0.0283203125 0.05156302452087402 0
2000 False 0.0 0.0 0
2100 False 0.0 0.0 0
2200 True 0.03125 0.04995369911193848 0
2300 False 0.0 0.0 0
2400 True 0.0703125 0.0503692626953125 0
2500 False 0.0 0.0 0
2600 True 0.02734375 0.05085253715515137 0
2700 False 0.0 0.0 0
2800 False 0.0 0.0 0
2900 False 0.0 0.0 0
3000 True 0.041015625 0.05045342445373535 0
3100 True 0.025390625 0.05144548416137695 0
3200 False 0.0 0.0 0
3300 False 0.0 0.0 0
3400 True 0.001953125 0.05016160011291504 0
3500 True 0.0185546875 0.050353288650512695 0
3600 False 0.0 0.0 0
3700 False 0.0 0.0 0
3800 True 0.01171875 0.05083441734313965 0
3900 False 0.0 0.0 0
4000 False 0.0 0.0 0
4100 True 0.029296875 0.04971718788146973 0
4200 True 0.0029296875 0.05112123489379883 0
4300 True 0.0048828125 0.050217628479003906 0
4400 False 0.0 0.0 0
4500 False 0.0 0.0 0
4600 False 0.0 0.0 0
4700 True 0.00390625 0.05127668380737305 0
4800 True 0.02734375 0.05027413368225098 0
4900 True 0.009765625 0.050599098205566406 0
5000 True 0.01953125 0.05054616928100586 0
5100 False 0.0 0.0 0
5200 True 0.00390625 0.050052642822265625 0
5300 False 0.0 0.0 0
5400 True 0.009765625 0.051119089126586914 0
5500 False 0.0 0.0 0
5600 False 0.0 0.0 0
5700 False 0.0 0.0 0
5800 False 0.0 0.0 0
5900 False 0.0 0.0 0
6000 False 0.0 0.0 0
6100 True 0.0146484375 0.04996633529663086 0
6200 False 0.0 0.0 0
6300 False 0.0 0.0 0
6400 False 0.0 0.0 0
6500 False 0.0 0.0 0
6600 True 0.015625 0.0503079891204834 0
6700 True 0.0068359375 0.052379608154296875 0
6800 True 0.0126953125 0.05249166488647461 0
6900 False 0.0 0.0 0
7000 False 0.0 0.0 0
7100 True 0.0302734375 0.05355119705200195 0
7200 False 0.0 0.0 0
7300 False 0.0 0.0 0
7400 False 0.0 0.0 0
7500 False 0.0 0.0 0
7600 False 0.0 0.0 0
7700 True 0.017578125 0.0632944107055664 0
7800 True 0.025390625 0.05190134048461914 0
7900 False 0.0 0.0 0
8000 True 0.0263671875 0.06073641777038574 0
8100 False 0.0 0.0 0
8200 False 0.0 0.0 0
8300 False 0.0 0.0 0
8400 False 0.0 0.0 0
8500 False 0.0 0.0 0
8600 False 0.0 0.0 0
8700 False 0.0 0.0 0
8800 True 0.0537109375 0.05055665969848633 0
8900 False 0.0 0.0 0
9000 True 0.015625 0.05013751983642578 0
9100 False 0.0 0.0 0
9200 True 0.03125 0.05085253715515137 0
9300 True 0.017578125 0.05270671844482422 0
9400 False 0.0 0.0 0
9500 False 0.0 0.0 0
9600 True 0.0283203125 0.05315375328063965 0
9700 True 0.03515625 0.050473928451538086 0
9800 False 0.0 0.0 0
9900 False 0.0 0.0 0
