0 True 0.0087890625 0.05062365531921387 0
100 False 0.0 0.0 0
200 False 0.0 0.0 0
300 True 0.015625 0.056897640228271484 0
400 True 0.0263671875 0.04971432685852051 0
500 False 0.0 0.0 0
600 True 0.0068359375 0.05098128318786621 0
700 True 0.009765625 0.05053114891052246 0
800 True 0.0048828125 0.050045013427734375 0
900 False 0.0 0.0 0
1000 True 0.0185546875 0.050853729248046875 0
1100 False 0.0 0.0 0
1200 True 0.0029296875 0.050200462341308594 0
1300 False 0.0 0.0 0
1400 True 0.009765625 0.05151939392089844 0
1500 True 0.0009765625 0.05070638656616211 0
1600 False 0.0 0.0 0
1700 False 0.0 0.0 0
1800 False 0.0 0.0 0
1900 True 0.0234375 0.05113482475280762 0
2000 False 0.0 0.0 0
2100 False 0.0 0.0 0
2200 True 0.02734375 0.050522804260253906 0
2300 True 0.005859375 0.053960561752319336 0
2400 True 0.04296875 0.052091121673583984 0
2500 False 0.0 0.0 0
2600 True 0.0166015625 0.058756351470947266 0
2700 False 0.0 0.0 0
2800 False 0.0 0.0 0
2900 False 0.0 0.0 0
3000 True 0.0263671875 0.051729440689086914 0
3100 True 0.01953125 0.07735013961791992 0
3200 False 0.0 0.0 0
3300 False 0.0 0.0 0
3400 False 0.0 0.0 0
3500 True 0.0107421875 0.07571554183959961 0
3600 False 0.0 0.0 0
3700 False 0.0 0.0 0
3800 True 0.009765625 0.05139303207397461 0
3900 False 0.0 0.0 0
4000 False 0.0 0.0 0
4100 True 0.025390625 0.051457881927490234 0
4200 True 0.0009765625 0.05257153511047363 0
4300 True 0.017578125 0.06210660934448242 0
4400 False 0.0 0.0 0
4500 False 0.0 0.0 0
4600 False 0.0 0.0 0
4700 False 0.0 0.0 0
4800 True 0.0244140625 0.05229067802429199 0
4900 True 0.0126953125 0.049745798110961914 0
5000 True 0.0087890625 0.05048990249633789 0
5100 True 0.013671875 0.050757646560668945 0
5200 True 0.0244140625 0.05059623718261719 0
5300 False 0.0 0.0 0
5400 True 0.0029296875 0.05069541931152344 0
5500 False 0.0 0.0 0
5600 False 0.0 0.0 0
5700 True 0.0009765625 0.04965496063232422 0
5800 False 0.0 0.0 0
5900 False 0.0 0.0 0
6000 True 0.0087890625 0.050003767013549805 0
6100 True 0.013671875 0.049941062927246094 0
6200 True 0.001953125 0.05253005027770996 0
6300 False 0.0 0.0 0
6400 False 0.0 0.0 0
6500 False 0.0 0.0 0
6600 True 0.01953125 0.05080986022949219 0
6700 True 0.0048828125 0.05081892013549805 0
6800 True 0.0087890625 0.05026555061340332 0
6900 False 0.0 0.0 0
7000 False 0.0 0.0 0
7100 True 0.015625 0.05050826072692871 0
7200 False 0.0 0.0 0
7300 False 0.0 0.0 0
7400 True 0.0078125 0.049925804138183594 0
7500 True 0.0068359375 0.05063033103942871 0
7600 False 0.0 0.0 0
7700 True 0.0068359375 0.050722360610961914 0
7800 True 0.015625 0.052437543869018555 0
7900 False 0.0 0.0 0
8000 True 0.0185546875 0.057904958724975586 0
8100 False 0.0 0.0 0
8200 False 0.0 0.0 0
8300 False 0.0 0.0 0
8400 False 0.0 0.0 0
8500 True 0.0107421875 0.05051565170288086 0
8600 False 0.0 0.0 0
8700 True 0.0146484375 0.05097675323486328 0
8800 True 0.037109375 0.05011272430419922 0
8900 False 0.0 0.0 0
9000 True 0.01953125 0.05157327651977539 0
9100 False 0.0 0.0 0
9200 True 0.0244140625 0.05068707466125488 0
9300 False 0.0 0.0 0
9400 False 0.0 0.0 0
9500 False 0.0 0.0 0
9600 True 0.021484375 0.050290822982788086 0
9700 True 0.017578125 0.05720210075378418 0
9800 False 0.0 0.0 0
9900 False 0.0 0.0 0
