0 False 0 0.0 0
100 False 0 0.0 0
200 False 0 0.0 0
300 True 1 0.006494760513305664 0
400 True 1 0.006078243255615234 0
500 False 0 0.0 0
600 False 0 0.0 0
700 True 0 0.005982398986816406 0
800 True 0 0.00617671012878418 0
900 False 0 0.0 0
1000 True 0 0.005774736404418945 0
1100 False 0 0.0 0
1200 False 0 0.0 0
1300 False 0 0.0 0
1400 True 0 0.0059583187103271484 0
1500 False 0 0.0 0
1600 False 0 0.0 0
1700 False 0 0.0 0
1800 False 0 0.0 0
1900 False 0 0.0 0
2000 False 0 0.0 0
2100 False 0 0.0 0
2200 True 1 0.00567173957824707 0
2300 False 0 0.0 0
2400 True 1 0.006067037582397461 0
2500 False 0 0.0 0
2600 True 1 0.005853891372680664 0
2700 True 0 0.006083965301513672 0
2800 False 0 0.0 0
2900 False 0 0.0 0
3000 True 1 0.0060825347900390625 0
3100 True 1 0.005982160568237305 0
3200 False 0 0.0 0
3300 False 0 0.0 0
3400 True 0 0.005566835403442383 0
3500 False 0 0.0 0
3600 False 0 0.0 0
3700 False 0 0.0 0
3800 False 0 0.0 0
3900 False 0 0.0 0
4000 False 0 0.0 0
4100 True 1 0.006249189376831055 0
4200 False 0 0.0 0
4300 False 0 0.0 0
4400 False 0 0.0 0
4500 False 0 0.0 0
4600 False 0 0.0 0
4700 False 0 0.0 0
4800 True 1 0.005647182464599609 0
4900 False 0 0.0 0
5000 False 0 0.0 0
5100 False 0 0.0 0
5200 False 0 0.0 0
5300 False 0 0.0 0
5400 False 0 0.0 0
5500 False 0 0.0 0
5600 False 0 0.0 0
5700 False 0 0.0 0
5800 False 0 0.0 0
5900 False 0 0.0 0
6000 False 0 0.0 0
6100 True 0 0.0061953067779541016 0
6200 False 0 0.0 0
6300 False 0 0.0 0
6400 False 0 0.0 0
6500 False 0 0.0 0
6600 True 1 0.005833148956298828 0
6700 True 1 0.005916118621826172 0
6800 True 1 0.005678892135620117 0
6900 False 0 0.0 0
7000 False 0 0.0 0
7100 True 1 0.005969524383544922 0
7200 False 0 0.0 0
7300 True 0 0.005664825439453125 0
7400 False 0 0.0 0
7500 False 0 0.0 0
7600 False 0 0.0 0
7700 True 1 0.005998134613037109 0
7800 True 1 0.005705356597900391 0
7900 False 0 0.0 0
8000 True 0 0.00608372688293457 0
8100 True 1 0.0056304931640625 0
8200 False 0 0.0 0
8300 False 0 0.0 0
8400 False 0 0.0 0
8500 False 0 0.0 0
8600 False 0 0.0 0
8700 False 0 0.0 0
8800 True 1 0.006011962890625 0
8900 False 0 0.0 0
9000 False 0 0.0 0
9100 False 0 0.0 0
9200 True 0 0.005498170852661133 0
9300 False 0 0.0 0
9400 True 1 0.006083011627197266 0
9500 False 0 0.0 0
9600 True 1 0.005899190902709961 0
9700 True 1 0.006008148193359375 0
9800 False 0 0.0 0
9900 False 0 0.0 0
