0 True 0.0048828125 0.051174163818359375 0
100 False 0.0 0.0 0
200 False 0.0 0.0 0
300 True 0.01171875 0.05104660987854004 0
400 True 0.0244140625 0.0508270263671875 0
500 False 0.0 0.0 0
600 False 0.0 0.0 0
700 True 0.015625 0.05029869079589844 0
800 False 0.0 0.0 0
900 False 0.0 0.0 0
1000 True 0.0107421875 0.05057859420776367 0
1100 False 0.0 0.0 0
1200 True 0.00390625 0.05374574661254883 0
1300 False 0.0 0.0 0
1400 False 0.0 0.0 0
1500 True 0.0048828125 0.050676822662353516 0
1600 False 0.0 0.0 0
1700 False 0.0 0.0 0
1800 False 0.0 0.0 0
1900 True 0.0146484375 0.054633140563964844 0
2000 False 0.0 0.0 0
2100 False 0.0 0.0 0
2200 True 0.0234375 0.053894996643066406 0
2300 True 0.0029296875 0.05196809768676758 0
2400 True 0.0283203125 0.052290916442871094 0
2500 False 0.0 0.0 0
2600 True 0.0126953125 0.052138328552246094 0
2700 False 0.0 0.0 0
2800 True 0.001953125 0.055071353912353516 0
2900 False 0.0 0.0 0
3000 True 0.021484375 0.06344819068908691 0
3100 True 0.017578125 0.05432295799255371 0
3200 False 0.0 0.0 0
3300 False 0.0 0.0 0
3400 False 0.0 0.0 0
3500 True 0.013671875 0.049779653549194336 0
3600 False 0.0 0.0 0
3700 False 0.0 0.0 0
3800 True 0.005859375 0.05707597732543945 0
3900 True 0.0009765625 0.050287723541259766 0
4000 False 0.0 0.0 0
4100 True 0.021484375 0.052446842193603516 0
4200 False 0.0 0.0 0
4300 True 0.0126953125 0.051209449768066406 0
4400 False 0.0 0.0 0
4500 False 0.0 0.0 0
4600 True 0.0 0.0542600154876709 0
4700 False 0.0 0.0 0
4800 True 0.01171875 0.0508267879486084 0
4900 True 0.0029296875 0.05075979232788086 0
5000 True 0.0107421875 0.05206918716430664 0
5100 True 0.0107421875 0.05239582061767578 0
5200 True 0.0234375 0.05208992958068848 0
5300 False 0.0 0.0 0
5400 True 0.001953125 0.05150580406188965 0
5500 False 0.0 0.0 0
5600 False 0.0 0.0 0
5700 True 0.0068359375 0.051790475845336914 0
5800 False 0.0 0.0 0
5900 False 0.0 0.0 0
6000 True 0.0078125 0.05058622360229492 0
6100 True 0.0078125 0.051404714584350586 0
6200 False 0.0 0.0 0
6300 False 0.0 0.0 0
6400 False 0.0 0.0 0
6500 False 0.0 0.0 0
6600 True 0.0087890625 0.050229549407958984 0
6700 True 0.0048828125 0.05016183853149414 0
6800 True 0.0068359375 0.050122976303100586 0
6900 False 0.0 0.0 0
7000 False 0.0 0.0 0
7100 False 0.0 0.0 0
7200 False 0.0 0.0 0
7300 True 0.0048828125 0.051285743713378906 0
7400 True 0.0146484375 0.04970860481262207 0
7500 False 0.0 0.0 0
7600 False 0.0 0.0 0
7700 True 0.0078125 0.05866503715515137 0
7800 True 0.0068359375 0.050043582916259766 0
7900 False 0.0 0.0 0
8000 True 0.0205078125 0.05146646499633789 0
8100 False 0.0 0.0 0
8200 False 0.0 0.0 0
8300 False 0.0 0.0 0
8400 False 0.0 0.0 0
8500 True 0.01171875 0.049897193908691406 0
8600 False 0.0 0.0 0
8700 True 0.0107421875 0.05059814453125 0
8800 True 0.03125 0.050573110580444336 0
8900 False 0.0 0.0 0
9000 True 0.0146484375 0.05039191246032715 0
9100 False 0.0 0.0 0
9200 True 0.01953125 0.05082368850708008 0
9300 False 0.0 0.0 0
9400 True 0.0 0.04995870590209961 0
9500 False 0.0 0.0 0
9600 True 0.0185546875 0.05139875411987305 0
9700 True 0.0126953125 0.04983234405517578 0
9800 True 0.0 0.05108022689819336 0
9900 False 0.0 0.0 0
