0 True 0.001953125 0.274738073348999 0
100 False 0.0 0.0 0
200 False 0.0 0.0 0
300 True 0.0029296875 0.20254254341125488 0
400 True 0.0390625 0.19735360145568848 0
500 False 0.0 0.0 0
600 True 0.001953125 0.19788169860839844 0
700 True 0.0205078125 0.1972794532775879 0
800 True 0.0166015625 0.1970212459564209 0
900 False 0.0 0.0 0
1000 True 0.0224609375 0.19762849807739258 0
1100 False 0.0 0.0 0
1200 False 0.0 0.0 0
1300 False 0.0 0.0 0
1400 True 0.013671875 0.19977951049804688 0
1500 False 0.0 0.0 0
1600 False 0.0 0.0 0
1700 False 0.0 0.0 0
1800 False 0.0 0.0 0
1900 True 0.02734375 0.19902849197387695 0
2000 False 0.0 0.0 0
2100 False 0.0 0.0 0
2200 True 0.0263671875 0.19803428649902344 0
2300 False 0.0 0.0 0
2400 True 0.064453125 0.19829273223876953 0
2500 False 0.0 0.0 0
2600 True 0.0234375 0.2011089324951172 0
2700 False 0.0 0.0 0
2800 False 0.0 0.0 0
2900 False 0.0 0.0 0
3000 True 0.033203125 0.20051884651184082 0
3100 True 0.01953125 0.20358896255493164 0
3200 False 0.0 0.0 0
3300 False 0.0 0.0 0
3400 False 0.0 0.0 0
3500 True 0.01953125 0.20751404762268066 0
3600 False 0.0 0.0 0
3700 False 0.0 0.0 0
3800 True 0.0126953125 0.20036602020263672 0
3900 False 0.0 0.0 0
4000 False 0.0 0.0 0
4100 True 0.033203125 0.20102286338806152 0
4200 True 0.005859375 0.19882988929748535 0
4300 True 0.021484375 0.19794487953186035 0
4400 False 0.0 0.0 0
4500 False 0.0 0.0 0
4600 False 0.0 0.0 0
4700 False 0.0 0.0 0
4800 True 0.033203125 0.20128893852233887 0
4900 False 0.0 0.0 0
5000 True 0.0302734375 0.1957874298095703 0
5100 True 0.005859375 0.19872188568115234 0
5200 False 0.0 0.0 0
5300 False 0.0 0.0 0
5400 False 0.0 0.0 0
5500 True 0.0068359375 0.19655489921569824 0
5600 False 0.0 0.0 0
5700 True 0.015625 0.19986939430236816 0
5800 False 0.0 0.0 0
5900 False 0.0 0.0 0
6000 True 0.00390625 0.19774603843688965 0
6100 True 0.0146484375 0.1986231803894043 0
6200 False 0.0 0.0 0
6300 False 0.0 0.0 0
6400 False 0.0 0.0 0
6500 False 0.0 0.0 0
6600 True 0.0322265625 0.19850635528564453 0
6700 True 0.005859375 0.20003938674926758 0
6800 True 0.0126953125 0.19919109344482422 0
6900 False 0.0 0.0 0
7000 False 0.0 0.0 0
7100 True 0.02734375 0.19966578483581543 0
7200 False 0.0 0.0 0
7300 False 0.0 0.0 0
7400 True 0.0146484375 0.1977858543395996 0
7500 True 0.01171875 0.19942474365234375 0
7600 False 0.0 0.0 0
7700 True 0.01953125 0.19623541831970215 0
7800 True 0.0205078125 0.1999657154083252 0
7900 False 0.0 0.0 0
8000 True 0.017578125 0.1970365047454834 0
8100 False 0.0 0.0 0
8200 False 0.0 0.0 0
8300 False 0.0 0.0 0
8400 False 0.0 0.0 0
8500 False 0.0 0.0 0
8600 False 0.0 0.0 0
8700 False 0.0 0.0 0
8800 True 0.052734375 0.20269441604614258 0
8900 False 0.0 0.0 0
9000 True 0.0224609375 0.19943022727966309 0
9100 False 0.0 0.0 0
9200 True 0.03125 0.20123004913330078 0
9300 True 0.01953125 0.20065569877624512 0
9400 True 0.01171875 0.20139098167419434 0
9500 True 0.0009765625 0.22518444061279297 0
9600 True 0.0263671875 0.19864130020141602 0
9700 True 0.021484375 0.19750666618347168 0
9800 True 0.0244140625 0.20104193687438965 0
9900 False 0.0 0.0 0
