0 False 0.0 0.0 0
100 False 0.0 0.0 0
200 False 0.0 0.0 0
300 True 0.0029296875 0.2923874855041504 0
400 True 0.0244140625 0.20367002487182617 0
500 False 0.0 0.0 0
600 True 0.0029296875 0.1981203556060791 0
700 True 0.0087890625 0.1988382339477539 0
800 True 0.0107421875 0.19582676887512207 0
900 False 0.0 0.0 0
1000 True 0.015625 0.20052504539489746 0
1100 False 0.0 0.0 0
1200 True 0.005859375 0.1961212158203125 0
1300 False 0.0 0.0 0
1400 False 0.0 0.0 0
1500 True 0.009765625 0.19799566268920898 0
1600 False 0.0 0.0 0
1700 True 0.0 0.19725322723388672 0
1800 True 0.001953125 0.19808197021484375 0
1900 True 0.0146484375 0.19903254508972168 0
2000 False 0.0 0.0 0
2100 False 0.0 0.0 0
2200 True 0.0078125 0.19681167602539062 0
2300 False 0.0 0.0 0
2400 True 0.0361328125 0.1981523036956787 0
2500 True 0.0029296875 0.19656944274902344 0
2600 True 0.0126953125 0.1971743106842041 0
2700 True 0.0087890625 0.1993546485900879 0
2800 False 0.0 0.0 0
2900 False 0.0 0.0 0
3000 True 0.0146484375 0.19711065292358398 0
3100 True 0.0107421875 0.19987177848815918 0
3200 False 0.0 0.0 0
3300 True 0.0048828125 0.19901609420776367 0
3400 False 0.0 0.0 0
3500 True 0.0048828125 0.20070147514343262 0
3600 False 0.0 0.0 0
3700 False 0.0 0.0 0
3800 True 0.0087890625 0.19928884506225586 0
3900 False 0.0 0.0 0
4000 False 0.0 0.0 0
4100 True 0.017578125 0.19948339462280273 0
4200 False 0.0 0.0 0
4300 True 0.0146484375 0.19679498672485352 0
4400 False 0.0 0.0 0
4500 True 0.0029296875 0.19746160507202148 0
4600 False 0.0 0.0 0
4700 False 0.0 0.0 0
4800 True 0.015625 0.19688892364501953 0
4900 False 0.0 0.0 0
5000 True 0.0166015625 0.1980438232421875 0
5100 True 0.0087890625 0.1971273422241211 0
5200 True 0.013671875 0.19986248016357422 0
5300 False 0.0 0.0 0
5400 True 0.001953125 0.19786548614501953 0
5500 True 0.0029296875 0.19942283630371094 0
5600 True 0.00390625 0.19770383834838867 0
5700 True 0.0068359375 0.19665217399597168 0
5800 False 0.0 0.0 0
5900 False 0.0 0.0 0
6000 True 0.0009765625 0.1972956657409668 0
6100 True 0.009765625 0.1993563175201416 0
6200 False 0.0 0.0 0
6300 True 0.0068359375 0.1995382308959961 0
6400 False 0.0 0.0 0
6500 False 0.0 0.0 0
6600 True 0.0185546875 0.19817280769348145 0
6700 True 0.0068359375 0.20115041732788086 0
6800 True 0.0029296875 0.19944047927856445 0
6900 False 0.0 0.0 0
7000 False 0.0 0.0 0
7100 False 0.0 0.0 0
7200 False 0.0 0.0 0
7300 False 0.0 0.0 0
7400 True 0.0107421875 0.19924259185791016 0
7500 True 0.0107421875 0.1998755931854248 0
7600 False 0.0 0.0 0
7700 True 0.009765625 0.19838786125183105 0
7800 True 0.0126953125 0.20135188102722168 0
7900 False 0.0 0.0 0
8000 True 0.0068359375 0.19778776168823242 0
8100 False 0.0 0.0 0
8200 False 0.0 0.0 0
8300 False 0.0 0.0 0
8400 False 0.0 0.0 0
8500 True 0.0107421875 0.19687724113464355 0
8600 False 0.0 0.0 0
8700 True 0.0029296875 0.19904685020446777 0
8800 True 0.0263671875 0.19899368286132812 0
8900 False 0.0 0.0 0
9000 True 0.01953125 0.19960832595825195 0
9100 False 0.0 0.0 0
9200 True 0.017578125 0.20073747634887695 0
9300 True 0.005859375 0.19694781303405762 0
9400 True 0.0107421875 0.1993720531463623 0
9500 True 0.0078125 0.19684243202209473 0
9600 True 0.013671875 0.1992642879486084 0
9700 True 0.009765625 0.19914484024047852 0
9800 True 0.013671875 0.1991727352142334 0
9900 False 0.0 0.0 0
