0 True 0.0048828125 4.2994983196258545 0
100 False 0.0 0.0 0
200 False 0.0 0.0 0
300 True 0.00390625 4.284986257553101 0
400 True 0.0166015625 4.280442237854004 0
500 False 0.0 0.0 0
600 True 0.0126953125 4.266670227050781 0
700 True 0.009765625 4.25278115272522 0
800 True 0.0146484375 4.270350456237793 0
900 False 0.0 0.0 0
1000 True 0.0166015625 4.241272926330566 0
1100 False 0.0 0.0 0
1200 True 0.0146484375 4.264495134353638 0
1300 True 0.0146484375 4.231054067611694 0
1400 True 0.013671875 4.254583835601807 0
1500 True 0.0029296875 4.23196005821228 0
1600 False 0.0 0.0 0
1700 False 0.0 0.0 0
1800 False 0.0 0.0 0
1900 True 0.013671875 4.272512674331665 0
2000 False 0.0 0.0 0
2100 False 0.0 0.0 0
2200 True 0.0185546875 4.227630138397217 0
2300 False 0.0 0.0 0
2400 True 0.0361328125 4.257761240005493 0
2500 False 0.0 0.0 0
2600 True 0.013671875 4.241011619567871 0
2700 True 0.013671875 4.269686937332153 0
2800 True 0.00390625 4.26001501083374 0
2900 False 0.0 0.0 0
3000 True 0.017578125 4.23949122428894 0
3100 True 0.0107421875 4.262223243713379 0
3200 False 0.0 0.0 0
3300 False 0.0 0.0 0
3400 False 0.0 0.0 0
3500 True 0.01171875 4.246459722518921 0
3600 False 0.0 0.0 0
3700 False 0.0 0.0 0
3800 True 0.0107421875 4.272029876708984 0
3900 False 0.0 0.0 0
4000 False 0.0 0.0 0
4100 True 0.0166015625 4.262731552124023 0
4200 False 0.0 0.0 0
4300 True 0.0126953125 4.248654127120972 0
4400 False 0.0 0.0 0
4500 True 0.00390625 4.2357118129730225 0
4600 False 0.0 0.0 0
4700 False 0.0 0.0 0
4800 True 0.017578125 4.254247188568115 0
4900 False 0.0 0.0 0
5000 True 0.0166015625 4.265714883804321 0
5100 True 0.0146484375 4.265207290649414 0
5200 True 0.015625 4.266841650009155 0
5300 True 0.0029296875 4.2690393924713135 0
5400 True 0.0126953125 4.275918245315552 0
5500 True 0.00390625 4.279897451400757 0
5600 True 0.0068359375 4.272522211074829 0
5700 True 0.0166015625 4.270458459854126 0
5800 False 0.0 0.0 0
5900 False 0.0 0.0 0
6000 True 0.0 4.267193078994751 0
6100 True 0.0087890625 4.2727556228637695 0
6200 True 0.0107421875 4.273525238037109 0
6300 False 0.0 0.0 0
6400 True 0.01171875 4.280508279800415 0
6500 False 0.0 0.0 0
6600 True 0.0244140625 4.2828710079193115 0
6700 False 0.0 0.0 0
6800 True 0.0009765625 4.2798895835876465 0
6900 False 0.0 0.0 0
7000 False 0.0 0.0 0
7100 True 0.00390625 4.279974937438965 0
7200 True 0.0048828125 4.288582801818848 0
7300 False 0.0 0.0 0
7400 True 0.0107421875 4.28168249130249 0
7500 True 0.01953125 4.271389007568359 0
7600 False 0.0 0.0 0
7700 True 0.01171875 4.278246879577637 0
7800 True 0.00390625 4.264832973480225 0
7900 False 0.0 0.0 0
8000 True 0.0068359375 4.261916875839233 0
8100 False 0.0 0.0 0
8200 False 0.0 0.0 0
8300 False 0.0 0.0 0
8400 True 0.0087890625 4.244924306869507 0
8500 True 0.0068359375 4.229527235031128 0
8600 True 0.0078125 4.244858026504517 0
8700 True 0.0087890625 4.221980571746826 0
8800 True 0.033203125 4.212541580200195 0
8900 True 0.0107421875 4.227719306945801 0
9000 True 0.017578125 4.2401323318481445 0
9100 False 0.0 0.0 0
9200 True 0.0146484375 4.226726770401001 0
9300 True 0.013671875 4.237345933914185 0
9400 True 0.0107421875 4.266452074050903 0
9500 False 0.0 0.0 0
9600 True 0.0087890625 4.222850561141968 0
9700 True 0.0087890625 4.224428653717041 0
9800 True 0.01171875 4.233578443527222 0
9900 True 0.0166015625 4.23842191696167 0
