0 True 0 0.050261735916137695 0
100 False 0 0.0 0
200 True 0 0.04160046577453613 0
300 True 1 0.04357647895812988 0
400 True 1 0.0438079833984375 0
500 False 0 0.0 0
600 True 1 0.04538393020629883 0
700 True 0 0.04341435432434082 0
800 True 1 0.045485496520996094 0
900 False 0 0.0 0
1000 True 1 0.04446554183959961 0
1100 False 0 0.0 0
1200 True 0 0.04365730285644531 0
1300 True 0 0.04435133934020996 0
1400 False 0 0.0 0
1500 True 1 0.04344320297241211 0
1600 False 0 0.0 0
1700 False 0 0.0 0
1800 False 0 0.0 0
1900 True 0 0.04435992240905762 0
2000 False 0 0.0 0
2100 False 0 0.0 0
2200 True 1 0.043308258056640625 0
2300 True 0 0.04410696029663086 0
2400 True 1 0.04386544227600098 0
2500 False 0 0.0 0
2600 True 1 0.044715166091918945 0
2700 False 0 0.0 0
2800 False 0 0.0 0
2900 False 0 0.0 0
3000 True 1 0.04401230812072754 0
3100 True 1 0.042984962463378906 0
3200 False 0 0.0 0
3300 False 0 0.0 0
3400 False 0 0.0 0
3500 True 1 0.04451632499694824 0
3600 False 0 0.0 0
3700 False 0 0.0 0
3800 True 1 0.0436248779296875 0
3900 False 0 0.0 0
4000 False 0 0.0 0
4100 True 1 0.04404807090759277 0
4200 False 0 0.0 0
4300 True 1 0.04584980010986328 0
4400 False 0 0.0 0
4500 True 0 0.044248342514038086 0
4600 False 0 0.0 0
4700 False 0 0.0 0
4800 True 1 0.044864654541015625 0
4900 False 0 0.0 0
5000 True 1 0.0443570613861084 0
5100 True 1 0.04561328887939453 0
5200 False 0 0.0 0
5300 False 0 0.0 0
5400 True 1 0.04440426826477051 0
5500 False 0 0.0 0
5600 False 0 0.0 0
5700 True 0 0.04340648651123047 0
5800 False 0 0.0 0
5900 False 0 0.0 0
6000 False 0 0.0 0
6100 True 1 0.04494333267211914 0
6200 False 0 0.0 0
6300 False 0 0.0 0
6400 False 0 0.0 0
6500 False 0 0.0 0
6600 True 1 0.043070077896118164 0
6700 True 0 0.04376840591430664 0
6800 True 0 0.04417157173156738 0
6900 True 1 0.04332160949707031 0
7000 False 0 0.0 0
7100 True 1 0.04511570930480957 0
7200 False 0 0.0 0
7300 False 0 0.0 0
7400 False 0 0.0 0
7500 False 0 0.0 0
7600 False 0 0.0 0
7700 True 1 0.04294300079345703 0
7800 True 1 0.043645620346069336 0
7900 False 0 0.0 0
8000 True 1 0.04461264610290527 0
8100 False 0 0.0 0
8200 False 0 0.0 0
8300 False 0 0.0 0
8400 False 0 0.0 0
8500 False 0 0.0 0
8600 False 0 0.0 0
8700 True 0 0.043196916580200195 0
8800 True 1 0.044679880142211914 0
8900 False 0 0.0 0
9000 True 1 0.04479098320007324 0
9100 False 0 0.0 0
9200 True 1 0.043561458587646484 0
9300 False 0 0.0 0
9400 True 1 0.04466366767883301 0
9500 True 0 0.04327392578125 0
9600 True 1 0.04564023017883301 0
9700 True 1 0.04464983940124512 0
9800 True 0 0.045262813568115234 0
9900 False 0 0.0 0
