0 True 0.0068359375 0.4189188480377197 0
100 False 0.0 0.0 0
200 True 0.0068359375 0.41202330589294434 0
300 True 0.0126953125 0.41464996337890625 0
400 True 0.03125 0.4150998592376709 0
500 False 0.0 0.0 0
600 True 0.0185546875 0.4088308811187744 0
700 True 0.0009765625 0.4123270511627197 0
800 True 0.01953125 0.4153625965118408 0
900 False 0.0 0.0 0
1000 True 0.0263671875 0.40711474418640137 0
1100 False 0.0 0.0 0
1200 True 0.0048828125 0.41020774841308594 0
1300 True 0.00390625 0.40627288818359375 0
1400 False 0.0 0.0 0
1500 True 0.0263671875 0.4158174991607666 0
1600 False 0.0 0.0 0
1700 False 0.0 0.0 0
1800 False 0.0 0.0 0
1900 True 0.0166015625 0.4124572277069092 0
2000 False 0.0 0.0 0
2100 False 0.0 0.0 0
2200 True 0.01953125 0.4087393283843994 0
2300 True 0.0048828125 0.40900611877441406 0
2400 True 0.0283203125 0.413165807723999 0
2500 False 0.0 0.0 0
2600 True 0.0224609375 0.41219663619995117 0
2700 False 0.0 0.0 0
2800 False 0.0 0.0 0
2900 False 0.0 0.0 0
3000 True 0.0302734375 0.4081764221191406 0
3100 True 0.01171875 0.410677433013916 0
3200 False 0.0 0.0 0
3300 False 0.0 0.0 0
3400 False 0.0 0.0 0
3500 True 0.0078125 0.4127528667449951 0
3600 False 0.0 0.0 0
3700 False 0.0 0.0 0
3800 True 0.0107421875 0.415571928024292 0
3900 False 0.0 0.0 0
4000 False 0.0 0.0 0
4100 True 0.0322265625 0.41591835021972656 0
4200 False 0.0 0.0 0
4300 True 0.0234375 0.4132812023162842 0
4400 False 0.0 0.0 0
4500 True 0.0009765625 0.4115262031555176 0
4600 False 0.0 0.0 0
4700 False 0.0 0.0 0
4800 True 0.02734375 0.41189050674438477 0
4900 False 0.0 0.0 0
5000 True 0.017578125 0.41947078704833984 0
5100 True 0.0205078125 0.41092514991760254 0
5200 False 0.0 0.0 0
5300 False 0.0 0.0 0
5400 True 0.0126953125 0.41076231002807617 0
5500 False 0.0 0.0 0
5600 False 0.0 0.0 0
5700 True 0.00390625 0.4166417121887207 0
5800 False 0.0 0.0 0
5900 False 0.0 0.0 0
6000 False 0.0 0.0 0
6100 True 0.013671875 0.411191463470459 0
6200 False 0.0 0.0 0
6300 False 0.0 0.0 0
6400 False 0.0 0.0 0
6500 False 0.0 0.0 0
6600 True 0.0419921875 0.4164881706237793 0
6700 True 0.001953125 0.4117889404296875 0
6800 True 0.0029296875 0.4121866226196289 0
6900 True 0.0078125 0.41149258613586426 0
7000 False 0.0 0.0 0
7100 True 0.0166015625 0.4113273620605469 0
7200 False 0.0 0.0 0
7300 False 0.0 0.0 0
7400 False 0.0 0.0 0
7500 False 0.0 0.0 0
7600 False 0.0 0.0 0
7700 True 0.0166015625 0.4118638038635254 0
7800 True 0.0146484375 0.4140942096710205 0
7900 False 0.0 0.0 0
8000 True 0.017578125 0.4182775020599365 0
8100 False 0.0 0.0 0
8200 False 0.0 0.0 0
8300 False 0.0 0.0 0
8400 False 0.0 0.0 0
8500 False 0.0 0.0 0
8600 False 0.0 0.0 0
8700 True 0.00390625 0.41501712799072266 0
8800 True 0.0419921875 0.41863584518432617 0
8900 False 0.0 0.0 0
9000 True 0.0224609375 0.4126241207122803 0
9100 False 0.0 0.0 0
9200 True 0.0283203125 0.4114956855773926 0
9300 False 0.0 0.0 0
9400 True 0.0078125 0.4142341613769531 0
9500 True 0.0 0.4132230281829834 0
9600 True 0.0244140625 0.41240406036376953 0
9700 True 0.0185546875 0.4188551902770996 0
9800 True 0.00390625 0.41716885566711426 0
9900 False 0.0 0.0 0
