0 True 1 9.237449169158936 0
100 True 1 8.860145568847656 0
200 True 1 7.2304980754852295 0
300 False 0 0.0 0
400 True 0 7.311523914337158 0
500 True 1 7.156664848327637 0
600 True 1 7.5069780349731445 0
700 True 1 8.341488599777222 0
800 True 0 7.688086986541748 0
900 True 0 9.04086184501648 0
1000 True 1 8.259668350219727 0
1100 True 1 8.12890338897705 0
1200 False 0 0.0 0
1300 True 1 8.148499011993408 0
1400 True 1 8.058162450790405 0
1500 False 0 0.0 0
1600 True 0 8.47165846824646 0
1700 True 1 8.232208251953125 0
1800 False 0 0.0 0
1900 True 1 7.790610074996948 0
2000 True 1 8.343027830123901 0
2100 True 1 8.688922643661499 0
2200 True 0 8.581103086471558 0
2300 True 0 8.241743326187134 0
2400 True 0 7.896467685699463 0
2500 True 0 8.288464546203613 0
2600 True 1 8.271977186203003 0
2700 True 1 8.37788438796997 0
2800 True 1 7.857874393463135 0
2900 True 0 7.857620000839233 0
3000 True 1 7.905071258544922 0
3100 True 0 9.54795789718628 0
3200 True 1 8.938879251480103 0
3300 True 1 8.186680555343628 0
3400 True 1 8.70390510559082 0
3500 True 1 8.614033460617065 0
3600 True 1 9.459563732147217 0
3700 True 1 8.31043553352356 0
3800 True 0 8.14173150062561 0
3900 True 1 8.839567184448242 0
4000 False 0 0.0 0
4100 True 1 8.29361629486084 0
4200 True 1 9.891141891479492 0
4300 False 0 0.0 0
4400 True 0 8.247432947158813 0
4500 False 0 0.0 0
4600 True 1 8.883922815322876 0
4700 True 1 9.48769474029541 0
4800 True 1 8.59986138343811 0
4900 True 1 8.239831447601318 0
5000 True 1 8.178285360336304 0
5100 True 0 8.023735284805298 0
5200 True 1 9.076756477355957 0
5300 True 1 8.831726551055908 0
5400 True 1 8.190963745117188 0
5500 True 1 8.991760015487671 0
5600 True 0 9.707179307937622 0
5700 True 1 8.2902512550354 0
5800 True 1 8.517774105072021 0
5900 True 1 8.372304439544678 0
6000 True 0 9.14682674407959 0
6100 True 1 8.549023151397705 0
6200 True 1 8.775845527648926 0
6300 True 1 8.783550262451172 0
6400 True 0 9.478873252868652 0
6500 True 1 8.677891731262207 0
6600 True 0 9.82350778579712 0
6700 True 0 8.686352968215942 0
6800 True 1 8.654748678207397 0
6900 True 1 8.786129713058472 0
7000 True 1 8.463090896606445 0
7100 True 1 9.272483825683594 0
7200 True 1 9.69701099395752 0
7300 True 1 9.041904211044312 0
7400 True 1 9.164013147354126 0
7500 True 1 9.17392897605896 0
7600 True 1 9.048978805541992 0
7700 True 1 10.202261924743652 0
7800 False 0 0.0 0
7900 True 1 9.234384059906006 0
8000 True 1 9.033047914505005 0
8100 True 1 9.591134071350098 0
8200 True 1 9.279337406158447 0
8300 True 1 9.003444194793701 0
8400 True 1 8.511066198348999 0
8500 True 1 8.676482677459717 0
8600 True 1 9.36949872970581 0
8700 True 1 9.941110610961914 0
8800 True 1 9.187472581863403 0
8900 True 1 8.903909921646118 0
9000 True 1 9.105660200119019 0
9100 True 1 9.079630613327026 0
9200 True 1 10.158579111099243 0
9300 True 1 9.891809463500977 0
9400 True 0 10.1583993434906 0
9500 True 1 9.646924495697021 0
9600 True 1 9.663723468780518 0
9700 True 0 9.50482726097107 0
9800 True 0 8.767805576324463 0
9900 True 1 9.133009433746338 0
