0 True 0.1875 53.38371229171753 0
100 True 0.109375 54.773810148239136 0
200 True 0.1484375 54.60866928100586 0
300 False 0.0 0.0 0
400 True 0.09375 52.5056676864624 0
500 True 0.25 55.5848662853241 0
600 True 0.1953125 53.93659734725952 0
700 True 0.140625 63.32045269012451 0
800 True 0.015625 64.10009932518005 0
900 True 0.0546875 59.240071058273315 0
1000 True 0.1328125 59.553138256073 0
1100 True 0.1875 61.111470222473145 0
1200 False 0.0 0.0 0
1300 True 0.1484375 60.97628927230835 0
1400 True 0.2109375 60.17147421836853 0
1500 False 0.0 0.0 0
1600 True 0.09375 64.16923570632935 0
1700 True 0.15625 65.54486608505249 0
1800 False 0.0 0.0 0
1900 True 0.1015625 61.92314624786377 0
2000 True 0.140625 62.96626591682434 0
2100 True 0.171875 65.88291525840759 0
2200 True 0.046875 64.96873378753662 0
2300 True 0.015625 67.7271499633789 0
2400 True 0.0859375 65.99152779579163 0
2500 True 0.0078125 67.24367046356201 0
2600 True 0.2421875 70.69664072990417 0
2700 True 0.125 69.15528798103333 0
2800 True 0.1015625 68.07407474517822 0
2900 True 0.09375 68.2035813331604 0
3000 True 0.1015625 71.02215933799744 0
3100 True 0.0859375 70.15741086006165 0
3200 True 0.1953125 72.87092709541321 0
3300 True 0.125 70.53251695632935 0
3400 True 0.2265625 73.48363971710205 0
3500 True 0.265625 72.13640689849854 0
3600 True 0.109375 73.68135643005371 0
3700 True 0.1953125 77.55100083351135 0
3800 True 0.09375 73.9946026802063 0
3900 True 0.1875 77.6999282836914 0
4000 False 0.0 0.0 0
4100 True 0.125 76.7344262599945 0
4200 True 0.15625 74.4401786327362 0
4300 False 0.0 0.0 0
4400 True 0.09375 75.79063415527344 0
4500 False 0.0 0.0 0
4600 True 0.234375 76.07642984390259 0
4700 True 0.15625 78.69383764266968 0
4800 True 0.25 77.87889337539673 0
4900 True 0.1015625 79.3731541633606 0
5000 True 0.171875 79.8110499382019 0
5100 True 0.0078125 81.32972955703735 0
5200 True 0.125 80.38045597076416 0
5300 True 0.2265625 81.40796661376953 0
5400 True 0.15625 81.23911023139954 0
5500 True 0.203125 85.93628478050232 0
5600 True 0.0 82.1687216758728 0
5700 True 0.1953125 83.12556719779968 0
5800 True 0.1484375 87.31144857406616 0
5900 True 0.2109375 90.92510199546814 0
6000 True 0.0390625 84.39054155349731 0
6100 True 0.234375 87.6155755519867 0
6200 True 0.21875 85.36795663833618 0
6300 True 0.1640625 89.71186590194702 0
6400 True 0.015625 87.76007080078125 0
6500 True 0.171875 90.53977298736572 0
6600 True 0.078125 91.23558211326599 0
6700 True 0.0859375 91.81119513511658 0
6800 True 0.1015625 89.11391806602478 0
6900 True 0.1640625 92.4009759426117 0
7000 True 0.1640625 92.48619103431702 0
7100 True 0.1953125 92.7422080039978 0
7200 True 0.1171875 97.38464593887329 0
7300 True 0.1796875 106.55952024459839 0
7400 True 0.1171875 97.21443271636963 0
7500 True 0.1015625 97.7416672706604 0
7600 True 0.1640625 98.49063086509705 0
7700 True 0.1171875 97.65960717201233 0
7800 False 0.0 0.0 0
7900 True 0.109375 99.10739398002625 0
8000 True 0.234375 102.25456643104553 0
8100 True 0.1171875 101.71250891685486 0
8200 True 0.1875 100.00463962554932 0
8300 True 0.2109375 99.34843468666077 0
8400 True 0.2109375 100.08867812156677 0
8500 True 0.2734375 99.42708563804626 0
8600 True 0.1796875 101.04039931297302 0
8700 True 0.1875 103.94300079345703 0
8800 True 0.28125 104.3539981842041 0
8900 True 0.203125 103.2268135547638 0
9000 True 0.1953125 102.99279403686523 0
9100 True 0.1875 106.11725974082947 0
9200 True 0.1484375 104.70288443565369 0
9300 True 0.203125 105.06110715866089 0
9400 True 0.0625 104.32369542121887 0
9500 True 0.171875 107.60548686981201 0
9600 True 0.140625 107.29140973091125 0
9700 True 0.0 109.87366604804993 0
9800 True 0.0234375 107.23574781417847 0
9900 True 0.1953125 107.54773306846619 0
