0 True 1 16.802814483642578 0
100 True 0 17.052410364151 0
200 True 0 14.752811908721924 0
300 False 0 0.0 0
400 False 0 0.0 0
500 True 0 15.639852523803711 0
600 True 0 15.585206747055054 0
700 True 0 15.33434009552002 0
800 False 0 0.0 0
900 True 0 15.35766339302063 0
1000 True 0 14.443639516830444 0
1100 True 0 14.368591070175171 0
1200 False 0 0.0 0
1300 True 0 16.07176446914673 0
1400 True 0 14.649248123168945 0
1500 False 0 0.0 0
1600 True 0 15.04730486869812 0
1700 True 0 15.7694730758667 0
1800 True 0 15.866236448287964 0
1900 True 0 15.460218667984009 0
2000 True 0 15.308295249938965 0
2100 False 0 0.0 0
2200 False 0 0.0 0
2300 True 0 16.611023902893066 0
2400 False 0 0.0 0
2500 False 0 0.0 0
2600 True 0 15.27401351928711 0
2700 True 0 15.000861644744873 0
2800 False 0 0.0 0
2900 True 0 16.333066701889038 0
3000 True 0 15.398010492324829 0
3100 False 0 0.0 0
3200 True 0 16.43907594680786 0
3300 True 0 18.05710530281067 0
3400 True 1 16.50122880935669 0
3500 True 1 15.187367916107178 0
3600 False 0 0.0 0
3700 True 1 17.06577968597412 0
3800 True 0 16.61596369743347 0
3900 True 1 15.657414436340332 0
4000 False 0 0.0 0
4100 True 0 16.709588527679443 0
4200 True 1 15.436378717422485 0
4300 False 0 0.0 0
4400 True 0 17.191255569458008 0
4500 False 0 0.0 0
4600 True 0 16.164823055267334 0
4700 True 0 16.60740089416504 0
4800 True 1 17.112364292144775 0
4900 False 0 0.0 0
5000 True 0 15.55286693572998 0
5100 False 0 0.0 0
5200 True 0 16.52696967124939 0
5300 True 0 16.841573476791382 0
5400 True 0 16.82283663749695 0
5500 True 0 16.303101539611816 0
5600 True 0 16.130669116973877 0
5700 True 0 16.66634464263916 0
5800 True 0 15.835118055343628 0
5900 True 1 16.790286779403687 0
6000 False 0 0.0 0
6100 True 1 16.00860047340393 0
6200 True 0 17.178929567337036 0
6300 True 0 17.332430362701416 0
6400 True 0 16.015282154083252 0
6500 True 0 17.256367921829224 0
6600 True 0 17.3407883644104 0
6700 False 0 0.0 0
6800 False 0 0.0 0
6900 True 0 17.36136746406555 0
7000 True 1 17.13313889503479 0
7100 False 0 0.0 0
7200 True 0 17.0458402633667 0
7300 True 1 17.0449697971344 0
7400 True 0 16.824843645095825 0
7500 False 0 0.0 0
7600 True 1 17.347572565078735 0
7700 True 0 15.84022045135498 0
7800 False 0 0.0 0
7900 True 0 17.156479120254517 0
8000 True 0 16.921069860458374 0
8100 True 1 17.123709440231323 0
8200 True 0 16.15488839149475 0
8300 True 0 16.06279706954956 0
8400 True 1 17.27920150756836 0
8500 True 0 16.23814034461975 0
8600 True 1 18.313992977142334 0
8700 True 0 17.817355394363403 0
8800 True 1 17.60793137550354 0
8900 True 1 18.412298440933228 0
9000 True 1 17.208012104034424 0
9100 True 0 19.20318031311035 0
9200 True 1 17.94037628173828 0
9300 True 0 16.553385734558105 0
9400 True 0 16.75286078453064 0
9500 True 0 17.794031620025635 0
9600 True 0 16.674052715301514 0
9700 False 0 0.0 0
9800 True 0 17.664713144302368 0
9900 False 0 0.0 0
