0 True 0.140625 120.6360764503479 1
100 True 0.125 120.67058873176575 1
200 False 0.0 0.0 0
300 False 0.0 0.0 0
400 True 0.0625 120.6528959274292 1
500 True 0.1875 120.7045042514801 1
600 True 0.203125 120.65777802467346 1
700 True 0.125 120.669109582901 1
800 True 0.3125 120.64085006713867 1
900 True 0.03125 120.72007322311401 1
1000 True 0.03125 120.64410424232483 1
1100 True 0.15625 120.69506931304932 1
1200 False 0.0 0.0 0
1300 True 0.15625 120.64331865310669 1
1400 True 0.15625 120.70040583610535 1
1500 False 0.0 0.0 0
1600 False 0.0 0.0 0
1700 True 0.125 120.66283226013184 1
1800 True 0.03125 120.72189211845398 1
1900 True 0.0625 120.51100540161133 1
2000 True 0.125 120.6705756187439 1
2100 True 0.125 120.72204756736755 1
2200 True 0.0 120.66573166847229 1
2300 False 0.0 0.0 0
2400 True 0.0625 120.6571409702301 1
2500 True 0.09375 120.66731262207031 1
2600 True 0.34375 120.67033362388611 1
2700 True 0.09375 120.66332268714905 1
2800 True 0.15625 120.65964269638062 1
2900 True 0.0 120.75268983840942 1
3000 True 0.1875 120.66168522834778 1
3100 True 0.09375 120.68400883674622 1
3200 True 0.21875 120.75069403648376 1
3300 True 0.125 120.65847396850586 1
3400 True 0.125 120.6641743183136 1
3500 True 0.25 120.67209553718567 1
3600 False 0.0 0.0 0
3700 True 0.21875 120.67004895210266 1
3800 True 0.03125 120.65307712554932 1
3900 True 0.1875 120.64461421966553 1
4000 True 0.0625 120.6795608997345 1
4100 True 0.125 120.65081763267517 1
4200 True 0.125 120.6582658290863 1
4300 True 0.03125 120.6369469165802 1
4400 True 0.03125 120.65476965904236 1
4500 True 0.03125 120.64288306236267 1
4600 True 0.125 120.65148067474365 1
4700 True 0.1875 120.6434953212738 1
4800 True 0.125 120.66251301765442 1
4900 True 0.125 120.65677881240845 1
5000 True 0.0625 120.65761137008667 1
5100 False 0.0 0.0 0
5200 True 0.21875 120.64088153839111 1
5300 True 0.125 120.65895652770996 1
5400 True 0.125 120.63995838165283 1
5500 True 0.25 120.66021013259888 1
5600 False 0.0 0.0 0
5700 True 0.15625 120.67361903190613 1
5800 True 0.1875 120.646071434021 1
5900 True 0.03125 120.66447734832764 1
6000 True 0.0 120.65874075889587 1
6100 True 0.25 120.71052241325378 1
6200 True 0.1875 120.67099356651306 1
6300 True 0.15625 120.67032098770142 1
6400 True 0.1875 120.6799886226654 1
6500 True 0.125 120.64261984825134 1
6600 True 0.0625 120.67521905899048 1
6700 True 0.0 120.64312505722046 1
6800 True 0.03125 120.77043461799622 1
6900 True 0.125 120.64849257469177 1
7000 True 0.125 120.67740416526794 1
7100 True 0.125 120.6597158908844 1
7200 False 0.0 0.0 0
7300 True 0.125 120.67636942863464 1
7400 True 0.09375 120.65423226356506 1
7500 True 0.4375 120.64965271949768 1
7600 True 0.125 120.66179537773132 1
7700 True 0.1875 120.69004344940186 1
7800 False 0.0 0.0 0
7900 True 0.0625 120.65868949890137 1
8000 True 0.1875 120.65169596672058 1
8100 True 0.1875 120.65749502182007 1
8200 True 0.1875 120.64979267120361 1
8300 True 0.3125 120.65618753433228 1
8400 True 0.1875 120.72268867492676 1
8500 True 0.28125 120.92261505126953 1
8600 True 0.1875 120.65559315681458 1
8700 True 0.1875 120.67434167861938 1
8800 True 0.125 120.6549460887909 1
8900 True 0.1875 120.67156267166138 1
9000 True 0.1875 120.67771744728088 1
9100 True 0.15625 120.65399026870728 1
9200 True 0.0625 120.65761995315552 1
9300 True 0.1875 120.68413281440735 1
9400 True 0.0625 120.68282532691956 1
9500 True 0.15625 120.64768838882446 1
9600 False 0.0 0.0 0
9700 True 0.0625 120.66070938110352 1
9800 True 0.125 120.69109010696411 1
9900 True 0.25 120.69538521766663 1
