0 True 1 22.68066668510437 0
100 True 1 19.204766273498535 0
200 False 0 0.0 0
300 False 0 0.0 0
400 True 0 20.17958092689514 0
500 True 1 20.792239904403687 0
600 True 1 20.75088858604431 0
700 True 1 20.80763816833496 0
800 True 1 21.463054895401 0
900 True 0 21.2241313457489 0
1000 True 0 24.63609004020691 0
1100 True 1 22.505047082901 0
1200 False 0 0.0 0
1300 True 1 21.812524795532227 0
1400 True 1 21.42285919189453 0
1500 False 0 0.0 0
1600 False 0 0.0 0
1700 True 1 22.8348708152771 0
1800 True 0 23.176197290420532 0
1900 True 0 25.04713463783264 0
2000 True 1 24.551963806152344 0
2100 True 1 23.283946990966797 0
2200 True 0 22.865504264831543 0
2300 False 0 0.0 0
2400 True 0 23.048147201538086 0
2500 True 1 22.707439661026 0
2600 True 1 23.960224628448486 0
2700 True 1 23.35914134979248 0
2800 True 1 23.698486804962158 0
2900 True 0 23.488396644592285 0
3000 True 1 23.812180519104004 0
3100 True 1 23.50490927696228 0
3200 True 1 24.106215238571167 0
3300 True 1 23.509294748306274 0
3400 True 1 23.26058530807495 0
3500 True 1 23.074129104614258 0
3600 False 0 0.0 0
3700 True 1 23.128517627716064 0
3800 True 0 23.481738090515137 0
3900 True 1 23.104668855667114 0
4000 True 1 24.236509323120117 0
4100 True 1 23.731106519699097 0
4200 True 1 23.93782663345337 0
4300 True 0 23.79086399078369 0
4400 True 0 23.63105869293213 0
4500 True 0 24.00528573989868 0
4600 True 1 24.109620094299316 0
4700 True 1 23.918660879135132 0
4800 True 1 24.09538722038269 0
4900 True 1 24.186671018600464 0
5000 True 1 23.607259511947632 0
5100 False 0 0.0 0
5200 True 1 24.13791823387146 0
5300 True 1 24.47280979156494 0
5400 True 1 23.373790502548218 0
5500 True 1 24.189534187316895 0
5600 False 0 0.0 0
5700 True 1 23.762247800827026 0
5800 True 1 22.796183586120605 0
5900 True 0 24.47494602203369 0
6000 True 0 25.637354612350464 0
6100 True 1 23.752788305282593 0
6200 True 1 24.163971424102783 0
6300 True 1 24.22275161743164 0
6400 True 1 25.45331907272339 0
6500 True 1 25.295083045959473 0
6600 True 1 23.824175119400024 0
6700 True 0 24.69900155067444 0
6800 True 0 24.520506143569946 0
6900 True 1 25.58909273147583 0
7000 True 1 25.24816083908081 0
7100 True 1 25.07956051826477 0
7200 False 0 0.0 0
7300 True 1 24.932881832122803 0
7400 True 0 24.384925365447998 0
7500 True 1 25.18237328529358 0
7600 True 1 25.35318374633789 0
7700 True 1 24.732352256774902 0
7800 False 0 0.0 0
7900 True 0 24.118435382843018 0
8000 True 1 25.818888425827026 0
8100 True 1 24.798851013183594 0
8200 True 1 24.849491596221924 0
8300 True 1 25.241977214813232 0
8400 True 1 25.055564880371094 0
8500 True 1 27.096084594726562 0
8600 True 1 25.53384256362915 0
8700 True 1 26.18820548057556 0
8800 True 1 24.20387864112854 0
8900 True 1 25.024502515792847 0
9000 True 1 23.311034679412842 0
9100 True 1 25.011333227157593 0
9200 True 1 25.423938035964966 0
9300 True 1 25.662135362625122 0
9400 True 1 25.49058222770691 0
9500 True 1 25.75714683532715 0
9600 False 0 0.0 0
9700 True 0 25.50053119659424 0
9800 True 1 25.760295391082764 0
9900 True 1 26.372273206710815 0
