0 False 0 0.0 0
100 False 0 0.0 0
200 False 0 0.0 0
300 False 0 0.0 0
400 False 0 0.0 0
500 True 0 35.37259078025818 0
600 True 1 29.905102491378784 0
700 True 1 32.10904026031494 0
800 False 0 0.0 0
900 False 0 0.0 0
1000 False 0 0.0 0
1100 True 1 29.57050371170044 0
1200 False 0 0.0 0
1300 False 0 0.0 0
1400 True 0 28.65027141571045 0
1500 False 0 0.0 0
1600 False 0 0.0 0
1700 False 0 0.0 0
1800 True 1 30.237281560897827 0
1900 False 0 0.0 0
2000 True 1 29.72368025779724 0
2100 False 0 0.0 0
2200 True 1 30.71811580657959 0
2300 False 0 0.0 0
2400 False 0 0.0 0
2500 False 0 0.0 0
2600 False 0 0.0 0
2700 True 1 31.351635456085205 0
2800 False 0 0.0 0
2900 False 0 0.0 0
3000 True 0 30.86603546142578 0
3100 False 0 0.0 0
3200 False 0 0.0 0
3300 False 0 0.0 0
3400 False 0 0.0 0
3500 False 0 0.0 0
3600 False 0 0.0 0
3700 False 0 0.0 0
3800 False 0 0.0 0
3900 True 1 31.36815905570984 0
4000 False 0 0.0 0
4100 False 0 0.0 0
4200 True 1 31.917530298233032 0
4300 False 0 0.0 0
4400 True 1 31.556031703948975 0
4500 False 0 0.0 0
4600 True 1 31.46928834915161 0
4700 False 0 0.0 0
4800 False 0 0.0 0
4900 False 0 0.0 0
5000 True 0 31.1848247051239 0
5100 False 0 0.0 0
5200 False 0 0.0 0
5300 False 0 0.0 0
5400 False 0 0.0 0
5500 False 0 0.0 0
5600 True 1 30.56707239151001 0
5700 True 0 30.896031379699707 0
5800 False 0 0.0 0
5900 False 0 0.0 0
6000 False 0 0.0 0
6100 False 0 0.0 0
6200 False 0 0.0 0
6300 False 0 0.0 0
6400 True 0 32.26237463951111 0
6500 False 0 0.0 0
6600 False 0 0.0 0
6700 False 0 0.0 0
6800 True 1 31.827532291412354 0
6900 False 0 0.0 0
7000 True 1 31.77307939529419 0
7100 True 1 31.967400312423706 0
7200 True 0 32.58233642578125 0
7300 True 1 32.41144561767578 0
7400 False 0 0.0 0
7500 True 1 31.525719165802002 0
7600 True 1 34.47316336631775 0
7700 False 0 0.0 0
7800 False 0 0.0 0
7900 False 0 0.0 0
8000 False 0 0.0 0
8100 True 1 35.26128149032593 0
8200 True 1 33.643728494644165 0
8300 False 0 0.0 0
8400 False 0 0.0 0
8500 False 0 0.0 0
8600 True 1 32.84774565696716 0
8700 False 0 0.0 0
8800 True 1 34.42778968811035 0
8900 False 0 0.0 0
9000 True 0 32.84429740905762 0
9100 False 0 0.0 0
9200 False 0 0.0 0
9300 True 1 34.378087520599365 0
9400 True 0 32.680344343185425 0
9500 True 1 32.14847731590271 0
9600 True 1 33.127217531204224 0
9700 True 0 33.77114248275757 0
9800 True 1 32.573567390441895 0
9900 True 0 32.72358679771423 0
