0 True 0.046875 8.539680004119873 0
100 True 0.046875 8.918562650680542 0
200 True 0.09375 9.429591417312622 0
300 False 0.0 0.0 0
400 True 0.03125 9.947474241256714 0
500 True 0.1640625 10.897231101989746 0
600 True 0.0625 11.179771184921265 0
700 True 0.0625 11.713162422180176 0
800 True 0.0 12.127810716629028 0
900 True 0.0078125 12.828286170959473 0
1000 True 0.015625 12.650225639343262 0
1100 True 0.0703125 12.697124242782593 0
1200 False 0.0 0.0 0
1300 True 0.0390625 14.365411520004272 0
1400 True 0.0703125 13.751764059066772 0
1500 False 0.0 0.0 0
1600 True 0.03125 16.327853202819824 0
1700 True 0.078125 14.35018014907837 0
1800 False 0.0 0.0 0
1900 True 0.015625 15.56925082206726 0
2000 True 0.0390625 15.65927767753601 0
2100 True 0.046875 15.282081842422485 0
2200 True 0.0546875 15.335064888000488 0
2300 True 0.0234375 16.49273133277893 0
2400 True 0.0390625 18.284987211227417 0
2500 True 0.0078125 19.093660354614258 0
2600 True 0.078125 19.70098638534546 0
2700 True 0.046875 19.131513595581055 0
2800 True 0.0703125 19.273271799087524 0
2900 True 0.046875 20.142664194107056 0
3000 True 0.0390625 19.619978189468384 0
3100 True 0.015625 20.99058985710144 0
3200 True 0.078125 25.685272932052612 0
3300 True 0.0625 22.020795583724976 0
3400 True 0.0546875 21.736692905426025 0
3500 True 0.0703125 21.330676078796387 0
3600 True 0.0234375 21.992258071899414 0
3700 True 0.046875 22.184467315673828 0
3800 True 0.046875 22.86887550354004 0
3900 True 0.0546875 24.635590314865112 0
4000 False 0.0 0.0 0
4100 True 0.015625 23.376241445541382 0
4200 True 0.03125 23.670058727264404 0
4300 False 0.0 0.0 0
4400 True 0.0 28.228625059127808 0
4500 False 0.0 0.0 0
4600 True 0.0859375 27.39584732055664 0
4700 True 0.0546875 25.67387557029724 0
4800 True 0.0703125 27.582055807113647 0
4900 True 0.0390625 28.48233652114868 0
5000 True 0.0234375 28.056679248809814 0
5100 True 0.0 29.059357404708862 0
5200 True 0.03125 30.81754207611084 0
5300 True 0.0703125 32.550408124923706 0
5400 True 0.0859375 31.3199303150177 0
5500 True 0.09375 30.608263731002808 0
5600 False 0.0 0.0 0
5700 True 0.0546875 30.804858922958374 0
5800 True 0.1015625 30.51701545715332 0
5900 True 0.0859375 34.01366925239563 0
6000 True 0.0390625 31.411582231521606 0
6100 True 0.125 32.03415250778198 0
6200 True 0.0859375 31.628247261047363 0
6300 True 0.0390625 32.790120124816895 0
6400 False 0.0 0.0 0
6500 True 0.078125 37.34632420539856 0
6600 True 0.03125 36.35659098625183 0
6700 True 0.0078125 37.710816621780396 0
6800 True 0.078125 36.9429349899292 0
6900 True 0.0546875 38.04709815979004 0
7000 True 0.046875 37.02279257774353 0
7100 True 0.078125 36.832151651382446 0
7200 True 0.0390625 37.117757081985474 0
7300 True 0.078125 42.73697519302368 0
7400 True 0.0625 40.80668234825134 0
7500 True 0.1015625 41.416805028915405 0
7600 True 0.0546875 43.90658402442932 0
7700 True 0.0390625 47.43652296066284 0
7800 False 0.0 0.0 0
7900 True 0.0 46.22298288345337 0
8000 True 0.171875 44.25154757499695 0
8100 True 0.0546875 42.37171673774719 0
8200 True 0.09375 43.85961294174194 0
8300 True 0.0625 45.07763385772705 0
8400 True 0.0703125 42.22024130821228 0
8500 True 0.1015625 43.50079154968262 0
8600 True 0.0625 46.39553642272949 0
8700 True 0.046875 46.9367516040802 0
8800 True 0.0859375 47.244638442993164 0
8900 True 0.0703125 45.628371238708496 0
9000 True 0.1171875 47.17288112640381 0
9100 True 0.0859375 48.1613826751709 0
9200 True 0.0546875 50.99746584892273 0
9300 True 0.0625 48.55465245246887 0
9400 True 0.046875 48.423874855041504 0
9500 True 0.0390625 51.01877307891846 0
9600 True 0.0859375 57.43216037750244 0
9700 False 0.0 0.0 0
9800 True 0.03125 49.340172290802 0
9900 True 0.0625 52.318535804748535 0
