0 True 0.34375 120.63747930526733 1
100 True 0.125 120.91477680206299 1
200 True 0.15625 120.65946364402771 1
300 False 0.0 0.0 0
400 True 0.125 120.72748684883118 1
500 True 0.296875 120.85997533798218 1
600 True 0.3125 120.73083662986755 1
700 True 0.34375 120.66312980651855 1
800 False 0.0 0.0 0
900 True 0.125 120.69725680351257 1
1000 True 0.140625 120.6620180606842 1
1100 True 0.328125 120.67075943946838 1
1200 False 0.0 0.0 0
1300 True 0.234375 120.6389741897583 1
1400 True 0.28125 120.6828145980835 1
1500 False 0.0 0.0 0
1600 True 0.125 120.68029189109802 1
1700 True 0.25 120.66871237754822 1
1800 True 0.0625 120.65416049957275 1
1900 True 0.234375 120.6550178527832 1
2000 True 0.1875 120.68878412246704 1
2100 True 0.125 120.67735695838928 1
2200 True 0.0 120.69250273704529 1
2300 True 0.0625 120.70989155769348 1
2400 False 0.0 0.0 0
2500 False 0.0 0.0 0
2600 True 0.28125 120.65574026107788 1
2700 True 0.3125 120.89655017852783 1
2800 True 0.125 120.67969393730164 1
2900 True 0.0 120.65861988067627 1
3000 True 0.25 120.66279792785645 1
3100 True 0.03125 120.66307282447815 1
3200 True 0.296875 120.66782689094543 1
3300 True 0.0625 120.66931509971619 1
3400 True 0.34375 120.69452929496765 1
3500 True 0.375 120.66372632980347 1
3600 True 0.09375 120.66465044021606 1
3700 True 0.3125 120.64230394363403 1
3800 True 0.09375 120.65312361717224 1
3900 True 0.3125 120.70887851715088 1
4000 False 0.0 0.0 0
4100 True 0.15625 120.66939687728882 1
4200 True 0.3125 120.57970356941223 1
4300 False 0.0 0.0 0
4400 True 0.125 120.6603012084961 1
4500 False 0.0 0.0 0
4600 True 0.28125 120.91770243644714 1
4700 True 0.28125 120.65103268623352 1
4800 True 0.375 120.65633153915405 1
4900 True 0.0 120.65695929527283 1
5000 True 0.21875 120.67090559005737 1
5100 False 0.0 0.0 0
5200 True 0.1875 120.66767978668213 1
5300 True 0.1875 120.66307759284973 1
5400 True 0.25 120.65728902816772 1
5500 True 0.28125 120.66408491134644 1
5600 True 0.125 120.67983508110046 1
5700 True 0.21875 120.67864322662354 1
5800 True 0.28125 120.6867003440857 1
5900 True 0.28125 120.69496703147888 1
6000 True 0.0 120.68417286872864 1
6100 True 0.3125 120.65683603286743 1
6200 True 0.1875 120.67314147949219 1
6300 True 0.3125 120.6593701839447 1
6400 True 0.03125 120.66137552261353 1
6500 True 0.25 120.65339922904968 1
6600 True 0.0625 120.68068599700928 1
6700 True 0.0 120.67047834396362 1
6800 True 0.03125 120.69546270370483 1
6900 True 0.15625 120.6591420173645 1
7000 True 0.3125 120.67530417442322 1
7100 True 0.09375 120.85275387763977 1
7200 True 0.1875 120.6524555683136 1
7300 True 0.3125 120.65639162063599 1
7400 True 0.21875 120.67241501808167 1
7500 True 0.0 120.65008449554443 1
7600 True 0.34375 120.66616344451904 1
7700 True 0.09375 120.65153741836548 1
7800 False 0.0 0.0 0
7900 True 0.1875 120.68214988708496 1
8000 True 0.125 120.548006772995 1
8100 True 0.3125 120.64780020713806 1
8200 True 0.25 120.67198276519775 1
8300 True 0.21875 120.77252888679504 1
8400 True 0.3125 120.66326975822449 1
8500 True 0.3125 120.68129110336304 1
8600 True 0.375 120.73464226722717 1
8700 True 0.3125 120.69978284835815 1
8800 True 0.375 120.67782378196716 1
8900 True 0.3125 120.65716910362244 1
9000 True 0.25 120.6508150100708 1
9100 True 0.1875 120.65818786621094 1
9200 True 0.3125 120.65730142593384 1
9300 True 0.3125 120.6637647151947 1
9400 True 0.0625 120.9484555721283 1
9500 True 0.125 120.66880965232849 1
9600 True 0.125 120.65574860572815 1
9700 False 0.0 0.0 0
9800 True 0.125 120.64208936691284 1
9900 True 0.125 120.98541164398193 1
