0 True 1 22.851520776748657 0
100 True 0 15.701472282409668 0
200 True 0 17.481647729873657 0
300 False 0 0.0 0
400 True 0 16.83634066581726 0
500 True 0 18.763630390167236 0
600 True 1 18.388990879058838 0
700 True 1 19.407954454421997 0
800 False 0 0.0 0
900 True 0 20.239527702331543 0
1000 True 0 18.859352827072144 0
1100 True 1 21.103360176086426 0
1200 False 0 0.0 0
1300 True 0 18.361963510513306 0
1400 True 0 20.08694100379944 0
1500 False 0 0.0 0
1600 True 0 19.006861686706543 0
1700 True 0 19.55337119102478 0
1800 True 0 18.39567494392395 0
1900 True 0 17.887078285217285 0
2000 True 0 18.577428340911865 0
2100 True 0 17.418272972106934 0
2200 True 0 20.377821445465088 0
2300 True 0 21.513565063476562 0
2400 False 0 0.0 0
2500 False 0 0.0 0
2600 True 0 20.294984102249146 0
2700 True 1 19.962443113327026 0
2800 True 0 23.808557987213135 0
2900 True 0 21.369556427001953 0
3000 True 0 20.059943675994873 0
3100 True 0 20.151216506958008 0
3200 True 1 19.206706047058105 0
3300 True 0 20.31175208091736 0
3400 True 1 21.728458166122437 0
3500 True 1 20.323482990264893 0
3600 True 0 20.694725513458252 0
3700 True 1 22.494274854660034 0
3800 True 0 20.446466207504272 0
3900 True 1 20.767091274261475 0
4000 False 0 0.0 0
4100 True 0 21.686514854431152 0
4200 True 1 19.903359174728394 0
4300 False 0 0.0 0
4400 True 0 21.817644834518433 0
4500 False 0 0.0 0
4600 True 0 23.218669176101685 0
4700 True 0 20.503044366836548 0
4800 True 1 21.992117643356323 0
4900 True 0 21.626880645751953 0
5000 True 0 19.208542585372925 0
5100 False 0 0.0 0
5200 True 0 20.608170986175537 0
5300 True 0 22.954235553741455 0
5400 True 0 21.840760469436646 0
5500 True 0 21.633381366729736 0
5600 True 0 21.44832420349121 0
5700 True 0 21.812198638916016 0
5800 True 0 20.84806513786316 0
5900 True 0 20.421807289123535 0
6000 True 0 21.33983325958252 0
6100 True 1 21.20437216758728 0
6200 True 0 21.4674174785614 0
6300 True 1 21.228413105010986 0
6400 True 0 21.161940097808838 0
6500 True 0 24.11235523223877 0
6600 True 0 21.28849220275879 0
6700 True 0 21.7964870929718 0
6800 True 0 20.895609140396118 0
6900 True 0 22.097084999084473 0
7000 True 1 19.84488034248352 0
7100 True 0 21.40320920944214 0
7200 True 0 20.50259828567505 0
7300 True 1 21.58330798149109 0
7400 True 0 22.0184223651886 0
7500 True 0 23.683714389801025 0
7600 True 1 21.090821504592896 0
7700 True 0 22.54736614227295 0
7800 False 0 0.0 0
7900 True 0 22.849673986434937 0
8000 True 0 23.037468433380127 0
8100 True 1 21.16214656829834 0
8200 True 0 22.423296213150024 0
8300 True 0 23.67836356163025 0
8400 True 1 20.822797060012817 0
8500 True 1 20.200389623641968 0
8600 True 1 21.56160259246826 0
8700 True 1 21.220094442367554 0
8800 True 1 21.558260202407837 0
8900 True 1 21.2517511844635 0
9000 True 0 23.755708932876587 0
9100 True 0 21.900028467178345 0
9200 True 1 21.61222219467163 0
9300 True 1 23.60758876800537 0
9400 True 0 24.278037548065186 0
9500 True 0 23.518999338150024 0
9600 True 0 22.068820238113403 0
9700 False 0 0.0 0
9800 True 0 22.036333084106445 0
9900 True 0 22.119016647338867 0
