0 True 0.2109375 61.03298044204712 0
100 True 0.1875 66.11390113830566 0
200 True 0.125 67.3363516330719 0
300 True 0.0390625 63.08496308326721 0
400 True 0.1171875 67.28503751754761 0
500 True 0.2734375 71.06303882598877 0
600 True 0.2265625 73.30691313743591 0
700 True 0.171875 71.37809872627258 0
800 True 0.1171875 68.86288380622864 0
900 True 0.046875 78.97060418128967 0
1000 True 0.0859375 73.67323470115662 0
1100 True 0.203125 74.30868244171143 0
1200 True 0.015625 72.76195907592773 0
1300 True 0.171875 79.33546018600464 0
1400 True 0.1953125 76.11168956756592 0
1500 False 0.0 0.0 0
1600 True 0.046875 76.92167258262634 0
1700 True 0.1640625 79.43127512931824 0
1800 True 0.0859375 80.34686279296875 0
1900 True 0.125 79.59427809715271 0
2000 True 0.1328125 80.70957040786743 0
2100 True 0.171875 84.4994649887085 0
2200 True 0.015625 81.29806399345398 0
2300 True 0.1328125 81.83251309394836 0
2400 True 0.109375 81.929270029068 0
2500 True 0.140625 84.6895203590393 0
2600 True 0.2109375 82.37606549263 0
2700 True 0.1328125 86.45706152915955 0
2800 True 0.1328125 85.24074292182922 0
2900 True 0.125 89.04912829399109 0
3000 True 0.125 87.63543391227722 0
3100 True 0.078125 86.78927540779114 0
3200 True 0.2265625 90.30649375915527 0
3300 True 0.109375 92.49876117706299 0
3400 True 0.2109375 90.9165530204773 0
3500 True 0.25 88.36206245422363 0
3600 True 0.1640625 94.58359479904175 0
3700 True 0.1875 91.87288403511047 0
3800 True 0.125 94.77980589866638 0
3900 True 0.1796875 92.28972482681274 0
4000 True 0.0390625 97.68374371528625 0
4100 True 0.1328125 91.57184481620789 0
4200 True 0.171875 94.08389139175415 0
4300 False 0.0 0.0 0
4400 True 0.0859375 98.64123153686523 0
4500 False 0.0 0.0 0
4600 True 0.234375 98.32606267929077 0
4700 True 0.171875 98.62886095046997 0
4800 True 0.2265625 99.41210865974426 0
4900 True 0.09375 101.81539249420166 0
5000 True 0.171875 103.61805272102356 0
5100 True 0.109375 104.42064547538757 0
5200 True 0.15625 110.3470950126648 0
5300 True 0.1953125 104.94228386878967 0
5400 True 0.15625 105.99364018440247 0
5500 True 0.25 108.63616847991943 0
5600 True 0.0 112.28503084182739 0
5700 True 0.1796875 102.64767050743103 0
5800 True 0.171875 108.61547422409058 0
5900 True 0.21875 111.89948391914368 0
6000 True 0.0703125 106.17143487930298 0
6100 True 0.2421875 114.25944256782532 0
6200 True 0.234375 109.34605717658997 0
6300 True 0.1875 113.81265139579773 0
6400 True 0.0234375 109.76622653007507 0
6500 True 0.21875 111.86936497688293 0
6600 True 0.125 114.45592069625854 0
6700 True 0.15625 116.57755398750305 0
6800 True 0.1484375 117.71589922904968 0
6900 True 0.1796875 113.12585067749023 0
7000 True 0.171875 120.12183117866516 1
7100 True 0.203125 114.62494206428528 0
7200 True 0.1015625 119.6794331073761 0
7300 True 0.1796875 120.63135170936584 1
7400 True 0.140625 120.63555932044983 1
7500 True 0.15625 111.39936256408691 0
7600 True 0.1875 115.11407494544983 0
7700 True 0.140625 117.8514187335968 0
7800 True 0.046875 119.11361813545227 0
7900 True 0.09375 119.73665833473206 0
8000 True 0.171875 119.32017660140991 0
8100 True 0.15625 120.63441777229309 1
8200 True 0.234375 120.62418007850647 1
8300 True 0.265625 115.93003869056702 0
8400 True 0.2109375 118.88550639152527 0
8500 True 0.2578125 119.784982919693 0
8600 True 0.1875 120.6443190574646 1
8700 True 0.171875 120.77649092674255 1
8800 True 0.3125 120.69483542442322 1
8900 True 0.234375 120.66037392616272 1
9000 True 0.203125 120.67262005805969 1
9100 True 0.1875 120.65910911560059 1
9200 True 0.171875 120.65177345275879 1
9300 True 0.203125 120.71123099327087 1
9400 True 0.125 120.684898853302 1
9500 True 0.09375 120.65773844718933 1
9600 True 0.15625 120.71525311470032 1
9700 True 0.078125 120.64500689506531 1
9800 True 0.140625 120.67314767837524 1
9900 True 0.125 120.65520644187927 1
