0 True 1 31.755815029144287 0
100 True 1 26.089446544647217 0
200 True 0 33.538280963897705 0
300 True 0 27.565802335739136 0
400 True 1 28.27941131591797 0
500 True 1 27.033461809158325 0
600 True 1 28.46017599105835 0
700 True 1 31.05591917037964 0
800 True 1 28.628480434417725 0
900 True 0 30.267284393310547 0
1000 True 1 29.726287841796875 0
1100 True 1 30.809076070785522 0
1200 True 0 27.539833545684814 0
1300 True 1 30.23999571800232 0
1400 True 1 27.868216276168823 0
1500 False 0 0.0 0
1600 True 1 30.22403073310852 0
1700 True 1 30.296780824661255 0
1800 True 0 27.75800633430481 0
1900 True 0 29.6659939289093 0
2000 True 1 27.97716212272644 0
2100 True 1 31.79780101776123 0
2200 True 0 28.738566398620605 0
2300 True 0 30.58056354522705 0
2400 True 1 27.519043684005737 0
2500 True 1 31.111644506454468 0
2600 True 1 28.288708209991455 0
2700 True 1 31.018556594848633 0
2800 True 1 26.959684133529663 0
2900 True 1 30.77683687210083 0
3000 True 1 28.29062032699585 0
3100 True 0 30.45941996574402 0
3200 True 1 31.03125286102295 0
3300 True 1 30.38577389717102 0
3400 True 1 29.088600635528564 0
3500 True 1 30.224090099334717 0
3600 True 1 28.90113878250122 0
3700 True 1 30.972692251205444 0
3800 True 1 28.850918292999268 0
3900 True 1 31.131189346313477 0
4000 True 1 30.670129776000977 0
4100 True 1 31.443970680236816 0
4200 True 1 30.73808217048645 0
4300 True 0 29.981141805648804 0
4400 True 1 29.63441824913025 0
4500 False 0 0.0 0
4600 True 1 29.836226224899292 0
4700 True 1 30.11523413658142 0
4800 True 1 28.247339010238647 0
4900 True 1 30.513919591903687 0
5000 True 1 30.577662467956543 0
5100 True 1 29.290051698684692 0
5200 True 1 31.736628532409668 0
5300 True 1 29.230414867401123 0
5400 True 1 31.581952333450317 0
5500 True 1 31.515291213989258 0
5600 True 1 31.41301941871643 0
5700 True 1 34.76400279998779 0
5800 True 1 32.58593487739563 0
5900 True 1 29.582567930221558 0
6000 True 1 35.11065912246704 0
6100 True 1 27.588176488876343 0
6200 True 1 32.26298451423645 0
6300 True 1 31.2288818359375 0
6400 True 1 33.54133367538452 0
6500 True 1 31.0456223487854 0
6600 True 1 32.613041400909424 0
6700 True 1 33.028083086013794 0
6800 True 1 33.463274240493774 0
6900 True 1 29.802653074264526 0
7000 True 1 32.46180295944214 0
7100 True 1 32.4945068359375 0
7200 True 0 32.461002588272095 0
7300 True 1 29.970784187316895 0
7400 True 1 33.02457809448242 0
7500 True 1 32.30209040641785 0
7600 True 1 31.362403869628906 0
7700 True 1 33.94039273262024 0
7800 False 0 0.0 0
7900 True 1 35.03324007987976 0
8000 True 1 34.65571641921997 0
8100 True 1 33.34330415725708 0
8200 True 1 31.796661138534546 0
8300 True 1 30.49407958984375 0
8400 True 1 32.85581874847412 0
8500 True 1 31.587390422821045 0
8600 True 1 33.978269815444946 0
8700 True 1 34.747201681137085 0
8800 True 1 31.02864170074463 0
8900 True 1 33.85366988182068 0
9000 True 1 30.719576358795166 0
9100 True 1 32.92807126045227 0
9200 True 1 33.45195960998535 0
9300 True 1 31.064831018447876 0
9400 True 1 32.476330280303955 0
9500 True 1 33.83207821846008 0
9600 True 1 34.72133708000183 0
9700 True 0 30.16097092628479 0
9800 True 1 34.823487520217896 0
9900 True 1 32.86167287826538 0
