0 True 0.3125 120.64963340759277 1
100 True 0.25 120.69055652618408 1
200 True 0.4375 120.71313762664795 1
300 False 0.0 0.0 0
400 True 0.0 120.6583776473999 1
500 True 0.25 120.66537690162659 1
600 True 0.25 120.65146493911743 1
700 False 0.0 0.0 0
800 True 0.4375 120.65726923942566 1
900 True 0.0 120.68431639671326 1
1000 False 0.0 0.0 0
1100 True 0.25 120.65285563468933 1
1200 False 0.0 0.0 0
1300 True 0.3125 122.4105236530304 1
1400 True 0.25 120.70602917671204 1
1500 False 0.0 0.0 0
1600 False 0.0 0.0 0
1700 True 0.0 120.5 1
1800 False 0.0 0.0 0
1900 False 0.0 0.0 0
2000 True 0.0 120.5 1
2100 True 0.0 120.5 1
2200 True 0.0 120.5 1
2300 False 0.0 0.0 0
2400 False 0.0 0.0 0
2500 False 0.0 0.0 0
2600 True 0.0 120.5 1
2700 True 0.0 120.5 1
2800 False 0.0 0.0 0
2900 False 0.0 0.0 0
3000 True 0.0 120.5 1
3100 True 0.0 120.5 1
3200 True 0.0 120.5 1
3300 True 0.0 120.5 1
3400 True 0.0 120.5 1
3500 True 0.0 120.5 1
3600 False 0.0 0.0 0
3700 True 0.0 120.5 1
3800 True 0.0 120.5 1
3900 True 0.0 120.5 1
4000 False 0.0 0.0 0
4100 False 0.0 0.0 0
4200 True 0.0 120.5 1
4300 False 0.0 0.0 0
4400 True 0.0 120.5 1
4500 True 0.0 120.5 1
4600 True 0.0 120.5 1
4700 True 0.0 120.5 1
4800 True 0.0 120.5 1
4900 True 0.0 120.5 1
5000 True 0.0 120.5 1
5100 True 0.0 120.5 1
5200 True 0.0 120.5 1
5300 True 0.0 120.5 1
5400 False 0.0 0.0 0
5500 True 0.0 120.5 1
5600 True 0.0 120.5 1
5700 True 0.0 120.5 1
5800 True 0.0 120.5 1
5900 True 0.0 120.5 1
6000 True 0.0 120.5 1
6100 True 0.0 120.5 1
6200 True 0.0 120.5 1
6300 True 0.0 120.5 1
6400 False 0.0 0.0 0
6500 True 0.0 120.5 1
6600 False 0.0 0.0 0
6700 True 0.0 120.5 1
6800 True 0.0 120.5 1
6900 True 0.0 120.5 1
7000 True 0.0 120.5 1
7100 False 0.0 0.0 0
7200 True 0.0 120.5 1
7300 True 0.0 120.5 1
7400 True 0.0 120.5 1
7500 True 0.0 120.5 1
7600 True 0.0 120.5 1
7700 True 0.0 120.5 1
7800 False 0.0 0.0 0
7900 False 0.0 0.0 0
8000 True 0.0 120.5 1
8100 True 0.0 120.5 1
8200 True 0.0 120.5 1
8300 False 0.0 0.0 0
8400 True 0.0 120.5 1
8500 True 0.0 120.5 1
8600 True 0.0 120.5 1
8700 True 0.0 120.5 1
8800 True 0.0 120.5 1
8900 True 0.0 120.5 1
9000 True 0.0 120.5 1
9100 True 0.0 120.5 1
9200 True 0.0 120.5 1
9300 True 0.0 120.5 1
9400 True 0.0 120.5 1
9500 True 0.0 120.5 1
9600 True 0.0 120.5 1
9700 True 0.0 120.5 1
9800 True 0.0 120.5 1
9900 True 0.0 120.5 1
