0 True 0.25 120.66474723815918 1
100 True 0.0625 120.82493710517883 1
200 True 0.0625 120.66724109649658 1
300 True 0.0 120.6431941986084 1
400 True 0.0625 120.7217333316803 1
500 True 0.25 120.65655374526978 1
600 True 0.125 120.68491077423096 1
700 True 0.125 120.66957402229309 1
800 True 0.3125 120.50684261322021 1
900 True 0.0625 120.66670227050781 1
1000 True 0.125 120.66738295555115 1
1100 True 0.1875 120.53603339195251 1
1200 True 0.0625 120.66174411773682 1
1300 True 0.3125 120.65682816505432 1
1400 True 0.125 120.64514923095703 1
1500 False 0.0 0.0 0
1600 True 0.0625 120.71743083000183 1
1700 True 0.1875 120.73687815666199 1
1800 True 0.0625 120.65887117385864 1
1900 True 0.0 120.88289880752563 1
2000 True 0.125 120.68371987342834 1
2100 True 0.1875 120.65147089958191 1
2200 True 0.0625 120.65701937675476 1
2300 True 0.0625 120.73342084884644 1
2400 True 0.1875 120.65525245666504 1
2500 True 0.0625 120.72121906280518 1
2600 True 0.25 120.65505909919739 1
2700 True 0.125 120.61615252494812 1
2800 True 0.125 120.67810344696045 1
2900 True 0.25 120.67706441879272 1
3000 True 0.125 120.65302872657776 1
3100 True 0.0625 120.66341710090637 1
3200 True 0.25 120.68744540214539 1
3300 True 0.125 120.67460799217224 1
3400 True 0.1875 120.69228482246399 1
3500 True 0.375 120.66199541091919 1
3600 True 0.125 120.65506410598755 1
3700 True 0.3125 120.7392520904541 1
3800 True 0.125 120.67701268196106 1
3900 True 0.1875 120.68769121170044 1
4000 True 0.125 120.71667218208313 1
4100 True 0.125 120.66644024848938 1
4200 True 0.125 120.66392683982849 1
4300 True 0.0 120.66810512542725 1
4400 True 0.125 120.65632104873657 1
4500 False 0.0 0.0 0
4600 True 0.1875 120.68426036834717 1
4700 True 0.25 120.66937899589539 1
4800 True 0.1875 120.68950819969177 1
4900 True 0.125 120.70987129211426 1
5000 True 0.125 120.66620326042175 1
5100 True 0.125 120.6717267036438 1
5200 True 0.25 120.66404104232788 1
5300 True 0.1875 120.6596577167511 1
5400 True 0.1875 120.68463826179504 1
5500 True 0.3125 120.65651488304138 1
5600 True 0.125 120.70739817619324 1
5700 True 0.1875 120.65618300437927 1
5800 True 0.25 120.66388535499573 1
5900 True 0.3125 120.72385931015015 1
6000 True 0.1875 120.66699314117432 1
6100 True 0.3125 120.66592454910278 1
6200 True 0.125 120.66414546966553 1
6300 True 0.1875 120.74398803710938 1
6400 True 0.125 120.65556025505066 1
6500 True 0.125 120.74560499191284 1
6600 True 0.125 120.65576791763306 1
6700 True 0.3125 120.67859625816345 1
6800 True 0.125 120.67742037773132 1
6900 True 0.125 120.72344064712524 1
7000 True 0.125 120.66364312171936 1
7100 True 0.125 120.67163062095642 1
7200 True 0.0625 120.67961263656616 1
7300 True 0.1875 120.64409852027893 1
7400 True 0.0 120.6563093662262 1
7500 True 0.25 120.65891623497009 1
7600 True 0.125 120.66795539855957 1
7700 True 0.25 120.65441346168518 1
7800 False 0.0 0.0 0
7900 True 0.125 120.7011342048645 1
8000 True 0.125 120.68214964866638 1
8100 True 0.125 120.84003686904907 1
8200 True 0.125 120.65394616127014 1
8300 True 0.1875 120.65850687026978 1
8400 True 0.25 120.65962243080139 1
8500 True 0.25 120.65999746322632 1
8600 True 0.1875 120.81261968612671 1
8700 True 0.125 120.6544463634491 1
8800 True 0.125 120.66290044784546 1
8900 True 0.1875 120.66022944450378 1
9000 True 0.125 120.65426898002625 1
9100 True 0.25 120.63837623596191 1
9200 True 0.125 120.75863146781921 1
9300 True 0.125 120.65206336975098 1
9400 True 0.125 120.72799253463745 1
9500 True 0.125 120.79295301437378 1
9600 True 0.1875 120.66501593589783 1
9700 True 0.0 120.65092825889587 1
9800 True 0.125 120.66088080406189 1
9900 True 0.25 120.52856421470642 1
