0 True 0.046875 9.652341365814209 0
100 True 0.0546875 10.113956689834595 0
200 True 0.109375 10.903735876083374 0
300 True 0.0 11.039262294769287 0
400 True 0.0546875 11.59306001663208 0
500 True 0.125 12.26025104522705 0
600 True 0.0703125 12.871116399765015 0
700 True 0.0546875 13.544596672058105 0
800 True 0.0078125 13.609713077545166 0
900 True 0.0078125 14.083385944366455 0
1000 True 0.0234375 14.535440683364868 0
1100 True 0.0625 14.772893190383911 0
1200 True 0.015625 15.697702407836914 0
1300 True 0.0703125 15.977071762084961 0
1400 True 0.0859375 17.354193210601807 0
1500 False 0.0 0.0 0
1600 True 0.0234375 17.614325284957886 0
1700 True 0.078125 17.741230487823486 0
1800 False 0.0 0.0 0
1900 True 0.046875 18.06017017364502 0
2000 True 0.03125 19.039918899536133 0
2100 True 0.0546875 18.665464162826538 0
2200 True 0.046875 20.463188409805298 0
2300 True 0.0390625 20.40004539489746 0
2400 True 0.0390625 21.895436763763428 0
2500 True 0.0234375 21.968884468078613 0
2600 True 0.078125 22.062995195388794 0
2700 True 0.0546875 22.827606439590454 0
2800 True 0.0625 22.71391224861145 0
2900 True 0.046875 22.907631158828735 0
3000 True 0.0546875 23.719606637954712 0
3100 True 0.03125 23.761130332946777 0
3200 True 0.0859375 24.255987405776978 0
3300 True 0.078125 25.654491424560547 0
3400 True 0.0546875 25.23846197128296 0
3500 True 0.09375 27.394471883773804 0
3600 True 0.046875 26.859856605529785 0
3700 True 0.0546875 28.18430185317993 0
3800 True 0.046875 27.21928834915161 0
3900 True 0.0625 26.898370265960693 0
4000 False 0.0 0.0 0
4100 True 0.0390625 27.141956329345703 0
4200 True 0.0390625 27.34898614883423 0
4300 False 0.0 0.0 0
4400 True 0.03125 29.114643335342407 0
4500 False 0.0 0.0 0
4600 True 0.109375 29.69921088218689 0
4700 True 0.0546875 29.115058422088623 0
4800 True 0.078125 30.0955593585968 0
4900 True 0.046875 30.254542112350464 0
5000 True 0.046875 31.422991514205933 0
5100 True 0.0234375 31.921645164489746 0
5200 True 0.0390625 32.84542894363403 0
5300 True 0.0703125 34.38133478164673 0
5400 True 0.0859375 33.59795880317688 0
5500 True 0.0859375 34.34500789642334 0
5600 False 0.0 0.0 0
5700 True 0.0625 33.76366424560547 0
5800 True 0.078125 35.08943748474121 0
5900 True 0.0859375 35.2879683971405 0
6000 True 0.0390625 35.37166738510132 0
6100 True 0.1171875 34.97029948234558 0
6200 True 0.078125 37.78250741958618 0
6300 True 0.0546875 36.309683084487915 0
6400 True 0.0 39.167710304260254 0
6500 True 0.09375 38.36986207962036 0
6600 True 0.0546875 40.372817516326904 0
6700 True 0.0390625 39.29694318771362 0
6800 True 0.0546875 39.43323111534119 0
6900 True 0.046875 40.35029721260071 0
7000 True 0.0546875 41.97244334220886 0
7100 True 0.0546875 44.477153062820435 0
7200 True 0.03125 43.44737219810486 0
7300 True 0.078125 47.573514461517334 0
7400 True 0.078125 45.52246427536011 0
7500 True 0.0859375 45.573432207107544 0
7600 True 0.0859375 45.69747567176819 0
7700 True 0.046875 47.45326614379883 0
7800 False 0.0 0.0 0
7900 True 0.0078125 46.03387689590454 0
8000 True 0.1328125 47.69379806518555 0
8100 True 0.046875 45.19799613952637 0
8200 True 0.09375 46.74802899360657 0
8300 True 0.109375 47.63808798789978 0
8400 True 0.0703125 46.77537512779236 0
8500 True 0.1015625 48.15571212768555 0
8600 True 0.0625 49.74743628501892 0
8700 True 0.0625 49.89477896690369 0
8800 True 0.109375 51.26769781112671 0
8900 True 0.0703125 55.13711738586426 0
9000 True 0.0859375 53.15076947212219 0
9100 True 0.0859375 52.80862379074097 0
9200 True 0.0546875 55.98554992675781 0
9300 True 0.078125 54.02480411529541 0
9400 True 0.0546875 55.9879207611084 0
9500 True 0.03125 54.878230571746826 0
9600 True 0.078125 57.45474648475647 0
9700 False 0.0 0.0 0
9800 True 0.046875 60.556209087371826 0
9900 True 0.0625 69.08267784118652 0
