0 True 0.171875 0.03434324264526367 0
100 True 0.0546875 0.03185224533081055 0
200 True 0.0703125 0.03198957443237305 0
300 False 0.0 0.0 0
400 False 0.0 0.0 0
500 True 0.1640625 0.03194904327392578 0
600 True 0.125 0.03190350532531738 0
700 True 0.15625 0.03157448768615723 0
800 False 0.0 0.0 0
900 True 0.1015625 0.030977249145507812 0
1000 True 0.0390625 0.03149080276489258 0
1100 True 0.203125 0.032129764556884766 0
1200 False 0.0 0.0 0
1300 True 0.0703125 0.03225398063659668 0
1400 True 0.15625 0.036756277084350586 0
1500 False 0.0 0.0 0
1600 True 0.1328125 0.03375983238220215 0
1700 True 0.125 0.032233238220214844 0
1800 True 0.0 0.03260445594787598 0
1900 True 0.1328125 0.032053232192993164 0
2000 True 0.0859375 0.03146791458129883 0
2100 False 0.0 0.0 0
2200 False 0.0 0.0 0
2300 True 0.0 0.032549381256103516 0
2400 False 0.0 0.0 0
2500 False 0.0 0.0 0
2600 True 0.046875 0.03340792655944824 0
2700 True 0.1328125 0.03328752517700195 0
2800 False 0.0 0.0 0
2900 True 0.03125 0.03436923027038574 0
3000 True 0.1015625 0.04024553298950195 0
3100 False 0.0 0.0 0
3200 True 0.15625 0.031525373458862305 0
3300 True 0.046875 0.031931400299072266 0
3400 True 0.1875 0.03468513488769531 0
3500 True 0.203125 0.03359270095825195 0
3600 False 0.0 0.0 0
3700 True 0.171875 0.03343486785888672 0
3800 True 0.046875 0.031245708465576172 0
3900 True 0.203125 0.0322268009185791 0
4000 False 0.0 0.0 0
4100 True 0.0546875 0.030572891235351562 0
4200 True 0.171875 0.03499269485473633 0
4300 False 0.0 0.0 0
4400 True 0.1015625 0.03071737289428711 0
4500 False 0.0 0.0 0
4600 True 0.140625 0.03126406669616699 0
4700 True 0.125 0.03502678871154785 0
4800 True 0.1953125 0.028664112091064453 0
4900 False 0.0 0.0 0
5000 True 0.125 0.03286314010620117 0
5100 False 0.0 0.0 0
5200 True 0.078125 0.03336596488952637 0
5300 True 0.046875 0.029231786727905273 0
5400 True 0.046875 0.03003215789794922 0
5500 True 0.171875 0.031146526336669922 0
5600 True 0.1015625 0.030945539474487305 0
5700 True 0.1328125 0.03342747688293457 0
5800 True 0.1171875 0.03119802474975586 0
5900 True 0.1875 0.03158068656921387 0
6000 False 0.0 0.0 0
6100 True 0.203125 0.033364057540893555 0
6200 True 0.0859375 0.03410458564758301 0
6300 True 0.1953125 0.03149080276489258 0
6400 True 0.078125 0.03105020523071289 0
6500 True 0.078125 0.03366565704345703 0
6600 True 0.0234375 0.03379702568054199 0
6700 False 0.0 0.0 0
6800 False 0.0 0.0 0
6900 True 0.0703125 0.03129386901855469 0
7000 True 0.1796875 0.032785892486572266 0
7100 False 0.0 0.0 0
7200 True 0.078125 0.031684160232543945 0
7300 True 0.1953125 0.03168606758117676 0
7400 True 0.0 0.03359556198120117 0
7500 False 0.0 0.0 0
7600 True 0.1953125 0.03102278709411621 0
7700 True 0.0625 0.032964468002319336 0
7800 False 0.0 0.0 0
7900 True 0.1484375 0.03258633613586426 0
8000 True 0.078125 0.031151533126831055 0
8100 True 0.203125 0.0336909294128418 0
8200 True 0.1484375 0.031180858612060547 0
8300 True 0.078125 0.03360152244567871 0
8400 True 0.1875 0.03225088119506836 0
8500 True 0.203125 0.03296852111816406 0
8600 True 0.2109375 0.03217363357543945 0
8700 True 0.1484375 0.0321354866027832 0
8800 True 0.2109375 0.030911922454833984 0
8900 True 0.1953125 0.031534671783447266 0
9000 True 0.203125 0.03378415107727051 0
9100 True 0.0546875 0.03126335144042969 0
9200 True 0.1640625 0.04551339149475098 0
9300 True 0.1171875 0.03064107894897461 0
9400 True 0.015625 0.030915260314941406 0
9500 True 0.0546875 0.031246662139892578 0
9600 True 0.078125 0.03189659118652344 0
9700 False 0.0 0.0 0
9800 True 0.0859375 0.03278088569641113 0
9900 False 0.0 0.0 0
