0 True 1 0.00555419921875 0
100 True 1 0.005730152130126953 0
200 False 0 0.0 0
300 False 0 0.0 0
400 True 0 0.0056362152099609375 0
500 True 1 0.006241798400878906 0
600 True 1 0.006158590316772461 0
700 True 0 0.00583958625793457 0
800 True 1 0.005536079406738281 0
900 True 0 0.005722761154174805 0
1000 True 0 0.005750179290771484 0
1100 True 1 0.005717277526855469 0
1200 False 0 0.0 0
1300 True 1 0.006024360656738281 0
1400 True 1 0.005883932113647461 0
1500 False 0 0.0 0
1600 False 0 0.0 0
1700 True 1 0.005675554275512695 0
1800 True 0 0.005759239196777344 0
1900 True 0 0.0056035518646240234 0
2000 True 1 0.00588536262512207 0
2100 True 1 0.005872964859008789 0
2200 True 0 0.005827188491821289 0
2300 False 0 0.0 0
2400 True 0 0.006246089935302734 0
2500 True 0 0.005724191665649414 0
2600 True 1 0.005611896514892578 0
2700 True 1 0.0055577754974365234 0
2800 True 1 0.005639314651489258 0
2900 True 0 0.005431413650512695 0
3000 True 0 0.005879402160644531 0
3100 True 1 0.0055544376373291016 0
3200 True 1 0.016537904739379883 0
3300 True 1 0.006758213043212891 0
3400 True 1 0.006298065185546875 0
3500 True 1 0.005657196044921875 0
3600 False 0 0.0 0
3700 True 1 0.005666494369506836 0
3800 True 0 0.005548238754272461 0
3900 True 1 0.005825996398925781 0
4000 True 1 0.005567073822021484 0
4100 True 1 0.00618433952331543 0
4200 True 1 0.005686521530151367 0
4300 True 0 0.005438089370727539 0
4400 True 0 0.005662202835083008 0
4500 True 0 0.005730390548706055 0
4600 True 1 0.005567312240600586 0
4700 True 1 0.0054891109466552734 0
4800 True 1 0.005476951599121094 0
4900 True 0 0.005799531936645508 0
5000 True 1 0.006724357604980469 0
5100 False 0 0.0 0
5200 True 1 0.005670070648193359 0
5300 True 1 0.0056798458099365234 0
5400 True 1 0.005521059036254883 0
5500 True 1 0.0057370662689208984 0
5600 False 0 0.0 0
5700 True 1 0.005831003189086914 0
5800 True 1 0.006073713302612305 0
5900 True 0 0.005734443664550781 0
6000 True 0 0.005595207214355469 0
6100 True 1 0.006870746612548828 0
6200 True 1 0.00587153434753418 0
6300 True 1 0.00546717643737793 0
6400 True 1 0.005419015884399414 0
6500 True 1 0.0055353641510009766 0
6600 True 1 0.0056934356689453125 0
6700 True 0 0.005772829055786133 0
6800 True 0 0.0057985782623291016 0
6900 True 1 0.005801200866699219 0
7000 True 1 0.005635976791381836 0
7100 True 1 0.005677223205566406 0
7200 False 0 0.0 0
7300 True 1 0.0056095123291015625 0
7400 True 0 0.0060100555419921875 0
7500 True 1 0.005685567855834961 0
7600 True 1 0.005622386932373047 0
7700 True 1 0.005959033966064453 0
7800 False 0 0.0 0
7900 True 0 0.005712747573852539 0
8000 True 1 0.005910634994506836 0
8100 True 1 0.005701780319213867 0
8200 True 1 0.005938053131103516 0
8300 True 1 0.0055391788482666016 0
8400 True 1 0.005630970001220703 0
8500 True 1 0.005518198013305664 0
8600 True 1 0.0054585933685302734 0
8700 True 1 0.005452632904052734 0
8800 True 1 0.0072367191314697266 0
8900 True 1 0.0055735111236572266 0
9000 True 1 0.006311655044555664 0
9100 True 0 0.006056547164916992 0
9200 True 1 0.005802631378173828 0
9300 True 1 0.00706171989440918 0
9400 True 1 0.005928754806518555 0
9500 True 1 0.0062105655670166016 0
9600 False 0 0.0 0
9700 True 0 0.006168365478515625 0
9800 True 1 0.005730628967285156 0
9900 True 1 0.005526542663574219 0
