0 True 0.140625 0.035539865493774414 0
100 True 0.1171875 0.03457212448120117 0
200 False 0.0 0.0 0
300 False 0.0 0.0 0
400 True 0.0703125 0.03737616539001465 0
500 True 0.1953125 0.03353762626647949 0
600 True 0.1796875 0.035161733627319336 0
700 True 0.078125 0.03454709053039551 0
800 True 0.15625 0.03402137756347656 0
900 True 0.046875 0.03438425064086914 0
1000 True 0.0546875 0.03205704689025879 0
1100 True 0.15625 0.0338132381439209 0
1200 False 0.0 0.0 0
1300 True 0.1328125 0.030547380447387695 0
1400 True 0.1640625 0.03200888633728027 0
1500 False 0.0 0.0 0
1600 False 0.0 0.0 0
1700 True 0.1171875 0.03199458122253418 0
1800 True 0.046875 0.03375387191772461 0
1900 True 0.0625 0.03420901298522949 0
2000 True 0.125 0.03191685676574707 0
2100 True 0.1171875 0.029387712478637695 0
2200 True 0.0390625 0.03359699249267578 0
2300 False 0.0 0.0 0
2400 True 0.0703125 0.032868146896362305 0
2500 True 0.09375 0.028827905654907227 0
2600 True 0.171875 0.03269147872924805 0
2700 True 0.109375 0.03128528594970703 0
2800 True 0.1171875 0.03263711929321289 0
2900 True 0.0 0.031328439712524414 0
3000 True 0.1328125 0.032103538513183594 0
3100 True 0.1015625 0.03344917297363281 0
3200 True 0.203125 0.030594825744628906 0
3300 True 0.125 0.03289937973022461 0
3400 True 0.1484375 0.03513908386230469 0
3500 True 0.1796875 0.03212761878967285 0
3600 False 0.0 0.0 0
3700 True 0.1640625 0.03473472595214844 0
3800 True 0.03125 0.0350039005279541 0
3900 True 0.1171875 0.038603782653808594 0
4000 True 0.109375 0.03140735626220703 0
4100 True 0.140625 0.03587031364440918 0
4200 True 0.125 0.03345966339111328 0
4300 True 0.0390625 0.03128457069396973 0
4400 True 0.0546875 0.0337069034576416 0
4500 True 0.03125 0.03105330467224121 0
4600 True 0.15625 0.03459000587463379 0
4700 True 0.171875 0.034234046936035156 0
4800 True 0.15625 0.033242225646972656 0
4900 True 0.0546875 0.036472320556640625 0
5000 True 0.1015625 0.03172755241394043 0
5100 False 0.0 0.0 0
5200 True 0.1328125 0.03213763236999512 0
5300 True 0.1015625 0.036115407943725586 0
5400 True 0.109375 0.03043961524963379 0
5500 True 0.171875 0.031174421310424805 0
5600 False 0.0 0.0 0
5700 True 0.1328125 0.03249192237854004 0
5800 True 0.1484375 0.03204607963562012 0
5900 True 0.046875 0.03006887435913086 0
6000 True 0.0078125 0.032438039779663086 0
6100 True 0.1796875 0.04380941390991211 0
6200 True 0.203125 0.028738021850585938 0
6300 True 0.1484375 0.054145097732543945 0
6400 True 0.1015625 0.05310988426208496 0
6500 True 0.125 0.0526576042175293 0
6600 True 0.09375 0.05402183532714844 0
6700 True 0.03125 0.054398298263549805 0
6800 True 0.0546875 0.030885934829711914 0
6900 True 0.1171875 0.044875144958496094 0
7000 True 0.140625 0.02971029281616211 0
7100 True 0.109375 0.031096696853637695 0
7200 False 0.0 0.0 0
7300 True 0.1328125 0.03191804885864258 0
7400 True 0.09375 0.03330874443054199 0
7500 True 0.1640625 0.034149885177612305 0
7600 True 0.109375 0.03239607810974121 0
7700 True 0.1484375 0.03401923179626465 0
7800 False 0.0 0.0 0
7900 True 0.0625 0.03151965141296387 0
8000 True 0.1640625 0.030244827270507812 0
8100 True 0.1171875 0.03197503089904785 0
8200 True 0.1875 0.031719207763671875 0
8300 True 0.1796875 0.030419111251831055 0
8400 True 0.140625 0.033935546875 0
8500 True 0.171875 0.03262162208557129 0
8600 True 0.1640625 0.0322415828704834 0
8700 True 0.1484375 0.030818939208984375 0
8800 True 0.15625 0.029673099517822266 0
8900 True 0.1484375 0.0328059196472168 0
9000 True 0.171875 0.033376455307006836 0
9100 True 0.15625 0.03141498565673828 0
9200 True 0.1171875 0.029072284698486328 0
9300 True 0.1328125 0.03592872619628906 0
9400 True 0.1015625 0.03475832939147949 0
9500 True 0.1484375 0.05118131637573242 0
9600 False 0.0 0.0 0
9700 True 0.078125 0.03290915489196777 0
9800 True 0.1015625 0.03280377388000488 0
9900 True 0.1640625 0.03316044807434082 0
