0 False 0.0 0.0 0
100 False 0.0 0.0 0
200 False 0.0 0.0 0
300 False 0.0 0.0 0
400 False 0.0 0.0 0
500 True 0.28125 0.03542518615722656 0
600 True 0.296875 0.03163743019104004 0
700 True 0.3046875 0.03543806076049805 0
800 False 0.0 0.0 0
900 False 0.0 0.0 0
1000 False 0.0 0.0 0
1100 True 0.296875 0.038629770278930664 0
1200 False 0.0 0.0 0
1300 False 0.0 0.0 0
1400 True 0.1953125 0.03332877159118652 0
1500 False 0.0 0.0 0
1600 False 0.0 0.0 0
1700 False 0.0 0.0 0
1800 True 0.1875 0.03149056434631348 0
1900 False 0.0 0.0 0
2000 True 0.296875 0.02927088737487793 0
2100 False 0.0 0.0 0
2200 True 0.3046875 0.03234267234802246 0
2300 False 0.0 0.0 0
2400 False 0.0 0.0 0
2500 False 0.0 0.0 0
2600 False 0.0 0.0 0
2700 True 0.3203125 0.03099536895751953 0
2800 False 0.0 0.0 0
2900 False 0.0 0.0 0
3000 True 0.140625 0.03100299835205078 0
3100 False 0.0 0.0 0
3200 False 0.0 0.0 0
3300 False 0.0 0.0 0
3400 False 0.0 0.0 0
3500 False 0.0 0.0 0
3600 False 0.0 0.0 0
3700 False 0.0 0.0 0
3800 False 0.0 0.0 0
3900 True 0.3125 0.030965805053710938 0
4000 False 0.0 0.0 0
4100 False 0.0 0.0 0
4200 True 0.3203125 0.0311281681060791 0
4300 False 0.0 0.0 0
4400 True 0.1640625 0.03465008735656738 0
4500 False 0.0 0.0 0
4600 True 0.3046875 0.03194475173950195 0
4700 False 0.0 0.0 0
4800 False 0.0 0.0 0
4900 False 0.0 0.0 0
5000 True 0.0546875 0.03233003616333008 0
5100 False 0.0 0.0 0
5200 False 0.0 0.0 0
5300 False 0.0 0.0 0
5400 False 0.0 0.0 0
5500 False 0.0 0.0 0
5600 True 0.3203125 0.03164482116699219 0
5700 True 0.2265625 0.03576254844665527 0
5800 False 0.0 0.0 0
5900 False 0.0 0.0 0
6000 False 0.0 0.0 0
6100 False 0.0 0.0 0
6200 False 0.0 0.0 0
6300 False 0.0 0.0 0
6400 True 0.1796875 0.032767295837402344 0
6500 False 0.0 0.0 0
6600 False 0.0 0.0 0
6700 False 0.0 0.0 0
6800 True 0.3046875 0.0330805778503418 0
6900 False 0.0 0.0 0
7000 True 0.3125 0.03296613693237305 0
7100 True 0.3046875 0.0324249267578125 0
7200 True 0.09375 0.03184795379638672 0
7300 True 0.328125 0.03288745880126953 0
7400 False 0.0 0.0 0
7500 True 0.0 0.032335519790649414 0
7600 True 0.3046875 0.05577492713928223 0
7700 False 0.0 0.0 0
7800 False 0.0 0.0 0
7900 False 0.0 0.0 0
8000 False 0.0 0.0 0
8100 True 0.3125 0.030439138412475586 0
8200 True 0.328125 0.028685569763183594 0
8300 False 0.0 0.0 0
8400 False 0.0 0.0 0
8500 False 0.0 0.0 0
8600 True 0.3125 0.03248262405395508 0
8700 False 0.0 0.0 0
8800 True 0.3125 0.03154182434082031 0
8900 False 0.0 0.0 0
9000 True 0.078125 0.030728578567504883 0
9100 False 0.0 0.0 0
9200 False 0.0 0.0 0
9300 True 0.3046875 0.03290581703186035 0
9400 True 0.0625 0.0291903018951416 0
9500 True 0.3125 0.0315852165222168 0
9600 True 0.2109375 0.03199410438537598 0
9700 True 0.0390625 0.030833959579467773 0
9800 True 0.3359375 0.032617807388305664 0
9900 True 0.09375 0.03188657760620117 0
