0 True 1 0.22359323501586914 0
100 True 1 0.005704402923583984 0
200 True 1 0.005997419357299805 0
300 False 0 0.0 0
400 True 1 0.008285999298095703 0
500 True 1 0.005636930465698242 0
600 True 1 0.005556583404541016 0
700 True 1 0.005606889724731445 0
800 True 0 0.005677461624145508 0
900 True 0 0.0054323673248291016 0
1000 True 0 0.005567073822021484 0
1100 True 1 0.013422966003417969 0
1200 False 0 0.0 0
1300 True 1 0.0063533782958984375 0
1400 True 1 0.0055599212646484375 0
1500 False 0 0.0 0
1600 True 1 0.006560325622558594 0
1700 True 1 0.006792545318603516 0
1800 False 0 0.0 0
1900 True 0 0.005911111831665039 0
2000 True 1 0.005616903305053711 0
2100 True 1 0.00567317008972168 0
2200 True 1 0.005671501159667969 0
2300 True 1 0.005496025085449219 0
2400 True 1 0.005660533905029297 0
2500 True 0 0.005559206008911133 0
2600 True 1 0.005854606628417969 0
2700 True 1 0.005674839019775391 0
2800 True 1 0.0061588287353515625 0
2900 True 1 0.005903720855712891 0
3000 True 1 0.0058650970458984375 0
3100 True 0 0.005654096603393555 0
3200 True 1 0.005432844161987305 0
3300 True 1 0.0057146549224853516 0
3400 True 1 0.005841493606567383 0
3500 True 1 0.005751848220825195 0
3600 True 1 0.005690336227416992 0
3700 True 1 0.005602359771728516 0
3800 True 1 0.005750179290771484 0
3900 True 1 0.005660533905029297 0
4000 False 0 0.0 0
4100 True 1 0.0055539608001708984 0
4200 True 1 0.005527973175048828 0
4300 False 0 0.0 0
4400 True 0 0.0057752132415771484 0
4500 False 0 0.0 0
4600 True 1 0.005466461181640625 0
4700 True 1 0.005507230758666992 0
4800 True 1 0.0057392120361328125 0
4900 True 1 0.005810260772705078 0
5000 True 1 0.010408639907836914 0
5100 True 0 0.006722927093505859 0
5200 True 1 0.005636453628540039 0
5300 True 1 0.0056912899017333984 0
5400 True 1 0.0066509246826171875 0
5500 True 1 0.0074040889739990234 0
5600 False 0 0.0 0
5700 True 1 0.005579710006713867 0
5800 True 1 0.005769491195678711 0
5900 True 1 0.0061376094818115234 0
6000 True 1 0.005956411361694336 0
6100 True 1 0.0062122344970703125 0
6200 True 1 0.00562596321105957 0
6300 True 1 0.007052898406982422 0
6400 False 0 0.0 0
6500 True 1 0.005960226058959961 0
6600 True 1 0.005724668502807617 0
6700 True 0 0.005527496337890625 0
6800 True 1 0.006484508514404297 0
6900 True 1 0.005453348159790039 0
7000 True 1 0.005564689636230469 0
7100 True 1 0.005889892578125 0
7200 True 1 0.0055997371673583984 0
7300 True 1 0.005476474761962891 0
7400 True 1 0.0054585933685302734 0
7500 True 1 0.005761146545410156 0
7600 True 1 0.006018161773681641 0
7700 True 1 0.005496978759765625 0
7800 False 0 0.0 0
7900 True 0 0.0061359405517578125 0
8000 True 1 0.006933927536010742 0
8100 True 1 0.006287336349487305 0
8200 True 1 0.008881092071533203 0
8300 True 1 0.009490251541137695 0
8400 True 1 0.0068035125732421875 0
8500 True 1 0.009406328201293945 0
8600 True 1 0.009395360946655273 0
8700 True 1 0.006298065185546875 0
8800 True 1 0.008185625076293945 0
8900 True 1 0.008623123168945312 0
9000 True 1 0.009935140609741211 0
9100 True 1 0.005651950836181641 0
9200 True 1 0.0058901309967041016 0
9300 True 1 0.0073468685150146484 0
9400 True 1 0.008157730102539062 0
9500 True 1 0.005417346954345703 0
9600 True 1 0.005755424499511719 0
9700 False 0 0.0 0
9800 True 1 0.005615711212158203 0
9900 True 1 0.005830049514770508 0
