0 True 0.09375 0.04851722717285156 0
100 True 0.0546875 0.049314022064208984 0
200 True 0.0859375 0.05251312255859375 0
300 False 0.0 0.0 0
400 True 0.078125 0.04834866523742676 0
500 True 0.1171875 0.04840707778930664 0
600 True 0.09375 0.0501096248626709 0
700 True 0.09375 0.0513758659362793 0
800 False 0.0 0.0 0
900 True 0.0546875 0.04967188835144043 0
1000 True 0.0546875 0.0475611686706543 0
1100 True 0.1171875 0.048421382904052734 0
1200 False 0.0 0.0 0
1300 True 0.0546875 0.05889296531677246 0
1400 True 0.1171875 0.047350168228149414 0
1500 False 0.0 0.0 0
1600 True 0.0625 0.05221700668334961 0
1700 True 0.0859375 0.04793119430541992 0
1800 True 0.0390625 0.05088019371032715 0
1900 True 0.09375 0.049637794494628906 0
2000 True 0.0625 0.04808950424194336 0
2100 True 0.0625 0.04738473892211914 0
2200 True 0.0 0.048030853271484375 0
2300 True 0.046875 0.04859781265258789 0
2400 False 0.0 0.0 0
2500 False 0.0 0.0 0
2600 True 0.0859375 0.04783058166503906 0
2700 True 0.078125 0.0961449146270752 0
2800 True 0.0703125 0.04622530937194824 0
2900 True 0.0 0.0505518913269043 0
3000 True 0.0859375 0.04894137382507324 0
3100 True 0.015625 0.04471015930175781 0
3200 True 0.09375 0.0458223819732666 0
3300 True 0.03125 0.0650792121887207 0
3400 True 0.109375 0.051348209381103516 0
3500 True 0.125 0.04680609703063965 0
3600 True 0.0625 0.04810667037963867 0
3700 True 0.109375 0.048304080963134766 0
3800 True 0.0390625 0.049297332763671875 0
3900 True 0.1015625 0.04901552200317383 0
4000 False 0.0 0.0 0
4100 True 0.078125 0.048941612243652344 0
4200 True 0.09375 0.052000999450683594 0
4300 False 0.0 0.0 0
4400 True 0.0625 0.04975008964538574 0
4500 False 0.0 0.0 0
4600 True 0.1015625 0.056900739669799805 0
4700 True 0.0703125 0.04873538017272949 0
4800 True 0.109375 0.04678010940551758 0
4900 True 0.015625 0.05159163475036621 0
5000 True 0.0859375 0.05052328109741211 0
5100 False 0.0 0.0 0
5200 True 0.078125 0.05317854881286621 0
5300 True 0.078125 0.048332929611206055 0
5400 True 0.078125 0.05199122428894043 0
5500 True 0.109375 0.05058121681213379 0
5600 True 0.0625 0.04845142364501953 0
5700 True 0.1015625 0.05000424385070801 0
5800 True 0.0625 0.05022263526916504 0
5900 True 0.1015625 0.05025291442871094 0
6000 True 0.0234375 0.04909515380859375 0
6100 True 0.1171875 0.04787182807922363 0
6200 True 0.0703125 0.05219388008117676 0
6300 True 0.1015625 0.04910731315612793 0
6400 True 0.03125 0.046218156814575195 0
6500 True 0.0859375 0.050017595291137695 0
6600 True 0.0390625 0.047857046127319336 0
6700 True 0.0078125 0.05008959770202637 0
6800 True 0.0234375 0.04999041557312012 0
6900 True 0.0703125 0.049794673919677734 0
7000 True 0.078125 0.04940676689147949 0
7100 True 0.0625 0.04957175254821777 0
7200 True 0.0625 0.05006837844848633 0
7300 True 0.1015625 0.0474698543548584 0
7400 True 0.0859375 0.049404144287109375 0
7500 True 0.0234375 0.04894614219665527 0
7600 True 0.1015625 0.05101180076599121 0
7700 True 0.03125 0.04780983924865723 0
7800 False 0.0 0.0 0
7900 True 0.1015625 0.04837346076965332 0
8000 True 0.0703125 0.04864859580993652 0
8100 True 0.1171875 0.04824686050415039 0
8200 True 0.1015625 0.050695180892944336 0
8300 True 0.09375 0.051828861236572266 0
8400 True 0.1171875 0.05451536178588867 0
8500 True 0.1328125 0.049635887145996094 0
8600 True 0.1015625 0.05058026313781738 0
8700 True 0.078125 0.04890584945678711 0
8800 True 0.140625 0.05029916763305664 0
8900 True 0.09375 0.04830646514892578 0
9000 True 0.1015625 0.047263145446777344 0
9100 True 0.1015625 0.046894073486328125 0
9200 True 0.09375 0.0484466552734375 0
9300 True 0.09375 0.04843473434448242 0
9400 True 0.046875 0.04760241508483887 0
9500 True 0.0625 0.051882028579711914 0
9600 True 0.0546875 0.047887563705444336 0
9700 False 0.0 0.0 0
9800 True 0.0703125 0.0500490665435791 0
9900 True 0.0625 0.047911643981933594 0
