0 True 0 0.008674144744873047 0
100 True 0 0.008502006530761719 0
200 True 0 0.008573055267333984 0
300 False 0 0.0 0
400 True 0 0.008773088455200195 0
500 True 0 0.008583545684814453 0
600 True 0 0.00945425033569336 0
700 True 0 0.008926153182983398 0
800 False 0 0.0 0
900 True 0 0.009140253067016602 0
1000 True 0 0.008882761001586914 0
1100 True 0 0.008245229721069336 0
1200 False 0 0.0 0
1300 True 0 0.009165763854980469 0
1400 True 0 0.009656190872192383 0
1500 False 0 0.0 0
1600 True 0 0.008633136749267578 0
1700 True 0 0.008612632751464844 0
1800 True 0 0.00908041000366211 0
1900 True 0 0.008704423904418945 0
2000 True 0 0.009060859680175781 0
2100 True 0 0.008429288864135742 0
2200 True 0 0.009627342224121094 0
2300 True 0 0.008685111999511719 0
2400 False 0 0.0 0
2500 False 0 0.0 0
2600 True 0 0.008348464965820312 0
2700 True 0 0.009222984313964844 0
2800 True 0 0.00914454460144043 0
2900 True 0 0.008311271667480469 0
3000 True 0 0.00917816162109375 0
3100 True 0 0.008533477783203125 0
3200 True 0 0.008558034896850586 0
3300 True 0 0.008220195770263672 0
3400 True 0 0.008635282516479492 0
3500 True 0 0.008599519729614258 0
3600 True 0 0.009247541427612305 0
3700 True 0 0.010040283203125 0
3800 True 0 0.009226083755493164 0
3900 True 0 0.009284257888793945 0
4000 False 0 0.0 0
4100 True 0 0.01014256477355957 0
4200 True 0 0.00891733169555664 0
4300 False 0 0.0 0
4400 True 0 0.010716915130615234 0
4500 False 0 0.0 0
4600 True 0 0.008410215377807617 0
4700 True 0 0.008533000946044922 0
4800 True 0 0.00883626937866211 0
4900 True 0 0.008576393127441406 0
5000 True 0 0.008382797241210938 0
5100 False 0 0.0 0
5200 True 0 0.009579658508300781 0
5300 True 0 0.014286994934082031 0
5400 True 0 0.01132655143737793 0
5500 True 0 0.009122610092163086 0
5600 True 0 0.00867605209350586 0
5700 True 0 0.008271932601928711 0
5800 True 0 0.008931875228881836 0
5900 True 0 0.013608694076538086 0
6000 True 0 0.008148670196533203 0
6100 True 0 0.009809255599975586 0
6200 True 0 0.008986234664916992 0
6300 True 0 0.008409261703491211 0
6400 True 0 0.008392572402954102 0
6500 True 0 0.008949518203735352 0
6600 True 0 0.008798360824584961 0
6700 True 0 0.008806943893432617 0
6800 True 0 0.008561372756958008 0
6900 True 0 0.010503292083740234 0
7000 True 0 0.008523941040039062 0
7100 True 0 0.00875544548034668 0
7200 True 0 0.009121179580688477 0
7300 True 0 0.008643388748168945 0
7400 True 0 0.009974241256713867 0
7500 True 0 0.008168220520019531 0
7600 True 0 0.008675336837768555 0
7700 True 0 0.008602142333984375 0
7800 False 0 0.0 0
7900 True 0 0.00856924057006836 0
8000 True 0 0.014519691467285156 0
8100 True 0 0.01153874397277832 0
8200 True 0 0.011056900024414062 0
8300 True 0 0.008964061737060547 0
8400 True 0 0.01246190071105957 0
8500 True 0 0.008263826370239258 0
8600 True 0 0.00823974609375 0
8700 True 0 0.008779048919677734 0
8800 True 0 0.008749723434448242 0
8900 True 0 0.010891199111938477 0
9000 True 0 0.011036157608032227 0
9100 True 0 0.008788585662841797 0
9200 True 0 0.009799718856811523 0
9300 True 0 0.00860595703125 0
9400 True 0 0.009638071060180664 0
9500 True 0 0.009028434753417969 0
9600 True 0 0.008545398712158203 0
9700 False 0 0.0 0
9800 True 0 0.008927106857299805 0
9900 True 0 0.008721590042114258 0
