0 True 1 0.00881052017211914 0
100 True 0 0.008626222610473633 0
200 True 0 0.008430004119873047 0
300 False 0 0.0 0
400 True 0 0.008605003356933594 0
500 True 0 0.00910806655883789 0
600 True 0 0.01080632209777832 0
700 False 0 0.0 0
800 True 0 0.009202718734741211 0
900 True 0 0.00878596305847168 0
1000 False 0 0.0 0
1100 True 0 0.0083465576171875 0
1200 False 0 0.0 0
1300 True 0 0.010814189910888672 0
1400 True 0 0.009308099746704102 0
1500 False 0 0.0 0
1600 False 0 0.0 0
1700 True 1 0.008636474609375 0
1800 False 0 0.0 0
1900 False 0 0.0 0
2000 True 0 0.009079694747924805 0
2100 True 1 0.008893251419067383 0
2200 True 0 0.008394956588745117 0
2300 False 0 0.0 0
2400 False 0 0.0 0
2500 False 0 0.0 0
2600 True 0 0.008220672607421875 0
2700 True 1 0.008924007415771484 0
2800 False 0 0.0 0
2900 False 0 0.0 0
3000 True 0 0.008294343948364258 0
3100 True 0 0.008350372314453125 0
3200 True 0 0.008937597274780273 0
3300 True 0 0.009514570236206055 0
3400 True 1 0.010945558547973633 0
3500 True 1 0.009201288223266602 0
3600 False 0 0.0 0
3700 True 1 0.008662223815917969 0
3800 True 0 0.008438587188720703 0
3900 True 0 0.008706092834472656 0
4000 False 0 0.0 0
4100 False 0 0.0 0
4200 True 1 0.008320093154907227 0
4300 False 0 0.0 0
4400 True 0 0.008526802062988281 0
4500 True 0 0.009351968765258789 0
4600 True 0 0.009099245071411133 0
4700 True 0 0.009184598922729492 0
4800 True 1 0.008203506469726562 0
4900 True 0 0.008924245834350586 0
5000 True 0 0.009518623352050781 0
5100 True 0 0.00841212272644043 0
5200 True 0 0.010039091110229492 0
5300 True 0 0.008290529251098633 0
5400 False 0 0.0 0
5500 True 1 0.00905299186706543 0
5600 True 0 0.008203983306884766 0
5700 True 0 0.008417129516601562 0
5800 True 0 0.009165525436401367 0
5900 True 1 0.008631229400634766 0
6000 True 1 0.00894021987915039 0
6100 True 1 0.008733510971069336 0
6200 True 1 0.010394096374511719 0
6300 True 1 0.00859212875366211 0
6400 False 0 0.0 0
6500 True 0 0.008877277374267578 0
6600 False 0 0.0 0
6700 True 0 0.008733987808227539 0
6800 True 0 0.008642911911010742 0
6900 True 0 0.00855565071105957 0
7000 True 0 0.008340597152709961 0
7100 False 0 0.0 0
7200 True 0 0.008827447891235352 0
7300 True 1 0.008538961410522461 0
7400 True 1 0.012645244598388672 0
7500 True 0 0.008768796920776367 0
7600 True 1 0.008452177047729492 0
7700 True 0 0.008811235427856445 0
7800 False 0 0.0 0
7900 False 0 0.0 0
8000 True 0 0.00952005386352539 0
8100 True 1 0.008633136749267578 0
8200 True 1 0.008452177047729492 0
8300 False 0 0.0 0
8400 True 1 0.008556127548217773 0
8500 True 1 0.009473562240600586 0
8600 True 1 0.008621931076049805 0
8700 True 1 0.008246660232543945 0
8800 True 1 0.009046554565429688 0
8900 True 1 0.00843954086303711 0
9000 True 0 0.008664846420288086 0
9100 True 0 0.009454965591430664 0
9200 True 0 0.008520841598510742 0
9300 True 1 0.008764266967773438 0
9400 True 0 0.009156942367553711 0
9500 True 0 0.008254289627075195 0
9600 True 0 0.010053634643554688 0
9700 True 0 0.008655786514282227 0
9800 True 0 0.010332345962524414 0
9900 True 0 0.008729219436645508 0
