0 True 0.3125 0.05164766311645508 0
100 True 0.109375 0.05022430419921875 0
200 True 0.21875 0.04913043975830078 0
300 False 0.0 0.0 0
400 True 0.0078125 0.05025792121887207 0
500 True 0.2265625 0.047536611557006836 0
600 True 0.1875 0.04843544960021973 0
700 False 0.0 0.0 0
800 True 0.1640625 0.05048370361328125 0
900 True 0.0234375 0.04785323143005371 0
1000 False 0.0 0.0 0
1100 True 0.1796875 0.049837350845336914 0
1200 False 0.0 0.0 0
1300 True 0.1875 0.058836936950683594 0
1400 True 0.28125 0.04843759536743164 0
1500 False 0.0 0.0 0
1600 False 0.0 0.0 0
1700 True 0.3046875 0.05041837692260742 0
1800 False 0.0 0.0 0
1900 False 0.0 0.0 0
2000 True 0.171875 0.0501401424407959 0
2100 True 0.296875 0.04705071449279785 0
2200 True 0.1484375 0.049189090728759766 0
2300 False 0.0 0.0 0
2400 False 0.0 0.0 0
2500 False 0.0 0.0 0
2600 True 0.1484375 0.04793190956115723 0
2700 True 0.3125 0.04929184913635254 0
2800 False 0.0 0.0 0
2900 False 0.0 0.0 0
3000 True 0.0703125 0.050510406494140625 0
3100 True 0.21875 0.0465846061706543 0
3200 True 0.21875 0.0519871711730957 0
3300 True 0.265625 0.04637908935546875 0
3400 True 0.3125 0.046697139739990234 0
3500 True 0.3125 0.049100399017333984 0
3600 False 0.0 0.0 0
3700 True 0.328125 0.0484464168548584 0
3800 True 0.109375 0.05029726028442383 0
3900 True 0.234375 0.04985380172729492 0
4000 False 0.0 0.0 0
4100 False 0.0 0.0 0
4200 True 0.3125 0.05083942413330078 0
4300 False 0.0 0.0 0
4400 True 0.234375 0.0505824089050293 0
4500 True 0.015625 0.0488438606262207 0
4600 True 0.2109375 0.05282950401306152 0
4700 True 0.109375 0.04944109916687012 0
4800 True 0.3125 0.05008506774902344 0
4900 True 0.234375 0.05261063575744629 0
5000 True 0.2109375 0.047930002212524414 0
5100 True 0.046875 0.048801422119140625 0
5200 True 0.1953125 0.07105636596679688 0
5300 True 0.21875 0.051633596420288086 0
5400 False 0.0 0.0 0
5500 True 0.3203125 0.04871392250061035 0
5600 True 0.1015625 0.05847740173339844 0
5700 True 0.2578125 0.05218958854675293 0
5800 True 0.21875 0.0502467155456543 0
5900 True 0.3359375 0.048506975173950195 0
6000 True 0.3046875 0.050252437591552734 0
6100 True 0.3125 0.05055999755859375 0
6200 True 0.3046875 0.05066657066345215 0
6300 True 0.328125 0.04419302940368652 0
6400 False 0.0 0.0 0
6500 True 0.1328125 0.0571439266204834 0
6600 False 0.0 0.0 0
6700 True 0.2421875 0.04806685447692871 0
6800 True 0.1796875 0.05008888244628906 0
6900 True 0.25 0.046862125396728516 0
7000 True 0.28125 0.049345970153808594 0
7100 False 0.0 0.0 0
7200 True 0.1171875 0.052130699157714844 0
7300 True 0.3203125 0.04649686813354492 0
7400 True 0.3125 0.05046367645263672 0
7500 True 0.171875 0.0497434139251709 0
7600 True 0.3125 0.0735161304473877 0
7700 True 0.078125 0.049327850341796875 0
7800 False 0.0 0.0 0
7900 False 0.0 0.0 0
8000 True 0.2890625 0.048422813415527344 0
8100 True 0.3046875 0.04890942573547363 0
8200 True 0.3125 0.04912829399108887 0
8300 False 0.0 0.0 0
8400 True 0.328125 0.048033714294433594 0
8500 True 0.3359375 0.05562996864318848 0
8600 True 0.3125 0.04749321937561035 0
8700 True 0.3125 0.053214073181152344 0
8800 True 0.3359375 0.049855947494506836 0
8900 True 0.3046875 0.049622297286987305 0
9000 True 0.265625 0.04902338981628418 0
9100 True 0.1875 0.049100399017333984 0
9200 True 0.0 0.05060148239135742 0
9300 True 0.3125 0.04964399337768555 0
9400 True 0.1875 0.04964852333068848 0
9500 True 0.2265625 0.05219244956970215 0
9600 True 0.15625 0.04996967315673828 0
9700 True 0.203125 0.04765653610229492 0
9800 True 0.234375 0.049420833587646484 0
9900 True 0.109375 0.04641985893249512 0
