0 True 1 0.008551597595214844 0
100 True 0 0.008473634719848633 0
200 True 0 0.008455038070678711 0
300 True 0 0.008135318756103516 0
400 True 0 0.008572816848754883 0
500 True 1 0.008267641067504883 0
600 True 1 0.008447647094726562 0
700 True 1 0.00892019271850586 0
800 True 1 0.0084991455078125 0
900 True 0 0.008498668670654297 0
1000 True 0 0.008397579193115234 0
1100 True 1 0.008452177047729492 0
1200 True 0 0.00955963134765625 0
1300 True 1 0.008498668670654297 0
1400 True 1 0.008313655853271484 0
1500 False 0 0.0 0
1600 True 1 0.00831460952758789 0
1700 True 1 0.008414030075073242 0
1800 True 0 0.008286476135253906 0
1900 True 0 0.009280204772949219 0
2000 True 0 0.008372068405151367 0
2100 True 1 0.008616209030151367 0
2200 True 0 0.008778810501098633 0
2300 True 0 0.008922815322875977 0
2400 True 1 0.008513450622558594 0
2500 True 0 0.009201526641845703 0
2600 True 1 0.009187936782836914 0
2700 True 1 0.008522272109985352 0
2800 True 1 0.008534669876098633 0
2900 True 0 0.00859689712524414 0
3000 True 1 0.008605241775512695 0
3100 True 0 0.008917808532714844 0
3200 True 1 0.008754730224609375 0
3300 True 1 0.008524656295776367 0
3400 True 1 0.008312225341796875 0
3500 True 1 0.008766889572143555 0
3600 True 1 0.008682012557983398 0
3700 True 1 0.00931692123413086 0
3800 True 0 0.008824586868286133 0
3900 True 1 0.010516166687011719 0
4000 True 1 0.00883030891418457 0
4100 True 1 0.011702299118041992 0
4200 True 1 0.008518457412719727 0
4300 True 0 0.008821249008178711 0
4400 True 0 0.008276700973510742 0
4500 False 0 0.0 0
4600 True 1 0.008838176727294922 0
4700 True 1 0.009459733963012695 0
4800 True 1 0.008498191833496094 0
4900 True 1 0.008600711822509766 0
5000 True 1 0.008827447891235352 0
5100 True 1 0.008354902267456055 0
5200 True 1 0.008676767349243164 0
5300 True 1 0.009328603744506836 0
5400 True 1 0.010955572128295898 0
5500 True 1 0.008530616760253906 0
5600 True 1 0.008464813232421875 0
5700 True 1 0.009176015853881836 0
5800 True 1 0.008832454681396484 0
5900 True 1 0.00848531723022461 0
6000 True 1 0.008579492568969727 0
6100 True 1 0.009521484375 0
6200 True 1 0.008337259292602539 0
6300 True 1 0.008682727813720703 0
6400 True 0 0.008349180221557617 0
6500 True 1 0.008661985397338867 0
6600 True 0 0.008749723434448242 0
6700 True 1 0.008670330047607422 0
6800 True 1 0.008651971817016602 0
6900 True 1 0.008878707885742188 0
7000 True 1 0.008863687515258789 0
7100 True 1 0.008910894393920898 0
7200 True 0 0.008476495742797852 0
7300 True 1 0.00846719741821289 0
7400 True 0 0.008977413177490234 0
7500 True 1 0.00859522819519043 0
7600 True 1 0.009629487991333008 0
7700 True 1 0.009311437606811523 0
7800 False 0 0.0 0
7900 True 1 0.00860738754272461 0
8000 True 1 0.008553743362426758 0
8100 True 0 0.008743524551391602 0
8200 True 1 0.008386850357055664 0
8300 True 1 0.008537530899047852 0
8400 True 1 0.00838327407836914 0
8500 True 1 0.00850224494934082 0
8600 True 1 0.009022712707519531 0
8700 True 1 0.008761882781982422 0
8800 True 1 0.008388042449951172 0
8900 True 1 0.009025335311889648 0
9000 True 1 0.008455991744995117 0
9100 True 1 0.010625123977661133 0
9200 True 1 0.008402347564697266 0
9300 True 1 0.00909733772277832 0
9400 True 1 0.009139537811279297 0
9500 True 1 0.008687734603881836 0
9600 True 1 0.008981704711914062 0
9700 True 0 0.009070396423339844 0
9800 True 1 0.009015083312988281 0
9900 True 0 0.009649038314819336 0
