0 True 1 0.008567333221435547 0
100 True 1 0.008339166641235352 0
200 True 1 0.013355016708374023 0
300 True 0 0.01140284538269043 0
400 True 1 0.008562088012695312 0
500 True 1 0.009163856506347656 0
600 True 1 0.008825540542602539 0
700 True 1 0.009050607681274414 0
800 True 0 0.008852481842041016 0
900 True 0 0.009624242782592773 0
1000 True 0 0.0095977783203125 0
1100 True 1 0.008730173110961914 0
1200 True 0 0.00971531867980957 0
1300 True 1 0.00830698013305664 0
1400 True 1 0.008686304092407227 0
1500 False 0 0.0 0
1600 True 1 0.011309623718261719 0
1700 True 1 0.011095285415649414 0
1800 False 0 0.0 0
1900 True 1 0.008901119232177734 0
2000 True 1 0.008632421493530273 0
2100 True 1 0.008614063262939453 0
2200 True 1 0.009226799011230469 0
2300 True 1 0.00829458236694336 0
2400 True 1 0.008306503295898438 0
2500 True 1 0.008563756942749023 0
2600 True 1 0.008402585983276367 0
2700 True 1 0.00931692123413086 0
2800 True 1 0.008401870727539062 0
2900 True 1 0.008281707763671875 0
3000 True 1 0.00831913948059082 0
3100 True 1 0.008429527282714844 0
3200 True 1 0.008534908294677734 0
3300 True 1 0.00901031494140625 0
3400 True 1 0.00942540168762207 0
3500 True 1 0.008862972259521484 0
3600 True 1 0.00939631462097168 0
3700 True 1 0.009135961532592773 0
3800 True 1 0.008719444274902344 0
3900 True 1 0.008352279663085938 0
4000 False 0 0.0 0
4100 True 1 0.009108781814575195 0
4200 True 1 0.008460044860839844 0
4300 False 0 0.0 0
4400 True 1 0.01350545883178711 0
4500 False 0 0.0 0
4600 True 1 0.011583566665649414 0
4700 True 1 0.013415813446044922 0
4800 True 1 0.009061574935913086 0
4900 True 1 0.00843358039855957 0
5000 True 1 0.008951187133789062 0
5100 True 1 0.009681463241577148 0
5200 True 1 0.008709430694580078 0
5300 True 1 0.008482217788696289 0
5400 True 1 0.008394241333007812 0
5500 True 1 0.008450031280517578 0
5600 False 0 0.0 0
5700 True 1 0.008641719818115234 0
5800 True 1 0.01186823844909668 0
5900 True 1 0.008826732635498047 0
6000 True 1 0.008641719818115234 0
6100 True 1 0.008568048477172852 0
6200 True 1 0.009560585021972656 0
6300 True 1 0.008872032165527344 0
6400 True 0 0.008805990219116211 0
6500 True 1 0.01019597053527832 0
6600 True 1 0.009988069534301758 0
6700 True 1 0.008811473846435547 0
6800 True 1 0.010915040969848633 0
6900 True 1 0.008591175079345703 0
7000 True 1 0.009767770767211914 0
7100 True 1 0.009224891662597656 0
7200 True 1 0.008899211883544922 0
7300 True 1 0.00885152816772461 0
7400 True 1 0.00820612907409668 0
7500 True 1 0.009735345840454102 0
7600 True 1 0.00842595100402832 0
7700 True 1 0.00838613510131836 0
7800 False 0 0.0 0
7900 True 0 0.00916600227355957 0
8000 True 1 0.008394002914428711 0
8100 True 1 0.008641958236694336 0
8200 True 1 0.008498430252075195 0
8300 True 1 0.008326053619384766 0
8400 True 1 0.008538961410522461 0
8500 True 1 0.008295059204101562 0
8600 True 1 0.01172184944152832 0
8700 True 1 0.008043050765991211 0
8800 True 1 0.008388280868530273 0
8900 True 1 0.008523225784301758 0
9000 True 1 0.008390426635742188 0
9100 True 1 0.008555889129638672 0
9200 True 1 0.009991645812988281 0
9300 True 1 0.008393526077270508 0
9400 True 1 0.008750677108764648 0
9500 True 1 0.009400129318237305 0
9600 True 1 0.009794473648071289 0
9700 False 0 0.0 0
9800 True 1 0.008563041687011719 0
9900 True 1 0.008698225021362305 0
