0 True 0.03125 0.0496828556060791 0
100 True 0.0234375 0.048586130142211914 0
200 True 0.0546875 0.04871106147766113 0
300 True 0.0 0.05019736289978027 0
400 True 0.03125 0.05049300193786621 0
500 True 0.0625 0.049521684646606445 0
600 True 0.03125 0.05467057228088379 0
700 True 0.03125 0.04992389678955078 0
800 True 0.0078125 0.04879474639892578 0
900 True 0.0078125 0.052263736724853516 0
1000 True 0.015625 0.04868364334106445 0
1100 True 0.046875 0.05110359191894531 0
1200 True 0.0078125 0.04863572120666504 0
1300 True 0.03125 0.04991912841796875 0
1400 True 0.046875 0.05797767639160156 0
1500 False 0.0 0.0 0
1600 True 0.0234375 0.04901242256164551 0
1700 True 0.03125 0.0533137321472168 0
1800 False 0.0 0.0 0
1900 True 0.03125 0.04662179946899414 0
2000 True 0.0234375 0.053518056869506836 0
2100 True 0.0390625 0.04946017265319824 0
2200 True 0.0234375 0.04913449287414551 0
2300 True 0.0234375 0.052648305892944336 0
2400 True 0.0234375 0.05150103569030762 0
2500 True 0.015625 0.04912900924682617 0
2600 True 0.046875 0.05238461494445801 0
2700 True 0.03125 0.051336050033569336 0
2800 True 0.0390625 0.04944205284118652 0
2900 True 0.0234375 0.0497126579284668 0
3000 True 0.03125 0.049613237380981445 0
3100 True 0.0234375 0.0584568977355957 0
3200 True 0.0546875 0.04983830451965332 0
3300 True 0.0390625 0.048889875411987305 0
3400 True 0.0390625 0.051351308822631836 0
3500 True 0.046875 0.049451351165771484 0
3600 True 0.0390625 0.04847836494445801 0
3700 True 0.0390625 0.04879927635192871 0
3800 True 0.0234375 0.05038046836853027 0
3900 True 0.0390625 0.05324602127075195 0
4000 False 0.0 0.0 0
4100 True 0.0234375 0.05281853675842285 0
4200 True 0.03125 0.049069881439208984 0
4300 False 0.0 0.0 0
4400 True 0.015625 0.04767179489135742 0
4500 False 0.0 0.0 0
4600 True 0.0546875 0.049703121185302734 0
4700 True 0.0390625 0.04905962944030762 0
4800 True 0.046875 0.050042152404785156 0
4900 True 0.03125 0.049070119857788086 0
5000 True 0.03125 0.049385786056518555 0
5100 True 0.015625 0.051499128341674805 0
5200 True 0.03125 0.049332618713378906 0
5300 True 0.0390625 0.05056333541870117 0
5400 True 0.046875 0.04391312599182129 0
5500 True 0.046875 0.04680061340332031 0
5600 False 0.0 0.0 0
5700 True 0.0390625 0.04980611801147461 0
5800 True 0.03125 0.05215740203857422 0
5900 True 0.046875 0.04883122444152832 0
6000 True 0.0234375 0.051145315170288086 0
6100 True 0.0625 0.05140089988708496 0
6200 True 0.0390625 0.05054664611816406 0
6300 True 0.03125 0.04967188835144043 0
6400 True 0.0 0.05324506759643555 0
6500 True 0.0546875 0.04920458793640137 0
6600 True 0.03125 0.05172920227050781 0
6700 True 0.0234375 0.05097603797912598 0
6800 True 0.0390625 0.048259735107421875 0
6900 True 0.0234375 0.04871702194213867 0
7000 True 0.03125 0.061444997787475586 0
7100 True 0.03125 0.050386905670166016 0
7200 True 0.0234375 0.050652503967285156 0
7300 True 0.046875 0.04361581802368164 0
7400 True 0.046875 0.053096771240234375 0
7500 True 0.0390625 0.04915666580200195 0
7600 True 0.0390625 0.04899740219116211 0
7700 True 0.03125 0.05137038230895996 0
7800 False 0.0 0.0 0
7900 True 0.0078125 0.052730560302734375 0
8000 True 0.0703125 0.04950857162475586 0
8100 True 0.03125 0.05301380157470703 0
8200 True 0.0546875 0.050759077072143555 0
8300 True 0.0546875 0.04649162292480469 0
8400 True 0.0390625 0.04866147041320801 0
8500 True 0.0625 0.05376625061035156 0
8600 True 0.0390625 0.049758195877075195 0
8700 True 0.0390625 0.04456329345703125 0
8800 True 0.0546875 0.051434993743896484 0
8900 True 0.0390625 0.05767464637756348 0
9000 True 0.046875 0.044464111328125 0
9100 True 0.0546875 0.05665898323059082 0
9200 True 0.046875 0.04963064193725586 0
9300 True 0.046875 0.0498044490814209 0
9400 True 0.0390625 0.04901003837585449 0
9500 True 0.015625 0.05428600311279297 0
9600 True 0.046875 0.05291914939880371 0
9700 False 0.0 0.0 0
9800 True 0.03125 0.05250406265258789 0
9900 True 0.03125 0.05086112022399902 0
