0 True 0 0.015186309814453125 0
100 True 0 0.014436006546020508 0
200 True 0 0.01690983772277832 0
300 True 0 0.015259981155395508 0
400 True 0 0.014668703079223633 0
500 True 0 0.01508188247680664 0
600 True 0 0.015175580978393555 0
700 True 0 0.015195369720458984 0
800 True 0 0.014952898025512695 0
900 True 0 0.01581859588623047 0
1000 True 0 0.014934778213500977 0
1100 True 0 0.01552128791809082 0
1200 True 0 0.015093088150024414 0
1300 True 0 0.01592874526977539 0
1400 True 0 0.015209436416625977 0
1500 False 0 0.0 0
1600 True 0 0.01497650146484375 0
1700 True 0 0.014426708221435547 0
1800 True 0 0.014858245849609375 0
1900 True 0 0.014755725860595703 0
2000 True 0 0.01600790023803711 0
2100 True 0 0.014763832092285156 0
2200 True 0 0.014700651168823242 0
2300 True 0 0.015106201171875 0
2400 True 0 0.01575183868408203 0
2500 True 0 0.021796226501464844 0
2600 True 0 0.01611471176147461 0
2700 True 0 0.022641420364379883 0
2800 True 0 0.015518665313720703 0
2900 True 0 0.01551675796508789 0
3000 True 0 0.015703916549682617 0
3100 True 0 0.014787435531616211 0
3200 True 0 0.02304863929748535 0
3300 True 0 0.01537322998046875 0
3400 True 0 0.01847529411315918 0
3500 True 0 0.01641392707824707 0
3600 True 0 0.015810251235961914 0
3700 True 0 0.015219688415527344 0
3800 True 0 0.015204191207885742 0
3900 True 0 0.014795064926147461 0
4000 True 0 0.015521049499511719 0
4100 True 0 0.015331506729125977 0
4200 True 0 0.014659881591796875 0
4300 True 0 0.014553546905517578 0
4400 True 0 0.016124725341796875 0
4500 False 0 0.0 0
4600 True 0 0.015329599380493164 0
4700 True 0 0.014862298965454102 0
4800 True 0 0.015515565872192383 0
4900 True 0 0.014758586883544922 0
5000 True 0 0.01499795913696289 0
5100 True 0 0.015059709548950195 0
5200 True 0 0.015143394470214844 0
5300 True 0 0.014344453811645508 0
5400 True 0 0.01518106460571289 0
5500 True 0 0.015427589416503906 0
5600 False 0 0.0 0
5700 True 0 0.015030860900878906 0
5800 True 0 0.015085697174072266 0
5900 True 0 0.0156707763671875 0
6000 True 0 0.01627063751220703 0
6100 True 0 0.015123128890991211 0
6200 True 0 0.014988422393798828 0
6300 True 0 0.015048503875732422 0
6400 True 0 0.015406370162963867 0
6500 True 0 0.014517068862915039 0
6600 True 0 0.01576685905456543 0
6700 True 0 0.014908313751220703 0
6800 True 0 0.01577305793762207 0
6900 True 0 0.015416860580444336 0
7000 True 0 0.014565229415893555 0
7100 True 0 0.015218734741210938 0
7200 True 0 0.016956329345703125 0
7300 True 0 0.014735937118530273 0
7400 True 0 0.015149831771850586 0
7500 True 0 0.015141487121582031 0
7600 True 0 0.015244483947753906 0
7700 True 0 0.014899969100952148 0
7800 True 0 0.014960050582885742 0
7900 True 0 0.014970779418945312 0
8000 True 0 0.015311241149902344 0
8100 True 0 0.01464533805847168 0
8200 True 0 0.014644384384155273 0
8300 True 0 0.015085697174072266 0
8400 True 0 0.015076160430908203 0
8500 True 0 0.015603303909301758 0
8600 True 0 0.016695499420166016 0
8700 True 0 0.015066146850585938 0
8800 True 0 0.015220165252685547 0
8900 True 0 0.01493978500366211 0
9000 True 0 0.014902353286743164 0
9100 True 0 0.01508784294128418 0
9200 True 0 0.015046358108520508 0
9300 True 0 0.01588296890258789 0
9400 True 0 0.014734029769897461 0
9500 True 0 0.01509714126586914 0
9600 True 0 0.01583385467529297 0
9700 True 0 0.014583826065063477 0
9800 True 0 0.01578068733215332 0
9900 True 0 0.015348434448242188 0
