0 True 0.296875 0.09226250648498535 0
100 True 0.265625 0.0864872932434082 0
200 True 0.203125 0.09219980239868164 0
300 True 0.203125 0.08787369728088379 0
400 True 0.2578125 0.09257268905639648 0
500 True 0.25 0.09316539764404297 0
600 True 0.2890625 0.09061360359191895 0
700 True 0.2578125 0.08795475959777832 0
800 True 0.171875 0.10119843482971191 0
900 True 0.265625 0.0878591537475586 0
1000 True 0.296875 0.08758163452148438 0
1100 True 0.25 0.08618950843811035 0
1200 True 0.21875 0.08773565292358398 0
1300 True 0.296875 0.08707666397094727 0
1400 True 0.203125 0.09252238273620605 0
1500 False 0.0 0.0 0
1600 True 0.015625 0.08556675910949707 0
1700 True 0.296875 0.08832192420959473 0
1800 True 0.21875 0.08738970756530762 0
1900 True 0.1484375 0.09108090400695801 0
2000 True 0.203125 0.08941864967346191 0
2100 True 0.296875 0.0876457691192627 0
2200 True 0.1328125 0.09121584892272949 0
2300 True 0.28125 0.13393211364746094 0
2400 True 0.296875 0.09614109992980957 0
2500 True 0.2265625 0.08748817443847656 0
2600 True 0.2734375 0.10488772392272949 0
2700 True 0.296875 0.08128118515014648 0
2800 True 0.125 0.08462643623352051 0
2900 True 0.21875 0.08596563339233398 0
3000 True 0.296875 0.0885457992553711 0
3100 True 0.2578125 0.088104248046875 0
3200 True 0.2734375 0.08615946769714355 0
3300 True 0.296875 0.08676266670227051 0
3400 True 0.3046875 0.08763599395751953 0
3500 True 0.3046875 0.09205913543701172 0
3600 True 0.296875 0.09942197799682617 0
3700 True 0.25 0.09245777130126953 0
3800 True 0.265625 0.0978856086730957 0
3900 True 0.2265625 0.09303522109985352 0
4000 True 0.21875 0.08960247039794922 0
4100 True 0.171875 0.08869504928588867 0
4200 True 0.296875 0.08689498901367188 0
4300 False 0.0 0.0 0
4400 True 0.21875 0.09031105041503906 0
4500 False 0.0 0.0 0
4600 True 0.296875 0.08747696876525879 0
4700 True 0.296875 0.08819007873535156 0
4800 True 0.296875 0.08762693405151367 0
4900 True 0.296875 0.08660602569580078 0
5000 True 0.2734375 0.08655118942260742 0
5100 True 0.1875 0.08757424354553223 0
5200 True 0.265625 0.08971714973449707 0
5300 True 0.28125 0.08276033401489258 0
5400 True 0.2734375 0.08756494522094727 0
5500 True 0.296875 0.09004378318786621 0
5600 False 0.0 0.0 0
5700 True 0.3046875 0.08469057083129883 0
5800 True 0.3046875 0.08812069892883301 0
5900 True 0.3046875 0.08590555191040039 0
6000 True 0.1953125 0.08570480346679688 0
6100 True 0.25 0.08904361724853516 0
6200 True 0.3046875 0.08726620674133301 0
6300 True 0.3046875 0.08838415145874023 0
6400 True 0.1953125 0.08618903160095215 0
6500 True 0.296875 0.13603615760803223 0
6600 True 0.140625 0.08882808685302734 0
6700 True 0.203125 0.08893632888793945 0
6800 True 0.2890625 0.08820939064025879 0
6900 True 0.2890625 0.08686423301696777 0
7000 True 0.3046875 0.08743453025817871 0
7100 True 0.203125 0.08850479125976562 0
7200 True 0.2578125 0.08718061447143555 0
7300 True 0.3046875 0.08745765686035156 0
7400 True 0.28125 0.08797669410705566 0
7500 True 0.234375 0.08741021156311035 0
7600 True 0.296875 0.08761072158813477 0
7700 True 0.25 0.08872056007385254 0
7800 True 0.0859375 0.0879373550415039 0
7900 True 0.0859375 0.08526277542114258 0
8000 True 0.296875 0.08814883232116699 0
8100 True 0.296875 0.08849763870239258 0
8200 True 0.3046875 0.08841967582702637 0
8300 True 0.3046875 0.08578968048095703 0
8400 True 0.3046875 0.08606624603271484 0
8500 True 0.3046875 0.08905649185180664 0
8600 True 0.296875 0.0876612663269043 0
8700 True 0.296875 0.08623290061950684 0
8800 True 0.3125 0.08171701431274414 0
8900 True 0.296875 0.08933019638061523 0
9000 True 0.3046875 0.08936548233032227 0
9100 True 0.3046875 0.08500552177429199 0
9200 True 0.296875 0.08677530288696289 0
9300 True 0.3046875 0.0861823558807373 0
9400 True 0.1171875 0.08744335174560547 0
9500 True 0.140625 0.08782267570495605 0
9600 True 0.2109375 0.08315014839172363 0
9700 False 0.0 0.0 0
9800 True 0.25 0.08835792541503906 0
9900 True 0.25 0.08741474151611328 0
