0 True 1 0.01504659652709961 0
100 True 1 0.01532745361328125 0
200 True 0 0.01467752456665039 0
300 True 1 0.015043020248413086 0
400 True 1 0.015017032623291016 0
500 True 1 0.014727354049682617 0
600 True 1 0.01631927490234375 0
700 True 1 0.014799118041992188 0
800 True 1 0.015053510665893555 0
900 False 0 0.0 0
1000 True 1 0.015525579452514648 0
1100 True 1 0.014908075332641602 0
1200 True 0 0.014693975448608398 0
1300 True 1 0.01607990264892578 0
1400 True 1 0.014951705932617188 0
1500 True 0 0.01514291763305664 0
1600 True 1 0.015273809432983398 0
1700 True 1 0.015585184097290039 0
1800 True 1 0.014856815338134766 0
1900 True 1 0.015216350555419922 0
2000 True 1 0.015149831771850586 0
2100 True 1 0.014839887619018555 0
2200 True 1 0.01609492301940918 0
2300 True 1 0.014860391616821289 0
2400 True 1 0.015619754791259766 0
2500 True 1 0.014916658401489258 0
2600 True 1 0.01557302474975586 0
2700 True 1 0.016076087951660156 0
2800 True 1 0.014873504638671875 0
2900 True 1 0.016347408294677734 0
3000 True 1 0.014922142028808594 0
3100 True 1 0.014680147171020508 0
3200 True 1 0.01430201530456543 0
3300 True 1 0.015219688415527344 0
3400 True 1 0.015091657638549805 0
3500 True 1 0.014542579650878906 0
3600 True 1 0.01505732536315918 0
3700 True 1 0.014749288558959961 0
3800 True 1 0.014608383178710938 0
3900 True 1 0.014467000961303711 0
4000 True 1 0.01529550552368164 0
4100 True 1 0.01588296890258789 0
4200 True 1 0.014974355697631836 0
4300 True 0 0.015123128890991211 0
4400 True 1 0.014805793762207031 0
4500 True 0 0.014811992645263672 0
4600 True 1 0.014882087707519531 0
4700 True 1 0.016025304794311523 0
4800 True 1 0.014966249465942383 0
4900 True 1 0.01575016975402832 0
5000 True 1 0.015306711196899414 0
5100 True 1 0.015036821365356445 0
5200 True 1 0.015017032623291016 0
5300 True 1 0.015177726745605469 0
5400 True 1 0.014859437942504883 0
5500 True 1 0.014493465423583984 0
5600 True 1 0.015011072158813477 0
5700 True 1 0.014637231826782227 0
5800 True 1 0.020656585693359375 0
5900 True 1 0.015788555145263672 0
6000 True 1 0.016007423400878906 0
6100 True 1 0.014606714248657227 0
6200 True 1 0.014702320098876953 0
6300 True 1 0.015641212463378906 0
6400 True 1 0.01501321792602539 0
6500 True 1 0.015592336654663086 0
6600 True 1 0.01564478874206543 0
6700 True 1 0.015750885009765625 0
6800 True 1 0.014732122421264648 0
6900 True 1 0.01483464241027832 0
7000 True 1 0.015158653259277344 0
7100 True 1 0.01477193832397461 0
7200 True 1 0.015082597732543945 0
7300 True 1 0.015801429748535156 0
7400 True 1 0.015315532684326172 0
7500 True 1 0.01512289047241211 0
7600 True 1 0.014998197555541992 0
7700 True 1 0.016019821166992188 0
7800 True 0 0.01473236083984375 0
7900 True 1 0.014888525009155273 0
8000 True 1 0.014977216720581055 0
8100 True 1 0.0149688720703125 0
8200 True 1 0.015190601348876953 0
8300 True 1 0.01568746566772461 0
8400 True 1 0.014866352081298828 0
8500 True 1 0.014731884002685547 0
8600 True 1 0.01471257209777832 0
8700 True 1 0.015287399291992188 0
8800 True 1 0.014571666717529297 0
8900 True 1 0.015015602111816406 0
9000 True 1 0.01516580581665039 0
9100 True 1 0.015238761901855469 0
9200 True 1 0.01458287239074707 0
9300 True 1 0.015093564987182617 0
9400 True 1 0.015107393264770508 0
9500 True 1 0.014778375625610352 0
9600 True 1 0.014670610427856445 0
9700 True 1 0.016283750534057617 0
9800 True 1 0.014737367630004883 0
9900 True 1 0.015326976776123047 0
