0 True 1 0.015138626098632812 0
100 True 0 0.01482248306274414 0
200 True 0 0.014465808868408203 0
300 True 0 0.015824317932128906 0
400 True 0 0.014745473861694336 0
500 True 0 0.015042781829833984 0
600 True 0 0.014931678771972656 0
700 True 0 0.015332460403442383 0
800 True 0 0.014622211456298828 0
900 True 0 0.0162045955657959 0
1000 True 1 0.014896392822265625 0
1100 True 0 0.014698028564453125 0
1200 True 0 0.01596522331237793 0
1300 True 1 0.014568090438842773 0
1400 True 0 0.014881134033203125 0
1500 False 0 0.0 0
1600 True 0 0.015221595764160156 0
1700 True 1 0.014565229415893555 0
1800 True 0 0.015238285064697266 0
1900 True 0 0.015406131744384766 0
2000 True 0 0.015804052352905273 0
2100 True 1 0.01623678207397461 0
2200 True 0 0.014672994613647461 0
2300 True 0 0.014928340911865234 0
2400 True 1 0.01532888412475586 0
2500 True 0 0.014854669570922852 0
2600 True 0 0.014821052551269531 0
2700 True 1 0.01452016830444336 0
2800 True 0 0.015400409698486328 0
2900 True 0 0.015181779861450195 0
3000 True 1 0.01468658447265625 0
3100 True 0 0.015995502471923828 0
3200 True 0 0.014767646789550781 0
3300 True 1 0.015481233596801758 0
3400 True 1 0.015006303787231445 0
3500 True 1 0.015332698822021484 0
3600 True 1 0.014844894409179688 0
3700 True 0 0.01475834846496582 0
3800 True 0 0.01518559455871582 0
3900 True 0 0.015303373336791992 0
4000 True 0 0.015419244766235352 0
4100 True 0 0.015390872955322266 0
4200 True 1 0.014831304550170898 0
4300 False 0 0.0 0
4400 True 0 0.015282630920410156 0
4500 False 0 0.0 0
4600 True 1 0.014369487762451172 0
4700 True 1 0.014761924743652344 0
4800 True 1 0.015017032623291016 0
4900 True 1 0.015258312225341797 0
5000 True 0 0.01616668701171875 0
5100 True 0 0.015228986740112305 0
5200 True 0 0.014936685562133789 0
5300 True 0 0.014863014221191406 0
5400 True 0 0.01505589485168457 0
5500 True 1 0.015130281448364258 0
5600 False 0 0.0 0
5700 True 1 0.014793634414672852 0
5800 True 1 0.014798879623413086 0
5900 True 1 0.015167236328125 0
6000 True 0 0.015047073364257812 0
6100 True 0 0.014985084533691406 0
6200 True 1 0.014989137649536133 0
6300 True 1 0.016057252883911133 0
6400 True 0 0.015387296676635742 0
6500 True 1 0.01466822624206543 0
6600 True 0 0.016231298446655273 0
6700 True 0 0.014755725860595703 0
6800 True 0 0.014719486236572266 0
6900 True 0 0.01489710807800293 0
7000 True 1 0.015134096145629883 0
7100 True 0 0.01464700698852539 0
7200 True 0 0.01472330093383789 0
7300 True 1 0.014929533004760742 0
7400 True 0 0.01481175422668457 0
7500 True 0 0.014997482299804688 0
7600 True 1 0.014638423919677734 0
7700 True 0 0.014796733856201172 0
7800 True 0 0.014858722686767578 0
7900 True 0 0.015439748764038086 0
8000 True 1 0.01492762565612793 0
8100 True 1 0.015916824340820312 0
8200 True 1 0.014873027801513672 0
8300 True 1 0.01509857177734375 0
8400 True 1 0.01503443717956543 0
8500 True 1 0.014654874801635742 0
8600 True 1 0.014619827270507812 0
8700 True 1 0.014954566955566406 0
8800 True 1 0.01548004150390625 0
8900 True 0 0.015213489532470703 0
9000 True 1 0.014986515045166016 0
9100 True 1 0.014988183975219727 0
9200 True 1 0.014530658721923828 0
9300 True 1 0.015148162841796875 0
9400 True 0 0.014812707901000977 0
9500 True 0 0.018289566040039062 0
9600 True 0 0.015167236328125 0
9700 False 0 0.0 0
9800 True 0 0.020961761474609375 0
9900 True 0 0.014595270156860352 0
