0 True 0.1796875 0.7900724411010742 0
100 True 0.125 0.7846918106079102 0
200 True 0.109375 0.8101561069488525 0
300 True 0.1328125 0.7891755104064941 0
400 True 0.140625 0.7946691513061523 0
500 True 0.1640625 0.7909691333770752 0
600 True 0.15625 0.7906494140625 0
700 True 0.1796875 0.7882790565490723 0
800 True 0.140625 0.7890322208404541 0
900 True 0.0703125 0.7886145114898682 0
1000 True 0.1015625 0.7873716354370117 0
1100 True 0.140625 0.7869834899902344 0
1200 True 0.0859375 0.7886333465576172 0
1300 True 0.171875 0.7868227958679199 0
1400 True 0.15625 0.7882204055786133 0
1500 True 0.03125 0.7871899604797363 0
1600 True 0.109375 0.7857162952423096 0
1700 True 0.1640625 0.7890164852142334 0
1800 True 0.140625 0.7837951183319092 0
1900 True 0.125 0.782275915145874 0
2000 True 0.109375 0.7869753837585449 0
2100 True 0.140625 0.7920315265655518 0
2200 True 0.1640625 0.7987675666809082 0
2300 True 0.1640625 0.7902894020080566 0
2400 True 0.125 0.787644624710083 0
2500 True 0.1328125 0.7918562889099121 0
2600 True 0.1328125 0.7873964309692383 0
2700 True 0.15625 0.7866954803466797 0
2800 True 0.1171875 0.8005292415618896 0
2900 True 0.1171875 0.8316419124603271 0
3000 True 0.1171875 0.8209903240203857 0
3100 True 0.109375 0.7952487468719482 0
3200 True 0.1328125 0.7887334823608398 0
3300 True 0.140625 0.8052380084991455 0
3400 True 0.1953125 0.8028357028961182 0
3500 True 0.203125 0.8278987407684326 0
3600 True 0.1484375 0.8195748329162598 0
3700 True 0.1640625 0.7901871204376221 0
3800 True 0.140625 0.7916769981384277 0
3900 True 0.140625 0.8222119808197021 0
4000 True 0.1171875 0.8318917751312256 0
4100 True 0.1171875 0.8141400814056396 0
4200 True 0.1484375 0.8016088008880615 0
4300 True 0.046875 0.79264235496521 0
4400 True 0.09375 0.7896468639373779 0
4500 True 0.0 0.8320181369781494 0
4600 True 0.1875 0.8250851631164551 0
4700 True 0.1484375 0.8035850524902344 0
4800 True 0.1796875 0.7962393760681152 0
4900 True 0.1328125 0.8310835361480713 0
5000 True 0.15625 0.834705114364624 0
5100 True 0.1171875 0.8017880916595459 0
5200 True 0.140625 0.8085453510284424 0
5300 True 0.125 0.8014490604400635 0
5400 True 0.1640625 0.8053357601165771 0
5500 True 0.1875 0.7898054122924805 0
5600 True 0.0390625 0.7909746170043945 0
5700 True 0.171875 0.8273792266845703 0
5800 True 0.15625 0.8120512962341309 0
5900 True 0.171875 0.797431230545044 0
6000 True 0.125 0.7940640449523926 0
6100 True 0.140625 0.8221099376678467 0
6200 True 0.1484375 0.8023200035095215 0
6300 True 0.171875 0.804008960723877 0
6400 True 0.1171875 0.8036541938781738 0
6500 True 0.15625 0.8223052024841309 0
6600 True 0.140625 0.8110151290893555 0
6700 True 0.109375 0.801720380783081 0
6800 True 0.171875 0.8163819313049316 0
6900 True 0.1484375 0.8429892063140869 0
7000 True 0.1875 0.8055636882781982 0
7100 True 0.1484375 0.8008317947387695 0
7200 True 0.109375 0.7912359237670898 0
7300 True 0.15625 0.8165338039398193 0
7400 True 0.125 0.7915077209472656 0
7500 True 0.125 0.8262012004852295 0
7600 True 0.1953125 0.8049271106719971 0
7700 True 0.1484375 0.7938637733459473 0
7800 True 0.1171875 0.8174078464508057 0
7900 True 0.1015625 0.835442304611206 0
8000 True 0.15625 0.8175044059753418 0
8100 True 0.1796875 0.803138017654419 0
8200 True 0.15625 0.7982189655303955 0
8300 True 0.1640625 0.8149323463439941 0
8400 True 0.15625 0.7993028163909912 0
8500 True 0.1796875 0.7937612533569336 0
8600 True 0.1640625 0.7945606708526611 0
8700 True 0.15625 0.8281118869781494 0
8800 True 0.203125 0.7987232208251953 0
8900 True 0.1484375 0.7910943031311035 0
9000 True 0.171875 0.8059165477752686 0
9100 True 0.1875 0.8102824687957764 0
9200 True 0.1796875 0.8080959320068359 0
9300 True 0.234375 0.7900898456573486 0
9400 True 0.125 0.8259327411651611 0
9500 True 0.1015625 0.8016536235809326 0
9600 True 0.1171875 0.7915105819702148 0
9700 True 0.09375 0.845156192779541 0
9800 True 0.15625 0.8181226253509521 0
9900 True 0.109375 0.809471845626831 0
