0 True 0 0.13492059707641602 0
100 True 0 0.13106775283813477 0
200 True 0 0.13199162483215332 0
300 True 0 0.13262391090393066 0
400 True 0 0.1307237148284912 0
500 True 0 0.13354825973510742 0
600 True 0 0.13342547416687012 0
700 True 0 0.13203954696655273 0
800 True 0 0.13162469863891602 0
900 True 0 0.13084697723388672 0
1000 True 0 0.13246417045593262 0
1100 True 0 0.1349637508392334 0
1200 True 0 0.13440608978271484 0
1300 True 0 0.13741064071655273 0
1400 True 0 0.13126397132873535 0
1500 True 0 0.13103413581848145 0
1600 True 0 0.13203692436218262 0
1700 True 0 0.13416743278503418 0
1800 True 0 0.13186860084533691 0
1900 True 0 0.13170814514160156 0
2000 True 0 0.1316969394683838 0
2100 True 0 0.1318366527557373 0
2200 True 0 0.1351914405822754 0
2300 True 0 0.13204336166381836 0
2400 True 0 0.13280153274536133 0
2500 True 0 0.13160395622253418 0
2600 True 0 0.13202929496765137 0
2700 True 0 0.13173818588256836 0
2800 True 0 0.13166499137878418 0
2900 True 0 0.1310877799987793 0
3000 True 0 0.13149070739746094 0
3100 True 0 0.13128232955932617 0
3200 True 0 0.13036346435546875 0
3300 True 0 0.13088631629943848 0
3400 True 0 0.13152074813842773 0
3500 True 0 0.13154077529907227 0
3600 True 0 0.1314406394958496 0
3700 True 0 0.13175606727600098 0
3800 True 0 0.13178086280822754 0
3900 True 0 0.13111495971679688 0
4000 True 0 0.131788969039917 0
4100 True 0 0.13167142868041992 0
4200 True 0 0.13094019889831543 0
4300 True 0 0.13181328773498535 0
4400 True 0 0.13191461563110352 0
4500 True 0 0.13180112838745117 0
4600 True 0 0.13279271125793457 0
4700 True 0 0.13257551193237305 0
4800 True 0 0.13102173805236816 0
4900 True 0 0.13243722915649414 0
5000 True 0 0.13291716575622559 0
5100 True 0 0.13495135307312012 0
5200 True 0 0.1336352825164795 0
5300 True 0 0.1327660083770752 0
5400 True 0 0.13249969482421875 0
5500 True 0 0.13271880149841309 0
5600 True 0 0.13306450843811035 0
5700 True 0 0.13243556022644043 0
5800 True 0 0.1319260597229004 0
5900 True 0 0.13486719131469727 0
6000 True 0 0.13124513626098633 0
6100 True 0 0.13135766983032227 0
6200 True 0 0.13163971900939941 0
6300 True 0 0.13165831565856934 0
6400 True 0 0.1313169002532959 0
6500 True 0 0.13175749778747559 0
6600 True 0 0.13513803482055664 0
6700 True 0 0.1316516399383545 0
6800 True 0 0.13266205787658691 0
6900 True 0 0.13186049461364746 0
7000 True 0 0.13168764114379883 0
7100 True 0 0.13118577003479004 0
7200 True 0 0.13348102569580078 0
7300 True 0 0.1304783821105957 0
7400 True 0 0.13216114044189453 0
7500 True 0 0.13085103034973145 0
7600 True 0 0.1311652660369873 0
7700 True 0 0.13103199005126953 0
7800 True 0 0.13170123100280762 0
7900 True 0 0.13230490684509277 0
8000 True 0 0.13814234733581543 0
8100 True 0 0.13187837600708008 0
8200 True 0 0.13065695762634277 0
8300 True 0 0.1316699981689453 0
8400 True 0 0.13185715675354004 0
8500 True 0 0.13187241554260254 0
8600 True 0 0.13193178176879883 0
8700 True 0 0.13582491874694824 0
8800 True 0 0.13196778297424316 0
8900 True 0 0.13099145889282227 0
9000 True 0 0.13129329681396484 0
9100 True 0 0.13114571571350098 0
9200 True 0 0.1318647861480713 0
9300 True 0 0.13714027404785156 0
9400 True 0 0.13158082962036133 0
9500 True 0 0.13141226768493652 0
9600 True 0 0.13149714469909668 0
9700 True 0 0.13325095176696777 0
9800 True 0 0.13097596168518066 0
9900 True 0 0.13503718376159668 0
