0 True 1 0.14466238021850586 0
100 True 1 0.13460493087768555 0
200 True 1 0.13291072845458984 0
300 True 1 0.13221263885498047 0
400 True 1 0.1331043243408203 0
500 True 1 0.13089799880981445 0
600 True 1 0.1310114860534668 0
700 True 1 0.13124942779541016 0
800 True 1 0.13120603561401367 0
900 True 0 0.1311023235321045 0
1000 True 1 0.13087129592895508 0
1100 True 1 0.13114452362060547 0
1200 True 1 0.13657259941101074 0
1300 True 1 0.13146400451660156 0
1400 True 1 0.13405752182006836 0
1500 True 0 0.13091635704040527 0
1600 True 1 0.1312410831451416 0
1700 True 1 0.13170766830444336 0
1800 True 1 0.13083767890930176 0
1900 True 1 0.13062381744384766 0
2000 True 1 0.13133621215820312 0
2100 True 1 0.13608884811401367 0
2200 True 1 0.1338951587677002 0
2300 True 1 0.1320657730102539 0
2400 True 1 0.1314229965209961 0
2500 True 1 0.13020586967468262 0
2600 True 1 0.1307830810546875 0
2700 True 1 0.13122153282165527 0
2800 True 1 0.13025307655334473 0
2900 True 1 0.1310286521911621 0
3000 True 1 0.13209009170532227 0
3100 True 0 0.13155055046081543 0
3200 True 1 0.1311025619506836 0
3300 True 1 0.1310892105102539 0
3400 True 1 0.13199877738952637 0
3500 True 1 0.13206124305725098 0
3600 True 1 0.1321403980255127 0
3700 True 1 0.13275718688964844 0
3800 True 1 0.13123607635498047 0
3900 True 1 0.13055086135864258 0
4000 True 0 0.13202214241027832 0
4100 True 0 0.13531804084777832 0
4200 True 1 0.13235759735107422 0
4300 True 0 0.13117432594299316 0
4400 True 1 0.13138484954833984 0
4500 True 0 0.13107538223266602 0
4600 True 1 0.13106060028076172 0
4700 True 1 0.13150930404663086 0
4800 True 1 0.12958121299743652 0
4900 True 1 0.13094377517700195 0
5000 True 1 0.13125872611999512 0
5100 True 1 0.13129091262817383 0
5200 True 1 0.13113951683044434 0
5300 True 1 0.13407421112060547 0
5400 True 1 0.13230037689208984 0
5500 True 1 0.1323690414428711 0
5600 True 0 0.1310274600982666 0
5700 True 1 0.13064122200012207 0
5800 True 1 0.13122177124023438 0
5900 True 1 0.1305220127105713 0
6000 True 1 0.13105154037475586 0
6100 True 1 0.1313769817352295 0
6200 True 1 0.13117074966430664 0
6300 True 1 0.1316368579864502 0
6400 True 1 0.13266205787658691 0
6500 True 1 0.13142085075378418 0
6600 True 1 0.13137292861938477 0
6700 True 1 0.13077378273010254 0
6800 True 1 0.1305522918701172 0
6900 True 1 0.13094520568847656 0
7000 True 1 0.1314244270324707 0
7100 True 1 0.13647222518920898 0
7200 True 1 0.13050222396850586 0
7300 True 1 0.13056206703186035 0
7400 True 1 0.131056547164917 0
7500 True 1 0.13148999214172363 0
7600 True 1 0.13148903846740723 0
7700 True 1 0.13087105751037598 0
7800 True 1 0.13068914413452148 0
7900 True 0 0.13079619407653809 0
8000 True 1 0.13139605522155762 0
8100 True 1 0.13115429878234863 0
8200 True 1 0.13409781455993652 0
8300 True 1 0.13061046600341797 0
8400 True 1 0.13120698928833008 0
8500 True 1 0.13481712341308594 0
8600 True 1 0.13036513328552246 0
8700 True 1 0.13079261779785156 0
8800 True 1 0.13138890266418457 0
8900 True 1 0.13074970245361328 0
9000 True 1 0.13074374198913574 0
9100 True 1 0.13140654563903809 0
9200 True 1 0.13083958625793457 0
9300 True 1 0.13099002838134766 0
9400 True 1 0.13123226165771484 0
9500 True 1 0.13159847259521484 0
9600 True 1 0.13158750534057617 0
9700 True 0 0.13257694244384766 0
9800 True 1 0.1314101219177246 0
9900 True 1 0.13113832473754883 0
