0 True 0.015625 0.18186044692993164 0
100 True 0.015625 0.17192864418029785 0
200 True 0.0234375 0.16492772102355957 0
300 False 0.0 0.0 0
400 True 0.0234375 0.16883254051208496 0
500 True 0.0234375 0.17539286613464355 0
600 True 0.0234375 0.16941022872924805 0
700 True 0.0234375 0.16569948196411133 0
800 False 0.0 0.0 0
900 True 0.015625 0.16850924491882324 0
1000 False 0.0 0.0 0
1100 True 0.0234375 0.17524099349975586 0
1200 False 0.0 0.0 0
1300 True 0.015625 0.17699646949768066 0
1400 True 0.03125 0.16619610786437988 0
1500 False 0.0 0.0 0
1600 True 0.015625 0.1635735034942627 0
1700 True 0.0234375 0.165635347366333 0
1800 True 0.0234375 0.17341303825378418 0
1900 True 0.03125 0.21377158164978027 0
2000 True 0.015625 0.16585874557495117 0
2100 True 0.015625 0.1661393642425537 0
2200 False 0.0 0.0 0
2300 True 0.015625 0.1644124984741211 0
2400 False 0.0 0.0 0
2500 False 0.0 0.0 0
2600 True 0.015625 0.16925835609436035 0
2700 True 0.015625 0.2683446407318115 0
2800 True 0.0078125 0.2918515205383301 0
2900 True 0.0234375 0.16698408126831055 0
3000 True 0.0234375 0.16878962516784668 0
3100 True 0.0 0.17675280570983887 0
3200 False 0.0 0.0 0
3300 True 0.015625 0.16345977783203125 0
3400 True 0.0234375 0.16583991050720215 0
3500 True 0.0234375 0.16714072227478027 0
3600 True 0.0234375 0.1659843921661377 0
3700 True 0.0234375 0.1857914924621582 0
3800 True 0.015625 0.16762256622314453 0
3900 True 0.0234375 0.1672658920288086 0
4000 False 0.0 0.0 0
4100 True 0.0234375 0.1692180633544922 0
4200 True 0.0234375 0.1981217861175537 0
4300 True 0.0078125 0.16637253761291504 0
4400 True 0.015625 0.17142581939697266 0
4500 False 0.0 0.0 0
4600 True 0.0234375 0.1654653549194336 0
4700 False 0.0 0.0 0
4800 True 0.0234375 0.17960333824157715 0
4900 True 0.015625 0.16127634048461914 0
5000 True 0.015625 0.18803143501281738 0
5100 False 0.0 0.0 0
5200 True 0.0234375 0.16350769996643066 0
5300 True 0.015625 0.16763019561767578 0
5400 True 0.015625 0.16759920120239258 0
5500 True 0.0234375 0.1647205352783203 0
5600 True 0.015625 0.16232895851135254 0
5700 True 0.0234375 0.24664592742919922 0
5800 False 0.0 0.0 0
5900 True 0.0234375 0.16244888305664062 0
6000 False 0.0 0.0 0
6100 True 0.03125 0.1725599765777588 0
6200 False 0.0 0.0 0
6300 True 0.0234375 0.16588997840881348 0
6400 True 0.03125 0.16540026664733887 0
6500 True 0.015625 0.16412591934204102 0
6600 True 0.0078125 0.1654353141784668 0
6700 True 0.015625 0.16521978378295898 0
6800 True 0.0234375 0.16267681121826172 0
6900 True 0.0234375 0.1735842227935791 0
7000 True 0.0234375 0.16361117362976074 0
7100 True 0.015625 0.16656279563903809 0
7200 False 0.0 0.0 0
7300 True 0.0234375 0.17519736289978027 0
7400 True 0.015625 0.16553163528442383 0
7500 True 0.015625 0.17199373245239258 0
7600 True 0.03125 0.16906404495239258 0
7700 True 0.0 0.16724705696105957 0
7800 False 0.0 0.0 0
7900 True 0.03125 0.1673271656036377 0
8000 True 0.0234375 0.16492128372192383 0
8100 True 0.03125 0.1684870719909668 0
8200 True 0.0234375 0.16782665252685547 0
8300 True 0.015625 0.16843080520629883 0
8400 True 0.0234375 0.16619420051574707 0
8500 True 0.03125 0.16681623458862305 0
8600 True 0.0234375 0.16375303268432617 0
8700 False 0.0 0.0 0
8800 True 0.03125 0.16795611381530762 0
8900 False 0.0 0.0 0
9000 True 0.0234375 0.16605305671691895 0
9100 True 0.0234375 0.1714649200439453 0
9200 True 0.03125 0.16331768035888672 0
9300 True 0.0234375 0.17079472541809082 0
9400 False 0.0 0.0 0
9500 True 0.0234375 0.16733026504516602 0
9600 True 0.015625 0.17026376724243164 0
9700 False 0.0 0.0 0
9800 True 0.0234375 0.17820072174072266 0
9900 True 0.015625 0.1700751781463623 0
