0 True 0 0.03648567199707031 0
100 True 0 0.029912948608398438 0
200 True 0 0.02816462516784668 0
300 False 0 0.0 0
400 True 0 0.028088808059692383 0
500 True 0 0.028024911880493164 0
600 True 0 0.02986311912536621 0
700 True 0 0.0293729305267334 0
800 False 0 0.0 0
900 True 0 0.029117107391357422 0
1000 False 0 0.0 0
1100 True 0 0.031102418899536133 0
1200 False 0 0.0 0
1300 True 0 0.029938220977783203 0
1400 True 0 0.03019547462463379 0
1500 False 0 0.0 0
1600 True 0 0.031222820281982422 0
1700 True 0 0.029697656631469727 0
1800 True 0 0.029857397079467773 0
1900 True 0 0.03004598617553711 0
2000 True 0 0.030075788497924805 0
2100 True 0 0.030004024505615234 0
2200 False 0 0.0 0
2300 True 0 0.03001689910888672 0
2400 False 0 0.0 0
2500 False 0 0.0 0
2600 True 0 0.030319690704345703 0
2700 True 0 0.029933452606201172 0
2800 True 0 0.030474185943603516 0
2900 True 0 0.03006267547607422 0
3000 True 0 0.02929830551147461 0
3100 True 0 0.029968976974487305 0
3200 False 0 0.0 0
3300 True 0 0.03035712242126465 0
3400 True 0 0.03154253959655762 0
3500 True 0 0.030562162399291992 0
3600 True 0 0.030215740203857422 0
3700 True 0 0.030051231384277344 0
3800 True 0 0.02962517738342285 0
3900 True 0 0.03506898880004883 0
4000 False 0 0.0 0
4100 True 0 0.030029773712158203 0
4200 True 0 0.030712127685546875 0
4300 True 0 0.031191110610961914 0
4400 True 0 0.03802943229675293 0
4500 False 0 0.0 0
4600 True 0 0.03196573257446289 0
4700 False 0 0.0 0
4800 True 0 0.0295259952545166 0
4900 True 0 0.02985095977783203 0
5000 True 0 0.05073261260986328 0
5100 False 0 0.0 0
5200 True 0 0.03880810737609863 0
5300 True 0 0.029273509979248047 0
5400 True 0 0.030049562454223633 0
5500 True 0 0.03054499626159668 0
5600 True 0 0.03278946876525879 0
5700 True 0 0.0300142765045166 0
5800 False 0 0.0 0
5900 True 0 0.029842853546142578 0
6000 False 0 0.0 0
6100 True 0 0.02971506118774414 0
6200 False 0 0.0 0
6300 True 0 0.02982950210571289 0
6400 True 0 0.029984235763549805 0
6500 True 0 0.029767751693725586 0
6600 True 0 0.03057098388671875 0
6700 True 0 0.0299530029296875 0
6800 True 0 0.0294950008392334 0
6900 True 0 0.029946565628051758 0
7000 True 0 0.029719829559326172 0
7100 True 0 0.030022621154785156 0
7200 False 0 0.0 0
7300 True 0 0.02975630760192871 0
7400 True 0 0.030305147171020508 0
7500 True 0 0.03017735481262207 0
7600 True 0 0.029872655868530273 0
7700 True 0 0.030805349349975586 0
7800 False 0 0.0 0
7900 True 0 0.02942347526550293 0
8000 True 0 0.030278921127319336 0
8100 True 0 0.02989935874938965 0
8200 True 0 0.03434014320373535 0
8300 True 0 0.030237674713134766 0
8400 True 0 0.030693531036376953 0
8500 True 0 0.02993011474609375 0
8600 True 0 0.029530763626098633 0
8700 False 0 0.0 0
8800 True 0 0.03037548065185547 0
8900 False 0 0.0 0
9000 True 0 0.03125 0
9100 True 0 0.030726194381713867 0
9200 True 0 0.029626846313476562 0
9300 True 0 0.029900789260864258 0
9400 False 0 0.0 0
9500 True 0 0.029433727264404297 0
9600 True 0 0.029911041259765625 0
9700 False 0 0.0 0
9800 True 0 0.029918432235717773 0
9900 True 0 0.029923677444458008 0
