0 True 0 0.03355693817138672 0
100 True 0 0.028470516204833984 0
200 True 0 0.02817082405090332 0
300 True 0 0.02818441390991211 0
400 True 0 0.02836751937866211 0
500 True 0 0.028116703033447266 0
600 True 0 0.028543949127197266 0
700 True 0 0.030383825302124023 0
800 True 0 0.028302669525146484 0
900 True 0 0.028503894805908203 0
1000 True 0 0.027322053909301758 0
1100 True 0 0.029072999954223633 0
1200 True 0 0.02785634994506836 0
1300 True 0 0.02862858772277832 0
1400 True 0 0.02840256690979004 0
1500 False 0 0.0 0
1600 True 0 0.027853012084960938 0
1700 True 0 0.028017044067382812 0
1800 True 0 0.028911113739013672 0
1900 True 0 0.028529644012451172 0
2000 True 0 0.028595685958862305 0
2100 True 0 0.0316314697265625 0
2200 True 0 0.02840113639831543 0
2300 True 0 0.031264305114746094 0
2400 True 0 0.031178712844848633 0
2500 True 0 0.028348207473754883 0
2600 True 0 0.02806401252746582 0
2700 True 0 0.029569625854492188 0
2800 True 0 0.028169631958007812 0
2900 True 0 0.02978682518005371 0
3000 True 0 0.027749300003051758 0
3100 True 0 0.028873205184936523 0
3200 True 0 0.027671337127685547 0
3300 True 0 0.03029632568359375 0
3400 True 0 0.030347585678100586 0
3500 True 0 0.02996659278869629 0
3600 True 0 0.029364824295043945 0
3700 True 0 0.029592037200927734 0
3800 True 0 0.029619693756103516 0
3900 True 0 0.029977798461914062 0
4000 True 0 0.02974724769592285 0
4100 True 0 0.02976059913635254 0
4200 True 0 0.03008580207824707 0
4300 True 0 0.029900074005126953 0
4400 True 0 0.029839754104614258 0
4500 False 0 0.0 0
4600 True 0 0.02974843978881836 0
4700 True 0 0.02995157241821289 0
4800 True 0 0.029788732528686523 0
4900 True 0 0.029660940170288086 0
5000 True 0 0.03051161766052246 0
5100 True 0 0.029415369033813477 0
5200 True 0 0.029546260833740234 0
5300 True 0 0.030118465423583984 0
5400 True 0 0.02952432632446289 0
5500 True 0 0.029233694076538086 0
5600 True 0 0.031219482421875 0
5700 True 0 0.02980661392211914 0
5800 True 0 0.04202842712402344 0
5900 True 0 0.029613733291625977 0
6000 True 0 0.029815673828125 0
6100 True 0 0.02974390983581543 0
6200 True 0 0.02962470054626465 0
6300 True 0 0.029961585998535156 0
6400 True 0 0.030226945877075195 0
6500 True 0 0.029537439346313477 0
6600 True 0 0.03000473976135254 0
6700 True 0 0.0297698974609375 0
6800 True 0 0.03049492835998535 0
6900 True 0 0.029960155487060547 0
7000 True 0 0.030075788497924805 0
7100 True 0 0.030307292938232422 0
7200 True 0 0.02998948097229004 0
7300 True 0 0.0305783748626709 0
7400 True 0 0.029711008071899414 0
7500 True 0 0.030117273330688477 0
7600 True 0 0.0299222469329834 0
7700 True 0 0.029809951782226562 0
7800 True 0 0.029680728912353516 0
7900 True 0 0.03014659881591797 0
8000 True 0 0.029964447021484375 0
8100 True 0 0.029844045639038086 0
8200 True 0 0.029788732528686523 0
8300 True 0 0.0303037166595459 0
8400 True 0 0.031209468841552734 0
8500 True 0 0.03095555305480957 0
8600 True 0 0.02973484992980957 0
8700 True 0 0.028827905654907227 0
8800 True 0 0.029913902282714844 0
8900 True 0 0.03002643585205078 0
9000 True 0 0.030092239379882812 0
9100 True 0 0.03006458282470703 0
9200 True 0 0.02998805046081543 0
9300 True 0 0.030054330825805664 0
9400 True 0 0.029991865158081055 0
9500 True 0 0.02988147735595703 0
9600 True 0 0.030359983444213867 0
9700 True 0 0.02980971336364746 0
9800 True 0 0.030387401580810547 0
9900 True 0 0.030181407928466797 0
