0 True 0.0234375 0.18315553665161133 0
100 True 0.015625 0.17226219177246094 0
200 True 0.0234375 0.17237639427185059 0
300 True 0.0078125 0.17267298698425293 0
400 True 0.0234375 0.17116189002990723 0
500 True 0.03125 0.1826317310333252 0
600 True 0.015625 0.18076491355895996 0
700 True 0.0234375 0.17377948760986328 0
800 True 0.015625 0.17865276336669922 0
900 True 0.0078125 0.169266939163208 0
1000 True 0.015625 0.17383933067321777 0
1100 True 0.0234375 0.17263197898864746 0
1200 True 0.0078125 0.1704883575439453 0
1300 True 0.015625 0.1720104217529297 0
1400 True 0.0234375 0.1755530834197998 0
1500 False 0.0 0.0 0
1600 True 0.015625 0.16971707344055176 0
1700 True 0.015625 0.16689562797546387 0
1800 True 0.015625 0.16894173622131348 0
1900 True 0.0234375 0.16461563110351562 0
2000 True 0.015625 0.1677093505859375 0
2100 True 0.0234375 0.167921781539917 0
2200 True 0.015625 0.17128896713256836 0
2300 True 0.015625 0.17296457290649414 0
2400 True 0.0078125 0.17078828811645508 0
2500 True 0.015625 0.17670154571533203 0
2600 True 0.0234375 0.16778564453125 0
2700 True 0.015625 0.16759371757507324 0
2800 True 0.015625 0.16858625411987305 0
2900 True 0.015625 0.16606640815734863 0
3000 True 0.0234375 0.16721200942993164 0
3100 True 0.015625 0.16132736206054688 0
3200 True 0.0234375 0.16519474983215332 0
3300 True 0.015625 0.16748642921447754 0
3400 True 0.0234375 0.17285704612731934 0
3500 True 0.0234375 0.1673905849456787 0
3600 True 0.0234375 0.16744470596313477 0
3700 True 0.0234375 0.1785745620727539 0
3800 True 0.015625 0.16730356216430664 0
3900 True 0.0234375 0.1667027473449707 0
4000 True 0.0078125 0.15809035301208496 0
4100 True 0.03125 0.1658926010131836 0
4200 True 0.0234375 0.16544198989868164 0
4300 True 0.0078125 0.18983030319213867 0
4400 True 0.015625 0.17078542709350586 0
4500 False 0.0 0.0 0
4600 True 0.03125 0.15938711166381836 0
4700 True 0.015625 0.16390514373779297 0
4800 True 0.0234375 0.16240692138671875 0
4900 True 0.015625 0.16945695877075195 0
5000 True 0.0234375 0.17824149131774902 0
5100 True 0.015625 0.16270971298217773 0
5200 True 0.015625 0.16809654235839844 0
5300 True 0.015625 0.16661953926086426 0
5400 True 0.015625 0.16806459426879883 0
5500 True 0.0234375 0.16747760772705078 0
5600 True 0.015625 0.1680142879486084 0
5700 True 0.0234375 0.18040990829467773 0
5800 True 0.015625 0.16640424728393555 0
5900 True 0.0234375 0.1657850742340088 0
6000 True 0.015625 0.16565847396850586 0
6100 True 0.0234375 0.16256165504455566 0
6200 True 0.015625 0.17029380798339844 0
6300 True 0.0234375 0.16426777839660645 0
6400 True 0.015625 0.16403937339782715 0
6500 True 0.015625 0.16546106338500977 0
6600 True 0.0078125 0.1652536392211914 0
6700 True 0.0078125 0.19677519798278809 0
6800 True 0.0234375 0.16210389137268066 0
6900 True 0.015625 0.1734175682067871 0
7000 True 0.015625 0.1624600887298584 0
7100 True 0.0234375 0.16973543167114258 0
7200 True 0.015625 0.19024085998535156 0
7300 True 0.0234375 0.16183686256408691 0
7400 True 0.0234375 0.15999460220336914 0
7500 True 0.015625 0.16463184356689453 0
7600 True 0.0234375 0.16273117065429688 0
7700 True 0.015625 0.16211581230163574 0
7800 True 0.0234375 0.16246342658996582 0
7900 True 0.0234375 0.1680757999420166 0
8000 True 0.0234375 0.16374444961547852 0
8100 True 0.0234375 0.16234230995178223 0
8200 True 0.0234375 0.16705036163330078 0
8300 True 0.0234375 0.16394639015197754 0
8400 True 0.0234375 0.16621184349060059 0
8500 True 0.03125 0.16954970359802246 0
8600 True 0.0234375 0.16697120666503906 0
8700 True 0.015625 0.16513490676879883 0
8800 True 0.03125 0.19077825546264648 0
8900 True 0.015625 0.16874313354492188 0
9000 True 0.0234375 0.16628432273864746 0
9100 True 0.03125 0.16541743278503418 0
9200 True 0.0234375 0.1600940227508545 0
9300 True 0.03125 0.16274619102478027 0
9400 True 0.015625 0.16341423988342285 0
9500 True 0.0234375 0.15750622749328613 0
9600 True 0.015625 0.16614460945129395 0
9700 True 0.0078125 0.16461706161499023 0
9800 True 0.0234375 0.1651906967163086 0
9900 True 0.015625 0.16654515266418457 0
