0 True 1 0.0340728759765625 0
100 True 0 0.028449535369873047 0
200 False 0 0.0 0
300 False 0 0.0 0
400 False 0 0.0 0
500 False 0 0.0 0
600 False 0 0.0 0
700 True 1 0.029236793518066406 0
800 True 1 0.02841782569885254 0
900 True 0 0.027824878692626953 0
1000 False 0 0.0 0
1100 True 1 0.028023719787597656 0
1200 True 0 0.02886652946472168 0
1300 False 0 0.0 0
1400 False 0 0.0 0
1500 False 0 0.0 0
1600 False 0 0.0 0
1700 True 1 0.028631210327148438 0
1800 False 0 0.0 0
1900 False 0 0.0 0
2000 False 0 0.0 0
2100 False 0 0.0 0
2200 False 0 0.0 0
2300 False 0 0.0 0
2400 False 0 0.0 0
2500 False 0 0.0 0
2600 True 0 0.028081655502319336 0
2700 True 1 0.028274059295654297 0
2800 False 0 0.0 0
2900 False 0 0.0 0
3000 True 0 0.02806258201599121 0
3100 False 0 0.0 0
3200 False 0 0.0 0
3300 False 0 0.0 0
3400 True 1 0.027991056442260742 0
3500 False 0 0.0 0
3600 False 0 0.0 0
3700 False 0 0.0 0
3800 False 0 0.0 0
3900 True 1 0.031618595123291016 0
4000 False 0 0.0 0
4100 False 0 0.0 0
4200 True 1 0.02871417999267578 0
4300 False 0 0.0 0
4400 False 0 0.0 0
4500 False 0 0.0 0
4600 False 0 0.0 0
4700 False 0 0.0 0
4800 True 1 0.030138492584228516 0
4900 False 0 0.0 0
5000 False 0 0.0 0
5100 False 0 0.0 0
5200 False 0 0.0 0
5300 False 0 0.0 0
5400 False 0 0.0 0
5500 False 0 0.0 0
5600 True 1 0.028035879135131836 0
5700 False 0 0.0 0
5800 False 0 0.0 0
5900 False 0 0.0 0
6000 False 0 0.0 0
6100 False 0 0.0 0
6200 False 0 0.0 0
6300 False 0 0.0 0
6400 True 0 0.028614044189453125 0
6500 False 0 0.0 0
6600 False 0 0.0 0
6700 False 0 0.0 0
6800 False 0 0.0 0
6900 True 0 0.02742934226989746 0
7000 True 1 0.028981447219848633 0
7100 False 0 0.0 0
7200 False 0 0.0 0
7300 True 0 0.02843332290649414 0
7400 False 0 0.0 0
7500 False 0 0.0 0
7600 True 0 0.027940034866333008 0
7700 False 0 0.0 0
7800 False 0 0.0 0
7900 False 0 0.0 0
8000 False 0 0.0 0
8100 True 1 0.030484437942504883 0
8200 True 0 0.02822089195251465 0
8300 False 0 0.0 0
8400 False 0 0.0 0
8500 False 0 0.0 0
8600 True 1 0.028830766677856445 0
8700 False 0 0.0 0
8800 False 0 0.0 0
8900 False 0 0.0 0
9000 True 1 0.028003931045532227 0
9100 False 0 0.0 0
9200 True 1 0.027721166610717773 0
9300 False 0 0.0 0
9400 False 0 0.0 0
9500 False 0 0.0 0
9600 False 0 0.0 0
9700 False 0 0.0 0
9800 True 0 0.02901005744934082 0
9900 True 0 0.02851271629333496 0
