0 True 1 0.033516883850097656 0
100 True 0 0.029033422470092773 0
200 True 1 0.02906489372253418 0
300 True 0 0.02955913543701172 0
400 True 1 0.029289722442626953 0
500 True 1 0.03116464614868164 0
600 True 1 0.032410383224487305 0
700 True 0 0.029811859130859375 0
800 True 1 0.029630661010742188 0
900 False 0 0.0 0
1000 True 0 0.029758691787719727 0
1100 True 1 0.029761791229248047 0
1200 True 0 0.030096054077148438 0
1300 True 1 0.029887676239013672 0
1400 True 1 0.02978968620300293 0
1500 False 0 0.0 0
1600 True 0 0.029875755310058594 0
1700 True 0 0.030425071716308594 0
1800 True 0 0.030267953872680664 0
1900 True 0 0.029908180236816406 0
2000 True 0 0.03098893165588379 0
2100 True 1 0.030153512954711914 0
2200 True 0 0.030034542083740234 0
2300 True 0 0.03007817268371582 0
2400 True 0 0.03043651580810547 0
2500 True 0 0.03011775016784668 0
2600 True 1 0.029171228408813477 0
2700 True 0 0.03072190284729004 0
2800 True 0 0.029811382293701172 0
2900 True 1 0.030946969985961914 0
3000 True 1 0.03282046318054199 0
3100 True 0 0.03122115135192871 0
3200 True 1 0.029625892639160156 0
3300 True 0 0.030226945877075195 0
3400 True 1 0.030509471893310547 0
3500 True 1 0.03188633918762207 0
3600 True 1 0.029959678649902344 0
3700 True 1 0.029663801193237305 0
3800 True 1 0.02972722053527832 0
3900 True 0 0.029951810836791992 0
4000 True 0 0.029895305633544922 0
4100 True 0 0.03004622459411621 0
4200 True 0 0.031058549880981445 0
4300 True 0 0.030028104782104492 0
4400 True 0 0.029619216918945312 0
4500 False 0 0.0 0
4600 True 0 0.03432154655456543 0
4700 True 1 0.030141115188598633 0
4800 True 1 0.030019283294677734 0
4900 True 0 0.02983403205871582 0
5000 True 0 0.032351016998291016 0
5100 True 1 0.029399394989013672 0
5200 True 1 0.02973151206970215 0
5300 True 1 0.030158281326293945 0
5400 True 1 0.02994060516357422 0
5500 True 1 0.030045270919799805 0
5600 True 0 0.029790401458740234 0
5700 True 0 0.030694246292114258 0
5800 True 1 0.0347905158996582 0
5900 True 1 0.029651641845703125 0
6000 True 1 0.030736684799194336 0
6100 True 0 0.02985978126525879 0
6200 True 1 0.030878067016601562 0
6300 True 1 0.029934406280517578 0
6400 True 0 0.030358076095581055 0
6500 True 1 0.030530452728271484 0
6600 True 0 0.02992725372314453 0
6700 True 0 0.03011941909790039 0
6800 True 1 0.030481338500976562 0
6900 True 0 0.03031182289123535 0
7000 True 0 0.030663490295410156 0
7100 True 1 0.029770612716674805 0
7200 True 0 0.030103206634521484 0
7300 True 1 0.029687881469726562 0
7400 True 1 0.029587745666503906 0
7500 True 1 0.030035018920898438 0
7600 True 1 0.029947519302368164 0
7700 True 0 0.03005361557006836 0
7800 False 0 0.0 0
7900 True 0 0.030265092849731445 0
8000 True 1 0.030072689056396484 0
8100 True 1 0.029936552047729492 0
8200 True 1 0.03016352653503418 0
8300 True 1 0.03008723258972168 0
8400 True 0 0.029794692993164062 0
8500 True 1 0.02992105484008789 0
8600 True 0 0.02963566780090332 0
8700 True 1 0.030231714248657227 0
8800 True 1 0.029773950576782227 0
8900 True 1 0.029874086380004883 0
9000 True 1 0.03020644187927246 0
9100 True 1 0.029483795166015625 0
9200 True 0 0.030057430267333984 0
9300 True 1 0.029917001724243164 0
9400 True 0 0.0299527645111084 0
9500 True 1 0.029661178588867188 0
9600 True 1 0.0297091007232666 0
9700 True 0 0.030965328216552734 0
9800 True 0 0.029694795608520508 0
9900 True 1 0.029720783233642578 0
