0 True 0.0078125 0.18500971794128418 0
100 True 0.0 0.17116403579711914 0
200 True 0.0078125 0.1655869483947754 0
300 True 0.0 0.16814494132995605 0
400 True 0.0078125 0.16591644287109375 0
500 True 0.0078125 0.16624855995178223 0
600 True 0.0078125 0.1666092872619629 0
700 True 0.0 0.16537070274353027 0
800 True 0.0 0.16419482231140137 0
900 True 0.0 0.17444443702697754 0
1000 True 0.0 0.1673429012298584 0
1100 True 0.0078125 0.16666412353515625 0
1200 False 0.0 0.0 0
1300 True 0.0078125 0.17221307754516602 0
1400 True 0.0078125 0.17220711708068848 0
1500 False 0.0 0.0 0
1600 True 0.0 0.17444920539855957 0
1700 True 0.0078125 0.25794172286987305 0
1800 True 0.0 0.16708159446716309 0
1900 True 0.0 0.1642017364501953 0
2000 True 0.0 0.1698284149169922 0
2100 True 0.0078125 0.16851544380187988 0
2200 True 0.0 0.16912150382995605 0
2300 True 0.0078125 0.16686201095581055 0
2400 True 0.0 0.16194510459899902 0
2500 True 0.0 0.16864681243896484 0
2600 True 0.0078125 0.16968750953674316 0
2700 True 0.0 0.17235279083251953 0
2800 True 0.0078125 0.23232817649841309 0
2900 True 0.0 0.16653752326965332 0
3000 True 0.0078125 0.17221546173095703 0
3100 True 0.0078125 0.1696910858154297 0
3200 True 0.0078125 0.16637778282165527 0
3300 True 0.0078125 0.16448569297790527 0
3400 True 0.0078125 0.16470074653625488 0
3500 True 0.0078125 0.166123628616333 0
3600 True 0.0078125 0.16670799255371094 0
3700 True 0.0078125 0.16867351531982422 0
3800 True 0.0 0.17149782180786133 0
3900 True 0.0 0.1663968563079834 0
4000 True 0.0 0.17206859588623047 0
4100 True 0.0078125 0.17081022262573242 0
4200 True 0.0078125 0.18414616584777832 0
4300 True 0.0 0.16990900039672852 0
4400 True 0.0 0.16563677787780762 0
4500 False 0.0 0.0 0
4600 True 0.0078125 0.16960644721984863 0
4700 True 0.0078125 0.17520904541015625 0
4800 True 0.0078125 0.17777681350708008 0
4900 True 0.0 0.1722240447998047 0
5000 True 0.0078125 0.16988778114318848 0
5100 True 0.0078125 0.16764473915100098 0
5200 True 0.0078125 0.16970419883728027 0
5300 True 0.0078125 0.16540122032165527 0
5400 True 0.0078125 0.1735672950744629 0
5500 True 0.0078125 0.16419458389282227 0
5600 False 0.0 0.0 0
5700 True 0.0078125 0.16516661643981934 0
5800 True 0.0078125 0.16817688941955566 0
5900 True 0.0078125 0.16598081588745117 0
6000 True 0.0 0.17176198959350586 0
6100 True 0.0078125 0.16441702842712402 0
6200 True 0.0078125 0.1669299602508545 0
6300 True 0.0078125 0.16464900970458984 0
6400 True 0.0 0.22269296646118164 0
6500 True 0.0078125 0.19230079650878906 0
6600 True 0.0078125 0.16608834266662598 0
6700 True 0.0 0.1647326946258545 0
6800 True 0.0078125 0.16510748863220215 0
6900 True 0.0 0.16562318801879883 0
7000 True 0.0 0.17658638954162598 0
7100 True 0.0078125 0.1701648235321045 0
7200 True 0.0078125 0.17001628875732422 0
7300 True 0.0078125 0.16826963424682617 0
7400 True 0.0 0.16918182373046875 0
7500 True 0.0078125 0.16593074798583984 0
7600 True 0.0 0.16714715957641602 0
7700 True 0.0078125 0.1669294834136963 0
7800 False 0.0 0.0 0
7900 True 0.0 0.16570401191711426 0
8000 True 0.0078125 0.16388463973999023 0
8100 True 0.0078125 0.17206382751464844 0
8200 True 0.0078125 0.16818928718566895 0
8300 True 0.0078125 0.165679931640625 0
8400 True 0.0078125 0.1642608642578125 0
8500 True 0.0078125 0.16301488876342773 0
8600 True 0.0 0.16869592666625977 0
8700 True 0.0078125 0.163773775100708 0
8800 True 0.0078125 0.1670393943786621 0
8900 True 0.0078125 0.2509043216705322 0
9000 True 0.0078125 0.1667008399963379 0
9100 True 0.0078125 0.15834474563598633 0
9200 True 0.0 0.16326498985290527 0
9300 True 0.0078125 0.16060805320739746 0
9400 True 0.0078125 0.16479229927062988 0
9500 True 0.0078125 0.16826725006103516 0
9600 True 0.0078125 0.1647624969482422 0
9700 True 0.0 0.16631865501403809 0
9800 True 0.0 0.167036771774292 0
9900 True 0.0 0.16800332069396973 0
