0 True 0 0.034708261489868164 0
100 True 0 0.053270578384399414 0
200 True 0 0.030081987380981445 0
300 True 0 0.0318450927734375 0
400 True 0 0.029452085494995117 0
500 True 0 0.030005693435668945 0
600 True 0 0.03007197380065918 0
700 True 0 0.02987360954284668 0
800 True 0 0.03270268440246582 0
900 True 0 0.030126571655273438 0
1000 True 0 0.029844999313354492 0
1100 True 0 0.030283451080322266 0
1200 False 0 0.0 0
1300 True 0 0.030879974365234375 0
1400 True 0 0.03044867515563965 0
1500 False 0 0.0 0
1600 True 0 0.02947545051574707 0
1700 True 0 0.030546903610229492 0
1800 True 0 0.030686140060424805 0
1900 True 0 0.030242204666137695 0
2000 True 0 0.030046701431274414 0
2100 True 0 0.02979564666748047 0
2200 True 0 0.030546188354492188 0
2300 True 0 0.030062437057495117 0
2400 True 0 0.02982187271118164 0
2500 True 0 0.030338048934936523 0
2600 True 0 0.030334949493408203 0
2700 True 0 0.02983713150024414 0
2800 True 0 0.031125545501708984 0
2900 True 0 0.041419267654418945 0
3000 True 0 0.03369140625 0
3100 True 0 0.02992391586303711 0
3200 True 0 0.030442476272583008 0
3300 True 0 0.02984166145324707 0
3400 True 0 0.029819011688232422 0
3500 True 0 0.029334306716918945 0
3600 True 0 0.029938220977783203 0
3700 True 0 0.029712438583374023 0
3800 True 0 0.030246257781982422 0
3900 True 0 0.029756546020507812 0
4000 True 0 0.029936790466308594 0
4100 True 0 0.030015945434570312 0
4200 True 0 0.03061223030090332 0
4300 True 0 0.030199766159057617 0
4400 True 0 0.03024148941040039 0
4500 False 0 0.0 0
4600 True 0 0.030130386352539062 0
4700 True 0 0.02932572364807129 0
4800 True 0 0.029916763305664062 0
4900 True 0 0.030603885650634766 0
5000 True 0 0.029555320739746094 0
5100 True 0 0.03092217445373535 0
5200 True 0 0.031139135360717773 0
5300 True 0 0.029790878295898438 0
5400 True 0 0.030256986618041992 0
5500 True 0 0.030771732330322266 0
5600 False 0 0.0 0
5700 True 0 0.02976846694946289 0
5800 True 0 0.030147075653076172 0
5900 True 0 0.030795812606811523 0
6000 True 0 0.030511856079101562 0
6100 True 0 0.044927120208740234 0
6200 True 0 0.028960227966308594 0
6300 True 0 0.02958059310913086 0
6400 True 0 0.029537200927734375 0
6500 True 0 0.030249595642089844 0
6600 True 0 0.030626773834228516 0
6700 True 0 0.030612468719482422 0
6800 True 0 0.03006267547607422 0
6900 True 0 0.03032374382019043 0
7000 True 0 0.029929399490356445 0
7100 True 0 0.03005242347717285 0
7200 True 0 0.02997565269470215 0
7300 True 0 0.030031681060791016 0
7400 True 0 0.030259132385253906 0
7500 True 0 0.030518293380737305 0
7600 True 0 0.030099868774414062 0
7700 True 0 0.0309908390045166 0
7800 False 0 0.0 0
7900 True 0 0.02977895736694336 0
8000 True 0 0.03045058250427246 0
8100 True 0 0.029828786849975586 0
8200 True 0 0.03139829635620117 0
8300 True 0 0.029737234115600586 0
8400 True 0 0.029473304748535156 0
8500 True 0 0.030408620834350586 0
8600 True 0 0.029856443405151367 0
8700 True 0 0.030159950256347656 0
8800 True 0 0.0300750732421875 0
8900 True 0 0.029420852661132812 0
9000 True 0 0.03128337860107422 0
9100 True 0 0.030009031295776367 0
9200 True 0 0.030351638793945312 0
9300 True 0 0.029521942138671875 0
9400 True 0 0.030589818954467773 0
9500 True 0 0.03169870376586914 0
9600 True 0 0.029849529266357422 0
9700 True 0 0.030562639236450195 0
9800 True 0 0.028969764709472656 0
9900 True 0 0.029877901077270508 0
