0 True 0 0.2048635482788086 0
100 False 0 0.0 0
200 False 0 0.0 0
300 True 0 0.201141357421875 0
400 True 0 0.21332049369812012 0
500 False 0 0.0 0
600 True 0 0.2130744457244873 0
700 True 0 0.1891922950744629 0
800 True 0 0.19279789924621582 0
900 False 0 0.0 0
1000 True 0 0.1967000961303711 0
1100 False 0 0.0 0
1200 True 0 0.20105910301208496 0
1300 False 0 0.0 0
1400 True 0 0.19685101509094238 0
1500 True 0 0.20479774475097656 0
1600 False 0 0.0 0
1700 False 0 0.0 0
1800 False 0 0.0 0
1900 True 0 0.1847550868988037 0
2000 False 0 0.0 0
2100 False 0 0.0 0
2200 True 0 0.2251138687133789 0
2300 True 0 0.20108461380004883 0
2400 True 0 60.60607695579529 1
2500 False 0 0.0 0
2600 True 0 0.23520946502685547 0
2700 False 0 0.0 0
2800 False 0 0.0 0
2900 False 0 0.0 0
3000 True 0 0.22487926483154297 0
3100 True 0 0.2329709529876709 0
3200 False 0 0.0 0
3300 False 0 0.0 0
3400 False 0 0.0 0
3500 True 0 0.23287677764892578 0
3600 False 0 0.0 0
3700 False 0 0.0 0
3800 True 0 0.23278331756591797 0
3900 False 0 0.0 0
4000 False 0 0.0 0
4100 True 0 0.22491097450256348 0
4200 True 0 0.24500632286071777 0
4300 True 0 0.22085094451904297 0
4400 False 0 0.0 0
4500 False 0 0.0 0
4600 False 0 0.0 0
4700 False 0 0.0 0
4800 True 0 0.21670937538146973 0
4900 True 0 0.20882487297058105 0
5000 True 0 0.22480368614196777 0
5100 True 0 0.22508764266967773 0
5200 True 0 0.22108030319213867 0
5300 False 0 0.0 0
5400 True 0 0.21293377876281738 0
5500 False 0 0.0 0
5600 False 0 0.0 0
5700 True 0 0.20888686180114746 0
5800 False 0 0.0 0
5900 False 0 0.0 0
6000 True 0 0.21678614616394043 0
6100 True 0 0.22469615936279297 0
6200 True 0 0.2288503646850586 0
6300 False 0 0.0 0
6400 False 0 0.0 0
6500 False 0 0.0 0
6600 True 0 0.23270916938781738 0
6700 True 0 0.22887396812438965 0
6800 True 0 60.985435009002686 1
6900 False 0 0.0 0
7000 False 0 0.0 0
7100 True 0 0.22029852867126465 0
7200 False 0 0.0 0
7300 False 0 0.0 0
7400 True 0 0.23691749572753906 0
7500 True 0 0.22464728355407715 0
7600 False 0 0.0 0
7700 True 0 0.22115135192871094 0
7800 True 0 60.98512625694275 1
7900 False 0 0.0 0
8000 True 0 0.24478602409362793 0
8100 False 0 0.0 0
8200 False 0 0.0 0
8300 False 0 0.0 0
8400 False 0 0.0 0
8500 True 0 0.22493505477905273 0
8600 False 0 0.0 0
8700 True 0 0.22077322006225586 0
8800 True 0 60.768707275390625 1
8900 False 0 0.0 0
9000 True 0 0.3046259880065918 0
9100 False 0 0.0 0
9200 True 0 0.24481630325317383 0
9300 False 0 0.0 0
9400 False 0 0.0 0
9500 False 0 0.0 0
9600 True 0 0.22307157516479492 0
9700 True 0 60.56076955795288 1
9800 False 0 0.0 0
9900 False 0 0.0 0
