0 False 0.0 0.0 0
100 False 0.0 0.0 0
200 False 0.0 0.0 0
300 True 0.0 2.0628654956817627 0
400 True 0.0 2.0807554721832275 0
500 False 0.0 0.0 0
600 False 0.0 0.0 0
700 True 0.0 1.988722324371338 0
800 False 0.0 0.0 0
900 False 0.0 0.0 0
1000 True 0.0 2.1045124530792236 0
1100 False 0.0 0.0 0
1200 False 0.0 0.0 0
1300 False 0.0 0.0 0
1400 True 0.0 2.129641532897949 0
1500 False 0.0 0.0 0
1600 False 0.0 0.0 0
1700 False 0.0 0.0 0
1800 False 0.0 0.0 0
1900 True 0.0 2.020461320877075 0
2000 False 0.0 0.0 0
2100 False 0.0 0.0 0
2200 True 0.0 2.064646005630493 0
2300 False 0.0 0.0 0
2400 True 0.0 120.59086346626282 1
2500 False 0.0 0.0 0
2600 True 0.0 2.044459581375122 0
2700 False 0.0 0.0 0
2800 False 0.0 0.0 0
2900 False 0.0 0.0 0
3000 True 0.0 1.996856689453125 0
3100 True 0.0 2.072754383087158 0
3200 False 0.0 0.0 0
3300 False 0.0 0.0 0
3400 True 0.0 120.87388730049133 1
3500 True 0.0 1.792665958404541 0
3600 False 0.0 0.0 0
3700 False 0.0 0.0 0
3800 True 0.0 1.75663161277771 0
3900 False 0.0 0.0 0
4000 False 0.0 0.0 0
4100 True 0.0 1.80484938621521 0
4200 True 0.0 1.8130033016204834 0
4300 True 0.0 1.777308464050293 0
4400 False 0.0 0.0 0
4500 False 0.0 0.0 0
4600 False 0.0 0.0 0
4700 True 0.0 1.8607206344604492 0
4800 True 0.0 1.8246700763702393 0
4900 True 0.0 1.8726472854614258 0
5000 True 0.0 1.8007175922393799 0
5100 False 0.0 0.0 0
5200 True 0.0 1.8490431308746338 0
5300 False 0.0 0.0 0
5400 True 0.0 1.857081413269043 0
5500 False 0.0 0.0 0
5600 False 0.0 0.0 0
5700 False 0.0 0.0 0
5800 False 0.0 0.0 0
5900 False 0.0 0.0 0
6000 False 0.0 0.0 0
6100 True 0.0 1.920900583267212 0
6200 False 0.0 0.0 0
6300 False 0.0 0.0 0
6400 False 0.0 0.0 0
6500 False 0.0 0.0 0
6600 True 0.0 1.924579381942749 0
6700 True 0.0 2.0569074153900146 0
6800 True 0.0 120.74719595909119 1
6900 False 0.0 0.0 0
7000 False 0.0 0.0 0
7100 True 0.0 120.81963610649109 1
7200 False 0.0 0.0 0
7300 False 0.0 0.0 0
7400 False 0.0 0.0 0
7500 False 0.0 0.0 0
7600 False 0.0 0.0 0
7700 True 0.0 2.053151845932007 0
7800 True 0.0 120.95642876625061 1
7900 False 0.0 0.0 0
8000 True 0.0 2.1485767364501953 0
8100 False 0.0 0.0 0
8200 False 0.0 0.0 0
8300 False 0.0 0.0 0
8400 False 0.0 0.0 0
8500 False 0.0 0.0 0
8600 False 0.0 0.0 0
8700 False 0.0 0.0 0
8800 True 0.0 120.66036629676819 1
8900 False 0.0 0.0 0
9000 True 0.0 2.108999490737915 0
9100 False 0.0 0.0 0
9200 True 0.0 2.0607404708862305 0
9300 True 0.0 2.108705759048462 0
9400 False 0.0 0.0 0
9500 False 0.0 0.0 0
9600 True 0.0 2.1367180347442627 0
9700 True 0.0 120.51738929748535 1
9800 False 0.0 0.0 0
9900 False 0.0 0.0 0
