0 True 0 0.008037805557250977 0
100 True 0 0.010059118270874023 0
200 True 0 0.007582187652587891 0
300 False 0 0.0 0
400 True 0 0.007592916488647461 0
500 True 1 0.007469654083251953 0
600 True 0 0.007347822189331055 0
700 True 0 0.00786900520324707 0
800 True 0 0.0071032047271728516 0
900 True 0 0.00831747055053711 0
1000 True 0 0.009171485900878906 0
1100 True 0 0.0072193145751953125 0
1200 False 0 0.0 0
1300 True 0 0.006827831268310547 0
1400 True 0 0.006975412368774414 0
1500 False 0 0.0 0
1600 True 0 0.008094549179077148 0
1700 True 0 0.007443904876708984 0
1800 False 0 0.0 0
1900 True 0 0.0074994564056396484 0
2000 True 0 0.007041215896606445 0
2100 True 0 0.007592916488647461 0
2200 True 0 0.007164716720581055 0
2300 True 0 0.008070707321166992 0
2400 True 0 0.007028341293334961 0
2500 True 0 0.006924867630004883 0
2600 True 0 0.0072438716888427734 0
2700 True 0 0.007160186767578125 0
2800 True 0 0.006738901138305664 0
2900 True 0 0.007479667663574219 0
3000 True 0 0.007254362106323242 0
3100 True 0 0.009018421173095703 0
3200 True 0 0.007863283157348633 0
3300 True 0 0.007356882095336914 0
3400 True 0 0.007643699645996094 0
3500 True 0 0.008257389068603516 0
3600 True 0 0.007847309112548828 0
3700 True 0 0.007452487945556641 0
3800 True 0 0.007279157638549805 0
3900 True 0 0.0074732303619384766 0
4000 False 0 0.0 0
4100 True 0 0.007934808731079102 0
4200 True 0 0.0072171688079833984 0
4300 False 0 0.0 0
4400 True 0 0.008190631866455078 0
4500 False 0 0.0 0
4600 True 1 0.007366657257080078 0
4700 True 0 0.007838249206542969 0
4800 True 0 0.007186412811279297 0
4900 True 0 0.008287191390991211 0
5000 True 0 0.007364034652709961 0
5100 True 0 0.007843732833862305 0
5200 True 0 0.007192850112915039 0
5300 True 0 0.007578611373901367 0
5400 True 0 0.006999492645263672 0
5500 True 0 0.007122993469238281 0
5600 True 0 0.007031440734863281 0
5700 True 0 0.00728154182434082 0
5800 True 0 0.007946014404296875 0
5900 True 0 0.0076084136962890625 0
6000 True 0 0.008048772811889648 0
6100 True 0 0.006989240646362305 0
6200 True 0 0.007250070571899414 0
6300 True 0 0.007386445999145508 0
6400 True 0 0.006722211837768555 0
6500 True 0 0.007074832916259766 0
6600 True 0 0.006999015808105469 0
6700 True 0 0.0073244571685791016 0
6800 True 0 0.007916927337646484 0
6900 True 0 0.00726771354675293 0
7000 True 0 0.0067098140716552734 0
7100 True 0 0.007173776626586914 0
7200 True 0 0.007064104080200195 0
7300 True 0 0.0076410770416259766 0
7400 True 0 0.007687807083129883 0
7500 True 0 0.007891178131103516 0
7600 True 0 0.007349967956542969 0
7700 True 0 0.0072743892669677734 0
7800 False 0 0.0 0
7900 True 0 0.0069539546966552734 0
8000 True 0 0.0075342655181884766 0
8100 True 0 0.007006645202636719 0
8200 True 0 0.00759434700012207 0
8300 True 0 0.0067784786224365234 0
8400 True 0 0.00696563720703125 0
8500 True 1 0.007383108139038086 0
8600 True 0 0.007265806198120117 0
8700 True 0 0.007183551788330078 0
8800 True 1 0.007414579391479492 0
8900 True 0 0.0076901912689208984 0
9000 True 0 0.007449150085449219 0
9100 True 1 0.008002519607543945 0
9200 True 0 0.0071833133697509766 0
9300 True 0 0.006664752960205078 0
9400 True 0 0.007259368896484375 0
9500 True 0 0.0067996978759765625 0
9600 True 0 0.007331371307373047 0
9700 True 0 0.007404804229736328 0
9800 True 0 0.007424354553222656 0
9900 True 0 0.007411956787109375 0
