0 True 0.078125 0.03963279724121094 0
100 True 0.0390625 0.04009675979614258 0
200 True 0.0859375 0.03935813903808594 0
300 False 0.0 0.0 0
400 True 0.046875 0.039703369140625 0
500 True 0.1015625 0.04000282287597656 0
600 True 0.0625 0.04005002975463867 0
700 True 0.0625 0.040177345275878906 0
800 True 0.0078125 0.03958487510681152 0
900 True 0.0234375 0.04076266288757324 0
1000 True 0.0625 0.04312944412231445 0
1100 True 0.09375 0.0434412956237793 0
1200 False 0.0 0.0 0
1300 True 0.046875 0.04107308387756348 0
1400 True 0.0859375 0.045619964599609375 0
1500 False 0.0 0.0 0
1600 True 0.0390625 0.04071974754333496 0
1700 True 0.0546875 0.04074811935424805 0
1800 False 0.0 0.0 0
1900 True 0.0625 0.04025077819824219 0
2000 True 0.0546875 0.04054832458496094 0
2100 True 0.0703125 0.0404205322265625 0
2200 True 0.0234375 0.04221081733703613 0
2300 True 0.0078125 0.04237961769104004 0
2400 True 0.03125 0.040479183197021484 0
2500 True 0.0 0.03807973861694336 0
2600 True 0.0703125 0.04063057899475098 0
2700 True 0.0546875 0.04313850402832031 0
2800 True 0.0625 0.03999447822570801 0
2900 True 0.046875 0.04404616355895996 0
3000 True 0.0390625 0.04080486297607422 0
3100 True 0.0390625 0.03968214988708496 0
3200 True 0.09375 0.038623809814453125 0
3300 True 0.046875 0.0396878719329834 0
3400 True 0.078125 0.038548946380615234 0
3500 True 0.078125 0.040352821350097656 0
3600 True 0.0390625 0.04147028923034668 0
3700 True 0.0703125 0.03908801078796387 0
3800 True 0.0390625 0.03827786445617676 0
3900 True 0.078125 0.04149889945983887 0
4000 False 0.0 0.0 0
4100 True 0.0703125 0.04032325744628906 0
4200 True 0.0703125 0.0405573844909668 0
4300 False 0.0 0.0 0
4400 True 0.0390625 0.04103660583496094 0
4500 False 0.0 0.0 0
4600 True 0.109375 0.041022539138793945 0
4700 True 0.0625 0.04046750068664551 0
4800 True 0.09375 0.043570756912231445 0
4900 True 0.0546875 0.040850162506103516 0
5000 True 0.078125 0.039903879165649414 0
5100 True 0.0078125 0.03757953643798828 0
5200 True 0.046875 0.042791128158569336 0
5300 True 0.078125 0.04112958908081055 0
5400 True 0.0859375 0.04133176803588867 0
5500 True 0.0703125 0.05061769485473633 0
5600 True 0.0 0.04018545150756836 0
5700 True 0.078125 0.039742469787597656 0
5800 True 0.0546875 0.041330575942993164 0
5900 True 0.0703125 0.04168558120727539 0
6000 True 0.015625 0.04129219055175781 0
6100 True 0.09375 0.040480613708496094 0
6200 True 0.0625 0.03956770896911621 0
6300 True 0.078125 0.04269123077392578 0
6400 True 0.0 0.03936195373535156 0
6500 True 0.09375 0.03994560241699219 0
6600 True 0.0390625 0.0404665470123291 0
6700 True 0.0390625 0.04107189178466797 0
6800 True 0.0390625 0.04166126251220703 0
6900 True 0.0546875 0.043772220611572266 0
7000 True 0.0625 0.04342007637023926 0
7100 True 0.0703125 0.040616512298583984 0
7200 True 0.0625 0.04161524772644043 0
7300 True 0.0859375 0.04104804992675781 0
7400 True 0.0546875 0.04104876518249512 0
7500 True 0.03125 0.04036831855773926 0
7600 True 0.0703125 0.04107928276062012 0
7700 True 0.046875 0.04120779037475586 0
7800 False 0.0 0.0 0
7900 True 0.0703125 0.04202628135681152 0
8000 True 0.0859375 0.041353702545166016 0
8100 True 0.0703125 0.042096853256225586 0
8200 True 0.09375 0.04301261901855469 0
8300 True 0.078125 0.040747880935668945 0
8400 True 0.078125 0.04079723358154297 0
8500 True 0.1015625 0.0404200553894043 0
8600 True 0.0703125 0.04030489921569824 0
8700 True 0.0859375 0.04045677185058594 0
8800 True 0.125 0.041259765625 0
8900 True 0.0859375 0.04106497764587402 0
9000 True 0.078125 0.042307138442993164 0
9100 True 0.1015625 0.040206193923950195 0
9200 True 0.0703125 0.04198193550109863 0
9300 True 0.0703125 0.04130053520202637 0
9400 True 0.0390625 0.04136538505554199 0
9500 True 0.0703125 0.04156923294067383 0
9600 True 0.0625 0.0423886775970459 0
9700 True 0.0 0.04037618637084961 0
9800 True 0.015625 0.04363703727722168 0
9900 True 0.046875 0.04531049728393555 0
