0 False 0 0.0 0
100 False 0 0.0 0
200 False 0 0.0 0
300 False 0 0.0 0
400 False 0 0.0 0
500 True 0 0.007332801818847656 0
600 True 0 0.007947683334350586 0
700 True 0 0.009330034255981445 0
800 False 0 0.0 0
900 False 0 0.0 0
1000 False 0 0.0 0
1100 True 0 0.007250785827636719 0
1200 False 0 0.0 0
1300 False 0 0.0 0
1400 True 0 0.007463693618774414 0
1500 False 0 0.0 0
1600 False 0 0.0 0
1700 False 0 0.0 0
1800 True 0 0.007795095443725586 0
1900 False 0 0.0 0
2000 True 0 0.007566928863525391 0
2100 False 0 0.0 0
2200 True 0 0.007689476013183594 0
2300 False 0 0.0 0
2400 False 0 0.0 0
2500 False 0 0.0 0
2600 False 0 0.0 0
2700 True 0 0.008028268814086914 0
2800 False 0 0.0 0
2900 False 0 0.0 0
3000 True 0 0.007133007049560547 0
3100 False 0 0.0 0
3200 False 0 0.0 0
3300 False 0 0.0 0
3400 False 0 0.0 0
3500 False 0 0.0 0
3600 False 0 0.0 0
3700 False 0 0.0 0
3800 False 0 0.0 0
3900 True 0 0.007233858108520508 0
4000 False 0 0.0 0
4100 False 0 0.0 0
4200 True 0 0.007388591766357422 0
4300 False 0 0.0 0
4400 True 0 0.0071125030517578125 0
4500 False 0 0.0 0
4600 True 0 0.0074117183685302734 0
4700 False 0 0.0 0
4800 False 0 0.0 0
4900 False 0 0.0 0
5000 True 0 0.006815433502197266 0
5100 False 0 0.0 0
5200 False 0 0.0 0
5300 False 0 0.0 0
5400 False 0 0.0 0
5500 False 0 0.0 0
5600 True 0 0.0073010921478271484 0
5700 True 0 0.0070497989654541016 0
5800 False 0 0.0 0
5900 False 0 0.0 0
6000 False 0 0.0 0
6100 False 0 0.0 0
6200 False 0 0.0 0
6300 False 0 0.0 0
6400 True 0 0.006927013397216797 0
6500 False 0 0.0 0
6600 False 0 0.0 0
6700 False 0 0.0 0
6800 True 0 0.007248878479003906 0
6900 False 0 0.0 0
7000 True 0 0.006907463073730469 0
7100 True 0 0.007279396057128906 0
7200 True 0 0.007924556732177734 0
7300 True 1 0.00806570053100586 0
7400 False 0 0.0 0
7500 True 0 0.007385730743408203 0
7600 True 0 0.007143735885620117 0
7700 False 0 0.0 0
7800 False 0 0.0 0
7900 False 0 0.0 0
8000 False 0 0.0 0
8100 True 0 0.0078051090240478516 0
8200 True 1 0.008035659790039062 0
8300 False 0 0.0 0
8400 False 0 0.0 0
8500 False 0 0.0 0
8600 True 0 0.00778961181640625 0
8700 False 0 0.0 0
8800 True 0 0.0070421695709228516 0
8900 False 0 0.0 0
9000 True 0 0.007369518280029297 0
9100 False 0 0.0 0
9200 False 0 0.0 0
9300 True 1 0.008217096328735352 0
9400 True 0 0.008507490158081055 0
9500 True 0 0.0075304508209228516 0
9600 True 0 0.007567167282104492 0
9700 True 0 0.007357358932495117 0
9800 True 1 0.00836634635925293 0
9900 True 0 0.0072863101959228516 0
