0 True 0.03125 0.0391850471496582 0
100 True 0.015625 0.046179771423339844 0
200 True 0.0390625 0.04595541954040527 0
300 False 0.0 0.0 0
400 True 0.015625 0.0472569465637207 0
500 True 0.0546875 0.03848624229431152 0
600 True 0.0234375 0.03966784477233887 0
700 True 0.0234375 0.03991365432739258 0
800 True 0.0 0.0371553897857666 0
900 True 0.0078125 0.04111003875732422 0
1000 True 0.0078125 0.04222249984741211 0
1100 True 0.046875 0.04523181915283203 0
1200 False 0.0 0.0 0
1300 True 0.015625 0.03979063034057617 0
1400 True 0.03125 0.04197573661804199 0
1500 False 0.0 0.0 0
1600 True 0.015625 0.039841413497924805 0
1700 True 0.03125 0.043886423110961914 0
1800 False 0.0 0.0 0
1900 True 0.0078125 0.04100537300109863 0
2000 True 0.015625 0.05292487144470215 0
2100 True 0.0234375 0.03879189491271973 0
2200 True 0.0234375 0.05225658416748047 0
2300 True 0.0078125 0.04369711875915527 0
2400 True 0.015625 0.04224038124084473 0
2500 True 0.0 0.04203486442565918 0
2600 True 0.0390625 0.03920412063598633 0
2700 True 0.0234375 0.04078340530395508 0
2800 True 0.03125 0.03965163230895996 0
2900 True 0.0234375 0.0391542911529541 0
3000 True 0.0234375 0.03928208351135254 0
3100 True 0.0078125 0.040231943130493164 0
3200 True 0.0390625 0.04615497589111328 0
3300 True 0.0234375 0.04215836524963379 0
3400 True 0.03125 0.03998112678527832 0
3500 True 0.0390625 0.03932642936706543 0
3600 True 0.015625 0.04016566276550293 0
3700 True 0.03125 0.04091191291809082 0
3800 True 0.015625 0.03910255432128906 0
3900 True 0.03125 0.039678096771240234 0
4000 False 0.0 0.0 0
4100 True 0.0078125 0.03691220283508301 0
4200 True 0.015625 0.03703594207763672 0
4300 False 0.0 0.0 0
4400 True 0.0 0.03843092918395996 0
4500 False 0.0 0.0 0
4600 True 0.0390625 0.03872036933898926 0
4700 True 0.0234375 0.03998064994812012 0
4800 True 0.0390625 0.039275169372558594 0
4900 True 0.0234375 0.03951382637023926 0
5000 True 0.015625 0.0435028076171875 0
5100 True 0.0 0.0371246337890625 0
5200 True 0.015625 0.0410003662109375 0
5300 True 0.03125 0.0425419807434082 0
5400 True 0.0390625 0.03876352310180664 0
5500 True 0.03125 0.04089713096618652 0
5600 False 0.0 0.0 0
5700 True 0.0234375 0.041474342346191406 0
5800 True 0.03125 0.03856158256530762 0
5900 True 0.0390625 0.04143786430358887 0
6000 True 0.015625 0.03961467742919922 0
6100 True 0.0625 0.04089212417602539 0
6200 True 0.03125 0.04047966003417969 0
6300 True 0.0234375 0.04033041000366211 0
6400 False 0.0 0.0 0
6500 True 0.0390625 0.03896188735961914 0
6600 True 0.0078125 0.0396115779876709 0
6700 True 0.0 0.040331363677978516 0
6800 True 0.0390625 0.04044294357299805 0
6900 True 0.0234375 0.04085659980773926 0
7000 True 0.0234375 0.03967142105102539 0
7100 True 0.0390625 0.042703866958618164 0
7200 True 0.015625 0.03730893135070801 0
7300 True 0.0390625 0.039361000061035156 0
7400 True 0.03125 0.042403459548950195 0
7500 True 0.03125 0.04122614860534668 0
7600 True 0.0234375 0.04225659370422363 0
7700 True 0.0234375 0.04226231575012207 0
7800 False 0.0 0.0 0
7900 True 0.0 0.03919553756713867 0
8000 True 0.0546875 0.038440704345703125 0
8100 True 0.03125 0.04284262657165527 0
8200 True 0.046875 0.041747093200683594 0
8300 True 0.0390625 0.04177379608154297 0
8400 True 0.0390625 0.04115104675292969 0
8500 True 0.046875 0.04111933708190918 0
8600 True 0.03125 0.041608333587646484 0
8700 True 0.0234375 0.040364742279052734 0
8800 True 0.046875 0.040789127349853516 0
8900 True 0.03125 0.0407862663269043 0
9000 True 0.046875 0.039734840393066406 0
9100 True 0.0390625 0.04305863380432129 0
9200 True 0.0234375 0.040190696716308594 0
9300 True 0.03125 0.04012656211853027 0
9400 True 0.0234375 0.03940606117248535 0
9500 True 0.0234375 0.04346346855163574 0
9600 True 0.0390625 0.03914070129394531 0
9700 False 0.0 0.0 0
9800 True 0.015625 0.04082655906677246 0
9900 True 0.0234375 0.04166841506958008 0
