0 True 0.0390625 0.06863522529602051 0
100 True 0.03125 0.08104348182678223 0
200 True 0.046875 0.06738495826721191 0
300 True 0.0078125 0.06196904182434082 0
400 True 0.0390625 0.06093621253967285 0
500 True 0.0625 0.060273170471191406 0
600 True 0.0390625 0.061034202575683594 0
700 True 0.03125 0.061120033264160156 0
800 True 0.03125 0.06350994110107422 0
900 True 0.015625 0.06745266914367676 0
1000 True 0.0234375 0.06246042251586914 0
1100 True 0.0546875 0.06266355514526367 0
1200 True 0.0078125 0.06073904037475586 0
1300 True 0.03125 0.06309247016906738 0
1400 True 0.046875 0.06029653549194336 0
1500 False 0.0 0.0 0
1600 True 0.015625 0.06367206573486328 0
1700 True 0.03125 0.06048583984375 0
1800 True 0.03125 0.0630958080291748 0
1900 True 0.0390625 0.06128239631652832 0
2000 True 0.03125 0.06372380256652832 0
2100 True 0.0390625 0.06101059913635254 0
2200 True 0.0078125 0.06402158737182617 0
2300 True 0.0390625 0.06138944625854492 0
2400 True 0.0234375 0.06342005729675293 0
2500 True 0.0234375 0.06393170356750488 0
2600 True 0.046875 0.06233072280883789 0
2700 True 0.03125 0.06090998649597168 0
2800 True 0.03125 0.06191849708557129 0
2900 True 0.03125 0.06348633766174316 0
3000 True 0.03125 0.06369781494140625 0
3100 True 0.0234375 0.060647010803222656 0
3200 True 0.0546875 0.06425309181213379 0
3300 True 0.03125 0.07416439056396484 0
3400 True 0.0390625 0.06654906272888184 0
3500 True 0.046875 0.05889773368835449 0
3600 True 0.0390625 0.06406664848327637 0
3700 True 0.046875 0.06061959266662598 0
3800 True 0.0234375 0.06024527549743652 0
3900 True 0.0390625 0.05948948860168457 0
4000 True 0.015625 0.06004476547241211 0
4100 True 0.046875 0.058244943618774414 0
4200 True 0.0390625 0.057822227478027344 0
4300 False 0.0 0.0 0
4400 True 0.0234375 0.05790352821350098 0
4500 False 0.0 0.0 0
4600 True 0.046875 0.08376407623291016 0
4700 True 0.0390625 0.059725284576416016 0
4800 True 0.046875 0.07871317863464355 0
4900 True 0.03125 0.05762362480163574 0
5000 True 0.0390625 0.06168770790100098 0
5100 True 0.03125 0.06284332275390625 0
5200 True 0.03125 0.05905318260192871 0
5300 True 0.0390625 0.05782580375671387 0
5400 True 0.0390625 0.07414889335632324 0
5500 True 0.046875 0.06557083129882812 0
5600 True 0.0 0.06229376792907715 0
5700 True 0.046875 0.0747833251953125 0
5800 True 0.03125 0.061266183853149414 0
5900 True 0.0390625 0.061257123947143555 0
6000 True 0.015625 0.05738067626953125 0
6100 True 0.0546875 0.06159520149230957 0
6200 True 0.046875 0.06112265586853027 0
6300 True 0.046875 0.06057858467102051 0
6400 True 0.0078125 0.059401512145996094 0
6500 True 0.046875 0.05957460403442383 0
6600 True 0.0234375 0.06180691719055176 0
6700 True 0.03125 0.06287574768066406 0
6800 True 0.03125 0.062165021896362305 0
6900 True 0.03125 0.06173110008239746 0
7000 True 0.03125 0.06203770637512207 0
7100 True 0.0390625 0.061393022537231445 0
7200 True 0.03125 0.06218242645263672 0
7300 True 0.0390625 0.06485295295715332 0
7400 True 0.0390625 0.06222128868103027 0
7500 True 0.0390625 0.06461286544799805 0
7600 True 0.0390625 0.06241750717163086 0
7700 True 0.03125 0.060808420181274414 0
7800 True 0.015625 0.06120038032531738 0
7900 True 0.0390625 0.060999155044555664 0
8000 True 0.046875 0.06487321853637695 0
8100 True 0.046875 0.06439638137817383 0
8200 True 0.046875 0.060361623764038086 0
8300 True 0.0546875 0.06126046180725098 0
8400 True 0.0390625 0.0621945858001709 0
8500 True 0.0546875 0.060457468032836914 0
8600 True 0.0390625 0.06186866760253906 0
8700 True 0.0390625 0.06085467338562012 0
8800 True 0.0625 0.06678175926208496 0
8900 True 0.046875 0.061263322830200195 0
9000 True 0.046875 0.06117749214172363 0
9100 True 0.0546875 0.06305170059204102 0
9200 True 0.046875 0.06421017646789551 0
9300 True 0.0390625 0.06275224685668945 0
9400 True 0.0390625 0.06500530242919922 0
9500 True 0.03125 0.06985998153686523 0
9600 True 0.0390625 0.06682014465332031 0
9700 True 0.0234375 0.061736345291137695 0
9800 True 0.03125 0.06374764442443848 0
9900 True 0.03125 0.06286334991455078 0
