0 True 0.109375 0.06435036659240723 0
100 True 0.046875 0.06691312789916992 0
200 True 0.0625 0.06089973449707031 0
300 True 0.0078125 0.061928749084472656 0
400 True 0.0625 0.06204557418823242 0
500 True 0.125 0.061861276626586914 0
600 True 0.09375 0.06416082382202148 0
700 True 0.0859375 0.0663149356842041 0
800 True 0.09375 0.061824798583984375 0
900 True 0.0390625 0.06212973594665527 0
1000 True 0.0703125 0.060991525650024414 0
1100 True 0.09375 0.06120634078979492 0
1200 True 0.0078125 0.058791160583496094 0
1300 True 0.0703125 0.06126260757446289 0
1400 True 0.09375 0.06005597114562988 0
1500 False 0.0 0.0 0
1600 True 0.078125 0.06197094917297363 0
1700 True 0.0859375 0.06296944618225098 0
1800 True 0.03125 0.06209397315979004 0
1900 True 0.0390625 0.06490802764892578 0
2000 True 0.0625 0.0644834041595459 0
2100 True 0.1015625 0.06249547004699707 0
2200 True 0.0234375 0.06307554244995117 0
2300 True 0.046875 0.0632483959197998 0
2400 True 0.046875 0.06857109069824219 0
2500 True 0.046875 0.0626215934753418 0
2600 True 0.109375 0.06289029121398926 0
2700 True 0.1015625 0.06136155128479004 0
2800 True 0.0859375 0.06108903884887695 0
2900 True 0.0703125 0.06395268440246582 0
3000 True 0.078125 0.06583118438720703 0
3100 True 0.015625 0.0629112720489502 0
3200 True 0.140625 0.06425976753234863 0
3300 True 0.0703125 0.06362295150756836 0
3400 True 0.109375 0.06483173370361328 0
3500 True 0.1171875 0.06596159934997559 0
3600 True 0.0859375 0.06312394142150879 0
3700 True 0.1171875 0.060141801834106445 0
3800 True 0.0234375 0.06066441535949707 0
3900 True 0.078125 0.06723237037658691 0
4000 True 0.0546875 0.06057929992675781 0
4100 True 0.109375 0.06295323371887207 0
4200 True 0.1015625 0.06356191635131836 0
4300 True 0.0078125 0.06166195869445801 0
4400 True 0.0703125 0.06336307525634766 0
4500 False 0.0 0.0 0
4600 True 0.109375 0.06229376792907715 0
4700 True 0.1171875 0.061753034591674805 0
4800 True 0.109375 0.06325984001159668 0
4900 True 0.0703125 0.06128048896789551 0
5000 True 0.078125 0.0630800724029541 0
5100 True 0.0625 0.06403636932373047 0
5200 True 0.09375 0.06274271011352539 0
5300 True 0.1171875 0.06235909461975098 0
5400 True 0.1015625 0.06203317642211914 0
5500 True 0.1328125 0.06282615661621094 0
5600 True 0.09375 0.06210446357727051 0
5700 True 0.0859375 0.06111764907836914 0
5800 True 0.0625 0.06526827812194824 0
5900 True 0.109375 0.060990095138549805 0
6000 True 0.078125 0.06397652626037598 0
6100 True 0.1484375 0.061322927474975586 0
6200 True 0.125 0.06192636489868164 0
6300 True 0.1015625 0.06111717224121094 0
6400 True 0.0546875 0.061658382415771484 0
6500 True 0.0859375 0.06479907035827637 0
6600 True 0.03125 0.06338214874267578 0
6700 True 0.0546875 0.06230425834655762 0
6800 True 0.078125 0.06365799903869629 0
6900 True 0.0625 0.06211423873901367 0
7000 True 0.0625 0.06352376937866211 0
7100 True 0.1171875 0.08040070533752441 0
7200 True 0.0078125 0.06186246871948242 0
7300 True 0.109375 0.06283760070800781 0
7400 True 0.0234375 0.06219959259033203 0
7500 True 0.0703125 0.0631413459777832 0
7600 True 0.09375 0.06190133094787598 0
7700 True 0.078125 0.062329769134521484 0
7800 False 0.0 0.0 0
7900 True 0.0703125 0.060392141342163086 0
8000 True 0.0703125 0.06278657913208008 0
8100 True 0.0390625 0.06184959411621094 0
8200 True 0.09375 0.06362533569335938 0
8300 True 0.1171875 0.06703686714172363 0
8400 True 0.1171875 0.0650029182434082 0
8500 True 0.125 0.06795740127563477 0
8600 True 0.078125 0.0631260871887207 0
8700 True 0.125 0.06232190132141113 0
8800 True 0.109375 0.06231355667114258 0
8900 True 0.1015625 0.07010436058044434 0
9000 True 0.1015625 0.06558465957641602 0
9100 True 0.1171875 0.07589244842529297 0
9200 True 0.0859375 0.06325697898864746 0
9300 True 0.1171875 0.062272071838378906 0
9400 True 0.0859375 0.06042838096618652 0
9500 True 0.1328125 0.06352376937866211 0
9600 True 0.1015625 0.06370782852172852 0
9700 True 0.0 0.06188797950744629 0
9800 True 0.0625 0.0631871223449707 0
9900 True 0.046875 0.06326937675476074 0
