0 True 1 0.011043787002563477 0
100 True 0 0.010939836502075195 0
200 True 0 0.010979652404785156 0
300 True 0 0.011011838912963867 0
400 True 0 0.011035919189453125 0
500 True 1 0.011286497116088867 0
600 True 0 0.01081705093383789 0
700 True 0 0.010655879974365234 0
800 True 0 0.011013269424438477 0
900 True 0 0.011858224868774414 0
1000 True 0 0.01108694076538086 0
1100 True 1 0.010314464569091797 0
1200 True 0 0.010758161544799805 0
1300 True 0 0.011224746704101562 0
1400 True 1 0.011012077331542969 0
1500 False 0 0.0 0
1600 True 0 0.011214017868041992 0
1700 True 0 0.010703325271606445 0
1800 True 0 0.011702775955200195 0
1900 True 0 0.011116743087768555 0
2000 True 0 0.011147260665893555 0
2100 True 1 0.010722160339355469 0
2200 True 0 0.011882305145263672 0
2300 True 0 0.01082301139831543 0
2400 True 0 0.011661052703857422 0
2500 True 0 0.011472940444946289 0
2600 True 1 0.011141538619995117 0
2700 True 1 0.011260032653808594 0
2800 True 0 0.010654687881469727 0
2900 True 0 0.011194229125976562 0
3000 True 0 0.011323690414428711 0
3100 True 0 0.011060476303100586 0
3200 True 1 0.011826038360595703 0
3300 True 0 0.010739326477050781 0
3400 True 1 0.010931015014648438 0
3500 True 1 0.011504888534545898 0
3600 True 0 0.012080192565917969 0
3700 True 1 0.010750293731689453 0
3800 True 0 0.010766744613647461 0
3900 True 0 0.010740995407104492 0
4000 True 0 0.010923385620117188 0
4100 True 1 0.01130819320678711 0
4200 True 1 0.010962247848510742 0
4300 True 0 0.011270999908447266 0
4400 True 0 0.011391401290893555 0
4500 False 0 0.0 0
4600 True 1 0.011418819427490234 0
4700 True 1 0.011160850524902344 0
4800 True 1 0.011087417602539062 0
4900 True 0 0.011766195297241211 0
5000 True 0 0.011524438858032227 0
5100 True 0 0.011798858642578125 0
5200 True 0 0.011201143264770508 0
5300 True 1 0.010934591293334961 0
5400 True 1 0.011556863784790039 0
5500 True 1 0.011325836181640625 0
5600 True 0 0.011873960494995117 0
5700 True 0 0.01087331771850586 0
5800 True 0 0.010619878768920898 0
5900 True 1 0.011052608489990234 0
6000 True 0 0.010872125625610352 0
6100 True 1 0.010874032974243164 0
6200 True 1 0.01088094711303711 0
6300 True 1 0.010886669158935547 0
6400 True 0 0.010938644409179688 0
6500 True 0 0.010844707489013672 0
6600 True 0 0.011096715927124023 0
6700 True 0 0.011011362075805664 0
6800 True 0 0.010988950729370117 0
6900 True 0 0.01080775260925293 0
7000 True 0 0.010724067687988281 0
7100 True 1 0.010736227035522461 0
7200 True 0 0.011838674545288086 0
7300 True 1 0.011425018310546875 0
7400 True 0 0.01154017448425293 0
7500 True 0 0.011104345321655273 0
7600 True 0 0.011240005493164062 0
7700 True 0 0.011540412902832031 0
7800 False 0 0.0 0
7900 True 0 0.01104879379272461 0
8000 True 0 0.01096487045288086 0
8100 True 0 0.011956930160522461 0
8200 True 0 0.011059761047363281 0
8300 True 1 0.011174440383911133 0
8400 True 1 0.010961532592773438 0
8500 True 1 0.011709451675415039 0
8600 True 0 0.011058330535888672 0
8700 True 1 0.011872053146362305 0
8800 True 1 0.010898351669311523 0
8900 True 1 0.010805845260620117 0
9000 True 1 0.011062383651733398 0
9100 True 1 0.011489391326904297 0
9200 True 0 0.010945558547973633 0
9300 True 1 0.011499404907226562 0
9400 True 0 0.010819196701049805 0
9500 True 1 0.011110067367553711 0
9600 True 1 0.010864973068237305 0
9700 True 0 0.010843038558959961 0
9800 True 0 0.011000633239746094 0
9900 True 0 0.010877132415771484 0
