0 True 0 0.013759374618530273 0
100 True 0 0.01324152946472168 0
200 True 0 0.013333320617675781 0
300 True 0 0.014476299285888672 0
400 True 0 0.014336585998535156 0
500 True 0 0.01256704330444336 0
600 True 0 0.01386713981628418 0
700 True 0 0.014273643493652344 0
800 True 0 0.013654947280883789 0
900 True 0 0.013406038284301758 0
1000 True 0 0.0133056640625 0
1100 True 0 0.01333928108215332 0
1200 True 0 0.012933969497680664 0
1300 True 0 0.012961149215698242 0
1400 True 0 0.012982606887817383 0
1500 False 0 0.0 0
1600 True 0 0.012770414352416992 0
1700 True 0 0.012846708297729492 0
1800 True 0 0.012906312942504883 0
1900 True 0 0.012857675552368164 0
2000 True 0 0.012970447540283203 0
2100 True 0 0.012574434280395508 0
2200 True 0 0.012795209884643555 0
2300 True 0 0.013484954833984375 0
2400 True 0 0.01341390609741211 0
2500 True 0 0.01295328140258789 0
2600 True 0 0.013034582138061523 0
2700 True 0 0.01275324821472168 0
2800 True 0 0.014158248901367188 0
2900 True 0 0.014005184173583984 0
3000 True 0 0.017629384994506836 0
3100 True 0 0.013330459594726562 0
3200 True 0 0.01355123519897461 0
3300 True 0 0.014948368072509766 0
3400 True 0 0.013417243957519531 0
3500 True 0 0.013659954071044922 0
3600 True 0 0.0131988525390625 0
3700 True 0 0.013470172882080078 0
3800 True 0 0.01356196403503418 0
3900 True 0 0.012739419937133789 0
4000 True 0 0.013629436492919922 0
4100 True 0 0.0126800537109375 0
4200 True 0 0.012164115905761719 0
4300 True 0 0.013173818588256836 0
4400 True 0 0.012863874435424805 0
4500 False 0 0.0 0
4600 True 0 0.012795686721801758 0
4700 True 0 0.017232656478881836 0
4800 True 0 0.01297616958618164 0
4900 True 0 0.01286625862121582 0
5000 True 0 0.012958288192749023 0
5100 True 0 0.01431584358215332 0
5200 True 0 0.013813018798828125 0
5300 True 0 0.014245271682739258 0
5400 True 0 0.013805150985717773 0
5500 True 0 0.014082670211791992 0
5600 False 0 0.0 0
5700 True 0 0.01372838020324707 0
5800 True 0 0.01637554168701172 0
5900 True 0 0.013969898223876953 0
6000 True 0 0.013872623443603516 0
6100 True 0 0.013800382614135742 0
6200 True 0 0.014591217041015625 0
6300 True 0 0.014453887939453125 0
6400 True 0 0.013810396194458008 0
6500 True 0 0.013911247253417969 0
6600 True 0 0.016568899154663086 0
6700 True 0 0.013760805130004883 0
6800 True 0 0.016301631927490234 0
6900 True 0 0.013808012008666992 0
7000 True 0 0.013491392135620117 0
7100 True 0 0.014315366744995117 0
7200 True 0 0.012972116470336914 0
7300 True 0 0.012922286987304688 0
7400 True 0 0.013484716415405273 0
7500 True 0 0.01351022720336914 0
7600 True 0 0.013411283493041992 0
7700 True 0 0.012698650360107422 0
7800 True 0 0.013462066650390625 0
7900 True 0 0.014612674713134766 0
8000 True 0 0.013698577880859375 0
8100 True 0 0.01398777961730957 0
8200 True 0 0.013569355010986328 0
8300 True 0 0.014063596725463867 0
8400 True 0 0.013526439666748047 0
8500 True 0 0.013683557510375977 0
8600 True 0 0.013525009155273438 0
8700 True 0 0.013458013534545898 0
8800 True 0 0.014763832092285156 0
8900 True 0 0.012587308883666992 0
9000 True 0 0.012905359268188477 0
9100 True 0 0.0131072998046875 0
9200 True 0 0.013063430786132812 0
9300 True 0 0.012882709503173828 0
9400 True 0 0.014278650283813477 0
9500 True 0 0.014105796813964844 0
9600 True 0 0.013752937316894531 0
9700 True 0 0.013060569763183594 0
9800 True 0 0.016592025756835938 0
9900 True 0 0.013651132583618164 0
