0 True 0 0.012852191925048828 0
100 True 0 0.013202428817749023 0
200 True 0 0.012665271759033203 0
300 True 0 0.013453960418701172 0
400 True 0 0.012923240661621094 0
500 True 0 0.013173580169677734 0
600 True 0 0.013029813766479492 0
700 True 0 0.013375043869018555 0
800 True 0 0.014242887496948242 0
900 True 0 0.013275623321533203 0
1000 True 0 0.01304936408996582 0
1100 True 0 0.01267099380493164 0
1200 True 0 0.013802289962768555 0
1300 True 0 0.013587474822998047 0
1400 True 0 0.01366281509399414 0
1500 True 0 0.013361215591430664 0
1600 True 0 0.013033866882324219 0
1700 True 0 0.013095855712890625 0
1800 True 0 0.012260198593139648 0
1900 True 0 0.017081499099731445 0
2000 True 0 0.013543128967285156 0
2100 True 0 0.013770341873168945 0
2200 True 0 0.013281106948852539 0
2300 True 0 0.012900352478027344 0
2400 True 0 0.013199806213378906 0
2500 True 0 0.01341104507446289 0
2600 True 0 0.01295781135559082 0
2700 True 0 0.01311945915222168 0
2800 True 0 0.012424707412719727 0
2900 True 0 0.013718366622924805 0
3000 True 0 0.012999534606933594 0
3100 True 0 0.013339519500732422 0
3200 True 0 0.013036251068115234 0
3300 True 0 0.013358831405639648 0
3400 True 0 0.014493227005004883 0
3500 True 0 0.013078689575195312 0
3600 True 0 0.014493465423583984 0
3700 True 0 0.013208150863647461 0
3800 True 0 0.013501405715942383 0
3900 True 0 0.014020919799804688 0
4000 True 0 0.013540983200073242 0
4100 True 0 0.013141393661499023 0
4200 True 0 0.012784719467163086 0
4300 True 0 0.013913869857788086 0
4400 True 0 0.01289677619934082 0
4500 True 0 0.013304948806762695 0
4600 True 0 0.012959718704223633 0
4700 True 0 0.01355886459350586 0
4800 True 0 0.01328730583190918 0
4900 True 0 0.013290643692016602 0
5000 True 0 0.013107061386108398 0
5100 True 0 0.012926578521728516 0
5200 True 0 0.013506650924682617 0
5300 True 0 0.012955665588378906 0
5400 True 0 0.013741731643676758 0
5500 True 0 0.012857437133789062 0
5600 True 0 0.013319969177246094 0
5700 True 0 0.01401209831237793 0
5800 True 0 0.016506433486938477 0
5900 True 0 0.01322627067565918 0
6000 True 0 0.013676643371582031 0
6100 True 0 0.013105154037475586 0
6200 True 0 0.012987136840820312 0
6300 True 0 0.01241755485534668 0
6400 True 0 0.012871026992797852 0
6500 True 0 0.013331174850463867 0
6600 True 0 0.013397693634033203 0
6700 True 0 0.012982368469238281 0
6800 True 0 0.01317596435546875 0
6900 True 0 0.01318669319152832 0
7000 True 0 0.013132095336914062 0
7100 True 0 0.013877630233764648 0
7200 True 0 0.013452768325805664 0
7300 True 0 0.013063192367553711 0
7400 True 0 0.012895822525024414 0
7500 True 0 0.014019489288330078 0
7600 True 0 0.013359308242797852 0
7700 True 0 0.013043642044067383 0
7800 True 0 0.012917280197143555 0
7900 True 0 0.01272892951965332 0
8000 True 0 0.012670516967773438 0
8100 True 0 0.013087987899780273 0
8200 True 0 0.012983083724975586 0
8300 True 0 0.012959480285644531 0
8400 True 0 0.01452326774597168 0
8500 True 0 0.013967275619506836 0
8600 True 0 0.01339864730834961 0
8700 True 0 0.01448822021484375 0
8800 True 0 0.012750864028930664 0
8900 True 0 0.01294398307800293 0
9000 True 0 0.013596534729003906 0
9100 True 0 0.014202356338500977 0
9200 True 0 0.013246774673461914 0
9300 True 0 0.012844562530517578 0
9400 True 0 0.013219594955444336 0
9500 True 0 0.013320684432983398 0
9600 True 0 0.0134735107421875 0
9700 True 0 0.01348876953125 0
9800 True 0 0.017179489135742188 0
9900 True 0 0.01659369468688965 0
