0 True 0 0.01621866226196289 0
100 True 0 0.012653112411499023 0
200 True 0 0.0174560546875 0
300 True 0 0.014971733093261719 0
400 True 0 0.012851953506469727 0
500 True 0 0.012988805770874023 0
600 True 0 0.013479471206665039 0
700 True 0 0.013921976089477539 0
800 True 0 0.012819528579711914 0
900 True 0 0.016423940658569336 0
1000 True 0 0.013807296752929688 0
1100 True 0 0.014103174209594727 0
1200 True 0 0.013079404830932617 0
1300 True 0 0.013066291809082031 0
1400 True 0 0.01527261734008789 0
1500 False 0 0.0 0
1600 True 0 0.012864351272583008 0
1700 True 0 0.013920307159423828 0
1800 True 0 0.013945817947387695 0
1900 True 0 0.013577938079833984 0
2000 True 0 0.013253211975097656 0
2100 True 0 0.012620925903320312 0
2200 True 0 0.012377262115478516 0
2300 True 0 0.013400077819824219 0
2400 True 0 0.012894392013549805 0
2500 True 0 0.013399839401245117 0
2600 True 0 0.014203310012817383 0
2700 True 0 0.016207456588745117 0
2800 True 0 0.012466907501220703 0
2900 True 0 0.014166831970214844 0
3000 True 0 0.012937545776367188 0
3100 True 0 0.013765335083007812 0
3200 True 0 0.013684272766113281 0
3300 True 0 0.012748003005981445 0
3400 True 1 0.013597726821899414 0
3500 True 0 0.012505531311035156 0
3600 True 0 0.013500452041625977 0
3700 True 0 0.012486934661865234 0
3800 True 0 0.013750076293945312 0
3900 True 0 0.012937068939208984 0
4000 True 0 0.012815237045288086 0
4100 True 0 0.013181924819946289 0
4200 True 0 0.012595176696777344 0
4300 False 0 0.0 0
4400 True 0 0.012448549270629883 0
4500 False 0 0.0 0
4600 True 0 0.012268781661987305 0
4700 True 0 0.012708425521850586 0
4800 True 0 0.012872695922851562 0
4900 True 0 0.012880563735961914 0
5000 True 0 0.01307058334350586 0
5100 True 0 0.013559579849243164 0
5200 True 0 0.013396739959716797 0
5300 True 0 0.011876344680786133 0
5400 True 0 0.012851476669311523 0
5500 True 0 0.013024568557739258 0
5600 False 0 0.0 0
5700 True 0 0.012674331665039062 0
5800 True 0 0.013884782791137695 0
5900 True 0 0.012968301773071289 0
6000 True 0 0.012811422348022461 0
6100 True 0 0.012652873992919922 0
6200 True 0 0.013014078140258789 0
6300 True 0 0.013649225234985352 0
6400 True 0 0.01377105712890625 0
6500 True 0 0.013190507888793945 0
6600 True 0 0.013078451156616211 0
6700 True 0 0.014223098754882812 0
6800 True 0 0.013529539108276367 0
6900 True 0 0.013040304183959961 0
7000 True 1 0.01391744613647461 0
7100 True 0 0.012841224670410156 0
7200 True 0 0.012832403182983398 0
7300 True 1 0.01417398452758789 0
7400 True 0 0.013199806213378906 0
7500 True 0 0.01728081703186035 0
7600 True 0 0.012671947479248047 0
7700 True 0 0.014737367630004883 0
7800 True 0 0.013223886489868164 0
7900 True 0 0.01275634765625 0
8000 True 0 0.014329910278320312 0
8100 True 0 0.014445066452026367 0
8200 True 0 0.013510465621948242 0
8300 True 0 0.014340400695800781 0
8400 True 0 0.013283252716064453 0
8500 True 1 0.01270914077758789 0
8600 True 0 0.013870716094970703 0
8700 True 0 0.013323307037353516 0
8800 True 1 0.013583183288574219 0
8900 True 0 0.013599634170532227 0
9000 True 0 0.013651132583618164 0
9100 True 0 0.01290273666381836 0
9200 True 0 0.012547492980957031 0
9300 True 1 0.013273239135742188 0
9400 True 0 0.013787269592285156 0
9500 True 0 0.012663841247558594 0
9600 True 0 0.013957023620605469 0
9700 False 0 0.0 0
9800 True 0 0.01416468620300293 0
9900 True 0 0.012919187545776367 0
