0 True 1 0.012663841247558594 0
100 True 1 0.01191568374633789 0
200 True 0 0.012201309204101562 0
300 True 1 0.014241456985473633 0
400 True 1 0.012537717819213867 0
500 True 1 0.012128353118896484 0
600 True 1 0.01283121109008789 0
700 True 1 0.012948274612426758 0
800 True 1 0.012534379959106445 0
900 False 0 0.0 0
1000 True 1 0.012923479080200195 0
1100 True 1 0.012956857681274414 0
1200 True 0 0.013003110885620117 0
1300 True 1 0.012804031372070312 0
1400 True 1 0.016437292098999023 0
1500 True 0 0.0131378173828125 0
1600 True 1 0.01296091079711914 0
1700 True 1 0.012672662734985352 0
1800 True 1 0.013367891311645508 0
1900 True 1 0.012971639633178711 0
2000 True 1 0.013557195663452148 0
2100 True 1 0.012996912002563477 0
2200 True 1 0.013783931732177734 0
2300 True 1 0.013107538223266602 0
2400 True 1 0.013662576675415039 0
2500 True 1 0.012263298034667969 0
2600 True 1 0.012618303298950195 0
2700 True 1 0.01285409927368164 0
2800 True 1 0.012710094451904297 0
2900 True 1 0.013597488403320312 0
3000 True 1 0.012975454330444336 0
3100 True 1 0.013269662857055664 0
3200 True 1 0.013689517974853516 0
3300 True 1 0.013608694076538086 0
3400 True 1 0.013808012008666992 0
3500 True 1 0.01366424560546875 0
3600 True 1 0.012802600860595703 0
3700 True 1 0.013302803039550781 0
3800 True 1 0.012692689895629883 0
3900 True 1 0.013714313507080078 0
4000 True 1 0.012532711029052734 0
4100 True 0 0.012703180313110352 0
4200 True 1 0.012896299362182617 0
4300 True 0 0.012517690658569336 0
4400 True 1 0.013133764266967773 0
4500 True 0 0.011979103088378906 0
4600 True 1 0.01252603530883789 0
4700 True 1 0.014127016067504883 0
4800 True 1 0.013898372650146484 0
4900 True 1 0.013722658157348633 0
5000 True 1 0.014169931411743164 0
5100 True 1 0.01275181770324707 0
5200 True 1 0.013546466827392578 0
5300 True 1 0.012964010238647461 0
5400 True 1 0.013550996780395508 0
5500 True 1 0.01379704475402832 0
5600 True 1 0.013481378555297852 0
5700 True 1 0.013387441635131836 0
5800 True 1 0.012680768966674805 0
5900 True 1 0.012757539749145508 0
6000 True 1 0.013473749160766602 0
6100 True 1 0.015384912490844727 0
6200 True 1 0.013607025146484375 0
6300 True 1 0.012688875198364258 0
6400 True 0 0.012658834457397461 0
6500 True 1 0.012995004653930664 0
6600 True 1 0.012726306915283203 0
6700 True 1 0.01367044448852539 0
6800 True 1 0.01352548599243164 0
6900 True 1 0.01306295394897461 0
7000 True 1 0.01320958137512207 0
7100 True 1 0.012835025787353516 0
7200 True 1 0.013705730438232422 0
7300 True 1 0.012940406799316406 0
7400 True 1 0.013777494430541992 0
7500 True 1 0.015342473983764648 0
7600 True 1 0.01274418830871582 0
7700 True 1 0.014179229736328125 0
7800 True 0 0.012741565704345703 0
7900 True 1 0.01388239860534668 0
8000 True 1 0.013316631317138672 0
8100 True 1 0.013086795806884766 0
8200 True 1 0.013539791107177734 0
8300 True 1 0.013471841812133789 0
8400 True 1 0.0126953125 0
8500 True 1 0.012364387512207031 0
8600 True 1 0.013171672821044922 0
8700 True 1 0.01367497444152832 0
8800 True 1 0.013157844543457031 0
8900 True 1 0.01318502426147461 0
9000 True 1 0.013625144958496094 0
9100 True 1 0.013603925704956055 0
9200 True 1 0.012894868850708008 0
9300 True 1 0.01422882080078125 0
9400 True 0 0.012748003005981445 0
9500 True 1 0.013275623321533203 0
9600 True 1 0.01276540756225586 0
9700 True 1 0.012746334075927734 0
9800 True 1 0.012739896774291992 0
9900 True 1 0.013608217239379883 0
