0 True 0 0.07002830505371094 0
100 True 0 0.06811356544494629 0
200 True 0 0.05950307846069336 0
300 True 0 0.07124614715576172 0
400 True 0 0.0637359619140625 0
500 True 0 0.06587600708007812 0
600 True 0 0.07210445404052734 0
700 True 0 0.07466864585876465 0
800 True 0 0.06748580932617188 0
900 True 0 0.07376432418823242 0
1000 True 0 0.07088351249694824 0
1100 True 0 0.06908822059631348 0
1200 True 0 0.07051229476928711 0
1300 True 0 0.07268118858337402 0
1400 True 0 0.07087326049804688 0
1500 True 0 0.07432699203491211 0
1600 True 0 0.06908488273620605 0
1700 True 0 0.06717562675476074 0
1800 True 0 0.06908726692199707 0
1900 True 0 0.07020807266235352 0
2000 True 0 0.07219648361206055 0
2100 True 0 0.06802105903625488 0
2200 True 0 0.07068371772766113 0
2300 True 0 0.0666663646697998 0
2400 True 0 0.06782150268554688 0
2500 True 0 0.07300472259521484 0
2600 True 0 0.06650519371032715 0
2700 True 0 0.07436037063598633 0
2800 True 0 0.06836104393005371 0
2900 True 0 0.06664037704467773 0
3000 True 0 0.07190775871276855 0
3100 True 0 0.0674440860748291 0
3200 True 0 0.06747698783874512 0
3300 True 0 0.07027363777160645 0
3400 True 0 0.07234048843383789 0
3500 True 0 0.06819748878479004 0
3600 True 0 0.06656098365783691 0
3700 True 0 0.07000231742858887 0
3800 True 0 0.07295012474060059 0
3900 True 0 0.07449221611022949 0
4000 True 0 0.0707705020904541 0
4100 True 0 0.06413507461547852 0
4200 True 0 0.07189202308654785 0
4300 True 0 0.07134485244750977 0
4400 True 0 0.07129526138305664 0
4500 True 0 0.07499122619628906 0
4600 True 0 0.06954479217529297 0
4700 True 0 0.07003140449523926 0
4800 True 0 0.07029032707214355 0
4900 True 0 0.0721123218536377 0
5000 True 0 0.07025671005249023 0
5100 True 0 0.0677039623260498 0
5200 True 0 0.07251167297363281 0
5300 True 0 0.07013154029846191 0
5400 True 0 0.06979060173034668 0
5500 True 0 0.06596636772155762 0
5600 True 0 0.07347416877746582 0
5700 True 0 0.06977701187133789 0
5800 True 0 0.06960105895996094 0
5900 True 0 0.0720832347869873 0
6000 True 0 0.07547807693481445 0
6100 True 0 0.07077598571777344 0
6200 True 0 0.0720219612121582 0
6300 True 0 0.07178902626037598 0
6400 True 0 0.07060384750366211 0
6500 True 0 0.07262086868286133 0
6600 True 0 0.07407164573669434 0
6700 True 0 0.07496142387390137 0
6800 True 0 0.07283544540405273 0
6900 True 0 0.07610726356506348 0
7000 True 0 0.07866692543029785 0
7100 True 0 0.07263302803039551 0
7200 True 0 0.07238340377807617 0
7300 True 0 0.0735013484954834 0
7400 True 0 0.07262015342712402 0
7500 True 0 0.07329130172729492 0
7600 True 0 0.0747525691986084 0
7700 True 0 0.07650518417358398 0
7800 True 0 0.06626033782958984 0
7900 True 0 0.07078862190246582 0
8000 True 0 0.06900691986083984 0
8100 True 0 0.07498979568481445 0
8200 True 0 0.06598401069641113 0
8300 True 0 0.0659630298614502 0
8400 True 0 0.07516789436340332 0
8500 True 0 0.07137012481689453 0
8600 True 0 0.07745170593261719 0
8700 True 0 0.07248711585998535 0
8800 True 0 0.06631112098693848 0
8900 True 0 0.07822036743164062 0
9000 True 0 0.07271003723144531 0
9100 True 0 0.07158112525939941 0
9200 True 0 0.0751793384552002 0
9300 True 0 0.07408475875854492 0
9400 True 0 0.06975126266479492 0
9500 True 0 0.06769466400146484 0
9600 True 0 0.07342720031738281 0
9700 True 0 0.07683062553405762 0
9800 True 0 0.07030415534973145 0
9900 True 0 0.07383465766906738 0
