0 True 0.1875 0.24177885055541992 0
100 True 0.1640625 0.21436548233032227 0
200 True 0.109375 0.1743319034576416 0
300 True 0.1796875 0.2103102207183838 0
400 True 0.203125 0.2214183807373047 0
500 True 0.203125 0.21730518341064453 0
600 True 0.2109375 0.22394895553588867 0
700 True 0.1953125 0.2296135425567627 0
800 True 0.1796875 0.2318415641784668 0
900 False 0.0 0.0 0
1000 True 0.1953125 0.22673940658569336 0
1100 True 0.1484375 0.19803071022033691 0
1200 True 0.015625 0.1777055263519287 0
1300 True 0.1875 0.2249612808227539 0
1400 True 0.203125 0.23002886772155762 0
1500 True 0.1015625 0.17901134490966797 0
1600 True 0.109375 0.1763155460357666 0
1700 True 0.1953125 0.21849942207336426 0
1800 True 0.1328125 0.19483256340026855 0
1900 True 0.171875 0.20126724243164062 0
2000 True 0.1328125 0.1993424892425537 0
2100 True 0.2109375 0.2311077117919922 0
2200 True 0.125 0.20843505859375 0
2300 True 0.1875 0.21777033805847168 0
2400 True 0.171875 0.20448660850524902 0
2500 True 0.1875 0.237654447555542 0
2600 True 0.2109375 0.21888446807861328 0
2700 True 0.15625 0.20505189895629883 0
2800 True 0.0859375 0.17357444763183594 0
2900 True 0.125 0.1880033016204834 0
3000 True 0.21875 0.23568081855773926 0
3100 True 0.1796875 0.19847321510314941 0
3200 True 0.1796875 0.19640517234802246 0
3300 True 0.15625 0.20100951194763184 0
3400 True 0.2265625 0.258037805557251 0
3500 True 0.234375 0.2382669448852539 0
3600 True 0.1953125 0.21564388275146484 0
3700 True 0.1953125 0.22166156768798828 0
3800 True 0.15625 0.20416927337646484 0
3900 True 0.1640625 0.20694231986999512 0
4000 True 0.21875 0.23247146606445312 0
4100 True 0.140625 0.18942523002624512 0
4200 True 0.109375 0.18097877502441406 0
4300 True 0.015625 0.1868574619293213 0
4400 True 0.0859375 0.17696690559387207 0
4500 False 0.0 0.0 0
4600 True 0.2265625 0.23620915412902832 0
4700 True 0.171875 0.24431824684143066 0
4800 True 0.2109375 0.2285306453704834 0
4900 True 0.171875 0.2042555809020996 0
5000 True 0.1328125 0.1941673755645752 0
5100 True 0.1015625 0.17345190048217773 0
5200 True 0.1796875 0.20457053184509277 0
5300 True 0.2265625 0.23561596870422363 0
5400 True 0.1640625 0.1949920654296875 0
5500 True 0.234375 0.22621583938598633 0
5600 True 0.1875 0.2232494354248047 0
5700 True 0.1953125 0.22255516052246094 0
5800 True 0.21875 0.23218798637390137 0
5900 True 0.234375 0.24580049514770508 0
6000 True 0.1953125 0.22336459159851074 0
6100 True 0.140625 0.19160079956054688 0
6200 True 0.2265625 0.23165059089660645 0
6300 True 0.203125 0.22275495529174805 0
6400 True 0.1015625 0.17662858963012695 0
6500 True 0.203125 0.2221083641052246 0
6600 True 0.1328125 0.19654488563537598 0
6700 True 0.1484375 0.19926095008850098 0
6800 True 0.2109375 0.22210693359375 0
6900 True 0.2265625 0.24235320091247559 0
7000 True 0.2265625 0.24739456176757812 0
7100 True 0.125 0.19893312454223633 0
7200 True 0.1640625 0.20463085174560547 0
7300 True 0.234375 0.24825572967529297 0
7400 True 0.1484375 0.19737720489501953 0
7500 True 0.15625 0.20749330520629883 0
7600 True 0.234375 0.24703049659729004 0
7700 True 0.15625 0.2062075138092041 0
7800 True 0.1640625 0.19124841690063477 0
7900 True 0.171875 0.19925379753112793 0
8000 True 0.171875 0.1972339153289795 0
8100 True 0.1796875 0.21320819854736328 0
8200 True 0.21875 0.2141587734222412 0
8300 True 0.2109375 0.2134418487548828 0
8400 True 0.1953125 0.2181873321533203 0
8500 True 0.21875 0.22562789916992188 0
8600 True 0.2109375 0.23389577865600586 0
8700 True 0.21875 0.23827219009399414 0
8800 True 0.2578125 0.32648301124572754 0
8900 True 0.234375 0.23848986625671387 0
9000 True 0.1796875 0.1981673240661621 0
9100 True 0.171875 0.1977851390838623 0
9200 True 0.234375 0.23855948448181152 0
9300 True 0.21875 0.24039125442504883 0
9400 True 0.171875 0.2041645050048828 0
9500 True 0.0390625 0.17609643936157227 0
9600 True 0.078125 0.18389296531677246 0
9700 True 0.078125 0.18381762504577637 0
9800 True 0.203125 0.22044682502746582 0
9900 True 0.140625 0.20643901824951172 0
