0 True 0.1640625 0.23587322235107422 0
100 True 0.171875 0.24007225036621094 0
200 True 0.1328125 0.19938421249389648 0
300 True 0.15625 0.22895050048828125 0
400 True 0.1484375 0.2134993076324463 0
500 True 0.1796875 0.2252204418182373 0
600 True 0.171875 0.22709298133850098 0
700 True 0.1875 0.30154848098754883 0
800 True 0.125 0.22088050842285156 0
900 True 0.09375 0.20388364791870117 0
1000 True 0.1484375 0.2121431827545166 0
1100 True 0.140625 0.21243071556091309 0
1200 True 0.1015625 0.19599413871765137 0
1300 True 0.1640625 0.22218775749206543 0
1400 True 0.15625 0.21485638618469238 0
1500 True 0.046875 0.21457934379577637 0
1600 True 0.0859375 0.19540143013000488 0
1700 True 0.171875 0.22185897827148438 0
1800 True 0.1484375 0.21253442764282227 0
1900 True 0.0859375 0.1985476016998291 0
2000 True 0.140625 0.22213125228881836 0
2100 True 0.1875 0.28296542167663574 0
2200 True 0.171875 0.2267436981201172 0
2300 True 0.1640625 0.21607160568237305 0
2400 True 0.1484375 0.21704387664794922 0
2500 True 0.1640625 0.2243802547454834 0
2600 True 0.1796875 0.21532106399536133 0
2700 True 0.140625 0.22177481651306152 0
2800 True 0.1328125 0.21591949462890625 0
2900 True 0.1328125 0.23910927772521973 0
3000 True 0.140625 0.2648630142211914 0
3100 True 0.1328125 0.21312785148620605 0
3200 True 0.15625 0.21183514595031738 0
3300 True 0.125 0.23377752304077148 0
3400 True 0.1875 0.2933802604675293 0
3500 True 0.15625 0.21839451789855957 0
3600 True 0.1328125 0.22003817558288574 0
3700 True 0.1875 0.2893698215484619 0
3800 True 0.15625 0.21953940391540527 0
3900 True 0.1484375 0.2288045883178711 0
4000 True 0.0859375 0.19199228286743164 0
4100 True 0.1171875 0.19196295738220215 0
4200 True 0.15625 0.2140815258026123 0
4300 True 0.0078125 0.19350194931030273 0
4400 True 0.1015625 0.1975862979888916 0
4500 False 0.0 0.0 0
4600 True 0.1953125 0.292478084564209 0
4700 True 0.1328125 0.2179722785949707 0
4800 True 0.1875 0.29418039321899414 0
4900 True 0.1328125 0.2175588607788086 0
5000 True 0.1484375 0.22125482559204102 0
5100 True 0.125 0.21670818328857422 0
5200 True 0.1796875 0.2302544116973877 0
5300 True 0.171875 0.22435712814331055 0
5400 True 0.1640625 0.22046399116516113 0
5500 True 0.1953125 0.27492618560791016 0
5600 True 0.1015625 0.19919252395629883 0
5700 True 0.171875 0.22356390953063965 0
5800 True 0.1484375 0.21527338027954102 0
5900 True 0.1875 0.2865867614746094 0
6000 True 0.15625 0.22187519073486328 0
6100 True 0.1640625 0.2122347354888916 0
6200 True 0.140625 0.22200560569763184 0
6300 True 0.1796875 0.2569425106048584 0
6400 True 0.1484375 0.21102523803710938 0
6500 True 0.1796875 0.22530531883239746 0
6600 True 0.09375 0.2028656005859375 0
6700 True 0.109375 0.20850396156311035 0
6800 True 0.1796875 0.22887825965881348 0
6900 True 0.1875 0.29607081413269043 0
7000 True 0.171875 0.23200082778930664 0
7100 True 0.0625 0.19192004203796387 0
7200 True 0.09375 0.19767522811889648 0
7300 True 0.1640625 0.21521973609924316 0
7400 True 0.15625 0.2310802936553955 0
7500 True 0.140625 0.22476816177368164 0
7600 True 0.1875 0.29228830337524414 0
7700 True 0.1484375 0.2161116600036621 0
7800 True 0.1484375 0.21241474151611328 0
7900 True 0.1328125 0.21005463600158691 0
8000 True 0.140625 0.2169818878173828 0
8100 True 0.1875 0.294353723526001 0
8200 True 0.1875 0.26604127883911133 0
8300 True 0.1796875 0.2328653335571289 0
8400 True 0.1796875 0.21814966201782227 0
8500 True 0.1796875 0.22005176544189453 0
8600 True 0.171875 0.2307283878326416 0
8700 True 0.171875 0.22571611404418945 0
8800 True 0.1953125 0.26883578300476074 0
8900 True 0.1875 0.28411149978637695 0
9000 True 0.140625 0.21646714210510254 0
9100 True 0.1875 0.27811717987060547 0
9200 True 0.1875 0.29177045822143555 0
9300 True 0.1875 0.28844356536865234 0
9400 True 0.078125 0.19037151336669922 0
9500 True 0.1015625 0.1937847137451172 0
9600 True 0.171875 0.2271730899810791 0
9700 True 0.078125 0.19608259201049805 0
9800 True 0.1328125 0.2245621681213379 0
9900 True 0.1484375 0.21628022193908691 0
