0 True 0.0078125 0.5384857654571533 0
100 True 0.015625 0.3222358226776123 0
200 True 0.0234375 0.29546403884887695 0
300 True 0.0078125 0.33241915702819824 0
400 True 0.015625 0.3297462463378906 0
500 True 0.03125 0.32762932777404785 0
600 True 0.015625 0.3207211494445801 0
700 True 0.0078125 0.3265538215637207 0
800 True 0.015625 0.3182392120361328 0
900 True 0.0 0.34181928634643555 0
1000 True 0.0078125 0.3202695846557617 0
1100 True 0.015625 0.31400585174560547 0
1200 True 0.0078125 0.3115699291229248 0
1300 True 0.015625 0.3180077075958252 0
1400 True 0.015625 0.31653738021850586 0
1500 True 0.0 0.32019877433776855 0
1600 True 0.0078125 0.3101944923400879 0
1700 True 0.0234375 0.3192431926727295 0
1800 True 0.015625 0.3126840591430664 0
1900 True 0.015625 0.31647348403930664 0
2000 True 0.0078125 0.32241225242614746 0
2100 True 0.015625 0.32822299003601074 0
2200 True 0.015625 0.32094597816467285 0
2300 True 0.0234375 0.3346576690673828 0
2400 True 0.015625 0.31532812118530273 0
2500 True 0.0078125 0.3202338218688965 0
2600 True 0.015625 0.3128087520599365 0
2700 True 0.0078125 0.3239428997039795 0
2800 True 0.015625 0.3117485046386719 0
2900 True 0.015625 0.30795931816101074 0
3000 True 0.0078125 0.3175182342529297 0
3100 True 0.0 0.3157784938812256 0
3200 True 0.015625 0.30852437019348145 0
3300 True 0.015625 0.34015512466430664 0
3400 True 0.015625 0.3317277431488037 0
3500 True 0.015625 0.31690526008605957 0
3600 True 0.015625 0.3085165023803711 0
3700 True 0.015625 0.3196291923522949 0
3800 True 0.0078125 0.3246617317199707 0
3900 True 0.0078125 0.3261740207672119 0
4000 True 0.0078125 0.3168773651123047 0
4100 True 0.0 0.3101198673248291 0
4200 True 0.015625 0.32787156105041504 0
4300 True 0.0078125 0.3227243423461914 0
4400 True 0.0078125 0.31795454025268555 0
4500 True 0.0 0.3323488235473633 0
4600 True 0.0234375 0.3143298625946045 0
4700 True 0.015625 0.3165924549102783 0
4800 True 0.015625 0.3183474540710449 0
4900 True 0.0078125 0.32921528816223145 0
5000 True 0.015625 0.3109755516052246 0
5100 True 0.0078125 0.31409549713134766 0
5200 True 0.0078125 0.31859397888183594 0
5300 True 0.015625 0.3200979232788086 0
5400 True 0.0234375 0.320728063583374 0
5500 True 0.0234375 0.31311559677124023 0
5600 True 0.0 0.3238198757171631 0
5700 True 0.015625 0.31396913528442383 0
5800 True 0.015625 0.3221309185028076 0
5900 True 0.015625 0.3191041946411133 0
6000 True 0.0078125 0.3175466060638428 0
6100 True 0.0234375 0.30268263816833496 0
6200 True 0.015625 0.3122284412384033 0
6300 True 0.015625 0.3283655643463135 0
6400 True 0.0078125 0.310589075088501 0
6500 True 0.015625 0.31493377685546875 0
6600 True 0.015625 0.31717491149902344 0
6700 True 0.015625 0.31685853004455566 0
6800 True 0.0234375 0.3152623176574707 0
6900 True 0.015625 0.32269859313964844 0
7000 True 0.0078125 0.3345916271209717 0
7100 True 0.0078125 0.31607985496520996 0
7200 True 0.0078125 0.3136472702026367 0
7300 True 0.015625 0.3237471580505371 0
7400 True 0.015625 0.31487536430358887 0
7500 True 0.015625 0.31780147552490234 0
7600 True 0.0078125 0.3234140872955322 0
7700 True 0.0078125 0.3194289207458496 0
7800 True 0.015625 0.299530029296875 0
7900 True 0.0078125 0.3146224021911621 0
8000 True 0.0234375 0.3030126094818115 0
8100 True 0.0078125 0.32425594329833984 0
8200 True 0.0234375 0.2996807098388672 0
8300 True 0.0234375 0.3001415729522705 0
8400 True 0.015625 0.31444478034973145 0
8500 True 0.0234375 0.31020283699035645 0
8600 True 0.0078125 0.3246123790740967 0
8700 True 0.0078125 0.3208808898925781 0
8800 True 0.03125 0.3165557384490967 0
8900 True 0.015625 0.31955742835998535 0
9000 True 0.015625 0.31755685806274414 0
9100 True 0.0234375 0.30901527404785156 0
9200 True 0.015625 0.3135998249053955 0
9300 True 0.015625 0.3167860507965088 0
9400 True 0.015625 0.3126842975616455 0
9500 True 0.0078125 0.3007636070251465 0
9600 True 0.015625 0.34754228591918945 0
9700 True 0.0078125 0.32814741134643555 0
9800 True 0.015625 0.3130228519439697 0
9900 True 0.0078125 0.3316798210144043 0
