0 True 0 0.04199051856994629 0
100 True 0 0.029526710510253906 0
200 True 1 0.030063152313232422 0
300 True 0 0.029582977294921875 0
400 True 0 0.029368877410888672 0
500 True 1 0.02897500991821289 0
600 True 0 0.029476404190063477 0
700 True 0 0.030544519424438477 0
800 True 0 0.029114484786987305 0
900 True 0 0.03227519989013672 0
1000 True 0 0.030228376388549805 0
1100 True 1 0.028949975967407227 0
1200 True 0 0.029160737991333008 0
1300 True 0 0.029256820678710938 0
1400 True 0 0.0315093994140625 0
1500 True 0 0.029229402542114258 0
1600 True 0 0.029813766479492188 0
1700 True 1 0.028882265090942383 0
1800 True 0 0.03026270866394043 0
1900 True 0 0.029254674911499023 0
2000 True 0 0.029041051864624023 0
2100 True 1 0.028800487518310547 0
2200 True 0 0.031256914138793945 0
2300 True 1 0.02773284912109375 0
2400 True 0 0.029757261276245117 0
2500 True 0 0.028599977493286133 0
2600 True 1 0.035553932189941406 0
2700 True 0 0.0287778377532959 0
2800 True 0 0.0288393497467041 0
2900 True 1 0.02977466583251953 0
3000 True 0 0.029901504516601562 0
3100 True 0 0.028900146484375 0
3200 True 0 0.028940677642822266 0
3300 True 0 0.029397964477539062 0
3400 True 0 0.03043389320373535 0
3500 True 1 0.029119014739990234 0
3600 True 1 0.02921009063720703 0
3700 True 0 0.029938459396362305 0
3800 True 0 0.02956676483154297 0
3900 True 0 0.030051708221435547 0
4000 True 0 0.03556561470031738 0
4100 True 0 0.028433561325073242 0
4200 True 0 0.029239177703857422 0
4300 True 0 0.02938985824584961 0
4400 True 0 0.029624462127685547 0
4500 True 0 0.029326677322387695 0
4600 True 1 0.02993917465209961 0
4700 True 0 0.029522180557250977 0
4800 True 0 0.029514789581298828 0
4900 True 0 0.028333663940429688 0
5000 True 0 0.030158042907714844 0
5100 True 0 0.029394149780273438 0
5200 True 0 0.02906012535095215 0
5300 True 0 0.029509544372558594 0
5400 True 1 0.029911279678344727 0
5500 True 1 0.02908492088317871 0
5600 True 0 0.029484987258911133 0
5700 True 1 0.030179262161254883 0
5800 True 0 0.029670238494873047 0
5900 True 1 0.029775381088256836 0
6000 True 0 0.028932571411132812 0
6100 True 1 0.02773141860961914 0
6200 True 1 0.030805110931396484 0
6300 True 1 0.03074359893798828 0
6400 True 0 0.030208826065063477 0
6500 True 1 0.029163122177124023 0
6600 True 0 0.034532785415649414 0
6700 True 0 0.02884984016418457 0
6800 True 1 0.0293581485748291 0
6900 True 0 0.0298917293548584 0
7000 True 0 0.03572845458984375 0
7100 True 0 0.0338137149810791 0
7200 True 0 0.031215190887451172 0
7300 True 0 0.030173301696777344 0
7400 True 0 0.03037548065185547 0
7500 True 0 0.029620647430419922 0
7600 True 0 0.029691457748413086 0
7700 True 0 0.02969956398010254 0
7800 True 0 0.02874279022216797 0
7900 True 0 0.029662609100341797 0
8000 True 1 0.02992081642150879 0
8100 True 0 0.044516801834106445 0
8200 True 1 0.029705047607421875 0
8300 True 1 0.028404712677001953 0
8400 True 1 0.03053736686706543 0
8500 True 1 0.02880120277404785 0
8600 True 0 0.030461788177490234 0
8700 True 0 0.03121352195739746 0
8800 True 1 0.03092479705810547 0
8900 True 0 0.03127145767211914 0
9000 True 0 0.029419422149658203 0
9100 True 1 0.03036332130432129 0
9200 True 0 0.03018021583557129 0
9300 True 1 0.030972003936767578 0
9400 True 0 0.034815311431884766 0
9500 True 0 0.030076026916503906 0
9600 True 0 0.030999183654785156 0
9700 True 0 0.03070235252380371 0
9800 True 0 0.028990507125854492 0
9900 True 0 0.029447555541992188 0
