0 True 0.0546875 1.0709517002105713 0
100 True 0.03125 1.0518829822540283 0
200 True 0.03125 0.9167380332946777 0
300 True 0.0390625 1.0562236309051514 0
400 True 0.0390625 0.9807872772216797 0
500 True 0.0546875 0.9853157997131348 0
600 True 0.046875 1.047675371170044 0
700 True 0.046875 1.0414292812347412 0
800 True 0.03125 1.0110325813293457 0
900 True 0.015625 1.0415887832641602 0
1000 True 0.03125 1.0302340984344482 0
1100 True 0.046875 1.0164334774017334 0
1200 True 0.03125 1.047853946685791 0
1300 True 0.0390625 1.056316614151001 0
1400 True 0.046875 1.0325613021850586 0
1500 True 0.0234375 1.036088466644287 0
1600 True 0.03125 1.009068489074707 0
1700 True 0.046875 1.0354409217834473 0
1800 True 0.046875 1.0229792594909668 0
1900 True 0.0390625 0.999713659286499 0
2000 True 0.0390625 1.0678002834320068 0
2100 True 0.0546875 1.0416514873504639 0
2200 True 0.046875 1.0312724113464355 0
2300 True 0.046875 0.9714996814727783 0
2400 True 0.0390625 1.0365655422210693 0
2500 True 0.046875 1.068084955215454 0
2600 True 0.046875 1.0227034091949463 0
2700 True 0.046875 1.0523474216461182 0
2800 True 0.03125 0.981201171875 0
2900 True 0.0390625 1.0111656188964844 0
3000 True 0.0390625 1.0296921730041504 0
3100 True 0.03125 1.0230422019958496 0
3200 True 0.0390625 0.9899740219116211 0
3300 True 0.046875 1.072455883026123 0
3400 True 0.0546875 1.0742015838623047 0
3500 True 0.046875 1.0288021564483643 0
3600 True 0.046875 0.9934086799621582 0
3700 True 0.046875 1.0577869415283203 0
3800 True 0.0390625 1.045058012008667 0
3900 True 0.046875 1.0557911396026611 0
4000 True 0.03125 1.0624911785125732 0
4100 True 0.03125 0.9737343788146973 0
4200 True 0.0546875 1.0507447719573975 0
4300 True 0.03125 1.027000904083252 0
4400 True 0.0390625 1.0433661937713623 0
4500 True 0.0 1.0089976787567139 0
4600 True 0.0546875 1.0210235118865967 0
4700 True 0.0390625 1.015892505645752 0
4800 True 0.0546875 1.0512378215789795 0
4900 True 0.0390625 1.0477139949798584 0
5000 True 0.0390625 1.018171787261963 0
5100 True 0.03125 1.036907434463501 0
5200 True 0.0390625 1.0589814186096191 0
5300 True 0.0390625 1.0170292854309082 0
5400 True 0.046875 1.006507158279419 0
5500 True 0.0546875 0.9759514331817627 0
5600 True 0.0234375 1.0270090103149414 0
5700 True 0.046875 1.033783197402954 0
5800 True 0.0390625 0.9951293468475342 0
5900 True 0.046875 1.0495123863220215 0
6000 True 0.0390625 0.9940199851989746 0
6100 True 0.046875 0.9851603507995605 0
6200 True 0.0390625 1.010089635848999 0
6300 True 0.046875 1.0359854698181152 0
6400 True 0.03125 1.0133893489837646 0
6500 True 0.046875 1.046257734298706 0
6600 True 0.0390625 1.073944330215454 0
6700 True 0.03125 1.0865528583526611 0
6800 True 0.0546875 1.0363128185272217 0
6900 True 0.046875 1.1083183288574219 0
7000 True 0.046875 1.1164729595184326 0
7100 True 0.0390625 1.014512062072754 0
7200 True 0.03125 1.0184946060180664 0
7300 True 0.0390625 0.9847443103790283 0
7400 True 0.046875 1.0825693607330322 0
7500 True 0.0390625 1.0239555835723877 0
7600 True 0.0546875 1.0611495971679688 0
7700 True 0.0390625 1.0991930961608887 0
7800 True 0.03125 0.9511680603027344 0
7900 True 0.03125 0.9987866878509521 0
8000 True 0.046875 1.0184531211853027 0
8100 True 0.0390625 1.039475440979004 0
8200 True 0.046875 0.9709024429321289 0
8300 True 0.0546875 0.985302209854126 0
8400 True 0.0390625 1.01316499710083 0
8500 True 0.046875 1.0781886577606201 0
8600 True 0.046875 1.0725505352020264 0
8700 True 0.0390625 1.0155770778656006 0
8800 True 0.0546875 0.9812862873077393 0
8900 True 0.0390625 1.0588486194610596 0
9000 True 0.046875 1.0486726760864258 0
9100 True 0.0546875 0.9923620223999023 0
9200 True 0.0546875 1.0344517230987549 0
9300 True 0.0546875 1.0821785926818848 0
9400 True 0.03125 0.9809103012084961 0
9500 True 0.0390625 0.9652576446533203 0
9600 True 0.046875 1.1092135906219482 0
9700 True 0.0078125 1.0090129375457764 0
9800 True 0.046875 0.9746711254119873 0
9900 True 0.0390625 1.0324478149414062 0
