0 True 0 0.20533442497253418 0
100 True 0 0.2082839012145996 0
200 True 0 0.16663050651550293 0
300 True 0 0.20760822296142578 0
400 True 0 0.18703913688659668 0
500 True 0 0.188887357711792 0
600 True 0 0.20037531852722168 0
700 True 0 0.20419549942016602 0
800 True 0 0.18236112594604492 0
900 False 0 0.0 0
1000 True 0 0.19942760467529297 0
1100 True 0 0.18239283561706543 0
1200 True 0 0.19167566299438477 0
1300 True 0 0.20452094078063965 0
1400 True 0 0.19582319259643555 0
1500 True 0 0.21176767349243164 0
1600 True 0 0.19521594047546387 0
1700 True 0 0.1886122226715088 0
1800 True 0 0.196197509765625 0
1900 True 0 0.1974475383758545 0
2000 True 0 0.2080695629119873 0
2100 True 0 0.1951138973236084 0
2200 True 0 0.19583797454833984 0
2300 True 0 0.1861402988433838 0
2400 True 0 0.19542551040649414 0
2500 True 0 0.20463037490844727 0
2600 True 0 0.18477344512939453 0
2700 True 0 0.2071549892425537 0
2800 True 0 0.1876523494720459 0
2900 True 0 0.18793916702270508 0
3000 True 0 0.1953260898590088 0
3100 True 0 0.19541239738464355 0
3200 True 0 0.18752813339233398 0
3300 True 0 0.19315099716186523 0
3400 True 0 0.202439546585083 0
3500 True 0 0.18268513679504395 0
3600 True 0 0.18639087677001953 0
3700 True 0 0.1907336711883545 0
3800 True 0 0.20433712005615234 0
3900 True 0 0.20567059516906738 0
4000 True 0 0.19212651252746582 0
4100 True 0 0.1770777702331543 0
4200 True 0 0.1990680694580078 0
4300 True 0 0.1923656463623047 0
4400 True 0 0.20170116424560547 0
4500 False 0 0.0 0
4600 True 0 0.19533872604370117 0
4700 True 0 0.19782114028930664 0
4800 True 0 0.1996777057647705 0
4900 True 0 0.20064926147460938 0
5000 True 0 0.19566750526428223 0
5100 True 0 0.19286608695983887 0
5200 True 0 0.20228123664855957 0
5300 True 0 0.19514060020446777 0
5400 True 0 0.19481182098388672 0
5500 True 0 0.18516302108764648 0
5600 True 0 0.20090174674987793 0
5700 True 0 0.19739866256713867 0
5800 True 0 0.1849956512451172 0
5900 True 0 0.20340299606323242 0
6000 True 0 0.1974644660949707 0
6100 True 0 0.17863774299621582 0
6200 True 0 0.19066071510314941 0
6300 True 0 0.192854642868042 0
6400 True 0 0.18942809104919434 0
6500 True 0 0.19361138343811035 0
6600 True 0 0.2079782485961914 0
6700 True 0 0.20699310302734375 0
6800 True 0 0.19296622276306152 0
6900 True 0 0.20430469512939453 0
7000 True 0 0.22206568717956543 0
7100 True 0 0.19881486892700195 0
7200 True 0 0.1909952163696289 0
7300 True 0 0.1965773105621338 0
7400 True 0 0.19725418090820312 0
7500 True 0 0.1935882568359375 0
7600 True 0 0.20632219314575195 0
7700 True 0 0.20322513580322266 0
7800 True 0 0.16614103317260742 0
7900 True 0 0.19103217124938965 0
8000 True 0 0.18186521530151367 0
8100 True 0 0.20165133476257324 0
8200 True 0 0.17308449745178223 0
8300 True 0 0.17409873008728027 0
8400 True 0 0.1957690715789795 0
8500 True 0 0.18464350700378418 0
8600 True 0 0.20860671997070312 0
8700 True 0 0.19679474830627441 0
8800 True 0 0.17330574989318848 0
8900 True 0 0.19694900512695312 0
9000 True 0 0.19504642486572266 0
9100 True 0 0.18774724006652832 0
9200 True 0 0.20674467086791992 0
9300 True 0 0.19651007652282715 0
9400 True 0 0.18868517875671387 0
9500 True 0 0.17547988891601562 0
9600 True 0 0.2018594741821289 0
9700 True 0 0.21269559860229492 0
9800 True 0 0.18704581260681152 0
9900 True 0 0.19944047927856445 0
