0 True 0.140625 0.832467794418335 0
100 True 0.140625 0.8082232475280762 0
200 True 0.109375 0.5598011016845703 0
300 True 0.1171875 0.6983397006988525 0
400 True 0.171875 0.7710802555084229 0
500 True 0.140625 0.7607166767120361 0
600 True 0.1640625 0.8199708461761475 0
700 True 0.1640625 0.8722009658813477 0
800 True 0.171875 0.7825744152069092 0
900 False 0.0 0.0 0
1000 True 0.171875 0.849390983581543 0
1100 True 0.109375 0.6578819751739502 0
1200 True 0.03125 0.5978779792785645 0
1300 True 0.1796875 0.8721165657043457 0
1400 True 0.1640625 0.8280112743377686 0
1500 True 0.1015625 0.7418756484985352 0
1600 True 0.1015625 0.6650059223175049 0
1700 True 0.1953125 0.8485426902770996 0
1800 True 0.125 0.7903728485107422 0
1900 True 0.1171875 0.6810319423675537 0
2000 True 0.125 0.8435523509979248 0
2100 True 0.171875 0.8523201942443848 0
2200 True 0.1171875 0.6841239929199219 0
2300 True 0.1796875 0.77732253074646 0
2400 True 0.125 0.7978112697601318 0
2500 True 0.1484375 0.8470938205718994 0
2600 True 0.1640625 0.7623369693756104 0
2700 True 0.140625 0.8453893661499023 0
2800 True 0.125 0.7630224227905273 0
2900 True 0.0703125 0.6094822883605957 0
3000 True 0.1875 0.9587454795837402 0
3100 True 0.1171875 0.6947183609008789 0
3200 True 0.171875 0.7867660522460938 0
3300 True 0.109375 0.6628766059875488 0
3400 True 0.1796875 0.8529305458068848 0
3500 True 0.1796875 0.8039319515228271 0
3600 True 0.125 0.7562992572784424 0
3700 True 0.1640625 0.8867878913879395 0
3800 True 0.171875 0.8853731155395508 0
3900 True 0.140625 0.8856551647186279 0
4000 True 0.1796875 0.8021862506866455 0
4100 True 0.09375 0.6339819431304932 0
4200 True 0.1015625 0.6985146999359131 0
4300 True 0.0234375 0.5898044109344482 0
4400 True 0.078125 0.6911687850952148 0
4500 False 0.0 0.0 0
4600 True 0.1875 0.854201078414917 0
4700 True 0.1484375 0.8049652576446533 0
4800 True 0.1640625 0.8291394710540771 0
4900 True 0.1484375 0.8393194675445557 0
5000 True 0.1015625 0.6764237880706787 0
5100 True 0.1328125 0.7886812686920166 0
5200 True 0.1484375 0.901068925857544 0
5300 True 0.1640625 0.8621313571929932 0
5400 True 0.1015625 0.6876194477081299 0
5500 True 0.21875 0.8749630451202393 0
5600 True 0.140625 0.8393115997314453 0
5700 True 0.1171875 0.6927001476287842 0
5800 True 0.1875 0.8586239814758301 0
5900 True 0.1953125 0.88714599609375 0
6000 True 0.1796875 0.834235429763794 0
6100 True 0.109375 0.6200809478759766 0
6200 True 0.15625 0.8706386089324951 0
6300 True 0.1796875 0.8371217250823975 0
6400 True 0.0625 0.6399722099304199 0
6500 True 0.125 0.7899892330169678 0
6600 True 0.0546875 0.6297032833099365 0
6700 True 0.1171875 0.6846299171447754 0
6800 True 0.15625 0.8208954334259033 0
6900 True 0.1640625 0.8477683067321777 0
7000 True 0.1796875 0.9238500595092773 0
7100 True 0.1015625 0.6664211750030518 0
7200 True 0.1171875 0.6655375957489014 0
7300 True 0.1796875 0.8286128044128418 0
7400 True 0.140625 0.8195981979370117 0
7500 True 0.15625 0.820324182510376 0
7600 True 0.1875 0.975071907043457 0
7700 True 0.1484375 0.861328125 0
7800 True 0.15625 0.7109160423278809 0
7900 True 0.1328125 0.8054642677307129 0
8000 True 0.1640625 0.8036618232727051 0
8100 True 0.15625 0.9032213687896729 0
8200 True 0.1484375 0.7057325839996338 0
8300 True 0.1953125 0.7826926708221436 0
8400 True 0.1640625 0.8175349235534668 0
8500 True 0.1796875 0.8014340400695801 0
8600 True 0.1875 0.9477477073669434 0
8700 True 0.1796875 0.8645949363708496 0
8800 True 0.203125 0.8195719718933105 0
8900 True 0.15625 0.8330740928649902 0
9000 True 0.1484375 0.8082277774810791 0
9100 True 0.140625 0.8112351894378662 0
9200 True 0.171875 0.8734068870544434 0
9300 True 0.2109375 0.9295475482940674 0
9400 True 0.1484375 0.7641608715057373 0
9500 True 0.0234375 0.5372474193572998 0
9600 True 0.078125 0.6858775615692139 0
9700 True 0.09375 0.7145097255706787 0
9800 True 0.1484375 0.8142843246459961 0
9900 True 0.1484375 0.8396651744842529 0
