0 True 0.1640625 0.804027795791626 0
100 True 0.1328125 0.7820188999176025 0
200 True 0.125 0.6496624946594238 0
300 True 0.1328125 0.8030643463134766 0
400 True 0.1640625 0.7291789054870605 0
500 True 0.1640625 0.7434353828430176 0
600 True 0.1640625 0.8068146705627441 0
700 True 0.1875 0.9589662551879883 0
800 True 0.09375 0.6460113525390625 0
900 True 0.0703125 0.6838221549987793 0
1000 True 0.15625 0.7953946590423584 0
1100 True 0.125 0.747279167175293 0
1200 True 0.109375 0.6953825950622559 0
1300 True 0.1484375 0.8108365535736084 0
1400 True 0.171875 0.7920742034912109 0
1500 True 0.0234375 0.6349349021911621 0
1600 True 0.0546875 0.6026694774627686 0
1700 True 0.171875 0.7688899040222168 0
1800 True 0.0859375 0.634800910949707 0
1900 True 0.078125 0.6535472869873047 0
2000 True 0.140625 0.8088529109954834 0
2100 True 0.1796875 0.7600395679473877 0
2200 True 0.171875 0.7841470241546631 0
2300 True 0.1640625 0.746626615524292 0
2400 True 0.125 0.8082942962646484 0
2500 True 0.15625 0.8276748657226562 0
2600 True 0.140625 0.7258250713348389 0
2700 True 0.125 0.8110592365264893 0
2800 True 0.109375 0.6423490047454834 0
2900 True 0.1171875 0.6493895053863525 0
3000 True 0.171875 0.7986834049224854 0
3100 True 0.078125 0.6266582012176514 0
3200 True 0.1484375 0.7420952320098877 0
3300 True 0.1484375 0.7646570205688477 0
3400 True 0.1875 0.9397404193878174 0
3500 True 0.15625 0.7648251056671143 0
3600 True 0.1328125 0.7435886859893799 0
3700 True 0.1484375 0.7923495769500732 0
3800 True 0.1484375 0.8237519264221191 0
3900 True 0.1328125 0.8303418159484863 0
4000 True 0.1015625 0.6614561080932617 0
4100 True 0.078125 0.6069815158843994 0
4200 True 0.1640625 0.7821428775787354 0
4300 True 0.03125 0.6370911598205566 0
4400 True 0.078125 0.676790714263916 0
4500 True 0.0234375 0.6454524993896484 0
4600 True 0.1953125 0.8867158889770508 0
4700 True 0.1328125 0.7650790214538574 0
4800 True 0.171875 0.7963447570800781 0
4900 True 0.1640625 0.7942972183227539 0
5000 True 0.125 0.7677345275878906 0
5100 True 0.125 0.7593674659729004 0
5200 True 0.1640625 0.8154807090759277 0
5300 True 0.15625 0.7982020378112793 0
5400 True 0.140625 0.7885220050811768 0
5500 True 0.203125 0.9039821624755859 0
5600 True 0.140625 0.845588207244873 0
5700 True 0.140625 0.8194448947906494 0
5800 True 0.15625 0.7768516540527344 0
5900 True 0.1796875 0.7856314182281494 0
6000 True 0.1484375 0.7820427417755127 0
6100 True 0.125 0.7050726413726807 0
6200 True 0.140625 0.7746407985687256 0
6300 True 0.1640625 0.7717881202697754 0
6400 True 0.078125 0.6390559673309326 0
6500 True 0.15625 0.7764825820922852 0
6600 True 0.078125 0.6788208484649658 0
6700 True 0.125 0.7852344512939453 0
6800 True 0.171875 0.8413536548614502 0
6900 True 0.171875 0.8624603748321533 0
7000 True 0.15625 0.8679707050323486 0
7100 True 0.09375 0.7133529186248779 0
7200 True 0.1171875 0.6854503154754639 0
7300 True 0.15625 0.7988848686218262 0
7400 True 0.125 0.7756693363189697 0
7500 True 0.1484375 0.7714471817016602 0
7600 True 0.1953125 0.9979674816131592 0
7700 True 0.1171875 0.7391397953033447 0
7800 True 0.1171875 0.6021935939788818 0
7900 True 0.15625 0.7704811096191406 0
8000 True 0.125 0.7314515113830566 0
8100 True 0.1796875 0.8105595111846924 0
8200 True 0.171875 0.7050187587738037 0
8300 True 0.171875 0.7368931770324707 0
8400 True 0.1640625 0.8212344646453857 0
8500 True 0.1796875 0.7398073673248291 0
8600 True 0.1875 0.9813377857208252 0
8700 True 0.1953125 0.9035968780517578 0
8800 True 0.203125 0.8600220680236816 0
8900 True 0.140625 0.7735157012939453 0
9000 True 0.140625 0.8369994163513184 0
9100 True 0.1875 0.8882277011871338 0
9200 True 0.1796875 0.8256573677062988 0
9300 True 0.203125 0.961308479309082 0
9400 True 0.1015625 0.6486287117004395 0
9500 True 0.1015625 0.6291806697845459 0
9600 True 0.1796875 0.806882381439209 0
9700 True 0.046875 0.685523509979248 0
9800 True 0.1640625 0.778846263885498 0
9900 True 0.1015625 0.7098536491394043 0
