0 True 0 0.04122424125671387 0
100 True 0 0.035784006118774414 0
200 True 0 0.040737152099609375 0
300 False 0 0.0 0
400 True 0 0.03636050224304199 0
500 True 0 0.040726423263549805 0
600 True 0 0.03659391403198242 0
700 True 0 0.03662681579589844 0
800 False 0 0.0 0
900 True 0 0.03781437873840332 0
1000 False 0 0.0 0
1100 True 0 0.0381622314453125 0
1200 False 0 0.0 0
1300 True 0 0.03897714614868164 0
1400 True 0 0.03642392158508301 0
1500 False 0 0.0 0
1600 True 0 0.03880810737609863 0
1700 True 0 0.0372316837310791 0
1800 True 0 0.038315534591674805 0
1900 True 0 0.04206132888793945 0
2000 True 0 0.03728842735290527 0
2100 True 0 0.037827253341674805 0
2200 False 0 0.0 0
2300 True 0 0.03718996047973633 0
2400 False 0 0.0 0
2500 False 0 0.0 0
2600 True 0 0.0366969108581543 0
2700 True 0 0.0356295108795166 0
2800 True 0 0.038140058517456055 0
2900 True 0 0.03672933578491211 0
3000 True 0 0.036351680755615234 0
3100 True 0 0.03658032417297363 0
3200 False 0 0.0 0
3300 True 0 0.03642010688781738 0
3400 True 0 0.037014007568359375 0
3500 True 0 0.03885984420776367 0
3600 True 0 0.03614997863769531 0
3700 True 0 0.037181854248046875 0
3800 True 0 0.03715944290161133 0
3900 True 0 0.03749990463256836 0
4000 False 0 0.0 0
4100 True 0 0.03804349899291992 0
4200 True 0 0.03653240203857422 0
4300 True 0 0.0371243953704834 0
4400 True 0 0.03648090362548828 0
4500 False 0 0.0 0
4600 True 0 0.038017988204956055 0
4700 False 0 0.0 0
4800 True 0 0.04003643989562988 0
4900 True 0 0.03684401512145996 0
5000 True 0 0.03735017776489258 0
5100 False 0 0.0 0
5200 True 0 0.0367889404296875 0
5300 True 0 0.03786063194274902 0
5400 True 0 0.0409693717956543 0
5500 True 0 0.041849374771118164 0
5600 True 0 0.036962270736694336 0
5700 True 0 0.03695106506347656 0
5800 False 0 0.0 0
5900 True 0 0.03770589828491211 0
6000 False 0 0.0 0
6100 True 0 0.04725003242492676 0
6200 False 0 0.0 0
6300 True 0 0.03690910339355469 0
6400 True 0 0.039780378341674805 0
6500 True 0 0.037026405334472656 0
6600 True 0 0.037615299224853516 0
6700 True 0 0.036547183990478516 0
6800 True 0 0.03745079040527344 0
6900 True 0 0.03631472587585449 0
7000 True 0 0.036934614181518555 0
7100 True 0 0.03693842887878418 0
7200 False 0 0.0 0
7300 True 0 0.03714132308959961 0
7400 True 0 0.0370938777923584 0
7500 True 0 0.03757929801940918 0
7600 True 0 0.03766155242919922 0
7700 True 0 0.03800034523010254 0
7800 False 0 0.0 0
7900 True 0 0.03790140151977539 0
8000 True 0 0.041542768478393555 0
8100 True 0 0.03827071189880371 0
8200 True 0 0.03792428970336914 0
8300 True 0 0.037358999252319336 0
8400 True 0 0.04700756072998047 0
8500 True 0 0.057297468185424805 0
8600 True 0 0.038985490798950195 0
8700 False 0 0.0 0
8800 True 0 0.037088871002197266 0
8900 False 0 0.0 0
9000 True 0 0.036533355712890625 0
9100 True 0 0.036348819732666016 0
9200 True 0 0.03672528266906738 0
9300 True 0 0.036832571029663086 0
9400 False 0 0.0 0
9500 True 0 0.037532806396484375 0
9600 True 0 0.03705716133117676 0
9700 False 0 0.0 0
9800 True 0 0.03678774833679199 0
9900 True 0 0.04532217979431152 0
