0 True 0.0078125 0.21661758422851562 0
100 True 0.0078125 0.21263790130615234 0
200 True 0.0078125 0.20116519927978516 0
300 False 0.0 0.0 0
400 True 0.0078125 0.2123396396636963 0
500 True 0.0078125 0.20026898384094238 0
600 True 0.0078125 0.212019681930542 0
700 True 0.0078125 0.21445560455322266 0
800 False 0.0 0.0 0
900 True 0.0078125 0.21251726150512695 0
1000 False 0.0 0.0 0
1100 True 0.0078125 0.20514488220214844 0
1200 False 0.0 0.0 0
1300 True 0.0078125 0.20778656005859375 0
1400 True 0.015625 0.22554445266723633 0
1500 False 0.0 0.0 0
1600 True 0.0078125 0.22726917266845703 0
1700 True 0.0078125 0.20429205894470215 0
1800 True 0.0078125 0.1991894245147705 0
1900 True 0.0078125 0.2047288417816162 0
2000 True 0.0078125 0.2043752670288086 0
2100 True 0.0078125 0.20535731315612793 0
2200 False 0.0 0.0 0
2300 True 0.0078125 0.2093334197998047 0
2400 False 0.0 0.0 0
2500 False 0.0 0.0 0
2600 True 0.0078125 0.21284055709838867 0
2700 True 0.0078125 0.21967363357543945 0
2800 True 0.0078125 0.21186184883117676 0
2900 True 0.0078125 0.20519304275512695 0
3000 True 0.0078125 0.21238446235656738 0
3100 True 0.0 0.2302870750427246 0
3200 False 0.0 0.0 0
3300 True 0.0078125 0.21148943901062012 0
3400 True 0.0078125 0.2070295810699463 0
3500 True 0.0078125 0.2228081226348877 0
3600 True 0.015625 0.2075023651123047 0
3700 True 0.0078125 0.20834636688232422 0
3800 True 0.0078125 0.21514177322387695 0
3900 True 0.0078125 0.22234296798706055 0
4000 False 0.0 0.0 0
4100 True 0.0078125 0.20715093612670898 0
4200 True 0.0078125 0.21738862991333008 0
4300 True 0.0 0.21293187141418457 0
4400 True 0.0078125 0.22927498817443848 0
4500 False 0.0 0.0 0
4600 True 0.0078125 0.203810453414917 0
4700 False 0.0 0.0 0
4800 True 0.0078125 0.20554685592651367 0
4900 True 0.0078125 0.22800946235656738 0
5000 True 0.0078125 0.2112870216369629 0
5100 False 0.0 0.0 0
5200 True 0.0078125 0.20955324172973633 0
5300 True 0.0078125 0.21375679969787598 0
5400 True 0.0078125 0.2165820598602295 0
5500 True 0.0078125 0.20950007438659668 0
5600 True 0.0078125 0.2819480895996094 0
5700 True 0.0078125 0.23243355751037598 0
5800 False 0.0 0.0 0
5900 True 0.0078125 0.22502851486206055 0
6000 False 0.0 0.0 0
6100 True 0.015625 0.26587533950805664 0
6200 False 0.0 0.0 0
6300 True 0.0078125 0.2084808349609375 0
6400 True 0.0078125 0.20844364166259766 0
6500 True 0.0078125 0.2037043571472168 0
6600 True 0.0 0.23152732849121094 0
6700 True 0.0078125 0.20895004272460938 0
6800 True 0.0078125 0.2518281936645508 0
6900 True 0.0078125 0.2114102840423584 0
7000 True 0.0078125 0.21230745315551758 0
7100 True 0.0078125 0.20590853691101074 0
7200 False 0.0 0.0 0
7300 True 0.0078125 0.21181106567382812 0
7400 True 0.0078125 0.21526622772216797 0
7500 True 0.0078125 0.2152395248413086 0
7600 True 0.0078125 0.20418071746826172 0
7700 True 0.0 0.2052617073059082 0
7800 False 0.0 0.0 0
7900 True 0.015625 0.21360254287719727 0
8000 True 0.0078125 0.20513629913330078 0
8100 True 0.0078125 0.2132568359375 0
8200 True 0.0078125 0.20308470726013184 0
8300 True 0.0078125 0.21046018600463867 0
8400 True 0.0078125 0.20007014274597168 0
8500 True 0.015625 0.20312285423278809 0
8600 True 0.0078125 0.20326948165893555 0
8700 False 0.0 0.0 0
8800 True 0.015625 0.22004079818725586 0
8900 False 0.0 0.0 0
9000 True 0.0078125 0.2139601707458496 0
9100 True 0.0078125 0.21694350242614746 0
9200 True 0.0078125 0.20310211181640625 0
9300 True 0.0078125 0.20563554763793945 0
9400 False 0.0 0.0 0
9500 True 0.0078125 0.198746919631958 0
9600 True 0.0078125 0.2041158676147461 0
9700 False 0.0 0.0 0
9800 True 0.0078125 0.2100217342376709 0
9900 True 0.0078125 0.20322751998901367 0
