0 True 0 0.03650689125061035 0
100 True 0 0.037276506423950195 0
200 False 0 0.0 0
300 False 0 0.0 0
400 False 0 0.0 0
500 False 0 0.0 0
600 False 0 0.0 0
700 True 0 0.03710651397705078 0
800 True 0 0.03887200355529785 0
900 True 0 0.03774666786193848 0
1000 False 0 0.0 0
1100 True 0 0.03732657432556152 0
1200 True 0 0.03686237335205078 0
1300 False 0 0.0 0
1400 False 0 0.0 0
1500 False 0 0.0 0
1600 False 0 0.0 0
1700 True 0 0.04004168510437012 0
1800 False 0 0.0 0
1900 False 0 0.0 0
2000 False 0 0.0 0
2100 False 0 0.0 0
2200 False 0 0.0 0
2300 False 0 0.0 0
2400 False 0 0.0 0
2500 False 0 0.0 0
2600 True 0 0.037039756774902344 0
2700 True 0 0.039908647537231445 0
2800 False 0 0.0 0
2900 False 0 0.0 0
3000 True 0 0.035205841064453125 0
3100 False 0 0.0 0
3200 False 0 0.0 0
3300 False 0 0.0 0
3400 True 0 0.03630566596984863 0
3500 False 0 0.0 0
3600 False 0 0.0 0
3700 False 0 0.0 0
3800 False 0 0.0 0
3900 True 0 0.03822517395019531 0
4000 False 0 0.0 0
4100 False 0 0.0 0
4200 True 0 0.0357203483581543 0
4300 False 0 0.0 0
4400 False 0 0.0 0
4500 False 0 0.0 0
4600 False 0 0.0 0
4700 False 0 0.0 0
4800 True 0 0.036153316497802734 0
4900 False 0 0.0 0
5000 False 0 0.0 0
5100 False 0 0.0 0
5200 False 0 0.0 0
5300 False 0 0.0 0
5400 False 0 0.0 0
5500 False 0 0.0 0
5600 True 0 0.0455625057220459 0
5700 False 0 0.0 0
5800 False 0 0.0 0
5900 False 0 0.0 0
6000 False 0 0.0 0
6100 False 0 0.0 0
6200 False 0 0.0 0
6300 False 0 0.0 0
6400 True 0 0.03666424751281738 0
6500 False 0 0.0 0
6600 False 0 0.0 0
6700 False 0 0.0 0
6800 False 0 0.0 0
6900 True 0 0.039253950119018555 0
7000 True 0 0.036765336990356445 0
7100 False 0 0.0 0
7200 False 0 0.0 0
7300 True 0 0.03695869445800781 0
7400 False 0 0.0 0
7500 False 0 0.0 0
7600 True 0 0.03743338584899902 0
7700 False 0 0.0 0
7800 False 0 0.0 0
7900 False 0 0.0 0
8000 False 0 0.0 0
8100 True 0 0.03686809539794922 0
8200 True 0 0.036466360092163086 0
8300 False 0 0.0 0
8400 False 0 0.0 0
8500 False 0 0.0 0
8600 True 0 0.036170244216918945 0
8700 False 0 0.0 0
8800 False 0 0.0 0
8900 False 0 0.0 0
9000 True 0 0.03583407402038574 0
9100 False 0 0.0 0
9200 True 0 0.03745412826538086 0
9300 False 0 0.0 0
9400 False 0 0.0 0
9500 False 0 0.0 0
9600 False 0 0.0 0
9700 False 0 0.0 0
9800 True 0 0.03896307945251465 0
9900 True 0 0.03682589530944824 0
