0 True 0.078125 0.21149086952209473 0
100 True 0.046875 0.19386029243469238 0
200 True 0.0859375 0.24934935569763184 0
300 True 0.0234375 0.24241209030151367 0
400 True 0.0546875 0.18145751953125 0
500 True 0.0859375 0.19322991371154785 0
600 True 0.0546875 0.18992137908935547 0
700 True 0.046875 0.2083740234375 0
800 True 0.0703125 0.19896388053894043 0
900 False 0.0 0.0 0
1000 True 0.03125 0.1983332633972168 0
1100 True 0.0625 0.19408082962036133 0
1200 True 0.0390625 0.19841957092285156 0
1300 True 0.0546875 0.20650577545166016 0
1400 True 0.078125 0.20652341842651367 0
1500 False 0.0 0.0 0
1600 True 0.03125 0.20792841911315918 0
1700 True 0.0625 0.20336246490478516 0
1800 True 0.0078125 0.19920587539672852 0
1900 True 0.0234375 0.1919879913330078 0
2000 True 0.0390625 0.1937084197998047 0
2100 True 0.0703125 0.19303011894226074 0
2200 True 0.0390625 0.20216012001037598 0
2300 True 0.015625 0.20586609840393066 0
2400 True 0.0234375 0.20419096946716309 0
2500 True 0.0390625 0.20854806900024414 0
2600 True 0.0703125 0.22457480430603027 0
2700 True 0.0546875 0.24271464347839355 0
2800 True 0.015625 0.19641423225402832 0
2900 True 0.0625 0.19832587242126465 0
3000 True 0.0625 0.19802308082580566 0
3100 True 0.046875 0.2198338508605957 0
3200 True 0.078125 0.20192599296569824 0
3300 True 0.0390625 0.1981189250946045 0
3400 True 0.078125 0.1950240135192871 0
3500 True 0.09375 0.20148396492004395 0
3600 True 0.0703125 0.20615649223327637 0
3700 True 0.0859375 0.1986079216003418 0
3800 True 0.046875 0.19103622436523438 0
3900 True 0.0546875 0.203474760055542 0
4000 True 0.0078125 0.1980443000793457 0
4100 True 0.0703125 0.21175503730773926 0
4200 True 0.0625 0.20058250427246094 0
4300 True 0.015625 0.1895298957824707 0
4400 True 0.015625 0.20017623901367188 0
4500 False 0.0 0.0 0
4600 True 0.0703125 0.21355271339416504 0
4700 True 0.0703125 0.19721770286560059 0
4800 True 0.0859375 0.20591402053833008 0
4900 True 0.046875 0.1976933479309082 0
5000 True 0.0625 0.2010648250579834 0
5100 True 0.0625 0.1952366828918457 0
5200 True 0.0703125 0.19989705085754395 0
5300 True 0.0625 0.1974196434020996 0
5400 True 0.0625 0.1983957290649414 0
5500 True 0.0859375 0.19835805892944336 0
5600 True 0.046875 0.1998136043548584 0
5700 True 0.0546875 0.2071528434753418 0
5800 True 0.0625 0.20034050941467285 0
5900 True 0.0703125 0.19922256469726562 0
6000 True 0.0546875 0.1904287338256836 0
6100 True 0.0546875 0.19368314743041992 0
6200 True 0.0859375 0.19048595428466797 0
6300 True 0.046875 0.19860172271728516 0
6400 True 0.0546875 0.1975545883178711 0
6500 True 0.0859375 0.19941163063049316 0
6600 True 0.046875 0.1824040412902832 0
6700 True 0.0390625 0.19697356224060059 0
6800 True 0.046875 0.19548463821411133 0
6900 True 0.0625 0.1955089569091797 0
7000 True 0.046875 0.19823098182678223 0
7100 True 0.0625 0.20122003555297852 0
7200 True 0.015625 0.18915176391601562 0
7300 True 0.0859375 0.18513965606689453 0
7400 True 0.046875 0.18734526634216309 0
7500 True 0.0859375 0.1973710060119629 0
7600 True 0.0625 0.200606107711792 0
7700 True 0.0390625 0.19526028633117676 0
7800 False 0.0 0.0 0
7900 True 0.0390625 0.1814272403717041 0
8000 True 0.046875 0.18558573722839355 0
8100 True 0.046875 0.19519400596618652 0
8200 True 0.078125 0.1870269775390625 0
8300 True 0.0703125 0.2400979995727539 0
8400 True 0.0625 0.20016074180603027 0
8500 True 0.0546875 0.18906354904174805 0
8600 True 0.0625 0.19876837730407715 0
8700 True 0.0859375 0.19267845153808594 0
8800 True 0.0859375 0.18536925315856934 0
8900 True 0.0859375 0.19075274467468262 0
9000 True 0.0625 0.1944422721862793 0
9100 True 0.0703125 0.20158076286315918 0
9200 True 0.0546875 0.1886301040649414 0
9300 True 0.046875 0.19170522689819336 0
9400 True 0.015625 0.19533038139343262 0
9500 True 0.078125 0.1919248104095459 0
9600 True 0.0703125 0.1922762393951416 0
9700 True 0.0234375 0.19829034805297852 0
9800 True 0.046875 0.1923365592956543 0
9900 True 0.0546875 0.1894834041595459 0
