0 True 0.0 0.22285127639770508 0
100 True 0.0 0.21428561210632324 0
200 True 0.0 0.2129993438720703 0
300 True 0.0 0.2080986499786377 0
400 True 0.0 0.20086932182312012 0
500 True 0.0 0.2081468105316162 0
600 True 0.0 0.21225810050964355 0
700 True 0.0 0.22031903266906738 0
800 True 0.0 0.2145373821258545 0
900 True 0.0 0.21197009086608887 0
1000 True 0.0 0.22227883338928223 0
1100 True 0.0 0.23149752616882324 0
1200 False 0.0 0.0 0
1300 True 0.0 0.21690011024475098 0
1400 True 0.0 0.23122262954711914 0
1500 False 0.0 0.0 0
1600 True 0.0 0.21535825729370117 0
1700 True 0.0 0.2056434154510498 0
1800 True 0.0 0.2127540111541748 0
1900 True 0.0 0.21703052520751953 0
2000 True 0.0 0.21283555030822754 0
2100 True 0.0 0.22005844116210938 0
2200 True 0.0 0.2090623378753662 0
2300 True 0.0 0.21439146995544434 0
2400 True 0.0 0.21376633644104004 0
2500 True 0.0 0.21013593673706055 0
2600 True 0.0 0.2060377597808838 0
2700 True 0.0 0.2122178077697754 0
2800 True 0.0 0.21473956108093262 0
2900 True 0.0 0.2278282642364502 0
3000 True 0.0 0.21464943885803223 0
3100 True 0.0 0.22247934341430664 0
3200 True 0.0 0.2170732021331787 0
3300 True 0.0 0.21789169311523438 0
3400 True 0.0 0.2160797119140625 0
3500 True 0.0 0.21390414237976074 0
3600 True 0.0 0.21769142150878906 0
3700 True 0.0 0.23541784286499023 0
3800 True 0.0 0.2129201889038086 0
3900 True 0.0 0.23268795013427734 0
4000 True 0.0 0.21384143829345703 0
4100 True 0.0 0.22447800636291504 0
4200 True 0.0 0.23309707641601562 0
4300 True 0.0 0.21224164962768555 0
4400 True 0.0 0.22183632850646973 0
4500 False 0.0 0.0 0
4600 True 0.0 0.2720334529876709 0
4700 True 0.0 0.21728157997131348 0
4800 True 0.0 0.21506381034851074 0
4900 True 0.0 0.2258293628692627 0
5000 True 0.0 0.21252679824829102 0
5100 True 0.0 0.21429824829101562 0
5200 True 0.0 0.22447967529296875 0
5300 True 0.0 0.21489286422729492 0
5400 True 0.0 0.21718740463256836 0
5500 True 0.0 0.21727800369262695 0
5600 False 0.0 0.0 0
5700 True 0.0 0.21712946891784668 0
5800 True 0.0 0.2613093852996826 0
5900 True 0.0 0.2203373908996582 0
6000 True 0.0 0.2232828140258789 0
6100 True 0.0 0.21464323997497559 0
6200 True 0.0 0.24038195610046387 0
6300 True 0.0 0.21758699417114258 0
6400 True 0.0 0.22183799743652344 0
6500 True 0.0 0.21730732917785645 0
6600 True 0.0 0.22203636169433594 0
6700 True 0.0 0.220872163772583 0
6800 True 0.0 0.22810578346252441 0
6900 True 0.0 0.21779251098632812 0
7000 True 0.0 0.21581387519836426 0
7100 True 0.0 0.21575617790222168 0
7200 True 0.0 0.21227192878723145 0
7300 True 0.0 0.21126747131347656 0
7400 True 0.0 0.21396613121032715 0
7500 True 0.0 0.21004295349121094 0
7600 True 0.0 0.21752190589904785 0
7700 True 0.0 0.21627068519592285 0
7800 False 0.0 0.0 0
7900 True 0.0 0.22054505348205566 0
8000 True 0.0 0.218400239944458 0
8100 True 0.0 0.21711039543151855 0
8200 True 0.0 0.2247309684753418 0
8300 True 0.0 0.21786808967590332 0
8400 True 0.0 0.22391152381896973 0
8500 True 0.0 0.21557188034057617 0
8600 True 0.0 0.217942476272583 0
8700 True 0.0 0.21735763549804688 0
8800 True 0.0 0.20728707313537598 0
8900 True 0.0 0.21079707145690918 0
9000 True 0.0 0.20994997024536133 0
9100 True 0.0 0.21761870384216309 0
9200 True 0.0 0.20731663703918457 0
9300 True 0.0 0.21923446655273438 0
9400 True 0.0 0.21408438682556152 0
9500 True 0.0 0.2119150161743164 0
9600 True 0.0 0.20423364639282227 0
9700 True 0.0 0.23370766639709473 0
9800 True 0.0 0.21307063102722168 0
9900 True 0.0 0.20818042755126953 0
